000 (271424.000.000) 2025-01-22 01:01:25 Job submitted from host: <192.168.0.102:9618?addrs=192.168.0.102-9618&alias=submitter&noUDP&sock=schedd_2032_5c88>
...
001 (271424.000.000) 2025-01-22 01:01:25 Job executing on host: <192.168.0.149:9618?addrs=192.168.0.149-9618&alias=node149.di.rm1&noUDP&sock=startd_1551_6f7a>
...
006 (271424.000.000) 2025-01-22 01:01:34 Image size of job updated: 453196
	441  -  MemoryUsage of job (MB)
	451040  -  ResidentSetSize of job (KB)
...
006 (271424.000.000) 2025-01-22 01:02:27 Image size of job updated: 2894404
	441  -  MemoryUsage of job (MB)
	451304  -  ResidentSetSize of job (KB)
...
004 (271424.000.000) 2025-01-22 01:02:27 Job was evicted.
	(0) CPU times
		Usr 0 00:01:00, Sys 0 00:00:01  -  Run Remote Usage
		Usr 0 00:00:00, Sys 0 00:00:00  -  Run Local Usage
	0  -  Run Bytes Sent By Job
	0  -  Run Bytes Received By Job
	Partitionable Resources :    Usage  Request Allocated 
	   Cpus                 :     1.00        1         1 
	   Disk (KB)            :    27          27    471944 
	   Memory (MB)          :   441           1       128 
...
009 (271424.000.000) 2025-01-22 01:02:27 Job was aborted.
	via condor_rm (by user calzona_2046920)
...
000 (277578.000.000) 2025-01-24 06:42:52 Job submitted from host: <192.168.0.102:9618?addrs=192.168.0.102-9618&alias=submitter&noUDP&sock=schedd_2032_5c88>
...
001 (277578.000.000) 2025-01-24 06:43:03 Job executing on host: <192.168.0.149:9618?addrs=192.168.0.149-9618&alias=node149.di.rm1&noUDP&sock=startd_1551_6f7a>
...
006 (277578.000.000) 2025-01-24 06:43:11 Image size of job updated: 400884
	392  -  MemoryUsage of job (MB)
	400884  -  ResidentSetSize of job (KB)
...
006 (277578.000.000) 2025-01-24 06:44:54 Image size of job updated: 5521120
	392  -  MemoryUsage of job (MB)
	401016  -  ResidentSetSize of job (KB)
...
004 (277578.000.000) 2025-01-24 06:44:54 Job was evicted.
	(0) CPU times
		Usr 0 00:01:48, Sys 0 00:00:01  -  Run Remote Usage
		Usr 0 00:00:00, Sys 0 00:00:00  -  Run Local Usage
	0  -  Run Bytes Sent By Job
	0  -  Run Bytes Received By Job
	Partitionable Resources :    Usage  Request Allocated 
	   Cpus                 :                 1         1 
	   Disk (KB)            :       27       27    471944 
	   Memory (MB)          :      392        1       128 
...
009 (277578.000.000) 2025-01-24 06:44:54 Job was aborted.
	via condor_rm (by user calzona_2046920)
...
