000 (263887.000.000) 2025-01-17 11:21:06 Job submitted from host: <192.168.0.102:9618?addrs=192.168.0.102-9618&alias=submitter&noUDP&sock=schedd_2032_5c88>
...
001 (263887.000.000) 2025-01-17 11:21:12 Job executing on host: <192.168.0.123:9618?addrs=192.168.0.123-9618&alias=node123.di.rm1&noUDP&sock=startd_2149_9d1d>
...
006 (263887.000.000) 2025-01-17 11:21:21 Image size of job updated: 1253424
	373  -  MemoryUsage of job (MB)
	381480  -  ResidentSetSize of job (KB)
...
006 (263887.000.000) 2025-01-17 11:26:22 Image size of job updated: 12698912
	11407  -  MemoryUsage of job (MB)
	11680648  -  ResidentSetSize of job (KB)
...
006 (263887.000.000) 2025-01-17 11:32:40 Image size of job updated: 17790232
	16268  -  MemoryUsage of job (MB)
	16657636  -  ResidentSetSize of job (KB)
...
006 (263887.000.000) 2025-01-17 11:33:21 Image size of job updated: 18000524
	16268  -  MemoryUsage of job (MB)
	16657636  -  ResidentSetSize of job (KB)
...
004 (263887.000.000) 2025-01-17 11:33:21 Job was evicted.
	(0) CPU times
		Usr 0 00:07:26, Sys 0 00:03:29  -  Run Remote Usage
		Usr 0 00:00:00, Sys 0 00:00:00  -  Run Local Usage
	0  -  Run Bytes Sent By Job
	0  -  Run Bytes Received By Job
	Partitionable Resources :    Usage  Request Allocated 
	   Cpus                 :     0.88        1         1 
	   Disk (KB)            :    27          27    499900 
	   Gpus (Average)       :                 0         0 
	   Memory (MB)          : 16268           1       128 
...
009 (263887.000.000) 2025-01-17 11:33:21 Job was aborted.
	via condor_rm (by user calzona_2046920)
...
