000 (273360.000.000) 2025-01-23 10:55:50 Job submitted from host: <192.168.0.102:9618?addrs=192.168.0.102-9618&alias=submitter&noUDP&sock=schedd_2032_5c88>
...
014 (273360.000.001) 2025-01-23 10:55:53 Node 1 executing on host: <192.168.0.142:9618?addrs=192.168.0.142-9618&alias=node142.di.rm1&noUDP&sock=startd_1996_ab1f>
...
014 (273360.000.000) 2025-01-23 10:55:53 Node 0 executing on host: <192.168.0.112:9618?addrs=192.168.0.112-9618&alias=node112.di.rm1&noUDP&sock=startd_2169_5502>
...
001 (273360.000.000) 2025-01-23 10:55:53 Job executing on host: MPI_job
...
008 (273360.000.000) 2025-01-23 10:55:55 Launching orted on Node 1 of 2
...
008 (273360.000.000) 2025-01-23 10:55:56 Launching orted on Node 0 of 2
...
008 (273360.000.000) 2025-01-23 10:56:06 orted exited on Node 1 of 2
...
008 (273360.000.000) 2025-01-23 10:56:06 orted exited on Node 0 of 2
...
015 (273360.000.001) 2025-01-23 10:56:06 Node 1 terminated.
	(1) Normal termination (return value 0)
		Usr 0 00:00:09, Sys 0 00:00:00  -  Run Remote Usage
		Usr 0 00:00:00, Sys 0 00:00:00  -  Run Local Usage
		Usr 0 00:00:09, Sys 0 00:00:00  -  Total Remote Usage
		Usr 0 00:00:00, Sys 0 00:00:00  -  Total Local Usage
	2165  -  Run Bytes Sent By Node
	33639  -  Run Bytes Received By Node
	2165  -  Total Bytes Sent By Node
	33639  -  Total Bytes Received By Node
...
015 (273360.000.000) 2025-01-23 10:56:06 Node 0 terminated.
	(1) Normal termination (return value 0)
		Usr 0 00:00:05, Sys 0 00:00:00  -  Run Remote Usage
		Usr 0 00:00:00, Sys 0 00:00:00  -  Run Local Usage
		Usr 0 00:00:05, Sys 0 00:00:00  -  Total Remote Usage
		Usr 0 00:00:00, Sys 0 00:00:00  -  Total Local Usage
	3301  -  Run Bytes Sent By Node
	33639  -  Run Bytes Received By Node
	3301  -  Total Bytes Sent By Node
	33639  -  Total Bytes Received By Node
...
005 (273360.000.000) 2025-01-23 10:56:06 Job terminated.
	(1) Normal termination (return value 0)
		Usr 0 00:00:14, Sys 0 00:00:00  -  Run Remote Usage
		Usr 0 00:00:00, Sys 0 00:00:00  -  Run Local Usage
		Usr 0 00:00:05, Sys 0 00:00:00  -  Total Remote Usage
		Usr 0 00:00:00, Sys 0 00:00:00  -  Total Local Usage
	5466  -  Run Bytes Sent By Job
	67278  -  Run Bytes Received By Job
	5466  -  Total Bytes Sent By Job
	67278  -  Total Bytes Received By Job
	Partitionable Resources :    Usage  Request Allocated 
	   Cpus                 :                 1         1 
	   Disk (KB)            :       50       35  21458321 
	   GPUs                 :                           1 
	   Memory (MB)          :      275        0     20480 

	Job terminated of its own accord at 2025-01-23T10:56:06Z with exit-code 0.
...
