000 (263466.000.000) 2025-01-17 11:20:54 Job submitted from host: <192.168.0.102:9618?addrs=192.168.0.102-9618&alias=submitter&noUDP&sock=schedd_2032_5c88>
...
001 (263466.000.000) 2025-01-17 11:20:55 Job executing on host: <192.168.0.151:9618?addrs=192.168.0.151-9618&alias=node151.di.rm1&noUDP&sock=startd_1528_a8cd>
...
006 (263466.000.000) 2025-01-17 11:21:04 Image size of job updated: 464260
	430  -  MemoryUsage of job (MB)
	440076  -  ResidentSetSize of job (KB)
...
006 (263466.000.000) 2025-01-17 11:26:05 Image size of job updated: 12534708
	12241  -  MemoryUsage of job (MB)
	12534708  -  ResidentSetSize of job (KB)
...
006 (263466.000.000) 2025-01-17 11:31:06 Image size of job updated: 25906052
	25133  -  MemoryUsage of job (MB)
	25736168  -  ResidentSetSize of job (KB)
...
006 (263466.000.000) 2025-01-17 11:33:17 Image size of job updated: 28329392
	25134  -  MemoryUsage of job (MB)
	25736300  -  ResidentSetSize of job (KB)
...
004 (263466.000.000) 2025-01-17 11:33:17 Job was evicted.
	(0) CPU times
		Usr 0 00:09:35, Sys 0 00:00:42  -  Run Remote Usage
		Usr 0 00:00:00, Sys 0 00:00:00  -  Run Local Usage
	0  -  Run Bytes Sent By Job
	0  -  Run Bytes Received By Job
	Partitionable Resources :    Usage  Request Allocated 
	   Cpus                 :     1.00        1         1 
	   Disk (KB)            :    27          27    474791 
	   Memory (MB)          : 25134           1       128 
...
009 (263466.000.000) 2025-01-17 11:33:17 Job was aborted.
	via condor_rm (by user calzona_2046920)
...
