000 (271436.000.000) 2025-01-22 01:02:27 Job submitted from host: <192.168.0.102:9618?addrs=192.168.0.102-9618&alias=submitter&noUDP&sock=schedd_2032_5c88>
...
001 (271436.000.000) 2025-01-22 01:02:30 Job executing on host: <192.168.0.120:9618?addrs=192.168.0.120-9618&alias=node120.di.rm1&noUDP&sock=startd_2096_4298>
...
006 (271436.000.000) 2025-01-22 01:02:39 Image size of job updated: 431508
	422  -  MemoryUsage of job (MB)
	431508  -  ResidentSetSize of job (KB)
...
006 (271436.000.000) 2025-01-22 01:03:30 Image size of job updated: 3853936
	423  -  MemoryUsage of job (MB)
	432432  -  ResidentSetSize of job (KB)
...
004 (271436.000.000) 2025-01-22 01:03:30 Job was evicted.
	(0) CPU times
		Usr 0 00:00:56, Sys 0 00:00:01  -  Run Remote Usage
		Usr 0 00:00:00, Sys 0 00:00:00  -  Run Local Usage
	0  -  Run Bytes Sent By Job
	0  -  Run Bytes Received By Job
	Partitionable Resources :    Usage  Request Allocated 
	   Cpus                 :     1.00        1         1 
	   Disk (KB)            :    27          27    459052 
	   Gpus (Average)       :                 0         0 
	   Memory (MB)          :   423           1       128 
...
009 (271436.000.000) 2025-01-22 01:03:30 Job was aborted.
	via condor_rm (by user calzona_2046920)
...
000 (277590.000.000) 2025-01-24 06:44:53 Job submitted from host: <192.168.0.102:9618?addrs=192.168.0.102-9618&alias=submitter&noUDP&sock=schedd_2032_5c88>
...
001 (277590.000.000) 2025-01-24 06:44:54 Job executing on host: <192.168.0.148:9618?addrs=192.168.0.148-9618&alias=node148.di.rm1&noUDP&sock=startd_1547_b119>
...
006 (277590.000.000) 2025-01-24 06:45:03 Image size of job updated: 1441256
	423  -  MemoryUsage of job (MB)
	432300  -  ResidentSetSize of job (KB)
...
006 (277590.000.000) 2025-01-24 06:46:56 Image size of job updated: 6688316
	423  -  MemoryUsage of job (MB)
	432432  -  ResidentSetSize of job (KB)
...
004 (277590.000.000) 2025-01-24 06:46:56 Job was evicted.
	(0) CPU times
		Usr 0 00:01:58, Sys 0 00:00:02  -  Run Remote Usage
		Usr 0 00:00:00, Sys 0 00:00:00  -  Run Local Usage
	0  -  Run Bytes Sent By Job
	0  -  Run Bytes Received By Job
	Partitionable Resources :    Usage  Request Allocated 
	   Cpus                 :     1.00        1         1 
	   Disk (KB)            :    27          27    467548 
	   Memory (MB)          :   423           1       128 
...
009 (277590.000.000) 2025-01-24 06:46:56 Job was aborted.
	via condor_rm (by user calzona_2046920)
...
