000 (267921.000.000) 2025-01-21 21:03:16 Job submitted from host: <192.168.0.102:9618?addrs=192.168.0.102-9618&alias=submitter&noUDP&sock=schedd_2032_5c88>
...
001 (267921.000.000) 2025-01-21 21:03:34 Job executing on host: <192.168.0.135:9618?addrs=192.168.0.135-9618&alias=node135.di.rm1&noUDP&sock=startd_2000_6980>
...
006 (267921.000.000) 2025-01-21 21:03:42 Image size of job updated: 427628
	414  -  MemoryUsage of job (MB)
	423928  -  ResidentSetSize of job (KB)
...
005 (267921.000.000) 2025-01-21 21:03:45 Job terminated.
	(1) Normal termination (return value 0)
		Usr 0 00:00:10, Sys 0 00:00:00  -  Run Remote Usage
		Usr 0 00:00:00, Sys 0 00:00:00  -  Run Local Usage
		Usr 0 00:00:10, Sys 0 00:00:00  -  Total Remote Usage
		Usr 0 00:00:00, Sys 0 00:00:00  -  Total Local Usage
	0  -  Run Bytes Sent By Job
	0  -  Run Bytes Received By Job
	0  -  Total Bytes Sent By Job
	0  -  Total Bytes Received By Job
	Partitionable Resources :    Usage  Request Allocated 
	   Cpus                 :                 1         1 
	   Disk (KB)            :       27       27    470875 
	   Memory (MB)          :      414        1       128 

	Job terminated of its own accord at 2025-01-21T21:03:45Z with exit-code 0.
...
000 (268183.000.000) 2025-01-21 21:39:02 Job submitted from host: <192.168.0.102:9618?addrs=192.168.0.102-9618&alias=submitter&noUDP&sock=schedd_2032_5c88>
...
001 (268183.000.000) 2025-01-21 21:39:13 Job executing on host: <192.168.0.135:9618?addrs=192.168.0.135-9618&alias=node135.di.rm1&noUDP&sock=startd_2000_6980>
...
006 (268183.000.000) 2025-01-21 21:39:22 Image size of job updated: 427628
	415  -  MemoryUsage of job (MB)
	423952  -  ResidentSetSize of job (KB)
...
005 (268183.000.000) 2025-01-21 21:39:25 Job terminated.
	(1) Normal termination (return value 0)
		Usr 0 00:00:10, Sys 0 00:00:00  -  Run Remote Usage
		Usr 0 00:00:00, Sys 0 00:00:00  -  Run Local Usage
		Usr 0 00:00:10, Sys 0 00:00:00  -  Total Remote Usage
		Usr 0 00:00:00, Sys 0 00:00:00  -  Total Local Usage
	0  -  Run Bytes Sent By Job
	0  -  Run Bytes Received By Job
	0  -  Total Bytes Sent By Job
	0  -  Total Bytes Received By Job
	Partitionable Resources :    Usage  Request Allocated 
	   Cpus                 :                 1         1 
	   Disk (KB)            :       27       27    470875 
	   Memory (MB)          :      415        1       128 

	Job terminated of its own accord at 2025-01-21T21:39:25Z with exit-code 0.
...
000 (268363.000.000) 2025-01-21 21:45:25 Job submitted from host: <192.168.0.102:9618?addrs=192.168.0.102-9618&alias=submitter&noUDP&sock=schedd_2032_5c88>
...
001 (268363.000.000) 2025-01-21 21:45:27 Job executing on host: <192.168.0.137:9618?addrs=192.168.0.137-9618&alias=node137.di.rm1&noUDP&sock=startd_1934_2440>
...
006 (268363.000.000) 2025-01-21 21:45:35 Image size of job updated: 423872
	414  -  MemoryUsage of job (MB)
	423872  -  ResidentSetSize of job (KB)
...
006 (268363.000.000) 2025-01-21 21:45:38 Image size of job updated: 427628
	414  -  MemoryUsage of job (MB)
	423872  -  ResidentSetSize of job (KB)
...
005 (268363.000.000) 2025-01-21 21:45:38 Job terminated.
	(1) Normal termination (return value 0)
		Usr 0 00:00:10, Sys 0 00:00:00  -  Run Remote Usage
		Usr 0 00:00:00, Sys 0 00:00:00  -  Run Local Usage
		Usr 0 00:00:10, Sys 0 00:00:00  -  Total Remote Usage
		Usr 0 00:00:00, Sys 0 00:00:00  -  Total Local Usage
	0  -  Run Bytes Sent By Job
	0  -  Run Bytes Received By Job
	0  -  Total Bytes Sent By Job
	0  -  Total Bytes Received By Job
	Partitionable Resources :    Usage  Request Allocated 
	   Cpus                 :                 1         1 
	   Disk (KB)            :       27       27    391050 
	   Memory (MB)          :      414        1       128 

	Job terminated of its own accord at 2025-01-21T21:45:38Z with exit-code 0.
...
