000 (269868.000.000) 2025-01-21 23:14:02 Job submitted from host: <192.168.0.102:9618?addrs=192.168.0.102-9618&alias=submitter&noUDP&sock=schedd_2032_5c88>
...
001 (269868.000.000) 2025-01-21 23:14:03 Job executing on host: <192.168.0.148:9618?addrs=192.168.0.148-9618&alias=node148.di.rm1&noUDP&sock=startd_1547_b119>
...
006 (269868.000.000) 2025-01-21 23:14:11 Image size of job updated: 1136508
	495  -  MemoryUsage of job (MB)
	506480  -  ResidentSetSize of job (KB)
...
006 (269868.000.000) 2025-01-21 23:15:04 Image size of job updated: 3483896
	495  -  MemoryUsage of job (MB)
	506744  -  ResidentSetSize of job (KB)
...
004 (269868.000.000) 2025-01-21 23:15:04 Job was evicted.
	(0) CPU times
		Usr 0 00:01:00, Sys 0 00:00:02  -  Run Remote Usage
		Usr 0 00:00:00, Sys 0 00:00:00  -  Run Local Usage
	0  -  Run Bytes Sent By Job
	0  -  Run Bytes Received By Job
	Partitionable Resources :    Usage  Request Allocated 
	   Cpus                 :                 1         1 
	   Disk (KB)            :       27       27    467548 
	   Memory (MB)          :      495        1       128 
...
009 (269868.000.000) 2025-01-21 23:15:04 Job was aborted.
	via condor_rm (by user calzona_2046920)
...
000 (276026.000.000) 2025-01-24 03:51:02 Job submitted from host: <192.168.0.102:9618?addrs=192.168.0.102-9618&alias=submitter&noUDP&sock=schedd_2032_5c88>
...
001 (276026.000.000) 2025-01-24 03:51:02 Job executing on host: <192.168.0.148:9618?addrs=192.168.0.148-9618&alias=node148.di.rm1&noUDP&sock=startd_1547_b119>
...
006 (276026.000.000) 2025-01-24 03:51:11 Image size of job updated: 1118112
	492  -  MemoryUsage of job (MB)
	502920  -  ResidentSetSize of job (KB)
...
006 (276026.000.000) 2025-01-24 03:53:04 Image size of job updated: 7150440
	492  -  MemoryUsage of job (MB)
	502920  -  ResidentSetSize of job (KB)
...
004 (276026.000.000) 2025-01-24 03:53:04 Job was evicted.
	(0) CPU times
		Usr 0 00:01:57, Sys 0 00:00:03  -  Run Remote Usage
		Usr 0 00:00:00, Sys 0 00:00:00  -  Run Local Usage
	0  -  Run Bytes Sent By Job
	0  -  Run Bytes Received By Job
	Partitionable Resources :    Usage  Request Allocated 
	   Cpus                 :     1.00        1         1 
	   Disk (KB)            :    27          27    467548 
	   Memory (MB)          :   492           1       128 
...
009 (276026.000.000) 2025-01-24 03:53:04 Job was aborted.
	via condor_rm (by user calzona_2046920)
...
