000 (269897.000.000) 2025-01-21 23:16:06 Job submitted from host: <192.168.0.102:9618?addrs=192.168.0.102-9618&alias=submitter&noUDP&sock=schedd_2032_5c88>
...
001 (269897.000.000) 2025-01-21 23:16:12 Job executing on host: <192.168.0.151:9618?addrs=192.168.0.151-9618&alias=node151.di.rm1&noUDP&sock=startd_1528_a8cd>
...
006 (269897.000.000) 2025-01-21 23:16:22 Image size of job updated: 1383036
	458  -  MemoryUsage of job (MB)
	468732  -  ResidentSetSize of job (KB)
...
006 (269897.000.000) 2025-01-21 23:17:09 Image size of job updated: 3558660
	460  -  MemoryUsage of job (MB)
	470712  -  ResidentSetSize of job (KB)
...
004 (269897.000.000) 2025-01-21 23:17:09 Job was evicted.
	(0) CPU times
		Usr 0 00:00:52, Sys 0 00:00:01  -  Run Remote Usage
		Usr 0 00:00:00, Sys 0 00:00:00  -  Run Local Usage
	0  -  Run Bytes Sent By Job
	0  -  Run Bytes Received By Job
	Partitionable Resources :    Usage  Request Allocated 
	   Cpus                 :                 1         1 
	   Disk (KB)            :       27       27    474791 
	   Memory (MB)          :      460        1       128 
...
009 (269897.000.000) 2025-01-21 23:17:09 Job was aborted.
	via condor_rm (by user calzona_2046920)
...
000 (276055.000.000) 2025-01-24 03:55:05 Job submitted from host: <192.168.0.102:9618?addrs=192.168.0.102-9618&alias=submitter&noUDP&sock=schedd_2032_5c88>
...
001 (276055.000.000) 2025-01-24 03:55:07 Job executing on host: <192.168.0.148:9618?addrs=192.168.0.148-9618&alias=node148.di.rm1&noUDP&sock=startd_1547_b119>
...
006 (276055.000.000) 2025-01-24 03:55:15 Image size of job updated: 431376
	422  -  MemoryUsage of job (MB)
	431376  -  ResidentSetSize of job (KB)
...
006 (276055.000.000) 2025-01-24 03:57:07 Image size of job updated: 6889020
	422  -  MemoryUsage of job (MB)
	431508  -  ResidentSetSize of job (KB)
...
004 (276055.000.000) 2025-01-24 03:57:07 Job was evicted.
	(0) CPU times
		Usr 0 00:01:56, Sys 0 00:00:02  -  Run Remote Usage
		Usr 0 00:00:00, Sys 0 00:00:00  -  Run Local Usage
	0  -  Run Bytes Sent By Job
	0  -  Run Bytes Received By Job
	Partitionable Resources :    Usage  Request Allocated 
	   Cpus                 :     1.00        1         1 
	   Disk (KB)            :    27          27    467548 
	   Memory (MB)          :   422           1       128 
...
009 (276055.000.000) 2025-01-24 03:57:07 Job was aborted.
	via condor_rm (by user calzona_2046920)
...
