000 (264444.000.000) 2025-01-17 11:21:24 Job submitted from host: <192.168.0.102:9618?addrs=192.168.0.102-9618&alias=submitter&noUDP&sock=schedd_2032_5c88>
...
001 (264444.000.000) 2025-01-17 11:21:34 Job executing on host: <192.168.0.135:9618?addrs=192.168.0.135-9618&alias=node135.di.rm1&noUDP&sock=startd_2000_6980>
...
006 (264444.000.000) 2025-01-17 11:21:42 Image size of job updated: 1392932
	334  -  MemoryUsage of job (MB)
	341484  -  ResidentSetSize of job (KB)
...
006 (264444.000.000) 2025-01-17 11:26:42 Image size of job updated: 10173200
	8814  -  MemoryUsage of job (MB)
	9025124  -  ResidentSetSize of job (KB)
...
006 (264444.000.000) 2025-01-17 11:32:38 Image size of job updated: 11831648
	10251  -  MemoryUsage of job (MB)
	10496660  -  ResidentSetSize of job (KB)
...
006 (264444.000.000) 2025-01-17 11:33:31 Image size of job updated: 11837872
	10251  -  MemoryUsage of job (MB)
	10496660  -  ResidentSetSize of job (KB)
...
004 (264444.000.000) 2025-01-17 11:33:31 Job was evicted.
	(0) CPU times
		Usr 0 00:04:42, Sys 0 00:02:49  -  Run Remote Usage
		Usr 0 00:00:00, Sys 0 00:00:00  -  Run Local Usage
	0  -  Run Bytes Sent By Job
	0  -  Run Bytes Received By Job
	Partitionable Resources :    Usage  Request Allocated 
	   Cpus                 :     0.97        1         1 
	   Disk (KB)            :    27          27    470875 
	   Memory (MB)          : 10251           1       128 
...
009 (264444.000.000) 2025-01-17 11:33:31 Job was aborted.
	via condor_rm (by user calzona_2046920)
...
