000 (264257.000.000) 2025-01-17 11:21:19 Job submitted from host: <192.168.0.102:9618?addrs=192.168.0.102-9618&alias=submitter&noUDP&sock=schedd_2032_5c88>
...
001 (264257.000.000) 2025-01-17 11:21:26 Job executing on host: <192.168.0.140:9618?addrs=192.168.0.140-9618&alias=node140.di.rm1&noUDP&sock=startd_1890_f615>
...
006 (264257.000.000) 2025-01-17 11:21:34 Image size of job updated: 1501836
	473  -  MemoryUsage of job (MB)
	483648  -  ResidentSetSize of job (KB)
...
006 (264257.000.000) 2025-01-17 11:26:44 Image size of job updated: 7299672
	6460  -  MemoryUsage of job (MB)
	6614664  -  ResidentSetSize of job (KB)
...
006 (264257.000.000) 2025-01-17 11:33:44 Image size of job updated: 8365968
	7579  -  MemoryUsage of job (MB)
	7760768  -  ResidentSetSize of job (KB)
...
006 (264257.000.000) 2025-01-17 11:33:48 Image size of job updated: 8365968
	7631  -  MemoryUsage of job (MB)
	7814088  -  ResidentSetSize of job (KB)
...
004 (264257.000.000) 2025-01-17 11:33:49 Job was evicted.
	(0) CPU times
		Usr 0 00:02:56, Sys 0 00:04:30  -  Run Remote Usage
		Usr 0 00:00:00, Sys 0 00:00:00  -  Run Local Usage
	0  -  Run Bytes Sent By Job
	0  -  Run Bytes Received By Job
	Partitionable Resources :    Usage  Request Allocated 
	   Cpus                 :     0.60        1         1 
	   Disk (KB)            :    27          27    468367 
	   Memory (MB)          :  7631           1       128 
...
009 (264257.000.000) 2025-01-17 11:33:49 Job was aborted.
	via condor_rm (by user calzona_2046920)
...
