000 (265176.000.000) 2025-01-17 11:21:46 Job submitted from host: <192.168.0.102:9618?addrs=192.168.0.102-9618&alias=submitter&noUDP&sock=schedd_2032_5c88>
...
001 (265176.000.000) 2025-01-17 11:21:53 Job executing on host: <192.168.0.134:9618?addrs=192.168.0.134-9618&alias=node134.di.rm1&noUDP&sock=startd_2073_7bea>
...
006 (265176.000.000) 2025-01-17 11:22:02 Image size of job updated: 126388
	23  -  MemoryUsage of job (MB)
	22968  -  ResidentSetSize of job (KB)
...
006 (265176.000.000) 2025-01-17 11:27:56 Image size of job updated: 126388
	23  -  MemoryUsage of job (MB)
	23100  -  ResidentSetSize of job (KB)
...
005 (265176.000.000) 2025-01-17 11:28:00 Job terminated.
	(1) Normal termination (return value 0)
		Usr 0 00:06:09, Sys 0 00:00:02  -  Run Remote Usage
		Usr 0 00:00:00, Sys 0 00:00:00  -  Run Local Usage
		Usr 0 00:06:09, Sys 0 00:00:02  -  Total Remote Usage
		Usr 0 00:00:00, Sys 0 00:00:00  -  Total Local Usage
	0  -  Run Bytes Sent By Job
	0  -  Run Bytes Received By Job
	0  -  Total Bytes Sent By Job
	0  -  Total Bytes Received By Job
	Partitionable Resources :    Usage  Request Allocated 
	   Cpus                 :     1.39        1         1 
	   Disk (KB)            :    27          27    474253 
	   Memory (MB)          :    23           1       128 

	Job terminated of its own accord at 2025-01-17T11:27:55Z with exit-code 0.
...
