000 (265046.000.000) 2025-01-17 11:21:43 Job submitted from host: <192.168.0.102:9618?addrs=192.168.0.102-9618&alias=submitter&noUDP&sock=schedd_2032_5c88>
...
001 (265046.000.000) 2025-01-17 11:21:47 Job executing on host: <192.168.0.124:9618?addrs=192.168.0.124-9618&alias=node124.di.rm1&noUDP&sock=startd_2143_7f8b>
...
006 (265046.000.000) 2025-01-17 11:21:55 Image size of job updated: 1368404
	311  -  MemoryUsage of job (MB)
	317724  -  ResidentSetSize of job (KB)
...
006 (265046.000.000) 2025-01-17 11:29:49 Image size of job updated: 9813852
	8307  -  MemoryUsage of job (MB)
	8505768  -  ResidentSetSize of job (KB)
...
006 (265046.000.000) 2025-01-17 11:34:01 Image size of job updated: 10378624
	8310  -  MemoryUsage of job (MB)
	8509200  -  ResidentSetSize of job (KB)
...
004 (265046.000.000) 2025-01-17 11:34:01 Job was evicted.
	(0) CPU times
		Usr 0 00:04:16, Sys 0 00:02:17  -  Run Remote Usage
		Usr 0 00:00:00, Sys 0 00:00:00  -  Run Local Usage
	0  -  Run Bytes Sent By Job
	0  -  Run Bytes Received By Job
	Partitionable Resources :    Usage  Request Allocated 
	   Cpus                 :     0.99        1         1 
	   Disk (KB)            :    27          27    499302 
	   Gpus (Average)       :                 0         0 
	   Memory (MB)          :  8310           1       128 
...
009 (265046.000.000) 2025-01-17 11:34:01 Job was aborted.
	via condor_rm (by user calzona_2046920)
...
