000 (262774.000.000) 2025-01-17 11:14:20 Job submitted from host: <192.168.0.102:9618?addrs=192.168.0.102-9618&alias=submitter&noUDP&sock=schedd_2032_5c88>
...
001 (262774.000.000) 2025-01-17 11:14:34 Job executing on host: <192.168.0.106:9618?addrs=192.168.0.106-9618&alias=node106.di.rm1&noUDP&sock=startd_1970_d5a9>
...
006 (262774.000.000) 2025-01-17 11:14:45 Image size of job updated: 24156
	24  -  MemoryUsage of job (MB)
	24156  -  ResidentSetSize of job (KB)
...
006 (262774.000.000) 2025-01-17 11:19:23 Image size of job updated: 27816
	24  -  MemoryUsage of job (MB)
	24156  -  ResidentSetSize of job (KB)
...
005 (262774.000.000) 2025-01-17 11:19:24 Job terminated.
	(1) Normal termination (return value 0)
		Usr 0 00:04:47, Sys 0 00:00:00  -  Run Remote Usage
		Usr 0 00:00:00, Sys 0 00:00:00  -  Run Local Usage
		Usr 0 00:04:47, Sys 0 00:00:00  -  Total Remote Usage
		Usr 0 00:00:00, Sys 0 00:00:00  -  Total Local Usage
	0  -  Run Bytes Sent By Job
	0  -  Run Bytes Received By Job
	0  -  Total Bytes Sent By Job
	0  -  Total Bytes Received By Job
	Partitionable Resources :    Usage  Request Allocated 
	   Cpus                 :     1.00        1         1 
	   Disk (KB)            :    27          27    468979 
	   Memory (MB)          :    24           1       128 

	Job terminated of its own accord at 2025-01-17T11:19:23Z with exit-code 0.
...
