000 (268740.000.000) 2025-01-21 22:02:46 Job submitted from host: <192.168.0.102:9618?addrs=192.168.0.102-9618&alias=submitter&noUDP&sock=schedd_2032_5c88>
...
001 (268740.000.000) 2025-01-21 22:02:47 Job executing on host: <192.168.0.130:9618?addrs=192.168.0.130-9618&alias=node130.di.rm1&noUDP&sock=startd_2751195_838e>
...
006 (268740.000.000) 2025-01-21 22:02:56 Image size of job updated: 1335268
	689  -  MemoryUsage of job (MB)
	705012  -  ResidentSetSize of job (KB)
...
006 (268740.000.000) 2025-01-21 22:03:42 Image size of job updated: 4905752
	690  -  MemoryUsage of job (MB)
	705936  -  ResidentSetSize of job (KB)
...
004 (268740.000.000) 2025-01-21 22:03:42 Job was evicted.
	(0) CPU times
		Usr 0 00:00:52, Sys 0 00:00:01  -  Run Remote Usage
		Usr 0 00:00:00, Sys 0 00:00:00  -  Run Local Usage
	0  -  Run Bytes Sent By Job
	0  -  Run Bytes Received By Job
	Partitionable Resources :    Usage  Request Allocated 
	   Cpus                 :                 1         1 
	   Disk (KB)            :       27       27    472313 
	   Memory (MB)          :      690        1       128 
...
009 (268740.000.000) 2025-01-21 22:03:43 Job was aborted.
	via condor_rm (by user calzona_2046920)
...
000 (268892.000.000) 2025-01-21 22:10:22 Job submitted from host: <192.168.0.102:9618?addrs=192.168.0.102-9618&alias=submitter&noUDP&sock=schedd_2032_5c88>
...
001 (268892.000.000) 2025-01-21 22:10:24 Job executing on host: <192.168.0.151:9618?addrs=192.168.0.151-9618&alias=node151.di.rm1&noUDP&sock=startd_1528_a8cd>
...
006 (268892.000.000) 2025-01-21 22:10:33 Image size of job updated: 1678520
	720  -  MemoryUsage of job (MB)
	736824  -  ResidentSetSize of job (KB)
...
006 (268892.000.000) 2025-01-21 22:11:01 Image size of job updated: 3152872
	721  -  MemoryUsage of job (MB)
	737748  -  ResidentSetSize of job (KB)
...
004 (268892.000.000) 2025-01-21 22:11:01 Job was evicted.
	(0) CPU times
		Usr 0 00:00:34, Sys 0 00:00:01  -  Run Remote Usage
		Usr 0 00:00:00, Sys 0 00:00:00  -  Run Local Usage
	0  -  Run Bytes Sent By Job
	0  -  Run Bytes Received By Job
	Partitionable Resources :    Usage  Request Allocated 
	   Cpus                 :                 1         1 
	   Disk (KB)            :       27       27    474791 
	   Memory (MB)          :      721        1       128 
...
009 (268892.000.000) 2025-01-21 22:11:01 Job was aborted.
	via condor_rm (by user calzona_2046920)
...
000 (275224.000.000) 2025-01-24 02:03:22 Job submitted from host: <192.168.0.102:9618?addrs=192.168.0.102-9618&alias=submitter&noUDP&sock=schedd_2032_5c88>
...
001 (275224.000.000) 2025-01-24 02:03:23 Job executing on host: <192.168.0.109:9618?addrs=192.168.0.109-9618&alias=node109.di.rm1&noUDP&sock=startd_1627_90ad>
...
006 (275224.000.000) 2025-01-24 02:03:31 Image size of job updated: 1416184
	728  -  MemoryUsage of job (MB)
	744896  -  ResidentSetSize of job (KB)
...
006 (275224.000.000) 2025-01-24 02:05:25 Image size of job updated: 11149336
	729  -  MemoryUsage of job (MB)
	746216  -  ResidentSetSize of job (KB)
...
004 (275224.000.000) 2025-01-24 02:05:25 Job was evicted.
	(0) CPU times
		Usr 0 00:01:58, Sys 0 00:00:04  -  Run Remote Usage
		Usr 0 00:00:00, Sys 0 00:00:00  -  Run Local Usage
	0  -  Run Bytes Sent By Job
	0  -  Run Bytes Received By Job
	Partitionable Resources :    Usage  Request Allocated 
	   Cpus                 :     1.00        1         1 
	   Disk (KB)            :    27          27    468160 
	   Memory (MB)          :   729           1       128 
...
009 (275224.000.000) 2025-01-24 02:05:25 Job was aborted.
	via condor_rm (by user calzona_2046920)
...
