000 (273121.000.000) 2025-01-23 10:41:02 Job submitted from host: <192.168.0.102:9618?addrs=192.168.0.102-9618&alias=submitter&noUDP&sock=schedd_2032_5c88>
...
014 (273121.000.000) 2025-01-23 10:41:11 Node 0 executing on host: <192.168.0.140:9618?addrs=192.168.0.140-9618&alias=node140.di.rm1&noUDP&sock=startd_1890_f615>
...
014 (273121.000.001) 2025-01-23 10:41:11 Node 1 executing on host: <192.168.0.116:9618?addrs=192.168.0.116-9618&alias=node116.di.rm1&noUDP&sock=startd_1847_7783>
...
001 (273121.000.000) 2025-01-23 10:41:11 Job executing on host: MPI_job
...
008 (273121.000.000) 2025-01-23 10:41:13 Launching orted on Node 0 of 2
...
008 (273121.000.000) 2025-01-23 10:41:13 Launching orted on Node 1 of 2
...
008 (273121.000.000) 2025-01-23 10:41:13 orted exited on Node 1 of 2
...
008 (273121.000.000) 2025-01-23 10:41:13 orted exited on Node 0 of 2
...
015 (273121.000.001) 2025-01-23 10:41:13 Node 1 terminated.
	(1) Normal termination (return value 0)
		Usr 0 00:00:00, Sys 0 00:00:00  -  Run Remote Usage
		Usr 0 00:00:00, Sys 0 00:00:00  -  Run Local Usage
		Usr 0 00:00:00, Sys 0 00:00:00  -  Total Remote Usage
		Usr 0 00:00:00, Sys 0 00:00:00  -  Total Local Usage
	2165  -  Run Bytes Sent By Node
	33639  -  Run Bytes Received By Node
	2165  -  Total Bytes Sent By Node
	33639  -  Total Bytes Received By Node
...
015 (273121.000.000) 2025-01-23 10:41:13 Node 0 terminated.
	(1) Normal termination (return value 0)
		Usr 0 00:00:00, Sys 0 00:00:01  -  Run Remote Usage
		Usr 0 00:00:00, Sys 0 00:00:00  -  Run Local Usage
		Usr 0 00:00:00, Sys 0 00:00:01  -  Total Remote Usage
		Usr 0 00:00:00, Sys 0 00:00:00  -  Total Local Usage
	3256  -  Run Bytes Sent By Node
	33639  -  Run Bytes Received By Node
	3256  -  Total Bytes Sent By Node
	33639  -  Total Bytes Received By Node
...
005 (273121.000.000) 2025-01-23 10:41:14 Job terminated.
	(1) Normal termination (return value 0)
		Usr 0 00:00:00, Sys 0 00:00:01  -  Run Remote Usage
		Usr 0 00:00:00, Sys 0 00:00:00  -  Run Local Usage
		Usr 0 00:00:00, Sys 0 00:00:01  -  Total Remote Usage
		Usr 0 00:00:00, Sys 0 00:00:00  -  Total Local Usage
	5421  -  Run Bytes Sent By Job
	67278  -  Run Bytes Received By Job
	5421  -  Total Bytes Sent By Job
	67278  -  Total Bytes Received By Job
	Partitionable Resources :    Usage  Request Allocated 
	   Cpus                 :                 1         2 
	   Disk (KB)            :       49       35 103040641 
	   Memory (MB)          :        1        0    100096 

	Job terminated of its own accord at 2025-01-23T10:41:13Z with exit-code 0.
...
000 (277900.000.000) 2025-01-24 07:29:28 Job submitted from host: <192.168.0.102:9618?addrs=192.168.0.102-9618&alias=submitter&noUDP&sock=schedd_2032_5c88>
...
014 (277900.000.000) 2025-01-24 07:29:35 Node 0 executing on host: <192.168.0.113:9618?addrs=192.168.0.113-9618&alias=node113.di.rm1&noUDP&sock=startd_3668932_c305>
...
014 (277900.000.001) 2025-01-24 07:29:35 Node 1 executing on host: <192.168.0.148:9618?addrs=192.168.0.148-9618&alias=node148.di.rm1&noUDP&sock=startd_1547_b119>
...
001 (277900.000.000) 2025-01-24 07:29:35 Job executing on host: MPI_job
...
008 (277900.000.000) 2025-01-24 07:29:37 Launching orted on Node 0 of 2
...
008 (277900.000.000) 2025-01-24 07:29:37 Launching orted on Node 1 of 2
...
008 (277900.000.000) 2025-01-24 07:29:38 orted exited on Node 1 of 2
...
008 (277900.000.000) 2025-01-24 07:29:38 orted exited on Node 0 of 2
...
015 (277900.000.000) 2025-01-24 07:29:38 Node 0 terminated.
	(1) Normal termination (return value 0)
		Usr 0 00:00:00, Sys 0 00:00:00  -  Run Remote Usage
		Usr 0 00:00:00, Sys 0 00:00:00  -  Run Local Usage
		Usr 0 00:00:00, Sys 0 00:00:00  -  Total Remote Usage
		Usr 0 00:00:00, Sys 0 00:00:00  -  Total Local Usage
	3664  -  Run Bytes Sent By Node
	33639  -  Run Bytes Received By Node
	3664  -  Total Bytes Sent By Node
	33639  -  Total Bytes Received By Node
...
005 (277900.000.000) 2025-01-24 07:29:38 Job terminated.
	(1) Normal termination (return value 0)
		Usr 0 00:00:00, Sys 0 00:00:00  -  Run Remote Usage
		Usr 0 00:00:00, Sys 0 00:00:00  -  Run Local Usage
		Usr 0 00:00:00, Sys 0 00:00:00  -  Total Remote Usage
		Usr 0 00:00:00, Sys 0 00:00:00  -  Total Local Usage
	5829  -  Run Bytes Sent By Job
	67278  -  Run Bytes Received By Job
	5829  -  Total Bytes Sent By Job
	67278  -  Total Bytes Received By Job
	Partitionable Resources :    Usage  Request Allocated 
	   Cpus                 :                 1         1 
	   Disk (KB)            :       51       35  21608416 
	   GPUs                 :                           1 
	   Memory (MB)          :        1        0     65536 

	Job terminated of its own accord at 2025-01-24T07:29:38Z with exit-code 0.
...
000 (286008.000.000) 2025-01-28 14:43:32 Job submitted from host: <192.168.0.102:9618?addrs=192.168.0.102-9618&alias=submitter&noUDP&sock=schedd_2032_5c88>
...
014 (286008.000.000) 2025-01-28 14:43:38 Node 0 executing on host: <192.168.0.111:9618?addrs=192.168.0.111-9618&alias=node111.di.rm1&noUDP&sock=startd_2044_97ab>
...
014 (286008.000.001) 2025-01-28 14:43:38 Node 1 executing on host: <192.168.0.111:9618?addrs=192.168.0.111-9618&alias=node111.di.rm1&noUDP&sock=startd_2044_97ab>
...
001 (286008.000.000) 2025-01-28 14:43:38 Job executing on host: MPI_job
...
008 (286008.000.000) 2025-01-28 14:43:41 Launching orted on Node 1 of 2
...
008 (286008.000.000) 2025-01-28 14:43:41 Launching orted on Node 0 of 2
...
008 (286008.000.000) 2025-01-28 14:43:41 orted exited on Node 0 of 2
...
008 (286008.000.000) 2025-01-28 14:43:41 orted exited on Node 1 of 2
...
015 (286008.000.001) 2025-01-28 14:43:42 Node 1 terminated.
	(1) Normal termination (return value 0)
		Usr 0 00:00:00, Sys 0 00:00:00  -  Run Remote Usage
		Usr 0 00:00:00, Sys 0 00:00:00  -  Run Local Usage
		Usr 0 00:00:00, Sys 0 00:00:00  -  Total Remote Usage
		Usr 0 00:00:00, Sys 0 00:00:00  -  Total Local Usage
	22  -  Run Bytes Sent By Node
	33591  -  Run Bytes Received By Node
	22  -  Total Bytes Sent By Node
	33591  -  Total Bytes Received By Node
...
015 (286008.000.000) 2025-01-28 14:43:42 Node 0 terminated.
	(1) Normal termination (return value 0)
		Usr 0 00:00:00, Sys 0 00:00:00  -  Run Remote Usage
		Usr 0 00:00:00, Sys 0 00:00:00  -  Run Local Usage
		Usr 0 00:00:00, Sys 0 00:00:00  -  Total Remote Usage
		Usr 0 00:00:00, Sys 0 00:00:00  -  Total Local Usage
	3664  -  Run Bytes Sent By Node
	33591  -  Run Bytes Received By Node
	3664  -  Total Bytes Sent By Node
	33591  -  Total Bytes Received By Node
...
005 (286008.000.000) 2025-01-28 14:43:42 Job terminated.
	(1) Normal termination (return value 0)
		Usr 0 00:00:00, Sys 0 00:00:00  -  Run Remote Usage
		Usr 0 00:00:00, Sys 0 00:00:00  -  Run Local Usage
		Usr 0 00:00:00, Sys 0 00:00:00  -  Total Remote Usage
		Usr 0 00:00:00, Sys 0 00:00:00  -  Total Local Usage
	3686  -  Run Bytes Sent By Job
	67182  -  Run Bytes Received By Job
	3686  -  Total Bytes Sent By Job
	67182  -  Total Bytes Received By Job
	Partitionable Resources :    Usage  Request Allocated 
	   Cpus                 :                 1         1 
	   Disk (KB)            :       51       35  21530639 
	   GPUs                 :                           1 
	   Memory (MB)          :        0        0     20480 

	Job terminated of its own accord at 2025-01-28T14:43:41Z with exit-code 0.
...
