000 (273299.000.000) 2025-01-23 10:52:20 Job submitted from host: <192.168.0.102:9618?addrs=192.168.0.102-9618&alias=submitter&noUDP&sock=schedd_2032_5c88>
...
014 (273299.000.000) 2025-01-23 10:52:29 Node 0 executing on host: <192.168.0.149:9618?addrs=192.168.0.149-9618&alias=node149.di.rm1&noUDP&sock=startd_1551_6f7a>
...
014 (273299.000.001) 2025-01-23 10:52:29 Node 1 executing on host: <192.168.0.141:9618?addrs=192.168.0.141-9618&alias=node141.di.rm1&noUDP&sock=startd_2077_3a4b>
...
001 (273299.000.000) 2025-01-23 10:52:29 Job executing on host: MPI_job
...
008 (273299.000.000) 2025-01-23 10:52:31 Launching orted on Node 0 of 2
...
008 (273299.000.000) 2025-01-23 10:52:32 Launching orted on Node 1 of 2
...
008 (273299.000.000) 2025-01-23 10:52:32 orted exited on Node 0 of 2
...
008 (273299.000.000) 2025-01-23 10:52:32 orted exited on Node 1 of 2
...
015 (273299.000.000) 2025-01-23 10:52:33 Node 0 terminated.
	(1) Normal termination (return value 0)
		Usr 0 00:00:01, Sys 0 00:00:00  -  Run Remote Usage
		Usr 0 00:00:00, Sys 0 00:00:00  -  Run Local Usage
		Usr 0 00:00:01, Sys 0 00:00:00  -  Total Remote Usage
		Usr 0 00:00:00, Sys 0 00:00:00  -  Total Local Usage
	3256  -  Run Bytes Sent By Node
	33639  -  Run Bytes Received By Node
	3256  -  Total Bytes Sent By Node
	33639  -  Total Bytes Received By Node
...
005 (273299.000.000) 2025-01-23 10:52:33 Job terminated.
	(1) Normal termination (return value 0)
		Usr 0 00:00:01, Sys 0 00:00:00  -  Run Remote Usage
		Usr 0 00:00:00, Sys 0 00:00:00  -  Run Local Usage
		Usr 0 00:00:01, Sys 0 00:00:00  -  Total Remote Usage
		Usr 0 00:00:00, Sys 0 00:00:00  -  Total Local Usage
	3256  -  Run Bytes Sent By Job
	67278  -  Run Bytes Received By Job
	3256  -  Total Bytes Sent By Job
	67278  -  Total Bytes Received By Job
	Partitionable Resources :    Usage  Request Allocated 
	   Cpus                 :                 1         2 
	   Disk (KB)            :       49       35 102883670 
	   Memory (MB)          :        1        1    100096 

	Job terminated of its own accord at 2025-01-23T10:52:32Z with exit-code 0.
...
000 (278075.000.000) 2025-01-24 07:42:07 Job submitted from host: <192.168.0.102:9618?addrs=192.168.0.102-9618&alias=submitter&noUDP&sock=schedd_2032_5c88>
...
014 (278075.000.001) 2025-01-24 07:42:14 Node 1 executing on host: <192.168.0.149:9618?addrs=192.168.0.149-9618&alias=node149.di.rm1&noUDP&sock=startd_1551_6f7a>
...
014 (278075.000.000) 2025-01-24 07:42:14 Node 0 executing on host: <192.168.0.124:9618?addrs=192.168.0.124-9618&alias=node124.di.rm1&noUDP&sock=startd_2143_7f8b>
...
001 (278075.000.000) 2025-01-24 07:42:14 Job executing on host: MPI_job
...
008 (278075.000.000) 2025-01-24 07:42:16 Launching orted on Node 1 of 2
...
008 (278075.000.000) 2025-01-24 07:42:17 Launching orted on Node 0 of 2
...
008 (278075.000.000) 2025-01-24 07:42:17 orted exited on Node 1 of 2
...
008 (278075.000.000) 2025-01-24 07:42:17 orted exited on Node 0 of 2
...
015 (278075.000.001) 2025-01-24 07:42:17 Node 1 terminated.
	(1) Normal termination (return value 0)
		Usr 0 00:00:01, Sys 0 00:00:00  -  Run Remote Usage
		Usr 0 00:00:00, Sys 0 00:00:00  -  Run Local Usage
		Usr 0 00:00:01, Sys 0 00:00:00  -  Total Remote Usage
		Usr 0 00:00:00, Sys 0 00:00:00  -  Total Local Usage
	2165  -  Run Bytes Sent By Node
	33639  -  Run Bytes Received By Node
	2165  -  Total Bytes Sent By Node
	33639  -  Total Bytes Received By Node
...
015 (278075.000.000) 2025-01-24 07:42:17 Node 0 terminated.
	(1) Normal termination (return value 0)
		Usr 0 00:00:00, Sys 0 00:00:00  -  Run Remote Usage
		Usr 0 00:00:00, Sys 0 00:00:00  -  Run Local Usage
		Usr 0 00:00:00, Sys 0 00:00:00  -  Total Remote Usage
		Usr 0 00:00:00, Sys 0 00:00:00  -  Total Local Usage
	3300  -  Run Bytes Sent By Node
	33639  -  Run Bytes Received By Node
	3300  -  Total Bytes Sent By Node
	33639  -  Total Bytes Received By Node
...
005 (278075.000.000) 2025-01-24 07:42:17 Job terminated.
	(1) Normal termination (return value 0)
		Usr 0 00:00:01, Sys 0 00:00:00  -  Run Remote Usage
		Usr 0 00:00:00, Sys 0 00:00:00  -  Run Local Usage
		Usr 0 00:00:00, Sys 0 00:00:00  -  Total Remote Usage
		Usr 0 00:00:00, Sys 0 00:00:00  -  Total Local Usage
	5465  -  Run Bytes Sent By Job
	67278  -  Run Bytes Received By Job
	5465  -  Total Bytes Sent By Job
	67278  -  Total Bytes Received By Job
	Partitionable Resources :    Usage  Request Allocated 
	   Cpus                 :                 1         2 
	   Disk (KB)            :       50       35 102856100 
	   GPUs                 :                           0 
	   Memory (MB)          :        0        1    100096 

	Job terminated of its own accord at 2025-01-24T07:42:17Z with exit-code 0.
...
000 (286204.000.000) 2025-01-28 14:56:30 Job submitted from host: <192.168.0.102:9618?addrs=192.168.0.102-9618&alias=submitter&noUDP&sock=schedd_2032_5c88>
...
014 (286204.000.001) 2025-01-28 14:56:37 Node 1 executing on host: <192.168.0.133:9618?addrs=192.168.0.133-9618&alias=node133.di.rm1&noUDP&sock=startd_1941_f16a>
...
014 (286204.000.000) 2025-01-28 14:56:37 Node 0 executing on host: <192.168.0.141:9618?addrs=192.168.0.141-9618&alias=node141.di.rm1&noUDP&sock=startd_2077_3a4b>
...
001 (286204.000.000) 2025-01-28 14:56:37 Job executing on host: MPI_job
...
008 (286204.000.000) 2025-01-28 14:56:39 Launching orted on Node 1 of 2
...
008 (286204.000.000) 2025-01-28 14:56:39 Launching orted on Node 0 of 2
...
008 (286204.000.000) 2025-01-28 14:56:40 orted exited on Node 0 of 2
...
008 (286204.000.000) 2025-01-28 14:56:40 orted exited on Node 1 of 2
...
015 (286204.000.001) 2025-01-28 14:56:40 Node 1 terminated.
	(1) Normal termination (return value 0)
		Usr 0 00:00:00, Sys 0 00:00:00  -  Run Remote Usage
		Usr 0 00:00:00, Sys 0 00:00:00  -  Run Local Usage
		Usr 0 00:00:00, Sys 0 00:00:00  -  Total Remote Usage
		Usr 0 00:00:00, Sys 0 00:00:00  -  Total Local Usage
	2165  -  Run Bytes Sent By Node
	33591  -  Run Bytes Received By Node
	2165  -  Total Bytes Sent By Node
	33591  -  Total Bytes Received By Node
...
015 (286204.000.000) 2025-01-28 14:56:40 Node 0 terminated.
	(1) Normal termination (return value 0)
		Usr 0 00:00:00, Sys 0 00:00:00  -  Run Remote Usage
		Usr 0 00:00:00, Sys 0 00:00:00  -  Run Local Usage
		Usr 0 00:00:00, Sys 0 00:00:00  -  Total Remote Usage
		Usr 0 00:00:00, Sys 0 00:00:00  -  Total Local Usage
	3256  -  Run Bytes Sent By Node
	33591  -  Run Bytes Received By Node
	3256  -  Total Bytes Sent By Node
	33591  -  Total Bytes Received By Node
...
005 (286204.000.000) 2025-01-28 14:56:40 Job terminated.
	(1) Normal termination (return value 0)
		Usr 0 00:00:00, Sys 0 00:00:00  -  Run Remote Usage
		Usr 0 00:00:00, Sys 0 00:00:00  -  Run Local Usage
		Usr 0 00:00:00, Sys 0 00:00:00  -  Total Remote Usage
		Usr 0 00:00:00, Sys 0 00:00:00  -  Total Local Usage
	5421  -  Run Bytes Sent By Job
	67182  -  Run Bytes Received By Job
	5421  -  Total Bytes Sent By Job
	67182  -  Total Bytes Received By Job
	Partitionable Resources :    Usage  Request Allocated 
	   Cpus                 :                 1         2 
	   Disk (KB)            :       50       35 103002119 
	   Memory (MB)          :        0        0    100096 

	Job terminated of its own accord at 2025-01-28T14:56:40Z with exit-code 0.
...
