000 (295782.000.000) 2025-01-31 03:01:35 Job submitted from host: <192.168.0.102:9618?addrs=192.168.0.102-9618&alias=submitter&noUDP&sock=schedd_4045053_7bc0>
...
014 (295782.000.001) 2025-01-31 03:01:42 Node 1 executing on host: <192.168.0.135:9618?addrs=192.168.0.135-9618&alias=node135.di.rm1&noUDP&sock=startd_2000_6980>
...
014 (295782.000.005) 2025-01-31 03:01:42 Node 5 executing on host: <192.168.0.149:9618?addrs=192.168.0.149-9618&alias=node149.di.rm1&noUDP&sock=startd_1551_6f7a>
...
014 (295782.000.002) 2025-01-31 03:01:42 Node 2 executing on host: <192.168.0.115:9618?addrs=192.168.0.115-9618&alias=node115.di.rm1&noUDP&sock=startd_1101621_f4a0>
...
014 (295782.000.000) 2025-01-31 03:01:42 Node 0 executing on host: <192.168.0.149:9618?addrs=192.168.0.149-9618&alias=node149.di.rm1&noUDP&sock=startd_1551_6f7a>
...
014 (295782.000.004) 2025-01-31 03:01:42 Node 4 executing on host: <192.168.0.120:9618?addrs=192.168.0.120-9618&alias=node120.di.rm1&noUDP&sock=startd_2096_4298>
...
014 (295782.000.003) 2025-01-31 03:01:42 Node 3 executing on host: <192.168.0.110:9618?addrs=192.168.0.110-9618&alias=node110.di.rm1&noUDP&sock=startd_2154_0b16>
...
014 (295782.000.006) 2025-01-31 03:01:42 Node 6 executing on host: <192.168.0.120:9618?addrs=192.168.0.120-9618&alias=node120.di.rm1&noUDP&sock=startd_2096_4298>
...
014 (295782.000.007) 2025-01-31 03:01:42 Node 7 executing on host: <192.168.0.145:9618?addrs=192.168.0.145-9618&alias=node145.di.rm1&noUDP&sock=startd_1869_8e98>
...
001 (295782.000.000) 2025-01-31 03:01:42 Job executing on host: MPI_job
...
008 (295782.000.000) 2025-01-31 03:01:44 Launching orted on Node 0 of 8
...
008 (295782.000.000) 2025-01-31 03:01:44 Launching orted on Node 5 of 8
...
008 (295782.000.000) 2025-01-31 03:01:44 Launching orted on Node 1 of 8
...
008 (295782.000.000) 2025-01-31 03:01:44 Launching orted on Node 2 of 8
...
008 (295782.000.000) 2025-01-31 03:01:44 Launching orted on Node 4 of 8
...
008 (295782.000.000) 2025-01-31 03:01:44 Launching orted on Node 6 of 8
...
008 (295782.000.000) 2025-01-31 03:01:44 Launching orted on Node 3 of 8
...
008 (295782.000.000) 2025-01-31 03:01:44 Launching orted on Node 7 of 8
...
008 (295782.000.000) 2025-01-31 03:01:45 orted exited on Node 1 of 8
...
008 (295782.000.000) 2025-01-31 03:01:45 orted exited on Node 3 of 8
...
008 (295782.000.000) 2025-01-31 03:01:45 orted exited on Node 2 of 8
...
008 (295782.000.000) 2025-01-31 03:01:45 orted exited on Node 7 of 8
...
008 (295782.000.000) 2025-01-31 03:01:45 orted exited on Node 5 of 8
...
008 (295782.000.000) 2025-01-31 03:01:45 orted exited on Node 0 of 8
...
008 (295782.000.000) 2025-01-31 03:01:45 orted exited on Node 6 of 8
...
008 (295782.000.000) 2025-01-31 03:01:45 orted exited on Node 4 of 8
...
015 (295782.000.005) 2025-01-31 03:01:45 Node 5 terminated.
	(1) Normal termination (return value 0)
		Usr 0 00:00:00, Sys 0 00:00:01  -  Run Remote Usage
		Usr 0 00:00:00, Sys 0 00:00:00  -  Run Local Usage
		Usr 0 00:00:00, Sys 0 00:00:01  -  Total Remote Usage
		Usr 0 00:00:00, Sys 0 00:00:00  -  Total Local Usage
	0  -  Run Bytes Sent By Node
	33831  -  Run Bytes Received By Node
	0  -  Total Bytes Sent By Node
	33831  -  Total Bytes Received By Node
...
015 (295782.000.000) 2025-01-31 03:01:46 Node 0 terminated.
	(1) Normal termination (return value 0)
		Usr 0 00:00:01, Sys 0 00:00:00  -  Run Remote Usage
		Usr 0 00:00:00, Sys 0 00:00:00  -  Run Local Usage
		Usr 0 00:00:01, Sys 0 00:00:00  -  Total Remote Usage
		Usr 0 00:00:00, Sys 0 00:00:00  -  Total Local Usage
	3890  -  Run Bytes Sent By Node
	33831  -  Run Bytes Received By Node
	3890  -  Total Bytes Sent By Node
	33831  -  Total Bytes Received By Node
...
005 (295782.000.000) 2025-01-31 03:01:46 Job terminated.
	(1) Normal termination (return value 0)
		Usr 0 00:00:01, Sys 0 00:00:02  -  Run Remote Usage
		Usr 0 00:00:00, Sys 0 00:00:00  -  Run Local Usage
		Usr 0 00:00:01, Sys 0 00:00:00  -  Total Remote Usage
		Usr 0 00:00:00, Sys 0 00:00:00  -  Total Local Usage
	10911  -  Run Bytes Sent By Job
	270648  -  Run Bytes Received By Job
	10911  -  Total Bytes Sent By Job
	270648  -  Total Bytes Received By Job
	Partitionable Resources :    Usage  Request Allocated 
	   Cpus                 :                 1         1 
	   Disk (KB)            :       52       35    471944 
	   Memory (MB)          :        1        0     40960 

	Job terminated of its own accord at 2025-01-31T03:01:45Z with exit-code 0.
...
