000 (271090.000.000) 2025-01-22 00:41:46 Job submitted from host: <192.168.0.102:9618?addrs=192.168.0.102-9618&alias=submitter&noUDP&sock=schedd_2032_5c88>
...
001 (271090.000.000) 2025-01-22 00:41:50 Job executing on host: <192.168.0.151:9618?addrs=192.168.0.151-9618&alias=node151.di.rm1&noUDP&sock=startd_1528_a8cd>
...
006 (271090.000.000) 2025-01-22 00:42:00 Image size of job updated: 1498404
	460  -  MemoryUsage of job (MB)
	470580  -  ResidentSetSize of job (KB)
...
006 (271090.000.000) 2025-01-22 00:42:48 Image size of job updated: 3804708
	461  -  MemoryUsage of job (MB)
	472032  -  ResidentSetSize of job (KB)
...
004 (271090.000.000) 2025-01-22 00:42:48 Job was evicted.
	(0) CPU times
		Usr 0 00:00:53, Sys 0 00:00:01  -  Run Remote Usage
		Usr 0 00:00:00, Sys 0 00:00:00  -  Run Local Usage
	0  -  Run Bytes Sent By Job
	0  -  Run Bytes Received By Job
	Partitionable Resources :    Usage  Request Allocated 
	   Cpus                 :                 1         1 
	   Disk (KB)            :       27       27    474791 
	   Memory (MB)          :      461        1       128 
...
009 (271090.000.000) 2025-01-22 00:42:49 Job was aborted.
	via condor_rm (by user calzona_2046920)
...
000 (277244.000.000) 2025-01-24 06:12:33 Job submitted from host: <192.168.0.102:9618?addrs=192.168.0.102-9618&alias=submitter&noUDP&sock=schedd_2032_5c88>
...
001 (277244.000.000) 2025-01-24 06:12:35 Job executing on host: <192.168.0.151:9618?addrs=192.168.0.151-9618&alias=node151.di.rm1&noUDP&sock=startd_1528_a8cd>
...
006 (277244.000.000) 2025-01-24 06:12:44 Image size of job updated: 1421580
	509  -  MemoryUsage of job (MB)
	520476  -  ResidentSetSize of job (KB)
...
006 (277244.000.000) 2025-01-24 06:14:35 Image size of job updated: 6853908
	509  -  MemoryUsage of job (MB)
	520608  -  ResidentSetSize of job (KB)
...
004 (277244.000.000) 2025-01-24 06:14:35 Job was evicted.
	(0) CPU times
		Usr 0 00:01:57, Sys 0 00:00:02  -  Run Remote Usage
		Usr 0 00:00:00, Sys 0 00:00:00  -  Run Local Usage
	0  -  Run Bytes Sent By Job
	0  -  Run Bytes Received By Job
	Partitionable Resources :    Usage  Request Allocated 
	   Cpus                 :                 1         1 
	   Disk (KB)            :       27       27    474791 
	   Memory (MB)          :      509        1       128 
...
009 (277244.000.000) 2025-01-24 06:14:35 Job was aborted.
	via condor_rm (by user calzona_2046920)
...
