000 (282058.000.000) 2025-01-26 15:54:16 Job submitted from host: <192.168.0.102:9618?addrs=192.168.0.102-9618&alias=submitter&noUDP&sock=schedd_2032_5c88>
...
014 (282058.000.000) 2025-01-26 15:54:26 Node 0 executing on host: <192.168.0.115:9618?addrs=192.168.0.115-9618&alias=node115.di.rm1&noUDP&sock=startd_1101621_f4a0>
...
014 (282058.000.001) 2025-01-26 15:54:26 Node 1 executing on host: <192.168.0.145:9618?addrs=192.168.0.145-9618&alias=node145.di.rm1&noUDP&sock=startd_1869_8e98>
...
001 (282058.000.000) 2025-01-26 15:54:26 Job executing on host: MPI_job
...
008 (282058.000.000) 2025-01-26 15:54:28 Launching orted on Node 0 of 2
...
008 (282058.000.000) 2025-01-26 15:54:29 Launching orted on Node 1 of 2
...
008 (282058.000.000) 2025-01-26 15:54:34 orted exited on Node 0 of 2
...
008 (282058.000.000) 2025-01-26 15:54:34 orted exited on Node 1 of 2
...
015 (282058.000.000) 2025-01-26 15:54:34 Node 0 terminated.
	(1) Normal termination (return value 0)
		Usr 0 00:00:05, Sys 0 00:00:00  -  Run Remote Usage
		Usr 0 00:00:00, Sys 0 00:00:00  -  Run Local Usage
		Usr 0 00:00:05, Sys 0 00:00:00  -  Total Remote Usage
		Usr 0 00:00:00, Sys 0 00:00:00  -  Total Local Usage
	3260  -  Run Bytes Sent By Node
	33711  -  Run Bytes Received By Node
	3260  -  Total Bytes Sent By Node
	33711  -  Total Bytes Received By Node
...
005 (282058.000.000) 2025-01-26 15:54:34 Job terminated.
	(1) Normal termination (return value 0)
		Usr 0 00:00:09, Sys 0 00:00:00  -  Run Remote Usage
		Usr 0 00:00:00, Sys 0 00:00:00  -  Run Local Usage
		Usr 0 00:00:05, Sys 0 00:00:00  -  Total Remote Usage
		Usr 0 00:00:00, Sys 0 00:00:00  -  Total Local Usage
	3260  -  Run Bytes Sent By Job
	67422  -  Run Bytes Received By Job
	3260  -  Total Bytes Sent By Job
	67422  -  Total Bytes Received By Job
	Partitionable Resources :    Usage  Request Allocated 
	   Cpus                 :                 1         1 
	   Disk (KB)            :       49       35    472524 
	   Memory (MB)          :        0        0     53248 

	Job terminated of its own accord at 2025-01-26T15:54:34Z with exit-code 0.
...
000 (288895.000.000) 2025-01-28 21:28:37 Job submitted from host: <192.168.0.102:9618?addrs=192.168.0.102-9618&alias=submitter&noUDP&sock=schedd_2032_5c88>
...
014 (288895.000.001) 2025-01-28 21:28:44 Node 1 executing on host: <192.168.0.132:9618?addrs=192.168.0.132-9618&alias=node132.di.rm1&noUDP&sock=startd_1999_b9e8>
...
014 (288895.000.000) 2025-01-28 21:28:44 Node 0 executing on host: <192.168.0.147:9618?addrs=192.168.0.147-9618&alias=node147.di.rm1&noUDP&sock=startd_1513_5ee1>
...
001 (288895.000.000) 2025-01-28 21:28:44 Job executing on host: MPI_job
...
008 (288895.000.000) 2025-01-28 21:28:46 Launching orted on Node 1 of 2
...
008 (288895.000.000) 2025-01-28 21:28:46 Launching orted on Node 0 of 2
...
008 (288895.000.000) 2025-01-28 21:28:51 orted exited on Node 0 of 2
...
008 (288895.000.000) 2025-01-28 21:28:51 orted exited on Node 1 of 2
...
015 (288895.000.001) 2025-01-28 21:28:51 Node 1 terminated.
	(1) Normal termination (return value 0)
		Usr 0 00:00:04, Sys 0 00:00:00  -  Run Remote Usage
		Usr 0 00:00:00, Sys 0 00:00:00  -  Run Local Usage
		Usr 0 00:00:04, Sys 0 00:00:00  -  Total Remote Usage
		Usr 0 00:00:00, Sys 0 00:00:00  -  Total Local Usage
	2165  -  Run Bytes Sent By Node
	33711  -  Run Bytes Received By Node
	2165  -  Total Bytes Sent By Node
	33711  -  Total Bytes Received By Node
...
015 (288895.000.000) 2025-01-28 21:28:51 Node 0 terminated.
	(1) Normal termination (return value 0)
		Usr 0 00:00:04, Sys 0 00:00:00  -  Run Remote Usage
		Usr 0 00:00:00, Sys 0 00:00:00  -  Run Local Usage
		Usr 0 00:00:04, Sys 0 00:00:00  -  Total Remote Usage
		Usr 0 00:00:00, Sys 0 00:00:00  -  Total Local Usage
	3256  -  Run Bytes Sent By Node
	33711  -  Run Bytes Received By Node
	3256  -  Total Bytes Sent By Node
	33711  -  Total Bytes Received By Node
...
005 (288895.000.000) 2025-01-28 21:28:51 Job terminated.
	(1) Normal termination (return value 0)
		Usr 0 00:00:08, Sys 0 00:00:00  -  Run Remote Usage
		Usr 0 00:00:00, Sys 0 00:00:00  -  Run Local Usage
		Usr 0 00:00:04, Sys 0 00:00:00  -  Total Remote Usage
		Usr 0 00:00:00, Sys 0 00:00:00  -  Total Local Usage
	5421  -  Run Bytes Sent By Job
	67422  -  Run Bytes Received By Job
	5421  -  Total Bytes Sent By Job
	67422  -  Total Bytes Received By Job
	Partitionable Resources :    Usage  Request Allocated 
	   Cpus                 :                 1         2 
	   Disk (KB)            :       50       35 102887082 
	   Memory (MB)          :        1        0    100096 

	Job terminated of its own accord at 2025-01-28T21:28:51Z with exit-code 0.
...
