000 (268640.000.000) 2025-01-21 21:57:37 Job submitted from host: <192.168.0.102:9618?addrs=192.168.0.102-9618&alias=submitter&noUDP&sock=schedd_2032_5c88>
...
001 (268640.000.000) 2025-01-21 21:57:38 Job executing on host: <192.168.0.130:9618?addrs=192.168.0.130-9618&alias=node130.di.rm1&noUDP&sock=startd_2751195_838e>
...
006 (268640.000.000) 2025-01-21 21:57:47 Image size of job updated: 631356
	617  -  MemoryUsage of job (MB)
	631356  -  ResidentSetSize of job (KB)
...
006 (268640.000.000) 2025-01-21 21:58:35 Image size of job updated: 4464108
	618  -  MemoryUsage of job (MB)
	632808  -  ResidentSetSize of job (KB)
...
004 (268640.000.000) 2025-01-21 21:58:35 Job was evicted.
	(0) CPU times
		Usr 0 00:00:53, Sys 0 00:00:01  -  Run Remote Usage
		Usr 0 00:00:00, Sys 0 00:00:00  -  Run Local Usage
	0  -  Run Bytes Sent By Job
	0  -  Run Bytes Received By Job
	Partitionable Resources :    Usage  Request Allocated 
	   Cpus                 :                 1         1 
	   Disk (KB)            :       27       27    472313 
	   Memory (MB)          :      618        1       128 
...
009 (268640.000.000) 2025-01-21 21:58:35 Job was aborted.
	via condor_rm (by user calzona_2046920)
...
000 (268791.000.000) 2025-01-21 22:05:15 Job submitted from host: <192.168.0.102:9618?addrs=192.168.0.102-9618&alias=submitter&noUDP&sock=schedd_2032_5c88>
...
001 (268791.000.000) 2025-01-21 22:05:19 Job executing on host: <192.168.0.137:9618?addrs=192.168.0.137-9618&alias=node137.di.rm1&noUDP&sock=startd_1934_2440>
...
006 (268791.000.000) 2025-01-21 22:05:28 Image size of job updated: 807444
	789  -  MemoryUsage of job (MB)
	807444  -  ResidentSetSize of job (KB)
...
006 (268791.000.000) 2025-01-21 22:05:51 Image size of job updated: 2695044
	792  -  MemoryUsage of job (MB)
	810216  -  ResidentSetSize of job (KB)
...
004 (268791.000.000) 2025-01-21 22:05:51 Job was evicted.
	(0) CPU times
		Usr 0 00:00:30, Sys 0 00:00:01  -  Run Remote Usage
		Usr 0 00:00:00, Sys 0 00:00:00  -  Run Local Usage
	0  -  Run Bytes Sent By Job
	0  -  Run Bytes Received By Job
	Partitionable Resources :    Usage  Request Allocated 
	   Cpus                 :                 1         1 
	   Disk (KB)            :       27       27    391050 
	   Memory (MB)          :      792        1       128 
...
009 (268791.000.000) 2025-01-21 22:05:51 Job was aborted.
	via condor_rm (by user calzona_2046920)
...
000 (275174.000.000) 2025-01-24 01:53:10 Job submitted from host: <192.168.0.102:9618?addrs=192.168.0.102-9618&alias=submitter&noUDP&sock=schedd_2032_5c88>
...
001 (275174.000.000) 2025-01-24 01:53:11 Job executing on host: <192.168.0.147:9618?addrs=192.168.0.147-9618&alias=node147.di.rm1&noUDP&sock=startd_1513_5ee1>
...
006 (275174.000.000) 2025-01-24 01:53:20 Image size of job updated: 834768
	816  -  MemoryUsage of job (MB)
	834768  -  ResidentSetSize of job (KB)
...
006 (275174.000.000) 2025-01-24 01:55:14 Image size of job updated: 8472472
	817  -  MemoryUsage of job (MB)
	835692  -  ResidentSetSize of job (KB)
...
004 (275174.000.000) 2025-01-24 01:55:14 Job was evicted.
	(0) CPU times
		Usr 0 00:01:58, Sys 0 00:00:03  -  Run Remote Usage
		Usr 0 00:00:00, Sys 0 00:00:00  -  Run Local Usage
	0  -  Run Bytes Sent By Job
	0  -  Run Bytes Received By Job
	Partitionable Resources :    Usage  Request Allocated 
	   Cpus                 :                 1         1 
	   Disk (KB)            :       27       27    469805 
	   Memory (MB)          :      817        1       128 
...
009 (275174.000.000) 2025-01-24 01:55:14 Job was aborted.
	via condor_rm (by user calzona_2046920)
...
