000 (273012.000.000) 2025-01-23 10:21:58 Job submitted from host: <192.168.0.102:9618?addrs=192.168.0.102-9618&alias=submitter&noUDP&sock=schedd_2032_5c88>
...
014 (273012.000.003) 2025-01-23 10:22:06 Node 3 executing on host: <192.168.0.135:9618?addrs=192.168.0.135-9618&alias=node135.di.rm1&noUDP&sock=startd_2000_6980>
...
014 (273012.000.000) 2025-01-23 10:22:06 Node 0 executing on host: <192.168.0.124:9618?addrs=192.168.0.124-9618&alias=node124.di.rm1&noUDP&sock=startd_2143_7f8b>
...
014 (273012.000.001) 2025-01-23 10:22:06 Node 1 executing on host: <192.168.0.105:9618?addrs=192.168.0.105-9618&alias=node105.di.rm1&noUDP&sock=startd_1951_cd5c>
...
014 (273012.000.002) 2025-01-23 10:22:06 Node 2 executing on host: <192.168.0.149:9618?addrs=192.168.0.149-9618&alias=node149.di.rm1&noUDP&sock=startd_1551_6f7a>
...
001 (273012.000.000) 2025-01-23 10:22:06 Job executing on host: MPI_job
...
008 (273012.000.000) 2025-01-23 10:22:08 Launching orted on Node 0 of 4
...
008 (273012.000.000) 2025-01-23 10:22:08 Launching orted on Node 3 of 4
...
008 (273012.000.000) 2025-01-23 10:22:08 Launching orted on Node 1 of 4
...
008 (273012.000.000) 2025-01-23 10:22:08 Launching orted on Node 2 of 4
...
008 (273012.000.000) 2025-01-23 10:22:09 orted exited on Node 1 of 4
...
008 (273012.000.000) 2025-01-23 10:22:09 orted exited on Node 2 of 4
...
008 (273012.000.000) 2025-01-23 10:22:09 orted exited on Node 3 of 4
...
008 (273012.000.000) 2025-01-23 10:22:09 orted exited on Node 0 of 4
...
015 (273012.000.001) 2025-01-23 10:22:09 Node 1 terminated.
	(1) Normal termination (return value 0)
		Usr 0 00:00:00, Sys 0 00:00:01  -  Run Remote Usage
		Usr 0 00:00:00, Sys 0 00:00:00  -  Run Local Usage
		Usr 0 00:00:00, Sys 0 00:00:01  -  Total Remote Usage
		Usr 0 00:00:00, Sys 0 00:00:00  -  Total Local Usage
	2165  -  Run Bytes Sent By Node
	33639  -  Run Bytes Received By Node
	2165  -  Total Bytes Sent By Node
	33639  -  Total Bytes Received By Node
...
015 (273012.000.003) 2025-01-23 10:22:09 Node 3 terminated.
	(1) Normal termination (return value 0)
		Usr 0 00:00:00, Sys 0 00:00:00  -  Run Remote Usage
		Usr 0 00:00:00, Sys 0 00:00:00  -  Run Local Usage
		Usr 0 00:00:00, Sys 0 00:00:00  -  Total Remote Usage
		Usr 0 00:00:00, Sys 0 00:00:00  -  Total Local Usage
	2165  -  Run Bytes Sent By Node
	33639  -  Run Bytes Received By Node
	2165  -  Total Bytes Sent By Node
	33639  -  Total Bytes Received By Node
...
015 (273012.000.000) 2025-01-23 10:22:09 Node 0 terminated.
	(1) Normal termination (return value 0)
		Usr 0 00:00:00, Sys 0 00:00:00  -  Run Remote Usage
		Usr 0 00:00:00, Sys 0 00:00:00  -  Run Local Usage
		Usr 0 00:00:00, Sys 0 00:00:00  -  Total Remote Usage
		Usr 0 00:00:00, Sys 0 00:00:00  -  Total Local Usage
	3303  -  Run Bytes Sent By Node
	33639  -  Run Bytes Received By Node
	3303  -  Total Bytes Sent By Node
	33639  -  Total Bytes Received By Node
...
005 (273012.000.000) 2025-01-23 10:22:09 Job terminated.
	(1) Normal termination (return value 0)
		Usr 0 00:00:01, Sys 0 00:00:01  -  Run Remote Usage
		Usr 0 00:00:00, Sys 0 00:00:00  -  Run Local Usage
		Usr 0 00:00:00, Sys 0 00:00:00  -  Total Remote Usage
		Usr 0 00:00:00, Sys 0 00:00:00  -  Total Local Usage
	7633  -  Run Bytes Sent By Job
	134556  -  Run Bytes Received By Job
	7633  -  Total Bytes Sent By Job
	134556  -  Total Bytes Received By Job
	Partitionable Resources :    Usage  Request Allocated 
	   Cpus                 :                 1         1 
	   Disk (KB)            :       50       35  21469963 
	   GPUs                 :                           1 
	   Memory (MB)          :        0      388     20480 

	Job terminated of its own accord at 2025-01-23T10:22:09Z with exit-code 0.
...
