000 (270196.000.000) 2025-01-21 23:32:04 Job submitted from host: <192.168.0.102:9618?addrs=192.168.0.102-9618&alias=submitter&noUDP&sock=schedd_2032_5c88>
...
001 (270196.000.000) 2025-01-21 23:32:26 Job executing on host: <192.168.0.120:9618?addrs=192.168.0.120-9618&alias=node120.di.rm1&noUDP&sock=startd_2096_4298>
...
006 (270196.000.000) 2025-01-21 23:32:35 Image size of job updated: 213144
	209  -  MemoryUsage of job (MB)
	213144  -  ResidentSetSize of job (KB)
...
006 (270196.000.000) 2025-01-21 23:33:06 Image size of job updated: 225592
	209  -  MemoryUsage of job (MB)
	213144  -  ResidentSetSize of job (KB)
...
004 (270196.000.000) 2025-01-21 23:33:06 Job was evicted.
	(0) CPU times
		Usr 0 00:02:22, Sys 0 00:00:00  -  Run Remote Usage
		Usr 0 00:00:00, Sys 0 00:00:00  -  Run Local Usage
	0  -  Run Bytes Sent By Job
	0  -  Run Bytes Received By Job
	Partitionable Resources :    Usage  Request Allocated 
	   Cpus                 :                 1         1 
	   Disk (KB)            :       27       27    459052 
	   Gpus (Average)       :                 0         0 
	   Memory (MB)          :      209        1       128 
...
009 (270196.000.000) 2025-01-21 23:33:06 Job was aborted.
	via condor_rm (by user calzona_2046920)
...
