000 (271241.000.000) 2025-01-22 00:49:32 Job submitted from host: <192.168.0.102:9618?addrs=192.168.0.102-9618&alias=submitter&noUDP&sock=schedd_2032_5c88>
...
001 (271241.000.000) 2025-01-22 00:49:33 Job executing on host: <192.168.0.139:9618?addrs=192.168.0.139-9618&alias=node139.di.rm1&noUDP&sock=startd_1966_1748>
...
006 (271241.000.000) 2025-01-22 00:49:41 Image size of job updated: 418952
	407  -  MemoryUsage of job (MB)
	416048  -  ResidentSetSize of job (KB)
...
006 (271241.000.000) 2025-01-22 00:50:15 Image size of job updated: 2045744
	408  -  MemoryUsage of job (MB)
	417368  -  ResidentSetSize of job (KB)
...
005 (271241.000.000) 2025-01-22 00:50:15 Job terminated.
	(1) Normal termination (return value 0)
		Usr 0 00:00:44, Sys 0 00:00:00  -  Run Remote Usage
		Usr 0 00:00:00, Sys 0 00:00:00  -  Run Local Usage
		Usr 0 00:00:44, Sys 0 00:00:00  -  Total Remote Usage
		Usr 0 00:00:00, Sys 0 00:00:00  -  Total Local Usage
	0  -  Run Bytes Sent By Job
	0  -  Run Bytes Received By Job
	0  -  Total Bytes Sent By Job
	0  -  Total Bytes Received By Job
	Partitionable Resources :    Usage  Request Allocated 
	   Cpus                 :                 1         1 
	   Disk (KB)            :       27       27    460637 
	   Memory (MB)          :      408        1       128 

	Job terminated of its own accord at 2025-01-22T00:50:15Z with exit-code 0.
...
