000 (270666.000.000) 2025-01-22 00:09:15 Job submitted from host: <192.168.0.102:9618?addrs=192.168.0.102-9618&alias=submitter&noUDP&sock=schedd_2032_5c88>
...
001 (270666.000.000) 2025-01-22 00:09:17 Job executing on host: <192.168.0.120:9618?addrs=192.168.0.120-9618&alias=node120.di.rm1&noUDP&sock=startd_2096_4298>
...
006 (270666.000.000) 2025-01-22 00:09:26 Image size of job updated: 472824
	462  -  MemoryUsage of job (MB)
	472824  -  ResidentSetSize of job (KB)
...
006 (270666.000.000) 2025-01-22 00:10:17 Image size of job updated: 3473916
	463  -  MemoryUsage of job (MB)
	473484  -  ResidentSetSize of job (KB)
...
004 (270666.000.000) 2025-01-22 00:10:18 Job was evicted.
	(0) CPU times
		Usr 0 00:00:57, Sys 0 00:00:01  -  Run Remote Usage
		Usr 0 00:00:00, Sys 0 00:00:00  -  Run Local Usage
	0  -  Run Bytes Sent By Job
	0  -  Run Bytes Received By Job
	Partitionable Resources :    Usage  Request Allocated 
	   Cpus                 :                 1         1 
	   Disk (KB)            :       27       27    459052 
	   Gpus (Average)       :                 0         0 
	   Memory (MB)          :      463        1       128 
...
009 (270666.000.000) 2025-01-22 00:10:18 Job was aborted.
	via condor_rm (by user calzona_2046920)
...
000 (276820.000.000) 2025-01-24 05:20:57 Job submitted from host: <192.168.0.102:9618?addrs=192.168.0.102-9618&alias=submitter&noUDP&sock=schedd_2032_5c88>
...
001 (276820.000.000) 2025-01-24 05:20:58 Job executing on host: <192.168.0.147:9618?addrs=192.168.0.147-9618&alias=node147.di.rm1&noUDP&sock=startd_1513_5ee1>
...
006 (276820.000.000) 2025-01-24 05:21:06 Image size of job updated: 1215132
	466  -  MemoryUsage of job (MB)
	477180  -  ResidentSetSize of job (KB)
...
006 (276820.000.000) 2025-01-24 05:22:59 Image size of job updated: 6867504
	466  -  MemoryUsage of job (MB)
	477180  -  ResidentSetSize of job (KB)
...
004 (276820.000.000) 2025-01-24 05:22:59 Job was evicted.
	(0) CPU times
		Usr 0 00:01:58, Sys 0 00:00:02  -  Run Remote Usage
		Usr 0 00:00:00, Sys 0 00:00:00  -  Run Local Usage
	0  -  Run Bytes Sent By Job
	0  -  Run Bytes Received By Job
	Partitionable Resources :    Usage  Request Allocated 
	   Cpus                 :     1.00        1         1 
	   Disk (KB)            :    27          27    469805 
	   Memory (MB)          :   466           1       128 
...
009 (276820.000.000) 2025-01-24 05:22:59 Job was aborted.
	via condor_rm (by user calzona_2046920)
...
