000 (270407.000.000) 2025-01-21 23:50:21 Job submitted from host: <192.168.0.102:9618?addrs=192.168.0.102-9618&alias=submitter&noUDP&sock=schedd_2032_5c88>
...
001 (270407.000.000) 2025-01-21 23:50:24 Job executing on host: <192.168.0.120:9618?addrs=192.168.0.120-9618&alias=node120.di.rm1&noUDP&sock=startd_2096_4298>
...
006 (270407.000.000) 2025-01-21 23:50:33 Image size of job updated: 438108
	428  -  MemoryUsage of job (MB)
	438108  -  ResidentSetSize of job (KB)
...
006 (270407.000.000) 2025-01-21 23:51:23 Image size of job updated: 2664856
	429  -  MemoryUsage of job (MB)
	439296  -  ResidentSetSize of job (KB)
...
004 (270407.000.000) 2025-01-21 23:51:23 Job was evicted.
	(0) CPU times
		Usr 0 00:00:56, Sys 0 00:00:01  -  Run Remote Usage
		Usr 0 00:00:00, Sys 0 00:00:00  -  Run Local Usage
	0  -  Run Bytes Sent By Job
	0  -  Run Bytes Received By Job
	Partitionable Resources :    Usage  Request Allocated 
	   Cpus                 :                 1         1 
	   Disk (KB)            :       27       27    459052 
	   Gpus (Average)       :                 0         0 
	   Memory (MB)          :      429        1       128 
...
009 (270407.000.000) 2025-01-21 23:51:23 Job was aborted.
	via condor_rm (by user calzona_2046920)
...
000 (276561.000.000) 2025-01-24 04:48:13 Job submitted from host: <192.168.0.102:9618?addrs=192.168.0.102-9618&alias=submitter&noUDP&sock=schedd_2032_5c88>
...
001 (276561.000.000) 2025-01-24 04:48:13 Job executing on host: <192.168.0.109:9618?addrs=192.168.0.109-9618&alias=node109.di.rm1&noUDP&sock=startd_1627_90ad>
...
006 (276561.000.000) 2025-01-24 04:48:22 Image size of job updated: 441628
	431  -  MemoryUsage of job (MB)
	440440  -  ResidentSetSize of job (KB)
...
006 (276561.000.000) 2025-01-24 04:50:14 Image size of job updated: 5656024
	431  -  MemoryUsage of job (MB)
	440440  -  ResidentSetSize of job (KB)
...
004 (276561.000.000) 2025-01-24 04:50:14 Job was evicted.
	(0) CPU times
		Usr 0 00:01:57, Sys 0 00:00:04  -  Run Remote Usage
		Usr 0 00:00:00, Sys 0 00:00:00  -  Run Local Usage
	0  -  Run Bytes Sent By Job
	0  -  Run Bytes Received By Job
	Partitionable Resources :    Usage  Request Allocated 
	   Cpus                 :     1.00        1         1 
	   Disk (KB)            :    27          27    468160 
	   Memory (MB)          :   431           1       128 
...
009 (276561.000.000) 2025-01-24 04:50:14 Job was aborted.
	via condor_rm (by user calzona_2046920)
...
