000 (270425.000.000) 2025-01-21 23:52:24 Job submitted from host: <192.168.0.102:9618?addrs=192.168.0.102-9618&alias=submitter&noUDP&sock=schedd_2032_5c88>
...
001 (270425.000.000) 2025-01-21 23:52:26 Job executing on host: <192.168.0.120:9618?addrs=192.168.0.120-9618&alias=node120.di.rm1&noUDP&sock=startd_2096_4298>
...
006 (270425.000.000) 2025-01-21 23:52:35 Image size of job updated: 422400
	413  -  MemoryUsage of job (MB)
	422400  -  ResidentSetSize of job (KB)
...
006 (270425.000.000) 2025-01-21 23:53:27 Image size of job updated: 637876
	414  -  MemoryUsage of job (MB)
	423720  -  ResidentSetSize of job (KB)
...
004 (270425.000.000) 2025-01-21 23:53:27 Job was evicted.
	(0) CPU times
		Usr 0 00:03:23, Sys 0 00:00:00  -  Run Remote Usage
		Usr 0 00:00:00, Sys 0 00:00:00  -  Run Local Usage
	0  -  Run Bytes Sent By Job
	0  -  Run Bytes Received By Job
	Partitionable Resources :    Usage  Request Allocated 
	   Cpus                 :     4.00        1         1 
	   Disk (KB)            :    27          27    459052 
	   Gpus (Average)       :                 0         0 
	   Memory (MB)          :   414           1       128 
...
009 (270425.000.000) 2025-01-21 23:53:27 Job was aborted.
	via condor_rm (by user calzona_2046920)
...
000 (276579.000.000) 2025-01-24 04:52:15 Job submitted from host: <192.168.0.102:9618?addrs=192.168.0.102-9618&alias=submitter&noUDP&sock=schedd_2032_5c88>
...
001 (276579.000.000) 2025-01-24 04:52:16 Job executing on host: <192.168.0.148:9618?addrs=192.168.0.148-9618&alias=node148.di.rm1&noUDP&sock=startd_1547_b119>
...
006 (276579.000.000) 2025-01-24 04:52:25 Image size of job updated: 476388
	466  -  MemoryUsage of job (MB)
	476388  -  ResidentSetSize of job (KB)
...
006 (276579.000.000) 2025-01-24 04:54:17 Image size of job updated: 637876
	466  -  MemoryUsage of job (MB)
	476520  -  ResidentSetSize of job (KB)
...
004 (276579.000.000) 2025-01-24 04:54:17 Job was evicted.
	(0) CPU times
		Usr 0 00:07:21, Sys 0 00:00:00  -  Run Remote Usage
		Usr 0 00:00:00, Sys 0 00:00:00  -  Run Local Usage
	0  -  Run Bytes Sent By Job
	0  -  Run Bytes Received By Job
	Partitionable Resources :    Usage  Request Allocated 
	   Cpus                 :                 1         1 
	   Disk (KB)            :       27       27    467548 
	   Memory (MB)          :      466        1       128 
...
009 (276579.000.000) 2025-01-24 04:54:17 Job was aborted.
	via condor_rm (by user calzona_2046920)
...
