000 (272574.000.000) 2025-01-23 09:13:25 Job submitted from host: <192.168.0.102:9618?addrs=192.168.0.102-9618&alias=submitter&noUDP&sock=schedd_2032_5c88>
...
014 (272574.000.000) 2025-01-23 09:13:52 Node 0 executing on host: <192.168.0.124:9618?addrs=192.168.0.124-9618&alias=node124.di.rm1&noUDP&sock=startd_2143_7f8b>
...
014 (272574.000.001) 2025-01-23 09:13:52 Node 1 executing on host: <192.168.0.124:9618?addrs=192.168.0.124-9618&alias=node124.di.rm1&noUDP&sock=startd_2143_7f8b>
...
001 (272574.000.000) 2025-01-23 09:13:52 Job executing on host: MPI_job
...
008 (272574.000.000) 2025-01-23 09:13:54 Launching orted on Node 1 of 2
...
008 (272574.000.000) 2025-01-23 09:13:55 Launching orted on Node 0 of 2
...
008 (272574.000.000) 2025-01-23 09:13:55 orted exited on Node 0 of 2
...
008 (272574.000.000) 2025-01-23 09:13:55 orted exited on Node 1 of 2
...
015 (272574.000.001) 2025-01-23 09:13:55 Node 1 terminated.
	(1) Normal termination (return value 0)
		Usr 0 00:00:00, Sys 0 00:00:00  -  Run Remote Usage
		Usr 0 00:00:00, Sys 0 00:00:00  -  Run Local Usage
		Usr 0 00:00:00, Sys 0 00:00:00  -  Total Remote Usage
		Usr 0 00:00:00, Sys 0 00:00:00  -  Total Local Usage
	22  -  Run Bytes Sent By Node
	33639  -  Run Bytes Received By Node
	22  -  Total Bytes Sent By Node
	33639  -  Total Bytes Received By Node
...
015 (272574.000.000) 2025-01-23 09:13:55 Node 0 terminated.
	(1) Normal termination (return value 0)
		Usr 0 00:00:00, Sys 0 00:00:00  -  Run Remote Usage
		Usr 0 00:00:00, Sys 0 00:00:00  -  Run Local Usage
		Usr 0 00:00:00, Sys 0 00:00:00  -  Total Remote Usage
		Usr 0 00:00:00, Sys 0 00:00:00  -  Total Local Usage
	3660  -  Run Bytes Sent By Node
	33639  -  Run Bytes Received By Node
	3660  -  Total Bytes Sent By Node
	33639  -  Total Bytes Received By Node
...
005 (272574.000.000) 2025-01-23 09:13:56 Job terminated.
	(1) Normal termination (return value 0)
		Usr 0 00:00:00, Sys 0 00:00:00  -  Run Remote Usage
		Usr 0 00:00:00, Sys 0 00:00:00  -  Run Local Usage
		Usr 0 00:00:00, Sys 0 00:00:00  -  Total Remote Usage
		Usr 0 00:00:00, Sys 0 00:00:00  -  Total Local Usage
	3682  -  Run Bytes Sent By Job
	67278  -  Run Bytes Received By Job
	3682  -  Total Bytes Sent By Job
	67278  -  Total Bytes Received By Job
	Partitionable Resources :    Usage  Request Allocated 
	   Cpus                 :                 1         1 
	   Disk (KB)            :       50       35  21469963 
	   GPUs                 :                           1 
	   Memory (MB)          :        0        1     20480 

	Job terminated of its own accord at 2025-01-23T09:13:55Z with exit-code 0.
...
000 (273107.000.000) 2025-01-23 10:39:46 Job submitted from host: <192.168.0.102:9618?addrs=192.168.0.102-9618&alias=submitter&noUDP&sock=schedd_2032_5c88>
...
014 (273107.000.001) 2025-01-23 10:40:15 Node 1 executing on host: <192.168.0.120:9618?addrs=192.168.0.120-9618&alias=node120.di.rm1&noUDP&sock=startd_2096_4298>
...
014 (273107.000.000) 2025-01-23 10:40:15 Node 0 executing on host: <192.168.0.149:9618?addrs=192.168.0.149-9618&alias=node149.di.rm1&noUDP&sock=startd_1551_6f7a>
...
001 (273107.000.000) 2025-01-23 10:40:15 Job executing on host: MPI_job
...
008 (273107.000.000) 2025-01-23 10:40:17 Launching orted on Node 1 of 2
...
008 (273107.000.000) 2025-01-23 10:40:17 Launching orted on Node 0 of 2
...
008 (273107.000.000) 2025-01-23 10:40:17 orted exited on Node 0 of 2
...
008 (273107.000.000) 2025-01-23 10:40:17 orted exited on Node 1 of 2
...
015 (273107.000.001) 2025-01-23 10:40:18 Node 1 terminated.
	(1) Normal termination (return value 0)
		Usr 0 00:00:00, Sys 0 00:00:00  -  Run Remote Usage
		Usr 0 00:00:00, Sys 0 00:00:00  -  Run Local Usage
		Usr 0 00:00:00, Sys 0 00:00:00  -  Total Remote Usage
		Usr 0 00:00:00, Sys 0 00:00:00  -  Total Local Usage
	2187  -  Run Bytes Sent By Node
	33639  -  Run Bytes Received By Node
	2187  -  Total Bytes Sent By Node
	33639  -  Total Bytes Received By Node
...
015 (273107.000.000) 2025-01-23 10:40:18 Node 0 terminated.
	(1) Normal termination (return value 0)
		Usr 0 00:00:00, Sys 0 00:00:01  -  Run Remote Usage
		Usr 0 00:00:00, Sys 0 00:00:00  -  Run Local Usage
		Usr 0 00:00:00, Sys 0 00:00:01  -  Total Remote Usage
		Usr 0 00:00:00, Sys 0 00:00:00  -  Total Local Usage
	3254  -  Run Bytes Sent By Node
	33639  -  Run Bytes Received By Node
	3254  -  Total Bytes Sent By Node
	33639  -  Total Bytes Received By Node
...
005 (273107.000.000) 2025-01-23 10:40:18 Job terminated.
	(1) Normal termination (return value 0)
		Usr 0 00:00:00, Sys 0 00:00:01  -  Run Remote Usage
		Usr 0 00:00:00, Sys 0 00:00:00  -  Run Local Usage
		Usr 0 00:00:00, Sys 0 00:00:01  -  Total Remote Usage
		Usr 0 00:00:00, Sys 0 00:00:00  -  Total Local Usage
	5441  -  Run Bytes Sent By Job
	67278  -  Run Bytes Received By Job
	5441  -  Total Bytes Sent By Job
	67278  -  Total Bytes Received By Job
	Partitionable Resources :    Usage  Request Allocated 
	   Cpus                 :                 1         2 
	   Disk (KB)            :       49       35 102883670 
	   Memory (MB)          :        1        0    100096 

	Job terminated of its own accord at 2025-01-23T10:40:17Z with exit-code 0.
...
000 (277886.000.000) 2025-01-24 07:28:32 Job submitted from host: <192.168.0.102:9618?addrs=192.168.0.102-9618&alias=submitter&noUDP&sock=schedd_2032_5c88>
...
014 (277886.000.000) 2025-01-24 07:28:58 Node 0 executing on host: <192.168.0.149:9618?addrs=192.168.0.149-9618&alias=node149.di.rm1&noUDP&sock=startd_1551_6f7a>
...
014 (277886.000.001) 2025-01-24 07:28:58 Node 1 executing on host: <192.168.0.148:9618?addrs=192.168.0.148-9618&alias=node148.di.rm1&noUDP&sock=startd_1547_b119>
...
001 (277886.000.000) 2025-01-24 07:28:58 Job executing on host: MPI_job
...
008 (277886.000.000) 2025-01-24 07:29:00 Launching orted on Node 0 of 2
...
008 (277886.000.000) 2025-01-24 07:29:00 Launching orted on Node 1 of 2
...
008 (277886.000.000) 2025-01-24 07:29:01 orted exited on Node 1 of 2
...
008 (277886.000.000) 2025-01-24 07:29:01 orted exited on Node 0 of 2
...
015 (277886.000.000) 2025-01-24 07:29:01 Node 0 terminated.
	(1) Normal termination (return value 0)
		Usr 0 00:00:00, Sys 0 00:00:00  -  Run Remote Usage
		Usr 0 00:00:00, Sys 0 00:00:00  -  Run Local Usage
		Usr 0 00:00:00, Sys 0 00:00:00  -  Total Remote Usage
		Usr 0 00:00:00, Sys 0 00:00:00  -  Total Local Usage
	3254  -  Run Bytes Sent By Node
	33639  -  Run Bytes Received By Node
	3254  -  Total Bytes Sent By Node
	33639  -  Total Bytes Received By Node
...
005 (277886.000.000) 2025-01-24 07:29:01 Job terminated.
	(1) Normal termination (return value 0)
		Usr 0 00:00:00, Sys 0 00:00:01  -  Run Remote Usage
		Usr 0 00:00:00, Sys 0 00:00:00  -  Run Local Usage
		Usr 0 00:00:00, Sys 0 00:00:00  -  Total Remote Usage
		Usr 0 00:00:00, Sys 0 00:00:00  -  Total Local Usage
	3254  -  Run Bytes Sent By Job
	67278  -  Run Bytes Received By Job
	3254  -  Total Bytes Sent By Job
	67278  -  Total Bytes Received By Job
	Partitionable Resources :    Usage  Request Allocated 
	   Cpus                 :                 1         2 
	   Disk (KB)            :       49       35 102883670 
	   Memory (MB)          :        1    10862    100096 

	Job terminated of its own accord at 2025-01-24T07:29:01Z with exit-code 0.
...
000 (285994.000.000) 2025-01-28 14:43:01 Job submitted from host: <192.168.0.102:9618?addrs=192.168.0.102-9618&alias=submitter&noUDP&sock=schedd_2032_5c88>
...
014 (285994.000.001) 2025-01-28 14:43:05 Node 1 executing on host: <192.168.0.113:9618?addrs=192.168.0.113-9618&alias=node113.di.rm1&noUDP&sock=startd_3668932_c305>
...
014 (285994.000.000) 2025-01-28 14:43:05 Node 0 executing on host: <192.168.0.142:9618?addrs=192.168.0.142-9618&alias=node142.di.rm1&noUDP&sock=startd_1996_ab1f>
...
001 (285994.000.000) 2025-01-28 14:43:05 Job executing on host: MPI_job
...
008 (285994.000.000) 2025-01-28 14:43:07 Launching orted on Node 1 of 2
...
008 (285994.000.000) 2025-01-28 14:43:07 Launching orted on Node 0 of 2
...
008 (285994.000.000) 2025-01-28 14:43:08 orted exited on Node 1 of 2
...
008 (285994.000.000) 2025-01-28 14:43:08 orted exited on Node 0 of 2
...
015 (285994.000.001) 2025-01-28 14:43:08 Node 1 terminated.
	(1) Normal termination (return value 0)
		Usr 0 00:00:00, Sys 0 00:00:00  -  Run Remote Usage
		Usr 0 00:00:00, Sys 0 00:00:00  -  Run Local Usage
		Usr 0 00:00:00, Sys 0 00:00:00  -  Total Remote Usage
		Usr 0 00:00:00, Sys 0 00:00:00  -  Total Local Usage
	2187  -  Run Bytes Sent By Node
	33591  -  Run Bytes Received By Node
	2187  -  Total Bytes Sent By Node
	33591  -  Total Bytes Received By Node
...
015 (285994.000.000) 2025-01-28 14:43:08 Node 0 terminated.
	(1) Normal termination (return value 0)
		Usr 0 00:00:00, Sys 0 00:00:00  -  Run Remote Usage
		Usr 0 00:00:00, Sys 0 00:00:00  -  Run Local Usage
		Usr 0 00:00:00, Sys 0 00:00:00  -  Total Remote Usage
		Usr 0 00:00:00, Sys 0 00:00:00  -  Total Local Usage
	3254  -  Run Bytes Sent By Node
	33591  -  Run Bytes Received By Node
	3254  -  Total Bytes Sent By Node
	33591  -  Total Bytes Received By Node
...
005 (285994.000.000) 2025-01-28 14:43:08 Job terminated.
	(1) Normal termination (return value 0)
		Usr 0 00:00:00, Sys 0 00:00:00  -  Run Remote Usage
		Usr 0 00:00:00, Sys 0 00:00:00  -  Run Local Usage
		Usr 0 00:00:00, Sys 0 00:00:00  -  Total Remote Usage
		Usr 0 00:00:00, Sys 0 00:00:00  -  Total Local Usage
	5441  -  Run Bytes Sent By Job
	67182  -  Run Bytes Received By Job
	5441  -  Total Bytes Sent By Job
	67182  -  Total Bytes Received By Job
	Partitionable Resources :    Usage  Request Allocated 
	   Cpus                 :                 1         2 
	   Disk (KB)            :       50       35 103011620 
	   Memory (MB)          :        0        1    100096 

	Job terminated of its own accord at 2025-01-28T14:43:08Z with exit-code 0.
...
