000 (271689.000.000) 2025-01-22 01:23:27 Job submitted from host: <192.168.0.102:9618?addrs=192.168.0.102-9618&alias=submitter&noUDP&sock=schedd_2032_5c88>
...
001 (271689.000.000) 2025-01-22 01:23:31 Job executing on host: <192.168.0.151:9618?addrs=192.168.0.151-9618&alias=node151.di.rm1&noUDP&sock=startd_1528_a8cd>
...
006 (271689.000.000) 2025-01-22 01:23:41 Image size of job updated: 1300140
	501  -  MemoryUsage of job (MB)
	512556  -  ResidentSetSize of job (KB)
...
006 (271689.000.000) 2025-01-22 01:24:30 Image size of job updated: 3869124
	502  -  MemoryUsage of job (MB)
	513348  -  ResidentSetSize of job (KB)
...
004 (271689.000.000) 2025-01-22 01:24:30 Job was evicted.
	(0) CPU times
		Usr 0 00:00:55, Sys 0 00:00:01  -  Run Remote Usage
		Usr 0 00:00:00, Sys 0 00:00:00  -  Run Local Usage
	0  -  Run Bytes Sent By Job
	0  -  Run Bytes Received By Job
	Partitionable Resources :    Usage  Request Allocated 
	   Cpus                 :                 1         1 
	   Disk (KB)            :       27       27    474791 
	   Memory (MB)          :      502        1       128 
...
009 (271689.000.000) 2025-01-22 01:24:30 Job was aborted.
	via condor_rm (by user calzona_2046920)
...
000 (277843.000.000) 2025-01-24 07:20:26 Job submitted from host: <192.168.0.102:9618?addrs=192.168.0.102-9618&alias=submitter&noUDP&sock=schedd_2032_5c88>
...
001 (277843.000.000) 2025-01-24 07:20:27 Job executing on host: <192.168.0.148:9618?addrs=192.168.0.148-9618&alias=node148.di.rm1&noUDP&sock=startd_1547_b119>
...
006 (277843.000.000) 2025-01-24 07:20:35 Image size of job updated: 1483620
	451  -  MemoryUsage of job (MB)
	461076  -  ResidentSetSize of job (KB)
...
006 (277843.000.000) 2025-01-24 07:22:28 Image size of job updated: 6869880
	451  -  MemoryUsage of job (MB)
	461076  -  ResidentSetSize of job (KB)
...
004 (277843.000.000) 2025-01-24 07:22:28 Job was evicted.
	(0) CPU times
		Usr 0 00:01:57, Sys 0 00:00:02  -  Run Remote Usage
		Usr 0 00:00:00, Sys 0 00:00:00  -  Run Local Usage
	0  -  Run Bytes Sent By Job
	0  -  Run Bytes Received By Job
	Partitionable Resources :    Usage  Request Allocated 
	   Cpus                 :     1.00        1         1 
	   Disk (KB)            :    27          27    467548 
	   Memory (MB)          :   451           1       128 
...
009 (277843.000.000) 2025-01-24 07:22:28 Job was aborted.
	via condor_rm (by user calzona_2046920)
...
