000 (264684.000.000) 2025-01-17 11:21:30 Job submitted from host: <192.168.0.102:9618?addrs=192.168.0.102-9618&alias=submitter&noUDP&sock=schedd_2032_5c88>
...
001 (264684.000.000) 2025-01-17 11:21:35 Job executing on host: <192.168.0.114:9618?addrs=192.168.0.114-9618&alias=node114.di.rm1&noUDP&sock=startd_2075_db1b>
...
006 (264684.000.000) 2025-01-17 11:21:44 Image size of job updated: 1423364
	441  -  MemoryUsage of job (MB)
	451308  -  ResidentSetSize of job (KB)
...
006 (264684.000.000) 2025-01-17 11:26:45 Image size of job updated: 8483520
	8256  -  MemoryUsage of job (MB)
	8453948  -  ResidentSetSize of job (KB)
...
006 (264684.000.000) 2025-01-17 11:31:46 Image size of job updated: 8483520
	8261  -  MemoryUsage of job (MB)
	8458304  -  ResidentSetSize of job (KB)
...
004 (264684.000.000) 2025-01-17 11:33:16 Job was evicted.
	(0) CPU times
		Usr 0 00:25:35, Sys 0 00:00:06  -  Run Remote Usage
		Usr 0 00:00:00, Sys 0 00:00:00  -  Run Local Usage
	0  -  Run Bytes Sent By Job
	0  -  Run Bytes Received By Job
	Partitionable Resources :    Usage  Request Allocated 
	   Cpus                 :     2.86        1         1 
	   Disk (KB)            :    27          27    195565 
	   Memory (MB)          :  8261           1       128 
...
009 (264684.000.000) 2025-01-17 11:33:16 Job was aborted.
	via condor_rm (by user calzona_2046920)
...
