000 (273800.000.000) 2025-01-23 11:20:24 Job submitted from host: <192.168.0.102:9618?addrs=192.168.0.102-9618&alias=submitter&noUDP&sock=schedd_2032_5c88>
...
014 (273800.000.000) 2025-01-23 11:20:33 Node 0 executing on host: <192.168.0.113:9618?addrs=192.168.0.113-9618&alias=node113.di.rm1&noUDP&sock=startd_3668932_c305>
...
014 (273800.000.001) 2025-01-23 11:20:33 Node 1 executing on host: <192.168.0.141:9618?addrs=192.168.0.141-9618&alias=node141.di.rm1&noUDP&sock=startd_2077_3a4b>
...
014 (273800.000.002) 2025-01-23 11:20:33 Node 2 executing on host: <192.168.0.113:9618?addrs=192.168.0.113-9618&alias=node113.di.rm1&noUDP&sock=startd_3668932_c305>
...
014 (273800.000.003) 2025-01-23 11:20:33 Node 3 executing on host: <192.168.0.141:9618?addrs=192.168.0.141-9618&alias=node141.di.rm1&noUDP&sock=startd_2077_3a4b>
...
001 (273800.000.000) 2025-01-23 11:20:33 Job executing on host: MPI_job
...
008 (273800.000.000) 2025-01-23 11:20:35 Launching orted on Node 1 of 4
...
008 (273800.000.000) 2025-01-23 11:20:35 Launching orted on Node 3 of 4
...
008 (273800.000.000) 2025-01-23 11:20:35 Launching orted on Node 0 of 4
...
008 (273800.000.000) 2025-01-23 11:20:35 Launching orted on Node 2 of 4
...
008 (273800.000.000) 2025-01-23 11:20:36 orted exited on Node 2 of 4
...
008 (273800.000.000) 2025-01-23 11:20:36 orted exited on Node 1 of 4
...
008 (273800.000.000) 2025-01-23 11:20:36 orted exited on Node 3 of 4
...
008 (273800.000.000) 2025-01-23 11:20:36 orted exited on Node 0 of 4
...
015 (273800.000.002) 2025-01-23 11:20:36 Node 2 terminated.
	(1) Normal termination (return value 0)
		Usr 0 00:00:00, Sys 0 00:00:00  -  Run Remote Usage
		Usr 0 00:00:00, Sys 0 00:00:00  -  Run Local Usage
		Usr 0 00:00:00, Sys 0 00:00:00  -  Total Remote Usage
		Usr 0 00:00:00, Sys 0 00:00:00  -  Total Local Usage
	22  -  Run Bytes Sent By Node
	33639  -  Run Bytes Received By Node
	22  -  Total Bytes Sent By Node
	33639  -  Total Bytes Received By Node
...
015 (273800.000.003) 2025-01-23 11:20:36 Node 3 terminated.
	(1) Normal termination (return value 0)
		Usr 0 00:00:00, Sys 0 00:00:00  -  Run Remote Usage
		Usr 0 00:00:00, Sys 0 00:00:00  -  Run Local Usage
		Usr 0 00:00:00, Sys 0 00:00:00  -  Total Remote Usage
		Usr 0 00:00:00, Sys 0 00:00:00  -  Total Local Usage
	2165  -  Run Bytes Sent By Node
	33639  -  Run Bytes Received By Node
	2165  -  Total Bytes Sent By Node
	33639  -  Total Bytes Received By Node
...
015 (273800.000.001) 2025-01-23 11:20:36 Node 1 terminated.
	(1) Normal termination (return value 0)
		Usr 0 00:00:00, Sys 0 00:00:00  -  Run Remote Usage
		Usr 0 00:00:00, Sys 0 00:00:00  -  Run Local Usage
		Usr 0 00:00:00, Sys 0 00:00:00  -  Total Remote Usage
		Usr 0 00:00:00, Sys 0 00:00:00  -  Total Local Usage
	2165  -  Run Bytes Sent By Node
	33639  -  Run Bytes Received By Node
	2165  -  Total Bytes Sent By Node
	33639  -  Total Bytes Received By Node
...
015 (273800.000.000) 2025-01-23 11:20:36 Node 0 terminated.
	(1) Normal termination (return value 0)
		Usr 0 00:00:00, Sys 0 00:00:00  -  Run Remote Usage
		Usr 0 00:00:00, Sys 0 00:00:00  -  Run Local Usage
		Usr 0 00:00:00, Sys 0 00:00:00  -  Total Remote Usage
		Usr 0 00:00:00, Sys 0 00:00:00  -  Total Local Usage
	3307  -  Run Bytes Sent By Node
	33639  -  Run Bytes Received By Node
	3307  -  Total Bytes Sent By Node
	33639  -  Total Bytes Received By Node
...
005 (273800.000.000) 2025-01-23 11:20:36 Job terminated.
	(1) Normal termination (return value 0)
		Usr 0 00:00:00, Sys 0 00:00:00  -  Run Remote Usage
		Usr 0 00:00:00, Sys 0 00:00:00  -  Run Local Usage
		Usr 0 00:00:00, Sys 0 00:00:00  -  Total Remote Usage
		Usr 0 00:00:00, Sys 0 00:00:00  -  Total Local Usage
	7659  -  Run Bytes Sent By Job
	134556  -  Run Bytes Received By Job
	7659  -  Total Bytes Sent By Job
	134556  -  Total Bytes Received By Job
	Partitionable Resources :    Usage  Request Allocated 
	   Cpus                 :                 1         1 
	   Disk (KB)            :       51       35  21608416 
	   GPUs                 :                           1 
	   Memory (MB)          :        0        0     20480 

	Job terminated of its own accord at 2025-01-23T11:20:36Z with exit-code 0.
...
000 (278545.000.000) 2025-01-24 09:05:04 Job submitted from host: <192.168.0.102:9618?addrs=192.168.0.102-9618&alias=submitter&noUDP&sock=schedd_2032_5c88>
...
014 (278545.000.000) 2025-01-24 09:05:12 Node 0 executing on host: <192.168.0.115:9618?addrs=192.168.0.115-9618&alias=node115.di.rm1&noUDP&sock=startd_1101621_f4a0>
...
014 (278545.000.001) 2025-01-24 09:05:12 Node 1 executing on host: <192.168.0.135:9618?addrs=192.168.0.135-9618&alias=node135.di.rm1&noUDP&sock=startd_2000_6980>
...
014 (278545.000.003) 2025-01-24 09:05:12 Node 3 executing on host: <192.168.0.135:9618?addrs=192.168.0.135-9618&alias=node135.di.rm1&noUDP&sock=startd_2000_6980>
...
014 (278545.000.002) 2025-01-24 09:05:12 Node 2 executing on host: <192.168.0.110:9618?addrs=192.168.0.110-9618&alias=node110.di.rm1&noUDP&sock=startd_2185_4e86>
...
001 (278545.000.000) 2025-01-24 09:05:12 Job executing on host: MPI_job
...
008 (278545.000.000) 2025-01-24 09:05:14 Launching orted on Node 0 of 4
...
008 (278545.000.000) 2025-01-24 09:05:14 Launching orted on Node 1 of 4
...
008 (278545.000.000) 2025-01-24 09:05:14 Launching orted on Node 3 of 4
...
008 (278545.000.000) 2025-01-24 09:05:14 Launching orted on Node 2 of 4
...
008 (278545.000.000) 2025-01-24 09:05:15 orted exited on Node 0 of 4
...
008 (278545.000.000) 2025-01-24 09:05:15 orted exited on Node 3 of 4
...
008 (278545.000.000) 2025-01-24 09:05:15 orted exited on Node 1 of 4
...
008 (278545.000.000) 2025-01-24 09:05:15 orted exited on Node 2 of 4
...
015 (278545.000.001) 2025-01-24 09:05:15 Node 1 terminated.
	(1) Normal termination (return value 0)
		Usr 0 00:00:00, Sys 0 00:00:00  -  Run Remote Usage
		Usr 0 00:00:00, Sys 0 00:00:00  -  Run Local Usage
		Usr 0 00:00:00, Sys 0 00:00:00  -  Total Remote Usage
		Usr 0 00:00:00, Sys 0 00:00:00  -  Total Local Usage
	2165  -  Run Bytes Sent By Node
	33639  -  Run Bytes Received By Node
	2165  -  Total Bytes Sent By Node
	33639  -  Total Bytes Received By Node
...
015 (278545.000.000) 2025-01-24 09:05:15 Node 0 terminated.
	(1) Normal termination (return value 0)
		Usr 0 00:00:00, Sys 0 00:00:00  -  Run Remote Usage
		Usr 0 00:00:00, Sys 0 00:00:00  -  Run Local Usage
		Usr 0 00:00:00, Sys 0 00:00:00  -  Total Remote Usage
		Usr 0 00:00:00, Sys 0 00:00:00  -  Total Local Usage
	3263  -  Run Bytes Sent By Node
	33639  -  Run Bytes Received By Node
	3263  -  Total Bytes Sent By Node
	33639  -  Total Bytes Received By Node
...
015 (278545.000.002) 2025-01-24 09:05:15 Node 2 terminated.
	(1) Normal termination (return value 0)
		Usr 0 00:00:00, Sys 0 00:00:00  -  Run Remote Usage
		Usr 0 00:00:00, Sys 0 00:00:00  -  Run Local Usage
		Usr 0 00:00:00, Sys 0 00:00:00  -  Total Remote Usage
		Usr 0 00:00:00, Sys 0 00:00:00  -  Total Local Usage
	2187  -  Run Bytes Sent By Node
	33639  -  Run Bytes Received By Node
	2187  -  Total Bytes Sent By Node
	33639  -  Total Bytes Received By Node
...
015 (278545.000.003) 2025-01-24 09:05:15 Node 3 terminated.
	(1) Normal termination (return value 0)
		Usr 0 00:00:01, Sys 0 00:00:00  -  Run Remote Usage
		Usr 0 00:00:00, Sys 0 00:00:00  -  Run Local Usage
		Usr 0 00:00:01, Sys 0 00:00:00  -  Total Remote Usage
		Usr 0 00:00:00, Sys 0 00:00:00  -  Total Local Usage
	2165  -  Run Bytes Sent By Node
	33639  -  Run Bytes Received By Node
	2165  -  Total Bytes Sent By Node
	33639  -  Total Bytes Received By Node
...
005 (278545.000.000) 2025-01-24 09:05:15 Job terminated.
	(1) Normal termination (return value 0)
		Usr 0 00:00:01, Sys 0 00:00:00  -  Run Remote Usage
		Usr 0 00:00:00, Sys 0 00:00:00  -  Run Local Usage
		Usr 0 00:00:00, Sys 0 00:00:00  -  Total Remote Usage
		Usr 0 00:00:00, Sys 0 00:00:00  -  Total Local Usage
	9780  -  Run Bytes Sent By Job
	134556  -  Run Bytes Received By Job
	9780  -  Total Bytes Sent By Job
	134556  -  Total Bytes Received By Job
	Partitionable Resources :    Usage  Request Allocated 
	   Cpus                 :                 1         2 
	   Disk (KB)            :       49       35 103010115 
	   Memory (MB)          :        1        1    100096 

	Job terminated of its own accord at 2025-01-24T09:05:15Z with exit-code 0.
...
