000 (271273.000.000) 2025-01-22 00:53:24 Job submitted from host: <192.168.0.102:9618?addrs=192.168.0.102-9618&alias=submitter&noUDP&sock=schedd_2032_5c88>
...
001 (271273.000.000) 2025-01-22 00:53:25 Job executing on host: <192.168.0.149:9618?addrs=192.168.0.149-9618&alias=node149.di.rm1&noUDP&sock=startd_1551_6f7a>
...
006 (271273.000.000) 2025-01-22 00:53:33 Image size of job updated: 1231896
	440  -  MemoryUsage of job (MB)
	450212  -  ResidentSetSize of job (KB)
...
006 (271273.000.000) 2025-01-22 00:54:27 Image size of job updated: 3557076
	442  -  MemoryUsage of job (MB)
	452192  -  ResidentSetSize of job (KB)
...
004 (271273.000.000) 2025-01-22 00:54:27 Job was evicted.
	(0) CPU times
		Usr 0 00:01:01, Sys 0 00:00:01  -  Run Remote Usage
		Usr 0 00:00:00, Sys 0 00:00:00  -  Run Local Usage
	0  -  Run Bytes Sent By Job
	0  -  Run Bytes Received By Job
	Partitionable Resources :    Usage  Request Allocated 
	   Cpus                 :                 1         1 
	   Disk (KB)            :       27       27    471944 
	   Memory (MB)          :      442        1       128 
...
009 (271273.000.000) 2025-01-22 00:54:27 Job was aborted.
	via condor_rm (by user calzona_2046920)
...
000 (277427.000.000) 2025-01-24 06:32:51 Job submitted from host: <192.168.0.102:9618?addrs=192.168.0.102-9618&alias=submitter&noUDP&sock=schedd_2032_5c88>
...
001 (277427.000.000) 2025-01-24 06:32:51 Job executing on host: <192.168.0.149:9618?addrs=192.168.0.149-9618&alias=node149.di.rm1&noUDP&sock=startd_1551_6f7a>
...
006 (277427.000.000) 2025-01-24 06:33:00 Image size of job updated: 1182528
	440  -  MemoryUsage of job (MB)
	449592  -  ResidentSetSize of job (KB)
...
006 (277427.000.000) 2025-01-24 06:34:53 Image size of job updated: 6576972
	440  -  MemoryUsage of job (MB)
	449724  -  ResidentSetSize of job (KB)
...
004 (277427.000.000) 2025-01-24 06:34:53 Job was evicted.
	(0) CPU times
		Usr 0 00:01:58, Sys 0 00:00:02  -  Run Remote Usage
		Usr 0 00:00:00, Sys 0 00:00:00  -  Run Local Usage
	0  -  Run Bytes Sent By Job
	0  -  Run Bytes Received By Job
	Partitionable Resources :    Usage  Request Allocated 
	   Cpus                 :                 1         1 
	   Disk (KB)            :       27       27    471944 
	   Memory (MB)          :      440        1       128 
...
009 (277427.000.000) 2025-01-24 06:34:53 Job was aborted.
	via condor_rm (by user calzona_2046920)
...
