000 (270415.000.000) 2025-01-21 23:51:22 Job submitted from host: <192.168.0.102:9618?addrs=192.168.0.102-9618&alias=submitter&noUDP&sock=schedd_2032_5c88>
...
001 (270415.000.000) 2025-01-21 23:51:23 Job executing on host: <192.168.0.147:9618?addrs=192.168.0.147-9618&alias=node147.di.rm1&noUDP&sock=startd_1513_5ee1>
...
006 (270415.000.000) 2025-01-21 23:51:31 Image size of job updated: 270496
	265  -  MemoryUsage of job (MB)
	270496  -  ResidentSetSize of job (KB)
...
006 (270415.000.000) 2025-01-21 23:52:24 Image size of job updated: 299152
	265  -  MemoryUsage of job (MB)
	270496  -  ResidentSetSize of job (KB)
...
004 (270415.000.000) 2025-01-21 23:52:24 Job was evicted.
	(0) CPU times
		Usr 0 00:03:50, Sys 0 00:00:00  -  Run Remote Usage
		Usr 0 00:00:00, Sys 0 00:00:00  -  Run Local Usage
	0  -  Run Bytes Sent By Job
	0  -  Run Bytes Received By Job
	Partitionable Resources :    Usage  Request Allocated 
	   Cpus                 :                 1         1 
	   Disk (KB)            :       27       27    469805 
	   Memory (MB)          :      265        1       128 
...
009 (270415.000.000) 2025-01-21 23:52:24 Job was aborted.
	via condor_rm (by user calzona_2046920)
...
000 (276569.000.000) 2025-01-24 04:50:14 Job submitted from host: <192.168.0.102:9618?addrs=192.168.0.102-9618&alias=submitter&noUDP&sock=schedd_2032_5c88>
...
001 (276569.000.000) 2025-01-24 04:50:14 Job executing on host: <192.168.0.151:9618?addrs=192.168.0.151-9618&alias=node151.di.rm1&noUDP&sock=startd_1528_a8cd>
...
006 (276569.000.000) 2025-01-24 04:50:23 Image size of job updated: 299152
	265  -  MemoryUsage of job (MB)
	270932  -  ResidentSetSize of job (KB)
...
004 (276569.000.000) 2025-01-24 04:52:15 Job was evicted.
	(0) CPU times
		Usr 0 00:07:48, Sys 0 00:00:00  -  Run Remote Usage
		Usr 0 00:00:00, Sys 0 00:00:00  -  Run Local Usage
	0  -  Run Bytes Sent By Job
	0  -  Run Bytes Received By Job
	Partitionable Resources :    Usage  Request Allocated 
	   Cpus                 :     4.00        1         1 
	   Disk (KB)            :    27          27    474791 
	   Memory (MB)          :   265           1       128 
...
009 (276569.000.000) 2025-01-24 04:52:15 Job was aborted.
	via condor_rm (by user calzona_2046920)
...
