000 (281345.000.000) 2025-01-25 19:54:34 Job submitted from host: <192.168.0.102:9618?addrs=192.168.0.102-9618&alias=submitter&noUDP&sock=schedd_2032_5c88>
...
014 (281345.000.003) 2025-01-25 19:54:41 Node 3 executing on host: <192.168.0.122:9618?addrs=192.168.0.122-9618&alias=node122.di.rm1&noUDP&sock=startd_2134_5331>
...
014 (281345.000.001) 2025-01-25 19:54:41 Node 1 executing on host: <192.168.0.151:9618?addrs=192.168.0.151-9618&alias=node151.di.rm1&noUDP&sock=startd_1528_a8cd>
...
014 (281345.000.005) 2025-01-25 19:54:41 Node 5 executing on host: <192.168.0.145:9618?addrs=192.168.0.145-9618&alias=node145.di.rm1&noUDP&sock=startd_1869_8e98>
...
014 (281345.000.006) 2025-01-25 19:54:41 Node 6 executing on host: <192.168.0.108:9618?addrs=192.168.0.108-9618&alias=node108.di.rm1&noUDP&sock=startd_1979_0203>
...
014 (281345.000.007) 2025-01-25 19:54:41 Node 7 executing on host: <192.168.0.151:9618?addrs=192.168.0.151-9618&alias=node151.di.rm1&noUDP&sock=startd_1528_a8cd>
...
014 (281345.000.002) 2025-01-25 19:54:41 Node 2 executing on host: <192.168.0.130:9618?addrs=192.168.0.130-9618&alias=node130.di.rm1&noUDP&sock=startd_2751195_838e>
...
014 (281345.000.004) 2025-01-25 19:54:41 Node 4 executing on host: <192.168.0.137:9618?addrs=192.168.0.137-9618&alias=node137.di.rm1&noUDP&sock=startd_1934_2440>
...
014 (281345.000.000) 2025-01-25 19:54:41 Node 0 executing on host: <192.168.0.112:9618?addrs=192.168.0.112-9618&alias=node112.di.rm1&noUDP&sock=startd_2169_5502>
...
001 (281345.000.000) 2025-01-25 19:54:41 Job executing on host: MPI_job
...
008 (281345.000.000) 2025-01-25 19:54:43 Launching orted on Node 3 of 8
...
008 (281345.000.000) 2025-01-25 19:54:43 Launching orted on Node 1 of 8
...
008 (281345.000.000) 2025-01-25 19:54:43 Launching orted on Node 6 of 8
...
008 (281345.000.000) 2025-01-25 19:54:43 Launching orted on Node 5 of 8
...
008 (281345.000.000) 2025-01-25 19:54:43 Launching orted on Node 7 of 8
...
008 (281345.000.000) 2025-01-25 19:54:44 Launching orted on Node 2 of 8
...
008 (281345.000.000) 2025-01-25 19:54:44 Launching orted on Node 0 of 8
...
008 (281345.000.000) 2025-01-25 19:54:44 Launching orted on Node 4 of 8
...
008 (281345.000.000) 2025-01-25 19:54:45 orted exited on Node 0 of 8
...
008 (281345.000.000) 2025-01-25 19:54:45 orted exited on Node 2 of 8
...
008 (281345.000.000) 2025-01-25 19:54:45 orted exited on Node 4 of 8
...
008 (281345.000.000) 2025-01-25 19:54:45 orted exited on Node 6 of 8
...
008 (281345.000.000) 2025-01-25 19:54:45 orted exited on Node 1 of 8
...
008 (281345.000.000) 2025-01-25 19:54:45 orted exited on Node 7 of 8
...
008 (281345.000.000) 2025-01-25 19:54:45 orted exited on Node 3 of 8
...
008 (281345.000.000) 2025-01-25 19:54:45 orted exited on Node 5 of 8
...
015 (281345.000.006) 2025-01-25 19:54:45 Node 6 terminated.
	(1) Normal termination (return value 0)
		Usr 0 00:00:01, Sys 0 00:00:01  -  Run Remote Usage
		Usr 0 00:00:00, Sys 0 00:00:00  -  Run Local Usage
		Usr 0 00:00:01, Sys 0 00:00:01  -  Total Remote Usage
		Usr 0 00:00:00, Sys 0 00:00:00  -  Total Local Usage
	2165  -  Run Bytes Sent By Node
	33639  -  Run Bytes Received By Node
	2165  -  Total Bytes Sent By Node
	33639  -  Total Bytes Received By Node
...
015 (281345.000.003) 2025-01-25 19:54:45 Node 3 terminated.
	(1) Normal termination (return value 0)
		Usr 0 00:00:02, Sys 0 00:00:01  -  Run Remote Usage
		Usr 0 00:00:00, Sys 0 00:00:00  -  Run Local Usage
		Usr 0 00:00:02, Sys 0 00:00:01  -  Total Remote Usage
		Usr 0 00:00:00, Sys 0 00:00:00  -  Total Local Usage
	2187  -  Run Bytes Sent By Node
	33639  -  Run Bytes Received By Node
	2187  -  Total Bytes Sent By Node
	33639  -  Total Bytes Received By Node
...
015 (281345.000.005) 2025-01-25 19:54:45 Node 5 terminated.
	(1) Normal termination (return value 0)
		Usr 0 00:00:02, Sys 0 00:00:01  -  Run Remote Usage
		Usr 0 00:00:00, Sys 0 00:00:00  -  Run Local Usage
		Usr 0 00:00:02, Sys 0 00:00:01  -  Total Remote Usage
		Usr 0 00:00:00, Sys 0 00:00:00  -  Total Local Usage
	2165  -  Run Bytes Sent By Node
	33639  -  Run Bytes Received By Node
	2165  -  Total Bytes Sent By Node
	33639  -  Total Bytes Received By Node
...
015 (281345.000.002) 2025-01-25 19:54:45 Node 2 terminated.
	(1) Normal termination (return value 0)
		Usr 0 00:00:01, Sys 0 00:00:00  -  Run Remote Usage
		Usr 0 00:00:00, Sys 0 00:00:00  -  Run Local Usage
		Usr 0 00:00:01, Sys 0 00:00:00  -  Total Remote Usage
		Usr 0 00:00:00, Sys 0 00:00:00  -  Total Local Usage
	2165  -  Run Bytes Sent By Node
	33639  -  Run Bytes Received By Node
	2165  -  Total Bytes Sent By Node
	33639  -  Total Bytes Received By Node
...
015 (281345.000.000) 2025-01-25 19:54:45 Node 0 terminated.
	(1) Normal termination (return value 0)
		Usr 0 00:00:00, Sys 0 00:00:00  -  Run Remote Usage
		Usr 0 00:00:00, Sys 0 00:00:00  -  Run Local Usage
		Usr 0 00:00:00, Sys 0 00:00:00  -  Total Remote Usage
		Usr 0 00:00:00, Sys 0 00:00:00  -  Total Local Usage
	3306  -  Run Bytes Sent By Node
	33639  -  Run Bytes Received By Node
	3306  -  Total Bytes Sent By Node
	33639  -  Total Bytes Received By Node
...
005 (281345.000.000) 2025-01-25 19:54:46 Job terminated.
	(1) Normal termination (return value 0)
		Usr 0 00:00:10, Sys 0 00:00:03  -  Run Remote Usage
		Usr 0 00:00:00, Sys 0 00:00:00  -  Run Local Usage
		Usr 0 00:00:00, Sys 0 00:00:00  -  Total Remote Usage
		Usr 0 00:00:00, Sys 0 00:00:00  -  Total Local Usage
	11988  -  Run Bytes Sent By Job
	269112  -  Run Bytes Received By Job
	11988  -  Total Bytes Sent By Job
	269112  -  Total Bytes Received By Job
	Partitionable Resources :    Usage  Request Allocated 
	   Cpus                 :                 1         2 
	   Disk (KB)            :       51       35 102912356 
	   GPUs                 :                           0 
	   Memory (MB)          :        0      296    100096 

	Job terminated of its own accord at 2025-01-25T19:54:45Z with exit-code 0.
...
