000 (281910.000.000) 2025-01-26 15:18:24 Job submitted from host: <192.168.0.102:9618?addrs=192.168.0.102-9618&alias=submitter&noUDP&sock=schedd_2032_5c88>
...
014 (281910.000.000) 2025-01-26 15:18:31 Node 0 executing on host: <192.168.0.124:9618?addrs=192.168.0.124-9618&alias=node124.di.rm1&noUDP&sock=startd_2143_7f8b>
...
014 (281910.000.001) 2025-01-26 15:18:32 Node 1 executing on host: <192.168.0.142:9618?addrs=192.168.0.142-9618&alias=node142.di.rm1&noUDP&sock=startd_1996_ab1f>
...
001 (281910.000.000) 2025-01-26 15:18:32 Job executing on host: MPI_job
...
008 (281910.000.000) 2025-01-26 15:18:34 Launching orted on Node 0 of 2
...
008 (281910.000.000) 2025-01-26 15:18:34 Launching orted on Node 1 of 2
...
008 (281910.000.000) 2025-01-26 15:19:20 orted exited on Node 0 of 2
...
008 (281910.000.000) 2025-01-26 15:19:20 orted exited on Node 1 of 2
...
015 (281910.000.001) 2025-01-26 15:19:20 Node 1 terminated.
	(1) Normal termination (return value 0)
		Usr 0 00:00:44, Sys 0 00:00:01  -  Run Remote Usage
		Usr 0 00:00:00, Sys 0 00:00:00  -  Run Local Usage
		Usr 0 00:00:44, Sys 0 00:00:01  -  Total Remote Usage
		Usr 0 00:00:00, Sys 0 00:00:00  -  Total Local Usage
	2165  -  Run Bytes Sent By Node
	33711  -  Run Bytes Received By Node
	2165  -  Total Bytes Sent By Node
	33711  -  Total Bytes Received By Node
...
015 (281910.000.000) 2025-01-26 15:19:20 Node 0 terminated.
	(1) Normal termination (return value 0)
		Usr 0 00:00:44, Sys 0 00:00:02  -  Run Remote Usage
		Usr 0 00:00:00, Sys 0 00:00:00  -  Run Local Usage
		Usr 0 00:00:44, Sys 0 00:00:02  -  Total Remote Usage
		Usr 0 00:00:00, Sys 0 00:00:00  -  Total Local Usage
	3303  -  Run Bytes Sent By Node
	33711  -  Run Bytes Received By Node
	3303  -  Total Bytes Sent By Node
	33711  -  Total Bytes Received By Node
...
005 (281910.000.000) 2025-01-26 15:19:21 Job terminated.
	(1) Normal termination (return value 0)
		Usr 0 00:01:28, Sys 0 00:00:03  -  Run Remote Usage
		Usr 0 00:00:00, Sys 0 00:00:00  -  Run Local Usage
		Usr 0 00:00:39, Sys 0 00:00:02  -  Total Remote Usage
		Usr 0 00:00:00, Sys 0 00:00:00  -  Total Local Usage
	5468  -  Run Bytes Sent By Job
	67422  -  Run Bytes Received By Job
	5468  -  Total Bytes Sent By Job
	67422  -  Total Bytes Received By Job
	Partitionable Resources :    Usage  Request Allocated 
	   Cpus                 :     1.00        1         1 
	   Disk (KB)            :    56          35    499302 
	   GPUs                 :                           0 
	   Memory (MB)          :   272         345     53248 

	Job terminated of its own accord at 2025-01-26T15:19:20Z with exit-code 0.
...
000 (288748.000.000) 2025-01-28 20:55:19 Job submitted from host: <192.168.0.102:9618?addrs=192.168.0.102-9618&alias=submitter&noUDP&sock=schedd_2032_5c88>
...
014 (288748.000.000) 2025-01-28 20:55:26 Node 0 executing on host: <192.168.0.135:9618?addrs=192.168.0.135-9618&alias=node135.di.rm1&noUDP&sock=startd_2000_6980>
...
014 (288748.000.001) 2025-01-28 20:55:26 Node 1 executing on host: <192.168.0.115:9618?addrs=192.168.0.115-9618&alias=node115.di.rm1&noUDP&sock=startd_1101621_f4a0>
...
001 (288748.000.000) 2025-01-28 20:55:26 Job executing on host: MPI_job
...
008 (288748.000.000) 2025-01-28 20:55:28 Launching orted on Node 0 of 2
...
008 (288748.000.000) 2025-01-28 20:55:28 Launching orted on Node 1 of 2
...
008 (288748.000.000) 2025-01-28 20:56:13 orted exited on Node 0 of 2
...
008 (288748.000.000) 2025-01-28 20:56:13 orted exited on Node 1 of 2
...
015 (288748.000.000) 2025-01-28 20:56:13 Node 0 terminated.
	(1) Normal termination (return value 0)
		Usr 0 00:00:07, Sys 0 00:00:01  -  Run Remote Usage
		Usr 0 00:00:00, Sys 0 00:00:00  -  Run Local Usage
		Usr 0 00:00:07, Sys 0 00:00:01  -  Total Remote Usage
		Usr 0 00:00:00, Sys 0 00:00:00  -  Total Local Usage
	3259  -  Run Bytes Sent By Node
	33711  -  Run Bytes Received By Node
	3259  -  Total Bytes Sent By Node
	33711  -  Total Bytes Received By Node
...
005 (288748.000.000) 2025-01-28 20:56:13 Job terminated.
	(1) Normal termination (return value 0)
		Usr 0 00:00:50, Sys 0 00:00:02  -  Run Remote Usage
		Usr 0 00:00:00, Sys 0 00:00:00  -  Run Local Usage
		Usr 0 00:00:07, Sys 0 00:00:01  -  Total Remote Usage
		Usr 0 00:00:00, Sys 0 00:00:00  -  Total Local Usage
	3259  -  Run Bytes Sent By Job
	67422  -  Run Bytes Received By Job
	3259  -  Total Bytes Sent By Job
	67422  -  Total Bytes Received By Job
	Partitionable Resources :    Usage  Request Allocated 
	   Cpus                 :                 1         2 
	   Disk (KB)            :       50       35 102650546 
	   Memory (MB)          :      327      300    100096 

	Job terminated of its own accord at 2025-01-28T20:56:13Z with exit-code 0.
...
