000 (263870.000.000) 2025-01-17 11:21:06 Job submitted from host: <192.168.0.102:9618?addrs=192.168.0.102-9618&alias=submitter&noUDP&sock=schedd_2032_5c88>
...
001 (263870.000.000) 2025-01-17 11:21:12 Job executing on host: <192.168.0.110:9618?addrs=192.168.0.110-9618&alias=node110.di.rm1&noUDP&sock=startd_2185_4e86>
...
006 (263870.000.000) 2025-01-17 11:21:21 Image size of job updated: 1454844
	482  -  MemoryUsage of job (MB)
	493284  -  ResidentSetSize of job (KB)
...
006 (263870.000.000) 2025-01-17 11:26:22 Image size of job updated: 8538888
	7595  -  MemoryUsage of job (MB)
	7776444  -  ResidentSetSize of job (KB)
...
006 (263870.000.000) 2025-01-17 11:33:27 Image size of job updated: 9750120
	8801  -  MemoryUsage of job (MB)
	9011392  -  ResidentSetSize of job (KB)
...
006 (263870.000.000) 2025-01-17 11:33:31 Image size of job updated: 9750120
	8818  -  MemoryUsage of job (MB)
	9029476  -  ResidentSetSize of job (KB)
...
004 (263870.000.000) 2025-01-17 11:33:31 Job was evicted.
	(0) CPU times
		Usr 0 00:03:32, Sys 0 00:05:03  -  Run Remote Usage
		Usr 0 00:00:00, Sys 0 00:00:00  -  Run Local Usage
	0  -  Run Bytes Sent By Job
	0  -  Run Bytes Received By Job
	Partitionable Resources :    Usage  Request Allocated 
	   Cpus                 :     0.71        1         1 
	   Disk (KB)            :    27          27    468087 
	   Gpus (Average)       :                 0         0 
	   Memory (MB)          :  8818           1       128 
...
009 (263870.000.000) 2025-01-17 11:33:31 Job was aborted.
	via condor_rm (by user calzona_2046920)
...
