000 (270402.000.000) 2025-01-21 23:49:20 Job submitted from host: <192.168.0.102:9618?addrs=192.168.0.102-9618&alias=submitter&noUDP&sock=schedd_2032_5c88>
...
001 (270402.000.000) 2025-01-21 23:49:22 Job executing on host: <192.168.0.151:9618?addrs=192.168.0.151-9618&alias=node151.di.rm1&noUDP&sock=startd_1528_a8cd>
...
006 (270402.000.000) 2025-01-21 23:49:32 Image size of job updated: 430980
	421  -  MemoryUsage of job (MB)
	430980  -  ResidentSetSize of job (KB)
...
006 (270402.000.000) 2025-01-21 23:50:22 Image size of job updated: 2622708
	423  -  MemoryUsage of job (MB)
	433092  -  ResidentSetSize of job (KB)
...
004 (270402.000.000) 2025-01-21 23:50:22 Job was evicted.
	(0) CPU times
		Usr 0 00:00:56, Sys 0 00:00:01  -  Run Remote Usage
		Usr 0 00:00:00, Sys 0 00:00:00  -  Run Local Usage
	0  -  Run Bytes Sent By Job
	0  -  Run Bytes Received By Job
	Partitionable Resources :    Usage  Request Allocated 
	   Cpus                 :                 1         1 
	   Disk (KB)            :       27       27    474791 
	   Memory (MB)          :      423        1       128 
...
009 (270402.000.000) 2025-01-21 23:50:22 Job was aborted.
	via condor_rm (by user calzona_2046920)
...
000 (276556.000.000) 2025-01-24 04:46:11 Job submitted from host: <192.168.0.102:9618?addrs=192.168.0.102-9618&alias=submitter&noUDP&sock=schedd_2032_5c88>
...
001 (276556.000.000) 2025-01-24 04:46:14 Job executing on host: <192.168.0.124:9618?addrs=192.168.0.124-9618&alias=node124.di.rm1&noUDP&sock=startd_2143_7f8b>
...
006 (276556.000.000) 2025-01-24 04:46:22 Image size of job updated: 381316
	371  -  MemoryUsage of job (MB)
	378940  -  ResidentSetSize of job (KB)
...
006 (276556.000.000) 2025-01-24 04:48:13 Image size of job updated: 5667664
	371  -  MemoryUsage of job (MB)
	378940  -  ResidentSetSize of job (KB)
...
004 (276556.000.000) 2025-01-24 04:48:13 Job was evicted.
	(0) CPU times
		Usr 0 00:01:56, Sys 0 00:00:03  -  Run Remote Usage
		Usr 0 00:00:00, Sys 0 00:00:00  -  Run Local Usage
	0  -  Run Bytes Sent By Job
	0  -  Run Bytes Received By Job
	Partitionable Resources :    Usage  Request Allocated 
	   Cpus                 :                 1         1 
	   Disk (KB)            :       27       27    499302 
	   Gpus (Average)       :                 0         0 
	   Memory (MB)          :      371        1       128 
...
009 (276556.000.000) 2025-01-24 04:48:13 Job was aborted.
	via condor_rm (by user calzona_2046920)
...
