000 (295986.000.000) 2025-01-31 03:24:54 Job submitted from host: <192.168.0.102:9618?addrs=192.168.0.102-9618&alias=submitter&noUDP&sock=schedd_4045053_7bc0>
...
014 (295986.000.000) 2025-01-31 03:25:16 Node 0 executing on host: <192.168.0.149:9618?addrs=192.168.0.149-9618&alias=node149.di.rm1&noUDP&sock=startd_1551_6f7a>
...
014 (295986.000.002) 2025-01-31 03:25:16 Node 2 executing on host: <192.168.0.149:9618?addrs=192.168.0.149-9618&alias=node149.di.rm1&noUDP&sock=startd_1551_6f7a>
...
014 (295986.000.006) 2025-01-31 03:25:17 Node 6 executing on host: <192.168.0.110:9618?addrs=192.168.0.110-9618&alias=node110.di.rm1&noUDP&sock=startd_2154_0b16>
...
014 (295986.000.001) 2025-01-31 03:25:17 Node 1 executing on host: <192.168.0.105:9618?addrs=192.168.0.105-9618&alias=node105.di.rm1&noUDP&sock=startd_1951_cd5c>
...
014 (295986.000.005) 2025-01-31 03:25:17 Node 5 executing on host: <192.168.0.145:9618?addrs=192.168.0.145-9618&alias=node145.di.rm1&noUDP&sock=startd_1869_8e98>
...
014 (295986.000.003) 2025-01-31 03:25:17 Node 3 executing on host: <192.168.0.135:9618?addrs=192.168.0.135-9618&alias=node135.di.rm1&noUDP&sock=startd_2000_6980>
...
014 (295986.000.004) 2025-01-31 03:25:17 Node 4 executing on host: <192.168.0.115:9618?addrs=192.168.0.115-9618&alias=node115.di.rm1&noUDP&sock=startd_1101621_f4a0>
...
014 (295986.000.007) 2025-01-31 03:25:17 Node 7 executing on host: <192.168.0.120:9618?addrs=192.168.0.120-9618&alias=node120.di.rm1&noUDP&sock=startd_2096_4298>
...
001 (295986.000.000) 2025-01-31 03:25:17 Job executing on host: MPI_job
...
008 (295986.000.000) 2025-01-31 03:25:19 Launching orted on Node 0 of 8
...
008 (295986.000.000) 2025-01-31 03:25:19 Launching orted on Node 2 of 8
...
008 (295986.000.000) 2025-01-31 03:25:19 Launching orted on Node 6 of 8
...
008 (295986.000.000) 2025-01-31 03:25:19 Launching orted on Node 7 of 8
...
008 (295986.000.000) 2025-01-31 03:25:19 Launching orted on Node 5 of 8
...
008 (295986.000.000) 2025-01-31 03:25:19 Launching orted on Node 3 of 8
...
008 (295986.000.000) 2025-01-31 03:25:19 Launching orted on Node 4 of 8
...
008 (295986.000.000) 2025-01-31 03:25:19 Launching orted on Node 1 of 8
...
008 (295986.000.000) 2025-01-31 03:25:27 orted exited on Node 4 of 8
...
008 (295986.000.000) 2025-01-31 03:25:27 orted exited on Node 1 of 8
...
008 (295986.000.000) 2025-01-31 03:25:27 orted exited on Node 3 of 8
...
008 (295986.000.000) 2025-01-31 03:25:27 orted exited on Node 5 of 8
...
008 (295986.000.000) 2025-01-31 03:25:27 orted exited on Node 6 of 8
...
008 (295986.000.000) 2025-01-31 03:25:27 orted exited on Node 0 of 8
...
008 (295986.000.000) 2025-01-31 03:25:27 orted exited on Node 2 of 8
...
008 (295986.000.000) 2025-01-31 03:25:27 orted exited on Node 7 of 8
...
015 (295986.000.005) 2025-01-31 03:25:27 Node 5 terminated.
	(1) Normal termination (return value 0)
		Usr 0 00:00:30, Sys 0 00:00:00  -  Run Remote Usage
		Usr 0 00:00:00, Sys 0 00:00:00  -  Run Local Usage
		Usr 0 00:00:30, Sys 0 00:00:00  -  Total Remote Usage
		Usr 0 00:00:00, Sys 0 00:00:00  -  Total Local Usage
	2333  -  Run Bytes Sent By Node
	33831  -  Run Bytes Received By Node
	2333  -  Total Bytes Sent By Node
	33831  -  Total Bytes Received By Node
...
015 (295986.000.006) 2025-01-31 03:25:27 Node 6 terminated.
	(1) Normal termination (return value 0)
		Usr 0 00:00:29, Sys 0 00:00:00  -  Run Remote Usage
		Usr 0 00:00:00, Sys 0 00:00:00  -  Run Local Usage
		Usr 0 00:00:29, Sys 0 00:00:00  -  Total Remote Usage
		Usr 0 00:00:00, Sys 0 00:00:00  -  Total Local Usage
	2355  -  Run Bytes Sent By Node
	33831  -  Run Bytes Received By Node
	2355  -  Total Bytes Sent By Node
	33831  -  Total Bytes Received By Node
...
015 (295986.000.007) 2025-01-31 03:25:27 Node 7 terminated.
	(1) Normal termination (return value 0)
		Usr 0 00:00:29, Sys 0 00:00:00  -  Run Remote Usage
		Usr 0 00:00:00, Sys 0 00:00:00  -  Run Local Usage
		Usr 0 00:00:29, Sys 0 00:00:00  -  Total Remote Usage
		Usr 0 00:00:00, Sys 0 00:00:00  -  Total Local Usage
	2355  -  Run Bytes Sent By Node
	33831  -  Run Bytes Received By Node
	2355  -  Total Bytes Sent By Node
	33831  -  Total Bytes Received By Node
...
015 (295986.000.002) 2025-01-31 03:25:27 Node 2 terminated.
	(1) Normal termination (return value 0)
		Usr 0 00:00:29, Sys 0 00:00:00  -  Run Remote Usage
		Usr 0 00:00:00, Sys 0 00:00:00  -  Run Local Usage
		Usr 0 00:00:29, Sys 0 00:00:00  -  Total Remote Usage
		Usr 0 00:00:00, Sys 0 00:00:00  -  Total Local Usage
	0  -  Run Bytes Sent By Node
	33831  -  Run Bytes Received By Node
	0  -  Total Bytes Sent By Node
	33831  -  Total Bytes Received By Node
...
015 (295986.000.000) 2025-01-31 03:25:27 Node 0 terminated.
	(1) Normal termination (return value 0)
		Usr 0 00:00:21, Sys 0 00:00:00  -  Run Remote Usage
		Usr 0 00:00:00, Sys 0 00:00:00  -  Run Local Usage
		Usr 0 00:00:21, Sys 0 00:00:00  -  Total Remote Usage
		Usr 0 00:00:00, Sys 0 00:00:00  -  Total Local Usage
	3992  -  Run Bytes Sent By Node
	33831  -  Run Bytes Received By Node
	3992  -  Total Bytes Sent By Node
	33831  -  Total Bytes Received By Node
...
005 (295986.000.000) 2025-01-31 03:25:27 Job terminated.
	(1) Normal termination (return value 0)
		Usr 0 00:03:45, Sys 0 00:00:00  -  Run Remote Usage
		Usr 0 00:00:00, Sys 0 00:00:00  -  Run Local Usage
		Usr 0 00:00:21, Sys 0 00:00:00  -  Total Remote Usage
		Usr 0 00:00:00, Sys 0 00:00:00  -  Total Local Usage
	11035  -  Run Bytes Sent By Job
	270648  -  Run Bytes Received By Job
	11035  -  Total Bytes Sent By Job
	270648  -  Total Bytes Received By Job
	Partitionable Resources :    Usage  Request Allocated 
	   Cpus                 :        0        1         1 
	   Disk (KB)            :       59       35    471944 
	   Memory (MB)          :       29       28     40960 

	Job terminated of its own accord at 2025-01-31T03:25:27Z with exit-code 0.
...
