000 (271475.000.000) 2025-01-22 01:06:35 Job submitted from host: <192.168.0.102:9618?addrs=192.168.0.102-9618&alias=submitter&noUDP&sock=schedd_2032_5c88>
...
001 (271475.000.000) 2025-01-22 01:06:37 Job executing on host: <192.168.0.151:9618?addrs=192.168.0.151-9618&alias=node151.di.rm1&noUDP&sock=startd_1528_a8cd>
...
006 (271475.000.000) 2025-01-22 01:06:46 Image size of job updated: 1196004
	464  -  MemoryUsage of job (MB)
	474144  -  ResidentSetSize of job (KB)
...
006 (271475.000.000) 2025-01-22 01:07:38 Image size of job updated: 3460116
	464  -  MemoryUsage of job (MB)
	474936  -  ResidentSetSize of job (KB)
...
004 (271475.000.000) 2025-01-22 01:07:38 Job was evicted.
	(0) CPU times
		Usr 0 00:00:58, Sys 0 00:00:01  -  Run Remote Usage
		Usr 0 00:00:00, Sys 0 00:00:00  -  Run Local Usage
	0  -  Run Bytes Sent By Job
	0  -  Run Bytes Received By Job
	Partitionable Resources :    Usage  Request Allocated 
	   Cpus                 :                 1         1 
	   Disk (KB)            :       27       27    474791 
	   Memory (MB)          :      464        1       128 
...
009 (271475.000.000) 2025-01-22 01:07:38 Job was aborted.
	via condor_rm (by user calzona_2046920)
...
000 (277629.000.000) 2025-01-24 06:52:59 Job submitted from host: <192.168.0.102:9618?addrs=192.168.0.102-9618&alias=submitter&noUDP&sock=schedd_2032_5c88>
...
001 (277629.000.000) 2025-01-24 06:53:00 Job executing on host: <192.168.0.151:9618?addrs=192.168.0.151-9618&alias=node151.di.rm1&noUDP&sock=startd_1528_a8cd>
...
006 (277629.000.000) 2025-01-24 06:53:08 Image size of job updated: 432164
	422  -  MemoryUsage of job (MB)
	431768  -  ResidentSetSize of job (KB)
...
006 (277629.000.000) 2025-01-24 06:55:01 Image size of job updated: 7087708
	422  -  MemoryUsage of job (MB)
	431900  -  ResidentSetSize of job (KB)
...
004 (277629.000.000) 2025-01-24 06:55:01 Job was evicted.
	(0) CPU times
		Usr 0 00:01:58, Sys 0 00:00:02  -  Run Remote Usage
		Usr 0 00:00:00, Sys 0 00:00:00  -  Run Local Usage
	0  -  Run Bytes Sent By Job
	0  -  Run Bytes Received By Job
	Partitionable Resources :    Usage  Request Allocated 
	   Cpus                 :                 1         1 
	   Disk (KB)            :       27       27    474791 
	   Memory (MB)          :      422        1       128 
...
009 (277629.000.000) 2025-01-24 06:55:01 Job was aborted.
	via condor_rm (by user calzona_2046920)
...
