000 (262451.000.000) 2025-01-17 11:14:12 Job submitted from host: <192.168.0.102:9618?addrs=192.168.0.102-9618&alias=submitter&noUDP&sock=schedd_2032_5c88>
...
001 (262451.000.000) 2025-01-17 11:14:30 Job executing on host: <192.168.0.107:9618?addrs=192.168.0.107-9618&alias=node107.di.rm1&noUDP&sock=startd_1981_6134>
...
006 (262451.000.000) 2025-01-17 11:14:38 Image size of job updated: 1586572
	742  -  MemoryUsage of job (MB)
	759000  -  ResidentSetSize of job (KB)
...
006 (262451.000.000) 2025-01-17 11:19:38 Image size of job updated: 13557704
	13236  -  MemoryUsage of job (MB)
	13553584  -  ResidentSetSize of job (KB)
...
004 (262451.000.000) 2025-01-17 11:20:12 Job was evicted.
	(0) CPU times
		Usr 0 00:05:34, Sys 0 00:00:06  -  Run Remote Usage
		Usr 0 00:00:00, Sys 0 00:00:00  -  Run Local Usage
	0  -  Run Bytes Sent By Job
	0  -  Run Bytes Received By Job
	Partitionable Resources :    Usage  Request Allocated 
	   Cpus                 :     1.00        1         1 
	   Disk (KB)            :    27          27    471963 
	   Memory (MB)          : 13236           1       128 
...
009 (262451.000.000) 2025-01-17 11:20:12 Job was aborted.
	via condor_rm (by user calzona_2046920)
...
