000 (268045.000.000) 2025-01-21 21:10:23 Job submitted from host: <192.168.0.102:9618?addrs=192.168.0.102-9618&alias=submitter&noUDP&sock=schedd_2032_5c88>
...
001 (268045.000.000) 2025-01-21 21:10:32 Job executing on host: <192.168.0.107:9618?addrs=192.168.0.107-9618&alias=node107.di.rm1&noUDP&sock=startd_1981_6134>
...
006 (268045.000.000) 2025-01-21 21:10:40 Image size of job updated: 474144
	464  -  MemoryUsage of job (MB)
	474144  -  ResidentSetSize of job (KB)
...
006 (268045.000.000) 2025-01-21 21:11:05 Image size of job updated: 2197212
	465  -  MemoryUsage of job (MB)
	475200  -  ResidentSetSize of job (KB)
...
004 (268045.000.000) 2025-01-21 21:11:05 Job was evicted.
	(0) CPU times
		Usr 0 00:00:31, Sys 0 00:00:00  -  Run Remote Usage
		Usr 0 00:00:00, Sys 0 00:00:00  -  Run Local Usage
	0  -  Run Bytes Sent By Job
	0  -  Run Bytes Received By Job
	Partitionable Resources :    Usage  Request Allocated 
	   Cpus                 :                 1         1 
	   Disk (KB)            :       27       27    471963 
	   Memory (MB)          :      465        1       128 
...
009 (268045.000.000) 2025-01-21 21:11:05 Job was aborted.
	via condor_rm (by user calzona_2046920)
...
000 (270646.000.000) 2025-01-22 00:07:11 Job submitted from host: <192.168.0.102:9618?addrs=192.168.0.102-9618&alias=submitter&noUDP&sock=schedd_2032_5c88>
...
001 (270646.000.000) 2025-01-22 00:07:31 Job executing on host: <192.168.0.147:9618?addrs=192.168.0.147-9618&alias=node147.di.rm1&noUDP&sock=startd_1513_5ee1>
...
006 (270646.000.000) 2025-01-22 00:07:39 Image size of job updated: 1454712
	483  -  MemoryUsage of job (MB)
	494472  -  ResidentSetSize of job (KB)
...
006 (270646.000.000) 2025-01-22 00:08:12 Image size of job updated: 3068676
	485  -  MemoryUsage of job (MB)
	495660  -  ResidentSetSize of job (KB)
...
004 (270646.000.000) 2025-01-22 00:08:12 Job was evicted.
	(0) CPU times
		Usr 0 00:00:40, Sys 0 00:00:01  -  Run Remote Usage
		Usr 0 00:00:00, Sys 0 00:00:00  -  Run Local Usage
	0  -  Run Bytes Sent By Job
	0  -  Run Bytes Received By Job
	Partitionable Resources :    Usage  Request Allocated 
	   Cpus                 :                 1         1 
	   Disk (KB)            :       27       27    469805 
	   Memory (MB)          :      485        1       128 
...
009 (270646.000.000) 2025-01-22 00:08:13 Job was aborted.
	via condor_rm (by user calzona_2046920)
...
