000 (270048.000.000) 2025-01-21 23:24:40 Job submitted from host: <192.168.0.102:9618?addrs=192.168.0.102-9618&alias=submitter&noUDP&sock=schedd_2032_5c88>
...
001 (270048.000.000) 2025-01-21 23:24:40 Job executing on host: <192.168.0.109:9618?addrs=192.168.0.109-9618&alias=node109.di.rm1&noUDP&sock=startd_1627_90ad>
...
006 (270048.000.000) 2025-01-21 23:24:49 Image size of job updated: 1303572
	607  -  MemoryUsage of job (MB)
	621276  -  ResidentSetSize of job (KB)
...
006 (270048.000.000) 2025-01-21 23:25:41 Image size of job updated: 4006680
	608  -  MemoryUsage of job (MB)
	621672  -  ResidentSetSize of job (KB)
...
004 (270048.000.000) 2025-01-21 23:25:42 Job was evicted.
	(0) CPU times
		Usr 0 00:01:00, Sys 0 00:00:01  -  Run Remote Usage
		Usr 0 00:00:00, Sys 0 00:00:00  -  Run Local Usage
	0  -  Run Bytes Sent By Job
	0  -  Run Bytes Received By Job
	Partitionable Resources :    Usage  Request Allocated 
	   Cpus                 :                 1         1 
	   Disk (KB)            :       27       27    468160 
	   Memory (MB)          :      608        1       128 
...
009 (270048.000.000) 2025-01-21 23:25:42 Job was aborted.
	via condor_rm (by user calzona_2046920)
...
000 (276206.000.000) 2025-01-24 04:07:41 Job submitted from host: <192.168.0.102:9618?addrs=192.168.0.102-9618&alias=submitter&noUDP&sock=schedd_2032_5c88>
...
001 (276206.000.000) 2025-01-24 04:07:41 Job executing on host: <192.168.0.148:9618?addrs=192.168.0.148-9618&alias=node148.di.rm1&noUDP&sock=startd_1547_b119>
...
006 (276206.000.000) 2025-01-24 04:07:50 Image size of job updated: 1118112
	539  -  MemoryUsage of job (MB)
	551628  -  ResidentSetSize of job (KB)
...
006 (276206.000.000) 2025-01-24 04:09:43 Image size of job updated: 6764356
	539  -  MemoryUsage of job (MB)
	551760  -  ResidentSetSize of job (KB)
...
004 (276206.000.000) 2025-01-24 04:09:43 Job was evicted.
	(0) CPU times
		Usr 0 00:03:10, Sys 0 00:00:06  -  Run Remote Usage
		Usr 0 00:00:00, Sys 0 00:00:00  -  Run Local Usage
	0  -  Run Bytes Sent By Job
	0  -  Run Bytes Received By Job
	Partitionable Resources :    Usage  Request Allocated 
	   Cpus                 :                 1         1 
	   Disk (KB)            :       27       27    467548 
	   Memory (MB)          :      539        1       128 
...
009 (276206.000.000) 2025-01-24 04:09:43 Job was aborted.
	via condor_rm (by user calzona_2046920)
...
