000 (269225.000.000) 2025-01-21 22:27:05 Job submitted from host: <192.168.0.102:9618?addrs=192.168.0.102-9618&alias=submitter&noUDP&sock=schedd_2032_5c88>
...
001 (269225.000.000) 2025-01-21 22:27:07 Job executing on host: <192.168.0.147:9618?addrs=192.168.0.147-9618&alias=node147.di.rm1&noUDP&sock=startd_1513_5ee1>
...
006 (269225.000.000) 2025-01-21 22:27:15 Image size of job updated: 1124136
	728  -  MemoryUsage of job (MB)
	744612  -  ResidentSetSize of job (KB)
...
006 (269225.000.000) 2025-01-21 22:27:49 Image size of job updated: 3861928
	728  -  MemoryUsage of job (MB)
	745140  -  ResidentSetSize of job (KB)
...
004 (269225.000.000) 2025-01-21 22:27:49 Job was evicted.
	(0) CPU times
		Usr 0 00:00:40, Sys 0 00:00:01  -  Run Remote Usage
		Usr 0 00:00:00, Sys 0 00:00:00  -  Run Local Usage
	0  -  Run Bytes Sent By Job
	0  -  Run Bytes Received By Job
	Partitionable Resources :    Usage  Request Allocated 
	   Cpus                 :                 1         1 
	   Disk (KB)            :       27       27    469805 
	   Memory (MB)          :      728        1       128 
...
009 (269225.000.000) 2025-01-21 22:27:49 Job was aborted.
	via condor_rm (by user calzona_2046920)
...
000 (269309.000.000) 2025-01-21 22:34:18 Job submitted from host: <192.168.0.102:9618?addrs=192.168.0.102-9618&alias=submitter&noUDP&sock=schedd_2032_5c88>
...
001 (269309.000.000) 2025-01-21 22:34:19 Job executing on host: <192.168.0.109:9618?addrs=192.168.0.109-9618&alias=node109.di.rm1&noUDP&sock=startd_1627_90ad>
...
006 (269309.000.000) 2025-01-21 22:34:27 Image size of job updated: 749576
	732  -  MemoryUsage of job (MB)
	748652  -  ResidentSetSize of job (KB)
...
006 (269309.000.000) 2025-01-21 22:35:20 Image size of job updated: 6188644
	732  -  MemoryUsage of job (MB)
	748916  -  ResidentSetSize of job (KB)
...
004 (269309.000.000) 2025-01-21 22:35:20 Job was evicted.
	(0) CPU times
		Usr 0 00:01:00, Sys 0 00:00:02  -  Run Remote Usage
		Usr 0 00:00:00, Sys 0 00:00:00  -  Run Local Usage
	0  -  Run Bytes Sent By Job
	0  -  Run Bytes Received By Job
	Partitionable Resources :    Usage  Request Allocated 
	   Cpus                 :                 1         1 
	   Disk (KB)            :       27       27    468160 
	   Memory (MB)          :      732        1       128 
...
009 (269309.000.000) 2025-01-21 22:35:20 Job was aborted.
	via condor_rm (by user calzona_2046920)
...
