000 (281892.000.000) 2025-01-26 15:17:07 Job submitted from host: <192.168.0.102:9618?addrs=192.168.0.102-9618&alias=submitter&noUDP&sock=schedd_2032_5c88>
...
014 (281892.000.000) 2025-01-26 15:17:13 Node 0 executing on host: <192.168.0.142:9618?addrs=192.168.0.142-9618&alias=node142.di.rm1&noUDP&sock=startd_1996_ab1f>
...
014 (281892.000.001) 2025-01-26 15:17:13 Node 1 executing on host: <192.168.0.145:9618?addrs=192.168.0.145-9618&alias=node145.di.rm1&noUDP&sock=startd_1869_8e98>
...
001 (281892.000.000) 2025-01-26 15:17:13 Job executing on host: MPI_job
...
008 (281892.000.000) 2025-01-26 15:17:15 Launching orted on Node 0 of 2
...
008 (281892.000.000) 2025-01-26 15:17:16 Launching orted on Node 1 of 2
...
008 (281892.000.000) 2025-01-26 15:17:27 orted exited on Node 1 of 2
...
008 (281892.000.000) 2025-01-26 15:17:27 orted exited on Node 0 of 2
...
015 (281892.000.000) 2025-01-26 15:17:28 Node 0 terminated.
	(1) Normal termination (return value 0)
		Usr 0 00:00:06, Sys 0 00:00:00  -  Run Remote Usage
		Usr 0 00:00:00, Sys 0 00:00:00  -  Run Local Usage
		Usr 0 00:00:06, Sys 0 00:00:00  -  Total Remote Usage
		Usr 0 00:00:00, Sys 0 00:00:00  -  Total Local Usage
	3259  -  Run Bytes Sent By Node
	33711  -  Run Bytes Received By Node
	3259  -  Total Bytes Sent By Node
	33711  -  Total Bytes Received By Node
...
005 (281892.000.000) 2025-01-26 15:17:28 Job terminated.
	(1) Normal termination (return value 0)
		Usr 0 00:00:16, Sys 0 00:00:00  -  Run Remote Usage
		Usr 0 00:00:00, Sys 0 00:00:00  -  Run Local Usage
		Usr 0 00:00:01, Sys 0 00:00:00  -  Total Remote Usage
		Usr 0 00:00:00, Sys 0 00:00:00  -  Total Local Usage
	3259  -  Run Bytes Sent By Job
	67422  -  Run Bytes Received By Job
	3259  -  Total Bytes Sent By Job
	67422  -  Total Bytes Received By Job
	Partitionable Resources :    Usage  Request Allocated 
	   Cpus                 :                 1         1 
	   Disk (KB)            :       49       35    459874 
	   Memory (MB)          :      338        0     53248 

	Job terminated of its own accord at 2025-01-26T15:17:27Z with exit-code 0.
...
000 (288729.000.000) 2025-01-28 20:54:02 Job submitted from host: <192.168.0.102:9618?addrs=192.168.0.102-9618&alias=submitter&noUDP&sock=schedd_2032_5c88>
...
014 (288729.000.001) 2025-01-28 20:54:06 Node 1 executing on host: <192.168.0.114:9618?addrs=192.168.0.114-9618&alias=node114.di.rm1&noUDP&sock=startd_2075_db1b>
...
014 (288729.000.000) 2025-01-28 20:54:06 Node 0 executing on host: <192.168.0.149:9618?addrs=192.168.0.149-9618&alias=node149.di.rm1&noUDP&sock=startd_1551_6f7a>
...
001 (288729.000.000) 2025-01-28 20:54:06 Job executing on host: MPI_job
...
008 (288729.000.000) 2025-01-28 20:54:08 Launching orted on Node 1 of 2
...
008 (288729.000.000) 2025-01-28 20:54:08 Launching orted on Node 0 of 2
...
008 (288729.000.000) 2025-01-28 20:54:19 orted exited on Node 1 of 2
...
008 (288729.000.000) 2025-01-28 20:54:19 orted exited on Node 0 of 2
...
015 (288729.000.001) 2025-01-28 20:54:19 Node 1 terminated.
	(1) Normal termination (return value 0)
		Usr 0 00:00:10, Sys 0 00:00:00  -  Run Remote Usage
		Usr 0 00:00:00, Sys 0 00:00:00  -  Run Local Usage
		Usr 0 00:00:10, Sys 0 00:00:00  -  Total Remote Usage
		Usr 0 00:00:00, Sys 0 00:00:00  -  Total Local Usage
	2165  -  Run Bytes Sent By Node
	33711  -  Run Bytes Received By Node
	2165  -  Total Bytes Sent By Node
	33711  -  Total Bytes Received By Node
...
015 (288729.000.000) 2025-01-28 20:54:19 Node 0 terminated.
	(1) Normal termination (return value 0)
		Usr 0 00:00:06, Sys 0 00:00:01  -  Run Remote Usage
		Usr 0 00:00:00, Sys 0 00:00:00  -  Run Local Usage
		Usr 0 00:00:06, Sys 0 00:00:01  -  Total Remote Usage
		Usr 0 00:00:00, Sys 0 00:00:00  -  Total Local Usage
	3259  -  Run Bytes Sent By Node
	33711  -  Run Bytes Received By Node
	3259  -  Total Bytes Sent By Node
	33711  -  Total Bytes Received By Node
...
005 (288729.000.000) 2025-01-28 20:54:19 Job terminated.
	(1) Normal termination (return value 0)
		Usr 0 00:00:16, Sys 0 00:00:01  -  Run Remote Usage
		Usr 0 00:00:00, Sys 0 00:00:00  -  Run Local Usage
		Usr 0 00:00:01, Sys 0 00:00:01  -  Total Remote Usage
		Usr 0 00:00:00, Sys 0 00:00:00  -  Total Local Usage
	5424  -  Run Bytes Sent By Job
	67422  -  Run Bytes Received By Job
	5424  -  Total Bytes Sent By Job
	67422  -  Total Bytes Received By Job
	Partitionable Resources :    Usage  Request Allocated 
	   Cpus                 :                 1         2 
	   Disk (KB)            :       50       35 102883670 
	   Memory (MB)          :      319        0    100096 

	Job terminated of its own accord at 2025-01-28T20:54:19Z with exit-code 0.
...
