000 (289628.000.000) 2025-01-29 11:20:34 Job submitted from host: <192.168.0.102:9618?addrs=192.168.0.102-9618&alias=submitter&noUDP&sock=schedd_2032_5c88>
...
014 (289628.000.003) 2025-01-29 11:20:36 Node 3 executing on host: <192.168.0.140:9618?addrs=192.168.0.140-9618&alias=node140.di.rm1&noUDP&sock=startd_1890_f615>
...
014 (289628.000.001) 2025-01-29 11:20:36 Node 1 executing on host: <192.168.0.114:9618?addrs=192.168.0.114-9618&alias=node114.di.rm1&noUDP&sock=startd_2075_db1b>
...
014 (289628.000.002) 2025-01-29 11:20:36 Node 2 executing on host: <192.168.0.145:9618?addrs=192.168.0.145-9618&alias=node145.di.rm1&noUDP&sock=startd_1869_8e98>
...
014 (289628.000.000) 2025-01-29 11:20:36 Node 0 executing on host: <192.168.0.123:9618?addrs=192.168.0.123-9618&alias=node123.di.rm1&noUDP&sock=startd_2149_9d1d>
...
001 (289628.000.000) 2025-01-29 11:20:36 Job executing on host: MPI_job
...
008 (289628.000.000) 2025-01-29 11:20:38 Launching orted on Node 3 of 4
...
008 (289628.000.000) 2025-01-29 11:20:38 Launching orted on Node 1 of 4
...
008 (289628.000.000) 2025-01-29 11:20:38 Launching orted on Node 2 of 4
...
008 (289628.000.000) 2025-01-29 11:20:38 Launching orted on Node 0 of 4
...
008 (289628.000.000) 2025-01-29 11:20:39 orted exited on Node 1 of 4
...
008 (289628.000.000) 2025-01-29 11:20:39 orted exited on Node 3 of 4
...
008 (289628.000.000) 2025-01-29 11:20:39 orted exited on Node 0 of 4
...
008 (289628.000.000) 2025-01-29 11:20:39 orted exited on Node 2 of 4
...
015 (289628.000.003) 2025-01-29 11:20:39 Node 3 terminated.
	(1) Normal termination (return value 0)
		Usr 0 00:00:00, Sys 0 00:00:00  -  Run Remote Usage
		Usr 0 00:00:00, Sys 0 00:00:00  -  Run Local Usage
		Usr 0 00:00:00, Sys 0 00:00:00  -  Total Remote Usage
		Usr 0 00:00:00, Sys 0 00:00:00  -  Total Local Usage
	2341  -  Run Bytes Sent By Node
	33791  -  Run Bytes Received By Node
	2341  -  Total Bytes Sent By Node
	33791  -  Total Bytes Received By Node
...
015 (289628.000.000) 2025-01-29 11:20:39 Node 0 terminated.
	(1) Normal termination (return value 0)
		Usr 0 00:00:01, Sys 0 00:00:01  -  Run Remote Usage
		Usr 0 00:00:00, Sys 0 00:00:00  -  Run Local Usage
		Usr 0 00:00:01, Sys 0 00:00:01  -  Total Remote Usage
		Usr 0 00:00:00, Sys 0 00:00:00  -  Total Local Usage
	3480  -  Run Bytes Sent By Node
	33791  -  Run Bytes Received By Node
	3480  -  Total Bytes Sent By Node
	33791  -  Total Bytes Received By Node
...
005 (289628.000.000) 2025-01-29 11:20:39 Job terminated.
	(1) Normal termination (return value 0)
		Usr 0 00:00:01, Sys 0 00:00:02  -  Run Remote Usage
		Usr 0 00:00:00, Sys 0 00:00:00  -  Run Local Usage
		Usr 0 00:00:01, Sys 0 00:00:01  -  Total Remote Usage
		Usr 0 00:00:00, Sys 0 00:00:00  -  Total Local Usage
	5821  -  Run Bytes Sent By Job
	135164  -  Run Bytes Received By Job
	5821  -  Total Bytes Sent By Job
	135164  -  Total Bytes Received By Job
	Partitionable Resources :    Usage  Request Allocated 
	   Cpus                 :                 2         2 
	   Disk (KB)            :       51       35 102979196 
	   GPUs                 :                           0 
	   Memory (MB)          :        0        0    100096 

	Job terminated of its own accord at 2025-01-29T11:20:39Z with exit-code 0.
...
