000 (273171.000.000) 2025-01-23 10:44:27 Job submitted from host: <192.168.0.102:9618?addrs=192.168.0.102-9618&alias=submitter&noUDP&sock=schedd_2032_5c88>
...
014 (273171.000.000) 2025-01-23 10:44:34 Node 0 executing on host: <192.168.0.140:9618?addrs=192.168.0.140-9618&alias=node140.di.rm1&noUDP&sock=startd_1890_f615>
...
014 (273171.000.001) 2025-01-23 10:44:34 Node 1 executing on host: <192.168.0.116:9618?addrs=192.168.0.116-9618&alias=node116.di.rm1&noUDP&sock=startd_1847_7783>
...
001 (273171.000.000) 2025-01-23 10:44:34 Job executing on host: MPI_job
...
008 (273171.000.000) 2025-01-23 10:44:37 Launching orted on Node 0 of 2
...
008 (273171.000.000) 2025-01-23 10:44:37 Launching orted on Node 1 of 2
...
008 (273171.000.000) 2025-01-23 10:44:38 orted exited on Node 1 of 2
...
008 (273171.000.000) 2025-01-23 10:44:38 orted exited on Node 0 of 2
...
015 (273171.000.001) 2025-01-23 10:44:38 Node 1 terminated.
	(1) Normal termination (return value 0)
		Usr 0 00:00:01, Sys 0 00:00:00  -  Run Remote Usage
		Usr 0 00:00:00, Sys 0 00:00:00  -  Run Local Usage
		Usr 0 00:00:01, Sys 0 00:00:00  -  Total Remote Usage
		Usr 0 00:00:00, Sys 0 00:00:00  -  Total Local Usage
	2165  -  Run Bytes Sent By Node
	33639  -  Run Bytes Received By Node
	2165  -  Total Bytes Sent By Node
	33639  -  Total Bytes Received By Node
...
015 (273171.000.000) 2025-01-23 10:44:38 Node 0 terminated.
	(1) Normal termination (return value 0)
		Usr 0 00:00:02, Sys 0 00:00:01  -  Run Remote Usage
		Usr 0 00:00:00, Sys 0 00:00:00  -  Run Local Usage
		Usr 0 00:00:02, Sys 0 00:00:01  -  Total Remote Usage
		Usr 0 00:00:00, Sys 0 00:00:00  -  Total Local Usage
	3257  -  Run Bytes Sent By Node
	33639  -  Run Bytes Received By Node
	3257  -  Total Bytes Sent By Node
	33639  -  Total Bytes Received By Node
...
005 (273171.000.000) 2025-01-23 10:44:38 Job terminated.
	(1) Normal termination (return value 0)
		Usr 0 00:00:03, Sys 0 00:00:01  -  Run Remote Usage
		Usr 0 00:00:00, Sys 0 00:00:00  -  Run Local Usage
		Usr 0 00:00:01, Sys 0 00:00:01  -  Total Remote Usage
		Usr 0 00:00:00, Sys 0 00:00:00  -  Total Local Usage
	5422  -  Run Bytes Sent By Job
	67278  -  Run Bytes Received By Job
	5422  -  Total Bytes Sent By Job
	67278  -  Total Bytes Received By Job
	Partitionable Resources :    Usage  Request Allocated 
	   Cpus                 :                 1         2 
	   Disk (KB)            :       49       35 103040641 
	   Memory (MB)          :        0        0    100096 

	Job terminated of its own accord at 2025-01-23T10:44:38Z with exit-code 0.
...
000 (277949.000.000) 2025-01-24 07:30:46 Job submitted from host: <192.168.0.102:9618?addrs=192.168.0.102-9618&alias=submitter&noUDP&sock=schedd_2032_5c88>
...
014 (277949.000.000) 2025-01-24 07:30:53 Node 0 executing on host: <192.168.0.113:9618?addrs=192.168.0.113-9618&alias=node113.di.rm1&noUDP&sock=startd_3668932_c305>
...
014 (277949.000.001) 2025-01-24 07:30:53 Node 1 executing on host: <192.168.0.113:9618?addrs=192.168.0.113-9618&alias=node113.di.rm1&noUDP&sock=startd_3668932_c305>
...
001 (277949.000.000) 2025-01-24 07:30:53 Job executing on host: MPI_job
...
008 (277949.000.000) 2025-01-24 07:30:55 Launching orted on Node 0 of 2
...
008 (277949.000.000) 2025-01-24 07:30:55 Launching orted on Node 1 of 2
...
008 (277949.000.000) 2025-01-24 07:30:57 orted exited on Node 0 of 2
...
008 (277949.000.000) 2025-01-24 07:30:57 orted exited on Node 1 of 2
...
015 (277949.000.001) 2025-01-24 07:30:57 Node 1 terminated.
	(1) Normal termination (return value 0)
		Usr 0 00:00:01, Sys 0 00:00:00  -  Run Remote Usage
		Usr 0 00:00:00, Sys 0 00:00:00  -  Run Local Usage
		Usr 0 00:00:01, Sys 0 00:00:00  -  Total Remote Usage
		Usr 0 00:00:00, Sys 0 00:00:00  -  Total Local Usage
	22  -  Run Bytes Sent By Node
	33639  -  Run Bytes Received By Node
	22  -  Total Bytes Sent By Node
	33639  -  Total Bytes Received By Node
...
015 (277949.000.000) 2025-01-24 07:30:57 Node 0 terminated.
	(1) Normal termination (return value 0)
		Usr 0 00:00:02, Sys 0 00:00:00  -  Run Remote Usage
		Usr 0 00:00:00, Sys 0 00:00:00  -  Run Local Usage
		Usr 0 00:00:02, Sys 0 00:00:00  -  Total Remote Usage
		Usr 0 00:00:00, Sys 0 00:00:00  -  Total Local Usage
	3665  -  Run Bytes Sent By Node
	33639  -  Run Bytes Received By Node
	3665  -  Total Bytes Sent By Node
	33639  -  Total Bytes Received By Node
...
005 (277949.000.000) 2025-01-24 07:30:57 Job terminated.
	(1) Normal termination (return value 0)
		Usr 0 00:00:03, Sys 0 00:00:00  -  Run Remote Usage
		Usr 0 00:00:00, Sys 0 00:00:00  -  Run Local Usage
		Usr 0 00:00:01, Sys 0 00:00:00  -  Total Remote Usage
		Usr 0 00:00:00, Sys 0 00:00:00  -  Total Local Usage
	3687  -  Run Bytes Sent By Job
	67278  -  Run Bytes Received By Job
	3687  -  Total Bytes Sent By Job
	67278  -  Total Bytes Received By Job
	Partitionable Resources :    Usage  Request Allocated 
	   Cpus                 :                 1         2 
	   Disk (KB)            :       50       35 102984791 
	   GPUs                 :                           0 
	   Memory (MB)          :        1        1    100096 

	Job terminated of its own accord at 2025-01-24T07:30:57Z with exit-code 0.
...
