000 (270024.000.000) 2025-01-21 23:22:21 Job submitted from host: <192.168.0.102:9618?addrs=192.168.0.102-9618&alias=submitter&noUDP&sock=schedd_2032_5c88>
...
001 (270024.000.000) 2025-01-21 23:22:30 Job executing on host: <192.168.0.110:9618?addrs=192.168.0.110-9618&alias=node110.di.rm1&noUDP&sock=startd_2185_4e86>
...
006 (270024.000.000) 2025-01-21 23:22:39 Image size of job updated: 433752
	424  -  MemoryUsage of job (MB)
	433752  -  ResidentSetSize of job (KB)
...
006 (270024.000.000) 2025-01-21 23:22:44 Image size of job updated: 436920
	427  -  MemoryUsage of job (MB)
	436392  -  ResidentSetSize of job (KB)
...
005 (270024.000.000) 2025-01-21 23:22:44 Job terminated.
	(1) Normal termination (return value 0)
		Usr 0 00:00:17, Sys 0 00:00:00  -  Run Remote Usage
		Usr 0 00:00:00, Sys 0 00:00:00  -  Run Local Usage
		Usr 0 00:00:17, Sys 0 00:00:00  -  Total Remote Usage
		Usr 0 00:00:00, Sys 0 00:00:00  -  Total Local Usage
	0  -  Run Bytes Sent By Job
	0  -  Run Bytes Received By Job
	0  -  Total Bytes Sent By Job
	0  -  Total Bytes Received By Job
	Partitionable Resources :    Usage  Request Allocated 
	   Cpus                 :                 1         1 
	   Disk (KB)            :       27       27    468087 
	   Gpus (Average)       :                 0         0 
	   Memory (MB)          :      427        1       128 

	Job terminated of its own accord at 2025-01-21T23:22:44Z with exit-code 0.
...
000 (276182.000.000) 2025-01-24 04:04:18 Job submitted from host: <192.168.0.102:9618?addrs=192.168.0.102-9618&alias=submitter&noUDP&sock=schedd_2032_5c88>
...
001 (276182.000.000) 2025-01-24 04:04:30 Job executing on host: <192.168.0.121:9618?addrs=192.168.0.121-9618&alias=node121.di.rm1&noUDP&sock=startd_2146_8e54>
...
006 (276182.000.000) 2025-01-24 04:04:39 Image size of job updated: 491660
	477  -  MemoryUsage of job (MB)
	488000  -  ResidentSetSize of job (KB)
...
006 (276182.000.000) 2025-01-24 04:04:43 Image size of job updated: 605376
	477  -  MemoryUsage of job (MB)
	488000  -  ResidentSetSize of job (KB)
...
005 (276182.000.000) 2025-01-24 04:04:43 Job terminated.
	(1) Normal termination (return value 0)
		Usr 0 00:00:17, Sys 0 00:00:01  -  Run Remote Usage
		Usr 0 00:00:00, Sys 0 00:00:00  -  Run Local Usage
		Usr 0 00:00:17, Sys 0 00:00:01  -  Total Remote Usage
		Usr 0 00:00:00, Sys 0 00:00:00  -  Total Local Usage
	0  -  Run Bytes Sent By Job
	0  -  Run Bytes Received By Job
	0  -  Total Bytes Sent By Job
	0  -  Total Bytes Received By Job
	Partitionable Resources :    Usage  Request Allocated 
	   Cpus                 :                 1         1 
	   Disk (KB)            :       27       27    467232 
	   Memory (MB)          :      477        1       128 

	Job terminated of its own accord at 2025-01-24T04:04:43Z with exit-code 0.
...
