000 (263039.000.000) 2025-01-17 11:20:40 Job submitted from host: <192.168.0.102:9618?addrs=192.168.0.102-9618&alias=submitter&noUDP&sock=schedd_2032_5c88>
...
001 (263039.000.000) 2025-01-17 11:20:52 Job executing on host: <192.168.0.139:9618?addrs=192.168.0.139-9618&alias=node139.di.rm1&noUDP&sock=startd_1966_1748>
...
006 (263039.000.000) 2025-01-17 11:21:00 Image size of job updated: 439296
	429  -  MemoryUsage of job (MB)
	439296  -  ResidentSetSize of job (KB)
...
006 (263039.000.000) 2025-01-17 11:21:06 Image size of job updated: 603844
	429  -  MemoryUsage of job (MB)
	439296  -  ResidentSetSize of job (KB)
...
005 (263039.000.000) 2025-01-17 11:21:06 Job terminated.
	(1) Normal termination (return value 0)
		Usr 0 00:00:17, Sys 0 00:00:00  -  Run Remote Usage
		Usr 0 00:00:00, Sys 0 00:00:00  -  Run Local Usage
		Usr 0 00:00:17, Sys 0 00:00:00  -  Total Remote Usage
		Usr 0 00:00:00, Sys 0 00:00:00  -  Total Local Usage
	0  -  Run Bytes Sent By Job
	0  -  Run Bytes Received By Job
	0  -  Total Bytes Sent By Job
	0  -  Total Bytes Received By Job
	Partitionable Resources :    Usage  Request Allocated 
	   Cpus                 :     1.00        1         1 
	   Disk (KB)            :    27          27    460637 
	   Memory (MB)          :   429           1       128 

	Job terminated of its own accord at 2025-01-17T11:21:06Z with exit-code 0.
...
