000 (279120.000.000) 2025-01-24 10:17:35 Job submitted from host: <192.168.0.102:9618?addrs=192.168.0.102-9618&alias=submitter&noUDP&sock=schedd_2032_5c88>
...
014 (279120.000.002) 2025-01-24 10:17:50 Node 2 executing on host: <192.168.0.148:9618?addrs=192.168.0.148-9618&alias=node148.di.rm1&noUDP&sock=startd_1547_b119>
...
014 (279120.000.001) 2025-01-24 10:17:50 Node 1 executing on host: <192.168.0.140:9618?addrs=192.168.0.140-9618&alias=node140.di.rm1&noUDP&sock=startd_1890_f615>
...
014 (279120.000.000) 2025-01-24 10:17:50 Node 0 executing on host: <192.168.0.145:9618?addrs=192.168.0.145-9618&alias=node145.di.rm1&noUDP&sock=startd_1869_8e98>
...
014 (279120.000.004) 2025-01-24 10:17:50 Node 4 executing on host: <192.168.0.105:9618?addrs=192.168.0.105-9618&alias=node105.di.rm1&noUDP&sock=startd_1951_cd5c>
...
014 (279120.000.003) 2025-01-24 10:17:50 Node 3 executing on host: <192.168.0.120:9618?addrs=192.168.0.120-9618&alias=node120.di.rm1&noUDP&sock=startd_2096_4298>
...
014 (279120.000.005) 2025-01-24 10:17:50 Node 5 executing on host: <192.168.0.135:9618?addrs=192.168.0.135-9618&alias=node135.di.rm1&noUDP&sock=startd_2000_6980>
...
014 (279120.000.007) 2025-01-24 10:17:50 Node 7 executing on host: <192.168.0.140:9618?addrs=192.168.0.140-9618&alias=node140.di.rm1&noUDP&sock=startd_1890_f615>
...
014 (279120.000.006) 2025-01-24 10:17:50 Node 6 executing on host: <192.168.0.151:9618?addrs=192.168.0.151-9618&alias=node151.di.rm1&noUDP&sock=startd_1528_a8cd>
...
001 (279120.000.000) 2025-01-24 10:17:50 Job executing on host: MPI_job
...
008 (279120.000.000) 2025-01-24 10:17:52 Launching orted on Node 2 of 8
...
008 (279120.000.000) 2025-01-24 10:17:52 Launching orted on Node 1 of 8
...
008 (279120.000.000) 2025-01-24 10:17:52 Launching orted on Node 0 of 8
...
008 (279120.000.000) 2025-01-24 10:17:52 Launching orted on Node 4 of 8
...
008 (279120.000.000) 2025-01-24 10:17:52 Launching orted on Node 7 of 8
...
008 (279120.000.000) 2025-01-24 10:17:52 Launching orted on Node 5 of 8
...
008 (279120.000.000) 2025-01-24 10:17:52 Launching orted on Node 3 of 8
...
008 (279120.000.000) 2025-01-24 10:17:52 Launching orted on Node 6 of 8
...
008 (279120.000.000) 2025-01-24 10:17:53 orted exited on Node 2 of 8
...
008 (279120.000.000) 2025-01-24 10:17:53 orted exited on Node 5 of 8
...
008 (279120.000.000) 2025-01-24 10:17:53 orted exited on Node 1 of 8
...
008 (279120.000.000) 2025-01-24 10:17:53 orted exited on Node 4 of 8
...
008 (279120.000.000) 2025-01-24 10:17:53 orted exited on Node 7 of 8
...
008 (279120.000.000) 2025-01-24 10:17:53 orted exited on Node 6 of 8
...
008 (279120.000.000) 2025-01-24 10:17:53 orted exited on Node 0 of 8
...
008 (279120.000.000) 2025-01-24 10:17:53 orted exited on Node 3 of 8
...
015 (279120.000.000) 2025-01-24 10:17:53 Node 0 terminated.
	(1) Normal termination (return value 0)
		Usr 0 00:00:00, Sys 0 00:00:00  -  Run Remote Usage
		Usr 0 00:00:00, Sys 0 00:00:00  -  Run Local Usage
		Usr 0 00:00:00, Sys 0 00:00:00  -  Total Remote Usage
		Usr 0 00:00:00, Sys 0 00:00:00  -  Total Local Usage
	3262  -  Run Bytes Sent By Node
	33639  -  Run Bytes Received By Node
	3262  -  Total Bytes Sent By Node
	33639  -  Total Bytes Received By Node
...
005 (279120.000.000) 2025-01-24 10:18:13 Job terminated.
	(1) Normal termination (return value 0)
		Usr 0 00:00:00, Sys 0 00:00:00  -  Run Remote Usage
		Usr 0 00:00:00, Sys 0 00:00:00  -  Run Local Usage
		Usr 0 00:00:00, Sys 0 00:00:00  -  Total Remote Usage
		Usr 0 00:00:00, Sys 0 00:00:00  -  Total Local Usage
	3262  -  Run Bytes Sent By Job
	269112  -  Run Bytes Received By Job
	3262  -  Total Bytes Sent By Job
	269112  -  Total Bytes Received By Job
	Partitionable Resources :    Usage  Request Allocated 
	   Cpus                 :                 1         2 
	   Disk (KB)            :       50       35 102711052 
	   Memory (MB)          :        1        1    100096 

	Job terminated of its own accord at 2025-01-24T10:17:53Z with exit-code 0.
...
000 (287433.000.000) 2025-01-28 17:12:31 Job submitted from host: <192.168.0.102:9618?addrs=192.168.0.102-9618&alias=submitter&noUDP&sock=schedd_2032_5c88>
...
014 (287433.000.002) 2025-01-28 17:12:47 Node 2 executing on host: <192.168.0.106:9618?addrs=192.168.0.106-9618&alias=node106.di.rm1&noUDP&sock=startd_1970_d5a9>
...
014 (287433.000.004) 2025-01-28 17:12:47 Node 4 executing on host: <192.168.0.116:9618?addrs=192.168.0.116-9618&alias=node116.di.rm1&noUDP&sock=startd_1847_7783>
...
014 (287433.000.003) 2025-01-28 17:12:47 Node 3 executing on host: <192.168.0.110:9618?addrs=192.168.0.110-9618&alias=node110.di.rm1&noUDP&sock=startd_2185_4e86>
...
014 (287433.000.005) 2025-01-28 17:12:47 Node 5 executing on host: <192.168.0.146:9618?addrs=192.168.0.146-9618&alias=node146.di.rm1&noUDP&sock=startd_1984_6ffc>
...
014 (287433.000.000) 2025-01-28 17:12:47 Node 0 executing on host: <192.168.0.116:9618?addrs=192.168.0.116-9618&alias=node116.di.rm1&noUDP&sock=startd_1847_7783>
...
014 (287433.000.001) 2025-01-28 17:12:47 Node 1 executing on host: <192.168.0.120:9618?addrs=192.168.0.120-9618&alias=node120.di.rm1&noUDP&sock=startd_2096_4298>
...
014 (287433.000.006) 2025-01-28 17:12:47 Node 6 executing on host: <192.168.0.111:9618?addrs=192.168.0.111-9618&alias=node111.di.rm1&noUDP&sock=startd_2044_97ab>
...
014 (287433.000.007) 2025-01-28 17:12:47 Node 7 executing on host: <192.168.0.120:9618?addrs=192.168.0.120-9618&alias=node120.di.rm1&noUDP&sock=startd_2096_4298>
...
001 (287433.000.000) 2025-01-28 17:12:47 Job executing on host: MPI_job
...
008 (287433.000.000) 2025-01-28 17:12:49 Launching orted on Node 2 of 8
...
008 (287433.000.000) 2025-01-28 17:12:49 Launching orted on Node 3 of 8
...
008 (287433.000.000) 2025-01-28 17:12:49 Launching orted on Node 0 of 8
...
008 (287433.000.000) 2025-01-28 17:12:49 Launching orted on Node 4 of 8
...
008 (287433.000.000) 2025-01-28 17:12:49 Launching orted on Node 1 of 8
...
008 (287433.000.000) 2025-01-28 17:12:49 Launching orted on Node 7 of 8
...
008 (287433.000.000) 2025-01-28 17:12:49 Launching orted on Node 5 of 8
...
008 (287433.000.000) 2025-01-28 17:12:49 Launching orted on Node 6 of 8
...
008 (287433.000.000) 2025-01-28 17:12:50 orted exited on Node 4 of 8
...
008 (287433.000.000) 2025-01-28 17:12:50 orted exited on Node 5 of 8
...
008 (287433.000.000) 2025-01-28 17:12:50 orted exited on Node 3 of 8
...
008 (287433.000.000) 2025-01-28 17:12:50 orted exited on Node 1 of 8
...
008 (287433.000.000) 2025-01-28 17:12:50 orted exited on Node 2 of 8
...
008 (287433.000.000) 2025-01-28 17:12:50 orted exited on Node 6 of 8
...
008 (287433.000.000) 2025-01-28 17:12:50 orted exited on Node 7 of 8
...
008 (287433.000.000) 2025-01-28 17:12:50 orted exited on Node 0 of 8
...
015 (287433.000.002) 2025-01-28 17:12:50 Node 2 terminated.
	(1) Normal termination (return value 0)
		Usr 0 00:00:00, Sys 0 00:00:00  -  Run Remote Usage
		Usr 0 00:00:00, Sys 0 00:00:00  -  Run Local Usage
		Usr 0 00:00:00, Sys 0 00:00:00  -  Total Remote Usage
		Usr 0 00:00:00, Sys 0 00:00:00  -  Total Local Usage
	2165  -  Run Bytes Sent By Node
	33591  -  Run Bytes Received By Node
	2165  -  Total Bytes Sent By Node
	33591  -  Total Bytes Received By Node
...
015 (287433.000.003) 2025-01-28 17:12:50 Node 3 terminated.
	(1) Normal termination (return value 0)
		Usr 0 00:00:00, Sys 0 00:00:00  -  Run Remote Usage
		Usr 0 00:00:00, Sys 0 00:00:00  -  Run Local Usage
		Usr 0 00:00:00, Sys 0 00:00:00  -  Total Remote Usage
		Usr 0 00:00:00, Sys 0 00:00:00  -  Total Local Usage
	2187  -  Run Bytes Sent By Node
	33591  -  Run Bytes Received By Node
	2187  -  Total Bytes Sent By Node
	33591  -  Total Bytes Received By Node
...
015 (287433.000.004) 2025-01-28 17:12:50 Node 4 terminated.
	(1) Normal termination (return value 0)
		Usr 0 00:00:00, Sys 0 00:00:00  -  Run Remote Usage
		Usr 0 00:00:00, Sys 0 00:00:00  -  Run Local Usage
		Usr 0 00:00:00, Sys 0 00:00:00  -  Total Remote Usage
		Usr 0 00:00:00, Sys 0 00:00:00  -  Total Local Usage
	0  -  Run Bytes Sent By Node
	33591  -  Run Bytes Received By Node
	0  -  Total Bytes Sent By Node
	33591  -  Total Bytes Received By Node
...
015 (287433.000.000) 2025-01-28 17:12:50 Node 0 terminated.
	(1) Normal termination (return value 0)
		Usr 0 00:00:00, Sys 0 00:00:00  -  Run Remote Usage
		Usr 0 00:00:00, Sys 0 00:00:00  -  Run Local Usage
		Usr 0 00:00:00, Sys 0 00:00:00  -  Total Remote Usage
		Usr 0 00:00:00, Sys 0 00:00:00  -  Total Local Usage
	3728  -  Run Bytes Sent By Node
	33591  -  Run Bytes Received By Node
	3728  -  Total Bytes Sent By Node
	33591  -  Total Bytes Received By Node
...
005 (287433.000.000) 2025-01-28 17:12:50 Job terminated.
	(1) Normal termination (return value 0)
		Usr 0 00:00:00, Sys 0 00:00:00  -  Run Remote Usage
		Usr 0 00:00:00, Sys 0 00:00:00  -  Run Local Usage
		Usr 0 00:00:00, Sys 0 00:00:00  -  Total Remote Usage
		Usr 0 00:00:00, Sys 0 00:00:00  -  Total Local Usage
	8080  -  Run Bytes Sent By Job
	268728  -  Run Bytes Received By Job
	8080  -  Total Bytes Sent By Job
	268728  -  Total Bytes Received By Job
	Partitionable Resources :    Usage  Request Allocated 
	   Cpus                 :                 1         2 
	   Disk (KB)            :       51       35 102978738 
	   Memory (MB)          :        1        0    100096 

	Job terminated of its own accord at 2025-01-28T17:12:50Z with exit-code 0.
...
