000 (264723.000.000) 2025-01-17 11:21:31 Job submitted from host: <192.168.0.102:9618?addrs=192.168.0.102-9618&alias=submitter&noUDP&sock=schedd_2032_5c88>
...
001 (264723.000.000) 2025-01-17 11:21:37 Job executing on host: <192.168.0.145:9618?addrs=192.168.0.145-9618&alias=node145.di.rm1&noUDP&sock=startd_1869_8e98>
...
006 (264723.000.000) 2025-01-17 11:21:46 Image size of job updated: 1347276
	381  -  MemoryUsage of job (MB)
	390060  -  ResidentSetSize of job (KB)
...
006 (264723.000.000) 2025-01-17 11:26:47 Image size of job updated: 12594440
	11617  -  MemoryUsage of job (MB)
	11895048  -  ResidentSetSize of job (KB)
...
006 (264723.000.000) 2025-01-17 11:31:48 Image size of job updated: 24268080
	22583  -  MemoryUsage of job (MB)
	23124608  -  ResidentSetSize of job (KB)
...
006 (264723.000.000) 2025-01-17 11:33:19 Image size of job updated: 27790020
	22595  -  MemoryUsage of job (MB)
	23136884  -  ResidentSetSize of job (KB)
...
004 (264723.000.000) 2025-01-17 11:33:19 Job was evicted.
	(0) CPU times
		Usr 0 00:11:06, Sys 0 00:00:19  -  Run Remote Usage
		Usr 0 00:00:00, Sys 0 00:00:00  -  Run Local Usage
	0  -  Run Bytes Sent By Job
	0  -  Run Bytes Received By Job
	Partitionable Resources :    Usage  Request Allocated 
	   Cpus                 :     1.00        1         1 
	   Disk (KB)            :    27          27    462663 
	   Memory (MB)          : 22595           1       128 
...
009 (264723.000.000) 2025-01-17 11:33:19 Job was aborted.
	via condor_rm (by user calzona_2046920)
...
