000 (271045.000.000) 2025-01-22 00:37:37 Job submitted from host: <192.168.0.102:9618?addrs=192.168.0.102-9618&alias=submitter&noUDP&sock=schedd_2032_5c88>
...
001 (271045.000.000) 2025-01-22 00:37:39 Job executing on host: <192.168.0.151:9618?addrs=192.168.0.151-9618&alias=node151.di.rm1&noUDP&sock=startd_1528_a8cd>
...
006 (271045.000.000) 2025-01-22 00:37:47 Image size of job updated: 399168
	390  -  MemoryUsage of job (MB)
	399168  -  ResidentSetSize of job (KB)
...
006 (271045.000.000) 2025-01-22 00:38:40 Image size of job updated: 2854500
	391  -  MemoryUsage of job (MB)
	399432  -  ResidentSetSize of job (KB)
...
004 (271045.000.000) 2025-01-22 00:38:40 Job was evicted.
	(0) CPU times
		Usr 0 00:00:58, Sys 0 00:00:01  -  Run Remote Usage
		Usr 0 00:00:00, Sys 0 00:00:00  -  Run Local Usage
	0  -  Run Bytes Sent By Job
	0  -  Run Bytes Received By Job
	Partitionable Resources :    Usage  Request Allocated 
	   Cpus                 :     1.00        1         1 
	   Disk (KB)            :    27          27    474791 
	   Memory (MB)          :   391           1       128 
...
009 (271045.000.000) 2025-01-22 00:38:40 Job was aborted.
	via condor_rm (by user calzona_2046920)
...
000 (277199.000.000) 2025-01-24 06:04:28 Job submitted from host: <192.168.0.102:9618?addrs=192.168.0.102-9618&alias=submitter&noUDP&sock=schedd_2032_5c88>
...
001 (277199.000.000) 2025-01-24 06:04:28 Job executing on host: <192.168.0.149:9618?addrs=192.168.0.149-9618&alias=node149.di.rm1&noUDP&sock=startd_1551_6f7a>
...
006 (277199.000.000) 2025-01-24 06:04:37 Image size of job updated: 455536
	445  -  MemoryUsage of job (MB)
	455008  -  ResidentSetSize of job (KB)
...
006 (277199.000.000) 2025-01-24 06:06:30 Image size of job updated: 6031084
	445  -  MemoryUsage of job (MB)
	455008  -  ResidentSetSize of job (KB)
...
004 (277199.000.000) 2025-01-24 06:06:30 Job was evicted.
	(0) CPU times
		Usr 0 00:01:59, Sys 0 00:00:03  -  Run Remote Usage
		Usr 0 00:00:00, Sys 0 00:00:00  -  Run Local Usage
	0  -  Run Bytes Sent By Job
	0  -  Run Bytes Received By Job
	Partitionable Resources :    Usage  Request Allocated 
	   Cpus                 :                 1         1 
	   Disk (KB)            :       27       27    471944 
	   Memory (MB)          :      445        1       128 
...
009 (277199.000.000) 2025-01-24 06:06:30 Job was aborted.
	via condor_rm (by user calzona_2046920)
...
