000 (281186.000.000) 2025-01-25 19:19:52 Job submitted from host: <192.168.0.102:9618?addrs=192.168.0.102-9618&alias=submitter&noUDP&sock=schedd_2032_5c88>
...
014 (281186.000.000) 2025-01-25 19:19:59 Node 0 executing on host: <192.168.0.132:9618?addrs=192.168.0.132-9618&alias=node132.di.rm1&noUDP&sock=startd_1999_b9e8>
...
014 (281186.000.001) 2025-01-25 19:19:59 Node 1 executing on host: <192.168.0.112:9618?addrs=192.168.0.112-9618&alias=node112.di.rm1&noUDP&sock=startd_2169_5502>
...
014 (281186.000.003) 2025-01-25 19:19:59 Node 3 executing on host: <192.168.0.135:9618?addrs=192.168.0.135-9618&alias=node135.di.rm1&noUDP&sock=startd_2000_6980>
...
014 (281186.000.004) 2025-01-25 19:19:59 Node 4 executing on host: <192.168.0.114:9618?addrs=192.168.0.114-9618&alias=node114.di.rm1&noUDP&sock=startd_2075_db1b>
...
014 (281186.000.005) 2025-01-25 19:19:59 Node 5 executing on host: <192.168.0.140:9618?addrs=192.168.0.140-9618&alias=node140.di.rm1&noUDP&sock=startd_1890_f615>
...
014 (281186.000.006) 2025-01-25 19:19:59 Node 6 executing on host: <192.168.0.107:9618?addrs=192.168.0.107-9618&alias=node107.di.rm1&noUDP&sock=startd_1981_6134>
...
014 (281186.000.002) 2025-01-25 19:19:59 Node 2 executing on host: <192.168.0.123:9618?addrs=192.168.0.123-9618&alias=node123.di.rm1&noUDP&sock=startd_2149_9d1d>
...
014 (281186.000.007) 2025-01-25 19:19:59 Node 7 executing on host: <192.168.0.120:9618?addrs=192.168.0.120-9618&alias=node120.di.rm1&noUDP&sock=startd_2096_4298>
...
001 (281186.000.000) 2025-01-25 19:19:59 Job executing on host: MPI_job
...
008 (281186.000.000) 2025-01-25 19:20:01 Launching orted on Node 5 of 8
...
008 (281186.000.000) 2025-01-25 19:20:01 Launching orted on Node 6 of 8
...
008 (281186.000.000) 2025-01-25 19:20:01 Launching orted on Node 0 of 8
...
008 (281186.000.000) 2025-01-25 19:20:01 Launching orted on Node 3 of 8
...
008 (281186.000.000) 2025-01-25 19:20:01 Launching orted on Node 1 of 8
...
008 (281186.000.000) 2025-01-25 19:20:01 Launching orted on Node 4 of 8
...
008 (281186.000.000) 2025-01-25 19:20:01 Launching orted on Node 7 of 8
...
008 (281186.000.000) 2025-01-25 19:20:01 Launching orted on Node 2 of 8
...
008 (281186.000.000) 2025-01-25 19:20:03 orted exited on Node 5 of 8
...
008 (281186.000.000) 2025-01-25 19:20:03 orted exited on Node 1 of 8
...
008 (281186.000.000) 2025-01-25 19:20:03 orted exited on Node 3 of 8
...
008 (281186.000.000) 2025-01-25 19:20:03 orted exited on Node 4 of 8
...
008 (281186.000.000) 2025-01-25 19:20:03 orted exited on Node 0 of 8
...
008 (281186.000.000) 2025-01-25 19:20:03 orted exited on Node 6 of 8
...
008 (281186.000.000) 2025-01-25 19:20:03 orted exited on Node 7 of 8
...
008 (281186.000.000) 2025-01-25 19:20:03 orted exited on Node 2 of 8
...
015 (281186.000.005) 2025-01-25 19:20:04 Node 5 terminated.
	(1) Normal termination (return value 0)
		Usr 0 00:00:01, Sys 0 00:00:00  -  Run Remote Usage
		Usr 0 00:00:00, Sys 0 00:00:00  -  Run Local Usage
		Usr 0 00:00:01, Sys 0 00:00:00  -  Total Remote Usage
		Usr 0 00:00:00, Sys 0 00:00:00  -  Total Local Usage
	2165  -  Run Bytes Sent By Node
	33639  -  Run Bytes Received By Node
	2165  -  Total Bytes Sent By Node
	33639  -  Total Bytes Received By Node
...
015 (281186.000.006) 2025-01-25 19:20:04 Node 6 terminated.
	(1) Normal termination (return value 0)
		Usr 0 00:00:01, Sys 0 00:00:01  -  Run Remote Usage
		Usr 0 00:00:00, Sys 0 00:00:00  -  Run Local Usage
		Usr 0 00:00:01, Sys 0 00:00:01  -  Total Remote Usage
		Usr 0 00:00:00, Sys 0 00:00:00  -  Total Local Usage
	2165  -  Run Bytes Sent By Node
	33639  -  Run Bytes Received By Node
	2165  -  Total Bytes Sent By Node
	33639  -  Total Bytes Received By Node
...
015 (281186.000.004) 2025-01-25 19:20:04 Node 4 terminated.
	(1) Normal termination (return value 0)
		Usr 0 00:00:01, Sys 0 00:00:00  -  Run Remote Usage
		Usr 0 00:00:00, Sys 0 00:00:00  -  Run Local Usage
		Usr 0 00:00:01, Sys 0 00:00:00  -  Total Remote Usage
		Usr 0 00:00:00, Sys 0 00:00:00  -  Total Local Usage
	2165  -  Run Bytes Sent By Node
	33639  -  Run Bytes Received By Node
	2165  -  Total Bytes Sent By Node
	33639  -  Total Bytes Received By Node
...
015 (281186.000.003) 2025-01-25 19:20:04 Node 3 terminated.
	(1) Normal termination (return value 0)
		Usr 0 00:00:01, Sys 0 00:00:00  -  Run Remote Usage
		Usr 0 00:00:00, Sys 0 00:00:00  -  Run Local Usage
		Usr 0 00:00:01, Sys 0 00:00:00  -  Total Remote Usage
		Usr 0 00:00:00, Sys 0 00:00:00  -  Total Local Usage
	2165  -  Run Bytes Sent By Node
	33639  -  Run Bytes Received By Node
	2165  -  Total Bytes Sent By Node
	33639  -  Total Bytes Received By Node
...
015 (281186.000.001) 2025-01-25 19:20:04 Node 1 terminated.
	(1) Normal termination (return value 0)
		Usr 0 00:00:01, Sys 0 00:00:00  -  Run Remote Usage
		Usr 0 00:00:00, Sys 0 00:00:00  -  Run Local Usage
		Usr 0 00:00:01, Sys 0 00:00:00  -  Total Remote Usage
		Usr 0 00:00:00, Sys 0 00:00:00  -  Total Local Usage
	2187  -  Run Bytes Sent By Node
	33639  -  Run Bytes Received By Node
	2187  -  Total Bytes Sent By Node
	33639  -  Total Bytes Received By Node
...
015 (281186.000.000) 2025-01-25 19:20:04 Node 0 terminated.
	(1) Normal termination (return value 0)
		Usr 0 00:00:00, Sys 0 00:00:00  -  Run Remote Usage
		Usr 0 00:00:00, Sys 0 00:00:00  -  Run Local Usage
		Usr 0 00:00:00, Sys 0 00:00:00  -  Total Remote Usage
		Usr 0 00:00:00, Sys 0 00:00:00  -  Total Local Usage
	3263  -  Run Bytes Sent By Node
	33639  -  Run Bytes Received By Node
	3263  -  Total Bytes Sent By Node
	33639  -  Total Bytes Received By Node
...
005 (281186.000.000) 2025-01-25 19:20:04 Job terminated.
	(1) Normal termination (return value 0)
		Usr 0 00:00:07, Sys 0 00:00:01  -  Run Remote Usage
		Usr 0 00:00:00, Sys 0 00:00:00  -  Run Local Usage
		Usr 0 00:00:00, Sys 0 00:00:00  -  Total Remote Usage
		Usr 0 00:00:00, Sys 0 00:00:00  -  Total Local Usage
	14110  -  Run Bytes Sent By Job
	269112  -  Run Bytes Received By Job
	14110  -  Total Bytes Sent By Job
	269112  -  Total Bytes Received By Job
	Partitionable Resources :    Usage  Request Allocated 
	   Cpus                 :                 1         1 
	   Disk (KB)            :       50       35  31810738 
	   Memory (MB)          :        0        0     30720 

	Job terminated of its own accord at 2025-01-25T19:20:03Z with exit-code 0.
...
000 (288393.000.000) 2025-01-28 19:45:44 Job submitted from host: <192.168.0.102:9618?addrs=192.168.0.102-9618&alias=submitter&noUDP&sock=schedd_2032_5c88>
...
014 (288393.000.001) 2025-01-28 19:45:53 Node 1 executing on host: <192.168.0.140:9618?addrs=192.168.0.140-9618&alias=node140.di.rm1&noUDP&sock=startd_1890_f615>
...
014 (288393.000.002) 2025-01-28 19:45:53 Node 2 executing on host: <192.168.0.116:9618?addrs=192.168.0.116-9618&alias=node116.di.rm1&noUDP&sock=startd_1847_7783>
...
014 (288393.000.000) 2025-01-28 19:45:53 Node 0 executing on host: <192.168.0.110:9618?addrs=192.168.0.110-9618&alias=node110.di.rm1&noUDP&sock=startd_2185_4e86>
...
014 (288393.000.004) 2025-01-28 19:45:53 Node 4 executing on host: <192.168.0.106:9618?addrs=192.168.0.106-9618&alias=node106.di.rm1&noUDP&sock=startd_1970_d5a9>
...
014 (288393.000.006) 2025-01-28 19:45:53 Node 6 executing on host: <192.168.0.140:9618?addrs=192.168.0.140-9618&alias=node140.di.rm1&noUDP&sock=startd_1890_f615>
...
014 (288393.000.003) 2025-01-28 19:45:53 Node 3 executing on host: <192.168.0.130:9618?addrs=192.168.0.130-9618&alias=node130.di.rm1&noUDP&sock=startd_2751195_838e>
...
014 (288393.000.005) 2025-01-28 19:45:53 Node 5 executing on host: <192.168.0.110:9618?addrs=192.168.0.110-9618&alias=node110.di.rm1&noUDP&sock=startd_2185_4e86>
...
014 (288393.000.007) 2025-01-28 19:45:53 Node 7 executing on host: <192.168.0.116:9618?addrs=192.168.0.116-9618&alias=node116.di.rm1&noUDP&sock=startd_1847_7783>
...
001 (288393.000.000) 2025-01-28 19:45:53 Job executing on host: MPI_job
...
008 (288393.000.000) 2025-01-28 19:45:55 Launching orted on Node 1 of 8
...
008 (288393.000.000) 2025-01-28 19:45:55 Launching orted on Node 2 of 8
...
008 (288393.000.000) 2025-01-28 19:45:55 Launching orted on Node 6 of 8
...
008 (288393.000.000) 2025-01-28 19:45:55 Launching orted on Node 0 of 8
...
008 (288393.000.000) 2025-01-28 19:45:55 Launching orted on Node 4 of 8
...
008 (288393.000.000) 2025-01-28 19:45:55 Launching orted on Node 3 of 8
...
008 (288393.000.000) 2025-01-28 19:45:55 Launching orted on Node 5 of 8
...
008 (288393.000.000) 2025-01-28 19:45:55 Launching orted on Node 7 of 8
...
008 (288393.000.000) 2025-01-28 19:45:57 orted exited on Node 3 of 8
...
008 (288393.000.000) 2025-01-28 19:45:57 orted exited on Node 7 of 8
...
008 (288393.000.000) 2025-01-28 19:45:57 orted exited on Node 4 of 8
...
008 (288393.000.000) 2025-01-28 19:45:57 orted exited on Node 2 of 8
...
008 (288393.000.000) 2025-01-28 19:45:57 orted exited on Node 1 of 8
...
008 (288393.000.000) 2025-01-28 19:45:57 orted exited on Node 6 of 8
...
008 (288393.000.000) 2025-01-28 19:45:57 orted exited on Node 0 of 8
...
008 (288393.000.000) 2025-01-28 19:45:57 orted exited on Node 5 of 8
...
015 (288393.000.003) 2025-01-28 19:45:57 Node 3 terminated.
	(1) Normal termination (return value 0)
		Usr 0 00:00:02, Sys 0 00:00:00  -  Run Remote Usage
		Usr 0 00:00:00, Sys 0 00:00:00  -  Run Local Usage
		Usr 0 00:00:02, Sys 0 00:00:00  -  Total Remote Usage
		Usr 0 00:00:00, Sys 0 00:00:00  -  Total Local Usage
	2165  -  Run Bytes Sent By Node
	33631  -  Run Bytes Received By Node
	2165  -  Total Bytes Sent By Node
	33631  -  Total Bytes Received By Node
...
015 (288393.000.004) 2025-01-28 19:45:57 Node 4 terminated.
	(1) Normal termination (return value 0)
		Usr 0 00:00:01, Sys 0 00:00:00  -  Run Remote Usage
		Usr 0 00:00:00, Sys 0 00:00:00  -  Run Local Usage
		Usr 0 00:00:01, Sys 0 00:00:00  -  Total Remote Usage
		Usr 0 00:00:00, Sys 0 00:00:00  -  Total Local Usage
	2165  -  Run Bytes Sent By Node
	33631  -  Run Bytes Received By Node
	2165  -  Total Bytes Sent By Node
	33631  -  Total Bytes Received By Node
...
015 (288393.000.001) 2025-01-28 19:45:57 Node 1 terminated.
	(1) Normal termination (return value 0)
		Usr 0 00:00:01, Sys 0 00:00:00  -  Run Remote Usage
		Usr 0 00:00:00, Sys 0 00:00:00  -  Run Local Usage
		Usr 0 00:00:01, Sys 0 00:00:00  -  Total Remote Usage
		Usr 0 00:00:00, Sys 0 00:00:00  -  Total Local Usage
	2165  -  Run Bytes Sent By Node
	33631  -  Run Bytes Received By Node
	2165  -  Total Bytes Sent By Node
	33631  -  Total Bytes Received By Node
...
015 (288393.000.006) 2025-01-28 19:45:57 Node 6 terminated.
	(1) Normal termination (return value 0)
		Usr 0 00:00:01, Sys 0 00:00:01  -  Run Remote Usage
		Usr 0 00:00:00, Sys 0 00:00:00  -  Run Local Usage
		Usr 0 00:00:01, Sys 0 00:00:01  -  Total Remote Usage
		Usr 0 00:00:00, Sys 0 00:00:00  -  Total Local Usage
	2165  -  Run Bytes Sent By Node
	33631  -  Run Bytes Received By Node
	2165  -  Total Bytes Sent By Node
	33631  -  Total Bytes Received By Node
...
015 (288393.000.002) 2025-01-28 19:45:57 Node 2 terminated.
	(1) Normal termination (return value 0)
		Usr 0 00:00:01, Sys 0 00:00:01  -  Run Remote Usage
		Usr 0 00:00:00, Sys 0 00:00:00  -  Run Local Usage
		Usr 0 00:00:01, Sys 0 00:00:01  -  Total Remote Usage
		Usr 0 00:00:00, Sys 0 00:00:00  -  Total Local Usage
	2165  -  Run Bytes Sent By Node
	33631  -  Run Bytes Received By Node
	2165  -  Total Bytes Sent By Node
	33631  -  Total Bytes Received By Node
...
015 (288393.000.007) 2025-01-28 19:45:57 Node 7 terminated.
	(1) Normal termination (return value 0)
		Usr 0 00:00:01, Sys 0 00:00:00  -  Run Remote Usage
		Usr 0 00:00:00, Sys 0 00:00:00  -  Run Local Usage
		Usr 0 00:00:01, Sys 0 00:00:00  -  Total Remote Usage
		Usr 0 00:00:00, Sys 0 00:00:00  -  Total Local Usage
	2165  -  Run Bytes Sent By Node
	33631  -  Run Bytes Received By Node
	2165  -  Total Bytes Sent By Node
	33631  -  Total Bytes Received By Node
...
015 (288393.000.005) 2025-01-28 19:45:57 Node 5 terminated.
	(1) Normal termination (return value 0)
		Usr 0 00:00:01, Sys 0 00:00:00  -  Run Remote Usage
		Usr 0 00:00:00, Sys 0 00:00:00  -  Run Local Usage
		Usr 0 00:00:01, Sys 0 00:00:00  -  Total Remote Usage
		Usr 0 00:00:00, Sys 0 00:00:00  -  Total Local Usage
	22  -  Run Bytes Sent By Node
	33631  -  Run Bytes Received By Node
	22  -  Total Bytes Sent By Node
	33631  -  Total Bytes Received By Node
...
015 (288393.000.000) 2025-01-28 19:45:57 Node 0 terminated.
	(1) Normal termination (return value 0)
		Usr 0 00:00:00, Sys 0 00:00:00  -  Run Remote Usage
		Usr 0 00:00:00, Sys 0 00:00:00  -  Run Local Usage
		Usr 0 00:00:00, Sys 0 00:00:00  -  Total Remote Usage
		Usr 0 00:00:00, Sys 0 00:00:00  -  Total Local Usage
	3304  -  Run Bytes Sent By Node
	33631  -  Run Bytes Received By Node
	3304  -  Total Bytes Sent By Node
	33631  -  Total Bytes Received By Node
...
005 (288393.000.000) 2025-01-28 19:45:57 Job terminated.
	(1) Normal termination (return value 0)
		Usr 0 00:00:08, Sys 0 00:00:02  -  Run Remote Usage
		Usr 0 00:00:00, Sys 0 00:00:00  -  Run Local Usage
		Usr 0 00:00:00, Sys 0 00:00:00  -  Total Remote Usage
		Usr 0 00:00:00, Sys 0 00:00:00  -  Total Local Usage
	16316  -  Run Bytes Sent By Job
	269048  -  Run Bytes Received By Job
	16316  -  Total Bytes Sent By Job
	269048  -  Total Bytes Received By Job
	Partitionable Resources :    Usage  Request Allocated 
	   Cpus                 :                 1         2 
	   Disk (KB)            :       51       35 102979030 
	   GPUs                 :                           0 
	   Memory (MB)          :        0        0    100096 

	Job terminated of its own accord at 2025-01-28T19:45:57Z with exit-code 0.
...
