000 (269142.000.000) 2025-01-21 22:22:59 Job submitted from host: <192.168.0.102:9618?addrs=192.168.0.102-9618&alias=submitter&noUDP&sock=schedd_2032_5c88>
...
001 (269142.000.000) 2025-01-21 22:22:59 Job executing on host: <192.168.0.148:9618?addrs=192.168.0.148-9618&alias=node148.di.rm1&noUDP&sock=startd_1547_b119>
...
006 (269142.000.000) 2025-01-21 22:23:08 Image size of job updated: 1898296
	951  -  MemoryUsage of job (MB)
	973180  -  ResidentSetSize of job (KB)
...
006 (269142.000.000) 2025-01-21 22:23:42 Image size of job updated: 4696920
	952  -  MemoryUsage of job (MB)
	973972  -  ResidentSetSize of job (KB)
...
004 (269142.000.000) 2025-01-21 22:23:42 Job was evicted.
	(0) CPU times
		Usr 0 00:00:41, Sys 0 00:00:02  -  Run Remote Usage
		Usr 0 00:00:00, Sys 0 00:00:00  -  Run Local Usage
	0  -  Run Bytes Sent By Job
	0  -  Run Bytes Received By Job
	Partitionable Resources :    Usage  Request Allocated 
	   Cpus                 :                 1         1 
	   Disk (KB)            :       27       27    467548 
	   Memory (MB)          :      952        1       128 
...
009 (269142.000.000) 2025-01-21 22:23:42 Job was aborted.
	via condor_rm (by user calzona_2046920)
...
000 (269266.000.000) 2025-01-21 22:30:13 Job submitted from host: <192.168.0.102:9618?addrs=192.168.0.102-9618&alias=submitter&noUDP&sock=schedd_2032_5c88>
...
001 (269266.000.000) 2025-01-21 22:30:14 Job executing on host: <192.168.0.151:9618?addrs=192.168.0.151-9618&alias=node151.di.rm1&noUDP&sock=startd_1528_a8cd>
...
006 (269266.000.000) 2025-01-21 22:30:23 Image size of job updated: 1836252
	917  -  MemoryUsage of job (MB)
	938388  -  ResidentSetSize of job (KB)
...
006 (269266.000.000) 2025-01-21 22:31:15 Image size of job updated: 6166044
	919  -  MemoryUsage of job (MB)
	941028  -  ResidentSetSize of job (KB)
...
004 (269266.000.000) 2025-01-21 22:31:15 Job was evicted.
	(0) CPU times
		Usr 0 00:00:57, Sys 0 00:00:02  -  Run Remote Usage
		Usr 0 00:00:00, Sys 0 00:00:00  -  Run Local Usage
	0  -  Run Bytes Sent By Job
	0  -  Run Bytes Received By Job
	Partitionable Resources :    Usage  Request Allocated 
	   Cpus                 :                 1         1 
	   Disk (KB)            :       27       27    474791 
	   Memory (MB)          :      919        1       128 
...
009 (269266.000.000) 2025-01-21 22:31:15 Job was aborted.
	via condor_rm (by user calzona_2046920)
...
