000 (270836.000.000) 2025-01-22 00:19:40 Job submitted from host: <192.168.0.102:9618?addrs=192.168.0.102-9618&alias=submitter&noUDP&sock=schedd_2032_5c88>
...
001 (270836.000.000) 2025-01-22 00:20:01 Job executing on host: <192.168.0.147:9618?addrs=192.168.0.147-9618&alias=node147.di.rm1&noUDP&sock=startd_1513_5ee1>
...
006 (270836.000.000) 2025-01-22 00:20:09 Image size of job updated: 1380880
	427  -  MemoryUsage of job (MB)
	436656  -  ResidentSetSize of job (KB)
...
006 (270836.000.000) 2025-01-22 00:20:42 Image size of job updated: 2874648
	428  -  MemoryUsage of job (MB)
	438108  -  ResidentSetSize of job (KB)
...
004 (270836.000.000) 2025-01-22 00:20:42 Job was evicted.
	(0) CPU times
		Usr 0 00:00:39, Sys 0 00:00:01  -  Run Remote Usage
		Usr 0 00:00:00, Sys 0 00:00:00  -  Run Local Usage
	0  -  Run Bytes Sent By Job
	0  -  Run Bytes Received By Job
	Partitionable Resources :    Usage  Request Allocated 
	   Cpus                 :                 1         1 
	   Disk (KB)            :       27       27    469805 
	   Memory (MB)          :      428        1       128 
...
009 (270836.000.000) 2025-01-22 00:20:43 Job was aborted.
	via condor_rm (by user calzona_2046920)
...
000 (276990.000.000) 2025-01-24 05:35:50 Job submitted from host: <192.168.0.102:9618?addrs=192.168.0.102-9618&alias=submitter&noUDP&sock=schedd_2032_5c88>
...
001 (276990.000.000) 2025-01-24 05:35:51 Job executing on host: <192.168.0.147:9618?addrs=192.168.0.147-9618&alias=node147.di.rm1&noUDP&sock=startd_1513_5ee1>
...
006 (276990.000.000) 2025-01-24 05:35:59 Image size of job updated: 1151052
	426  -  MemoryUsage of job (MB)
	436128  -  ResidentSetSize of job (KB)
...
006 (276990.000.000) 2025-01-24 05:37:52 Image size of job updated: 7094884
	427  -  MemoryUsage of job (MB)
	436260  -  ResidentSetSize of job (KB)
...
004 (276990.000.000) 2025-01-24 05:37:52 Job was evicted.
	(0) CPU times
		Usr 0 00:01:58, Sys 0 00:00:02  -  Run Remote Usage
		Usr 0 00:00:00, Sys 0 00:00:00  -  Run Local Usage
	0  -  Run Bytes Sent By Job
	0  -  Run Bytes Received By Job
	Partitionable Resources :    Usage  Request Allocated 
	   Cpus                 :     1.00        1         1 
	   Disk (KB)            :    27          27    469805 
	   Memory (MB)          :   427           1       128 
...
009 (276990.000.000) 2025-01-24 05:37:52 Job was aborted.
	via condor_rm (by user calzona_2046920)
...
