000 (269103.000.000) 2025-01-21 22:20:56 Job submitted from host: <192.168.0.102:9618?addrs=192.168.0.102-9618&alias=submitter&noUDP&sock=schedd_2032_5c88>
...
001 (269103.000.000) 2025-01-21 22:21:01 Job executing on host: <192.168.0.151:9618?addrs=192.168.0.151-9618&alias=node151.di.rm1&noUDP&sock=startd_1528_a8cd>
...
006 (269103.000.000) 2025-01-21 22:21:11 Image size of job updated: 812724
	794  -  MemoryUsage of job (MB)
	812724  -  ResidentSetSize of job (KB)
...
006 (269103.000.000) 2025-01-21 22:21:41 Image size of job updated: 3246144
	795  -  MemoryUsage of job (MB)
	813384  -  ResidentSetSize of job (KB)
...
004 (269103.000.000) 2025-01-21 22:21:41 Job was evicted.
	(0) CPU times
		Usr 0 00:00:35, Sys 0 00:00:01  -  Run Remote Usage
		Usr 0 00:00:00, Sys 0 00:00:00  -  Run Local Usage
	0  -  Run Bytes Sent By Job
	0  -  Run Bytes Received By Job
	Partitionable Resources :    Usage  Request Allocated 
	   Cpus                 :                 1         1 
	   Disk (KB)            :       27       27    474791 
	   Memory (MB)          :      795        1       128 
...
009 (269103.000.000) 2025-01-21 22:21:41 Job was aborted.
	via condor_rm (by user calzona_2046920)
...
000 (269247.000.000) 2025-01-21 22:28:10 Job submitted from host: <192.168.0.102:9618?addrs=192.168.0.102-9618&alias=submitter&noUDP&sock=schedd_2032_5c88>
...
001 (269247.000.000) 2025-01-21 22:28:30 Job executing on host: <192.168.0.148:9618?addrs=192.168.0.148-9618&alias=node148.di.rm1&noUDP&sock=startd_1547_b119>
...
006 (269247.000.000) 2025-01-21 22:28:38 Image size of job updated: 749112
	729  -  MemoryUsage of job (MB)
	746340  -  ResidentSetSize of job (KB)
...
006 (269247.000.000) 2025-01-21 22:29:11 Image size of job updated: 3641892
	731  -  MemoryUsage of job (MB)
	748320  -  ResidentSetSize of job (KB)
...
004 (269247.000.000) 2025-01-21 22:29:11 Job was evicted.
	(0) CPU times
		Usr 0 00:00:40, Sys 0 00:00:01  -  Run Remote Usage
		Usr 0 00:00:00, Sys 0 00:00:00  -  Run Local Usage
	0  -  Run Bytes Sent By Job
	0  -  Run Bytes Received By Job
	Partitionable Resources :    Usage  Request Allocated 
	   Cpus                 :                 1         1 
	   Disk (KB)            :       27       27    467548 
	   Memory (MB)          :      731        1       128 
...
009 (269247.000.000) 2025-01-21 22:29:11 Job was aborted.
	via condor_rm (by user calzona_2046920)
...
000 (275404.000.000) 2025-01-24 02:29:56 Job submitted from host: <192.168.0.102:9618?addrs=192.168.0.102-9618&alias=submitter&noUDP&sock=schedd_2032_5c88>
...
001 (275404.000.000) 2025-01-24 02:29:57 Job executing on host: <192.168.0.149:9618?addrs=192.168.0.149-9618&alias=node149.di.rm1&noUDP&sock=startd_1551_6f7a>
...
006 (275404.000.000) 2025-01-24 02:30:06 Image size of job updated: 741576
	725  -  MemoryUsage of job (MB)
	741576  -  ResidentSetSize of job (KB)
...
006 (275404.000.000) 2025-01-24 02:32:00 Image size of job updated: 11137368
	726  -  MemoryUsage of job (MB)
	742632  -  ResidentSetSize of job (KB)
...
004 (275404.000.000) 2025-01-24 02:32:00 Job was evicted.
	(0) CPU times
		Usr 0 00:01:57, Sys 0 00:00:05  -  Run Remote Usage
		Usr 0 00:00:00, Sys 0 00:00:00  -  Run Local Usage
	0  -  Run Bytes Sent By Job
	0  -  Run Bytes Received By Job
	Partitionable Resources :    Usage  Request Allocated 
	   Cpus                 :                 1         1 
	   Disk (KB)            :       27       27    471944 
	   Memory (MB)          :      726        1       128 
...
009 (275404.000.000) 2025-01-24 02:32:00 Job was aborted.
	via condor_rm (by user calzona_2046920)
...
