000 (271386.000.000) 2025-01-22 00:57:39 Job submitted from host: <192.168.0.102:9618?addrs=192.168.0.102-9618&alias=submitter&noUDP&sock=schedd_2032_5c88>
...
001 (271386.000.000) 2025-01-22 00:57:48 Job executing on host: <192.168.0.149:9618?addrs=192.168.0.149-9618&alias=node149.di.rm1&noUDP&sock=startd_1551_6f7a>
...
006 (271386.000.000) 2025-01-22 00:57:56 Image size of job updated: 402232
	391  -  MemoryUsage of job (MB)
	399944  -  ResidentSetSize of job (KB)
...
006 (271386.000.000) 2025-01-22 00:58:40 Image size of job updated: 2503012
	392  -  MemoryUsage of job (MB)
	400472  -  ResidentSetSize of job (KB)
...
004 (271386.000.000) 2025-01-22 00:58:40 Job was evicted.
	(0) CPU times
		Usr 0 00:00:52, Sys 0 00:00:00  -  Run Remote Usage
		Usr 0 00:00:00, Sys 0 00:00:00  -  Run Local Usage
	0  -  Run Bytes Sent By Job
	0  -  Run Bytes Received By Job
	Partitionable Resources :    Usage  Request Allocated 
	   Cpus                 :                 1         1 
	   Disk (KB)            :       27       27    471944 
	   Memory (MB)          :      392        1       128 
...
009 (271386.000.000) 2025-01-22 00:58:40 Job was aborted.
	via condor_rm (by user calzona_2046920)
...
000 (277540.000.000) 2025-01-24 06:38:03 Job submitted from host: <192.168.0.102:9618?addrs=192.168.0.102-9618&alias=submitter&noUDP&sock=schedd_2032_5c88>
...
001 (277540.000.000) 2025-01-24 06:38:15 Job executing on host: <192.168.0.147:9618?addrs=192.168.0.147-9618&alias=node147.di.rm1&noUDP&sock=startd_1513_5ee1>
...
006 (277540.000.000) 2025-01-24 06:38:23 Image size of job updated: 434692
	392  -  MemoryUsage of job (MB)
	400884  -  ResidentSetSize of job (KB)
...
006 (277540.000.000) 2025-01-24 06:40:05 Image size of job updated: 5423880
	392  -  MemoryUsage of job (MB)
	400884  -  ResidentSetSize of job (KB)
...
004 (277540.000.000) 2025-01-24 06:40:05 Job was evicted.
	(0) CPU times
		Usr 0 00:01:47, Sys 0 00:00:02  -  Run Remote Usage
		Usr 0 00:00:00, Sys 0 00:00:00  -  Run Local Usage
	0  -  Run Bytes Sent By Job
	0  -  Run Bytes Received By Job
	Partitionable Resources :    Usage  Request Allocated 
	   Cpus                 :                 1         1 
	   Disk (KB)            :       27       27    469805 
	   Memory (MB)          :      392        1       128 
...
009 (277540.000.000) 2025-01-24 06:40:05 Job was aborted.
	via condor_rm (by user calzona_2046920)
...
