000 (267967.000.000) 2025-01-21 21:07:13 Job submitted from host: <192.168.0.102:9618?addrs=192.168.0.102-9618&alias=submitter&noUDP&sock=schedd_2032_5c88>
...
001 (267967.000.000) 2025-01-21 21:07:14 Job executing on host: <192.168.0.123:9618?addrs=192.168.0.123-9618&alias=node123.di.rm1&noUDP&sock=startd_2149_9d1d>
...
006 (267967.000.000) 2025-01-21 21:07:23 Image size of job updated: 521408
	507  -  MemoryUsage of job (MB)
	518900  -  ResidentSetSize of job (KB)
...
006 (267967.000.000) 2025-01-21 21:07:54 Image size of job updated: 2402472
	507  -  MemoryUsage of job (MB)
	519032  -  ResidentSetSize of job (KB)
...
004 (267967.000.000) 2025-01-21 21:07:54 Job was evicted.
	(0) CPU times
		Usr 0 00:00:38, Sys 0 00:00:01  -  Run Remote Usage
		Usr 0 00:00:00, Sys 0 00:00:00  -  Run Local Usage
	0  -  Run Bytes Sent By Job
	0  -  Run Bytes Received By Job
	Partitionable Resources :    Usage  Request Allocated 
	   Cpus                 :                 1         1 
	   Disk (KB)            :       27       27    499900 
	   Gpus (Average)       :                 0         0 
	   Memory (MB)          :      507        1       128 
...
009 (267967.000.000) 2025-01-21 21:07:54 Job was aborted.
	via condor_rm (by user calzona_2046920)
...
000 (269442.000.000) 2025-01-21 22:40:04 Job submitted from host: <192.168.0.102:9618?addrs=192.168.0.102-9618&alias=submitter&noUDP&sock=schedd_2032_5c88>
...
001 (269442.000.000) 2025-01-21 22:40:24 Job executing on host: <192.168.0.147:9618?addrs=192.168.0.147-9618&alias=node147.di.rm1&noUDP&sock=startd_1513_5ee1>
...
006 (269442.000.000) 2025-01-21 22:40:33 Image size of job updated: 541068
	529  -  MemoryUsage of job (MB)
	541068  -  ResidentSetSize of job (KB)
...
006 (269442.000.000) 2025-01-21 22:41:05 Image size of job updated: 2555724
	529  -  MemoryUsage of job (MB)
	541464  -  ResidentSetSize of job (KB)
...
004 (269442.000.000) 2025-01-21 22:41:05 Job was evicted.
	(0) CPU times
		Usr 0 00:00:39, Sys 0 00:00:00  -  Run Remote Usage
		Usr 0 00:00:00, Sys 0 00:00:00  -  Run Local Usage
	0  -  Run Bytes Sent By Job
	0  -  Run Bytes Received By Job
	Partitionable Resources :    Usage  Request Allocated 
	   Cpus                 :     1.00        1         1 
	   Disk (KB)            :    27          27    469805 
	   Memory (MB)          :   529           1       128 
...
009 (269442.000.000) 2025-01-21 22:41:05 Job was aborted.
	via condor_rm (by user calzona_2046920)
...
000 (275597.000.000) 2025-01-24 02:50:23 Job submitted from host: <192.168.0.102:9618?addrs=192.168.0.102-9618&alias=submitter&noUDP&sock=schedd_2032_5c88>
...
001 (275597.000.000) 2025-01-24 02:50:42 Job executing on host: <192.168.0.151:9618?addrs=192.168.0.151-9618&alias=node151.di.rm1&noUDP&sock=startd_1528_a8cd>
...
006 (275597.000.000) 2025-01-24 02:50:51 Image size of job updated: 541808
	529  -  MemoryUsage of job (MB)
	541016  -  ResidentSetSize of job (KB)
...
006 (275597.000.000) 2025-01-24 02:52:24 Image size of job updated: 5771376
	529  -  MemoryUsage of job (MB)
	541148  -  ResidentSetSize of job (KB)
...
004 (275597.000.000) 2025-01-24 02:52:24 Job was evicted.
	(0) CPU times
		Usr 0 00:01:40, Sys 0 00:00:02  -  Run Remote Usage
		Usr 0 00:00:00, Sys 0 00:00:00  -  Run Local Usage
	0  -  Run Bytes Sent By Job
	0  -  Run Bytes Received By Job
	Partitionable Resources :    Usage  Request Allocated 
	   Cpus                 :     1.00        1         1 
	   Disk (KB)            :    27          27    474791 
	   Memory (MB)          :   529           1       128 
...
009 (275597.000.000) 2025-01-24 02:52:24 Job was aborted.
	via condor_rm (by user calzona_2046920)
...
