000 (282448.000.000) 2025-01-26 17:30:07 Job submitted from host: <192.168.0.102:9618?addrs=192.168.0.102-9618&alias=submitter&noUDP&sock=schedd_2032_5c88>
...
014 (282448.000.001) 2025-01-26 17:30:16 Node 1 executing on host: <192.168.0.115:9618?addrs=192.168.0.115-9618&alias=node115.di.rm1&noUDP&sock=startd_1101621_f4a0>
...
014 (282448.000.005) 2025-01-26 17:30:16 Node 5 executing on host: <192.168.0.106:9618?addrs=192.168.0.106-9618&alias=node106.di.rm1&noUDP&sock=startd_1970_d5a9>
...
014 (282448.000.007) 2025-01-26 17:30:16 Node 7 executing on host: <192.168.0.140:9618?addrs=192.168.0.140-9618&alias=node140.di.rm1&noUDP&sock=startd_1890_f615>
...
014 (282448.000.000) 2025-01-26 17:30:16 Node 0 executing on host: <192.168.0.114:9618?addrs=192.168.0.114-9618&alias=node114.di.rm1&noUDP&sock=startd_2075_db1b>
...
014 (282448.000.003) 2025-01-26 17:30:16 Node 3 executing on host: <192.168.0.143:9618?addrs=192.168.0.143-9618&alias=node143.di.rm1&noUDP&sock=startd_2061_40c7>
...
014 (282448.000.002) 2025-01-26 17:30:16 Node 2 executing on host: <192.168.0.145:9618?addrs=192.168.0.145-9618&alias=node145.di.rm1&noUDP&sock=startd_1869_8e98>
...
014 (282448.000.004) 2025-01-26 17:30:16 Node 4 executing on host: <192.168.0.141:9618?addrs=192.168.0.141-9618&alias=node141.di.rm1&noUDP&sock=startd_2077_3a4b>
...
014 (282448.000.006) 2025-01-26 17:30:16 Node 6 executing on host: <192.168.0.145:9618?addrs=192.168.0.145-9618&alias=node145.di.rm1&noUDP&sock=startd_1869_8e98>
...
001 (282448.000.000) 2025-01-26 17:30:16 Job executing on host: MPI_job
...
008 (282448.000.000) 2025-01-26 17:30:18 Launching orted on Node 1 of 8
...
008 (282448.000.000) 2025-01-26 17:30:18 Launching orted on Node 5 of 8
...
008 (282448.000.000) 2025-01-26 17:30:18 Launching orted on Node 7 of 8
...
008 (282448.000.000) 2025-01-26 17:30:19 Launching orted on Node 0 of 8
...
008 (282448.000.000) 2025-01-26 17:30:19 Launching orted on Node 3 of 8
...
008 (282448.000.000) 2025-01-26 17:30:19 Launching orted on Node 4 of 8
...
008 (282448.000.000) 2025-01-26 17:30:19 Launching orted on Node 2 of 8
...
008 (282448.000.000) 2025-01-26 17:30:19 Launching orted on Node 6 of 8
...
008 (282448.000.000) 2025-01-26 17:31:01 orted exited on Node 7 of 8
...
008 (282448.000.000) 2025-01-26 17:31:01 orted exited on Node 1 of 8
...
008 (282448.000.000) 2025-01-26 17:31:01 orted exited on Node 5 of 8
...
008 (282448.000.000) 2025-01-26 17:31:01 orted exited on Node 2 of 8
...
008 (282448.000.000) 2025-01-26 17:31:01 orted exited on Node 6 of 8
...
008 (282448.000.000) 2025-01-26 17:31:01 orted exited on Node 4 of 8
...
008 (282448.000.000) 2025-01-26 17:31:01 orted exited on Node 0 of 8
...
008 (282448.000.000) 2025-01-26 17:31:01 orted exited on Node 3 of 8
...
015 (282448.000.001) 2025-01-26 17:31:01 Node 1 terminated.
	(1) Normal termination (return value 0)
		Usr 0 00:00:33, Sys 0 00:00:09  -  Run Remote Usage
		Usr 0 00:00:00, Sys 0 00:00:00  -  Run Local Usage
		Usr 0 00:00:33, Sys 0 00:00:09  -  Total Remote Usage
		Usr 0 00:00:00, Sys 0 00:00:00  -  Total Local Usage
	2165  -  Run Bytes Sent By Node
	33711  -  Run Bytes Received By Node
	2165  -  Total Bytes Sent By Node
	33711  -  Total Bytes Received By Node
...
015 (282448.000.005) 2025-01-26 17:31:01 Node 5 terminated.
	(1) Normal termination (return value 0)
		Usr 0 00:00:33, Sys 0 00:00:09  -  Run Remote Usage
		Usr 0 00:00:00, Sys 0 00:00:00  -  Run Local Usage
		Usr 0 00:00:33, Sys 0 00:00:09  -  Total Remote Usage
		Usr 0 00:00:00, Sys 0 00:00:00  -  Total Local Usage
	2165  -  Run Bytes Sent By Node
	33711  -  Run Bytes Received By Node
	2165  -  Total Bytes Sent By Node
	33711  -  Total Bytes Received By Node
...
015 (282448.000.007) 2025-01-26 17:31:01 Node 7 terminated.
	(1) Normal termination (return value 0)
		Usr 0 00:00:32, Sys 0 00:00:09  -  Run Remote Usage
		Usr 0 00:00:00, Sys 0 00:00:00  -  Run Local Usage
		Usr 0 00:00:32, Sys 0 00:00:09  -  Total Remote Usage
		Usr 0 00:00:00, Sys 0 00:00:00  -  Total Local Usage
	2165  -  Run Bytes Sent By Node
	33711  -  Run Bytes Received By Node
	2165  -  Total Bytes Sent By Node
	33711  -  Total Bytes Received By Node
...
015 (282448.000.000) 2025-01-26 17:31:01 Node 0 terminated.
	(1) Normal termination (return value 0)
		Usr 0 00:00:05, Sys 0 00:00:00  -  Run Remote Usage
		Usr 0 00:00:00, Sys 0 00:00:00  -  Run Local Usage
		Usr 0 00:00:05, Sys 0 00:00:00  -  Total Remote Usage
		Usr 0 00:00:00, Sys 0 00:00:00  -  Total Local Usage
	3261  -  Run Bytes Sent By Node
	33711  -  Run Bytes Received By Node
	3261  -  Total Bytes Sent By Node
	33711  -  Total Bytes Received By Node
...
005 (282448.000.000) 2025-01-26 17:31:01 Job terminated.
	(1) Normal termination (return value 0)
		Usr 0 00:04:02, Sys 0 00:00:51  -  Run Remote Usage
		Usr 0 00:00:00, Sys 0 00:00:00  -  Run Local Usage
		Usr 0 00:00:05, Sys 0 00:00:00  -  Total Remote Usage
		Usr 0 00:00:00, Sys 0 00:00:00  -  Total Local Usage
	9756  -  Run Bytes Sent By Job
	269688  -  Run Bytes Received By Job
	9756  -  Total Bytes Sent By Job
	269688  -  Total Bytes Received By Job
	Partitionable Resources :    Usage  Request Allocated 
	   Cpus                 :                 1         1 
	   Disk (KB)            :       50       35    391129 
	   Memory (MB)          :       26      230     53248 

	Job terminated of its own accord at 2025-01-26T17:31:01Z with exit-code 0.
...
000 (289311.000.000) 2025-01-28 23:16:02 Job submitted from host: <192.168.0.102:9618?addrs=192.168.0.102-9618&alias=submitter&noUDP&sock=schedd_2032_5c88>
...
014 (289311.000.000) 2025-01-28 23:16:09 Node 0 executing on host: <192.168.0.107:9618?addrs=192.168.0.107-9618&alias=node107.di.rm1&noUDP&sock=startd_1981_6134>
...
014 (289311.000.003) 2025-01-28 23:16:09 Node 3 executing on host: <192.168.0.137:9618?addrs=192.168.0.137-9618&alias=node137.di.rm1&noUDP&sock=startd_1934_2440>
...
014 (289311.000.002) 2025-01-28 23:16:09 Node 2 executing on host: <192.168.0.111:9618?addrs=192.168.0.111-9618&alias=node111.di.rm1&noUDP&sock=startd_2044_97ab>
...
014 (289311.000.005) 2025-01-28 23:16:09 Node 5 executing on host: <192.168.0.147:9618?addrs=192.168.0.147-9618&alias=node147.di.rm1&noUDP&sock=startd_1513_5ee1>
...
014 (289311.000.001) 2025-01-28 23:16:09 Node 1 executing on host: <192.168.0.146:9618?addrs=192.168.0.146-9618&alias=node146.di.rm1&noUDP&sock=startd_1984_6ffc>
...
014 (289311.000.004) 2025-01-28 23:16:09 Node 4 executing on host: <192.168.0.141:9618?addrs=192.168.0.141-9618&alias=node141.di.rm1&noUDP&sock=startd_2077_3a4b>
...
014 (289311.000.006) 2025-01-28 23:16:09 Node 6 executing on host: <192.168.0.151:9618?addrs=192.168.0.151-9618&alias=node151.di.rm1&noUDP&sock=startd_1528_a8cd>
...
014 (289311.000.007) 2025-01-28 23:16:09 Node 7 executing on host: <192.168.0.122:9618?addrs=192.168.0.122-9618&alias=node122.di.rm1&noUDP&sock=startd_2134_5331>
...
001 (289311.000.000) 2025-01-28 23:16:09 Job executing on host: MPI_job
...
008 (289311.000.000) 2025-01-28 23:16:11 Launching orted on Node 0 of 8
...
008 (289311.000.000) 2025-01-28 23:16:11 Launching orted on Node 3 of 8
...
008 (289311.000.000) 2025-01-28 23:16:11 Launching orted on Node 5 of 8
...
008 (289311.000.000) 2025-01-28 23:16:11 Launching orted on Node 2 of 8
...
008 (289311.000.000) 2025-01-28 23:16:12 Launching orted on Node 4 of 8
...
008 (289311.000.000) 2025-01-28 23:16:12 Launching orted on Node 7 of 8
...
008 (289311.000.000) 2025-01-28 23:16:12 Launching orted on Node 6 of 8
...
008 (289311.000.000) 2025-01-28 23:16:12 Launching orted on Node 1 of 8
...
008 (289311.000.000) 2025-01-28 23:16:45 orted exited on Node 1 of 8
...
008 (289311.000.000) 2025-01-28 23:16:45 orted exited on Node 0 of 8
...
008 (289311.000.000) 2025-01-28 23:16:45 orted exited on Node 2 of 8
...
008 (289311.000.000) 2025-01-28 23:16:45 orted exited on Node 3 of 8
...
008 (289311.000.000) 2025-01-28 23:16:45 orted exited on Node 4 of 8
...
008 (289311.000.000) 2025-01-28 23:16:45 orted exited on Node 5 of 8
...
008 (289311.000.000) 2025-01-28 23:16:45 orted exited on Node 6 of 8
...
008 (289311.000.000) 2025-01-28 23:16:45 orted exited on Node 7 of 8
...
015 (289311.000.005) 2025-01-28 23:16:46 Node 5 terminated.
	(1) Normal termination (return value 0)
		Usr 0 00:00:33, Sys 0 00:00:01  -  Run Remote Usage
		Usr 0 00:00:00, Sys 0 00:00:00  -  Run Local Usage
		Usr 0 00:00:33, Sys 0 00:00:01  -  Total Remote Usage
		Usr 0 00:00:00, Sys 0 00:00:00  -  Total Local Usage
	2165  -  Run Bytes Sent By Node
	33711  -  Run Bytes Received By Node
	2165  -  Total Bytes Sent By Node
	33711  -  Total Bytes Received By Node
...
015 (289311.000.007) 2025-01-28 23:16:46 Node 7 terminated.
	(1) Normal termination (return value 0)
		Usr 0 00:00:33, Sys 0 00:00:00  -  Run Remote Usage
		Usr 0 00:00:00, Sys 0 00:00:00  -  Run Local Usage
		Usr 0 00:00:33, Sys 0 00:00:00  -  Total Remote Usage
		Usr 0 00:00:00, Sys 0 00:00:00  -  Total Local Usage
	2187  -  Run Bytes Sent By Node
	33711  -  Run Bytes Received By Node
	2187  -  Total Bytes Sent By Node
	33711  -  Total Bytes Received By Node
...
015 (289311.000.000) 2025-01-28 23:16:46 Node 0 terminated.
	(1) Normal termination (return value 0)
		Usr 0 00:00:00, Sys 0 00:00:00  -  Run Remote Usage
		Usr 0 00:00:00, Sys 0 00:00:00  -  Run Local Usage
		Usr 0 00:00:00, Sys 0 00:00:00  -  Total Remote Usage
		Usr 0 00:00:00, Sys 0 00:00:00  -  Total Local Usage
	3264  -  Run Bytes Sent By Node
	33711  -  Run Bytes Received By Node
	3264  -  Total Bytes Sent By Node
	33711  -  Total Bytes Received By Node
...
005 (289311.000.000) 2025-01-28 23:16:46 Job terminated.
	(1) Normal termination (return value 0)
		Usr 0 00:03:51, Sys 0 00:00:02  -  Run Remote Usage
		Usr 0 00:00:00, Sys 0 00:00:00  -  Run Local Usage
		Usr 0 00:00:00, Sys 0 00:00:00  -  Total Remote Usage
		Usr 0 00:00:00, Sys 0 00:00:00  -  Total Local Usage
	7616  -  Run Bytes Sent By Job
	269688  -  Run Bytes Received By Job
	7616  -  Total Bytes Sent By Job
	269688  -  Total Bytes Received By Job
	Partitionable Resources :    Usage  Request Allocated 
	   Cpus                 :     0.06        1         2 
	   Disk (KB)            :    57          35 102887858 
	   Memory (MB)          :    26           1    100096 

	Job terminated of its own accord at 2025-01-28T23:16:45Z with exit-code 0.
...
