000 (290162.000.000) 2025-01-29 12:26:19 Job submitted from host: <192.168.0.102:9618?addrs=192.168.0.102-9618&alias=submitter&noUDP&sock=schedd_2032_5c88>
...
014 (290162.000.000) 2025-01-29 12:26:23 Node 0 executing on host: <192.168.0.104:9618?addrs=192.168.0.104-9618&alias=node104.di.rm1&noUDP&sock=startd_1987_7ec5>
...
014 (290162.000.002) 2025-01-29 12:26:23 Node 2 executing on host: <192.168.0.104:9618?addrs=192.168.0.104-9618&alias=node104.di.rm1&noUDP&sock=startd_1987_7ec5>
...
014 (290162.000.001) 2025-01-29 12:26:23 Node 1 executing on host: <192.168.0.114:9618?addrs=192.168.0.114-9618&alias=node114.di.rm1&noUDP&sock=startd_2075_db1b>
...
014 (290162.000.005) 2025-01-29 12:26:23 Node 5 executing on host: <192.168.0.141:9618?addrs=192.168.0.141-9618&alias=node141.di.rm1&noUDP&sock=startd_2077_3a4b>
...
014 (290162.000.007) 2025-01-29 12:26:23 Node 7 executing on host: <192.168.0.115:9618?addrs=192.168.0.115-9618&alias=node115.di.rm1&noUDP&sock=startd_1101621_f4a0>
...
014 (290162.000.003) 2025-01-29 12:26:23 Node 3 executing on host: <192.168.0.142:9618?addrs=192.168.0.142-9618&alias=node142.di.rm1&noUDP&sock=startd_1996_ab1f>
...
014 (290162.000.004) 2025-01-29 12:26:23 Node 4 executing on host: <192.168.0.142:9618?addrs=192.168.0.142-9618&alias=node142.di.rm1&noUDP&sock=startd_1996_ab1f>
...
014 (290162.000.006) 2025-01-29 12:26:23 Node 6 executing on host: <192.168.0.143:9618?addrs=192.168.0.143-9618&alias=node143.di.rm1&noUDP&sock=startd_2061_40c7>
...
001 (290162.000.000) 2025-01-29 12:26:23 Job executing on host: MPI_job
...
008 (290162.000.000) 2025-01-29 12:26:25 Launching orted on Node 1 of 8
...
008 (290162.000.000) 2025-01-29 12:26:25 Launching orted on Node 5 of 8
...
008 (290162.000.000) 2025-01-29 12:26:25 Launching orted on Node 7 of 8
...
008 (290162.000.000) 2025-01-29 12:26:26 Launching orted on Node 2 of 8
...
008 (290162.000.000) 2025-01-29 12:26:26 Launching orted on Node 0 of 8
...
008 (290162.000.000) 2025-01-29 12:26:26 Launching orted on Node 6 of 8
...
008 (290162.000.000) 2025-01-29 12:26:26 Launching orted on Node 4 of 8
...
008 (290162.000.000) 2025-01-29 12:26:26 Launching orted on Node 3 of 8
...
008 (290162.000.000) 2025-01-29 12:26:27 orted exited on Node 7 of 8
...
008 (290162.000.000) 2025-01-29 12:26:27 orted exited on Node 1 of 8
...
008 (290162.000.000) 2025-01-29 12:26:27 orted exited on Node 5 of 8
...
008 (290162.000.000) 2025-01-29 12:26:27 orted exited on Node 2 of 8
...
008 (290162.000.000) 2025-01-29 12:26:27 orted exited on Node 0 of 8
...
008 (290162.000.000) 2025-01-29 12:26:27 orted exited on Node 6 of 8
...
008 (290162.000.000) 2025-01-29 12:26:27 orted exited on Node 3 of 8
...
008 (290162.000.000) 2025-01-29 12:26:27 orted exited on Node 4 of 8
...
015 (290162.000.005) 2025-01-29 12:26:27 Node 5 terminated.
	(1) Normal termination (return value 0)
		Usr 0 00:00:02, Sys 0 00:00:01  -  Run Remote Usage
		Usr 0 00:00:00, Sys 0 00:00:00  -  Run Local Usage
		Usr 0 00:00:02, Sys 0 00:00:01  -  Total Remote Usage
		Usr 0 00:00:00, Sys 0 00:00:00  -  Total Local Usage
	2341  -  Run Bytes Sent By Node
	33791  -  Run Bytes Received By Node
	2341  -  Total Bytes Sent By Node
	33791  -  Total Bytes Received By Node
...
015 (290162.000.001) 2025-01-29 12:26:27 Node 1 terminated.
	(1) Normal termination (return value 0)
		Usr 0 00:00:02, Sys 0 00:00:01  -  Run Remote Usage
		Usr 0 00:00:00, Sys 0 00:00:00  -  Run Local Usage
		Usr 0 00:00:02, Sys 0 00:00:01  -  Total Remote Usage
		Usr 0 00:00:00, Sys 0 00:00:00  -  Total Local Usage
	2341  -  Run Bytes Sent By Node
	33791  -  Run Bytes Received By Node
	2341  -  Total Bytes Sent By Node
	33791  -  Total Bytes Received By Node
...
015 (290162.000.007) 2025-01-29 12:26:27 Node 7 terminated.
	(1) Normal termination (return value 0)
		Usr 0 00:00:02, Sys 0 00:00:02  -  Run Remote Usage
		Usr 0 00:00:00, Sys 0 00:00:00  -  Run Local Usage
		Usr 0 00:00:02, Sys 0 00:00:02  -  Total Remote Usage
		Usr 0 00:00:00, Sys 0 00:00:00  -  Total Local Usage
	2341  -  Run Bytes Sent By Node
	33791  -  Run Bytes Received By Node
	2341  -  Total Bytes Sent By Node
	33791  -  Total Bytes Received By Node
...
015 (290162.000.006) 2025-01-29 12:26:27 Node 6 terminated.
	(1) Normal termination (return value 0)
		Usr 0 00:00:02, Sys 0 00:00:01  -  Run Remote Usage
		Usr 0 00:00:00, Sys 0 00:00:00  -  Run Local Usage
		Usr 0 00:00:02, Sys 0 00:00:01  -  Total Remote Usage
		Usr 0 00:00:00, Sys 0 00:00:00  -  Total Local Usage
	2341  -  Run Bytes Sent By Node
	33791  -  Run Bytes Received By Node
	2341  -  Total Bytes Sent By Node
	33791  -  Total Bytes Received By Node
...
015 (290162.000.002) 2025-01-29 12:26:27 Node 2 terminated.
	(1) Normal termination (return value 0)
		Usr 0 00:00:01, Sys 0 00:00:01  -  Run Remote Usage
		Usr 0 00:00:00, Sys 0 00:00:00  -  Run Local Usage
		Usr 0 00:00:01, Sys 0 00:00:01  -  Total Remote Usage
		Usr 0 00:00:00, Sys 0 00:00:00  -  Total Local Usage
	0  -  Run Bytes Sent By Node
	33791  -  Run Bytes Received By Node
	0  -  Total Bytes Sent By Node
	33791  -  Total Bytes Received By Node
...
015 (290162.000.000) 2025-01-29 12:26:27 Node 0 terminated.
	(1) Normal termination (return value 0)
		Usr 0 00:00:00, Sys 0 00:00:00  -  Run Remote Usage
		Usr 0 00:00:00, Sys 0 00:00:00  -  Run Local Usage
		Usr 0 00:00:00, Sys 0 00:00:00  -  Total Remote Usage
		Usr 0 00:00:00, Sys 0 00:00:00  -  Total Local Usage
	3438  -  Run Bytes Sent By Node
	33791  -  Run Bytes Received By Node
	3438  -  Total Bytes Sent By Node
	33791  -  Total Bytes Received By Node
...
005 (290162.000.000) 2025-01-29 12:26:27 Job terminated.
	(1) Normal termination (return value 0)
		Usr 0 00:00:13, Sys 0 00:00:08  -  Run Remote Usage
		Usr 0 00:00:00, Sys 0 00:00:00  -  Run Local Usage
		Usr 0 00:00:00, Sys 0 00:00:00  -  Total Remote Usage
		Usr 0 00:00:00, Sys 0 00:00:00  -  Total Local Usage
	12802  -  Run Bytes Sent By Job
	270328  -  Run Bytes Received By Job
	12802  -  Total Bytes Sent By Job
	270328  -  Total Bytes Received By Job
	Partitionable Resources :    Usage  Request Allocated 
	   Cpus                 :                 4         4 
	   Disk (KB)            :       51       35    465124 
	   Memory (MB)          :        0        1       128 

	Job terminated of its own accord at 2025-01-29T12:26:27Z with exit-code 0.
...
