000 (269629.000.000) 2025-01-21 22:52:41 Job submitted from host: <192.168.0.102:9618?addrs=192.168.0.102-9618&alias=submitter&noUDP&sock=schedd_2032_5c88>
...
001 (269629.000.000) 2025-01-21 22:52:43 Job executing on host: <192.168.0.151:9618?addrs=192.168.0.151-9618&alias=node151.di.rm1&noUDP&sock=startd_1528_a8cd>
...
006 (269629.000.000) 2025-01-21 22:52:52 Image size of job updated: 1265180
	414  -  MemoryUsage of job (MB)
	423852  -  ResidentSetSize of job (KB)
...
006 (269629.000.000) 2025-01-21 22:53:44 Image size of job updated: 3799260
	419  -  MemoryUsage of job (MB)
	428208  -  ResidentSetSize of job (KB)
...
004 (269629.000.000) 2025-01-21 22:53:44 Job was evicted.
	(0) CPU times
		Usr 0 00:00:57, Sys 0 00:00:00  -  Run Remote Usage
		Usr 0 00:00:00, Sys 0 00:00:00  -  Run Local Usage
	0  -  Run Bytes Sent By Job
	0  -  Run Bytes Received By Job
	Partitionable Resources :    Usage  Request Allocated 
	   Cpus                 :     1.00        1         1 
	   Disk (KB)            :    27          27    474791 
	   Memory (MB)          :   419           1       128 
...
009 (269629.000.000) 2025-01-21 22:53:44 Job was aborted.
	via condor_rm (by user calzona_2046920)
...
000 (275783.000.000) 2025-01-24 03:11:49 Job submitted from host: <192.168.0.102:9618?addrs=192.168.0.102-9618&alias=submitter&noUDP&sock=schedd_2032_5c88>
...
001 (275783.000.000) 2025-01-24 03:11:50 Job executing on host: <192.168.0.151:9618?addrs=192.168.0.151-9618&alias=node151.di.rm1&noUDP&sock=startd_1528_a8cd>
...
006 (275783.000.000) 2025-01-24 03:11:59 Image size of job updated: 1118112
	466  -  MemoryUsage of job (MB)
	476256  -  ResidentSetSize of job (KB)
...
006 (275783.000.000) 2025-01-24 03:13:51 Image size of job updated: 6255860
	466  -  MemoryUsage of job (MB)
	476256  -  ResidentSetSize of job (KB)
...
004 (275783.000.000) 2025-01-24 03:13:51 Job was evicted.
	(0) CPU times
		Usr 0 00:01:58, Sys 0 00:00:02  -  Run Remote Usage
		Usr 0 00:00:00, Sys 0 00:00:00  -  Run Local Usage
	0  -  Run Bytes Sent By Job
	0  -  Run Bytes Received By Job
	Partitionable Resources :    Usage  Request Allocated 
	   Cpus                 :        0        1         1 
	   Disk (KB)            :       27       27    474791 
	   Memory (MB)          :      466        1       128 
...
009 (275783.000.000) 2025-01-24 03:13:51 Job was aborted.
	via condor_rm (by user calzona_2046920)
...
