000 (279111.000.000) 2025-01-24 10:17:05 Job submitted from host: <192.168.0.102:9618?addrs=192.168.0.102-9618&alias=submitter&noUDP&sock=schedd_2032_5c88>
...
014 (279111.000.003) 2025-01-24 10:17:26 Node 3 executing on host: <192.168.0.109:9618?addrs=192.168.0.109-9618&alias=node109.di.rm1&noUDP&sock=startd_1627_90ad>
...
014 (279111.000.001) 2025-01-24 10:17:26 Node 1 executing on host: <192.168.0.123:9618?addrs=192.168.0.123-9618&alias=node123.di.rm1&noUDP&sock=startd_2149_9d1d>
...
014 (279111.000.002) 2025-01-24 10:17:26 Node 2 executing on host: <192.168.0.151:9618?addrs=192.168.0.151-9618&alias=node151.di.rm1&noUDP&sock=startd_1528_a8cd>
...
014 (279111.000.004) 2025-01-24 10:17:26 Node 4 executing on host: <192.168.0.104:9618?addrs=192.168.0.104-9618&alias=node104.di.rm1&noUDP&sock=startd_1987_7ec5>
...
014 (279111.000.006) 2025-01-24 10:17:26 Node 6 executing on host: <192.168.0.105:9618?addrs=192.168.0.105-9618&alias=node105.di.rm1&noUDP&sock=startd_1951_cd5c>
...
014 (279111.000.000) 2025-01-24 10:17:26 Node 0 executing on host: <192.168.0.148:9618?addrs=192.168.0.148-9618&alias=node148.di.rm1&noUDP&sock=startd_1547_b119>
...
014 (279111.000.007) 2025-01-24 10:17:26 Node 7 executing on host: <192.168.0.147:9618?addrs=192.168.0.147-9618&alias=node147.di.rm1&noUDP&sock=startd_1513_5ee1>
...
014 (279111.000.005) 2025-01-24 10:17:26 Node 5 executing on host: <192.168.0.148:9618?addrs=192.168.0.148-9618&alias=node148.di.rm1&noUDP&sock=startd_1547_b119>
...
001 (279111.000.000) 2025-01-24 10:17:26 Job executing on host: MPI_job
...
008 (279111.000.000) 2025-01-24 10:17:28 Launching orted on Node 3 of 8
...
008 (279111.000.000) 2025-01-24 10:17:28 Launching orted on Node 7 of 8
...
008 (279111.000.000) 2025-01-24 10:17:28 Launching orted on Node 2 of 8
...
008 (279111.000.000) 2025-01-24 10:17:28 Launching orted on Node 6 of 8
...
008 (279111.000.000) 2025-01-24 10:17:28 Launching orted on Node 4 of 8
...
008 (279111.000.000) 2025-01-24 10:17:28 Launching orted on Node 0 of 8
...
008 (279111.000.000) 2025-01-24 10:17:28 Launching orted on Node 5 of 8
...
008 (279111.000.000) 2025-01-24 10:17:28 Launching orted on Node 1 of 8
...
008 (279111.000.000) 2025-01-24 10:17:29 orted exited on Node 7 of 8
...
008 (279111.000.000) 2025-01-24 10:17:29 orted exited on Node 5 of 8
...
008 (279111.000.000) 2025-01-24 10:17:29 orted exited on Node 2 of 8
...
008 (279111.000.000) 2025-01-24 10:17:29 orted exited on Node 0 of 8
...
008 (279111.000.000) 2025-01-24 10:17:29 orted exited on Node 1 of 8
...
008 (279111.000.000) 2025-01-24 10:17:29 orted exited on Node 6 of 8
...
008 (279111.000.000) 2025-01-24 10:17:29 orted exited on Node 3 of 8
...
008 (279111.000.000) 2025-01-24 10:17:29 orted exited on Node 4 of 8
...
015 (279111.000.007) 2025-01-24 10:17:29 Node 7 terminated.
	(1) Normal termination (return value 0)
		Usr 0 00:00:00, Sys 0 00:00:00  -  Run Remote Usage
		Usr 0 00:00:00, Sys 0 00:00:00  -  Run Local Usage
		Usr 0 00:00:00, Sys 0 00:00:00  -  Total Remote Usage
		Usr 0 00:00:00, Sys 0 00:00:00  -  Total Local Usage
	2165  -  Run Bytes Sent By Node
	33639  -  Run Bytes Received By Node
	2165  -  Total Bytes Sent By Node
	33639  -  Total Bytes Received By Node
...
015 (279111.000.006) 2025-01-24 10:17:29 Node 6 terminated.
	(1) Normal termination (return value 0)
		Usr 0 00:00:00, Sys 0 00:00:00  -  Run Remote Usage
		Usr 0 00:00:00, Sys 0 00:00:00  -  Run Local Usage
		Usr 0 00:00:00, Sys 0 00:00:00  -  Total Remote Usage
		Usr 0 00:00:00, Sys 0 00:00:00  -  Total Local Usage
	2165  -  Run Bytes Sent By Node
	33639  -  Run Bytes Received By Node
	2165  -  Total Bytes Sent By Node
	33639  -  Total Bytes Received By Node
...
015 (279111.000.002) 2025-01-24 10:17:29 Node 2 terminated.
	(1) Normal termination (return value 0)
		Usr 0 00:00:00, Sys 0 00:00:01  -  Run Remote Usage
		Usr 0 00:00:00, Sys 0 00:00:00  -  Run Local Usage
		Usr 0 00:00:00, Sys 0 00:00:01  -  Total Remote Usage
		Usr 0 00:00:00, Sys 0 00:00:00  -  Total Local Usage
	2165  -  Run Bytes Sent By Node
	33639  -  Run Bytes Received By Node
	2165  -  Total Bytes Sent By Node
	33639  -  Total Bytes Received By Node
...
015 (279111.000.003) 2025-01-24 10:17:29 Node 3 terminated.
	(1) Normal termination (return value 0)
		Usr 0 00:00:00, Sys 0 00:00:00  -  Run Remote Usage
		Usr 0 00:00:00, Sys 0 00:00:00  -  Run Local Usage
		Usr 0 00:00:00, Sys 0 00:00:00  -  Total Remote Usage
		Usr 0 00:00:00, Sys 0 00:00:00  -  Total Local Usage
	2165  -  Run Bytes Sent By Node
	33639  -  Run Bytes Received By Node
	2165  -  Total Bytes Sent By Node
	33639  -  Total Bytes Received By Node
...
015 (279111.000.004) 2025-01-24 10:17:29 Node 4 terminated.
	(1) Normal termination (return value 0)
		Usr 0 00:00:00, Sys 0 00:00:00  -  Run Remote Usage
		Usr 0 00:00:00, Sys 0 00:00:00  -  Run Local Usage
		Usr 0 00:00:00, Sys 0 00:00:00  -  Total Remote Usage
		Usr 0 00:00:00, Sys 0 00:00:00  -  Total Local Usage
	2165  -  Run Bytes Sent By Node
	33639  -  Run Bytes Received By Node
	2165  -  Total Bytes Sent By Node
	33639  -  Total Bytes Received By Node
...
015 (279111.000.001) 2025-01-24 10:17:29 Node 1 terminated.
	(1) Normal termination (return value 0)
		Usr 0 00:00:00, Sys 0 00:00:00  -  Run Remote Usage
		Usr 0 00:00:00, Sys 0 00:00:00  -  Run Local Usage
		Usr 0 00:00:00, Sys 0 00:00:00  -  Total Remote Usage
		Usr 0 00:00:00, Sys 0 00:00:00  -  Total Local Usage
	2187  -  Run Bytes Sent By Node
	33639  -  Run Bytes Received By Node
	2187  -  Total Bytes Sent By Node
	33639  -  Total Bytes Received By Node
...
015 (279111.000.005) 2025-01-24 10:17:29 Node 5 terminated.
	(1) Normal termination (return value 0)
		Usr 0 00:00:00, Sys 0 00:00:00  -  Run Remote Usage
		Usr 0 00:00:00, Sys 0 00:00:00  -  Run Local Usage
		Usr 0 00:00:00, Sys 0 00:00:00  -  Total Remote Usage
		Usr 0 00:00:00, Sys 0 00:00:00  -  Total Local Usage
	0  -  Run Bytes Sent By Node
	33639  -  Run Bytes Received By Node
	0  -  Total Bytes Sent By Node
	33639  -  Total Bytes Received By Node
...
015 (279111.000.000) 2025-01-24 10:17:29 Node 0 terminated.
	(1) Normal termination (return value 0)
		Usr 0 00:00:00, Sys 0 00:00:00  -  Run Remote Usage
		Usr 0 00:00:00, Sys 0 00:00:00  -  Run Local Usage
		Usr 0 00:00:00, Sys 0 00:00:00  -  Total Remote Usage
		Usr 0 00:00:00, Sys 0 00:00:00  -  Total Local Usage
	3260  -  Run Bytes Sent By Node
	33639  -  Run Bytes Received By Node
	3260  -  Total Bytes Sent By Node
	33639  -  Total Bytes Received By Node
...
005 (279111.000.000) 2025-01-24 10:17:29 Job terminated.
	(1) Normal termination (return value 0)
		Usr 0 00:00:00, Sys 0 00:00:01  -  Run Remote Usage
		Usr 0 00:00:00, Sys 0 00:00:00  -  Run Local Usage
		Usr 0 00:00:00, Sys 0 00:00:00  -  Total Remote Usage
		Usr 0 00:00:00, Sys 0 00:00:00  -  Total Local Usage
	16272  -  Run Bytes Sent By Job
	269112  -  Run Bytes Received By Job
	16272  -  Total Bytes Sent By Job
	269112  -  Total Bytes Received By Job
	Partitionable Resources :    Usage  Request Allocated 
	   Cpus                 :                 1         1 
	   Disk (KB)            :       50       35    467548 
	   Memory (MB)          :        0        0     20480 

	Job terminated of its own accord at 2025-01-24T10:17:29Z with exit-code 0.
...
000 (287424.000.000) 2025-01-28 17:12:06 Job submitted from host: <192.168.0.102:9618?addrs=192.168.0.102-9618&alias=submitter&noUDP&sock=schedd_2032_5c88>
...
014 (287424.000.002) 2025-01-28 17:12:20 Node 2 executing on host: <192.168.0.137:9618?addrs=192.168.0.137-9618&alias=node137.di.rm1&noUDP&sock=startd_1934_2440>
...
014 (287424.000.003) 2025-01-28 17:12:20 Node 3 executing on host: <192.168.0.132:9618?addrs=192.168.0.132-9618&alias=node132.di.rm1&noUDP&sock=startd_1999_b9e8>
...
014 (287424.000.000) 2025-01-28 17:12:20 Node 0 executing on host: <192.168.0.151:9618?addrs=192.168.0.151-9618&alias=node151.di.rm1&noUDP&sock=startd_1528_a8cd>
...
014 (287424.000.004) 2025-01-28 17:12:20 Node 4 executing on host: <192.168.0.108:9618?addrs=192.168.0.108-9618&alias=node108.di.rm1&noUDP&sock=startd_1979_0203>
...
014 (287424.000.006) 2025-01-28 17:12:20 Node 6 executing on host: <192.168.0.132:9618?addrs=192.168.0.132-9618&alias=node132.di.rm1&noUDP&sock=startd_1999_b9e8>
...
014 (287424.000.005) 2025-01-28 17:12:20 Node 5 executing on host: <192.168.0.147:9618?addrs=192.168.0.147-9618&alias=node147.di.rm1&noUDP&sock=startd_1513_5ee1>
...
014 (287424.000.007) 2025-01-28 17:12:20 Node 7 executing on host: <192.168.0.108:9618?addrs=192.168.0.108-9618&alias=node108.di.rm1&noUDP&sock=startd_1979_0203>
...
014 (287424.000.001) 2025-01-28 17:12:20 Node 1 executing on host: <192.168.0.122:9618?addrs=192.168.0.122-9618&alias=node122.di.rm1&noUDP&sock=startd_2134_5331>
...
001 (287424.000.000) 2025-01-28 17:12:20 Job executing on host: MPI_job
...
008 (287424.000.000) 2025-01-28 17:12:22 Launching orted on Node 2 of 8
...
008 (287424.000.000) 2025-01-28 17:12:22 Launching orted on Node 3 of 8
...
008 (287424.000.000) 2025-01-28 17:12:22 Launching orted on Node 6 of 8
...
008 (287424.000.000) 2025-01-28 17:12:22 Launching orted on Node 5 of 8
...
008 (287424.000.000) 2025-01-28 17:12:22 Launching orted on Node 0 of 8
...
008 (287424.000.000) 2025-01-28 17:12:22 Launching orted on Node 4 of 8
...
008 (287424.000.000) 2025-01-28 17:12:22 Launching orted on Node 7 of 8
...
008 (287424.000.000) 2025-01-28 17:12:22 Launching orted on Node 1 of 8
...
008 (287424.000.000) 2025-01-28 17:12:23 orted exited on Node 0 of 8
...
008 (287424.000.000) 2025-01-28 17:12:23 orted exited on Node 3 of 8
...
008 (287424.000.000) 2025-01-28 17:12:23 orted exited on Node 5 of 8
...
008 (287424.000.000) 2025-01-28 17:12:23 orted exited on Node 6 of 8
...
008 (287424.000.000) 2025-01-28 17:12:23 orted exited on Node 1 of 8
...
008 (287424.000.000) 2025-01-28 17:12:23 orted exited on Node 2 of 8
...
008 (287424.000.000) 2025-01-28 17:12:23 orted exited on Node 7 of 8
...
008 (287424.000.000) 2025-01-28 17:12:23 orted exited on Node 4 of 8
...
015 (287424.000.005) 2025-01-28 17:12:23 Node 5 terminated.
	(1) Normal termination (return value 0)
		Usr 0 00:00:00, Sys 0 00:00:00  -  Run Remote Usage
		Usr 0 00:00:00, Sys 0 00:00:00  -  Run Local Usage
		Usr 0 00:00:00, Sys 0 00:00:00  -  Total Remote Usage
		Usr 0 00:00:00, Sys 0 00:00:00  -  Total Local Usage
	2165  -  Run Bytes Sent By Node
	33591  -  Run Bytes Received By Node
	2165  -  Total Bytes Sent By Node
	33591  -  Total Bytes Received By Node
...
015 (287424.000.002) 2025-01-28 17:12:23 Node 2 terminated.
	(1) Normal termination (return value 0)
		Usr 0 00:00:00, Sys 0 00:00:00  -  Run Remote Usage
		Usr 0 00:00:00, Sys 0 00:00:00  -  Run Local Usage
		Usr 0 00:00:00, Sys 0 00:00:00  -  Total Remote Usage
		Usr 0 00:00:00, Sys 0 00:00:00  -  Total Local Usage
	2165  -  Run Bytes Sent By Node
	33591  -  Run Bytes Received By Node
	2165  -  Total Bytes Sent By Node
	33591  -  Total Bytes Received By Node
...
015 (287424.000.003) 2025-01-28 17:12:23 Node 3 terminated.
	(1) Normal termination (return value 0)
		Usr 0 00:00:00, Sys 0 00:00:00  -  Run Remote Usage
		Usr 0 00:00:00, Sys 0 00:00:00  -  Run Local Usage
		Usr 0 00:00:00, Sys 0 00:00:00  -  Total Remote Usage
		Usr 0 00:00:00, Sys 0 00:00:00  -  Total Local Usage
	2165  -  Run Bytes Sent By Node
	33591  -  Run Bytes Received By Node
	2165  -  Total Bytes Sent By Node
	33591  -  Total Bytes Received By Node
...
015 (287424.000.006) 2025-01-28 17:12:23 Node 6 terminated.
	(1) Normal termination (return value 0)
		Usr 0 00:00:00, Sys 0 00:00:00  -  Run Remote Usage
		Usr 0 00:00:00, Sys 0 00:00:00  -  Run Local Usage
		Usr 0 00:00:00, Sys 0 00:00:00  -  Total Remote Usage
		Usr 0 00:00:00, Sys 0 00:00:00  -  Total Local Usage
	2165  -  Run Bytes Sent By Node
	33591  -  Run Bytes Received By Node
	2165  -  Total Bytes Sent By Node
	33591  -  Total Bytes Received By Node
...
015 (287424.000.004) 2025-01-28 17:12:23 Node 4 terminated.
	(1) Normal termination (return value 0)
		Usr 0 00:00:00, Sys 0 00:00:00  -  Run Remote Usage
		Usr 0 00:00:00, Sys 0 00:00:00  -  Run Local Usage
		Usr 0 00:00:00, Sys 0 00:00:00  -  Total Remote Usage
		Usr 0 00:00:00, Sys 0 00:00:00  -  Total Local Usage
	2165  -  Run Bytes Sent By Node
	33591  -  Run Bytes Received By Node
	2165  -  Total Bytes Sent By Node
	33591  -  Total Bytes Received By Node
...
015 (287424.000.007) 2025-01-28 17:12:23 Node 7 terminated.
	(1) Normal termination (return value 0)
		Usr 0 00:00:00, Sys 0 00:00:00  -  Run Remote Usage
		Usr 0 00:00:00, Sys 0 00:00:00  -  Run Local Usage
		Usr 0 00:00:00, Sys 0 00:00:00  -  Total Remote Usage
		Usr 0 00:00:00, Sys 0 00:00:00  -  Total Local Usage
	2165  -  Run Bytes Sent By Node
	33591  -  Run Bytes Received By Node
	2165  -  Total Bytes Sent By Node
	33591  -  Total Bytes Received By Node
...
015 (287424.000.000) 2025-01-28 17:12:23 Node 0 terminated.
	(1) Normal termination (return value 0)
		Usr 0 00:00:00, Sys 0 00:00:00  -  Run Remote Usage
		Usr 0 00:00:00, Sys 0 00:00:00  -  Run Local Usage
		Usr 0 00:00:00, Sys 0 00:00:00  -  Total Remote Usage
		Usr 0 00:00:00, Sys 0 00:00:00  -  Total Local Usage
	3726  -  Run Bytes Sent By Node
	33591  -  Run Bytes Received By Node
	3726  -  Total Bytes Sent By Node
	33591  -  Total Bytes Received By Node
...
005 (287424.000.000) 2025-01-28 17:12:23 Job terminated.
	(1) Normal termination (return value 0)
		Usr 0 00:00:00, Sys 0 00:00:00  -  Run Remote Usage
		Usr 0 00:00:00, Sys 0 00:00:00  -  Run Local Usage
		Usr 0 00:00:00, Sys 0 00:00:00  -  Total Remote Usage
		Usr 0 00:00:00, Sys 0 00:00:00  -  Total Local Usage
	16716  -  Run Bytes Sent By Job
	268728  -  Run Bytes Received By Job
	16716  -  Total Bytes Sent By Job
	268728  -  Total Bytes Received By Job
	Partitionable Resources :    Usage  Request Allocated 
	   Cpus                 :                 1         2 
	   Disk (KB)            :       51       35 103029645 
	   Memory (MB)          :        1        0    100096 

	Job terminated of its own accord at 2025-01-28T17:12:23Z with exit-code 0.
...
