000 (265034.000.000) 2025-01-17 11:21:42 Job submitted from host: <192.168.0.102:9618?addrs=192.168.0.102-9618&alias=submitter&noUDP&sock=schedd_2032_5c88>
...
001 (265034.000.000) 2025-01-17 11:21:45 Job executing on host: <192.168.0.146:9618?addrs=192.168.0.146-9618&alias=node146.di.rm1&noUDP&sock=startd_1984_6ffc>
...
006 (265034.000.000) 2025-01-17 11:21:54 Image size of job updated: 364892
	323  -  MemoryUsage of job (MB)
	330396  -  ResidentSetSize of job (KB)
...
006 (265034.000.000) 2025-01-17 11:28:21 Image size of job updated: 6224260
	5789  -  MemoryUsage of job (MB)
	5927704  -  ResidentSetSize of job (KB)
...
006 (265034.000.000) 2025-01-17 11:33:29 Image size of job updated: 6852784
	6397  -  MemoryUsage of job (MB)
	6550032  -  ResidentSetSize of job (KB)
...
006 (265034.000.000) 2025-01-17 11:33:32 Image size of job updated: 7042360
	6550  -  MemoryUsage of job (MB)
	6707176  -  ResidentSetSize of job (KB)
...
004 (265034.000.000) 2025-01-17 11:33:32 Job was evicted.
	(0) CPU times
		Usr 0 00:03:07, Sys 0 00:02:24  -  Run Remote Usage
		Usr 0 00:00:00, Sys 0 00:00:00  -  Run Local Usage
	0  -  Run Bytes Sent By Job
	0  -  Run Bytes Received By Job
	Partitionable Resources :    Usage  Request Allocated 
	   Cpus                 :     0.45        1         1 
	   Disk (KB)            :    27          27    466414 
	   Memory (MB)          :  6550           1       128 
...
009 (265034.000.000) 2025-01-17 11:33:32 Job was aborted.
	via condor_rm (by user calzona_2046920)
...
