000 (279189.000.000) 2025-01-24 10:20:22 Job submitted from host: <192.168.0.102:9618?addrs=192.168.0.102-9618&alias=submitter&noUDP&sock=schedd_2032_5c88>
...
014 (279189.000.001) 2025-01-24 10:20:29 Node 1 executing on host: <192.168.0.148:9618?addrs=192.168.0.148-9618&alias=node148.di.rm1&noUDP&sock=startd_1547_b119>
...
014 (279189.000.005) 2025-01-24 10:20:29 Node 5 executing on host: <192.168.0.108:9618?addrs=192.168.0.108-9618&alias=node108.di.rm1&noUDP&sock=startd_1979_0203>
...
014 (279189.000.007) 2025-01-24 10:20:29 Node 7 executing on host: <192.168.0.139:9618?addrs=192.168.0.139-9618&alias=node139.di.rm1&noUDP&sock=startd_1966_1748>
...
014 (279189.000.000) 2025-01-24 10:20:29 Node 0 executing on host: <192.168.0.109:9618?addrs=192.168.0.109-9618&alias=node109.di.rm1&noUDP&sock=startd_1627_90ad>
...
014 (279189.000.004) 2025-01-24 10:20:29 Node 4 executing on host: <192.168.0.123:9618?addrs=192.168.0.123-9618&alias=node123.di.rm1&noUDP&sock=startd_2149_9d1d>
...
014 (279189.000.003) 2025-01-24 10:20:29 Node 3 executing on host: <192.168.0.122:9618?addrs=192.168.0.122-9618&alias=node122.di.rm1&noUDP&sock=startd_2134_5331>
...
014 (279189.000.006) 2025-01-24 10:20:29 Node 6 executing on host: <192.168.0.133:9618?addrs=192.168.0.133-9618&alias=node133.di.rm1&noUDP&sock=startd_1941_f16a>
...
014 (279189.000.002) 2025-01-24 10:20:30 Node 2 executing on host: <192.168.0.143:9618?addrs=192.168.0.143-9618&alias=node143.di.rm1&noUDP&sock=startd_2061_40c7>
...
001 (279189.000.000) 2025-01-24 10:20:30 Job executing on host: MPI_job
...
008 (279189.000.000) 2025-01-24 10:20:31 Launching orted on Node 1 of 8
...
008 (279189.000.000) 2025-01-24 10:20:31 Launching orted on Node 5 of 8
...
008 (279189.000.000) 2025-01-24 10:20:31 Launching orted on Node 7 of 8
...
008 (279189.000.000) 2025-01-24 10:20:32 Launching orted on Node 4 of 8
...
008 (279189.000.000) 2025-01-24 10:20:32 Launching orted on Node 0 of 8
...
008 (279189.000.000) 2025-01-24 10:20:32 Launching orted on Node 3 of 8
...
008 (279189.000.000) 2025-01-24 10:20:32 Launching orted on Node 6 of 8
...
008 (279189.000.000) 2025-01-24 10:20:32 Launching orted on Node 2 of 8
...
008 (279189.000.000) 2025-01-24 10:20:42 orted exited on Node 0 of 8
...
008 (279189.000.000) 2025-01-24 10:20:42 orted exited on Node 3 of 8
...
008 (279189.000.000) 2025-01-24 10:20:42 orted exited on Node 5 of 8
...
008 (279189.000.000) 2025-01-24 10:20:42 orted exited on Node 7 of 8
...
008 (279189.000.000) 2025-01-24 10:20:42 orted exited on Node 6 of 8
...
008 (279189.000.000) 2025-01-24 10:20:42 orted exited on Node 1 of 8
...
008 (279189.000.000) 2025-01-24 10:20:42 orted exited on Node 4 of 8
...
008 (279189.000.000) 2025-01-24 10:20:42 orted exited on Node 2 of 8
...
015 (279189.000.001) 2025-01-24 10:20:42 Node 1 terminated.
	(1) Normal termination (return value 0)
		Usr 0 00:00:08, Sys 0 00:00:01  -  Run Remote Usage
		Usr 0 00:00:00, Sys 0 00:00:00  -  Run Local Usage
		Usr 0 00:00:08, Sys 0 00:00:01  -  Total Remote Usage
		Usr 0 00:00:00, Sys 0 00:00:00  -  Total Local Usage
	2165  -  Run Bytes Sent By Node
	33639  -  Run Bytes Received By Node
	2165  -  Total Bytes Sent By Node
	33639  -  Total Bytes Received By Node
...
015 (279189.000.005) 2025-01-24 10:20:42 Node 5 terminated.
	(1) Normal termination (return value 0)
		Usr 0 00:00:08, Sys 0 00:00:00  -  Run Remote Usage
		Usr 0 00:00:00, Sys 0 00:00:00  -  Run Local Usage
		Usr 0 00:00:08, Sys 0 00:00:00  -  Total Remote Usage
		Usr 0 00:00:00, Sys 0 00:00:00  -  Total Local Usage
	2165  -  Run Bytes Sent By Node
	33639  -  Run Bytes Received By Node
	2165  -  Total Bytes Sent By Node
	33639  -  Total Bytes Received By Node
...
015 (279189.000.003) 2025-01-24 10:20:42 Node 3 terminated.
	(1) Normal termination (return value 0)
		Usr 0 00:00:08, Sys 0 00:00:01  -  Run Remote Usage
		Usr 0 00:00:00, Sys 0 00:00:00  -  Run Local Usage
		Usr 0 00:00:08, Sys 0 00:00:01  -  Total Remote Usage
		Usr 0 00:00:00, Sys 0 00:00:00  -  Total Local Usage
	2187  -  Run Bytes Sent By Node
	33639  -  Run Bytes Received By Node
	2187  -  Total Bytes Sent By Node
	33639  -  Total Bytes Received By Node
...
015 (279189.000.004) 2025-01-24 10:20:42 Node 4 terminated.
	(1) Normal termination (return value 0)
		Usr 0 00:00:08, Sys 0 00:00:01  -  Run Remote Usage
		Usr 0 00:00:00, Sys 0 00:00:00  -  Run Local Usage
		Usr 0 00:00:08, Sys 0 00:00:01  -  Total Remote Usage
		Usr 0 00:00:00, Sys 0 00:00:00  -  Total Local Usage
	2187  -  Run Bytes Sent By Node
	33639  -  Run Bytes Received By Node
	2187  -  Total Bytes Sent By Node
	33639  -  Total Bytes Received By Node
...
015 (279189.000.007) 2025-01-24 10:20:42 Node 7 terminated.
	(1) Normal termination (return value 0)
		Usr 0 00:00:08, Sys 0 00:00:01  -  Run Remote Usage
		Usr 0 00:00:00, Sys 0 00:00:00  -  Run Local Usage
		Usr 0 00:00:08, Sys 0 00:00:01  -  Total Remote Usage
		Usr 0 00:00:00, Sys 0 00:00:00  -  Total Local Usage
	2165  -  Run Bytes Sent By Node
	33639  -  Run Bytes Received By Node
	2165  -  Total Bytes Sent By Node
	33639  -  Total Bytes Received By Node
...
015 (279189.000.006) 2025-01-24 10:20:42 Node 6 terminated.
	(1) Normal termination (return value 0)
		Usr 0 00:00:08, Sys 0 00:00:00  -  Run Remote Usage
		Usr 0 00:00:00, Sys 0 00:00:00  -  Run Local Usage
		Usr 0 00:00:08, Sys 0 00:00:00  -  Total Remote Usage
		Usr 0 00:00:00, Sys 0 00:00:00  -  Total Local Usage
	2165  -  Run Bytes Sent By Node
	33639  -  Run Bytes Received By Node
	2165  -  Total Bytes Sent By Node
	33639  -  Total Bytes Received By Node
...
015 (279189.000.000) 2025-01-24 10:20:42 Node 0 terminated.
	(1) Normal termination (return value 0)
		Usr 0 00:00:05, Sys 0 00:00:00  -  Run Remote Usage
		Usr 0 00:00:00, Sys 0 00:00:00  -  Run Local Usage
		Usr 0 00:00:05, Sys 0 00:00:00  -  Total Remote Usage
		Usr 0 00:00:00, Sys 0 00:00:00  -  Total Local Usage
	3728  -  Run Bytes Sent By Node
	33639  -  Run Bytes Received By Node
	3728  -  Total Bytes Sent By Node
	33639  -  Total Bytes Received By Node
...
005 (279189.000.000) 2025-01-24 10:20:42 Job terminated.
	(1) Normal termination (return value 0)
		Usr 0 00:01:02, Sys 0 00:00:05  -  Run Remote Usage
		Usr 0 00:00:00, Sys 0 00:00:00  -  Run Local Usage
		Usr 0 00:00:05, Sys 0 00:00:00  -  Total Remote Usage
		Usr 0 00:00:00, Sys 0 00:00:00  -  Total Local Usage
	16762  -  Run Bytes Sent By Job
	269112  -  Run Bytes Received By Job
	16762  -  Total Bytes Sent By Job
	269112  -  Total Bytes Received By Job
	Partitionable Resources :    Usage  Request Allocated 
	   Cpus                 :                 1         2 
	   Disk (KB)            :       51       35 102995032 
	   Memory (MB)          :      289        1    100096 

	Job terminated of its own accord at 2025-01-24T10:20:42Z with exit-code 0.
...
000 (287506.000.000) 2025-01-28 17:19:07 Job submitted from host: <192.168.0.102:9618?addrs=192.168.0.102-9618&alias=submitter&noUDP&sock=schedd_2032_5c88>
...
014 (287506.000.001) 2025-01-28 17:19:30 Node 1 executing on host: <192.168.0.148:9618?addrs=192.168.0.148-9618&alias=node148.di.rm1&noUDP&sock=startd_1547_b119>
...
014 (287506.000.004) 2025-01-28 17:19:30 Node 4 executing on host: <192.168.0.149:9618?addrs=192.168.0.149-9618&alias=node149.di.rm1&noUDP&sock=startd_1551_6f7a>
...
014 (287506.000.002) 2025-01-28 17:19:30 Node 2 executing on host: <192.168.0.134:9618?addrs=192.168.0.134-9618&alias=node134.di.rm1&noUDP&sock=startd_2073_7bea>
...
014 (287506.000.003) 2025-01-28 17:19:30 Node 3 executing on host: <192.168.0.143:9618?addrs=192.168.0.143-9618&alias=node143.di.rm1&noUDP&sock=startd_2061_40c7>
...
014 (287506.000.005) 2025-01-28 17:19:30 Node 5 executing on host: <192.168.0.114:9618?addrs=192.168.0.114-9618&alias=node114.di.rm1&noUDP&sock=startd_2075_db1b>
...
014 (287506.000.006) 2025-01-28 17:19:30 Node 6 executing on host: <192.168.0.141:9618?addrs=192.168.0.141-9618&alias=node141.di.rm1&noUDP&sock=startd_2077_3a4b>
...
014 (287506.000.007) 2025-01-28 17:19:30 Node 7 executing on host: <192.168.0.115:9618?addrs=192.168.0.115-9618&alias=node115.di.rm1&noUDP&sock=startd_1101621_f4a0>
...
014 (287506.000.000) 2025-01-28 17:19:30 Node 0 executing on host: <192.168.0.124:9618?addrs=192.168.0.124-9618&alias=node124.di.rm1&noUDP&sock=startd_2143_7f8b>
...
001 (287506.000.000) 2025-01-28 17:19:30 Job executing on host: MPI_job
...
008 (287506.000.000) 2025-01-28 17:19:32 Launching orted on Node 1 of 8
...
008 (287506.000.000) 2025-01-28 17:19:32 Launching orted on Node 4 of 8
...
008 (287506.000.000) 2025-01-28 17:19:32 Launching orted on Node 2 of 8
...
008 (287506.000.000) 2025-01-28 17:19:32 Launching orted on Node 3 of 8
...
008 (287506.000.000) 2025-01-28 17:19:32 Launching orted on Node 7 of 8
...
008 (287506.000.000) 2025-01-28 17:19:32 Launching orted on Node 5 of 8
...
008 (287506.000.000) 2025-01-28 17:19:32 Launching orted on Node 6 of 8
...
008 (287506.000.000) 2025-01-28 17:19:32 Launching orted on Node 0 of 8
...
008 (287506.000.000) 2025-01-28 17:19:41 orted exited on Node 7 of 8
...
008 (287506.000.000) 2025-01-28 17:19:41 orted exited on Node 1 of 8
...
008 (287506.000.000) 2025-01-28 17:19:41 orted exited on Node 4 of 8
...
008 (287506.000.000) 2025-01-28 17:19:41 orted exited on Node 5 of 8
...
008 (287506.000.000) 2025-01-28 17:19:41 orted exited on Node 0 of 8
...
008 (287506.000.000) 2025-01-28 17:19:41 orted exited on Node 3 of 8
...
008 (287506.000.000) 2025-01-28 17:19:41 orted exited on Node 6 of 8
...
008 (287506.000.000) 2025-01-28 17:19:41 orted exited on Node 2 of 8
...
015 (287506.000.001) 2025-01-28 17:19:41 Node 1 terminated.
	(1) Normal termination (return value 0)
		Usr 0 00:00:08, Sys 0 00:00:00  -  Run Remote Usage
		Usr 0 00:00:00, Sys 0 00:00:00  -  Run Local Usage
		Usr 0 00:00:08, Sys 0 00:00:00  -  Total Remote Usage
		Usr 0 00:00:00, Sys 0 00:00:00  -  Total Local Usage
	2165  -  Run Bytes Sent By Node
	33591  -  Run Bytes Received By Node
	2165  -  Total Bytes Sent By Node
	33591  -  Total Bytes Received By Node
...
015 (287506.000.007) 2025-01-28 17:19:41 Node 7 terminated.
	(1) Normal termination (return value 0)
		Usr 0 00:00:08, Sys 0 00:00:01  -  Run Remote Usage
		Usr 0 00:00:00, Sys 0 00:00:00  -  Run Local Usage
		Usr 0 00:00:08, Sys 0 00:00:01  -  Total Remote Usage
		Usr 0 00:00:00, Sys 0 00:00:00  -  Total Local Usage
	2165  -  Run Bytes Sent By Node
	33591  -  Run Bytes Received By Node
	2165  -  Total Bytes Sent By Node
	33591  -  Total Bytes Received By Node
...
015 (287506.000.002) 2025-01-28 17:19:41 Node 2 terminated.
	(1) Normal termination (return value 0)
		Usr 0 00:00:08, Sys 0 00:00:00  -  Run Remote Usage
		Usr 0 00:00:00, Sys 0 00:00:00  -  Run Local Usage
		Usr 0 00:00:08, Sys 0 00:00:00  -  Total Remote Usage
		Usr 0 00:00:00, Sys 0 00:00:00  -  Total Local Usage
	2165  -  Run Bytes Sent By Node
	33591  -  Run Bytes Received By Node
	2165  -  Total Bytes Sent By Node
	33591  -  Total Bytes Received By Node
...
015 (287506.000.004) 2025-01-28 17:19:41 Node 4 terminated.
	(1) Normal termination (return value 0)
		Usr 0 00:00:08, Sys 0 00:00:00  -  Run Remote Usage
		Usr 0 00:00:00, Sys 0 00:00:00  -  Run Local Usage
		Usr 0 00:00:08, Sys 0 00:00:00  -  Total Remote Usage
		Usr 0 00:00:00, Sys 0 00:00:00  -  Total Local Usage
	2165  -  Run Bytes Sent By Node
	33591  -  Run Bytes Received By Node
	2165  -  Total Bytes Sent By Node
	33591  -  Total Bytes Received By Node
...
015 (287506.000.000) 2025-01-28 17:19:41 Node 0 terminated.
	(1) Normal termination (return value 0)
		Usr 0 00:00:00, Sys 0 00:00:00  -  Run Remote Usage
		Usr 0 00:00:00, Sys 0 00:00:00  -  Run Local Usage
		Usr 0 00:00:00, Sys 0 00:00:00  -  Total Remote Usage
		Usr 0 00:00:00, Sys 0 00:00:00  -  Total Local Usage
	3306  -  Run Bytes Sent By Node
	33591  -  Run Bytes Received By Node
	3306  -  Total Bytes Sent By Node
	33591  -  Total Bytes Received By Node
...
015 (287506.000.003) 2025-01-28 17:19:41 Node 3 terminated.
	(1) Normal termination (return value 0)
		Usr 0 00:00:08, Sys 0 00:00:00  -  Run Remote Usage
		Usr 0 00:00:00, Sys 0 00:00:00  -  Run Local Usage
		Usr 0 00:00:08, Sys 0 00:00:00  -  Total Remote Usage
		Usr 0 00:00:00, Sys 0 00:00:00  -  Total Local Usage
	2165  -  Run Bytes Sent By Node
	33591  -  Run Bytes Received By Node
	2165  -  Total Bytes Sent By Node
	33591  -  Total Bytes Received By Node
...
015 (287506.000.005) 2025-01-28 17:19:41 Node 5 terminated.
	(1) Normal termination (return value 0)
		Usr 0 00:00:08, Sys 0 00:00:00  -  Run Remote Usage
		Usr 0 00:00:00, Sys 0 00:00:00  -  Run Local Usage
		Usr 0 00:00:08, Sys 0 00:00:00  -  Total Remote Usage
		Usr 0 00:00:00, Sys 0 00:00:00  -  Total Local Usage
	2165  -  Run Bytes Sent By Node
	33591  -  Run Bytes Received By Node
	2165  -  Total Bytes Sent By Node
	33591  -  Total Bytes Received By Node
...
015 (287506.000.006) 2025-01-28 17:19:41 Node 6 terminated.
	(1) Normal termination (return value 0)
		Usr 0 00:00:08, Sys 0 00:00:00  -  Run Remote Usage
		Usr 0 00:00:00, Sys 0 00:00:00  -  Run Local Usage
		Usr 0 00:00:08, Sys 0 00:00:00  -  Total Remote Usage
		Usr 0 00:00:00, Sys 0 00:00:00  -  Total Local Usage
	2165  -  Run Bytes Sent By Node
	33591  -  Run Bytes Received By Node
	2165  -  Total Bytes Sent By Node
	33591  -  Total Bytes Received By Node
...
005 (287506.000.000) 2025-01-28 17:19:41 Job terminated.
	(1) Normal termination (return value 0)
		Usr 0 00:00:56, Sys 0 00:00:01  -  Run Remote Usage
		Usr 0 00:00:00, Sys 0 00:00:00  -  Run Local Usage
		Usr 0 00:00:00, Sys 0 00:00:00  -  Total Remote Usage
		Usr 0 00:00:00, Sys 0 00:00:00  -  Total Local Usage
	18461  -  Run Bytes Sent By Job
	268728  -  Run Bytes Received By Job
	18461  -  Total Bytes Sent By Job
	268728  -  Total Bytes Received By Job
	Partitionable Resources :    Usage  Request Allocated 
	   Cpus                 :                 1         2 
	   Disk (KB)            :       52       35 102856100 
	   GPUs                 :                           0 
	   Memory (MB)          :      381      352    100096 

	Job terminated of its own accord at 2025-01-28T17:19:41Z with exit-code 0.
...
