000 (264255.000.000) 2025-01-17 11:21:18 Job submitted from host: <192.168.0.102:9618?addrs=192.168.0.102-9618&alias=submitter&noUDP&sock=schedd_2032_5c88>
...
001 (264255.000.000) 2025-01-17 11:21:24 Job executing on host: <192.168.0.123:9618?addrs=192.168.0.123-9618&alias=node123.di.rm1&noUDP&sock=startd_2149_9d1d>
...
006 (264255.000.000) 2025-01-17 11:21:33 Image size of job updated: 1353468
	526  -  MemoryUsage of job (MB)
	537756  -  ResidentSetSize of job (KB)
...
006 (264255.000.000) 2025-01-17 11:27:02 Image size of job updated: 13574260
	4052  -  MemoryUsage of job (MB)
	4148656  -  ResidentSetSize of job (KB)
...
005 (264255.000.000) 2025-01-17 11:27:02 Job terminated.
	(0) Abnormal termination (signal 9)
	(0) No core file
		Usr 0 00:06:48, Sys 0 00:01:42  -  Run Remote Usage
		Usr 0 00:00:00, Sys 0 00:00:00  -  Run Local Usage
		Usr 0 00:06:48, Sys 0 00:01:42  -  Total Remote Usage
		Usr 0 00:00:00, Sys 0 00:00:00  -  Total Local Usage
	0  -  Run Bytes Sent By Job
	0  -  Run Bytes Received By Job
	0  -  Total Bytes Sent By Job
	0  -  Total Bytes Received By Job
	Partitionable Resources :    Usage  Request Allocated 
	   Cpus                 :     1.00        1         1 
	   Disk (KB)            :    27          27    499900 
	   Gpus (Average)       :                 0         0 
	   Memory (MB)          :  4052           1       128 

	Job terminated of its own accord at 2025-01-17T11:27:02Z with signal 9.
...
