000 (273907.000.000) 2025-01-23 11:26:03 Job submitted from host: <192.168.0.102:9618?addrs=192.168.0.102-9618&alias=submitter&noUDP&sock=schedd_2032_5c88>
...
014 (273907.000.000) 2025-01-23 11:26:11 Node 0 executing on host: <192.168.0.141:9618?addrs=192.168.0.141-9618&alias=node141.di.rm1&noUDP&sock=startd_2077_3a4b>
...
014 (273907.000.001) 2025-01-23 11:26:11 Node 1 executing on host: <192.168.0.112:9618?addrs=192.168.0.112-9618&alias=node112.di.rm1&noUDP&sock=startd_2169_5502>
...
014 (273907.000.002) 2025-01-23 11:26:11 Node 2 executing on host: <192.168.0.142:9618?addrs=192.168.0.142-9618&alias=node142.di.rm1&noUDP&sock=startd_1996_ab1f>
...
014 (273907.000.003) 2025-01-23 11:26:11 Node 3 executing on host: <192.168.0.143:9618?addrs=192.168.0.143-9618&alias=node143.di.rm1&noUDP&sock=startd_2061_40c7>
...
001 (273907.000.000) 2025-01-23 11:26:11 Job executing on host: MPI_job
...
008 (273907.000.000) 2025-01-23 11:26:13 Launching orted on Node 0 of 4
...
008 (273907.000.000) 2025-01-23 11:26:13 Launching orted on Node 1 of 4
...
008 (273907.000.000) 2025-01-23 11:26:13 Launching orted on Node 2 of 4
...
008 (273907.000.000) 2025-01-23 11:26:14 Launching orted on Node 3 of 4
...
008 (273907.000.000) 2025-01-23 11:26:15 orted exited on Node 1 of 4
...
008 (273907.000.000) 2025-01-23 11:26:15 orted exited on Node 0 of 4
...
008 (273907.000.000) 2025-01-23 11:26:15 orted exited on Node 2 of 4
...
008 (273907.000.000) 2025-01-23 11:26:15 orted exited on Node 3 of 4
...
015 (273907.000.000) 2025-01-23 11:26:15 Node 0 terminated.
	(1) Normal termination (return value 0)
		Usr 0 00:00:00, Sys 0 00:00:00  -  Run Remote Usage
		Usr 0 00:00:00, Sys 0 00:00:00  -  Run Local Usage
		Usr 0 00:00:00, Sys 0 00:00:00  -  Total Remote Usage
		Usr 0 00:00:00, Sys 0 00:00:00  -  Total Local Usage
	3265  -  Run Bytes Sent By Node
	33639  -  Run Bytes Received By Node
	3265  -  Total Bytes Sent By Node
	33639  -  Total Bytes Received By Node
...
005 (273907.000.000) 2025-01-23 11:26:15 Job terminated.
	(1) Normal termination (return value 0)
		Usr 0 00:00:00, Sys 0 00:00:01  -  Run Remote Usage
		Usr 0 00:00:00, Sys 0 00:00:00  -  Run Local Usage
		Usr 0 00:00:00, Sys 0 00:00:00  -  Total Remote Usage
		Usr 0 00:00:00, Sys 0 00:00:00  -  Total Local Usage
	3265  -  Run Bytes Sent By Job
	134556  -  Run Bytes Received By Job
	3265  -  Total Bytes Sent By Job
	134556  -  Total Bytes Received By Job
	Partitionable Resources :    Usage  Request Allocated 
	   Cpus                 :                 1         1 
	   Disk (KB)            :       49       35    459831 
	   Memory (MB)          :        0     1264     40960 

	Job terminated of its own accord at 2025-01-23T11:26:15Z with exit-code 0.
...
000 (278653.000.000) 2025-01-24 09:16:51 Job submitted from host: <192.168.0.102:9618?addrs=192.168.0.102-9618&alias=submitter&noUDP&sock=schedd_2032_5c88>
...
014 (278653.000.001) 2025-01-24 09:16:58 Node 1 executing on host: <192.168.0.121:9618?addrs=192.168.0.121-9618&alias=node121.di.rm1&noUDP&sock=startd_2146_8e54>
...
014 (278653.000.000) 2025-01-24 09:16:58 Node 0 executing on host: <192.168.0.141:9618?addrs=192.168.0.141-9618&alias=node141.di.rm1&noUDP&sock=startd_2077_3a4b>
...
014 (278653.000.002) 2025-01-24 09:16:58 Node 2 executing on host: <192.168.0.151:9618?addrs=192.168.0.151-9618&alias=node151.di.rm1&noUDP&sock=startd_1528_a8cd>
...
014 (278653.000.003) 2025-01-24 09:16:58 Node 3 executing on host: <192.168.0.107:9618?addrs=192.168.0.107-9618&alias=node107.di.rm1&noUDP&sock=startd_1981_6134>
...
001 (278653.000.000) 2025-01-24 09:16:58 Job executing on host: MPI_job
...
008 (278653.000.000) 2025-01-24 09:17:00 Launching orted on Node 1 of 4
...
008 (278653.000.000) 2025-01-24 09:17:00 Launching orted on Node 3 of 4
...
008 (278653.000.000) 2025-01-24 09:17:01 Launching orted on Node 2 of 4
...
008 (278653.000.000) 2025-01-24 09:17:01 Launching orted on Node 0 of 4
...
008 (278653.000.000) 2025-01-24 09:17:01 orted exited on Node 2 of 4
...
008 (278653.000.000) 2025-01-24 09:17:01 orted exited on Node 3 of 4
...
008 (278653.000.000) 2025-01-24 09:17:01 orted exited on Node 1 of 4
...
008 (278653.000.000) 2025-01-24 09:17:01 orted exited on Node 0 of 4
...
015 (278653.000.003) 2025-01-24 09:17:02 Node 3 terminated.
	(1) Normal termination (return value 0)
		Usr 0 00:00:00, Sys 0 00:00:00  -  Run Remote Usage
		Usr 0 00:00:00, Sys 0 00:00:00  -  Run Local Usage
		Usr 0 00:00:00, Sys 0 00:00:00  -  Total Remote Usage
		Usr 0 00:00:00, Sys 0 00:00:00  -  Total Local Usage
	2165  -  Run Bytes Sent By Node
	33639  -  Run Bytes Received By Node
	2165  -  Total Bytes Sent By Node
	33639  -  Total Bytes Received By Node
...
015 (278653.000.002) 2025-01-24 09:17:02 Node 2 terminated.
	(1) Normal termination (return value 0)
		Usr 0 00:00:00, Sys 0 00:00:00  -  Run Remote Usage
		Usr 0 00:00:00, Sys 0 00:00:00  -  Run Local Usage
		Usr 0 00:00:00, Sys 0 00:00:00  -  Total Remote Usage
		Usr 0 00:00:00, Sys 0 00:00:00  -  Total Local Usage
	2165  -  Run Bytes Sent By Node
	33639  -  Run Bytes Received By Node
	2165  -  Total Bytes Sent By Node
	33639  -  Total Bytes Received By Node
...
015 (278653.000.001) 2025-01-24 09:17:02 Node 1 terminated.
	(1) Normal termination (return value 0)
		Usr 0 00:00:01, Sys 0 00:00:00  -  Run Remote Usage
		Usr 0 00:00:00, Sys 0 00:00:00  -  Run Local Usage
		Usr 0 00:00:01, Sys 0 00:00:00  -  Total Remote Usage
		Usr 0 00:00:00, Sys 0 00:00:00  -  Total Local Usage
	2165  -  Run Bytes Sent By Node
	33639  -  Run Bytes Received By Node
	2165  -  Total Bytes Sent By Node
	33639  -  Total Bytes Received By Node
...
015 (278653.000.000) 2025-01-24 09:17:02 Node 0 terminated.
	(1) Normal termination (return value 0)
		Usr 0 00:00:00, Sys 0 00:00:00  -  Run Remote Usage
		Usr 0 00:00:00, Sys 0 00:00:00  -  Run Local Usage
		Usr 0 00:00:00, Sys 0 00:00:00  -  Total Remote Usage
		Usr 0 00:00:00, Sys 0 00:00:00  -  Total Local Usage
	3261  -  Run Bytes Sent By Node
	33639  -  Run Bytes Received By Node
	3261  -  Total Bytes Sent By Node
	33639  -  Total Bytes Received By Node
...
005 (278653.000.000) 2025-01-24 09:17:02 Job terminated.
	(1) Normal termination (return value 0)
		Usr 0 00:00:01, Sys 0 00:00:00  -  Run Remote Usage
		Usr 0 00:00:00, Sys 0 00:00:00  -  Run Local Usage
		Usr 0 00:00:00, Sys 0 00:00:00  -  Total Remote Usage
		Usr 0 00:00:00, Sys 0 00:00:00  -  Total Local Usage
	9756  -  Run Bytes Sent By Job
	134556  -  Run Bytes Received By Job
	9756  -  Total Bytes Sent By Job
	134556  -  Total Bytes Received By Job
	Partitionable Resources :    Usage  Request Allocated 
	   Cpus                 :                 1         2 
	   Disk (KB)            :       50       35 103002119 
	   Memory (MB)          :        0     5537    100096 

	Job terminated of its own accord at 2025-01-24T09:17:01Z with exit-code 0.
...
