000 (279295.000.000) 2025-01-24 10:32:29 Job submitted from host: <192.168.0.102:9618?addrs=192.168.0.102-9618&alias=submitter&noUDP&sock=schedd_2032_5c88>
...
014 (279295.000.000) 2025-01-24 10:32:36 Node 0 executing on host: <192.168.0.139:9618?addrs=192.168.0.139-9618&alias=node139.di.rm1&noUDP&sock=startd_1966_1748>
...
014 (279295.000.005) 2025-01-24 10:32:36 Node 5 executing on host: <192.168.0.135:9618?addrs=192.168.0.135-9618&alias=node135.di.rm1&noUDP&sock=startd_2000_6980>
...
014 (279295.000.004) 2025-01-24 10:32:36 Node 4 executing on host: <192.168.0.141:9618?addrs=192.168.0.141-9618&alias=node141.di.rm1&noUDP&sock=startd_2077_3a4b>
...
014 (279295.000.001) 2025-01-24 10:32:36 Node 1 executing on host: <192.168.0.111:9618?addrs=192.168.0.111-9618&alias=node111.di.rm1&noUDP&sock=startd_2044_97ab>
...
014 (279295.000.002) 2025-01-24 10:32:36 Node 2 executing on host: <192.168.0.120:9618?addrs=192.168.0.120-9618&alias=node120.di.rm1&noUDP&sock=startd_2096_4298>
...
014 (279295.000.006) 2025-01-24 10:32:36 Node 6 executing on host: <192.168.0.121:9618?addrs=192.168.0.121-9618&alias=node121.di.rm1&noUDP&sock=startd_2146_8e54>
...
014 (279295.000.003) 2025-01-24 10:32:37 Node 3 executing on host: <192.168.0.143:9618?addrs=192.168.0.143-9618&alias=node143.di.rm1&noUDP&sock=startd_2061_40c7>
...
014 (279295.000.007) 2025-01-24 10:32:37 Node 7 executing on host: <192.168.0.130:9618?addrs=192.168.0.130-9618&alias=node130.di.rm1&noUDP&sock=startd_2751195_838e>
...
001 (279295.000.000) 2025-01-24 10:32:37 Job executing on host: MPI_job
...
008 (279295.000.000) 2025-01-24 10:32:39 Launching orted on Node 0 of 8
...
008 (279295.000.000) 2025-01-24 10:32:39 Launching orted on Node 5 of 8
...
008 (279295.000.000) 2025-01-24 10:32:39 Launching orted on Node 6 of 8
...
008 (279295.000.000) 2025-01-24 10:32:39 Launching orted on Node 4 of 8
...
008 (279295.000.000) 2025-01-24 10:32:39 Launching orted on Node 2 of 8
...
008 (279295.000.000) 2025-01-24 10:32:39 Launching orted on Node 1 of 8
...
008 (279295.000.000) 2025-01-24 10:32:39 Launching orted on Node 7 of 8
...
008 (279295.000.000) 2025-01-24 10:32:39 Launching orted on Node 3 of 8
...
008 (279295.000.000) 2025-01-24 10:32:40 orted exited on Node 7 of 8
...
008 (279295.000.000) 2025-01-24 10:32:40 orted exited on Node 1 of 8
...
008 (279295.000.000) 2025-01-24 10:32:40 orted exited on Node 0 of 8
...
008 (279295.000.000) 2025-01-24 10:32:40 orted exited on Node 5 of 8
...
008 (279295.000.000) 2025-01-24 10:32:40 orted exited on Node 4 of 8
...
008 (279295.000.000) 2025-01-24 10:32:40 orted exited on Node 6 of 8
...
008 (279295.000.000) 2025-01-24 10:32:40 orted exited on Node 2 of 8
...
008 (279295.000.000) 2025-01-24 10:32:40 orted exited on Node 3 of 8
...
015 (279295.000.000) 2025-01-24 10:32:40 Node 0 terminated.
	(1) Normal termination (return value 0)
		Usr 0 00:00:00, Sys 0 00:00:00  -  Run Remote Usage
		Usr 0 00:00:00, Sys 0 00:00:00  -  Run Local Usage
		Usr 0 00:00:00, Sys 0 00:00:00  -  Total Remote Usage
		Usr 0 00:00:00, Sys 0 00:00:00  -  Total Local Usage
	3259  -  Run Bytes Sent By Node
	33639  -  Run Bytes Received By Node
	3259  -  Total Bytes Sent By Node
	33639  -  Total Bytes Received By Node
...
005 (279295.000.000) 2025-01-24 10:32:40 Job terminated.
	(1) Normal termination (return value 0)
		Usr 0 00:00:00, Sys 0 00:00:01  -  Run Remote Usage
		Usr 0 00:00:00, Sys 0 00:00:00  -  Run Local Usage
		Usr 0 00:00:00, Sys 0 00:00:00  -  Total Remote Usage
		Usr 0 00:00:00, Sys 0 00:00:00  -  Total Local Usage
	16293  -  Run Bytes Sent By Job
	269112  -  Run Bytes Received By Job
	16293  -  Total Bytes Sent By Job
	269112  -  Total Bytes Received By Job
	Partitionable Resources :    Usage  Request Allocated 
	   Cpus                 :                 1         1 
	   Disk (KB)            :       50       35    460637 
	   Memory (MB)          :        0        0     20480 

	Job terminated of its own accord at 2025-01-24T10:32:40Z with exit-code 0.
...
000 (287617.000.000) 2025-01-28 17:30:29 Job submitted from host: <192.168.0.102:9618?addrs=192.168.0.102-9618&alias=submitter&noUDP&sock=schedd_2032_5c88>
...
014 (287617.000.000) 2025-01-28 17:30:58 Node 0 executing on host: <192.168.0.115:9618?addrs=192.168.0.115-9618&alias=node115.di.rm1&noUDP&sock=startd_1101621_f4a0>
...
014 (287617.000.002) 2025-01-28 17:30:58 Node 2 executing on host: <192.168.0.105:9618?addrs=192.168.0.105-9618&alias=node105.di.rm1&noUDP&sock=startd_1951_cd5c>
...
014 (287617.000.004) 2025-01-28 17:30:58 Node 4 executing on host: <192.168.0.115:9618?addrs=192.168.0.115-9618&alias=node115.di.rm1&noUDP&sock=startd_1101621_f4a0>
...
014 (287617.000.003) 2025-01-28 17:30:58 Node 3 executing on host: <192.168.0.135:9618?addrs=192.168.0.135-9618&alias=node135.di.rm1&noUDP&sock=startd_2000_6980>
...
014 (287617.000.007) 2025-01-28 17:30:58 Node 7 executing on host: <192.168.0.135:9618?addrs=192.168.0.135-9618&alias=node135.di.rm1&noUDP&sock=startd_2000_6980>
...
014 (287617.000.001) 2025-01-28 17:30:58 Node 1 executing on host: <192.168.0.124:9618?addrs=192.168.0.124-9618&alias=node124.di.rm1&noUDP&sock=startd_2143_7f8b>
...
014 (287617.000.006) 2025-01-28 17:30:58 Node 6 executing on host: <192.168.0.120:9618?addrs=192.168.0.120-9618&alias=node120.di.rm1&noUDP&sock=startd_2096_4298>
...
014 (287617.000.005) 2025-01-28 17:30:58 Node 5 executing on host: <192.168.0.145:9618?addrs=192.168.0.145-9618&alias=node145.di.rm1&noUDP&sock=startd_1869_8e98>
...
001 (287617.000.000) 2025-01-28 17:30:58 Job executing on host: MPI_job
...
008 (287617.000.000) 2025-01-28 17:31:00 Launching orted on Node 0 of 8
...
008 (287617.000.000) 2025-01-28 17:31:00 Launching orted on Node 2 of 8
...
008 (287617.000.000) 2025-01-28 17:31:00 Launching orted on Node 4 of 8
...
008 (287617.000.000) 2025-01-28 17:31:00 Launching orted on Node 3 of 8
...
008 (287617.000.000) 2025-01-28 17:31:00 Launching orted on Node 7 of 8
...
008 (287617.000.000) 2025-01-28 17:31:00 Launching orted on Node 1 of 8
...
008 (287617.000.000) 2025-01-28 17:31:00 Launching orted on Node 6 of 8
...
008 (287617.000.000) 2025-01-28 17:31:01 Launching orted on Node 5 of 8
...
008 (287617.000.000) 2025-01-28 17:31:01 orted exited on Node 2 of 8
...
008 (287617.000.000) 2025-01-28 17:31:01 orted exited on Node 3 of 8
...
008 (287617.000.000) 2025-01-28 17:31:01 orted exited on Node 1 of 8
...
008 (287617.000.000) 2025-01-28 17:31:01 orted exited on Node 7 of 8
...
008 (287617.000.000) 2025-01-28 17:31:01 orted exited on Node 6 of 8
...
008 (287617.000.000) 2025-01-28 17:31:01 orted exited on Node 5 of 8
...
008 (287617.000.000) 2025-01-28 17:31:01 orted exited on Node 4 of 8
...
008 (287617.000.000) 2025-01-28 17:31:01 orted exited on Node 0 of 8
...
015 (287617.000.002) 2025-01-28 17:31:01 Node 2 terminated.
	(1) Normal termination (return value 0)
		Usr 0 00:00:00, Sys 0 00:00:00  -  Run Remote Usage
		Usr 0 00:00:00, Sys 0 00:00:00  -  Run Local Usage
		Usr 0 00:00:00, Sys 0 00:00:00  -  Total Remote Usage
		Usr 0 00:00:00, Sys 0 00:00:00  -  Total Local Usage
	2165  -  Run Bytes Sent By Node
	33591  -  Run Bytes Received By Node
	2165  -  Total Bytes Sent By Node
	33591  -  Total Bytes Received By Node
...
015 (287617.000.001) 2025-01-28 17:31:01 Node 1 terminated.
	(1) Normal termination (return value 0)
		Usr 0 00:00:00, Sys 0 00:00:00  -  Run Remote Usage
		Usr 0 00:00:00, Sys 0 00:00:00  -  Run Local Usage
		Usr 0 00:00:00, Sys 0 00:00:00  -  Total Remote Usage
		Usr 0 00:00:00, Sys 0 00:00:00  -  Total Local Usage
	2187  -  Run Bytes Sent By Node
	33591  -  Run Bytes Received By Node
	2187  -  Total Bytes Sent By Node
	33591  -  Total Bytes Received By Node
...
015 (287617.000.006) 2025-01-28 17:31:01 Node 6 terminated.
	(1) Normal termination (return value 0)
		Usr 0 00:00:00, Sys 0 00:00:00  -  Run Remote Usage
		Usr 0 00:00:00, Sys 0 00:00:00  -  Run Local Usage
		Usr 0 00:00:00, Sys 0 00:00:00  -  Total Remote Usage
		Usr 0 00:00:00, Sys 0 00:00:00  -  Total Local Usage
	2187  -  Run Bytes Sent By Node
	33591  -  Run Bytes Received By Node
	2187  -  Total Bytes Sent By Node
	33591  -  Total Bytes Received By Node
...
015 (287617.000.003) 2025-01-28 17:31:01 Node 3 terminated.
	(1) Normal termination (return value 0)
		Usr 0 00:00:00, Sys 0 00:00:00  -  Run Remote Usage
		Usr 0 00:00:00, Sys 0 00:00:00  -  Run Local Usage
		Usr 0 00:00:00, Sys 0 00:00:00  -  Total Remote Usage
		Usr 0 00:00:00, Sys 0 00:00:00  -  Total Local Usage
	2165  -  Run Bytes Sent By Node
	33591  -  Run Bytes Received By Node
	2165  -  Total Bytes Sent By Node
	33591  -  Total Bytes Received By Node
...
015 (287617.000.007) 2025-01-28 17:31:01 Node 7 terminated.
	(1) Normal termination (return value 0)
		Usr 0 00:00:00, Sys 0 00:00:00  -  Run Remote Usage
		Usr 0 00:00:00, Sys 0 00:00:00  -  Run Local Usage
		Usr 0 00:00:00, Sys 0 00:00:00  -  Total Remote Usage
		Usr 0 00:00:00, Sys 0 00:00:00  -  Total Local Usage
	2165  -  Run Bytes Sent By Node
	33591  -  Run Bytes Received By Node
	2165  -  Total Bytes Sent By Node
	33591  -  Total Bytes Received By Node
...
015 (287617.000.004) 2025-01-28 17:31:01 Node 4 terminated.
	(1) Normal termination (return value 0)
		Usr 0 00:00:00, Sys 0 00:00:00  -  Run Remote Usage
		Usr 0 00:00:00, Sys 0 00:00:00  -  Run Local Usage
		Usr 0 00:00:00, Sys 0 00:00:00  -  Total Remote Usage
		Usr 0 00:00:00, Sys 0 00:00:00  -  Total Local Usage
	0  -  Run Bytes Sent By Node
	33591  -  Run Bytes Received By Node
	0  -  Total Bytes Sent By Node
	33591  -  Total Bytes Received By Node
...
015 (287617.000.000) 2025-01-28 17:31:01 Node 0 terminated.
	(1) Normal termination (return value 0)
		Usr 0 00:00:00, Sys 0 00:00:01  -  Run Remote Usage
		Usr 0 00:00:00, Sys 0 00:00:00  -  Run Local Usage
		Usr 0 00:00:00, Sys 0 00:00:01  -  Total Remote Usage
		Usr 0 00:00:00, Sys 0 00:00:00  -  Total Local Usage
	3728  -  Run Bytes Sent By Node
	33591  -  Run Bytes Received By Node
	3728  -  Total Bytes Sent By Node
	33591  -  Total Bytes Received By Node
...
005 (287617.000.000) 2025-01-28 17:31:01 Job terminated.
	(1) Normal termination (return value 0)
		Usr 0 00:00:01, Sys 0 00:00:01  -  Run Remote Usage
		Usr 0 00:00:00, Sys 0 00:00:00  -  Run Local Usage
		Usr 0 00:00:00, Sys 0 00:00:01  -  Total Remote Usage
		Usr 0 00:00:00, Sys 0 00:00:00  -  Total Local Usage
	14597  -  Run Bytes Sent By Job
	268728  -  Run Bytes Received By Job
	14597  -  Total Bytes Sent By Job
	268728  -  Total Bytes Received By Job
	Partitionable Resources :    Usage  Request Allocated 
	   Cpus                 :                 1         2 
	   Disk (KB)            :       51       35 103010115 
	   Memory (MB)          :        0        0    100096 

	Job terminated of its own accord at 2025-01-28T17:31:01Z with exit-code 0.
...
