000 (265016.000.000) 2025-01-17 11:21:42 Job submitted from host: <192.168.0.102:9618?addrs=192.168.0.102-9618&alias=submitter&noUDP&sock=schedd_2032_5c88>
...
001 (265016.000.000) 2025-01-17 11:21:43 Job executing on host: <192.168.0.138:9618?addrs=192.168.0.138-9618&alias=node138.di.rm1&noUDP&sock=startd_2998744_89a3>
...
006 (265016.000.000) 2025-01-17 11:21:53 Image size of job updated: 328020
	321  -  MemoryUsage of job (MB)
	328020  -  ResidentSetSize of job (KB)
...
006 (265016.000.000) 2025-01-17 11:27:14 Image size of job updated: 643192
	578  -  MemoryUsage of job (MB)
	591620  -  ResidentSetSize of job (KB)
...
006 (265016.000.000) 2025-01-17 11:28:30 Image size of job updated: 643192
	580  -  MemoryUsage of job (MB)
	593336  -  ResidentSetSize of job (KB)
...
005 (265016.000.000) 2025-01-17 11:28:30 Job terminated.
	(1) Normal termination (return value 0)
		Usr 0 00:06:22, Sys 0 00:01:46  -  Run Remote Usage
		Usr 0 00:00:00, Sys 0 00:00:00  -  Run Local Usage
		Usr 0 00:06:22, Sys 0 00:01:46  -  Total Remote Usage
		Usr 0 00:00:00, Sys 0 00:00:00  -  Total Local Usage
	0  -  Run Bytes Sent By Job
	0  -  Run Bytes Received By Job
	0  -  Total Bytes Sent By Job
	0  -  Total Bytes Received By Job
	Partitionable Resources :    Usage  Request Allocated 
	   Cpus                 :     0.97        1         1 
	   Disk (KB)            :    27          27    474244 
	   Memory (MB)          :   580           1       128 

	Job terminated of its own accord at 2025-01-17T11:28:30Z with exit-code 0.
...
