000 (270250.000.000) 2025-01-21 23:38:16 Job submitted from host: <192.168.0.102:9618?addrs=192.168.0.102-9618&alias=submitter&noUDP&sock=schedd_2032_5c88>
...
001 (270250.000.000) 2025-01-21 23:38:16 Job executing on host: <192.168.0.148:9618?addrs=192.168.0.148-9618&alias=node148.di.rm1&noUDP&sock=startd_1547_b119>
...
006 (270250.000.000) 2025-01-21 23:38:25 Image size of job updated: 1228992
	501  -  MemoryUsage of job (MB)
	512128  -  ResidentSetSize of job (KB)
...
006 (270250.000.000) 2025-01-21 23:39:18 Image size of job updated: 3478272
	501  -  MemoryUsage of job (MB)
	512788  -  ResidentSetSize of job (KB)
...
004 (270250.000.000) 2025-01-21 23:39:18 Job was evicted.
	(0) CPU times
		Usr 0 00:01:00, Sys 0 00:00:02  -  Run Remote Usage
		Usr 0 00:00:00, Sys 0 00:00:00  -  Run Local Usage
	0  -  Run Bytes Sent By Job
	0  -  Run Bytes Received By Job
	Partitionable Resources :    Usage  Request Allocated 
	   Cpus                 :                 1         1 
	   Disk (KB)            :       27       27    467548 
	   Memory (MB)          :      501        1       128 
...
009 (270250.000.000) 2025-01-21 23:39:18 Job was aborted.
	via condor_rm (by user calzona_2046920)
...
000 (276407.000.000) 2025-01-24 04:30:03 Job submitted from host: <192.168.0.102:9618?addrs=192.168.0.102-9618&alias=submitter&noUDP&sock=schedd_2032_5c88>
...
001 (276407.000.000) 2025-01-24 04:30:04 Job executing on host: <192.168.0.149:9618?addrs=192.168.0.149-9618&alias=node149.di.rm1&noUDP&sock=startd_1551_6f7a>
...
006 (276407.000.000) 2025-01-24 04:30:13 Image size of job updated: 1118112
	498  -  MemoryUsage of job (MB)
	509916  -  ResidentSetSize of job (KB)
...
006 (276407.000.000) 2025-01-24 04:32:06 Image size of job updated: 7082400
	499  -  MemoryUsage of job (MB)
	510048  -  ResidentSetSize of job (KB)
...
004 (276407.000.000) 2025-01-24 04:32:06 Job was evicted.
	(0) CPU times
		Usr 0 00:01:58, Sys 0 00:00:02  -  Run Remote Usage
		Usr 0 00:00:00, Sys 0 00:00:00  -  Run Local Usage
	0  -  Run Bytes Sent By Job
	0  -  Run Bytes Received By Job
	Partitionable Resources :    Usage  Request Allocated 
	   Cpus                 :                 1         1 
	   Disk (KB)            :       27       27    471944 
	   Memory (MB)          :      499        1       128 
...
009 (276407.000.000) 2025-01-24 04:32:06 Job was aborted.
	via condor_rm (by user calzona_2046920)
...
