000 (281060.000.000) 2025-01-25 18:47:07 Job submitted from host: <192.168.0.102:9618?addrs=192.168.0.102-9618&alias=submitter&noUDP&sock=schedd_2032_5c88>
...
014 (281060.000.001) 2025-01-25 18:47:14 Node 1 executing on host: <192.168.0.121:9618?addrs=192.168.0.121-9618&alias=node121.di.rm1&noUDP&sock=startd_2146_8e54>
...
014 (281060.000.002) 2025-01-25 18:47:14 Node 2 executing on host: <192.168.0.121:9618?addrs=192.168.0.121-9618&alias=node121.di.rm1&noUDP&sock=startd_2146_8e54>
...
014 (281060.000.003) 2025-01-25 18:47:14 Node 3 executing on host: <192.168.0.147:9618?addrs=192.168.0.147-9618&alias=node147.di.rm1&noUDP&sock=startd_1513_5ee1>
...
014 (281060.000.000) 2025-01-25 18:47:14 Node 0 executing on host: <192.168.0.120:9618?addrs=192.168.0.120-9618&alias=node120.di.rm1&noUDP&sock=startd_2096_4298>
...
001 (281060.000.000) 2025-01-25 18:47:14 Job executing on host: MPI_job
...
008 (281060.000.000) 2025-01-25 18:47:16 Launching orted on Node 2 of 4
...
008 (281060.000.000) 2025-01-25 18:47:16 Launching orted on Node 1 of 4
...
008 (281060.000.000) 2025-01-25 18:47:17 Launching orted on Node 3 of 4
...
008 (281060.000.000) 2025-01-25 18:47:17 Launching orted on Node 0 of 4
...
008 (281060.000.000) 2025-01-25 18:48:24 orted exited on Node 3 of 4
...
008 (281060.000.000) 2025-01-25 18:48:24 orted exited on Node 1 of 4
...
008 (281060.000.000) 2025-01-25 18:48:24 orted exited on Node 2 of 4
...
008 (281060.000.000) 2025-01-25 18:48:24 orted exited on Node 0 of 4
...
015 (281060.000.001) 2025-01-25 18:48:24 Node 1 terminated.
	(1) Normal termination (return value 0)
		Usr 0 00:01:07, Sys 0 00:00:00  -  Run Remote Usage
		Usr 0 00:00:00, Sys 0 00:00:00  -  Run Local Usage
		Usr 0 00:01:07, Sys 0 00:00:00  -  Total Remote Usage
		Usr 0 00:00:00, Sys 0 00:00:00  -  Total Local Usage
	2165  -  Run Bytes Sent By Node
	33639  -  Run Bytes Received By Node
	2165  -  Total Bytes Sent By Node
	33639  -  Total Bytes Received By Node
...
015 (281060.000.002) 2025-01-25 18:48:24 Node 2 terminated.
	(1) Normal termination (return value 0)
		Usr 0 00:01:07, Sys 0 00:00:01  -  Run Remote Usage
		Usr 0 00:00:00, Sys 0 00:00:00  -  Run Local Usage
		Usr 0 00:01:07, Sys 0 00:00:01  -  Total Remote Usage
		Usr 0 00:00:00, Sys 0 00:00:00  -  Total Local Usage
	2165  -  Run Bytes Sent By Node
	33639  -  Run Bytes Received By Node
	2165  -  Total Bytes Sent By Node
	33639  -  Total Bytes Received By Node
...
015 (281060.000.000) 2025-01-25 18:48:24 Node 0 terminated.
	(1) Normal termination (return value 0)
		Usr 0 00:00:00, Sys 0 00:00:01  -  Run Remote Usage
		Usr 0 00:00:00, Sys 0 00:00:00  -  Run Local Usage
		Usr 0 00:00:00, Sys 0 00:00:01  -  Total Remote Usage
		Usr 0 00:00:00, Sys 0 00:00:00  -  Total Local Usage
	3307  -  Run Bytes Sent By Node
	33639  -  Run Bytes Received By Node
	3307  -  Total Bytes Sent By Node
	33639  -  Total Bytes Received By Node
...
005 (281060.000.000) 2025-01-25 18:48:24 Job terminated.
	(1) Normal termination (return value 0)
		Usr 0 00:03:21, Sys 0 00:00:02  -  Run Remote Usage
		Usr 0 00:00:00, Sys 0 00:00:00  -  Run Local Usage
		Usr 0 00:00:00, Sys 0 00:00:01  -  Total Remote Usage
		Usr 0 00:00:00, Sys 0 00:00:00  -  Total Local Usage
	7637  -  Run Bytes Sent By Job
	134556  -  Run Bytes Received By Job
	7637  -  Total Bytes Sent By Job
	134556  -  Total Bytes Received By Job
	Partitionable Resources :    Usage  Request Allocated 
	   Cpus                 :                 1         2 
	   Disk (KB)            :       50       35 102827553 
	   GPUs                 :                           0 
	   Memory (MB)          :       38       27    100096 

	Job terminated of its own accord at 2025-01-25T18:48:24Z with exit-code 0.
...
