000 (270231.000.000) 2025-01-21 23:36:12 Job submitted from host: <192.168.0.102:9618?addrs=192.168.0.102-9618&alias=submitter&noUDP&sock=schedd_2032_5c88>
...
001 (270231.000.000) 2025-01-21 23:36:13 Job executing on host: <192.168.0.151:9618?addrs=192.168.0.151-9618&alias=node151.di.rm1&noUDP&sock=startd_1528_a8cd>
...
006 (270231.000.000) 2025-01-21 23:36:22 Image size of job updated: 1126176
	462  -  MemoryUsage of job (MB)
	473088  -  ResidentSetSize of job (KB)
...
006 (270231.000.000) 2025-01-21 23:37:14 Image size of job updated: 3945980
	463  -  MemoryUsage of job (MB)
	473748  -  ResidentSetSize of job (KB)
...
004 (270231.000.000) 2025-01-21 23:37:14 Job was evicted.
	(0) CPU times
		Usr 0 00:00:59, Sys 0 00:00:01  -  Run Remote Usage
		Usr 0 00:00:00, Sys 0 00:00:00  -  Run Local Usage
	0  -  Run Bytes Sent By Job
	0  -  Run Bytes Received By Job
	Partitionable Resources :    Usage  Request Allocated 
	   Cpus                 :                 1         1 
	   Disk (KB)            :       27       27    474791 
	   Memory (MB)          :      463        1       128 
...
009 (270231.000.000) 2025-01-21 23:37:14 Job was aborted.
	via condor_rm (by user calzona_2046920)
...
000 (276390.000.000) 2025-01-24 04:26:01 Job submitted from host: <192.168.0.102:9618?addrs=192.168.0.102-9618&alias=submitter&noUDP&sock=schedd_2032_5c88>
...
001 (276390.000.000) 2025-01-24 04:26:02 Job executing on host: <192.168.0.148:9618?addrs=192.168.0.148-9618&alias=node148.di.rm1&noUDP&sock=startd_1547_b119>
...
006 (276390.000.000) 2025-01-24 04:26:11 Image size of job updated: 1433620
	463  -  MemoryUsage of job (MB)
	473880  -  ResidentSetSize of job (KB)
...
006 (276390.000.000) 2025-01-24 04:28:03 Image size of job updated: 6563780
	463  -  MemoryUsage of job (MB)
	473880  -  ResidentSetSize of job (KB)
...
004 (276390.000.000) 2025-01-24 04:28:03 Job was evicted.
	(0) CPU times
		Usr 0 00:01:57, Sys 0 00:00:02  -  Run Remote Usage
		Usr 0 00:00:00, Sys 0 00:00:00  -  Run Local Usage
	0  -  Run Bytes Sent By Job
	0  -  Run Bytes Received By Job
	Partitionable Resources :    Usage  Request Allocated 
	   Cpus                 :     1.00        1         1 
	   Disk (KB)            :    27          27    467548 
	   Memory (MB)          :   463           1       128 
...
009 (276390.000.000) 2025-01-24 04:28:03 Job was aborted.
	via condor_rm (by user calzona_2046920)
...
