000 (269208.000.000) 2025-01-21 22:26:04 Job submitted from host: <192.168.0.102:9618?addrs=192.168.0.102-9618&alias=submitter&noUDP&sock=schedd_2032_5c88>
...
001 (269208.000.000) 2025-01-21 22:26:05 Job executing on host: <192.168.0.148:9618?addrs=192.168.0.148-9618&alias=node148.di.rm1&noUDP&sock=startd_1547_b119>
...
006 (269208.000.000) 2025-01-21 22:26:14 Image size of job updated: 1418844
	821  -  MemoryUsage of job (MB)
	840604  -  ResidentSetSize of job (KB)
...
006 (269208.000.000) 2025-01-21 22:26:47 Image size of job updated: 4217500
	822  -  MemoryUsage of job (MB)
	841528  -  ResidentSetSize of job (KB)
...
004 (269208.000.000) 2025-01-21 22:26:47 Job was evicted.
	(0) CPU times
		Usr 0 00:00:41, Sys 0 00:00:01  -  Run Remote Usage
		Usr 0 00:00:00, Sys 0 00:00:00  -  Run Local Usage
	0  -  Run Bytes Sent By Job
	0  -  Run Bytes Received By Job
	Partitionable Resources :    Usage  Request Allocated 
	   Cpus                 :                 1         1 
	   Disk (KB)            :       27       27    467548 
	   Memory (MB)          :      822        1       128 
...
009 (269208.000.000) 2025-01-21 22:26:47 Job was aborted.
	via condor_rm (by user calzona_2046920)
...
000 (269303.000.000) 2025-01-21 22:33:17 Job submitted from host: <192.168.0.102:9618?addrs=192.168.0.102-9618&alias=submitter&noUDP&sock=schedd_2032_5c88>
...
001 (269303.000.000) 2025-01-21 22:33:19 Job executing on host: <192.168.0.110:9618?addrs=192.168.0.110-9618&alias=node110.di.rm1&noUDP&sock=startd_2185_4e86>
...
006 (269303.000.000) 2025-01-21 22:33:28 Image size of job updated: 1858088
	815  -  MemoryUsage of job (MB)
	833844  -  ResidentSetSize of job (KB)
...
006 (269303.000.000) 2025-01-21 22:34:19 Image size of job updated: 6020836
	817  -  MemoryUsage of job (MB)
	835692  -  ResidentSetSize of job (KB)
...
004 (269303.000.000) 2025-01-21 22:34:19 Job was evicted.
	(0) CPU times
		Usr 0 00:00:57, Sys 0 00:00:02  -  Run Remote Usage
		Usr 0 00:00:00, Sys 0 00:00:00  -  Run Local Usage
	0  -  Run Bytes Sent By Job
	0  -  Run Bytes Received By Job
	Partitionable Resources :    Usage  Request Allocated 
	   Cpus                 :                 1         1 
	   Disk (KB)            :       27       27    468087 
	   Gpus (Average)       :                 0         0 
	   Memory (MB)          :      817        1       128 
...
009 (269303.000.000) 2025-01-21 22:34:19 Job was aborted.
	via condor_rm (by user calzona_2046920)
...
000 (275458.000.000) 2025-01-24 02:40:07 Job submitted from host: <192.168.0.102:9618?addrs=192.168.0.102-9618&alias=submitter&noUDP&sock=schedd_2032_5c88>
...
001 (275458.000.000) 2025-01-24 02:40:08 Job executing on host: <192.168.0.149:9618?addrs=192.168.0.149-9618&alias=node149.di.rm1&noUDP&sock=startd_1551_6f7a>
...
006 (275458.000.000) 2025-01-24 02:40:17 Image size of job updated: 1119000
	727  -  MemoryUsage of job (MB)
	743688  -  ResidentSetSize of job (KB)
...
006 (275458.000.000) 2025-01-24 02:42:09 Image size of job updated: 11804280
	732  -  MemoryUsage of job (MB)
	749100  -  ResidentSetSize of job (KB)
...
004 (275458.000.000) 2025-01-24 02:42:09 Job was evicted.
	(0) CPU times
		Usr 0 00:01:55, Sys 0 00:00:04  -  Run Remote Usage
		Usr 0 00:00:00, Sys 0 00:00:00  -  Run Local Usage
	0  -  Run Bytes Sent By Job
	0  -  Run Bytes Received By Job
	Partitionable Resources :    Usage  Request Allocated 
	   Cpus                 :                 1         1 
	   Disk (KB)            :       27       27    471944 
	   Memory (MB)          :      732        1       128 
...
009 (275458.000.000) 2025-01-24 02:42:09 Job was aborted.
	via condor_rm (by user calzona_2046920)
...
