000 (269430.000.000) 2025-01-21 22:39:02 Job submitted from host: <192.168.0.102:9618?addrs=192.168.0.102-9618&alias=submitter&noUDP&sock=schedd_2032_5c88>
...
001 (269430.000.000) 2025-01-21 22:39:22 Job executing on host: <192.168.0.147:9618?addrs=192.168.0.147-9618&alias=node147.di.rm1&noUDP&sock=startd_1513_5ee1>
...
006 (269430.000.000) 2025-01-21 22:39:30 Image size of job updated: 408936
	400  -  MemoryUsage of job (MB)
	408936  -  ResidentSetSize of job (KB)
...
006 (269430.000.000) 2025-01-21 22:40:04 Image size of job updated: 1889844
	401  -  MemoryUsage of job (MB)
	409992  -  ResidentSetSize of job (KB)
...
004 (269430.000.000) 2025-01-21 22:40:04 Job was evicted.
	(0) CPU times
		Usr 0 00:00:40, Sys 0 00:00:01  -  Run Remote Usage
		Usr 0 00:00:00, Sys 0 00:00:00  -  Run Local Usage
	0  -  Run Bytes Sent By Job
	0  -  Run Bytes Received By Job
	Partitionable Resources :    Usage  Request Allocated 
	   Cpus                 :                 1         1 
	   Disk (KB)            :       27       27    469805 
	   Memory (MB)          :      401        1       128 
...
009 (269430.000.000) 2025-01-21 22:40:04 Job was aborted.
	via condor_rm (by user calzona_2046920)
...
000 (275585.000.000) 2025-01-24 02:49:32 Job submitted from host: <192.168.0.102:9618?addrs=192.168.0.102-9618&alias=submitter&noUDP&sock=schedd_2032_5c88>
...
001 (275585.000.000) 2025-01-24 02:49:33 Job executing on host: <192.168.0.147:9618?addrs=192.168.0.147-9618&alias=node147.di.rm1&noUDP&sock=startd_1513_5ee1>
...
006 (275585.000.000) 2025-01-24 02:49:42 Image size of job updated: 460416
	450  -  MemoryUsage of job (MB)
	460416  -  ResidentSetSize of job (KB)
...
006 (275585.000.000) 2025-01-24 02:50:16 Image size of job updated: 2100384
	450  -  MemoryUsage of job (MB)
	460548  -  ResidentSetSize of job (KB)
...
005 (275585.000.000) 2025-01-24 02:50:16 Job terminated.
	(1) Normal termination (return value 0)
		Usr 0 00:00:42, Sys 0 00:00:00  -  Run Remote Usage
		Usr 0 00:00:00, Sys 0 00:00:00  -  Run Local Usage
		Usr 0 00:00:42, Sys 0 00:00:00  -  Total Remote Usage
		Usr 0 00:00:00, Sys 0 00:00:00  -  Total Local Usage
	0  -  Run Bytes Sent By Job
	0  -  Run Bytes Received By Job
	0  -  Total Bytes Sent By Job
	0  -  Total Bytes Received By Job
	Partitionable Resources :    Usage  Request Allocated 
	   Cpus                 :                 1         1 
	   Disk (KB)            :       27       27    469805 
	   Memory (MB)          :      450        1       128 

	Job terminated of its own accord at 2025-01-24T02:50:16Z with exit-code 0.
...
