000 (264862.000.000) 2025-01-17 11:21:37 Job submitted from host: <192.168.0.102:9618?addrs=192.168.0.102-9618&alias=submitter&noUDP&sock=schedd_2032_5c88>
...
001 (264862.000.000) 2025-01-17 11:21:39 Job executing on host: <192.168.0.110:9618?addrs=192.168.0.110-9618&alias=node110.di.rm1&noUDP&sock=startd_2185_4e86>
...
006 (264862.000.000) 2025-01-17 11:21:47 Image size of job updated: 1353204
	417  -  MemoryUsage of job (MB)
	426096  -  ResidentSetSize of job (KB)
...
006 (264862.000.000) 2025-01-17 11:26:58 Image size of job updated: 6788980
	6523  -  MemoryUsage of job (MB)
	6679360  -  ResidentSetSize of job (KB)
...
006 (264862.000.000) 2025-01-17 11:33:27 Image size of job updated: 6788980
	6555  -  MemoryUsage of job (MB)
	6711600  -  ResidentSetSize of job (KB)
...
006 (264862.000.000) 2025-01-17 11:33:28 Image size of job updated: 6788980
	6555  -  MemoryUsage of job (MB)
	6711996  -  ResidentSetSize of job (KB)
...
004 (264862.000.000) 2025-01-17 11:33:28 Job was evicted.
	(0) CPU times
		Usr 0 00:08:02, Sys 0 00:05:02  -  Run Remote Usage
		Usr 0 00:00:00, Sys 0 00:00:00  -  Run Local Usage
	0  -  Run Bytes Sent By Job
	0  -  Run Bytes Received By Job
	Partitionable Resources :    Usage  Request Allocated 
	   Cpus                 :     0.49        1         1 
	   Disk (KB)            :    27          27    468087 
	   Gpus (Average)       :                 0         0 
	   Memory (MB)          :  6555           1       128 
...
009 (264862.000.000) 2025-01-17 11:33:28 Job was aborted.
	via condor_rm (by user calzona_2046920)
...
