000 (270364.000.000) 2025-01-21 23:46:13 Job submitted from host: <192.168.0.102:9618?addrs=192.168.0.102-9618&alias=submitter&noUDP&sock=schedd_2032_5c88>
...
001 (270364.000.000) 2025-01-21 23:46:15 Job executing on host: <192.168.0.151:9618?addrs=192.168.0.151-9618&alias=node151.di.rm1&noUDP&sock=startd_1528_a8cd>
...
006 (270364.000.000) 2025-01-21 23:46:23 Image size of job updated: 52564
	28  -  MemoryUsage of job (MB)
	28248  -  ResidentSetSize of job (KB)
...
004 (270364.000.000) 2025-01-21 23:47:15 Job was evicted.
	(0) CPU times
		Usr 0 00:03:57, Sys 0 00:00:00  -  Run Remote Usage
		Usr 0 00:00:00, Sys 0 00:00:00  -  Run Local Usage
	0  -  Run Bytes Sent By Job
	0  -  Run Bytes Received By Job
	Partitionable Resources :    Usage  Request Allocated 
	   Cpus                 :                 1         1 
	   Disk (KB)            :       27       27    474791 
	   Memory (MB)          :       28        1       128 
...
009 (270364.000.000) 2025-01-21 23:47:15 Job was aborted.
	via condor_rm (by user calzona_2046920)
...
000 (276518.000.000) 2025-01-24 04:41:53 Job submitted from host: <192.168.0.102:9618?addrs=192.168.0.102-9618&alias=submitter&noUDP&sock=schedd_2032_5c88>
...
001 (276518.000.000) 2025-01-24 04:41:53 Job executing on host: <192.168.0.149:9618?addrs=192.168.0.149-9618&alias=node149.di.rm1&noUDP&sock=startd_1551_6f7a>
...
006 (276518.000.000) 2025-01-24 04:42:02 Image size of job updated: 52564
	29  -  MemoryUsage of job (MB)
	29304  -  ResidentSetSize of job (KB)
...
005 (276518.000.000) 2025-01-24 04:42:58 Job terminated.
	(1) Normal termination (return value 0)
		Usr 0 00:04:14, Sys 0 00:00:00  -  Run Remote Usage
		Usr 0 00:00:00, Sys 0 00:00:00  -  Run Local Usage
		Usr 0 00:04:14, Sys 0 00:00:00  -  Total Remote Usage
		Usr 0 00:00:00, Sys 0 00:00:00  -  Total Local Usage
	0  -  Run Bytes Sent By Job
	0  -  Run Bytes Received By Job
	0  -  Total Bytes Sent By Job
	0  -  Total Bytes Received By Job
	Partitionable Resources :    Usage  Request Allocated 
	   Cpus                 :     4.00        1         1 
	   Disk (KB)            :    27          27    471944 
	   Memory (MB)          :    29           1       128 

	Job terminated of its own accord at 2025-01-24T04:42:58Z with exit-code 0.
...
