000 (271258.000.000) 2025-01-22 00:51:21 Job submitted from host: <192.168.0.102:9618?addrs=192.168.0.102-9618&alias=submitter&noUDP&sock=schedd_2032_5c88>
...
001 (271258.000.000) 2025-01-22 00:51:40 Job executing on host: <192.168.0.149:9618?addrs=192.168.0.149-9618&alias=node149.di.rm1&noUDP&sock=startd_1551_6f7a>
...
006 (271258.000.000) 2025-01-22 00:51:49 Image size of job updated: 633500
	617  -  MemoryUsage of job (MB)
	631344  -  ResidentSetSize of job (KB)
...
006 (271258.000.000) 2025-01-22 00:52:22 Image size of job updated: 2774712
	618  -  MemoryUsage of job (MB)
	632532  -  ResidentSetSize of job (KB)
...
004 (271258.000.000) 2025-01-22 00:52:22 Job was evicted.
	(0) CPU times
		Usr 0 00:00:41, Sys 0 00:00:01  -  Run Remote Usage
		Usr 0 00:00:00, Sys 0 00:00:00  -  Run Local Usage
	0  -  Run Bytes Sent By Job
	0  -  Run Bytes Received By Job
	Partitionable Resources :    Usage  Request Allocated 
	   Cpus                 :     1.00        1         1 
	   Disk (KB)            :    27          27    471944 
	   Memory (MB)          :   618           1       128 
...
009 (271258.000.000) 2025-01-22 00:52:22 Job was aborted.
	via condor_rm (by user calzona_2046920)
...
000 (277412.000.000) 2025-01-24 06:28:48 Job submitted from host: <192.168.0.102:9618?addrs=192.168.0.102-9618&alias=submitter&noUDP&sock=schedd_2032_5c88>
...
001 (277412.000.000) 2025-01-24 06:28:50 Job executing on host: <192.168.0.149:9618?addrs=192.168.0.149-9618&alias=node149.di.rm1&noUDP&sock=startd_1551_6f7a>
...
006 (277412.000.000) 2025-01-24 06:28:59 Image size of job updated: 627792
	614  -  MemoryUsage of job (MB)
	627792  -  ResidentSetSize of job (KB)
...
006 (277412.000.000) 2025-01-24 06:30:51 Image size of job updated: 6788980
	614  -  MemoryUsage of job (MB)
	627924  -  ResidentSetSize of job (KB)
...
004 (277412.000.000) 2025-01-24 06:30:51 Job was evicted.
	(0) CPU times
		Usr 0 00:04:18, Sys 0 00:00:07  -  Run Remote Usage
		Usr 0 00:00:00, Sys 0 00:00:00  -  Run Local Usage
	0  -  Run Bytes Sent By Job
	0  -  Run Bytes Received By Job
	Partitionable Resources :    Usage  Request Allocated 
	   Cpus                 :                 1         1 
	   Disk (KB)            :       27       27    471944 
	   Memory (MB)          :      614        1       128 
...
009 (277412.000.000) 2025-01-24 06:30:51 Job was aborted.
	via condor_rm (by user calzona_2046920)
...
