000 (269626.000.000) 2025-01-21 22:51:40 Job submitted from host: <192.168.0.102:9618?addrs=192.168.0.102-9618&alias=submitter&noUDP&sock=schedd_2032_5c88>
...
001 (269626.000.000) 2025-01-21 22:52:01 Job executing on host: <192.168.0.151:9618?addrs=192.168.0.151-9618&alias=node151.di.rm1&noUDP&sock=startd_1528_a8cd>
...
006 (269626.000.000) 2025-01-21 22:52:10 Image size of job updated: 433884
	424  -  MemoryUsage of job (MB)
	433884  -  ResidentSetSize of job (KB)
...
006 (269626.000.000) 2025-01-21 22:52:43 Image size of job updated: 1749000
	425  -  MemoryUsage of job (MB)
	434412  -  ResidentSetSize of job (KB)
...
004 (269626.000.000) 2025-01-21 22:52:43 Job was evicted.
	(0) CPU times
		Usr 0 00:00:38, Sys 0 00:00:00  -  Run Remote Usage
		Usr 0 00:00:00, Sys 0 00:00:00  -  Run Local Usage
	0  -  Run Bytes Sent By Job
	0  -  Run Bytes Received By Job
	Partitionable Resources :    Usage  Request Allocated 
	   Cpus                 :                 1         1 
	   Disk (KB)            :       27       27    474791 
	   Memory (MB)          :      425        1       128 
...
009 (269626.000.000) 2025-01-21 22:52:43 Job was aborted.
	via condor_rm (by user calzona_2046920)
...
000 (275780.000.000) 2025-01-24 03:09:48 Job submitted from host: <192.168.0.102:9618?addrs=192.168.0.102-9618&alias=submitter&noUDP&sock=schedd_2032_5c88>
...
001 (275780.000.000) 2025-01-24 03:09:49 Job executing on host: <192.168.0.149:9618?addrs=192.168.0.149-9618&alias=node149.di.rm1&noUDP&sock=startd_1551_6f7a>
...
006 (275780.000.000) 2025-01-24 03:09:58 Image size of job updated: 443156
	433  -  MemoryUsage of job (MB)
	442628  -  ResidentSetSize of job (KB)
...
006 (275780.000.000) 2025-01-24 03:11:50 Image size of job updated: 5690816
	433  -  MemoryUsage of job (MB)
	442760  -  ResidentSetSize of job (KB)
...
004 (275780.000.000) 2025-01-24 03:11:50 Job was evicted.
	(0) CPU times
		Usr 0 00:01:57, Sys 0 00:00:03  -  Run Remote Usage
		Usr 0 00:00:00, Sys 0 00:00:00  -  Run Local Usage
	0  -  Run Bytes Sent By Job
	0  -  Run Bytes Received By Job
	Partitionable Resources :    Usage  Request Allocated 
	   Cpus                 :                 1         1 
	   Disk (KB)            :       27       27    471944 
	   Memory (MB)          :      433        1       128 
...
009 (275780.000.000) 2025-01-24 03:11:50 Job was aborted.
	via condor_rm (by user calzona_2046920)
...
