000 (281883.000.000) 2025-01-26 15:16:37 Job submitted from host: <192.168.0.102:9618?addrs=192.168.0.102-9618&alias=submitter&noUDP&sock=schedd_2032_5c88>
...
014 (281883.000.001) 2025-01-26 15:16:46 Node 1 executing on host: <192.168.0.123:9618?addrs=192.168.0.123-9618&alias=node123.di.rm1&noUDP&sock=startd_2149_9d1d>
...
014 (281883.000.000) 2025-01-26 15:16:46 Node 0 executing on host: <192.168.0.133:9618?addrs=192.168.0.133-9618&alias=node133.di.rm1&noUDP&sock=startd_1941_f16a>
...
001 (281883.000.000) 2025-01-26 15:16:46 Job executing on host: MPI_job
...
008 (281883.000.000) 2025-01-26 15:16:48 Launching orted on Node 0 of 2
...
008 (281883.000.000) 2025-01-26 15:16:48 Launching orted on Node 1 of 2
...
008 (281883.000.000) 2025-01-26 15:16:49 orted exited on Node 0 of 2
...
008 (281883.000.000) 2025-01-26 15:16:49 orted exited on Node 1 of 2
...
015 (281883.000.000) 2025-01-26 15:16:49 Node 0 terminated.
	(1) Normal termination (return value 0)
		Usr 0 00:00:00, Sys 0 00:00:00  -  Run Remote Usage
		Usr 0 00:00:00, Sys 0 00:00:00  -  Run Local Usage
		Usr 0 00:00:00, Sys 0 00:00:00  -  Total Remote Usage
		Usr 0 00:00:00, Sys 0 00:00:00  -  Total Local Usage
	3254  -  Run Bytes Sent By Node
	33711  -  Run Bytes Received By Node
	3254  -  Total Bytes Sent By Node
	33711  -  Total Bytes Received By Node
...
005 (281883.000.000) 2025-01-26 15:16:49 Job terminated.
	(1) Normal termination (return value 0)
		Usr 0 00:00:00, Sys 0 00:00:00  -  Run Remote Usage
		Usr 0 00:00:00, Sys 0 00:00:00  -  Run Local Usage
		Usr 0 00:00:00, Sys 0 00:00:00  -  Total Remote Usage
		Usr 0 00:00:00, Sys 0 00:00:00  -  Total Local Usage
	3254  -  Run Bytes Sent By Job
	67422  -  Run Bytes Received By Job
	3254  -  Total Bytes Sent By Job
	67422  -  Total Bytes Received By Job
	Partitionable Resources :    Usage  Request Allocated 
	   Cpus                 :                 1         1 
	   Disk (KB)            :       49       35    473452 
	   Memory (MB)          :        0        0     53248 

	Job terminated of its own accord at 2025-01-26T15:16:49Z with exit-code 0.
...
000 (288720.000.000) 2025-01-28 20:53:36 Job submitted from host: <192.168.0.102:9618?addrs=192.168.0.102-9618&alias=submitter&noUDP&sock=schedd_2032_5c88>
...
014 (288720.000.000) 2025-01-28 20:53:44 Node 0 executing on host: <192.168.0.135:9618?addrs=192.168.0.135-9618&alias=node135.di.rm1&noUDP&sock=startd_2000_6980>
...
014 (288720.000.001) 2025-01-28 20:53:44 Node 1 executing on host: <192.168.0.130:9618?addrs=192.168.0.130-9618&alias=node130.di.rm1&noUDP&sock=startd_2751195_838e>
...
001 (288720.000.000) 2025-01-28 20:53:44 Job executing on host: MPI_job
...
008 (288720.000.000) 2025-01-28 20:53:46 Launching orted on Node 1 of 2
...
008 (288720.000.000) 2025-01-28 20:53:46 Launching orted on Node 0 of 2
...
008 (288720.000.000) 2025-01-28 20:53:47 orted exited on Node 0 of 2
...
008 (288720.000.000) 2025-01-28 20:53:47 orted exited on Node 1 of 2
...
015 (288720.000.001) 2025-01-28 20:53:47 Node 1 terminated.
	(1) Normal termination (return value 0)
		Usr 0 00:00:00, Sys 0 00:00:01  -  Run Remote Usage
		Usr 0 00:00:00, Sys 0 00:00:00  -  Run Local Usage
		Usr 0 00:00:00, Sys 0 00:00:01  -  Total Remote Usage
		Usr 0 00:00:00, Sys 0 00:00:00  -  Total Local Usage
	2165  -  Run Bytes Sent By Node
	33711  -  Run Bytes Received By Node
	2165  -  Total Bytes Sent By Node
	33711  -  Total Bytes Received By Node
...
015 (288720.000.000) 2025-01-28 20:53:47 Node 0 terminated.
	(1) Normal termination (return value 0)
		Usr 0 00:00:00, Sys 0 00:00:00  -  Run Remote Usage
		Usr 0 00:00:00, Sys 0 00:00:00  -  Run Local Usage
		Usr 0 00:00:00, Sys 0 00:00:00  -  Total Remote Usage
		Usr 0 00:00:00, Sys 0 00:00:00  -  Total Local Usage
	3257  -  Run Bytes Sent By Node
	33711  -  Run Bytes Received By Node
	3257  -  Total Bytes Sent By Node
	33711  -  Total Bytes Received By Node
...
005 (288720.000.000) 2025-01-28 20:53:47 Job terminated.
	(1) Normal termination (return value 0)
		Usr 0 00:00:00, Sys 0 00:00:01  -  Run Remote Usage
		Usr 0 00:00:00, Sys 0 00:00:00  -  Run Local Usage
		Usr 0 00:00:00, Sys 0 00:00:00  -  Total Remote Usage
		Usr 0 00:00:00, Sys 0 00:00:00  -  Total Local Usage
	5422  -  Run Bytes Sent By Job
	67422  -  Run Bytes Received By Job
	5422  -  Total Bytes Sent By Job
	67422  -  Total Bytes Received By Job
	Partitionable Resources :    Usage  Request Allocated 
	   Cpus                 :                 1         2 
	   Disk (KB)            :       50       35 102650546 
	   Memory (MB)          :        0        0    100096 

	Job terminated of its own accord at 2025-01-28T20:53:47Z with exit-code 0.
...
