000 (270412.000.000) 2025-01-21 23:50:21 Job submitted from host: <192.168.0.102:9618?addrs=192.168.0.102-9618&alias=submitter&noUDP&sock=schedd_2032_5c88>
...
001 (270412.000.000) 2025-01-21 23:50:24 Job executing on host: <192.168.0.151:9618?addrs=192.168.0.151-9618&alias=node151.di.rm1&noUDP&sock=startd_1528_a8cd>
...
006 (270412.000.000) 2025-01-21 23:50:34 Image size of job updated: 437976
	428  -  MemoryUsage of job (MB)
	437976  -  ResidentSetSize of job (KB)
...
006 (270412.000.000) 2025-01-21 23:51:23 Image size of job updated: 2568984
	430  -  MemoryUsage of job (MB)
	439428  -  ResidentSetSize of job (KB)
...
004 (270412.000.000) 2025-01-21 23:51:24 Job was evicted.
	(0) CPU times
		Usr 0 00:00:55, Sys 0 00:00:01  -  Run Remote Usage
		Usr 0 00:00:00, Sys 0 00:00:00  -  Run Local Usage
	0  -  Run Bytes Sent By Job
	0  -  Run Bytes Received By Job
	Partitionable Resources :    Usage  Request Allocated 
	   Cpus                 :                 1         1 
	   Disk (KB)            :       27       27    474791 
	   Memory (MB)          :      430        1       128 
...
009 (270412.000.000) 2025-01-21 23:51:24 Job was aborted.
	via condor_rm (by user calzona_2046920)
...
