000 (274111.000.000) 2025-01-23 11:37:10 Job submitted from host: <192.168.0.102:9618?addrs=192.168.0.102-9618&alias=submitter&noUDP&sock=schedd_2032_5c88>
...
014 (274111.000.000) 2025-01-23 11:37:18 Node 0 executing on host: <192.168.0.113:9618?addrs=192.168.0.113-9618&alias=node113.di.rm1&noUDP&sock=startd_3668932_c305>
...
014 (274111.000.003) 2025-01-23 11:37:18 Node 3 executing on host: <192.168.0.120:9618?addrs=192.168.0.120-9618&alias=node120.di.rm1&noUDP&sock=startd_2096_4298>
...
014 (274111.000.002) 2025-01-23 11:37:18 Node 2 executing on host: <192.168.0.124:9618?addrs=192.168.0.124-9618&alias=node124.di.rm1&noUDP&sock=startd_2143_7f8b>
...
014 (274111.000.001) 2025-01-23 11:37:18 Node 1 executing on host: <192.168.0.141:9618?addrs=192.168.0.141-9618&alias=node141.di.rm1&noUDP&sock=startd_2077_3a4b>
...
001 (274111.000.000) 2025-01-23 11:37:18 Job executing on host: MPI_job
...
008 (274111.000.000) 2025-01-23 11:37:20 Launching orted on Node 0 of 4
...
008 (274111.000.000) 2025-01-23 11:37:20 Launching orted on Node 3 of 4
...
008 (274111.000.000) 2025-01-23 11:37:20 Launching orted on Node 2 of 4
...
008 (274111.000.000) 2025-01-23 11:37:21 Launching orted on Node 1 of 4
...
008 (274111.000.000) 2025-01-23 11:37:29 orted exited on Node 0 of 4
...
008 (274111.000.000) 2025-01-23 11:37:29 orted exited on Node 1 of 4
...
008 (274111.000.000) 2025-01-23 11:37:29 orted exited on Node 2 of 4
...
008 (274111.000.000) 2025-01-23 11:37:29 orted exited on Node 3 of 4
...
015 (274111.000.003) 2025-01-23 11:37:29 Node 3 terminated.
	(1) Normal termination (return value 0)
		Usr 0 00:00:07, Sys 0 00:00:00  -  Run Remote Usage
		Usr 0 00:00:00, Sys 0 00:00:00  -  Run Local Usage
		Usr 0 00:00:07, Sys 0 00:00:00  -  Total Remote Usage
		Usr 0 00:00:00, Sys 0 00:00:00  -  Total Local Usage
	2187  -  Run Bytes Sent By Node
	33639  -  Run Bytes Received By Node
	2187  -  Total Bytes Sent By Node
	33639  -  Total Bytes Received By Node
...
015 (274111.000.000) 2025-01-23 11:37:29 Node 0 terminated.
	(1) Normal termination (return value 0)
		Usr 0 00:00:00, Sys 0 00:00:00  -  Run Remote Usage
		Usr 0 00:00:00, Sys 0 00:00:00  -  Run Local Usage
		Usr 0 00:00:00, Sys 0 00:00:00  -  Total Remote Usage
		Usr 0 00:00:00, Sys 0 00:00:00  -  Total Local Usage
	3306  -  Run Bytes Sent By Node
	33639  -  Run Bytes Received By Node
	3306  -  Total Bytes Sent By Node
	33639  -  Total Bytes Received By Node
...
005 (274111.000.000) 2025-01-23 11:37:29 Job terminated.
	(1) Normal termination (return value 0)
		Usr 0 00:00:21, Sys 0 00:00:00  -  Run Remote Usage
		Usr 0 00:00:00, Sys 0 00:00:00  -  Run Local Usage
		Usr 0 00:00:00, Sys 0 00:00:00  -  Total Remote Usage
		Usr 0 00:00:00, Sys 0 00:00:00  -  Total Local Usage
	5493  -  Run Bytes Sent By Job
	134556  -  Run Bytes Received By Job
	5493  -  Total Bytes Sent By Job
	134556  -  Total Bytes Received By Job
	Partitionable Resources :    Usage  Request Allocated 
	   Cpus                 :     0.01        1         1 
	   Disk (KB)            :    56          35    459754 
	   GPUs                 :                           0 
	   Memory (MB)          :   288         304     40960 

	Job terminated of its own accord at 2025-01-23T11:37:29Z with exit-code 0.
...
