000 (279311.000.000) 2025-01-24 10:33:19 Job submitted from host: <192.168.0.102:9618?addrs=192.168.0.102-9618&alias=submitter&noUDP&sock=schedd_2032_5c88>
...
014 (279311.000.003) 2025-01-24 10:33:27 Node 3 executing on host: <192.168.0.139:9618?addrs=192.168.0.139-9618&alias=node139.di.rm1&noUDP&sock=startd_1966_1748>
...
014 (279311.000.000) 2025-01-24 10:33:27 Node 0 executing on host: <192.168.0.104:9618?addrs=192.168.0.104-9618&alias=node104.di.rm1&noUDP&sock=startd_1987_7ec5>
...
014 (279311.000.001) 2025-01-24 10:33:27 Node 1 executing on host: <192.168.0.149:9618?addrs=192.168.0.149-9618&alias=node149.di.rm1&noUDP&sock=startd_1551_6f7a>
...
014 (279311.000.002) 2025-01-24 10:33:27 Node 2 executing on host: <192.168.0.141:9618?addrs=192.168.0.141-9618&alias=node141.di.rm1&noUDP&sock=startd_2077_3a4b>
...
014 (279311.000.005) 2025-01-24 10:33:27 Node 5 executing on host: <192.168.0.149:9618?addrs=192.168.0.149-9618&alias=node149.di.rm1&noUDP&sock=startd_1551_6f7a>
...
014 (279311.000.006) 2025-01-24 10:33:27 Node 6 executing on host: <192.168.0.135:9618?addrs=192.168.0.135-9618&alias=node135.di.rm1&noUDP&sock=startd_2000_6980>
...
014 (279311.000.007) 2025-01-24 10:33:27 Node 7 executing on host: <192.168.0.110:9618?addrs=192.168.0.110-9618&alias=node110.di.rm1&noUDP&sock=startd_2185_4e86>
...
014 (279311.000.004) 2025-01-24 10:33:27 Node 4 executing on host: <192.168.0.104:9618?addrs=192.168.0.104-9618&alias=node104.di.rm1&noUDP&sock=startd_1987_7ec5>
...
001 (279311.000.000) 2025-01-24 10:33:27 Job executing on host: MPI_job
...
008 (279311.000.000) 2025-01-24 10:33:29 Launching orted on Node 5 of 8
...
008 (279311.000.000) 2025-01-24 10:33:29 Launching orted on Node 3 of 8
...
008 (279311.000.000) 2025-01-24 10:33:29 Launching orted on Node 6 of 8
...
008 (279311.000.000) 2025-01-24 10:33:29 Launching orted on Node 7 of 8
...
008 (279311.000.000) 2025-01-24 10:33:29 Launching orted on Node 1 of 8
...
008 (279311.000.000) 2025-01-24 10:33:29 Launching orted on Node 2 of 8
...
008 (279311.000.000) 2025-01-24 10:33:30 Launching orted on Node 4 of 8
...
008 (279311.000.000) 2025-01-24 10:33:30 Launching orted on Node 0 of 8
...
008 (279311.000.000) 2025-01-24 10:33:30 orted exited on Node 4 of 8
...
008 (279311.000.000) 2025-01-24 10:33:30 orted exited on Node 6 of 8
...
008 (279311.000.000) 2025-01-24 10:33:30 orted exited on Node 5 of 8
...
008 (279311.000.000) 2025-01-24 10:33:30 orted exited on Node 2 of 8
...
008 (279311.000.000) 2025-01-24 10:33:30 orted exited on Node 7 of 8
...
008 (279311.000.000) 2025-01-24 10:33:30 orted exited on Node 0 of 8
...
008 (279311.000.000) 2025-01-24 10:33:30 orted exited on Node 3 of 8
...
008 (279311.000.000) 2025-01-24 10:33:30 orted exited on Node 1 of 8
...
015 (279311.000.006) 2025-01-24 10:33:30 Node 6 terminated.
	(1) Normal termination (return value 0)
		Usr 0 00:00:01, Sys 0 00:00:00  -  Run Remote Usage
		Usr 0 00:00:00, Sys 0 00:00:00  -  Run Local Usage
		Usr 0 00:00:01, Sys 0 00:00:00  -  Total Remote Usage
		Usr 0 00:00:00, Sys 0 00:00:00  -  Total Local Usage
	2165  -  Run Bytes Sent By Node
	33639  -  Run Bytes Received By Node
	2165  -  Total Bytes Sent By Node
	33639  -  Total Bytes Received By Node
...
015 (279311.000.003) 2025-01-24 10:33:30 Node 3 terminated.
	(1) Normal termination (return value 0)
		Usr 0 00:00:00, Sys 0 00:00:00  -  Run Remote Usage
		Usr 0 00:00:00, Sys 0 00:00:00  -  Run Local Usage
		Usr 0 00:00:00, Sys 0 00:00:00  -  Total Remote Usage
		Usr 0 00:00:00, Sys 0 00:00:00  -  Total Local Usage
	2165  -  Run Bytes Sent By Node
	33639  -  Run Bytes Received By Node
	2165  -  Total Bytes Sent By Node
	33639  -  Total Bytes Received By Node
...
015 (279311.000.007) 2025-01-24 10:33:30 Node 7 terminated.
	(1) Normal termination (return value 0)
		Usr 0 00:00:00, Sys 0 00:00:00  -  Run Remote Usage
		Usr 0 00:00:00, Sys 0 00:00:00  -  Run Local Usage
		Usr 0 00:00:00, Sys 0 00:00:00  -  Total Remote Usage
		Usr 0 00:00:00, Sys 0 00:00:00  -  Total Local Usage
	2187  -  Run Bytes Sent By Node
	33639  -  Run Bytes Received By Node
	2187  -  Total Bytes Sent By Node
	33639  -  Total Bytes Received By Node
...
015 (279311.000.005) 2025-01-24 10:33:30 Node 5 terminated.
	(1) Normal termination (return value 0)
		Usr 0 00:00:00, Sys 0 00:00:00  -  Run Remote Usage
		Usr 0 00:00:00, Sys 0 00:00:00  -  Run Local Usage
		Usr 0 00:00:00, Sys 0 00:00:00  -  Total Remote Usage
		Usr 0 00:00:00, Sys 0 00:00:00  -  Total Local Usage
	2165  -  Run Bytes Sent By Node
	33639  -  Run Bytes Received By Node
	2165  -  Total Bytes Sent By Node
	33639  -  Total Bytes Received By Node
...
015 (279311.000.001) 2025-01-24 10:33:30 Node 1 terminated.
	(1) Normal termination (return value 0)
		Usr 0 00:00:00, Sys 0 00:00:00  -  Run Remote Usage
		Usr 0 00:00:00, Sys 0 00:00:00  -  Run Local Usage
		Usr 0 00:00:00, Sys 0 00:00:00  -  Total Remote Usage
		Usr 0 00:00:00, Sys 0 00:00:00  -  Total Local Usage
	2165  -  Run Bytes Sent By Node
	33639  -  Run Bytes Received By Node
	2165  -  Total Bytes Sent By Node
	33639  -  Total Bytes Received By Node
...
015 (279311.000.002) 2025-01-24 10:33:30 Node 2 terminated.
	(1) Normal termination (return value 0)
		Usr 0 00:00:00, Sys 0 00:00:00  -  Run Remote Usage
		Usr 0 00:00:00, Sys 0 00:00:00  -  Run Local Usage
		Usr 0 00:00:00, Sys 0 00:00:00  -  Total Remote Usage
		Usr 0 00:00:00, Sys 0 00:00:00  -  Total Local Usage
	2165  -  Run Bytes Sent By Node
	33639  -  Run Bytes Received By Node
	2165  -  Total Bytes Sent By Node
	33639  -  Total Bytes Received By Node
...
015 (279311.000.004) 2025-01-24 10:33:30 Node 4 terminated.
	(1) Normal termination (return value 0)
		Usr 0 00:00:00, Sys 0 00:00:00  -  Run Remote Usage
		Usr 0 00:00:00, Sys 0 00:00:00  -  Run Local Usage
		Usr 0 00:00:00, Sys 0 00:00:00  -  Total Remote Usage
		Usr 0 00:00:00, Sys 0 00:00:00  -  Total Local Usage
	0  -  Run Bytes Sent By Node
	33639  -  Run Bytes Received By Node
	0  -  Total Bytes Sent By Node
	33639  -  Total Bytes Received By Node
...
015 (279311.000.000) 2025-01-24 10:33:30 Node 0 terminated.
	(1) Normal termination (return value 0)
		Usr 0 00:00:00, Sys 0 00:00:01  -  Run Remote Usage
		Usr 0 00:00:00, Sys 0 00:00:00  -  Run Local Usage
		Usr 0 00:00:00, Sys 0 00:00:01  -  Total Remote Usage
		Usr 0 00:00:00, Sys 0 00:00:00  -  Total Local Usage
	3728  -  Run Bytes Sent By Node
	33639  -  Run Bytes Received By Node
	3728  -  Total Bytes Sent By Node
	33639  -  Total Bytes Received By Node
...
005 (279311.000.000) 2025-01-24 10:33:31 Job terminated.
	(1) Normal termination (return value 0)
		Usr 0 00:00:01, Sys 0 00:00:01  -  Run Remote Usage
		Usr 0 00:00:00, Sys 0 00:00:00  -  Run Local Usage
		Usr 0 00:00:00, Sys 0 00:00:01  -  Total Remote Usage
		Usr 0 00:00:00, Sys 0 00:00:00  -  Total Local Usage
	16740  -  Run Bytes Sent By Job
	269112  -  Run Bytes Received By Job
	16740  -  Total Bytes Sent By Job
	269112  -  Total Bytes Received By Job
	Partitionable Resources :    Usage  Request Allocated 
	   Cpus                 :                 1         2 
	   Disk (KB)            :       50       35 102792276 
	   Memory (MB)          :        0        0    100096 

	Job terminated of its own accord at 2025-01-24T10:33:30Z with exit-code 0.
...
