000 (274045.000.000) 2025-01-23 11:32:23 Job submitted from host: <192.168.0.102:9618?addrs=192.168.0.102-9618&alias=submitter&noUDP&sock=schedd_2032_5c88>
...
014 (274045.000.001) 2025-01-23 11:32:28 Node 1 executing on host: <192.168.0.139:9618?addrs=192.168.0.139-9618&alias=node139.di.rm1&noUDP&sock=startd_1966_1748>
...
014 (274045.000.003) 2025-01-23 11:32:28 Node 3 executing on host: <192.168.0.120:9618?addrs=192.168.0.120-9618&alias=node120.di.rm1&noUDP&sock=startd_2096_4298>
...
014 (274045.000.002) 2025-01-23 11:32:28 Node 2 executing on host: <192.168.0.124:9618?addrs=192.168.0.124-9618&alias=node124.di.rm1&noUDP&sock=startd_2143_7f8b>
...
014 (274045.000.000) 2025-01-23 11:32:28 Node 0 executing on host: <192.168.0.141:9618?addrs=192.168.0.141-9618&alias=node141.di.rm1&noUDP&sock=startd_2077_3a4b>
...
001 (274045.000.000) 2025-01-23 11:32:28 Job executing on host: MPI_job
...
008 (274045.000.000) 2025-01-23 11:32:30 Launching orted on Node 2 of 4
...
008 (274045.000.000) 2025-01-23 11:32:31 Launching orted on Node 1 of 4
...
008 (274045.000.000) 2025-01-23 11:32:31 Launching orted on Node 3 of 4
...
008 (274045.000.000) 2025-01-23 11:32:31 Launching orted on Node 0 of 4
...
008 (274045.000.000) 2025-01-23 11:33:03 Node 0 caught SIGTERM, cleaning up mpirun
...
004 (274045.000.000) 2025-01-23 11:33:03 Job was evicted.
	(0) CPU times
		Usr 0 00:00:40, Sys 0 00:00:00  -  Run Remote Usage
		Usr 0 00:00:00, Sys 0 00:00:00  -  Run Local Usage
	0  -  Run Bytes Sent By Job
	134556  -  Run Bytes Received By Job
	Partitionable Resources :    Usage  Request Allocated 
	   Cpus                 :                 1         1 
	   Disk (KB)            :     8560       35    459831 
	   Memory (MB)          :      275      295     40960 
...
009 (274045.000.000) 2025-01-23 11:33:03 Job was aborted.
	via condor_rm (by user calzona_2046920)
...
000 (278786.000.000) 2025-01-24 09:25:17 Job submitted from host: <192.168.0.102:9618?addrs=192.168.0.102-9618&alias=submitter&noUDP&sock=schedd_2032_5c88>
...
014 (278786.000.001) 2025-01-24 09:25:24 Node 1 executing on host: <192.168.0.130:9618?addrs=192.168.0.130-9618&alias=node130.di.rm1&noUDP&sock=startd_2751195_838e>
...
014 (278786.000.003) 2025-01-24 09:25:24 Node 3 executing on host: <192.168.0.140:9618?addrs=192.168.0.140-9618&alias=node140.di.rm1&noUDP&sock=startd_1890_f615>
...
014 (278786.000.000) 2025-01-24 09:25:24 Node 0 executing on host: <192.168.0.135:9618?addrs=192.168.0.135-9618&alias=node135.di.rm1&noUDP&sock=startd_2000_6980>
...
014 (278786.000.002) 2025-01-24 09:25:24 Node 2 executing on host: <192.168.0.106:9618?addrs=192.168.0.106-9618&alias=node106.di.rm1&noUDP&sock=startd_1970_d5a9>
...
001 (278786.000.000) 2025-01-24 09:25:24 Job executing on host: MPI_job
...
008 (278786.000.000) 2025-01-24 09:25:26 Launching orted on Node 1 of 4
...
008 (278786.000.000) 2025-01-24 09:25:26 Launching orted on Node 3 of 4
...
008 (278786.000.000) 2025-01-24 09:25:26 Launching orted on Node 0 of 4
...
008 (278786.000.000) 2025-01-24 09:25:27 Launching orted on Node 2 of 4
...
008 (278786.000.000) 2025-01-24 09:27:18 orted exited on Node 1 of 4
...
008 (278786.000.000) 2025-01-24 09:27:18 orted exited on Node 2 of 4
...
008 (278786.000.000) 2025-01-24 09:27:18 orted exited on Node 3 of 4
...
008 (278786.000.000) 2025-01-24 09:27:18 orted exited on Node 0 of 4
...
015 (278786.000.001) 2025-01-24 09:27:18 Node 1 terminated.
	(1) Normal termination (return value 0)
		Usr 0 00:01:49, Sys 0 00:00:02  -  Run Remote Usage
		Usr 0 00:00:00, Sys 0 00:00:00  -  Run Local Usage
		Usr 0 00:01:49, Sys 0 00:00:02  -  Total Remote Usage
		Usr 0 00:00:00, Sys 0 00:00:00  -  Total Local Usage
	2165  -  Run Bytes Sent By Node
	33639  -  Run Bytes Received By Node
	2165  -  Total Bytes Sent By Node
	33639  -  Total Bytes Received By Node
...
004 (278786.000.000) 2025-01-24 09:27:23 Job was evicted.
	(0) CPU times
		Usr 0 00:05:28, Sys 0 00:00:05  -  Run Remote Usage
		Usr 0 00:00:00, Sys 0 00:00:00  -  Run Local Usage
	2165  -  Run Bytes Sent By Job
	134556  -  Run Bytes Received By Job
	Partitionable Resources :    Usage  Request Allocated 
	   Cpus                 :     1.00        1         1 
	   Disk (KB)            :    55          35    470875 
	   Memory (MB)          :   333         353     20480 
...
009 (278786.000.000) 2025-01-24 09:27:23 Job was aborted.
	via condor_rm (by user calzona_2046920)

	Job terminated by itself at 2025-01-24T09:27:18Z (using method 0: OF_ITS_OWN_ACCORD).
...
000 (287059.000.000) 2025-01-28 16:21:01 Job submitted from host: <192.168.0.102:9618?addrs=192.168.0.102-9618&alias=submitter&noUDP&sock=schedd_2032_5c88>
...
014 (287059.000.001) 2025-01-28 16:21:05 Node 1 executing on host: <192.168.0.145:9618?addrs=192.168.0.145-9618&alias=node145.di.rm1&noUDP&sock=startd_1869_8e98>
...
014 (287059.000.003) 2025-01-28 16:21:05 Node 3 executing on host: <192.168.0.106:9618?addrs=192.168.0.106-9618&alias=node106.di.rm1&noUDP&sock=startd_1970_d5a9>
...
014 (287059.000.002) 2025-01-28 16:21:05 Node 2 executing on host: <192.168.0.130:9618?addrs=192.168.0.130-9618&alias=node130.di.rm1&noUDP&sock=startd_2751195_838e>
...
014 (287059.000.000) 2025-01-28 16:21:05 Node 0 executing on host: <192.168.0.115:9618?addrs=192.168.0.115-9618&alias=node115.di.rm1&noUDP&sock=startd_1101621_f4a0>
...
001 (287059.000.000) 2025-01-28 16:21:05 Job executing on host: MPI_job
...
008 (287059.000.000) 2025-01-28 16:21:07 Launching orted on Node 1 of 4
...
008 (287059.000.000) 2025-01-28 16:21:07 Launching orted on Node 3 of 4
...
008 (287059.000.000) 2025-01-28 16:21:07 Launching orted on Node 2 of 4
...
008 (287059.000.000) 2025-01-28 16:21:07 Launching orted on Node 0 of 4
...
008 (287059.000.000) 2025-01-28 16:22:56 orted exited on Node 3 of 4
...
008 (287059.000.000) 2025-01-28 16:22:56 orted exited on Node 2 of 4
...
008 (287059.000.000) 2025-01-28 16:22:56 orted exited on Node 0 of 4
...
008 (287059.000.000) 2025-01-28 16:22:56 orted exited on Node 1 of 4
...
015 (287059.000.003) 2025-01-28 16:22:56 Node 3 terminated.
	(1) Normal termination (return value 0)
		Usr 0 00:01:47, Sys 0 00:00:01  -  Run Remote Usage
		Usr 0 00:00:00, Sys 0 00:00:00  -  Run Local Usage
		Usr 0 00:01:47, Sys 0 00:00:01  -  Total Remote Usage
		Usr 0 00:00:00, Sys 0 00:00:00  -  Total Local Usage
	2165  -  Run Bytes Sent By Node
	33591  -  Run Bytes Received By Node
	2165  -  Total Bytes Sent By Node
	33591  -  Total Bytes Received By Node
...
015 (287059.000.000) 2025-01-28 16:22:56 Node 0 terminated.
	(1) Normal termination (return value 0)
		Usr 0 00:00:00, Sys 0 00:00:00  -  Run Remote Usage
		Usr 0 00:00:00, Sys 0 00:00:00  -  Run Local Usage
		Usr 0 00:00:00, Sys 0 00:00:00  -  Total Remote Usage
		Usr 0 00:00:00, Sys 0 00:00:00  -  Total Local Usage
	3266  -  Run Bytes Sent By Node
	33591  -  Run Bytes Received By Node
	3266  -  Total Bytes Sent By Node
	33591  -  Total Bytes Received By Node
...
005 (287059.000.000) 2025-01-28 16:22:56 Job terminated.
	(1) Normal termination (return value 0)
		Usr 0 00:05:21, Sys 0 00:00:03  -  Run Remote Usage
		Usr 0 00:00:00, Sys 0 00:00:00  -  Run Local Usage
		Usr 0 00:00:00, Sys 0 00:00:00  -  Total Remote Usage
		Usr 0 00:00:00, Sys 0 00:00:00  -  Total Local Usage
	7596  -  Run Bytes Sent By Job
	134364  -  Run Bytes Received By Job
	7596  -  Total Bytes Sent By Job
	134364  -  Total Bytes Received By Job
	Partitionable Resources :    Usage  Request Allocated 
	   Cpus                 :                 1         2 
	   Disk (KB)            :       50       35 103010115 
	   Memory (MB)          :      339      309    100096 

	Job terminated of its own accord at 2025-01-28T16:22:56Z with exit-code 0.
...
