000 (294904.000.000) 2025-01-31 01:01:06 Job submitted from host: <192.168.0.102:9618?addrs=192.168.0.102-9618&alias=submitter&noUDP&sock=schedd_4045053_7bc0>
...
014 (294904.000.001) 2025-01-31 01:01:13 Node 1 executing on host: <192.168.0.109:9618?addrs=192.168.0.109-9618&alias=node109.di.rm1&noUDP&sock=startd_1627_90ad>
...
014 (294904.000.003) 2025-01-31 01:01:13 Node 3 executing on host: <192.168.0.148:9618?addrs=192.168.0.148-9618&alias=node148.di.rm1&noUDP&sock=startd_1547_b119>
...
014 (294904.000.000) 2025-01-31 01:01:13 Node 0 executing on host: <192.168.0.147:9618?addrs=192.168.0.147-9618&alias=node147.di.rm1&noUDP&sock=startd_1513_5ee1>
...
014 (294904.000.002) 2025-01-31 01:01:13 Node 2 executing on host: <192.168.0.113:9618?addrs=192.168.0.113-9618&alias=node113.di.rm1&noUDP&sock=startd_3668932_c305>
...
001 (294904.000.000) 2025-01-31 01:01:13 Job executing on host: MPI_job
...
008 (294904.000.000) 2025-01-31 01:01:15 Launching orted on Node 1 of 4
...
008 (294904.000.000) 2025-01-31 01:01:15 Launching orted on Node 3 of 4
...
008 (294904.000.000) 2025-01-31 01:01:15 Launching orted on Node 2 of 4
...
008 (294904.000.000) 2025-01-31 01:01:15 Launching orted on Node 0 of 4
...
008 (294904.000.000) 2025-01-31 01:01:17 orted exited on Node 3 of 4
...
008 (294904.000.000) 2025-01-31 01:01:17 orted exited on Node 0 of 4
...
008 (294904.000.000) 2025-01-31 01:01:17 orted exited on Node 1 of 4
...
008 (294904.000.000) 2025-01-31 01:01:17 orted exited on Node 2 of 4
...
015 (294904.000.001) 2025-01-31 01:01:18 Node 1 terminated.
	(1) Normal termination (return value 0)
		Usr 0 00:00:01, Sys 0 00:00:00  -  Run Remote Usage
		Usr 0 00:00:00, Sys 0 00:00:00  -  Run Local Usage
		Usr 0 00:00:01, Sys 0 00:00:00  -  Total Remote Usage
		Usr 0 00:00:00, Sys 0 00:00:00  -  Total Local Usage
	2333  -  Run Bytes Sent By Node
	33831  -  Run Bytes Received By Node
	2333  -  Total Bytes Sent By Node
	33831  -  Total Bytes Received By Node
...
015 (294904.000.003) 2025-01-31 01:01:18 Node 3 terminated.
	(1) Normal termination (return value 0)
		Usr 0 00:00:01, Sys 0 00:00:00  -  Run Remote Usage
		Usr 0 00:00:00, Sys 0 00:00:00  -  Run Local Usage
		Usr 0 00:00:01, Sys 0 00:00:00  -  Total Remote Usage
		Usr 0 00:00:00, Sys 0 00:00:00  -  Total Local Usage
	2333  -  Run Bytes Sent By Node
	33831  -  Run Bytes Received By Node
	2333  -  Total Bytes Sent By Node
	33831  -  Total Bytes Received By Node
...
015 (294904.000.000) 2025-01-31 01:01:19 Node 0 terminated.
	(1) Normal termination (return value 0)
		Usr 0 00:00:00, Sys 0 00:00:00  -  Run Remote Usage
		Usr 0 00:00:00, Sys 0 00:00:00  -  Run Local Usage
		Usr 0 00:00:00, Sys 0 00:00:00  -  Total Remote Usage
		Usr 0 00:00:00, Sys 0 00:00:00  -  Total Local Usage
	3431  -  Run Bytes Sent By Node
	33831  -  Run Bytes Received By Node
	3431  -  Total Bytes Sent By Node
	33831  -  Total Bytes Received By Node
...
005 (294904.000.000) 2025-01-31 01:01:19 Job terminated.
	(1) Normal termination (return value 0)
		Usr 0 00:00:03, Sys 0 00:00:00  -  Run Remote Usage
		Usr 0 00:00:00, Sys 0 00:00:00  -  Run Local Usage
		Usr 0 00:00:00, Sys 0 00:00:00  -  Total Remote Usage
		Usr 0 00:00:00, Sys 0 00:00:00  -  Total Local Usage
	8097  -  Run Bytes Sent By Job
	135324  -  Run Bytes Received By Job
	8097  -  Total Bytes Sent By Job
	135324  -  Total Bytes Received By Job
	Partitionable Resources :    Usage  Request Allocated 
	   Cpus                 :                 1         1 
	   Disk (KB)            :       51       35    469805 
	   Memory (MB)          :        0        1     40960 

	Job terminated of its own accord at 2025-01-31T01:01:17Z with exit-code 0.
...
