000 (295295.000.000) 2025-01-31 01:51:11 Job submitted from host: <192.168.0.102:9618?addrs=192.168.0.102-9618&alias=submitter&noUDP&sock=schedd_4045053_7bc0>
...
014 (295295.000.001) 2025-01-31 01:51:20 Node 1 executing on host: <192.168.0.113:9618?addrs=192.168.0.113-9618&alias=node113.di.rm1&noUDP&sock=startd_3668932_c305>
...
014 (295295.000.000) 2025-01-31 01:51:20 Node 0 executing on host: <192.168.0.151:9618?addrs=192.168.0.151-9618&alias=node151.di.rm1&noUDP&sock=startd_1528_a8cd>
...
014 (295295.000.003) 2025-01-31 01:51:20 Node 3 executing on host: <192.168.0.109:9618?addrs=192.168.0.109-9618&alias=node109.di.rm1&noUDP&sock=startd_1627_90ad>
...
014 (295295.000.002) 2025-01-31 01:51:20 Node 2 executing on host: <192.168.0.123:9618?addrs=192.168.0.123-9618&alias=node123.di.rm1&noUDP&sock=startd_2149_9d1d>
...
001 (295295.000.000) 2025-01-31 01:51:20 Job executing on host: MPI_job
...
008 (295295.000.000) 2025-01-31 01:51:22 Launching orted on Node 1 of 4
...
008 (295295.000.000) 2025-01-31 01:51:22 Launching orted on Node 0 of 4
...
008 (295295.000.000) 2025-01-31 01:51:22 Launching orted on Node 3 of 4
...
008 (295295.000.000) 2025-01-31 01:51:22 Launching orted on Node 2 of 4
...
008 (295295.000.000) 2025-01-31 01:51:29 orted exited on Node 1 of 4
...
008 (295295.000.000) 2025-01-31 01:51:29 orted exited on Node 2 of 4
...
008 (295295.000.000) 2025-01-31 01:51:29 orted exited on Node 0 of 4
...
008 (295295.000.000) 2025-01-31 01:51:29 orted exited on Node 3 of 4
...
015 (295295.000.001) 2025-01-31 01:51:29 Node 1 terminated.
	(1) Normal termination (return value 0)
		Usr 0 00:00:07, Sys 0 00:00:00  -  Run Remote Usage
		Usr 0 00:00:00, Sys 0 00:00:00  -  Run Local Usage
		Usr 0 00:00:07, Sys 0 00:00:00  -  Total Remote Usage
		Usr 0 00:00:00, Sys 0 00:00:00  -  Total Local Usage
	2355  -  Run Bytes Sent By Node
	33831  -  Run Bytes Received By Node
	2355  -  Total Bytes Sent By Node
	33831  -  Total Bytes Received By Node
...
015 (295295.000.000) 2025-01-31 01:51:29 Node 0 terminated.
	(1) Normal termination (return value 0)
		Usr 0 00:00:00, Sys 0 00:00:00  -  Run Remote Usage
		Usr 0 00:00:00, Sys 0 00:00:00  -  Run Local Usage
		Usr 0 00:00:00, Sys 0 00:00:00  -  Total Remote Usage
		Usr 0 00:00:00, Sys 0 00:00:00  -  Total Local Usage
	3894  -  Run Bytes Sent By Node
	33831  -  Run Bytes Received By Node
	3894  -  Total Bytes Sent By Node
	33831  -  Total Bytes Received By Node
...
005 (295295.000.000) 2025-01-31 01:51:29 Job terminated.
	(1) Normal termination (return value 0)
		Usr 0 00:00:21, Sys 0 00:00:00  -  Run Remote Usage
		Usr 0 00:00:00, Sys 0 00:00:00  -  Run Local Usage
		Usr 0 00:00:00, Sys 0 00:00:00  -  Total Remote Usage
		Usr 0 00:00:00, Sys 0 00:00:00  -  Total Local Usage
	6249  -  Run Bytes Sent By Job
	135324  -  Run Bytes Received By Job
	6249  -  Total Bytes Sent By Job
	135324  -  Total Bytes Received By Job
	Partitionable Resources :    Usage  Request Allocated 
	   Cpus                 :                 1         1 
	   Disk (KB)            :       51       35    474791 
	   Memory (MB)          :        4        0     40960 

	Job terminated of its own accord at 2025-01-31T01:51:29Z with exit-code 0.
...
