000 (270806.000.000) 2025-01-22 00:16:34 Job submitted from host: <192.168.0.102:9618?addrs=192.168.0.102-9618&alias=submitter&noUDP&sock=schedd_2032_5c88>
...
001 (270806.000.000) 2025-01-22 00:16:54 Job executing on host: <192.168.0.147:9618?addrs=192.168.0.147-9618&alias=node147.di.rm1&noUDP&sock=startd_1513_5ee1>
...
006 (270806.000.000) 2025-01-22 00:17:03 Image size of job updated: 439296
	429  -  MemoryUsage of job (MB)
	439296  -  ResidentSetSize of job (KB)
...
006 (270806.000.000) 2025-01-22 00:17:35 Image size of job updated: 625620
	430  -  MemoryUsage of job (MB)
	439824  -  ResidentSetSize of job (KB)
...
004 (270806.000.000) 2025-01-22 00:17:36 Job was evicted.
	(0) CPU times
		Usr 0 00:04:08, Sys 0 00:00:01  -  Run Remote Usage
		Usr 0 00:00:00, Sys 0 00:00:00  -  Run Local Usage
	0  -  Run Bytes Sent By Job
	0  -  Run Bytes Received By Job
	Partitionable Resources :    Usage  Request Allocated 
	   Cpus                 :                 1         1 
	   Disk (KB)            :       27       27    469805 
	   Memory (MB)          :      430        1       128 
...
009 (270806.000.000) 2025-01-22 00:17:36 Job was aborted.
	via condor_rm (by user calzona_2046920)
...
