000 (271599.000.000) 2025-01-22 01:14:12 Job submitted from host: <192.168.0.102:9618?addrs=192.168.0.102-9618&alias=submitter&noUDP&sock=schedd_2032_5c88>
...
001 (271599.000.000) 2025-01-22 01:14:32 Job executing on host: <192.168.0.109:9618?addrs=192.168.0.109-9618&alias=node109.di.rm1&noUDP&sock=startd_1627_90ad>
...
006 (271599.000.000) 2025-01-22 01:14:40 Image size of job updated: 400056
	390  -  MemoryUsage of job (MB)
	399132  -  ResidentSetSize of job (KB)
...
006 (271599.000.000) 2025-01-22 01:15:13 Image size of job updated: 2000424
	391  -  MemoryUsage of job (MB)
	400188  -  ResidentSetSize of job (KB)
...
004 (271599.000.000) 2025-01-22 01:15:13 Job was evicted.
	(0) CPU times
		Usr 0 00:00:41, Sys 0 00:00:00  -  Run Remote Usage
		Usr 0 00:00:00, Sys 0 00:00:00  -  Run Local Usage
	0  -  Run Bytes Sent By Job
	0  -  Run Bytes Received By Job
	Partitionable Resources :    Usage  Request Allocated 
	   Cpus                 :                 1         1 
	   Disk (KB)            :       27       27    468160 
	   Memory (MB)          :      391        1       128 
...
009 (271599.000.000) 2025-01-22 01:15:13 Job was aborted.
	via condor_rm (by user calzona_2046920)
...
000 (277753.000.000) 2025-01-24 07:02:13 Job submitted from host: <192.168.0.102:9618?addrs=192.168.0.102-9618&alias=submitter&noUDP&sock=schedd_2032_5c88>
...
001 (277753.000.000) 2025-01-24 07:02:33 Job executing on host: <192.168.0.149:9618?addrs=192.168.0.149-9618&alias=node149.di.rm1&noUDP&sock=startd_1551_6f7a>
...
006 (277753.000.000) 2025-01-24 07:02:41 Image size of job updated: 398032
	389  -  MemoryUsage of job (MB)
	397504  -  ResidentSetSize of job (KB)
...
006 (277753.000.000) 2025-01-24 07:04:15 Image size of job updated: 4891972
	389  -  MemoryUsage of job (MB)
	397636  -  ResidentSetSize of job (KB)
...
004 (277753.000.000) 2025-01-24 07:04:15 Job was evicted.
	(0) CPU times
		Usr 0 00:01:40, Sys 0 00:00:02  -  Run Remote Usage
		Usr 0 00:00:00, Sys 0 00:00:00  -  Run Local Usage
	0  -  Run Bytes Sent By Job
	0  -  Run Bytes Received By Job
	Partitionable Resources :    Usage  Request Allocated 
	   Cpus                 :                 1         1 
	   Disk (KB)            :       27       27    471944 
	   Memory (MB)          :      389        1       128 
...
009 (277753.000.000) 2025-01-24 07:04:15 Job was aborted.
	via condor_rm (by user calzona_2046920)
...
