000 (282445.000.000) 2025-01-26 17:30:07 Job submitted from host: <192.168.0.102:9618?addrs=192.168.0.102-9618&alias=submitter&noUDP&sock=schedd_2032_5c88>
...
014 (282445.000.000) 2025-01-26 17:30:11 Node 0 executing on host: <192.168.0.149:9618?addrs=192.168.0.149-9618&alias=node149.di.rm1&noUDP&sock=startd_1551_6f7a>
...
014 (282445.000.001) 2025-01-26 17:30:11 Node 1 executing on host: <192.168.0.133:9618?addrs=192.168.0.133-9618&alias=node133.di.rm1&noUDP&sock=startd_1941_f16a>
...
014 (282445.000.002) 2025-01-26 17:30:11 Node 2 executing on host: <192.168.0.113:9618?addrs=192.168.0.113-9618&alias=node113.di.rm1&noUDP&sock=startd_3668932_c305>
...
014 (282445.000.006) 2025-01-26 17:30:11 Node 6 executing on host: <192.168.0.105:9618?addrs=192.168.0.105-9618&alias=node105.di.rm1&noUDP&sock=startd_1951_cd5c>
...
014 (282445.000.007) 2025-01-26 17:30:11 Node 7 executing on host: <192.168.0.114:9618?addrs=192.168.0.114-9618&alias=node114.di.rm1&noUDP&sock=startd_2075_db1b>
...
014 (282445.000.005) 2025-01-26 17:30:11 Node 5 executing on host: <192.168.0.142:9618?addrs=192.168.0.142-9618&alias=node142.di.rm1&noUDP&sock=startd_1996_ab1f>
...
014 (282445.000.004) 2025-01-26 17:30:11 Node 4 executing on host: <192.168.0.124:9618?addrs=192.168.0.124-9618&alias=node124.di.rm1&noUDP&sock=startd_2143_7f8b>
...
014 (282445.000.003) 2025-01-26 17:30:11 Node 3 executing on host: <192.168.0.145:9618?addrs=192.168.0.145-9618&alias=node145.di.rm1&noUDP&sock=startd_1869_8e98>
...
001 (282445.000.000) 2025-01-26 17:30:11 Job executing on host: MPI_job
...
008 (282445.000.000) 2025-01-26 17:30:13 Launching orted on Node 0 of 8
...
008 (282445.000.000) 2025-01-26 17:30:13 Launching orted on Node 1 of 8
...
008 (282445.000.000) 2025-01-26 17:30:13 Launching orted on Node 2 of 8
...
008 (282445.000.000) 2025-01-26 17:30:13 Launching orted on Node 6 of 8
...
008 (282445.000.000) 2025-01-26 17:30:13 Launching orted on Node 7 of 8
...
008 (282445.000.000) 2025-01-26 17:30:13 Launching orted on Node 5 of 8
...
008 (282445.000.000) 2025-01-26 17:30:13 Launching orted on Node 4 of 8
...
008 (282445.000.000) 2025-01-26 17:30:13 Launching orted on Node 3 of 8
...
008 (282445.000.000) 2025-01-26 17:30:47 orted exited on Node 4 of 8
...
008 (282445.000.000) 2025-01-26 17:30:47 orted exited on Node 1 of 8
...
008 (282445.000.000) 2025-01-26 17:30:47 orted exited on Node 3 of 8
...
008 (282445.000.000) 2025-01-26 17:30:47 orted exited on Node 0 of 8
...
008 (282445.000.000) 2025-01-26 17:30:47 orted exited on Node 2 of 8
...
008 (282445.000.000) 2025-01-26 17:30:47 orted exited on Node 5 of 8
...
008 (282445.000.000) 2025-01-26 17:30:47 orted exited on Node 6 of 8
...
008 (282445.000.000) 2025-01-26 17:30:47 orted exited on Node 7 of 8
...
015 (282445.000.002) 2025-01-26 17:30:47 Node 2 terminated.
	(1) Normal termination (return value 0)
		Usr 0 00:00:32, Sys 0 00:00:01  -  Run Remote Usage
		Usr 0 00:00:00, Sys 0 00:00:00  -  Run Local Usage
		Usr 0 00:00:32, Sys 0 00:00:01  -  Total Remote Usage
		Usr 0 00:00:00, Sys 0 00:00:00  -  Total Local Usage
	2187  -  Run Bytes Sent By Node
	33711  -  Run Bytes Received By Node
	2187  -  Total Bytes Sent By Node
	33711  -  Total Bytes Received By Node
...
015 (282445.000.001) 2025-01-26 17:30:47 Node 1 terminated.
	(1) Normal termination (return value 0)
		Usr 0 00:00:32, Sys 0 00:00:01  -  Run Remote Usage
		Usr 0 00:00:00, Sys 0 00:00:00  -  Run Local Usage
		Usr 0 00:00:32, Sys 0 00:00:01  -  Total Remote Usage
		Usr 0 00:00:00, Sys 0 00:00:00  -  Total Local Usage
	2165  -  Run Bytes Sent By Node
	33711  -  Run Bytes Received By Node
	2165  -  Total Bytes Sent By Node
	33711  -  Total Bytes Received By Node
...
015 (282445.000.006) 2025-01-26 17:30:47 Node 6 terminated.
	(1) Normal termination (return value 0)
		Usr 0 00:00:32, Sys 0 00:00:02  -  Run Remote Usage
		Usr 0 00:00:00, Sys 0 00:00:00  -  Run Local Usage
		Usr 0 00:00:32, Sys 0 00:00:02  -  Total Remote Usage
		Usr 0 00:00:00, Sys 0 00:00:00  -  Total Local Usage
	2165  -  Run Bytes Sent By Node
	33711  -  Run Bytes Received By Node
	2165  -  Total Bytes Sent By Node
	33711  -  Total Bytes Received By Node
...
015 (282445.000.007) 2025-01-26 17:30:47 Node 7 terminated.
	(1) Normal termination (return value 0)
		Usr 0 00:00:32, Sys 0 00:00:00  -  Run Remote Usage
		Usr 0 00:00:00, Sys 0 00:00:00  -  Run Local Usage
		Usr 0 00:00:32, Sys 0 00:00:00  -  Total Remote Usage
		Usr 0 00:00:00, Sys 0 00:00:00  -  Total Local Usage
	2165  -  Run Bytes Sent By Node
	33711  -  Run Bytes Received By Node
	2165  -  Total Bytes Sent By Node
	33711  -  Total Bytes Received By Node
...
015 (282445.000.004) 2025-01-26 17:30:47 Node 4 terminated.
	(1) Normal termination (return value 0)
		Usr 0 00:00:32, Sys 0 00:00:01  -  Run Remote Usage
		Usr 0 00:00:00, Sys 0 00:00:00  -  Run Local Usage
		Usr 0 00:00:32, Sys 0 00:00:01  -  Total Remote Usage
		Usr 0 00:00:00, Sys 0 00:00:00  -  Total Local Usage
	2187  -  Run Bytes Sent By Node
	33711  -  Run Bytes Received By Node
	2187  -  Total Bytes Sent By Node
	33711  -  Total Bytes Received By Node
...
015 (282445.000.000) 2025-01-26 17:30:47 Node 0 terminated.
	(1) Normal termination (return value 0)
		Usr 0 00:00:05, Sys 0 00:00:00  -  Run Remote Usage
		Usr 0 00:00:00, Sys 0 00:00:00  -  Run Local Usage
		Usr 0 00:00:05, Sys 0 00:00:00  -  Total Remote Usage
		Usr 0 00:00:00, Sys 0 00:00:00  -  Total Local Usage
	3264  -  Run Bytes Sent By Node
	33711  -  Run Bytes Received By Node
	3264  -  Total Bytes Sent By Node
	33711  -  Total Bytes Received By Node
...
005 (282445.000.000) 2025-01-26 17:30:47 Job terminated.
	(1) Normal termination (return value 0)
		Usr 0 00:03:49, Sys 0 00:00:05  -  Run Remote Usage
		Usr 0 00:00:00, Sys 0 00:00:00  -  Run Local Usage
		Usr 0 00:00:05, Sys 0 00:00:00  -  Total Remote Usage
		Usr 0 00:00:00, Sys 0 00:00:00  -  Total Local Usage
	14133  -  Run Bytes Sent By Job
	269688  -  Run Bytes Received By Job
	14133  -  Total Bytes Sent By Job
	269688  -  Total Bytes Received By Job
	Partitionable Resources :    Usage  Request Allocated 
	   Cpus                 :     1.00        1         1 
	   Disk (KB)            :    56          35    471944 
	   Memory (MB)          :    26           1     53248 

	Job terminated of its own accord at 2025-01-26T17:30:47Z with exit-code 0.
...
000 (289308.000.000) 2025-01-28 23:16:02 Job submitted from host: <192.168.0.102:9618?addrs=192.168.0.102-9618&alias=submitter&noUDP&sock=schedd_2032_5c88>
...
014 (289308.000.000) 2025-01-28 23:16:06 Node 0 executing on host: <192.168.0.114:9618?addrs=192.168.0.114-9618&alias=node114.di.rm1&noUDP&sock=startd_2075_db1b>
...
014 (289308.000.003) 2025-01-28 23:16:06 Node 3 executing on host: <192.168.0.135:9618?addrs=192.168.0.135-9618&alias=node135.di.rm1&noUDP&sock=startd_2000_6980>
...
014 (289308.000.007) 2025-01-28 23:16:06 Node 7 executing on host: <192.168.0.135:9618?addrs=192.168.0.135-9618&alias=node135.di.rm1&noUDP&sock=startd_2000_6980>
...
014 (289308.000.005) 2025-01-28 23:16:06 Node 5 executing on host: <192.168.0.145:9618?addrs=192.168.0.145-9618&alias=node145.di.rm1&noUDP&sock=startd_1869_8e98>
...
014 (289308.000.002) 2025-01-28 23:16:06 Node 2 executing on host: <192.168.0.105:9618?addrs=192.168.0.105-9618&alias=node105.di.rm1&noUDP&sock=startd_1951_cd5c>
...
014 (289308.000.004) 2025-01-28 23:16:06 Node 4 executing on host: <192.168.0.115:9618?addrs=192.168.0.115-9618&alias=node115.di.rm1&noUDP&sock=startd_1101621_f4a0>
...
014 (289308.000.006) 2025-01-28 23:16:06 Node 6 executing on host: <192.168.0.120:9618?addrs=192.168.0.120-9618&alias=node120.di.rm1&noUDP&sock=startd_2096_4298>
...
014 (289308.000.001) 2025-01-28 23:16:06 Node 1 executing on host: <192.168.0.123:9618?addrs=192.168.0.123-9618&alias=node123.di.rm1&noUDP&sock=startd_2149_9d1d>
...
001 (289308.000.000) 2025-01-28 23:16:06 Job executing on host: MPI_job
...
008 (289308.000.000) 2025-01-28 23:16:08 Launching orted on Node 7 of 8
...
008 (289308.000.000) 2025-01-28 23:16:08 Launching orted on Node 3 of 8
...
008 (289308.000.000) 2025-01-28 23:16:08 Launching orted on Node 0 of 8
...
008 (289308.000.000) 2025-01-28 23:16:08 Launching orted on Node 5 of 8
...
008 (289308.000.000) 2025-01-28 23:16:08 Launching orted on Node 2 of 8
...
008 (289308.000.000) 2025-01-28 23:16:08 Launching orted on Node 6 of 8
...
008 (289308.000.000) 2025-01-28 23:16:08 Launching orted on Node 4 of 8
...
008 (289308.000.000) 2025-01-28 23:16:08 Launching orted on Node 1 of 8
...
008 (289308.000.000) 2025-01-28 23:16:42 orted exited on Node 2 of 8
...
008 (289308.000.000) 2025-01-28 23:16:42 orted exited on Node 0 of 8
...
008 (289308.000.000) 2025-01-28 23:16:42 orted exited on Node 1 of 8
...
008 (289308.000.000) 2025-01-28 23:16:42 orted exited on Node 3 of 8
...
008 (289308.000.000) 2025-01-28 23:16:42 orted exited on Node 4 of 8
...
008 (289308.000.000) 2025-01-28 23:16:42 orted exited on Node 5 of 8
...
008 (289308.000.000) 2025-01-28 23:16:42 orted exited on Node 6 of 8
...
008 (289308.000.000) 2025-01-28 23:16:42 orted exited on Node 7 of 8
...
015 (289308.000.007) 2025-01-28 23:16:42 Node 7 terminated.
	(1) Normal termination (return value 0)
		Usr 0 00:00:33, Sys 0 00:00:00  -  Run Remote Usage
		Usr 0 00:00:00, Sys 0 00:00:00  -  Run Local Usage
		Usr 0 00:00:33, Sys 0 00:00:00  -  Total Remote Usage
		Usr 0 00:00:00, Sys 0 00:00:00  -  Total Local Usage
	2165  -  Run Bytes Sent By Node
	33711  -  Run Bytes Received By Node
	2165  -  Total Bytes Sent By Node
	33711  -  Total Bytes Received By Node
...
015 (289308.000.000) 2025-01-28 23:16:42 Node 0 terminated.
	(1) Normal termination (return value 0)
		Usr 0 00:00:00, Sys 0 00:00:00  -  Run Remote Usage
		Usr 0 00:00:00, Sys 0 00:00:00  -  Run Local Usage
		Usr 0 00:00:00, Sys 0 00:00:00  -  Total Remote Usage
		Usr 0 00:00:00, Sys 0 00:00:00  -  Total Local Usage
	3264  -  Run Bytes Sent By Node
	33711  -  Run Bytes Received By Node
	3264  -  Total Bytes Sent By Node
	33711  -  Total Bytes Received By Node
...
005 (289308.000.000) 2025-01-28 23:16:42 Job terminated.
	(1) Normal termination (return value 0)
		Usr 0 00:03:51, Sys 0 00:00:03  -  Run Remote Usage
		Usr 0 00:00:00, Sys 0 00:00:00  -  Run Local Usage
		Usr 0 00:00:00, Sys 0 00:00:00  -  Total Remote Usage
		Usr 0 00:00:00, Sys 0 00:00:00  -  Total Local Usage
	9781  -  Run Bytes Sent By Job
	269688  -  Run Bytes Received By Job
	9781  -  Total Bytes Sent By Job
	269688  -  Total Bytes Received By Job
	Partitionable Resources :    Usage  Request Allocated 
	   Cpus                 :                 1         2 
	   Disk (KB)            :       51       35 102671250 
	   Memory (MB)          :       26        1    100096 

	Job terminated of its own accord at 2025-01-28T23:16:42Z with exit-code 0.
...
