000 (274188.000.000) 2025-01-23 11:40:36 Job submitted from host: <192.168.0.102:9618?addrs=192.168.0.102-9618&alias=submitter&noUDP&sock=schedd_2032_5c88>
...
014 (274188.000.003) 2025-01-23 11:40:43 Node 3 executing on host: <192.168.0.106:9618?addrs=192.168.0.106-9618&alias=node106.di.rm1&noUDP&sock=startd_1970_d5a9>
...
014 (274188.000.000) 2025-01-23 11:40:43 Node 0 executing on host: <192.168.0.147:9618?addrs=192.168.0.147-9618&alias=node147.di.rm1&noUDP&sock=startd_1513_5ee1>
...
014 (274188.000.002) 2025-01-23 11:40:43 Node 2 executing on host: <192.168.0.151:9618?addrs=192.168.0.151-9618&alias=node151.di.rm1&noUDP&sock=startd_1528_a8cd>
...
014 (274188.000.001) 2025-01-23 11:40:43 Node 1 executing on host: <192.168.0.112:9618?addrs=192.168.0.112-9618&alias=node112.di.rm1&noUDP&sock=startd_2169_5502>
...
001 (274188.000.000) 2025-01-23 11:40:43 Job executing on host: MPI_job
...
008 (274188.000.000) 2025-01-23 11:40:45 Launching orted on Node 3 of 4
...
008 (274188.000.000) 2025-01-23 11:40:46 Launching orted on Node 0 of 4
...
008 (274188.000.000) 2025-01-23 11:40:46 Launching orted on Node 2 of 4
...
008 (274188.000.000) 2025-01-23 11:40:46 Launching orted on Node 1 of 4
...
008 (274188.000.000) 2025-01-23 11:41:17 Node 0 caught SIGTERM, cleaning up mpirun
...
004 (274188.000.000) 2025-01-23 11:41:18 Job was evicted.
	(0) CPU times
		Usr 0 00:00:46, Sys 0 00:00:00  -  Run Remote Usage
		Usr 0 00:00:00, Sys 0 00:00:00  -  Run Local Usage
	0  -  Run Bytes Sent By Job
	134556  -  Run Bytes Received By Job
	Partitionable Resources :    Usage  Request Allocated 
	   Cpus                 :                 1         2 
	   Disk (KB)            :     8520       35 102887082 
	   Memory (MB)          :       26     1616    100096 
...
009 (274188.000.000) 2025-01-23 11:41:18 Job was aborted.
	via condor_rm (by user calzona_2046920)
...
000 (278925.000.000) 2025-01-24 09:44:19 Job submitted from host: <192.168.0.102:9618?addrs=192.168.0.102-9618&alias=submitter&noUDP&sock=schedd_2032_5c88>
...
014 (278925.000.000) 2025-01-24 09:44:27 Node 0 executing on host: <192.168.0.105:9618?addrs=192.168.0.105-9618&alias=node105.di.rm1&noUDP&sock=startd_1951_cd5c>
...
014 (278925.000.001) 2025-01-24 09:44:27 Node 1 executing on host: <192.168.0.105:9618?addrs=192.168.0.105-9618&alias=node105.di.rm1&noUDP&sock=startd_1951_cd5c>
...
014 (278925.000.002) 2025-01-24 09:44:27 Node 2 executing on host: <192.168.0.149:9618?addrs=192.168.0.149-9618&alias=node149.di.rm1&noUDP&sock=startd_1551_6f7a>
...
014 (278925.000.003) 2025-01-24 09:44:27 Node 3 executing on host: <192.168.0.149:9618?addrs=192.168.0.149-9618&alias=node149.di.rm1&noUDP&sock=startd_1551_6f7a>
...
001 (278925.000.000) 2025-01-24 09:44:27 Job executing on host: MPI_job
...
008 (278925.000.000) 2025-01-24 09:44:30 Launching orted on Node 0 of 4
...
008 (278925.000.000) 2025-01-24 09:44:30 Launching orted on Node 1 of 4
...
008 (278925.000.000) 2025-01-24 09:44:30 Launching orted on Node 2 of 4
...
008 (278925.000.000) 2025-01-24 09:44:30 Launching orted on Node 3 of 4
...
008 (278925.000.000) 2025-01-24 09:45:40 orted exited on Node 2 of 4
...
008 (278925.000.000) 2025-01-24 09:45:40 orted exited on Node 3 of 4
...
008 (278925.000.000) 2025-01-24 09:45:40 orted exited on Node 0 of 4
...
008 (278925.000.000) 2025-01-24 09:45:40 orted exited on Node 1 of 4
...
015 (278925.000.002) 2025-01-24 09:45:40 Node 2 terminated.
	(1) Normal termination (return value 0)
		Usr 0 00:01:07, Sys 0 00:00:03  -  Run Remote Usage
		Usr 0 00:00:00, Sys 0 00:00:00  -  Run Local Usage
		Usr 0 00:01:07, Sys 0 00:00:03  -  Total Remote Usage
		Usr 0 00:00:00, Sys 0 00:00:00  -  Total Local Usage
	2165  -  Run Bytes Sent By Node
	33639  -  Run Bytes Received By Node
	2165  -  Total Bytes Sent By Node
	33639  -  Total Bytes Received By Node
...
015 (278925.000.003) 2025-01-24 09:45:40 Node 3 terminated.
	(1) Normal termination (return value 0)
		Usr 0 00:01:07, Sys 0 00:00:02  -  Run Remote Usage
		Usr 0 00:00:00, Sys 0 00:00:00  -  Run Local Usage
		Usr 0 00:01:07, Sys 0 00:00:02  -  Total Remote Usage
		Usr 0 00:00:00, Sys 0 00:00:00  -  Total Local Usage
	2165  -  Run Bytes Sent By Node
	33639  -  Run Bytes Received By Node
	2165  -  Total Bytes Sent By Node
	33639  -  Total Bytes Received By Node
...
015 (278925.000.000) 2025-01-24 09:45:41 Node 0 terminated.
	(1) Normal termination (return value 0)
		Usr 0 00:00:00, Sys 0 00:00:00  -  Run Remote Usage
		Usr 0 00:00:00, Sys 0 00:00:00  -  Run Local Usage
		Usr 0 00:00:00, Sys 0 00:00:00  -  Total Remote Usage
		Usr 0 00:00:00, Sys 0 00:00:00  -  Total Local Usage
	3264  -  Run Bytes Sent By Node
	33639  -  Run Bytes Received By Node
	3264  -  Total Bytes Sent By Node
	33639  -  Total Bytes Received By Node
...
015 (278925.000.001) 2025-01-24 09:45:41 Node 1 terminated.
	(1) Normal termination (return value 0)
		Usr 0 00:01:10, Sys 0 00:00:00  -  Run Remote Usage
		Usr 0 00:00:00, Sys 0 00:00:00  -  Run Local Usage
		Usr 0 00:01:10, Sys 0 00:00:00  -  Total Remote Usage
		Usr 0 00:00:00, Sys 0 00:00:00  -  Total Local Usage
	0  -  Run Bytes Sent By Node
	33639  -  Run Bytes Received By Node
	0  -  Total Bytes Sent By Node
	33639  -  Total Bytes Received By Node
...
005 (278925.000.000) 2025-01-24 09:45:41 Job terminated.
	(1) Normal termination (return value 0)
		Usr 0 00:03:24, Sys 0 00:00:05  -  Run Remote Usage
		Usr 0 00:00:00, Sys 0 00:00:00  -  Run Local Usage
		Usr 0 00:00:00, Sys 0 00:00:00  -  Total Remote Usage
		Usr 0 00:00:00, Sys 0 00:00:00  -  Total Local Usage
	7594  -  Run Bytes Sent By Job
	134556  -  Run Bytes Received By Job
	7594  -  Total Bytes Sent By Job
	134556  -  Total Bytes Received By Job
	Partitionable Resources :    Usage  Request Allocated 
	   Cpus                 :     1.00        1         1 
	   Disk (KB)            :    55          35    472026 
	   Memory (MB)          :    25        1981     20480 

	Job terminated of its own accord at 2025-01-24T09:45:40Z with exit-code 0.
...
000 (287225.000.000) 2025-01-28 16:40:06 Job submitted from host: <192.168.0.102:9618?addrs=192.168.0.102-9618&alias=submitter&noUDP&sock=schedd_2032_5c88>
...
014 (287225.000.003) 2025-01-28 16:40:13 Node 3 executing on host: <192.168.0.151:9618?addrs=192.168.0.151-9618&alias=node151.di.rm1&noUDP&sock=startd_1528_a8cd>
...
014 (287225.000.001) 2025-01-28 16:40:13 Node 1 executing on host: <192.168.0.141:9618?addrs=192.168.0.141-9618&alias=node141.di.rm1&noUDP&sock=startd_2077_3a4b>
...
014 (287225.000.002) 2025-01-28 16:40:13 Node 2 executing on host: <192.168.0.147:9618?addrs=192.168.0.147-9618&alias=node147.di.rm1&noUDP&sock=startd_1513_5ee1>
...
014 (287225.000.000) 2025-01-28 16:40:13 Node 0 executing on host: <192.168.0.111:9618?addrs=192.168.0.111-9618&alias=node111.di.rm1&noUDP&sock=startd_2044_97ab>
...
001 (287225.000.000) 2025-01-28 16:40:13 Job executing on host: MPI_job
...
008 (287225.000.000) 2025-01-28 16:40:15 Launching orted on Node 3 of 4
...
008 (287225.000.000) 2025-01-28 16:40:15 Launching orted on Node 2 of 4
...
008 (287225.000.000) 2025-01-28 16:40:16 Launching orted on Node 1 of 4
...
008 (287225.000.000) 2025-01-28 16:40:16 Launching orted on Node 0 of 4
...
008 (287225.000.000) 2025-01-28 16:41:23 orted exited on Node 2 of 4
...
008 (287225.000.000) 2025-01-28 16:41:23 orted exited on Node 3 of 4
...
008 (287225.000.000) 2025-01-28 16:41:23 orted exited on Node 1 of 4
...
008 (287225.000.000) 2025-01-28 16:41:23 orted exited on Node 0 of 4
...
015 (287225.000.003) 2025-01-28 16:41:23 Node 3 terminated.
	(1) Normal termination (return value 0)
		Usr 0 00:01:05, Sys 0 00:00:02  -  Run Remote Usage
		Usr 0 00:00:00, Sys 0 00:00:00  -  Run Local Usage
		Usr 0 00:01:05, Sys 0 00:00:02  -  Total Remote Usage
		Usr 0 00:00:00, Sys 0 00:00:00  -  Total Local Usage
	2165  -  Run Bytes Sent By Node
	33591  -  Run Bytes Received By Node
	2165  -  Total Bytes Sent By Node
	33591  -  Total Bytes Received By Node
...
015 (287225.000.001) 2025-01-28 16:41:23 Node 1 terminated.
	(1) Normal termination (return value 0)
		Usr 0 00:01:05, Sys 0 00:00:02  -  Run Remote Usage
		Usr 0 00:00:00, Sys 0 00:00:00  -  Run Local Usage
		Usr 0 00:01:05, Sys 0 00:00:02  -  Total Remote Usage
		Usr 0 00:00:00, Sys 0 00:00:00  -  Total Local Usage
	2165  -  Run Bytes Sent By Node
	33591  -  Run Bytes Received By Node
	2165  -  Total Bytes Sent By Node
	33591  -  Total Bytes Received By Node
...
015 (287225.000.002) 2025-01-28 16:41:23 Node 2 terminated.
	(1) Normal termination (return value 0)
		Usr 0 00:01:04, Sys 0 00:00:01  -  Run Remote Usage
		Usr 0 00:00:00, Sys 0 00:00:00  -  Run Local Usage
		Usr 0 00:01:04, Sys 0 00:00:01  -  Total Remote Usage
		Usr 0 00:00:00, Sys 0 00:00:00  -  Total Local Usage
	2165  -  Run Bytes Sent By Node
	33591  -  Run Bytes Received By Node
	2165  -  Total Bytes Sent By Node
	33591  -  Total Bytes Received By Node
...
015 (287225.000.000) 2025-01-28 16:41:23 Node 0 terminated.
	(1) Normal termination (return value 0)
		Usr 0 00:00:06, Sys 0 00:00:00  -  Run Remote Usage
		Usr 0 00:00:00, Sys 0 00:00:00  -  Run Local Usage
		Usr 0 00:00:06, Sys 0 00:00:00  -  Total Remote Usage
		Usr 0 00:00:00, Sys 0 00:00:00  -  Total Local Usage
	3774  -  Run Bytes Sent By Node
	33591  -  Run Bytes Received By Node
	3774  -  Total Bytes Sent By Node
	33591  -  Total Bytes Received By Node
...
005 (287225.000.000) 2025-01-28 16:41:23 Job terminated.
	(1) Normal termination (return value 0)
		Usr 0 00:03:20, Sys 0 00:00:05  -  Run Remote Usage
		Usr 0 00:00:00, Sys 0 00:00:00  -  Run Local Usage
		Usr 0 00:00:01, Sys 0 00:00:00  -  Total Remote Usage
		Usr 0 00:00:00, Sys 0 00:00:00  -  Total Local Usage
	10269  -  Run Bytes Sent By Job
	134364  -  Run Bytes Received By Job
	10269  -  Total Bytes Sent By Job
	134364  -  Total Bytes Received By Job
	Partitionable Resources :    Usage  Request Allocated 
	   Cpus                 :                 1         1 
	   Disk (KB)            :       52       35    468058 
	   GPUs                 :                           2 
	   Memory (MB)          :       30     5416     20480 

	Job terminated of its own accord at 2025-01-28T16:41:23Z with exit-code 0.
...
