000 (262192.000.000) 2025-01-16 18:01:03 Job submitted from host: <192.168.0.102:9618?addrs=192.168.0.102-9618&alias=submitter&noUDP&sock=schedd_2032_5c88>
...
001 (262192.000.000) 2025-01-16 18:01:19 Job executing on host: <192.168.0.105:9618?addrs=192.168.0.105-9618&alias=node105.di.rm1&noUDP&sock=startd_1951_cd5c>
...
006 (262192.000.000) 2025-01-16 18:01:27 Image size of job updated: 1247076
	466  -  MemoryUsage of job (MB)
	476916  -  ResidentSetSize of job (KB)
...
006 (262192.000.000) 2025-01-16 18:06:27 Image size of job updated: 17258604
	16855  -  MemoryUsage of job (MB)
	17258604  -  ResidentSetSize of job (KB)
...
006 (262192.000.000) 2025-01-16 18:07:27 Image size of job updated: 19369900
	16855  -  MemoryUsage of job (MB)
	17258604  -  ResidentSetSize of job (KB)
...
005 (262192.000.000) 2025-01-16 18:07:27 Job terminated.
	(1) Normal termination (return value 0)
		Usr 0 00:09:48, Sys 0 00:00:28  -  Run Remote Usage
		Usr 0 00:00:00, Sys 0 00:00:00  -  Run Local Usage
		Usr 0 00:09:48, Sys 0 00:00:28  -  Total Remote Usage
		Usr 0 00:00:00, Sys 0 00:00:00  -  Total Local Usage
	0  -  Run Bytes Sent By Job
	0  -  Run Bytes Received By Job
	0  -  Total Bytes Sent By Job
	0  -  Total Bytes Received By Job
	Partitionable Resources :    Usage  Request Allocated 
	   Cpus                 :     1.00        1         1 
	   Disk (KB)            :    27          27    472026 
	   Memory (MB)          : 16855           1       128 

	Job terminated of its own accord at 2025-01-16T18:07:27Z with exit-code 0.
...
