000 (272944.000.000) 2025-01-23 10:16:54 Job submitted from host: <192.168.0.102:9618?addrs=192.168.0.102-9618&alias=submitter&noUDP&sock=schedd_2032_5c88>
...
014 (272944.000.002) 2025-01-23 10:16:59 Node 2 executing on host: <192.168.0.105:9618?addrs=192.168.0.105-9618&alias=node105.di.rm1&noUDP&sock=startd_1951_cd5c>
...
014 (272944.000.001) 2025-01-23 10:16:59 Node 1 executing on host: <192.168.0.134:9618?addrs=192.168.0.134-9618&alias=node134.di.rm1&noUDP&sock=startd_2073_7bea>
...
014 (272944.000.003) 2025-01-23 10:16:59 Node 3 executing on host: <192.168.0.124:9618?addrs=192.168.0.124-9618&alias=node124.di.rm1&noUDP&sock=startd_2143_7f8b>
...
014 (272944.000.000) 2025-01-23 10:16:59 Node 0 executing on host: <192.168.0.123:9618?addrs=192.168.0.123-9618&alias=node123.di.rm1&noUDP&sock=startd_2149_9d1d>
...
001 (272944.000.000) 2025-01-23 10:16:59 Job executing on host: MPI_job
...
008 (272944.000.000) 2025-01-23 10:17:01 Launching orted on Node 2 of 4
...
008 (272944.000.000) 2025-01-23 10:17:01 Launching orted on Node 1 of 4
...
008 (272944.000.000) 2025-01-23 10:17:01 Launching orted on Node 3 of 4
...
008 (272944.000.000) 2025-01-23 10:17:02 Launching orted on Node 0 of 4
...
008 (272944.000.000) 2025-01-23 10:17:05 orted exited on Node 1 of 4
...
008 (272944.000.000) 2025-01-23 10:17:05 orted exited on Node 2 of 4
...
008 (272944.000.000) 2025-01-23 10:17:05 orted exited on Node 3 of 4
...
008 (272944.000.000) 2025-01-23 10:17:05 orted exited on Node 0 of 4
...
015 (272944.000.002) 2025-01-23 10:17:05 Node 2 terminated.
	(1) Normal termination (return value 0)
		Usr 0 00:00:03, Sys 0 00:00:00  -  Run Remote Usage
		Usr 0 00:00:00, Sys 0 00:00:00  -  Run Local Usage
		Usr 0 00:00:03, Sys 0 00:00:00  -  Total Remote Usage
		Usr 0 00:00:00, Sys 0 00:00:00  -  Total Local Usage
	2165  -  Run Bytes Sent By Node
	33639  -  Run Bytes Received By Node
	2165  -  Total Bytes Sent By Node
	33639  -  Total Bytes Received By Node
...
015 (272944.000.000) 2025-01-23 10:17:05 Node 0 terminated.
	(1) Normal termination (return value 0)
		Usr 0 00:00:00, Sys 0 00:00:00  -  Run Remote Usage
		Usr 0 00:00:00, Sys 0 00:00:00  -  Run Local Usage
		Usr 0 00:00:00, Sys 0 00:00:00  -  Total Remote Usage
		Usr 0 00:00:00, Sys 0 00:00:00  -  Total Local Usage
	3306  -  Run Bytes Sent By Node
	33639  -  Run Bytes Received By Node
	3306  -  Total Bytes Sent By Node
	33639  -  Total Bytes Received By Node
...
005 (272944.000.000) 2025-01-23 10:17:05 Job terminated.
	(1) Normal termination (return value 0)
		Usr 0 00:00:08, Sys 0 00:00:02  -  Run Remote Usage
		Usr 0 00:00:00, Sys 0 00:00:00  -  Run Local Usage
		Usr 0 00:00:00, Sys 0 00:00:00  -  Total Remote Usage
		Usr 0 00:00:00, Sys 0 00:00:00  -  Total Local Usage
	5471  -  Run Bytes Sent By Job
	134556  -  Run Bytes Received By Job
	5471  -  Total Bytes Sent By Job
	134556  -  Total Bytes Received By Job
	Partitionable Resources :    Usage  Request Allocated 
	   Cpus                 :                 1         1 
	   Disk (KB)            :       51       35  21495658 
	   GPUs                 :                           1 
	   Memory (MB)          :        0        0     20480 

	Job terminated of its own accord at 2025-01-23T10:17:05Z with exit-code 0.
...
000 (273019.000.000) 2025-01-23 10:22:14 Job submitted from host: <192.168.0.102:9618?addrs=192.168.0.102-9618&alias=submitter&noUDP&sock=schedd_2032_5c88>
...
014 (273019.000.003) 2025-01-23 10:22:16 Node 3 executing on host: <192.168.0.134:9618?addrs=192.168.0.134-9618&alias=node134.di.rm1&noUDP&sock=startd_2073_7bea>
...
014 (273019.000.001) 2025-01-23 10:22:16 Node 1 executing on host: <192.168.0.123:9618?addrs=192.168.0.123-9618&alias=node123.di.rm1&noUDP&sock=startd_2149_9d1d>
...
014 (273019.000.002) 2025-01-23 10:22:16 Node 2 executing on host: <192.168.0.124:9618?addrs=192.168.0.124-9618&alias=node124.di.rm1&noUDP&sock=startd_2143_7f8b>
...
014 (273019.000.000) 2025-01-23 10:22:16 Node 0 executing on host: <192.168.0.149:9618?addrs=192.168.0.149-9618&alias=node149.di.rm1&noUDP&sock=startd_1551_6f7a>
...
001 (273019.000.000) 2025-01-23 10:22:16 Job executing on host: MPI_job
...
008 (273019.000.000) 2025-01-23 10:22:18 Launching orted on Node 3 of 4
...
008 (273019.000.000) 2025-01-23 10:22:18 Launching orted on Node 1 of 4
...
008 (273019.000.000) 2025-01-23 10:22:18 Launching orted on Node 2 of 4
...
008 (273019.000.000) 2025-01-23 10:22:18 Launching orted on Node 0 of 4
...
008 (273019.000.000) 2025-01-23 10:22:21 orted exited on Node 0 of 4
...
008 (273019.000.000) 2025-01-23 10:22:21 orted exited on Node 3 of 4
...
008 (273019.000.000) 2025-01-23 10:22:21 orted exited on Node 1 of 4
...
008 (273019.000.000) 2025-01-23 10:22:21 orted exited on Node 2 of 4
...
015 (273019.000.003) 2025-01-23 10:22:21 Node 3 terminated.
	(1) Normal termination (return value 0)
		Usr 0 00:00:02, Sys 0 00:00:00  -  Run Remote Usage
		Usr 0 00:00:00, Sys 0 00:00:00  -  Run Local Usage
		Usr 0 00:00:02, Sys 0 00:00:00  -  Total Remote Usage
		Usr 0 00:00:00, Sys 0 00:00:00  -  Total Local Usage
	2165  -  Run Bytes Sent By Node
	33639  -  Run Bytes Received By Node
	2165  -  Total Bytes Sent By Node
	33639  -  Total Bytes Received By Node
...
015 (273019.000.001) 2025-01-23 10:22:21 Node 1 terminated.
	(1) Normal termination (return value 0)
		Usr 0 00:00:03, Sys 0 00:00:00  -  Run Remote Usage
		Usr 0 00:00:00, Sys 0 00:00:00  -  Run Local Usage
		Usr 0 00:00:03, Sys 0 00:00:00  -  Total Remote Usage
		Usr 0 00:00:00, Sys 0 00:00:00  -  Total Local Usage
	2187  -  Run Bytes Sent By Node
	33639  -  Run Bytes Received By Node
	2187  -  Total Bytes Sent By Node
	33639  -  Total Bytes Received By Node
...
015 (273019.000.002) 2025-01-23 10:22:21 Node 2 terminated.
	(1) Normal termination (return value 0)
		Usr 0 00:00:02, Sys 0 00:00:00  -  Run Remote Usage
		Usr 0 00:00:00, Sys 0 00:00:00  -  Run Local Usage
		Usr 0 00:00:02, Sys 0 00:00:00  -  Total Remote Usage
		Usr 0 00:00:00, Sys 0 00:00:00  -  Total Local Usage
	2187  -  Run Bytes Sent By Node
	33639  -  Run Bytes Received By Node
	2187  -  Total Bytes Sent By Node
	33639  -  Total Bytes Received By Node
...
015 (273019.000.000) 2025-01-23 10:22:21 Node 0 terminated.
	(1) Normal termination (return value 0)
		Usr 0 00:00:00, Sys 0 00:00:00  -  Run Remote Usage
		Usr 0 00:00:00, Sys 0 00:00:00  -  Run Local Usage
		Usr 0 00:00:00, Sys 0 00:00:00  -  Total Remote Usage
		Usr 0 00:00:00, Sys 0 00:00:00  -  Total Local Usage
	3728  -  Run Bytes Sent By Node
	33639  -  Run Bytes Received By Node
	3728  -  Total Bytes Sent By Node
	33639  -  Total Bytes Received By Node
...
005 (273019.000.000) 2025-01-23 10:22:21 Job terminated.
	(1) Normal termination (return value 0)
		Usr 0 00:00:07, Sys 0 00:00:00  -  Run Remote Usage
		Usr 0 00:00:00, Sys 0 00:00:00  -  Run Local Usage
		Usr 0 00:00:00, Sys 0 00:00:00  -  Total Remote Usage
		Usr 0 00:00:00, Sys 0 00:00:00  -  Total Local Usage
	10267  -  Run Bytes Sent By Job
	134556  -  Run Bytes Received By Job
	10267  -  Total Bytes Sent By Job
	134556  -  Total Bytes Received By Job
	Partitionable Resources :    Usage  Request Allocated 
	   Cpus                 :                 1         2 
	   Disk (KB)            :       50       35 102883670 
	   Memory (MB)          :        1        0    100096 

	Job terminated of its own accord at 2025-01-23T10:22:21Z with exit-code 0.
...
000 (273972.000.000) 2025-01-23 11:29:18 Job submitted from host: <192.168.0.102:9618?addrs=192.168.0.102-9618&alias=submitter&noUDP&sock=schedd_2032_5c88>
...
014 (273972.000.000) 2025-01-23 11:29:21 Node 0 executing on host: <192.168.0.114:9618?addrs=192.168.0.114-9618&alias=node114.di.rm1&noUDP&sock=startd_2075_db1b>
...
014 (273972.000.003) 2025-01-23 11:29:21 Node 3 executing on host: <192.168.0.113:9618?addrs=192.168.0.113-9618&alias=node113.di.rm1&noUDP&sock=startd_3668932_c305>
...
014 (273972.000.001) 2025-01-23 11:29:21 Node 1 executing on host: <192.168.0.141:9618?addrs=192.168.0.141-9618&alias=node141.di.rm1&noUDP&sock=startd_2077_3a4b>
...
014 (273972.000.002) 2025-01-23 11:29:21 Node 2 executing on host: <192.168.0.124:9618?addrs=192.168.0.124-9618&alias=node124.di.rm1&noUDP&sock=startd_2143_7f8b>
...
001 (273972.000.000) 2025-01-23 11:29:21 Job executing on host: MPI_job
...
008 (273972.000.000) 2025-01-23 11:29:23 Launching orted on Node 0 of 4
...
008 (273972.000.000) 2025-01-23 11:29:23 Launching orted on Node 3 of 4
...
008 (273972.000.000) 2025-01-23 11:29:23 Launching orted on Node 2 of 4
...
008 (273972.000.000) 2025-01-23 11:29:23 Launching orted on Node 1 of 4
...
008 (273972.000.000) 2025-01-23 11:29:26 orted exited on Node 2 of 4
...
008 (273972.000.000) 2025-01-23 11:29:26 orted exited on Node 3 of 4
...
008 (273972.000.000) 2025-01-23 11:29:26 orted exited on Node 0 of 4
...
008 (273972.000.000) 2025-01-23 11:29:26 orted exited on Node 1 of 4
...
015 (273972.000.003) 2025-01-23 11:29:26 Node 3 terminated.
	(1) Normal termination (return value 0)
		Usr 0 00:00:02, Sys 0 00:00:00  -  Run Remote Usage
		Usr 0 00:00:00, Sys 0 00:00:00  -  Run Local Usage
		Usr 0 00:00:02, Sys 0 00:00:00  -  Total Remote Usage
		Usr 0 00:00:00, Sys 0 00:00:00  -  Total Local Usage
	2187  -  Run Bytes Sent By Node
	33639  -  Run Bytes Received By Node
	2187  -  Total Bytes Sent By Node
	33639  -  Total Bytes Received By Node
...
015 (273972.000.000) 2025-01-23 11:29:26 Node 0 terminated.
	(1) Normal termination (return value 0)
		Usr 0 00:00:00, Sys 0 00:00:00  -  Run Remote Usage
		Usr 0 00:00:00, Sys 0 00:00:00  -  Run Local Usage
		Usr 0 00:00:00, Sys 0 00:00:00  -  Total Remote Usage
		Usr 0 00:00:00, Sys 0 00:00:00  -  Total Local Usage
	3262  -  Run Bytes Sent By Node
	33639  -  Run Bytes Received By Node
	3262  -  Total Bytes Sent By Node
	33639  -  Total Bytes Received By Node
...
005 (273972.000.000) 2025-01-23 11:29:26 Job terminated.
	(1) Normal termination (return value 0)
		Usr 0 00:00:06, Sys 0 00:00:00  -  Run Remote Usage
		Usr 0 00:00:00, Sys 0 00:00:00  -  Run Local Usage
		Usr 0 00:00:00, Sys 0 00:00:00  -  Total Remote Usage
		Usr 0 00:00:00, Sys 0 00:00:00  -  Total Local Usage
	5449  -  Run Bytes Sent By Job
	134556  -  Run Bytes Received By Job
	5449  -  Total Bytes Sent By Job
	134556  -  Total Bytes Received By Job
	Partitionable Resources :    Usage  Request Allocated 
	   Cpus                 :                 1         2 
	   Disk (KB)            :       49       35 102671250 
	   Memory (MB)          :        1        0    100096 

	Job terminated of its own accord at 2025-01-23T11:29:26Z with exit-code 0.
...
