000 (282342.000.000) 2025-01-26 17:05:40 Job submitted from host: <192.168.0.102:9618?addrs=192.168.0.102-9618&alias=submitter&noUDP&sock=schedd_2032_5c88>
...
014 (282342.000.000) 2025-01-26 17:05:49 Node 0 executing on host: <192.168.0.106:9618?addrs=192.168.0.106-9618&alias=node106.di.rm1&noUDP&sock=startd_1970_d5a9>
...
014 (282342.000.002) 2025-01-26 17:05:49 Node 2 executing on host: <192.168.0.140:9618?addrs=192.168.0.140-9618&alias=node140.di.rm1&noUDP&sock=startd_1890_f615>
...
014 (282342.000.003) 2025-01-26 17:05:49 Node 3 executing on host: <192.168.0.116:9618?addrs=192.168.0.116-9618&alias=node116.di.rm1&noUDP&sock=startd_1847_7783>
...
014 (282342.000.006) 2025-01-26 17:05:49 Node 6 executing on host: <192.168.0.120:9618?addrs=192.168.0.120-9618&alias=node120.di.rm1&noUDP&sock=startd_2096_4298>
...
014 (282342.000.001) 2025-01-26 17:05:50 Node 1 executing on host: <192.168.0.145:9618?addrs=192.168.0.145-9618&alias=node145.di.rm1&noUDP&sock=startd_1869_8e98>
...
014 (282342.000.004) 2025-01-26 17:05:50 Node 4 executing on host: <192.168.0.145:9618?addrs=192.168.0.145-9618&alias=node145.di.rm1&noUDP&sock=startd_1869_8e98>
...
014 (282342.000.007) 2025-01-26 17:05:50 Node 7 executing on host: <192.168.0.143:9618?addrs=192.168.0.143-9618&alias=node143.di.rm1&noUDP&sock=startd_2061_40c7>
...
014 (282342.000.005) 2025-01-26 17:05:50 Node 5 executing on host: <192.168.0.141:9618?addrs=192.168.0.141-9618&alias=node141.di.rm1&noUDP&sock=startd_2077_3a4b>
...
001 (282342.000.000) 2025-01-26 17:05:50 Job executing on host: MPI_job
...
008 (282342.000.000) 2025-01-26 17:05:52 Launching orted on Node 3 of 8
...
008 (282342.000.000) 2025-01-26 17:05:52 Launching orted on Node 0 of 8
...
008 (282342.000.000) 2025-01-26 17:05:52 Launching orted on Node 2 of 8
...
008 (282342.000.000) 2025-01-26 17:05:52 Launching orted on Node 6 of 8
...
008 (282342.000.000) 2025-01-26 17:05:52 Launching orted on Node 7 of 8
...
008 (282342.000.000) 2025-01-26 17:05:53 Launching orted on Node 1 of 8
...
008 (282342.000.000) 2025-01-26 17:05:53 Launching orted on Node 4 of 8
...
008 (282342.000.000) 2025-01-26 17:05:54 Launching orted on Node 5 of 8
...
008 (282342.000.000) 2025-01-26 17:05:56 orted exited on Node 3 of 8
...
008 (282342.000.000) 2025-01-26 17:05:56 orted exited on Node 2 of 8
...
008 (282342.000.000) 2025-01-26 17:05:56 orted exited on Node 5 of 8
...
008 (282342.000.000) 2025-01-26 17:05:56 orted exited on Node 0 of 8
...
008 (282342.000.000) 2025-01-26 17:05:56 orted exited on Node 6 of 8
...
008 (282342.000.000) 2025-01-26 17:05:56 orted exited on Node 7 of 8
...
008 (282342.000.000) 2025-01-26 17:05:56 orted exited on Node 1 of 8
...
008 (282342.000.000) 2025-01-26 17:05:56 orted exited on Node 4 of 8
...
015 (282342.000.003) 2025-01-26 17:05:56 Node 3 terminated.
	(1) Normal termination (return value 0)
		Usr 0 00:00:01, Sys 0 00:00:00  -  Run Remote Usage
		Usr 0 00:00:00, Sys 0 00:00:00  -  Run Local Usage
		Usr 0 00:00:01, Sys 0 00:00:00  -  Total Remote Usage
		Usr 0 00:00:00, Sys 0 00:00:00  -  Total Local Usage
	2165  -  Run Bytes Sent By Node
	33711  -  Run Bytes Received By Node
	2165  -  Total Bytes Sent By Node
	33711  -  Total Bytes Received By Node
...
015 (282342.000.006) 2025-01-26 17:05:56 Node 6 terminated.
	(1) Normal termination (return value 0)
		Usr 0 00:00:01, Sys 0 00:00:00  -  Run Remote Usage
		Usr 0 00:00:00, Sys 0 00:00:00  -  Run Local Usage
		Usr 0 00:00:01, Sys 0 00:00:00  -  Total Remote Usage
		Usr 0 00:00:00, Sys 0 00:00:00  -  Total Local Usage
	2187  -  Run Bytes Sent By Node
	33711  -  Run Bytes Received By Node
	2187  -  Total Bytes Sent By Node
	33711  -  Total Bytes Received By Node
...
015 (282342.000.000) 2025-01-26 17:05:56 Node 0 terminated.
	(1) Normal termination (return value 0)
		Usr 0 00:00:00, Sys 0 00:00:00  -  Run Remote Usage
		Usr 0 00:00:00, Sys 0 00:00:00  -  Run Local Usage
		Usr 0 00:00:00, Sys 0 00:00:00  -  Total Remote Usage
		Usr 0 00:00:00, Sys 0 00:00:00  -  Total Local Usage
	3262  -  Run Bytes Sent By Node
	33711  -  Run Bytes Received By Node
	3262  -  Total Bytes Sent By Node
	33711  -  Total Bytes Received By Node
...
005 (282342.000.000) 2025-01-26 17:05:56 Job terminated.
	(1) Normal termination (return value 0)
		Usr 0 00:00:04, Sys 0 00:00:00  -  Run Remote Usage
		Usr 0 00:00:00, Sys 0 00:00:00  -  Run Local Usage
		Usr 0 00:00:00, Sys 0 00:00:00  -  Total Remote Usage
		Usr 0 00:00:00, Sys 0 00:00:00  -  Total Local Usage
	7614  -  Run Bytes Sent By Job
	269688  -  Run Bytes Received By Job
	7614  -  Total Bytes Sent By Job
	269688  -  Total Bytes Received By Job
	Partitionable Resources :    Usage  Request Allocated 
	   Cpus                 :                 1         1 
	   Disk (KB)            :       50       35    468979 
	   Memory (MB)          :        0        1     61440 

	Job terminated of its own accord at 2025-01-26T17:05:56Z with exit-code 0.
...
000 (289210.000.000) 2025-01-28 22:51:45 Job submitted from host: <192.168.0.102:9618?addrs=192.168.0.102-9618&alias=submitter&noUDP&sock=schedd_2032_5c88>
...
014 (289210.000.002) 2025-01-28 22:51:53 Node 2 executing on host: <192.168.0.121:9618?addrs=192.168.0.121-9618&alias=node121.di.rm1&noUDP&sock=startd_2146_8e54>
...
014 (289210.000.003) 2025-01-28 22:51:53 Node 3 executing on host: <192.168.0.107:9618?addrs=192.168.0.107-9618&alias=node107.di.rm1&noUDP&sock=startd_1981_6134>
...
014 (289210.000.004) 2025-01-28 22:51:53 Node 4 executing on host: <192.168.0.111:9618?addrs=192.168.0.111-9618&alias=node111.di.rm1&noUDP&sock=startd_2044_97ab>
...
014 (289210.000.000) 2025-01-28 22:51:53 Node 0 executing on host: <192.168.0.116:9618?addrs=192.168.0.116-9618&alias=node116.di.rm1&noUDP&sock=startd_1847_7783>
...
014 (289210.000.001) 2025-01-28 22:51:53 Node 1 executing on host: <192.168.0.111:9618?addrs=192.168.0.111-9618&alias=node111.di.rm1&noUDP&sock=startd_2044_97ab>
...
014 (289210.000.007) 2025-01-28 22:51:53 Node 7 executing on host: <192.168.0.122:9618?addrs=192.168.0.122-9618&alias=node122.di.rm1&noUDP&sock=startd_2134_5331>
...
014 (289210.000.005) 2025-01-28 22:51:53 Node 5 executing on host: <192.168.0.141:9618?addrs=192.168.0.141-9618&alias=node141.di.rm1&noUDP&sock=startd_2077_3a4b>
...
014 (289210.000.006) 2025-01-28 22:51:53 Node 6 executing on host: <192.168.0.151:9618?addrs=192.168.0.151-9618&alias=node151.di.rm1&noUDP&sock=startd_1528_a8cd>
...
001 (289210.000.000) 2025-01-28 22:51:53 Job executing on host: MPI_job
...
008 (289210.000.000) 2025-01-28 22:51:55 Launching orted on Node 0 of 8
...
008 (289210.000.000) 2025-01-28 22:51:55 Launching orted on Node 4 of 8
...
008 (289210.000.000) 2025-01-28 22:51:55 Launching orted on Node 1 of 8
...
008 (289210.000.000) 2025-01-28 22:51:55 Launching orted on Node 2 of 8
...
008 (289210.000.000) 2025-01-28 22:51:55 Launching orted on Node 7 of 8
...
008 (289210.000.000) 2025-01-28 22:51:55 Launching orted on Node 3 of 8
...
008 (289210.000.000) 2025-01-28 22:51:56 Launching orted on Node 6 of 8
...
008 (289210.000.000) 2025-01-28 22:51:56 Launching orted on Node 5 of 8
...
008 (289210.000.000) 2025-01-28 22:51:57 orted exited on Node 6 of 8
...
008 (289210.000.000) 2025-01-28 22:51:57 orted exited on Node 0 of 8
...
008 (289210.000.000) 2025-01-28 22:51:58 orted exited on Node 1 of 8
...
008 (289210.000.000) 2025-01-28 22:51:58 orted exited on Node 2 of 8
...
008 (289210.000.000) 2025-01-28 22:51:58 orted exited on Node 3 of 8
...
008 (289210.000.000) 2025-01-28 22:51:58 orted exited on Node 4 of 8
...
008 (289210.000.000) 2025-01-28 22:51:58 orted exited on Node 5 of 8
...
008 (289210.000.000) 2025-01-28 22:51:58 orted exited on Node 7 of 8
...
015 (289210.000.004) 2025-01-28 22:51:58 Node 4 terminated.
	(1) Normal termination (return value 0)
		Usr 0 00:00:01, Sys 0 00:00:00  -  Run Remote Usage
		Usr 0 00:00:00, Sys 0 00:00:00  -  Run Local Usage
		Usr 0 00:00:01, Sys 0 00:00:00  -  Total Remote Usage
		Usr 0 00:00:00, Sys 0 00:00:00  -  Total Local Usage
	2187  -  Run Bytes Sent By Node
	33711  -  Run Bytes Received By Node
	2187  -  Total Bytes Sent By Node
	33711  -  Total Bytes Received By Node
...
015 (289210.000.003) 2025-01-28 22:51:58 Node 3 terminated.
	(1) Normal termination (return value 0)
		Usr 0 00:00:02, Sys 0 00:00:00  -  Run Remote Usage
		Usr 0 00:00:00, Sys 0 00:00:00  -  Run Local Usage
		Usr 0 00:00:02, Sys 0 00:00:00  -  Total Remote Usage
		Usr 0 00:00:00, Sys 0 00:00:00  -  Total Local Usage
	2165  -  Run Bytes Sent By Node
	33711  -  Run Bytes Received By Node
	2165  -  Total Bytes Sent By Node
	33711  -  Total Bytes Received By Node
...
015 (289210.000.007) 2025-01-28 22:51:58 Node 7 terminated.
	(1) Normal termination (return value 0)
		Usr 0 00:00:01, Sys 0 00:00:00  -  Run Remote Usage
		Usr 0 00:00:00, Sys 0 00:00:00  -  Run Local Usage
		Usr 0 00:00:01, Sys 0 00:00:00  -  Total Remote Usage
		Usr 0 00:00:00, Sys 0 00:00:00  -  Total Local Usage
	2187  -  Run Bytes Sent By Node
	33711  -  Run Bytes Received By Node
	2187  -  Total Bytes Sent By Node
	33711  -  Total Bytes Received By Node
...
015 (289210.000.000) 2025-01-28 22:51:59 Node 0 terminated.
	(1) Normal termination (return value 0)
		Usr 0 00:00:00, Sys 0 00:00:00  -  Run Remote Usage
		Usr 0 00:00:00, Sys 0 00:00:00  -  Run Local Usage
		Usr 0 00:00:00, Sys 0 00:00:00  -  Total Remote Usage
		Usr 0 00:00:00, Sys 0 00:00:00  -  Total Local Usage
	3262  -  Run Bytes Sent By Node
	33711  -  Run Bytes Received By Node
	3262  -  Total Bytes Sent By Node
	33711  -  Total Bytes Received By Node
...
005 (289210.000.000) 2025-01-28 22:51:59 Job terminated.
	(1) Normal termination (return value 0)
		Usr 0 00:00:08, Sys 0 00:00:00  -  Run Remote Usage
		Usr 0 00:00:00, Sys 0 00:00:00  -  Run Local Usage
		Usr 0 00:00:00, Sys 0 00:00:00  -  Total Remote Usage
		Usr 0 00:00:00, Sys 0 00:00:00  -  Total Local Usage
	11966  -  Run Bytes Sent By Job
	269688  -  Run Bytes Received By Job
	11966  -  Total Bytes Sent By Job
	269688  -  Total Bytes Received By Job
	Partitionable Resources :    Usage  Request Allocated 
	   Cpus                 :                 1         2 
	   Disk (KB)            :       51       35 102978738 
	   Memory (MB)          :        0        0    100096 

	Job terminated of its own accord at 2025-01-28T22:51:57Z with exit-code 0.
...
