000 (268084.000.000) 2025-01-21 21:12:02 Job submitted from host: <192.168.0.102:9618?addrs=192.168.0.102-9618&alias=submitter&noUDP&sock=schedd_2032_5c88>
...
001 (268084.000.000) 2025-01-21 21:12:06 Job executing on host: <192.168.0.137:9618?addrs=192.168.0.137-9618&alias=node137.di.rm1&noUDP&sock=startd_1934_2440>
...
006 (268084.000.000) 2025-01-21 21:12:15 Image size of job updated: 1531800
	505  -  MemoryUsage of job (MB)
	516252  -  ResidentSetSize of job (KB)
...
006 (268084.000.000) 2025-01-21 21:12:43 Image size of job updated: 2299248
	505  -  MemoryUsage of job (MB)
	516780  -  ResidentSetSize of job (KB)
...
004 (268084.000.000) 2025-01-21 21:12:43 Job was evicted.
	(0) CPU times
		Usr 0 00:00:35, Sys 0 00:00:00  -  Run Remote Usage
		Usr 0 00:00:00, Sys 0 00:00:00  -  Run Local Usage
	0  -  Run Bytes Sent By Job
	0  -  Run Bytes Received By Job
	Partitionable Resources :    Usage  Request Allocated 
	   Cpus                 :                 1         1 
	   Disk (KB)            :       27       27    391050 
	   Memory (MB)          :      505        1       128 
...
009 (268084.000.000) 2025-01-21 21:12:43 Job was aborted.
	via condor_rm (by user calzona_2046920)
...
