000 (269779.000.000) 2025-01-21 23:04:48 Job submitted from host: <192.168.0.102:9618?addrs=192.168.0.102-9618&alias=submitter&noUDP&sock=schedd_2032_5c88>
...
001 (269779.000.000) 2025-01-21 23:04:48 Job executing on host: <192.168.0.147:9618?addrs=192.168.0.147-9618&alias=node147.di.rm1&noUDP&sock=startd_1513_5ee1>
...
006 (269779.000.000) 2025-01-21 23:04:57 Image size of job updated: 271920
	266  -  MemoryUsage of job (MB)
	271920  -  ResidentSetSize of job (KB)
...
006 (269779.000.000) 2025-01-21 23:05:50 Image size of job updated: 286072
	266  -  MemoryUsage of job (MB)
	271920  -  ResidentSetSize of job (KB)
...
004 (269779.000.000) 2025-01-21 23:05:50 Job was evicted.
	(0) CPU times
		Usr 0 00:01:55, Sys 0 00:00:00  -  Run Remote Usage
		Usr 0 00:00:00, Sys 0 00:00:00  -  Run Local Usage
	0  -  Run Bytes Sent By Job
	0  -  Run Bytes Received By Job
	Partitionable Resources :    Usage  Request Allocated 
	   Cpus                 :                 1         1 
	   Disk (KB)            :       27       27    469805 
	   Memory (MB)          :      266        1       128 
...
009 (269779.000.000) 2025-01-21 23:05:50 Job was aborted.
	via condor_rm (by user calzona_2046920)
...
000 (275935.000.000) 2025-01-24 03:32:50 Job submitted from host: <192.168.0.102:9618?addrs=192.168.0.102-9618&alias=submitter&noUDP&sock=schedd_2032_5c88>
...
001 (275935.000.000) 2025-01-24 03:32:51 Job executing on host: <192.168.0.148:9618?addrs=192.168.0.148-9618&alias=node148.di.rm1&noUDP&sock=startd_1547_b119>
...
006 (275935.000.000) 2025-01-24 03:33:00 Image size of job updated: 271788
	266  -  MemoryUsage of job (MB)
	271788  -  ResidentSetSize of job (KB)
...
006 (275935.000.000) 2025-01-24 03:34:52 Image size of job updated: 286072
	266  -  MemoryUsage of job (MB)
	271788  -  ResidentSetSize of job (KB)
...
004 (275935.000.000) 2025-01-24 03:34:52 Job was evicted.
	(0) CPU times
		Usr 0 00:03:54, Sys 0 00:00:00  -  Run Remote Usage
		Usr 0 00:00:00, Sys 0 00:00:00  -  Run Local Usage
	0  -  Run Bytes Sent By Job
	0  -  Run Bytes Received By Job
	Partitionable Resources :    Usage  Request Allocated 
	   Cpus                 :                 1         1 
	   Disk (KB)            :       27       27    467548 
	   Memory (MB)          :      266        1       128 
...
009 (275935.000.000) 2025-01-24 03:34:52 Job was aborted.
	via condor_rm (by user calzona_2046920)
...
