000 (268001.000.000) 2025-01-21 21:08:20 Job submitted from host: <192.168.0.102:9618?addrs=192.168.0.102-9618&alias=submitter&noUDP&sock=schedd_2032_5c88>
...
001 (268001.000.000) 2025-01-21 21:08:34 Job executing on host: <192.168.0.135:9618?addrs=192.168.0.135-9618&alias=node135.di.rm1&noUDP&sock=startd_2000_6980>
...
006 (268001.000.000) 2025-01-21 21:08:43 Image size of job updated: 436108
	414  -  MemoryUsage of job (MB)
	423520  -  ResidentSetSize of job (KB)
...
005 (268001.000.000) 2025-01-21 21:08:43 Job terminated.
	(1) Normal termination (return value 0)
		Usr 0 00:00:13, Sys 0 00:00:00  -  Run Remote Usage
		Usr 0 00:00:00, Sys 0 00:00:00  -  Run Local Usage
		Usr 0 00:00:13, Sys 0 00:00:00  -  Total Remote Usage
		Usr 0 00:00:00, Sys 0 00:00:00  -  Total Local Usage
	0  -  Run Bytes Sent By Job
	0  -  Run Bytes Received By Job
	0  -  Total Bytes Sent By Job
	0  -  Total Bytes Received By Job
	Partitionable Resources :    Usage  Request Allocated 
	   Cpus                 :                 1         1 
	   Disk (KB)            :       27       27    470875 
	   Memory (MB)          :      414        1       128 

	Job terminated of its own accord at 2025-01-21T21:08:43Z with exit-code 0.
...
