000 (265228.000.000) 2025-01-17 11:21:48 Job submitted from host: <192.168.0.102:9618?addrs=192.168.0.102-9618&alias=submitter&noUDP&sock=schedd_2032_5c88>
...
001 (265228.000.000) 2025-01-17 11:21:54 Job executing on host: <192.168.0.141:9618?addrs=192.168.0.141-9618&alias=node141.di.rm1&noUDP&sock=startd_2077_3a4b>
...
006 (265228.000.000) 2025-01-17 11:22:03 Image size of job updated: 372976
	261  -  MemoryUsage of job (MB)
	267144  -  ResidentSetSize of job (KB)
...
006 (265228.000.000) 2025-01-17 11:27:04 Image size of job updated: 372976
	315  -  MemoryUsage of job (MB)
	322452  -  ResidentSetSize of job (KB)
...
006 (265228.000.000) 2025-01-17 11:32:04 Image size of job updated: 372976
	323  -  MemoryUsage of job (MB)
	330240  -  ResidentSetSize of job (KB)
...
004 (265228.000.000) 2025-01-17 11:33:16 Job was evicted.
	(0) CPU times
		Usr 0 00:32:07, Sys 0 00:00:00  -  Run Remote Usage
		Usr 0 00:00:00, Sys 0 00:00:00  -  Run Local Usage
	0  -  Run Bytes Sent By Job
	0  -  Run Bytes Received By Job
	Partitionable Resources :    Usage  Request Allocated 
	   Cpus                 :     3.57        1         1 
	   Disk (KB)            :    27          27    459831 
	   Memory (MB)          :   323           1       128 
...
009 (265228.000.000) 2025-01-17 11:33:16 Job was aborted.
	via condor_rm (by user calzona_2046920)
...
