000 (271433.000.000) 2025-01-22 01:02:27 Job submitted from host: <192.168.0.102:9618?addrs=192.168.0.102-9618&alias=submitter&noUDP&sock=schedd_2032_5c88>
...
001 (271433.000.000) 2025-01-22 01:02:27 Job executing on host: <192.168.0.151:9618?addrs=192.168.0.151-9618&alias=node151.di.rm1&noUDP&sock=startd_1528_a8cd>
...
006 (271433.000.000) 2025-01-22 01:02:36 Image size of job updated: 429924
	420  -  MemoryUsage of job (MB)
	429924  -  ResidentSetSize of job (KB)
...
006 (271433.000.000) 2025-01-22 01:03:29 Image size of job updated: 4036160
	421  -  MemoryUsage of job (MB)
	430584  -  ResidentSetSize of job (KB)
...
004 (271433.000.000) 2025-01-22 01:03:29 Job was evicted.
	(0) CPU times
		Usr 0 00:00:59, Sys 0 00:00:01  -  Run Remote Usage
		Usr 0 00:00:00, Sys 0 00:00:00  -  Run Local Usage
	0  -  Run Bytes Sent By Job
	0  -  Run Bytes Received By Job
	Partitionable Resources :    Usage  Request Allocated 
	   Cpus                 :     1.00        1         1 
	   Disk (KB)            :    27          27    474791 
	   Memory (MB)          :   421           1       128 
...
009 (271433.000.000) 2025-01-22 01:03:29 Job was aborted.
	via condor_rm (by user calzona_2046920)
...
