000 (262176.000.000) 2025-01-16 18:01:02 Job submitted from host: <192.168.0.102:9618?addrs=192.168.0.102-9618&alias=submitter&noUDP&sock=schedd_2032_5c88>
...
001 (262176.000.000) 2025-01-16 18:01:18 Job executing on host: <192.168.0.109:9618?addrs=192.168.0.109-9618&alias=node109.di.rm1&noUDP&sock=startd_1627_90ad>
...
006 (262176.000.000) 2025-01-16 18:01:27 Image size of job updated: 1199564
	477  -  MemoryUsage of job (MB)
	487872  -  ResidentSetSize of job (KB)
...
006 (262176.000.000) 2025-01-16 18:06:28 Image size of job updated: 15955748
	15324  -  MemoryUsage of job (MB)
	15690972  -  ResidentSetSize of job (KB)
...
006 (262176.000.000) 2025-01-16 18:11:29 Image size of job updated: 30715668
	29801  -  MemoryUsage of job (MB)
	30516156  -  ResidentSetSize of job (KB)
...
006 (262176.000.000) 2025-01-16 18:16:26 Image size of job updated: 45373936
	29802  -  MemoryUsage of job (MB)
	30516684  -  ResidentSetSize of job (KB)
...
004 (262176.000.000) 2025-01-16 18:16:26 Job was evicted.
	(0) CPU times
		Usr 0 00:14:35, Sys 0 00:00:32  -  Run Remote Usage
		Usr 0 00:00:00, Sys 0 00:00:00  -  Run Local Usage
	0  -  Run Bytes Sent By Job
	0  -  Run Bytes Received By Job
	Partitionable Resources :    Usage  Request Allocated 
	   Cpus                 :     1.00        1         1 
	   Disk (KB)            :    27          27    468160 
	   Memory (MB)          : 29802           1       128 
...
009 (262176.000.000) 2025-01-16 18:16:26 Job was aborted.
	via condor_rm (by user calzona_2046920)
...
