000 (263684.000.000) 2025-01-17 11:21:01 Job submitted from host: <192.168.0.102:9618?addrs=192.168.0.102-9618&alias=submitter&noUDP&sock=schedd_2032_5c88>
...
001 (263684.000.000) 2025-01-17 11:21:06 Job executing on host: <192.168.0.121:9618?addrs=192.168.0.121-9618&alias=node121.di.rm1&noUDP&sock=startd_2146_8e54>
...
006 (263684.000.000) 2025-01-17 11:21:15 Image size of job updated: 1324032
	350  -  MemoryUsage of job (MB)
	357984  -  ResidentSetSize of job (KB)
...
006 (263684.000.000) 2025-01-17 11:26:15 Image size of job updated: 12423120
	11590  -  MemoryUsage of job (MB)
	11867988  -  ResidentSetSize of job (KB)
...
006 (263684.000.000) 2025-01-17 11:31:16 Image size of job updated: 23361696
	22242  -  MemoryUsage of job (MB)
	22775808  -  ResidentSetSize of job (KB)
...
006 (263684.000.000) 2025-01-17 11:33:18 Image size of job updated: 27329220
	22243  -  MemoryUsage of job (MB)
	22775940  -  ResidentSetSize of job (KB)
...
004 (263684.000.000) 2025-01-17 11:33:18 Job was evicted.
	(0) CPU times
		Usr 0 00:11:46, Sys 0 00:00:24  -  Run Remote Usage
		Usr 0 00:00:00, Sys 0 00:00:00  -  Run Local Usage
	0  -  Run Bytes Sent By Job
	0  -  Run Bytes Received By Job
	Partitionable Resources :    Usage  Request Allocated 
	   Cpus                 :     1.00        1         1 
	   Disk (KB)            :    27          27    467232 
	   Memory (MB)          : 22243           1       128 
...
009 (263684.000.000) 2025-01-17 11:33:18 Job was aborted.
	via condor_rm (by user calzona_2046920)
...
