000 (263497.000.000) 2025-01-17 11:20:56 Job submitted from host: <192.168.0.102:9618?addrs=192.168.0.102-9618&alias=submitter&noUDP&sock=schedd_2032_5c88>
...
001 (263497.000.000) 2025-01-17 11:20:58 Job executing on host: <192.168.0.138:9618?addrs=192.168.0.138-9618&alias=node138.di.rm1&noUDP&sock=startd_2998744_89a3>
...
006 (263497.000.000) 2025-01-17 11:21:07 Image size of job updated: 1482960
	495  -  MemoryUsage of job (MB)
	506220  -  ResidentSetSize of job (KB)
...
006 (263497.000.000) 2025-01-17 11:26:19 Image size of job updated: 8127180
	7201  -  MemoryUsage of job (MB)
	7373704  -  ResidentSetSize of job (KB)
...
006 (263497.000.000) 2025-01-17 11:28:25 Image size of job updated: 8244528
	7209  -  MemoryUsage of job (MB)
	7381492  -  ResidentSetSize of job (KB)
...
005 (263497.000.000) 2025-01-17 11:28:26 Job terminated.
	(0) Abnormal termination (signal 9)
	(0) No core file
		Usr 0 00:02:56, Sys 0 00:01:15  -  Run Remote Usage
		Usr 0 00:00:00, Sys 0 00:00:00  -  Run Local Usage
		Usr 0 00:02:56, Sys 0 00:01:15  -  Total Remote Usage
		Usr 0 00:00:00, Sys 0 00:00:00  -  Total Local Usage
	0  -  Run Bytes Sent By Job
	0  -  Run Bytes Received By Job
	0  -  Total Bytes Sent By Job
	0  -  Total Bytes Received By Job
	Partitionable Resources :    Usage  Request Allocated 
	   Cpus                 :     0.91        1         1 
	   Disk (KB)            :    27          27    474244 
	   Memory (MB)          :  7209           1       128 

	Job terminated of its own accord at 2025-01-17T11:28:24Z with signal 9.
...
