000 (271550.000.000) 2025-01-22 01:10:05 Job submitted from host: <192.168.0.102:9618?addrs=192.168.0.102-9618&alias=submitter&noUDP&sock=schedd_2032_5c88>
...
001 (271550.000.000) 2025-01-22 01:10:26 Job executing on host: <192.168.0.120:9618?addrs=192.168.0.120-9618&alias=node120.di.rm1&noUDP&sock=startd_2096_4298>
...
006 (271550.000.000) 2025-01-22 01:10:35 Image size of job updated: 389004
	380  -  MemoryUsage of job (MB)
	389004  -  ResidentSetSize of job (KB)
...
006 (271550.000.000) 2025-01-22 01:11:06 Image size of job updated: 1723488
	381  -  MemoryUsage of job (MB)
	389664  -  ResidentSetSize of job (KB)
...
004 (271550.000.000) 2025-01-22 01:11:06 Job was evicted.
	(0) CPU times
		Usr 0 00:00:38, Sys 0 00:00:00  -  Run Remote Usage
		Usr 0 00:00:00, Sys 0 00:00:00  -  Run Local Usage
	0  -  Run Bytes Sent By Job
	0  -  Run Bytes Received By Job
	Partitionable Resources :    Usage  Request Allocated 
	   Cpus                 :                 1         1 
	   Disk (KB)            :       27       27    459052 
	   Gpus (Average)       :                 0         0 
	   Memory (MB)          :      381        1       128 
...
009 (271550.000.000) 2025-01-22 01:11:06 Job was aborted.
	via condor_rm (by user calzona_2046920)
...
000 (277704.000.000) 2025-01-24 06:57:29 Job submitted from host: <192.168.0.102:9618?addrs=192.168.0.102-9618&alias=submitter&noUDP&sock=schedd_2032_5c88>
...
001 (277704.000.000) 2025-01-24 06:57:50 Job executing on host: <192.168.0.109:9618?addrs=192.168.0.109-9618&alias=node109.di.rm1&noUDP&sock=startd_1627_90ad>
...
006 (277704.000.000) 2025-01-24 06:57:58 Image size of job updated: 398692
	389  -  MemoryUsage of job (MB)
	397372  -  ResidentSetSize of job (KB)
...
006 (277704.000.000) 2025-01-24 06:59:31 Image size of job updated: 4939448
	389  -  MemoryUsage of job (MB)
	397372  -  ResidentSetSize of job (KB)
...
004 (277704.000.000) 2025-01-24 06:59:31 Job was evicted.
	(0) CPU times
		Usr 0 00:01:39, Sys 0 00:00:02  -  Run Remote Usage
		Usr 0 00:00:00, Sys 0 00:00:00  -  Run Local Usage
	0  -  Run Bytes Sent By Job
	0  -  Run Bytes Received By Job
	Partitionable Resources :    Usage  Request Allocated 
	   Cpus                 :     1.00        1         1 
	   Disk (KB)            :    27          27    468160 
	   Memory (MB)          :   389           1       128 
...
009 (277704.000.000) 2025-01-24 06:59:31 Job was aborted.
	via condor_rm (by user calzona_2046920)
...
