000 (280524.000.000) 2025-01-25 16:51:45 Job submitted from host: <192.168.0.102:9618?addrs=192.168.0.102-9618&alias=submitter&noUDP&sock=schedd_2032_5c88>
...
014 (280524.000.000) 2025-01-25 16:51:50 Node 0 executing on host: <192.168.0.109:9618?addrs=192.168.0.109-9618&alias=node109.di.rm1&noUDP&sock=startd_1627_90ad>
...
014 (280524.000.001) 2025-01-25 16:51:50 Node 1 executing on host: <192.168.0.148:9618?addrs=192.168.0.148-9618&alias=node148.di.rm1&noUDP&sock=startd_1547_b119>
...
001 (280524.000.000) 2025-01-25 16:51:50 Job executing on host: MPI_job
...
008 (280524.000.000) 2025-01-25 16:51:52 Launching orted on Node 0 of 2
...
008 (280524.000.000) 2025-01-25 16:51:52 Launching orted on Node 1 of 2
...
008 (280524.000.000) 2025-01-25 16:51:53 orted exited on Node 1 of 2
...
008 (280524.000.000) 2025-01-25 16:51:53 orted exited on Node 0 of 2
...
015 (280524.000.000) 2025-01-25 16:51:53 Node 0 terminated.
	(1) Normal termination (return value 0)
		Usr 0 00:00:00, Sys 0 00:00:01  -  Run Remote Usage
		Usr 0 00:00:00, Sys 0 00:00:00  -  Run Local Usage
		Usr 0 00:00:00, Sys 0 00:00:01  -  Total Remote Usage
		Usr 0 00:00:00, Sys 0 00:00:00  -  Total Local Usage
	3254  -  Run Bytes Sent By Node
	33639  -  Run Bytes Received By Node
	3254  -  Total Bytes Sent By Node
	33639  -  Total Bytes Received By Node
...
005 (280524.000.000) 2025-01-25 16:51:53 Job terminated.
	(1) Normal termination (return value 0)
		Usr 0 00:00:00, Sys 0 00:00:01  -  Run Remote Usage
		Usr 0 00:00:00, Sys 0 00:00:00  -  Run Local Usage
		Usr 0 00:00:00, Sys 0 00:00:01  -  Total Remote Usage
		Usr 0 00:00:00, Sys 0 00:00:00  -  Total Local Usage
	3254  -  Run Bytes Sent By Job
	67278  -  Run Bytes Received By Job
	3254  -  Total Bytes Sent By Job
	67278  -  Total Bytes Received By Job
	Partitionable Resources :    Usage  Request Allocated 
	   Cpus                 :                 1         1 
	   Disk (KB)            :       49       35    468160 
	   Memory (MB)          :        1        1     40960 

	Job terminated of its own accord at 2025-01-25T16:51:53Z with exit-code 0.
...
