000 (261949.000.000) 2025-01-16 18:00:52 Job submitted from host: <192.168.0.102:9618?addrs=192.168.0.102-9618&alias=submitter&noUDP&sock=schedd_2032_5c88>
...
001 (261949.000.000) 2025-01-16 18:00:58 Job executing on host: <192.168.0.132:9618?addrs=192.168.0.132-9618&alias=node132.di.rm1&noUDP&sock=startd_1999_b9e8>
...
006 (261949.000.000) 2025-01-16 18:01:08 Image size of job updated: 848232
	829  -  MemoryUsage of job (MB)
	848232  -  ResidentSetSize of job (KB)
...
006 (261949.000.000) 2025-01-16 18:01:23 Image size of job updated: 2110416
	829  -  MemoryUsage of job (MB)
	848364  -  ResidentSetSize of job (KB)
...
005 (261949.000.000) 2025-01-16 18:01:23 Job terminated.
	(1) Normal termination (return value 0)
		Usr 0 00:00:23, Sys 0 00:00:01  -  Run Remote Usage
		Usr 0 00:00:00, Sys 0 00:00:00  -  Run Local Usage
		Usr 0 00:00:23, Sys 0 00:00:01  -  Total Remote Usage
		Usr 0 00:00:00, Sys 0 00:00:00  -  Total Local Usage
	0  -  Run Bytes Sent By Job
	0  -  Run Bytes Received By Job
	0  -  Total Bytes Sent By Job
	0  -  Total Bytes Received By Job
	Partitionable Resources :    Usage  Request Allocated 
	   Cpus                 :                 1         1 
	   Disk (KB)            :       27       27    474788 
	   Memory (MB)          :      829        1       128 

	Job terminated of its own accord at 2025-01-16T18:01:23Z with exit-code 0.
...
