000 (271618.000.000) 2025-01-22 01:16:16 Job submitted from host: <192.168.0.102:9618?addrs=192.168.0.102-9618&alias=submitter&noUDP&sock=schedd_2032_5c88>
...
001 (271618.000.000) 2025-01-22 01:16:36 Job executing on host: <192.168.0.151:9618?addrs=192.168.0.151-9618&alias=node151.di.rm1&noUDP&sock=startd_1528_a8cd>
...
006 (271618.000.000) 2025-01-22 01:16:44 Image size of job updated: 270476
	265  -  MemoryUsage of job (MB)
	270476  -  ResidentSetSize of job (KB)
...
006 (271618.000.000) 2025-01-22 01:17:18 Image size of job updated: 372976
	265  -  MemoryUsage of job (MB)
	270608  -  ResidentSetSize of job (KB)
...
004 (271618.000.000) 2025-01-22 01:17:18 Job was evicted.
	(0) CPU times
		Usr 0 00:02:34, Sys 0 00:00:00  -  Run Remote Usage
		Usr 0 00:00:00, Sys 0 00:00:00  -  Run Local Usage
	0  -  Run Bytes Sent By Job
	0  -  Run Bytes Received By Job
	Partitionable Resources :    Usage  Request Allocated 
	   Cpus                 :                 1         1 
	   Disk (KB)            :       27       27    474791 
	   Memory (MB)          :      265        1       128 
...
009 (271618.000.000) 2025-01-22 01:17:18 Job was aborted.
	via condor_rm (by user calzona_2046920)
...
