000 (263438.000.000) 2025-01-17 11:20:50 Job submitted from host: <192.168.0.102:9618?addrs=192.168.0.102-9618&alias=submitter&noUDP&sock=schedd_2032_5c88>
...
001 (263438.000.000) 2025-01-17 11:20:55 Job executing on host: <192.168.0.146:9618?addrs=192.168.0.146-9618&alias=node146.di.rm1&noUDP&sock=startd_1984_6ffc>
...
006 (263438.000.000) 2025-01-17 11:21:03 Image size of job updated: 421476
	412  -  MemoryUsage of job (MB)
	421476  -  ResidentSetSize of job (KB)
...
006 (263438.000.000) 2025-01-17 11:28:21 Image size of job updated: 625572
	583  -  MemoryUsage of job (MB)
	596504  -  ResidentSetSize of job (KB)
...
004 (263438.000.000) 2025-01-17 11:33:27 Job was evicted.
	(0) CPU times
		Usr 0 00:08:36, Sys 0 00:03:03  -  Run Remote Usage
		Usr 0 00:00:00, Sys 0 00:00:00  -  Run Local Usage
	0  -  Run Bytes Sent By Job
	0  -  Run Bytes Received By Job
	Partitionable Resources :    Usage  Request Allocated 
	   Cpus                 :     0.72        1         1 
	   Disk (KB)            :    27          27    466414 
	   Memory (MB)          :   583           1       128 
...
009 (263438.000.000) 2025-01-17 11:33:28 Job was aborted.
	via condor_rm (by user calzona_2046920)
...
