000 (269869.000.000) 2025-01-21 23:14:02 Job submitted from host: <192.168.0.102:9618?addrs=192.168.0.102-9618&alias=submitter&noUDP&sock=schedd_2032_5c88>
...
001 (269869.000.000) 2025-01-21 23:14:05 Job executing on host: <192.168.0.151:9618?addrs=192.168.0.151-9618&alias=node151.di.rm1&noUDP&sock=startd_1528_a8cd>
...
006 (269869.000.000) 2025-01-21 23:14:14 Image size of job updated: 1284812
	547  -  MemoryUsage of job (MB)
	559128  -  ResidentSetSize of job (KB)
...
006 (269869.000.000) 2025-01-21 23:15:06 Image size of job updated: 3380400
	547  -  MemoryUsage of job (MB)
	559524  -  ResidentSetSize of job (KB)
...
004 (269869.000.000) 2025-01-21 23:15:06 Job was evicted.
	(0) CPU times
		Usr 0 00:00:57, Sys 0 00:00:01  -  Run Remote Usage
		Usr 0 00:00:00, Sys 0 00:00:00  -  Run Local Usage
	0  -  Run Bytes Sent By Job
	0  -  Run Bytes Received By Job
	Partitionable Resources :    Usage  Request Allocated 
	   Cpus                 :                 1         1 
	   Disk (KB)            :       27       27    474791 
	   Memory (MB)          :      547        1       128 
...
009 (269869.000.000) 2025-01-21 23:15:06 Job was aborted.
	via condor_rm (by user calzona_2046920)
...
