000 (268825.000.000) 2025-01-21 22:06:53 Job submitted from host: <192.168.0.102:9618?addrs=192.168.0.102-9618&alias=submitter&noUDP&sock=schedd_2032_5c88>
...
001 (268825.000.000) 2025-01-21 22:07:03 Job executing on host: <192.168.0.151:9618?addrs=192.168.0.151-9618&alias=node151.di.rm1&noUDP&sock=startd_1528_a8cd>
...
006 (268825.000.000) 2025-01-21 22:07:12 Image size of job updated: 11088
	7  -  MemoryUsage of job (MB)
	7128  -  ResidentSetSize of job (KB)
...
005 (268825.000.000) 2025-01-21 22:07:12 Job terminated.
	(1) Normal termination (return value 0)
		Usr 0 00:00:08, Sys 0 00:00:00  -  Run Remote Usage
		Usr 0 00:00:00, Sys 0 00:00:00  -  Run Local Usage
		Usr 0 00:00:08, Sys 0 00:00:00  -  Total Remote Usage
		Usr 0 00:00:00, Sys 0 00:00:00  -  Total Local Usage
	0  -  Run Bytes Sent By Job
	0  -  Run Bytes Received By Job
	0  -  Total Bytes Sent By Job
	0  -  Total Bytes Received By Job
	Partitionable Resources :    Usage  Request Allocated 
	   Cpus                 :                 1         1 
	   Disk (KB)            :       27       27    474791 
	   Memory (MB)          :        7        1       128 

	Job terminated of its own accord at 2025-01-21T22:07:12Z with exit-code 0.
...
000 (268976.000.000) 2025-01-21 22:14:29 Job submitted from host: <192.168.0.102:9618?addrs=192.168.0.102-9618&alias=submitter&noUDP&sock=schedd_2032_5c88>
...
009 (268976.000.000) 2025-01-21 22:14:46 Job was aborted.
	via condor_rm (by user calzona_2046920)
...
000 (275268.000.000) 2025-01-24 02:06:19 Job submitted from host: <192.168.0.102:9618?addrs=192.168.0.102-9618&alias=submitter&noUDP&sock=schedd_2032_5c88>
...
001 (275268.000.000) 2025-01-24 02:06:25 Job executing on host: <192.168.0.121:9618?addrs=192.168.0.121-9618&alias=node121.di.rm1&noUDP&sock=startd_2146_8e54>
...
006 (275268.000.000) 2025-01-24 02:06:33 Image size of job updated: 11088
	6  -  MemoryUsage of job (MB)
	5616  -  ResidentSetSize of job (KB)
...
005 (275268.000.000) 2025-01-24 02:06:33 Job terminated.
	(1) Normal termination (return value 0)
		Usr 0 00:00:09, Sys 0 00:00:00  -  Run Remote Usage
		Usr 0 00:00:00, Sys 0 00:00:00  -  Run Local Usage
		Usr 0 00:00:09, Sys 0 00:00:00  -  Total Remote Usage
		Usr 0 00:00:00, Sys 0 00:00:00  -  Total Local Usage
	0  -  Run Bytes Sent By Job
	0  -  Run Bytes Received By Job
	0  -  Total Bytes Sent By Job
	0  -  Total Bytes Received By Job
	Partitionable Resources :    Usage  Request Allocated 
	   Cpus                 :                 1         1 
	   Disk (KB)            :       27       27    467232 
	   Memory (MB)          :        6        1       128 

	Job terminated of its own accord at 2025-01-24T02:06:33Z with exit-code 0.
...
