000 (270829.000.000) 2025-01-22 00:18:39 Job submitted from host: <192.168.0.102:9618?addrs=192.168.0.102-9618&alias=submitter&noUDP&sock=schedd_2032_5c88>
...
001 (270829.000.000) 2025-01-22 00:18:58 Job executing on host: <192.168.0.109:9618?addrs=192.168.0.109-9618&alias=node109.di.rm1&noUDP&sock=startd_1627_90ad>
...
006 (270829.000.000) 2025-01-22 00:19:07 Image size of job updated: 457756
	446  -  MemoryUsage of job (MB)
	456568  -  ResidentSetSize of job (KB)
...
006 (270829.000.000) 2025-01-22 00:19:40 Image size of job updated: 2025520
	447  -  MemoryUsage of job (MB)
	457360  -  ResidentSetSize of job (KB)
...
004 (270829.000.000) 2025-01-22 00:19:40 Job was evicted.
	(0) CPU times
		Usr 0 00:00:41, Sys 0 00:00:00  -  Run Remote Usage
		Usr 0 00:00:00, Sys 0 00:00:00  -  Run Local Usage
	0  -  Run Bytes Sent By Job
	0  -  Run Bytes Received By Job
	Partitionable Resources :    Usage  Request Allocated 
	   Cpus                 :                 1         1 
	   Disk (KB)            :       27       27    468160 
	   Memory (MB)          :      447        1       128 
...
009 (270829.000.000) 2025-01-22 00:19:40 Job was aborted.
	via condor_rm (by user calzona_2046920)
...
000 (276983.000.000) 2025-01-24 05:33:49 Job submitted from host: <192.168.0.102:9618?addrs=192.168.0.102-9618&alias=submitter&noUDP&sock=schedd_2032_5c88>
...
001 (276983.000.000) 2025-01-24 05:34:10 Job executing on host: <192.168.0.151:9618?addrs=192.168.0.151-9618&alias=node151.di.rm1&noUDP&sock=startd_1528_a8cd>
...
006 (276983.000.000) 2025-01-24 05:34:18 Image size of job updated: 405768
	397  -  MemoryUsage of job (MB)
	405768  -  ResidentSetSize of job (KB)
...
006 (276983.000.000) 2025-01-24 05:35:51 Image size of job updated: 4841892
	397  -  MemoryUsage of job (MB)
	405768  -  ResidentSetSize of job (KB)
...
004 (276983.000.000) 2025-01-24 05:35:51 Job was evicted.
	(0) CPU times
		Usr 0 00:01:38, Sys 0 00:00:01  -  Run Remote Usage
		Usr 0 00:00:00, Sys 0 00:00:00  -  Run Local Usage
	0  -  Run Bytes Sent By Job
	0  -  Run Bytes Received By Job
	Partitionable Resources :    Usage  Request Allocated 
	   Cpus                 :                 1         1 
	   Disk (KB)            :       27       27    474791 
	   Memory (MB)          :      397        1       128 
...
009 (276983.000.000) 2025-01-24 05:35:51 Job was aborted.
	via condor_rm (by user calzona_2046920)
...
