000 (262131.000.000) 2025-01-16 18:01:01 Job submitted from host: <192.168.0.102:9618?addrs=192.168.0.102-9618&alias=submitter&noUDP&sock=schedd_2032_5c88>
...
001 (262131.000.000) 2025-01-16 18:01:19 Job executing on host: <192.168.0.104:9618?addrs=192.168.0.104-9618&alias=node104.di.rm1&noUDP&sock=startd_1987_7ec5>
...
006 (262131.000.000) 2025-01-16 18:01:28 Image size of job updated: 1425540
	455  -  MemoryUsage of job (MB)
	465696  -  ResidentSetSize of job (KB)
...
006 (262131.000.000) 2025-01-16 18:07:28 Image size of job updated: 6772564
	6559  -  MemoryUsage of job (MB)
	6715836  -  ResidentSetSize of job (KB)
...
006 (262131.000.000) 2025-01-16 18:10:39 Image size of job updated: 6772564
	6560  -  MemoryUsage of job (MB)
	6716496  -  ResidentSetSize of job (KB)
...
005 (262131.000.000) 2025-01-16 18:10:39 Job terminated.
	(1) Normal termination (return value 0)
		Usr 0 00:07:21, Sys 0 00:02:42  -  Run Remote Usage
		Usr 0 00:00:00, Sys 0 00:00:00  -  Run Local Usage
		Usr 0 00:07:21, Sys 0 00:02:42  -  Total Remote Usage
		Usr 0 00:00:00, Sys 0 00:00:00  -  Total Local Usage
	0  -  Run Bytes Sent By Job
	0  -  Run Bytes Received By Job
	0  -  Total Bytes Sent By Job
	0  -  Total Bytes Received By Job
	Partitionable Resources :    Usage  Request Allocated 
	   Cpus                 :     0.57        1         1 
	   Disk (KB)            :    27          27    465175 
	   Memory (MB)          :  6560           1       128 

	Job terminated of its own accord at 2025-01-16T18:10:39Z with exit-code 0.
...
