000 (269104.000.000) 2025-01-21 22:20:56 Job submitted from host: <192.168.0.102:9618?addrs=192.168.0.102-9618&alias=submitter&noUDP&sock=schedd_2032_5c88>
...
001 (269104.000.000) 2025-01-21 22:21:01 Job executing on host: <192.168.0.151:9618?addrs=192.168.0.151-9618&alias=node151.di.rm1&noUDP&sock=startd_1528_a8cd>
...
006 (269104.000.000) 2025-01-21 22:21:11 Image size of job updated: 805444
	787  -  MemoryUsage of job (MB)
	805444  -  ResidentSetSize of job (KB)
...
006 (269104.000.000) 2025-01-21 22:21:41 Image size of job updated: 3174448
	788  -  MemoryUsage of job (MB)
	806236  -  ResidentSetSize of job (KB)
...
004 (269104.000.000) 2025-01-21 22:21:41 Job was evicted.
	(0) CPU times
		Usr 0 00:00:36, Sys 0 00:00:01  -  Run Remote Usage
		Usr 0 00:00:00, Sys 0 00:00:00  -  Run Local Usage
	0  -  Run Bytes Sent By Job
	0  -  Run Bytes Received By Job
	Partitionable Resources :    Usage  Request Allocated 
	   Cpus                 :                 1         1 
	   Disk (KB)            :       27       27    474791 
	   Memory (MB)          :      788        1       128 
...
009 (269104.000.000) 2025-01-21 22:21:41 Job was aborted.
	via condor_rm (by user calzona_2046920)
...
000 (269248.000.000) 2025-01-21 22:28:10 Job submitted from host: <192.168.0.102:9618?addrs=192.168.0.102-9618&alias=submitter&noUDP&sock=schedd_2032_5c88>
...
001 (269248.000.000) 2025-01-21 22:28:30 Job executing on host: <192.168.0.149:9618?addrs=192.168.0.149-9618&alias=node149.di.rm1&noUDP&sock=startd_1551_6f7a>
...
006 (269248.000.000) 2025-01-21 22:28:38 Image size of job updated: 747036
	728  -  MemoryUsage of job (MB)
	744880  -  ResidentSetSize of job (KB)
...
006 (269248.000.000) 2025-01-21 22:29:11 Image size of job updated: 3636252
	728  -  MemoryUsage of job (MB)
	745408  -  ResidentSetSize of job (KB)
...
004 (269248.000.000) 2025-01-21 22:29:11 Job was evicted.
	(0) CPU times
		Usr 0 00:00:40, Sys 0 00:00:01  -  Run Remote Usage
		Usr 0 00:00:00, Sys 0 00:00:00  -  Run Local Usage
	0  -  Run Bytes Sent By Job
	0  -  Run Bytes Received By Job
	Partitionable Resources :    Usage  Request Allocated 
	   Cpus                 :                 1         1 
	   Disk (KB)            :       27       27    471944 
	   Memory (MB)          :      728        1       128 
...
009 (269248.000.000) 2025-01-21 22:29:11 Job was aborted.
	via condor_rm (by user calzona_2046920)
...
000 (275405.000.000) 2025-01-24 02:29:57 Job submitted from host: <192.168.0.102:9618?addrs=192.168.0.102-9618&alias=submitter&noUDP&sock=schedd_2032_5c88>
...
001 (275405.000.000) 2025-01-24 02:29:58 Job executing on host: <192.168.0.149:9618?addrs=192.168.0.149-9618&alias=node149.di.rm1&noUDP&sock=startd_1551_6f7a>
...
006 (275405.000.000) 2025-01-24 02:30:07 Image size of job updated: 742896
	726  -  MemoryUsage of job (MB)
	742896  -  ResidentSetSize of job (KB)
...
006 (275405.000.000) 2025-01-24 02:32:00 Image size of job updated: 11106612
	727  -  MemoryUsage of job (MB)
	743688  -  ResidentSetSize of job (KB)
...
004 (275405.000.000) 2025-01-24 02:32:00 Job was evicted.
	(0) CPU times
		Usr 0 00:01:56, Sys 0 00:00:04  -  Run Remote Usage
		Usr 0 00:00:00, Sys 0 00:00:00  -  Run Local Usage
	0  -  Run Bytes Sent By Job
	0  -  Run Bytes Received By Job
	Partitionable Resources :    Usage  Request Allocated 
	   Cpus                 :                 1         1 
	   Disk (KB)            :       27       27    471944 
	   Memory (MB)          :      727        1       128 
...
009 (275405.000.000) 2025-01-24 02:32:00 Job was aborted.
	via condor_rm (by user calzona_2046920)
...
