000 (269425.000.000) 2025-01-21 22:38:32 Job submitted from host: <192.168.0.102:9618?addrs=192.168.0.102-9618&alias=submitter&noUDP&sock=schedd_2032_5c88>
...
001 (269425.000.000) 2025-01-21 22:38:41 Job executing on host: <192.168.0.139:9618?addrs=192.168.0.139-9618&alias=node139.di.rm1&noUDP&sock=startd_1966_1748>
...
006 (269425.000.000) 2025-01-21 22:38:49 Image size of job updated: 434180
	422  -  MemoryUsage of job (MB)
	431276  -  ResidentSetSize of job (KB)
...
006 (269425.000.000) 2025-01-21 22:38:56 Image size of job updated: 612184
	423  -  MemoryUsage of job (MB)
	432332  -  ResidentSetSize of job (KB)
...
005 (269425.000.000) 2025-01-21 22:38:56 Job terminated.
	(1) Normal termination (return value 0)
		Usr 0 00:00:18, Sys 0 00:00:01  -  Run Remote Usage
		Usr 0 00:00:00, Sys 0 00:00:00  -  Run Local Usage
		Usr 0 00:00:18, Sys 0 00:00:01  -  Total Remote Usage
		Usr 0 00:00:00, Sys 0 00:00:00  -  Total Local Usage
	0  -  Run Bytes Sent By Job
	0  -  Run Bytes Received By Job
	0  -  Total Bytes Sent By Job
	0  -  Total Bytes Received By Job
	Partitionable Resources :    Usage  Request Allocated 
	   Cpus                 :                 1         1 
	   Disk (KB)            :       27       27    460637 
	   Memory (MB)          :      423        1       128 

	Job terminated of its own accord at 2025-01-21T22:38:56Z with exit-code 0.
...
000 (275580.000.000) 2025-01-24 02:49:01 Job submitted from host: <192.168.0.102:9618?addrs=192.168.0.102-9618&alias=submitter&noUDP&sock=schedd_2032_5c88>
...
001 (275580.000.000) 2025-01-24 02:49:13 Job executing on host: <192.168.0.133:9618?addrs=192.168.0.133-9618&alias=node133.di.rm1&noUDP&sock=startd_1941_f16a>
...
006 (275580.000.000) 2025-01-24 02:49:21 Image size of job updated: 435336
	426  -  MemoryUsage of job (MB)
	435336  -  ResidentSetSize of job (KB)
...
006 (275580.000.000) 2025-01-24 02:49:28 Image size of job updated: 604188
	426  -  MemoryUsage of job (MB)
	435468  -  ResidentSetSize of job (KB)
...
005 (275580.000.000) 2025-01-24 02:49:28 Job terminated.
	(1) Normal termination (return value 0)
		Usr 0 00:00:17, Sys 0 00:00:00  -  Run Remote Usage
		Usr 0 00:00:00, Sys 0 00:00:00  -  Run Local Usage
		Usr 0 00:00:17, Sys 0 00:00:00  -  Total Remote Usage
		Usr 0 00:00:00, Sys 0 00:00:00  -  Total Local Usage
	0  -  Run Bytes Sent By Job
	0  -  Run Bytes Received By Job
	0  -  Total Bytes Sent By Job
	0  -  Total Bytes Received By Job
	Partitionable Resources :    Usage  Request Allocated 
	   Cpus                 :                 1         1 
	   Disk (KB)            :       27       27    473452 
	   Memory (MB)          :      426        1       128 

	Job terminated of its own accord at 2025-01-24T02:49:28Z with exit-code 0.
...
