000 (269841.000.000) 2025-01-21 23:10:58 Job submitted from host: <192.168.0.102:9618?addrs=192.168.0.102-9618&alias=submitter&noUDP&sock=schedd_2032_5c88>
...
001 (269841.000.000) 2025-01-21 23:11:04 Job executing on host: <192.168.0.151:9618?addrs=192.168.0.151-9618&alias=node151.di.rm1&noUDP&sock=startd_1528_a8cd>
...
006 (269841.000.000) 2025-01-21 23:11:14 Image size of job updated: 433500
	424  -  MemoryUsage of job (MB)
	433500  -  ResidentSetSize of job (KB)
...
006 (269841.000.000) 2025-01-21 23:12:01 Image size of job updated: 2392512
	425  -  MemoryUsage of job (MB)
	434556  -  ResidentSetSize of job (KB)
...
004 (269841.000.000) 2025-01-21 23:12:01 Job was evicted.
	(0) CPU times
		Usr 0 00:00:53, Sys 0 00:00:01  -  Run Remote Usage
		Usr 0 00:00:00, Sys 0 00:00:00  -  Run Local Usage
	0  -  Run Bytes Sent By Job
	0  -  Run Bytes Received By Job
	Partitionable Resources :    Usage  Request Allocated 
	   Cpus                 :                 1         1 
	   Disk (KB)            :       27       27    474791 
	   Memory (MB)          :      425        1       128 
...
009 (269841.000.000) 2025-01-21 23:12:02 Job was aborted.
	via condor_rm (by user calzona_2046920)
...
000 (275999.000.000) 2025-01-24 03:44:58 Job submitted from host: <192.168.0.102:9618?addrs=192.168.0.102-9618&alias=submitter&noUDP&sock=schedd_2032_5c88>
...
001 (275999.000.000) 2025-01-24 03:44:59 Job executing on host: <192.168.0.149:9618?addrs=192.168.0.149-9618&alias=node149.di.rm1&noUDP&sock=startd_1551_6f7a>
...
006 (275999.000.000) 2025-01-24 03:45:08 Image size of job updated: 443652
	434  -  MemoryUsage of job (MB)
	443652  -  ResidentSetSize of job (KB)
...
006 (275999.000.000) 2025-01-24 03:47:00 Image size of job updated: 5840804
	434  -  MemoryUsage of job (MB)
	443652  -  ResidentSetSize of job (KB)
...
004 (275999.000.000) 2025-01-24 03:47:00 Job was evicted.
	(0) CPU times
		Usr 0 00:01:57, Sys 0 00:00:02  -  Run Remote Usage
		Usr 0 00:00:00, Sys 0 00:00:00  -  Run Local Usage
	0  -  Run Bytes Sent By Job
	0  -  Run Bytes Received By Job
	Partitionable Resources :    Usage  Request Allocated 
	   Cpus                 :                 1         1 
	   Disk (KB)            :       27       27    471944 
	   Memory (MB)          :      434        1       128 
...
009 (275999.000.000) 2025-01-24 03:47:00 Job was aborted.
	via condor_rm (by user calzona_2046920)
...
