000 (281191.000.000) 2025-01-25 19:20:18 Job submitted from host: <192.168.0.102:9618?addrs=192.168.0.102-9618&alias=submitter&noUDP&sock=schedd_2032_5c88>
...
014 (281191.000.001) 2025-01-25 19:20:25 Node 1 executing on host: <192.168.0.141:9618?addrs=192.168.0.141-9618&alias=node141.di.rm1&noUDP&sock=startd_2077_3a4b>
...
014 (281191.000.002) 2025-01-25 19:20:25 Node 2 executing on host: <192.168.0.135:9618?addrs=192.168.0.135-9618&alias=node135.di.rm1&noUDP&sock=startd_2000_6980>
...
014 (281191.000.004) 2025-01-25 19:20:25 Node 4 executing on host: <192.168.0.114:9618?addrs=192.168.0.114-9618&alias=node114.di.rm1&noUDP&sock=startd_2075_db1b>
...
014 (281191.000.003) 2025-01-25 19:20:25 Node 3 executing on host: <192.168.0.121:9618?addrs=192.168.0.121-9618&alias=node121.di.rm1&noUDP&sock=startd_2146_8e54>
...
014 (281191.000.005) 2025-01-25 19:20:25 Node 5 executing on host: <192.168.0.130:9618?addrs=192.168.0.130-9618&alias=node130.di.rm1&noUDP&sock=startd_2751195_838e>
...
014 (281191.000.007) 2025-01-25 19:20:25 Node 7 executing on host: <192.168.0.106:9618?addrs=192.168.0.106-9618&alias=node106.di.rm1&noUDP&sock=startd_1970_d5a9>
...
014 (281191.000.000) 2025-01-25 19:20:25 Node 0 executing on host: <192.168.0.143:9618?addrs=192.168.0.143-9618&alias=node143.di.rm1&noUDP&sock=startd_2061_40c7>
...
014 (281191.000.006) 2025-01-25 19:20:25 Node 6 executing on host: <192.168.0.143:9618?addrs=192.168.0.143-9618&alias=node143.di.rm1&noUDP&sock=startd_2061_40c7>
...
001 (281191.000.000) 2025-01-25 19:20:25 Job executing on host: MPI_job
...
008 (281191.000.000) 2025-01-25 19:20:27 Launching orted on Node 5 of 8
...
008 (281191.000.000) 2025-01-25 19:20:27 Launching orted on Node 3 of 8
...
008 (281191.000.000) 2025-01-25 19:20:27 Launching orted on Node 2 of 8
...
008 (281191.000.000) 2025-01-25 19:20:27 Launching orted on Node 7 of 8
...
008 (281191.000.000) 2025-01-25 19:20:28 Launching orted on Node 1 of 8
...
008 (281191.000.000) 2025-01-25 19:20:28 Launching orted on Node 4 of 8
...
008 (281191.000.000) 2025-01-25 19:20:28 Launching orted on Node 6 of 8
...
008 (281191.000.000) 2025-01-25 19:20:28 Launching orted on Node 0 of 8
...
008 (281191.000.000) 2025-01-25 19:20:38 orted exited on Node 5 of 8
...
008 (281191.000.000) 2025-01-25 19:20:38 orted exited on Node 2 of 8
...
008 (281191.000.000) 2025-01-25 19:20:38 orted exited on Node 4 of 8
...
008 (281191.000.000) 2025-01-25 19:20:38 orted exited on Node 3 of 8
...
008 (281191.000.000) 2025-01-25 19:20:38 orted exited on Node 7 of 8
...
008 (281191.000.000) 2025-01-25 19:20:38 orted exited on Node 1 of 8
...
008 (281191.000.000) 2025-01-25 19:20:38 orted exited on Node 6 of 8
...
008 (281191.000.000) 2025-01-25 19:20:38 orted exited on Node 0 of 8
...
015 (281191.000.005) 2025-01-25 19:20:38 Node 5 terminated.
	(1) Normal termination (return value 0)
		Usr 0 00:00:08, Sys 0 00:00:01  -  Run Remote Usage
		Usr 0 00:00:00, Sys 0 00:00:00  -  Run Local Usage
		Usr 0 00:00:08, Sys 0 00:00:01  -  Total Remote Usage
		Usr 0 00:00:00, Sys 0 00:00:00  -  Total Local Usage
	2165  -  Run Bytes Sent By Node
	33639  -  Run Bytes Received By Node
	2165  -  Total Bytes Sent By Node
	33639  -  Total Bytes Received By Node
...
015 (281191.000.003) 2025-01-25 19:20:38 Node 3 terminated.
	(1) Normal termination (return value 0)
		Usr 0 00:00:08, Sys 0 00:00:01  -  Run Remote Usage
		Usr 0 00:00:00, Sys 0 00:00:00  -  Run Local Usage
		Usr 0 00:00:08, Sys 0 00:00:01  -  Total Remote Usage
		Usr 0 00:00:00, Sys 0 00:00:00  -  Total Local Usage
	2165  -  Run Bytes Sent By Node
	33639  -  Run Bytes Received By Node
	2165  -  Total Bytes Sent By Node
	33639  -  Total Bytes Received By Node
...
015 (281191.000.007) 2025-01-25 19:20:38 Node 7 terminated.
	(1) Normal termination (return value 0)
		Usr 0 00:00:08, Sys 0 00:00:01  -  Run Remote Usage
		Usr 0 00:00:00, Sys 0 00:00:00  -  Run Local Usage
		Usr 0 00:00:08, Sys 0 00:00:01  -  Total Remote Usage
		Usr 0 00:00:00, Sys 0 00:00:00  -  Total Local Usage
	2165  -  Run Bytes Sent By Node
	33639  -  Run Bytes Received By Node
	2165  -  Total Bytes Sent By Node
	33639  -  Total Bytes Received By Node
...
015 (281191.000.001) 2025-01-25 19:20:38 Node 1 terminated.
	(1) Normal termination (return value 0)
		Usr 0 00:00:08, Sys 0 00:00:00  -  Run Remote Usage
		Usr 0 00:00:00, Sys 0 00:00:00  -  Run Local Usage
		Usr 0 00:00:08, Sys 0 00:00:00  -  Total Remote Usage
		Usr 0 00:00:00, Sys 0 00:00:00  -  Total Local Usage
	2165  -  Run Bytes Sent By Node
	33639  -  Run Bytes Received By Node
	2165  -  Total Bytes Sent By Node
	33639  -  Total Bytes Received By Node
...
015 (281191.000.004) 2025-01-25 19:20:38 Node 4 terminated.
	(1) Normal termination (return value 0)
		Usr 0 00:00:08, Sys 0 00:00:00  -  Run Remote Usage
		Usr 0 00:00:00, Sys 0 00:00:00  -  Run Local Usage
		Usr 0 00:00:08, Sys 0 00:00:00  -  Total Remote Usage
		Usr 0 00:00:00, Sys 0 00:00:00  -  Total Local Usage
	2165  -  Run Bytes Sent By Node
	33639  -  Run Bytes Received By Node
	2165  -  Total Bytes Sent By Node
	33639  -  Total Bytes Received By Node
...
015 (281191.000.002) 2025-01-25 19:20:38 Node 2 terminated.
	(1) Normal termination (return value 0)
		Usr 0 00:00:08, Sys 0 00:00:00  -  Run Remote Usage
		Usr 0 00:00:00, Sys 0 00:00:00  -  Run Local Usage
		Usr 0 00:00:08, Sys 0 00:00:00  -  Total Remote Usage
		Usr 0 00:00:00, Sys 0 00:00:00  -  Total Local Usage
	2165  -  Run Bytes Sent By Node
	33639  -  Run Bytes Received By Node
	2165  -  Total Bytes Sent By Node
	33639  -  Total Bytes Received By Node
...
015 (281191.000.006) 2025-01-25 19:20:38 Node 6 terminated.
	(1) Normal termination (return value 0)
		Usr 0 00:00:09, Sys 0 00:00:00  -  Run Remote Usage
		Usr 0 00:00:00, Sys 0 00:00:00  -  Run Local Usage
		Usr 0 00:00:09, Sys 0 00:00:00  -  Total Remote Usage
		Usr 0 00:00:00, Sys 0 00:00:00  -  Total Local Usage
	0  -  Run Bytes Sent By Node
	33639  -  Run Bytes Received By Node
	0  -  Total Bytes Sent By Node
	33639  -  Total Bytes Received By Node
...
015 (281191.000.000) 2025-01-25 19:20:38 Node 0 terminated.
	(1) Normal termination (return value 0)
		Usr 0 00:00:00, Sys 0 00:00:00  -  Run Remote Usage
		Usr 0 00:00:00, Sys 0 00:00:00  -  Run Local Usage
		Usr 0 00:00:00, Sys 0 00:00:00  -  Total Remote Usage
		Usr 0 00:00:00, Sys 0 00:00:00  -  Total Local Usage
	3731  -  Run Bytes Sent By Node
	33639  -  Run Bytes Received By Node
	3731  -  Total Bytes Sent By Node
	33639  -  Total Bytes Received By Node
...
005 (281191.000.000) 2025-01-25 19:20:38 Job terminated.
	(1) Normal termination (return value 0)
		Usr 0 00:00:57, Sys 0 00:00:03  -  Run Remote Usage
		Usr 0 00:00:00, Sys 0 00:00:00  -  Run Local Usage
		Usr 0 00:00:00, Sys 0 00:00:00  -  Total Remote Usage
		Usr 0 00:00:00, Sys 0 00:00:00  -  Total Local Usage
	16721  -  Run Bytes Sent By Job
	269112  -  Run Bytes Received By Job
	16721  -  Total Bytes Sent By Job
	269112  -  Total Bytes Received By Job
	Partitionable Resources :    Usage  Request Allocated 
	   Cpus                 :                 1         1 
	   Disk (KB)            :       51       35    459633 
	   Memory (MB)          :      310        1     40960 

	Job terminated of its own accord at 2025-01-25T19:20:38Z with exit-code 0.
...
000 (288398.000.000) 2025-01-28 19:46:00 Job submitted from host: <192.168.0.102:9618?addrs=192.168.0.102-9618&alias=submitter&noUDP&sock=schedd_2032_5c88>
...
014 (288398.000.006) 2025-01-28 19:46:04 Node 6 executing on host: <192.168.0.130:9618?addrs=192.168.0.130-9618&alias=node130.di.rm1&noUDP&sock=startd_2751195_838e>
...
014 (288398.000.007) 2025-01-28 19:46:04 Node 7 executing on host: <192.168.0.106:9618?addrs=192.168.0.106-9618&alias=node106.di.rm1&noUDP&sock=startd_1970_d5a9>
...
014 (288398.000.000) 2025-01-28 19:46:04 Node 0 executing on host: <192.168.0.149:9618?addrs=192.168.0.149-9618&alias=node149.di.rm1&noUDP&sock=startd_1551_6f7a>
...
014 (288398.000.004) 2025-01-28 19:46:04 Node 4 executing on host: <192.168.0.120:9618?addrs=192.168.0.120-9618&alias=node120.di.rm1&noUDP&sock=startd_2096_4298>
...
014 (288398.000.002) 2025-01-28 19:46:04 Node 2 executing on host: <192.168.0.105:9618?addrs=192.168.0.105-9618&alias=node105.di.rm1&noUDP&sock=startd_1951_cd5c>
...
014 (288398.000.003) 2025-01-28 19:46:04 Node 3 executing on host: <192.168.0.115:9618?addrs=192.168.0.115-9618&alias=node115.di.rm1&noUDP&sock=startd_1101621_f4a0>
...
014 (288398.000.001) 2025-01-28 19:46:04 Node 1 executing on host: <192.168.0.123:9618?addrs=192.168.0.123-9618&alias=node123.di.rm1&noUDP&sock=startd_2149_9d1d>
...
014 (288398.000.005) 2025-01-28 19:46:04 Node 5 executing on host: <192.168.0.135:9618?addrs=192.168.0.135-9618&alias=node135.di.rm1&noUDP&sock=startd_2000_6980>
...
001 (288398.000.000) 2025-01-28 19:46:04 Job executing on host: MPI_job
...
008 (288398.000.000) 2025-01-28 19:46:06 Launching orted on Node 6 of 8
...
008 (288398.000.000) 2025-01-28 19:46:06 Launching orted on Node 7 of 8
...
008 (288398.000.000) 2025-01-28 19:46:06 Launching orted on Node 0 of 8
...
008 (288398.000.000) 2025-01-28 19:46:06 Launching orted on Node 4 of 8
...
008 (288398.000.000) 2025-01-28 19:46:06 Launching orted on Node 3 of 8
...
008 (288398.000.000) 2025-01-28 19:46:06 Launching orted on Node 2 of 8
...
008 (288398.000.000) 2025-01-28 19:46:06 Launching orted on Node 1 of 8
...
008 (288398.000.000) 2025-01-28 19:46:06 Launching orted on Node 5 of 8
...
008 (288398.000.000) 2025-01-28 19:46:15 orted exited on Node 3 of 8
...
008 (288398.000.000) 2025-01-28 19:46:15 orted exited on Node 4 of 8
...
008 (288398.000.000) 2025-01-28 19:46:15 orted exited on Node 2 of 8
...
008 (288398.000.000) 2025-01-28 19:46:15 orted exited on Node 5 of 8
...
008 (288398.000.000) 2025-01-28 19:46:15 orted exited on Node 6 of 8
...
008 (288398.000.000) 2025-01-28 19:46:15 orted exited on Node 7 of 8
...
008 (288398.000.000) 2025-01-28 19:46:15 orted exited on Node 0 of 8
...
008 (288398.000.000) 2025-01-28 19:46:15 orted exited on Node 1 of 8
...
015 (288398.000.007) 2025-01-28 19:46:15 Node 7 terminated.
	(1) Normal termination (return value 0)
		Usr 0 00:00:08, Sys 0 00:00:01  -  Run Remote Usage
		Usr 0 00:00:00, Sys 0 00:00:00  -  Run Local Usage
		Usr 0 00:00:08, Sys 0 00:00:01  -  Total Remote Usage
		Usr 0 00:00:00, Sys 0 00:00:00  -  Total Local Usage
	2165  -  Run Bytes Sent By Node
	33631  -  Run Bytes Received By Node
	2165  -  Total Bytes Sent By Node
	33631  -  Total Bytes Received By Node
...
015 (288398.000.000) 2025-01-28 19:46:15 Node 0 terminated.
	(1) Normal termination (return value 0)
		Usr 0 00:00:00, Sys 0 00:00:00  -  Run Remote Usage
		Usr 0 00:00:00, Sys 0 00:00:00  -  Run Local Usage
		Usr 0 00:00:00, Sys 0 00:00:00  -  Total Remote Usage
		Usr 0 00:00:00, Sys 0 00:00:00  -  Total Local Usage
	3265  -  Run Bytes Sent By Node
	33631  -  Run Bytes Received By Node
	3265  -  Total Bytes Sent By Node
	33631  -  Total Bytes Received By Node
...
015 (288398.000.001) 2025-01-28 19:46:15 Node 1 terminated.
	(1) Normal termination (return value 0)
		Usr 0 00:00:08, Sys 0 00:00:00  -  Run Remote Usage
		Usr 0 00:00:00, Sys 0 00:00:00  -  Run Local Usage
		Usr 0 00:00:08, Sys 0 00:00:00  -  Total Remote Usage
		Usr 0 00:00:00, Sys 0 00:00:00  -  Total Local Usage
	2187  -  Run Bytes Sent By Node
	33631  -  Run Bytes Received By Node
	2187  -  Total Bytes Sent By Node
	33631  -  Total Bytes Received By Node
...
015 (288398.000.003) 2025-01-28 19:46:15 Node 3 terminated.
	(1) Normal termination (return value 0)
		Usr 0 00:00:08, Sys 0 00:00:01  -  Run Remote Usage
		Usr 0 00:00:00, Sys 0 00:00:00  -  Run Local Usage
		Usr 0 00:00:08, Sys 0 00:00:01  -  Total Remote Usage
		Usr 0 00:00:00, Sys 0 00:00:00  -  Total Local Usage
	2165  -  Run Bytes Sent By Node
	33631  -  Run Bytes Received By Node
	2165  -  Total Bytes Sent By Node
	33631  -  Total Bytes Received By Node
...
005 (288398.000.000) 2025-01-28 19:46:16 Job terminated.
	(1) Normal termination (return value 0)
		Usr 0 00:00:57, Sys 0 00:00:02  -  Run Remote Usage
		Usr 0 00:00:00, Sys 0 00:00:00  -  Run Local Usage
		Usr 0 00:00:00, Sys 0 00:00:00  -  Total Remote Usage
		Usr 0 00:00:00, Sys 0 00:00:00  -  Total Local Usage
	18464  -  Run Bytes Sent By Job
	269048  -  Run Bytes Received By Job
	18464  -  Total Bytes Sent By Job
	269048  -  Total Bytes Received By Job
	Partitionable Resources :    Usage  Request Allocated 
	   Cpus                 :                 1         2 
	   Disk (KB)            :       51       35 102883670 
	   Memory (MB)          :      377        1    100096 

	Job terminated of its own accord at 2025-01-28T19:46:15Z with exit-code 0.
...
