000 (260815.000.000) 2025-01-12 10:03:57 Job submitted from host: <192.168.0.102:9618?addrs=192.168.0.102-9618&alias=submitter&noUDP&sock=schedd_2032_5c88>
...
001 (260815.000.000) 2025-01-12 10:04:15 Job executing on host: <192.168.0.135:9618?addrs=192.168.0.135-9618&alias=node135.di.rm1&noUDP&sock=startd_2000_6980>
...
006 (260815.000.000) 2025-01-12 10:04:15 Image size of job updated: 2684
	2  -  MemoryUsage of job (MB)
	1496  -  ResidentSetSize of job (KB)
...
005 (260815.000.000) 2025-01-12 10:04:15 Job terminated.
	(1) Normal termination (return value 0)
		Usr 0 00:00:00, Sys 0 00:00:00  -  Run Remote Usage
		Usr 0 00:00:00, Sys 0 00:00:00  -  Run Local Usage
		Usr 0 00:00:00, Sys 0 00:00:00  -  Total Remote Usage
		Usr 0 00:00:00, Sys 0 00:00:00  -  Total Local Usage
	0  -  Run Bytes Sent By Job
	0  -  Run Bytes Received By Job
	0  -  Total Bytes Sent By Job
	0  -  Total Bytes Received By Job
	Partitionable Resources :    Usage  Request Allocated 
	   Cpus                 :                 1         1 
	   Disk (KB)            :       27       27    470875 
	   Memory (MB)          :        2        1       128 

	Job terminated of its own accord at 2025-01-12T10:04:15Z with exit-code 0.
...
000 (260863.000.000) 2025-01-12 10:09:05 Job submitted from host: <192.168.0.102:9618?addrs=192.168.0.102-9618&alias=submitter&noUDP&sock=schedd_2032_5c88>
...
001 (260863.000.000) 2025-01-12 10:09:07 Job executing on host: <192.168.0.135:9618?addrs=192.168.0.135-9618&alias=node135.di.rm1&noUDP&sock=startd_2000_6980>
...
006 (260863.000.000) 2025-01-12 10:09:07 Image size of job updated: 2684
	2  -  MemoryUsage of job (MB)
	1496  -  ResidentSetSize of job (KB)
...
005 (260863.000.000) 2025-01-12 10:09:07 Job terminated.
	(1) Normal termination (return value 0)
		Usr 0 00:00:00, Sys 0 00:00:00  -  Run Remote Usage
		Usr 0 00:00:00, Sys 0 00:00:00  -  Run Local Usage
		Usr 0 00:00:00, Sys 0 00:00:00  -  Total Remote Usage
		Usr 0 00:00:00, Sys 0 00:00:00  -  Total Local Usage
	0  -  Run Bytes Sent By Job
	0  -  Run Bytes Received By Job
	0  -  Total Bytes Sent By Job
	0  -  Total Bytes Received By Job
	Partitionable Resources :    Usage  Request Allocated 
	   Cpus                 :                 1         1 
	   Disk (KB)            :       27       27    470875 
	   Memory (MB)          :        2        1       128 

	Job terminated of its own accord at 2025-01-12T10:09:07Z with exit-code 0.
...
000 (260950.000.000) 2025-01-12 11:05:33 Job submitted from host: <192.168.0.102:9618?addrs=192.168.0.102-9618&alias=submitter&noUDP&sock=schedd_2032_5c88>
...
001 (260950.000.000) 2025-01-12 11:05:36 Job executing on host: <192.168.0.148:9618?addrs=192.168.0.148-9618&alias=node148.di.rm1&noUDP&sock=startd_1547_b119>
...
006 (260950.000.000) 2025-01-12 11:05:45 Image size of job updated: 398284
	371  -  MemoryUsage of job (MB)
	379236  -  ResidentSetSize of job (KB)
...
006 (260950.000.000) 2025-01-12 11:10:45 Image size of job updated: 14673200
	14330  -  MemoryUsage of job (MB)
	14673200  -  ResidentSetSize of job (KB)
...
