000 (263977.000.000) 2025-01-17 11:21:09 Job submitted from host: <192.168.0.102:9618?addrs=192.168.0.102-9618&alias=submitter&noUDP&sock=schedd_2032_5c88>
...
001 (263977.000.000) 2025-01-17 11:21:13 Job executing on host: <192.168.0.142:9618?addrs=192.168.0.142-9618&alias=node142.di.rm1&noUDP&sock=startd_1996_ab1f>
...
006 (263977.000.000) 2025-01-17 11:21:22 Image size of job updated: 52564
	28  -  MemoryUsage of job (MB)
	27720  -  ResidentSetSize of job (KB)
...
005 (263977.000.000) 2025-01-17 11:25:25 Job terminated.
	(1) Normal termination (return value 0)
		Usr 0 00:05:33, Sys 0 00:00:00  -  Run Remote Usage
		Usr 0 00:00:00, Sys 0 00:00:00  -  Run Local Usage
		Usr 0 00:05:33, Sys 0 00:00:00  -  Total Remote Usage
		Usr 0 00:00:00, Sys 0 00:00:00  -  Total Local Usage
	0  -  Run Bytes Sent By Job
	0  -  Run Bytes Received By Job
	0  -  Total Bytes Sent By Job
	0  -  Total Bytes Received By Job
	Partitionable Resources :    Usage  Request Allocated 
	   Cpus                 :     1.01        1         1 
	   Disk (KB)            :    27          27    459874 
	   Memory (MB)          :    28           1       128 

	Job terminated of its own accord at 2025-01-17T11:25:24Z with exit-code 0.
...
