000 (268760.000.000) 2025-01-21 22:03:47 Job submitted from host: <192.168.0.102:9618?addrs=192.168.0.102-9618&alias=submitter&noUDP&sock=schedd_2032_5c88>
...
001 (268760.000.000) 2025-01-21 22:03:49 Job executing on host: <192.168.0.130:9618?addrs=192.168.0.130-9618&alias=node130.di.rm1&noUDP&sock=startd_2751195_838e>
...
006 (268760.000.000) 2025-01-21 22:03:57 Image size of job updated: 285508
	273  -  MemoryUsage of job (MB)
	279048  -  ResidentSetSize of job (KB)
...
005 (268760.000.000) 2025-01-21 22:03:59 Job terminated.
	(1) Normal termination (return value 0)
		Usr 0 00:00:10, Sys 0 00:00:01  -  Run Remote Usage
		Usr 0 00:00:00, Sys 0 00:00:00  -  Run Local Usage
		Usr 0 00:00:10, Sys 0 00:00:01  -  Total Remote Usage
		Usr 0 00:00:00, Sys 0 00:00:00  -  Total Local Usage
	0  -  Run Bytes Sent By Job
	0  -  Run Bytes Received By Job
	0  -  Total Bytes Sent By Job
	0  -  Total Bytes Received By Job
	Partitionable Resources :    Usage  Request Allocated 
	   Cpus                 :                 1         1 
	   Disk (KB)            :       27       27    472313 
	   Memory (MB)          :      273        1       128 

	Job terminated of its own accord at 2025-01-21T22:03:59Z with exit-code 0.
...
000 (268911.000.000) 2025-01-21 22:11:24 Job submitted from host: <192.168.0.102:9618?addrs=192.168.0.102-9618&alias=submitter&noUDP&sock=schedd_2032_5c88>
...
001 (268911.000.000) 2025-01-21 22:11:25 Job executing on host: <192.168.0.130:9618?addrs=192.168.0.130-9618&alias=node130.di.rm1&noUDP&sock=startd_2751195_838e>
...
006 (268911.000.000) 2025-01-21 22:11:33 Image size of job updated: 281688
	276  -  MemoryUsage of job (MB)
	281688  -  ResidentSetSize of job (KB)
...
006 (268911.000.000) 2025-01-21 22:11:34 Image size of job updated: 285508
	276  -  MemoryUsage of job (MB)
	281688  -  ResidentSetSize of job (KB)
...
005 (268911.000.000) 2025-01-21 22:11:34 Job terminated.
	(1) Normal termination (return value 0)
		Usr 0 00:00:08, Sys 0 00:00:00  -  Run Remote Usage
		Usr 0 00:00:00, Sys 0 00:00:00  -  Run Local Usage
		Usr 0 00:00:08, Sys 0 00:00:00  -  Total Remote Usage
		Usr 0 00:00:00, Sys 0 00:00:00  -  Total Local Usage
	0  -  Run Bytes Sent By Job
	0  -  Run Bytes Received By Job
	0  -  Total Bytes Sent By Job
	0  -  Total Bytes Received By Job
	Partitionable Resources :    Usage  Request Allocated 
	   Cpus                 :                 1         1 
	   Disk (KB)            :       27       27    472313 
	   Memory (MB)          :      276        1       128 

	Job terminated of its own accord at 2025-01-21T22:11:34Z with exit-code 0.
...
