000 (280627.000.000) 2025-01-25 17:06:57 Job submitted from host: <192.168.0.102:9618?addrs=192.168.0.102-9618&alias=submitter&noUDP&sock=schedd_2032_5c88>
...
014 (280627.000.000) 2025-01-25 17:07:00 Node 0 executing on host: <192.168.0.104:9618?addrs=192.168.0.104-9618&alias=node104.di.rm1&noUDP&sock=startd_1987_7ec5>
...
014 (280627.000.001) 2025-01-25 17:07:00 Node 1 executing on host: <192.168.0.134:9618?addrs=192.168.0.134-9618&alias=node134.di.rm1&noUDP&sock=startd_2073_7bea>
...
001 (280627.000.000) 2025-01-25 17:07:00 Job executing on host: MPI_job
...
008 (280627.000.000) 2025-01-25 17:07:02 Launching orted on Node 0 of 2
...
008 (280627.000.000) 2025-01-25 17:07:02 Launching orted on Node 1 of 2
...
008 (280627.000.000) 2025-01-25 17:07:08 orted exited on Node 0 of 2
...
008 (280627.000.000) 2025-01-25 17:07:08 orted exited on Node 1 of 2
...
015 (280627.000.000) 2025-01-25 17:07:08 Node 0 terminated.
	(1) Normal termination (return value 0)
		Usr 0 00:00:05, Sys 0 00:00:01  -  Run Remote Usage
		Usr 0 00:00:00, Sys 0 00:00:00  -  Run Local Usage
		Usr 0 00:00:05, Sys 0 00:00:01  -  Total Remote Usage
		Usr 0 00:00:00, Sys 0 00:00:00  -  Total Local Usage
	3258  -  Run Bytes Sent By Node
	33639  -  Run Bytes Received By Node
	3258  -  Total Bytes Sent By Node
	33639  -  Total Bytes Received By Node
...
005 (280627.000.000) 2025-01-25 17:07:08 Job terminated.
	(1) Normal termination (return value 0)
		Usr 0 00:00:11, Sys 0 00:00:01  -  Run Remote Usage
		Usr 0 00:00:00, Sys 0 00:00:00  -  Run Local Usage
		Usr 0 00:00:05, Sys 0 00:00:01  -  Total Remote Usage
		Usr 0 00:00:00, Sys 0 00:00:00  -  Total Local Usage
	3258  -  Run Bytes Sent By Job
	67278  -  Run Bytes Received By Job
	3258  -  Total Bytes Sent By Job
	67278  -  Total Bytes Received By Job
	Partitionable Resources :    Usage  Request Allocated 
	   Cpus                 :                 1         2 
	   Disk (KB)            :       49       35 102792276 
	   Memory (MB)          :        7        0    100096 

	Job terminated of its own accord at 2025-01-25T17:07:08Z with exit-code 0.
...
