000 (268308.000.000) 2025-01-21 21:43:20 Job submitted from host: <192.168.0.102:9618?addrs=192.168.0.102-9618&alias=submitter&noUDP&sock=schedd_2032_5c88>
...
001 (268308.000.000) 2025-01-21 21:43:34 Job executing on host: <192.168.0.137:9618?addrs=192.168.0.137-9618&alias=node137.di.rm1&noUDP&sock=startd_1934_2440>
...
006 (268308.000.000) 2025-01-21 21:43:43 Image size of job updated: 1324156
	855  -  MemoryUsage of job (MB)
	875292  -  ResidentSetSize of job (KB)
...
006 (268308.000.000) 2025-01-21 21:44:21 Image size of job updated: 4546740
	857  -  MemoryUsage of job (MB)
	876612  -  ResidentSetSize of job (KB)
...
004 (268308.000.000) 2025-01-21 21:44:22 Job was evicted.
	(0) CPU times
		Usr 0 00:00:45, Sys 0 00:00:01  -  Run Remote Usage
		Usr 0 00:00:00, Sys 0 00:00:00  -  Run Local Usage
	0  -  Run Bytes Sent By Job
	0  -  Run Bytes Received By Job
	Partitionable Resources :    Usage  Request Allocated 
	   Cpus                 :                 1         1 
	   Disk (KB)            :       27       27    391050 
	   Memory (MB)          :      857        1       128 
...
009 (268308.000.000) 2025-01-21 21:44:22 Job was aborted.
	via condor_rm (by user calzona_2046920)
...
000 (268470.000.000) 2025-01-21 21:50:04 Job submitted from host: <192.168.0.102:9618?addrs=192.168.0.102-9618&alias=submitter&noUDP&sock=schedd_2032_5c88>
...
001 (268470.000.000) 2025-01-21 21:50:05 Job executing on host: <192.168.0.137:9618?addrs=192.168.0.137-9618&alias=node137.di.rm1&noUDP&sock=startd_1934_2440>
...
006 (268470.000.000) 2025-01-21 21:50:14 Image size of job updated: 1117972
	729  -  MemoryUsage of job (MB)
	745932  -  ResidentSetSize of job (KB)
...
006 (268470.000.000) 2025-01-21 21:51:06 Image size of job updated: 6380284
	730  -  MemoryUsage of job (MB)
	746856  -  ResidentSetSize of job (KB)
...
004 (268470.000.000) 2025-01-21 21:51:07 Job was evicted.
	(0) CPU times
		Usr 0 00:00:58, Sys 0 00:00:01  -  Run Remote Usage
		Usr 0 00:00:00, Sys 0 00:00:00  -  Run Local Usage
	0  -  Run Bytes Sent By Job
	0  -  Run Bytes Received By Job
	Partitionable Resources :    Usage  Request Allocated 
	   Cpus                 :     0.02        1         1 
	   Disk (KB)            :    27          27    391050 
	   Memory (MB)          :   730           1       128 
...
009 (268470.000.000) 2025-01-21 21:51:07 Job was aborted.
	via condor_rm (by user calzona_2046920)
...
