000 (265251.000.000) 2025-01-17 11:21:49 Job submitted from host: <192.168.0.102:9618?addrs=192.168.0.102-9618&alias=submitter&noUDP&sock=schedd_2032_5c88>
...
001 (265251.000.000) 2025-01-17 11:21:54 Job executing on host: <192.168.0.146:9618?addrs=192.168.0.146-9618&alias=node146.di.rm1&noUDP&sock=startd_1984_6ffc>
...
006 (265251.000.000) 2025-01-17 11:22:03 Image size of job updated: 250800
	245  -  MemoryUsage of job (MB)
	250800  -  ResidentSetSize of job (KB)
...
006 (265251.000.000) 2025-01-17 11:28:21 Image size of job updated: 5950296
	5575  -  MemoryUsage of job (MB)
	5708404  -  ResidentSetSize of job (KB)
...
006 (265251.000.000) 2025-01-17 11:33:26 Image size of job updated: 6557840
	6159  -  MemoryUsage of job (MB)
	6306660  -  ResidentSetSize of job (KB)
...
006 (265251.000.000) 2025-01-17 11:33:27 Image size of job updated: 6557840
	6201  -  MemoryUsage of job (MB)
	6349164  -  ResidentSetSize of job (KB)
...
004 (265251.000.000) 2025-01-17 11:33:27 Job was evicted.
	(0) CPU times
		Usr 0 00:02:57, Sys 0 00:02:11  -  Run Remote Usage
		Usr 0 00:00:00, Sys 0 00:00:00  -  Run Local Usage
	0  -  Run Bytes Sent By Job
	0  -  Run Bytes Received By Job
	Partitionable Resources :    Usage  Request Allocated 
	   Cpus                 :     0.41        1         1 
	   Disk (KB)            :    27          27    466414 
	   Memory (MB)          :  6201           1       128 
...
009 (265251.000.000) 2025-01-17 11:33:27 Job was aborted.
	via condor_rm (by user calzona_2046920)
...
