000 (280605.000.000) 2025-01-25 17:05:30 Job submitted from host: <192.168.0.102:9618?addrs=192.168.0.102-9618&alias=submitter&noUDP&sock=schedd_2032_5c88>
...
014 (280605.000.000) 2025-01-25 17:05:39 Node 0 executing on host: <192.168.0.134:9618?addrs=192.168.0.134-9618&alias=node134.di.rm1&noUDP&sock=startd_2073_7bea>
...
014 (280605.000.001) 2025-01-25 17:05:39 Node 1 executing on host: <192.168.0.113:9618?addrs=192.168.0.113-9618&alias=node113.di.rm1&noUDP&sock=startd_3668932_c305>
...
001 (280605.000.000) 2025-01-25 17:05:39 Job executing on host: MPI_job
...
008 (280605.000.000) 2025-01-25 17:05:41 Launching orted on Node 0 of 2
...
008 (280605.000.000) 2025-01-25 17:05:41 Launching orted on Node 1 of 2
...
008 (280605.000.000) 2025-01-25 17:05:42 orted exited on Node 0 of 2
...
008 (280605.000.000) 2025-01-25 17:05:42 orted exited on Node 1 of 2
...
015 (280605.000.000) 2025-01-25 17:05:42 Node 0 terminated.
	(1) Normal termination (return value 0)
		Usr 0 00:00:00, Sys 0 00:00:01  -  Run Remote Usage
		Usr 0 00:00:00, Sys 0 00:00:00  -  Run Local Usage
		Usr 0 00:00:00, Sys 0 00:00:01  -  Total Remote Usage
		Usr 0 00:00:00, Sys 0 00:00:00  -  Total Local Usage
	3257  -  Run Bytes Sent By Node
	33639  -  Run Bytes Received By Node
	3257  -  Total Bytes Sent By Node
	33639  -  Total Bytes Received By Node
...
005 (280605.000.000) 2025-01-25 17:05:42 Job terminated.
	(1) Normal termination (return value 0)
		Usr 0 00:00:00, Sys 0 00:00:01  -  Run Remote Usage
		Usr 0 00:00:00, Sys 0 00:00:00  -  Run Local Usage
		Usr 0 00:00:00, Sys 0 00:00:01  -  Total Remote Usage
		Usr 0 00:00:00, Sys 0 00:00:00  -  Total Local Usage
	3257  -  Run Bytes Sent By Job
	67278  -  Run Bytes Received By Job
	3257  -  Total Bytes Sent By Job
	67278  -  Total Bytes Received By Job
	Partitionable Resources :    Usage  Request Allocated 
	   Cpus                 :                 1         2 
	   Disk (KB)            :       49       35 102912899 
	   Memory (MB)          :        0        0    100096 

	Job terminated of its own accord at 2025-01-25T17:05:42Z with exit-code 0.
...
