000 (274158.000.000) 2025-01-23 11:38:54 Job submitted from host: <192.168.0.102:9618?addrs=192.168.0.102-9618&alias=submitter&noUDP&sock=schedd_2032_5c88>
...
014 (274158.000.000) 2025-01-23 11:39:02 Node 0 executing on host: <192.168.0.132:9618?addrs=192.168.0.132-9618&alias=node132.di.rm1&noUDP&sock=startd_1999_b9e8>
...
014 (274158.000.001) 2025-01-23 11:39:02 Node 1 executing on host: <192.168.0.108:9618?addrs=192.168.0.108-9618&alias=node108.di.rm1&noUDP&sock=startd_1979_0203>
...
014 (274158.000.002) 2025-01-23 11:39:02 Node 2 executing on host: <192.168.0.148:9618?addrs=192.168.0.148-9618&alias=node148.di.rm1&noUDP&sock=startd_1547_b119>
...
014 (274158.000.003) 2025-01-23 11:39:02 Node 3 executing on host: <192.168.0.143:9618?addrs=192.168.0.143-9618&alias=node143.di.rm1&noUDP&sock=startd_2061_40c7>
...
001 (274158.000.000) 2025-01-23 11:39:02 Job executing on host: MPI_job
...
008 (274158.000.000) 2025-01-23 11:39:04 Launching orted on Node 0 of 4
...
008 (274158.000.000) 2025-01-23 11:39:04 Launching orted on Node 1 of 4
...
008 (274158.000.000) 2025-01-23 11:39:04 Launching orted on Node 2 of 4
...
008 (274158.000.000) 2025-01-23 11:39:05 Launching orted on Node 3 of 4
...
008 (274158.000.000) 2025-01-23 11:39:08 orted exited on Node 1 of 4
...
008 (274158.000.000) 2025-01-23 11:39:08 orted exited on Node 2 of 4
...
008 (274158.000.000) 2025-01-23 11:39:08 orted exited on Node 0 of 4
...
008 (274158.000.000) 2025-01-23 11:39:08 orted exited on Node 3 of 4
...
015 (274158.000.000) 2025-01-23 11:39:08 Node 0 terminated.
	(1) Normal termination (return value 0)
		Usr 0 00:00:00, Sys 0 00:00:00  -  Run Remote Usage
		Usr 0 00:00:00, Sys 0 00:00:00  -  Run Local Usage
		Usr 0 00:00:00, Sys 0 00:00:00  -  Total Remote Usage
		Usr 0 00:00:00, Sys 0 00:00:00  -  Total Local Usage
	3262  -  Run Bytes Sent By Node
	33639  -  Run Bytes Received By Node
	3262  -  Total Bytes Sent By Node
	33639  -  Total Bytes Received By Node
...
005 (274158.000.000) 2025-01-23 11:39:09 Job terminated.
	(1) Normal termination (return value 0)
		Usr 0 00:00:07, Sys 0 00:00:02  -  Run Remote Usage
		Usr 0 00:00:00, Sys 0 00:00:00  -  Run Local Usage
		Usr 0 00:00:00, Sys 0 00:00:00  -  Total Remote Usage
		Usr 0 00:00:00, Sys 0 00:00:00  -  Total Local Usage
	3262  -  Run Bytes Sent By Job
	134556  -  Run Bytes Received By Job
	3262  -  Total Bytes Sent By Job
	134556  -  Total Bytes Received By Job
	Partitionable Resources :    Usage  Request Allocated 
	   Cpus                 :     0.54        1         2 
	   Disk (KB)            :    55          35 103028807 
	   Memory (MB)          :     0           0    100096 

	Job terminated of its own accord at 2025-01-23T11:39:08Z with exit-code 0.
...
