000 (269785.000.000) 2025-01-21 23:04:48 Job submitted from host: <192.168.0.102:9618?addrs=192.168.0.102-9618&alias=submitter&noUDP&sock=schedd_2032_5c88>
...
001 (269785.000.000) 2025-01-21 23:04:52 Job executing on host: <192.168.0.151:9618?addrs=192.168.0.151-9618&alias=node151.di.rm1&noUDP&sock=startd_1528_a8cd>
...
006 (269785.000.000) 2025-01-21 23:05:02 Image size of job updated: 270204
	264  -  MemoryUsage of job (MB)
	270204  -  ResidentSetSize of job (KB)
...
006 (269785.000.000) 2025-01-21 23:05:51 Image size of job updated: 286072
	264  -  MemoryUsage of job (MB)
	270204  -  ResidentSetSize of job (KB)
...
004 (269785.000.000) 2025-01-21 23:05:51 Job was evicted.
	(0) CPU times
		Usr 0 00:01:44, Sys 0 00:00:00  -  Run Remote Usage
		Usr 0 00:00:00, Sys 0 00:00:00  -  Run Local Usage
	0  -  Run Bytes Sent By Job
	0  -  Run Bytes Received By Job
	Partitionable Resources :    Usage  Request Allocated 
	   Cpus                 :                 1         1 
	   Disk (KB)            :       27       27    474791 
	   Memory (MB)          :      264        1       128 
...
009 (269785.000.000) 2025-01-21 23:05:51 Job was aborted.
	via condor_rm (by user calzona_2046920)
...
000 (275941.000.000) 2025-01-24 03:32:50 Job submitted from host: <192.168.0.102:9618?addrs=192.168.0.102-9618&alias=submitter&noUDP&sock=schedd_2032_5c88>
...
001 (275941.000.000) 2025-01-24 03:32:51 Job executing on host: <192.168.0.151:9618?addrs=192.168.0.151-9618&alias=node151.di.rm1&noUDP&sock=startd_1528_a8cd>
...
006 (275941.000.000) 2025-01-24 03:33:00 Image size of job updated: 271988
	265  -  MemoryUsage of job (MB)
	271196  -  ResidentSetSize of job (KB)
...
006 (275941.000.000) 2025-01-24 03:34:51 Image size of job updated: 286072
	265  -  MemoryUsage of job (MB)
	271196  -  ResidentSetSize of job (KB)
...
004 (275941.000.000) 2025-01-24 03:34:51 Job was evicted.
	(0) CPU times
		Usr 0 00:03:54, Sys 0 00:00:01  -  Run Remote Usage
		Usr 0 00:00:00, Sys 0 00:00:00  -  Run Local Usage
	0  -  Run Bytes Sent By Job
	0  -  Run Bytes Received By Job
	Partitionable Resources :    Usage  Request Allocated 
	   Cpus                 :                 1         1 
	   Disk (KB)            :       27       27    474791 
	   Memory (MB)          :      265        1       128 
...
009 (275941.000.000) 2025-01-24 03:34:51 Job was aborted.
	via condor_rm (by user calzona_2046920)
...
