000 (273934.000.000) 2025-01-23 11:27:25 Job submitted from host: <192.168.0.102:9618?addrs=192.168.0.102-9618&alias=submitter&noUDP&sock=schedd_2032_5c88>
...
014 (273934.000.002) 2025-01-23 11:27:34 Node 2 executing on host: <192.168.0.146:9618?addrs=192.168.0.146-9618&alias=node146.di.rm1&noUDP&sock=startd_1984_6ffc>
...
014 (273934.000.001) 2025-01-23 11:27:34 Node 1 executing on host: <192.168.0.137:9618?addrs=192.168.0.137-9618&alias=node137.di.rm1&noUDP&sock=startd_1934_2440>
...
014 (273934.000.000) 2025-01-23 11:27:34 Node 0 executing on host: <192.168.0.151:9618?addrs=192.168.0.151-9618&alias=node151.di.rm1&noUDP&sock=startd_1528_a8cd>
...
014 (273934.000.003) 2025-01-23 11:27:34 Node 3 executing on host: <192.168.0.111:9618?addrs=192.168.0.111-9618&alias=node111.di.rm1&noUDP&sock=startd_2044_97ab>
...
001 (273934.000.000) 2025-01-23 11:27:34 Job executing on host: MPI_job
...
008 (273934.000.000) 2025-01-23 11:27:36 Launching orted on Node 1 of 4
...
008 (273934.000.000) 2025-01-23 11:27:36 Launching orted on Node 2 of 4
...
008 (273934.000.000) 2025-01-23 11:27:36 Launching orted on Node 0 of 4
...
008 (273934.000.000) 2025-01-23 11:27:36 Launching orted on Node 3 of 4
...
008 (273934.000.000) 2025-01-23 11:27:37 orted exited on Node 1 of 4
...
008 (273934.000.000) 2025-01-23 11:27:37 orted exited on Node 2 of 4
...
008 (273934.000.000) 2025-01-23 11:27:37 orted exited on Node 3 of 4
...
008 (273934.000.000) 2025-01-23 11:27:37 orted exited on Node 0 of 4
...
015 (273934.000.002) 2025-01-23 11:27:37 Node 2 terminated.
	(1) Normal termination (return value 0)
		Usr 0 00:00:00, Sys 0 00:00:00  -  Run Remote Usage
		Usr 0 00:00:00, Sys 0 00:00:00  -  Run Local Usage
		Usr 0 00:00:00, Sys 0 00:00:00  -  Total Remote Usage
		Usr 0 00:00:00, Sys 0 00:00:00  -  Total Local Usage
	2165  -  Run Bytes Sent By Node
	33639  -  Run Bytes Received By Node
	2165  -  Total Bytes Sent By Node
	33639  -  Total Bytes Received By Node
...
015 (273934.000.001) 2025-01-23 11:27:37 Node 1 terminated.
	(1) Normal termination (return value 0)
		Usr 0 00:00:01, Sys 0 00:00:01  -  Run Remote Usage
		Usr 0 00:00:00, Sys 0 00:00:00  -  Run Local Usage
		Usr 0 00:00:01, Sys 0 00:00:01  -  Total Remote Usage
		Usr 0 00:00:00, Sys 0 00:00:00  -  Total Local Usage
	2165  -  Run Bytes Sent By Node
	33639  -  Run Bytes Received By Node
	2165  -  Total Bytes Sent By Node
	33639  -  Total Bytes Received By Node
...
015 (273934.000.000) 2025-01-23 11:27:37 Node 0 terminated.
	(1) Normal termination (return value 0)
		Usr 0 00:00:00, Sys 0 00:00:00  -  Run Remote Usage
		Usr 0 00:00:00, Sys 0 00:00:00  -  Run Local Usage
		Usr 0 00:00:00, Sys 0 00:00:00  -  Total Remote Usage
		Usr 0 00:00:00, Sys 0 00:00:00  -  Total Local Usage
	3262  -  Run Bytes Sent By Node
	33639  -  Run Bytes Received By Node
	3262  -  Total Bytes Sent By Node
	33639  -  Total Bytes Received By Node
...
005 (273934.000.000) 2025-01-23 11:27:37 Job terminated.
	(1) Normal termination (return value 0)
		Usr 0 00:00:02, Sys 0 00:00:02  -  Run Remote Usage
		Usr 0 00:00:00, Sys 0 00:00:00  -  Run Local Usage
		Usr 0 00:00:00, Sys 0 00:00:00  -  Total Remote Usage
		Usr 0 00:00:00, Sys 0 00:00:00  -  Total Local Usage
	7592  -  Run Bytes Sent By Job
	134556  -  Run Bytes Received By Job
	7592  -  Total Bytes Sent By Job
	134556  -  Total Bytes Received By Job
	Partitionable Resources :    Usage  Request Allocated 
	   Cpus                 :                 1         2 
	   Disk (KB)            :       49       35 103029645 
	   Memory (MB)          :        0        0    100096 

	Job terminated of its own accord at 2025-01-23T11:27:37Z with exit-code 0.
...
000 (278682.000.000) 2025-01-24 09:17:48 Job submitted from host: <192.168.0.102:9618?addrs=192.168.0.102-9618&alias=submitter&noUDP&sock=schedd_2032_5c88>
...
014 (278682.000.000) 2025-01-24 09:18:04 Node 0 executing on host: <192.168.0.109:9618?addrs=192.168.0.109-9618&alias=node109.di.rm1&noUDP&sock=startd_1627_90ad>
...
014 (278682.000.002) 2025-01-24 09:18:04 Node 2 executing on host: <192.168.0.124:9618?addrs=192.168.0.124-9618&alias=node124.di.rm1&noUDP&sock=startd_2143_7f8b>
...
014 (278682.000.001) 2025-01-24 09:18:04 Node 1 executing on host: <192.168.0.149:9618?addrs=192.168.0.149-9618&alias=node149.di.rm1&noUDP&sock=startd_1551_6f7a>
...
014 (278682.000.003) 2025-01-24 09:18:04 Node 3 executing on host: <192.168.0.104:9618?addrs=192.168.0.104-9618&alias=node104.di.rm1&noUDP&sock=startd_1987_7ec5>
...
001 (278682.000.000) 2025-01-24 09:18:04 Job executing on host: MPI_job
...
008 (278682.000.000) 2025-01-24 09:18:06 Launching orted on Node 0 of 4
...
008 (278682.000.000) 2025-01-24 09:18:06 Launching orted on Node 2 of 4
...
008 (278682.000.000) 2025-01-24 09:18:06 Launching orted on Node 1 of 4
...
008 (278682.000.000) 2025-01-24 09:18:06 Launching orted on Node 3 of 4
...
008 (278682.000.000) 2025-01-24 09:18:07 orted exited on Node 2 of 4
...
008 (278682.000.000) 2025-01-24 09:18:07 orted exited on Node 1 of 4
...
008 (278682.000.000) 2025-01-24 09:18:07 orted exited on Node 0 of 4
...
008 (278682.000.000) 2025-01-24 09:18:07 orted exited on Node 3 of 4
...
015 (278682.000.000) 2025-01-24 09:18:07 Node 0 terminated.
	(1) Normal termination (return value 0)
		Usr 0 00:00:00, Sys 0 00:00:00  -  Run Remote Usage
		Usr 0 00:00:00, Sys 0 00:00:00  -  Run Local Usage
		Usr 0 00:00:00, Sys 0 00:00:00  -  Total Remote Usage
		Usr 0 00:00:00, Sys 0 00:00:00  -  Total Local Usage
	3256  -  Run Bytes Sent By Node
	33639  -  Run Bytes Received By Node
	3256  -  Total Bytes Sent By Node
	33639  -  Total Bytes Received By Node
...
005 (278682.000.000) 2025-01-24 09:18:07 Job terminated.
	(1) Normal termination (return value 0)
		Usr 0 00:00:00, Sys 0 00:00:00  -  Run Remote Usage
		Usr 0 00:00:00, Sys 0 00:00:00  -  Run Local Usage
		Usr 0 00:00:00, Sys 0 00:00:00  -  Total Remote Usage
		Usr 0 00:00:00, Sys 0 00:00:00  -  Total Local Usage
	3256  -  Run Bytes Sent By Job
	134556  -  Run Bytes Received By Job
	3256  -  Total Bytes Sent By Job
	134556  -  Total Bytes Received By Job
	Partitionable Resources :    Usage  Request Allocated 
	   Cpus                 :                 1         1 
	   Disk (KB)            :       50       35    468160 
	   Memory (MB)          :        0        0     40960 

	Job terminated of its own accord at 2025-01-24T09:18:07Z with exit-code 0.
...
000 (286953.000.000) 2025-01-28 16:12:27 Job submitted from host: <192.168.0.102:9618?addrs=192.168.0.102-9618&alias=submitter&noUDP&sock=schedd_2032_5c88>
...
014 (286953.000.000) 2025-01-28 16:12:41 Node 0 executing on host: <192.168.0.115:9618?addrs=192.168.0.115-9618&alias=node115.di.rm1&noUDP&sock=startd_1101621_f4a0>
...
014 (286953.000.001) 2025-01-28 16:12:41 Node 1 executing on host: <192.168.0.145:9618?addrs=192.168.0.145-9618&alias=node145.di.rm1&noUDP&sock=startd_1869_8e98>
...
014 (286953.000.002) 2025-01-28 16:12:41 Node 2 executing on host: <192.168.0.120:9618?addrs=192.168.0.120-9618&alias=node120.di.rm1&noUDP&sock=startd_2096_4298>
...
014 (286953.000.003) 2025-01-28 16:12:41 Node 3 executing on host: <192.168.0.135:9618?addrs=192.168.0.135-9618&alias=node135.di.rm1&noUDP&sock=startd_2000_6980>
...
001 (286953.000.000) 2025-01-28 16:12:41 Job executing on host: MPI_job
...
008 (286953.000.000) 2025-01-28 16:12:43 Launching orted on Node 0 of 4
...
008 (286953.000.000) 2025-01-28 16:12:43 Launching orted on Node 1 of 4
...
008 (286953.000.000) 2025-01-28 16:12:43 Launching orted on Node 2 of 4
...
008 (286953.000.000) 2025-01-28 16:12:43 Launching orted on Node 3 of 4
...
008 (286953.000.000) 2025-01-28 16:12:44 orted exited on Node 3 of 4
...
008 (286953.000.000) 2025-01-28 16:12:44 orted exited on Node 0 of 4
...
008 (286953.000.000) 2025-01-28 16:12:44 orted exited on Node 1 of 4
...
008 (286953.000.000) 2025-01-28 16:12:44 orted exited on Node 2 of 4
...
015 (286953.000.001) 2025-01-28 16:12:44 Node 1 terminated.
	(1) Normal termination (return value 0)
		Usr 0 00:00:00, Sys 0 00:00:00  -  Run Remote Usage
		Usr 0 00:00:00, Sys 0 00:00:00  -  Run Local Usage
		Usr 0 00:00:00, Sys 0 00:00:00  -  Total Remote Usage
		Usr 0 00:00:00, Sys 0 00:00:00  -  Total Local Usage
	2165  -  Run Bytes Sent By Node
	33591  -  Run Bytes Received By Node
	2165  -  Total Bytes Sent By Node
	33591  -  Total Bytes Received By Node
...
015 (286953.000.000) 2025-01-28 16:12:44 Node 0 terminated.
	(1) Normal termination (return value 0)
		Usr 0 00:00:01, Sys 0 00:00:00  -  Run Remote Usage
		Usr 0 00:00:00, Sys 0 00:00:00  -  Run Local Usage
		Usr 0 00:00:01, Sys 0 00:00:00  -  Total Remote Usage
		Usr 0 00:00:00, Sys 0 00:00:00  -  Total Local Usage
	3728  -  Run Bytes Sent By Node
	33591  -  Run Bytes Received By Node
	3728  -  Total Bytes Sent By Node
	33591  -  Total Bytes Received By Node
...
005 (286953.000.000) 2025-01-28 16:12:44 Job terminated.
	(1) Normal termination (return value 0)
		Usr 0 00:00:01, Sys 0 00:00:01  -  Run Remote Usage
		Usr 0 00:00:00, Sys 0 00:00:00  -  Run Local Usage
		Usr 0 00:00:01, Sys 0 00:00:00  -  Total Remote Usage
		Usr 0 00:00:00, Sys 0 00:00:00  -  Total Local Usage
	8080  -  Run Bytes Sent By Job
	134364  -  Run Bytes Received By Job
	8080  -  Total Bytes Sent By Job
	134364  -  Total Bytes Received By Job
	Partitionable Resources :    Usage  Request Allocated 
	   Cpus                 :                 1         2 
	   Disk (KB)            :       51       35 103010115 
	   Memory (MB)          :        0        0    100096 

	Job terminated of its own accord at 2025-01-28T16:12:44Z with exit-code 0.
...
