000 (270029.000.000) 2025-01-21 23:22:47 Job submitted from host: <192.168.0.102:9618?addrs=192.168.0.102-9618&alias=submitter&noUDP&sock=schedd_2032_5c88>
...
001 (270029.000.000) 2025-01-21 23:22:50 Job executing on host: <192.168.0.147:9618?addrs=192.168.0.147-9618&alias=node147.di.rm1&noUDP&sock=startd_1513_5ee1>
...
006 (270029.000.000) 2025-01-21 23:22:59 Image size of job updated: 460812
	451  -  MemoryUsage of job (MB)
	460812  -  ResidentSetSize of job (KB)
...
006 (270029.000.000) 2025-01-21 23:23:35 Image size of job updated: 2088768
	452  -  MemoryUsage of job (MB)
	462264  -  ResidentSetSize of job (KB)
...
005 (270029.000.000) 2025-01-21 23:23:35 Job terminated.
	(1) Normal termination (return value 0)
		Usr 0 00:00:43, Sys 0 00:00:04  -  Run Remote Usage
		Usr 0 00:00:00, Sys 0 00:00:00  -  Run Local Usage
		Usr 0 00:00:43, Sys 0 00:00:04  -  Total Remote Usage
		Usr 0 00:00:00, Sys 0 00:00:00  -  Total Local Usage
	0  -  Run Bytes Sent By Job
	0  -  Run Bytes Received By Job
	0  -  Total Bytes Sent By Job
	0  -  Total Bytes Received By Job
	Partitionable Resources :    Usage  Request Allocated 
	   Cpus                 :                 1         1 
	   Disk (KB)            :       27       27    469805 
	   Memory (MB)          :      452        1       128 

	Job terminated of its own accord at 2025-01-21T23:23:35Z with exit-code 0.
...
000 (276187.000.000) 2025-01-24 04:04:49 Job submitted from host: <192.168.0.102:9618?addrs=192.168.0.102-9618&alias=submitter&noUDP&sock=schedd_2032_5c88>
...
001 (276187.000.000) 2025-01-24 04:04:50 Job executing on host: <192.168.0.149:9618?addrs=192.168.0.149-9618&alias=node149.di.rm1&noUDP&sock=startd_1551_6f7a>
...
006 (276187.000.000) 2025-01-24 04:04:59 Image size of job updated: 460812
	451  -  MemoryUsage of job (MB)
	460812  -  ResidentSetSize of job (KB)
...
006 (276187.000.000) 2025-01-24 04:05:35 Image size of job updated: 2087712
	451  -  MemoryUsage of job (MB)
	460944  -  ResidentSetSize of job (KB)
...
005 (276187.000.000) 2025-01-24 04:05:35 Job terminated.
	(1) Normal termination (return value 0)
		Usr 0 00:00:43, Sys 0 00:00:05  -  Run Remote Usage
		Usr 0 00:00:00, Sys 0 00:00:00  -  Run Local Usage
		Usr 0 00:00:43, Sys 0 00:00:05  -  Total Remote Usage
		Usr 0 00:00:00, Sys 0 00:00:00  -  Total Local Usage
	0  -  Run Bytes Sent By Job
	0  -  Run Bytes Received By Job
	0  -  Total Bytes Sent By Job
	0  -  Total Bytes Received By Job
	Partitionable Resources :    Usage  Request Allocated 
	   Cpus                 :                 1         1 
	   Disk (KB)            :       27       27    471944 
	   Memory (MB)          :      451        1       128 

	Job terminated of its own accord at 2025-01-24T04:05:35Z with exit-code 0.
...
