000 (265107.000.000) 2025-01-17 11:21:45 Job submitted from host: <192.168.0.102:9618?addrs=192.168.0.102-9618&alias=submitter&noUDP&sock=schedd_2032_5c88>
...
001 (265107.000.000) 2025-01-17 11:21:51 Job executing on host: <192.168.0.142:9618?addrs=192.168.0.142-9618&alias=node142.di.rm1&noUDP&sock=startd_1996_ab1f>
...
006 (265107.000.000) 2025-01-17 11:22:00 Image size of job updated: 107680
	3  -  MemoryUsage of job (MB)
	2772  -  ResidentSetSize of job (KB)
...
005 (265107.000.000) 2025-01-17 11:22:05 Job terminated.
	(1) Normal termination (return value 0)
		Usr 0 00:00:11, Sys 0 00:00:00  -  Run Remote Usage
		Usr 0 00:00:00, Sys 0 00:00:00  -  Run Local Usage
		Usr 0 00:00:11, Sys 0 00:00:00  -  Total Remote Usage
		Usr 0 00:00:00, Sys 0 00:00:00  -  Total Local Usage
	0  -  Run Bytes Sent By Job
	0  -  Run Bytes Received By Job
	0  -  Total Bytes Sent By Job
	0  -  Total Bytes Received By Job
	Partitionable Resources :    Usage  Request Allocated 
	   Cpus                 :                 1         1 
	   Disk (KB)            :       27       27    459874 
	   Memory (MB)          :        3        1       128 

	Job terminated of its own accord at 2025-01-17T11:22:05Z with exit-code 0.
...
