000 (262856.000.000) 2025-01-17 11:14:22 Job submitted from host: <192.168.0.102:9618?addrs=192.168.0.102-9618&alias=submitter&noUDP&sock=schedd_2032_5c88>
...
001 (262856.000.000) 2025-01-17 11:14:34 Job executing on host: <192.168.0.146:9618?addrs=192.168.0.146-9618&alias=node146.di.rm1&noUDP&sock=startd_1984_6ffc>
...
006 (262856.000.000) 2025-01-17 11:14:43 Image size of job updated: 850480
	805  -  MemoryUsage of job (MB)
	824208  -  ResidentSetSize of job (KB)
...
006 (262856.000.000) 2025-01-17 11:19:44 Image size of job updated: 8477396
	8275  -  MemoryUsage of job (MB)
	8473220  -  ResidentSetSize of job (KB)
...
004 (262856.000.000) 2025-01-17 11:20:12 Job was evicted.
	(0) CPU times
		Usr 0 00:05:32, Sys 0 00:00:05  -  Run Remote Usage
		Usr 0 00:00:00, Sys 0 00:00:00  -  Run Local Usage
	0  -  Run Bytes Sent By Job
	0  -  Run Bytes Received By Job
	Partitionable Resources :    Usage  Request Allocated 
	   Cpus                 :     1.00        1         1 
	   Disk (KB)            :    27          27    466414 
	   Memory (MB)          :  8275           1       128 
...
009 (262856.000.000) 2025-01-17 11:20:12 Job was aborted.
	via condor_rm (by user calzona_2046920)
...
