000 (273275.000.000) 2025-01-23 10:50:58 Job submitted from host: <192.168.0.102:9618?addrs=192.168.0.102-9618&alias=submitter&noUDP&sock=schedd_2032_5c88>
...
014 (273275.000.000) 2025-01-23 10:51:06 Node 0 executing on host: <192.168.0.120:9618?addrs=192.168.0.120-9618&alias=node120.di.rm1&noUDP&sock=startd_2096_4298>
...
014 (273275.000.001) 2025-01-23 10:51:06 Node 1 executing on host: <192.168.0.143:9618?addrs=192.168.0.143-9618&alias=node143.di.rm1&noUDP&sock=startd_2061_40c7>
...
001 (273275.000.000) 2025-01-23 10:51:06 Job executing on host: MPI_job
...
008 (273275.000.000) 2025-01-23 10:51:08 Launching orted on Node 0 of 2
...
008 (273275.000.000) 2025-01-23 10:51:09 Launching orted on Node 1 of 2
...
008 (273275.000.000) 2025-01-23 10:51:10 orted exited on Node 0 of 2
...
008 (273275.000.000) 2025-01-23 10:51:10 orted exited on Node 1 of 2
...
015 (273275.000.000) 2025-01-23 10:51:10 Node 0 terminated.
	(1) Normal termination (return value 0)
		Usr 0 00:00:00, Sys 0 00:00:00  -  Run Remote Usage
		Usr 0 00:00:00, Sys 0 00:00:00  -  Run Local Usage
		Usr 0 00:00:00, Sys 0 00:00:00  -  Total Remote Usage
		Usr 0 00:00:00, Sys 0 00:00:00  -  Total Local Usage
	3297  -  Run Bytes Sent By Node
	33639  -  Run Bytes Received By Node
	3297  -  Total Bytes Sent By Node
	33639  -  Total Bytes Received By Node
...
005 (273275.000.000) 2025-01-23 10:51:10 Job terminated.
	(1) Normal termination (return value 0)
		Usr 0 00:00:00, Sys 0 00:00:00  -  Run Remote Usage
		Usr 0 00:00:00, Sys 0 00:00:00  -  Run Local Usage
		Usr 0 00:00:00, Sys 0 00:00:00  -  Total Remote Usage
		Usr 0 00:00:00, Sys 0 00:00:00  -  Total Local Usage
	3297  -  Run Bytes Sent By Job
	67278  -  Run Bytes Received By Job
	3297  -  Total Bytes Sent By Job
	67278  -  Total Bytes Received By Job
	Partitionable Resources :    Usage  Request Allocated 
	   Cpus                 :                 1         1 
	   Disk (KB)            :       50       35  21575424 
	   GPUs                 :                           1 
	   Memory (MB)          :        0        0     20480 

	Job terminated of its own accord at 2025-01-23T10:51:10Z with exit-code 0.
...
000 (278051.000.000) 2025-01-24 07:41:36 Job submitted from host: <192.168.0.102:9618?addrs=192.168.0.102-9618&alias=submitter&noUDP&sock=schedd_2032_5c88>
...
014 (278051.000.001) 2025-01-24 07:41:43 Node 1 executing on host: <192.168.0.147:9618?addrs=192.168.0.147-9618&alias=node147.di.rm1&noUDP&sock=startd_1513_5ee1>
...
014 (278051.000.000) 2025-01-24 07:41:43 Node 0 executing on host: <192.168.0.141:9618?addrs=192.168.0.141-9618&alias=node141.di.rm1&noUDP&sock=startd_2077_3a4b>
...
001 (278051.000.000) 2025-01-24 07:41:43 Job executing on host: MPI_job
...
008 (278051.000.000) 2025-01-24 07:41:45 Launching orted on Node 1 of 2
...
008 (278051.000.000) 2025-01-24 07:41:46 Launching orted on Node 0 of 2
...
008 (278051.000.000) 2025-01-24 07:41:46 orted exited on Node 0 of 2
...
008 (278051.000.000) 2025-01-24 07:41:46 orted exited on Node 1 of 2
...
015 (278051.000.001) 2025-01-24 07:41:46 Node 1 terminated.
	(1) Normal termination (return value 0)
		Usr 0 00:00:00, Sys 0 00:00:00  -  Run Remote Usage
		Usr 0 00:00:00, Sys 0 00:00:00  -  Run Local Usage
		Usr 0 00:00:00, Sys 0 00:00:00  -  Total Remote Usage
		Usr 0 00:00:00, Sys 0 00:00:00  -  Total Local Usage
	2165  -  Run Bytes Sent By Node
	33639  -  Run Bytes Received By Node
	2165  -  Total Bytes Sent By Node
	33639  -  Total Bytes Received By Node
...
015 (278051.000.000) 2025-01-24 07:41:46 Node 0 terminated.
	(1) Normal termination (return value 0)
		Usr 0 00:00:00, Sys 0 00:00:00  -  Run Remote Usage
		Usr 0 00:00:00, Sys 0 00:00:00  -  Run Local Usage
		Usr 0 00:00:00, Sys 0 00:00:00  -  Total Remote Usage
		Usr 0 00:00:00, Sys 0 00:00:00  -  Total Local Usage
	3256  -  Run Bytes Sent By Node
	33639  -  Run Bytes Received By Node
	3256  -  Total Bytes Sent By Node
	33639  -  Total Bytes Received By Node
...
005 (278051.000.000) 2025-01-24 07:41:46 Job terminated.
	(1) Normal termination (return value 0)
		Usr 0 00:00:00, Sys 0 00:00:00  -  Run Remote Usage
		Usr 0 00:00:00, Sys 0 00:00:00  -  Run Local Usage
		Usr 0 00:00:00, Sys 0 00:00:00  -  Total Remote Usage
		Usr 0 00:00:00, Sys 0 00:00:00  -  Total Local Usage
	5421  -  Run Bytes Sent By Job
	67278  -  Run Bytes Received By Job
	5421  -  Total Bytes Sent By Job
	67278  -  Total Bytes Received By Job
	Partitionable Resources :    Usage  Request Allocated 
	   Cpus                 :                 1         2 
	   Disk (KB)            :       49       35 103002119 
	   Memory (MB)          :        0        0    100096 

	Job terminated of its own accord at 2025-01-24T07:41:46Z with exit-code 0.
...
000 (286178.000.000) 2025-01-28 14:55:53 Job submitted from host: <192.168.0.102:9618?addrs=192.168.0.102-9618&alias=submitter&noUDP&sock=schedd_2032_5c88>
...
014 (286178.000.000) 2025-01-28 14:56:00 Node 0 executing on host: <192.168.0.105:9618?addrs=192.168.0.105-9618&alias=node105.di.rm1&noUDP&sock=startd_1951_cd5c>
...
014 (286178.000.001) 2025-01-28 14:56:00 Node 1 executing on host: <192.168.0.124:9618?addrs=192.168.0.124-9618&alias=node124.di.rm1&noUDP&sock=startd_2143_7f8b>
...
001 (286178.000.000) 2025-01-28 14:56:00 Job executing on host: MPI_job
...
008 (286178.000.000) 2025-01-28 14:56:02 Launching orted on Node 0 of 2
...
008 (286178.000.000) 2025-01-28 14:56:03 Launching orted on Node 1 of 2
...
008 (286178.000.000) 2025-01-28 14:56:03 orted exited on Node 0 of 2
...
008 (286178.000.000) 2025-01-28 14:56:03 orted exited on Node 1 of 2
...
015 (286178.000.000) 2025-01-28 14:56:03 Node 0 terminated.
	(1) Normal termination (return value 0)
		Usr 0 00:00:01, Sys 0 00:00:00  -  Run Remote Usage
		Usr 0 00:00:00, Sys 0 00:00:00  -  Run Local Usage
		Usr 0 00:00:01, Sys 0 00:00:00  -  Total Remote Usage
		Usr 0 00:00:00, Sys 0 00:00:00  -  Total Local Usage
	3256  -  Run Bytes Sent By Node
	33591  -  Run Bytes Received By Node
	3256  -  Total Bytes Sent By Node
	33591  -  Total Bytes Received By Node
...
005 (286178.000.000) 2025-01-28 14:56:03 Job terminated.
	(1) Normal termination (return value 0)
		Usr 0 00:00:01, Sys 0 00:00:00  -  Run Remote Usage
		Usr 0 00:00:00, Sys 0 00:00:00  -  Run Local Usage
		Usr 0 00:00:01, Sys 0 00:00:00  -  Total Remote Usage
		Usr 0 00:00:00, Sys 0 00:00:00  -  Total Local Usage
	5443  -  Run Bytes Sent By Job
	67182  -  Run Bytes Received By Job
	5443  -  Total Bytes Sent By Job
	67182  -  Total Bytes Received By Job
	Partitionable Resources :    Usage  Request Allocated 
	   Cpus                 :                 1         2 
	   Disk (KB)            :       50       35 102901527 
	   Memory (MB)          :        0        0    100096 

	Job terminated of its own accord at 2025-01-28T14:56:03Z with exit-code 0.
...
