000 (282263.000.000) 2025-01-26 16:52:30 Job submitted from host: <192.168.0.102:9618?addrs=192.168.0.102-9618&alias=submitter&noUDP&sock=schedd_2032_5c88>
...
014 (282263.000.000) 2025-01-26 16:52:40 Node 0 executing on host: <192.168.0.115:9618?addrs=192.168.0.115-9618&alias=node115.di.rm1&noUDP&sock=startd_1101621_f4a0>
...
014 (282263.000.003) 2025-01-26 16:52:40 Node 3 executing on host: <192.168.0.120:9618?addrs=192.168.0.120-9618&alias=node120.di.rm1&noUDP&sock=startd_2096_4298>
...
014 (282263.000.005) 2025-01-26 16:52:40 Node 5 executing on host: <192.168.0.135:9618?addrs=192.168.0.135-9618&alias=node135.di.rm1&noUDP&sock=startd_2000_6980>
...
014 (282263.000.007) 2025-01-26 16:52:40 Node 7 executing on host: <192.168.0.110:9618?addrs=192.168.0.110-9618&alias=node110.di.rm1&noUDP&sock=startd_2185_4e86>
...
014 (282263.000.002) 2025-01-26 16:52:40 Node 2 executing on host: <192.168.0.145:9618?addrs=192.168.0.145-9618&alias=node145.di.rm1&noUDP&sock=startd_1869_8e98>
...
014 (282263.000.001) 2025-01-26 16:52:40 Node 1 executing on host: <192.168.0.145:9618?addrs=192.168.0.145-9618&alias=node145.di.rm1&noUDP&sock=startd_1869_8e98>
...
014 (282263.000.006) 2025-01-26 16:52:40 Node 6 executing on host: <192.168.0.145:9618?addrs=192.168.0.145-9618&alias=node145.di.rm1&noUDP&sock=startd_1869_8e98>
...
014 (282263.000.004) 2025-01-26 16:52:40 Node 4 executing on host: <192.168.0.141:9618?addrs=192.168.0.141-9618&alias=node141.di.rm1&noUDP&sock=startd_2077_3a4b>
...
001 (282263.000.000) 2025-01-26 16:52:40 Job executing on host: MPI_job
...
008 (282263.000.000) 2025-01-26 16:52:42 Launching orted on Node 0 of 8
...
008 (282263.000.000) 2025-01-26 16:52:42 Launching orted on Node 3 of 8
...
008 (282263.000.000) 2025-01-26 16:52:42 Launching orted on Node 5 of 8
...
008 (282263.000.000) 2025-01-26 16:52:42 Launching orted on Node 7 of 8
...
008 (282263.000.000) 2025-01-26 16:52:43 Launching orted on Node 6 of 8
...
008 (282263.000.000) 2025-01-26 16:52:43 Launching orted on Node 1 of 8
...
008 (282263.000.000) 2025-01-26 16:52:43 Launching orted on Node 2 of 8
...
008 (282263.000.000) 2025-01-26 16:52:44 Launching orted on Node 4 of 8
...
008 (282263.000.000) 2025-01-26 16:52:54 orted exited on Node 7 of 8
...
008 (282263.000.000) 2025-01-26 16:52:54 orted exited on Node 0 of 8
...
008 (282263.000.000) 2025-01-26 16:52:54 orted exited on Node 5 of 8
...
008 (282263.000.000) 2025-01-26 16:52:54 orted exited on Node 3 of 8
...
008 (282263.000.000) 2025-01-26 16:52:54 orted exited on Node 1 of 8
...
008 (282263.000.000) 2025-01-26 16:52:54 orted exited on Node 2 of 8
...
008 (282263.000.000) 2025-01-26 16:52:54 orted exited on Node 6 of 8
...
008 (282263.000.000) 2025-01-26 16:52:54 orted exited on Node 4 of 8
...
015 (282263.000.005) 2025-01-26 16:52:54 Node 5 terminated.
	(1) Normal termination (return value 0)
		Usr 0 00:00:08, Sys 0 00:00:01  -  Run Remote Usage
		Usr 0 00:00:00, Sys 0 00:00:00  -  Run Local Usage
		Usr 0 00:00:08, Sys 0 00:00:01  -  Total Remote Usage
		Usr 0 00:00:00, Sys 0 00:00:00  -  Total Local Usage
	2165  -  Run Bytes Sent By Node
	33711  -  Run Bytes Received By Node
	2165  -  Total Bytes Sent By Node
	33711  -  Total Bytes Received By Node
...
015 (282263.000.000) 2025-01-26 16:52:54 Node 0 terminated.
	(1) Normal termination (return value 0)
		Usr 0 00:00:03, Sys 0 00:00:00  -  Run Remote Usage
		Usr 0 00:00:00, Sys 0 00:00:00  -  Run Local Usage
		Usr 0 00:00:03, Sys 0 00:00:00  -  Total Remote Usage
		Usr 0 00:00:00, Sys 0 00:00:00  -  Total Local Usage
	3265  -  Run Bytes Sent By Node
	33711  -  Run Bytes Received By Node
	3265  -  Total Bytes Sent By Node
	33711  -  Total Bytes Received By Node
...
015 (282263.000.007) 2025-01-26 16:52:54 Node 7 terminated.
	(1) Normal termination (return value 0)
		Usr 0 00:00:08, Sys 0 00:00:01  -  Run Remote Usage
		Usr 0 00:00:00, Sys 0 00:00:00  -  Run Local Usage
		Usr 0 00:00:08, Sys 0 00:00:01  -  Total Remote Usage
		Usr 0 00:00:00, Sys 0 00:00:00  -  Total Local Usage
	2187  -  Run Bytes Sent By Node
	33711  -  Run Bytes Received By Node
	2187  -  Total Bytes Sent By Node
	33711  -  Total Bytes Received By Node
...
005 (282263.000.000) 2025-01-26 16:52:56 Job terminated.
	(1) Normal termination (return value 0)
		Usr 0 00:00:58, Sys 0 00:00:04  -  Run Remote Usage
		Usr 0 00:00:00, Sys 0 00:00:00  -  Run Local Usage
		Usr 0 00:00:03, Sys 0 00:00:00  -  Total Remote Usage
		Usr 0 00:00:00, Sys 0 00:00:00  -  Total Local Usage
	9804  -  Run Bytes Sent By Job
	269688  -  Run Bytes Received By Job
	9804  -  Total Bytes Sent By Job
	269688  -  Total Bytes Received By Job
	Partitionable Resources :    Usage  Request Allocated 
	   Cpus                 :                 1         1 
	   Disk (KB)            :       50       35    472524 
	   Memory (MB)          :      184        0     53248 

	Job terminated of its own accord at 2025-01-26T16:52:54Z with exit-code 0.
...
000 (289135.000.000) 2025-01-28 22:39:08 Job submitted from host: <192.168.0.102:9618?addrs=192.168.0.102-9618&alias=submitter&noUDP&sock=schedd_2032_5c88>
...
014 (289135.000.003) 2025-01-28 22:39:15 Node 3 executing on host: <192.168.0.148:9618?addrs=192.168.0.148-9618&alias=node148.di.rm1&noUDP&sock=startd_1547_b119>
...
014 (289135.000.005) 2025-01-28 22:39:15 Node 5 executing on host: <192.168.0.148:9618?addrs=192.168.0.148-9618&alias=node148.di.rm1&noUDP&sock=startd_1547_b119>
...
014 (289135.000.000) 2025-01-28 22:39:15 Node 0 executing on host: <192.168.0.122:9618?addrs=192.168.0.122-9618&alias=node122.di.rm1&noUDP&sock=startd_2134_5331>
...
014 (289135.000.001) 2025-01-28 22:39:16 Node 1 executing on host: <192.168.0.108:9618?addrs=192.168.0.108-9618&alias=node108.di.rm1&noUDP&sock=startd_1979_0203>
...
014 (289135.000.002) 2025-01-28 22:39:16 Node 2 executing on host: <192.168.0.112:9618?addrs=192.168.0.112-9618&alias=node112.di.rm1&noUDP&sock=startd_2169_5502>
...
014 (289135.000.004) 2025-01-28 22:39:16 Node 4 executing on host: <192.168.0.133:9618?addrs=192.168.0.133-9618&alias=node133.di.rm1&noUDP&sock=startd_1941_f16a>
...
014 (289135.000.006) 2025-01-28 22:39:16 Node 6 executing on host: <192.168.0.104:9618?addrs=192.168.0.104-9618&alias=node104.di.rm1&noUDP&sock=startd_1987_7ec5>
...
014 (289135.000.007) 2025-01-28 22:39:16 Node 7 executing on host: <192.168.0.113:9618?addrs=192.168.0.113-9618&alias=node113.di.rm1&noUDP&sock=startd_3668932_c305>
...
001 (289135.000.000) 2025-01-28 22:39:16 Job executing on host: MPI_job
...
008 (289135.000.000) 2025-01-28 22:39:18 Launching orted on Node 5 of 8
...
008 (289135.000.000) 2025-01-28 22:39:18 Launching orted on Node 3 of 8
...
008 (289135.000.000) 2025-01-28 22:39:18 Launching orted on Node 0 of 8
...
008 (289135.000.000) 2025-01-28 22:39:18 Launching orted on Node 2 of 8
...
008 (289135.000.000) 2025-01-28 22:39:18 Launching orted on Node 1 of 8
...
008 (289135.000.000) 2025-01-28 22:39:18 Launching orted on Node 4 of 8
...
008 (289135.000.000) 2025-01-28 22:39:18 Launching orted on Node 6 of 8
...
008 (289135.000.000) 2025-01-28 22:39:18 Launching orted on Node 7 of 8
...
008 (289135.000.000) 2025-01-28 22:39:27 orted exited on Node 2 of 8
...
008 (289135.000.000) 2025-01-28 22:39:27 orted exited on Node 6 of 8
...
008 (289135.000.000) 2025-01-28 22:39:27 orted exited on Node 0 of 8
...
008 (289135.000.000) 2025-01-28 22:39:27 orted exited on Node 1 of 8
...
008 (289135.000.000) 2025-01-28 22:39:27 orted exited on Node 3 of 8
...
008 (289135.000.000) 2025-01-28 22:39:27 orted exited on Node 4 of 8
...
008 (289135.000.000) 2025-01-28 22:39:27 orted exited on Node 5 of 8
...
008 (289135.000.000) 2025-01-28 22:39:27 orted exited on Node 7 of 8
...
015 (289135.000.005) 2025-01-28 22:39:28 Node 5 terminated.
	(1) Normal termination (return value 0)
		Usr 0 00:00:09, Sys 0 00:00:01  -  Run Remote Usage
		Usr 0 00:00:00, Sys 0 00:00:00  -  Run Local Usage
		Usr 0 00:00:09, Sys 0 00:00:01  -  Total Remote Usage
		Usr 0 00:00:00, Sys 0 00:00:00  -  Total Local Usage
	2165  -  Run Bytes Sent By Node
	33711  -  Run Bytes Received By Node
	2165  -  Total Bytes Sent By Node
	33711  -  Total Bytes Received By Node
...
015 (289135.000.000) 2025-01-28 22:39:28 Node 0 terminated.
	(1) Normal termination (return value 0)
		Usr 0 00:00:00, Sys 0 00:00:00  -  Run Remote Usage
		Usr 0 00:00:00, Sys 0 00:00:00  -  Run Local Usage
		Usr 0 00:00:00, Sys 0 00:00:00  -  Total Remote Usage
		Usr 0 00:00:00, Sys 0 00:00:00  -  Total Local Usage
	3309  -  Run Bytes Sent By Node
	33711  -  Run Bytes Received By Node
	3309  -  Total Bytes Sent By Node
	33711  -  Total Bytes Received By Node
...
005 (289135.000.000) 2025-01-28 22:39:28 Job terminated.
	(1) Normal termination (return value 0)
		Usr 0 00:00:59, Sys 0 00:00:04  -  Run Remote Usage
		Usr 0 00:00:00, Sys 0 00:00:00  -  Run Local Usage
		Usr 0 00:00:00, Sys 0 00:00:00  -  Total Remote Usage
		Usr 0 00:00:00, Sys 0 00:00:00  -  Total Local Usage
	7639  -  Run Bytes Sent By Job
	269688  -  Run Bytes Received By Job
	7639  -  Total Bytes Sent By Job
	269688  -  Total Bytes Received By Job
	Partitionable Resources :    Usage  Request Allocated 
	   Cpus                 :                 1         2 
	   Disk (KB)            :       51       35 102982364 
	   GPUs                 :                           0 
	   Memory (MB)          :      310        0    100096 

	Job terminated of its own accord at 2025-01-28T22:39:27Z with exit-code 0.
...
