000 (295303.000.000) 2025-01-31 01:52:38 Job submitted from host: <192.168.0.102:9618?addrs=192.168.0.102-9618&alias=submitter&noUDP&sock=schedd_4045053_7bc0>
...
014 (295303.000.002) 2025-01-31 01:52:43 Node 2 executing on host: <192.168.0.149:9618?addrs=192.168.0.149-9618&alias=node149.di.rm1&noUDP&sock=startd_1551_6f7a>
...
014 (295303.000.000) 2025-01-31 01:52:43 Node 0 executing on host: <192.168.0.149:9618?addrs=192.168.0.149-9618&alias=node149.di.rm1&noUDP&sock=startd_1551_6f7a>
...
014 (295303.000.001) 2025-01-31 01:52:43 Node 1 executing on host: <192.168.0.124:9618?addrs=192.168.0.124-9618&alias=node124.di.rm1&noUDP&sock=startd_2143_7f8b>
...
014 (295303.000.003) 2025-01-31 01:52:43 Node 3 executing on host: <192.168.0.124:9618?addrs=192.168.0.124-9618&alias=node124.di.rm1&noUDP&sock=startd_2143_7f8b>
...
001 (295303.000.000) 2025-01-31 01:52:43 Job executing on host: MPI_job
...
008 (295303.000.000) 2025-01-31 01:52:45 Launching orted on Node 2 of 4
...
008 (295303.000.000) 2025-01-31 01:52:45 Launching orted on Node 0 of 4
...
008 (295303.000.000) 2025-01-31 01:52:45 Launching orted on Node 3 of 4
...
008 (295303.000.000) 2025-01-31 01:52:45 Launching orted on Node 1 of 4
...
008 (295303.000.000) 2025-01-31 01:52:57 orted exited on Node 1 of 4
...
008 (295303.000.000) 2025-01-31 01:52:57 orted exited on Node 0 of 4
...
008 (295303.000.000) 2025-01-31 01:52:57 orted exited on Node 2 of 4
...
008 (295303.000.000) 2025-01-31 01:52:57 orted exited on Node 3 of 4
...
015 (295303.000.002) 2025-01-31 01:52:57 Node 2 terminated.
	(1) Normal termination (return value 0)
		Usr 0 00:01:02, Sys 0 00:00:00  -  Run Remote Usage
		Usr 0 00:00:00, Sys 0 00:00:00  -  Run Local Usage
		Usr 0 00:01:02, Sys 0 00:00:00  -  Total Remote Usage
		Usr 0 00:00:00, Sys 0 00:00:00  -  Total Local Usage
	0  -  Run Bytes Sent By Node
	33831  -  Run Bytes Received By Node
	0  -  Total Bytes Sent By Node
	33831  -  Total Bytes Received By Node
...
015 (295303.000.000) 2025-01-31 01:52:58 Node 0 terminated.
	(1) Normal termination (return value 0)
		Usr 0 00:00:00, Sys 0 00:00:00  -  Run Remote Usage
		Usr 0 00:00:00, Sys 0 00:00:00  -  Run Local Usage
		Usr 0 00:00:00, Sys 0 00:00:00  -  Total Remote Usage
		Usr 0 00:00:00, Sys 0 00:00:00  -  Total Local Usage
	3899  -  Run Bytes Sent By Node
	33831  -  Run Bytes Received By Node
	3899  -  Total Bytes Sent By Node
	33831  -  Total Bytes Received By Node
...
005 (295303.000.000) 2025-01-31 01:52:58 Job terminated.
	(1) Normal termination (return value 0)
		Usr 0 00:03:06, Sys 0 00:00:00  -  Run Remote Usage
		Usr 0 00:00:00, Sys 0 00:00:00  -  Run Local Usage
		Usr 0 00:00:00, Sys 0 00:00:00  -  Total Remote Usage
		Usr 0 00:00:00, Sys 0 00:00:00  -  Total Local Usage
	3899  -  Run Bytes Sent By Job
	135324  -  Run Bytes Received By Job
	3899  -  Total Bytes Sent By Job
	135324  -  Total Bytes Received By Job
	Partitionable Resources :    Usage  Request Allocated 
	   Cpus                 :                 1         1 
	   Disk (KB)            :       51       35    471944 
	   Memory (MB)          :      351      268     40960 

	Job terminated of its own accord at 2025-01-31T01:52:57Z with exit-code 0.
...
