000 (268200.000.000) 2025-01-21 21:39:33 Job submitted from host: <192.168.0.102:9618?addrs=192.168.0.102-9618&alias=submitter&noUDP&sock=schedd_2032_5c88>
...
009 (268200.000.000) 2025-01-21 21:39:41 Job was aborted.
	via condor_rm (by user calzona_2046920)
...
000 (268378.000.000) 2025-01-21 21:45:41 Job submitted from host: <192.168.0.102:9618?addrs=192.168.0.102-9618&alias=submitter&noUDP&sock=schedd_2032_5c88>
...
001 (268378.000.000) 2025-01-21 21:45:46 Job executing on host: <192.168.0.120:9618?addrs=192.168.0.120-9618&alias=node120.di.rm1&noUDP&sock=startd_2096_4298>
...
006 (268378.000.000) 2025-01-21 21:45:55 Image size of job updated: 211120
	207  -  MemoryUsage of job (MB)
	211120  -  ResidentSetSize of job (KB)
...
005 (268378.000.000) 2025-01-21 21:45:57 Job terminated.
	(1) Normal termination (return value 0)
		Usr 0 00:00:09, Sys 0 00:00:00  -  Run Remote Usage
		Usr 0 00:00:00, Sys 0 00:00:00  -  Run Local Usage
		Usr 0 00:00:09, Sys 0 00:00:00  -  Total Remote Usage
		Usr 0 00:00:00, Sys 0 00:00:00  -  Total Local Usage
	0  -  Run Bytes Sent By Job
	0  -  Run Bytes Received By Job
	0  -  Total Bytes Sent By Job
	0  -  Total Bytes Received By Job
	Partitionable Resources :    Usage  Request Allocated 
	   Cpus                 :                 1         1 
	   Disk (KB)            :       27       27    459052 
	   Gpus (Average)       :                 0         0 
	   Memory (MB)          :      207        1       128 

	Job terminated of its own accord at 2025-01-21T21:45:57Z with exit-code 0.
...
000 (274968.000.000) 2025-01-24 01:32:21 Job submitted from host: <192.168.0.102:9618?addrs=192.168.0.102-9618&alias=submitter&noUDP&sock=schedd_2032_5c88>
...
001 (274968.000.000) 2025-01-24 01:32:28 Job executing on host: <192.168.0.121:9618?addrs=192.168.0.121-9618&alias=node121.di.rm1&noUDP&sock=startd_2146_8e54>
...
006 (274968.000.000) 2025-01-24 01:32:37 Image size of job updated: 213572
	205  -  MemoryUsage of job (MB)
	209516  -  ResidentSetSize of job (KB)
...
005 (274968.000.000) 2025-01-24 01:32:39 Job terminated.
	(1) Normal termination (return value 0)
		Usr 0 00:00:10, Sys 0 00:00:00  -  Run Remote Usage
		Usr 0 00:00:00, Sys 0 00:00:00  -  Run Local Usage
		Usr 0 00:00:10, Sys 0 00:00:00  -  Total Remote Usage
		Usr 0 00:00:00, Sys 0 00:00:00  -  Total Local Usage
	0  -  Run Bytes Sent By Job
	0  -  Run Bytes Received By Job
	0  -  Total Bytes Sent By Job
	0  -  Total Bytes Received By Job
	Partitionable Resources :    Usage  Request Allocated 
	   Cpus                 :                 1         1 
	   Disk (KB)            :       27       27    467232 
	   Memory (MB)          :      205        1       128 

	Job terminated of its own accord at 2025-01-24T01:32:39Z with exit-code 0.
...
