000 (269896.000.000) 2025-01-21 23:16:06 Job submitted from host: <192.168.0.102:9618?addrs=192.168.0.102-9618&alias=submitter&noUDP&sock=schedd_2032_5c88>
...
001 (269896.000.000) 2025-01-21 23:16:12 Job executing on host: <192.168.0.151:9618?addrs=192.168.0.151-9618&alias=node151.di.rm1&noUDP&sock=startd_1528_a8cd>
...
006 (269896.000.000) 2025-01-21 23:16:22 Image size of job updated: 1381320
	454  -  MemoryUsage of job (MB)
	464828  -  ResidentSetSize of job (KB)
...
006 (269896.000.000) 2025-01-21 23:17:09 Image size of job updated: 3518136
	456  -  MemoryUsage of job (MB)
	466940  -  ResidentSetSize of job (KB)
...
004 (269896.000.000) 2025-01-21 23:17:09 Job was evicted.
	(0) CPU times
		Usr 0 00:00:52, Sys 0 00:00:01  -  Run Remote Usage
		Usr 0 00:00:00, Sys 0 00:00:00  -  Run Local Usage
	0  -  Run Bytes Sent By Job
	0  -  Run Bytes Received By Job
	Partitionable Resources :    Usage  Request Allocated 
	   Cpus                 :                 1         1 
	   Disk (KB)            :       27       27    474791 
	   Memory (MB)          :      456        1       128 
...
009 (269896.000.000) 2025-01-21 23:17:09 Job was aborted.
	via condor_rm (by user calzona_2046920)
...
000 (276054.000.000) 2025-01-24 03:55:05 Job submitted from host: <192.168.0.102:9618?addrs=192.168.0.102-9618&alias=submitter&noUDP&sock=schedd_2032_5c88>
...
001 (276054.000.000) 2025-01-24 03:55:06 Job executing on host: <192.168.0.148:9618?addrs=192.168.0.148-9618&alias=node148.di.rm1&noUDP&sock=startd_1547_b119>
...
006 (276054.000.000) 2025-01-24 03:55:15 Image size of job updated: 1125636
	471  -  MemoryUsage of job (MB)
	481404  -  ResidentSetSize of job (KB)
...
006 (276054.000.000) 2025-01-24 03:57:07 Image size of job updated: 6901824
	471  -  MemoryUsage of job (MB)
	481404  -  ResidentSetSize of job (KB)
...
004 (276054.000.000) 2025-01-24 03:57:07 Job was evicted.
	(0) CPU times
		Usr 0 00:01:57, Sys 0 00:00:02  -  Run Remote Usage
		Usr 0 00:00:00, Sys 0 00:00:00  -  Run Local Usage
	0  -  Run Bytes Sent By Job
	0  -  Run Bytes Received By Job
	Partitionable Resources :    Usage  Request Allocated 
	   Cpus                 :     1.00        1         1 
	   Disk (KB)            :    27          27    467548 
	   Memory (MB)          :   471           1       128 
...
009 (276054.000.000) 2025-01-24 03:57:07 Job was aborted.
	via condor_rm (by user calzona_2046920)
...
