000 (269049.000.000) 2025-01-21 22:17:51 Job submitted from host: <192.168.0.102:9618?addrs=192.168.0.102-9618&alias=submitter&noUDP&sock=schedd_2032_5c88>
...
001 (269049.000.000) 2025-01-21 22:17:56 Job executing on host: <192.168.0.151:9618?addrs=192.168.0.151-9618&alias=node151.di.rm1&noUDP&sock=startd_1528_a8cd>
...
006 (269049.000.000) 2025-01-21 22:18:06 Image size of job updated: 613068
	595  -  MemoryUsage of job (MB)
	608956  -  ResidentSetSize of job (KB)
...
004 (269049.000.000) 2025-01-21 22:18:37 Job was evicted.
	(0) CPU times
		Usr 0 00:00:37, Sys 0 00:00:00  -  Run Remote Usage
		Usr 0 00:00:00, Sys 0 00:00:00  -  Run Local Usage
	0  -  Run Bytes Sent By Job
	0  -  Run Bytes Received By Job
	Partitionable Resources :    Usage  Request Allocated 
	   Cpus                 :     1.00        1         1 
	   Disk (KB)            :    27          27    474791 
	   Memory (MB)          :   595           1       128 
...
009 (269049.000.000) 2025-01-21 22:18:37 Job was aborted.
	via condor_rm (by user calzona_2046920)
...
000 (269200.000.000) 2025-01-21 22:25:46 Job submitted from host: <192.168.0.102:9618?addrs=192.168.0.102-9618&alias=submitter&noUDP&sock=schedd_2032_5c88>
...
001 (269200.000.000) 2025-01-21 22:25:49 Job executing on host: <192.168.0.151:9618?addrs=192.168.0.151-9618&alias=node151.di.rm1&noUDP&sock=startd_1528_a8cd>
...
006 (269200.000.000) 2025-01-21 22:25:59 Image size of job updated: 607940
	594  -  MemoryUsage of job (MB)
	607940  -  ResidentSetSize of job (KB)
...
006 (269200.000.000) 2025-01-21 22:26:05 Image size of job updated: 613068
	594  -  MemoryUsage of job (MB)
	607940  -  ResidentSetSize of job (KB)
...
004 (269200.000.000) 2025-01-21 22:26:05 Job was evicted.
	(0) CPU times
		Usr 0 00:00:13, Sys 0 00:00:01  -  Run Remote Usage
		Usr 0 00:00:00, Sys 0 00:00:00  -  Run Local Usage
	0  -  Run Bytes Sent By Job
	0  -  Run Bytes Received By Job
	Partitionable Resources :    Usage  Request Allocated 
	   Cpus                 :                 1         1 
	   Disk (KB)            :       27       27    474791 
	   Memory (MB)          :      594        1       128 
...
009 (269200.000.000) 2025-01-21 22:26:05 Job was aborted.
	via condor_rm (by user calzona_2046920)
...
000 (275380.000.000) 2025-01-24 02:23:50 Job submitted from host: <192.168.0.102:9618?addrs=192.168.0.102-9618&alias=submitter&noUDP&sock=schedd_2032_5c88>
...
001 (275380.000.000) 2025-01-24 02:24:09 Job executing on host: <192.168.0.109:9618?addrs=192.168.0.109-9618&alias=node109.di.rm1&noUDP&sock=startd_1627_90ad>
...
006 (275380.000.000) 2025-01-24 02:24:18 Image size of job updated: 613068
	594  -  MemoryUsage of job (MB)
	607504  -  ResidentSetSize of job (KB)
...
004 (275380.000.000) 2025-01-24 02:25:52 Job was evicted.
	(0) CPU times
		Usr 0 00:01:42, Sys 0 00:00:00  -  Run Remote Usage
		Usr 0 00:00:00, Sys 0 00:00:00  -  Run Local Usage
	0  -  Run Bytes Sent By Job
	0  -  Run Bytes Received By Job
	Partitionable Resources :    Usage  Request Allocated 
	   Cpus                 :        0        1         1 
	   Disk (KB)            :       27       27    468160 
	   Memory (MB)          :      594        1       128 
...
009 (275380.000.000) 2025-01-24 02:25:52 Job was aborted.
	via condor_rm (by user calzona_2046920)
...
