000 (270443.000.000) 2025-01-21 23:54:28 Job submitted from host: <192.168.0.102:9618?addrs=192.168.0.102-9618&alias=submitter&noUDP&sock=schedd_2032_5c88>
...
001 (270443.000.000) 2025-01-21 23:54:28 Job executing on host: <192.168.0.148:9618?addrs=192.168.0.148-9618&alias=node148.di.rm1&noUDP&sock=startd_1547_b119>
...
006 (270443.000.000) 2025-01-21 23:54:37 Image size of job updated: 446640
	434  -  MemoryUsage of job (MB)
	443736  -  ResidentSetSize of job (KB)
...
006 (270443.000.000) 2025-01-21 23:55:30 Image size of job updated: 2998728
	436  -  MemoryUsage of job (MB)
	445452  -  ResidentSetSize of job (KB)
...
004 (270443.000.000) 2025-01-21 23:55:30 Job was evicted.
	(0) CPU times
		Usr 0 00:01:00, Sys 0 00:00:01  -  Run Remote Usage
		Usr 0 00:00:00, Sys 0 00:00:00  -  Run Local Usage
	0  -  Run Bytes Sent By Job
	0  -  Run Bytes Received By Job
	Partitionable Resources :    Usage  Request Allocated 
	   Cpus                 :                 1         1 
	   Disk (KB)            :       27       27    467548 
	   Memory (MB)          :      436        1       128 
...
009 (270443.000.000) 2025-01-21 23:55:30 Job was aborted.
	via condor_rm (by user calzona_2046920)
...
000 (276597.000.000) 2025-01-24 04:56:18 Job submitted from host: <192.168.0.102:9618?addrs=192.168.0.102-9618&alias=submitter&noUDP&sock=schedd_2032_5c88>
...
001 (276597.000.000) 2025-01-24 04:56:19 Job executing on host: <192.168.0.148:9618?addrs=192.168.0.148-9618&alias=node148.di.rm1&noUDP&sock=startd_1547_b119>
...
006 (276597.000.000) 2025-01-24 04:56:28 Image size of job updated: 392964
	384  -  MemoryUsage of job (MB)
	392964  -  ResidentSetSize of job (KB)
...
006 (276597.000.000) 2025-01-24 04:58:20 Image size of job updated: 5796252
	384  -  MemoryUsage of job (MB)
	393096  -  ResidentSetSize of job (KB)
...
004 (276597.000.000) 2025-01-24 04:58:20 Job was evicted.
	(0) CPU times
		Usr 0 00:01:57, Sys 0 00:00:02  -  Run Remote Usage
		Usr 0 00:00:00, Sys 0 00:00:00  -  Run Local Usage
	0  -  Run Bytes Sent By Job
	0  -  Run Bytes Received By Job
	Partitionable Resources :    Usage  Request Allocated 
	   Cpus                 :     1.00        1         1 
	   Disk (KB)            :    27          27    467548 
	   Memory (MB)          :   384           1       128 
...
009 (276597.000.000) 2025-01-24 04:58:20 Job was aborted.
	via condor_rm (by user calzona_2046920)
...
