000 (281831.000.000) 2025-01-26 15:08:19 Job submitted from host: <192.168.0.102:9618?addrs=192.168.0.102-9618&alias=submitter&noUDP&sock=schedd_2032_5c88>
...
014 (281831.000.001) 2025-01-26 15:08:45 Node 1 executing on host: <192.168.0.139:9618?addrs=192.168.0.139-9618&alias=node139.di.rm1&noUDP&sock=startd_1966_1748>
...
014 (281831.000.000) 2025-01-26 15:08:45 Node 0 executing on host: <192.168.0.114:9618?addrs=192.168.0.114-9618&alias=node114.di.rm1&noUDP&sock=startd_2075_db1b>
...
001 (281831.000.000) 2025-01-26 15:08:45 Job executing on host: MPI_job
...
008 (281831.000.000) 2025-01-26 15:08:47 Launching orted on Node 1 of 2
...
008 (281831.000.000) 2025-01-26 15:08:47 Launching orted on Node 0 of 2
...
008 (281831.000.000) 2025-01-26 15:08:56 orted exited on Node 1 of 2
...
008 (281831.000.000) 2025-01-26 15:08:56 orted exited on Node 0 of 2
...
015 (281831.000.001) 2025-01-26 15:08:56 Node 1 terminated.
	(1) Normal termination (return value 0)
		Usr 0 00:00:09, Sys 0 00:00:01  -  Run Remote Usage
		Usr 0 00:00:00, Sys 0 00:00:00  -  Run Local Usage
		Usr 0 00:00:09, Sys 0 00:00:01  -  Total Remote Usage
		Usr 0 00:00:00, Sys 0 00:00:00  -  Total Local Usage
	2165  -  Run Bytes Sent By Node
	33711  -  Run Bytes Received By Node
	2165  -  Total Bytes Sent By Node
	33711  -  Total Bytes Received By Node
...
015 (281831.000.000) 2025-01-26 15:08:56 Node 0 terminated.
	(1) Normal termination (return value 0)
		Usr 0 00:00:00, Sys 0 00:00:01  -  Run Remote Usage
		Usr 0 00:00:00, Sys 0 00:00:00  -  Run Local Usage
		Usr 0 00:00:00, Sys 0 00:00:01  -  Total Remote Usage
		Usr 0 00:00:00, Sys 0 00:00:00  -  Total Local Usage
	3260  -  Run Bytes Sent By Node
	33711  -  Run Bytes Received By Node
	3260  -  Total Bytes Sent By Node
	33711  -  Total Bytes Received By Node
...
005 (281831.000.000) 2025-01-26 15:08:56 Job terminated.
	(1) Normal termination (return value 0)
		Usr 0 00:00:09, Sys 0 00:00:02  -  Run Remote Usage
		Usr 0 00:00:00, Sys 0 00:00:00  -  Run Local Usage
		Usr 0 00:00:00, Sys 0 00:00:01  -  Total Remote Usage
		Usr 0 00:00:00, Sys 0 00:00:00  -  Total Local Usage
	5425  -  Run Bytes Sent By Job
	67422  -  Run Bytes Received By Job
	5425  -  Total Bytes Sent By Job
	67422  -  Total Bytes Received By Job
	Partitionable Resources :    Usage  Request Allocated 
	   Cpus                 :                 1         1 
	   Disk (KB)            :       49       35    391129 
	   Memory (MB)          :      288    42607     53248 

	Job terminated of its own accord at 2025-01-26T15:08:56Z with exit-code 0.
...
