000 (264248.000.000) 2025-01-17 11:21:18 Job submitted from host: <192.168.0.102:9618?addrs=192.168.0.102-9618&alias=submitter&noUDP&sock=schedd_2032_5c88>
...
001 (264248.000.000) 2025-01-17 11:21:23 Job executing on host: <192.168.0.135:9618?addrs=192.168.0.135-9618&alias=node135.di.rm1&noUDP&sock=startd_2000_6980>
...
006 (264248.000.000) 2025-01-17 11:21:33 Image size of job updated: 426632
	388  -  MemoryUsage of job (MB)
	396528  -  ResidentSetSize of job (KB)
...
006 (264248.000.000) 2025-01-17 11:22:18 Image size of job updated: 2046792
	388  -  MemoryUsage of job (MB)
	396660  -  ResidentSetSize of job (KB)
...
005 (264248.000.000) 2025-01-17 11:22:18 Job terminated.
	(1) Normal termination (return value 0)
		Usr 0 00:00:53, Sys 0 00:00:01  -  Run Remote Usage
		Usr 0 00:00:00, Sys 0 00:00:00  -  Run Local Usage
		Usr 0 00:00:53, Sys 0 00:00:01  -  Total Remote Usage
		Usr 0 00:00:00, Sys 0 00:00:00  -  Total Local Usage
	0  -  Run Bytes Sent By Job
	0  -  Run Bytes Received By Job
	0  -  Total Bytes Sent By Job
	0  -  Total Bytes Received By Job
	Partitionable Resources :    Usage  Request Allocated 
	   Cpus                 :                 1         1 
	   Disk (KB)            :       27       27    470875 
	   Memory (MB)          :      388        1       128 

	Job terminated of its own accord at 2025-01-17T11:22:18Z with exit-code 0.
...
