000 (272950.000.000) 2025-01-23 10:16:54 Job submitted from host: <192.168.0.102:9618?addrs=192.168.0.102-9618&alias=submitter&noUDP&sock=schedd_2032_5c88>
...
014 (272950.000.000) 2025-01-23 10:17:05 Node 0 executing on host: <192.168.0.110:9618?addrs=192.168.0.110-9618&alias=node110.di.rm1&noUDP&sock=startd_2185_4e86>
...
014 (272950.000.001) 2025-01-23 10:17:05 Node 1 executing on host: <192.168.0.120:9618?addrs=192.168.0.120-9618&alias=node120.di.rm1&noUDP&sock=startd_2096_4298>
...
014 (272950.000.002) 2025-01-23 10:17:05 Node 2 executing on host: <192.168.0.146:9618?addrs=192.168.0.146-9618&alias=node146.di.rm1&noUDP&sock=startd_1984_6ffc>
...
014 (272950.000.003) 2025-01-23 10:17:05 Node 3 executing on host: <192.168.0.111:9618?addrs=192.168.0.111-9618&alias=node111.di.rm1&noUDP&sock=startd_2044_97ab>
...
001 (272950.000.000) 2025-01-23 10:17:05 Job executing on host: MPI_job
...
008 (272950.000.000) 2025-01-23 10:17:07 Launching orted on Node 1 of 4
...
008 (272950.000.000) 2025-01-23 10:17:07 Launching orted on Node 0 of 4
...
008 (272950.000.000) 2025-01-23 10:17:07 Launching orted on Node 3 of 4
...
008 (272950.000.000) 2025-01-23 10:17:08 Launching orted on Node 2 of 4
...
008 (272950.000.000) 2025-01-23 10:17:11 orted exited on Node 1 of 4
...
008 (272950.000.000) 2025-01-23 10:17:11 orted exited on Node 2 of 4
...
008 (272950.000.000) 2025-01-23 10:17:11 orted exited on Node 3 of 4
...
008 (272950.000.000) 2025-01-23 10:17:11 orted exited on Node 0 of 4
...
015 (272950.000.001) 2025-01-23 10:17:11 Node 1 terminated.
	(1) Normal termination (return value 0)
		Usr 0 00:00:03, Sys 0 00:00:00  -  Run Remote Usage
		Usr 0 00:00:00, Sys 0 00:00:00  -  Run Local Usage
		Usr 0 00:00:03, Sys 0 00:00:00  -  Total Remote Usage
		Usr 0 00:00:00, Sys 0 00:00:00  -  Total Local Usage
	2187  -  Run Bytes Sent By Node
	33639  -  Run Bytes Received By Node
	2187  -  Total Bytes Sent By Node
	33639  -  Total Bytes Received By Node
...
015 (272950.000.003) 2025-01-23 10:17:11 Node 3 terminated.
	(1) Normal termination (return value 0)
		Usr 0 00:00:03, Sys 0 00:00:01  -  Run Remote Usage
		Usr 0 00:00:00, Sys 0 00:00:00  -  Run Local Usage
		Usr 0 00:00:03, Sys 0 00:00:01  -  Total Remote Usage
		Usr 0 00:00:00, Sys 0 00:00:00  -  Total Local Usage
	2187  -  Run Bytes Sent By Node
	33639  -  Run Bytes Received By Node
	2187  -  Total Bytes Sent By Node
	33639  -  Total Bytes Received By Node
...
015 (272950.000.000) 2025-01-23 10:17:11 Node 0 terminated.
	(1) Normal termination (return value 0)
		Usr 0 00:00:00, Sys 0 00:00:00  -  Run Remote Usage
		Usr 0 00:00:00, Sys 0 00:00:00  -  Run Local Usage
		Usr 0 00:00:00, Sys 0 00:00:00  -  Total Remote Usage
		Usr 0 00:00:00, Sys 0 00:00:00  -  Total Local Usage
	3306  -  Run Bytes Sent By Node
	33639  -  Run Bytes Received By Node
	3306  -  Total Bytes Sent By Node
	33639  -  Total Bytes Received By Node
...
005 (272950.000.000) 2025-01-23 10:17:11 Job terminated.
	(1) Normal termination (return value 0)
		Usr 0 00:00:09, Sys 0 00:00:02  -  Run Remote Usage
		Usr 0 00:00:00, Sys 0 00:00:00  -  Run Local Usage
		Usr 0 00:00:00, Sys 0 00:00:00  -  Total Remote Usage
		Usr 0 00:00:00, Sys 0 00:00:00  -  Total Local Usage
	7680  -  Run Bytes Sent By Job
	134556  -  Run Bytes Received By Job
	7680  -  Total Bytes Sent By Job
	134556  -  Total Bytes Received By Job
	Partitionable Resources :    Usage  Request Allocated 
	   Cpus                 :                 1         2 
	   Disk (KB)            :       50       35 102979030 
	   GPUs                 :                           0 
	   Memory (MB)          :        0       27    100096 

	Job terminated of its own accord at 2025-01-23T10:17:11Z with exit-code 0.
...
000 (273025.000.000) 2025-01-23 10:22:14 Job submitted from host: <192.168.0.102:9618?addrs=192.168.0.102-9618&alias=submitter&noUDP&sock=schedd_2032_5c88>
...
014 (273025.000.000) 2025-01-23 10:22:22 Node 0 executing on host: <192.168.0.140:9618?addrs=192.168.0.140-9618&alias=node140.di.rm1&noUDP&sock=startd_1890_f615>
...
014 (273025.000.003) 2025-01-23 10:22:22 Node 3 executing on host: <192.168.0.135:9618?addrs=192.168.0.135-9618&alias=node135.di.rm1&noUDP&sock=startd_2000_6980>
...
014 (273025.000.002) 2025-01-23 10:22:22 Node 2 executing on host: <192.168.0.120:9618?addrs=192.168.0.120-9618&alias=node120.di.rm1&noUDP&sock=startd_2096_4298>
...
014 (273025.000.001) 2025-01-23 10:22:22 Node 1 executing on host: <192.168.0.116:9618?addrs=192.168.0.116-9618&alias=node116.di.rm1&noUDP&sock=startd_1847_7783>
...
001 (273025.000.000) 2025-01-23 10:22:22 Job executing on host: MPI_job
...
008 (273025.000.000) 2025-01-23 10:22:24 Launching orted on Node 0 of 4
...
008 (273025.000.000) 2025-01-23 10:22:24 Launching orted on Node 3 of 4
...
008 (273025.000.000) 2025-01-23 10:22:24 Launching orted on Node 1 of 4
...
008 (273025.000.000) 2025-01-23 10:22:24 Launching orted on Node 2 of 4
...
008 (273025.000.000) 2025-01-23 10:22:27 orted exited on Node 0 of 4
...
008 (273025.000.000) 2025-01-23 10:22:27 orted exited on Node 1 of 4
...
008 (273025.000.000) 2025-01-23 10:22:27 orted exited on Node 3 of 4
...
008 (273025.000.000) 2025-01-23 10:22:27 orted exited on Node 2 of 4
...
015 (273025.000.002) 2025-01-23 10:22:27 Node 2 terminated.
	(1) Normal termination (return value 0)
		Usr 0 00:00:02, Sys 0 00:00:00  -  Run Remote Usage
		Usr 0 00:00:00, Sys 0 00:00:00  -  Run Local Usage
		Usr 0 00:00:02, Sys 0 00:00:00  -  Total Remote Usage
		Usr 0 00:00:00, Sys 0 00:00:00  -  Total Local Usage
	2187  -  Run Bytes Sent By Node
	33639  -  Run Bytes Received By Node
	2187  -  Total Bytes Sent By Node
	33639  -  Total Bytes Received By Node
...
015 (273025.000.003) 2025-01-23 10:22:27 Node 3 terminated.
	(1) Normal termination (return value 0)
		Usr 0 00:00:02, Sys 0 00:00:00  -  Run Remote Usage
		Usr 0 00:00:00, Sys 0 00:00:00  -  Run Local Usage
		Usr 0 00:00:02, Sys 0 00:00:00  -  Total Remote Usage
		Usr 0 00:00:00, Sys 0 00:00:00  -  Total Local Usage
	2165  -  Run Bytes Sent By Node
	33639  -  Run Bytes Received By Node
	2165  -  Total Bytes Sent By Node
	33639  -  Total Bytes Received By Node
...
015 (273025.000.001) 2025-01-23 10:22:27 Node 1 terminated.
	(1) Normal termination (return value 0)
		Usr 0 00:00:02, Sys 0 00:00:01  -  Run Remote Usage
		Usr 0 00:00:00, Sys 0 00:00:00  -  Run Local Usage
		Usr 0 00:00:02, Sys 0 00:00:01  -  Total Remote Usage
		Usr 0 00:00:00, Sys 0 00:00:00  -  Total Local Usage
	2165  -  Run Bytes Sent By Node
	33639  -  Run Bytes Received By Node
	2165  -  Total Bytes Sent By Node
	33639  -  Total Bytes Received By Node
...
015 (273025.000.000) 2025-01-23 10:22:27 Node 0 terminated.
	(1) Normal termination (return value 0)
		Usr 0 00:00:00, Sys 0 00:00:00  -  Run Remote Usage
		Usr 0 00:00:00, Sys 0 00:00:00  -  Run Local Usage
		Usr 0 00:00:00, Sys 0 00:00:00  -  Total Remote Usage
		Usr 0 00:00:00, Sys 0 00:00:00  -  Total Local Usage
	3262  -  Run Bytes Sent By Node
	33639  -  Run Bytes Received By Node
	3262  -  Total Bytes Sent By Node
	33639  -  Total Bytes Received By Node
...
005 (273025.000.000) 2025-01-23 10:22:27 Job terminated.
	(1) Normal termination (return value 0)
		Usr 0 00:00:06, Sys 0 00:00:01  -  Run Remote Usage
		Usr 0 00:00:00, Sys 0 00:00:00  -  Run Local Usage
		Usr 0 00:00:00, Sys 0 00:00:00  -  Total Remote Usage
		Usr 0 00:00:00, Sys 0 00:00:00  -  Total Local Usage
	9779  -  Run Bytes Sent By Job
	134556  -  Run Bytes Received By Job
	9779  -  Total Bytes Sent By Job
	134556  -  Total Bytes Received By Job
	Partitionable Resources :    Usage  Request Allocated 
	   Cpus                 :                 1         2 
	   Disk (KB)            :       49       35 103040641 
	   Memory (MB)          :        0        0    100096 

	Job terminated of its own accord at 2025-01-23T10:22:27Z with exit-code 0.
...
000 (273978.000.000) 2025-01-23 11:29:19 Job submitted from host: <192.168.0.102:9618?addrs=192.168.0.102-9618&alias=submitter&noUDP&sock=schedd_2032_5c88>
...
014 (273978.000.000) 2025-01-23 11:29:30 Node 0 executing on host: <192.168.0.114:9618?addrs=192.168.0.114-9618&alias=node114.di.rm1&noUDP&sock=startd_2075_db1b>
...
014 (273978.000.003) 2025-01-23 11:29:30 Node 3 executing on host: <192.168.0.113:9618?addrs=192.168.0.113-9618&alias=node113.di.rm1&noUDP&sock=startd_3668932_c305>
...
014 (273978.000.002) 2025-01-23 11:29:30 Node 2 executing on host: <192.168.0.124:9618?addrs=192.168.0.124-9618&alias=node124.di.rm1&noUDP&sock=startd_2143_7f8b>
...
014 (273978.000.001) 2025-01-23 11:29:30 Node 1 executing on host: <192.168.0.141:9618?addrs=192.168.0.141-9618&alias=node141.di.rm1&noUDP&sock=startd_2077_3a4b>
...
001 (273978.000.000) 2025-01-23 11:29:30 Job executing on host: MPI_job
...
008 (273978.000.000) 2025-01-23 11:29:32 Launching orted on Node 3 of 4
...
008 (273978.000.000) 2025-01-23 11:29:32 Launching orted on Node 0 of 4
...
008 (273978.000.000) 2025-01-23 11:29:32 Launching orted on Node 2 of 4
...
008 (273978.000.000) 2025-01-23 11:29:32 Launching orted on Node 1 of 4
...
008 (273978.000.000) 2025-01-23 11:29:35 orted exited on Node 2 of 4
...
008 (273978.000.000) 2025-01-23 11:29:35 orted exited on Node 3 of 4
...
008 (273978.000.000) 2025-01-23 11:29:35 orted exited on Node 0 of 4
...
008 (273978.000.000) 2025-01-23 11:29:35 orted exited on Node 1 of 4
...
015 (273978.000.000) 2025-01-23 11:29:35 Node 0 terminated.
	(1) Normal termination (return value 0)
		Usr 0 00:00:00, Sys 0 00:00:00  -  Run Remote Usage
		Usr 0 00:00:00, Sys 0 00:00:00  -  Run Local Usage
		Usr 0 00:00:00, Sys 0 00:00:00  -  Total Remote Usage
		Usr 0 00:00:00, Sys 0 00:00:00  -  Total Local Usage
	3262  -  Run Bytes Sent By Node
	33639  -  Run Bytes Received By Node
	3262  -  Total Bytes Sent By Node
	33639  -  Total Bytes Received By Node
...
005 (273978.000.000) 2025-01-23 11:29:35 Job terminated.
	(1) Normal termination (return value 0)
		Usr 0 00:00:07, Sys 0 00:00:00  -  Run Remote Usage
		Usr 0 00:00:00, Sys 0 00:00:00  -  Run Local Usage
		Usr 0 00:00:00, Sys 0 00:00:00  -  Total Remote Usage
		Usr 0 00:00:00, Sys 0 00:00:00  -  Total Local Usage
	3262  -  Run Bytes Sent By Job
	134556  -  Run Bytes Received By Job
	3262  -  Total Bytes Sent By Job
	134556  -  Total Bytes Received By Job
	Partitionable Resources :    Usage  Request Allocated 
	   Cpus                 :                 1         2 
	   Disk (KB)            :       49       35 102671250 
	   Memory (MB)          :        1        1    100096 

	Job terminated of its own accord at 2025-01-23T11:29:35Z with exit-code 0.
...
000 (278724.000.000) 2025-01-24 09:19:21 Job submitted from host: <192.168.0.102:9618?addrs=192.168.0.102-9618&alias=submitter&noUDP&sock=schedd_2032_5c88>
...
014 (278724.000.000) 2025-01-24 09:19:28 Node 0 executing on host: <192.168.0.147:9618?addrs=192.168.0.147-9618&alias=node147.di.rm1&noUDP&sock=startd_1513_5ee1>
...
014 (278724.000.003) 2025-01-24 09:19:28 Node 3 executing on host: <192.168.0.113:9618?addrs=192.168.0.113-9618&alias=node113.di.rm1&noUDP&sock=startd_3668932_c305>
...
014 (278724.000.002) 2025-01-24 09:19:28 Node 2 executing on host: <192.168.0.151:9618?addrs=192.168.0.151-9618&alias=node151.di.rm1&noUDP&sock=startd_1528_a8cd>
...
014 (278724.000.001) 2025-01-24 09:19:28 Node 1 executing on host: <192.168.0.133:9618?addrs=192.168.0.133-9618&alias=node133.di.rm1&noUDP&sock=startd_1941_f16a>
...
001 (278724.000.000) 2025-01-24 09:19:28 Job executing on host: MPI_job
...
008 (278724.000.000) 2025-01-24 09:19:30 Launching orted on Node 0 of 4
...
008 (278724.000.000) 2025-01-24 09:19:30 Launching orted on Node 3 of 4
...
008 (278724.000.000) 2025-01-24 09:19:30 Launching orted on Node 1 of 4
...
008 (278724.000.000) 2025-01-24 09:19:30 Launching orted on Node 2 of 4
...
008 (278724.000.000) 2025-01-24 09:19:33 orted exited on Node 2 of 4
...
008 (278724.000.000) 2025-01-24 09:19:33 orted exited on Node 3 of 4
...
008 (278724.000.000) 2025-01-24 09:19:33 orted exited on Node 0 of 4
...
008 (278724.000.000) 2025-01-24 09:19:33 orted exited on Node 1 of 4
...
015 (278724.000.000) 2025-01-24 09:19:33 Node 0 terminated.
	(1) Normal termination (return value 0)
		Usr 0 00:00:00, Sys 0 00:00:00  -  Run Remote Usage
		Usr 0 00:00:00, Sys 0 00:00:00  -  Run Local Usage
		Usr 0 00:00:00, Sys 0 00:00:00  -  Total Remote Usage
		Usr 0 00:00:00, Sys 0 00:00:00  -  Total Local Usage
	3259  -  Run Bytes Sent By Node
	33639  -  Run Bytes Received By Node
	3259  -  Total Bytes Sent By Node
	33639  -  Total Bytes Received By Node
...
005 (278724.000.000) 2025-01-24 09:19:33 Job terminated.
	(1) Normal termination (return value 0)
		Usr 0 00:00:06, Sys 0 00:00:00  -  Run Remote Usage
		Usr 0 00:00:00, Sys 0 00:00:00  -  Run Local Usage
		Usr 0 00:00:00, Sys 0 00:00:00  -  Total Remote Usage
		Usr 0 00:00:00, Sys 0 00:00:00  -  Total Local Usage
	3259  -  Run Bytes Sent By Job
	134556  -  Run Bytes Received By Job
	3259  -  Total Bytes Sent By Job
	134556  -  Total Bytes Received By Job
	Partitionable Resources :    Usage  Request Allocated 
	   Cpus                 :        0        1         1 
	   Disk (KB)            :       55       35    469805 
	   Memory (MB)          :        0        0     40960 

	Job terminated of its own accord at 2025-01-24T09:19:33Z with exit-code 0.
...
000 (286995.000.000) 2025-01-28 16:13:59 Job submitted from host: <192.168.0.102:9618?addrs=192.168.0.102-9618&alias=submitter&noUDP&sock=schedd_2032_5c88>
...
014 (286995.000.002) 2025-01-28 16:14:07 Node 2 executing on host: <192.168.0.137:9618?addrs=192.168.0.137-9618&alias=node137.di.rm1&noUDP&sock=startd_1934_2440>
...
014 (286995.000.001) 2025-01-28 16:14:07 Node 1 executing on host: <192.168.0.151:9618?addrs=192.168.0.151-9618&alias=node151.di.rm1&noUDP&sock=startd_1528_a8cd>
...
014 (286995.000.000) 2025-01-28 16:14:07 Node 0 executing on host: <192.168.0.121:9618?addrs=192.168.0.121-9618&alias=node121.di.rm1&noUDP&sock=startd_2146_8e54>
...
014 (286995.000.003) 2025-01-28 16:14:07 Node 3 executing on host: <192.168.0.111:9618?addrs=192.168.0.111-9618&alias=node111.di.rm1&noUDP&sock=startd_2044_97ab>
...
001 (286995.000.000) 2025-01-28 16:14:07 Job executing on host: MPI_job
...
008 (286995.000.000) 2025-01-28 16:14:09 Launching orted on Node 2 of 4
...
008 (286995.000.000) 2025-01-28 16:14:09 Launching orted on Node 0 of 4
...
008 (286995.000.000) 2025-01-28 16:14:09 Launching orted on Node 1 of 4
...
008 (286995.000.000) 2025-01-28 16:14:09 Launching orted on Node 3 of 4
...
008 (286995.000.000) 2025-01-28 16:14:12 orted exited on Node 1 of 4
...
008 (286995.000.000) 2025-01-28 16:14:12 orted exited on Node 3 of 4
...
008 (286995.000.000) 2025-01-28 16:14:12 orted exited on Node 2 of 4
...
008 (286995.000.000) 2025-01-28 16:14:12 orted exited on Node 0 of 4
...
015 (286995.000.002) 2025-01-28 16:14:12 Node 2 terminated.
	(1) Normal termination (return value 0)
		Usr 0 00:00:03, Sys 0 00:00:01  -  Run Remote Usage
		Usr 0 00:00:00, Sys 0 00:00:00  -  Run Local Usage
		Usr 0 00:00:03, Sys 0 00:00:01  -  Total Remote Usage
		Usr 0 00:00:00, Sys 0 00:00:00  -  Total Local Usage
	2165  -  Run Bytes Sent By Node
	33591  -  Run Bytes Received By Node
	2165  -  Total Bytes Sent By Node
	33591  -  Total Bytes Received By Node
...
015 (286995.000.000) 2025-01-28 16:14:13 Node 0 terminated.
	(1) Normal termination (return value 0)
		Usr 0 00:00:00, Sys 0 00:00:00  -  Run Remote Usage
		Usr 0 00:00:00, Sys 0 00:00:00  -  Run Local Usage
		Usr 0 00:00:00, Sys 0 00:00:00  -  Total Remote Usage
		Usr 0 00:00:00, Sys 0 00:00:00  -  Total Local Usage
	3728  -  Run Bytes Sent By Node
	33591  -  Run Bytes Received By Node
	3728  -  Total Bytes Sent By Node
	33591  -  Total Bytes Received By Node
...
005 (286995.000.000) 2025-01-28 16:14:13 Job terminated.
	(1) Normal termination (return value 0)
		Usr 0 00:00:07, Sys 0 00:00:01  -  Run Remote Usage
		Usr 0 00:00:00, Sys 0 00:00:00  -  Run Local Usage
		Usr 0 00:00:00, Sys 0 00:00:00  -  Total Remote Usage
		Usr 0 00:00:00, Sys 0 00:00:00  -  Total Local Usage
	5893  -  Run Bytes Sent By Job
	134364  -  Run Bytes Received By Job
	5893  -  Total Bytes Sent By Job
	134364  -  Total Bytes Received By Job
	Partitionable Resources :    Usage  Request Allocated 
	   Cpus                 :                 1         1 
	   Disk (KB)            :       51       35 105127075 
	   Memory (MB)          :        0        0    102400 

	Job terminated of its own accord at 2025-01-28T16:14:12Z with exit-code 0.
...
