000 (263432.000.000) 2025-01-17 11:20:50 Job submitted from host: <192.168.0.102:9618?addrs=192.168.0.102-9618&alias=submitter&noUDP&sock=schedd_2032_5c88>
...
001 (263432.000.000) 2025-01-17 11:20:56 Job executing on host: <192.168.0.113:9618?addrs=192.168.0.113-9618&alias=node113.di.rm1&noUDP&sock=startd_3668932_c305>
...
006 (263432.000.000) 2025-01-17 11:21:04 Image size of job updated: 411444
	402  -  MemoryUsage of job (MB)
	411444  -  ResidentSetSize of job (KB)
...
006 (263432.000.000) 2025-01-17 11:26:26 Image size of job updated: 625572
	584  -  MemoryUsage of job (MB)
	597756  -  ResidentSetSize of job (KB)
...
006 (263432.000.000) 2025-01-17 11:33:51 Image size of job updated: 625572
	586  -  MemoryUsage of job (MB)
	599300  -  ResidentSetSize of job (KB)
...
004 (263432.000.000) 2025-01-17 11:33:51 Job was evicted.
	(0) CPU times
		Usr 0 00:09:21, Sys 0 00:03:18  -  Run Remote Usage
		Usr 0 00:00:00, Sys 0 00:00:00  -  Run Local Usage
	0  -  Run Bytes Sent By Job
	0  -  Run Bytes Received By Job
	Partitionable Resources :    Usage  Request Allocated 
	   Cpus                 :     0.68        1         1 
	   Disk (KB)            :    27          27    459754 
	   Gpus (Average)       :                 0         0 
	   Memory (MB)          :   586           1       128 
...
009 (263432.000.000) 2025-01-17 11:33:51 Job was aborted.
	via condor_rm (by user calzona_2046920)
...
