000 (265185.000.000) 2025-01-17 11:21:47 Job submitted from host: <192.168.0.102:9618?addrs=192.168.0.102-9618&alias=submitter&noUDP&sock=schedd_2032_5c88>
...
001 (265185.000.000) 2025-01-17 11:21:52 Job executing on host: <192.168.0.110:9618?addrs=192.168.0.110-9618&alias=node110.di.rm1&noUDP&sock=startd_2185_4e86>
...
006 (265185.000.000) 2025-01-17 11:22:01 Image size of job updated: 175624
	71  -  MemoryUsage of job (MB)
	72468  -  ResidentSetSize of job (KB)
...
006 (265185.000.000) 2025-01-17 11:27:02 Image size of job updated: 175624
	113  -  MemoryUsage of job (MB)
	115240  -  ResidentSetSize of job (KB)
...
006 (265185.000.000) 2025-01-17 11:33:27 Image size of job updated: 175624
	124  -  MemoryUsage of job (MB)
	126192  -  ResidentSetSize of job (KB)
...
006 (265185.000.000) 2025-01-17 11:33:27 Image size of job updated: 175624
	124  -  MemoryUsage of job (MB)
	126456  -  ResidentSetSize of job (KB)
...
004 (265185.000.000) 2025-01-17 11:33:27 Job was evicted.
	(0) CPU times
		Usr 0 00:06:13, Sys 0 00:07:41  -  Run Remote Usage
		Usr 0 00:00:00, Sys 0 00:00:00  -  Run Local Usage
	0  -  Run Bytes Sent By Job
	0  -  Run Bytes Received By Job
	Partitionable Resources :    Usage  Request Allocated 
	   Cpus                 :     1.63        1         1 
	   Disk (KB)            :    27          27    468087 
	   Gpus (Average)       :                 0         0 
	   Memory (MB)          :   124           1       128 
...
009 (265185.000.000) 2025-01-17 11:33:27 Job was aborted.
	via condor_rm (by user calzona_2046920)
...
