000 (268201.000.000) 2025-01-21 21:39:33 Job submitted from host: <192.168.0.102:9618?addrs=192.168.0.102-9618&alias=submitter&noUDP&sock=schedd_2032_5c88>
...
009 (268201.000.000) 2025-01-21 21:39:41 Job was aborted.
	via condor_rm (by user calzona_2046920)
...
000 (268380.000.000) 2025-01-21 21:45:41 Job submitted from host: <192.168.0.102:9618?addrs=192.168.0.102-9618&alias=submitter&noUDP&sock=schedd_2032_5c88>
...
001 (268380.000.000) 2025-01-21 21:45:45 Job executing on host: <192.168.0.104:9618?addrs=192.168.0.104-9618&alias=node104.di.rm1&noUDP&sock=startd_1987_7ec5>
...
006 (268380.000.000) 2025-01-21 21:45:53 Image size of job updated: 214844
	206  -  MemoryUsage of job (MB)
	210340  -  ResidentSetSize of job (KB)
...
005 (268380.000.000) 2025-01-21 21:45:56 Job terminated.
	(1) Normal termination (return value 0)
		Usr 0 00:00:11, Sys 0 00:00:00  -  Run Remote Usage
		Usr 0 00:00:00, Sys 0 00:00:00  -  Run Local Usage
		Usr 0 00:00:11, Sys 0 00:00:00  -  Total Remote Usage
		Usr 0 00:00:00, Sys 0 00:00:00  -  Total Local Usage
	0  -  Run Bytes Sent By Job
	0  -  Run Bytes Received By Job
	0  -  Total Bytes Sent By Job
	0  -  Total Bytes Received By Job
	Partitionable Resources :    Usage  Request Allocated 
	   Cpus                 :                 1         1 
	   Disk (KB)            :       27       27    465124 
	   Memory (MB)          :      206        1       128 

	Job terminated of its own accord at 2025-01-21T21:45:56Z with exit-code 0.
...
000 (274969.000.000) 2025-01-24 01:32:21 Job submitted from host: <192.168.0.102:9618?addrs=192.168.0.102-9618&alias=submitter&noUDP&sock=schedd_2032_5c88>
...
001 (274969.000.000) 2025-01-24 01:32:29 Job executing on host: <192.168.0.122:9618?addrs=192.168.0.122-9618&alias=node122.di.rm1&noUDP&sock=startd_2134_5331>
...
006 (274969.000.000) 2025-01-24 01:32:38 Image size of job updated: 215316
	207  -  MemoryUsage of job (MB)
	211488  -  ResidentSetSize of job (KB)
...
005 (274969.000.000) 2025-01-24 01:32:39 Job terminated.
	(1) Normal termination (return value 0)
		Usr 0 00:00:09, Sys 0 00:00:00  -  Run Remote Usage
		Usr 0 00:00:00, Sys 0 00:00:00  -  Run Local Usage
		Usr 0 00:00:09, Sys 0 00:00:00  -  Total Remote Usage
		Usr 0 00:00:00, Sys 0 00:00:00  -  Total Local Usage
	0  -  Run Bytes Sent By Job
	0  -  Run Bytes Received By Job
	0  -  Total Bytes Sent By Job
	0  -  Total Bytes Received By Job
	Partitionable Resources :    Usage  Request Allocated 
	   Cpus                 :                 1         1 
	   Disk (KB)            :       27       27    499915 
	   Gpus (Average)       :                 0         0 
	   Memory (MB)          :      207        1       128 

	Job terminated of its own accord at 2025-01-24T01:32:39Z with exit-code 0.
...
