000 (273328.000.000) 2025-01-23 10:54:02 Job submitted from host: <192.168.0.102:9618?addrs=192.168.0.102-9618&alias=submitter&noUDP&sock=schedd_2032_5c88>
...
014 (273328.000.000) 2025-01-23 10:54:10 Node 0 executing on host: <192.168.0.141:9618?addrs=192.168.0.141-9618&alias=node141.di.rm1&noUDP&sock=startd_2077_3a4b>
...
014 (273328.000.001) 2025-01-23 10:54:10 Node 1 executing on host: <192.168.0.112:9618?addrs=192.168.0.112-9618&alias=node112.di.rm1&noUDP&sock=startd_2169_5502>
...
001 (273328.000.000) 2025-01-23 10:54:10 Job executing on host: MPI_job
...
008 (273328.000.000) 2025-01-23 10:54:12 Launching orted on Node 0 of 2
...
008 (273328.000.000) 2025-01-23 10:54:12 Launching orted on Node 1 of 2
...
008 (273328.000.000) 2025-01-23 10:54:18 orted exited on Node 1 of 2
...
008 (273328.000.000) 2025-01-23 10:54:18 orted exited on Node 0 of 2
...
015 (273328.000.000) 2025-01-23 10:54:18 Node 0 terminated.
	(1) Normal termination (return value 0)
		Usr 0 00:00:05, Sys 0 00:00:00  -  Run Remote Usage
		Usr 0 00:00:00, Sys 0 00:00:00  -  Run Local Usage
		Usr 0 00:00:05, Sys 0 00:00:00  -  Total Remote Usage
		Usr 0 00:00:00, Sys 0 00:00:00  -  Total Local Usage
	3257  -  Run Bytes Sent By Node
	33639  -  Run Bytes Received By Node
	3257  -  Total Bytes Sent By Node
	33639  -  Total Bytes Received By Node
...
005 (273328.000.000) 2025-01-23 10:54:18 Job terminated.
	(1) Normal termination (return value 0)
		Usr 0 00:00:09, Sys 0 00:00:00  -  Run Remote Usage
		Usr 0 00:00:00, Sys 0 00:00:00  -  Run Local Usage
		Usr 0 00:00:01, Sys 0 00:00:00  -  Total Remote Usage
		Usr 0 00:00:00, Sys 0 00:00:00  -  Total Local Usage
	3257  -  Run Bytes Sent By Job
	67278  -  Run Bytes Received By Job
	3257  -  Total Bytes Sent By Job
	67278  -  Total Bytes Received By Job
	Partitionable Resources :    Usage  Request Allocated 
	   Cpus                 :                 1         2 
	   Disk (KB)            :       49       35 103002119 
	   Memory (MB)          :        0      291    100096 

	Job terminated of its own accord at 2025-01-23T10:54:18Z with exit-code 0.
...
000 (278104.000.000) 2025-01-24 07:43:04 Job submitted from host: <192.168.0.102:9618?addrs=192.168.0.102-9618&alias=submitter&noUDP&sock=schedd_2032_5c88>
...
014 (278104.000.000) 2025-01-24 07:43:11 Node 0 executing on host: <192.168.0.110:9618?addrs=192.168.0.110-9618&alias=node110.di.rm1&noUDP&sock=startd_2185_4e86>
...
014 (278104.000.001) 2025-01-24 07:43:11 Node 1 executing on host: <192.168.0.130:9618?addrs=192.168.0.130-9618&alias=node130.di.rm1&noUDP&sock=startd_2751195_838e>
...
001 (278104.000.000) 2025-01-24 07:43:11 Job executing on host: MPI_job
...
008 (278104.000.000) 2025-01-24 07:43:13 Launching orted on Node 0 of 2
...
008 (278104.000.000) 2025-01-24 07:43:14 Launching orted on Node 1 of 2
...
008 (278104.000.000) 2025-01-24 07:43:18 orted exited on Node 1 of 2
...
008 (278104.000.000) 2025-01-24 07:43:18 orted exited on Node 0 of 2
...
015 (278104.000.000) 2025-01-24 07:43:19 Node 0 terminated.
	(1) Normal termination (return value 0)
		Usr 0 00:00:00, Sys 0 00:00:00  -  Run Remote Usage
		Usr 0 00:00:00, Sys 0 00:00:00  -  Run Local Usage
		Usr 0 00:00:00, Sys 0 00:00:00  -  Total Remote Usage
		Usr 0 00:00:00, Sys 0 00:00:00  -  Total Local Usage
	3665  -  Run Bytes Sent By Node
	33639  -  Run Bytes Received By Node
	3665  -  Total Bytes Sent By Node
	33639  -  Total Bytes Received By Node
...
005 (278104.000.000) 2025-01-24 07:43:19 Job terminated.
	(1) Normal termination (return value 0)
		Usr 0 00:00:04, Sys 0 00:00:00  -  Run Remote Usage
		Usr 0 00:00:00, Sys 0 00:00:00  -  Run Local Usage
		Usr 0 00:00:00, Sys 0 00:00:00  -  Total Remote Usage
		Usr 0 00:00:00, Sys 0 00:00:00  -  Total Local Usage
	3665  -  Run Bytes Sent By Job
	67278  -  Run Bytes Received By Job
	3665  -  Total Bytes Sent By Job
	67278  -  Total Bytes Received By Job
	Partitionable Resources :    Usage  Request Allocated 
	   Cpus                 :                 1         1 
	   Disk (KB)            :       50       35  21531979 
	   GPUs                 :                           1 
	   Memory (MB)          :        0      283     65536 

	Job terminated of its own accord at 2025-01-24T07:43:18Z with exit-code 0.
...
