000 (271657.000.000) 2025-01-22 01:20:23 Job submitted from host: <192.168.0.102:9618?addrs=192.168.0.102-9618&alias=submitter&noUDP&sock=schedd_2032_5c88>
...
001 (271657.000.000) 2025-01-22 01:20:28 Job executing on host: <192.168.0.151:9618?addrs=192.168.0.151-9618&alias=node151.di.rm1&noUDP&sock=startd_1528_a8cd>
...
006 (271657.000.000) 2025-01-22 01:20:38 Image size of job updated: 393756
	385  -  MemoryUsage of job (MB)
	393756  -  ResidentSetSize of job (KB)
...
006 (271657.000.000) 2025-01-22 01:21:26 Image size of job updated: 2448336
	387  -  MemoryUsage of job (MB)
	395340  -  ResidentSetSize of job (KB)
...
004 (271657.000.000) 2025-01-22 01:21:26 Job was evicted.
	(0) CPU times
		Usr 0 00:00:52, Sys 0 00:00:01  -  Run Remote Usage
		Usr 0 00:00:00, Sys 0 00:00:00  -  Run Local Usage
	0  -  Run Bytes Sent By Job
	0  -  Run Bytes Received By Job
	Partitionable Resources :    Usage  Request Allocated 
	   Cpus                 :                 1         1 
	   Disk (KB)            :       27       27    474791 
	   Memory (MB)          :      387        1       128 
...
009 (271657.000.000) 2025-01-22 01:21:26 Job was aborted.
	via condor_rm (by user calzona_2046920)
...
000 (277811.000.000) 2025-01-24 07:14:21 Job submitted from host: <192.168.0.102:9618?addrs=192.168.0.102-9618&alias=submitter&noUDP&sock=schedd_2032_5c88>
...
001 (277811.000.000) 2025-01-24 07:14:22 Job executing on host: <192.168.0.109:9618?addrs=192.168.0.109-9618&alias=node109.di.rm1&noUDP&sock=startd_1627_90ad>
...
006 (277811.000.000) 2025-01-24 07:14:30 Image size of job updated: 400048
	390  -  MemoryUsage of job (MB)
	398596  -  ResidentSetSize of job (KB)
...
006 (277811.000.000) 2025-01-24 07:16:23 Image size of job updated: 5920684
	390  -  MemoryUsage of job (MB)
	398728  -  ResidentSetSize of job (KB)
...
004 (277811.000.000) 2025-01-24 07:16:23 Job was evicted.
	(0) CPU times
		Usr 0 00:01:57, Sys 0 00:00:04  -  Run Remote Usage
		Usr 0 00:00:00, Sys 0 00:00:00  -  Run Local Usage
	0  -  Run Bytes Sent By Job
	0  -  Run Bytes Received By Job
	Partitionable Resources :    Usage  Request Allocated 
	   Cpus                 :                 1         1 
	   Disk (KB)            :       27       27    468160 
	   Memory (MB)          :      390        1       128 
...
009 (277811.000.000) 2025-01-24 07:16:23 Job was aborted.
	via condor_rm (by user calzona_2046920)
...
