000 (280554.000.000) 2025-01-25 16:53:27 Job submitted from host: <192.168.0.102:9618?addrs=192.168.0.102-9618&alias=submitter&noUDP&sock=schedd_2032_5c88>
...
014 (280554.000.000) 2025-01-25 16:53:34 Node 0 executing on host: <192.168.0.148:9618?addrs=192.168.0.148-9618&alias=node148.di.rm1&noUDP&sock=startd_1547_b119>
...
014 (280554.000.001) 2025-01-25 16:53:34 Node 1 executing on host: <192.168.0.115:9618?addrs=192.168.0.115-9618&alias=node115.di.rm1&noUDP&sock=startd_1101621_f4a0>
...
001 (280554.000.000) 2025-01-25 16:53:34 Job executing on host: MPI_job
...
008 (280554.000.000) 2025-01-25 16:53:36 Launching orted on Node 0 of 2
...
008 (280554.000.000) 2025-01-25 16:53:36 Launching orted on Node 1 of 2
...
008 (280554.000.000) 2025-01-25 16:53:52 orted exited on Node 0 of 2
...
008 (280554.000.000) 2025-01-25 16:53:52 orted exited on Node 1 of 2
...
015 (280554.000.000) 2025-01-25 16:53:52 Node 0 terminated.
	(1) Normal termination (return value 0)
		Usr 0 00:00:05, Sys 0 00:00:00  -  Run Remote Usage
		Usr 0 00:00:00, Sys 0 00:00:00  -  Run Local Usage
		Usr 0 00:00:05, Sys 0 00:00:00  -  Total Remote Usage
		Usr 0 00:00:00, Sys 0 00:00:00  -  Total Local Usage
	3258  -  Run Bytes Sent By Node
	33639  -  Run Bytes Received By Node
	3258  -  Total Bytes Sent By Node
	33639  -  Total Bytes Received By Node
...
005 (280554.000.000) 2025-01-25 16:53:52 Job terminated.
	(1) Normal termination (return value 0)
		Usr 0 00:00:20, Sys 0 00:00:01  -  Run Remote Usage
		Usr 0 00:00:00, Sys 0 00:00:00  -  Run Local Usage
		Usr 0 00:00:05, Sys 0 00:00:00  -  Total Remote Usage
		Usr 0 00:00:00, Sys 0 00:00:00  -  Total Local Usage
	3258  -  Run Bytes Sent By Job
	67278  -  Run Bytes Received By Job
	3258  -  Total Bytes Sent By Job
	67278  -  Total Bytes Received By Job
	Partitionable Resources :    Usage  Request Allocated 
	   Cpus                 :                 1         1 
	   Disk (KB)            :       49       35    467548 
	   Memory (MB)          :      302      219     40960 

	Job terminated of its own accord at 2025-01-25T16:53:52Z with exit-code 0.
...
