000 (280616.000.000) 2025-01-25 17:05:56 Job submitted from host: <192.168.0.102:9618?addrs=192.168.0.102-9618&alias=submitter&noUDP&sock=schedd_2032_5c88>
...
014 (280616.000.000) 2025-01-25 17:06:04 Node 0 executing on host: <192.168.0.149:9618?addrs=192.168.0.149-9618&alias=node149.di.rm1&noUDP&sock=startd_1551_6f7a>
...
014 (280616.000.001) 2025-01-25 17:06:04 Node 1 executing on host: <192.168.0.109:9618?addrs=192.168.0.109-9618&alias=node109.di.rm1&noUDP&sock=startd_1627_90ad>
...
001 (280616.000.000) 2025-01-25 17:06:04 Job executing on host: MPI_job
...
008 (280616.000.000) 2025-01-25 17:06:06 Launching orted on Node 0 of 2
...
008 (280616.000.000) 2025-01-25 17:06:07 Launching orted on Node 1 of 2
...
008 (280616.000.000) 2025-01-25 17:06:17 orted exited on Node 0 of 2
...
008 (280616.000.000) 2025-01-25 17:06:17 orted exited on Node 1 of 2
...
015 (280616.000.000) 2025-01-25 17:06:17 Node 0 terminated.
	(1) Normal termination (return value 0)
		Usr 0 00:00:07, Sys 0 00:00:01  -  Run Remote Usage
		Usr 0 00:00:00, Sys 0 00:00:00  -  Run Local Usage
		Usr 0 00:00:07, Sys 0 00:00:01  -  Total Remote Usage
		Usr 0 00:00:00, Sys 0 00:00:00  -  Total Local Usage
	3257  -  Run Bytes Sent By Node
	33639  -  Run Bytes Received By Node
	3257  -  Total Bytes Sent By Node
	33639  -  Total Bytes Received By Node
...
005 (280616.000.000) 2025-01-25 17:06:17 Job terminated.
	(1) Normal termination (return value 0)
		Usr 0 00:00:16, Sys 0 00:00:01  -  Run Remote Usage
		Usr 0 00:00:00, Sys 0 00:00:00  -  Run Local Usage
		Usr 0 00:00:03, Sys 0 00:00:01  -  Total Remote Usage
		Usr 0 00:00:00, Sys 0 00:00:00  -  Total Local Usage
	3257  -  Run Bytes Sent By Job
	67278  -  Run Bytes Received By Job
	3257  -  Total Bytes Sent By Job
	67278  -  Total Bytes Received By Job
	Partitionable Resources :    Usage  Request Allocated 
	   Cpus                 :                 1         2 
	   Disk (KB)            :       49       35 102883670 
	   Memory (MB)          :      314        0    100096 

	Job terminated of its own accord at 2025-01-25T17:06:17Z with exit-code 0.
...
