000 (295502.000.000) 2025-01-31 02:22:33 Job submitted from host: <192.168.0.102:9618?addrs=192.168.0.102-9618&alias=submitter&noUDP&sock=schedd_4045053_7bc0>
...
014 (295502.000.004) 2025-01-31 02:22:40 Node 4 executing on host: <192.168.0.109:9618?addrs=192.168.0.109-9618&alias=node109.di.rm1&noUDP&sock=startd_1627_90ad>
...
014 (295502.000.000) 2025-01-31 02:22:40 Node 0 executing on host: <192.168.0.112:9618?addrs=192.168.0.112-9618&alias=node112.di.rm1&noUDP&sock=startd_2169_5502>
...
014 (295502.000.001) 2025-01-31 02:22:40 Node 1 executing on host: <192.168.0.113:9618?addrs=192.168.0.113-9618&alias=node113.di.rm1&noUDP&sock=startd_3668932_c305>
...
014 (295502.000.002) 2025-01-31 02:22:40 Node 2 executing on host: <192.168.0.109:9618?addrs=192.168.0.109-9618&alias=node109.di.rm1&noUDP&sock=startd_1627_90ad>
...
014 (295502.000.003) 2025-01-31 02:22:40 Node 3 executing on host: <192.168.0.113:9618?addrs=192.168.0.113-9618&alias=node113.di.rm1&noUDP&sock=startd_3668932_c305>
...
014 (295502.000.007) 2025-01-31 02:22:40 Node 7 executing on host: <192.168.0.113:9618?addrs=192.168.0.113-9618&alias=node113.di.rm1&noUDP&sock=startd_3668932_c305>
...
014 (295502.000.005) 2025-01-31 02:22:40 Node 5 executing on host: <192.168.0.104:9618?addrs=192.168.0.104-9618&alias=node104.di.rm1&noUDP&sock=startd_1987_7ec5>
...
014 (295502.000.006) 2025-01-31 02:22:40 Node 6 executing on host: <192.168.0.148:9618?addrs=192.168.0.148-9618&alias=node148.di.rm1&noUDP&sock=startd_1547_b119>
...
001 (295502.000.000) 2025-01-31 02:22:40 Job executing on host: MPI_job
...
008 (295502.000.000) 2025-01-31 02:22:42 Launching orted on Node 4 of 8
...
008 (295502.000.000) 2025-01-31 02:22:42 Launching orted on Node 2 of 8
...
008 (295502.000.000) 2025-01-31 02:22:42 Launching orted on Node 1 of 8
...
008 (295502.000.000) 2025-01-31 02:22:42 Launching orted on Node 0 of 8
...
008 (295502.000.000) 2025-01-31 02:22:42 Launching orted on Node 3 of 8
...
008 (295502.000.000) 2025-01-31 02:22:42 Launching orted on Node 7 of 8
...
008 (295502.000.000) 2025-01-31 02:22:42 Launching orted on Node 5 of 8
...
008 (295502.000.000) 2025-01-31 02:22:42 Launching orted on Node 6 of 8
...
008 (295502.000.000) 2025-01-31 02:22:43 orted exited on Node 0 of 8
...
008 (295502.000.000) 2025-01-31 02:22:43 orted exited on Node 6 of 8
...
008 (295502.000.000) 2025-01-31 02:22:43 orted exited on Node 2 of 8
...
008 (295502.000.000) 2025-01-31 02:22:43 orted exited on Node 5 of 8
...
008 (295502.000.000) 2025-01-31 02:22:43 orted exited on Node 7 of 8
...
008 (295502.000.000) 2025-01-31 02:22:43 orted exited on Node 1 of 8
...
008 (295502.000.000) 2025-01-31 02:22:43 orted exited on Node 3 of 8
...
008 (295502.000.000) 2025-01-31 02:22:43 orted exited on Node 4 of 8
...
015 (295502.000.006) 2025-01-31 02:22:44 Node 6 terminated.
	(1) Normal termination (return value 0)
		Usr 0 00:00:01, Sys 0 00:00:00  -  Run Remote Usage
		Usr 0 00:00:00, Sys 0 00:00:00  -  Run Local Usage
		Usr 0 00:00:01, Sys 0 00:00:00  -  Total Remote Usage
		Usr 0 00:00:00, Sys 0 00:00:00  -  Total Local Usage
	2333  -  Run Bytes Sent By Node
	33831  -  Run Bytes Received By Node
	2333  -  Total Bytes Sent By Node
	33831  -  Total Bytes Received By Node
...
015 (295502.000.002) 2025-01-31 02:22:44 Node 2 terminated.
	(1) Normal termination (return value 0)
		Usr 0 00:00:01, Sys 0 00:00:00  -  Run Remote Usage
		Usr 0 00:00:00, Sys 0 00:00:00  -  Run Local Usage
		Usr 0 00:00:01, Sys 0 00:00:00  -  Total Remote Usage
		Usr 0 00:00:00, Sys 0 00:00:00  -  Total Local Usage
	2333  -  Run Bytes Sent By Node
	33831  -  Run Bytes Received By Node
	2333  -  Total Bytes Sent By Node
	33831  -  Total Bytes Received By Node
...
015 (295502.000.005) 2025-01-31 02:22:44 Node 5 terminated.
	(1) Normal termination (return value 0)
		Usr 0 00:00:00, Sys 0 00:00:00  -  Run Remote Usage
		Usr 0 00:00:00, Sys 0 00:00:00  -  Run Local Usage
		Usr 0 00:00:00, Sys 0 00:00:00  -  Total Remote Usage
		Usr 0 00:00:00, Sys 0 00:00:00  -  Total Local Usage
	2333  -  Run Bytes Sent By Node
	33831  -  Run Bytes Received By Node
	2333  -  Total Bytes Sent By Node
	33831  -  Total Bytes Received By Node
...
015 (295502.000.004) 2025-01-31 02:22:44 Node 4 terminated.
	(1) Normal termination (return value 0)
		Usr 0 00:00:01, Sys 0 00:00:00  -  Run Remote Usage
		Usr 0 00:00:00, Sys 0 00:00:00  -  Run Local Usage
		Usr 0 00:00:01, Sys 0 00:00:00  -  Total Remote Usage
		Usr 0 00:00:00, Sys 0 00:00:00  -  Total Local Usage
	2333  -  Run Bytes Sent By Node
	33831  -  Run Bytes Received By Node
	2333  -  Total Bytes Sent By Node
	33831  -  Total Bytes Received By Node
...
015 (295502.000.000) 2025-01-31 02:22:44 Node 0 terminated.
	(1) Normal termination (return value 0)
		Usr 0 00:00:00, Sys 0 00:00:01  -  Run Remote Usage
		Usr 0 00:00:00, Sys 0 00:00:00  -  Run Local Usage
		Usr 0 00:00:00, Sys 0 00:00:01  -  Total Remote Usage
		Usr 0 00:00:00, Sys 0 00:00:00  -  Total Local Usage
	3941  -  Run Bytes Sent By Node
	33831  -  Run Bytes Received By Node
	3941  -  Total Bytes Sent By Node
	33831  -  Total Bytes Received By Node
...
005 (295502.000.000) 2025-01-31 02:22:44 Job terminated.
	(1) Normal termination (return value 0)
		Usr 0 00:00:03, Sys 0 00:00:01  -  Run Remote Usage
		Usr 0 00:00:00, Sys 0 00:00:00  -  Run Local Usage
		Usr 0 00:00:00, Sys 0 00:00:01  -  Total Remote Usage
		Usr 0 00:00:00, Sys 0 00:00:00  -  Total Local Usage
	13273  -  Run Bytes Sent By Job
	270648  -  Run Bytes Received By Job
	13273  -  Total Bytes Sent By Job
	270648  -  Total Bytes Received By Job
	Partitionable Resources :    Usage  Request Allocated 
	   Cpus                 :                 1         2 
	   Disk (KB)            :       53       35 102912356 
	   GPUs                 :                           0 
	   Memory (MB)          :        0        0    100096 

	Job terminated of its own accord at 2025-01-31T02:22:43Z with exit-code 0.
...
