000 (273844.000.000) 2025-01-23 11:21:57 Job submitted from host: <192.168.0.102:9618?addrs=192.168.0.102-9618&alias=submitter&noUDP&sock=schedd_2032_5c88>
...
014 (273844.000.000) 2025-01-23 11:22:04 Node 0 executing on host: <192.168.0.137:9618?addrs=192.168.0.137-9618&alias=node137.di.rm1&noUDP&sock=startd_1934_2440>
...
014 (273844.000.002) 2025-01-23 11:22:04 Node 2 executing on host: <192.168.0.141:9618?addrs=192.168.0.141-9618&alias=node141.di.rm1&noUDP&sock=startd_2077_3a4b>
...
014 (273844.000.001) 2025-01-23 11:22:04 Node 1 executing on host: <192.168.0.111:9618?addrs=192.168.0.111-9618&alias=node111.di.rm1&noUDP&sock=startd_2044_97ab>
...
014 (273844.000.003) 2025-01-23 11:22:04 Node 3 executing on host: <192.168.0.148:9618?addrs=192.168.0.148-9618&alias=node148.di.rm1&noUDP&sock=startd_1547_b119>
...
001 (273844.000.000) 2025-01-23 11:22:04 Job executing on host: MPI_job
...
008 (273844.000.000) 2025-01-23 11:22:06 Launching orted on Node 2 of 4
...
008 (273844.000.000) 2025-01-23 11:22:06 Launching orted on Node 1 of 4
...
008 (273844.000.000) 2025-01-23 11:22:06 Launching orted on Node 3 of 4
...
008 (273844.000.000) 2025-01-23 11:22:06 Launching orted on Node 0 of 4
...
008 (273844.000.000) 2025-01-23 11:22:20 orted exited on Node 0 of 4
...
008 (273844.000.000) 2025-01-23 11:22:20 orted exited on Node 2 of 4
...
008 (273844.000.000) 2025-01-23 11:22:20 orted exited on Node 3 of 4
...
008 (273844.000.000) 2025-01-23 11:22:20 orted exited on Node 1 of 4
...
015 (273844.000.001) 2025-01-23 11:22:20 Node 1 terminated.
	(1) Normal termination (return value 0)
		Usr 0 00:00:12, Sys 0 00:00:00  -  Run Remote Usage
		Usr 0 00:00:00, Sys 0 00:00:00  -  Run Local Usage
		Usr 0 00:00:12, Sys 0 00:00:00  -  Total Remote Usage
		Usr 0 00:00:00, Sys 0 00:00:00  -  Total Local Usage
	2187  -  Run Bytes Sent By Node
	33639  -  Run Bytes Received By Node
	2187  -  Total Bytes Sent By Node
	33639  -  Total Bytes Received By Node
...
015 (273844.000.002) 2025-01-23 11:22:20 Node 2 terminated.
	(1) Normal termination (return value 0)
		Usr 0 00:00:12, Sys 0 00:00:00  -  Run Remote Usage
		Usr 0 00:00:00, Sys 0 00:00:00  -  Run Local Usage
		Usr 0 00:00:12, Sys 0 00:00:00  -  Total Remote Usage
		Usr 0 00:00:00, Sys 0 00:00:00  -  Total Local Usage
	2165  -  Run Bytes Sent By Node
	33639  -  Run Bytes Received By Node
	2165  -  Total Bytes Sent By Node
	33639  -  Total Bytes Received By Node
...
015 (273844.000.003) 2025-01-23 11:22:20 Node 3 terminated.
	(1) Normal termination (return value 0)
		Usr 0 00:00:12, Sys 0 00:00:00  -  Run Remote Usage
		Usr 0 00:00:00, Sys 0 00:00:00  -  Run Local Usage
		Usr 0 00:00:12, Sys 0 00:00:00  -  Total Remote Usage
		Usr 0 00:00:00, Sys 0 00:00:00  -  Total Local Usage
	2165  -  Run Bytes Sent By Node
	33639  -  Run Bytes Received By Node
	2165  -  Total Bytes Sent By Node
	33639  -  Total Bytes Received By Node
...
015 (273844.000.000) 2025-01-23 11:22:20 Node 0 terminated.
	(1) Normal termination (return value 0)
		Usr 0 00:00:00, Sys 0 00:00:00  -  Run Remote Usage
		Usr 0 00:00:00, Sys 0 00:00:00  -  Run Local Usage
		Usr 0 00:00:00, Sys 0 00:00:00  -  Total Remote Usage
		Usr 0 00:00:00, Sys 0 00:00:00  -  Total Local Usage
	3264  -  Run Bytes Sent By Node
	33639  -  Run Bytes Received By Node
	3264  -  Total Bytes Sent By Node
	33639  -  Total Bytes Received By Node
...
005 (273844.000.000) 2025-01-23 11:22:20 Job terminated.
	(1) Normal termination (return value 0)
		Usr 0 00:00:36, Sys 0 00:00:00  -  Run Remote Usage
		Usr 0 00:00:00, Sys 0 00:00:00  -  Run Local Usage
		Usr 0 00:00:00, Sys 0 00:00:00  -  Total Remote Usage
		Usr 0 00:00:00, Sys 0 00:00:00  -  Total Local Usage
	9781  -  Run Bytes Sent By Job
	134556  -  Run Bytes Received By Job
	9781  -  Total Bytes Sent By Job
	134556  -  Total Bytes Received By Job
	Partitionable Resources :    Usage  Request Allocated 
	   Cpus                 :                 1         1 
	   Disk (KB)            :       50       35    391050 
	   Memory (MB)          :      368      220     40960 

	Job terminated of its own accord at 2025-01-23T11:22:20Z with exit-code 0.
...
000 (278588.000.000) 2025-01-24 09:06:47 Job submitted from host: <192.168.0.102:9618?addrs=192.168.0.102-9618&alias=submitter&noUDP&sock=schedd_2032_5c88>
...
014 (278588.000.000) 2025-01-24 09:06:55 Node 0 executing on host: <192.168.0.130:9618?addrs=192.168.0.130-9618&alias=node130.di.rm1&noUDP&sock=startd_2751195_838e>
...
014 (278588.000.003) 2025-01-24 09:06:55 Node 3 executing on host: <192.168.0.130:9618?addrs=192.168.0.130-9618&alias=node130.di.rm1&noUDP&sock=startd_2751195_838e>
...
014 (278588.000.002) 2025-01-24 09:06:55 Node 2 executing on host: <192.168.0.140:9618?addrs=192.168.0.140-9618&alias=node140.di.rm1&noUDP&sock=startd_1890_f615>
...
014 (278588.000.001) 2025-01-24 09:06:55 Node 1 executing on host: <192.168.0.110:9618?addrs=192.168.0.110-9618&alias=node110.di.rm1&noUDP&sock=startd_2185_4e86>
...
001 (278588.000.000) 2025-01-24 09:06:55 Job executing on host: MPI_job
...
008 (278588.000.000) 2025-01-24 09:06:57 Launching orted on Node 3 of 4
...
008 (278588.000.000) 2025-01-24 09:06:57 Launching orted on Node 0 of 4
...
008 (278588.000.000) 2025-01-24 09:06:57 Launching orted on Node 2 of 4
...
008 (278588.000.000) 2025-01-24 09:06:57 Launching orted on Node 1 of 4
...
008 (278588.000.000) 2025-01-24 09:07:10 orted exited on Node 2 of 4
...
008 (278588.000.000) 2025-01-24 09:07:10 orted exited on Node 1 of 4
...
008 (278588.000.000) 2025-01-24 09:07:10 orted exited on Node 0 of 4
...
008 (278588.000.000) 2025-01-24 09:07:10 orted exited on Node 3 of 4
...
015 (278588.000.002) 2025-01-24 09:07:11 Node 2 terminated.
	(1) Normal termination (return value 0)
		Usr 0 00:00:12, Sys 0 00:00:00  -  Run Remote Usage
		Usr 0 00:00:00, Sys 0 00:00:00  -  Run Local Usage
		Usr 0 00:00:12, Sys 0 00:00:00  -  Total Remote Usage
		Usr 0 00:00:00, Sys 0 00:00:00  -  Total Local Usage
	2165  -  Run Bytes Sent By Node
	33639  -  Run Bytes Received By Node
	2165  -  Total Bytes Sent By Node
	33639  -  Total Bytes Received By Node
...
015 (278588.000.001) 2025-01-24 09:07:11 Node 1 terminated.
	(1) Normal termination (return value 0)
		Usr 0 00:00:13, Sys 0 00:00:01  -  Run Remote Usage
		Usr 0 00:00:00, Sys 0 00:00:00  -  Run Local Usage
		Usr 0 00:00:13, Sys 0 00:00:01  -  Total Remote Usage
		Usr 0 00:00:00, Sys 0 00:00:00  -  Total Local Usage
	2187  -  Run Bytes Sent By Node
	33639  -  Run Bytes Received By Node
	2187  -  Total Bytes Sent By Node
	33639  -  Total Bytes Received By Node
...
015 (278588.000.003) 2025-01-24 09:07:11 Node 3 terminated.
	(1) Normal termination (return value 0)
		Usr 0 00:00:12, Sys 0 00:00:00  -  Run Remote Usage
		Usr 0 00:00:00, Sys 0 00:00:00  -  Run Local Usage
		Usr 0 00:00:12, Sys 0 00:00:00  -  Total Remote Usage
		Usr 0 00:00:00, Sys 0 00:00:00  -  Total Local Usage
	0  -  Run Bytes Sent By Node
	33639  -  Run Bytes Received By Node
	0  -  Total Bytes Sent By Node
	33639  -  Total Bytes Received By Node
...
015 (278588.000.000) 2025-01-24 09:07:11 Node 0 terminated.
	(1) Normal termination (return value 0)
		Usr 0 00:00:00, Sys 0 00:00:00  -  Run Remote Usage
		Usr 0 00:00:00, Sys 0 00:00:00  -  Run Local Usage
		Usr 0 00:00:00, Sys 0 00:00:00  -  Total Remote Usage
		Usr 0 00:00:00, Sys 0 00:00:00  -  Total Local Usage
	3264  -  Run Bytes Sent By Node
	33639  -  Run Bytes Received By Node
	3264  -  Total Bytes Sent By Node
	33639  -  Total Bytes Received By Node
...
005 (278588.000.000) 2025-01-24 09:07:11 Job terminated.
	(1) Normal termination (return value 0)
		Usr 0 00:00:37, Sys 0 00:00:01  -  Run Remote Usage
		Usr 0 00:00:00, Sys 0 00:00:00  -  Run Local Usage
		Usr 0 00:00:00, Sys 0 00:00:00  -  Total Remote Usage
		Usr 0 00:00:00, Sys 0 00:00:00  -  Total Local Usage
	7616  -  Run Bytes Sent By Job
	134556  -  Run Bytes Received By Job
	7616  -  Total Bytes Sent By Job
	134556  -  Total Bytes Received By Job
	Partitionable Resources :    Usage  Request Allocated 
	   Cpus                 :                 1         2 
	   Disk (KB)            :       49       35 102964203 
	   Memory (MB)          :      305        3    100096 

	Job terminated of its own accord at 2025-01-24T09:07:10Z with exit-code 0.
...
000 (286862.000.000) 2025-01-28 16:01:52 Job submitted from host: <192.168.0.102:9618?addrs=192.168.0.102-9618&alias=submitter&noUDP&sock=schedd_2032_5c88>
...
014 (286862.000.000) 2025-01-28 16:01:55 Node 0 executing on host: <192.168.0.106:9618?addrs=192.168.0.106-9618&alias=node106.di.rm1&noUDP&sock=startd_1970_d5a9>
...
014 (286862.000.003) 2025-01-28 16:01:55 Node 3 executing on host: <192.168.0.116:9618?addrs=192.168.0.116-9618&alias=node116.di.rm1&noUDP&sock=startd_1847_7783>
...
014 (286862.000.001) 2025-01-28 16:01:55 Node 1 executing on host: <192.168.0.110:9618?addrs=192.168.0.110-9618&alias=node110.di.rm1&noUDP&sock=startd_2185_4e86>
...
014 (286862.000.002) 2025-01-28 16:01:55 Node 2 executing on host: <192.168.0.140:9618?addrs=192.168.0.140-9618&alias=node140.di.rm1&noUDP&sock=startd_1890_f615>
...
001 (286862.000.000) 2025-01-28 16:01:55 Job executing on host: MPI_job
...
008 (286862.000.000) 2025-01-28 16:01:57 Launching orted on Node 0 of 4
...
008 (286862.000.000) 2025-01-28 16:01:57 Launching orted on Node 3 of 4
...
008 (286862.000.000) 2025-01-28 16:01:57 Launching orted on Node 1 of 4
...
008 (286862.000.000) 2025-01-28 16:01:57 Launching orted on Node 2 of 4
...
008 (286862.000.000) 2025-01-28 16:02:10 orted exited on Node 2 of 4
...
008 (286862.000.000) 2025-01-28 16:02:10 orted exited on Node 3 of 4
...
008 (286862.000.000) 2025-01-28 16:02:10 orted exited on Node 0 of 4
...
008 (286862.000.000) 2025-01-28 16:02:10 orted exited on Node 1 of 4
...
015 (286862.000.000) 2025-01-28 16:02:10 Node 0 terminated.
	(1) Normal termination (return value 0)
		Usr 0 00:00:06, Sys 0 00:00:00  -  Run Remote Usage
		Usr 0 00:00:00, Sys 0 00:00:00  -  Run Local Usage
		Usr 0 00:00:06, Sys 0 00:00:00  -  Total Remote Usage
		Usr 0 00:00:00, Sys 0 00:00:00  -  Total Local Usage
	3264  -  Run Bytes Sent By Node
	33591  -  Run Bytes Received By Node
	3264  -  Total Bytes Sent By Node
	33591  -  Total Bytes Received By Node
...
005 (286862.000.000) 2025-01-28 16:02:10 Job terminated.
	(1) Normal termination (return value 0)
		Usr 0 00:00:43, Sys 0 00:00:01  -  Run Remote Usage
		Usr 0 00:00:00, Sys 0 00:00:00  -  Run Local Usage
		Usr 0 00:00:06, Sys 0 00:00:00  -  Total Remote Usage
		Usr 0 00:00:00, Sys 0 00:00:00  -  Total Local Usage
	5451  -  Run Bytes Sent By Job
	134364  -  Run Bytes Received By Job
	5451  -  Total Bytes Sent By Job
	134364  -  Total Bytes Received By Job
	Partitionable Resources :    Usage  Request Allocated 
	   Cpus                 :                 1         2 
	   Disk (KB)            :       50       35 102706401 
	   Memory (MB)          :      310        0    100096 

	Job terminated of its own accord at 2025-01-28T16:02:10Z with exit-code 0.
...
