000 (289996.000.000) 2025-01-29 12:05:19 Job submitted from host: <192.168.0.102:9618?addrs=192.168.0.102-9618&alias=submitter&noUDP&sock=schedd_2032_5c88>
...
014 (289996.000.000) 2025-01-29 12:05:23 Node 0 executing on host: <192.168.0.130:9618?addrs=192.168.0.130-9618&alias=node130.di.rm1&noUDP&sock=startd_2751195_838e>
...
014 (289996.000.003) 2025-01-29 12:05:23 Node 3 executing on host: <192.168.0.107:9618?addrs=192.168.0.107-9618&alias=node107.di.rm1&noUDP&sock=startd_1981_6134>
...
014 (289996.000.005) 2025-01-29 12:05:23 Node 5 executing on host: <192.168.0.112:9618?addrs=192.168.0.112-9618&alias=node112.di.rm1&noUDP&sock=startd_2169_5502>
...
014 (289996.000.001) 2025-01-29 12:05:23 Node 1 executing on host: <192.168.0.137:9618?addrs=192.168.0.137-9618&alias=node137.di.rm1&noUDP&sock=startd_1934_2440>
...
014 (289996.000.004) 2025-01-29 12:05:23 Node 4 executing on host: <192.168.0.104:9618?addrs=192.168.0.104-9618&alias=node104.di.rm1&noUDP&sock=startd_1987_7ec5>
...
014 (289996.000.007) 2025-01-29 12:05:23 Node 7 executing on host: <192.168.0.141:9618?addrs=192.168.0.141-9618&alias=node141.di.rm1&noUDP&sock=startd_2077_3a4b>
...
014 (289996.000.006) 2025-01-29 12:05:23 Node 6 executing on host: <192.168.0.134:9618?addrs=192.168.0.134-9618&alias=node134.di.rm1&noUDP&sock=startd_2073_7bea>
...
014 (289996.000.002) 2025-01-29 12:05:23 Node 2 executing on host: <192.168.0.124:9618?addrs=192.168.0.124-9618&alias=node124.di.rm1&noUDP&sock=startd_2143_7f8b>
...
001 (289996.000.000) 2025-01-29 12:05:23 Job executing on host: MPI_job
...
008 (289996.000.000) 2025-01-29 12:05:25 Launching orted on Node 0 of 8
...
008 (289996.000.000) 2025-01-29 12:05:25 Launching orted on Node 3 of 8
...
008 (289996.000.000) 2025-01-29 12:05:25 Launching orted on Node 5 of 8
...
008 (289996.000.000) 2025-01-29 12:05:26 Launching orted on Node 4 of 8
...
008 (289996.000.000) 2025-01-29 12:05:26 Launching orted on Node 1 of 8
...
008 (289996.000.000) 2025-01-29 12:05:26 Launching orted on Node 7 of 8
...
008 (289996.000.000) 2025-01-29 12:05:26 Launching orted on Node 6 of 8
...
008 (289996.000.000) 2025-01-29 12:05:26 Launching orted on Node 2 of 8
...
008 (289996.000.000) 2025-01-29 12:05:26 orted exited on Node 1 of 8
...
008 (289996.000.000) 2025-01-29 12:05:26 orted exited on Node 3 of 8
...
008 (289996.000.000) 2025-01-29 12:05:26 orted exited on Node 2 of 8
...
008 (289996.000.000) 2025-01-29 12:05:26 orted exited on Node 5 of 8
...
008 (289996.000.000) 2025-01-29 12:05:26 orted exited on Node 0 of 8
...
008 (289996.000.000) 2025-01-29 12:05:26 orted exited on Node 4 of 8
...
008 (289996.000.000) 2025-01-29 12:05:26 orted exited on Node 6 of 8
...
008 (289996.000.000) 2025-01-29 12:05:26 orted exited on Node 7 of 8
...
015 (289996.000.003) 2025-01-29 12:05:26 Node 3 terminated.
	(1) Normal termination (return value 0)
		Usr 0 00:00:00, Sys 0 00:00:00  -  Run Remote Usage
		Usr 0 00:00:00, Sys 0 00:00:00  -  Run Local Usage
		Usr 0 00:00:00, Sys 0 00:00:00  -  Total Remote Usage
		Usr 0 00:00:00, Sys 0 00:00:00  -  Total Local Usage
	2341  -  Run Bytes Sent By Node
	33791  -  Run Bytes Received By Node
	2341  -  Total Bytes Sent By Node
	33791  -  Total Bytes Received By Node
...
015 (289996.000.000) 2025-01-29 12:05:26 Node 0 terminated.
	(1) Normal termination (return value 0)
		Usr 0 00:00:00, Sys 0 00:00:00  -  Run Remote Usage
		Usr 0 00:00:00, Sys 0 00:00:00  -  Run Local Usage
		Usr 0 00:00:00, Sys 0 00:00:00  -  Total Remote Usage
		Usr 0 00:00:00, Sys 0 00:00:00  -  Total Local Usage
	3903  -  Run Bytes Sent By Node
	33791  -  Run Bytes Received By Node
	3903  -  Total Bytes Sent By Node
	33791  -  Total Bytes Received By Node
...
005 (289996.000.000) 2025-01-29 12:05:26 Job terminated.
	(1) Normal termination (return value 0)
		Usr 0 00:00:00, Sys 0 00:00:00  -  Run Remote Usage
		Usr 0 00:00:00, Sys 0 00:00:00  -  Run Local Usage
		Usr 0 00:00:00, Sys 0 00:00:00  -  Total Remote Usage
		Usr 0 00:00:00, Sys 0 00:00:00  -  Total Local Usage
	8607  -  Run Bytes Sent By Job
	270328  -  Run Bytes Received By Job
	8607  -  Total Bytes Sent By Job
	270328  -  Total Bytes Received By Job
	Partitionable Resources :    Usage  Request Allocated 
	   Cpus                 :                 2         2 
	   Disk (KB)            :       52       35    472313 
	   Memory (MB)          :        0        0       128 

	Job terminated of its own accord at 2025-01-29T12:05:26Z with exit-code 0.
...
