000 (274296.000.000) 2025-01-23 11:48:05 Job submitted from host: <192.168.0.102:9618?addrs=192.168.0.102-9618&alias=submitter&noUDP&sock=schedd_2032_5c88>
...
014 (274296.000.000) 2025-01-23 11:48:12 Node 0 executing on host: <192.168.0.108:9618?addrs=192.168.0.108-9618&alias=node108.di.rm1&noUDP&sock=startd_1979_0203>
...
014 (274296.000.001) 2025-01-23 11:48:12 Node 1 executing on host: <192.168.0.142:9618?addrs=192.168.0.142-9618&alias=node142.di.rm1&noUDP&sock=startd_1996_ab1f>
...
014 (274296.000.002) 2025-01-23 11:48:12 Node 2 executing on host: <192.168.0.145:9618?addrs=192.168.0.145-9618&alias=node145.di.rm1&noUDP&sock=startd_1869_8e98>
...
014 (274296.000.003) 2025-01-23 11:48:12 Node 3 executing on host: <192.168.0.146:9618?addrs=192.168.0.146-9618&alias=node146.di.rm1&noUDP&sock=startd_1984_6ffc>
...
014 (274296.000.004) 2025-01-23 11:48:12 Node 4 executing on host: <192.168.0.141:9618?addrs=192.168.0.141-9618&alias=node141.di.rm1&noUDP&sock=startd_2077_3a4b>
...
014 (274296.000.007) 2025-01-23 11:48:12 Node 7 executing on host: <192.168.0.148:9618?addrs=192.168.0.148-9618&alias=node148.di.rm1&noUDP&sock=startd_1547_b119>
...
014 (274296.000.005) 2025-01-23 11:48:12 Node 5 executing on host: <192.168.0.120:9618?addrs=192.168.0.120-9618&alias=node120.di.rm1&noUDP&sock=startd_2096_4298>
...
014 (274296.000.006) 2025-01-23 11:48:13 Node 6 executing on host: <192.168.0.112:9618?addrs=192.168.0.112-9618&alias=node112.di.rm1&noUDP&sock=startd_2169_5502>
...
001 (274296.000.000) 2025-01-23 11:48:13 Job executing on host: MPI_job
...
008 (274296.000.000) 2025-01-23 11:48:14 Launching orted on Node 0 of 8
...
008 (274296.000.000) 2025-01-23 11:48:14 Launching orted on Node 1 of 8
...
008 (274296.000.000) 2025-01-23 11:48:15 Launching orted on Node 2 of 8
...
008 (274296.000.000) 2025-01-23 11:48:15 Launching orted on Node 3 of 8
...
008 (274296.000.000) 2025-01-23 11:48:15 Launching orted on Node 7 of 8
...
008 (274296.000.000) 2025-01-23 11:48:15 Launching orted on Node 4 of 8
...
008 (274296.000.000) 2025-01-23 11:48:15 Launching orted on Node 6 of 8
...
008 (274296.000.000) 2025-01-23 11:48:15 Launching orted on Node 5 of 8
...
008 (274296.000.000) 2025-01-23 11:48:45 Node 0 caught SIGTERM, cleaning up mpirun
...
004 (274296.000.000) 2025-01-23 11:48:45 Job was evicted.
	(0) CPU times
		Usr 0 00:01:02, Sys 0 00:00:01  -  Run Remote Usage
		Usr 0 00:00:00, Sys 0 00:00:00  -  Run Local Usage
	0  -  Run Bytes Sent By Job
	269112  -  Run Bytes Received By Job
	Partitionable Resources :    Usage  Request Allocated 
	   Cpus                 :                 1         2 
	   Disk (KB)            :     8561       35 102886886 
	   Memory (MB)          :       84       32    100096 
...
009 (274296.000.000) 2025-01-23 11:48:45 Job was aborted.
	via condor_rm (by user calzona_2046920)
...
000 (279610.000.000) 2025-01-24 11:03:08 Job submitted from host: <192.168.0.102:9618?addrs=192.168.0.102-9618&alias=submitter&noUDP&sock=schedd_2032_5c88>
...
014 (279610.000.001) 2025-01-24 11:03:16 Node 1 executing on host: <192.168.0.147:9618?addrs=192.168.0.147-9618&alias=node147.di.rm1&noUDP&sock=startd_1513_5ee1>
...
014 (279610.000.002) 2025-01-24 11:03:16 Node 2 executing on host: <192.168.0.133:9618?addrs=192.168.0.133-9618&alias=node133.di.rm1&noUDP&sock=startd_1941_f16a>
...
014 (279610.000.000) 2025-01-24 11:03:16 Node 0 executing on host: <192.168.0.123:9618?addrs=192.168.0.123-9618&alias=node123.di.rm1&noUDP&sock=startd_2149_9d1d>
...
014 (279610.000.005) 2025-01-24 11:03:16 Node 5 executing on host: <192.168.0.110:9618?addrs=192.168.0.110-9618&alias=node110.di.rm1&noUDP&sock=startd_2185_4e86>
...
014 (279610.000.006) 2025-01-24 11:03:16 Node 6 executing on host: <192.168.0.139:9618?addrs=192.168.0.139-9618&alias=node139.di.rm1&noUDP&sock=startd_1966_1748>
...
014 (279610.000.004) 2025-01-24 11:03:16 Node 4 executing on host: <192.168.0.109:9618?addrs=192.168.0.109-9618&alias=node109.di.rm1&noUDP&sock=startd_1627_90ad>
...
014 (279610.000.003) 2025-01-24 11:03:16 Node 3 executing on host: <192.168.0.145:9618?addrs=192.168.0.145-9618&alias=node145.di.rm1&noUDP&sock=startd_1869_8e98>
...
014 (279610.000.007) 2025-01-24 11:03:16 Node 7 executing on host: <192.168.0.104:9618?addrs=192.168.0.104-9618&alias=node104.di.rm1&noUDP&sock=startd_1987_7ec5>
...
001 (279610.000.000) 2025-01-24 11:03:16 Job executing on host: MPI_job
...
008 (279610.000.000) 2025-01-24 11:03:18 Launching orted on Node 1 of 8
...
008 (279610.000.000) 2025-01-24 11:03:18 Launching orted on Node 5 of 8
...
008 (279610.000.000) 2025-01-24 11:03:18 Launching orted on Node 0 of 8
...
008 (279610.000.000) 2025-01-24 11:03:18 Launching orted on Node 2 of 8
...
008 (279610.000.000) 2025-01-24 11:03:18 Launching orted on Node 6 of 8
...
008 (279610.000.000) 2025-01-24 11:03:18 Launching orted on Node 4 of 8
...
008 (279610.000.000) 2025-01-24 11:03:18 Launching orted on Node 7 of 8
...
008 (279610.000.000) 2025-01-24 11:03:19 Launching orted on Node 3 of 8
...
008 (279610.000.000) 2025-01-24 11:04:00 orted exited on Node 6 of 8
...
008 (279610.000.000) 2025-01-24 11:04:00 orted exited on Node 7 of 8
...
008 (279610.000.000) 2025-01-24 11:04:00 orted exited on Node 5 of 8
...
008 (279610.000.000) 2025-01-24 11:04:00 orted exited on Node 4 of 8
...
008 (279610.000.000) 2025-01-24 11:04:00 orted exited on Node 0 of 8
...
008 (279610.000.000) 2025-01-24 11:04:00 orted exited on Node 2 of 8
...
008 (279610.000.000) 2025-01-24 11:04:00 orted exited on Node 1 of 8
...
008 (279610.000.000) 2025-01-24 11:04:00 orted exited on Node 3 of 8
...
015 (279610.000.001) 2025-01-24 11:04:00 Node 1 terminated.
	(1) Normal termination (return value 0)
		Usr 0 00:00:35, Sys 0 00:00:05  -  Run Remote Usage
		Usr 0 00:00:00, Sys 0 00:00:00  -  Run Local Usage
		Usr 0 00:00:35, Sys 0 00:00:05  -  Total Remote Usage
		Usr 0 00:00:00, Sys 0 00:00:00  -  Total Local Usage
	2165  -  Run Bytes Sent By Node
	33639  -  Run Bytes Received By Node
	2165  -  Total Bytes Sent By Node
	33639  -  Total Bytes Received By Node
...
015 (279610.000.006) 2025-01-24 11:04:00 Node 6 terminated.
	(1) Normal termination (return value 0)
		Usr 0 00:00:35, Sys 0 00:00:05  -  Run Remote Usage
		Usr 0 00:00:00, Sys 0 00:00:00  -  Run Local Usage
		Usr 0 00:00:35, Sys 0 00:00:05  -  Total Remote Usage
		Usr 0 00:00:00, Sys 0 00:00:00  -  Total Local Usage
	2165  -  Run Bytes Sent By Node
	33639  -  Run Bytes Received By Node
	2165  -  Total Bytes Sent By Node
	33639  -  Total Bytes Received By Node
...
015 (279610.000.005) 2025-01-24 11:04:00 Node 5 terminated.
	(1) Normal termination (return value 0)
		Usr 0 00:00:35, Sys 0 00:00:05  -  Run Remote Usage
		Usr 0 00:00:00, Sys 0 00:00:00  -  Run Local Usage
		Usr 0 00:00:35, Sys 0 00:00:05  -  Total Remote Usage
		Usr 0 00:00:00, Sys 0 00:00:00  -  Total Local Usage
	2187  -  Run Bytes Sent By Node
	33639  -  Run Bytes Received By Node
	2187  -  Total Bytes Sent By Node
	33639  -  Total Bytes Received By Node
...
015 (279610.000.004) 2025-01-24 11:04:01 Node 4 terminated.
	(1) Normal termination (return value 0)
		Usr 0 00:00:35, Sys 0 00:00:05  -  Run Remote Usage
		Usr 0 00:00:00, Sys 0 00:00:00  -  Run Local Usage
		Usr 0 00:00:35, Sys 0 00:00:05  -  Total Remote Usage
		Usr 0 00:00:00, Sys 0 00:00:00  -  Total Local Usage
	2165  -  Run Bytes Sent By Node
	33639  -  Run Bytes Received By Node
	2165  -  Total Bytes Sent By Node
	33639  -  Total Bytes Received By Node
...
015 (279610.000.007) 2025-01-24 11:04:01 Node 7 terminated.
	(1) Normal termination (return value 0)
		Usr 0 00:00:35, Sys 0 00:00:05  -  Run Remote Usage
		Usr 0 00:00:00, Sys 0 00:00:00  -  Run Local Usage
		Usr 0 00:00:35, Sys 0 00:00:05  -  Total Remote Usage
		Usr 0 00:00:00, Sys 0 00:00:00  -  Total Local Usage
	2165  -  Run Bytes Sent By Node
	33639  -  Run Bytes Received By Node
	2165  -  Total Bytes Sent By Node
	33639  -  Total Bytes Received By Node
...
015 (279610.000.002) 2025-01-24 11:04:01 Node 2 terminated.
	(1) Normal termination (return value 0)
		Usr 0 00:00:35, Sys 0 00:00:05  -  Run Remote Usage
		Usr 0 00:00:00, Sys 0 00:00:00  -  Run Local Usage
		Usr 0 00:00:35, Sys 0 00:00:05  -  Total Remote Usage
		Usr 0 00:00:00, Sys 0 00:00:00  -  Total Local Usage
	2165  -  Run Bytes Sent By Node
	33639  -  Run Bytes Received By Node
	2165  -  Total Bytes Sent By Node
	33639  -  Total Bytes Received By Node
...
015 (279610.000.000) 2025-01-24 11:04:01 Node 0 terminated.
	(1) Normal termination (return value 0)
		Usr 0 00:00:00, Sys 0 00:00:01  -  Run Remote Usage
		Usr 0 00:00:00, Sys 0 00:00:00  -  Run Local Usage
		Usr 0 00:00:00, Sys 0 00:00:01  -  Total Remote Usage
		Usr 0 00:00:00, Sys 0 00:00:00  -  Total Local Usage
	3774  -  Run Bytes Sent By Node
	33639  -  Run Bytes Received By Node
	3774  -  Total Bytes Sent By Node
	33639  -  Total Bytes Received By Node
...
005 (279610.000.000) 2025-01-24 11:04:01 Job terminated.
	(1) Normal termination (return value 0)
		Usr 0 00:04:11, Sys 0 00:00:31  -  Run Remote Usage
		Usr 0 00:00:00, Sys 0 00:00:00  -  Run Local Usage
		Usr 0 00:00:00, Sys 0 00:00:01  -  Total Remote Usage
		Usr 0 00:00:00, Sys 0 00:00:00  -  Total Local Usage
	16786  -  Run Bytes Sent By Job
	269112  -  Run Bytes Received By Job
	16786  -  Total Bytes Sent By Job
	269112  -  Total Bytes Received By Job
	Partitionable Resources :    Usage  Request Allocated 
	   Cpus                 :                 1         1 
	   Disk (KB)            :       50       35    499900 
	   GPUs                 :                           0 
	   Memory (MB)          :       87       39     20480 

	Job terminated of its own accord at 2025-01-24T11:04:00Z with exit-code 0.
...
000 (287937.000.000) 2025-01-28 17:59:11 Job submitted from host: <192.168.0.102:9618?addrs=192.168.0.102-9618&alias=submitter&noUDP&sock=schedd_2032_5c88>
...
014 (287937.000.000) 2025-01-28 17:59:20 Node 0 executing on host: <192.168.0.106:9618?addrs=192.168.0.106-9618&alias=node106.di.rm1&noUDP&sock=startd_1970_d5a9>
...
014 (287937.000.001) 2025-01-28 17:59:20 Node 1 executing on host: <192.168.0.145:9618?addrs=192.168.0.145-9618&alias=node145.di.rm1&noUDP&sock=startd_1869_8e98>
...
014 (287937.000.003) 2025-01-28 17:59:20 Node 3 executing on host: <192.168.0.140:9618?addrs=192.168.0.140-9618&alias=node140.di.rm1&noUDP&sock=startd_1890_f615>
...
014 (287937.000.002) 2025-01-28 17:59:20 Node 2 executing on host: <192.168.0.110:9618?addrs=192.168.0.110-9618&alias=node110.di.rm1&noUDP&sock=startd_2185_4e86>
...
014 (287937.000.004) 2025-01-28 17:59:20 Node 4 executing on host: <192.168.0.116:9618?addrs=192.168.0.116-9618&alias=node116.di.rm1&noUDP&sock=startd_1847_7783>
...
014 (287937.000.005) 2025-01-28 17:59:20 Node 5 executing on host: <192.168.0.146:9618?addrs=192.168.0.146-9618&alias=node146.di.rm1&noUDP&sock=startd_1984_6ffc>
...
014 (287937.000.006) 2025-01-28 17:59:20 Node 6 executing on host: <192.168.0.111:9618?addrs=192.168.0.111-9618&alias=node111.di.rm1&noUDP&sock=startd_2044_97ab>
...
014 (287937.000.007) 2025-01-28 17:59:20 Node 7 executing on host: <192.168.0.120:9618?addrs=192.168.0.120-9618&alias=node120.di.rm1&noUDP&sock=startd_2096_4298>
...
001 (287937.000.000) 2025-01-28 17:59:20 Job executing on host: MPI_job
...
008 (287937.000.000) 2025-01-28 17:59:22 Launching orted on Node 0 of 8
...
008 (287937.000.000) 2025-01-28 17:59:22 Launching orted on Node 1 of 8
...
008 (287937.000.000) 2025-01-28 17:59:22 Launching orted on Node 3 of 8
...
008 (287937.000.000) 2025-01-28 17:59:22 Launching orted on Node 2 of 8
...
008 (287937.000.000) 2025-01-28 17:59:22 Launching orted on Node 4 of 8
...
008 (287937.000.000) 2025-01-28 17:59:22 Launching orted on Node 5 of 8
...
008 (287937.000.000) 2025-01-28 17:59:22 Launching orted on Node 7 of 8
...
008 (287937.000.000) 2025-01-28 17:59:22 Launching orted on Node 6 of 8
...
008 (287937.000.000) 2025-01-28 17:59:57 orted exited on Node 0 of 8
...
008 (287937.000.000) 2025-01-28 17:59:57 orted exited on Node 4 of 8
...
008 (287937.000.000) 2025-01-28 17:59:57 orted exited on Node 5 of 8
...
008 (287937.000.000) 2025-01-28 17:59:57 orted exited on Node 1 of 8
...
008 (287937.000.000) 2025-01-28 17:59:57 orted exited on Node 3 of 8
...
008 (287937.000.000) 2025-01-28 17:59:57 orted exited on Node 2 of 8
...
008 (287937.000.000) 2025-01-28 17:59:57 orted exited on Node 6 of 8
...
008 (287937.000.000) 2025-01-28 17:59:57 orted exited on Node 7 of 8
...
015 (287937.000.000) 2025-01-28 17:59:57 Node 0 terminated.
	(1) Normal termination (return value 0)
		Usr 0 00:00:06, Sys 0 00:00:00  -  Run Remote Usage
		Usr 0 00:00:00, Sys 0 00:00:00  -  Run Local Usage
		Usr 0 00:00:06, Sys 0 00:00:00  -  Total Remote Usage
		Usr 0 00:00:00, Sys 0 00:00:00  -  Total Local Usage
	3730  -  Run Bytes Sent By Node
	33591  -  Run Bytes Received By Node
	3730  -  Total Bytes Sent By Node
	33591  -  Total Bytes Received By Node
...
015 (287937.000.002) 2025-01-28 17:59:57 Node 2 terminated.
	(1) Normal termination (return value 0)
		Usr 0 00:00:33, Sys 0 00:00:00  -  Run Remote Usage
		Usr 0 00:00:00, Sys 0 00:00:00  -  Run Local Usage
		Usr 0 00:00:33, Sys 0 00:00:00  -  Total Remote Usage
		Usr 0 00:00:00, Sys 0 00:00:00  -  Total Local Usage
	2187  -  Run Bytes Sent By Node
	33591  -  Run Bytes Received By Node
	2187  -  Total Bytes Sent By Node
	33591  -  Total Bytes Received By Node
...
015 (287937.000.003) 2025-01-28 17:59:57 Node 3 terminated.
	(1) Normal termination (return value 0)
		Usr 0 00:00:34, Sys 0 00:00:00  -  Run Remote Usage
		Usr 0 00:00:00, Sys 0 00:00:00  -  Run Local Usage
		Usr 0 00:00:34, Sys 0 00:00:00  -  Total Remote Usage
		Usr 0 00:00:00, Sys 0 00:00:00  -  Total Local Usage
	2165  -  Run Bytes Sent By Node
	33591  -  Run Bytes Received By Node
	2165  -  Total Bytes Sent By Node
	33591  -  Total Bytes Received By Node
...
015 (287937.000.004) 2025-01-28 17:59:57 Node 4 terminated.
	(1) Normal termination (return value 0)
		Usr 0 00:00:34, Sys 0 00:00:00  -  Run Remote Usage
		Usr 0 00:00:00, Sys 0 00:00:00  -  Run Local Usage
		Usr 0 00:00:34, Sys 0 00:00:00  -  Total Remote Usage
		Usr 0 00:00:00, Sys 0 00:00:00  -  Total Local Usage
	2165  -  Run Bytes Sent By Node
	33591  -  Run Bytes Received By Node
	2165  -  Total Bytes Sent By Node
	33591  -  Total Bytes Received By Node
...
015 (287937.000.005) 2025-01-28 17:59:57 Node 5 terminated.
	(1) Normal termination (return value 0)
		Usr 0 00:00:34, Sys 0 00:00:01  -  Run Remote Usage
		Usr 0 00:00:00, Sys 0 00:00:00  -  Run Local Usage
		Usr 0 00:00:34, Sys 0 00:00:01  -  Total Remote Usage
		Usr 0 00:00:00, Sys 0 00:00:00  -  Total Local Usage
	2165  -  Run Bytes Sent By Node
	33591  -  Run Bytes Received By Node
	2165  -  Total Bytes Sent By Node
	33591  -  Total Bytes Received By Node
...
005 (287937.000.000) 2025-01-28 17:59:57 Job terminated.
	(1) Normal termination (return value 0)
		Usr 0 00:04:01, Sys 0 00:00:02  -  Run Remote Usage
		Usr 0 00:00:00, Sys 0 00:00:00  -  Run Local Usage
		Usr 0 00:00:06, Sys 0 00:00:00  -  Total Remote Usage
		Usr 0 00:00:00, Sys 0 00:00:00  -  Total Local Usage
	18951  -  Run Bytes Sent By Job
	268728  -  Run Bytes Received By Job
	18951  -  Total Bytes Sent By Job
	268728  -  Total Bytes Received By Job
	Partitionable Resources :    Usage  Request Allocated 
	   Cpus                 :                 1         2 
	   Disk (KB)            :       51       35 102706401 
	   Memory (MB)          :       84       31    100096 

	Job terminated of its own accord at 2025-01-28T17:59:57Z with exit-code 0.
...
