000 (265303.000.000) 2025-01-17 11:21:50 Job submitted from host: <192.168.0.102:9618?addrs=192.168.0.102-9618&alias=submitter&noUDP&sock=schedd_2032_5c88>
...
001 (265303.000.000) 2025-01-17 11:21:55 Job executing on host: <192.168.0.145:9618?addrs=192.168.0.145-9618&alias=node145.di.rm1&noUDP&sock=startd_1869_8e98>
...
006 (265303.000.000) 2025-01-17 11:22:04 Image size of job updated: 1396500
	350  -  MemoryUsage of job (MB)
	357588  -  ResidentSetSize of job (KB)
...
006 (265303.000.000) 2025-01-17 11:27:05 Image size of job updated: 12831264
	11741  -  MemoryUsage of job (MB)
	12022428  -  ResidentSetSize of job (KB)
...
006 (265303.000.000) 2025-01-17 11:32:05 Image size of job updated: 24287280
	22669  -  MemoryUsage of job (MB)
	23212088  -  ResidentSetSize of job (KB)
...
006 (265303.000.000) 2025-01-17 11:33:18 Image size of job updated: 26716080
	22669  -  MemoryUsage of job (MB)
	23212484  -  ResidentSetSize of job (KB)
...
004 (265303.000.000) 2025-01-17 11:33:18 Job was evicted.
	(0) CPU times
		Usr 0 00:10:41, Sys 0 00:00:18  -  Run Remote Usage
		Usr 0 00:00:00, Sys 0 00:00:00  -  Run Local Usage
	0  -  Run Bytes Sent By Job
	0  -  Run Bytes Received By Job
	Partitionable Resources :    Usage  Request Allocated 
	   Cpus                 :     0.98        1         1 
	   Disk (KB)            :    27          27    462663 
	   Memory (MB)          : 22669           1       128 
...
009 (265303.000.000) 2025-01-17 11:33:18 Job was aborted.
	via condor_rm (by user calzona_2046920)
...
