000 (273159.000.000) 2025-01-23 10:43:46 Job submitted from host: <192.168.0.102:9618?addrs=192.168.0.102-9618&alias=submitter&noUDP&sock=schedd_2032_5c88>
...
014 (273159.000.000) 2025-01-23 10:43:48 Node 0 executing on host: <192.168.0.149:9618?addrs=192.168.0.149-9618&alias=node149.di.rm1&noUDP&sock=startd_1551_6f7a>
...
014 (273159.000.001) 2025-01-23 10:43:48 Node 1 executing on host: <192.168.0.141:9618?addrs=192.168.0.141-9618&alias=node141.di.rm1&noUDP&sock=startd_2077_3a4b>
...
001 (273159.000.000) 2025-01-23 10:43:48 Job executing on host: MPI_job
...
008 (273159.000.000) 2025-01-23 10:43:50 Launching orted on Node 0 of 2
...
008 (273159.000.000) 2025-01-23 10:43:51 Launching orted on Node 1 of 2
...
008 (273159.000.000) 2025-01-23 10:43:52 orted exited on Node 0 of 2
...
008 (273159.000.000) 2025-01-23 10:43:52 orted exited on Node 1 of 2
...
015 (273159.000.000) 2025-01-23 10:43:52 Node 0 terminated.
	(1) Normal termination (return value 0)
		Usr 0 00:00:00, Sys 0 00:00:00  -  Run Remote Usage
		Usr 0 00:00:00, Sys 0 00:00:00  -  Run Local Usage
		Usr 0 00:00:00, Sys 0 00:00:00  -  Total Remote Usage
		Usr 0 00:00:00, Sys 0 00:00:00  -  Total Local Usage
	3257  -  Run Bytes Sent By Node
	33639  -  Run Bytes Received By Node
	3257  -  Total Bytes Sent By Node
	33639  -  Total Bytes Received By Node
...
005 (273159.000.000) 2025-01-23 10:43:52 Job terminated.
	(1) Normal termination (return value 0)
		Usr 0 00:00:00, Sys 0 00:00:00  -  Run Remote Usage
		Usr 0 00:00:00, Sys 0 00:00:00  -  Run Local Usage
		Usr 0 00:00:00, Sys 0 00:00:00  -  Total Remote Usage
		Usr 0 00:00:00, Sys 0 00:00:00  -  Total Local Usage
	3257  -  Run Bytes Sent By Job
	67278  -  Run Bytes Received By Job
	3257  -  Total Bytes Sent By Job
	67278  -  Total Bytes Received By Job
	Partitionable Resources :    Usage  Request Allocated 
	   Cpus                 :                 1         2 
	   Disk (KB)            :       49       35 102883670 
	   Memory (MB)          :        0        0    100096 

	Job terminated of its own accord at 2025-01-23T10:43:52Z with exit-code 0.
...
000 (277937.000.000) 2025-01-24 07:30:30 Job submitted from host: <192.168.0.102:9618?addrs=192.168.0.102-9618&alias=submitter&noUDP&sock=schedd_2032_5c88>
...
014 (277937.000.000) 2025-01-24 07:30:32 Node 0 executing on host: <192.168.0.149:9618?addrs=192.168.0.149-9618&alias=node149.di.rm1&noUDP&sock=startd_1551_6f7a>
...
014 (277937.000.001) 2025-01-24 07:30:32 Node 1 executing on host: <192.168.0.104:9618?addrs=192.168.0.104-9618&alias=node104.di.rm1&noUDP&sock=startd_1987_7ec5>
...
001 (277937.000.000) 2025-01-24 07:30:32 Job executing on host: MPI_job
...
008 (277937.000.000) 2025-01-24 07:30:35 Launching orted on Node 0 of 2
...
008 (277937.000.000) 2025-01-24 07:30:35 Launching orted on Node 1 of 2
...
008 (277937.000.000) 2025-01-24 07:30:36 orted exited on Node 0 of 2
...
008 (277937.000.000) 2025-01-24 07:30:36 orted exited on Node 1 of 2
...
015 (277937.000.000) 2025-01-24 07:30:36 Node 0 terminated.
	(1) Normal termination (return value 0)
		Usr 0 00:00:01, Sys 0 00:00:00  -  Run Remote Usage
		Usr 0 00:00:00, Sys 0 00:00:00  -  Run Local Usage
		Usr 0 00:00:01, Sys 0 00:00:00  -  Total Remote Usage
		Usr 0 00:00:00, Sys 0 00:00:00  -  Total Local Usage
	3257  -  Run Bytes Sent By Node
	33639  -  Run Bytes Received By Node
	3257  -  Total Bytes Sent By Node
	33639  -  Total Bytes Received By Node
...
005 (277937.000.000) 2025-01-24 07:30:36 Job terminated.
	(1) Normal termination (return value 0)
		Usr 0 00:00:01, Sys 0 00:00:00  -  Run Remote Usage
		Usr 0 00:00:00, Sys 0 00:00:00  -  Run Local Usage
		Usr 0 00:00:01, Sys 0 00:00:00  -  Total Remote Usage
		Usr 0 00:00:00, Sys 0 00:00:00  -  Total Local Usage
	3257  -  Run Bytes Sent By Job
	67278  -  Run Bytes Received By Job
	3257  -  Total Bytes Sent By Job
	67278  -  Total Bytes Received By Job
	Partitionable Resources :    Usage  Request Allocated 
	   Cpus                 :                 1         2 
	   Disk (KB)            :       49       35 102883670 
	   Memory (MB)          :        1        1    100096 

	Job terminated of its own accord at 2025-01-24T07:30:36Z with exit-code 0.
...
000 (286047.000.000) 2025-01-28 14:44:49 Job submitted from host: <192.168.0.102:9618?addrs=192.168.0.102-9618&alias=submitter&noUDP&sock=schedd_2032_5c88>
...
014 (286047.000.001) 2025-01-28 14:44:51 Node 1 executing on host: <192.168.0.105:9618?addrs=192.168.0.105-9618&alias=node105.di.rm1&noUDP&sock=startd_1951_cd5c>
...
014 (286047.000.000) 2025-01-28 14:44:51 Node 0 executing on host: <192.168.0.123:9618?addrs=192.168.0.123-9618&alias=node123.di.rm1&noUDP&sock=startd_2149_9d1d>
...
001 (286047.000.000) 2025-01-28 14:44:51 Job executing on host: MPI_job
...
008 (286047.000.000) 2025-01-28 14:44:53 Launching orted on Node 1 of 2
...
008 (286047.000.000) 2025-01-28 14:44:54 Launching orted on Node 0 of 2
...
008 (286047.000.000) 2025-01-28 14:44:54 orted exited on Node 1 of 2
...
008 (286047.000.000) 2025-01-28 14:44:54 orted exited on Node 0 of 2
...
015 (286047.000.001) 2025-01-28 14:44:54 Node 1 terminated.
	(1) Normal termination (return value 0)
		Usr 0 00:00:00, Sys 0 00:00:00  -  Run Remote Usage
		Usr 0 00:00:00, Sys 0 00:00:00  -  Run Local Usage
		Usr 0 00:00:00, Sys 0 00:00:00  -  Total Remote Usage
		Usr 0 00:00:00, Sys 0 00:00:00  -  Total Local Usage
	2165  -  Run Bytes Sent By Node
	33591  -  Run Bytes Received By Node
	2165  -  Total Bytes Sent By Node
	33591  -  Total Bytes Received By Node
...
015 (286047.000.000) 2025-01-28 14:44:55 Node 0 terminated.
	(1) Normal termination (return value 0)
		Usr 0 00:00:00, Sys 0 00:00:00  -  Run Remote Usage
		Usr 0 00:00:00, Sys 0 00:00:00  -  Run Local Usage
		Usr 0 00:00:00, Sys 0 00:00:00  -  Total Remote Usage
		Usr 0 00:00:00, Sys 0 00:00:00  -  Total Local Usage
	3301  -  Run Bytes Sent By Node
	33591  -  Run Bytes Received By Node
	3301  -  Total Bytes Sent By Node
	33591  -  Total Bytes Received By Node
...
005 (286047.000.000) 2025-01-28 14:44:55 Job terminated.
	(1) Normal termination (return value 0)
		Usr 0 00:00:00, Sys 0 00:00:00  -  Run Remote Usage
		Usr 0 00:00:00, Sys 0 00:00:00  -  Run Local Usage
		Usr 0 00:00:00, Sys 0 00:00:00  -  Total Remote Usage
		Usr 0 00:00:00, Sys 0 00:00:00  -  Total Local Usage
	5466  -  Run Bytes Sent By Job
	67182  -  Run Bytes Received By Job
	5466  -  Total Bytes Sent By Job
	67182  -  Total Bytes Received By Job
	Partitionable Resources :    Usage  Request Allocated 
	   Cpus                 :                 1         1 
	   Disk (KB)            :       51       35  21495658 
	   GPUs                 :                           1 
	   Memory (MB)          :        0        0     20480 

	Job terminated of its own accord at 2025-01-28T14:44:54Z with exit-code 0.
...
