000 (273994.000.000) 2025-01-23 11:30:00 Job submitted from host: <192.168.0.102:9618?addrs=192.168.0.102-9618&alias=submitter&noUDP&sock=schedd_2032_5c88>
...
014 (273994.000.000) 2025-01-23 11:30:05 Node 0 executing on host: <192.168.0.114:9618?addrs=192.168.0.114-9618&alias=node114.di.rm1&noUDP&sock=startd_2075_db1b>
...
014 (273994.000.003) 2025-01-23 11:30:05 Node 3 executing on host: <192.168.0.113:9618?addrs=192.168.0.113-9618&alias=node113.di.rm1&noUDP&sock=startd_3668932_c305>
...
014 (273994.000.002) 2025-01-23 11:30:05 Node 2 executing on host: <192.168.0.124:9618?addrs=192.168.0.124-9618&alias=node124.di.rm1&noUDP&sock=startd_2143_7f8b>
...
014 (273994.000.001) 2025-01-23 11:30:05 Node 1 executing on host: <192.168.0.141:9618?addrs=192.168.0.141-9618&alias=node141.di.rm1&noUDP&sock=startd_2077_3a4b>
...
001 (273994.000.000) 2025-01-23 11:30:05 Job executing on host: MPI_job
...
008 (273994.000.000) 2025-01-23 11:30:07 Launching orted on Node 0 of 4
...
008 (273994.000.000) 2025-01-23 11:30:07 Launching orted on Node 3 of 4
...
008 (273994.000.000) 2025-01-23 11:30:07 Launching orted on Node 2 of 4
...
008 (273994.000.000) 2025-01-23 11:30:08 Launching orted on Node 1 of 4
...
008 (273994.000.000) 2025-01-23 11:30:16 orted exited on Node 3 of 4
...
008 (273994.000.000) 2025-01-23 11:30:16 orted exited on Node 2 of 4
...
008 (273994.000.000) 2025-01-23 11:30:16 orted exited on Node 0 of 4
...
008 (273994.000.000) 2025-01-23 11:30:16 orted exited on Node 1 of 4
...
015 (273994.000.003) 2025-01-23 11:30:16 Node 3 terminated.
	(1) Normal termination (return value 0)
		Usr 0 00:00:08, Sys 0 00:00:00  -  Run Remote Usage
		Usr 0 00:00:00, Sys 0 00:00:00  -  Run Local Usage
		Usr 0 00:00:08, Sys 0 00:00:00  -  Total Remote Usage
		Usr 0 00:00:00, Sys 0 00:00:00  -  Total Local Usage
	2187  -  Run Bytes Sent By Node
	33639  -  Run Bytes Received By Node
	2187  -  Total Bytes Sent By Node
	33639  -  Total Bytes Received By Node
...
015 (273994.000.000) 2025-01-23 11:30:16 Node 0 terminated.
	(1) Normal termination (return value 0)
		Usr 0 00:00:04, Sys 0 00:00:00  -  Run Remote Usage
		Usr 0 00:00:00, Sys 0 00:00:00  -  Run Local Usage
		Usr 0 00:00:04, Sys 0 00:00:00  -  Total Remote Usage
		Usr 0 00:00:00, Sys 0 00:00:00  -  Total Local Usage
	3263  -  Run Bytes Sent By Node
	33639  -  Run Bytes Received By Node
	3263  -  Total Bytes Sent By Node
	33639  -  Total Bytes Received By Node
...
005 (273994.000.000) 2025-01-23 11:30:16 Job terminated.
	(1) Normal termination (return value 0)
		Usr 0 00:00:22, Sys 0 00:00:00  -  Run Remote Usage
		Usr 0 00:00:00, Sys 0 00:00:00  -  Run Local Usage
		Usr 0 00:00:04, Sys 0 00:00:00  -  Total Remote Usage
		Usr 0 00:00:00, Sys 0 00:00:00  -  Total Local Usage
	5450  -  Run Bytes Sent By Job
	134556  -  Run Bytes Received By Job
	5450  -  Total Bytes Sent By Job
	134556  -  Total Bytes Received By Job
	Partitionable Resources :    Usage  Request Allocated 
	   Cpus                 :                 1         2 
	   Disk (KB)            :       49       35 102671250 
	   Memory (MB)          :      239        0    100096 

	Job terminated of its own accord at 2025-01-23T11:30:16Z with exit-code 0.
...
000 (278738.000.000) 2025-01-24 09:19:52 Job submitted from host: <192.168.0.102:9618?addrs=192.168.0.102-9618&alias=submitter&noUDP&sock=schedd_2032_5c88>
...
014 (278738.000.000) 2025-01-24 09:19:54 Node 0 executing on host: <192.168.0.109:9618?addrs=192.168.0.109-9618&alias=node109.di.rm1&noUDP&sock=startd_1627_90ad>
...
014 (278738.000.001) 2025-01-24 09:19:54 Node 1 executing on host: <192.168.0.149:9618?addrs=192.168.0.149-9618&alias=node149.di.rm1&noUDP&sock=startd_1551_6f7a>
...
014 (278738.000.002) 2025-01-24 09:19:54 Node 2 executing on host: <192.168.0.124:9618?addrs=192.168.0.124-9618&alias=node124.di.rm1&noUDP&sock=startd_2143_7f8b>
...
014 (278738.000.003) 2025-01-24 09:19:54 Node 3 executing on host: <192.168.0.104:9618?addrs=192.168.0.104-9618&alias=node104.di.rm1&noUDP&sock=startd_1987_7ec5>
...
001 (278738.000.000) 2025-01-24 09:19:54 Job executing on host: MPI_job
...
008 (278738.000.000) 2025-01-24 09:19:56 Launching orted on Node 0 of 4
...
008 (278738.000.000) 2025-01-24 09:19:56 Launching orted on Node 1 of 4
...
008 (278738.000.000) 2025-01-24 09:19:56 Launching orted on Node 2 of 4
...
008 (278738.000.000) 2025-01-24 09:19:56 Launching orted on Node 3 of 4
...
008 (278738.000.000) 2025-01-24 09:20:05 orted exited on Node 0 of 4
...
008 (278738.000.000) 2025-01-24 09:20:05 orted exited on Node 1 of 4
...
008 (278738.000.000) 2025-01-24 09:20:05 orted exited on Node 2 of 4
...
008 (278738.000.000) 2025-01-24 09:20:05 orted exited on Node 3 of 4
...
015 (278738.000.000) 2025-01-24 09:20:05 Node 0 terminated.
	(1) Normal termination (return value 0)
		Usr 0 00:00:05, Sys 0 00:00:01  -  Run Remote Usage
		Usr 0 00:00:00, Sys 0 00:00:00  -  Run Local Usage
		Usr 0 00:00:05, Sys 0 00:00:01  -  Total Remote Usage
		Usr 0 00:00:00, Sys 0 00:00:00  -  Total Local Usage
	3257  -  Run Bytes Sent By Node
	33639  -  Run Bytes Received By Node
	3257  -  Total Bytes Sent By Node
	33639  -  Total Bytes Received By Node
...
005 (278738.000.000) 2025-01-24 09:20:05 Job terminated.
	(1) Normal termination (return value 0)
		Usr 0 00:00:26, Sys 0 00:00:01  -  Run Remote Usage
		Usr 0 00:00:00, Sys 0 00:00:00  -  Run Local Usage
		Usr 0 00:00:05, Sys 0 00:00:01  -  Total Remote Usage
		Usr 0 00:00:00, Sys 0 00:00:00  -  Total Local Usage
	5444  -  Run Bytes Sent By Job
	134556  -  Run Bytes Received By Job
	5444  -  Total Bytes Sent By Job
	134556  -  Total Bytes Received By Job
	Partitionable Resources :    Usage  Request Allocated 
	   Cpus                 :                 1         1 
	   Disk (KB)            :       49       35    468160 
	   Memory (MB)          :      262        0     40960 

	Job terminated of its own accord at 2025-01-24T09:20:05Z with exit-code 0.
...
000 (287009.000.000) 2025-01-28 16:14:45 Job submitted from host: <192.168.0.102:9618?addrs=192.168.0.102-9618&alias=submitter&noUDP&sock=schedd_2032_5c88>
...
014 (287009.000.002) 2025-01-28 16:14:50 Node 2 executing on host: <192.168.0.137:9618?addrs=192.168.0.137-9618&alias=node137.di.rm1&noUDP&sock=startd_1934_2440>
...
014 (287009.000.000) 2025-01-28 16:14:50 Node 0 executing on host: <192.168.0.121:9618?addrs=192.168.0.121-9618&alias=node121.di.rm1&noUDP&sock=startd_2146_8e54>
...
014 (287009.000.001) 2025-01-28 16:14:50 Node 1 executing on host: <192.168.0.151:9618?addrs=192.168.0.151-9618&alias=node151.di.rm1&noUDP&sock=startd_1528_a8cd>
...
014 (287009.000.003) 2025-01-28 16:14:50 Node 3 executing on host: <192.168.0.141:9618?addrs=192.168.0.141-9618&alias=node141.di.rm1&noUDP&sock=startd_2077_3a4b>
...
001 (287009.000.000) 2025-01-28 16:14:50 Job executing on host: MPI_job
...
008 (287009.000.000) 2025-01-28 16:14:52 Launching orted on Node 2 of 4
...
008 (287009.000.000) 2025-01-28 16:14:52 Launching orted on Node 0 of 4
...
008 (287009.000.000) 2025-01-28 16:14:52 Launching orted on Node 1 of 4
...
008 (287009.000.000) 2025-01-28 16:14:53 Launching orted on Node 3 of 4
...
008 (287009.000.000) 2025-01-28 16:15:01 orted exited on Node 1 of 4
...
008 (287009.000.000) 2025-01-28 16:15:01 orted exited on Node 2 of 4
...
008 (287009.000.000) 2025-01-28 16:15:01 orted exited on Node 3 of 4
...
008 (287009.000.000) 2025-01-28 16:15:01 orted exited on Node 0 of 4
...
015 (287009.000.000) 2025-01-28 16:15:01 Node 0 terminated.
	(1) Normal termination (return value 0)
		Usr 0 00:00:00, Sys 0 00:00:00  -  Run Remote Usage
		Usr 0 00:00:00, Sys 0 00:00:00  -  Run Local Usage
		Usr 0 00:00:00, Sys 0 00:00:00  -  Total Remote Usage
		Usr 0 00:00:00, Sys 0 00:00:00  -  Total Local Usage
	3263  -  Run Bytes Sent By Node
	33591  -  Run Bytes Received By Node
	3263  -  Total Bytes Sent By Node
	33591  -  Total Bytes Received By Node
...
005 (287009.000.000) 2025-01-28 16:15:01 Job terminated.
	(1) Normal termination (return value 0)
		Usr 0 00:00:22, Sys 0 00:00:01  -  Run Remote Usage
		Usr 0 00:00:00, Sys 0 00:00:00  -  Run Local Usage
		Usr 0 00:00:00, Sys 0 00:00:00  -  Total Remote Usage
		Usr 0 00:00:00, Sys 0 00:00:00  -  Total Local Usage
	7593  -  Run Bytes Sent By Job
	134364  -  Run Bytes Received By Job
	7593  -  Total Bytes Sent By Job
	134364  -  Total Bytes Received By Job
	Partitionable Resources :    Usage  Request Allocated 
	   Cpus                 :                 1         1 
	   Disk (KB)            :       50       35 105127075 
	   Memory (MB)          :      273        0    102400 

	Job terminated of its own accord at 2025-01-28T16:15:01Z with exit-code 0.
...
