000 (271413.000.000) 2025-01-22 01:00:23 Job submitted from host: <192.168.0.102:9618?addrs=192.168.0.102-9618&alias=submitter&noUDP&sock=schedd_2032_5c88>
...
001 (271413.000.000) 2025-01-22 01:00:24 Job executing on host: <192.168.0.151:9618?addrs=192.168.0.151-9618&alias=node151.di.rm1&noUDP&sock=startd_1528_a8cd>
...
006 (271413.000.000) 2025-01-22 01:00:32 Image size of job updated: 403984
	395  -  MemoryUsage of job (MB)
	403984  -  ResidentSetSize of job (KB)
...
006 (271413.000.000) 2025-01-22 01:01:25 Image size of job updated: 2215968
	395  -  MemoryUsage of job (MB)
	404380  -  ResidentSetSize of job (KB)
...
004 (271413.000.000) 2025-01-22 01:01:25 Job was evicted.
	(0) CPU times
		Usr 0 00:05:04, Sys 0 00:00:08  -  Run Remote Usage
		Usr 0 00:00:00, Sys 0 00:00:00  -  Run Local Usage
	0  -  Run Bytes Sent By Job
	0  -  Run Bytes Received By Job
	Partitionable Resources :    Usage  Request Allocated 
	   Cpus                 :                 1         1 
	   Disk (KB)            :       27       27    474791 
	   Memory (MB)          :      395        1       128 
...
009 (271413.000.000) 2025-01-22 01:01:25 Job was aborted.
	via condor_rm (by user calzona_2046920)
...
000 (277567.000.000) 2025-01-24 06:41:21 Job submitted from host: <192.168.0.102:9618?addrs=192.168.0.102-9618&alias=submitter&noUDP&sock=schedd_2032_5c88>
...
001 (277567.000.000) 2025-01-24 06:41:21 Job executing on host: <192.168.0.148:9618?addrs=192.168.0.148-9618&alias=node148.di.rm1&noUDP&sock=startd_1547_b119>
...
006 (277567.000.000) 2025-01-24 06:41:31 Image size of job updated: 459624
	449  -  MemoryUsage of job (MB)
	459624  -  ResidentSetSize of job (KB)
...
006 (277567.000.000) 2025-01-24 06:42:23 Image size of job updated: 2215968
	449  -  MemoryUsage of job (MB)
	459756  -  ResidentSetSize of job (KB)
...
005 (277567.000.000) 2025-01-24 06:42:23 Job terminated.
	(1) Normal termination (return value 0)
		Usr 0 00:05:02, Sys 0 00:00:09  -  Run Remote Usage
		Usr 0 00:00:00, Sys 0 00:00:00  -  Run Local Usage
		Usr 0 00:05:02, Sys 0 00:00:09  -  Total Remote Usage
		Usr 0 00:00:00, Sys 0 00:00:00  -  Total Local Usage
	0  -  Run Bytes Sent By Job
	0  -  Run Bytes Received By Job
	0  -  Total Bytes Sent By Job
	0  -  Total Bytes Received By Job
	Partitionable Resources :    Usage  Request Allocated 
	   Cpus                 :     1.00        1         1 
	   Disk (KB)            :    27          27    467548 
	   Memory (MB)          :   449           1       128 

	Job terminated of its own accord at 2025-01-24T06:42:23Z with exit-code 0.
...
