000 (268079.000.000) 2025-01-21 21:11:31 Job submitted from host: <192.168.0.102:9618?addrs=192.168.0.102-9618&alias=submitter&noUDP&sock=schedd_2032_5c88>
...
001 (268079.000.000) 2025-01-21 21:11:47 Job executing on host: <192.168.0.105:9618?addrs=192.168.0.105-9618&alias=node105.di.rm1&noUDP&sock=startd_1951_cd5c>
...
006 (268079.000.000) 2025-01-21 21:11:55 Image size of job updated: 325776
	319  -  MemoryUsage of job (MB)
	325776  -  ResidentSetSize of job (KB)
...
006 (268079.000.000) 2025-01-21 21:11:58 Image size of job updated: 413036
	319  -  MemoryUsage of job (MB)
	325908  -  ResidentSetSize of job (KB)
...
005 (268079.000.000) 2025-01-21 21:11:58 Job terminated.
	(1) Normal termination (return value 0)
		Usr 0 00:00:19, Sys 0 00:00:00  -  Run Remote Usage
		Usr 0 00:00:00, Sys 0 00:00:00  -  Run Local Usage
		Usr 0 00:00:19, Sys 0 00:00:00  -  Total Remote Usage
		Usr 0 00:00:00, Sys 0 00:00:00  -  Total Local Usage
	0  -  Run Bytes Sent By Job
	0  -  Run Bytes Received By Job
	0  -  Total Bytes Sent By Job
	0  -  Total Bytes Received By Job
	Partitionable Resources :    Usage  Request Allocated 
	   Cpus                 :                 1         1 
	   Disk (KB)            :       27       27    472026 
	   Memory (MB)          :      319        1       128 

	Job terminated of its own accord at 2025-01-21T21:11:58Z with exit-code 0.
...
