000 (282436.000.000) 2025-01-26 17:26:59 Job submitted from host: <192.168.0.102:9618?addrs=192.168.0.102-9618&alias=submitter&noUDP&sock=schedd_2032_5c88>
...
014 (282436.000.000) 2025-01-26 17:27:07 Node 0 executing on host: <192.168.0.112:9618?addrs=192.168.0.112-9618&alias=node112.di.rm1&noUDP&sock=startd_2169_5502>
...
014 (282436.000.002) 2025-01-26 17:27:07 Node 2 executing on host: <192.168.0.137:9618?addrs=192.168.0.137-9618&alias=node137.di.rm1&noUDP&sock=startd_1934_2440>
...
014 (282436.000.001) 2025-01-26 17:27:07 Node 1 executing on host: <192.168.0.122:9618?addrs=192.168.0.122-9618&alias=node122.di.rm1&noUDP&sock=startd_2134_5331>
...
014 (282436.000.005) 2025-01-26 17:27:07 Node 5 executing on host: <192.168.0.139:9618?addrs=192.168.0.139-9618&alias=node139.di.rm1&noUDP&sock=startd_1966_1748>
...
014 (282436.000.006) 2025-01-26 17:27:07 Node 6 executing on host: <192.168.0.148:9618?addrs=192.168.0.148-9618&alias=node148.di.rm1&noUDP&sock=startd_1547_b119>
...
014 (282436.000.004) 2025-01-26 17:27:08 Node 4 executing on host: <192.168.0.142:9618?addrs=192.168.0.142-9618&alias=node142.di.rm1&noUDP&sock=startd_1996_ab1f>
...
014 (282436.000.007) 2025-01-26 17:27:08 Node 7 executing on host: <192.168.0.143:9618?addrs=192.168.0.143-9618&alias=node143.di.rm1&noUDP&sock=startd_2061_40c7>
...
014 (282436.000.003) 2025-01-26 17:27:08 Node 3 executing on host: <192.168.0.141:9618?addrs=192.168.0.141-9618&alias=node141.di.rm1&noUDP&sock=startd_2077_3a4b>
...
001 (282436.000.000) 2025-01-26 17:27:08 Job executing on host: MPI_job
...
008 (282436.000.000) 2025-01-26 17:27:10 Launching orted on Node 2 of 8
...
008 (282436.000.000) 2025-01-26 17:27:10 Launching orted on Node 0 of 8
...
008 (282436.000.000) 2025-01-26 17:27:10 Launching orted on Node 1 of 8
...
008 (282436.000.000) 2025-01-26 17:27:10 Launching orted on Node 5 of 8
...
008 (282436.000.000) 2025-01-26 17:27:10 Launching orted on Node 6 of 8
...
008 (282436.000.000) 2025-01-26 17:27:10 Launching orted on Node 4 of 8
...
008 (282436.000.000) 2025-01-26 17:27:10 Launching orted on Node 7 of 8
...
008 (282436.000.000) 2025-01-26 17:27:11 Launching orted on Node 3 of 8
...
008 (282436.000.000) 2025-01-26 17:28:05 orted exited on Node 0 of 8
...
008 (282436.000.000) 2025-01-26 17:28:05 orted exited on Node 2 of 8
...
008 (282436.000.000) 2025-01-26 17:28:05 orted exited on Node 6 of 8
...
008 (282436.000.000) 2025-01-26 17:28:05 orted exited on Node 1 of 8
...
008 (282436.000.000) 2025-01-26 17:28:05 orted exited on Node 5 of 8
...
008 (282436.000.000) 2025-01-26 17:28:05 orted exited on Node 3 of 8
...
008 (282436.000.000) 2025-01-26 17:28:05 orted exited on Node 4 of 8
...
008 (282436.000.000) 2025-01-26 17:28:05 orted exited on Node 7 of 8
...
015 (282436.000.002) 2025-01-26 17:28:05 Node 2 terminated.
	(1) Normal termination (return value 0)
		Usr 0 00:00:44, Sys 0 00:00:08  -  Run Remote Usage
		Usr 0 00:00:00, Sys 0 00:00:00  -  Run Local Usage
		Usr 0 00:00:44, Sys 0 00:00:08  -  Total Remote Usage
		Usr 0 00:00:00, Sys 0 00:00:00  -  Total Local Usage
	2165  -  Run Bytes Sent By Node
	33711  -  Run Bytes Received By Node
	2165  -  Total Bytes Sent By Node
	33711  -  Total Bytes Received By Node
...
015 (282436.000.005) 2025-01-26 17:28:05 Node 5 terminated.
	(1) Normal termination (return value 0)
		Usr 0 00:00:45, Sys 0 00:00:09  -  Run Remote Usage
		Usr 0 00:00:00, Sys 0 00:00:00  -  Run Local Usage
		Usr 0 00:00:45, Sys 0 00:00:09  -  Total Remote Usage
		Usr 0 00:00:00, Sys 0 00:00:00  -  Total Local Usage
	2165  -  Run Bytes Sent By Node
	33711  -  Run Bytes Received By Node
	2165  -  Total Bytes Sent By Node
	33711  -  Total Bytes Received By Node
...
015 (282436.000.000) 2025-01-26 17:28:05 Node 0 terminated.
	(1) Normal termination (return value 0)
		Usr 0 00:00:00, Sys 0 00:00:00  -  Run Remote Usage
		Usr 0 00:00:00, Sys 0 00:00:00  -  Run Local Usage
		Usr 0 00:00:00, Sys 0 00:00:00  -  Total Remote Usage
		Usr 0 00:00:00, Sys 0 00:00:00  -  Total Local Usage
	3304  -  Run Bytes Sent By Node
	33711  -  Run Bytes Received By Node
	3304  -  Total Bytes Sent By Node
	33711  -  Total Bytes Received By Node
...
015 (282436.000.001) 2025-01-26 17:28:05 Node 1 terminated.
	(1) Normal termination (return value 0)
		Usr 0 00:00:45, Sys 0 00:00:09  -  Run Remote Usage
		Usr 0 00:00:00, Sys 0 00:00:00  -  Run Local Usage
		Usr 0 00:00:45, Sys 0 00:00:09  -  Total Remote Usage
		Usr 0 00:00:00, Sys 0 00:00:00  -  Total Local Usage
	2187  -  Run Bytes Sent By Node
	33711  -  Run Bytes Received By Node
	2187  -  Total Bytes Sent By Node
	33711  -  Total Bytes Received By Node
...
005 (282436.000.000) 2025-01-26 17:28:05 Job terminated.
	(1) Normal termination (return value 0)
		Usr 0 00:05:22, Sys 0 00:00:51  -  Run Remote Usage
		Usr 0 00:00:00, Sys 0 00:00:00  -  Run Local Usage
		Usr 0 00:00:00, Sys 0 00:00:00  -  Total Remote Usage
		Usr 0 00:00:00, Sys 0 00:00:00  -  Total Local Usage
	9821  -  Run Bytes Sent By Job
	269688  -  Run Bytes Received By Job
	9821  -  Total Bytes Sent By Job
	269688  -  Total Bytes Received By Job
	Partitionable Resources :    Usage  Request Allocated 
	   Cpus                 :                 1         1 
	   Disk (KB)            :       51       35    437925 
	   GPUs                 :                           0 
	   Memory (MB)          :      209        0     53248 

	Job terminated of its own accord at 2025-01-26T17:28:05Z with exit-code 0.
...
000 (289299.000.000) 2025-01-28 23:12:38 Job submitted from host: <192.168.0.102:9618?addrs=192.168.0.102-9618&alias=submitter&noUDP&sock=schedd_2032_5c88>
...
014 (289299.000.003) 2025-01-28 23:12:46 Node 3 executing on host: <192.168.0.148:9618?addrs=192.168.0.148-9618&alias=node148.di.rm1&noUDP&sock=startd_1547_b119>
...
014 (289299.000.001) 2025-01-28 23:12:46 Node 1 executing on host: <192.168.0.148:9618?addrs=192.168.0.148-9618&alias=node148.di.rm1&noUDP&sock=startd_1547_b119>
...
014 (289299.000.002) 2025-01-28 23:12:46 Node 2 executing on host: <192.168.0.133:9618?addrs=192.168.0.133-9618&alias=node133.di.rm1&noUDP&sock=startd_1941_f16a>
...
014 (289299.000.000) 2025-01-28 23:12:46 Node 0 executing on host: <192.168.0.142:9618?addrs=192.168.0.142-9618&alias=node142.di.rm1&noUDP&sock=startd_1996_ab1f>
...
014 (289299.000.005) 2025-01-28 23:12:46 Node 5 executing on host: <192.168.0.109:9618?addrs=192.168.0.109-9618&alias=node109.di.rm1&noUDP&sock=startd_1627_90ad>
...
014 (289299.000.006) 2025-01-28 23:12:46 Node 6 executing on host: <192.168.0.139:9618?addrs=192.168.0.139-9618&alias=node139.di.rm1&noUDP&sock=startd_1966_1748>
...
014 (289299.000.007) 2025-01-28 23:12:46 Node 7 executing on host: <192.168.0.104:9618?addrs=192.168.0.104-9618&alias=node104.di.rm1&noUDP&sock=startd_1987_7ec5>
...
014 (289299.000.004) 2025-01-28 23:12:46 Node 4 executing on host: <192.168.0.143:9618?addrs=192.168.0.143-9618&alias=node143.di.rm1&noUDP&sock=startd_2061_40c7>
...
001 (289299.000.000) 2025-01-28 23:12:46 Job executing on host: MPI_job
...
008 (289299.000.000) 2025-01-28 23:12:48 Launching orted on Node 1 of 8
...
008 (289299.000.000) 2025-01-28 23:12:48 Launching orted on Node 3 of 8
...
008 (289299.000.000) 2025-01-28 23:12:48 Launching orted on Node 2 of 8
...
008 (289299.000.000) 2025-01-28 23:12:48 Launching orted on Node 0 of 8
...
008 (289299.000.000) 2025-01-28 23:12:48 Launching orted on Node 5 of 8
...
008 (289299.000.000) 2025-01-28 23:12:48 Launching orted on Node 6 of 8
...
008 (289299.000.000) 2025-01-28 23:12:48 Launching orted on Node 7 of 8
...
008 (289299.000.000) 2025-01-28 23:12:48 Launching orted on Node 4 of 8
...
008 (289299.000.000) 2025-01-28 23:13:33 orted exited on Node 7 of 8
...
008 (289299.000.000) 2025-01-28 23:13:33 orted exited on Node 0 of 8
...
008 (289299.000.000) 2025-01-28 23:13:33 orted exited on Node 1 of 8
...
008 (289299.000.000) 2025-01-28 23:13:33 orted exited on Node 2 of 8
...
008 (289299.000.000) 2025-01-28 23:13:33 orted exited on Node 3 of 8
...
008 (289299.000.000) 2025-01-28 23:13:33 orted exited on Node 4 of 8
...
008 (289299.000.000) 2025-01-28 23:13:33 orted exited on Node 5 of 8
...
008 (289299.000.000) 2025-01-28 23:13:33 orted exited on Node 6 of 8
...
015 (289299.000.001) 2025-01-28 23:13:34 Node 1 terminated.
	(1) Normal termination (return value 0)
		Usr 0 00:00:44, Sys 0 00:00:02  -  Run Remote Usage
		Usr 0 00:00:00, Sys 0 00:00:00  -  Run Local Usage
		Usr 0 00:00:44, Sys 0 00:00:02  -  Total Remote Usage
		Usr 0 00:00:00, Sys 0 00:00:00  -  Total Local Usage
	2165  -  Run Bytes Sent By Node
	33711  -  Run Bytes Received By Node
	2165  -  Total Bytes Sent By Node
	33711  -  Total Bytes Received By Node
...
015 (289299.000.002) 2025-01-28 23:13:34 Node 2 terminated.
	(1) Normal termination (return value 0)
		Usr 0 00:00:43, Sys 0 00:00:01  -  Run Remote Usage
		Usr 0 00:00:00, Sys 0 00:00:00  -  Run Local Usage
		Usr 0 00:00:43, Sys 0 00:00:01  -  Total Remote Usage
		Usr 0 00:00:00, Sys 0 00:00:00  -  Total Local Usage
	2165  -  Run Bytes Sent By Node
	33711  -  Run Bytes Received By Node
	2165  -  Total Bytes Sent By Node
	33711  -  Total Bytes Received By Node
...
015 (289299.000.000) 2025-01-28 23:13:34 Node 0 terminated.
	(1) Normal termination (return value 0)
		Usr 0 00:00:00, Sys 0 00:00:00  -  Run Remote Usage
		Usr 0 00:00:00, Sys 0 00:00:00  -  Run Local Usage
		Usr 0 00:00:00, Sys 0 00:00:00  -  Total Remote Usage
		Usr 0 00:00:00, Sys 0 00:00:00  -  Total Local Usage
	3260  -  Run Bytes Sent By Node
	33711  -  Run Bytes Received By Node
	3260  -  Total Bytes Sent By Node
	33711  -  Total Bytes Received By Node
...
005 (289299.000.000) 2025-01-28 23:13:34 Job terminated.
	(1) Normal termination (return value 0)
		Usr 0 00:05:03, Sys 0 00:00:09  -  Run Remote Usage
		Usr 0 00:00:00, Sys 0 00:00:00  -  Run Local Usage
		Usr 0 00:00:00, Sys 0 00:00:00  -  Total Remote Usage
		Usr 0 00:00:00, Sys 0 00:00:00  -  Total Local Usage
	7590  -  Run Bytes Sent By Job
	269688  -  Run Bytes Received By Job
	7590  -  Total Bytes Sent By Job
	269688  -  Total Bytes Received By Job
	Partitionable Resources :    Usage  Request Allocated 
	   Cpus                 :     0.94        1         2 
	   Disk (KB)            :    57          35 103011620 
	   Memory (MB)          :   258           0    100096 

	Job terminated of its own accord at 2025-01-28T23:13:33Z with exit-code 0.
...
