000 (268051.000.000) 2025-01-21 21:10:23 Job submitted from host: <192.168.0.102:9618?addrs=192.168.0.102-9618&alias=submitter&noUDP&sock=schedd_2032_5c88>
...
001 (268051.000.000) 2025-01-21 21:10:32 Job executing on host: <192.168.0.135:9618?addrs=192.168.0.135-9618&alias=node135.di.rm1&noUDP&sock=startd_2000_6980>
...
006 (268051.000.000) 2025-01-21 21:10:40 Image size of job updated: 490248
	479  -  MemoryUsage of job (MB)
	490248  -  ResidentSetSize of job (KB)
...
006 (268051.000.000) 2025-01-21 21:11:04 Image size of job updated: 2412900
	479  -  MemoryUsage of job (MB)
	490380  -  ResidentSetSize of job (KB)
...
004 (268051.000.000) 2025-01-21 21:11:04 Job was evicted.
	(0) CPU times
		Usr 0 00:00:31, Sys 0 00:00:00  -  Run Remote Usage
		Usr 0 00:00:00, Sys 0 00:00:00  -  Run Local Usage
	0  -  Run Bytes Sent By Job
	0  -  Run Bytes Received By Job
	Partitionable Resources :    Usage  Request Allocated 
	   Cpus                 :     1.00        1         1 
	   Disk (KB)            :    27          27    470875 
	   Memory (MB)          :   479           1       128 
...
009 (268051.000.000) 2025-01-21 21:11:05 Job was aborted.
	via condor_rm (by user calzona_2046920)
...
