000 (269766.000.000) 2025-01-21 23:02:45 Job submitted from host: <192.168.0.102:9618?addrs=192.168.0.102-9618&alias=submitter&noUDP&sock=schedd_2032_5c88>
...
001 (269766.000.000) 2025-01-21 23:03:05 Job executing on host: <192.168.0.148:9618?addrs=192.168.0.148-9618&alias=node148.di.rm1&noUDP&sock=startd_1547_b119>
...
006 (269766.000.000) 2025-01-21 23:03:14 Image size of job updated: 25096
	23  -  MemoryUsage of job (MB)
	23512  -  ResidentSetSize of job (KB)
...
006 (269766.000.000) 2025-01-21 23:03:46 Image size of job updated: 40260
	23  -  MemoryUsage of job (MB)
	23512  -  ResidentSetSize of job (KB)
...
004 (269766.000.000) 2025-01-21 23:03:46 Job was evicted.
	(0) CPU times
		Usr 0 00:01:21, Sys 0 00:00:00  -  Run Remote Usage
		Usr 0 00:00:00, Sys 0 00:00:00  -  Run Local Usage
	0  -  Run Bytes Sent By Job
	0  -  Run Bytes Received By Job
	Partitionable Resources :    Usage  Request Allocated 
	   Cpus                 :                 1         1 
	   Disk (KB)            :       27       27    467548 
	   Memory (MB)          :       23        1       128 
...
009 (269766.000.000) 2025-01-21 23:03:46 Job was aborted.
	via condor_rm (by user calzona_2046920)
...
000 (275921.000.000) 2025-01-24 03:28:47 Job submitted from host: <192.168.0.102:9618?addrs=192.168.0.102-9618&alias=submitter&noUDP&sock=schedd_2032_5c88>
...
001 (275921.000.000) 2025-01-24 03:28:49 Job executing on host: <192.168.0.148:9618?addrs=192.168.0.148-9618&alias=node148.di.rm1&noUDP&sock=startd_1547_b119>
...
006 (275921.000.000) 2025-01-24 03:28:58 Image size of job updated: 24156
	24  -  MemoryUsage of job (MB)
	24156  -  ResidentSetSize of job (KB)
...
006 (275921.000.000) 2025-01-24 03:30:49 Image size of job updated: 40260
	24  -  MemoryUsage of job (MB)
	24156  -  ResidentSetSize of job (KB)
...
004 (275921.000.000) 2025-01-24 03:30:49 Job was evicted.
	(0) CPU times
		Usr 0 00:03:57, Sys 0 00:00:00  -  Run Remote Usage
		Usr 0 00:00:00, Sys 0 00:00:00  -  Run Local Usage
	0  -  Run Bytes Sent By Job
	0  -  Run Bytes Received By Job
	Partitionable Resources :    Usage  Request Allocated 
	   Cpus                 :                 1         1 
	   Disk (KB)            :       27       27    467548 
	   Memory (MB)          :       24        1       128 
...
009 (275921.000.000) 2025-01-24 03:30:49 Job was aborted.
	via condor_rm (by user calzona_2046920)
...
