000 (268044.000.000) 2025-01-21 21:10:23 Job submitted from host: <192.168.0.102:9618?addrs=192.168.0.102-9618&alias=submitter&noUDP&sock=schedd_2032_5c88>
...
001 (268044.000.000) 2025-01-21 21:10:32 Job executing on host: <192.168.0.137:9618?addrs=192.168.0.137-9618&alias=node137.di.rm1&noUDP&sock=startd_1934_2440>
...
006 (268044.000.000) 2025-01-21 21:10:40 Image size of job updated: 449460
	439  -  MemoryUsage of job (MB)
	449460  -  ResidentSetSize of job (KB)
...
006 (268044.000.000) 2025-01-21 21:11:04 Image size of job updated: 2388876
	440  -  MemoryUsage of job (MB)
	449592  -  ResidentSetSize of job (KB)
...
004 (268044.000.000) 2025-01-21 21:11:05 Job was evicted.
	(0) CPU times
		Usr 0 00:00:31, Sys 0 00:00:00  -  Run Remote Usage
		Usr 0 00:00:00, Sys 0 00:00:00  -  Run Local Usage
	0  -  Run Bytes Sent By Job
	0  -  Run Bytes Received By Job
	Partitionable Resources :    Usage  Request Allocated 
	   Cpus                 :                 1         1 
	   Disk (KB)            :       27       27    391050 
	   Memory (MB)          :      440        1       128 
...
009 (268044.000.000) 2025-01-21 21:11:05 Job was aborted.
	via condor_rm (by user calzona_2046920)
...
000 (270645.000.000) 2025-01-22 00:07:11 Job submitted from host: <192.168.0.102:9618?addrs=192.168.0.102-9618&alias=submitter&noUDP&sock=schedd_2032_5c88>
...
001 (270645.000.000) 2025-01-22 00:07:31 Job executing on host: <192.168.0.151:9618?addrs=192.168.0.151-9618&alias=node151.di.rm1&noUDP&sock=startd_1528_a8cd>
...
006 (270645.000.000) 2025-01-22 00:07:40 Image size of job updated: 550836
	538  -  MemoryUsage of job (MB)
	550836  -  ResidentSetSize of job (KB)
...
006 (270645.000.000) 2025-01-22 00:08:13 Image size of job updated: 2675184
	556  -  MemoryUsage of job (MB)
	568524  -  ResidentSetSize of job (KB)
...
004 (270645.000.000) 2025-01-22 00:08:13 Job was evicted.
	(0) CPU times
		Usr 0 00:00:39, Sys 0 00:00:00  -  Run Remote Usage
		Usr 0 00:00:00, Sys 0 00:00:00  -  Run Local Usage
	0  -  Run Bytes Sent By Job
	0  -  Run Bytes Received By Job
	Partitionable Resources :    Usage  Request Allocated 
	   Cpus                 :                 1         1 
	   Disk (KB)            :       27       27    474791 
	   Memory (MB)          :      556        1       128 
...
009 (270645.000.000) 2025-01-22 00:08:13 Job was aborted.
	via condor_rm (by user calzona_2046920)
...
000 (276799.000.000) 2025-01-24 05:16:55 Job submitted from host: <192.168.0.102:9618?addrs=192.168.0.102-9618&alias=submitter&noUDP&sock=schedd_2032_5c88>
...
001 (276799.000.000) 2025-01-24 05:16:55 Job executing on host: <192.168.0.151:9618?addrs=192.168.0.151-9618&alias=node151.di.rm1&noUDP&sock=startd_1528_a8cd>
...
006 (276799.000.000) 2025-01-24 05:17:04 Image size of job updated: 1350960
	540  -  MemoryUsage of job (MB)
	552604  -  ResidentSetSize of job (KB)
...
006 (276799.000.000) 2025-01-24 05:18:56 Image size of job updated: 7047388
	540  -  MemoryUsage of job (MB)
	552604  -  ResidentSetSize of job (KB)
...
004 (276799.000.000) 2025-01-24 05:18:56 Job was evicted.
	(0) CPU times
		Usr 0 00:01:59, Sys 0 00:00:02  -  Run Remote Usage
		Usr 0 00:00:00, Sys 0 00:00:00  -  Run Local Usage
	0  -  Run Bytes Sent By Job
	0  -  Run Bytes Received By Job
	Partitionable Resources :    Usage  Request Allocated 
	   Cpus                 :        0        1         1 
	   Disk (KB)            :       27       27    474791 
	   Memory (MB)          :      540        1       128 
...
009 (276799.000.000) 2025-01-24 05:18:56 Job was aborted.
	via condor_rm (by user calzona_2046920)
...
