000 (268598.000.000) 2025-01-21 21:55:34 Job submitted from host: <192.168.0.102:9618?addrs=192.168.0.102-9618&alias=submitter&noUDP&sock=schedd_2032_5c88>
...
001 (268598.000.000) 2025-01-21 21:55:49 Job executing on host: <192.168.0.151:9618?addrs=192.168.0.151-9618&alias=node151.di.rm1&noUDP&sock=startd_1528_a8cd>
...
006 (268598.000.000) 2025-01-21 21:55:58 Image size of job updated: 608164
	591  -  MemoryUsage of job (MB)
	604400  -  ResidentSetSize of job (KB)
...
004 (268598.000.000) 2025-01-21 21:56:31 Job was evicted.
	(0) CPU times
		Usr 0 00:00:40, Sys 0 00:00:00  -  Run Remote Usage
		Usr 0 00:00:00, Sys 0 00:00:00  -  Run Local Usage
	0  -  Run Bytes Sent By Job
	0  -  Run Bytes Received By Job
	Partitionable Resources :    Usage  Request Allocated 
	   Cpus                 :                 1         1 
	   Disk (KB)            :       27       27    474791 
	   Memory (MB)          :      591        1       128 
...
009 (268598.000.000) 2025-01-21 21:56:31 Job was aborted.
	via condor_rm (by user calzona_2046920)
...
000 (268749.000.000) 2025-01-21 22:03:42 Job submitted from host: <192.168.0.102:9618?addrs=192.168.0.102-9618&alias=submitter&noUDP&sock=schedd_2032_5c88>
...
001 (268749.000.000) 2025-01-21 22:03:43 Job executing on host: <192.168.0.151:9618?addrs=192.168.0.151-9618&alias=node151.di.rm1&noUDP&sock=startd_1528_a8cd>
...
006 (268749.000.000) 2025-01-21 22:03:47 Image size of job updated: 367088
	0  -  MemoryUsage of job (MB)
	0  -  ResidentSetSize of job (KB)
...
004 (268749.000.000) 2025-01-21 22:03:47 Job was evicted.
	(0) CPU times
		Usr 0 00:00:03, Sys 0 00:00:00  -  Run Remote Usage
		Usr 0 00:00:00, Sys 0 00:00:00  -  Run Local Usage
	0  -  Run Bytes Sent By Job
	0  -  Run Bytes Received By Job
	Partitionable Resources :    Usage  Request Allocated 
	   Cpus                 :                 1         1 
	   Disk (KB)            :       27       27    474791 
	   Memory (MB)          :        0        1       128 
...
009 (268749.000.000) 2025-01-21 22:03:47 Job was aborted.
	via condor_rm (by user calzona_2046920)
...
000 (275152.000.000) 2025-01-24 01:49:05 Job submitted from host: <192.168.0.102:9618?addrs=192.168.0.102-9618&alias=submitter&noUDP&sock=schedd_2032_5c88>
...
001 (275152.000.000) 2025-01-24 01:49:06 Job executing on host: <192.168.0.149:9618?addrs=192.168.0.149-9618&alias=node149.di.rm1&noUDP&sock=startd_1551_6f7a>
...
006 (275152.000.000) 2025-01-24 01:49:14 Image size of job updated: 604104
	590  -  MemoryUsage of job (MB)
	604104  -  ResidentSetSize of job (KB)
...
006 (275152.000.000) 2025-01-24 01:51:08 Image size of job updated: 608164
	590  -  MemoryUsage of job (MB)
	604104  -  ResidentSetSize of job (KB)
...
004 (275152.000.000) 2025-01-24 01:51:08 Job was evicted.
	(0) CPU times
		Usr 0 00:02:01, Sys 0 00:00:00  -  Run Remote Usage
		Usr 0 00:00:00, Sys 0 00:00:00  -  Run Local Usage
	0  -  Run Bytes Sent By Job
	0  -  Run Bytes Received By Job
	Partitionable Resources :    Usage  Request Allocated 
	   Cpus                 :                 1         1 
	   Disk (KB)            :       27       27    471944 
	   Memory (MB)          :      590        1       128 
...
009 (275152.000.000) 2025-01-24 01:51:08 Job was aborted.
	via condor_rm (by user calzona_2046920)
...
