000 (270624.000.000) 2025-01-22 00:05:53 Job submitted from host: <192.168.0.102:9618?addrs=192.168.0.102-9618&alias=submitter&noUDP&sock=schedd_2032_5c88>
...
001 (270624.000.000) 2025-01-22 00:06:03 Job executing on host: <192.168.0.147:9618?addrs=192.168.0.147-9618&alias=node147.di.rm1&noUDP&sock=startd_1513_5ee1>
...
006 (270624.000.000) 2025-01-22 00:06:11 Image size of job updated: 448932
	439  -  MemoryUsage of job (MB)
	448932  -  ResidentSetSize of job (KB)
...
006 (270624.000.000) 2025-01-22 00:06:14 Image size of job updated: 505956
	440  -  MemoryUsage of job (MB)
	449988  -  ResidentSetSize of job (KB)
...
005 (270624.000.000) 2025-01-22 00:06:15 Job terminated.
	(1) Normal termination (return value 0)
		Usr 0 00:00:17, Sys 0 00:00:00  -  Run Remote Usage
		Usr 0 00:00:00, Sys 0 00:00:00  -  Run Local Usage
		Usr 0 00:00:17, Sys 0 00:00:00  -  Total Remote Usage
		Usr 0 00:00:00, Sys 0 00:00:00  -  Total Local Usage
	0  -  Run Bytes Sent By Job
	0  -  Run Bytes Received By Job
	0  -  Total Bytes Sent By Job
	0  -  Total Bytes Received By Job
	Partitionable Resources :    Usage  Request Allocated 
	   Cpus                 :                 1         1 
	   Disk (KB)            :       27       27    469805 
	   Memory (MB)          :      440        1       128 

	Job terminated of its own accord at 2025-01-22T00:06:14Z with exit-code 0.
...
000 (276778.000.000) 2025-01-24 05:15:38 Job submitted from host: <192.168.0.102:9618?addrs=192.168.0.102-9618&alias=submitter&noUDP&sock=schedd_2032_5c88>
...
001 (276778.000.000) 2025-01-24 05:15:49 Job executing on host: <192.168.0.149:9618?addrs=192.168.0.149-9618&alias=node149.di.rm1&noUDP&sock=startd_1551_6f7a>
...
006 (276778.000.000) 2025-01-24 05:15:58 Image size of job updated: 504900
	494  -  MemoryUsage of job (MB)
	504900  -  ResidentSetSize of job (KB)
...
006 (276778.000.000) 2025-01-24 05:16:01 Image size of job updated: 505032
	494  -  MemoryUsage of job (MB)
	505032  -  ResidentSetSize of job (KB)
...
005 (276778.000.000) 2025-01-24 05:16:01 Job terminated.
	(1) Normal termination (return value 0)
		Usr 0 00:00:17, Sys 0 00:00:00  -  Run Remote Usage
		Usr 0 00:00:00, Sys 0 00:00:00  -  Run Local Usage
		Usr 0 00:00:17, Sys 0 00:00:00  -  Total Remote Usage
		Usr 0 00:00:00, Sys 0 00:00:00  -  Total Local Usage
	0  -  Run Bytes Sent By Job
	0  -  Run Bytes Received By Job
	0  -  Total Bytes Sent By Job
	0  -  Total Bytes Received By Job
	Partitionable Resources :    Usage  Request Allocated 
	   Cpus                 :                 1         1 
	   Disk (KB)            :       27       27    471944 
	   Memory (MB)          :      494        1       128 

	Job terminated of its own accord at 2025-01-24T05:16:01Z with exit-code 0.
...
