000 (273483.000.000) 2025-01-23 11:03:15 Job submitted from host: <192.168.0.102:9618?addrs=192.168.0.102-9618&alias=submitter&noUDP&sock=schedd_2032_5c88>
...
014 (273483.000.001) 2025-01-23 11:03:19 Node 1 executing on host: <192.168.0.148:9618?addrs=192.168.0.148-9618&alias=node148.di.rm1&noUDP&sock=startd_1547_b119>
...
014 (273483.000.000) 2025-01-23 11:03:19 Node 0 executing on host: <192.168.0.112:9618?addrs=192.168.0.112-9618&alias=node112.di.rm1&noUDP&sock=startd_2169_5502>
...
001 (273483.000.000) 2025-01-23 11:03:19 Job executing on host: MPI_job
...
008 (273483.000.000) 2025-01-23 11:03:21 Launching orted on Node 1 of 2
...
008 (273483.000.000) 2025-01-23 11:03:22 Launching orted on Node 0 of 2
...
008 (273483.000.000) 2025-01-23 11:03:30 orted exited on Node 1 of 2
...
008 (273483.000.000) 2025-01-23 11:03:30 orted exited on Node 0 of 2
...
015 (273483.000.001) 2025-01-23 11:03:31 Node 1 terminated.
	(1) Normal termination (return value 0)
		Usr 0 00:00:08, Sys 0 00:00:01  -  Run Remote Usage
		Usr 0 00:00:00, Sys 0 00:00:00  -  Run Local Usage
		Usr 0 00:00:08, Sys 0 00:00:01  -  Total Remote Usage
		Usr 0 00:00:00, Sys 0 00:00:00  -  Total Local Usage
	2165  -  Run Bytes Sent By Node
	33639  -  Run Bytes Received By Node
	2165  -  Total Bytes Sent By Node
	33639  -  Total Bytes Received By Node
...
015 (273483.000.000) 2025-01-23 11:03:31 Node 0 terminated.
	(1) Normal termination (return value 0)
		Usr 0 00:00:00, Sys 0 00:00:00  -  Run Remote Usage
		Usr 0 00:00:00, Sys 0 00:00:00  -  Run Local Usage
		Usr 0 00:00:00, Sys 0 00:00:00  -  Total Remote Usage
		Usr 0 00:00:00, Sys 0 00:00:00  -  Total Local Usage
	3300  -  Run Bytes Sent By Node
	33639  -  Run Bytes Received By Node
	3300  -  Total Bytes Sent By Node
	33639  -  Total Bytes Received By Node
...
005 (273483.000.000) 2025-01-23 11:03:31 Job terminated.
	(1) Normal termination (return value 0)
		Usr 0 00:00:08, Sys 0 00:00:01  -  Run Remote Usage
		Usr 0 00:00:00, Sys 0 00:00:00  -  Run Local Usage
		Usr 0 00:00:00, Sys 0 00:00:00  -  Total Remote Usage
		Usr 0 00:00:00, Sys 0 00:00:00  -  Total Local Usage
	5465  -  Run Bytes Sent By Job
	67278  -  Run Bytes Received By Job
	5465  -  Total Bytes Sent By Job
	67278  -  Total Bytes Received By Job
	Partitionable Resources :    Usage  Request Allocated 
	   Cpus                 :     0.78        1         1 
	   Disk (KB)            :    57          35  21458321 
	   GPUs                 :     0                     1 
	   GpusMemory (MB)      :   349                       
	   Memory (MB)          :   285           1     20480 

	Job terminated of its own accord at 2025-01-23T11:03:30Z with exit-code 0.
...
000 (278246.000.000) 2025-01-24 08:14:05 Job submitted from host: <192.168.0.102:9618?addrs=192.168.0.102-9618&alias=submitter&noUDP&sock=schedd_2032_5c88>
...
014 (278246.000.001) 2025-01-24 08:14:29 Node 1 executing on host: <192.168.0.149:9618?addrs=192.168.0.149-9618&alias=node149.di.rm1&noUDP&sock=startd_1551_6f7a>
...
014 (278246.000.000) 2025-01-24 08:14:29 Node 0 executing on host: <192.168.0.109:9618?addrs=192.168.0.109-9618&alias=node109.di.rm1&noUDP&sock=startd_1627_90ad>
...
001 (278246.000.000) 2025-01-24 08:14:29 Job executing on host: MPI_job
...
008 (278246.000.000) 2025-01-24 08:14:31 Launching orted on Node 1 of 2
...
008 (278246.000.000) 2025-01-24 08:14:31 Launching orted on Node 0 of 2
...
008 (278246.000.000) 2025-01-24 08:14:40 orted exited on Node 0 of 2
...
008 (278246.000.000) 2025-01-24 08:14:40 orted exited on Node 1 of 2
...
015 (278246.000.001) 2025-01-24 08:14:40 Node 1 terminated.
	(1) Normal termination (return value 0)
		Usr 0 00:00:08, Sys 0 00:00:00  -  Run Remote Usage
		Usr 0 00:00:00, Sys 0 00:00:00  -  Run Local Usage
		Usr 0 00:00:08, Sys 0 00:00:00  -  Total Remote Usage
		Usr 0 00:00:00, Sys 0 00:00:00  -  Total Local Usage
	2165  -  Run Bytes Sent By Node
	33639  -  Run Bytes Received By Node
	2165  -  Total Bytes Sent By Node
	33639  -  Total Bytes Received By Node
...
015 (278246.000.000) 2025-01-24 08:14:40 Node 0 terminated.
	(1) Normal termination (return value 0)
		Usr 0 00:00:00, Sys 0 00:00:00  -  Run Remote Usage
		Usr 0 00:00:00, Sys 0 00:00:00  -  Run Local Usage
		Usr 0 00:00:00, Sys 0 00:00:00  -  Total Remote Usage
		Usr 0 00:00:00, Sys 0 00:00:00  -  Total Local Usage
	3256  -  Run Bytes Sent By Node
	33639  -  Run Bytes Received By Node
	3256  -  Total Bytes Sent By Node
	33639  -  Total Bytes Received By Node
...
005 (278246.000.000) 2025-01-24 08:14:40 Job terminated.
	(1) Normal termination (return value 0)
		Usr 0 00:00:08, Sys 0 00:00:00  -  Run Remote Usage
		Usr 0 00:00:00, Sys 0 00:00:00  -  Run Local Usage
		Usr 0 00:00:00, Sys 0 00:00:00  -  Total Remote Usage
		Usr 0 00:00:00, Sys 0 00:00:00  -  Total Local Usage
	5421  -  Run Bytes Sent By Job
	67278  -  Run Bytes Received By Job
	5421  -  Total Bytes Sent By Job
	67278  -  Total Bytes Received By Job
	Partitionable Resources :    Usage  Request Allocated 
	   Cpus                 :                 1         1 
	   Disk (KB)            :       50       35    468160 
	   Memory (MB)          :      280      282     40960 

	Job terminated of its own accord at 2025-01-24T08:14:40Z with exit-code 0.
...
000 (286397.000.000) 2025-01-28 15:19:13 Job submitted from host: <192.168.0.102:9618?addrs=192.168.0.102-9618&alias=submitter&noUDP&sock=schedd_2032_5c88>
...
014 (286397.000.000) 2025-01-28 15:19:20 Node 0 executing on host: <192.168.0.135:9618?addrs=192.168.0.135-9618&alias=node135.di.rm1&noUDP&sock=startd_2000_6980>
...
014 (286397.000.001) 2025-01-28 15:19:20 Node 1 executing on host: <192.168.0.120:9618?addrs=192.168.0.120-9618&alias=node120.di.rm1&noUDP&sock=startd_2096_4298>
...
001 (286397.000.000) 2025-01-28 15:19:20 Job executing on host: MPI_job
...
008 (286397.000.000) 2025-01-28 15:19:22 Launching orted on Node 0 of 2
...
008 (286397.000.000) 2025-01-28 15:19:22 Launching orted on Node 1 of 2
...
008 (286397.000.000) 2025-01-28 15:19:31 orted exited on Node 0 of 2
...
008 (286397.000.000) 2025-01-28 15:19:31 orted exited on Node 1 of 2
...
015 (286397.000.000) 2025-01-28 15:19:31 Node 0 terminated.
	(1) Normal termination (return value 0)
		Usr 0 00:00:05, Sys 0 00:00:00  -  Run Remote Usage
		Usr 0 00:00:00, Sys 0 00:00:00  -  Run Local Usage
		Usr 0 00:00:05, Sys 0 00:00:00  -  Total Remote Usage
		Usr 0 00:00:00, Sys 0 00:00:00  -  Total Local Usage
	3256  -  Run Bytes Sent By Node
	33591  -  Run Bytes Received By Node
	3256  -  Total Bytes Sent By Node
	33591  -  Total Bytes Received By Node
...
005 (286397.000.000) 2025-01-28 15:19:31 Job terminated.
	(1) Normal termination (return value 0)
		Usr 0 00:00:14, Sys 0 00:00:00  -  Run Remote Usage
		Usr 0 00:00:00, Sys 0 00:00:00  -  Run Local Usage
		Usr 0 00:00:05, Sys 0 00:00:00  -  Total Remote Usage
		Usr 0 00:00:00, Sys 0 00:00:00  -  Total Local Usage
	3256  -  Run Bytes Sent By Job
	67182  -  Run Bytes Received By Job
	3256  -  Total Bytes Sent By Job
	67182  -  Total Bytes Received By Job
	Partitionable Resources :    Usage  Request Allocated 
	   Cpus                 :                 1         2 
	   Disk (KB)            :       50       35 102650546 
	   Memory (MB)          :      278      362    100096 

	Job terminated of its own accord at 2025-01-28T15:19:31Z with exit-code 0.
...
