000 (269045.000.000) 2025-01-21 22:17:51 Job submitted from host: <192.168.0.102:9618?addrs=192.168.0.102-9618&alias=submitter&noUDP&sock=schedd_2032_5c88>
...
001 (269045.000.000) 2025-01-21 22:17:56 Job executing on host: <192.168.0.151:9618?addrs=192.168.0.151-9618&alias=node151.di.rm1&noUDP&sock=startd_1528_a8cd>
...
006 (269045.000.000) 2025-01-21 22:18:06 Image size of job updated: 613068
	596  -  MemoryUsage of job (MB)
	609320  -  ResidentSetSize of job (KB)
...
004 (269045.000.000) 2025-01-21 22:18:37 Job was evicted.
	(0) CPU times
		Usr 0 00:00:37, Sys 0 00:00:00  -  Run Remote Usage
		Usr 0 00:00:00, Sys 0 00:00:00  -  Run Local Usage
	0  -  Run Bytes Sent By Job
	0  -  Run Bytes Received By Job
	Partitionable Resources :    Usage  Request Allocated 
	   Cpus                 :     1.00        1         1 
	   Disk (KB)            :    27          27    474791 
	   Memory (MB)          :   596           1       128 
...
009 (269045.000.000) 2025-01-21 22:18:37 Job was aborted.
	via condor_rm (by user calzona_2046920)
...
000 (269196.000.000) 2025-01-21 22:25:46 Job submitted from host: <192.168.0.102:9618?addrs=192.168.0.102-9618&alias=submitter&noUDP&sock=schedd_2032_5c88>
...
001 (269196.000.000) 2025-01-21 22:25:48 Job executing on host: <192.168.0.120:9618?addrs=192.168.0.120-9618&alias=node120.di.rm1&noUDP&sock=startd_2096_4298>
...
006 (269196.000.000) 2025-01-21 22:25:57 Image size of job updated: 613068
	595  -  MemoryUsage of job (MB)
	609236  -  ResidentSetSize of job (KB)
...
004 (269196.000.000) 2025-01-21 22:26:04 Job was evicted.
	(0) CPU times
		Usr 0 00:00:15, Sys 0 00:00:00  -  Run Remote Usage
		Usr 0 00:00:00, Sys 0 00:00:00  -  Run Local Usage
	0  -  Run Bytes Sent By Job
	0  -  Run Bytes Received By Job
	Partitionable Resources :    Usage  Request Allocated 
	   Cpus                 :                 1         1 
	   Disk (KB)            :       27       27    459052 
	   Gpus (Average)       :                 0         0 
	   Memory (MB)          :      595        1       128 
...
009 (269196.000.000) 2025-01-21 22:26:04 Job was aborted.
	via condor_rm (by user calzona_2046920)
...
