000 (295603.000.000) 2025-01-31 02:33:33 Job submitted from host: <192.168.0.102:9618?addrs=192.168.0.102-9618&alias=submitter&noUDP&sock=schedd_4045053_7bc0>
...
014 (295603.000.003) 2025-01-31 02:33:37 Node 3 executing on host: <192.168.0.139:9618?addrs=192.168.0.139-9618&alias=node139.di.rm1&noUDP&sock=startd_1966_1748>
...
014 (295603.000.000) 2025-01-31 02:33:37 Node 0 executing on host: <192.168.0.149:9618?addrs=192.168.0.149-9618&alias=node149.di.rm1&noUDP&sock=startd_1551_6f7a>
...
014 (295603.000.001) 2025-01-31 02:33:37 Node 1 executing on host: <192.168.0.124:9618?addrs=192.168.0.124-9618&alias=node124.di.rm1&noUDP&sock=startd_2143_7f8b>
...
014 (295603.000.002) 2025-01-31 02:33:38 Node 2 executing on host: <192.168.0.109:9618?addrs=192.168.0.109-9618&alias=node109.di.rm1&noUDP&sock=startd_1627_90ad>
...
014 (295603.000.004) 2025-01-31 02:33:38 Node 4 executing on host: <192.168.0.104:9618?addrs=192.168.0.104-9618&alias=node104.di.rm1&noUDP&sock=startd_1987_7ec5>
...
014 (295603.000.005) 2025-01-31 02:33:38 Node 5 executing on host: <192.168.0.134:9618?addrs=192.168.0.134-9618&alias=node134.di.rm1&noUDP&sock=startd_2073_7bea>
...
014 (295603.000.006) 2025-01-31 02:33:38 Node 6 executing on host: <192.168.0.149:9618?addrs=192.168.0.149-9618&alias=node149.di.rm1&noUDP&sock=startd_1551_6f7a>
...
014 (295603.000.007) 2025-01-31 02:33:38 Node 7 executing on host: <192.168.0.124:9618?addrs=192.168.0.124-9618&alias=node124.di.rm1&noUDP&sock=startd_2143_7f8b>
...
001 (295603.000.000) 2025-01-31 02:33:38 Job executing on host: MPI_job
...
008 (295603.000.000) 2025-01-31 02:33:40 Launching orted on Node 0 of 8
...
008 (295603.000.000) 2025-01-31 02:33:40 Launching orted on Node 3 of 8
...
008 (295603.000.000) 2025-01-31 02:33:40 Launching orted on Node 6 of 8
...
008 (295603.000.000) 2025-01-31 02:33:40 Launching orted on Node 2 of 8
...
008 (295603.000.000) 2025-01-31 02:33:40 Launching orted on Node 4 of 8
...
008 (295603.000.000) 2025-01-31 02:33:40 Launching orted on Node 5 of 8
...
008 (295603.000.000) 2025-01-31 02:33:40 Launching orted on Node 1 of 8
...
008 (295603.000.000) 2025-01-31 02:33:40 Launching orted on Node 7 of 8
...
008 (295603.000.000) 2025-01-31 02:33:59 orted exited on Node 0 of 8
...
008 (295603.000.000) 2025-01-31 02:33:59 orted exited on Node 6 of 8
...
008 (295603.000.000) 2025-01-31 02:33:59 orted exited on Node 1 of 8
...
008 (295603.000.000) 2025-01-31 02:33:59 orted exited on Node 2 of 8
...
008 (295603.000.000) 2025-01-31 02:33:59 orted exited on Node 3 of 8
...
008 (295603.000.000) 2025-01-31 02:33:59 orted exited on Node 4 of 8
...
008 (295603.000.000) 2025-01-31 02:33:59 orted exited on Node 5 of 8
...
008 (295603.000.000) 2025-01-31 02:33:59 orted exited on Node 7 of 8
...
015 (295603.000.002) 2025-01-31 02:33:59 Node 2 terminated.
	(1) Normal termination (return value 0)
		Usr 0 00:00:32, Sys 0 00:00:01  -  Run Remote Usage
		Usr 0 00:00:00, Sys 0 00:00:00  -  Run Local Usage
		Usr 0 00:00:32, Sys 0 00:00:01  -  Total Remote Usage
		Usr 0 00:00:00, Sys 0 00:00:00  -  Total Local Usage
	2333  -  Run Bytes Sent By Node
	33831  -  Run Bytes Received By Node
	2333  -  Total Bytes Sent By Node
	33831  -  Total Bytes Received By Node
...
015 (295603.000.003) 2025-01-31 02:33:59 Node 3 terminated.
	(1) Normal termination (return value 0)
		Usr 0 00:00:33, Sys 0 00:00:01  -  Run Remote Usage
		Usr 0 00:00:00, Sys 0 00:00:00  -  Run Local Usage
		Usr 0 00:00:33, Sys 0 00:00:01  -  Total Remote Usage
		Usr 0 00:00:00, Sys 0 00:00:00  -  Total Local Usage
	2333  -  Run Bytes Sent By Node
	33831  -  Run Bytes Received By Node
	2333  -  Total Bytes Sent By Node
	33831  -  Total Bytes Received By Node
...
015 (295603.000.004) 2025-01-31 02:33:59 Node 4 terminated.
	(1) Normal termination (return value 0)
		Usr 0 00:00:33, Sys 0 00:00:00  -  Run Remote Usage
		Usr 0 00:00:00, Sys 0 00:00:00  -  Run Local Usage
		Usr 0 00:00:33, Sys 0 00:00:00  -  Total Remote Usage
		Usr 0 00:00:00, Sys 0 00:00:00  -  Total Local Usage
	2333  -  Run Bytes Sent By Node
	33831  -  Run Bytes Received By Node
	2333  -  Total Bytes Sent By Node
	33831  -  Total Bytes Received By Node
...
015 (295603.000.005) 2025-01-31 02:33:59 Node 5 terminated.
	(1) Normal termination (return value 0)
		Usr 0 00:00:32, Sys 0 00:00:00  -  Run Remote Usage
		Usr 0 00:00:00, Sys 0 00:00:00  -  Run Local Usage
		Usr 0 00:00:32, Sys 0 00:00:00  -  Total Remote Usage
		Usr 0 00:00:00, Sys 0 00:00:00  -  Total Local Usage
	2333  -  Run Bytes Sent By Node
	33831  -  Run Bytes Received By Node
	2333  -  Total Bytes Sent By Node
	33831  -  Total Bytes Received By Node
...
015 (295603.000.006) 2025-01-31 02:33:59 Node 6 terminated.
	(1) Normal termination (return value 0)
		Usr 0 00:00:33, Sys 0 00:00:01  -  Run Remote Usage
		Usr 0 00:00:00, Sys 0 00:00:00  -  Run Local Usage
		Usr 0 00:00:33, Sys 0 00:00:01  -  Total Remote Usage
		Usr 0 00:00:00, Sys 0 00:00:00  -  Total Local Usage
	0  -  Run Bytes Sent By Node
	33831  -  Run Bytes Received By Node
	0  -  Total Bytes Sent By Node
	33831  -  Total Bytes Received By Node
...
015 (295603.000.000) 2025-01-31 02:33:59 Node 0 terminated.
	(1) Normal termination (return value 0)
		Usr 0 00:00:07, Sys 0 00:00:01  -  Run Remote Usage
		Usr 0 00:00:00, Sys 0 00:00:00  -  Run Local Usage
		Usr 0 00:00:07, Sys 0 00:00:01  -  Total Remote Usage
		Usr 0 00:00:00, Sys 0 00:00:00  -  Total Local Usage
	3894  -  Run Bytes Sent By Node
	33831  -  Run Bytes Received By Node
	3894  -  Total Bytes Sent By Node
	33831  -  Total Bytes Received By Node
...
005 (295603.000.000) 2025-01-31 02:33:59 Job terminated.
	(1) Normal termination (return value 0)
		Usr 0 00:03:55, Sys 0 00:00:04  -  Run Remote Usage
		Usr 0 00:00:00, Sys 0 00:00:00  -  Run Local Usage
		Usr 0 00:00:07, Sys 0 00:00:01  -  Total Remote Usage
		Usr 0 00:00:00, Sys 0 00:00:00  -  Total Local Usage
	13226  -  Run Bytes Sent By Job
	270648  -  Run Bytes Received By Job
	13226  -  Total Bytes Sent By Job
	270648  -  Total Bytes Received By Job
	Partitionable Resources :    Usage  Request Allocated 
	   Cpus                 :     0.64        1         1 
	   Disk (KB)            :    58          35    471944 
	   Memory (MB)          :   254         277     40960 

	Job terminated of its own accord at 2025-01-31T02:33:59Z with exit-code 0.
...
