000 (264103.000.000) 2025-01-17 11:21:14 Job submitted from host: <192.168.0.102:9618?addrs=192.168.0.102-9618&alias=submitter&noUDP&sock=schedd_2032_5c88>
...
001 (264103.000.000) 2025-01-17 11:21:16 Job executing on host: <192.168.0.145:9618?addrs=192.168.0.145-9618&alias=node145.di.rm1&noUDP&sock=startd_1869_8e98>
...
006 (264103.000.000) 2025-01-17 11:21:24 Image size of job updated: 1275984
	421  -  MemoryUsage of job (MB)
	430848  -  ResidentSetSize of job (KB)
...
006 (264103.000.000) 2025-01-17 11:26:24 Image size of job updated: 12753384
	11657  -  MemoryUsage of job (MB)
	11936628  -  ResidentSetSize of job (KB)
...
006 (264103.000.000) 2025-01-17 11:31:25 Image size of job updated: 24254940
	22749  -  MemoryUsage of job (MB)
	23294832  -  ResidentSetSize of job (KB)
...
006 (264103.000.000) 2025-01-17 11:33:20 Image size of job updated: 28287804
	22750  -  MemoryUsage of job (MB)
	23295360  -  ResidentSetSize of job (KB)
...
004 (264103.000.000) 2025-01-17 11:33:20 Job was evicted.
	(0) CPU times
		Usr 0 00:11:17, Sys 0 00:00:24  -  Run Remote Usage
		Usr 0 00:00:00, Sys 0 00:00:00  -  Run Local Usage
	0  -  Run Bytes Sent By Job
	0  -  Run Bytes Received By Job
	Partitionable Resources :    Usage  Request Allocated 
	   Cpus                 :     0.99        1         1 
	   Disk (KB)            :    27          27    462663 
	   Memory (MB)          : 22750           1       128 
...
009 (264103.000.000) 2025-01-17 11:33:20 Job was aborted.
	via condor_rm (by user calzona_2046920)
...
