000 (274197.000.000) 2025-01-23 11:41:18 Job submitted from host: <192.168.0.102:9618?addrs=192.168.0.102-9618&alias=submitter&noUDP&sock=schedd_2032_5c88>
...
014 (274197.000.002) 2025-01-23 11:41:25 Node 2 executing on host: <192.168.0.137:9618?addrs=192.168.0.137-9618&alias=node137.di.rm1&noUDP&sock=startd_1934_2440>
...
014 (274197.000.003) 2025-01-23 11:41:25 Node 3 executing on host: <192.168.0.146:9618?addrs=192.168.0.146-9618&alias=node146.di.rm1&noUDP&sock=startd_1984_6ffc>
...
014 (274197.000.001) 2025-01-23 11:41:26 Node 1 executing on host: <192.168.0.140:9618?addrs=192.168.0.140-9618&alias=node140.di.rm1&noUDP&sock=startd_1890_f615>
...
014 (274197.000.000) 2025-01-23 11:41:26 Node 0 executing on host: <192.168.0.141:9618?addrs=192.168.0.141-9618&alias=node141.di.rm1&noUDP&sock=startd_2077_3a4b>
...
001 (274197.000.000) 2025-01-23 11:41:26 Job executing on host: MPI_job
...
008 (274197.000.000) 2025-01-23 11:41:28 Launching orted on Node 1 of 4
...
008 (274197.000.000) 2025-01-23 11:41:28 Launching orted on Node 2 of 4
...
008 (274197.000.000) 2025-01-23 11:41:28 Launching orted on Node 3 of 4
...
008 (274197.000.000) 2025-01-23 11:41:29 Launching orted on Node 0 of 4
...
008 (274197.000.000) 2025-01-23 11:41:59 Node 0 caught SIGTERM, cleaning up mpirun
...
004 (274197.000.000) 2025-01-23 11:41:59 Job was evicted.
	(0) CPU times
		Usr 0 00:00:39, Sys 0 00:00:00  -  Run Remote Usage
		Usr 0 00:00:00, Sys 0 00:00:00  -  Run Local Usage
	0  -  Run Bytes Sent By Job
	134556  -  Run Bytes Received By Job
	Partitionable Resources :    Usage  Request Allocated 
	   Cpus                 :                 1         1 
	   Disk (KB)            :     8560       35    459831 
	   Memory (MB)          :       37       21     40960 
...
009 (274197.000.000) 2025-01-23 11:41:59 Job was aborted.
	via condor_rm (by user calzona_2046920)
...
000 (278934.000.000) 2025-01-24 09:45:46 Job submitted from host: <192.168.0.102:9618?addrs=192.168.0.102-9618&alias=submitter&noUDP&sock=schedd_2032_5c88>
...
014 (278934.000.000) 2025-01-24 09:45:53 Node 0 executing on host: <192.168.0.151:9618?addrs=192.168.0.151-9618&alias=node151.di.rm1&noUDP&sock=startd_1528_a8cd>
...
014 (278934.000.001) 2025-01-24 09:45:53 Node 1 executing on host: <192.168.0.108:9618?addrs=192.168.0.108-9618&alias=node108.di.rm1&noUDP&sock=startd_1979_0203>
...
014 (278934.000.002) 2025-01-24 09:45:53 Node 2 executing on host: <192.168.0.151:9618?addrs=192.168.0.151-9618&alias=node151.di.rm1&noUDP&sock=startd_1528_a8cd>
...
014 (278934.000.003) 2025-01-24 09:45:53 Node 3 executing on host: <192.168.0.107:9618?addrs=192.168.0.107-9618&alias=node107.di.rm1&noUDP&sock=startd_1981_6134>
...
001 (278934.000.000) 2025-01-24 09:45:53 Job executing on host: MPI_job
...
008 (278934.000.000) 2025-01-24 09:45:55 Launching orted on Node 1 of 4
...
008 (278934.000.000) 2025-01-24 09:45:55 Launching orted on Node 0 of 4
...
008 (278934.000.000) 2025-01-24 09:45:55 Launching orted on Node 3 of 4
...
008 (278934.000.000) 2025-01-24 09:45:56 Launching orted on Node 2 of 4
...
008 (278934.000.000) 2025-01-24 09:47:03 orted exited on Node 2 of 4
...
008 (278934.000.000) 2025-01-24 09:47:03 orted exited on Node 0 of 4
...
008 (278934.000.000) 2025-01-24 09:47:03 orted exited on Node 1 of 4
...
008 (278934.000.000) 2025-01-24 09:47:03 orted exited on Node 3 of 4
...
015 (278934.000.003) 2025-01-24 09:47:03 Node 3 terminated.
	(1) Normal termination (return value 0)
		Usr 0 00:01:07, Sys 0 00:00:00  -  Run Remote Usage
		Usr 0 00:00:00, Sys 0 00:00:00  -  Run Local Usage
		Usr 0 00:01:07, Sys 0 00:00:00  -  Total Remote Usage
		Usr 0 00:00:00, Sys 0 00:00:00  -  Total Local Usage
	2165  -  Run Bytes Sent By Node
	33639  -  Run Bytes Received By Node
	2165  -  Total Bytes Sent By Node
	33639  -  Total Bytes Received By Node
...
015 (278934.000.001) 2025-01-24 09:47:03 Node 1 terminated.
	(1) Normal termination (return value 0)
		Usr 0 00:01:07, Sys 0 00:00:00  -  Run Remote Usage
		Usr 0 00:00:00, Sys 0 00:00:00  -  Run Local Usage
		Usr 0 00:01:07, Sys 0 00:00:00  -  Total Remote Usage
		Usr 0 00:00:00, Sys 0 00:00:00  -  Total Local Usage
	2165  -  Run Bytes Sent By Node
	33639  -  Run Bytes Received By Node
	2165  -  Total Bytes Sent By Node
	33639  -  Total Bytes Received By Node
...
015 (278934.000.002) 2025-01-24 09:47:03 Node 2 terminated.
	(1) Normal termination (return value 0)
		Usr 0 00:01:07, Sys 0 00:00:01  -  Run Remote Usage
		Usr 0 00:00:00, Sys 0 00:00:00  -  Run Local Usage
		Usr 0 00:01:07, Sys 0 00:00:01  -  Total Remote Usage
		Usr 0 00:00:00, Sys 0 00:00:00  -  Total Local Usage
	0  -  Run Bytes Sent By Node
	33639  -  Run Bytes Received By Node
	0  -  Total Bytes Sent By Node
	33639  -  Total Bytes Received By Node
...
015 (278934.000.000) 2025-01-24 09:47:03 Node 0 terminated.
	(1) Normal termination (return value 0)
		Usr 0 00:00:07, Sys 0 00:00:00  -  Run Remote Usage
		Usr 0 00:00:00, Sys 0 00:00:00  -  Run Local Usage
		Usr 0 00:00:07, Sys 0 00:00:00  -  Total Remote Usage
		Usr 0 00:00:00, Sys 0 00:00:00  -  Total Local Usage
	3257  -  Run Bytes Sent By Node
	33639  -  Run Bytes Received By Node
	3257  -  Total Bytes Sent By Node
	33639  -  Total Bytes Received By Node
...
005 (278934.000.000) 2025-01-24 09:47:03 Job terminated.
	(1) Normal termination (return value 0)
		Usr 0 00:03:28, Sys 0 00:00:01  -  Run Remote Usage
		Usr 0 00:00:00, Sys 0 00:00:00  -  Run Local Usage
		Usr 0 00:00:01, Sys 0 00:00:00  -  Total Remote Usage
		Usr 0 00:00:00, Sys 0 00:00:00  -  Total Local Usage
	7587  -  Run Bytes Sent By Job
	134556  -  Run Bytes Received By Job
	7587  -  Total Bytes Sent By Job
	134556  -  Total Bytes Received By Job
	Partitionable Resources :    Usage  Request Allocated 
	   Cpus                 :     1.00        1         1 
	   Disk (KB)            :    55          35    474791 
	   Memory (MB)          :    38          21     20480 

	Job terminated of its own accord at 2025-01-24T09:47:03Z with exit-code 0.
...
