000 (282237.000.000) 2025-01-26 16:50:38 Job submitted from host: <192.168.0.102:9618?addrs=192.168.0.102-9618&alias=submitter&noUDP&sock=schedd_2032_5c88>
...
014 (282237.000.001) 2025-01-26 16:50:45 Node 1 executing on host: <192.168.0.147:9618?addrs=192.168.0.147-9618&alias=node147.di.rm1&noUDP&sock=startd_1513_5ee1>
...
014 (282237.000.000) 2025-01-26 16:50:45 Node 0 executing on host: <192.168.0.122:9618?addrs=192.168.0.122-9618&alias=node122.di.rm1&noUDP&sock=startd_2134_5331>
...
014 (282237.000.004) 2025-01-26 16:50:46 Node 4 executing on host: <192.168.0.122:9618?addrs=192.168.0.122-9618&alias=node122.di.rm1&noUDP&sock=startd_2134_5331>
...
014 (282237.000.005) 2025-01-26 16:50:46 Node 5 executing on host: <192.168.0.132:9618?addrs=192.168.0.132-9618&alias=node132.di.rm1&noUDP&sock=startd_1999_b9e8>
...
014 (282237.000.002) 2025-01-26 16:50:46 Node 2 executing on host: <192.168.0.112:9618?addrs=192.168.0.112-9618&alias=node112.di.rm1&noUDP&sock=startd_2169_5502>
...
014 (282237.000.006) 2025-01-26 16:50:46 Node 6 executing on host: <192.168.0.108:9618?addrs=192.168.0.108-9618&alias=node108.di.rm1&noUDP&sock=startd_1979_0203>
...
014 (282237.000.007) 2025-01-26 16:50:46 Node 7 executing on host: <192.168.0.148:9618?addrs=192.168.0.148-9618&alias=node148.di.rm1&noUDP&sock=startd_1547_b119>
...
014 (282237.000.003) 2025-01-26 16:50:46 Node 3 executing on host: <192.168.0.142:9618?addrs=192.168.0.142-9618&alias=node142.di.rm1&noUDP&sock=startd_1996_ab1f>
...
001 (282237.000.000) 2025-01-26 16:50:46 Job executing on host: MPI_job
...
008 (282237.000.000) 2025-01-26 16:50:48 Launching orted on Node 1 of 8
...
008 (282237.000.000) 2025-01-26 16:50:48 Launching orted on Node 0 of 8
...
008 (282237.000.000) 2025-01-26 16:50:48 Launching orted on Node 4 of 8
...
008 (282237.000.000) 2025-01-26 16:50:48 Launching orted on Node 5 of 8
...
008 (282237.000.000) 2025-01-26 16:50:48 Launching orted on Node 6 of 8
...
008 (282237.000.000) 2025-01-26 16:50:48 Launching orted on Node 2 of 8
...
008 (282237.000.000) 2025-01-26 16:50:48 Launching orted on Node 7 of 8
...
008 (282237.000.000) 2025-01-26 16:50:48 Launching orted on Node 3 of 8
...
008 (282237.000.000) 2025-01-26 16:50:49 orted exited on Node 7 of 8
...
008 (282237.000.000) 2025-01-26 16:50:49 orted exited on Node 2 of 8
...
008 (282237.000.000) 2025-01-26 16:50:49 orted exited on Node 5 of 8
...
008 (282237.000.000) 2025-01-26 16:50:49 orted exited on Node 1 of 8
...
008 (282237.000.000) 2025-01-26 16:50:49 orted exited on Node 6 of 8
...
008 (282237.000.000) 2025-01-26 16:50:49 orted exited on Node 3 of 8
...
008 (282237.000.000) 2025-01-26 16:50:49 orted exited on Node 0 of 8
...
008 (282237.000.000) 2025-01-26 16:50:49 orted exited on Node 4 of 8
...
015 (282237.000.001) 2025-01-26 16:50:49 Node 1 terminated.
	(1) Normal termination (return value 0)
		Usr 0 00:00:00, Sys 0 00:00:00  -  Run Remote Usage
		Usr 0 00:00:00, Sys 0 00:00:00  -  Run Local Usage
		Usr 0 00:00:00, Sys 0 00:00:00  -  Total Remote Usage
		Usr 0 00:00:00, Sys 0 00:00:00  -  Total Local Usage
	2165  -  Run Bytes Sent By Node
	33711  -  Run Bytes Received By Node
	2165  -  Total Bytes Sent By Node
	33711  -  Total Bytes Received By Node
...
015 (282237.000.005) 2025-01-26 16:50:49 Node 5 terminated.
	(1) Normal termination (return value 0)
		Usr 0 00:00:00, Sys 0 00:00:00  -  Run Remote Usage
		Usr 0 00:00:00, Sys 0 00:00:00  -  Run Local Usage
		Usr 0 00:00:00, Sys 0 00:00:00  -  Total Remote Usage
		Usr 0 00:00:00, Sys 0 00:00:00  -  Total Local Usage
	2165  -  Run Bytes Sent By Node
	33711  -  Run Bytes Received By Node
	2165  -  Total Bytes Sent By Node
	33711  -  Total Bytes Received By Node
...
015 (282237.000.002) 2025-01-26 16:50:49 Node 2 terminated.
	(1) Normal termination (return value 0)
		Usr 0 00:00:00, Sys 0 00:00:00  -  Run Remote Usage
		Usr 0 00:00:00, Sys 0 00:00:00  -  Run Local Usage
		Usr 0 00:00:00, Sys 0 00:00:00  -  Total Remote Usage
		Usr 0 00:00:00, Sys 0 00:00:00  -  Total Local Usage
	2187  -  Run Bytes Sent By Node
	33711  -  Run Bytes Received By Node
	2187  -  Total Bytes Sent By Node
	33711  -  Total Bytes Received By Node
...
015 (282237.000.006) 2025-01-26 16:50:49 Node 6 terminated.
	(1) Normal termination (return value 0)
		Usr 0 00:00:00, Sys 0 00:00:00  -  Run Remote Usage
		Usr 0 00:00:00, Sys 0 00:00:00  -  Run Local Usage
		Usr 0 00:00:00, Sys 0 00:00:00  -  Total Remote Usage
		Usr 0 00:00:00, Sys 0 00:00:00  -  Total Local Usage
	2165  -  Run Bytes Sent By Node
	33711  -  Run Bytes Received By Node
	2165  -  Total Bytes Sent By Node
	33711  -  Total Bytes Received By Node
...
015 (282237.000.004) 2025-01-26 16:50:49 Node 4 terminated.
	(1) Normal termination (return value 0)
		Usr 0 00:00:00, Sys 0 00:00:00  -  Run Remote Usage
		Usr 0 00:00:00, Sys 0 00:00:00  -  Run Local Usage
		Usr 0 00:00:00, Sys 0 00:00:00  -  Total Remote Usage
		Usr 0 00:00:00, Sys 0 00:00:00  -  Total Local Usage
	22  -  Run Bytes Sent By Node
	33711  -  Run Bytes Received By Node
	22  -  Total Bytes Sent By Node
	33711  -  Total Bytes Received By Node
...
015 (282237.000.000) 2025-01-26 16:50:49 Node 0 terminated.
	(1) Normal termination (return value 0)
		Usr 0 00:00:00, Sys 0 00:00:00  -  Run Remote Usage
		Usr 0 00:00:00, Sys 0 00:00:00  -  Run Local Usage
		Usr 0 00:00:00, Sys 0 00:00:00  -  Total Remote Usage
		Usr 0 00:00:00, Sys 0 00:00:00  -  Total Local Usage
	3305  -  Run Bytes Sent By Node
	33711  -  Run Bytes Received By Node
	3305  -  Total Bytes Sent By Node
	33711  -  Total Bytes Received By Node
...
005 (282237.000.000) 2025-01-26 16:50:49 Job terminated.
	(1) Normal termination (return value 0)
		Usr 0 00:00:01, Sys 0 00:00:00  -  Run Remote Usage
		Usr 0 00:00:00, Sys 0 00:00:00  -  Run Local Usage
		Usr 0 00:00:00, Sys 0 00:00:00  -  Total Remote Usage
		Usr 0 00:00:00, Sys 0 00:00:00  -  Total Local Usage
	12009  -  Run Bytes Sent By Job
	269688  -  Run Bytes Received By Job
	12009  -  Total Bytes Sent By Job
	269688  -  Total Bytes Received By Job
	Partitionable Resources :    Usage  Request Allocated 
	   Cpus                 :                 1         1 
	   Disk (KB)            :       50       35    499915 
	   GPUs                 :                           0 
	   Memory (MB)          :        0        0     53248 

	Job terminated of its own accord at 2025-01-26T16:50:49Z with exit-code 0.
...
000 (289109.000.000) 2025-01-28 22:37:32 Job submitted from host: <192.168.0.102:9618?addrs=192.168.0.102-9618&alias=submitter&noUDP&sock=schedd_2032_5c88>
...
014 (289109.000.003) 2025-01-28 22:37:40 Node 3 executing on host: <192.168.0.146:9618?addrs=192.168.0.146-9618&alias=node146.di.rm1&noUDP&sock=startd_1984_6ffc>
...
014 (289109.000.000) 2025-01-28 22:37:40 Node 0 executing on host: <192.168.0.116:9618?addrs=192.168.0.116-9618&alias=node116.di.rm1&noUDP&sock=startd_1847_7783>
...
014 (289109.000.001) 2025-01-28 22:37:40 Node 1 executing on host: <192.168.0.146:9618?addrs=192.168.0.146-9618&alias=node146.di.rm1&noUDP&sock=startd_1984_6ffc>
...
014 (289109.000.002) 2025-01-28 22:37:40 Node 2 executing on host: <192.168.0.111:9618?addrs=192.168.0.111-9618&alias=node111.di.rm1&noUDP&sock=startd_2044_97ab>
...
014 (289109.000.005) 2025-01-28 22:37:40 Node 5 executing on host: <192.168.0.122:9618?addrs=192.168.0.122-9618&alias=node122.di.rm1&noUDP&sock=startd_2134_5331>
...
014 (289109.000.004) 2025-01-28 22:37:40 Node 4 executing on host: <192.168.0.111:9618?addrs=192.168.0.111-9618&alias=node111.di.rm1&noUDP&sock=startd_2044_97ab>
...
014 (289109.000.006) 2025-01-28 22:37:40 Node 6 executing on host: <192.168.0.147:9618?addrs=192.168.0.147-9618&alias=node147.di.rm1&noUDP&sock=startd_1513_5ee1>
...
014 (289109.000.007) 2025-01-28 22:37:40 Node 7 executing on host: <192.168.0.112:9618?addrs=192.168.0.112-9618&alias=node112.di.rm1&noUDP&sock=startd_2169_5502>
...
001 (289109.000.000) 2025-01-28 22:37:40 Job executing on host: MPI_job
...
008 (289109.000.000) 2025-01-28 22:37:42 Launching orted on Node 1 of 8
...
008 (289109.000.000) 2025-01-28 22:37:42 Launching orted on Node 3 of 8
...
008 (289109.000.000) 2025-01-28 22:37:42 Launching orted on Node 0 of 8
...
008 (289109.000.000) 2025-01-28 22:37:42 Launching orted on Node 2 of 8
...
008 (289109.000.000) 2025-01-28 22:37:42 Launching orted on Node 4 of 8
...
008 (289109.000.000) 2025-01-28 22:37:42 Launching orted on Node 5 of 8
...
008 (289109.000.000) 2025-01-28 22:37:42 Launching orted on Node 7 of 8
...
008 (289109.000.000) 2025-01-28 22:37:42 Launching orted on Node 6 of 8
...
008 (289109.000.000) 2025-01-28 22:37:43 orted exited on Node 6 of 8
...
008 (289109.000.000) 2025-01-28 22:37:43 orted exited on Node 0 of 8
...
008 (289109.000.000) 2025-01-28 22:37:43 orted exited on Node 1 of 8
...
008 (289109.000.000) 2025-01-28 22:37:43 orted exited on Node 2 of 8
...
008 (289109.000.000) 2025-01-28 22:37:43 orted exited on Node 3 of 8
...
008 (289109.000.000) 2025-01-28 22:37:43 orted exited on Node 4 of 8
...
008 (289109.000.000) 2025-01-28 22:37:43 orted exited on Node 5 of 8
...
008 (289109.000.000) 2025-01-28 22:37:43 orted exited on Node 7 of 8
...
015 (289109.000.001) 2025-01-28 22:37:44 Node 1 terminated.
	(1) Normal termination (return value 0)
		Usr 0 00:00:00, Sys 0 00:00:00  -  Run Remote Usage
		Usr 0 00:00:00, Sys 0 00:00:00  -  Run Local Usage
		Usr 0 00:00:00, Sys 0 00:00:00  -  Total Remote Usage
		Usr 0 00:00:00, Sys 0 00:00:00  -  Total Local Usage
	2165  -  Run Bytes Sent By Node
	33711  -  Run Bytes Received By Node
	2165  -  Total Bytes Sent By Node
	33711  -  Total Bytes Received By Node
...
015 (289109.000.007) 2025-01-28 22:37:44 Node 7 terminated.
	(1) Normal termination (return value 0)
		Usr 0 00:00:00, Sys 0 00:00:00  -  Run Remote Usage
		Usr 0 00:00:00, Sys 0 00:00:00  -  Run Local Usage
		Usr 0 00:00:00, Sys 0 00:00:00  -  Total Remote Usage
		Usr 0 00:00:00, Sys 0 00:00:00  -  Total Local Usage
	2187  -  Run Bytes Sent By Node
	33711  -  Run Bytes Received By Node
	2187  -  Total Bytes Sent By Node
	33711  -  Total Bytes Received By Node
...
015 (289109.000.000) 2025-01-28 22:37:44 Node 0 terminated.
	(1) Normal termination (return value 0)
		Usr 0 00:00:00, Sys 0 00:00:00  -  Run Remote Usage
		Usr 0 00:00:00, Sys 0 00:00:00  -  Run Local Usage
		Usr 0 00:00:00, Sys 0 00:00:00  -  Total Remote Usage
		Usr 0 00:00:00, Sys 0 00:00:00  -  Total Local Usage
	3261  -  Run Bytes Sent By Node
	33711  -  Run Bytes Received By Node
	3261  -  Total Bytes Sent By Node
	33711  -  Total Bytes Received By Node
...
015 (289109.000.003) 2025-01-28 22:37:44 Node 3 terminated.
	(1) Normal termination (return value 0)
		Usr 0 00:00:00, Sys 0 00:00:00  -  Run Remote Usage
		Usr 0 00:00:00, Sys 0 00:00:00  -  Run Local Usage
		Usr 0 00:00:00, Sys 0 00:00:00  -  Total Remote Usage
		Usr 0 00:00:00, Sys 0 00:00:00  -  Total Local Usage
	2165  -  Run Bytes Sent By Node
	33711  -  Run Bytes Received By Node
	2165  -  Total Bytes Sent By Node
	33711  -  Total Bytes Received By Node
...
015 (289109.000.005) 2025-01-28 22:37:45 Node 5 terminated.
	(1) Normal termination (return value 0)
		Usr 0 00:00:00, Sys 0 00:00:00  -  Run Remote Usage
		Usr 0 00:00:00, Sys 0 00:00:00  -  Run Local Usage
		Usr 0 00:00:00, Sys 0 00:00:00  -  Total Remote Usage
		Usr 0 00:00:00, Sys 0 00:00:00  -  Total Local Usage
	2187  -  Run Bytes Sent By Node
	33711  -  Run Bytes Received By Node
	2187  -  Total Bytes Sent By Node
	33711  -  Total Bytes Received By Node
...
005 (289109.000.000) 2025-01-28 22:37:45 Job terminated.
	(1) Normal termination (return value 0)
		Usr 0 00:00:00, Sys 0 00:00:00  -  Run Remote Usage
		Usr 0 00:00:00, Sys 0 00:00:00  -  Run Local Usage
		Usr 0 00:00:00, Sys 0 00:00:00  -  Total Remote Usage
		Usr 0 00:00:00, Sys 0 00:00:00  -  Total Local Usage
	11965  -  Run Bytes Sent By Job
	269688  -  Run Bytes Received By Job
	11965  -  Total Bytes Sent By Job
	269688  -  Total Bytes Received By Job
	Partitionable Resources :    Usage  Request Allocated 
	   Cpus                 :                 1         2 
	   Disk (KB)            :       51       35 102978738 
	   Memory (MB)          :        0        0    100096 

	Job terminated of its own accord at 2025-01-28T22:37:43Z with exit-code 0.
...
