000 (270349.000.000) 2025-01-21 23:44:10 Job submitted from host: <192.168.0.102:9618?addrs=192.168.0.102-9618&alias=submitter&noUDP&sock=schedd_2032_5c88>
...
001 (270349.000.000) 2025-01-21 23:44:29 Job executing on host: <192.168.0.109:9618?addrs=192.168.0.109-9618&alias=node109.di.rm1&noUDP&sock=startd_1627_90ad>
...
006 (270349.000.000) 2025-01-21 23:44:38 Image size of job updated: 393692
	384  -  MemoryUsage of job (MB)
	392504  -  ResidentSetSize of job (KB)
...
006 (270349.000.000) 2025-01-21 23:45:11 Image size of job updated: 1916840
	387  -  MemoryUsage of job (MB)
	395540  -  ResidentSetSize of job (KB)
...
004 (270349.000.000) 2025-01-21 23:45:11 Job was evicted.
	(0) CPU times
		Usr 0 00:00:40, Sys 0 00:00:01  -  Run Remote Usage
		Usr 0 00:00:00, Sys 0 00:00:00  -  Run Local Usage
	0  -  Run Bytes Sent By Job
	0  -  Run Bytes Received By Job
	Partitionable Resources :    Usage  Request Allocated 
	   Cpus                 :                 1         1 
	   Disk (KB)            :       27       27    468160 
	   Memory (MB)          :      387        1       128 
...
009 (270349.000.000) 2025-01-21 23:45:11 Job was aborted.
	via condor_rm (by user calzona_2046920)
...
000 (276504.000.000) 2025-01-24 04:38:41 Job submitted from host: <192.168.0.102:9618?addrs=192.168.0.102-9618&alias=submitter&noUDP&sock=schedd_2032_5c88>
...
001 (276504.000.000) 2025-01-24 04:39:01 Job executing on host: <192.168.0.151:9618?addrs=192.168.0.151-9618&alias=node151.di.rm1&noUDP&sock=startd_1528_a8cd>
...
006 (276504.000.000) 2025-01-24 04:39:10 Image size of job updated: 392700
	384  -  MemoryUsage of job (MB)
	392700  -  ResidentSetSize of job (KB)
...
006 (276504.000.000) 2025-01-24 04:40:43 Image size of job updated: 4927032
	384  -  MemoryUsage of job (MB)
	392832  -  ResidentSetSize of job (KB)
...
004 (276504.000.000) 2025-01-24 04:40:43 Job was evicted.
	(0) CPU times
		Usr 0 00:01:39, Sys 0 00:00:01  -  Run Remote Usage
		Usr 0 00:00:00, Sys 0 00:00:00  -  Run Local Usage
	0  -  Run Bytes Sent By Job
	0  -  Run Bytes Received By Job
	Partitionable Resources :    Usage  Request Allocated 
	   Cpus                 :                 1         1 
	   Disk (KB)            :       27       27    474791 
	   Memory (MB)          :      384        1       128 
...
009 (276504.000.000) 2025-01-24 04:40:43 Job was aborted.
	via condor_rm (by user calzona_2046920)
...
