000 (269210.000.000) 2025-01-21 22:26:05 Job submitted from host: <192.168.0.102:9618?addrs=192.168.0.102-9618&alias=submitter&noUDP&sock=schedd_2032_5c88>
...
001 (269210.000.000) 2025-01-21 22:26:05 Job executing on host: <192.168.0.109:9618?addrs=192.168.0.109-9618&alias=node109.di.rm1&noUDP&sock=startd_1627_90ad>
...
006 (269210.000.000) 2025-01-21 22:26:14 Image size of job updated: 841892
	821  -  MemoryUsage of job (MB)
	840704  -  ResidentSetSize of job (KB)
...
006 (269210.000.000) 2025-01-21 22:26:47 Image size of job updated: 3838472
	823  -  MemoryUsage of job (MB)
	842156  -  ResidentSetSize of job (KB)
...
004 (269210.000.000) 2025-01-21 22:26:47 Job was evicted.
	(0) CPU times
		Usr 0 00:00:40, Sys 0 00:00:01  -  Run Remote Usage
		Usr 0 00:00:00, Sys 0 00:00:00  -  Run Local Usage
	0  -  Run Bytes Sent By Job
	0  -  Run Bytes Received By Job
	Partitionable Resources :    Usage  Request Allocated 
	   Cpus                 :                 1         1 
	   Disk (KB)            :       27       27    468160 
	   Memory (MB)          :      823        1       128 
...
009 (269210.000.000) 2025-01-21 22:26:47 Job was aborted.
	via condor_rm (by user calzona_2046920)
...
000 (269305.000.000) 2025-01-21 22:33:17 Job submitted from host: <192.168.0.102:9618?addrs=192.168.0.102-9618&alias=submitter&noUDP&sock=schedd_2032_5c88>
...
001 (269305.000.000) 2025-01-21 22:33:20 Job executing on host: <192.168.0.151:9618?addrs=192.168.0.151-9618&alias=node151.di.rm1&noUDP&sock=startd_1528_a8cd>
...
006 (269305.000.000) 2025-01-21 22:33:29 Image size of job updated: 1380936
	805  -  MemoryUsage of job (MB)
	823612  -  ResidentSetSize of job (KB)
...
006 (269305.000.000) 2025-01-21 22:34:20 Image size of job updated: 5668620
	805  -  MemoryUsage of job (MB)
	823876  -  ResidentSetSize of job (KB)
...
004 (269305.000.000) 2025-01-21 22:34:20 Job was evicted.
	(0) CPU times
		Usr 0 00:00:55, Sys 0 00:00:03  -  Run Remote Usage
		Usr 0 00:00:00, Sys 0 00:00:00  -  Run Local Usage
	0  -  Run Bytes Sent By Job
	0  -  Run Bytes Received By Job
	Partitionable Resources :    Usage  Request Allocated 
	   Cpus                 :        0        1         1 
	   Disk (KB)            :       27       27    474791 
	   Memory (MB)          :      805        1       128 
...
009 (269305.000.000) 2025-01-21 22:34:20 Job was aborted.
	via condor_rm (by user calzona_2046920)
...
