000 (268083.000.000) 2025-01-21 21:12:02 Job submitted from host: <192.168.0.102:9618?addrs=192.168.0.102-9618&alias=submitter&noUDP&sock=schedd_2032_5c88>
...
001 (268083.000.000) 2025-01-21 21:12:06 Job executing on host: <192.168.0.130:9618?addrs=192.168.0.130-9618&alias=node130.di.rm1&noUDP&sock=startd_2751195_838e>
...
006 (268083.000.000) 2025-01-21 21:12:15 Image size of job updated: 1213812
	413  -  MemoryUsage of job (MB)
	422532  -  ResidentSetSize of job (KB)
...
006 (268083.000.000) 2025-01-21 21:12:43 Image size of job updated: 2395344
	414  -  MemoryUsage of job (MB)
	423588  -  ResidentSetSize of job (KB)
...
004 (268083.000.000) 2025-01-21 21:12:43 Job was evicted.
	(0) CPU times
		Usr 0 00:00:35, Sys 0 00:00:00  -  Run Remote Usage
		Usr 0 00:00:00, Sys 0 00:00:00  -  Run Local Usage
	0  -  Run Bytes Sent By Job
	0  -  Run Bytes Received By Job
	Partitionable Resources :    Usage  Request Allocated 
	   Cpus                 :                 1         1 
	   Disk (KB)            :       27       27    472313 
	   Memory (MB)          :      414        1       128 
...
009 (268083.000.000) 2025-01-21 21:12:43 Job was aborted.
	via condor_rm (by user calzona_2046920)
...
