000 (280629.000.000) 2025-01-25 17:06:57 Job submitted from host: <192.168.0.102:9618?addrs=192.168.0.102-9618&alias=submitter&noUDP&sock=schedd_2032_5c88>
...
014 (280629.000.001) 2025-01-25 17:07:05 Node 1 executing on host: <192.168.0.149:9618?addrs=192.168.0.149-9618&alias=node149.di.rm1&noUDP&sock=startd_1551_6f7a>
...
014 (280629.000.000) 2025-01-25 17:07:05 Node 0 executing on host: <192.168.0.105:9618?addrs=192.168.0.105-9618&alias=node105.di.rm1&noUDP&sock=startd_1951_cd5c>
...
001 (280629.000.000) 2025-01-25 17:07:05 Job executing on host: MPI_job
...
008 (280629.000.000) 2025-01-25 17:07:07 Launching orted on Node 1 of 2
...
008 (280629.000.000) 2025-01-25 17:07:07 Launching orted on Node 0 of 2
...
008 (280629.000.000) 2025-01-25 17:07:13 orted exited on Node 0 of 2
...
008 (280629.000.000) 2025-01-25 17:07:13 orted exited on Node 1 of 2
...
015 (280629.000.001) 2025-01-25 17:07:13 Node 1 terminated.
	(1) Normal termination (return value 0)
		Usr 0 00:00:06, Sys 0 00:00:00  -  Run Remote Usage
		Usr 0 00:00:00, Sys 0 00:00:00  -  Run Local Usage
		Usr 0 00:00:06, Sys 0 00:00:00  -  Total Remote Usage
		Usr 0 00:00:00, Sys 0 00:00:00  -  Total Local Usage
	2165  -  Run Bytes Sent By Node
	33639  -  Run Bytes Received By Node
	2165  -  Total Bytes Sent By Node
	33639  -  Total Bytes Received By Node
...
015 (280629.000.000) 2025-01-25 17:07:13 Node 0 terminated.
	(1) Normal termination (return value 0)
		Usr 0 00:00:06, Sys 0 00:00:00  -  Run Remote Usage
		Usr 0 00:00:00, Sys 0 00:00:00  -  Run Local Usage
		Usr 0 00:00:06, Sys 0 00:00:00  -  Total Remote Usage
		Usr 0 00:00:00, Sys 0 00:00:00  -  Total Local Usage
	3254  -  Run Bytes Sent By Node
	33639  -  Run Bytes Received By Node
	3254  -  Total Bytes Sent By Node
	33639  -  Total Bytes Received By Node
...
005 (280629.000.000) 2025-01-25 17:07:13 Job terminated.
	(1) Normal termination (return value 0)
		Usr 0 00:00:12, Sys 0 00:00:00  -  Run Remote Usage
		Usr 0 00:00:00, Sys 0 00:00:00  -  Run Local Usage
		Usr 0 00:00:01, Sys 0 00:00:00  -  Total Remote Usage
		Usr 0 00:00:00, Sys 0 00:00:00  -  Total Local Usage
	5419  -  Run Bytes Sent By Job
	67278  -  Run Bytes Received By Job
	5419  -  Total Bytes Sent By Job
	67278  -  Total Bytes Received By Job
	Partitionable Resources :    Usage  Request Allocated 
	   Cpus                 :                 1         2 
	   Disk (KB)            :       50       35 102901527 
	   Memory (MB)          :       79        1    100096 

	Job terminated of its own accord at 2025-01-25T17:07:13Z with exit-code 0.
...
