000 (264689.000.000) 2025-01-17 11:21:30 Job submitted from host: <192.168.0.102:9618?addrs=192.168.0.102-9618&alias=submitter&noUDP&sock=schedd_2032_5c88>
...
001 (264689.000.000) 2025-01-17 11:21:35 Job executing on host: <192.168.0.120:9618?addrs=192.168.0.120-9618&alias=node120.di.rm1&noUDP&sock=startd_2096_4298>
...
006 (264689.000.000) 2025-01-17 11:21:43 Image size of job updated: 1328412
	387  -  MemoryUsage of job (MB)
	396000  -  ResidentSetSize of job (KB)
...
006 (264689.000.000) 2025-01-17 11:26:54 Image size of job updated: 7436932
	7067  -  MemoryUsage of job (MB)
	7236268  -  ResidentSetSize of job (KB)
...
006 (264689.000.000) 2025-01-17 11:32:21 Image size of job updated: 8483520
	8132  -  MemoryUsage of job (MB)
	8326508  -  ResidentSetSize of job (KB)
...
006 (264689.000.000) 2025-01-17 11:33:24 Image size of job updated: 8483520
	8132  -  MemoryUsage of job (MB)
	8326640  -  ResidentSetSize of job (KB)
...
004 (264689.000.000) 2025-01-17 11:33:24 Job was evicted.
	(0) CPU times
		Usr 0 00:05:18, Sys 0 00:08:23  -  Run Remote Usage
		Usr 0 00:00:00, Sys 0 00:00:00  -  Run Local Usage
	0  -  Run Bytes Sent By Job
	0  -  Run Bytes Received By Job
	Partitionable Resources :    Usage  Request Allocated 
	   Cpus                 :     1.86        1         1 
	   Disk (KB)            :    27          27    459052 
	   Gpus (Average)       :                 0         0 
	   Memory (MB)          :  8132           1       128 
...
009 (264689.000.000) 2025-01-17 11:33:24 Job was aborted.
	via condor_rm (by user calzona_2046920)
...
