000 (273798.000.000) 2025-01-23 11:20:23 Job submitted from host: <192.168.0.102:9618?addrs=192.168.0.102-9618&alias=submitter&noUDP&sock=schedd_2032_5c88>
...
014 (273798.000.000) 2025-01-23 11:20:26 Node 0 executing on host: <192.168.0.147:9618?addrs=192.168.0.147-9618&alias=node147.di.rm1&noUDP&sock=startd_1513_5ee1>
...
014 (273798.000.002) 2025-01-23 11:20:26 Node 2 executing on host: <192.168.0.113:9618?addrs=192.168.0.113-9618&alias=node113.di.rm1&noUDP&sock=startd_3668932_c305>
...
014 (273798.000.003) 2025-01-23 11:20:26 Node 3 executing on host: <192.168.0.137:9618?addrs=192.168.0.137-9618&alias=node137.di.rm1&noUDP&sock=startd_1934_2440>
...
014 (273798.000.001) 2025-01-23 11:20:26 Node 1 executing on host: <192.168.0.112:9618?addrs=192.168.0.112-9618&alias=node112.di.rm1&noUDP&sock=startd_2169_5502>
...
001 (273798.000.000) 2025-01-23 11:20:26 Job executing on host: MPI_job
...
008 (273798.000.000) 2025-01-23 11:20:28 Launching orted on Node 0 of 4
...
008 (273798.000.000) 2025-01-23 11:20:28 Launching orted on Node 2 of 4
...
008 (273798.000.000) 2025-01-23 11:20:28 Launching orted on Node 3 of 4
...
008 (273798.000.000) 2025-01-23 11:20:28 Launching orted on Node 1 of 4
...
008 (273798.000.000) 2025-01-23 11:20:29 orted exited on Node 2 of 4
...
008 (273798.000.000) 2025-01-23 11:20:29 orted exited on Node 1 of 4
...
008 (273798.000.000) 2025-01-23 11:20:29 orted exited on Node 3 of 4
...
008 (273798.000.000) 2025-01-23 11:20:29 orted exited on Node 0 of 4
...
015 (273798.000.002) 2025-01-23 11:20:29 Node 2 terminated.
	(1) Normal termination (return value 0)
		Usr 0 00:00:01, Sys 0 00:00:00  -  Run Remote Usage
		Usr 0 00:00:00, Sys 0 00:00:00  -  Run Local Usage
		Usr 0 00:00:01, Sys 0 00:00:00  -  Total Remote Usage
		Usr 0 00:00:00, Sys 0 00:00:00  -  Total Local Usage
	2187  -  Run Bytes Sent By Node
	33639  -  Run Bytes Received By Node
	2187  -  Total Bytes Sent By Node
	33639  -  Total Bytes Received By Node
...
015 (273798.000.000) 2025-01-23 11:20:29 Node 0 terminated.
	(1) Normal termination (return value 0)
		Usr 0 00:00:01, Sys 0 00:00:00  -  Run Remote Usage
		Usr 0 00:00:00, Sys 0 00:00:00  -  Run Local Usage
		Usr 0 00:00:01, Sys 0 00:00:00  -  Total Remote Usage
		Usr 0 00:00:00, Sys 0 00:00:00  -  Total Local Usage
	3260  -  Run Bytes Sent By Node
	33639  -  Run Bytes Received By Node
	3260  -  Total Bytes Sent By Node
	33639  -  Total Bytes Received By Node
...
005 (273798.000.000) 2025-01-23 11:20:29 Job terminated.
	(1) Normal termination (return value 0)
		Usr 0 00:00:02, Sys 0 00:00:00  -  Run Remote Usage
		Usr 0 00:00:00, Sys 0 00:00:00  -  Run Local Usage
		Usr 0 00:00:01, Sys 0 00:00:00  -  Total Remote Usage
		Usr 0 00:00:00, Sys 0 00:00:00  -  Total Local Usage
	5447  -  Run Bytes Sent By Job
	134556  -  Run Bytes Received By Job
	5447  -  Total Bytes Sent By Job
	134556  -  Total Bytes Received By Job
	Partitionable Resources :    Usage  Request Allocated 
	   Cpus                 :                 1         2 
	   Disk (KB)            :       49       35 102887082 
	   Memory (MB)          :        0        0    100096 

	Job terminated of its own accord at 2025-01-23T11:20:29Z with exit-code 0.
...
000 (278543.000.000) 2025-01-24 09:05:04 Job submitted from host: <192.168.0.102:9618?addrs=192.168.0.102-9618&alias=submitter&noUDP&sock=schedd_2032_5c88>
...
014 (278543.000.001) 2025-01-24 09:05:12 Node 1 executing on host: <192.168.0.140:9618?addrs=192.168.0.140-9618&alias=node140.di.rm1&noUDP&sock=startd_1890_f615>
...
014 (278543.000.000) 2025-01-24 09:05:12 Node 0 executing on host: <192.168.0.106:9618?addrs=192.168.0.106-9618&alias=node106.di.rm1&noUDP&sock=startd_1970_d5a9>
...
014 (278543.000.002) 2025-01-24 09:05:12 Node 2 executing on host: <192.168.0.116:9618?addrs=192.168.0.116-9618&alias=node116.di.rm1&noUDP&sock=startd_1847_7783>
...
014 (278543.000.003) 2025-01-24 09:05:12 Node 3 executing on host: <192.168.0.111:9618?addrs=192.168.0.111-9618&alias=node111.di.rm1&noUDP&sock=startd_2044_97ab>
...
001 (278543.000.000) 2025-01-24 09:05:12 Job executing on host: MPI_job
...
008 (278543.000.000) 2025-01-24 09:05:14 Launching orted on Node 1 of 4
...
008 (278543.000.000) 2025-01-24 09:05:14 Launching orted on Node 0 of 4
...
008 (278543.000.000) 2025-01-24 09:05:14 Launching orted on Node 3 of 4
...
008 (278543.000.000) 2025-01-24 09:05:14 Launching orted on Node 2 of 4
...
008 (278543.000.000) 2025-01-24 09:05:15 orted exited on Node 2 of 4
...
008 (278543.000.000) 2025-01-24 09:05:15 orted exited on Node 0 of 4
...
008 (278543.000.000) 2025-01-24 09:05:15 orted exited on Node 3 of 4
...
008 (278543.000.000) 2025-01-24 09:05:15 orted exited on Node 1 of 4
...
015 (278543.000.001) 2025-01-24 09:05:15 Node 1 terminated.
	(1) Normal termination (return value 0)
		Usr 0 00:00:01, Sys 0 00:00:00  -  Run Remote Usage
		Usr 0 00:00:00, Sys 0 00:00:00  -  Run Local Usage
		Usr 0 00:00:01, Sys 0 00:00:00  -  Total Remote Usage
		Usr 0 00:00:00, Sys 0 00:00:00  -  Total Local Usage
	2165  -  Run Bytes Sent By Node
	33639  -  Run Bytes Received By Node
	2165  -  Total Bytes Sent By Node
	33639  -  Total Bytes Received By Node
...
015 (278543.000.003) 2025-01-24 09:05:15 Node 3 terminated.
	(1) Normal termination (return value 0)
		Usr 0 00:00:00, Sys 0 00:00:00  -  Run Remote Usage
		Usr 0 00:00:00, Sys 0 00:00:00  -  Run Local Usage
		Usr 0 00:00:00, Sys 0 00:00:00  -  Total Remote Usage
		Usr 0 00:00:00, Sys 0 00:00:00  -  Total Local Usage
	2187  -  Run Bytes Sent By Node
	33639  -  Run Bytes Received By Node
	2187  -  Total Bytes Sent By Node
	33639  -  Total Bytes Received By Node
...
015 (278543.000.000) 2025-01-24 09:05:15 Node 0 terminated.
	(1) Normal termination (return value 0)
		Usr 0 00:00:00, Sys 0 00:00:00  -  Run Remote Usage
		Usr 0 00:00:00, Sys 0 00:00:00  -  Run Local Usage
		Usr 0 00:00:00, Sys 0 00:00:00  -  Total Remote Usage
		Usr 0 00:00:00, Sys 0 00:00:00  -  Total Local Usage
	3263  -  Run Bytes Sent By Node
	33639  -  Run Bytes Received By Node
	3263  -  Total Bytes Sent By Node
	33639  -  Total Bytes Received By Node
...
005 (278543.000.000) 2025-01-24 09:05:15 Job terminated.
	(1) Normal termination (return value 0)
		Usr 0 00:00:02, Sys 0 00:00:00  -  Run Remote Usage
		Usr 0 00:00:00, Sys 0 00:00:00  -  Run Local Usage
		Usr 0 00:00:00, Sys 0 00:00:00  -  Total Remote Usage
		Usr 0 00:00:00, Sys 0 00:00:00  -  Total Local Usage
	7615  -  Run Bytes Sent By Job
	134556  -  Run Bytes Received By Job
	7615  -  Total Bytes Sent By Job
	134556  -  Total Bytes Received By Job
	Partitionable Resources :    Usage  Request Allocated 
	   Cpus                 :     0.01        1         2 
	   Disk (KB)            :    55          35 102706401 
	   Memory (MB)          :     0           0    100096 

	Job terminated of its own accord at 2025-01-24T09:05:15Z with exit-code 0.
...
