000 (269641.000.000) 2025-01-21 22:53:43 Job submitted from host: <192.168.0.102:9618?addrs=192.168.0.102-9618&alias=submitter&noUDP&sock=schedd_2032_5c88>
...
001 (269641.000.000) 2025-01-21 22:53:43 Job executing on host: <192.168.0.147:9618?addrs=192.168.0.147-9618&alias=node147.di.rm1&noUDP&sock=startd_1513_5ee1>
...
006 (269641.000.000) 2025-01-21 22:53:52 Image size of job updated: 1556292
	586  -  MemoryUsage of job (MB)
	599280  -  ResidentSetSize of job (KB)
...
006 (269641.000.000) 2025-01-21 22:54:44 Image size of job updated: 3941548
	589  -  MemoryUsage of job (MB)
	602712  -  ResidentSetSize of job (KB)
...
004 (269641.000.000) 2025-01-21 22:54:44 Job was evicted.
	(0) CPU times
		Usr 0 00:00:58, Sys 0 00:00:01  -  Run Remote Usage
		Usr 0 00:00:00, Sys 0 00:00:00  -  Run Local Usage
	0  -  Run Bytes Sent By Job
	0  -  Run Bytes Received By Job
	Partitionable Resources :    Usage  Request Allocated 
	   Cpus                 :                 1         1 
	   Disk (KB)            :       27       27    469805 
	   Memory (MB)          :      589        1       128 
...
009 (269641.000.000) 2025-01-21 22:54:44 Job was aborted.
	via condor_rm (by user calzona_2046920)
...
000 (275795.000.000) 2025-01-24 03:13:51 Job submitted from host: <192.168.0.102:9618?addrs=192.168.0.102-9618&alias=submitter&noUDP&sock=schedd_2032_5c88>
...
001 (275795.000.000) 2025-01-24 03:13:52 Job executing on host: <192.168.0.149:9618?addrs=192.168.0.149-9618&alias=node149.di.rm1&noUDP&sock=startd_1551_6f7a>
...
006 (275795.000.000) 2025-01-24 03:14:00 Image size of job updated: 1246468
	524  -  MemoryUsage of job (MB)
	535920  -  ResidentSetSize of job (KB)
...
006 (275795.000.000) 2025-01-24 03:15:53 Image size of job updated: 6811356
	524  -  MemoryUsage of job (MB)
	535920  -  ResidentSetSize of job (KB)
...
004 (275795.000.000) 2025-01-24 03:15:53 Job was evicted.
	(0) CPU times
		Usr 0 00:02:17, Sys 0 00:00:03  -  Run Remote Usage
		Usr 0 00:00:00, Sys 0 00:00:00  -  Run Local Usage
	0  -  Run Bytes Sent By Job
	0  -  Run Bytes Received By Job
	Partitionable Resources :    Usage  Request Allocated 
	   Cpus                 :                 1         1 
	   Disk (KB)            :       27       27    471944 
	   Memory (MB)          :      524        1       128 
...
009 (275795.000.000) 2025-01-24 03:15:53 Job was aborted.
	via condor_rm (by user calzona_2046920)
...
