000 (273766.000.000) 2025-01-23 11:19:21 Job submitted from host: <192.168.0.102:9618?addrs=192.168.0.102-9618&alias=submitter&noUDP&sock=schedd_2032_5c88>
...
014 (273766.000.000) 2025-01-23 11:19:28 Node 0 executing on host: <192.168.0.137:9618?addrs=192.168.0.137-9618&alias=node137.di.rm1&noUDP&sock=startd_1934_2440>
...
014 (273766.000.002) 2025-01-23 11:19:28 Node 2 executing on host: <192.168.0.141:9618?addrs=192.168.0.141-9618&alias=node141.di.rm1&noUDP&sock=startd_2077_3a4b>
...
014 (273766.000.003) 2025-01-23 11:19:28 Node 3 executing on host: <192.168.0.141:9618?addrs=192.168.0.141-9618&alias=node141.di.rm1&noUDP&sock=startd_2077_3a4b>
...
014 (273766.000.001) 2025-01-23 11:19:28 Node 1 executing on host: <192.168.0.111:9618?addrs=192.168.0.111-9618&alias=node111.di.rm1&noUDP&sock=startd_2044_97ab>
...
001 (273766.000.000) 2025-01-23 11:19:28 Job executing on host: MPI_job
...
008 (273766.000.000) 2025-01-23 11:19:30 Launching orted on Node 2 of 4
...
008 (273766.000.000) 2025-01-23 11:19:30 Launching orted on Node 3 of 4
...
008 (273766.000.000) 2025-01-23 11:19:30 Launching orted on Node 0 of 4
...
008 (273766.000.000) 2025-01-23 11:19:31 Launching orted on Node 1 of 4
...
008 (273766.000.000) 2025-01-23 11:19:31 orted exited on Node 0 of 4
...
008 (273766.000.000) 2025-01-23 11:19:31 orted exited on Node 1 of 4
...
008 (273766.000.000) 2025-01-23 11:19:31 orted exited on Node 2 of 4
...
008 (273766.000.000) 2025-01-23 11:19:31 orted exited on Node 3 of 4
...
015 (273766.000.003) 2025-01-23 11:19:31 Node 3 terminated.
	(1) Normal termination (return value 0)
		Usr 0 00:00:00, Sys 0 00:00:00  -  Run Remote Usage
		Usr 0 00:00:00, Sys 0 00:00:00  -  Run Local Usage
		Usr 0 00:00:00, Sys 0 00:00:00  -  Total Remote Usage
		Usr 0 00:00:00, Sys 0 00:00:00  -  Total Local Usage
	2165  -  Run Bytes Sent By Node
	33639  -  Run Bytes Received By Node
	2165  -  Total Bytes Sent By Node
	33639  -  Total Bytes Received By Node
...
015 (273766.000.002) 2025-01-23 11:19:31 Node 2 terminated.
	(1) Normal termination (return value 0)
		Usr 0 00:00:00, Sys 0 00:00:00  -  Run Remote Usage
		Usr 0 00:00:00, Sys 0 00:00:00  -  Run Local Usage
		Usr 0 00:00:00, Sys 0 00:00:00  -  Total Remote Usage
		Usr 0 00:00:00, Sys 0 00:00:00  -  Total Local Usage
	2165  -  Run Bytes Sent By Node
	33639  -  Run Bytes Received By Node
	2165  -  Total Bytes Sent By Node
	33639  -  Total Bytes Received By Node
...
015 (273766.000.000) 2025-01-23 11:19:31 Node 0 terminated.
	(1) Normal termination (return value 0)
		Usr 0 00:00:00, Sys 0 00:00:00  -  Run Remote Usage
		Usr 0 00:00:00, Sys 0 00:00:00  -  Run Local Usage
		Usr 0 00:00:00, Sys 0 00:00:00  -  Total Remote Usage
		Usr 0 00:00:00, Sys 0 00:00:00  -  Total Local Usage
	3261  -  Run Bytes Sent By Node
	33639  -  Run Bytes Received By Node
	3261  -  Total Bytes Sent By Node
	33639  -  Total Bytes Received By Node
...
005 (273766.000.000) 2025-01-23 11:19:31 Job terminated.
	(1) Normal termination (return value 0)
		Usr 0 00:00:01, Sys 0 00:00:00  -  Run Remote Usage
		Usr 0 00:00:00, Sys 0 00:00:00  -  Run Local Usage
		Usr 0 00:00:00, Sys 0 00:00:00  -  Total Remote Usage
		Usr 0 00:00:00, Sys 0 00:00:00  -  Total Local Usage
	7591  -  Run Bytes Sent By Job
	134556  -  Run Bytes Received By Job
	7591  -  Total Bytes Sent By Job
	134556  -  Total Bytes Received By Job
	Partitionable Resources :    Usage  Request Allocated 
	   Cpus                 :                 1         2 
	   Disk (KB)            :       49       35 102846057 
	   Memory (MB)          :        0        0    100096 

	Job terminated of its own accord at 2025-01-23T11:19:31Z with exit-code 0.
...
000 (278512.000.000) 2025-01-24 09:04:18 Job submitted from host: <192.168.0.102:9618?addrs=192.168.0.102-9618&alias=submitter&noUDP&sock=schedd_2032_5c88>
...
014 (278512.000.000) 2025-01-24 09:04:25 Node 0 executing on host: <192.168.0.132:9618?addrs=192.168.0.132-9618&alias=node132.di.rm1&noUDP&sock=startd_1999_b9e8>
...
014 (278512.000.001) 2025-01-24 09:04:25 Node 1 executing on host: <192.168.0.147:9618?addrs=192.168.0.147-9618&alias=node147.di.rm1&noUDP&sock=startd_1513_5ee1>
...
014 (278512.000.002) 2025-01-24 09:04:25 Node 2 executing on host: <192.168.0.151:9618?addrs=192.168.0.151-9618&alias=node151.di.rm1&noUDP&sock=startd_1528_a8cd>
...
014 (278512.000.003) 2025-01-24 09:04:25 Node 3 executing on host: <192.168.0.147:9618?addrs=192.168.0.147-9618&alias=node147.di.rm1&noUDP&sock=startd_1513_5ee1>
...
001 (278512.000.000) 2025-01-24 09:04:25 Job executing on host: MPI_job
...
008 (278512.000.000) 2025-01-24 09:04:27 Launching orted on Node 0 of 4
...
008 (278512.000.000) 2025-01-24 09:04:27 Launching orted on Node 1 of 4
...
008 (278512.000.000) 2025-01-24 09:04:27 Launching orted on Node 3 of 4
...
008 (278512.000.000) 2025-01-24 09:04:27 Launching orted on Node 2 of 4
...
008 (278512.000.000) 2025-01-24 09:04:28 orted exited on Node 1 of 4
...
008 (278512.000.000) 2025-01-24 09:04:28 orted exited on Node 2 of 4
...
008 (278512.000.000) 2025-01-24 09:04:28 orted exited on Node 0 of 4
...
008 (278512.000.000) 2025-01-24 09:04:28 orted exited on Node 3 of 4
...
015 (278512.000.001) 2025-01-24 09:04:28 Node 1 terminated.
	(1) Normal termination (return value 0)
		Usr 0 00:00:00, Sys 0 00:00:00  -  Run Remote Usage
		Usr 0 00:00:00, Sys 0 00:00:00  -  Run Local Usage
		Usr 0 00:00:00, Sys 0 00:00:00  -  Total Remote Usage
		Usr 0 00:00:00, Sys 0 00:00:00  -  Total Local Usage
	2165  -  Run Bytes Sent By Node
	33639  -  Run Bytes Received By Node
	2165  -  Total Bytes Sent By Node
	33639  -  Total Bytes Received By Node
...
015 (278512.000.000) 2025-01-24 09:04:28 Node 0 terminated.
	(1) Normal termination (return value 0)
		Usr 0 00:00:01, Sys 0 00:00:00  -  Run Remote Usage
		Usr 0 00:00:00, Sys 0 00:00:00  -  Run Local Usage
		Usr 0 00:00:01, Sys 0 00:00:00  -  Total Remote Usage
		Usr 0 00:00:00, Sys 0 00:00:00  -  Total Local Usage
	3261  -  Run Bytes Sent By Node
	33639  -  Run Bytes Received By Node
	3261  -  Total Bytes Sent By Node
	33639  -  Total Bytes Received By Node
...
005 (278512.000.000) 2025-01-24 09:04:28 Job terminated.
	(1) Normal termination (return value 0)
		Usr 0 00:00:01, Sys 0 00:00:00  -  Run Remote Usage
		Usr 0 00:00:00, Sys 0 00:00:00  -  Run Local Usage
		Usr 0 00:00:01, Sys 0 00:00:00  -  Total Remote Usage
		Usr 0 00:00:00, Sys 0 00:00:00  -  Total Local Usage
	7591  -  Run Bytes Sent By Job
	134556  -  Run Bytes Received By Job
	7591  -  Total Bytes Sent By Job
	134556  -  Total Bytes Received By Job
	Partitionable Resources :    Usage  Request Allocated 
	   Cpus                 :     0.01        1         2 
	   Disk (KB)            :    55          35 103028807 
	   Memory (MB)          :     0           0    100096 

	Job terminated of its own accord at 2025-01-24T09:04:28Z with exit-code 0.
...
000 (286784.000.000) 2025-01-28 15:59:04 Job submitted from host: <192.168.0.102:9618?addrs=192.168.0.102-9618&alias=submitter&noUDP&sock=schedd_2032_5c88>
...
014 (286784.000.000) 2025-01-28 15:59:10 Node 0 executing on host: <192.168.0.146:9618?addrs=192.168.0.146-9618&alias=node146.di.rm1&noUDP&sock=startd_1984_6ffc>
...
014 (286784.000.001) 2025-01-28 15:59:10 Node 1 executing on host: <192.168.0.121:9618?addrs=192.168.0.121-9618&alias=node121.di.rm1&noUDP&sock=startd_2146_8e54>
...
014 (286784.000.002) 2025-01-28 15:59:10 Node 2 executing on host: <192.168.0.151:9618?addrs=192.168.0.151-9618&alias=node151.di.rm1&noUDP&sock=startd_1528_a8cd>
...
014 (286784.000.003) 2025-01-28 15:59:10 Node 3 executing on host: <192.168.0.111:9618?addrs=192.168.0.111-9618&alias=node111.di.rm1&noUDP&sock=startd_2044_97ab>
...
001 (286784.000.000) 2025-01-28 15:59:10 Job executing on host: MPI_job
...
008 (286784.000.000) 2025-01-28 15:59:12 Launching orted on Node 1 of 4
...
008 (286784.000.000) 2025-01-28 15:59:12 Launching orted on Node 0 of 4
...
008 (286784.000.000) 2025-01-28 15:59:12 Launching orted on Node 2 of 4
...
008 (286784.000.000) 2025-01-28 15:59:13 Launching orted on Node 3 of 4
...
008 (286784.000.000) 2025-01-28 15:59:13 orted exited on Node 2 of 4
...
008 (286784.000.000) 2025-01-28 15:59:13 orted exited on Node 0 of 4
...
008 (286784.000.000) 2025-01-28 15:59:13 orted exited on Node 1 of 4
...
008 (286784.000.000) 2025-01-28 15:59:13 orted exited on Node 3 of 4
...
015 (286784.000.001) 2025-01-28 15:59:13 Node 1 terminated.
	(1) Normal termination (return value 0)
		Usr 0 00:00:00, Sys 0 00:00:01  -  Run Remote Usage
		Usr 0 00:00:00, Sys 0 00:00:00  -  Run Local Usage
		Usr 0 00:00:00, Sys 0 00:00:01  -  Total Remote Usage
		Usr 0 00:00:00, Sys 0 00:00:00  -  Total Local Usage
	2165  -  Run Bytes Sent By Node
	33591  -  Run Bytes Received By Node
	2165  -  Total Bytes Sent By Node
	33591  -  Total Bytes Received By Node
...
015 (286784.000.000) 2025-01-28 15:59:13 Node 0 terminated.
	(1) Normal termination (return value 0)
		Usr 0 00:00:00, Sys 0 00:00:00  -  Run Remote Usage
		Usr 0 00:00:00, Sys 0 00:00:00  -  Run Local Usage
		Usr 0 00:00:00, Sys 0 00:00:00  -  Total Remote Usage
		Usr 0 00:00:00, Sys 0 00:00:00  -  Total Local Usage
	3727  -  Run Bytes Sent By Node
	33591  -  Run Bytes Received By Node
	3727  -  Total Bytes Sent By Node
	33591  -  Total Bytes Received By Node
...
005 (286784.000.000) 2025-01-28 15:59:14 Job terminated.
	(1) Normal termination (return value 0)
		Usr 0 00:00:00, Sys 0 00:00:01  -  Run Remote Usage
		Usr 0 00:00:00, Sys 0 00:00:00  -  Run Local Usage
		Usr 0 00:00:00, Sys 0 00:00:00  -  Total Remote Usage
		Usr 0 00:00:00, Sys 0 00:00:00  -  Total Local Usage
	5892  -  Run Bytes Sent By Job
	134364  -  Run Bytes Received By Job
	5892  -  Total Bytes Sent By Job
	134364  -  Total Bytes Received By Job
	Partitionable Resources :    Usage  Request Allocated 
	   Cpus                 :                 1         2 
	   Disk (KB)            :       51       35 103077319 
	   Memory (MB)          :        0        0    100096 

	Job terminated of its own accord at 2025-01-28T15:59:13Z with exit-code 0.
...
