000 (268719.000.000) 2025-01-21 22:01:44 Job submitted from host: <192.168.0.102:9618?addrs=192.168.0.102-9618&alias=submitter&noUDP&sock=schedd_2032_5c88>
...
001 (268719.000.000) 2025-01-21 22:01:45 Job executing on host: <192.168.0.107:9618?addrs=192.168.0.107-9618&alias=node107.di.rm1&noUDP&sock=startd_1981_6134>
...
006 (268719.000.000) 2025-01-21 22:01:53 Image size of job updated: 1213144
	565  -  MemoryUsage of job (MB)
	578160  -  ResidentSetSize of job (KB)
...
006 (268719.000.000) 2025-01-21 22:02:41 Image size of job updated: 4572676
	567  -  MemoryUsage of job (MB)
	579612  -  ResidentSetSize of job (KB)
...
004 (268719.000.000) 2025-01-21 22:02:41 Job was evicted.
	(0) CPU times
		Usr 0 00:00:53, Sys 0 00:00:02  -  Run Remote Usage
		Usr 0 00:00:00, Sys 0 00:00:00  -  Run Local Usage
	0  -  Run Bytes Sent By Job
	0  -  Run Bytes Received By Job
	Partitionable Resources :    Usage  Request Allocated 
	   Cpus                 :                 1         1 
	   Disk (KB)            :       27       27    471963 
	   Memory (MB)          :      567        1       128 
...
009 (268719.000.000) 2025-01-21 22:02:41 Job was aborted.
	via condor_rm (by user calzona_2046920)
...
000 (268871.000.000) 2025-01-21 22:09:20 Job submitted from host: <192.168.0.102:9618?addrs=192.168.0.102-9618&alias=submitter&noUDP&sock=schedd_2032_5c88>
...
001 (268871.000.000) 2025-01-21 22:09:21 Job executing on host: <192.168.0.130:9618?addrs=192.168.0.130-9618&alias=node130.di.rm1&noUDP&sock=startd_2751195_838e>
...
006 (268871.000.000) 2025-01-21 22:09:29 Image size of job updated: 1117972
	716  -  MemoryUsage of job (MB)
	732204  -  ResidentSetSize of job (KB)
...
006 (268871.000.000) 2025-01-21 22:09:59 Image size of job updated: 3591388
	717  -  MemoryUsage of job (MB)
	733788  -  ResidentSetSize of job (KB)
...
004 (268871.000.000) 2025-01-21 22:09:59 Job was evicted.
	(0) CPU times
		Usr 0 00:00:36, Sys 0 00:00:01  -  Run Remote Usage
		Usr 0 00:00:00, Sys 0 00:00:00  -  Run Local Usage
	0  -  Run Bytes Sent By Job
	0  -  Run Bytes Received By Job
	Partitionable Resources :    Usage  Request Allocated 
	   Cpus                 :                 1         1 
	   Disk (KB)            :       27       27    472313 
	   Memory (MB)          :      717        1       128 
...
009 (268871.000.000) 2025-01-21 22:09:59 Job was aborted.
	via condor_rm (by user calzona_2046920)
...
000 (275213.000.000) 2025-01-24 02:01:20 Job submitted from host: <192.168.0.102:9618?addrs=192.168.0.102-9618&alias=submitter&noUDP&sock=schedd_2032_5c88>
...
001 (275213.000.000) 2025-01-24 02:01:20 Job executing on host: <192.168.0.149:9618?addrs=192.168.0.149-9618&alias=node149.di.rm1&noUDP&sock=startd_1551_6f7a>
...
006 (275213.000.000) 2025-01-24 02:01:29 Image size of job updated: 1117972
	737  -  MemoryUsage of job (MB)
	753984  -  ResidentSetSize of job (KB)
...
006 (275213.000.000) 2025-01-24 02:03:23 Image size of job updated: 11818684
	738  -  MemoryUsage of job (MB)
	755304  -  ResidentSetSize of job (KB)
...
004 (275213.000.000) 2025-01-24 02:03:23 Job was evicted.
	(0) CPU times
		Usr 0 00:01:57, Sys 0 00:00:04  -  Run Remote Usage
		Usr 0 00:00:00, Sys 0 00:00:00  -  Run Local Usage
	0  -  Run Bytes Sent By Job
	0  -  Run Bytes Received By Job
	Partitionable Resources :    Usage  Request Allocated 
	   Cpus                 :     1.00        1         1 
	   Disk (KB)            :    27          27    471944 
	   Memory (MB)          :   738           1       128 
...
009 (275213.000.000) 2025-01-24 02:03:23 Job was aborted.
	via condor_rm (by user calzona_2046920)
...
