000 (270821.000.000) 2025-01-22 00:17:37 Job submitted from host: <192.168.0.102:9618?addrs=192.168.0.102-9618&alias=submitter&noUDP&sock=schedd_2032_5c88>
...
001 (270821.000.000) 2025-01-22 00:17:57 Job executing on host: <192.168.0.120:9618?addrs=192.168.0.120-9618&alias=node120.di.rm1&noUDP&sock=startd_2096_4298>
...
006 (270821.000.000) 2025-01-22 00:18:06 Image size of job updated: 464112
	454  -  MemoryUsage of job (MB)
	464112  -  ResidentSetSize of job (KB)
...
006 (270821.000.000) 2025-01-22 00:18:38 Image size of job updated: 1837440
	454  -  MemoryUsage of job (MB)
	464508  -  ResidentSetSize of job (KB)
...
004 (270821.000.000) 2025-01-22 00:18:38 Job was evicted.
	(0) CPU times
		Usr 0 00:00:39, Sys 0 00:00:00  -  Run Remote Usage
		Usr 0 00:00:00, Sys 0 00:00:00  -  Run Local Usage
	0  -  Run Bytes Sent By Job
	0  -  Run Bytes Received By Job
	Partitionable Resources :    Usage  Request Allocated 
	   Cpus                 :     1.00        1         1 
	   Disk (KB)            :    27          27    459052 
	   Gpus (Average)       :                 0         0 
	   Memory (MB)          :   454           1       128 
...
009 (270821.000.000) 2025-01-22 00:18:38 Job was aborted.
	via condor_rm (by user calzona_2046920)
...
000 (276975.000.000) 2025-01-24 05:32:03 Job submitted from host: <192.168.0.102:9618?addrs=192.168.0.102-9618&alias=submitter&noUDP&sock=schedd_2032_5c88>
...
001 (276975.000.000) 2025-01-24 05:32:23 Job executing on host: <192.168.0.121:9618?addrs=192.168.0.121-9618&alias=node121.di.rm1&noUDP&sock=startd_2146_8e54>
...
006 (276975.000.000) 2025-01-24 05:32:32 Image size of job updated: 452996
	439  -  MemoryUsage of job (MB)
	449336  -  ResidentSetSize of job (KB)
...
006 (276975.000.000) 2025-01-24 05:33:41 Image size of job updated: 2198528
	439  -  MemoryUsage of job (MB)
	449468  -  ResidentSetSize of job (KB)
...
005 (276975.000.000) 2025-01-24 05:33:41 Job terminated.
	(1) Normal termination (return value 0)
		Usr 0 00:05:06, Sys 0 00:00:05  -  Run Remote Usage
		Usr 0 00:00:00, Sys 0 00:00:00  -  Run Local Usage
		Usr 0 00:05:06, Sys 0 00:00:05  -  Total Remote Usage
		Usr 0 00:00:00, Sys 0 00:00:00  -  Total Local Usage
	0  -  Run Bytes Sent By Job
	0  -  Run Bytes Received By Job
	0  -  Total Bytes Sent By Job
	0  -  Total Bytes Received By Job
	Partitionable Resources :    Usage  Request Allocated 
	   Cpus                 :     5.08        1         1 
	   Disk (KB)            :    27          27    467232 
	   Memory (MB)          :   439           1       128 

	Job terminated of its own accord at 2025-01-24T05:33:41Z with exit-code 0.
...
