000 (295810.000.000) 2025-01-31 03:03:12 Job submitted from host: <192.168.0.102:9618?addrs=192.168.0.102-9618&alias=submitter&noUDP&sock=schedd_4045053_7bc0>
...
014 (295810.000.000) 2025-01-31 03:03:29 Node 0 executing on host: <192.168.0.104:9618?addrs=192.168.0.104-9618&alias=node104.di.rm1&noUDP&sock=startd_1987_7ec5>
...
014 (295810.000.001) 2025-01-31 03:03:29 Node 1 executing on host: <192.168.0.134:9618?addrs=192.168.0.134-9618&alias=node134.di.rm1&noUDP&sock=startd_2073_7bea>
...
014 (295810.000.002) 2025-01-31 03:03:29 Node 2 executing on host: <192.168.0.105:9618?addrs=192.168.0.105-9618&alias=node105.di.rm1&noUDP&sock=startd_1951_cd5c>
...
014 (295810.000.007) 2025-01-31 03:03:29 Node 7 executing on host: <192.168.0.112:9618?addrs=192.168.0.112-9618&alias=node112.di.rm1&noUDP&sock=startd_2169_5502>
...
014 (295810.000.004) 2025-01-31 03:03:29 Node 4 executing on host: <192.168.0.121:9618?addrs=192.168.0.121-9618&alias=node121.di.rm1&noUDP&sock=startd_2146_8e54>
...
014 (295810.000.005) 2025-01-31 03:03:29 Node 5 executing on host: <192.168.0.151:9618?addrs=192.168.0.151-9618&alias=node151.di.rm1&noUDP&sock=startd_1528_a8cd>
...
014 (295810.000.003) 2025-01-31 03:03:29 Node 3 executing on host: <192.168.0.110:9618?addrs=192.168.0.110-9618&alias=node110.di.rm1&noUDP&sock=startd_2154_0b16>
...
014 (295810.000.006) 2025-01-31 03:03:29 Node 6 executing on host: <192.168.0.111:9618?addrs=192.168.0.111-9618&alias=node111.di.rm1&noUDP&sock=startd_2044_97ab>
...
001 (295810.000.000) 2025-01-31 03:03:29 Job executing on host: MPI_job
...
008 (295810.000.000) 2025-01-31 03:03:31 Launching orted on Node 0 of 8
...
008 (295810.000.000) 2025-01-31 03:03:31 Launching orted on Node 1 of 8
...
008 (295810.000.000) 2025-01-31 03:03:31 Launching orted on Node 2 of 8
...
008 (295810.000.000) 2025-01-31 03:03:31 Launching orted on Node 4 of 8
...
008 (295810.000.000) 2025-01-31 03:03:31 Launching orted on Node 7 of 8
...
008 (295810.000.000) 2025-01-31 03:03:31 Launching orted on Node 3 of 8
...
008 (295810.000.000) 2025-01-31 03:03:31 Launching orted on Node 6 of 8
...
008 (295810.000.000) 2025-01-31 03:03:31 Launching orted on Node 5 of 8
...
008 (295810.000.000) 2025-01-31 03:03:39 orted exited on Node 3 of 8
...
008 (295810.000.000) 2025-01-31 03:03:39 orted exited on Node 7 of 8
...
008 (295810.000.000) 2025-01-31 03:03:39 orted exited on Node 2 of 8
...
008 (295810.000.000) 2025-01-31 03:03:39 orted exited on Node 6 of 8
...
008 (295810.000.000) 2025-01-31 03:03:39 orted exited on Node 1 of 8
...
008 (295810.000.000) 2025-01-31 03:03:39 orted exited on Node 5 of 8
...
008 (295810.000.000) 2025-01-31 03:03:39 orted exited on Node 0 of 8
...
008 (295810.000.000) 2025-01-31 03:03:39 orted exited on Node 4 of 8
...
015 (295810.000.003) 2025-01-31 03:03:39 Node 3 terminated.
	(1) Normal termination (return value 0)
		Usr 0 00:00:07, Sys 0 00:00:00  -  Run Remote Usage
		Usr 0 00:00:00, Sys 0 00:00:00  -  Run Local Usage
		Usr 0 00:00:07, Sys 0 00:00:00  -  Total Remote Usage
		Usr 0 00:00:00, Sys 0 00:00:00  -  Total Local Usage
	2355  -  Run Bytes Sent By Node
	33831  -  Run Bytes Received By Node
	2355  -  Total Bytes Sent By Node
	33831  -  Total Bytes Received By Node
...
015 (295810.000.000) 2025-01-31 03:03:39 Node 0 terminated.
	(1) Normal termination (return value 0)
		Usr 0 00:00:05, Sys 0 00:00:00  -  Run Remote Usage
		Usr 0 00:00:00, Sys 0 00:00:00  -  Run Local Usage
		Usr 0 00:00:05, Sys 0 00:00:00  -  Total Remote Usage
		Usr 0 00:00:00, Sys 0 00:00:00  -  Total Local Usage
	3433  -  Run Bytes Sent By Node
	33831  -  Run Bytes Received By Node
	3433  -  Total Bytes Sent By Node
	33831  -  Total Bytes Received By Node
...
005 (295810.000.000) 2025-01-31 03:03:39 Job terminated.
	(1) Normal termination (return value 0)
		Usr 0 00:00:58, Sys 0 00:00:03  -  Run Remote Usage
		Usr 0 00:00:00, Sys 0 00:00:00  -  Run Local Usage
		Usr 0 00:00:05, Sys 0 00:00:00  -  Total Remote Usage
		Usr 0 00:00:00, Sys 0 00:00:00  -  Total Local Usage
	12787  -  Run Bytes Sent By Job
	270648  -  Run Bytes Received By Job
	12787  -  Total Bytes Sent By Job
	270648  -  Total Bytes Received By Job
	Partitionable Resources :    Usage  Request Allocated 
	   Cpus                 :                 1         1 
	   Disk (KB)            :       53       35    465124 
	   Memory (MB)          :      324      371     40960 

	Job terminated of its own accord at 2025-01-31T03:03:39Z with exit-code 0.
...
