000 (270458.000.000) 2025-01-21 23:55:30 Job submitted from host: <192.168.0.102:9618?addrs=192.168.0.102-9618&alias=submitter&noUDP&sock=schedd_2032_5c88>
...
001 (270458.000.000) 2025-01-21 23:55:33 Job executing on host: <192.168.0.120:9618?addrs=192.168.0.120-9618&alias=node120.di.rm1&noUDP&sock=startd_2096_4298>
...
006 (270458.000.000) 2025-01-21 23:55:42 Image size of job updated: 439032
	429  -  MemoryUsage of job (MB)
	439032  -  ResidentSetSize of job (KB)
...
006 (270458.000.000) 2025-01-21 23:56:32 Image size of job updated: 2656764
	430  -  MemoryUsage of job (MB)
	440088  -  ResidentSetSize of job (KB)
...
004 (270458.000.000) 2025-01-21 23:56:32 Job was evicted.
	(0) CPU times
		Usr 0 00:00:56, Sys 0 00:00:01  -  Run Remote Usage
		Usr 0 00:00:00, Sys 0 00:00:00  -  Run Local Usage
	0  -  Run Bytes Sent By Job
	0  -  Run Bytes Received By Job
	Partitionable Resources :    Usage  Request Allocated 
	   Cpus                 :                 1         1 
	   Disk (KB)            :       27       27    459052 
	   Gpus (Average)       :                 0         0 
	   Memory (MB)          :      430        1       128 
...
009 (270458.000.000) 2025-01-21 23:56:32 Job was aborted.
	via condor_rm (by user calzona_2046920)
...
000 (276612.000.000) 2025-01-24 04:58:19 Job submitted from host: <192.168.0.102:9618?addrs=192.168.0.102-9618&alias=submitter&noUDP&sock=schedd_2032_5c88>
...
001 (276612.000.000) 2025-01-24 04:58:20 Job executing on host: <192.168.0.148:9618?addrs=192.168.0.148-9618&alias=node148.di.rm1&noUDP&sock=startd_1547_b119>
...
006 (276612.000.000) 2025-01-24 04:58:29 Image size of job updated: 470428
	432  -  MemoryUsage of job (MB)
	441540  -  ResidentSetSize of job (KB)
...
006 (276612.000.000) 2025-01-24 05:00:21 Image size of job updated: 5734872
	432  -  MemoryUsage of job (MB)
	441672  -  ResidentSetSize of job (KB)
...
004 (276612.000.000) 2025-01-24 05:00:21 Job was evicted.
	(0) CPU times
		Usr 0 00:01:57, Sys 0 00:00:03  -  Run Remote Usage
		Usr 0 00:00:00, Sys 0 00:00:00  -  Run Local Usage
	0  -  Run Bytes Sent By Job
	0  -  Run Bytes Received By Job
	Partitionable Resources :    Usage  Request Allocated 
	   Cpus                 :                 1         1 
	   Disk (KB)            :       27       27    467548 
	   Memory (MB)          :      432        1       128 
...
009 (276612.000.000) 2025-01-24 05:00:21 Job was aborted.
	via condor_rm (by user calzona_2046920)
...
