000 (265066.000.000) 2025-01-17 11:21:44 Job submitted from host: <192.168.0.102:9618?addrs=192.168.0.102-9618&alias=submitter&noUDP&sock=schedd_2032_5c88>
...
001 (265066.000.000) 2025-01-17 11:21:47 Job executing on host: <192.168.0.142:9618?addrs=192.168.0.142-9618&alias=node142.di.rm1&noUDP&sock=startd_1996_ab1f>
...
006 (265066.000.000) 2025-01-17 11:21:56 Image size of job updated: 1362576
	317  -  MemoryUsage of job (MB)
	324588  -  ResidentSetSize of job (KB)
...
006 (265066.000.000) 2025-01-17 11:26:57 Image size of job updated: 10408668
	9892  -  MemoryUsage of job (MB)
	10128492  -  ResidentSetSize of job (KB)
...
006 (265066.000.000) 2025-01-17 11:31:57 Image size of job updated: 19372144
	18872  -  MemoryUsage of job (MB)
	19324140  -  ResidentSetSize of job (KB)
...
004 (265066.000.000) 2025-01-17 11:33:19 Job was evicted.
	(0) CPU times
		Usr 0 00:14:34, Sys 0 00:00:21  -  Run Remote Usage
		Usr 0 00:00:00, Sys 0 00:00:00  -  Run Local Usage
	0  -  Run Bytes Sent By Job
	0  -  Run Bytes Received By Job
	Partitionable Resources :    Usage  Request Allocated 
	   Cpus                 :     2.85        1         1 
	   Disk (KB)            :    27          27    459874 
	   Memory (MB)          : 18872           1       128 
...
009 (265066.000.000) 2025-01-17 11:33:19 Job was aborted.
	via condor_rm (by user calzona_2046920)
...
