000 (274216.000.000) 2025-01-23 11:42:40 Job submitted from host: <192.168.0.102:9618?addrs=192.168.0.102-9618&alias=submitter&noUDP&sock=schedd_2032_5c88>
...
014 (274216.000.000) 2025-01-23 11:42:48 Node 0 executing on host: <192.168.0.142:9618?addrs=192.168.0.142-9618&alias=node142.di.rm1&noUDP&sock=startd_1996_ab1f>
...
014 (274216.000.002) 2025-01-23 11:42:48 Node 2 executing on host: <192.168.0.113:9618?addrs=192.168.0.113-9618&alias=node113.di.rm1&noUDP&sock=startd_3668932_c305>
...
014 (274216.000.001) 2025-01-23 11:42:48 Node 1 executing on host: <192.168.0.113:9618?addrs=192.168.0.113-9618&alias=node113.di.rm1&noUDP&sock=startd_3668932_c305>
...
014 (274216.000.003) 2025-01-23 11:42:48 Node 3 executing on host: <192.168.0.141:9618?addrs=192.168.0.141-9618&alias=node141.di.rm1&noUDP&sock=startd_2077_3a4b>
...
001 (274216.000.000) 2025-01-23 11:42:48 Job executing on host: MPI_job
...
008 (274216.000.000) 2025-01-23 11:42:50 Launching orted on Node 1 of 4
...
008 (274216.000.000) 2025-01-23 11:42:50 Launching orted on Node 2 of 4
...
008 (274216.000.000) 2025-01-23 11:42:50 Launching orted on Node 0 of 4
...
008 (274216.000.000) 2025-01-23 11:42:51 Launching orted on Node 3 of 4
...
008 (274216.000.000) 2025-01-23 11:43:21 Node 0 caught SIGTERM, cleaning up mpirun
...
004 (274216.000.000) 2025-01-23 11:43:21 Job was evicted.
	(0) CPU times
		Usr 0 00:01:03, Sys 0 00:00:00  -  Run Remote Usage
		Usr 0 00:00:00, Sys 0 00:00:00  -  Run Local Usage
	0  -  Run Bytes Sent By Job
	134556  -  Run Bytes Received By Job
	Partitionable Resources :    Usage  Request Allocated 
	   Cpus                 :                 1         2 
	   Disk (KB)            :     8560       35 103011620 
	   Memory (MB)          :      270       80    100096 
...
009 (274216.000.000) 2025-01-23 11:43:21 Job was aborted.
	via condor_rm (by user calzona_2046920)
...
000 (278950.000.000) 2025-01-24 09:49:00 Job submitted from host: <192.168.0.102:9618?addrs=192.168.0.102-9618&alias=submitter&noUDP&sock=schedd_2032_5c88>
...
014 (278950.000.001) 2025-01-24 09:49:08 Node 1 executing on host: <192.168.0.147:9618?addrs=192.168.0.147-9618&alias=node147.di.rm1&noUDP&sock=startd_1513_5ee1>
...
014 (278950.000.000) 2025-01-24 09:49:08 Node 0 executing on host: <192.168.0.109:9618?addrs=192.168.0.109-9618&alias=node109.di.rm1&noUDP&sock=startd_1627_90ad>
...
014 (278950.000.002) 2025-01-24 09:49:08 Node 2 executing on host: <192.168.0.109:9618?addrs=192.168.0.109-9618&alias=node109.di.rm1&noUDP&sock=startd_1627_90ad>
...
014 (278950.000.003) 2025-01-24 09:49:08 Node 3 executing on host: <192.168.0.109:9618?addrs=192.168.0.109-9618&alias=node109.di.rm1&noUDP&sock=startd_1627_90ad>
...
001 (278950.000.000) 2025-01-24 09:49:08 Job executing on host: MPI_job
...
008 (278950.000.000) 2025-01-24 09:49:10 Launching orted on Node 1 of 4
...
008 (278950.000.000) 2025-01-24 09:49:10 Launching orted on Node 0 of 4
...
008 (278950.000.000) 2025-01-24 09:49:10 Launching orted on Node 3 of 4
...
008 (278950.000.000) 2025-01-24 09:49:10 Launching orted on Node 2 of 4
...
008 (278950.000.000) 2025-01-24 09:50:23 orted exited on Node 2 of 4
...
008 (278950.000.000) 2025-01-24 09:50:23 orted exited on Node 0 of 4
...
008 (278950.000.000) 2025-01-24 09:50:23 orted exited on Node 1 of 4
...
008 (278950.000.000) 2025-01-24 09:50:23 orted exited on Node 3 of 4
...
015 (278950.000.001) 2025-01-24 09:50:23 Node 1 terminated.
	(1) Normal termination (return value 0)
		Usr 0 00:01:11, Sys 0 00:00:00  -  Run Remote Usage
		Usr 0 00:00:00, Sys 0 00:00:00  -  Run Local Usage
		Usr 0 00:01:11, Sys 0 00:00:00  -  Total Remote Usage
		Usr 0 00:00:00, Sys 0 00:00:00  -  Total Local Usage
	2165  -  Run Bytes Sent By Node
	33639  -  Run Bytes Received By Node
	2165  -  Total Bytes Sent By Node
	33639  -  Total Bytes Received By Node
...
015 (278950.000.002) 2025-01-24 09:50:23 Node 2 terminated.
	(1) Normal termination (return value 0)
		Usr 0 00:01:11, Sys 0 00:00:00  -  Run Remote Usage
		Usr 0 00:00:00, Sys 0 00:00:00  -  Run Local Usage
		Usr 0 00:01:11, Sys 0 00:00:00  -  Total Remote Usage
		Usr 0 00:00:00, Sys 0 00:00:00  -  Total Local Usage
	0  -  Run Bytes Sent By Node
	33639  -  Run Bytes Received By Node
	0  -  Total Bytes Sent By Node
	33639  -  Total Bytes Received By Node
...
015 (278950.000.000) 2025-01-24 09:50:23 Node 0 terminated.
	(1) Normal termination (return value 0)
		Usr 0 00:00:00, Sys 0 00:00:00  -  Run Remote Usage
		Usr 0 00:00:00, Sys 0 00:00:00  -  Run Local Usage
		Usr 0 00:00:00, Sys 0 00:00:00  -  Total Remote Usage
		Usr 0 00:00:00, Sys 0 00:00:00  -  Total Local Usage
	3261  -  Run Bytes Sent By Node
	33639  -  Run Bytes Received By Node
	3261  -  Total Bytes Sent By Node
	33639  -  Total Bytes Received By Node
...
005 (278950.000.000) 2025-01-24 09:50:23 Job terminated.
	(1) Normal termination (return value 0)
		Usr 0 00:03:33, Sys 0 00:00:00  -  Run Remote Usage
		Usr 0 00:00:00, Sys 0 00:00:00  -  Run Local Usage
		Usr 0 00:00:00, Sys 0 00:00:00  -  Total Remote Usage
		Usr 0 00:00:00, Sys 0 00:00:00  -  Total Local Usage
	5426  -  Run Bytes Sent By Job
	134556  -  Run Bytes Received By Job
	5426  -  Total Bytes Sent By Job
	134556  -  Total Bytes Received By Job
	Partitionable Resources :    Usage  Request Allocated 
	   Cpus                 :     0.01        1         1 
	   Disk (KB)            :    55          35    468160 
	   Memory (MB)          :   276          85     20480 

	Job terminated of its own accord at 2025-01-24T09:50:23Z with exit-code 0.
...
000 (287252.000.000) 2025-01-28 16:44:09 Job submitted from host: <192.168.0.102:9618?addrs=192.168.0.102-9618&alias=submitter&noUDP&sock=schedd_2032_5c88>
...
014 (287252.000.003) 2025-01-28 16:44:28 Node 3 executing on host: <192.168.0.113:9618?addrs=192.168.0.113-9618&alias=node113.di.rm1&noUDP&sock=startd_3668932_c305>
...
014 (287252.000.000) 2025-01-28 16:44:28 Node 0 executing on host: <192.168.0.139:9618?addrs=192.168.0.139-9618&alias=node139.di.rm1&noUDP&sock=startd_1966_1748>
...
014 (287252.000.002) 2025-01-28 16:44:28 Node 2 executing on host: <192.168.0.104:9618?addrs=192.168.0.104-9618&alias=node104.di.rm1&noUDP&sock=startd_1987_7ec5>
...
014 (287252.000.001) 2025-01-28 16:44:28 Node 1 executing on host: <192.168.0.124:9618?addrs=192.168.0.124-9618&alias=node124.di.rm1&noUDP&sock=startd_2143_7f8b>
...
001 (287252.000.000) 2025-01-28 16:44:28 Job executing on host: MPI_job
...
008 (287252.000.000) 2025-01-28 16:44:30 Launching orted on Node 3 of 4
...
008 (287252.000.000) 2025-01-28 16:44:30 Launching orted on Node 2 of 4
...
008 (287252.000.000) 2025-01-28 16:44:30 Launching orted on Node 0 of 4
...
008 (287252.000.000) 2025-01-28 16:44:30 Launching orted on Node 1 of 4
...
008 (287252.000.000) 2025-01-28 16:45:42 orted exited on Node 2 of 4
...
008 (287252.000.000) 2025-01-28 16:45:42 orted exited on Node 3 of 4
...
008 (287252.000.000) 2025-01-28 16:45:42 orted exited on Node 0 of 4
...
008 (287252.000.000) 2025-01-28 16:45:42 orted exited on Node 1 of 4
...
015 (287252.000.003) 2025-01-28 16:45:42 Node 3 terminated.
	(1) Normal termination (return value 0)
		Usr 0 00:01:11, Sys 0 00:00:01  -  Run Remote Usage
		Usr 0 00:00:00, Sys 0 00:00:00  -  Run Local Usage
		Usr 0 00:01:11, Sys 0 00:00:01  -  Total Remote Usage
		Usr 0 00:00:00, Sys 0 00:00:00  -  Total Local Usage
	2187  -  Run Bytes Sent By Node
	33591  -  Run Bytes Received By Node
	2187  -  Total Bytes Sent By Node
	33591  -  Total Bytes Received By Node
...
015 (287252.000.002) 2025-01-28 16:45:42 Node 2 terminated.
	(1) Normal termination (return value 0)
		Usr 0 00:01:10, Sys 0 00:00:01  -  Run Remote Usage
		Usr 0 00:00:00, Sys 0 00:00:00  -  Run Local Usage
		Usr 0 00:01:10, Sys 0 00:00:01  -  Total Remote Usage
		Usr 0 00:00:00, Sys 0 00:00:00  -  Total Local Usage
	2165  -  Run Bytes Sent By Node
	33591  -  Run Bytes Received By Node
	2165  -  Total Bytes Sent By Node
	33591  -  Total Bytes Received By Node
...
015 (287252.000.000) 2025-01-28 16:45:42 Node 0 terminated.
	(1) Normal termination (return value 0)
		Usr 0 00:00:00, Sys 0 00:00:00  -  Run Remote Usage
		Usr 0 00:00:00, Sys 0 00:00:00  -  Run Local Usage
		Usr 0 00:00:00, Sys 0 00:00:00  -  Total Remote Usage
		Usr 0 00:00:00, Sys 0 00:00:00  -  Total Local Usage
	3264  -  Run Bytes Sent By Node
	33591  -  Run Bytes Received By Node
	3264  -  Total Bytes Sent By Node
	33591  -  Total Bytes Received By Node
...
005 (287252.000.000) 2025-01-28 16:45:42 Job terminated.
	(1) Normal termination (return value 0)
		Usr 0 00:03:32, Sys 0 00:00:03  -  Run Remote Usage
		Usr 0 00:00:00, Sys 0 00:00:00  -  Run Local Usage
		Usr 0 00:00:00, Sys 0 00:00:00  -  Total Remote Usage
		Usr 0 00:00:00, Sys 0 00:00:00  -  Total Local Usage
	7616  -  Run Bytes Sent By Job
	134364  -  Run Bytes Received By Job
	7616  -  Total Bytes Sent By Job
	134364  -  Total Bytes Received By Job
	Partitionable Resources :    Usage  Request Allocated 
	   Cpus                 :     1.00        1         1 
	   Disk (KB)            :    56          35 105485806 
	   Memory (MB)          :   275         109    102400 

	Job terminated of its own accord at 2025-01-28T16:45:42Z with exit-code 0.
...
