000 (269744.000.000) 2025-01-21 23:00:41 Job submitted from host: <192.168.0.102:9618?addrs=192.168.0.102-9618&alias=submitter&noUDP&sock=schedd_2032_5c88>
...
001 (269744.000.000) 2025-01-21 23:01:02 Job executing on host: <192.168.0.109:9618?addrs=192.168.0.109-9618&alias=node109.di.rm1&noUDP&sock=startd_1627_90ad>
...
006 (269744.000.000) 2025-01-21 23:01:10 Image size of job updated: 395228
	385  -  MemoryUsage of job (MB)
	394040  -  ResidentSetSize of job (KB)
...
006 (269744.000.000) 2025-01-21 23:01:42 Image size of job updated: 1968536
	386  -  MemoryUsage of job (MB)
	394700  -  ResidentSetSize of job (KB)
...
004 (269744.000.000) 2025-01-21 23:01:42 Job was evicted.
	(0) CPU times
		Usr 0 00:00:40, Sys 0 00:00:00  -  Run Remote Usage
		Usr 0 00:00:00, Sys 0 00:00:00  -  Run Local Usage
	0  -  Run Bytes Sent By Job
	0  -  Run Bytes Received By Job
	Partitionable Resources :    Usage  Request Allocated 
	   Cpus                 :                 1         1 
	   Disk (KB)            :       27       27    468160 
	   Memory (MB)          :      386        1       128 
...
009 (269744.000.000) 2025-01-21 23:01:42 Job was aborted.
	via condor_rm (by user calzona_2046920)
...
000 (275898.000.000) 2025-01-24 03:24:45 Job submitted from host: <192.168.0.102:9618?addrs=192.168.0.102-9618&alias=submitter&noUDP&sock=schedd_2032_5c88>
...
001 (275898.000.000) 2025-01-24 03:25:04 Job executing on host: <192.168.0.151:9618?addrs=192.168.0.151-9618&alias=node151.di.rm1&noUDP&sock=startd_1528_a8cd>
...
006 (275898.000.000) 2025-01-24 03:25:13 Image size of job updated: 442068
	432  -  MemoryUsage of job (MB)
	442068  -  ResidentSetSize of job (KB)
...
006 (275898.000.000) 2025-01-24 03:26:46 Image size of job updated: 4912508
	432  -  MemoryUsage of job (MB)
	442068  -  ResidentSetSize of job (KB)
...
004 (275898.000.000) 2025-01-24 03:26:46 Job was evicted.
	(0) CPU times
		Usr 0 00:01:39, Sys 0 00:00:01  -  Run Remote Usage
		Usr 0 00:00:00, Sys 0 00:00:00  -  Run Local Usage
	0  -  Run Bytes Sent By Job
	0  -  Run Bytes Received By Job
	Partitionable Resources :    Usage  Request Allocated 
	   Cpus                 :                 1         1 
	   Disk (KB)            :       27       27    474791 
	   Memory (MB)          :      432        1       128 
...
009 (275898.000.000) 2025-01-24 03:26:46 Job was aborted.
	via condor_rm (by user calzona_2046920)
...
