000 (270244.000.000) 2025-01-21 23:37:15 Job submitted from host: <192.168.0.102:9618?addrs=192.168.0.102-9618&alias=submitter&noUDP&sock=schedd_2032_5c88>
...
001 (270244.000.000) 2025-01-21 23:37:34 Job executing on host: <192.168.0.149:9618?addrs=192.168.0.149-9618&alias=node149.di.rm1&noUDP&sock=startd_1551_6f7a>
...
006 (270244.000.000) 2025-01-21 23:37:43 Image size of job updated: 600400
	584  -  MemoryUsage of job (MB)
	597980  -  ResidentSetSize of job (KB)
...
006 (270244.000.000) 2025-01-21 23:38:16 Image size of job updated: 2679688
	585  -  MemoryUsage of job (MB)
	598904  -  ResidentSetSize of job (KB)
...
004 (270244.000.000) 2025-01-21 23:38:16 Job was evicted.
	(0) CPU times
		Usr 0 00:00:40, Sys 0 00:00:01  -  Run Remote Usage
		Usr 0 00:00:00, Sys 0 00:00:00  -  Run Local Usage
	0  -  Run Bytes Sent By Job
	0  -  Run Bytes Received By Job
	Partitionable Resources :    Usage  Request Allocated 
	   Cpus                 :                 1         1 
	   Disk (KB)            :       27       27    471944 
	   Memory (MB)          :      585        1       128 
...
009 (270244.000.000) 2025-01-21 23:38:16 Job was aborted.
	via condor_rm (by user calzona_2046920)
...
