000 (281385.000.000) 2025-01-25 19:59:18 Job submitted from host: <192.168.0.102:9618?addrs=192.168.0.102-9618&alias=submitter&noUDP&sock=schedd_2032_5c88>
...
014 (281385.000.001) 2025-01-25 19:59:27 Node 1 executing on host: <192.168.0.141:9618?addrs=192.168.0.141-9618&alias=node141.di.rm1&noUDP&sock=startd_2077_3a4b>
...
014 (281385.000.000) 2025-01-25 19:59:27 Node 0 executing on host: <192.168.0.120:9618?addrs=192.168.0.120-9618&alias=node120.di.rm1&noUDP&sock=startd_2096_4298>
...
014 (281385.000.002) 2025-01-25 19:59:27 Node 2 executing on host: <192.168.0.121:9618?addrs=192.168.0.121-9618&alias=node121.di.rm1&noUDP&sock=startd_2146_8e54>
...
014 (281385.000.003) 2025-01-25 19:59:27 Node 3 executing on host: <192.168.0.114:9618?addrs=192.168.0.114-9618&alias=node114.di.rm1&noUDP&sock=startd_2075_db1b>
...
014 (281385.000.004) 2025-01-25 19:59:27 Node 4 executing on host: <192.168.0.143:9618?addrs=192.168.0.143-9618&alias=node143.di.rm1&noUDP&sock=startd_2061_40c7>
...
014 (281385.000.005) 2025-01-25 19:59:27 Node 5 executing on host: <192.168.0.130:9618?addrs=192.168.0.130-9618&alias=node130.di.rm1&noUDP&sock=startd_2751195_838e>
...
014 (281385.000.006) 2025-01-25 19:59:27 Node 6 executing on host: <192.168.0.143:9618?addrs=192.168.0.143-9618&alias=node143.di.rm1&noUDP&sock=startd_2061_40c7>
...
014 (281385.000.007) 2025-01-25 19:59:27 Node 7 executing on host: <192.168.0.106:9618?addrs=192.168.0.106-9618&alias=node106.di.rm1&noUDP&sock=startd_1970_d5a9>
...
001 (281385.000.000) 2025-01-25 19:59:27 Job executing on host: MPI_job
...
008 (281385.000.000) 2025-01-25 19:59:29 Launching orted on Node 2 of 8
...
008 (281385.000.000) 2025-01-25 19:59:29 Launching orted on Node 1 of 8
...
008 (281385.000.000) 2025-01-25 19:59:29 Launching orted on Node 3 of 8
...
008 (281385.000.000) 2025-01-25 19:59:29 Launching orted on Node 0 of 8
...
008 (281385.000.000) 2025-01-25 19:59:29 Launching orted on Node 5 of 8
...
008 (281385.000.000) 2025-01-25 19:59:29 Launching orted on Node 7 of 8
...
008 (281385.000.000) 2025-01-25 19:59:29 Launching orted on Node 4 of 8
...
008 (281385.000.000) 2025-01-25 19:59:29 Launching orted on Node 6 of 8
...
008 (281385.000.000) 2025-01-25 20:00:04 orted exited on Node 7 of 8
...
008 (281385.000.000) 2025-01-25 20:00:04 orted exited on Node 5 of 8
...
008 (281385.000.000) 2025-01-25 20:00:04 orted exited on Node 2 of 8
...
008 (281385.000.000) 2025-01-25 20:00:04 orted exited on Node 0 of 8
...
008 (281385.000.000) 2025-01-25 20:00:04 orted exited on Node 1 of 8
...
008 (281385.000.000) 2025-01-25 20:00:04 orted exited on Node 3 of 8
...
008 (281385.000.000) 2025-01-25 20:00:04 orted exited on Node 6 of 8
...
008 (281385.000.000) 2025-01-25 20:00:04 orted exited on Node 4 of 8
...
015 (281385.000.002) 2025-01-25 20:00:04 Node 2 terminated.
	(1) Normal termination (return value 0)
		Usr 0 00:00:34, Sys 0 00:00:00  -  Run Remote Usage
		Usr 0 00:00:00, Sys 0 00:00:00  -  Run Local Usage
		Usr 0 00:00:34, Sys 0 00:00:00  -  Total Remote Usage
		Usr 0 00:00:00, Sys 0 00:00:00  -  Total Local Usage
	2165  -  Run Bytes Sent By Node
	33639  -  Run Bytes Received By Node
	2165  -  Total Bytes Sent By Node
	33639  -  Total Bytes Received By Node
...
015 (281385.000.001) 2025-01-25 20:00:04 Node 1 terminated.
	(1) Normal termination (return value 0)
		Usr 0 00:00:33, Sys 0 00:00:00  -  Run Remote Usage
		Usr 0 00:00:00, Sys 0 00:00:00  -  Run Local Usage
		Usr 0 00:00:33, Sys 0 00:00:00  -  Total Remote Usage
		Usr 0 00:00:00, Sys 0 00:00:00  -  Total Local Usage
	2165  -  Run Bytes Sent By Node
	33639  -  Run Bytes Received By Node
	2165  -  Total Bytes Sent By Node
	33639  -  Total Bytes Received By Node
...
015 (281385.000.003) 2025-01-25 20:00:04 Node 3 terminated.
	(1) Normal termination (return value 0)
		Usr 0 00:00:33, Sys 0 00:00:00  -  Run Remote Usage
		Usr 0 00:00:00, Sys 0 00:00:00  -  Run Local Usage
		Usr 0 00:00:33, Sys 0 00:00:00  -  Total Remote Usage
		Usr 0 00:00:00, Sys 0 00:00:00  -  Total Local Usage
	2165  -  Run Bytes Sent By Node
	33639  -  Run Bytes Received By Node
	2165  -  Total Bytes Sent By Node
	33639  -  Total Bytes Received By Node
...
015 (281385.000.007) 2025-01-25 20:00:04 Node 7 terminated.
	(1) Normal termination (return value 0)
		Usr 0 00:00:34, Sys 0 00:00:00  -  Run Remote Usage
		Usr 0 00:00:00, Sys 0 00:00:00  -  Run Local Usage
		Usr 0 00:00:34, Sys 0 00:00:00  -  Total Remote Usage
		Usr 0 00:00:00, Sys 0 00:00:00  -  Total Local Usage
	2165  -  Run Bytes Sent By Node
	33639  -  Run Bytes Received By Node
	2165  -  Total Bytes Sent By Node
	33639  -  Total Bytes Received By Node
...
015 (281385.000.005) 2025-01-25 20:00:04 Node 5 terminated.
	(1) Normal termination (return value 0)
		Usr 0 00:00:34, Sys 0 00:00:00  -  Run Remote Usage
		Usr 0 00:00:00, Sys 0 00:00:00  -  Run Local Usage
		Usr 0 00:00:34, Sys 0 00:00:00  -  Total Remote Usage
		Usr 0 00:00:00, Sys 0 00:00:00  -  Total Local Usage
	2165  -  Run Bytes Sent By Node
	33639  -  Run Bytes Received By Node
	2165  -  Total Bytes Sent By Node
	33639  -  Total Bytes Received By Node
...
015 (281385.000.000) 2025-01-25 20:00:04 Node 0 terminated.
	(1) Normal termination (return value 0)
		Usr 0 00:00:00, Sys 0 00:00:01  -  Run Remote Usage
		Usr 0 00:00:00, Sys 0 00:00:00  -  Run Local Usage
		Usr 0 00:00:00, Sys 0 00:00:01  -  Total Remote Usage
		Usr 0 00:00:00, Sys 0 00:00:00  -  Total Local Usage
	3307  -  Run Bytes Sent By Node
	33639  -  Run Bytes Received By Node
	3307  -  Total Bytes Sent By Node
	33639  -  Total Bytes Received By Node
...
005 (281385.000.000) 2025-01-25 20:00:04 Job terminated.
	(1) Normal termination (return value 0)
		Usr 0 00:03:55, Sys 0 00:00:01  -  Run Remote Usage
		Usr 0 00:00:00, Sys 0 00:00:00  -  Run Local Usage
		Usr 0 00:00:00, Sys 0 00:00:01  -  Total Remote Usage
		Usr 0 00:00:00, Sys 0 00:00:00  -  Total Local Usage
	14132  -  Run Bytes Sent By Job
	269112  -  Run Bytes Received By Job
	14132  -  Total Bytes Sent By Job
	269112  -  Total Bytes Received By Job
	Partitionable Resources :    Usage  Request Allocated 
	   Cpus                 :                 1         1 
	   Disk (KB)            :       51       35    459052 
	   GPUs                 :                           0 
	   Memory (MB)          :       38       21     40960 

	Job terminated of its own accord at 2025-01-25T20:00:04Z with exit-code 0.
...
000 (288613.000.000) 2025-01-28 20:22:12 Job submitted from host: <192.168.0.102:9618?addrs=192.168.0.102-9618&alias=submitter&noUDP&sock=schedd_2032_5c88>
...
014 (288613.000.002) 2025-01-28 20:22:19 Node 2 executing on host: <192.168.0.146:9618?addrs=192.168.0.146-9618&alias=node146.di.rm1&noUDP&sock=startd_1984_6ffc>
...
014 (288613.000.006) 2025-01-28 20:22:19 Node 6 executing on host: <192.168.0.146:9618?addrs=192.168.0.146-9618&alias=node146.di.rm1&noUDP&sock=startd_1984_6ffc>
...
014 (288613.000.000) 2025-01-28 20:22:19 Node 0 executing on host: <192.168.0.110:9618?addrs=192.168.0.110-9618&alias=node110.di.rm1&noUDP&sock=startd_2185_4e86>
...
014 (288613.000.003) 2025-01-28 20:22:19 Node 3 executing on host: <192.168.0.111:9618?addrs=192.168.0.111-9618&alias=node111.di.rm1&noUDP&sock=startd_2044_97ab>
...
014 (288613.000.001) 2025-01-28 20:22:19 Node 1 executing on host: <192.168.0.140:9618?addrs=192.168.0.140-9618&alias=node140.di.rm1&noUDP&sock=startd_1890_f615>
...
014 (288613.000.007) 2025-01-28 20:22:19 Node 7 executing on host: <192.168.0.111:9618?addrs=192.168.0.111-9618&alias=node111.di.rm1&noUDP&sock=startd_2044_97ab>
...
014 (288613.000.005) 2025-01-28 20:22:19 Node 5 executing on host: <192.168.0.107:9618?addrs=192.168.0.107-9618&alias=node107.di.rm1&noUDP&sock=startd_1981_6134>
...
014 (288613.000.004) 2025-01-28 20:22:19 Node 4 executing on host: <192.168.0.121:9618?addrs=192.168.0.121-9618&alias=node121.di.rm1&noUDP&sock=startd_2146_8e54>
...
001 (288613.000.000) 2025-01-28 20:22:19 Job executing on host: MPI_job
...
008 (288613.000.000) 2025-01-28 20:22:21 Launching orted on Node 6 of 8
...
008 (288613.000.000) 2025-01-28 20:22:21 Launching orted on Node 2 of 8
...
008 (288613.000.000) 2025-01-28 20:22:21 Launching orted on Node 0 of 8
...
008 (288613.000.000) 2025-01-28 20:22:21 Launching orted on Node 3 of 8
...
008 (288613.000.000) 2025-01-28 20:22:21 Launching orted on Node 7 of 8
...
008 (288613.000.000) 2025-01-28 20:22:21 Launching orted on Node 1 of 8
...
008 (288613.000.000) 2025-01-28 20:22:21 Launching orted on Node 5 of 8
...
008 (288613.000.000) 2025-01-28 20:22:21 Launching orted on Node 4 of 8
...
008 (288613.000.000) 2025-01-28 20:22:55 orted exited on Node 3 of 8
...
008 (288613.000.000) 2025-01-28 20:22:55 orted exited on Node 1 of 8
...
008 (288613.000.000) 2025-01-28 20:22:55 orted exited on Node 7 of 8
...
008 (288613.000.000) 2025-01-28 20:22:55 orted exited on Node 5 of 8
...
008 (288613.000.000) 2025-01-28 20:22:55 orted exited on Node 6 of 8
...
008 (288613.000.000) 2025-01-28 20:22:55 orted exited on Node 0 of 8
...
008 (288613.000.000) 2025-01-28 20:22:55 orted exited on Node 2 of 8
...
008 (288613.000.000) 2025-01-28 20:22:55 orted exited on Node 4 of 8
...
015 (288613.000.001) 2025-01-28 20:22:55 Node 1 terminated.
	(1) Normal termination (return value 0)
		Usr 0 00:00:34, Sys 0 00:00:01  -  Run Remote Usage
		Usr 0 00:00:00, Sys 0 00:00:00  -  Run Local Usage
		Usr 0 00:00:34, Sys 0 00:00:01  -  Total Remote Usage
		Usr 0 00:00:00, Sys 0 00:00:00  -  Total Local Usage
	2165  -  Run Bytes Sent By Node
	33631  -  Run Bytes Received By Node
	2165  -  Total Bytes Sent By Node
	33631  -  Total Bytes Received By Node
...
015 (288613.000.000) 2025-01-28 20:22:55 Node 0 terminated.
	(1) Normal termination (return value 0)
		Usr 0 00:00:00, Sys 0 00:00:00  -  Run Remote Usage
		Usr 0 00:00:00, Sys 0 00:00:00  -  Run Local Usage
		Usr 0 00:00:00, Sys 0 00:00:00  -  Total Remote Usage
		Usr 0 00:00:00, Sys 0 00:00:00  -  Total Local Usage
	3304  -  Run Bytes Sent By Node
	33631  -  Run Bytes Received By Node
	3304  -  Total Bytes Sent By Node
	33631  -  Total Bytes Received By Node
...
005 (288613.000.000) 2025-01-28 20:22:55 Job terminated.
	(1) Normal termination (return value 0)
		Usr 0 00:03:52, Sys 0 00:00:03  -  Run Remote Usage
		Usr 0 00:00:00, Sys 0 00:00:00  -  Run Local Usage
		Usr 0 00:00:00, Sys 0 00:00:00  -  Total Remote Usage
		Usr 0 00:00:00, Sys 0 00:00:00  -  Total Local Usage
	5469  -  Run Bytes Sent By Job
	269048  -  Run Bytes Received By Job
	5469  -  Total Bytes Sent By Job
	269048  -  Total Bytes Received By Job
	Partitionable Resources :    Usage  Request Allocated 
	   Cpus                 :     0.02        1         2 
	   Disk (KB)            :    58          35 102979030 
	   GPUs                 :                           0 
	   Memory (MB)          :    38          22    100096 

	Job terminated of its own accord at 2025-01-28T20:22:55Z with exit-code 0.
...
