000 (279553.000.000) 2025-01-24 10:57:42 Job submitted from host: <192.168.0.102:9618?addrs=192.168.0.102-9618&alias=submitter&noUDP&sock=schedd_2032_5c88>
...
014 (279553.000.003) 2025-01-24 10:57:52 Node 3 executing on host: <192.168.0.147:9618?addrs=192.168.0.147-9618&alias=node147.di.rm1&noUDP&sock=startd_1513_5ee1>
...
014 (279553.000.000) 2025-01-24 10:57:52 Node 0 executing on host: <192.168.0.146:9618?addrs=192.168.0.146-9618&alias=node146.di.rm1&noUDP&sock=startd_1984_6ffc>
...
014 (279553.000.001) 2025-01-24 10:57:52 Node 1 executing on host: <192.168.0.141:9618?addrs=192.168.0.141-9618&alias=node141.di.rm1&noUDP&sock=startd_2077_3a4b>
...
014 (279553.000.002) 2025-01-24 10:57:52 Node 2 executing on host: <192.168.0.120:9618?addrs=192.168.0.120-9618&alias=node120.di.rm1&noUDP&sock=startd_2096_4298>
...
014 (279553.000.004) 2025-01-24 10:57:52 Node 4 executing on host: <192.168.0.147:9618?addrs=192.168.0.147-9618&alias=node147.di.rm1&noUDP&sock=startd_1513_5ee1>
...
014 (279553.000.006) 2025-01-24 10:57:52 Node 6 executing on host: <192.168.0.145:9618?addrs=192.168.0.145-9618&alias=node145.di.rm1&noUDP&sock=startd_1869_8e98>
...
014 (279553.000.007) 2025-01-24 10:57:52 Node 7 executing on host: <192.168.0.147:9618?addrs=192.168.0.147-9618&alias=node147.di.rm1&noUDP&sock=startd_1513_5ee1>
...
014 (279553.000.005) 2025-01-24 10:57:53 Node 5 executing on host: <192.168.0.142:9618?addrs=192.168.0.142-9618&alias=node142.di.rm1&noUDP&sock=startd_1996_ab1f>
...
001 (279553.000.000) 2025-01-24 10:57:53 Job executing on host: MPI_job
...
008 (279553.000.000) 2025-01-24 10:57:54 Launching orted on Node 0 of 8
...
008 (279553.000.000) 2025-01-24 10:57:54 Launching orted on Node 1 of 8
...
008 (279553.000.000) 2025-01-24 10:57:54 Launching orted on Node 4 of 8
...
008 (279553.000.000) 2025-01-24 10:57:54 Launching orted on Node 3 of 8
...
008 (279553.000.000) 2025-01-24 10:57:54 Launching orted on Node 7 of 8
...
008 (279553.000.000) 2025-01-24 10:57:54 Launching orted on Node 2 of 8
...
008 (279553.000.000) 2025-01-24 10:57:54 Launching orted on Node 6 of 8
...
008 (279553.000.000) 2025-01-24 10:57:55 Launching orted on Node 5 of 8
...
008 (279553.000.000) 2025-01-24 10:58:41 orted exited on Node 0 of 8
...
008 (279553.000.000) 2025-01-24 10:58:41 orted exited on Node 1 of 8
...
008 (279553.000.000) 2025-01-24 10:58:41 orted exited on Node 2 of 8
...
008 (279553.000.000) 2025-01-24 10:58:41 orted exited on Node 4 of 8
...
008 (279553.000.000) 2025-01-24 10:58:41 orted exited on Node 5 of 8
...
008 (279553.000.000) 2025-01-24 10:58:41 orted exited on Node 3 of 8
...
008 (279553.000.000) 2025-01-24 10:58:41 orted exited on Node 6 of 8
...
008 (279553.000.000) 2025-01-24 10:58:41 orted exited on Node 7 of 8
...
015 (279553.000.001) 2025-01-24 10:58:41 Node 1 terminated.
	(1) Normal termination (return value 0)
		Usr 0 00:00:43, Sys 0 00:00:02  -  Run Remote Usage
		Usr 0 00:00:00, Sys 0 00:00:00  -  Run Local Usage
		Usr 0 00:00:43, Sys 0 00:00:02  -  Total Remote Usage
		Usr 0 00:00:00, Sys 0 00:00:00  -  Total Local Usage
	2165  -  Run Bytes Sent By Node
	33639  -  Run Bytes Received By Node
	2165  -  Total Bytes Sent By Node
	33639  -  Total Bytes Received By Node
...
015 (279553.000.000) 2025-01-24 10:58:41 Node 0 terminated.
	(1) Normal termination (return value 0)
		Usr 0 00:00:05, Sys 0 00:00:01  -  Run Remote Usage
		Usr 0 00:00:00, Sys 0 00:00:00  -  Run Local Usage
		Usr 0 00:00:05, Sys 0 00:00:01  -  Total Remote Usage
		Usr 0 00:00:00, Sys 0 00:00:00  -  Total Local Usage
	3260  -  Run Bytes Sent By Node
	33639  -  Run Bytes Received By Node
	3260  -  Total Bytes Sent By Node
	33639  -  Total Bytes Received By Node
...
005 (279553.000.000) 2025-01-24 10:58:42 Job terminated.
	(1) Normal termination (return value 0)
		Usr 0 00:05:07, Sys 0 00:00:15  -  Run Remote Usage
		Usr 0 00:00:00, Sys 0 00:00:00  -  Run Local Usage
		Usr 0 00:00:05, Sys 0 00:00:01  -  Total Remote Usage
		Usr 0 00:00:00, Sys 0 00:00:00  -  Total Local Usage
	5425  -  Run Bytes Sent By Job
	269112  -  Run Bytes Received By Job
	5425  -  Total Bytes Sent By Job
	269112  -  Total Bytes Received By Job
	Partitionable Resources :    Usage  Request Allocated 
	   Cpus                 :     1.00        1         1 
	   Disk (KB)            :    56          35    466414 
	   Memory (MB)          :   276           0     20480 

	Job terminated of its own accord at 2025-01-24T10:58:41Z with exit-code 0.
...
