000 (270400.000.000) 2025-01-21 23:49:19 Job submitted from host: <192.168.0.102:9618?addrs=192.168.0.102-9618&alias=submitter&noUDP&sock=schedd_2032_5c88>
...
001 (270400.000.000) 2025-01-21 23:49:22 Job executing on host: <192.168.0.151:9618?addrs=192.168.0.151-9618&alias=node151.di.rm1&noUDP&sock=startd_1528_a8cd>
...
006 (270400.000.000) 2025-01-21 23:49:32 Image size of job updated: 430848
	421  -  MemoryUsage of job (MB)
	430848  -  ResidentSetSize of job (KB)
...
006 (270400.000.000) 2025-01-21 23:50:22 Image size of job updated: 2605812
	424  -  MemoryUsage of job (MB)
	433224  -  ResidentSetSize of job (KB)
...
004 (270400.000.000) 2025-01-21 23:50:22 Job was evicted.
	(0) CPU times
		Usr 0 00:00:55, Sys 0 00:00:01  -  Run Remote Usage
		Usr 0 00:00:00, Sys 0 00:00:00  -  Run Local Usage
	0  -  Run Bytes Sent By Job
	0  -  Run Bytes Received By Job
	Partitionable Resources :    Usage  Request Allocated 
	   Cpus                 :                 1         1 
	   Disk (KB)            :       27       27    474791 
	   Memory (MB)          :      424        1       128 
...
009 (270400.000.000) 2025-01-21 23:50:22 Job was aborted.
	via condor_rm (by user calzona_2046920)
...
000 (276554.000.000) 2025-01-24 04:46:11 Job submitted from host: <192.168.0.102:9618?addrs=192.168.0.102-9618&alias=submitter&noUDP&sock=schedd_2032_5c88>
...
001 (276554.000.000) 2025-01-24 04:46:13 Job executing on host: <192.168.0.122:9618?addrs=192.168.0.122-9618&alias=node122.di.rm1&noUDP&sock=startd_2134_5331>
...
006 (276554.000.000) 2025-01-24 04:46:22 Image size of job updated: 394212
	381  -  MemoryUsage of job (MB)
	390120  -  ResidentSetSize of job (KB)
...
006 (276554.000.000) 2025-01-24 04:48:13 Image size of job updated: 5634876
	381  -  MemoryUsage of job (MB)
	390120  -  ResidentSetSize of job (KB)
...
004 (276554.000.000) 2025-01-24 04:48:13 Job was evicted.
	(0) CPU times
		Usr 0 00:01:57, Sys 0 00:00:02  -  Run Remote Usage
		Usr 0 00:00:00, Sys 0 00:00:00  -  Run Local Usage
	0  -  Run Bytes Sent By Job
	0  -  Run Bytes Received By Job
	Partitionable Resources :    Usage  Request Allocated 
	   Cpus                 :     1.00        1         1 
	   Disk (KB)            :    27          27    499915 
	   Gpus (Average)       :                 0         0 
	   Memory (MB)          :   381           1       128 
...
009 (276554.000.000) 2025-01-24 04:48:13 Job was aborted.
	via condor_rm (by user calzona_2046920)
...
