000 (274187.000.000) 2025-01-23 11:40:36 Job submitted from host: <192.168.0.102:9618?addrs=192.168.0.102-9618&alias=submitter&noUDP&sock=schedd_2032_5c88>
...
014 (274187.000.001) 2025-01-23 11:40:43 Node 1 executing on host: <192.168.0.137:9618?addrs=192.168.0.137-9618&alias=node137.di.rm1&noUDP&sock=startd_1934_2440>
...
014 (274187.000.002) 2025-01-23 11:40:43 Node 2 executing on host: <192.168.0.146:9618?addrs=192.168.0.146-9618&alias=node146.di.rm1&noUDP&sock=startd_1984_6ffc>
...
014 (274187.000.000) 2025-01-23 11:40:43 Node 0 executing on host: <192.168.0.140:9618?addrs=192.168.0.140-9618&alias=node140.di.rm1&noUDP&sock=startd_1890_f615>
...
014 (274187.000.003) 2025-01-23 11:40:44 Node 3 executing on host: <192.168.0.141:9618?addrs=192.168.0.141-9618&alias=node141.di.rm1&noUDP&sock=startd_2077_3a4b>
...
001 (274187.000.000) 2025-01-23 11:40:44 Job executing on host: MPI_job
...
008 (274187.000.000) 2025-01-23 11:40:46 Launching orted on Node 1 of 4
...
008 (274187.000.000) 2025-01-23 11:40:46 Launching orted on Node 2 of 4
...
008 (274187.000.000) 2025-01-23 11:40:46 Launching orted on Node 0 of 4
...
008 (274187.000.000) 2025-01-23 11:40:46 Launching orted on Node 3 of 4
...
008 (274187.000.000) 2025-01-23 11:41:17 Node 0 caught SIGTERM, cleaning up mpirun
...
004 (274187.000.000) 2025-01-23 11:41:18 Job was evicted.
	(0) CPU times
		Usr 0 00:00:43, Sys 0 00:00:00  -  Run Remote Usage
		Usr 0 00:00:00, Sys 0 00:00:00  -  Run Local Usage
	0  -  Run Bytes Sent By Job
	134556  -  Run Bytes Received By Job
	Partitionable Resources :    Usage  Request Allocated 
	   Cpus                 :                 1         1 
	   Disk (KB)            :     8560       35    468367 
	   Memory (MB)          :       25     1598     40960 
...
009 (274187.000.000) 2025-01-23 11:41:18 Job was aborted.
	via condor_rm (by user calzona_2046920)
...
000 (278924.000.000) 2025-01-24 09:44:19 Job submitted from host: <192.168.0.102:9618?addrs=192.168.0.102-9618&alias=submitter&noUDP&sock=schedd_2032_5c88>
...
014 (278924.000.000) 2025-01-24 09:44:27 Node 0 executing on host: <192.168.0.147:9618?addrs=192.168.0.147-9618&alias=node147.di.rm1&noUDP&sock=startd_1513_5ee1>
...
014 (278924.000.002) 2025-01-24 09:44:27 Node 2 executing on host: <192.168.0.140:9618?addrs=192.168.0.140-9618&alias=node140.di.rm1&noUDP&sock=startd_1890_f615>
...
014 (278924.000.003) 2025-01-24 09:44:27 Node 3 executing on host: <192.168.0.111:9618?addrs=192.168.0.111-9618&alias=node111.di.rm1&noUDP&sock=startd_2044_97ab>
...
014 (278924.000.001) 2025-01-24 09:44:27 Node 1 executing on host: <192.168.0.106:9618?addrs=192.168.0.106-9618&alias=node106.di.rm1&noUDP&sock=startd_1970_d5a9>
...
001 (278924.000.000) 2025-01-24 09:44:27 Job executing on host: MPI_job
...
008 (278924.000.000) 2025-01-24 09:44:29 Launching orted on Node 0 of 4
...
008 (278924.000.000) 2025-01-24 09:44:29 Launching orted on Node 3 of 4
...
008 (278924.000.000) 2025-01-24 09:44:29 Launching orted on Node 2 of 4
...
008 (278924.000.000) 2025-01-24 09:44:29 Launching orted on Node 1 of 4
...
008 (278924.000.000) 2025-01-24 09:45:37 orted exited on Node 1 of 4
...
008 (278924.000.000) 2025-01-24 09:45:37 orted exited on Node 2 of 4
...
008 (278924.000.000) 2025-01-24 09:45:37 orted exited on Node 3 of 4
...
008 (278924.000.000) 2025-01-24 09:45:37 orted exited on Node 0 of 4
...
015 (278924.000.000) 2025-01-24 09:45:37 Node 0 terminated.
	(1) Normal termination (return value 0)
		Usr 0 00:00:06, Sys 0 00:00:00  -  Run Remote Usage
		Usr 0 00:00:00, Sys 0 00:00:00  -  Run Local Usage
		Usr 0 00:00:06, Sys 0 00:00:00  -  Total Remote Usage
		Usr 0 00:00:00, Sys 0 00:00:00  -  Total Local Usage
	3261  -  Run Bytes Sent By Node
	33639  -  Run Bytes Received By Node
	3261  -  Total Bytes Sent By Node
	33639  -  Total Bytes Received By Node
...
005 (278924.000.000) 2025-01-24 09:45:37 Job terminated.
	(1) Normal termination (return value 0)
		Usr 0 00:03:27, Sys 0 00:00:02  -  Run Remote Usage
		Usr 0 00:00:00, Sys 0 00:00:00  -  Run Local Usage
		Usr 0 00:00:06, Sys 0 00:00:00  -  Total Remote Usage
		Usr 0 00:00:00, Sys 0 00:00:00  -  Total Local Usage
	3261  -  Run Bytes Sent By Job
	134556  -  Run Bytes Received By Job
	3261  -  Total Bytes Sent By Job
	134556  -  Total Bytes Received By Job
	Partitionable Resources :    Usage  Request Allocated 
	   Cpus                 :     0.01        1         1 
	   Disk (KB)            :    55          35    469805 
	   Memory (MB)          :    26        3783     20480 

	Job terminated of its own accord at 2025-01-24T09:45:37Z with exit-code 0.
...
000 (287224.000.000) 2025-01-28 16:40:05 Job submitted from host: <192.168.0.102:9618?addrs=192.168.0.102-9618&alias=submitter&noUDP&sock=schedd_2032_5c88>
...
014 (287224.000.003) 2025-01-28 16:40:13 Node 3 executing on host: <192.168.0.137:9618?addrs=192.168.0.137-9618&alias=node137.di.rm1&noUDP&sock=startd_1934_2440>
...
014 (287224.000.001) 2025-01-28 16:40:13 Node 1 executing on host: <192.168.0.121:9618?addrs=192.168.0.121-9618&alias=node121.di.rm1&noUDP&sock=startd_2146_8e54>
...
014 (287224.000.002) 2025-01-28 16:40:13 Node 2 executing on host: <192.168.0.151:9618?addrs=192.168.0.151-9618&alias=node151.di.rm1&noUDP&sock=startd_1528_a8cd>
...
014 (287224.000.000) 2025-01-28 16:40:13 Node 0 executing on host: <192.168.0.120:9618?addrs=192.168.0.120-9618&alias=node120.di.rm1&noUDP&sock=startd_2096_4298>
...
001 (287224.000.000) 2025-01-28 16:40:13 Job executing on host: MPI_job
...
008 (287224.000.000) 2025-01-28 16:40:15 Launching orted on Node 3 of 4
...
008 (287224.000.000) 2025-01-28 16:40:15 Launching orted on Node 1 of 4
...
008 (287224.000.000) 2025-01-28 16:40:15 Launching orted on Node 2 of 4
...
008 (287224.000.000) 2025-01-28 16:40:15 Launching orted on Node 0 of 4
...
008 (287224.000.000) 2025-01-28 16:41:21 orted exited on Node 2 of 4
...
008 (287224.000.000) 2025-01-28 16:41:21 orted exited on Node 1 of 4
...
008 (287224.000.000) 2025-01-28 16:41:21 orted exited on Node 3 of 4
...
008 (287224.000.000) 2025-01-28 16:41:21 orted exited on Node 0 of 4
...
015 (287224.000.003) 2025-01-28 16:41:21 Node 3 terminated.
	(1) Normal termination (return value 0)
		Usr 0 00:01:04, Sys 0 00:00:01  -  Run Remote Usage
		Usr 0 00:00:00, Sys 0 00:00:00  -  Run Local Usage
		Usr 0 00:01:04, Sys 0 00:00:01  -  Total Remote Usage
		Usr 0 00:00:00, Sys 0 00:00:00  -  Total Local Usage
	2165  -  Run Bytes Sent By Node
	33591  -  Run Bytes Received By Node
	2165  -  Total Bytes Sent By Node
	33591  -  Total Bytes Received By Node
...
015 (287224.000.000) 2025-01-28 16:41:21 Node 0 terminated.
	(1) Normal termination (return value 0)
		Usr 0 00:00:00, Sys 0 00:00:01  -  Run Remote Usage
		Usr 0 00:00:00, Sys 0 00:00:00  -  Run Local Usage
		Usr 0 00:00:00, Sys 0 00:00:01  -  Total Remote Usage
		Usr 0 00:00:00, Sys 0 00:00:00  -  Total Local Usage
	3308  -  Run Bytes Sent By Node
	33591  -  Run Bytes Received By Node
	3308  -  Total Bytes Sent By Node
	33591  -  Total Bytes Received By Node
...
005 (287224.000.000) 2025-01-28 16:41:21 Job terminated.
	(1) Normal termination (return value 0)
		Usr 0 00:03:13, Sys 0 00:00:03  -  Run Remote Usage
		Usr 0 00:00:00, Sys 0 00:00:00  -  Run Local Usage
		Usr 0 00:00:00, Sys 0 00:00:01  -  Total Remote Usage
		Usr 0 00:00:00, Sys 0 00:00:00  -  Total Local Usage
	5473  -  Run Bytes Sent By Job
	134364  -  Run Bytes Received By Job
	5473  -  Total Bytes Sent By Job
	134364  -  Total Bytes Received By Job
	Partitionable Resources :    Usage  Request Allocated 
	   Cpus                 :     0.03        1         1 
	   Disk (KB)            :    58          35  21575424 
	   GPUs                 :     0                     1 
	   GpusMemory (MB)      :   349                       
	   Memory (MB)          :    29        4951     20480 

	Job terminated of its own accord at 2025-01-28T16:41:21Z with exit-code 0.
...
