000 (273202.000.000) 2025-01-23 10:46:32 Job submitted from host: <192.168.0.102:9618?addrs=192.168.0.102-9618&alias=submitter&noUDP&sock=schedd_2032_5c88>
...
014 (273202.000.000) 2025-01-23 10:47:00 Node 0 executing on host: <192.168.0.140:9618?addrs=192.168.0.140-9618&alias=node140.di.rm1&noUDP&sock=startd_1890_f615>
...
014 (273202.000.001) 2025-01-23 10:47:00 Node 1 executing on host: <192.168.0.116:9618?addrs=192.168.0.116-9618&alias=node116.di.rm1&noUDP&sock=startd_1847_7783>
...
001 (273202.000.000) 2025-01-23 10:47:00 Job executing on host: MPI_job
...
008 (273202.000.000) 2025-01-23 10:47:03 Launching orted on Node 1 of 2
...
008 (273202.000.000) 2025-01-23 10:47:03 Launching orted on Node 0 of 2
...
008 (273202.000.000) 2025-01-23 10:47:12 Node 0 caught SIGTERM, cleaning up mpirun
...
004 (273202.000.000) 2025-01-23 10:47:12 Job was evicted.
	(0) CPU times
		Usr 0 00:00:09, Sys 0 00:00:00  -  Run Remote Usage
		Usr 0 00:00:00, Sys 0 00:00:00  -  Run Local Usage
	0  -  Run Bytes Sent By Job
	67278  -  Run Bytes Received By Job
	Partitionable Resources :    Usage  Request Allocated 
	   Cpus                 :                 1         2 
	   Disk (KB)            :     8560       35 103040641 
	   Memory (MB)          :      314      367    100096 
...
009 (273202.000.000) 2025-01-23 10:47:12 Job was aborted.
	via condor_rm (by user calzona_2046920)
...
000 (277980.000.000) 2025-01-24 07:31:47 Job submitted from host: <192.168.0.102:9618?addrs=192.168.0.102-9618&alias=submitter&noUDP&sock=schedd_2032_5c88>
...
014 (277980.000.000) 2025-01-24 07:31:55 Node 0 executing on host: <192.168.0.149:9618?addrs=192.168.0.149-9618&alias=node149.di.rm1&noUDP&sock=startd_1551_6f7a>
...
014 (277980.000.001) 2025-01-24 07:31:55 Node 1 executing on host: <192.168.0.124:9618?addrs=192.168.0.124-9618&alias=node124.di.rm1&noUDP&sock=startd_2143_7f8b>
...
001 (277980.000.000) 2025-01-24 07:31:55 Job executing on host: MPI_job
...
008 (277980.000.000) 2025-01-24 07:31:57 Launching orted on Node 0 of 2
...
008 (277980.000.000) 2025-01-24 07:31:57 Launching orted on Node 1 of 2
...
008 (277980.000.000) 2025-01-24 07:32:12 orted exited on Node 1 of 2
...
008 (277980.000.000) 2025-01-24 07:32:12 orted exited on Node 0 of 2
...
015 (277980.000.000) 2025-01-24 07:32:12 Node 0 terminated.
	(1) Normal termination (return value 0)
		Usr 0 00:00:06, Sys 0 00:00:00  -  Run Remote Usage
		Usr 0 00:00:00, Sys 0 00:00:00  -  Run Local Usage
		Usr 0 00:00:06, Sys 0 00:00:00  -  Total Remote Usage
		Usr 0 00:00:00, Sys 0 00:00:00  -  Total Local Usage
	3258  -  Run Bytes Sent By Node
	33639  -  Run Bytes Received By Node
	3258  -  Total Bytes Sent By Node
	33639  -  Total Bytes Received By Node
...
005 (277980.000.000) 2025-01-24 07:32:12 Job terminated.
	(1) Normal termination (return value 0)
		Usr 0 00:00:20, Sys 0 00:00:00  -  Run Remote Usage
		Usr 0 00:00:00, Sys 0 00:00:00  -  Run Local Usage
		Usr 0 00:00:06, Sys 0 00:00:00  -  Total Remote Usage
		Usr 0 00:00:00, Sys 0 00:00:00  -  Total Local Usage
	3258  -  Run Bytes Sent By Job
	67278  -  Run Bytes Received By Job
	3258  -  Total Bytes Sent By Job
	67278  -  Total Bytes Received By Job
	Partitionable Resources :    Usage  Request Allocated 
	   Cpus                 :                 1         2 
	   Disk (KB)            :       49       35 102883670 
	   Memory (MB)          :      301      219    100096 

	Job terminated of its own accord at 2025-01-24T07:32:12Z with exit-code 0.
...
