000 (267964.000.000) 2025-01-21 21:07:13 Job submitted from host: <192.168.0.102:9618?addrs=192.168.0.102-9618&alias=submitter&noUDP&sock=schedd_2032_5c88>
...
001 (267964.000.000) 2025-01-21 21:07:14 Job executing on host: <192.168.0.137:9618?addrs=192.168.0.137-9618&alias=node137.di.rm1&noUDP&sock=startd_1934_2440>
...
006 (267964.000.000) 2025-01-21 21:07:23 Image size of job updated: 504372
	493  -  MemoryUsage of job (MB)
	504372  -  ResidentSetSize of job (KB)
...
006 (267964.000.000) 2025-01-21 21:07:54 Image size of job updated: 2320632
	493  -  MemoryUsage of job (MB)
	504504  -  ResidentSetSize of job (KB)
...
004 (267964.000.000) 2025-01-21 21:07:54 Job was evicted.
	(0) CPU times
		Usr 0 00:00:38, Sys 0 00:00:00  -  Run Remote Usage
		Usr 0 00:00:00, Sys 0 00:00:00  -  Run Local Usage
	0  -  Run Bytes Sent By Job
	0  -  Run Bytes Received By Job
	Partitionable Resources :    Usage  Request Allocated 
	   Cpus                 :                 1         1 
	   Disk (KB)            :       27       27    391050 
	   Memory (MB)          :      493        1       128 
...
009 (267964.000.000) 2025-01-21 21:07:54 Job was aborted.
	via condor_rm (by user calzona_2046920)
...
000 (269439.000.000) 2025-01-21 22:40:04 Job submitted from host: <192.168.0.102:9618?addrs=192.168.0.102-9618&alias=submitter&noUDP&sock=schedd_2032_5c88>
...
001 (269439.000.000) 2025-01-21 22:40:04 Job executing on host: <192.168.0.147:9618?addrs=192.168.0.147-9618&alias=node147.di.rm1&noUDP&sock=startd_1513_5ee1>
...
006 (269439.000.000) 2025-01-21 22:40:13 Image size of job updated: 1242852
	528  -  MemoryUsage of job (MB)
	540408  -  ResidentSetSize of job (KB)
...
006 (269439.000.000) 2025-01-21 22:41:05 Image size of job updated: 3617268
	529  -  MemoryUsage of job (MB)
	541464  -  ResidentSetSize of job (KB)
...
004 (269439.000.000) 2025-01-21 22:41:05 Job was evicted.
	(0) CPU times
		Usr 0 00:00:59, Sys 0 00:00:01  -  Run Remote Usage
		Usr 0 00:00:00, Sys 0 00:00:00  -  Run Local Usage
	0  -  Run Bytes Sent By Job
	0  -  Run Bytes Received By Job
	Partitionable Resources :    Usage  Request Allocated 
	   Cpus                 :     1.00        1         1 
	   Disk (KB)            :    27          27    469805 
	   Memory (MB)          :   529           1       128 
...
009 (269439.000.000) 2025-01-21 22:41:05 Job was aborted.
	via condor_rm (by user calzona_2046920)
...
000 (275594.000.000) 2025-01-24 02:50:23 Job submitted from host: <192.168.0.102:9618?addrs=192.168.0.102-9618&alias=submitter&noUDP&sock=schedd_2032_5c88>
...
001 (275594.000.000) 2025-01-24 02:50:23 Job executing on host: <192.168.0.148:9618?addrs=192.168.0.148-9618&alias=node148.di.rm1&noUDP&sock=startd_1547_b119>
...
006 (275594.000.000) 2025-01-24 02:50:32 Image size of job updated: 539484
	527  -  MemoryUsage of job (MB)
	539484  -  ResidentSetSize of job (KB)
...
006 (275594.000.000) 2025-01-24 02:52:25 Image size of job updated: 6650556
	527  -  MemoryUsage of job (MB)
	539484  -  ResidentSetSize of job (KB)
...
004 (275594.000.000) 2025-01-24 02:52:25 Job was evicted.
	(0) CPU times
		Usr 0 00:01:58, Sys 0 00:00:02  -  Run Remote Usage
		Usr 0 00:00:00, Sys 0 00:00:00  -  Run Local Usage
	0  -  Run Bytes Sent By Job
	0  -  Run Bytes Received By Job
	Partitionable Resources :    Usage  Request Allocated 
	   Cpus                 :     1.00        1         1 
	   Disk (KB)            :    27          27    467548 
	   Memory (MB)          :   527           1       128 
...
009 (275594.000.000) 2025-01-24 02:52:25 Job was aborted.
	via condor_rm (by user calzona_2046920)
...
