000 (262174.000.000) 2025-01-16 18:01:02 Job submitted from host: <192.168.0.102:9618?addrs=192.168.0.102-9618&alias=submitter&noUDP&sock=schedd_2032_5c88>
...
001 (262174.000.000) 2025-01-16 18:01:18 Job executing on host: <192.168.0.151:9618?addrs=192.168.0.151-9618&alias=node151.di.rm1&noUDP&sock=startd_1528_a8cd>
...
006 (262174.000.000) 2025-01-16 18:01:27 Image size of job updated: 1522956
	510  -  MemoryUsage of job (MB)
	521268  -  ResidentSetSize of job (KB)
...
006 (262174.000.000) 2025-01-16 18:06:28 Image size of job updated: 16914480
	16519  -  MemoryUsage of job (MB)
	16914480  -  ResidentSetSize of job (KB)
...
006 (262174.000.000) 2025-01-16 18:11:29 Image size of job updated: 19391412
	18912  -  MemoryUsage of job (MB)
	19365492  -  ResidentSetSize of job (KB)
...
004 (262174.000.000) 2025-01-16 18:16:24 Job was evicted.
	(0) CPU times
		Usr 0 01:19:45, Sys 0 00:00:15  -  Run Remote Usage
		Usr 0 00:00:00, Sys 0 00:00:00  -  Run Local Usage
	0  -  Run Bytes Sent By Job
	0  -  Run Bytes Received By Job
	Partitionable Resources :    Usage  Request Allocated 
	   Cpus                 :     7.98        1         1 
	   Disk (KB)            :    27          27    474791 
	   Memory (MB)          : 18912           1       128 
...
009 (262174.000.000) 2025-01-16 18:16:24 Job was aborted.
	via condor_rm (by user calzona_2046920)
...
