000 (270200.000.000) 2025-01-21 23:33:06 Job submitted from host: <192.168.0.102:9618?addrs=192.168.0.102-9618&alias=submitter&noUDP&sock=schedd_2032_5c88>
...
001 (270200.000.000) 2025-01-21 23:33:26 Job executing on host: <192.168.0.151:9618?addrs=192.168.0.151-9618&alias=node151.di.rm1&noUDP&sock=startd_1528_a8cd>
...
006 (270200.000.000) 2025-01-21 23:33:35 Image size of job updated: 472212
	462  -  MemoryUsage of job (MB)
	472212  -  ResidentSetSize of job (KB)
...
006 (270200.000.000) 2025-01-21 23:34:07 Image size of job updated: 617024
	462  -  MemoryUsage of job (MB)
	472476  -  ResidentSetSize of job (KB)
...
004 (270200.000.000) 2025-01-21 23:34:07 Job was evicted.
	(0) CPU times
		Usr 0 00:02:09, Sys 0 00:00:01  -  Run Remote Usage
		Usr 0 00:00:00, Sys 0 00:00:00  -  Run Local Usage
	0  -  Run Bytes Sent By Job
	0  -  Run Bytes Received By Job
	Partitionable Resources :    Usage  Request Allocated 
	   Cpus                 :                 1         1 
	   Disk (KB)            :       27       27    474791 
	   Memory (MB)          :      462        1       128 
...
009 (270200.000.000) 2025-01-21 23:34:08 Job was aborted.
	via condor_rm (by user calzona_2046920)
...
000 (276358.000.000) 2025-01-24 04:20:12 Job submitted from host: <192.168.0.102:9618?addrs=192.168.0.102-9618&alias=submitter&noUDP&sock=schedd_2032_5c88>
...
001 (276358.000.000) 2025-01-24 04:20:12 Job executing on host: <192.168.0.151:9618?addrs=192.168.0.151-9618&alias=node151.di.rm1&noUDP&sock=startd_1528_a8cd>
...
006 (276358.000.000) 2025-01-24 04:20:21 Image size of job updated: 480896
	470  -  MemoryUsage of job (MB)
	480368  -  ResidentSetSize of job (KB)
...
006 (276358.000.000) 2025-01-24 04:21:29 Image size of job updated: 617024
	470  -  MemoryUsage of job (MB)
	480368  -  ResidentSetSize of job (KB)
...
005 (276358.000.000) 2025-01-24 04:21:29 Job terminated.
	(1) Normal termination (return value 0)
		Usr 0 00:04:29, Sys 0 00:00:01  -  Run Remote Usage
		Usr 0 00:00:00, Sys 0 00:00:00  -  Run Local Usage
		Usr 0 00:04:29, Sys 0 00:00:01  -  Total Remote Usage
		Usr 0 00:00:00, Sys 0 00:00:00  -  Total Local Usage
	0  -  Run Bytes Sent By Job
	0  -  Run Bytes Received By Job
	0  -  Total Bytes Sent By Job
	0  -  Total Bytes Received By Job
	Partitionable Resources :    Usage  Request Allocated 
	   Cpus                 :                 1         1 
	   Disk (KB)            :       27       27    474791 
	   Memory (MB)          :      470        1       128 

	Job terminated of its own accord at 2025-01-24T04:21:29Z with exit-code 0.
...
