000 (281388.000.000) 2025-01-25 20:00:34 Job submitted from host: <192.168.0.102:9618?addrs=192.168.0.102-9618&alias=submitter&noUDP&sock=schedd_2032_5c88>
...
014 (281388.000.002) 2025-01-25 20:00:42 Node 2 executing on host: <192.168.0.141:9618?addrs=192.168.0.141-9618&alias=node141.di.rm1&noUDP&sock=startd_2077_3a4b>
...
014 (281388.000.003) 2025-01-25 20:00:42 Node 3 executing on host: <192.168.0.121:9618?addrs=192.168.0.121-9618&alias=node121.di.rm1&noUDP&sock=startd_2146_8e54>
...
014 (281388.000.000) 2025-01-25 20:00:42 Node 0 executing on host: <192.168.0.146:9618?addrs=192.168.0.146-9618&alias=node146.di.rm1&noUDP&sock=startd_1984_6ffc>
...
014 (281388.000.004) 2025-01-25 20:00:42 Node 4 executing on host: <192.168.0.114:9618?addrs=192.168.0.114-9618&alias=node114.di.rm1&noUDP&sock=startd_2075_db1b>
...
014 (281388.000.001) 2025-01-25 20:00:42 Node 1 executing on host: <192.168.0.143:9618?addrs=192.168.0.143-9618&alias=node143.di.rm1&noUDP&sock=startd_2061_40c7>
...
014 (281388.000.006) 2025-01-25 20:00:42 Node 6 executing on host: <192.168.0.114:9618?addrs=192.168.0.114-9618&alias=node114.di.rm1&noUDP&sock=startd_2075_db1b>
...
014 (281388.000.007) 2025-01-25 20:00:42 Node 7 executing on host: <192.168.0.111:9618?addrs=192.168.0.111-9618&alias=node111.di.rm1&noUDP&sock=startd_2044_97ab>
...
014 (281388.000.005) 2025-01-25 20:00:42 Node 5 executing on host: <192.168.0.130:9618?addrs=192.168.0.130-9618&alias=node130.di.rm1&noUDP&sock=startd_2751195_838e>
...
001 (281388.000.000) 2025-01-25 20:00:42 Job executing on host: MPI_job
...
008 (281388.000.000) 2025-01-25 20:00:44 Launching orted on Node 3 of 8
...
008 (281388.000.000) 2025-01-25 20:00:44 Launching orted on Node 0 of 8
...
008 (281388.000.000) 2025-01-25 20:00:44 Launching orted on Node 2 of 8
...
008 (281388.000.000) 2025-01-25 20:00:44 Launching orted on Node 4 of 8
...
008 (281388.000.000) 2025-01-25 20:00:44 Launching orted on Node 7 of 8
...
008 (281388.000.000) 2025-01-25 20:00:44 Launching orted on Node 6 of 8
...
008 (281388.000.000) 2025-01-25 20:00:44 Launching orted on Node 1 of 8
...
008 (281388.000.000) 2025-01-25 20:00:44 Launching orted on Node 5 of 8
...
008 (281388.000.000) 2025-01-25 20:01:20 orted exited on Node 6 of 8
...
008 (281388.000.000) 2025-01-25 20:01:20 orted exited on Node 5 of 8
...
008 (281388.000.000) 2025-01-25 20:01:20 orted exited on Node 7 of 8
...
008 (281388.000.000) 2025-01-25 20:01:20 orted exited on Node 0 of 8
...
008 (281388.000.000) 2025-01-25 20:01:20 orted exited on Node 1 of 8
...
008 (281388.000.000) 2025-01-25 20:01:20 orted exited on Node 3 of 8
...
008 (281388.000.000) 2025-01-25 20:01:20 orted exited on Node 2 of 8
...
008 (281388.000.000) 2025-01-25 20:01:20 orted exited on Node 4 of 8
...
015 (281388.000.007) 2025-01-25 20:01:20 Node 7 terminated.
	(1) Normal termination (return value 0)
		Usr 0 00:00:34, Sys 0 00:00:01  -  Run Remote Usage
		Usr 0 00:00:00, Sys 0 00:00:00  -  Run Local Usage
		Usr 0 00:00:34, Sys 0 00:00:01  -  Total Remote Usage
		Usr 0 00:00:00, Sys 0 00:00:00  -  Total Local Usage
	2187  -  Run Bytes Sent By Node
	33639  -  Run Bytes Received By Node
	2187  -  Total Bytes Sent By Node
	33639  -  Total Bytes Received By Node
...
015 (281388.000.003) 2025-01-25 20:01:20 Node 3 terminated.
	(1) Normal termination (return value 0)
		Usr 0 00:00:35, Sys 0 00:00:01  -  Run Remote Usage
		Usr 0 00:00:00, Sys 0 00:00:00  -  Run Local Usage
		Usr 0 00:00:35, Sys 0 00:00:01  -  Total Remote Usage
		Usr 0 00:00:00, Sys 0 00:00:00  -  Total Local Usage
	2165  -  Run Bytes Sent By Node
	33639  -  Run Bytes Received By Node
	2165  -  Total Bytes Sent By Node
	33639  -  Total Bytes Received By Node
...
015 (281388.000.000) 2025-01-25 20:01:20 Node 0 terminated.
	(1) Normal termination (return value 0)
		Usr 0 00:00:06, Sys 0 00:00:00  -  Run Remote Usage
		Usr 0 00:00:00, Sys 0 00:00:00  -  Run Local Usage
		Usr 0 00:00:06, Sys 0 00:00:00  -  Total Remote Usage
		Usr 0 00:00:00, Sys 0 00:00:00  -  Total Local Usage
	3264  -  Run Bytes Sent By Node
	33639  -  Run Bytes Received By Node
	3264  -  Total Bytes Sent By Node
	33639  -  Total Bytes Received By Node
...
015 (281388.000.002) 2025-01-25 20:01:20 Node 2 terminated.
	(1) Normal termination (return value 0)
		Usr 0 00:00:34, Sys 0 00:00:00  -  Run Remote Usage
		Usr 0 00:00:00, Sys 0 00:00:00  -  Run Local Usage
		Usr 0 00:00:34, Sys 0 00:00:00  -  Total Remote Usage
		Usr 0 00:00:00, Sys 0 00:00:00  -  Total Local Usage
	2165  -  Run Bytes Sent By Node
	33639  -  Run Bytes Received By Node
	2165  -  Total Bytes Sent By Node
	33639  -  Total Bytes Received By Node
...
005 (281388.000.000) 2025-01-25 20:01:20 Job terminated.
	(1) Normal termination (return value 0)
		Usr 0 00:04:07, Sys 0 00:00:03  -  Run Remote Usage
		Usr 0 00:00:00, Sys 0 00:00:00  -  Run Local Usage
		Usr 0 00:00:01, Sys 0 00:00:00  -  Total Remote Usage
		Usr 0 00:00:00, Sys 0 00:00:00  -  Total Local Usage
	9781  -  Run Bytes Sent By Job
	269112  -  Run Bytes Received By Job
	9781  -  Total Bytes Sent By Job
	269112  -  Total Bytes Received By Job
	Partitionable Resources :    Usage  Request Allocated 
	   Cpus                 :                 1         1 
	   Disk (KB)            :       50       35    466414 
	   Memory (MB)          :       84       36     40960 

	Job terminated of its own accord at 2025-01-25T20:01:20Z with exit-code 0.
...
