000 (271229.000.000) 2025-01-22 00:49:01 Job submitted from host: <192.168.0.102:9618?addrs=192.168.0.102-9618&alias=submitter&noUDP&sock=schedd_2032_5c88>
...
001 (271229.000.000) 2025-01-22 00:49:12 Job executing on host: <192.168.0.110:9618?addrs=192.168.0.110-9618&alias=node110.di.rm1&noUDP&sock=startd_2185_4e86>
...
006 (271229.000.000) 2025-01-22 00:49:21 Image size of job updated: 444444
	435  -  MemoryUsage of job (MB)
	444444  -  ResidentSetSize of job (KB)
...
006 (271229.000.000) 2025-01-22 00:49:24 Image size of job updated: 549384
	482  -  MemoryUsage of job (MB)
	493284  -  ResidentSetSize of job (KB)
...
005 (271229.000.000) 2025-01-22 00:49:25 Job terminated.
	(1) Normal termination (return value 0)
		Usr 0 00:00:20, Sys 0 00:00:00  -  Run Remote Usage
		Usr 0 00:00:00, Sys 0 00:00:00  -  Run Local Usage
		Usr 0 00:00:20, Sys 0 00:00:00  -  Total Remote Usage
		Usr 0 00:00:00, Sys 0 00:00:00  -  Total Local Usage
	0  -  Run Bytes Sent By Job
	0  -  Run Bytes Received By Job
	0  -  Total Bytes Sent By Job
	0  -  Total Bytes Received By Job
	Partitionable Resources :    Usage  Request Allocated 
	   Cpus                 :                 1         1 
	   Disk (KB)            :       27       27    468087 
	   Gpus (Average)       :                 0         0 
	   Memory (MB)          :      482        1       128 

	Job terminated of its own accord at 2025-01-22T00:49:24Z with exit-code 0.
...
000 (277383.000.000) 2025-01-24 06:25:25 Job submitted from host: <192.168.0.102:9618?addrs=192.168.0.102-9618&alias=submitter&noUDP&sock=schedd_2032_5c88>
...
001 (277383.000.000) 2025-01-24 06:25:41 Job executing on host: <192.168.0.121:9618?addrs=192.168.0.121-9618&alias=node121.di.rm1&noUDP&sock=startd_2146_8e54>
...
006 (277383.000.000) 2025-01-24 06:25:49 Image size of job updated: 449384
	435  -  MemoryUsage of job (MB)
	444536  -  ResidentSetSize of job (KB)
...
006 (277383.000.000) 2025-01-24 06:25:52 Image size of job updated: 606148
	435  -  MemoryUsage of job (MB)
	444536  -  ResidentSetSize of job (KB)
...
005 (277383.000.000) 2025-01-24 06:25:52 Job terminated.
	(1) Normal termination (return value 0)
		Usr 0 00:00:18, Sys 0 00:00:01  -  Run Remote Usage
		Usr 0 00:00:00, Sys 0 00:00:00  -  Run Local Usage
		Usr 0 00:00:18, Sys 0 00:00:01  -  Total Remote Usage
		Usr 0 00:00:00, Sys 0 00:00:00  -  Total Local Usage
	0  -  Run Bytes Sent By Job
	0  -  Run Bytes Received By Job
	0  -  Total Bytes Sent By Job
	0  -  Total Bytes Received By Job
	Partitionable Resources :    Usage  Request Allocated 
	   Cpus                 :                 1         1 
	   Disk (KB)            :       27       27    467232 
	   Memory (MB)          :      435        1       128 

	Job terminated of its own accord at 2025-01-24T06:25:52Z with exit-code 0.
...
