000 (273480.000.000) 2025-01-23 11:03:15 Job submitted from host: <192.168.0.102:9618?addrs=192.168.0.102-9618&alias=submitter&noUDP&sock=schedd_2032_5c88>
...
014 (273480.000.000) 2025-01-23 11:03:19 Node 0 executing on host: <192.168.0.141:9618?addrs=192.168.0.141-9618&alias=node141.di.rm1&noUDP&sock=startd_2077_3a4b>
...
014 (273480.000.001) 2025-01-23 11:03:19 Node 1 executing on host: <192.168.0.112:9618?addrs=192.168.0.112-9618&alias=node112.di.rm1&noUDP&sock=startd_2169_5502>
...
001 (273480.000.000) 2025-01-23 11:03:19 Job executing on host: MPI_job
...
008 (273480.000.000) 2025-01-23 11:03:21 Launching orted on Node 0 of 2
...
008 (273480.000.000) 2025-01-23 11:03:22 Launching orted on Node 1 of 2
...
008 (273480.000.000) 2025-01-23 11:03:31 orted exited on Node 0 of 2
...
008 (273480.000.000) 2025-01-23 11:03:31 orted exited on Node 1 of 2
...
015 (273480.000.000) 2025-01-23 11:03:31 Node 0 terminated.
	(1) Normal termination (return value 0)
		Usr 0 00:00:05, Sys 0 00:00:00  -  Run Remote Usage
		Usr 0 00:00:00, Sys 0 00:00:00  -  Run Local Usage
		Usr 0 00:00:05, Sys 0 00:00:00  -  Total Remote Usage
		Usr 0 00:00:00, Sys 0 00:00:00  -  Total Local Usage
	3256  -  Run Bytes Sent By Node
	33639  -  Run Bytes Received By Node
	3256  -  Total Bytes Sent By Node
	33639  -  Total Bytes Received By Node
...
005 (273480.000.000) 2025-01-23 11:03:31 Job terminated.
	(1) Normal termination (return value 0)
		Usr 0 00:00:10, Sys 0 00:00:00  -  Run Remote Usage
		Usr 0 00:00:00, Sys 0 00:00:00  -  Run Local Usage
		Usr 0 00:00:05, Sys 0 00:00:00  -  Total Remote Usage
		Usr 0 00:00:00, Sys 0 00:00:00  -  Total Local Usage
	3256  -  Run Bytes Sent By Job
	67278  -  Run Bytes Received By Job
	3256  -  Total Bytes Sent By Job
	67278  -  Total Bytes Received By Job
	Partitionable Resources :    Usage  Request Allocated 
	   Cpus                 :                 1         2 
	   Disk (KB)            :       49       35 103002119 
	   Memory (MB)          :      253     1260    100096 

	Job terminated of its own accord at 2025-01-23T11:03:31Z with exit-code 0.
...
