000 (262846.000.000) 2025-01-17 11:14:22 Job submitted from host: <192.168.0.102:9618?addrs=192.168.0.102-9618&alias=submitter&noUDP&sock=schedd_2032_5c88>
...
001 (262846.000.000) 2025-01-17 11:14:34 Job executing on host: <192.168.0.143:9618?addrs=192.168.0.143-9618&alias=node143.di.rm1&noUDP&sock=startd_2061_40c7>
...
006 (262846.000.000) 2025-01-17 11:14:43 Image size of job updated: 845564
	804  -  MemoryUsage of job (MB)
	822756  -  ResidentSetSize of job (KB)
...
006 (262846.000.000) 2025-01-17 11:19:44 Image size of job updated: 2185980
	2131  -  MemoryUsage of job (MB)
	2181992  -  ResidentSetSize of job (KB)
...
004 (262846.000.000) 2025-01-17 11:20:12 Job was evicted.
	(0) CPU times
		Usr 0 00:05:35, Sys 0 00:00:02  -  Run Remote Usage
		Usr 0 00:00:00, Sys 0 00:00:00  -  Run Local Usage
	0  -  Run Bytes Sent By Job
	0  -  Run Bytes Received By Job
	Partitionable Resources :    Usage  Request Allocated 
	   Cpus                 :     1.00        1         1 
	   Disk (KB)            :    27          27    459633 
	   Memory (MB)          :  2131           1       128 
...
009 (262846.000.000) 2025-01-17 11:20:12 Job was aborted.
	via condor_rm (by user calzona_2046920)
...
