000 (270681.000.000) 2025-01-22 00:10:18 Job submitted from host: <192.168.0.102:9618?addrs=192.168.0.102-9618&alias=submitter&noUDP&sock=schedd_2032_5c88>
...
001 (270681.000.000) 2025-01-22 00:10:37 Job executing on host: <192.168.0.147:9618?addrs=192.168.0.147-9618&alias=node147.di.rm1&noUDP&sock=startd_1513_5ee1>
...
006 (270681.000.000) 2025-01-22 00:10:45 Image size of job updated: 450648
	441  -  MemoryUsage of job (MB)
	450648  -  ResidentSetSize of job (KB)
...
006 (270681.000.000) 2025-01-22 00:11:19 Image size of job updated: 3108540
	441  -  MemoryUsage of job (MB)
	451308  -  ResidentSetSize of job (KB)
...
004 (270681.000.000) 2025-01-22 00:11:19 Job was evicted.
	(0) CPU times
		Usr 0 00:00:41, Sys 0 00:00:00  -  Run Remote Usage
		Usr 0 00:00:00, Sys 0 00:00:00  -  Run Local Usage
	0  -  Run Bytes Sent By Job
	0  -  Run Bytes Received By Job
	Partitionable Resources :    Usage  Request Allocated 
	   Cpus                 :     1.00        1         1 
	   Disk (KB)            :    27          27    469805 
	   Memory (MB)          :   441           1       128 
...
009 (270681.000.000) 2025-01-22 00:11:19 Job was aborted.
	via condor_rm (by user calzona_2046920)
...
