000 (273958.000.000) 2025-01-23 11:28:32 Job submitted from host: <192.168.0.102:9618?addrs=192.168.0.102-9618&alias=submitter&noUDP&sock=schedd_2032_5c88>
...
014 (273958.000.001) 2025-01-23 11:28:39 Node 1 executing on host: <192.168.0.137:9618?addrs=192.168.0.137-9618&alias=node137.di.rm1&noUDP&sock=startd_1934_2440>
...
014 (273958.000.003) 2025-01-23 11:28:39 Node 3 executing on host: <192.168.0.147:9618?addrs=192.168.0.147-9618&alias=node147.di.rm1&noUDP&sock=startd_1513_5ee1>
...
014 (273958.000.002) 2025-01-23 11:28:39 Node 2 executing on host: <192.168.0.132:9618?addrs=192.168.0.132-9618&alias=node132.di.rm1&noUDP&sock=startd_1999_b9e8>
...
014 (273958.000.000) 2025-01-23 11:28:39 Node 0 executing on host: <192.168.0.106:9618?addrs=192.168.0.106-9618&alias=node106.di.rm1&noUDP&sock=startd_1970_d5a9>
...
001 (273958.000.000) 2025-01-23 11:28:39 Job executing on host: MPI_job
...
008 (273958.000.000) 2025-01-23 11:28:41 Launching orted on Node 1 of 4
...
008 (273958.000.000) 2025-01-23 11:28:41 Launching orted on Node 3 of 4
...
008 (273958.000.000) 2025-01-23 11:28:41 Launching orted on Node 2 of 4
...
008 (273958.000.000) 2025-01-23 11:28:41 Launching orted on Node 0 of 4
...
008 (273958.000.000) 2025-01-23 11:28:50 orted exited on Node 2 of 4
...
008 (273958.000.000) 2025-01-23 11:28:50 orted exited on Node 1 of 4
...
008 (273958.000.000) 2025-01-23 11:28:50 orted exited on Node 0 of 4
...
008 (273958.000.000) 2025-01-23 11:28:50 orted exited on Node 3 of 4
...
015 (273958.000.003) 2025-01-23 11:28:50 Node 3 terminated.
	(1) Normal termination (return value 0)
		Usr 0 00:00:08, Sys 0 00:00:00  -  Run Remote Usage
		Usr 0 00:00:00, Sys 0 00:00:00  -  Run Local Usage
		Usr 0 00:00:08, Sys 0 00:00:00  -  Total Remote Usage
		Usr 0 00:00:00, Sys 0 00:00:00  -  Total Local Usage
	2165  -  Run Bytes Sent By Node
	33639  -  Run Bytes Received By Node
	2165  -  Total Bytes Sent By Node
	33639  -  Total Bytes Received By Node
...
015 (273958.000.001) 2025-01-23 11:28:50 Node 1 terminated.
	(1) Normal termination (return value 0)
		Usr 0 00:00:08, Sys 0 00:00:00  -  Run Remote Usage
		Usr 0 00:00:00, Sys 0 00:00:00  -  Run Local Usage
		Usr 0 00:00:08, Sys 0 00:00:00  -  Total Remote Usage
		Usr 0 00:00:00, Sys 0 00:00:00  -  Total Local Usage
	2165  -  Run Bytes Sent By Node
	33639  -  Run Bytes Received By Node
	2165  -  Total Bytes Sent By Node
	33639  -  Total Bytes Received By Node
...
015 (273958.000.000) 2025-01-23 11:28:50 Node 0 terminated.
	(1) Normal termination (return value 0)
		Usr 0 00:00:00, Sys 0 00:00:00  -  Run Remote Usage
		Usr 0 00:00:00, Sys 0 00:00:00  -  Run Local Usage
		Usr 0 00:00:00, Sys 0 00:00:00  -  Total Remote Usage
		Usr 0 00:00:00, Sys 0 00:00:00  -  Total Local Usage
	3263  -  Run Bytes Sent By Node
	33639  -  Run Bytes Received By Node
	3263  -  Total Bytes Sent By Node
	33639  -  Total Bytes Received By Node
...
005 (273958.000.000) 2025-01-23 11:28:50 Job terminated.
	(1) Normal termination (return value 0)
		Usr 0 00:00:24, Sys 0 00:00:00  -  Run Remote Usage
		Usr 0 00:00:00, Sys 0 00:00:00  -  Run Local Usage
		Usr 0 00:00:00, Sys 0 00:00:00  -  Total Remote Usage
		Usr 0 00:00:00, Sys 0 00:00:00  -  Total Local Usage
	7593  -  Run Bytes Sent By Job
	134556  -  Run Bytes Received By Job
	7593  -  Total Bytes Sent By Job
	134556  -  Total Bytes Received By Job
	Partitionable Resources :    Usage  Request Allocated 
	   Cpus                 :                 1         1 
	   Disk (KB)            :       49       35    468979 
	   Memory (MB)          :      315        0     40960 

	Job terminated of its own accord at 2025-01-23T11:28:50Z with exit-code 0.
...
000 (278704.000.000) 2025-01-24 09:18:29 Job submitted from host: <192.168.0.102:9618?addrs=192.168.0.102-9618&alias=submitter&noUDP&sock=schedd_2032_5c88>
...
014 (278704.000.001) 2025-01-24 09:18:33 Node 1 executing on host: <192.168.0.121:9618?addrs=192.168.0.121-9618&alias=node121.di.rm1&noUDP&sock=startd_2146_8e54>
...
014 (278704.000.002) 2025-01-24 09:18:33 Node 2 executing on host: <192.168.0.151:9618?addrs=192.168.0.151-9618&alias=node151.di.rm1&noUDP&sock=startd_1528_a8cd>
...
014 (278704.000.003) 2025-01-24 09:18:33 Node 3 executing on host: <192.168.0.107:9618?addrs=192.168.0.107-9618&alias=node107.di.rm1&noUDP&sock=startd_1981_6134>
...
014 (278704.000.000) 2025-01-24 09:18:33 Node 0 executing on host: <192.168.0.141:9618?addrs=192.168.0.141-9618&alias=node141.di.rm1&noUDP&sock=startd_2077_3a4b>
...
001 (278704.000.000) 2025-01-24 09:18:33 Job executing on host: MPI_job
...
008 (278704.000.000) 2025-01-24 09:18:35 Launching orted on Node 1 of 4
...
008 (278704.000.000) 2025-01-24 09:18:35 Launching orted on Node 3 of 4
...
008 (278704.000.000) 2025-01-24 09:18:35 Launching orted on Node 2 of 4
...
008 (278704.000.000) 2025-01-24 09:18:35 Launching orted on Node 0 of 4
...
008 (278704.000.000) 2025-01-24 09:18:44 orted exited on Node 2 of 4
...
008 (278704.000.000) 2025-01-24 09:18:44 orted exited on Node 3 of 4
...
008 (278704.000.000) 2025-01-24 09:18:44 orted exited on Node 0 of 4
...
008 (278704.000.000) 2025-01-24 09:18:44 orted exited on Node 1 of 4
...
015 (278704.000.001) 2025-01-24 09:18:44 Node 1 terminated.
	(1) Normal termination (return value 0)
		Usr 0 00:00:07, Sys 0 00:00:01  -  Run Remote Usage
		Usr 0 00:00:00, Sys 0 00:00:00  -  Run Local Usage
		Usr 0 00:00:07, Sys 0 00:00:01  -  Total Remote Usage
		Usr 0 00:00:00, Sys 0 00:00:00  -  Total Local Usage
	2165  -  Run Bytes Sent By Node
	33639  -  Run Bytes Received By Node
	2165  -  Total Bytes Sent By Node
	33639  -  Total Bytes Received By Node
...
015 (278704.000.003) 2025-01-24 09:18:44 Node 3 terminated.
	(1) Normal termination (return value 0)
		Usr 0 00:00:08, Sys 0 00:00:01  -  Run Remote Usage
		Usr 0 00:00:00, Sys 0 00:00:00  -  Run Local Usage
		Usr 0 00:00:08, Sys 0 00:00:01  -  Total Remote Usage
		Usr 0 00:00:00, Sys 0 00:00:00  -  Total Local Usage
	2165  -  Run Bytes Sent By Node
	33639  -  Run Bytes Received By Node
	2165  -  Total Bytes Sent By Node
	33639  -  Total Bytes Received By Node
...
015 (278704.000.002) 2025-01-24 09:18:44 Node 2 terminated.
	(1) Normal termination (return value 0)
		Usr 0 00:00:07, Sys 0 00:00:00  -  Run Remote Usage
		Usr 0 00:00:00, Sys 0 00:00:00  -  Run Local Usage
		Usr 0 00:00:07, Sys 0 00:00:00  -  Total Remote Usage
		Usr 0 00:00:00, Sys 0 00:00:00  -  Total Local Usage
	2165  -  Run Bytes Sent By Node
	33639  -  Run Bytes Received By Node
	2165  -  Total Bytes Sent By Node
	33639  -  Total Bytes Received By Node
...
015 (278704.000.000) 2025-01-24 09:18:44 Node 0 terminated.
	(1) Normal termination (return value 0)
		Usr 0 00:00:00, Sys 0 00:00:00  -  Run Remote Usage
		Usr 0 00:00:00, Sys 0 00:00:00  -  Run Local Usage
		Usr 0 00:00:00, Sys 0 00:00:00  -  Total Remote Usage
		Usr 0 00:00:00, Sys 0 00:00:00  -  Total Local Usage
	3263  -  Run Bytes Sent By Node
	33639  -  Run Bytes Received By Node
	3263  -  Total Bytes Sent By Node
	33639  -  Total Bytes Received By Node
...
005 (278704.000.000) 2025-01-24 09:18:44 Job terminated.
	(1) Normal termination (return value 0)
		Usr 0 00:00:22, Sys 0 00:00:02  -  Run Remote Usage
		Usr 0 00:00:00, Sys 0 00:00:00  -  Run Local Usage
		Usr 0 00:00:00, Sys 0 00:00:00  -  Total Remote Usage
		Usr 0 00:00:00, Sys 0 00:00:00  -  Total Local Usage
	9758  -  Run Bytes Sent By Job
	134556  -  Run Bytes Received By Job
	9758  -  Total Bytes Sent By Job
	134556  -  Total Bytes Received By Job
	Partitionable Resources :    Usage  Request Allocated 
	   Cpus                 :                 1         2 
	   Disk (KB)            :       49       35 103002119 
	   Memory (MB)          :      314        0    100096 

	Job terminated of its own accord at 2025-01-24T09:18:44Z with exit-code 0.
...
000 (286975.000.000) 2025-01-28 16:13:08 Job submitted from host: <192.168.0.102:9618?addrs=192.168.0.102-9618&alias=submitter&noUDP&sock=schedd_2032_5c88>
...
014 (286975.000.001) 2025-01-28 16:13:15 Node 1 executing on host: <192.168.0.137:9618?addrs=192.168.0.137-9618&alias=node137.di.rm1&noUDP&sock=startd_1934_2440>
...
014 (286975.000.000) 2025-01-28 16:13:16 Node 0 executing on host: <192.168.0.151:9618?addrs=192.168.0.151-9618&alias=node151.di.rm1&noUDP&sock=startd_1528_a8cd>
...
014 (286975.000.003) 2025-01-28 16:13:16 Node 3 executing on host: <192.168.0.141:9618?addrs=192.168.0.141-9618&alias=node141.di.rm1&noUDP&sock=startd_2077_3a4b>
...
014 (286975.000.002) 2025-01-28 16:13:16 Node 2 executing on host: <192.168.0.111:9618?addrs=192.168.0.111-9618&alias=node111.di.rm1&noUDP&sock=startd_2044_97ab>
...
001 (286975.000.000) 2025-01-28 16:13:16 Job executing on host: MPI_job
...
008 (286975.000.000) 2025-01-28 16:13:18 Launching orted on Node 1 of 4
...
008 (286975.000.000) 2025-01-28 16:13:18 Launching orted on Node 0 of 4
...
008 (286975.000.000) 2025-01-28 16:13:18 Launching orted on Node 2 of 4
...
008 (286975.000.000) 2025-01-28 16:13:18 Launching orted on Node 3 of 4
...
008 (286975.000.000) 2025-01-28 16:13:27 orted exited on Node 0 of 4
...
008 (286975.000.000) 2025-01-28 16:13:27 orted exited on Node 1 of 4
...
008 (286975.000.000) 2025-01-28 16:13:27 orted exited on Node 2 of 4
...
008 (286975.000.000) 2025-01-28 16:13:27 orted exited on Node 3 of 4
...
015 (286975.000.001) 2025-01-28 16:13:27 Node 1 terminated.
	(1) Normal termination (return value 0)
		Usr 0 00:00:08, Sys 0 00:00:00  -  Run Remote Usage
		Usr 0 00:00:00, Sys 0 00:00:00  -  Run Local Usage
		Usr 0 00:00:08, Sys 0 00:00:00  -  Total Remote Usage
		Usr 0 00:00:00, Sys 0 00:00:00  -  Total Local Usage
	2165  -  Run Bytes Sent By Node
	33591  -  Run Bytes Received By Node
	2165  -  Total Bytes Sent By Node
	33591  -  Total Bytes Received By Node
...
015 (286975.000.000) 2025-01-28 16:13:27 Node 0 terminated.
	(1) Normal termination (return value 0)
		Usr 0 00:00:00, Sys 0 00:00:00  -  Run Remote Usage
		Usr 0 00:00:00, Sys 0 00:00:00  -  Run Local Usage
		Usr 0 00:00:00, Sys 0 00:00:00  -  Total Remote Usage
		Usr 0 00:00:00, Sys 0 00:00:00  -  Total Local Usage
	3263  -  Run Bytes Sent By Node
	33591  -  Run Bytes Received By Node
	3263  -  Total Bytes Sent By Node
	33591  -  Total Bytes Received By Node
...
005 (286975.000.000) 2025-01-28 16:13:27 Job terminated.
	(1) Normal termination (return value 0)
		Usr 0 00:00:24, Sys 0 00:00:01  -  Run Remote Usage
		Usr 0 00:00:00, Sys 0 00:00:00  -  Run Local Usage
		Usr 0 00:00:00, Sys 0 00:00:00  -  Total Remote Usage
		Usr 0 00:00:00, Sys 0 00:00:00  -  Total Local Usage
	5428  -  Run Bytes Sent By Job
	134364  -  Run Bytes Received By Job
	5428  -  Total Bytes Sent By Job
	134364  -  Total Bytes Received By Job
	Partitionable Resources :    Usage  Request Allocated 
	   Cpus                 :                 1         1 
	   Disk (KB)            :       50       35 105403600 
	   Memory (MB)          :      263        0    102400 

	Job terminated of its own accord at 2025-01-28T16:13:27Z with exit-code 0.
...
