000 (263358.000.000) 2025-01-17 11:20:48 Job submitted from host: <192.168.0.102:9618?addrs=192.168.0.102-9618&alias=submitter&noUDP&sock=schedd_2032_5c88>
...
001 (263358.000.000) 2025-01-17 11:20:51 Job executing on host: <192.168.0.120:9618?addrs=192.168.0.120-9618&alias=node120.di.rm1&noUDP&sock=startd_2096_4298>
...
006 (263358.000.000) 2025-01-17 11:21:00 Image size of job updated: 443080
	430  -  MemoryUsage of job (MB)
	440220  -  ResidentSetSize of job (KB)
...
006 (263358.000.000) 2025-01-17 11:26:24 Image size of job updated: 8075508
	431  -  MemoryUsage of job (MB)
	440352  -  ResidentSetSize of job (KB)
...
005 (263358.000.000) 2025-01-17 11:26:25 Job terminated.
	(0) Abnormal termination (signal 9)
	(0) No core file
		Usr 0 00:03:23, Sys 0 00:00:38  -  Run Remote Usage
		Usr 0 00:00:00, Sys 0 00:00:00  -  Run Local Usage
		Usr 0 00:03:23, Sys 0 00:00:38  -  Total Remote Usage
		Usr 0 00:00:00, Sys 0 00:00:00  -  Total Local Usage
	0  -  Run Bytes Sent By Job
	0  -  Run Bytes Received By Job
	0  -  Total Bytes Sent By Job
	0  -  Total Bytes Received By Job
	Partitionable Resources :    Usage  Request Allocated 
	   Cpus                 :     0.22        1         1 
	   Disk (KB)            :    27          27    459052 
	   Gpus (Average)       :                 0         0 
	   Memory (MB)          :   431           1       128 

	Job terminated of its own accord at 2025-01-17T11:26:25Z with signal 9.
...
