000 (273016.000.000) 2025-01-23 10:21:58 Job submitted from host: <192.168.0.102:9618?addrs=192.168.0.102-9618&alias=submitter&noUDP&sock=schedd_2032_5c88>
...
014 (273016.000.000) 2025-01-23 10:22:06 Node 0 executing on host: <192.168.0.140:9618?addrs=192.168.0.140-9618&alias=node140.di.rm1&noUDP&sock=startd_1890_f615>
...
014 (273016.000.001) 2025-01-23 10:22:06 Node 1 executing on host: <192.168.0.116:9618?addrs=192.168.0.116-9618&alias=node116.di.rm1&noUDP&sock=startd_1847_7783>
...
014 (273016.000.002) 2025-01-23 10:22:06 Node 2 executing on host: <192.168.0.146:9618?addrs=192.168.0.146-9618&alias=node146.di.rm1&noUDP&sock=startd_1984_6ffc>
...
014 (273016.000.003) 2025-01-23 10:22:06 Node 3 executing on host: <192.168.0.111:9618?addrs=192.168.0.111-9618&alias=node111.di.rm1&noUDP&sock=startd_2044_97ab>
...
001 (273016.000.000) 2025-01-23 10:22:06 Job executing on host: MPI_job
...
008 (273016.000.000) 2025-01-23 10:22:08 Launching orted on Node 0 of 4
...
008 (273016.000.000) 2025-01-23 10:22:08 Launching orted on Node 1 of 4
...
008 (273016.000.000) 2025-01-23 10:22:08 Launching orted on Node 2 of 4
...
008 (273016.000.000) 2025-01-23 10:22:08 Launching orted on Node 3 of 4
...
008 (273016.000.000) 2025-01-23 10:22:09 orted exited on Node 2 of 4
...
008 (273016.000.000) 2025-01-23 10:22:09 orted exited on Node 0 of 4
...
008 (273016.000.000) 2025-01-23 10:22:09 orted exited on Node 1 of 4
...
008 (273016.000.000) 2025-01-23 10:22:09 orted exited on Node 3 of 4
...
015 (273016.000.002) 2025-01-23 10:22:09 Node 2 terminated.
	(1) Normal termination (return value 0)
		Usr 0 00:00:00, Sys 0 00:00:00  -  Run Remote Usage
		Usr 0 00:00:00, Sys 0 00:00:00  -  Run Local Usage
		Usr 0 00:00:00, Sys 0 00:00:00  -  Total Remote Usage
		Usr 0 00:00:00, Sys 0 00:00:00  -  Total Local Usage
	2165  -  Run Bytes Sent By Node
	33639  -  Run Bytes Received By Node
	2165  -  Total Bytes Sent By Node
	33639  -  Total Bytes Received By Node
...
015 (273016.000.003) 2025-01-23 10:22:09 Node 3 terminated.
	(1) Normal termination (return value 0)
		Usr 0 00:00:00, Sys 0 00:00:00  -  Run Remote Usage
		Usr 0 00:00:00, Sys 0 00:00:00  -  Run Local Usage
		Usr 0 00:00:00, Sys 0 00:00:00  -  Total Remote Usage
		Usr 0 00:00:00, Sys 0 00:00:00  -  Total Local Usage
	2187  -  Run Bytes Sent By Node
	33639  -  Run Bytes Received By Node
	2187  -  Total Bytes Sent By Node
	33639  -  Total Bytes Received By Node
...
015 (273016.000.000) 2025-01-23 10:22:09 Node 0 terminated.
	(1) Normal termination (return value 0)
		Usr 0 00:00:00, Sys 0 00:00:00  -  Run Remote Usage
		Usr 0 00:00:00, Sys 0 00:00:00  -  Run Local Usage
		Usr 0 00:00:00, Sys 0 00:00:00  -  Total Remote Usage
		Usr 0 00:00:00, Sys 0 00:00:00  -  Total Local Usage
	3728  -  Run Bytes Sent By Node
	33639  -  Run Bytes Received By Node
	3728  -  Total Bytes Sent By Node
	33639  -  Total Bytes Received By Node
...
005 (273016.000.000) 2025-01-23 10:22:09 Job terminated.
	(1) Normal termination (return value 0)
		Usr 0 00:00:00, Sys 0 00:00:00  -  Run Remote Usage
		Usr 0 00:00:00, Sys 0 00:00:00  -  Run Local Usage
		Usr 0 00:00:00, Sys 0 00:00:00  -  Total Remote Usage
		Usr 0 00:00:00, Sys 0 00:00:00  -  Total Local Usage
	8080  -  Run Bytes Sent By Job
	134556  -  Run Bytes Received By Job
	8080  -  Total Bytes Sent By Job
	134556  -  Total Bytes Received By Job
	Partitionable Resources :    Usage  Request Allocated 
	   Cpus                 :                 1         2 
	   Disk (KB)            :       50       35 103040641 
	   Memory (MB)          :        0        0    100096 

	Job terminated of its own accord at 2025-01-23T10:22:09Z with exit-code 0.
...
000 (273927.000.000) 2025-01-23 11:27:00 Job submitted from host: <192.168.0.102:9618?addrs=192.168.0.102-9618&alias=submitter&noUDP&sock=schedd_2032_5c88>
...
014 (273927.000.000) 2025-01-23 11:27:08 Node 0 executing on host: <192.168.0.141:9618?addrs=192.168.0.141-9618&alias=node141.di.rm1&noUDP&sock=startd_2077_3a4b>
...
014 (273927.000.001) 2025-01-23 11:27:08 Node 1 executing on host: <192.168.0.112:9618?addrs=192.168.0.112-9618&alias=node112.di.rm1&noUDP&sock=startd_2169_5502>
...
014 (273927.000.003) 2025-01-23 11:27:08 Node 3 executing on host: <192.168.0.143:9618?addrs=192.168.0.143-9618&alias=node143.di.rm1&noUDP&sock=startd_2061_40c7>
...
014 (273927.000.002) 2025-01-23 11:27:08 Node 2 executing on host: <192.168.0.142:9618?addrs=192.168.0.142-9618&alias=node142.di.rm1&noUDP&sock=startd_1996_ab1f>
...
001 (273927.000.000) 2025-01-23 11:27:08 Job executing on host: MPI_job
...
008 (273927.000.000) 2025-01-23 11:27:10 Launching orted on Node 0 of 4
...
008 (273927.000.000) 2025-01-23 11:27:11 Launching orted on Node 1 of 4
...
008 (273927.000.000) 2025-01-23 11:27:11 Launching orted on Node 2 of 4
...
008 (273927.000.000) 2025-01-23 11:27:11 Launching orted on Node 3 of 4
...
008 (273927.000.000) 2025-01-23 11:27:12 orted exited on Node 1 of 4
...
008 (273927.000.000) 2025-01-23 11:27:12 orted exited on Node 0 of 4
...
008 (273927.000.000) 2025-01-23 11:27:12 orted exited on Node 2 of 4
...
008 (273927.000.000) 2025-01-23 11:27:12 orted exited on Node 3 of 4
...
015 (273927.000.000) 2025-01-23 11:27:12 Node 0 terminated.
	(1) Normal termination (return value 0)
		Usr 0 00:00:00, Sys 0 00:00:00  -  Run Remote Usage
		Usr 0 00:00:00, Sys 0 00:00:00  -  Run Local Usage
		Usr 0 00:00:00, Sys 0 00:00:00  -  Total Remote Usage
		Usr 0 00:00:00, Sys 0 00:00:00  -  Total Local Usage
	3262  -  Run Bytes Sent By Node
	33639  -  Run Bytes Received By Node
	3262  -  Total Bytes Sent By Node
	33639  -  Total Bytes Received By Node
...
005 (273927.000.000) 2025-01-23 11:27:12 Job terminated.
	(1) Normal termination (return value 0)
		Usr 0 00:00:01, Sys 0 00:00:00  -  Run Remote Usage
		Usr 0 00:00:00, Sys 0 00:00:00  -  Run Local Usage
		Usr 0 00:00:00, Sys 0 00:00:00  -  Total Remote Usage
		Usr 0 00:00:00, Sys 0 00:00:00  -  Total Local Usage
	3262  -  Run Bytes Sent By Job
	134556  -  Run Bytes Received By Job
	3262  -  Total Bytes Sent By Job
	134556  -  Total Bytes Received By Job
	Partitionable Resources :    Usage  Request Allocated 
	   Cpus                 :                 1         1 
	   Disk (KB)            :       49       35    459831 
	   Memory (MB)          :        0        0     40960 

	Job terminated of its own accord at 2025-01-23T11:27:12Z with exit-code 0.
...
000 (278674.000.000) 2025-01-24 09:17:27 Job submitted from host: <192.168.0.102:9618?addrs=192.168.0.102-9618&alias=submitter&noUDP&sock=schedd_2032_5c88>
...
014 (278674.000.002) 2025-01-24 09:17:35 Node 2 executing on host: <192.168.0.130:9618?addrs=192.168.0.130-9618&alias=node130.di.rm1&noUDP&sock=startd_2751195_838e>
...
014 (278674.000.000) 2025-01-24 09:17:35 Node 0 executing on host: <192.168.0.130:9618?addrs=192.168.0.130-9618&alias=node130.di.rm1&noUDP&sock=startd_2751195_838e>
...
014 (278674.000.001) 2025-01-24 09:17:35 Node 1 executing on host: <192.168.0.116:9618?addrs=192.168.0.116-9618&alias=node116.di.rm1&noUDP&sock=startd_1847_7783>
...
014 (278674.000.003) 2025-01-24 09:17:35 Node 3 executing on host: <192.168.0.111:9618?addrs=192.168.0.111-9618&alias=node111.di.rm1&noUDP&sock=startd_2044_97ab>
...
001 (278674.000.000) 2025-01-24 09:17:35 Job executing on host: MPI_job
...
008 (278674.000.000) 2025-01-24 09:17:37 Launching orted on Node 0 of 4
...
008 (278674.000.000) 2025-01-24 09:17:37 Launching orted on Node 2 of 4
...
008 (278674.000.000) 2025-01-24 09:17:37 Launching orted on Node 1 of 4
...
008 (278674.000.000) 2025-01-24 09:17:37 Launching orted on Node 3 of 4
...
008 (278674.000.000) 2025-01-24 09:17:38 orted exited on Node 1 of 4
...
008 (278674.000.000) 2025-01-24 09:17:38 orted exited on Node 3 of 4
...
008 (278674.000.000) 2025-01-24 09:17:38 orted exited on Node 2 of 4
...
008 (278674.000.000) 2025-01-24 09:17:38 orted exited on Node 0 of 4
...
015 (278674.000.002) 2025-01-24 09:17:38 Node 2 terminated.
	(1) Normal termination (return value 0)
		Usr 0 00:00:00, Sys 0 00:00:01  -  Run Remote Usage
		Usr 0 00:00:00, Sys 0 00:00:00  -  Run Local Usage
		Usr 0 00:00:00, Sys 0 00:00:01  -  Total Remote Usage
		Usr 0 00:00:00, Sys 0 00:00:00  -  Total Local Usage
	0  -  Run Bytes Sent By Node
	33639  -  Run Bytes Received By Node
	0  -  Total Bytes Sent By Node
	33639  -  Total Bytes Received By Node
...
015 (278674.000.000) 2025-01-24 09:17:38 Node 0 terminated.
	(1) Normal termination (return value 0)
		Usr 0 00:00:01, Sys 0 00:00:00  -  Run Remote Usage
		Usr 0 00:00:00, Sys 0 00:00:00  -  Run Local Usage
		Usr 0 00:00:01, Sys 0 00:00:00  -  Total Remote Usage
		Usr 0 00:00:00, Sys 0 00:00:00  -  Total Local Usage
	3262  -  Run Bytes Sent By Node
	33639  -  Run Bytes Received By Node
	3262  -  Total Bytes Sent By Node
	33639  -  Total Bytes Received By Node
...
005 (278674.000.000) 2025-01-24 09:17:38 Job terminated.
	(1) Normal termination (return value 0)
		Usr 0 00:00:01, Sys 0 00:00:01  -  Run Remote Usage
		Usr 0 00:00:00, Sys 0 00:00:00  -  Run Local Usage
		Usr 0 00:00:01, Sys 0 00:00:00  -  Total Remote Usage
		Usr 0 00:00:00, Sys 0 00:00:00  -  Total Local Usage
	3262  -  Run Bytes Sent By Job
	134556  -  Run Bytes Received By Job
	3262  -  Total Bytes Sent By Job
	134556  -  Total Bytes Received By Job
	Partitionable Resources :    Usage  Request Allocated 
	   Cpus                 :                 1         2 
	   Disk (KB)            :       49       35 102964203 
	   Memory (MB)          :        0        0    100096 

	Job terminated of its own accord at 2025-01-24T09:17:38Z with exit-code 0.
...
000 (286945.000.000) 2025-01-28 16:12:11 Job submitted from host: <192.168.0.102:9618?addrs=192.168.0.102-9618&alias=submitter&noUDP&sock=schedd_2032_5c88>
...
014 (286945.000.001) 2025-01-28 16:12:18 Node 1 executing on host: <192.168.0.109:9618?addrs=192.168.0.109-9618&alias=node109.di.rm1&noUDP&sock=startd_1627_90ad>
...
014 (286945.000.003) 2025-01-28 16:12:18 Node 3 executing on host: <192.168.0.113:9618?addrs=192.168.0.113-9618&alias=node113.di.rm1&noUDP&sock=startd_3668932_c305>
...
014 (286945.000.002) 2025-01-28 16:12:18 Node 2 executing on host: <192.168.0.104:9618?addrs=192.168.0.104-9618&alias=node104.di.rm1&noUDP&sock=startd_1987_7ec5>
...
014 (286945.000.000) 2025-01-28 16:12:18 Node 0 executing on host: <192.168.0.123:9618?addrs=192.168.0.123-9618&alias=node123.di.rm1&noUDP&sock=startd_2149_9d1d>
...
001 (286945.000.000) 2025-01-28 16:12:18 Job executing on host: MPI_job
...
008 (286945.000.000) 2025-01-28 16:12:20 Launching orted on Node 1 of 4
...
008 (286945.000.000) 2025-01-28 16:12:20 Launching orted on Node 3 of 4
...
008 (286945.000.000) 2025-01-28 16:12:21 Launching orted on Node 2 of 4
...
008 (286945.000.000) 2025-01-28 16:12:21 Launching orted on Node 0 of 4
...
008 (286945.000.000) 2025-01-28 16:12:21 orted exited on Node 3 of 4
...
008 (286945.000.000) 2025-01-28 16:12:21 orted exited on Node 1 of 4
...
008 (286945.000.000) 2025-01-28 16:12:21 orted exited on Node 2 of 4
...
008 (286945.000.000) 2025-01-28 16:12:21 orted exited on Node 0 of 4
...
015 (286945.000.001) 2025-01-28 16:12:21 Node 1 terminated.
	(1) Normal termination (return value 0)
		Usr 0 00:00:00, Sys 0 00:00:01  -  Run Remote Usage
		Usr 0 00:00:00, Sys 0 00:00:00  -  Run Local Usage
		Usr 0 00:00:00, Sys 0 00:00:01  -  Total Remote Usage
		Usr 0 00:00:00, Sys 0 00:00:00  -  Total Local Usage
	2165  -  Run Bytes Sent By Node
	33591  -  Run Bytes Received By Node
	2165  -  Total Bytes Sent By Node
	33591  -  Total Bytes Received By Node
...
015 (286945.000.000) 2025-01-28 16:12:21 Node 0 terminated.
	(1) Normal termination (return value 0)
		Usr 0 00:00:00, Sys 0 00:00:00  -  Run Remote Usage
		Usr 0 00:00:00, Sys 0 00:00:00  -  Run Local Usage
		Usr 0 00:00:00, Sys 0 00:00:00  -  Total Remote Usage
		Usr 0 00:00:00, Sys 0 00:00:00  -  Total Local Usage
	3306  -  Run Bytes Sent By Node
	33591  -  Run Bytes Received By Node
	3306  -  Total Bytes Sent By Node
	33591  -  Total Bytes Received By Node
...
005 (286945.000.000) 2025-01-28 16:12:21 Job terminated.
	(1) Normal termination (return value 0)
		Usr 0 00:00:00, Sys 0 00:00:02  -  Run Remote Usage
		Usr 0 00:00:00, Sys 0 00:00:00  -  Run Local Usage
		Usr 0 00:00:00, Sys 0 00:00:00  -  Total Remote Usage
		Usr 0 00:00:00, Sys 0 00:00:00  -  Total Local Usage
	7658  -  Run Bytes Sent By Job
	134364  -  Run Bytes Received By Job
	7658  -  Total Bytes Sent By Job
	134364  -  Total Bytes Received By Job
	Partitionable Resources :    Usage  Request Allocated 
	   Cpus                 :                 1         2 
	   Disk (KB)            :       51       35 102979196 
	   GPUs                 :                           0 
	   Memory (MB)          :        0        0    100096 

	Job terminated of its own accord at 2025-01-28T16:12:21Z with exit-code 0.
...
