000 (271282.000.000) 2025-01-22 00:53:26 Job submitted from host: <192.168.0.102:9618?addrs=192.168.0.102-9618&alias=submitter&noUDP&sock=schedd_2032_5c88>
...
001 (271282.000.000) 2025-01-22 00:53:47 Job executing on host: <192.168.0.120:9618?addrs=192.168.0.120-9618&alias=node120.di.rm1&noUDP&sock=startd_2096_4298>
...
006 (271282.000.000) 2025-01-22 00:53:56 Image size of job updated: 1517412
	484  -  MemoryUsage of job (MB)
	495132  -  ResidentSetSize of job (KB)
...
006 (271282.000.000) 2025-01-22 00:54:28 Image size of job updated: 2329740
	485  -  MemoryUsage of job (MB)
	496320  -  ResidentSetSize of job (KB)
...
004 (271282.000.000) 2025-01-22 00:54:28 Job was evicted.
	(0) CPU times
		Usr 0 00:00:38, Sys 0 00:00:00  -  Run Remote Usage
		Usr 0 00:00:00, Sys 0 00:00:00  -  Run Local Usage
	0  -  Run Bytes Sent By Job
	0  -  Run Bytes Received By Job
	Partitionable Resources :    Usage  Request Allocated 
	   Cpus                 :                 1         1 
	   Disk (KB)            :       27       27    459052 
	   Gpus (Average)       :                 0         0 
	   Memory (MB)          :      485        1       128 
...
009 (271282.000.000) 2025-01-22 00:54:28 Job was aborted.
	via condor_rm (by user calzona_2046920)
...
