000 (281180.000.000) 2025-01-25 19:19:37 Job submitted from host: <192.168.0.102:9618?addrs=192.168.0.102-9618&alias=submitter&noUDP&sock=schedd_2032_5c88>
...
014 (281180.000.000) 2025-01-25 19:19:44 Node 0 executing on host: <192.168.0.142:9618?addrs=192.168.0.142-9618&alias=node142.di.rm1&noUDP&sock=startd_1996_ab1f>
...
014 (281180.000.003) 2025-01-25 19:19:44 Node 3 executing on host: <192.168.0.145:9618?addrs=192.168.0.145-9618&alias=node145.di.rm1&noUDP&sock=startd_1869_8e98>
...
014 (281180.000.005) 2025-01-25 19:19:44 Node 5 executing on host: <192.168.0.140:9618?addrs=192.168.0.140-9618&alias=node140.di.rm1&noUDP&sock=startd_1890_f615>
...
014 (281180.000.006) 2025-01-25 19:19:44 Node 6 executing on host: <192.168.0.107:9618?addrs=192.168.0.107-9618&alias=node107.di.rm1&noUDP&sock=startd_1981_6134>
...
014 (281180.000.007) 2025-01-25 19:19:44 Node 7 executing on host: <192.168.0.116:9618?addrs=192.168.0.116-9618&alias=node116.di.rm1&noUDP&sock=startd_1847_7783>
...
014 (281180.000.001) 2025-01-25 19:19:44 Node 1 executing on host: <192.168.0.114:9618?addrs=192.168.0.114-9618&alias=node114.di.rm1&noUDP&sock=startd_2075_db1b>
...
014 (281180.000.002) 2025-01-25 19:19:44 Node 2 executing on host: <192.168.0.114:9618?addrs=192.168.0.114-9618&alias=node114.di.rm1&noUDP&sock=startd_2075_db1b>
...
014 (281180.000.004) 2025-01-25 19:19:44 Node 4 executing on host: <192.168.0.110:9618?addrs=192.168.0.110-9618&alias=node110.di.rm1&noUDP&sock=startd_2185_4e86>
...
001 (281180.000.000) 2025-01-25 19:19:44 Job executing on host: MPI_job
...
008 (281180.000.000) 2025-01-25 19:19:46 Launching orted on Node 5 of 8
...
008 (281180.000.000) 2025-01-25 19:19:46 Launching orted on Node 6 of 8
...
008 (281180.000.000) 2025-01-25 19:19:46 Launching orted on Node 7 of 8
...
008 (281180.000.000) 2025-01-25 19:19:46 Launching orted on Node 3 of 8
...
008 (281180.000.000) 2025-01-25 19:19:46 Launching orted on Node 0 of 8
...
008 (281180.000.000) 2025-01-25 19:19:47 Launching orted on Node 2 of 8
...
008 (281180.000.000) 2025-01-25 19:19:47 Launching orted on Node 1 of 8
...
008 (281180.000.000) 2025-01-25 19:19:47 Launching orted on Node 4 of 8
...
008 (281180.000.000) 2025-01-25 19:19:48 orted exited on Node 5 of 8
...
008 (281180.000.000) 2025-01-25 19:19:48 orted exited on Node 7 of 8
...
008 (281180.000.000) 2025-01-25 19:19:48 orted exited on Node 1 of 8
...
008 (281180.000.000) 2025-01-25 19:19:48 orted exited on Node 2 of 8
...
008 (281180.000.000) 2025-01-25 19:19:48 orted exited on Node 3 of 8
...
008 (281180.000.000) 2025-01-25 19:19:48 orted exited on Node 6 of 8
...
008 (281180.000.000) 2025-01-25 19:19:48 orted exited on Node 0 of 8
...
008 (281180.000.000) 2025-01-25 19:19:48 orted exited on Node 4 of 8
...
015 (281180.000.005) 2025-01-25 19:19:48 Node 5 terminated.
	(1) Normal termination (return value 0)
		Usr 0 00:00:00, Sys 0 00:00:00  -  Run Remote Usage
		Usr 0 00:00:00, Sys 0 00:00:00  -  Run Local Usage
		Usr 0 00:00:00, Sys 0 00:00:00  -  Total Remote Usage
		Usr 0 00:00:00, Sys 0 00:00:00  -  Total Local Usage
	2165  -  Run Bytes Sent By Node
	33639  -  Run Bytes Received By Node
	2165  -  Total Bytes Sent By Node
	33639  -  Total Bytes Received By Node
...
015 (281180.000.006) 2025-01-25 19:19:48 Node 6 terminated.
	(1) Normal termination (return value 0)
		Usr 0 00:00:00, Sys 0 00:00:00  -  Run Remote Usage
		Usr 0 00:00:00, Sys 0 00:00:00  -  Run Local Usage
		Usr 0 00:00:00, Sys 0 00:00:00  -  Total Remote Usage
		Usr 0 00:00:00, Sys 0 00:00:00  -  Total Local Usage
	2165  -  Run Bytes Sent By Node
	33639  -  Run Bytes Received By Node
	2165  -  Total Bytes Sent By Node
	33639  -  Total Bytes Received By Node
...
015 (281180.000.007) 2025-01-25 19:19:48 Node 7 terminated.
	(1) Normal termination (return value 0)
		Usr 0 00:00:00, Sys 0 00:00:00  -  Run Remote Usage
		Usr 0 00:00:00, Sys 0 00:00:00  -  Run Local Usage
		Usr 0 00:00:00, Sys 0 00:00:00  -  Total Remote Usage
		Usr 0 00:00:00, Sys 0 00:00:00  -  Total Local Usage
	2165  -  Run Bytes Sent By Node
	33639  -  Run Bytes Received By Node
	2165  -  Total Bytes Sent By Node
	33639  -  Total Bytes Received By Node
...
015 (281180.000.003) 2025-01-25 19:19:48 Node 3 terminated.
	(1) Normal termination (return value 0)
		Usr 0 00:00:00, Sys 0 00:00:00  -  Run Remote Usage
		Usr 0 00:00:00, Sys 0 00:00:00  -  Run Local Usage
		Usr 0 00:00:00, Sys 0 00:00:00  -  Total Remote Usage
		Usr 0 00:00:00, Sys 0 00:00:00  -  Total Local Usage
	2165  -  Run Bytes Sent By Node
	33639  -  Run Bytes Received By Node
	2165  -  Total Bytes Sent By Node
	33639  -  Total Bytes Received By Node
...
015 (281180.000.001) 2025-01-25 19:19:48 Node 1 terminated.
	(1) Normal termination (return value 0)
		Usr 0 00:00:00, Sys 0 00:00:00  -  Run Remote Usage
		Usr 0 00:00:00, Sys 0 00:00:00  -  Run Local Usage
		Usr 0 00:00:00, Sys 0 00:00:00  -  Total Remote Usage
		Usr 0 00:00:00, Sys 0 00:00:00  -  Total Local Usage
	2165  -  Run Bytes Sent By Node
	33639  -  Run Bytes Received By Node
	2165  -  Total Bytes Sent By Node
	33639  -  Total Bytes Received By Node
...
015 (281180.000.002) 2025-01-25 19:19:48 Node 2 terminated.
	(1) Normal termination (return value 0)
		Usr 0 00:00:00, Sys 0 00:00:00  -  Run Remote Usage
		Usr 0 00:00:00, Sys 0 00:00:00  -  Run Local Usage
		Usr 0 00:00:00, Sys 0 00:00:00  -  Total Remote Usage
		Usr 0 00:00:00, Sys 0 00:00:00  -  Total Local Usage
	2165  -  Run Bytes Sent By Node
	33639  -  Run Bytes Received By Node
	2165  -  Total Bytes Sent By Node
	33639  -  Total Bytes Received By Node
...
015 (281180.000.004) 2025-01-25 19:19:48 Node 4 terminated.
	(1) Normal termination (return value 0)
		Usr 0 00:00:00, Sys 0 00:00:00  -  Run Remote Usage
		Usr 0 00:00:00, Sys 0 00:00:00  -  Run Local Usage
		Usr 0 00:00:00, Sys 0 00:00:00  -  Total Remote Usage
		Usr 0 00:00:00, Sys 0 00:00:00  -  Total Local Usage
	2187  -  Run Bytes Sent By Node
	33639  -  Run Bytes Received By Node
	2187  -  Total Bytes Sent By Node
	33639  -  Total Bytes Received By Node
...
015 (281180.000.000) 2025-01-25 19:19:48 Node 0 terminated.
	(1) Normal termination (return value 0)
		Usr 0 00:00:00, Sys 0 00:00:00  -  Run Remote Usage
		Usr 0 00:00:00, Sys 0 00:00:00  -  Run Local Usage
		Usr 0 00:00:00, Sys 0 00:00:00  -  Total Remote Usage
		Usr 0 00:00:00, Sys 0 00:00:00  -  Total Local Usage
	3729  -  Run Bytes Sent By Node
	33639  -  Run Bytes Received By Node
	3729  -  Total Bytes Sent By Node
	33639  -  Total Bytes Received By Node
...
005 (281180.000.000) 2025-01-25 19:19:48 Job terminated.
	(1) Normal termination (return value 0)
		Usr 0 00:00:00, Sys 0 00:00:00  -  Run Remote Usage
		Usr 0 00:00:00, Sys 0 00:00:00  -  Run Local Usage
		Usr 0 00:00:00, Sys 0 00:00:00  -  Total Remote Usage
		Usr 0 00:00:00, Sys 0 00:00:00  -  Total Local Usage
	18906  -  Run Bytes Sent By Job
	269112  -  Run Bytes Received By Job
	18906  -  Total Bytes Sent By Job
	269112  -  Total Bytes Received By Job
	Partitionable Resources :    Usage  Request Allocated 
	   Cpus                 :                 1         1 
	   Disk (KB)            :       51       35    459874 
	   Memory (MB)          :        0        0     40960 

	Job terminated of its own accord at 2025-01-25T19:19:48Z with exit-code 0.
...
