000 (294783.000.000) 2025-01-31 00:43:32 Job submitted from host: <192.168.0.102:9618?addrs=192.168.0.102-9618&alias=submitter&noUDP&sock=schedd_4045053_7bc0>
...
014 (294783.000.001) 2025-01-31 00:43:34 Node 1 executing on host: <192.168.0.149:9618?addrs=192.168.0.149-9618&alias=node149.di.rm1&noUDP&sock=startd_1551_6f7a>
...
014 (294783.000.000) 2025-01-31 00:43:34 Node 0 executing on host: <192.168.0.124:9618?addrs=192.168.0.124-9618&alias=node124.di.rm1&noUDP&sock=startd_2143_7f8b>
...
014 (294783.000.002) 2025-01-31 00:43:34 Node 2 executing on host: <192.168.0.124:9618?addrs=192.168.0.124-9618&alias=node124.di.rm1&noUDP&sock=startd_2143_7f8b>
...
014 (294783.000.003) 2025-01-31 00:43:34 Node 3 executing on host: <192.168.0.124:9618?addrs=192.168.0.124-9618&alias=node124.di.rm1&noUDP&sock=startd_2143_7f8b>
...
001 (294783.000.000) 2025-01-31 00:43:34 Job executing on host: MPI_job
...
008 (294783.000.000) 2025-01-31 00:43:36 Launching orted on Node 0 of 4
...
008 (294783.000.000) 2025-01-31 00:43:36 Launching orted on Node 3 of 4
...
008 (294783.000.000) 2025-01-31 00:43:36 Launching orted on Node 2 of 4
...
008 (294783.000.000) 2025-01-31 00:43:36 Launching orted on Node 1 of 4
...
008 (294783.000.000) 2025-01-31 00:44:08 orted exited on Node 1 of 4
...
008 (294783.000.000) 2025-01-31 00:44:08 orted exited on Node 0 of 4
...
008 (294783.000.000) 2025-01-31 00:44:08 orted exited on Node 2 of 4
...
008 (294783.000.000) 2025-01-31 00:44:08 orted exited on Node 3 of 4
...
015 (294783.000.002) 2025-01-31 00:44:08 Node 2 terminated.
	(1) Normal termination (return value 0)
		Usr 0 00:00:59, Sys 0 00:00:00  -  Run Remote Usage
		Usr 0 00:00:00, Sys 0 00:00:00  -  Run Local Usage
		Usr 0 00:00:59, Sys 0 00:00:00  -  Total Remote Usage
		Usr 0 00:00:00, Sys 0 00:00:00  -  Total Local Usage
	22  -  Run Bytes Sent By Node
	33831  -  Run Bytes Received By Node
	22  -  Total Bytes Sent By Node
	33831  -  Total Bytes Received By Node
...
015 (294783.000.003) 2025-01-31 00:44:08 Node 3 terminated.
	(1) Normal termination (return value 0)
		Usr 0 00:00:59, Sys 0 00:00:00  -  Run Remote Usage
		Usr 0 00:00:00, Sys 0 00:00:00  -  Run Local Usage
		Usr 0 00:00:59, Sys 0 00:00:00  -  Total Remote Usage
		Usr 0 00:00:00, Sys 0 00:00:00  -  Total Local Usage
	22  -  Run Bytes Sent By Node
	33831  -  Run Bytes Received By Node
	22  -  Total Bytes Sent By Node
	33831  -  Total Bytes Received By Node
...
015 (294783.000.001) 2025-01-31 00:44:09 Node 1 terminated.
	(1) Normal termination (return value 0)
		Usr 0 00:00:59, Sys 0 00:00:01  -  Run Remote Usage
		Usr 0 00:00:00, Sys 0 00:00:00  -  Run Local Usage
		Usr 0 00:00:59, Sys 0 00:00:01  -  Total Remote Usage
		Usr 0 00:00:00, Sys 0 00:00:00  -  Total Local Usage
	2333  -  Run Bytes Sent By Node
	33831  -  Run Bytes Received By Node
	2333  -  Total Bytes Sent By Node
	33831  -  Total Bytes Received By Node
...
015 (294783.000.000) 2025-01-31 00:44:09 Node 0 terminated.
	(1) Normal termination (return value 0)
		Usr 0 00:00:11, Sys 0 00:00:00  -  Run Remote Usage
		Usr 0 00:00:00, Sys 0 00:00:00  -  Run Local Usage
		Usr 0 00:00:11, Sys 0 00:00:00  -  Total Remote Usage
		Usr 0 00:00:00, Sys 0 00:00:00  -  Total Local Usage
	3942  -  Run Bytes Sent By Node
	33831  -  Run Bytes Received By Node
	3942  -  Total Bytes Sent By Node
	33831  -  Total Bytes Received By Node
...
005 (294783.000.000) 2025-01-31 00:44:09 Job terminated.
	(1) Normal termination (return value 0)
		Usr 0 00:03:08, Sys 0 00:00:01  -  Run Remote Usage
		Usr 0 00:00:00, Sys 0 00:00:00  -  Run Local Usage
		Usr 0 00:00:11, Sys 0 00:00:00  -  Total Remote Usage
		Usr 0 00:00:00, Sys 0 00:00:00  -  Total Local Usage
	6319  -  Run Bytes Sent By Job
	135324  -  Run Bytes Received By Job
	6319  -  Total Bytes Sent By Job
	135324  -  Total Bytes Received By Job
	Partitionable Resources :    Usage  Request Allocated 
	   Cpus                 :     1.87        1         1 
	   Disk (KB)            :    59          35  21469963 
	   GPUs                 :     0                     1 
	   GpusMemory (MB)      :   349                       
	   Memory (MB)          :    90          43     65536 

	Job terminated of its own accord at 2025-01-31T00:44:08Z with exit-code 0.
...
