000 (273946.000.000) 2025-01-23 11:28:06 Job submitted from host: <192.168.0.102:9618?addrs=192.168.0.102-9618&alias=submitter&noUDP&sock=schedd_2032_5c88>
...
014 (273946.000.001) 2025-01-23 11:28:11 Node 1 executing on host: <192.168.0.147:9618?addrs=192.168.0.147-9618&alias=node147.di.rm1&noUDP&sock=startd_1513_5ee1>
...
014 (273946.000.003) 2025-01-23 11:28:11 Node 3 executing on host: <192.168.0.151:9618?addrs=192.168.0.151-9618&alias=node151.di.rm1&noUDP&sock=startd_1528_a8cd>
...
014 (273946.000.000) 2025-01-23 11:28:11 Node 0 executing on host: <192.168.0.141:9618?addrs=192.168.0.141-9618&alias=node141.di.rm1&noUDP&sock=startd_2077_3a4b>
...
014 (273946.000.002) 2025-01-23 11:28:11 Node 2 executing on host: <192.168.0.141:9618?addrs=192.168.0.141-9618&alias=node141.di.rm1&noUDP&sock=startd_2077_3a4b>
...
001 (273946.000.000) 2025-01-23 11:28:11 Job executing on host: MPI_job
...
008 (273946.000.000) 2025-01-23 11:28:13 Launching orted on Node 1 of 4
...
008 (273946.000.000) 2025-01-23 11:28:13 Launching orted on Node 3 of 4
...
008 (273946.000.000) 2025-01-23 11:28:14 Launching orted on Node 2 of 4
...
008 (273946.000.000) 2025-01-23 11:28:14 Launching orted on Node 0 of 4
...
008 (273946.000.000) 2025-01-23 11:28:14 orted exited on Node 3 of 4
...
008 (273946.000.000) 2025-01-23 11:28:14 orted exited on Node 1 of 4
...
008 (273946.000.000) 2025-01-23 11:28:14 orted exited on Node 0 of 4
...
008 (273946.000.000) 2025-01-23 11:28:14 orted exited on Node 2 of 4
...
015 (273946.000.001) 2025-01-23 11:28:15 Node 1 terminated.
	(1) Normal termination (return value 0)
		Usr 0 00:00:00, Sys 0 00:00:00  -  Run Remote Usage
		Usr 0 00:00:00, Sys 0 00:00:00  -  Run Local Usage
		Usr 0 00:00:00, Sys 0 00:00:00  -  Total Remote Usage
		Usr 0 00:00:00, Sys 0 00:00:00  -  Total Local Usage
	2165  -  Run Bytes Sent By Node
	33639  -  Run Bytes Received By Node
	2165  -  Total Bytes Sent By Node
	33639  -  Total Bytes Received By Node
...
015 (273946.000.003) 2025-01-23 11:28:15 Node 3 terminated.
	(1) Normal termination (return value 0)
		Usr 0 00:00:01, Sys 0 00:00:00  -  Run Remote Usage
		Usr 0 00:00:00, Sys 0 00:00:00  -  Run Local Usage
		Usr 0 00:00:01, Sys 0 00:00:00  -  Total Remote Usage
		Usr 0 00:00:00, Sys 0 00:00:00  -  Total Local Usage
	2165  -  Run Bytes Sent By Node
	33639  -  Run Bytes Received By Node
	2165  -  Total Bytes Sent By Node
	33639  -  Total Bytes Received By Node
...
015 (273946.000.002) 2025-01-23 11:28:15 Node 2 terminated.
	(1) Normal termination (return value 0)
		Usr 0 00:00:00, Sys 0 00:00:00  -  Run Remote Usage
		Usr 0 00:00:00, Sys 0 00:00:00  -  Run Local Usage
		Usr 0 00:00:00, Sys 0 00:00:00  -  Total Remote Usage
		Usr 0 00:00:00, Sys 0 00:00:00  -  Total Local Usage
	0  -  Run Bytes Sent By Node
	33639  -  Run Bytes Received By Node
	0  -  Total Bytes Sent By Node
	33639  -  Total Bytes Received By Node
...
015 (273946.000.000) 2025-01-23 11:28:15 Node 0 terminated.
	(1) Normal termination (return value 0)
		Usr 0 00:00:00, Sys 0 00:00:00  -  Run Remote Usage
		Usr 0 00:00:00, Sys 0 00:00:00  -  Run Local Usage
		Usr 0 00:00:00, Sys 0 00:00:00  -  Total Remote Usage
		Usr 0 00:00:00, Sys 0 00:00:00  -  Total Local Usage
	3260  -  Run Bytes Sent By Node
	33639  -  Run Bytes Received By Node
	3260  -  Total Bytes Sent By Node
	33639  -  Total Bytes Received By Node
...
005 (273946.000.000) 2025-01-23 11:28:15 Job terminated.
	(1) Normal termination (return value 0)
		Usr 0 00:00:01, Sys 0 00:00:00  -  Run Remote Usage
		Usr 0 00:00:00, Sys 0 00:00:00  -  Run Local Usage
		Usr 0 00:00:00, Sys 0 00:00:00  -  Total Remote Usage
		Usr 0 00:00:00, Sys 0 00:00:00  -  Total Local Usage
	7590  -  Run Bytes Sent By Job
	134556  -  Run Bytes Received By Job
	7590  -  Total Bytes Sent By Job
	134556  -  Total Bytes Received By Job
	Partitionable Resources :    Usage  Request Allocated 
	   Cpus                 :                 1         1 
	   Disk (KB)            :       49       35    459831 
	   Memory (MB)          :        0        0     40960 

	Job terminated of its own accord at 2025-01-23T11:28:14Z with exit-code 0.
...
000 (278692.000.000) 2025-01-24 09:18:09 Job submitted from host: <192.168.0.102:9618?addrs=192.168.0.102-9618&alias=submitter&noUDP&sock=schedd_2032_5c88>
...
014 (278692.000.000) 2025-01-24 09:18:16 Node 0 executing on host: <192.168.0.147:9618?addrs=192.168.0.147-9618&alias=node147.di.rm1&noUDP&sock=startd_1513_5ee1>
...
014 (278692.000.003) 2025-01-24 09:18:16 Node 3 executing on host: <192.168.0.113:9618?addrs=192.168.0.113-9618&alias=node113.di.rm1&noUDP&sock=startd_3668932_c305>
...
014 (278692.000.001) 2025-01-24 09:18:16 Node 1 executing on host: <192.168.0.133:9618?addrs=192.168.0.133-9618&alias=node133.di.rm1&noUDP&sock=startd_1941_f16a>
...
014 (278692.000.002) 2025-01-24 09:18:16 Node 2 executing on host: <192.168.0.151:9618?addrs=192.168.0.151-9618&alias=node151.di.rm1&noUDP&sock=startd_1528_a8cd>
...
001 (278692.000.000) 2025-01-24 09:18:16 Job executing on host: MPI_job
...
008 (278692.000.000) 2025-01-24 09:18:18 Launching orted on Node 0 of 4
...
008 (278692.000.000) 2025-01-24 09:18:18 Launching orted on Node 3 of 4
...
008 (278692.000.000) 2025-01-24 09:18:18 Launching orted on Node 1 of 4
...
008 (278692.000.000) 2025-01-24 09:18:19 Launching orted on Node 2 of 4
...
008 (278692.000.000) 2025-01-24 09:18:19 orted exited on Node 2 of 4
...
008 (278692.000.000) 2025-01-24 09:18:19 orted exited on Node 3 of 4
...
008 (278692.000.000) 2025-01-24 09:18:19 orted exited on Node 1 of 4
...
008 (278692.000.000) 2025-01-24 09:18:19 orted exited on Node 0 of 4
...
015 (278692.000.000) 2025-01-24 09:18:20 Node 0 terminated.
	(1) Normal termination (return value 0)
		Usr 0 00:00:00, Sys 0 00:00:00  -  Run Remote Usage
		Usr 0 00:00:00, Sys 0 00:00:00  -  Run Local Usage
		Usr 0 00:00:00, Sys 0 00:00:00  -  Total Remote Usage
		Usr 0 00:00:00, Sys 0 00:00:00  -  Total Local Usage
	3257  -  Run Bytes Sent By Node
	33639  -  Run Bytes Received By Node
	3257  -  Total Bytes Sent By Node
	33639  -  Total Bytes Received By Node
...
005 (278692.000.000) 2025-01-24 09:18:20 Job terminated.
	(1) Normal termination (return value 0)
		Usr 0 00:00:00, Sys 0 00:00:00  -  Run Remote Usage
		Usr 0 00:00:00, Sys 0 00:00:00  -  Run Local Usage
		Usr 0 00:00:00, Sys 0 00:00:00  -  Total Remote Usage
		Usr 0 00:00:00, Sys 0 00:00:00  -  Total Local Usage
	3257  -  Run Bytes Sent By Job
	134556  -  Run Bytes Received By Job
	3257  -  Total Bytes Sent By Job
	134556  -  Total Bytes Received By Job
	Partitionable Resources :    Usage  Request Allocated 
	   Cpus                 :                 1         1 
	   Disk (KB)            :       49       35    469805 
	   Memory (MB)          :        0        1     40960 

	Job terminated of its own accord at 2025-01-24T09:18:19Z with exit-code 0.
...
000 (286963.000.000) 2025-01-28 16:12:47 Job submitted from host: <192.168.0.102:9618?addrs=192.168.0.102-9618&alias=submitter&noUDP&sock=schedd_2032_5c88>
...
014 (286963.000.003) 2025-01-28 16:12:56 Node 3 executing on host: <192.168.0.151:9618?addrs=192.168.0.151-9618&alias=node151.di.rm1&noUDP&sock=startd_1528_a8cd>
...
014 (286963.000.002) 2025-01-28 16:12:56 Node 2 executing on host: <192.168.0.121:9618?addrs=192.168.0.121-9618&alias=node121.di.rm1&noUDP&sock=startd_2146_8e54>
...
014 (286963.000.001) 2025-01-28 16:12:56 Node 1 executing on host: <192.168.0.120:9618?addrs=192.168.0.120-9618&alias=node120.di.rm1&noUDP&sock=startd_2096_4298>
...
014 (286963.000.000) 2025-01-28 16:12:56 Node 0 executing on host: <192.168.0.141:9618?addrs=192.168.0.141-9618&alias=node141.di.rm1&noUDP&sock=startd_2077_3a4b>
...
001 (286963.000.000) 2025-01-28 16:12:56 Job executing on host: MPI_job
...
008 (286963.000.000) 2025-01-28 16:12:58 Launching orted on Node 1 of 4
...
008 (286963.000.000) 2025-01-28 16:12:58 Launching orted on Node 3 of 4
...
008 (286963.000.000) 2025-01-28 16:12:58 Launching orted on Node 2 of 4
...
008 (286963.000.000) 2025-01-28 16:12:58 Launching orted on Node 0 of 4
...
008 (286963.000.000) 2025-01-28 16:12:59 orted exited on Node 3 of 4
...
008 (286963.000.000) 2025-01-28 16:12:59 orted exited on Node 1 of 4
...
008 (286963.000.000) 2025-01-28 16:12:59 orted exited on Node 2 of 4
...
008 (286963.000.000) 2025-01-28 16:12:59 orted exited on Node 0 of 4
...
015 (286963.000.001) 2025-01-28 16:12:59 Node 1 terminated.
	(1) Normal termination (return value 0)
		Usr 0 00:00:00, Sys 0 00:00:00  -  Run Remote Usage
		Usr 0 00:00:00, Sys 0 00:00:00  -  Run Local Usage
		Usr 0 00:00:00, Sys 0 00:00:00  -  Total Remote Usage
		Usr 0 00:00:00, Sys 0 00:00:00  -  Total Local Usage
	2187  -  Run Bytes Sent By Node
	33591  -  Run Bytes Received By Node
	2187  -  Total Bytes Sent By Node
	33591  -  Total Bytes Received By Node
...
015 (286963.000.002) 2025-01-28 16:12:59 Node 2 terminated.
	(1) Normal termination (return value 0)
		Usr 0 00:00:01, Sys 0 00:00:00  -  Run Remote Usage
		Usr 0 00:00:00, Sys 0 00:00:00  -  Run Local Usage
		Usr 0 00:00:01, Sys 0 00:00:00  -  Total Remote Usage
		Usr 0 00:00:00, Sys 0 00:00:00  -  Total Local Usage
	2165  -  Run Bytes Sent By Node
	33591  -  Run Bytes Received By Node
	2165  -  Total Bytes Sent By Node
	33591  -  Total Bytes Received By Node
...
015 (286963.000.003) 2025-01-28 16:12:59 Node 3 terminated.
	(1) Normal termination (return value 0)
		Usr 0 00:00:00, Sys 0 00:00:00  -  Run Remote Usage
		Usr 0 00:00:00, Sys 0 00:00:00  -  Run Local Usage
		Usr 0 00:00:00, Sys 0 00:00:00  -  Total Remote Usage
		Usr 0 00:00:00, Sys 0 00:00:00  -  Total Local Usage
	2165  -  Run Bytes Sent By Node
	33591  -  Run Bytes Received By Node
	2165  -  Total Bytes Sent By Node
	33591  -  Total Bytes Received By Node
...
015 (286963.000.000) 2025-01-28 16:13:00 Node 0 terminated.
	(1) Normal termination (return value 0)
		Usr 0 00:00:00, Sys 0 00:00:00  -  Run Remote Usage
		Usr 0 00:00:00, Sys 0 00:00:00  -  Run Local Usage
		Usr 0 00:00:00, Sys 0 00:00:00  -  Total Remote Usage
		Usr 0 00:00:00, Sys 0 00:00:00  -  Total Local Usage
	3260  -  Run Bytes Sent By Node
	33591  -  Run Bytes Received By Node
	3260  -  Total Bytes Sent By Node
	33591  -  Total Bytes Received By Node
...
005 (286963.000.000) 2025-01-28 16:13:00 Job terminated.
	(1) Normal termination (return value 0)
		Usr 0 00:00:01, Sys 0 00:00:00  -  Run Remote Usage
		Usr 0 00:00:00, Sys 0 00:00:00  -  Run Local Usage
		Usr 0 00:00:00, Sys 0 00:00:00  -  Total Remote Usage
		Usr 0 00:00:00, Sys 0 00:00:00  -  Total Local Usage
	9777  -  Run Bytes Sent By Job
	134364  -  Run Bytes Received By Job
	9777  -  Total Bytes Sent By Job
	134364  -  Total Bytes Received By Job
	Partitionable Resources :    Usage  Request Allocated 
	   Cpus                 :                 1         2 
	   Disk (KB)            :       50       35 103002119 
	   Memory (MB)          :        0        0    100096 

	Job terminated of its own accord at 2025-01-28T16:12:59Z with exit-code 0.
...
