000 (273818.000.000) 2025-01-23 11:20:55 Job submitted from host: <192.168.0.102:9618?addrs=192.168.0.102-9618&alias=submitter&noUDP&sock=schedd_2032_5c88>
...
014 (273818.000.000) 2025-01-23 11:21:02 Node 0 executing on host: <192.168.0.130:9618?addrs=192.168.0.130-9618&alias=node130.di.rm1&noUDP&sock=startd_2751195_838e>
...
014 (273818.000.002) 2025-01-23 11:21:02 Node 2 executing on host: <192.168.0.151:9618?addrs=192.168.0.151-9618&alias=node151.di.rm1&noUDP&sock=startd_1528_a8cd>
...
014 (273818.000.001) 2025-01-23 11:21:02 Node 1 executing on host: <192.168.0.111:9618?addrs=192.168.0.111-9618&alias=node111.di.rm1&noUDP&sock=startd_2044_97ab>
...
014 (273818.000.003) 2025-01-23 11:21:02 Node 3 executing on host: <192.168.0.111:9618?addrs=192.168.0.111-9618&alias=node111.di.rm1&noUDP&sock=startd_2044_97ab>
...
001 (273818.000.000) 2025-01-23 11:21:02 Job executing on host: MPI_job
...
008 (273818.000.000) 2025-01-23 11:21:04 Launching orted on Node 0 of 4
...
008 (273818.000.000) 2025-01-23 11:21:04 Launching orted on Node 1 of 4
...
008 (273818.000.000) 2025-01-23 11:21:04 Launching orted on Node 2 of 4
...
008 (273818.000.000) 2025-01-23 11:21:05 Launching orted on Node 3 of 4
...
008 (273818.000.000) 2025-01-23 11:21:15 orted exited on Node 2 of 4
...
008 (273818.000.000) 2025-01-23 11:21:15 orted exited on Node 0 of 4
...
008 (273818.000.000) 2025-01-23 11:21:15 orted exited on Node 1 of 4
...
008 (273818.000.000) 2025-01-23 11:21:15 orted exited on Node 3 of 4
...
015 (273818.000.002) 2025-01-23 11:21:15 Node 2 terminated.
	(1) Normal termination (return value 0)
		Usr 0 00:00:09, Sys 0 00:00:00  -  Run Remote Usage
		Usr 0 00:00:00, Sys 0 00:00:00  -  Run Local Usage
		Usr 0 00:00:09, Sys 0 00:00:00  -  Total Remote Usage
		Usr 0 00:00:00, Sys 0 00:00:00  -  Total Local Usage
	2165  -  Run Bytes Sent By Node
	33639  -  Run Bytes Received By Node
	2165  -  Total Bytes Sent By Node
	33639  -  Total Bytes Received By Node
...
015 (273818.000.000) 2025-01-23 11:21:15 Node 0 terminated.
	(1) Normal termination (return value 0)
		Usr 0 00:00:00, Sys 0 00:00:01  -  Run Remote Usage
		Usr 0 00:00:00, Sys 0 00:00:00  -  Run Local Usage
		Usr 0 00:00:00, Sys 0 00:00:01  -  Total Remote Usage
		Usr 0 00:00:00, Sys 0 00:00:00  -  Total Local Usage
	3265  -  Run Bytes Sent By Node
	33639  -  Run Bytes Received By Node
	3265  -  Total Bytes Sent By Node
	33639  -  Total Bytes Received By Node
...
005 (273818.000.000) 2025-01-23 11:21:15 Job terminated.
	(1) Normal termination (return value 0)
		Usr 0 00:00:28, Sys 0 00:00:02  -  Run Remote Usage
		Usr 0 00:00:00, Sys 0 00:00:00  -  Run Local Usage
		Usr 0 00:00:00, Sys 0 00:00:01  -  Total Remote Usage
		Usr 0 00:00:00, Sys 0 00:00:00  -  Total Local Usage
	5430  -  Run Bytes Sent By Job
	134556  -  Run Bytes Received By Job
	5430  -  Total Bytes Sent By Job
	134556  -  Total Bytes Received By Job
	Partitionable Resources :    Usage  Request Allocated 
	   Cpus                 :                 1         2 
	   Disk (KB)            :       49       35 102964203 
	   Memory (MB)          :      332        0    100096 

	Job terminated of its own accord at 2025-01-23T11:21:15Z with exit-code 0.
...
000 (278563.000.000) 2025-01-24 09:05:35 Job submitted from host: <192.168.0.102:9618?addrs=192.168.0.102-9618&alias=submitter&noUDP&sock=schedd_2032_5c88>
...
014 (278563.000.001) 2025-01-24 09:05:39 Node 1 executing on host: <192.168.0.135:9618?addrs=192.168.0.135-9618&alias=node135.di.rm1&noUDP&sock=startd_2000_6980>
...
014 (278563.000.003) 2025-01-24 09:05:39 Node 3 executing on host: <192.168.0.135:9618?addrs=192.168.0.135-9618&alias=node135.di.rm1&noUDP&sock=startd_2000_6980>
...
014 (278563.000.002) 2025-01-24 09:05:39 Node 2 executing on host: <192.168.0.110:9618?addrs=192.168.0.110-9618&alias=node110.di.rm1&noUDP&sock=startd_2185_4e86>
...
014 (278563.000.000) 2025-01-24 09:05:39 Node 0 executing on host: <192.168.0.115:9618?addrs=192.168.0.115-9618&alias=node115.di.rm1&noUDP&sock=startd_1101621_f4a0>
...
001 (278563.000.000) 2025-01-24 09:05:39 Job executing on host: MPI_job
...
008 (278563.000.000) 2025-01-24 09:05:41 Launching orted on Node 1 of 4
...
008 (278563.000.000) 2025-01-24 09:05:41 Launching orted on Node 3 of 4
...
008 (278563.000.000) 2025-01-24 09:05:41 Launching orted on Node 2 of 4
...
008 (278563.000.000) 2025-01-24 09:05:42 Launching orted on Node 0 of 4
...
008 (278563.000.000) 2025-01-24 09:05:51 orted exited on Node 0 of 4
...
008 (278563.000.000) 2025-01-24 09:05:51 orted exited on Node 1 of 4
...
008 (278563.000.000) 2025-01-24 09:05:51 orted exited on Node 3 of 4
...
008 (278563.000.000) 2025-01-24 09:05:51 orted exited on Node 2 of 4
...
015 (278563.000.001) 2025-01-24 09:06:11 Node 1 terminated.
	(1) Normal termination (return value 0)
		Usr 0 00:00:09, Sys 0 00:00:00  -  Run Remote Usage
		Usr 0 00:00:00, Sys 0 00:00:00  -  Run Local Usage
		Usr 0 00:00:09, Sys 0 00:00:00  -  Total Remote Usage
		Usr 0 00:00:00, Sys 0 00:00:00  -  Total Local Usage
	2165  -  Run Bytes Sent By Node
	33639  -  Run Bytes Received By Node
	2165  -  Total Bytes Sent By Node
	33639  -  Total Bytes Received By Node
...
015 (278563.000.002) 2025-01-24 09:06:11 Node 2 terminated.
	(1) Normal termination (return value 0)
		Usr 0 00:00:08, Sys 0 00:00:00  -  Run Remote Usage
		Usr 0 00:00:00, Sys 0 00:00:00  -  Run Local Usage
		Usr 0 00:00:08, Sys 0 00:00:00  -  Total Remote Usage
		Usr 0 00:00:00, Sys 0 00:00:00  -  Total Local Usage
	2187  -  Run Bytes Sent By Node
	33639  -  Run Bytes Received By Node
	2187  -  Total Bytes Sent By Node
	33639  -  Total Bytes Received By Node
...
015 (278563.000.003) 2025-01-24 09:06:12 Node 3 terminated.
	(1) Normal termination (return value 0)
		Usr 0 00:00:09, Sys 0 00:00:00  -  Run Remote Usage
		Usr 0 00:00:00, Sys 0 00:00:00  -  Run Local Usage
		Usr 0 00:00:09, Sys 0 00:00:00  -  Total Remote Usage
		Usr 0 00:00:00, Sys 0 00:00:00  -  Total Local Usage
	2165  -  Run Bytes Sent By Node
	33639  -  Run Bytes Received By Node
	2165  -  Total Bytes Sent By Node
	33639  -  Total Bytes Received By Node
...
015 (278563.000.000) 2025-01-24 09:06:12 Node 0 terminated.
	(1) Normal termination (return value 0)
		Usr 0 00:00:05, Sys 0 00:00:01  -  Run Remote Usage
		Usr 0 00:00:00, Sys 0 00:00:00  -  Run Local Usage
		Usr 0 00:00:05, Sys 0 00:00:01  -  Total Remote Usage
		Usr 0 00:00:00, Sys 0 00:00:00  -  Total Local Usage
	3265  -  Run Bytes Sent By Node
	33639  -  Run Bytes Received By Node
	3265  -  Total Bytes Sent By Node
	33639  -  Total Bytes Received By Node
...
005 (278563.000.000) 2025-01-24 09:06:12 Job terminated.
	(1) Normal termination (return value 0)
		Usr 0 00:00:31, Sys 0 00:00:01  -  Run Remote Usage
		Usr 0 00:00:00, Sys 0 00:00:00  -  Run Local Usage
		Usr 0 00:00:05, Sys 0 00:00:01  -  Total Remote Usage
		Usr 0 00:00:00, Sys 0 00:00:00  -  Total Local Usage
	9782  -  Run Bytes Sent By Job
	134556  -  Run Bytes Received By Job
	9782  -  Total Bytes Sent By Job
	134556  -  Total Bytes Received By Job
	Partitionable Resources :    Usage  Request Allocated 
	   Cpus                 :                 1         2 
	   Disk (KB)            :       49       35 103010115 
	   Memory (MB)          :      320        1    100096 

	Job terminated of its own accord at 2025-01-24T09:05:51Z with exit-code 0.
...
