000 (270482.000.000) 2025-01-21 23:57:34 Job submitted from host: <192.168.0.102:9618?addrs=192.168.0.102-9618&alias=submitter&noUDP&sock=schedd_2032_5c88>
...
001 (270482.000.000) 2025-01-21 23:57:36 Job executing on host: <192.168.0.151:9618?addrs=192.168.0.151-9618&alias=node151.di.rm1&noUDP&sock=startd_1528_a8cd>
...
006 (270482.000.000) 2025-01-21 23:57:46 Image size of job updated: 560280
	548  -  MemoryUsage of job (MB)
	560280  -  ResidentSetSize of job (KB)
...
006 (270482.000.000) 2025-01-21 23:58:36 Image size of job updated: 3312548
	548  -  MemoryUsage of job (MB)
	560808  -  ResidentSetSize of job (KB)
...
004 (270482.000.000) 2025-01-21 23:58:36 Job was evicted.
	(0) CPU times
		Usr 0 00:00:56, Sys 0 00:00:02  -  Run Remote Usage
		Usr 0 00:00:00, Sys 0 00:00:00  -  Run Local Usage
	0  -  Run Bytes Sent By Job
	0  -  Run Bytes Received By Job
	Partitionable Resources :    Usage  Request Allocated 
	   Cpus                 :     1.00        1         1 
	   Disk (KB)            :    27          27    474791 
	   Memory (MB)          :   548           1       128 
...
009 (270482.000.000) 2025-01-21 23:58:36 Job was aborted.
	via condor_rm (by user calzona_2046920)
...
000 (276636.000.000) 2025-01-24 05:02:22 Job submitted from host: <192.168.0.102:9618?addrs=192.168.0.102-9618&alias=submitter&noUDP&sock=schedd_2032_5c88>
...
001 (276636.000.000) 2025-01-24 05:02:24 Job executing on host: <192.168.0.149:9618?addrs=192.168.0.149-9618&alias=node149.di.rm1&noUDP&sock=startd_1551_6f7a>
...
006 (276636.000.000) 2025-01-24 05:02:32 Image size of job updated: 503672
	492  -  MemoryUsage of job (MB)
	503144  -  ResidentSetSize of job (KB)
...
006 (276636.000.000) 2025-01-24 05:04:24 Image size of job updated: 7218468
	492  -  MemoryUsage of job (MB)
	503144  -  ResidentSetSize of job (KB)
...
004 (276636.000.000) 2025-01-24 05:04:24 Job was evicted.
	(0) CPU times
		Usr 0 00:01:57, Sys 0 00:00:03  -  Run Remote Usage
		Usr 0 00:00:00, Sys 0 00:00:00  -  Run Local Usage
	0  -  Run Bytes Sent By Job
	0  -  Run Bytes Received By Job
	Partitionable Resources :    Usage  Request Allocated 
	   Cpus                 :        0        1         1 
	   Disk (KB)            :       27       27    471944 
	   Memory (MB)          :      492        1       128 
...
009 (276636.000.000) 2025-01-24 05:04:24 Job was aborted.
	via condor_rm (by user calzona_2046920)
...
