000 (280588.000.000) 2025-01-25 17:03:03 Job submitted from host: <192.168.0.102:9618?addrs=192.168.0.102-9618&alias=submitter&noUDP&sock=schedd_2032_5c88>
...
014 (280588.000.000) 2025-01-25 17:03:12 Node 0 executing on host: <192.168.0.113:9618?addrs=192.168.0.113-9618&alias=node113.di.rm1&noUDP&sock=startd_3668932_c305>
...
001 (280588.000.000) 2025-01-25 17:03:12 Job executing on host: MPI_job
...
008 (280588.000.000) 2025-01-25 17:03:14 Launching orted on Node 0 of 2
...
008 (280588.000.000) 2025-01-25 17:05:04 Node 0 caught SIGTERM, cleaning up mpirun
...
008 (280588.000.000) 2025-01-25 17:05:04 Node 0 caught SIGTERM, cleaning up orted
...
004 (280588.000.000) 2025-01-25 17:05:06 Job was evicted.
	(0) CPU times
		Usr 0 00:00:00, Sys 0 00:00:00  -  Run Remote Usage
		Usr 0 00:00:00, Sys 0 00:00:00  -  Run Local Usage
	0  -  Run Bytes Sent By Job
	33639  -  Run Bytes Received By Job
	Partitionable Resources :    Usage  Request Allocated 
	   Cpus                 :                 1         1 
	   Disk (KB)            :       47       35  21608416 
	   GPUs                 :                           1 
	   Memory (MB)          :       13      313     20480 
...
009 (280588.000.000) 2025-01-25 17:05:06 Job was aborted.
	via condor_rm (by user calzona_2046920)
...
