000 (270163.000.000) 2025-01-21 23:30:14 Job submitted from host: <192.168.0.102:9618?addrs=192.168.0.102-9618&alias=submitter&noUDP&sock=schedd_2032_5c88>
...
001 (270163.000.000) 2025-01-21 23:30:29 Job executing on host: <192.168.0.120:9618?addrs=192.168.0.120-9618&alias=node120.di.rm1&noUDP&sock=startd_2096_4298>
...
006 (270163.000.000) 2025-01-21 23:30:34 Image size of job updated: 68376
	0  -  MemoryUsage of job (MB)
	0  -  ResidentSetSize of job (KB)
...
005 (270163.000.000) 2025-01-21 23:30:34 Job terminated.
	(1) Normal termination (return value 0)
		Usr 0 00:00:09, Sys 0 00:00:00  -  Run Remote Usage
		Usr 0 00:00:00, Sys 0 00:00:00  -  Run Local Usage
		Usr 0 00:00:09, Sys 0 00:00:00  -  Total Remote Usage
		Usr 0 00:00:00, Sys 0 00:00:00  -  Total Local Usage
	0  -  Run Bytes Sent By Job
	0  -  Run Bytes Received By Job
	0  -  Total Bytes Sent By Job
	0  -  Total Bytes Received By Job
	Partitionable Resources :    Usage  Request Allocated 
	   Cpus                 :                 1         1 
	   Disk (KB)            :       27       27    459052 
	   Gpus (Average)       :                 0         0 
	   Memory (MB)          :        0        1       128 

	Job terminated of its own accord at 2025-01-21T23:30:34Z with exit-code 0.
...
000 (276321.000.000) 2025-01-24 04:16:14 Job submitted from host: <192.168.0.102:9618?addrs=192.168.0.102-9618&alias=submitter&noUDP&sock=schedd_2032_5c88>
...
001 (276321.000.000) 2025-01-24 04:16:25 Job executing on host: <192.168.0.123:9618?addrs=192.168.0.123-9618&alias=node123.di.rm1&noUDP&sock=startd_2149_9d1d>
...
006 (276321.000.000) 2025-01-24 04:16:29 Image size of job updated: 68244
	0  -  MemoryUsage of job (MB)
	0  -  ResidentSetSize of job (KB)
...
005 (276321.000.000) 2025-01-24 04:16:29 Job terminated.
	(1) Normal termination (return value 0)
		Usr 0 00:00:10, Sys 0 00:00:00  -  Run Remote Usage
		Usr 0 00:00:00, Sys 0 00:00:00  -  Run Local Usage
		Usr 0 00:00:10, Sys 0 00:00:00  -  Total Remote Usage
		Usr 0 00:00:00, Sys 0 00:00:00  -  Total Local Usage
	0  -  Run Bytes Sent By Job
	0  -  Run Bytes Received By Job
	0  -  Total Bytes Sent By Job
	0  -  Total Bytes Received By Job
	Partitionable Resources :    Usage  Request Allocated 
	   Cpus                 :                 1         1 
	   Disk (KB)            :       27       27    499900 
	   Gpus (Average)       :                 0         0 
	   Memory (MB)          :        0        1       128 

	Job terminated of its own accord at 2025-01-24T04:16:29Z with exit-code 0.
...
