000 (269422.000.000) 2025-01-21 22:38:31 Job submitted from host: <192.168.0.102:9618?addrs=192.168.0.102-9618&alias=submitter&noUDP&sock=schedd_2032_5c88>
...
001 (269422.000.000) 2025-01-21 22:38:42 Job executing on host: <192.168.0.120:9618?addrs=192.168.0.120-9618&alias=node120.di.rm1&noUDP&sock=startd_2096_4298>
...
006 (269422.000.000) 2025-01-21 22:38:51 Image size of job updated: 492360
	481  -  MemoryUsage of job (MB)
	492360  -  ResidentSetSize of job (KB)
...
006 (269422.000.000) 2025-01-21 22:38:58 Image size of job updated: 604176
	482  -  MemoryUsage of job (MB)
	492756  -  ResidentSetSize of job (KB)
...
005 (269422.000.000) 2025-01-21 22:38:58 Job terminated.
	(1) Normal termination (return value 0)
		Usr 0 00:00:17, Sys 0 00:00:00  -  Run Remote Usage
		Usr 0 00:00:00, Sys 0 00:00:00  -  Run Local Usage
		Usr 0 00:00:17, Sys 0 00:00:00  -  Total Remote Usage
		Usr 0 00:00:00, Sys 0 00:00:00  -  Total Local Usage
	0  -  Run Bytes Sent By Job
	0  -  Run Bytes Received By Job
	0  -  Total Bytes Sent By Job
	0  -  Total Bytes Received By Job
	Partitionable Resources :    Usage  Request Allocated 
	   Cpus                 :                 1         1 
	   Disk (KB)            :       27       27    459052 
	   Gpus (Average)       :                 0         0 
	   Memory (MB)          :      482        1       128 

	Job terminated of its own accord at 2025-01-21T22:38:58Z with exit-code 0.
...
000 (275577.000.000) 2025-01-24 02:49:01 Job submitted from host: <192.168.0.102:9618?addrs=192.168.0.102-9618&alias=submitter&noUDP&sock=schedd_2032_5c88>
...
001 (275577.000.000) 2025-01-24 02:49:13 Job executing on host: <192.168.0.123:9618?addrs=192.168.0.123-9618&alias=node123.di.rm1&noUDP&sock=startd_2149_9d1d>
...
006 (275577.000.000) 2025-01-24 02:49:22 Image size of job updated: 481800
	471  -  MemoryUsage of job (MB)
	481800  -  ResidentSetSize of job (KB)
...
006 (275577.000.000) 2025-01-24 02:49:28 Image size of job updated: 577896
	471  -  MemoryUsage of job (MB)
	481932  -  ResidentSetSize of job (KB)
...
005 (275577.000.000) 2025-01-24 02:49:28 Job terminated.
	(1) Normal termination (return value 0)
		Usr 0 00:00:17, Sys 0 00:00:00  -  Run Remote Usage
		Usr 0 00:00:00, Sys 0 00:00:00  -  Run Local Usage
		Usr 0 00:00:17, Sys 0 00:00:00  -  Total Remote Usage
		Usr 0 00:00:00, Sys 0 00:00:00  -  Total Local Usage
	0  -  Run Bytes Sent By Job
	0  -  Run Bytes Received By Job
	0  -  Total Bytes Sent By Job
	0  -  Total Bytes Received By Job
	Partitionable Resources :    Usage  Request Allocated 
	   Cpus                 :                 1         1 
	   Disk (KB)            :       27       27    499900 
	   Gpus (Average)       :                 0         0 
	   Memory (MB)          :      471        1       128 

	Job terminated of its own accord at 2025-01-24T02:49:28Z with exit-code 0.
...
