000 (270997.000.000) 2025-01-22 00:32:27 Job submitted from host: <192.168.0.102:9618?addrs=192.168.0.102-9618&alias=submitter&noUDP&sock=schedd_2032_5c88>
...
001 (270997.000.000) 2025-01-22 00:32:29 Job executing on host: <192.168.0.147:9618?addrs=192.168.0.147-9618&alias=node147.di.rm1&noUDP&sock=startd_1513_5ee1>
...
006 (270997.000.000) 2025-01-22 00:32:37 Image size of job updated: 403524
	395  -  MemoryUsage of job (MB)
	403524  -  ResidentSetSize of job (KB)
...
006 (270997.000.000) 2025-01-22 00:33:30 Image size of job updated: 2849484
	396  -  MemoryUsage of job (MB)
	404976  -  ResidentSetSize of job (KB)
...
004 (270997.000.000) 2025-01-22 00:33:30 Job was evicted.
	(0) CPU times
		Usr 0 00:00:58, Sys 0 00:00:01  -  Run Remote Usage
		Usr 0 00:00:00, Sys 0 00:00:00  -  Run Local Usage
	0  -  Run Bytes Sent By Job
	0  -  Run Bytes Received By Job
	Partitionable Resources :    Usage  Request Allocated 
	   Cpus                 :                 1         1 
	   Disk (KB)            :       27       27    469805 
	   Memory (MB)          :      396        1       128 
...
009 (270997.000.000) 2025-01-22 00:33:30 Job was aborted.
	via condor_rm (by user calzona_2046920)
...
000 (277151.000.000) 2025-01-24 05:54:21 Job submitted from host: <192.168.0.102:9618?addrs=192.168.0.102-9618&alias=submitter&noUDP&sock=schedd_2032_5c88>
...
001 (277151.000.000) 2025-01-24 05:54:41 Job executing on host: <192.168.0.148:9618?addrs=192.168.0.148-9618&alias=node148.di.rm1&noUDP&sock=startd_1547_b119>
...
006 (277151.000.000) 2025-01-24 05:54:50 Image size of job updated: 454476
	444  -  MemoryUsage of job (MB)
	454476  -  ResidentSetSize of job (KB)
...
006 (277151.000.000) 2025-01-24 05:56:23 Image size of job updated: 4832124
	444  -  MemoryUsage of job (MB)
	454476  -  ResidentSetSize of job (KB)
...
004 (277151.000.000) 2025-01-24 05:56:23 Job was evicted.
	(0) CPU times
		Usr 0 00:01:38, Sys 0 00:00:02  -  Run Remote Usage
		Usr 0 00:00:00, Sys 0 00:00:00  -  Run Local Usage
	0  -  Run Bytes Sent By Job
	0  -  Run Bytes Received By Job
	Partitionable Resources :    Usage  Request Allocated 
	   Cpus                 :                 1         1 
	   Disk (KB)            :       27       27    467548 
	   Memory (MB)          :      444        1       128 
...
009 (277151.000.000) 2025-01-24 05:56:23 Job was aborted.
	via condor_rm (by user calzona_2046920)
...
