000 (269797.000.000) 2025-01-21 23:05:50 Job submitted from host: <192.168.0.102:9618?addrs=192.168.0.102-9618&alias=submitter&noUDP&sock=schedd_2032_5c88>
...
001 (269797.000.000) 2025-01-21 23:05:55 Job executing on host: <192.168.0.151:9618?addrs=192.168.0.151-9618&alias=node151.di.rm1&noUDP&sock=startd_1528_a8cd>
...
006 (269797.000.000) 2025-01-21 23:06:04 Image size of job updated: 378972
	371  -  MemoryUsage of job (MB)
	378972  -  ResidentSetSize of job (KB)
...
006 (269797.000.000) 2025-01-21 23:06:53 Image size of job updated: 2579412
	372  -  MemoryUsage of job (MB)
	380424  -  ResidentSetSize of job (KB)
...
004 (269797.000.000) 2025-01-21 23:06:53 Job was evicted.
	(0) CPU times
		Usr 0 00:00:54, Sys 0 00:00:01  -  Run Remote Usage
		Usr 0 00:00:00, Sys 0 00:00:00  -  Run Local Usage
	0  -  Run Bytes Sent By Job
	0  -  Run Bytes Received By Job
	Partitionable Resources :    Usage  Request Allocated 
	   Cpus                 :                 1         1 
	   Disk (KB)            :       27       27    474791 
	   Memory (MB)          :      372        1       128 
...
009 (269797.000.000) 2025-01-21 23:06:53 Job was aborted.
	via condor_rm (by user calzona_2046920)
...
