000 (271385.000.000) 2025-01-22 00:57:39 Job submitted from host: <192.168.0.102:9618?addrs=192.168.0.102-9618&alias=submitter&noUDP&sock=schedd_2032_5c88>
...
001 (271385.000.000) 2025-01-22 00:57:48 Job executing on host: <192.168.0.148:9618?addrs=192.168.0.148-9618&alias=node148.di.rm1&noUDP&sock=startd_1547_b119>
...
006 (271385.000.000) 2025-01-22 00:57:56 Image size of job updated: 403500
	392  -  MemoryUsage of job (MB)
	400464  -  ResidentSetSize of job (KB)
...
006 (271385.000.000) 2025-01-22 00:58:40 Image size of job updated: 2505600
	392  -  MemoryUsage of job (MB)
	400596  -  ResidentSetSize of job (KB)
...
004 (271385.000.000) 2025-01-22 00:58:40 Job was evicted.
	(0) CPU times
		Usr 0 00:00:52, Sys 0 00:00:01  -  Run Remote Usage
		Usr 0 00:00:00, Sys 0 00:00:00  -  Run Local Usage
	0  -  Run Bytes Sent By Job
	0  -  Run Bytes Received By Job
	Partitionable Resources :    Usage  Request Allocated 
	   Cpus                 :                 1         1 
	   Disk (KB)            :       27       27    467548 
	   Memory (MB)          :      392        1       128 
...
009 (271385.000.000) 2025-01-22 00:58:40 Job was aborted.
	via condor_rm (by user calzona_2046920)
...
000 (277539.000.000) 2025-01-24 06:38:03 Job submitted from host: <192.168.0.102:9618?addrs=192.168.0.102-9618&alias=submitter&noUDP&sock=schedd_2032_5c88>
...
001 (277539.000.000) 2025-01-24 06:38:15 Job executing on host: <192.168.0.151:9618?addrs=192.168.0.151-9618&alias=node151.di.rm1&noUDP&sock=startd_1528_a8cd>
...
006 (277539.000.000) 2025-01-24 06:38:23 Image size of job updated: 400312
	391  -  MemoryUsage of job (MB)
	399916  -  ResidentSetSize of job (KB)
...
006 (277539.000.000) 2025-01-24 06:40:05 Image size of job updated: 5322328
	391  -  MemoryUsage of job (MB)
	400048  -  ResidentSetSize of job (KB)
...
004 (277539.000.000) 2025-01-24 06:40:05 Job was evicted.
	(0) CPU times
		Usr 0 00:01:47, Sys 0 00:00:03  -  Run Remote Usage
		Usr 0 00:00:00, Sys 0 00:00:00  -  Run Local Usage
	0  -  Run Bytes Sent By Job
	0  -  Run Bytes Received By Job
	Partitionable Resources :    Usage  Request Allocated 
	   Cpus                 :                 1         1 
	   Disk (KB)            :       27       27    474791 
	   Memory (MB)          :      391        1       128 
...
009 (277539.000.000) 2025-01-24 06:40:05 Job was aborted.
	via condor_rm (by user calzona_2046920)
...
