000 (269904.000.000) 2025-01-21 23:17:07 Job submitted from host: <192.168.0.102:9618?addrs=192.168.0.102-9618&alias=submitter&noUDP&sock=schedd_2032_5c88>
...
001 (269904.000.000) 2025-01-21 23:17:13 Job executing on host: <192.168.0.151:9618?addrs=192.168.0.151-9618&alias=node151.di.rm1&noUDP&sock=startd_1528_a8cd>
...
006 (269904.000.000) 2025-01-21 23:17:23 Image size of job updated: 413272
	404  -  MemoryUsage of job (MB)
	413272  -  ResidentSetSize of job (KB)
...
006 (269904.000.000) 2025-01-21 23:18:10 Image size of job updated: 3086644
	405  -  MemoryUsage of job (MB)
	414592  -  ResidentSetSize of job (KB)
...
004 (269904.000.000) 2025-01-21 23:18:10 Job was evicted.
	(0) CPU times
		Usr 0 00:00:52, Sys 0 00:00:01  -  Run Remote Usage
		Usr 0 00:00:00, Sys 0 00:00:00  -  Run Local Usage
	0  -  Run Bytes Sent By Job
	0  -  Run Bytes Received By Job
	Partitionable Resources :    Usage  Request Allocated 
	   Cpus                 :                 1         1 
	   Disk (KB)            :       27       27    474791 
	   Memory (MB)          :      405        1       128 
...
009 (269904.000.000) 2025-01-21 23:18:11 Job was aborted.
	via condor_rm (by user calzona_2046920)
...
000 (276062.000.000) 2025-01-24 03:57:06 Job submitted from host: <192.168.0.102:9618?addrs=192.168.0.102-9618&alias=submitter&noUDP&sock=schedd_2032_5c88>
...
001 (276062.000.000) 2025-01-24 03:57:08 Job executing on host: <192.168.0.149:9618?addrs=192.168.0.149-9618&alias=node149.di.rm1&noUDP&sock=startd_1551_6f7a>
...
006 (276062.000.000) 2025-01-24 03:57:16 Image size of job updated: 1187020
	417  -  MemoryUsage of job (MB)
	426360  -  ResidentSetSize of job (KB)
...
006 (276062.000.000) 2025-01-24 03:59:08 Image size of job updated: 6343128
	417  -  MemoryUsage of job (MB)
	426492  -  ResidentSetSize of job (KB)
...
004 (276062.000.000) 2025-01-24 03:59:08 Job was evicted.
	(0) CPU times
		Usr 0 00:01:57, Sys 0 00:00:02  -  Run Remote Usage
		Usr 0 00:00:00, Sys 0 00:00:00  -  Run Local Usage
	0  -  Run Bytes Sent By Job
	0  -  Run Bytes Received By Job
	Partitionable Resources :    Usage  Request Allocated 
	   Cpus                 :     1.00        1         1 
	   Disk (KB)            :    27          27    471944 
	   Memory (MB)          :   417           1       128 
...
009 (276062.000.000) 2025-01-24 03:59:08 Job was aborted.
	via condor_rm (by user calzona_2046920)
...
