000 (279555.000.000) 2025-01-24 10:57:42 Job submitted from host: <192.168.0.102:9618?addrs=192.168.0.102-9618&alias=submitter&noUDP&sock=schedd_2032_5c88>
...
014 (279555.000.000) 2025-01-24 10:57:52 Node 0 executing on host: <192.168.0.123:9618?addrs=192.168.0.123-9618&alias=node123.di.rm1&noUDP&sock=startd_2149_9d1d>
...
014 (279555.000.004) 2025-01-24 10:57:52 Node 4 executing on host: <192.168.0.123:9618?addrs=192.168.0.123-9618&alias=node123.di.rm1&noUDP&sock=startd_2149_9d1d>
...
014 (279555.000.003) 2025-01-24 10:57:52 Node 3 executing on host: <192.168.0.143:9618?addrs=192.168.0.143-9618&alias=node143.di.rm1&noUDP&sock=startd_2061_40c7>
...
014 (279555.000.001) 2025-01-24 10:57:52 Node 1 executing on host: <192.168.0.110:9618?addrs=192.168.0.110-9618&alias=node110.di.rm1&noUDP&sock=startd_2185_4e86>
...
014 (279555.000.005) 2025-01-24 10:57:52 Node 5 executing on host: <192.168.0.115:9618?addrs=192.168.0.115-9618&alias=node115.di.rm1&noUDP&sock=startd_1101621_f4a0>
...
014 (279555.000.002) 2025-01-24 10:57:52 Node 2 executing on host: <192.168.0.114:9618?addrs=192.168.0.114-9618&alias=node114.di.rm1&noUDP&sock=startd_2075_db1b>
...
014 (279555.000.006) 2025-01-24 10:57:52 Node 6 executing on host: <192.168.0.145:9618?addrs=192.168.0.145-9618&alias=node145.di.rm1&noUDP&sock=startd_1869_8e98>
...
014 (279555.000.007) 2025-01-24 10:57:54 Node 7 executing on host: <192.168.0.142:9618?addrs=192.168.0.142-9618&alias=node142.di.rm1&noUDP&sock=startd_1996_ab1f>
...
001 (279555.000.000) 2025-01-24 10:57:54 Job executing on host: MPI_job
...
008 (279555.000.000) 2025-01-24 10:57:55 Launching orted on Node 1 of 8
...
008 (279555.000.000) 2025-01-24 10:57:55 Launching orted on Node 6 of 8
...
008 (279555.000.000) 2025-01-24 10:57:55 Launching orted on Node 2 of 8
...
008 (279555.000.000) 2025-01-24 10:57:55 Launching orted on Node 5 of 8
...
008 (279555.000.000) 2025-01-24 10:57:55 Launching orted on Node 4 of 8
...
008 (279555.000.000) 2025-01-24 10:57:55 Launching orted on Node 0 of 8
...
008 (279555.000.000) 2025-01-24 10:57:55 Launching orted on Node 3 of 8
...
008 (279555.000.000) 2025-01-24 10:57:57 Launching orted on Node 7 of 8
...
008 (279555.000.000) 2025-01-24 10:58:46 orted exited on Node 1 of 8
...
008 (279555.000.000) 2025-01-24 10:58:46 orted exited on Node 4 of 8
...
008 (279555.000.000) 2025-01-24 10:58:46 orted exited on Node 0 of 8
...
008 (279555.000.000) 2025-01-24 10:58:46 orted exited on Node 5 of 8
...
008 (279555.000.000) 2025-01-24 10:58:46 orted exited on Node 6 of 8
...
008 (279555.000.000) 2025-01-24 10:58:46 orted exited on Node 2 of 8
...
008 (279555.000.000) 2025-01-24 10:58:46 orted exited on Node 7 of 8
...
008 (279555.000.000) 2025-01-24 10:58:46 orted exited on Node 3 of 8
...
015 (279555.000.001) 2025-01-24 10:58:47 Node 1 terminated.
	(1) Normal termination (return value 0)
		Usr 0 00:00:43, Sys 0 00:00:05  -  Run Remote Usage
		Usr 0 00:00:00, Sys 0 00:00:00  -  Run Local Usage
		Usr 0 00:00:43, Sys 0 00:00:05  -  Total Remote Usage
		Usr 0 00:00:00, Sys 0 00:00:00  -  Total Local Usage
	2187  -  Run Bytes Sent By Node
	33639  -  Run Bytes Received By Node
	2187  -  Total Bytes Sent By Node
	33639  -  Total Bytes Received By Node
...
015 (279555.000.006) 2025-01-24 10:58:47 Node 6 terminated.
	(1) Normal termination (return value 0)
		Usr 0 00:00:46, Sys 0 00:00:04  -  Run Remote Usage
		Usr 0 00:00:00, Sys 0 00:00:00  -  Run Local Usage
		Usr 0 00:00:46, Sys 0 00:00:04  -  Total Remote Usage
		Usr 0 00:00:00, Sys 0 00:00:00  -  Total Local Usage
	2165  -  Run Bytes Sent By Node
	33639  -  Run Bytes Received By Node
	2165  -  Total Bytes Sent By Node
	33639  -  Total Bytes Received By Node
...
015 (279555.000.002) 2025-01-24 10:58:47 Node 2 terminated.
	(1) Normal termination (return value 0)
		Usr 0 00:00:44, Sys 0 00:00:04  -  Run Remote Usage
		Usr 0 00:00:00, Sys 0 00:00:00  -  Run Local Usage
		Usr 0 00:00:44, Sys 0 00:00:04  -  Total Remote Usage
		Usr 0 00:00:00, Sys 0 00:00:00  -  Total Local Usage
	2165  -  Run Bytes Sent By Node
	33639  -  Run Bytes Received By Node
	2165  -  Total Bytes Sent By Node
	33639  -  Total Bytes Received By Node
...
015 (279555.000.005) 2025-01-24 10:58:47 Node 5 terminated.
	(1) Normal termination (return value 0)
		Usr 0 00:00:44, Sys 0 00:00:05  -  Run Remote Usage
		Usr 0 00:00:00, Sys 0 00:00:00  -  Run Local Usage
		Usr 0 00:00:44, Sys 0 00:00:05  -  Total Remote Usage
		Usr 0 00:00:00, Sys 0 00:00:00  -  Total Local Usage
	2165  -  Run Bytes Sent By Node
	33639  -  Run Bytes Received By Node
	2165  -  Total Bytes Sent By Node
	33639  -  Total Bytes Received By Node
...
015 (279555.000.004) 2025-01-24 10:58:47 Node 4 terminated.
	(1) Normal termination (return value 0)
		Usr 0 00:00:44, Sys 0 00:00:06  -  Run Remote Usage
		Usr 0 00:00:00, Sys 0 00:00:00  -  Run Local Usage
		Usr 0 00:00:44, Sys 0 00:00:06  -  Total Remote Usage
		Usr 0 00:00:00, Sys 0 00:00:00  -  Total Local Usage
	22  -  Run Bytes Sent By Node
	33639  -  Run Bytes Received By Node
	22  -  Total Bytes Sent By Node
	33639  -  Total Bytes Received By Node
...
015 (279555.000.000) 2025-01-24 10:58:47 Node 0 terminated.
	(1) Normal termination (return value 0)
		Usr 0 00:00:00, Sys 0 00:00:00  -  Run Remote Usage
		Usr 0 00:00:00, Sys 0 00:00:00  -  Run Local Usage
		Usr 0 00:00:00, Sys 0 00:00:00  -  Total Remote Usage
		Usr 0 00:00:00, Sys 0 00:00:00  -  Total Local Usage
	3304  -  Run Bytes Sent By Node
	33639  -  Run Bytes Received By Node
	3304  -  Total Bytes Sent By Node
	33639  -  Total Bytes Received By Node
...
005 (279555.000.000) 2025-01-24 10:58:47 Job terminated.
	(1) Normal termination (return value 0)
		Usr 0 00:05:14, Sys 0 00:00:28  -  Run Remote Usage
		Usr 0 00:00:00, Sys 0 00:00:00  -  Run Local Usage
		Usr 0 00:00:00, Sys 0 00:00:00  -  Total Remote Usage
		Usr 0 00:00:00, Sys 0 00:00:00  -  Total Local Usage
	12008  -  Run Bytes Sent By Job
	269112  -  Run Bytes Received By Job
	12008  -  Total Bytes Sent By Job
	269112  -  Total Bytes Received By Job
	Partitionable Resources :    Usage  Request Allocated 
	   Cpus                 :                 1         1 
	   Disk (KB)            :       50       35    499900 
	   GPUs                 :                           0 
	   Memory (MB)          :      168        0     20480 

	Job terminated of its own accord at 2025-01-24T10:58:47Z with exit-code 0.
...
000 (287891.000.000) 2025-01-28 17:53:21 Job submitted from host: <192.168.0.102:9618?addrs=192.168.0.102-9618&alias=submitter&noUDP&sock=schedd_2032_5c88>
...
014 (287891.000.004) 2025-01-28 17:53:26 Node 4 executing on host: <192.168.0.139:9618?addrs=192.168.0.139-9618&alias=node139.di.rm1&noUDP&sock=startd_1966_1748>
...
014 (287891.000.002) 2025-01-28 17:53:26 Node 2 executing on host: <192.168.0.133:9618?addrs=192.168.0.133-9618&alias=node133.di.rm1&noUDP&sock=startd_1941_f16a>
...
014 (287891.000.005) 2025-01-28 17:53:26 Node 5 executing on host: <192.168.0.104:9618?addrs=192.168.0.104-9618&alias=node104.di.rm1&noUDP&sock=startd_1987_7ec5>
...
014 (287891.000.000) 2025-01-28 17:53:26 Node 0 executing on host: <192.168.0.112:9618?addrs=192.168.0.112-9618&alias=node112.di.rm1&noUDP&sock=startd_2169_5502>
...
014 (287891.000.001) 2025-01-28 17:53:26 Node 1 executing on host: <192.168.0.123:9618?addrs=192.168.0.123-9618&alias=node123.di.rm1&noUDP&sock=startd_2149_9d1d>
...
014 (287891.000.006) 2025-01-28 17:53:26 Node 6 executing on host: <192.168.0.113:9618?addrs=192.168.0.113-9618&alias=node113.di.rm1&noUDP&sock=startd_3668932_c305>
...
014 (287891.000.007) 2025-01-28 17:53:26 Node 7 executing on host: <192.168.0.143:9618?addrs=192.168.0.143-9618&alias=node143.di.rm1&noUDP&sock=startd_2061_40c7>
...
014 (287891.000.003) 2025-01-28 17:53:26 Node 3 executing on host: <192.168.0.142:9618?addrs=192.168.0.142-9618&alias=node142.di.rm1&noUDP&sock=startd_1996_ab1f>
...
001 (287891.000.000) 2025-01-28 17:53:26 Job executing on host: MPI_job
...
008 (287891.000.000) 2025-01-28 17:53:28 Launching orted on Node 4 of 8
...
008 (287891.000.000) 2025-01-28 17:53:28 Launching orted on Node 5 of 8
...
008 (287891.000.000) 2025-01-28 17:53:28 Launching orted on Node 2 of 8
...
008 (287891.000.000) 2025-01-28 17:53:28 Launching orted on Node 0 of 8
...
008 (287891.000.000) 2025-01-28 17:53:28 Launching orted on Node 1 of 8
...
008 (287891.000.000) 2025-01-28 17:53:28 Launching orted on Node 6 of 8
...
008 (287891.000.000) 2025-01-28 17:53:29 Launching orted on Node 7 of 8
...
008 (287891.000.000) 2025-01-28 17:53:29 Launching orted on Node 3 of 8
...
008 (287891.000.000) 2025-01-28 17:54:13 orted exited on Node 5 of 8
...
008 (287891.000.000) 2025-01-28 17:54:13 orted exited on Node 1 of 8
...
008 (287891.000.000) 2025-01-28 17:54:13 orted exited on Node 2 of 8
...
008 (287891.000.000) 2025-01-28 17:54:13 orted exited on Node 6 of 8
...
008 (287891.000.000) 2025-01-28 17:54:13 orted exited on Node 4 of 8
...
008 (287891.000.000) 2025-01-28 17:54:13 orted exited on Node 0 of 8
...
008 (287891.000.000) 2025-01-28 17:54:13 orted exited on Node 7 of 8
...
008 (287891.000.000) 2025-01-28 17:54:13 orted exited on Node 3 of 8
...
015 (287891.000.005) 2025-01-28 17:54:13 Node 5 terminated.
	(1) Normal termination (return value 0)
		Usr 0 00:00:42, Sys 0 00:00:01  -  Run Remote Usage
		Usr 0 00:00:00, Sys 0 00:00:00  -  Run Local Usage
		Usr 0 00:00:42, Sys 0 00:00:01  -  Total Remote Usage
		Usr 0 00:00:00, Sys 0 00:00:00  -  Total Local Usage
	2165  -  Run Bytes Sent By Node
	33591  -  Run Bytes Received By Node
	2165  -  Total Bytes Sent By Node
	33591  -  Total Bytes Received By Node
...
015 (287891.000.002) 2025-01-28 17:54:13 Node 2 terminated.
	(1) Normal termination (return value 0)
		Usr 0 00:00:42, Sys 0 00:00:01  -  Run Remote Usage
		Usr 0 00:00:00, Sys 0 00:00:00  -  Run Local Usage
		Usr 0 00:00:42, Sys 0 00:00:01  -  Total Remote Usage
		Usr 0 00:00:00, Sys 0 00:00:00  -  Total Local Usage
	2165  -  Run Bytes Sent By Node
	33591  -  Run Bytes Received By Node
	2165  -  Total Bytes Sent By Node
	33591  -  Total Bytes Received By Node
...
015 (287891.000.001) 2025-01-28 17:54:13 Node 1 terminated.
	(1) Normal termination (return value 0)
		Usr 0 00:00:42, Sys 0 00:00:01  -  Run Remote Usage
		Usr 0 00:00:00, Sys 0 00:00:00  -  Run Local Usage
		Usr 0 00:00:42, Sys 0 00:00:01  -  Total Remote Usage
		Usr 0 00:00:00, Sys 0 00:00:00  -  Total Local Usage
	2187  -  Run Bytes Sent By Node
	33591  -  Run Bytes Received By Node
	2187  -  Total Bytes Sent By Node
	33591  -  Total Bytes Received By Node
...
015 (287891.000.004) 2025-01-28 17:54:13 Node 4 terminated.
	(1) Normal termination (return value 0)
		Usr 0 00:00:42, Sys 0 00:00:01  -  Run Remote Usage
		Usr 0 00:00:00, Sys 0 00:00:00  -  Run Local Usage
		Usr 0 00:00:42, Sys 0 00:00:01  -  Total Remote Usage
		Usr 0 00:00:00, Sys 0 00:00:00  -  Total Local Usage
	2165  -  Run Bytes Sent By Node
	33591  -  Run Bytes Received By Node
	2165  -  Total Bytes Sent By Node
	33591  -  Total Bytes Received By Node
...
015 (287891.000.000) 2025-01-28 17:54:13 Node 0 terminated.
	(1) Normal termination (return value 0)
		Usr 0 00:00:00, Sys 0 00:00:00  -  Run Remote Usage
		Usr 0 00:00:00, Sys 0 00:00:00  -  Run Local Usage
		Usr 0 00:00:00, Sys 0 00:00:00  -  Total Remote Usage
		Usr 0 00:00:00, Sys 0 00:00:00  -  Total Local Usage
	3304  -  Run Bytes Sent By Node
	33591  -  Run Bytes Received By Node
	3304  -  Total Bytes Sent By Node
	33591  -  Total Bytes Received By Node
...
005 (287891.000.000) 2025-01-28 17:54:13 Job terminated.
	(1) Normal termination (return value 0)
		Usr 0 00:04:18, Sys 0 00:00:06  -  Run Remote Usage
		Usr 0 00:00:00, Sys 0 00:00:00  -  Run Local Usage
		Usr 0 00:00:00, Sys 0 00:00:00  -  Total Remote Usage
		Usr 0 00:00:00, Sys 0 00:00:00  -  Total Local Usage
	14173  -  Run Bytes Sent By Job
	268728  -  Run Bytes Received By Job
	14173  -  Total Bytes Sent By Job
	268728  -  Total Bytes Received By Job
	Partitionable Resources :    Usage  Request Allocated 
	   Cpus                 :     1.00        1         2 
	   Disk (KB)            :    58          35 102912356 
	   GPUs                 :                           0 
	   Memory (MB)          :   304           1    100096 

	Job terminated of its own accord at 2025-01-28T17:54:13Z with exit-code 0.
...
