000 (295092.000.000) 2025-01-31 01:24:29 Job submitted from host: <192.168.0.102:9618?addrs=192.168.0.102-9618&alias=submitter&noUDP&sock=schedd_4045053_7bc0>
...
014 (295092.000.000) 2025-01-31 01:24:37 Node 0 executing on host: <192.168.0.120:9618?addrs=192.168.0.120-9618&alias=node120.di.rm1&noUDP&sock=startd_2096_4298>
...
014 (295092.000.001) 2025-01-31 01:24:37 Node 1 executing on host: <192.168.0.120:9618?addrs=192.168.0.120-9618&alias=node120.di.rm1&noUDP&sock=startd_2096_4298>
...
014 (295092.000.002) 2025-01-31 01:24:37 Node 2 executing on host: <192.168.0.111:9618?addrs=192.168.0.111-9618&alias=node111.di.rm1&noUDP&sock=startd_2044_97ab>
...
014 (295092.000.003) 2025-01-31 01:24:37 Node 3 executing on host: <192.168.0.111:9618?addrs=192.168.0.111-9618&alias=node111.di.rm1&noUDP&sock=startd_2044_97ab>
...
001 (295092.000.000) 2025-01-31 01:24:37 Job executing on host: MPI_job
...
008 (295092.000.000) 2025-01-31 01:24:39 Launching orted on Node 1 of 4
...
008 (295092.000.000) 2025-01-31 01:24:39 Launching orted on Node 0 of 4
...
008 (295092.000.000) 2025-01-31 01:24:39 Launching orted on Node 3 of 4
...
008 (295092.000.000) 2025-01-31 01:24:39 Launching orted on Node 2 of 4
...
008 (295092.000.000) 2025-01-31 01:24:55 orted exited on Node 3 of 4
...
008 (295092.000.000) 2025-01-31 01:24:55 orted exited on Node 0 of 4
...
008 (295092.000.000) 2025-01-31 01:24:55 orted exited on Node 1 of 4
...
008 (295092.000.000) 2025-01-31 01:24:55 orted exited on Node 2 of 4
...
015 (295092.000.001) 2025-01-31 01:24:55 Node 1 terminated.
	(1) Normal termination (return value 0)
		Usr 0 00:00:58, Sys 0 00:00:00  -  Run Remote Usage
		Usr 0 00:00:00, Sys 0 00:00:00  -  Run Local Usage
		Usr 0 00:00:58, Sys 0 00:00:00  -  Total Remote Usage
		Usr 0 00:00:00, Sys 0 00:00:00  -  Total Local Usage
	22  -  Run Bytes Sent By Node
	33831  -  Run Bytes Received By Node
	22  -  Total Bytes Sent By Node
	33831  -  Total Bytes Received By Node
...
015 (295092.000.000) 2025-01-31 01:24:55 Node 0 terminated.
	(1) Normal termination (return value 0)
		Usr 0 00:00:00, Sys 0 00:00:00  -  Run Remote Usage
		Usr 0 00:00:00, Sys 0 00:00:00  -  Run Local Usage
		Usr 0 00:00:00, Sys 0 00:00:00  -  Total Remote Usage
		Usr 0 00:00:00, Sys 0 00:00:00  -  Total Local Usage
	3941  -  Run Bytes Sent By Node
	33831  -  Run Bytes Received By Node
	3941  -  Total Bytes Sent By Node
	33831  -  Total Bytes Received By Node
...
015 (295092.000.002) 2025-01-31 01:24:55 Node 2 terminated.
	(1) Normal termination (return value 0)
		Usr 0 00:00:57, Sys 0 00:00:00  -  Run Remote Usage
		Usr 0 00:00:00, Sys 0 00:00:00  -  Run Local Usage
		Usr 0 00:00:57, Sys 0 00:00:00  -  Total Remote Usage
		Usr 0 00:00:00, Sys 0 00:00:00  -  Total Local Usage
	2355  -  Run Bytes Sent By Node
	33831  -  Run Bytes Received By Node
	2355  -  Total Bytes Sent By Node
	33831  -  Total Bytes Received By Node
...
005 (295092.000.000) 2025-01-31 01:24:55 Job terminated.
	(1) Normal termination (return value 0)
		Usr 0 00:02:53, Sys 0 00:00:00  -  Run Remote Usage
		Usr 0 00:00:00, Sys 0 00:00:00  -  Run Local Usage
		Usr 0 00:00:00, Sys 0 00:00:00  -  Total Remote Usage
		Usr 0 00:00:00, Sys 0 00:00:00  -  Total Local Usage
	8673  -  Run Bytes Sent By Job
	135324  -  Run Bytes Received By Job
	8673  -  Total Bytes Sent By Job
	135324  -  Total Bytes Received By Job
	Partitionable Resources :    Usage  Request Allocated 
	   Cpus                 :                 1         1 
	   Disk (KB)            :       52       35  21575424 
	   GPUs                 :                           1 
	   Memory (MB)          :       43       32     65536 

	Job terminated of its own accord at 2025-01-31T01:24:55Z with exit-code 0.
...
