000 (265072.000.000) 2025-01-17 11:21:44 Job submitted from host: <192.168.0.102:9618?addrs=192.168.0.102-9618&alias=submitter&noUDP&sock=schedd_2032_5c88>
...
001 (265072.000.000) 2025-01-17 11:21:48 Job executing on host: <192.168.0.110:9618?addrs=192.168.0.110-9618&alias=node110.di.rm1&noUDP&sock=startd_2185_4e86>
...
006 (265072.000.000) 2025-01-17 11:21:57 Image size of job updated: 1263972
	353  -  MemoryUsage of job (MB)
	360756  -  ResidentSetSize of job (KB)
...
006 (265072.000.000) 2025-01-17 11:26:59 Image size of job updated: 6950796
	5655  -  MemoryUsage of job (MB)
	5790388  -  ResidentSetSize of job (KB)
...
006 (265072.000.000) 2025-01-17 11:33:27 Image size of job updated: 8086788
	6841  -  MemoryUsage of job (MB)
	7005120  -  ResidentSetSize of job (KB)
...
006 (265072.000.000) 2025-01-17 11:33:30 Image size of job updated: 8086788
	6859  -  MemoryUsage of job (MB)
	7023468  -  ResidentSetSize of job (KB)
...
004 (265072.000.000) 2025-01-17 11:33:30 Job was evicted.
	(0) CPU times
		Usr 0 00:03:01, Sys 0 00:04:45  -  Run Remote Usage
		Usr 0 00:00:00, Sys 0 00:00:00  -  Run Local Usage
	0  -  Run Bytes Sent By Job
	0  -  Run Bytes Received By Job
	Partitionable Resources :    Usage  Request Allocated 
	   Cpus                 :     0.65        1         1 
	   Disk (KB)            :    27          27    468087 
	   Gpus (Average)       :                 0         0 
	   Memory (MB)          :  6859           1       128 
...
009 (265072.000.000) 2025-01-17 11:33:30 Job was aborted.
	via condor_rm (by user calzona_2046920)
...
