000 (270444.000.000) 2025-01-21 23:54:28 Job submitted from host: <192.168.0.102:9618?addrs=192.168.0.102-9618&alias=submitter&noUDP&sock=schedd_2032_5c88>
...
001 (270444.000.000) 2025-01-21 23:54:30 Job executing on host: <192.168.0.151:9618?addrs=192.168.0.151-9618&alias=node151.di.rm1&noUDP&sock=startd_1528_a8cd>
...
006 (270444.000.000) 2025-01-21 23:54:38 Image size of job updated: 386196
	378  -  MemoryUsage of job (MB)
	386196  -  ResidentSetSize of job (KB)
...
006 (270444.000.000) 2025-01-21 23:55:31 Image size of job updated: 2888256
	378  -  MemoryUsage of job (MB)
	386592  -  ResidentSetSize of job (KB)
...
004 (270444.000.000) 2025-01-21 23:55:31 Job was evicted.
	(0) CPU times
		Usr 0 00:00:59, Sys 0 00:00:01  -  Run Remote Usage
		Usr 0 00:00:00, Sys 0 00:00:00  -  Run Local Usage
	0  -  Run Bytes Sent By Job
	0  -  Run Bytes Received By Job
	Partitionable Resources :    Usage  Request Allocated 
	   Cpus                 :                 1         1 
	   Disk (KB)            :       27       27    474791 
	   Memory (MB)          :      378        1       128 
...
009 (270444.000.000) 2025-01-21 23:55:31 Job was aborted.
	via condor_rm (by user calzona_2046920)
...
