000 (273905.000.000) 2025-01-23 11:26:03 Job submitted from host: <192.168.0.102:9618?addrs=192.168.0.102-9618&alias=submitter&noUDP&sock=schedd_2032_5c88>
...
014 (273905.000.000) 2025-01-23 11:26:10 Node 0 executing on host: <192.168.0.141:9618?addrs=192.168.0.141-9618&alias=node141.di.rm1&noUDP&sock=startd_2077_3a4b>
...
014 (273905.000.001) 2025-01-23 11:26:10 Node 1 executing on host: <192.168.0.147:9618?addrs=192.168.0.147-9618&alias=node147.di.rm1&noUDP&sock=startd_1513_5ee1>
...
014 (273905.000.002) 2025-01-23 11:26:10 Node 2 executing on host: <192.168.0.141:9618?addrs=192.168.0.141-9618&alias=node141.di.rm1&noUDP&sock=startd_2077_3a4b>
...
014 (273905.000.003) 2025-01-23 11:26:10 Node 3 executing on host: <192.168.0.151:9618?addrs=192.168.0.151-9618&alias=node151.di.rm1&noUDP&sock=startd_1528_a8cd>
...
001 (273905.000.000) 2025-01-23 11:26:10 Job executing on host: MPI_job
...
008 (273905.000.000) 2025-01-23 11:26:12 Launching orted on Node 0 of 4
...
008 (273905.000.000) 2025-01-23 11:26:13 Launching orted on Node 1 of 4
...
008 (273905.000.000) 2025-01-23 11:26:13 Launching orted on Node 2 of 4
...
008 (273905.000.000) 2025-01-23 11:26:13 Launching orted on Node 3 of 4
...
008 (273905.000.000) 2025-01-23 11:26:13 orted exited on Node 3 of 4
...
008 (273905.000.000) 2025-01-23 11:26:13 orted exited on Node 1 of 4
...
008 (273905.000.000) 2025-01-23 11:26:13 orted exited on Node 2 of 4
...
008 (273905.000.000) 2025-01-23 11:26:13 orted exited on Node 0 of 4
...
015 (273905.000.001) 2025-01-23 11:26:13 Node 1 terminated.
	(1) Normal termination (return value 0)
		Usr 0 00:00:00, Sys 0 00:00:00  -  Run Remote Usage
		Usr 0 00:00:00, Sys 0 00:00:00  -  Run Local Usage
		Usr 0 00:00:00, Sys 0 00:00:00  -  Total Remote Usage
		Usr 0 00:00:00, Sys 0 00:00:00  -  Total Local Usage
	2165  -  Run Bytes Sent By Node
	33639  -  Run Bytes Received By Node
	2165  -  Total Bytes Sent By Node
	33639  -  Total Bytes Received By Node
...
015 (273905.000.002) 2025-01-23 11:26:13 Node 2 terminated.
	(1) Normal termination (return value 0)
		Usr 0 00:00:00, Sys 0 00:00:00  -  Run Remote Usage
		Usr 0 00:00:00, Sys 0 00:00:00  -  Run Local Usage
		Usr 0 00:00:00, Sys 0 00:00:00  -  Total Remote Usage
		Usr 0 00:00:00, Sys 0 00:00:00  -  Total Local Usage
	0  -  Run Bytes Sent By Node
	33639  -  Run Bytes Received By Node
	0  -  Total Bytes Sent By Node
	33639  -  Total Bytes Received By Node
...
015 (273905.000.000) 2025-01-23 11:26:13 Node 0 terminated.
	(1) Normal termination (return value 0)
		Usr 0 00:00:01, Sys 0 00:00:00  -  Run Remote Usage
		Usr 0 00:00:00, Sys 0 00:00:00  -  Run Local Usage
		Usr 0 00:00:01, Sys 0 00:00:00  -  Total Remote Usage
		Usr 0 00:00:00, Sys 0 00:00:00  -  Total Local Usage
	3261  -  Run Bytes Sent By Node
	33639  -  Run Bytes Received By Node
	3261  -  Total Bytes Sent By Node
	33639  -  Total Bytes Received By Node
...
005 (273905.000.000) 2025-01-23 11:26:13 Job terminated.
	(1) Normal termination (return value 0)
		Usr 0 00:00:01, Sys 0 00:00:00  -  Run Remote Usage
		Usr 0 00:00:00, Sys 0 00:00:00  -  Run Local Usage
		Usr 0 00:00:01, Sys 0 00:00:00  -  Total Remote Usage
		Usr 0 00:00:00, Sys 0 00:00:00  -  Total Local Usage
	5426  -  Run Bytes Sent By Job
	134556  -  Run Bytes Received By Job
	5426  -  Total Bytes Sent By Job
	134556  -  Total Bytes Received By Job
	Partitionable Resources :    Usage  Request Allocated 
	   Cpus                 :                 1         1 
	   Disk (KB)            :       49       35    459831 
	   Memory (MB)          :        0      985     40960 

	Job terminated of its own accord at 2025-01-23T11:26:13Z with exit-code 0.
...
000 (278651.000.000) 2025-01-24 09:16:51 Job submitted from host: <192.168.0.102:9618?addrs=192.168.0.102-9618&alias=submitter&noUDP&sock=schedd_2032_5c88>
...
014 (278651.000.001) 2025-01-24 09:16:58 Node 1 executing on host: <192.168.0.137:9618?addrs=192.168.0.137-9618&alias=node137.di.rm1&noUDP&sock=startd_1934_2440>
...
014 (278651.000.000) 2025-01-24 09:16:58 Node 0 executing on host: <192.168.0.122:9618?addrs=192.168.0.122-9618&alias=node122.di.rm1&noUDP&sock=startd_2134_5331>
...
014 (278651.000.003) 2025-01-24 09:16:58 Node 3 executing on host: <192.168.0.142:9618?addrs=192.168.0.142-9618&alias=node142.di.rm1&noUDP&sock=startd_1996_ab1f>
...
014 (278651.000.002) 2025-01-24 09:16:58 Node 2 executing on host: <192.168.0.108:9618?addrs=192.168.0.108-9618&alias=node108.di.rm1&noUDP&sock=startd_1979_0203>
...
001 (278651.000.000) 2025-01-24 09:16:58 Job executing on host: MPI_job
...
008 (278651.000.000) 2025-01-24 09:17:00 Launching orted on Node 1 of 4
...
008 (278651.000.000) 2025-01-24 09:17:00 Launching orted on Node 3 of 4
...
008 (278651.000.000) 2025-01-24 09:17:00 Launching orted on Node 0 of 4
...
008 (278651.000.000) 2025-01-24 09:17:00 Launching orted on Node 2 of 4
...
008 (278651.000.000) 2025-01-24 09:17:01 orted exited on Node 2 of 4
...
008 (278651.000.000) 2025-01-24 09:17:01 orted exited on Node 1 of 4
...
008 (278651.000.000) 2025-01-24 09:17:01 orted exited on Node 0 of 4
...
008 (278651.000.000) 2025-01-24 09:17:01 orted exited on Node 3 of 4
...
015 (278651.000.001) 2025-01-24 09:17:01 Node 1 terminated.
	(1) Normal termination (return value 0)
		Usr 0 00:00:00, Sys 0 00:00:01  -  Run Remote Usage
		Usr 0 00:00:00, Sys 0 00:00:00  -  Run Local Usage
		Usr 0 00:00:00, Sys 0 00:00:01  -  Total Remote Usage
		Usr 0 00:00:00, Sys 0 00:00:00  -  Total Local Usage
	2165  -  Run Bytes Sent By Node
	33639  -  Run Bytes Received By Node
	2165  -  Total Bytes Sent By Node
	33639  -  Total Bytes Received By Node
...
015 (278651.000.003) 2025-01-24 09:17:01 Node 3 terminated.
	(1) Normal termination (return value 0)
		Usr 0 00:00:00, Sys 0 00:00:00  -  Run Remote Usage
		Usr 0 00:00:00, Sys 0 00:00:00  -  Run Local Usage
		Usr 0 00:00:00, Sys 0 00:00:00  -  Total Remote Usage
		Usr 0 00:00:00, Sys 0 00:00:00  -  Total Local Usage
	2165  -  Run Bytes Sent By Node
	33639  -  Run Bytes Received By Node
	2165  -  Total Bytes Sent By Node
	33639  -  Total Bytes Received By Node
...
015 (278651.000.000) 2025-01-24 09:17:01 Node 0 terminated.
	(1) Normal termination (return value 0)
		Usr 0 00:00:00, Sys 0 00:00:00  -  Run Remote Usage
		Usr 0 00:00:00, Sys 0 00:00:00  -  Run Local Usage
		Usr 0 00:00:00, Sys 0 00:00:00  -  Total Remote Usage
		Usr 0 00:00:00, Sys 0 00:00:00  -  Total Local Usage
	3305  -  Run Bytes Sent By Node
	33639  -  Run Bytes Received By Node
	3305  -  Total Bytes Sent By Node
	33639  -  Total Bytes Received By Node
...
005 (278651.000.000) 2025-01-24 09:17:01 Job terminated.
	(1) Normal termination (return value 0)
		Usr 0 00:00:01, Sys 0 00:00:01  -  Run Remote Usage
		Usr 0 00:00:00, Sys 0 00:00:00  -  Run Local Usage
		Usr 0 00:00:00, Sys 0 00:00:00  -  Total Remote Usage
		Usr 0 00:00:00, Sys 0 00:00:00  -  Total Local Usage
	7635  -  Run Bytes Sent By Job
	134556  -  Run Bytes Received By Job
	7635  -  Total Bytes Sent By Job
	134556  -  Total Bytes Received By Job
	Partitionable Resources :    Usage  Request Allocated 
	   Cpus                 :                 1         2 
	   Disk (KB)            :       50       35 102982364 
	   GPUs                 :                           0 
	   Memory (MB)          :        0     5552    100096 

	Job terminated of its own accord at 2025-01-24T09:17:01Z with exit-code 0.
...
