000 (273262.000.000) 2025-01-23 10:50:37 Job submitted from host: <192.168.0.102:9618?addrs=192.168.0.102-9618&alias=submitter&noUDP&sock=schedd_2032_5c88>
...
014 (273262.000.000) 2025-01-23 10:50:45 Node 0 executing on host: <192.168.0.120:9618?addrs=192.168.0.120-9618&alias=node120.di.rm1&noUDP&sock=startd_2096_4298>
...
014 (273262.000.001) 2025-01-23 10:50:45 Node 1 executing on host: <192.168.0.143:9618?addrs=192.168.0.143-9618&alias=node143.di.rm1&noUDP&sock=startd_2061_40c7>
...
001 (273262.000.000) 2025-01-23 10:50:45 Job executing on host: MPI_job
...
008 (273262.000.000) 2025-01-23 10:50:47 Launching orted on Node 0 of 2
...
008 (273262.000.000) 2025-01-23 10:50:47 Launching orted on Node 1 of 2
...
008 (273262.000.000) 2025-01-23 10:50:48 orted exited on Node 0 of 2
...
008 (273262.000.000) 2025-01-23 10:50:49 orted exited on Node 1 of 2
...
015 (273262.000.000) 2025-01-23 10:50:49 Node 0 terminated.
	(1) Normal termination (return value 0)
		Usr 0 00:00:00, Sys 0 00:00:01  -  Run Remote Usage
		Usr 0 00:00:00, Sys 0 00:00:00  -  Run Local Usage
		Usr 0 00:00:00, Sys 0 00:00:01  -  Total Remote Usage
		Usr 0 00:00:00, Sys 0 00:00:00  -  Total Local Usage
	3296  -  Run Bytes Sent By Node
	33639  -  Run Bytes Received By Node
	3296  -  Total Bytes Sent By Node
	33639  -  Total Bytes Received By Node
...
005 (273262.000.000) 2025-01-23 10:50:49 Job terminated.
	(1) Normal termination (return value 0)
		Usr 0 00:00:00, Sys 0 00:00:01  -  Run Remote Usage
		Usr 0 00:00:00, Sys 0 00:00:00  -  Run Local Usage
		Usr 0 00:00:00, Sys 0 00:00:01  -  Total Remote Usage
		Usr 0 00:00:00, Sys 0 00:00:00  -  Total Local Usage
	3296  -  Run Bytes Sent By Job
	67278  -  Run Bytes Received By Job
	3296  -  Total Bytes Sent By Job
	67278  -  Total Bytes Received By Job
	Partitionable Resources :    Usage  Request Allocated 
	   Cpus                 :                 1         1 
	   Disk (KB)            :       50       35  21575424 
	   GPUs                 :                           1 
	   Memory (MB)          :        0      277     20480 

	Job terminated of its own accord at 2025-01-23T10:50:49Z with exit-code 0.
...
000 (278038.000.000) 2025-01-24 07:41:20 Job submitted from host: <192.168.0.102:9618?addrs=192.168.0.102-9618&alias=submitter&noUDP&sock=schedd_2032_5c88>
...
014 (278038.000.001) 2025-01-24 07:41:27 Node 1 executing on host: <192.168.0.149:9618?addrs=192.168.0.149-9618&alias=node149.di.rm1&noUDP&sock=startd_1551_6f7a>
...
014 (278038.000.000) 2025-01-24 07:41:27 Node 0 executing on host: <192.168.0.124:9618?addrs=192.168.0.124-9618&alias=node124.di.rm1&noUDP&sock=startd_2143_7f8b>
...
001 (278038.000.000) 2025-01-24 07:41:27 Job executing on host: MPI_job
...
008 (278038.000.000) 2025-01-24 07:41:29 Launching orted on Node 1 of 2
...
008 (278038.000.000) 2025-01-24 07:41:30 Launching orted on Node 0 of 2
...
008 (278038.000.000) 2025-01-24 07:41:30 orted exited on Node 1 of 2
...
008 (278038.000.000) 2025-01-24 07:41:30 orted exited on Node 0 of 2
...
015 (278038.000.001) 2025-01-24 07:41:30 Node 1 terminated.
	(1) Normal termination (return value 0)
		Usr 0 00:00:01, Sys 0 00:00:00  -  Run Remote Usage
		Usr 0 00:00:00, Sys 0 00:00:00  -  Run Local Usage
		Usr 0 00:00:01, Sys 0 00:00:00  -  Total Remote Usage
		Usr 0 00:00:00, Sys 0 00:00:00  -  Total Local Usage
	2165  -  Run Bytes Sent By Node
	33639  -  Run Bytes Received By Node
	2165  -  Total Bytes Sent By Node
	33639  -  Total Bytes Received By Node
...
015 (278038.000.000) 2025-01-24 07:41:31 Node 0 terminated.
	(1) Normal termination (return value 0)
		Usr 0 00:00:00, Sys 0 00:00:00  -  Run Remote Usage
		Usr 0 00:00:00, Sys 0 00:00:00  -  Run Local Usage
		Usr 0 00:00:00, Sys 0 00:00:00  -  Total Remote Usage
		Usr 0 00:00:00, Sys 0 00:00:00  -  Total Local Usage
	3299  -  Run Bytes Sent By Node
	33639  -  Run Bytes Received By Node
	3299  -  Total Bytes Sent By Node
	33639  -  Total Bytes Received By Node
...
005 (278038.000.000) 2025-01-24 07:41:31 Job terminated.
	(1) Normal termination (return value 0)
		Usr 0 00:00:01, Sys 0 00:00:00  -  Run Remote Usage
		Usr 0 00:00:00, Sys 0 00:00:00  -  Run Local Usage
		Usr 0 00:00:00, Sys 0 00:00:00  -  Total Remote Usage
		Usr 0 00:00:00, Sys 0 00:00:00  -  Total Local Usage
	5464  -  Run Bytes Sent By Job
	67278  -  Run Bytes Received By Job
	5464  -  Total Bytes Sent By Job
	67278  -  Total Bytes Received By Job
	Partitionable Resources :    Usage  Request Allocated 
	   Cpus                 :                 1         2 
	   Disk (KB)            :       50       35 102856100 
	   GPUs                 :                           0 
	   Memory (MB)          :        0      375    100096 

	Job terminated of its own accord at 2025-01-24T07:41:30Z with exit-code 0.
...
