000 (273078.000.000) 2025-01-23 10:25:13 Job submitted from host: <192.168.0.102:9618?addrs=192.168.0.102-9618&alias=submitter&noUDP&sock=schedd_2032_5c88>
...
014 (273078.000.002) 2025-01-23 10:25:21 Node 2 executing on host: <192.168.0.137:9618?addrs=192.168.0.137-9618&alias=node137.di.rm1&noUDP&sock=startd_1934_2440>
...
014 (273078.000.001) 2025-01-23 10:25:21 Node 1 executing on host: <192.168.0.151:9618?addrs=192.168.0.151-9618&alias=node151.di.rm1&noUDP&sock=startd_1528_a8cd>
...
014 (273078.000.000) 2025-01-23 10:25:21 Node 0 executing on host: <192.168.0.111:9618?addrs=192.168.0.111-9618&alias=node111.di.rm1&noUDP&sock=startd_2044_97ab>
...
014 (273078.000.005) 2025-01-23 10:25:21 Node 5 executing on host: <192.168.0.112:9618?addrs=192.168.0.112-9618&alias=node112.di.rm1&noUDP&sock=startd_2169_5502>
...
014 (273078.000.004) 2025-01-23 10:25:21 Node 4 executing on host: <192.168.0.147:9618?addrs=192.168.0.147-9618&alias=node147.di.rm1&noUDP&sock=startd_1513_5ee1>
...
014 (273078.000.006) 2025-01-23 10:25:21 Node 6 executing on host: <192.168.0.151:9618?addrs=192.168.0.151-9618&alias=node151.di.rm1&noUDP&sock=startd_1528_a8cd>
...
014 (273078.000.007) 2025-01-23 10:25:21 Node 7 executing on host: <192.168.0.130:9618?addrs=192.168.0.130-9618&alias=node130.di.rm1&noUDP&sock=startd_2751195_838e>
...
014 (273078.000.003) 2025-01-23 10:25:21 Node 3 executing on host: <192.168.0.141:9618?addrs=192.168.0.141-9618&alias=node141.di.rm1&noUDP&sock=startd_2077_3a4b>
...
001 (273078.000.000) 2025-01-23 10:25:21 Job executing on host: MPI_job
...
008 (273078.000.000) 2025-01-23 10:25:23 Launching orted on Node 2 of 8
...
008 (273078.000.000) 2025-01-23 10:25:23 Launching orted on Node 0 of 8
...
008 (273078.000.000) 2025-01-23 10:25:23 Launching orted on Node 4 of 8
...
008 (273078.000.000) 2025-01-23 10:25:23 Launching orted on Node 1 of 8
...
008 (273078.000.000) 2025-01-23 10:25:23 Launching orted on Node 5 of 8
...
008 (273078.000.000) 2025-01-23 10:25:23 Launching orted on Node 7 of 8
...
008 (273078.000.000) 2025-01-23 10:25:23 Launching orted on Node 6 of 8
...
008 (273078.000.000) 2025-01-23 10:25:24 Launching orted on Node 3 of 8
...
008 (273078.000.000) 2025-01-23 10:26:10 orted exited on Node 5 of 8
...
008 (273078.000.000) 2025-01-23 10:26:10 orted exited on Node 2 of 8
...
008 (273078.000.000) 2025-01-23 10:26:10 orted exited on Node 7 of 8
...
008 (273078.000.000) 2025-01-23 10:26:10 orted exited on Node 1 of 8
...
008 (273078.000.000) 2025-01-23 10:26:10 orted exited on Node 4 of 8
...
008 (273078.000.000) 2025-01-23 10:26:10 orted exited on Node 6 of 8
...
008 (273078.000.000) 2025-01-23 10:26:10 orted exited on Node 0 of 8
...
008 (273078.000.000) 2025-01-23 10:26:10 orted exited on Node 3 of 8
...
015 (273078.000.004) 2025-01-23 10:26:10 Node 4 terminated.
	(1) Normal termination (return value 0)
		Usr 0 00:00:44, Sys 0 00:00:01  -  Run Remote Usage
		Usr 0 00:00:00, Sys 0 00:00:00  -  Run Local Usage
		Usr 0 00:00:44, Sys 0 00:00:01  -  Total Remote Usage
		Usr 0 00:00:00, Sys 0 00:00:00  -  Total Local Usage
	2165  -  Run Bytes Sent By Node
	33639  -  Run Bytes Received By Node
	2165  -  Total Bytes Sent By Node
	33639  -  Total Bytes Received By Node
...
015 (273078.000.002) 2025-01-23 10:26:10 Node 2 terminated.
	(1) Normal termination (return value 0)
		Usr 0 00:00:45, Sys 0 00:00:02  -  Run Remote Usage
		Usr 0 00:00:00, Sys 0 00:00:00  -  Run Local Usage
		Usr 0 00:00:45, Sys 0 00:00:02  -  Total Remote Usage
		Usr 0 00:00:00, Sys 0 00:00:00  -  Total Local Usage
	2165  -  Run Bytes Sent By Node
	33639  -  Run Bytes Received By Node
	2165  -  Total Bytes Sent By Node
	33639  -  Total Bytes Received By Node
...
015 (273078.000.005) 2025-01-23 10:26:10 Node 5 terminated.
	(1) Normal termination (return value 0)
		Usr 0 00:00:44, Sys 0 00:00:01  -  Run Remote Usage
		Usr 0 00:00:00, Sys 0 00:00:00  -  Run Local Usage
		Usr 0 00:00:44, Sys 0 00:00:01  -  Total Remote Usage
		Usr 0 00:00:00, Sys 0 00:00:00  -  Total Local Usage
	2187  -  Run Bytes Sent By Node
	33639  -  Run Bytes Received By Node
	2187  -  Total Bytes Sent By Node
	33639  -  Total Bytes Received By Node
...
015 (273078.000.007) 2025-01-23 10:26:10 Node 7 terminated.
	(1) Normal termination (return value 0)
		Usr 0 00:00:44, Sys 0 00:00:01  -  Run Remote Usage
		Usr 0 00:00:00, Sys 0 00:00:00  -  Run Local Usage
		Usr 0 00:00:44, Sys 0 00:00:01  -  Total Remote Usage
		Usr 0 00:00:00, Sys 0 00:00:00  -  Total Local Usage
	2165  -  Run Bytes Sent By Node
	33639  -  Run Bytes Received By Node
	2165  -  Total Bytes Sent By Node
	33639  -  Total Bytes Received By Node
...
015 (273078.000.000) 2025-01-23 10:26:10 Node 0 terminated.
	(1) Normal termination (return value 0)
		Usr 0 00:00:00, Sys 0 00:00:00  -  Run Remote Usage
		Usr 0 00:00:00, Sys 0 00:00:00  -  Run Local Usage
		Usr 0 00:00:00, Sys 0 00:00:00  -  Total Remote Usage
		Usr 0 00:00:00, Sys 0 00:00:00  -  Total Local Usage
	3309  -  Run Bytes Sent By Node
	33639  -  Run Bytes Received By Node
	3309  -  Total Bytes Sent By Node
	33639  -  Total Bytes Received By Node
...
005 (273078.000.000) 2025-01-23 10:26:10 Job terminated.
	(1) Normal termination (return value 0)
		Usr 0 00:05:11, Sys 0 00:00:08  -  Run Remote Usage
		Usr 0 00:00:00, Sys 0 00:00:00  -  Run Local Usage
		Usr 0 00:00:00, Sys 0 00:00:00  -  Total Remote Usage
		Usr 0 00:00:00, Sys 0 00:00:00  -  Total Local Usage
	11991  -  Run Bytes Sent By Job
	269112  -  Run Bytes Received By Job
	11991  -  Total Bytes Sent By Job
	269112  -  Total Bytes Received By Job
	Partitionable Resources :    Usage  Request Allocated 
	   Cpus                 :                 1         2 
	   Disk (KB)            :       51       35 102972620 
	   GPUs                 :                           0 
	   Memory (MB)          :      336        0    100096 

	Job terminated of its own accord at 2025-01-23T10:26:10Z with exit-code 0.
...
