000 (271238.000.000) 2025-01-22 00:49:32 Job submitted from host: <192.168.0.102:9618?addrs=192.168.0.102-9618&alias=submitter&noUDP&sock=schedd_2032_5c88>
...
001 (271238.000.000) 2025-01-22 00:49:33 Job executing on host: <192.168.0.120:9618?addrs=192.168.0.120-9618&alias=node120.di.rm1&noUDP&sock=startd_2096_4298>
...
006 (271238.000.000) 2025-01-22 00:49:42 Image size of job updated: 416988
	408  -  MemoryUsage of job (MB)
	416988  -  ResidentSetSize of job (KB)
...
006 (271238.000.000) 2025-01-22 00:50:17 Image size of job updated: 1994916
	408  -  MemoryUsage of job (MB)
	417120  -  ResidentSetSize of job (KB)
...
005 (271238.000.000) 2025-01-22 00:50:17 Job terminated.
	(1) Normal termination (return value 0)
		Usr 0 00:00:44, Sys 0 00:00:00  -  Run Remote Usage
		Usr 0 00:00:00, Sys 0 00:00:00  -  Run Local Usage
		Usr 0 00:00:44, Sys 0 00:00:00  -  Total Remote Usage
		Usr 0 00:00:00, Sys 0 00:00:00  -  Total Local Usage
	0  -  Run Bytes Sent By Job
	0  -  Run Bytes Received By Job
	0  -  Total Bytes Sent By Job
	0  -  Total Bytes Received By Job
	Partitionable Resources :    Usage  Request Allocated 
	   Cpus                 :                 1         1 
	   Disk (KB)            :       27       27    459052 
	   Gpus (Average)       :                 0         0 
	   Memory (MB)          :      408        1       128 

	Job terminated of its own accord at 2025-01-22T00:50:17Z with exit-code 0.
...
000 (277392.000.000) 2025-01-24 06:25:56 Job submitted from host: <192.168.0.102:9618?addrs=192.168.0.102-9618&alias=submitter&noUDP&sock=schedd_2032_5c88>
...
001 (277392.000.000) 2025-01-24 06:26:00 Job executing on host: <192.168.0.123:9618?addrs=192.168.0.123-9618&alias=node123.di.rm1&noUDP&sock=startd_2149_9d1d>
...
006 (277392.000.000) 2025-01-24 06:26:09 Image size of job updated: 457116
	447  -  MemoryUsage of job (MB)
	457116  -  ResidentSetSize of job (KB)
...
006 (277392.000.000) 2025-01-24 06:26:43 Image size of job updated: 2100648
	447  -  MemoryUsage of job (MB)
	457248  -  ResidentSetSize of job (KB)
...
005 (277392.000.000) 2025-01-24 06:26:43 Job terminated.
	(1) Normal termination (return value 0)
		Usr 0 00:00:44, Sys 0 00:00:00  -  Run Remote Usage
		Usr 0 00:00:00, Sys 0 00:00:00  -  Run Local Usage
		Usr 0 00:00:44, Sys 0 00:00:00  -  Total Remote Usage
		Usr 0 00:00:00, Sys 0 00:00:00  -  Total Local Usage
	0  -  Run Bytes Sent By Job
	0  -  Run Bytes Received By Job
	0  -  Total Bytes Sent By Job
	0  -  Total Bytes Received By Job
	Partitionable Resources :    Usage  Request Allocated 
	   Cpus                 :                 1         1 
	   Disk (KB)            :       27       27    499900 
	   Gpus (Average)       :                 0         0 
	   Memory (MB)          :      447        1       128 

	Job terminated of its own accord at 2025-01-24T06:26:43Z with exit-code 0.
...
