000 (264451.000.000) 2025-01-17 11:21:24 Job submitted from host: <192.168.0.102:9618?addrs=192.168.0.102-9618&alias=submitter&noUDP&sock=schedd_2032_5c88>
...
001 (264451.000.000) 2025-01-17 11:21:35 Job executing on host: <192.168.0.113:9618?addrs=192.168.0.113-9618&alias=node113.di.rm1&noUDP&sock=startd_3668932_c305>
...
006 (264451.000.000) 2025-01-17 11:21:45 Image size of job updated: 1465484
	474  -  MemoryUsage of job (MB)
	484572  -  ResidentSetSize of job (KB)
...
006 (264451.000.000) 2025-01-17 11:28:46 Image size of job updated: 6824460
	6370  -  MemoryUsage of job (MB)
	6522824  -  ResidentSetSize of job (KB)
...
006 (264451.000.000) 2025-01-17 11:33:51 Image size of job updated: 6824460
	6373  -  MemoryUsage of job (MB)
	6525764  -  ResidentSetSize of job (KB)
...
004 (264451.000.000) 2025-01-17 11:33:57 Job was evicted.
	(0) CPU times
		Usr 0 00:12:02, Sys 0 00:09:13  -  Run Remote Usage
		Usr 0 00:00:00, Sys 0 00:00:00  -  Run Local Usage
	0  -  Run Bytes Sent By Job
	0  -  Run Bytes Received By Job
	Partitionable Resources :    Usage  Request Allocated 
	   Cpus                 :     1.77        1         1 
	   Disk (KB)            :    27          27    459754 
	   Gpus (Average)       :                 0         0 
	   Memory (MB)          :  6373           1       128 
...
009 (264451.000.000) 2025-01-17 11:33:57 Job was aborted.
	via condor_rm (by user calzona_2046920)
...
