000 (270947.000.000) 2025-01-22 00:27:18 Job submitted from host: <192.168.0.102:9618?addrs=192.168.0.102-9618&alias=submitter&noUDP&sock=schedd_2032_5c88>
...
001 (270947.000.000) 2025-01-22 00:27:39 Job executing on host: <192.168.0.148:9618?addrs=192.168.0.148-9618&alias=node148.di.rm1&noUDP&sock=startd_1547_b119>
...
006 (270947.000.000) 2025-01-22 00:27:47 Image size of job updated: 407344
	395  -  MemoryUsage of job (MB)
	404308  -  ResidentSetSize of job (KB)
...
006 (270947.000.000) 2025-01-22 00:28:19 Image size of job updated: 1975372
	396  -  MemoryUsage of job (MB)
	404968  -  ResidentSetSize of job (KB)
...
004 (270947.000.000) 2025-01-22 00:28:19 Job was evicted.
	(0) CPU times
		Usr 0 00:00:41, Sys 0 00:00:01  -  Run Remote Usage
		Usr 0 00:00:00, Sys 0 00:00:00  -  Run Local Usage
	0  -  Run Bytes Sent By Job
	0  -  Run Bytes Received By Job
	Partitionable Resources :    Usage  Request Allocated 
	   Cpus                 :                 1         1 
	   Disk (KB)            :       27       27    467548 
	   Memory (MB)          :      396        1       128 
...
009 (270947.000.000) 2025-01-22 00:28:20 Job was aborted.
	via condor_rm (by user calzona_2046920)
...
