000 (270253.000.000) 2025-01-21 23:38:16 Job submitted from host: <192.168.0.102:9618?addrs=192.168.0.102-9618&alias=submitter&noUDP&sock=schedd_2032_5c88>
...
001 (270253.000.000) 2025-01-21 23:38:37 Job executing on host: <192.168.0.151:9618?addrs=192.168.0.151-9618&alias=node151.di.rm1&noUDP&sock=startd_1528_a8cd>
...
006 (270253.000.000) 2025-01-21 23:38:45 Image size of job updated: 455664
	445  -  MemoryUsage of job (MB)
	455664  -  ResidentSetSize of job (KB)
...
006 (270253.000.000) 2025-01-21 23:39:18 Image size of job updated: 3052176
	446  -  MemoryUsage of job (MB)
	456060  -  ResidentSetSize of job (KB)
...
004 (270253.000.000) 2025-01-21 23:39:18 Job was evicted.
	(0) CPU times
		Usr 0 00:00:39, Sys 0 00:00:00  -  Run Remote Usage
		Usr 0 00:00:00, Sys 0 00:00:00  -  Run Local Usage
	0  -  Run Bytes Sent By Job
	0  -  Run Bytes Received By Job
	Partitionable Resources :    Usage  Request Allocated 
	   Cpus                 :                 1         1 
	   Disk (KB)            :       27       27    474791 
	   Memory (MB)          :      446        1       128 
...
009 (270253.000.000) 2025-01-21 23:39:18 Job was aborted.
	via condor_rm (by user calzona_2046920)
...
000 (276410.000.000) 2025-01-24 04:30:04 Job submitted from host: <192.168.0.102:9618?addrs=192.168.0.102-9618&alias=submitter&noUDP&sock=schedd_2032_5c88>
...
001 (276410.000.000) 2025-01-24 04:30:04 Job executing on host: <192.168.0.149:9618?addrs=192.168.0.149-9618&alias=node149.di.rm1&noUDP&sock=startd_1551_6f7a>
...
006 (276410.000.000) 2025-01-24 04:30:13 Image size of job updated: 1118112
	498  -  MemoryUsage of job (MB)
	509784  -  ResidentSetSize of job (KB)
...
006 (276410.000.000) 2025-01-24 04:32:06 Image size of job updated: 7086096
	498  -  MemoryUsage of job (MB)
	509916  -  ResidentSetSize of job (KB)
...
004 (276410.000.000) 2025-01-24 04:32:06 Job was evicted.
	(0) CPU times
		Usr 0 00:01:58, Sys 0 00:00:02  -  Run Remote Usage
		Usr 0 00:00:00, Sys 0 00:00:00  -  Run Local Usage
	0  -  Run Bytes Sent By Job
	0  -  Run Bytes Received By Job
	Partitionable Resources :    Usage  Request Allocated 
	   Cpus                 :                 1         1 
	   Disk (KB)            :       27       27    471944 
	   Memory (MB)          :      498        1       128 
...
009 (276410.000.000) 2025-01-24 04:32:06 Job was aborted.
	via condor_rm (by user calzona_2046920)
...
