000 (269169.000.000) 2025-01-21 22:24:01 Job submitted from host: <192.168.0.102:9618?addrs=192.168.0.102-9618&alias=submitter&noUDP&sock=schedd_2032_5c88>
...
001 (269169.000.000) 2025-01-21 22:24:03 Job executing on host: <192.168.0.151:9618?addrs=192.168.0.151-9618&alias=node151.di.rm1&noUDP&sock=startd_1528_a8cd>
...
006 (269169.000.000) 2025-01-21 22:24:12 Image size of job updated: 1119000
	850  -  MemoryUsage of job (MB)
	869616  -  ResidentSetSize of job (KB)
...
006 (269169.000.000) 2025-01-21 22:24:45 Image size of job updated: 3603600
	851  -  MemoryUsage of job (MB)
	871332  -  ResidentSetSize of job (KB)
...
004 (269169.000.000) 2025-01-21 22:24:45 Job was evicted.
	(0) CPU times
		Usr 0 00:00:38, Sys 0 00:00:01  -  Run Remote Usage
		Usr 0 00:00:00, Sys 0 00:00:00  -  Run Local Usage
	0  -  Run Bytes Sent By Job
	0  -  Run Bytes Received By Job
	Partitionable Resources :    Usage  Request Allocated 
	   Cpus                 :                 1         1 
	   Disk (KB)            :       27       27    474791 
	   Memory (MB)          :      851        1       128 
...
009 (269169.000.000) 2025-01-21 22:24:45 Job was aborted.
	via condor_rm (by user calzona_2046920)
...
000 (269283.000.000) 2025-01-21 22:31:14 Job submitted from host: <192.168.0.102:9618?addrs=192.168.0.102-9618&alias=submitter&noUDP&sock=schedd_2032_5c88>
...
001 (269283.000.000) 2025-01-21 22:31:16 Job executing on host: <192.168.0.110:9618?addrs=192.168.0.110-9618&alias=node110.di.rm1&noUDP&sock=startd_2185_4e86>
...
006 (269283.000.000) 2025-01-21 22:31:24 Image size of job updated: 778668
	761  -  MemoryUsage of job (MB)
	778668  -  ResidentSetSize of job (KB)
...
006 (269283.000.000) 2025-01-21 22:32:16 Image size of job updated: 6057912
	762  -  MemoryUsage of job (MB)
	779724  -  ResidentSetSize of job (KB)
...
004 (269283.000.000) 2025-01-21 22:32:16 Job was evicted.
	(0) CPU times
		Usr 0 00:00:57, Sys 0 00:00:02  -  Run Remote Usage
		Usr 0 00:00:00, Sys 0 00:00:00  -  Run Local Usage
	0  -  Run Bytes Sent By Job
	0  -  Run Bytes Received By Job
	Partitionable Resources :    Usage  Request Allocated 
	   Cpus                 :                 1         1 
	   Disk (KB)            :       27       27    468087 
	   Gpus (Average)       :                 0         0 
	   Memory (MB)          :      762        1       128 
...
009 (269283.000.000) 2025-01-21 22:32:16 Job was aborted.
	via condor_rm (by user calzona_2046920)
...
000 (275439.000.000) 2025-01-24 02:36:03 Job submitted from host: <192.168.0.102:9618?addrs=192.168.0.102-9618&alias=submitter&noUDP&sock=schedd_2032_5c88>
...
001 (275439.000.000) 2025-01-24 02:36:04 Job executing on host: <192.168.0.149:9618?addrs=192.168.0.149-9618&alias=node149.di.rm1&noUDP&sock=startd_1551_6f7a>
...
006 (275439.000.000) 2025-01-24 02:36:13 Image size of job updated: 1131672
	765  -  MemoryUsage of job (MB)
	782892  -  ResidentSetSize of job (KB)
...
006 (275439.000.000) 2025-01-24 02:38:06 Image size of job updated: 11721636
	776  -  MemoryUsage of job (MB)
	794244  -  ResidentSetSize of job (KB)
...
004 (275439.000.000) 2025-01-24 02:38:06 Job was evicted.
	(0) CPU times
		Usr 0 00:01:56, Sys 0 00:00:04  -  Run Remote Usage
		Usr 0 00:00:00, Sys 0 00:00:00  -  Run Local Usage
	0  -  Run Bytes Sent By Job
	0  -  Run Bytes Received By Job
	Partitionable Resources :    Usage  Request Allocated 
	   Cpus                 :     1.00        1         1 
	   Disk (KB)            :    27          27    471944 
	   Memory (MB)          :   776           1       128 
...
009 (275439.000.000) 2025-01-24 02:38:06 Job was aborted.
	via condor_rm (by user calzona_2046920)
...
