000 (270073.000.000) 2025-01-21 23:26:44 Job submitted from host: <192.168.0.102:9618?addrs=192.168.0.102-9618&alias=submitter&noUDP&sock=schedd_2032_5c88>
...
001 (270073.000.000) 2025-01-21 23:26:46 Job executing on host: <192.168.0.151:9618?addrs=192.168.0.151-9618&alias=node151.di.rm1&noUDP&sock=startd_1528_a8cd>
...
006 (270073.000.000) 2025-01-21 23:26:54 Image size of job updated: 438600
	429  -  MemoryUsage of job (MB)
	438600  -  ResidentSetSize of job (KB)
...
006 (270073.000.000) 2025-01-21 23:27:46 Image size of job updated: 3825960
	430  -  MemoryUsage of job (MB)
	440052  -  ResidentSetSize of job (KB)
...
004 (270073.000.000) 2025-01-21 23:27:46 Job was evicted.
	(0) CPU times
		Usr 0 00:00:57, Sys 0 00:00:02  -  Run Remote Usage
		Usr 0 00:00:00, Sys 0 00:00:00  -  Run Local Usage
	0  -  Run Bytes Sent By Job
	0  -  Run Bytes Received By Job
	Partitionable Resources :    Usage  Request Allocated 
	   Cpus                 :                 1         1 
	   Disk (KB)            :       27       27    474791 
	   Memory (MB)          :      430        1       128 
...
009 (270073.000.000) 2025-01-21 23:27:46 Job was aborted.
	via condor_rm (by user calzona_2046920)
...
000 (276231.000.000) 2025-01-24 04:11:44 Job submitted from host: <192.168.0.102:9618?addrs=192.168.0.102-9618&alias=submitter&noUDP&sock=schedd_2032_5c88>
...
001 (276231.000.000) 2025-01-24 04:11:44 Job executing on host: <192.168.0.121:9618?addrs=192.168.0.121-9618&alias=node121.di.rm1&noUDP&sock=startd_2146_8e54>
...
006 (276231.000.000) 2025-01-24 04:11:53 Image size of job updated: 1480980
	472  -  MemoryUsage of job (MB)
	482416  -  ResidentSetSize of job (KB)
...
006 (276231.000.000) 2025-01-24 04:13:45 Image size of job updated: 6705804
	472  -  MemoryUsage of job (MB)
	482548  -  ResidentSetSize of job (KB)
...
004 (276231.000.000) 2025-01-24 04:13:45 Job was evicted.
	(0) CPU times
		Usr 0 00:01:58, Sys 0 00:00:03  -  Run Remote Usage
		Usr 0 00:00:00, Sys 0 00:00:00  -  Run Local Usage
	0  -  Run Bytes Sent By Job
	0  -  Run Bytes Received By Job
	Partitionable Resources :    Usage  Request Allocated 
	   Cpus                 :     1.00        1         1 
	   Disk (KB)            :    27          27    467232 
	   Memory (MB)          :   472           1       128 
...
009 (276231.000.000) 2025-01-24 04:13:45 Job was aborted.
	via condor_rm (by user calzona_2046920)
...
