000 (269820.000.000) 2025-01-21 23:08:55 Job submitted from host: <192.168.0.102:9618?addrs=192.168.0.102-9618&alias=submitter&noUDP&sock=schedd_2032_5c88>
...
001 (269820.000.000) 2025-01-21 23:09:00 Job executing on host: <192.168.0.151:9618?addrs=192.168.0.151-9618&alias=node151.di.rm1&noUDP&sock=startd_1528_a8cd>
...
006 (269820.000.000) 2025-01-21 23:09:10 Image size of job updated: 467808
	457  -  MemoryUsage of job (MB)
	467808  -  ResidentSetSize of job (KB)
...
006 (269820.000.000) 2025-01-21 23:09:58 Image size of job updated: 625572
	458  -  MemoryUsage of job (MB)
	468600  -  ResidentSetSize of job (KB)
...
004 (269820.000.000) 2025-01-21 23:09:58 Job was evicted.
	(0) CPU times
		Usr 0 00:01:36, Sys 0 00:00:00  -  Run Remote Usage
		Usr 0 00:00:00, Sys 0 00:00:00  -  Run Local Usage
	0  -  Run Bytes Sent By Job
	0  -  Run Bytes Received By Job
	Partitionable Resources :    Usage  Request Allocated 
	   Cpus                 :                 1         1 
	   Disk (KB)            :       27       27    474791 
	   Memory (MB)          :      458        1       128 
...
009 (269820.000.000) 2025-01-21 23:09:58 Job was aborted.
	via condor_rm (by user calzona_2046920)
...
000 (275977.000.000) 2025-01-24 03:40:55 Job submitted from host: <192.168.0.102:9618?addrs=192.168.0.102-9618&alias=submitter&noUDP&sock=schedd_2032_5c88>
...
001 (275977.000.000) 2025-01-24 03:40:56 Job executing on host: <192.168.0.148:9618?addrs=192.168.0.148-9618&alias=node148.di.rm1&noUDP&sock=startd_1547_b119>
...
006 (275977.000.000) 2025-01-24 03:41:05 Image size of job updated: 422532
	413  -  MemoryUsage of job (MB)
	422532  -  ResidentSetSize of job (KB)
...
006 (275977.000.000) 2025-01-24 03:42:57 Image size of job updated: 625572
	413  -  MemoryUsage of job (MB)
	422664  -  ResidentSetSize of job (KB)
...
004 (275977.000.000) 2025-01-24 03:42:57 Job was evicted.
	(0) CPU times
		Usr 0 00:03:47, Sys 0 00:00:00  -  Run Remote Usage
		Usr 0 00:00:00, Sys 0 00:00:00  -  Run Local Usage
	0  -  Run Bytes Sent By Job
	0  -  Run Bytes Received By Job
	Partitionable Resources :    Usage  Request Allocated 
	   Cpus                 :     2.00        1         1 
	   Disk (KB)            :    27          27    467548 
	   Memory (MB)          :   413           1       128 
...
009 (275977.000.000) 2025-01-24 03:42:57 Job was aborted.
	via condor_rm (by user calzona_2046920)
...
