000 (274166.000.000) 2025-01-23 11:39:15 Job submitted from host: <192.168.0.102:9618?addrs=192.168.0.102-9618&alias=submitter&noUDP&sock=schedd_2032_5c88>
...
014 (274166.000.000) 2025-01-23 11:39:19 Node 0 executing on host: <192.168.0.146:9618?addrs=192.168.0.146-9618&alias=node146.di.rm1&noUDP&sock=startd_1984_6ffc>
...
014 (274166.000.002) 2025-01-23 11:39:19 Node 2 executing on host: <192.168.0.147:9618?addrs=192.168.0.147-9618&alias=node147.di.rm1&noUDP&sock=startd_1513_5ee1>
...
014 (274166.000.003) 2025-01-23 11:39:20 Node 3 executing on host: <192.168.0.112:9618?addrs=192.168.0.112-9618&alias=node112.di.rm1&noUDP&sock=startd_2169_5502>
...
014 (274166.000.001) 2025-01-23 11:39:20 Node 1 executing on host: <192.168.0.141:9618?addrs=192.168.0.141-9618&alias=node141.di.rm1&noUDP&sock=startd_2077_3a4b>
...
001 (274166.000.000) 2025-01-23 11:39:20 Job executing on host: MPI_job
...
008 (274166.000.000) 2025-01-23 11:39:22 Launching orted on Node 0 of 4
...
008 (274166.000.000) 2025-01-23 11:39:22 Launching orted on Node 2 of 4
...
008 (274166.000.000) 2025-01-23 11:39:22 Launching orted on Node 3 of 4
...
008 (274166.000.000) 2025-01-23 11:39:22 Launching orted on Node 1 of 4
...
008 (274166.000.000) 2025-01-23 11:39:55 Node 0 caught SIGTERM, cleaning up mpirun
...
004 (274166.000.000) 2025-01-23 11:39:56 Job was evicted.
	(0) CPU times
		Usr 0 00:00:48, Sys 0 00:00:00  -  Run Remote Usage
		Usr 0 00:00:00, Sys 0 00:00:00  -  Run Local Usage
	0  -  Run Bytes Sent By Job
	134556  -  Run Bytes Received By Job
	Partitionable Resources :    Usage  Request Allocated 
	   Cpus                 :                 1         2 
	   Disk (KB)            :     8560       35 103077319 
	   Memory (MB)          :      240        0    100096 
...
009 (274166.000.000) 2025-01-23 11:39:56 Job was aborted.
	via condor_rm (by user calzona_2046920)
...
000 (278904.000.000) 2025-01-24 09:41:17 Job submitted from host: <192.168.0.102:9618?addrs=192.168.0.102-9618&alias=submitter&noUDP&sock=schedd_2032_5c88>
...
014 (278904.000.003) 2025-01-24 09:41:25 Node 3 executing on host: <192.168.0.130:9618?addrs=192.168.0.130-9618&alias=node130.di.rm1&noUDP&sock=startd_2751195_838e>
...
014 (278904.000.002) 2025-01-24 09:41:25 Node 2 executing on host: <192.168.0.151:9618?addrs=192.168.0.151-9618&alias=node151.di.rm1&noUDP&sock=startd_1528_a8cd>
...
014 (278904.000.001) 2025-01-24 09:41:25 Node 1 executing on host: <192.168.0.135:9618?addrs=192.168.0.135-9618&alias=node135.di.rm1&noUDP&sock=startd_2000_6980>
...
014 (278904.000.000) 2025-01-24 09:41:25 Node 0 executing on host: <192.168.0.141:9618?addrs=192.168.0.141-9618&alias=node141.di.rm1&noUDP&sock=startd_2077_3a4b>
...
001 (278904.000.000) 2025-01-24 09:41:25 Job executing on host: MPI_job
...
008 (278904.000.000) 2025-01-24 09:41:28 Launching orted on Node 3 of 4
...
008 (278904.000.000) 2025-01-24 09:41:28 Launching orted on Node 0 of 4
...
008 (278904.000.000) 2025-01-24 09:41:28 Launching orted on Node 2 of 4
...
008 (278904.000.000) 2025-01-24 09:41:28 Launching orted on Node 1 of 4
...
008 (278904.000.000) 2025-01-24 09:42:13 orted exited on Node 2 of 4
...
008 (278904.000.000) 2025-01-24 09:42:13 orted exited on Node 3 of 4
...
008 (278904.000.000) 2025-01-24 09:42:13 orted exited on Node 1 of 4
...
008 (278904.000.000) 2025-01-24 09:42:13 orted exited on Node 0 of 4
...
015 (278904.000.003) 2025-01-24 09:42:13 Node 3 terminated.
	(1) Normal termination (return value 0)
		Usr 0 00:00:43, Sys 0 00:00:02  -  Run Remote Usage
		Usr 0 00:00:00, Sys 0 00:00:00  -  Run Local Usage
		Usr 0 00:00:43, Sys 0 00:00:02  -  Total Remote Usage
		Usr 0 00:00:00, Sys 0 00:00:00  -  Total Local Usage
	2165  -  Run Bytes Sent By Node
	33639  -  Run Bytes Received By Node
	2165  -  Total Bytes Sent By Node
	33639  -  Total Bytes Received By Node
...
015 (278904.000.002) 2025-01-24 09:42:13 Node 2 terminated.
	(1) Normal termination (return value 0)
		Usr 0 00:00:42, Sys 0 00:00:01  -  Run Remote Usage
		Usr 0 00:00:00, Sys 0 00:00:00  -  Run Local Usage
		Usr 0 00:00:42, Sys 0 00:00:01  -  Total Remote Usage
		Usr 0 00:00:00, Sys 0 00:00:00  -  Total Local Usage
	2165  -  Run Bytes Sent By Node
	33639  -  Run Bytes Received By Node
	2165  -  Total Bytes Sent By Node
	33639  -  Total Bytes Received By Node
...
015 (278904.000.001) 2025-01-24 09:42:13 Node 1 terminated.
	(1) Normal termination (return value 0)
		Usr 0 00:00:42, Sys 0 00:00:01  -  Run Remote Usage
		Usr 0 00:00:00, Sys 0 00:00:00  -  Run Local Usage
		Usr 0 00:00:42, Sys 0 00:00:01  -  Total Remote Usage
		Usr 0 00:00:00, Sys 0 00:00:00  -  Total Local Usage
	2165  -  Run Bytes Sent By Node
	33639  -  Run Bytes Received By Node
	2165  -  Total Bytes Sent By Node
	33639  -  Total Bytes Received By Node
...
015 (278904.000.000) 2025-01-24 09:42:13 Node 0 terminated.
	(1) Normal termination (return value 0)
		Usr 0 00:00:00, Sys 0 00:00:00  -  Run Remote Usage
		Usr 0 00:00:00, Sys 0 00:00:00  -  Run Local Usage
		Usr 0 00:00:00, Sys 0 00:00:00  -  Total Remote Usage
		Usr 0 00:00:00, Sys 0 00:00:00  -  Total Local Usage
	3260  -  Run Bytes Sent By Node
	33639  -  Run Bytes Received By Node
	3260  -  Total Bytes Sent By Node
	33639  -  Total Bytes Received By Node
...
005 (278904.000.000) 2025-01-24 09:42:14 Job terminated.
	(1) Normal termination (return value 0)
		Usr 0 00:02:07, Sys 0 00:00:04  -  Run Remote Usage
		Usr 0 00:00:00, Sys 0 00:00:00  -  Run Local Usage
		Usr 0 00:00:00, Sys 0 00:00:00  -  Total Remote Usage
		Usr 0 00:00:00, Sys 0 00:00:00  -  Total Local Usage
	9755  -  Run Bytes Sent By Job
	134556  -  Run Bytes Received By Job
	9755  -  Total Bytes Sent By Job
	134556  -  Total Bytes Received By Job
	Partitionable Resources :    Usage  Request Allocated 
	   Cpus                 :                 1         1 
	   Disk (KB)            :       49       35    459831 
	   Memory (MB)          :      273        0     20480 

	Job terminated of its own accord at 2025-01-24T09:42:13Z with exit-code 0.
...
