000 (269837.000.000) 2025-01-21 23:09:57 Job submitted from host: <192.168.0.102:9618?addrs=192.168.0.102-9618&alias=submitter&noUDP&sock=schedd_2032_5c88>
...
001 (269837.000.000) 2025-01-21 23:10:02 Job executing on host: <192.168.0.151:9618?addrs=192.168.0.151-9618&alias=node151.di.rm1&noUDP&sock=startd_1528_a8cd>
...
006 (269837.000.000) 2025-01-21 23:10:12 Image size of job updated: 387684
	379  -  MemoryUsage of job (MB)
	387684  -  ResidentSetSize of job (KB)
...
006 (269837.000.000) 2025-01-21 23:11:00 Image size of job updated: 2182556
	380  -  MemoryUsage of job (MB)
	388476  -  ResidentSetSize of job (KB)
...
004 (269837.000.000) 2025-01-21 23:11:00 Job was evicted.
	(0) CPU times
		Usr 0 00:01:01, Sys 0 00:00:00  -  Run Remote Usage
		Usr 0 00:00:00, Sys 0 00:00:00  -  Run Local Usage
	0  -  Run Bytes Sent By Job
	0  -  Run Bytes Received By Job
	Partitionable Resources :    Usage  Request Allocated 
	   Cpus                 :                 1         1 
	   Disk (KB)            :       27       27    474791 
	   Memory (MB)          :      380        1       128 
...
009 (269837.000.000) 2025-01-21 23:11:00 Job was aborted.
	via condor_rm (by user calzona_2046920)
...
