000 (273145.000.000) 2025-01-23 10:42:24 Job submitted from host: <192.168.0.102:9618?addrs=192.168.0.102-9618&alias=submitter&noUDP&sock=schedd_2032_5c88>
...
014 (273145.000.000) 2025-01-23 10:42:32 Node 0 executing on host: <192.168.0.148:9618?addrs=192.168.0.148-9618&alias=node148.di.rm1&noUDP&sock=startd_1547_b119>
...
014 (273145.000.001) 2025-01-23 10:42:33 Node 1 executing on host: <192.168.0.141:9618?addrs=192.168.0.141-9618&alias=node141.di.rm1&noUDP&sock=startd_2077_3a4b>
...
001 (273145.000.000) 2025-01-23 10:42:33 Job executing on host: MPI_job
...
008 (273145.000.000) 2025-01-23 10:42:35 Launching orted on Node 0 of 2
...
008 (273145.000.000) 2025-01-23 10:42:35 Launching orted on Node 1 of 2
...
008 (273145.000.000) 2025-01-23 10:42:36 orted exited on Node 0 of 2
...
008 (273145.000.000) 2025-01-23 10:42:36 orted exited on Node 1 of 2
...
015 (273145.000.000) 2025-01-23 10:42:36 Node 0 terminated.
	(1) Normal termination (return value 0)
		Usr 0 00:00:00, Sys 0 00:00:00  -  Run Remote Usage
		Usr 0 00:00:00, Sys 0 00:00:00  -  Run Local Usage
		Usr 0 00:00:00, Sys 0 00:00:00  -  Total Remote Usage
		Usr 0 00:00:00, Sys 0 00:00:00  -  Total Local Usage
	3257  -  Run Bytes Sent By Node
	33639  -  Run Bytes Received By Node
	3257  -  Total Bytes Sent By Node
	33639  -  Total Bytes Received By Node
...
005 (273145.000.000) 2025-01-23 10:42:36 Job terminated.
	(1) Normal termination (return value 0)
		Usr 0 00:00:00, Sys 0 00:00:00  -  Run Remote Usage
		Usr 0 00:00:00, Sys 0 00:00:00  -  Run Local Usage
		Usr 0 00:00:00, Sys 0 00:00:00  -  Total Remote Usage
		Usr 0 00:00:00, Sys 0 00:00:00  -  Total Local Usage
	3257  -  Run Bytes Sent By Job
	67278  -  Run Bytes Received By Job
	3257  -  Total Bytes Sent By Job
	67278  -  Total Bytes Received By Job
	Partitionable Resources :    Usage  Request Allocated 
	   Cpus                 :                 1         2 
	   Disk (KB)            :       49       35 102860533 
	   Memory (MB)          :        1        1    100096 

	Job terminated of its own accord at 2025-01-23T10:42:36Z with exit-code 0.
...
000 (277923.000.000) 2025-01-24 07:30:09 Job submitted from host: <192.168.0.102:9618?addrs=192.168.0.102-9618&alias=submitter&noUDP&sock=schedd_2032_5c88>
...
014 (277923.000.001) 2025-01-24 07:30:13 Node 1 executing on host: <192.168.0.145:9618?addrs=192.168.0.145-9618&alias=node145.di.rm1&noUDP&sock=startd_1869_8e98>
...
014 (277923.000.000) 2025-01-24 07:30:13 Node 0 executing on host: <192.168.0.110:9618?addrs=192.168.0.110-9618&alias=node110.di.rm1&noUDP&sock=startd_2185_4e86>
...
001 (277923.000.000) 2025-01-24 07:30:13 Job executing on host: MPI_job
...
008 (277923.000.000) 2025-01-24 07:30:15 Launching orted on Node 1 of 2
...
008 (277923.000.000) 2025-01-24 07:30:15 Launching orted on Node 0 of 2
...
008 (277923.000.000) 2025-01-24 07:30:16 orted exited on Node 1 of 2
...
008 (277923.000.000) 2025-01-24 07:30:16 orted exited on Node 0 of 2
...
015 (277923.000.000) 2025-01-24 07:30:16 Node 0 terminated.
	(1) Normal termination (return value 0)
		Usr 0 00:00:00, Sys 0 00:00:00  -  Run Remote Usage
		Usr 0 00:00:00, Sys 0 00:00:00  -  Run Local Usage
		Usr 0 00:00:00, Sys 0 00:00:00  -  Total Remote Usage
		Usr 0 00:00:00, Sys 0 00:00:00  -  Total Local Usage
	3667  -  Run Bytes Sent By Node
	33639  -  Run Bytes Received By Node
	3667  -  Total Bytes Sent By Node
	33639  -  Total Bytes Received By Node
...
005 (277923.000.000) 2025-01-24 07:30:16 Job terminated.
	(1) Normal termination (return value 0)
		Usr 0 00:00:00, Sys 0 00:00:00  -  Run Remote Usage
		Usr 0 00:00:00, Sys 0 00:00:00  -  Run Local Usage
		Usr 0 00:00:00, Sys 0 00:00:00  -  Total Remote Usage
		Usr 0 00:00:00, Sys 0 00:00:00  -  Total Local Usage
	5832  -  Run Bytes Sent By Job
	67278  -  Run Bytes Received By Job
	5832  -  Total Bytes Sent By Job
	67278  -  Total Bytes Received By Job
	Partitionable Resources :    Usage  Request Allocated 
	   Cpus                 :                 1         1 
	   Disk (KB)            :       50       35  21531979 
	   GPUs                 :                           1 
	   Memory (MB)          :        0        1     65536 

	Job terminated of its own accord at 2025-01-24T07:30:16Z with exit-code 0.
...
000 (286033.000.000) 2025-01-28 14:44:13 Job submitted from host: <192.168.0.102:9618?addrs=192.168.0.102-9618&alias=submitter&noUDP&sock=schedd_2032_5c88>
...
014 (286033.000.000) 2025-01-28 14:44:20 Node 0 executing on host: <192.168.0.111:9618?addrs=192.168.0.111-9618&alias=node111.di.rm1&noUDP&sock=startd_2044_97ab>
...
014 (286033.000.001) 2025-01-28 14:44:20 Node 1 executing on host: <192.168.0.111:9618?addrs=192.168.0.111-9618&alias=node111.di.rm1&noUDP&sock=startd_2044_97ab>
...
001 (286033.000.000) 2025-01-28 14:44:20 Job executing on host: MPI_job
...
008 (286033.000.000) 2025-01-28 14:44:22 Launching orted on Node 1 of 2
...
008 (286033.000.000) 2025-01-28 14:44:22 Launching orted on Node 0 of 2
...
008 (286033.000.000) 2025-01-28 14:44:23 orted exited on Node 0 of 2
...
008 (286033.000.000) 2025-01-28 14:44:23 orted exited on Node 1 of 2
...
015 (286033.000.000) 2025-01-28 14:44:23 Node 0 terminated.
	(1) Normal termination (return value 0)
		Usr 0 00:00:00, Sys 0 00:00:00  -  Run Remote Usage
		Usr 0 00:00:00, Sys 0 00:00:00  -  Run Local Usage
		Usr 0 00:00:00, Sys 0 00:00:00  -  Total Remote Usage
		Usr 0 00:00:00, Sys 0 00:00:00  -  Total Local Usage
	3665  -  Run Bytes Sent By Node
	33591  -  Run Bytes Received By Node
	3665  -  Total Bytes Sent By Node
	33591  -  Total Bytes Received By Node
...
005 (286033.000.000) 2025-01-28 14:44:23 Job terminated.
	(1) Normal termination (return value 0)
		Usr 0 00:00:00, Sys 0 00:00:00  -  Run Remote Usage
		Usr 0 00:00:00, Sys 0 00:00:00  -  Run Local Usage
		Usr 0 00:00:00, Sys 0 00:00:00  -  Total Remote Usage
		Usr 0 00:00:00, Sys 0 00:00:00  -  Total Local Usage
	3687  -  Run Bytes Sent By Job
	67182  -  Run Bytes Received By Job
	3687  -  Total Bytes Sent By Job
	67182  -  Total Bytes Received By Job
	Partitionable Resources :    Usage  Request Allocated 
	   Cpus                 :                 1         1 
	   Disk (KB)            :       51       35  21530639 
	   GPUs                 :                           1 
	   Memory (MB)          :        0        0     20480 

	Job terminated of its own accord at 2025-01-28T14:44:23Z with exit-code 0.
...
