000 (262166.000.000) 2025-01-16 18:01:02 Job submitted from host: <192.168.0.102:9618?addrs=192.168.0.102-9618&alias=submitter&noUDP&sock=schedd_2032_5c88>
...
001 (262166.000.000) 2025-01-16 18:01:19 Job executing on host: <192.168.0.120:9618?addrs=192.168.0.120-9618&alias=node120.di.rm1&noUDP&sock=startd_2096_4298>
...
006 (262166.000.000) 2025-01-16 18:01:27 Image size of job updated: 408276
	395  -  MemoryUsage of job (MB)
	404456  -  ResidentSetSize of job (KB)
...
006 (262166.000.000) 2025-01-16 18:06:27 Image size of job updated: 15588144
	15220  -  MemoryUsage of job (MB)
	15584456  -  ResidentSetSize of job (KB)
...
006 (262166.000.000) 2025-01-16 18:11:27 Image size of job updated: 30608556
	29888  -  MemoryUsage of job (MB)
	30604868  -  ResidentSetSize of job (KB)
...
006 (262166.000.000) 2025-01-16 18:16:25 Image size of job updated: 45335200
	29888  -  MemoryUsage of job (MB)
	30605000  -  ResidentSetSize of job (KB)
...
004 (262166.000.000) 2025-01-16 18:16:25 Job was evicted.
	(0) CPU times
		Usr 0 00:14:44, Sys 0 00:00:23  -  Run Remote Usage
		Usr 0 00:00:00, Sys 0 00:00:00  -  Run Local Usage
	0  -  Run Bytes Sent By Job
	0  -  Run Bytes Received By Job
	Partitionable Resources :    Usage  Request Allocated 
	   Cpus                 :     1.00        1         1 
	   Disk (KB)            :    27          27    459052 
	   Gpus (Average)       :                 0         0 
	   Memory (MB)          : 29888           1       128 
...
009 (262166.000.000) 2025-01-16 18:16:25 Job was aborted.
	via condor_rm (by user calzona_2046920)
...
