000 (268229.000.000) 2025-01-21 21:40:15 Job submitted from host: <192.168.0.102:9618?addrs=192.168.0.102-9618&alias=submitter&noUDP&sock=schedd_2032_5c88>
...
001 (268229.000.000) 2025-01-21 21:40:33 Job executing on host: <192.168.0.123:9618?addrs=192.168.0.123-9618&alias=node123.di.rm1&noUDP&sock=startd_2149_9d1d>
...
006 (268229.000.000) 2025-01-21 21:40:42 Image size of job updated: 809292
	791  -  MemoryUsage of job (MB)
	809292  -  ResidentSetSize of job (KB)
...
006 (268229.000.000) 2025-01-21 21:40:59 Image size of job updated: 2165040
	792  -  MemoryUsage of job (MB)
	810744  -  ResidentSetSize of job (KB)
...
004 (268229.000.000) 2025-01-21 21:40:59 Job was evicted.
	(0) CPU times
		Usr 0 00:00:23, Sys 0 00:00:01  -  Run Remote Usage
		Usr 0 00:00:00, Sys 0 00:00:00  -  Run Local Usage
	0  -  Run Bytes Sent By Job
	0  -  Run Bytes Received By Job
	Partitionable Resources :    Usage  Request Allocated 
	   Cpus                 :                 1         1 
	   Disk (KB)            :       27       27    499900 
	   Gpus (Average)       :                 0         0 
	   Memory (MB)          :      792        1       128 
...
009 (268229.000.000) 2025-01-21 21:40:59 Job was aborted.
	via condor_rm (by user calzona_2046920)
...
000 (268417.000.000) 2025-01-21 21:46:59 Job submitted from host: <192.168.0.102:9618?addrs=192.168.0.102-9618&alias=submitter&noUDP&sock=schedd_2032_5c88>
...
001 (268417.000.000) 2025-01-21 21:47:12 Job executing on host: <192.168.0.121:9618?addrs=192.168.0.121-9618&alias=node121.di.rm1&noUDP&sock=startd_2146_8e54>
...
006 (268417.000.000) 2025-01-21 21:47:21 Image size of job updated: 834372
	815  -  MemoryUsage of job (MB)
	834372  -  ResidentSetSize of job (KB)
...
006 (268417.000.000) 2025-01-21 21:47:37 Image size of job updated: 1847472
	816  -  MemoryUsage of job (MB)
	835296  -  ResidentSetSize of job (KB)
...
005 (268417.000.000) 2025-01-21 21:47:38 Job terminated.
	(1) Normal termination (return value 0)
		Usr 0 00:00:23, Sys 0 00:00:01  -  Run Remote Usage
		Usr 0 00:00:00, Sys 0 00:00:00  -  Run Local Usage
		Usr 0 00:00:23, Sys 0 00:00:01  -  Total Remote Usage
		Usr 0 00:00:00, Sys 0 00:00:00  -  Total Local Usage
	0  -  Run Bytes Sent By Job
	0  -  Run Bytes Received By Job
	0  -  Total Bytes Sent By Job
	0  -  Total Bytes Received By Job
	Partitionable Resources :    Usage  Request Allocated 
	   Cpus                 :     1.00        1         1 
	   Disk (KB)            :    27          27    467232 
	   Memory (MB)          :   816           1       128 

	Job terminated of its own accord at 2025-01-21T21:47:37Z with exit-code 0.
...
000 (274987.000.000) 2025-01-24 01:33:08 Job submitted from host: <192.168.0.102:9618?addrs=192.168.0.102-9618&alias=submitter&noUDP&sock=schedd_2032_5c88>
...
001 (274987.000.000) 2025-01-24 01:33:09 Job executing on host: <192.168.0.123:9618?addrs=192.168.0.123-9618&alias=node123.di.rm1&noUDP&sock=startd_2149_9d1d>
...
006 (274987.000.000) 2025-01-24 01:33:19 Image size of job updated: 798732
	781  -  MemoryUsage of job (MB)
	798732  -  ResidentSetSize of job (KB)
...
006 (274987.000.000) 2025-01-24 01:33:35 Image size of job updated: 2165556
	781  -  MemoryUsage of job (MB)
	799260  -  ResidentSetSize of job (KB)
...
005 (274987.000.000) 2025-01-24 01:33:35 Job terminated.
	(1) Normal termination (return value 0)
		Usr 0 00:00:24, Sys 0 00:00:01  -  Run Remote Usage
		Usr 0 00:00:00, Sys 0 00:00:00  -  Run Local Usage
		Usr 0 00:00:24, Sys 0 00:00:01  -  Total Remote Usage
		Usr 0 00:00:00, Sys 0 00:00:00  -  Total Local Usage
	0  -  Run Bytes Sent By Job
	0  -  Run Bytes Received By Job
	0  -  Total Bytes Sent By Job
	0  -  Total Bytes Received By Job
	Partitionable Resources :    Usage  Request Allocated 
	   Cpus                 :                 1         1 
	   Disk (KB)            :       27       27    499900 
	   Gpus (Average)       :                 0         0 
	   Memory (MB)          :      781        1       128 

	Job terminated of its own accord at 2025-01-24T01:33:35Z with exit-code 0.
...
