000 (281197.000.000) 2025-01-25 19:21:09 Job submitted from host: <192.168.0.102:9618?addrs=192.168.0.102-9618&alias=submitter&noUDP&sock=schedd_2032_5c88>
...
014 (281197.000.005) 2025-01-25 19:21:11 Node 5 executing on host: <192.168.0.140:9618?addrs=192.168.0.140-9618&alias=node140.di.rm1&noUDP&sock=startd_1890_f615>
...
014 (281197.000.004) 2025-01-25 19:21:11 Node 4 executing on host: <192.168.0.114:9618?addrs=192.168.0.114-9618&alias=node114.di.rm1&noUDP&sock=startd_2075_db1b>
...
014 (281197.000.006) 2025-01-25 19:21:11 Node 6 executing on host: <192.168.0.107:9618?addrs=192.168.0.107-9618&alias=node107.di.rm1&noUDP&sock=startd_1981_6134>
...
014 (281197.000.000) 2025-01-25 19:21:11 Node 0 executing on host: <192.168.0.132:9618?addrs=192.168.0.132-9618&alias=node132.di.rm1&noUDP&sock=startd_1999_b9e8>
...
014 (281197.000.003) 2025-01-25 19:21:11 Node 3 executing on host: <192.168.0.135:9618?addrs=192.168.0.135-9618&alias=node135.di.rm1&noUDP&sock=startd_2000_6980>
...
014 (281197.000.001) 2025-01-25 19:21:12 Node 1 executing on host: <192.168.0.112:9618?addrs=192.168.0.112-9618&alias=node112.di.rm1&noUDP&sock=startd_2169_5502>
...
014 (281197.000.007) 2025-01-25 19:21:12 Node 7 executing on host: <192.168.0.120:9618?addrs=192.168.0.120-9618&alias=node120.di.rm1&noUDP&sock=startd_2096_4298>
...
014 (281197.000.002) 2025-01-25 19:21:12 Node 2 executing on host: <192.168.0.123:9618?addrs=192.168.0.123-9618&alias=node123.di.rm1&noUDP&sock=startd_2149_9d1d>
...
001 (281197.000.000) 2025-01-25 19:21:12 Job executing on host: MPI_job
...
008 (281197.000.000) 2025-01-25 19:21:14 Launching orted on Node 6 of 8
...
008 (281197.000.000) 2025-01-25 19:21:14 Launching orted on Node 5 of 8
...
008 (281197.000.000) 2025-01-25 19:21:14 Launching orted on Node 4 of 8
...
008 (281197.000.000) 2025-01-25 19:21:14 Launching orted on Node 3 of 8
...
008 (281197.000.000) 2025-01-25 19:21:14 Launching orted on Node 0 of 8
...
008 (281197.000.000) 2025-01-25 19:21:14 Launching orted on Node 1 of 8
...
008 (281197.000.000) 2025-01-25 19:21:14 Launching orted on Node 7 of 8
...
008 (281197.000.000) 2025-01-25 19:21:14 Launching orted on Node 2 of 8
...
008 (281197.000.000) 2025-01-25 19:21:27 orted exited on Node 4 of 8
...
008 (281197.000.000) 2025-01-25 19:21:27 orted exited on Node 3 of 8
...
008 (281197.000.000) 2025-01-25 19:21:27 orted exited on Node 5 of 8
...
008 (281197.000.000) 2025-01-25 19:21:27 orted exited on Node 0 of 8
...
008 (281197.000.000) 2025-01-25 19:21:27 orted exited on Node 6 of 8
...
008 (281197.000.000) 2025-01-25 19:21:27 orted exited on Node 2 of 8
...
008 (281197.000.000) 2025-01-25 19:21:27 orted exited on Node 1 of 8
...
008 (281197.000.000) 2025-01-25 19:21:27 orted exited on Node 7 of 8
...
015 (281197.000.005) 2025-01-25 19:21:28 Node 5 terminated.
	(1) Normal termination (return value 0)
		Usr 0 00:00:12, Sys 0 00:00:01  -  Run Remote Usage
		Usr 0 00:00:00, Sys 0 00:00:00  -  Run Local Usage
		Usr 0 00:00:12, Sys 0 00:00:01  -  Total Remote Usage
		Usr 0 00:00:00, Sys 0 00:00:00  -  Total Local Usage
	2165  -  Run Bytes Sent By Node
	33639  -  Run Bytes Received By Node
	2165  -  Total Bytes Sent By Node
	33639  -  Total Bytes Received By Node
...
015 (281197.000.006) 2025-01-25 19:21:28 Node 6 terminated.
	(1) Normal termination (return value 0)
		Usr 0 00:00:12, Sys 0 00:00:01  -  Run Remote Usage
		Usr 0 00:00:00, Sys 0 00:00:00  -  Run Local Usage
		Usr 0 00:00:12, Sys 0 00:00:01  -  Total Remote Usage
		Usr 0 00:00:00, Sys 0 00:00:00  -  Total Local Usage
	2165  -  Run Bytes Sent By Node
	33639  -  Run Bytes Received By Node
	2165  -  Total Bytes Sent By Node
	33639  -  Total Bytes Received By Node
...
015 (281197.000.004) 2025-01-25 19:21:28 Node 4 terminated.
	(1) Normal termination (return value 0)
		Usr 0 00:00:12, Sys 0 00:00:00  -  Run Remote Usage
		Usr 0 00:00:00, Sys 0 00:00:00  -  Run Local Usage
		Usr 0 00:00:12, Sys 0 00:00:00  -  Total Remote Usage
		Usr 0 00:00:00, Sys 0 00:00:00  -  Total Local Usage
	2165  -  Run Bytes Sent By Node
	33639  -  Run Bytes Received By Node
	2165  -  Total Bytes Sent By Node
	33639  -  Total Bytes Received By Node
...
015 (281197.000.003) 2025-01-25 19:21:28 Node 3 terminated.
	(1) Normal termination (return value 0)
		Usr 0 00:00:12, Sys 0 00:00:00  -  Run Remote Usage
		Usr 0 00:00:00, Sys 0 00:00:00  -  Run Local Usage
		Usr 0 00:00:12, Sys 0 00:00:00  -  Total Remote Usage
		Usr 0 00:00:00, Sys 0 00:00:00  -  Total Local Usage
	2165  -  Run Bytes Sent By Node
	33639  -  Run Bytes Received By Node
	2165  -  Total Bytes Sent By Node
	33639  -  Total Bytes Received By Node
...
015 (281197.000.000) 2025-01-25 19:21:28 Node 0 terminated.
	(1) Normal termination (return value 0)
		Usr 0 00:00:00, Sys 0 00:00:00  -  Run Remote Usage
		Usr 0 00:00:00, Sys 0 00:00:00  -  Run Local Usage
		Usr 0 00:00:00, Sys 0 00:00:00  -  Total Remote Usage
		Usr 0 00:00:00, Sys 0 00:00:00  -  Total Local Usage
	3264  -  Run Bytes Sent By Node
	33639  -  Run Bytes Received By Node
	3264  -  Total Bytes Sent By Node
	33639  -  Total Bytes Received By Node
...
005 (281197.000.000) 2025-01-25 19:21:28 Job terminated.
	(1) Normal termination (return value 0)
		Usr 0 00:01:24, Sys 0 00:00:03  -  Run Remote Usage
		Usr 0 00:00:00, Sys 0 00:00:00  -  Run Local Usage
		Usr 0 00:00:00, Sys 0 00:00:00  -  Total Remote Usage
		Usr 0 00:00:00, Sys 0 00:00:00  -  Total Local Usage
	11924  -  Run Bytes Sent By Job
	269112  -  Run Bytes Received By Job
	11924  -  Total Bytes Sent By Job
	269112  -  Total Bytes Received By Job
	Partitionable Resources :    Usage  Request Allocated 
	   Cpus                 :                 1         1 
	   Disk (KB)            :       50       35  31810738 
	   Memory (MB)          :      277        0     30720 

	Job terminated of its own accord at 2025-01-25T19:21:27Z with exit-code 0.
...
000 (288404.000.000) 2025-01-28 19:46:35 Job submitted from host: <192.168.0.102:9618?addrs=192.168.0.102-9618&alias=submitter&noUDP&sock=schedd_2032_5c88>
...
014 (288404.000.001) 2025-01-28 19:46:40 Node 1 executing on host: <192.168.0.140:9618?addrs=192.168.0.140-9618&alias=node140.di.rm1&noUDP&sock=startd_1890_f615>
...
014 (288404.000.002) 2025-01-28 19:46:40 Node 2 executing on host: <192.168.0.116:9618?addrs=192.168.0.116-9618&alias=node116.di.rm1&noUDP&sock=startd_1847_7783>
...
014 (288404.000.003) 2025-01-28 19:46:40 Node 3 executing on host: <192.168.0.130:9618?addrs=192.168.0.130-9618&alias=node130.di.rm1&noUDP&sock=startd_2751195_838e>
...
014 (288404.000.005) 2025-01-28 19:46:40 Node 5 executing on host: <192.168.0.110:9618?addrs=192.168.0.110-9618&alias=node110.di.rm1&noUDP&sock=startd_2185_4e86>
...
014 (288404.000.004) 2025-01-28 19:46:40 Node 4 executing on host: <192.168.0.106:9618?addrs=192.168.0.106-9618&alias=node106.di.rm1&noUDP&sock=startd_1970_d5a9>
...
014 (288404.000.000) 2025-01-28 19:46:40 Node 0 executing on host: <192.168.0.110:9618?addrs=192.168.0.110-9618&alias=node110.di.rm1&noUDP&sock=startd_2185_4e86>
...
014 (288404.000.006) 2025-01-28 19:46:40 Node 6 executing on host: <192.168.0.140:9618?addrs=192.168.0.140-9618&alias=node140.di.rm1&noUDP&sock=startd_1890_f615>
...
014 (288404.000.007) 2025-01-28 19:46:40 Node 7 executing on host: <192.168.0.116:9618?addrs=192.168.0.116-9618&alias=node116.di.rm1&noUDP&sock=startd_1847_7783>
...
001 (288404.000.000) 2025-01-28 19:46:40 Job executing on host: MPI_job
...
008 (288404.000.000) 2025-01-28 19:46:42 Launching orted on Node 1 of 8
...
008 (288404.000.000) 2025-01-28 19:46:42 Launching orted on Node 2 of 8
...
008 (288404.000.000) 2025-01-28 19:46:42 Launching orted on Node 3 of 8
...
008 (288404.000.000) 2025-01-28 19:46:42 Launching orted on Node 5 of 8
...
008 (288404.000.000) 2025-01-28 19:46:42 Launching orted on Node 4 of 8
...
008 (288404.000.000) 2025-01-28 19:46:42 Launching orted on Node 6 of 8
...
008 (288404.000.000) 2025-01-28 19:46:42 Launching orted on Node 7 of 8
...
008 (288404.000.000) 2025-01-28 19:46:42 Launching orted on Node 0 of 8
...
008 (288404.000.000) 2025-01-28 19:46:54 orted exited on Node 2 of 8
...
008 (288404.000.000) 2025-01-28 19:46:54 orted exited on Node 1 of 8
...
008 (288404.000.000) 2025-01-28 19:46:54 orted exited on Node 4 of 8
...
008 (288404.000.000) 2025-01-28 19:46:54 orted exited on Node 6 of 8
...
008 (288404.000.000) 2025-01-28 19:46:54 orted exited on Node 7 of 8
...
008 (288404.000.000) 2025-01-28 19:46:54 orted exited on Node 0 of 8
...
008 (288404.000.000) 2025-01-28 19:46:54 orted exited on Node 3 of 8
...
008 (288404.000.000) 2025-01-28 19:46:54 orted exited on Node 5 of 8
...
015 (288404.000.003) 2025-01-28 19:46:54 Node 3 terminated.
	(1) Normal termination (return value 0)
		Usr 0 00:00:12, Sys 0 00:00:01  -  Run Remote Usage
		Usr 0 00:00:00, Sys 0 00:00:00  -  Run Local Usage
		Usr 0 00:00:12, Sys 0 00:00:01  -  Total Remote Usage
		Usr 0 00:00:00, Sys 0 00:00:00  -  Total Local Usage
	2165  -  Run Bytes Sent By Node
	33631  -  Run Bytes Received By Node
	2165  -  Total Bytes Sent By Node
	33631  -  Total Bytes Received By Node
...
015 (288404.000.004) 2025-01-28 19:46:55 Node 4 terminated.
	(1) Normal termination (return value 0)
		Usr 0 00:00:11, Sys 0 00:00:00  -  Run Remote Usage
		Usr 0 00:00:00, Sys 0 00:00:00  -  Run Local Usage
		Usr 0 00:00:11, Sys 0 00:00:00  -  Total Remote Usage
		Usr 0 00:00:00, Sys 0 00:00:00  -  Total Local Usage
	2165  -  Run Bytes Sent By Node
	33631  -  Run Bytes Received By Node
	2165  -  Total Bytes Sent By Node
	33631  -  Total Bytes Received By Node
...
015 (288404.000.001) 2025-01-28 19:46:55 Node 1 terminated.
	(1) Normal termination (return value 0)
		Usr 0 00:00:11, Sys 0 00:00:00  -  Run Remote Usage
		Usr 0 00:00:00, Sys 0 00:00:00  -  Run Local Usage
		Usr 0 00:00:11, Sys 0 00:00:00  -  Total Remote Usage
		Usr 0 00:00:00, Sys 0 00:00:00  -  Total Local Usage
	2165  -  Run Bytes Sent By Node
	33631  -  Run Bytes Received By Node
	2165  -  Total Bytes Sent By Node
	33631  -  Total Bytes Received By Node
...
015 (288404.000.006) 2025-01-28 19:46:55 Node 6 terminated.
	(1) Normal termination (return value 0)
		Usr 0 00:00:11, Sys 0 00:00:01  -  Run Remote Usage
		Usr 0 00:00:00, Sys 0 00:00:00  -  Run Local Usage
		Usr 0 00:00:11, Sys 0 00:00:01  -  Total Remote Usage
		Usr 0 00:00:00, Sys 0 00:00:00  -  Total Local Usage
	2165  -  Run Bytes Sent By Node
	33631  -  Run Bytes Received By Node
	2165  -  Total Bytes Sent By Node
	33631  -  Total Bytes Received By Node
...
015 (288404.000.002) 2025-01-28 19:46:55 Node 2 terminated.
	(1) Normal termination (return value 0)
		Usr 0 00:00:11, Sys 0 00:00:01  -  Run Remote Usage
		Usr 0 00:00:00, Sys 0 00:00:00  -  Run Local Usage
		Usr 0 00:00:11, Sys 0 00:00:01  -  Total Remote Usage
		Usr 0 00:00:00, Sys 0 00:00:00  -  Total Local Usage
	2165  -  Run Bytes Sent By Node
	33631  -  Run Bytes Received By Node
	2165  -  Total Bytes Sent By Node
	33631  -  Total Bytes Received By Node
...
015 (288404.000.007) 2025-01-28 19:46:55 Node 7 terminated.
	(1) Normal termination (return value 0)
		Usr 0 00:00:11, Sys 0 00:00:00  -  Run Remote Usage
		Usr 0 00:00:00, Sys 0 00:00:00  -  Run Local Usage
		Usr 0 00:00:11, Sys 0 00:00:00  -  Total Remote Usage
		Usr 0 00:00:00, Sys 0 00:00:00  -  Total Local Usage
	2165  -  Run Bytes Sent By Node
	33631  -  Run Bytes Received By Node
	2165  -  Total Bytes Sent By Node
	33631  -  Total Bytes Received By Node
...
015 (288404.000.000) 2025-01-28 19:46:55 Node 0 terminated.
	(1) Normal termination (return value 0)
		Usr 0 00:00:00, Sys 0 00:00:00  -  Run Remote Usage
		Usr 0 00:00:00, Sys 0 00:00:00  -  Run Local Usage
		Usr 0 00:00:00, Sys 0 00:00:00  -  Total Remote Usage
		Usr 0 00:00:00, Sys 0 00:00:00  -  Total Local Usage
	3305  -  Run Bytes Sent By Node
	33631  -  Run Bytes Received By Node
	3305  -  Total Bytes Sent By Node
	33631  -  Total Bytes Received By Node
...
005 (288404.000.000) 2025-01-28 19:46:55 Job terminated.
	(1) Normal termination (return value 0)
		Usr 0 00:01:18, Sys 0 00:00:03  -  Run Remote Usage
		Usr 0 00:00:00, Sys 0 00:00:00  -  Run Local Usage
		Usr 0 00:00:00, Sys 0 00:00:00  -  Total Remote Usage
		Usr 0 00:00:00, Sys 0 00:00:00  -  Total Local Usage
	16317  -  Run Bytes Sent By Job
	269048  -  Run Bytes Received By Job
	16317  -  Total Bytes Sent By Job
	269048  -  Total Bytes Received By Job
	Partitionable Resources :    Usage  Request Allocated 
	   Cpus                 :                 1         2 
	   Disk (KB)            :       51       35 102979030 
	   GPUs                 :                           0 
	   Memory (MB)          :      317        0    100096 

	Job terminated of its own accord at 2025-01-28T19:46:54Z with exit-code 0.
...
