000 (274198.000.000) 2025-01-23 11:41:18 Job submitted from host: <192.168.0.102:9618?addrs=192.168.0.102-9618&alias=submitter&noUDP&sock=schedd_2032_5c88>
...
014 (274198.000.002) 2025-01-23 11:41:26 Node 2 executing on host: <192.168.0.112:9618?addrs=192.168.0.112-9618&alias=node112.di.rm1&noUDP&sock=startd_2169_5502>
...
014 (274198.000.001) 2025-01-23 11:41:26 Node 1 executing on host: <192.168.0.147:9618?addrs=192.168.0.147-9618&alias=node147.di.rm1&noUDP&sock=startd_1513_5ee1>
...
014 (274198.000.000) 2025-01-23 11:41:26 Node 0 executing on host: <192.168.0.141:9618?addrs=192.168.0.141-9618&alias=node141.di.rm1&noUDP&sock=startd_2077_3a4b>
...
014 (274198.000.003) 2025-01-23 11:41:26 Node 3 executing on host: <192.168.0.141:9618?addrs=192.168.0.141-9618&alias=node141.di.rm1&noUDP&sock=startd_2077_3a4b>
...
001 (274198.000.000) 2025-01-23 11:41:26 Job executing on host: MPI_job
...
008 (274198.000.000) 2025-01-23 11:41:28 Launching orted on Node 1 of 4
...
008 (274198.000.000) 2025-01-23 11:41:28 Launching orted on Node 2 of 4
...
008 (274198.000.000) 2025-01-23 11:41:29 Launching orted on Node 0 of 4
...
008 (274198.000.000) 2025-01-23 11:41:29 Launching orted on Node 3 of 4
...
008 (274198.000.000) 2025-01-23 11:41:59 Node 0 caught SIGTERM, cleaning up mpirun
...
004 (274198.000.000) 2025-01-23 11:41:59 Job was evicted.
	(0) CPU times
		Usr 0 00:00:38, Sys 0 00:00:01  -  Run Remote Usage
		Usr 0 00:00:00, Sys 0 00:00:00  -  Run Local Usage
	0  -  Run Bytes Sent By Job
	134556  -  Run Bytes Received By Job
	Partitionable Resources :    Usage  Request Allocated 
	   Cpus                 :                 1         1 
	   Disk (KB)            :     8560       35    459831 
	   Memory (MB)          :       36       20     40960 
...
009 (274198.000.000) 2025-01-23 11:41:59 Job was aborted.
	via condor_rm (by user calzona_2046920)
...
000 (278935.000.000) 2025-01-24 09:45:46 Job submitted from host: <192.168.0.102:9618?addrs=192.168.0.102-9618&alias=submitter&noUDP&sock=schedd_2032_5c88>
...
014 (278935.000.002) 2025-01-24 09:45:53 Node 2 executing on host: <192.168.0.147:9618?addrs=192.168.0.147-9618&alias=node147.di.rm1&noUDP&sock=startd_1513_5ee1>
...
014 (278935.000.001) 2025-01-24 09:45:53 Node 1 executing on host: <192.168.0.130:9618?addrs=192.168.0.130-9618&alias=node130.di.rm1&noUDP&sock=startd_2751195_838e>
...
014 (278935.000.003) 2025-01-24 09:45:53 Node 3 executing on host: <192.168.0.147:9618?addrs=192.168.0.147-9618&alias=node147.di.rm1&noUDP&sock=startd_1513_5ee1>
...
014 (278935.000.000) 2025-01-24 09:45:53 Node 0 executing on host: <192.168.0.151:9618?addrs=192.168.0.151-9618&alias=node151.di.rm1&noUDP&sock=startd_1528_a8cd>
...
001 (278935.000.000) 2025-01-24 09:45:53 Job executing on host: MPI_job
...
008 (278935.000.000) 2025-01-24 09:45:55 Launching orted on Node 1 of 4
...
008 (278935.000.000) 2025-01-24 09:45:55 Launching orted on Node 2 of 4
...
008 (278935.000.000) 2025-01-24 09:45:55 Launching orted on Node 3 of 4
...
008 (278935.000.000) 2025-01-24 09:45:55 Launching orted on Node 0 of 4
...
008 (278935.000.000) 2025-01-24 09:47:03 orted exited on Node 1 of 4
...
008 (278935.000.000) 2025-01-24 09:47:03 orted exited on Node 3 of 4
...
008 (278935.000.000) 2025-01-24 09:47:03 orted exited on Node 0 of 4
...
008 (278935.000.000) 2025-01-24 09:47:03 orted exited on Node 2 of 4
...
015 (278935.000.001) 2025-01-24 09:47:03 Node 1 terminated.
	(1) Normal termination (return value 0)
		Usr 0 00:01:08, Sys 0 00:00:00  -  Run Remote Usage
		Usr 0 00:00:00, Sys 0 00:00:00  -  Run Local Usage
		Usr 0 00:01:08, Sys 0 00:00:00  -  Total Remote Usage
		Usr 0 00:00:00, Sys 0 00:00:00  -  Total Local Usage
	2165  -  Run Bytes Sent By Node
	33639  -  Run Bytes Received By Node
	2165  -  Total Bytes Sent By Node
	33639  -  Total Bytes Received By Node
...
015 (278935.000.002) 2025-01-24 09:47:03 Node 2 terminated.
	(1) Normal termination (return value 0)
		Usr 0 00:01:06, Sys 0 00:00:00  -  Run Remote Usage
		Usr 0 00:00:00, Sys 0 00:00:00  -  Run Local Usage
		Usr 0 00:01:06, Sys 0 00:00:00  -  Total Remote Usage
		Usr 0 00:00:00, Sys 0 00:00:00  -  Total Local Usage
	2165  -  Run Bytes Sent By Node
	33639  -  Run Bytes Received By Node
	2165  -  Total Bytes Sent By Node
	33639  -  Total Bytes Received By Node
...
015 (278935.000.003) 2025-01-24 09:47:03 Node 3 terminated.
	(1) Normal termination (return value 0)
		Usr 0 00:01:07, Sys 0 00:00:00  -  Run Remote Usage
		Usr 0 00:00:00, Sys 0 00:00:00  -  Run Local Usage
		Usr 0 00:01:07, Sys 0 00:00:00  -  Total Remote Usage
		Usr 0 00:00:00, Sys 0 00:00:00  -  Total Local Usage
	2165  -  Run Bytes Sent By Node
	33639  -  Run Bytes Received By Node
	2165  -  Total Bytes Sent By Node
	33639  -  Total Bytes Received By Node
...
015 (278935.000.000) 2025-01-24 09:47:03 Node 0 terminated.
	(1) Normal termination (return value 0)
		Usr 0 00:00:00, Sys 0 00:00:00  -  Run Remote Usage
		Usr 0 00:00:00, Sys 0 00:00:00  -  Run Local Usage
		Usr 0 00:00:00, Sys 0 00:00:00  -  Total Remote Usage
		Usr 0 00:00:00, Sys 0 00:00:00  -  Total Local Usage
	3257  -  Run Bytes Sent By Node
	33639  -  Run Bytes Received By Node
	3257  -  Total Bytes Sent By Node
	33639  -  Total Bytes Received By Node
...
005 (278935.000.000) 2025-01-24 09:47:03 Job terminated.
	(1) Normal termination (return value 0)
		Usr 0 00:03:21, Sys 0 00:00:00  -  Run Remote Usage
		Usr 0 00:00:00, Sys 0 00:00:00  -  Run Local Usage
		Usr 0 00:00:00, Sys 0 00:00:00  -  Total Remote Usage
		Usr 0 00:00:00, Sys 0 00:00:00  -  Total Local Usage
	9752  -  Run Bytes Sent By Job
	134556  -  Run Bytes Received By Job
	9752  -  Total Bytes Sent By Job
	134556  -  Total Bytes Received By Job
	Partitionable Resources :    Usage  Request Allocated 
	   Cpus                 :     1.00        1         1 
	   Disk (KB)            :    55          35    474791 
	   Memory (MB)          :    37          21     20480 

	Job terminated of its own accord at 2025-01-24T09:47:03Z with exit-code 0.
...
