000 (290142.000.000) 2025-01-29 12:23:46 Job submitted from host: <192.168.0.102:9618?addrs=192.168.0.102-9618&alias=submitter&noUDP&sock=schedd_2032_5c88>
...
014 (290142.000.001) 2025-01-29 12:24:04 Node 1 executing on host: <192.168.0.148:9618?addrs=192.168.0.148-9618&alias=node148.di.rm1&noUDP&sock=startd_1547_b119>
...
014 (290142.000.002) 2025-01-29 12:24:04 Node 2 executing on host: <192.168.0.141:9618?addrs=192.168.0.141-9618&alias=node141.di.rm1&noUDP&sock=startd_2077_3a4b>
...
014 (290142.000.000) 2025-01-29 12:24:04 Node 0 executing on host: <192.168.0.147:9618?addrs=192.168.0.147-9618&alias=node147.di.rm1&noUDP&sock=startd_1513_5ee1>
...
014 (290142.000.006) 2025-01-29 12:24:04 Node 6 executing on host: <192.168.0.145:9618?addrs=192.168.0.145-9618&alias=node145.di.rm1&noUDP&sock=startd_1869_8e98>
...
014 (290142.000.003) 2025-01-29 12:24:04 Node 3 executing on host: <192.168.0.109:9618?addrs=192.168.0.109-9618&alias=node109.di.rm1&noUDP&sock=startd_1627_90ad>
...
014 (290142.000.007) 2025-01-29 12:24:04 Node 7 executing on host: <192.168.0.151:9618?addrs=192.168.0.151-9618&alias=node151.di.rm1&noUDP&sock=startd_1528_a8cd>
...
014 (290142.000.005) 2025-01-29 12:24:04 Node 5 executing on host: <192.168.0.149:9618?addrs=192.168.0.149-9618&alias=node149.di.rm1&noUDP&sock=startd_1551_6f7a>
...
014 (290142.000.004) 2025-01-29 12:24:04 Node 4 executing on host: <192.168.0.143:9618?addrs=192.168.0.143-9618&alias=node143.di.rm1&noUDP&sock=startd_2061_40c7>
...
001 (290142.000.000) 2025-01-29 12:24:04 Job executing on host: MPI_job
...
008 (290142.000.000) 2025-01-29 12:24:06 Launching orted on Node 1 of 8
...
008 (290142.000.000) 2025-01-29 12:24:06 Launching orted on Node 0 of 8
...
008 (290142.000.000) 2025-01-29 12:24:06 Launching orted on Node 2 of 8
...
008 (290142.000.000) 2025-01-29 12:24:06 Launching orted on Node 6 of 8
...
008 (290142.000.000) 2025-01-29 12:24:06 Launching orted on Node 7 of 8
...
008 (290142.000.000) 2025-01-29 12:24:06 Launching orted on Node 3 of 8
...
008 (290142.000.000) 2025-01-29 12:24:06 Launching orted on Node 5 of 8
...
008 (290142.000.000) 2025-01-29 12:24:06 Launching orted on Node 4 of 8
...
008 (290142.000.000) 2025-01-29 12:28:49 orted exited on Node 1 of 8
...
008 (290142.000.000) 2025-01-29 12:28:49 orted exited on Node 3 of 8
...
008 (290142.000.000) 2025-01-29 12:28:49 orted exited on Node 0 of 8
...
008 (290142.000.000) 2025-01-29 12:28:49 orted exited on Node 7 of 8
...
008 (290142.000.000) 2025-01-29 12:28:49 orted exited on Node 5 of 8
...
008 (290142.000.000) 2025-01-29 12:28:49 orted exited on Node 6 of 8
...
008 (290142.000.000) 2025-01-29 12:28:49 orted exited on Node 2 of 8
...
008 (290142.000.000) 2025-01-29 12:28:49 orted exited on Node 4 of 8
...
015 (290142.000.001) 2025-01-29 12:28:49 Node 1 terminated.
	(1) Normal termination (return value 0)
		Usr 0 00:16:15, Sys 0 00:02:36  -  Run Remote Usage
		Usr 0 00:00:00, Sys 0 00:00:00  -  Run Local Usage
		Usr 0 00:16:15, Sys 0 00:02:36  -  Total Remote Usage
		Usr 0 00:00:00, Sys 0 00:00:00  -  Total Local Usage
	2341  -  Run Bytes Sent By Node
	33791  -  Run Bytes Received By Node
	2341  -  Total Bytes Sent By Node
	33791  -  Total Bytes Received By Node
...
015 (290142.000.000) 2025-01-29 12:28:49 Node 0 terminated.
	(1) Normal termination (return value 0)
		Usr 0 00:00:00, Sys 0 00:00:00  -  Run Remote Usage
		Usr 0 00:00:00, Sys 0 00:00:00  -  Run Local Usage
		Usr 0 00:00:00, Sys 0 00:00:00  -  Total Remote Usage
		Usr 0 00:00:00, Sys 0 00:00:00  -  Total Local Usage
	3445  -  Run Bytes Sent By Node
	33791  -  Run Bytes Received By Node
	3445  -  Total Bytes Sent By Node
	33791  -  Total Bytes Received By Node
...
005 (290142.000.000) 2025-01-29 12:28:49 Job terminated.
	(1) Normal termination (return value 0)
		Usr 0 01:54:34, Sys 0 00:17:37  -  Run Remote Usage
		Usr 0 00:00:00, Sys 0 00:00:00  -  Run Local Usage
		Usr 0 00:00:00, Sys 0 00:00:00  -  Total Remote Usage
		Usr 0 00:00:00, Sys 0 00:00:00  -  Total Local Usage
	5786  -  Run Bytes Sent By Job
	270328  -  Run Bytes Received By Job
	5786  -  Total Bytes Sent By Job
	270328  -  Total Bytes Received By Job
	Partitionable Resources :    Usage  Request Allocated 
	   Cpus                 :     4.00        4         4 
	   Disk (KB)            :    57          35    469805 
	   Memory (MB)          :  1229           1       128 

	Job terminated of its own accord at 2025-01-29T12:28:49Z with exit-code 0.
...
009 (290142.000.000) 2025-01-29 12:28:49 Job was aborted.
	via condor_rm (by user calzona_2046920)

	Job terminated by itself at 2025-01-29T12:28:49Z (using method 0: OF_ITS_OWN_ACCORD).
...
