000 (270507.000.000) 2025-01-22 00:00:38 Job submitted from host: <192.168.0.102:9618?addrs=192.168.0.102-9618&alias=submitter&noUDP&sock=schedd_2032_5c88>
...
001 (270507.000.000) 2025-01-22 00:00:40 Job executing on host: <192.168.0.120:9618?addrs=192.168.0.120-9618&alias=node120.di.rm1&noUDP&sock=startd_2096_4298>
...
006 (270507.000.000) 2025-01-22 00:00:49 Image size of job updated: 1413572
	415  -  MemoryUsage of job (MB)
	424908  -  ResidentSetSize of job (KB)
...
006 (270507.000.000) 2025-01-22 00:01:40 Image size of job updated: 3652456
	416  -  MemoryUsage of job (MB)
	425568  -  ResidentSetSize of job (KB)
...
004 (270507.000.000) 2025-01-22 00:01:40 Job was evicted.
	(0) CPU times
		Usr 0 00:00:57, Sys 0 00:00:01  -  Run Remote Usage
		Usr 0 00:00:00, Sys 0 00:00:00  -  Run Local Usage
	0  -  Run Bytes Sent By Job
	0  -  Run Bytes Received By Job
	Partitionable Resources :    Usage  Request Allocated 
	   Cpus                 :                 1         1 
	   Disk (KB)            :       27       27    459052 
	   Gpus (Average)       :                 0         0 
	   Memory (MB)          :      416        1       128 
...
009 (270507.000.000) 2025-01-22 00:01:40 Job was aborted.
	via condor_rm (by user calzona_2046920)
...
