000 (271592.000.000) 2025-01-22 01:13:21 Job submitted from host: <192.168.0.102:9618?addrs=192.168.0.102-9618&alias=submitter&noUDP&sock=schedd_2032_5c88>
...
001 (271592.000.000) 2025-01-22 01:13:42 Job executing on host: <192.168.0.104:9618?addrs=192.168.0.104-9618&alias=node104.di.rm1&noUDP&sock=startd_1987_7ec5>
...
006 (271592.000.000) 2025-01-22 01:13:50 Image size of job updated: 308568
	297  -  MemoryUsage of job (MB)
	303832  -  ResidentSetSize of job (KB)
...
006 (271592.000.000) 2025-01-22 01:14:07 Image size of job updated: 372200
	297  -  MemoryUsage of job (MB)
	304096  -  ResidentSetSize of job (KB)
...
005 (271592.000.000) 2025-01-22 01:14:08 Job terminated.
	(1) Normal termination (return value 0)
		Usr 0 00:04:49, Sys 0 00:00:01  -  Run Remote Usage
		Usr 0 00:00:00, Sys 0 00:00:00  -  Run Local Usage
		Usr 0 00:04:49, Sys 0 00:00:01  -  Total Remote Usage
		Usr 0 00:00:00, Sys 0 00:00:00  -  Total Local Usage
	0  -  Run Bytes Sent By Job
	0  -  Run Bytes Received By Job
	0  -  Total Bytes Sent By Job
	0  -  Total Bytes Received By Job
	Partitionable Resources :    Usage  Request Allocated 
	   Cpus                 :                 1         1 
	   Disk (KB)            :       27       27    465124 
	   Memory (MB)          :      297        1       128 

	Job terminated of its own accord at 2025-01-22T01:14:07Z with exit-code 0.
...
000 (277746.000.000) 2025-01-24 07:01:23 Job submitted from host: <192.168.0.102:9618?addrs=192.168.0.102-9618&alias=submitter&noUDP&sock=schedd_2032_5c88>
...
001 (277746.000.000) 2025-01-24 07:01:42 Job executing on host: <192.168.0.123:9618?addrs=192.168.0.123-9618&alias=node123.di.rm1&noUDP&sock=startd_2149_9d1d>
...
006 (277746.000.000) 2025-01-24 07:01:51 Image size of job updated: 308484
	302  -  MemoryUsage of job (MB)
	308484  -  ResidentSetSize of job (KB)
...
006 (277746.000.000) 2025-01-24 07:02:09 Image size of job updated: 372200
	302  -  MemoryUsage of job (MB)
	308484  -  ResidentSetSize of job (KB)
...
005 (277746.000.000) 2025-01-24 07:02:09 Job terminated.
	(1) Normal termination (return value 0)
		Usr 0 00:05:18, Sys 0 00:00:01  -  Run Remote Usage
		Usr 0 00:00:00, Sys 0 00:00:00  -  Run Local Usage
		Usr 0 00:05:18, Sys 0 00:00:01  -  Total Remote Usage
		Usr 0 00:00:00, Sys 0 00:00:00  -  Total Local Usage
	0  -  Run Bytes Sent By Job
	0  -  Run Bytes Received By Job
	0  -  Total Bytes Sent By Job
	0  -  Total Bytes Received By Job
	Partitionable Resources :    Usage  Request Allocated 
	   Cpus                 :        0        1         1 
	   Disk (KB)            :       27       27    499900 
	   Gpus (Average)       :                 0         0 
	   Memory (MB)          :      302        1       128 

	Job terminated of its own accord at 2025-01-24T07:02:09Z with exit-code 0.
...
