000 (268599.000.000) 2025-01-21 21:55:34 Job submitted from host: <192.168.0.102:9618?addrs=192.168.0.102-9618&alias=submitter&noUDP&sock=schedd_2032_5c88>
...
001 (268599.000.000) 2025-01-21 21:55:49 Job executing on host: <192.168.0.130:9618?addrs=192.168.0.130-9618&alias=node130.di.rm1&noUDP&sock=startd_2751195_838e>
...
006 (268599.000.000) 2025-01-21 21:55:58 Image size of job updated: 604100
	590  -  MemoryUsage of job (MB)
	604100  -  ResidentSetSize of job (KB)
...
006 (268599.000.000) 2025-01-21 21:56:31 Image size of job updated: 608164
	590  -  MemoryUsage of job (MB)
	604100  -  ResidentSetSize of job (KB)
...
004 (268599.000.000) 2025-01-21 21:56:31 Job was evicted.
	(0) CPU times
		Usr 0 00:00:40, Sys 0 00:00:00  -  Run Remote Usage
		Usr 0 00:00:00, Sys 0 00:00:00  -  Run Local Usage
	0  -  Run Bytes Sent By Job
	0  -  Run Bytes Received By Job
	Partitionable Resources :    Usage  Request Allocated 
	   Cpus                 :                 1         1 
	   Disk (KB)            :       27       27    472313 
	   Memory (MB)          :      590        1       128 
...
009 (268599.000.000) 2025-01-21 21:56:31 Job was aborted.
	via condor_rm (by user calzona_2046920)
...
000 (268750.000.000) 2025-01-21 22:03:42 Job submitted from host: <192.168.0.102:9618?addrs=192.168.0.102-9618&alias=submitter&noUDP&sock=schedd_2032_5c88>
...
001 (268750.000.000) 2025-01-21 22:03:43 Job executing on host: <192.168.0.130:9618?addrs=192.168.0.130-9618&alias=node130.di.rm1&noUDP&sock=startd_2751195_838e>
...
006 (268750.000.000) 2025-01-21 22:03:47 Image size of job updated: 113256
	0  -  MemoryUsage of job (MB)
	0  -  ResidentSetSize of job (KB)
...
004 (268750.000.000) 2025-01-21 22:03:47 Job was evicted.
	(0) CPU times
		Usr 0 00:00:03, Sys 0 00:00:00  -  Run Remote Usage
		Usr 0 00:00:00, Sys 0 00:00:00  -  Run Local Usage
	0  -  Run Bytes Sent By Job
	0  -  Run Bytes Received By Job
	Partitionable Resources :    Usage  Request Allocated 
	   Cpus                 :                 1         1 
	   Disk (KB)            :       27       27    472313 
	   Memory (MB)          :        0        1       128 
...
009 (268750.000.000) 2025-01-21 22:03:48 Job was aborted.
	via condor_rm (by user calzona_2046920)
...
