000 (268678.000.000) 2025-01-21 21:59:40 Job submitted from host: <192.168.0.102:9618?addrs=192.168.0.102-9618&alias=submitter&noUDP&sock=schedd_2032_5c88>
...
001 (268678.000.000) 2025-01-21 21:59:41 Job executing on host: <192.168.0.107:9618?addrs=192.168.0.107-9618&alias=node107.di.rm1&noUDP&sock=startd_1981_6134>
...
006 (268678.000.000) 2025-01-21 21:59:50 Image size of job updated: 1212672
	776  -  MemoryUsage of job (MB)
	793848  -  ResidentSetSize of job (KB)
...
006 (268678.000.000) 2025-01-21 22:00:38 Image size of job updated: 4878720
	777  -  MemoryUsage of job (MB)
	795168  -  ResidentSetSize of job (KB)
...
004 (268678.000.000) 2025-01-21 22:00:38 Job was evicted.
	(0) CPU times
		Usr 0 00:00:53, Sys 0 00:00:02  -  Run Remote Usage
		Usr 0 00:00:00, Sys 0 00:00:00  -  Run Local Usage
	0  -  Run Bytes Sent By Job
	0  -  Run Bytes Received By Job
	Partitionable Resources :    Usage  Request Allocated 
	   Cpus                 :                 1         1 
	   Disk (KB)            :       27       27    471963 
	   Memory (MB)          :      777        1       128 
...
009 (268678.000.000) 2025-01-21 22:00:38 Job was aborted.
	via condor_rm (by user calzona_2046920)
...
000 (268829.000.000) 2025-01-21 22:07:17 Job submitted from host: <192.168.0.102:9618?addrs=192.168.0.102-9618&alias=submitter&noUDP&sock=schedd_2032_5c88>
...
001 (268829.000.000) 2025-01-21 22:07:33 Job executing on host: <192.168.0.151:9618?addrs=192.168.0.151-9618&alias=node151.di.rm1&noUDP&sock=startd_1528_a8cd>
...
006 (268829.000.000) 2025-01-21 22:07:42 Image size of job updated: 1791768
	863  -  MemoryUsage of job (MB)
	882816  -  ResidentSetSize of job (KB)
...
006 (268829.000.000) 2025-01-21 22:07:54 Image size of job updated: 2004552
	869  -  MemoryUsage of job (MB)
	889284  -  ResidentSetSize of job (KB)
...
004 (268829.000.000) 2025-01-21 22:07:55 Job was evicted.
	(0) CPU times
		Usr 0 00:00:19, Sys 0 00:00:00  -  Run Remote Usage
		Usr 0 00:00:00, Sys 0 00:00:00  -  Run Local Usage
	0  -  Run Bytes Sent By Job
	0  -  Run Bytes Received By Job
	Partitionable Resources :    Usage  Request Allocated 
	   Cpus                 :                 1         1 
	   Disk (KB)            :       27       27    474791 
	   Memory (MB)          :      869        1       128 
...
009 (268829.000.000) 2025-01-21 22:07:55 Job was aborted.
	via condor_rm (by user calzona_2046920)
...
