000 (269662.000.000) 2025-01-21 22:55:46 Job submitted from host: <192.168.0.102:9618?addrs=192.168.0.102-9618&alias=submitter&noUDP&sock=schedd_2032_5c88>
...
001 (269662.000.000) 2025-01-21 22:55:51 Job executing on host: <192.168.0.151:9618?addrs=192.168.0.151-9618&alias=node151.di.rm1&noUDP&sock=startd_1528_a8cd>
...
006 (269662.000.000) 2025-01-21 22:56:01 Image size of job updated: 468388
	458  -  MemoryUsage of job (MB)
	468388  -  ResidentSetSize of job (KB)
...
006 (269662.000.000) 2025-01-21 22:56:49 Image size of job updated: 2991984
	467  -  MemoryUsage of job (MB)
	478024  -  ResidentSetSize of job (KB)
...
004 (269662.000.000) 2025-01-21 22:56:49 Job was evicted.
	(0) CPU times
		Usr 0 00:00:54, Sys 0 00:00:01  -  Run Remote Usage
		Usr 0 00:00:00, Sys 0 00:00:00  -  Run Local Usage
	0  -  Run Bytes Sent By Job
	0  -  Run Bytes Received By Job
	Partitionable Resources :    Usage  Request Allocated 
	   Cpus                 :                 1         1 
	   Disk (KB)            :       27       27    474791 
	   Memory (MB)          :      467        1       128 
...
009 (269662.000.000) 2025-01-21 22:56:49 Job was aborted.
	via condor_rm (by user calzona_2046920)
...
000 (275816.000.000) 2025-01-24 03:17:54 Job submitted from host: <192.168.0.102:9618?addrs=192.168.0.102-9618&alias=submitter&noUDP&sock=schedd_2032_5c88>
...
001 (275816.000.000) 2025-01-24 03:17:54 Job executing on host: <192.168.0.133:9618?addrs=192.168.0.133-9618&alias=node133.di.rm1&noUDP&sock=startd_1941_f16a>
...
006 (275816.000.000) 2025-01-24 03:18:03 Image size of job updated: 1477284
	471  -  MemoryUsage of job (MB)
	481404  -  ResidentSetSize of job (KB)
...
006 (275816.000.000) 2025-01-24 03:19:55 Image size of job updated: 6503316
	471  -  MemoryUsage of job (MB)
	481536  -  ResidentSetSize of job (KB)
...
004 (275816.000.000) 2025-01-24 03:19:55 Job was evicted.
	(0) CPU times
		Usr 0 00:01:57, Sys 0 00:00:03  -  Run Remote Usage
		Usr 0 00:00:00, Sys 0 00:00:00  -  Run Local Usage
	0  -  Run Bytes Sent By Job
	0  -  Run Bytes Received By Job
	Partitionable Resources :    Usage  Request Allocated 
	   Cpus                 :                 1         1 
	   Disk (KB)            :       27       27    473452 
	   Memory (MB)          :      471        1       128 
...
009 (275816.000.000) 2025-01-24 03:19:55 Job was aborted.
	via condor_rm (by user calzona_2046920)
...
