000 (268132.000.000) 2025-01-21 21:37:17 Job submitted from host: <192.168.0.102:9618?addrs=192.168.0.102-9618&alias=submitter&noUDP&sock=schedd_2032_5c88>
...
001 (268132.000.000) 2025-01-21 21:37:33 Job executing on host: <192.168.0.135:9618?addrs=192.168.0.135-9618&alias=node135.di.rm1&noUDP&sock=startd_2000_6980>
...
006 (268132.000.000) 2025-01-21 21:37:33 Image size of job updated: 108
	1  -  MemoryUsage of job (MB)
	108  -  ResidentSetSize of job (KB)
...
005 (268132.000.000) 2025-01-21 21:37:33 Job terminated.
	(1) Normal termination (return value 0)
		Usr 0 00:00:00, Sys 0 00:00:00  -  Run Remote Usage
		Usr 0 00:00:00, Sys 0 00:00:00  -  Run Local Usage
		Usr 0 00:00:00, Sys 0 00:00:00  -  Total Remote Usage
		Usr 0 00:00:00, Sys 0 00:00:00  -  Total Local Usage
	0  -  Run Bytes Sent By Job
	0  -  Run Bytes Received By Job
	0  -  Total Bytes Sent By Job
	0  -  Total Bytes Received By Job
	Partitionable Resources :    Usage  Request Allocated 
	   Cpus                 :                 1         1 
	   Disk (KB)            :       27       27    470875 
	   Memory (MB)          :        1        1       128 

	Job terminated of its own accord at 2025-01-21T21:37:33Z with exit-code 0.
...
000 (268274.000.000) 2025-01-21 21:42:07 Job submitted from host: <192.168.0.102:9618?addrs=192.168.0.102-9618&alias=submitter&noUDP&sock=schedd_2032_5c88>
...
001 (268274.000.000) 2025-01-21 21:42:08 Job executing on host: <192.168.0.108:9618?addrs=192.168.0.108-9618&alias=node108.di.rm1&noUDP&sock=startd_1979_0203>
...
006 (268274.000.000) 2025-01-21 21:42:08 Image size of job updated: 48
	1  -  MemoryUsage of job (MB)
	48  -  ResidentSetSize of job (KB)
...
005 (268274.000.000) 2025-01-21 21:42:08 Job terminated.
	(1) Normal termination (return value 0)
		Usr 0 00:00:00, Sys 0 00:00:00  -  Run Remote Usage
		Usr 0 00:00:00, Sys 0 00:00:00  -  Run Local Usage
		Usr 0 00:00:00, Sys 0 00:00:00  -  Total Remote Usage
		Usr 0 00:00:00, Sys 0 00:00:00  -  Total Local Usage
	0  -  Run Bytes Sent By Job
	0  -  Run Bytes Received By Job
	0  -  Total Bytes Sent By Job
	0  -  Total Bytes Received By Job
	Partitionable Resources :    Usage  Request Allocated 
	   Cpus                 :                 1         1 
	   Disk (KB)            :       27       27    474134 
	   Memory (MB)          :        1        1       128 

	Job terminated of its own accord at 2025-01-21T21:42:08Z with exit-code 0.
...
000 (274911.000.000) 2025-01-24 01:30:13 Job submitted from host: <192.168.0.102:9618?addrs=192.168.0.102-9618&alias=submitter&noUDP&sock=schedd_2032_5c88>
...
001 (274911.000.000) 2025-01-24 01:30:28 Job executing on host: <192.168.0.124:9618?addrs=192.168.0.124-9618&alias=node124.di.rm1&noUDP&sock=startd_2143_7f8b>
...
006 (274911.000.000) 2025-01-24 01:30:29 Image size of job updated: 2112
	0  -  MemoryUsage of job (MB)
	0  -  ResidentSetSize of job (KB)
...
005 (274911.000.000) 2025-01-24 01:30:29 Job terminated.
	(1) Normal termination (return value 0)
		Usr 0 00:00:00, Sys 0 00:00:00  -  Run Remote Usage
		Usr 0 00:00:00, Sys 0 00:00:00  -  Run Local Usage
		Usr 0 00:00:00, Sys 0 00:00:00  -  Total Remote Usage
		Usr 0 00:00:00, Sys 0 00:00:00  -  Total Local Usage
	0  -  Run Bytes Sent By Job
	0  -  Run Bytes Received By Job
	0  -  Total Bytes Sent By Job
	0  -  Total Bytes Received By Job
	Partitionable Resources :    Usage  Request Allocated 
	   Cpus                 :                 1         1 
	   Disk (KB)            :       27       27    499302 
	   Gpus (Average)       :                 0         0 
	   Memory (MB)          :        0        1       128 

	Job terminated of its own accord at 2025-01-24T01:30:29Z with exit-code 0.
...
