000 (263878.000.000) 2025-01-17 11:21:06 Job submitted from host: <192.168.0.102:9618?addrs=192.168.0.102-9618&alias=submitter&noUDP&sock=schedd_2032_5c88>
...
001 (263878.000.000) 2025-01-17 11:21:13 Job executing on host: <192.168.0.116:9618?addrs=192.168.0.116-9618&alias=node116.di.rm1&noUDP&sock=startd_1847_7783>
...
006 (263878.000.000) 2025-01-17 11:21:23 Image size of job updated: 1471872
	416  -  MemoryUsage of job (MB)
	425568  -  ResidentSetSize of job (KB)
...
006 (263878.000.000) 2025-01-17 11:27:36 Image size of job updated: 8919708
	7632  -  MemoryUsage of job (MB)
	7814976  -  ResidentSetSize of job (KB)
...
006 (263878.000.000) 2025-01-17 11:33:08 Image size of job updated: 9621288
	8325  -  MemoryUsage of job (MB)
	8524712  -  ResidentSetSize of job (KB)
...
006 (263878.000.000) 2025-01-17 11:33:20 Image size of job updated: 9980064
	8392  -  MemoryUsage of job (MB)
	8592692  -  ResidentSetSize of job (KB)
...
004 (263878.000.000) 2025-01-17 11:33:20 Job was evicted.
	(0) CPU times
		Usr 0 00:03:54, Sys 0 00:01:58  -  Run Remote Usage
		Usr 0 00:00:00, Sys 0 00:00:00  -  Run Local Usage
	0  -  Run Bytes Sent By Job
	0  -  Run Bytes Received By Job
	Partitionable Resources :    Usage  Request Allocated 
	   Cpus                 :     0.39        1         1 
	   Disk (KB)            :    27          27    474557 
	   Memory (MB)          :  8392           1       128 
...
009 (263878.000.000) 2025-01-17 11:33:20 Job was aborted.
	via condor_rm (by user calzona_2046920)
...
