000 (273935.000.000) 2025-01-23 11:27:25 Job submitted from host: <192.168.0.102:9618?addrs=192.168.0.102-9618&alias=submitter&noUDP&sock=schedd_2032_5c88>
...
014 (273935.000.001) 2025-01-23 11:27:34 Node 1 executing on host: <192.168.0.147:9618?addrs=192.168.0.147-9618&alias=node147.di.rm1&noUDP&sock=startd_1513_5ee1>
...
014 (273935.000.000) 2025-01-23 11:27:34 Node 0 executing on host: <192.168.0.141:9618?addrs=192.168.0.141-9618&alias=node141.di.rm1&noUDP&sock=startd_2077_3a4b>
...
014 (273935.000.002) 2025-01-23 11:27:34 Node 2 executing on host: <192.168.0.141:9618?addrs=192.168.0.141-9618&alias=node141.di.rm1&noUDP&sock=startd_2077_3a4b>
...
014 (273935.000.003) 2025-01-23 11:27:34 Node 3 executing on host: <192.168.0.151:9618?addrs=192.168.0.151-9618&alias=node151.di.rm1&noUDP&sock=startd_1528_a8cd>
...
001 (273935.000.000) 2025-01-23 11:27:34 Job executing on host: MPI_job
...
008 (273935.000.000) 2025-01-23 11:27:36 Launching orted on Node 1 of 4
...
008 (273935.000.000) 2025-01-23 11:27:36 Launching orted on Node 0 of 4
...
008 (273935.000.000) 2025-01-23 11:27:36 Launching orted on Node 2 of 4
...
008 (273935.000.000) 2025-01-23 11:27:36 Launching orted on Node 3 of 4
...
008 (273935.000.000) 2025-01-23 11:27:37 orted exited on Node 3 of 4
...
008 (273935.000.000) 2025-01-23 11:27:37 orted exited on Node 1 of 4
...
008 (273935.000.000) 2025-01-23 11:27:37 orted exited on Node 2 of 4
...
008 (273935.000.000) 2025-01-23 11:27:37 orted exited on Node 0 of 4
...
015 (273935.000.001) 2025-01-23 11:27:37 Node 1 terminated.
	(1) Normal termination (return value 0)
		Usr 0 00:00:00, Sys 0 00:00:00  -  Run Remote Usage
		Usr 0 00:00:00, Sys 0 00:00:00  -  Run Local Usage
		Usr 0 00:00:00, Sys 0 00:00:00  -  Total Remote Usage
		Usr 0 00:00:00, Sys 0 00:00:00  -  Total Local Usage
	2165  -  Run Bytes Sent By Node
	33639  -  Run Bytes Received By Node
	2165  -  Total Bytes Sent By Node
	33639  -  Total Bytes Received By Node
...
015 (273935.000.003) 2025-01-23 11:27:37 Node 3 terminated.
	(1) Normal termination (return value 0)
		Usr 0 00:00:00, Sys 0 00:00:00  -  Run Remote Usage
		Usr 0 00:00:00, Sys 0 00:00:00  -  Run Local Usage
		Usr 0 00:00:00, Sys 0 00:00:00  -  Total Remote Usage
		Usr 0 00:00:00, Sys 0 00:00:00  -  Total Local Usage
	2165  -  Run Bytes Sent By Node
	33639  -  Run Bytes Received By Node
	2165  -  Total Bytes Sent By Node
	33639  -  Total Bytes Received By Node
...
015 (273935.000.002) 2025-01-23 11:27:37 Node 2 terminated.
	(1) Normal termination (return value 0)
		Usr 0 00:00:00, Sys 0 00:00:00  -  Run Remote Usage
		Usr 0 00:00:00, Sys 0 00:00:00  -  Run Local Usage
		Usr 0 00:00:00, Sys 0 00:00:00  -  Total Remote Usage
		Usr 0 00:00:00, Sys 0 00:00:00  -  Total Local Usage
	0  -  Run Bytes Sent By Node
	33639  -  Run Bytes Received By Node
	0  -  Total Bytes Sent By Node
	33639  -  Total Bytes Received By Node
...
015 (273935.000.000) 2025-01-23 11:27:37 Node 0 terminated.
	(1) Normal termination (return value 0)
		Usr 0 00:00:01, Sys 0 00:00:00  -  Run Remote Usage
		Usr 0 00:00:00, Sys 0 00:00:00  -  Run Local Usage
		Usr 0 00:00:01, Sys 0 00:00:00  -  Total Remote Usage
		Usr 0 00:00:00, Sys 0 00:00:00  -  Total Local Usage
	3262  -  Run Bytes Sent By Node
	33639  -  Run Bytes Received By Node
	3262  -  Total Bytes Sent By Node
	33639  -  Total Bytes Received By Node
...
005 (273935.000.000) 2025-01-23 11:27:37 Job terminated.
	(1) Normal termination (return value 0)
		Usr 0 00:00:01, Sys 0 00:00:00  -  Run Remote Usage
		Usr 0 00:00:00, Sys 0 00:00:00  -  Run Local Usage
		Usr 0 00:00:01, Sys 0 00:00:00  -  Total Remote Usage
		Usr 0 00:00:00, Sys 0 00:00:00  -  Total Local Usage
	7592  -  Run Bytes Sent By Job
	134556  -  Run Bytes Received By Job
	7592  -  Total Bytes Sent By Job
	134556  -  Total Bytes Received By Job
	Partitionable Resources :    Usage  Request Allocated 
	   Cpus                 :                 1         1 
	   Disk (KB)            :       49       35    459831 
	   Memory (MB)          :        0        0     40960 

	Job terminated of its own accord at 2025-01-23T11:27:37Z with exit-code 0.
...
000 (278683.000.000) 2025-01-24 09:17:48 Job submitted from host: <192.168.0.102:9618?addrs=192.168.0.102-9618&alias=submitter&noUDP&sock=schedd_2032_5c88>
...
014 (278683.000.001) 2025-01-24 09:17:56 Node 1 executing on host: <192.168.0.111:9618?addrs=192.168.0.111-9618&alias=node111.di.rm1&noUDP&sock=startd_2044_97ab>
...
014 (278683.000.000) 2025-01-24 09:17:56 Node 0 executing on host: <192.168.0.137:9618?addrs=192.168.0.137-9618&alias=node137.di.rm1&noUDP&sock=startd_1934_2440>
...
014 (278683.000.002) 2025-01-24 09:17:56 Node 2 executing on host: <192.168.0.147:9618?addrs=192.168.0.147-9618&alias=node147.di.rm1&noUDP&sock=startd_1513_5ee1>
...
014 (278683.000.003) 2025-01-24 09:17:56 Node 3 executing on host: <192.168.0.151:9618?addrs=192.168.0.151-9618&alias=node151.di.rm1&noUDP&sock=startd_1528_a8cd>
...
001 (278683.000.000) 2025-01-24 09:17:56 Job executing on host: MPI_job
...
008 (278683.000.000) 2025-01-24 09:17:58 Launching orted on Node 0 of 4
...
008 (278683.000.000) 2025-01-24 09:17:58 Launching orted on Node 2 of 4
...
008 (278683.000.000) 2025-01-24 09:17:58 Launching orted on Node 1 of 4
...
008 (278683.000.000) 2025-01-24 09:17:58 Launching orted on Node 3 of 4
...
008 (278683.000.000) 2025-01-24 09:17:59 orted exited on Node 2 of 4
...
008 (278683.000.000) 2025-01-24 09:17:59 orted exited on Node 3 of 4
...
008 (278683.000.000) 2025-01-24 09:17:59 orted exited on Node 1 of 4
...
008 (278683.000.000) 2025-01-24 09:17:59 orted exited on Node 0 of 4
...
015 (278683.000.000) 2025-01-24 09:17:59 Node 0 terminated.
	(1) Normal termination (return value 0)
		Usr 0 00:00:00, Sys 0 00:00:00  -  Run Remote Usage
		Usr 0 00:00:00, Sys 0 00:00:00  -  Run Local Usage
		Usr 0 00:00:00, Sys 0 00:00:00  -  Total Remote Usage
		Usr 0 00:00:00, Sys 0 00:00:00  -  Total Local Usage
	3262  -  Run Bytes Sent By Node
	33639  -  Run Bytes Received By Node
	3262  -  Total Bytes Sent By Node
	33639  -  Total Bytes Received By Node
...
005 (278683.000.000) 2025-01-24 09:17:59 Job terminated.
	(1) Normal termination (return value 0)
		Usr 0 00:00:00, Sys 0 00:00:00  -  Run Remote Usage
		Usr 0 00:00:00, Sys 0 00:00:00  -  Run Local Usage
		Usr 0 00:00:00, Sys 0 00:00:00  -  Total Remote Usage
		Usr 0 00:00:00, Sys 0 00:00:00  -  Total Local Usage
	3262  -  Run Bytes Sent By Job
	134556  -  Run Bytes Received By Job
	3262  -  Total Bytes Sent By Job
	134556  -  Total Bytes Received By Job
	Partitionable Resources :    Usage  Request Allocated 
	   Cpus                 :                 1         2 
	   Disk (KB)            :       49       35 102846057 
	   Memory (MB)          :        0        0    100096 

	Job terminated of its own accord at 2025-01-24T09:17:59Z with exit-code 0.
...
