000 (268559.000.000) 2025-01-21 21:53:31 Job submitted from host: <192.168.0.102:9618?addrs=192.168.0.102-9618&alias=submitter&noUDP&sock=schedd_2032_5c88>
...
001 (268559.000.000) 2025-01-21 21:53:51 Job executing on host: <192.168.0.130:9618?addrs=192.168.0.130-9618&alias=node130.di.rm1&noUDP&sock=startd_2751195_838e>
...
006 (268559.000.000) 2025-01-21 21:54:00 Image size of job updated: 748572
	732  -  MemoryUsage of job (MB)
	748572  -  ResidentSetSize of job (KB)
...
006 (268559.000.000) 2025-01-21 21:54:27 Image size of job updated: 2891328
	733  -  MemoryUsage of job (MB)
	750156  -  ResidentSetSize of job (KB)
...
004 (268559.000.000) 2025-01-21 21:54:27 Job was evicted.
	(0) CPU times
		Usr 0 00:00:34, Sys 0 00:00:01  -  Run Remote Usage
		Usr 0 00:00:00, Sys 0 00:00:00  -  Run Local Usage
	0  -  Run Bytes Sent By Job
	0  -  Run Bytes Received By Job
	Partitionable Resources :    Usage  Request Allocated 
	   Cpus                 :                 1         1 
	   Disk (KB)            :       27       27    472313 
	   Memory (MB)          :      733        1       128 
...
009 (268559.000.000) 2025-01-21 21:54:28 Job was aborted.
	via condor_rm (by user calzona_2046920)
...
000 (268709.000.000) 2025-01-21 22:01:39 Job submitted from host: <192.168.0.102:9618?addrs=192.168.0.102-9618&alias=submitter&noUDP&sock=schedd_2032_5c88>
...
001 (268709.000.000) 2025-01-21 22:01:40 Job executing on host: <192.168.0.151:9618?addrs=192.168.0.151-9618&alias=node151.di.rm1&noUDP&sock=startd_1528_a8cd>
...
006 (268709.000.000) 2025-01-21 22:01:44 Image size of job updated: 205524
	0  -  MemoryUsage of job (MB)
	0  -  ResidentSetSize of job (KB)
...
004 (268709.000.000) 2025-01-21 22:01:45 Job was evicted.
	(0) CPU times
		Usr 0 00:00:03, Sys 0 00:00:00  -  Run Remote Usage
		Usr 0 00:00:00, Sys 0 00:00:00  -  Run Local Usage
	0  -  Run Bytes Sent By Job
	0  -  Run Bytes Received By Job
	Partitionable Resources :    Usage  Request Allocated 
	   Cpus                 :                 1         1 
	   Disk (KB)            :       27       27    474791 
	   Memory (MB)          :        0        1       128 
...
009 (268709.000.000) 2025-01-21 22:01:45 Job was aborted.
	via condor_rm (by user calzona_2046920)
...
000 (275133.000.000) 2025-01-24 01:45:00 Job submitted from host: <192.168.0.102:9618?addrs=192.168.0.102-9618&alias=submitter&noUDP&sock=schedd_2032_5c88>
...
001 (275133.000.000) 2025-01-24 01:45:09 Job executing on host: <192.168.0.149:9618?addrs=192.168.0.149-9618&alias=node149.di.rm1&noUDP&sock=startd_1551_6f7a>
...
006 (275133.000.000) 2025-01-24 01:45:17 Image size of job updated: 740124
	723  -  MemoryUsage of job (MB)
	740124  -  ResidentSetSize of job (KB)
...
006 (275133.000.000) 2025-01-24 01:47:03 Image size of job updated: 9782088
	726  -  MemoryUsage of job (MB)
	742500  -  ResidentSetSize of job (KB)
...
004 (275133.000.000) 2025-01-24 01:47:03 Job was evicted.
	(0) CPU times
		Usr 0 00:01:49, Sys 0 00:00:04  -  Run Remote Usage
		Usr 0 00:00:00, Sys 0 00:00:00  -  Run Local Usage
	0  -  Run Bytes Sent By Job
	0  -  Run Bytes Received By Job
	Partitionable Resources :    Usage  Request Allocated 
	   Cpus                 :                 1         1 
	   Disk (KB)            :       27       27    471944 
	   Memory (MB)          :      726        1       128 
...
009 (275133.000.000) 2025-01-24 01:47:03 Job was aborted.
	via condor_rm (by user calzona_2046920)
...
