000 (264063.000.000) 2025-01-17 11:21:13 Job submitted from host: <192.168.0.102:9618?addrs=192.168.0.102-9618&alias=submitter&noUDP&sock=schedd_2032_5c88>
...
001 (264063.000.000) 2025-01-17 11:21:14 Job executing on host: <192.168.0.120:9618?addrs=192.168.0.120-9618&alias=node120.di.rm1&noUDP&sock=startd_2096_4298>
...
006 (264063.000.000) 2025-01-17 11:21:22 Image size of job updated: 399516
	385  -  MemoryUsage of job (MB)
	393360  -  ResidentSetSize of job (KB)
...
006 (264063.000.000) 2025-01-17 11:26:24 Image size of job updated: 7620176
	7368  -  MemoryUsage of job (MB)
	7544820  -  ResidentSetSize of job (KB)
...
006 (264063.000.000) 2025-01-17 11:32:21 Image size of job updated: 8705464
	8347  -  MemoryUsage of job (MB)
	8546636  -  ResidentSetSize of job (KB)
...
006 (264063.000.000) 2025-01-17 11:33:24 Image size of job updated: 9358020
	8359  -  MemoryUsage of job (MB)
	8559176  -  ResidentSetSize of job (KB)
...
004 (264063.000.000) 2025-01-17 11:33:24 Job was evicted.
	(0) CPU times
		Usr 0 00:03:58, Sys 0 00:03:52  -  Run Remote Usage
		Usr 0 00:00:00, Sys 0 00:00:00  -  Run Local Usage
	0  -  Run Bytes Sent By Job
	0  -  Run Bytes Received By Job
	Partitionable Resources :    Usage  Request Allocated 
	   Cpus                 :     0.58        1         1 
	   Disk (KB)            :    27          27    459052 
	   Gpus (Average)       :                 0         0 
	   Memory (MB)          :  8359           1       128 
...
009 (264063.000.000) 2025-01-17 11:33:24 Job was aborted.
	via condor_rm (by user calzona_2046920)
...
