000 (281036.000.000) 2025-01-25 18:42:13 Job submitted from host: <192.168.0.102:9618?addrs=192.168.0.102-9618&alias=submitter&noUDP&sock=schedd_2032_5c88>
...
014 (281036.000.000) 2025-01-25 18:42:22 Node 0 executing on host: <192.168.0.121:9618?addrs=192.168.0.121-9618&alias=node121.di.rm1&noUDP&sock=startd_2146_8e54>
...
014 (281036.000.001) 2025-01-25 18:42:22 Node 1 executing on host: <192.168.0.121:9618?addrs=192.168.0.121-9618&alias=node121.di.rm1&noUDP&sock=startd_2146_8e54>
...
014 (281036.000.002) 2025-01-25 18:42:22 Node 2 executing on host: <192.168.0.147:9618?addrs=192.168.0.147-9618&alias=node147.di.rm1&noUDP&sock=startd_1513_5ee1>
...
014 (281036.000.003) 2025-01-25 18:42:22 Node 3 executing on host: <192.168.0.151:9618?addrs=192.168.0.151-9618&alias=node151.di.rm1&noUDP&sock=startd_1528_a8cd>
...
001 (281036.000.000) 2025-01-25 18:42:22 Job executing on host: MPI_job
...
008 (281036.000.000) 2025-01-25 18:42:24 Launching orted on Node 1 of 4
...
008 (281036.000.000) 2025-01-25 18:42:24 Launching orted on Node 0 of 4
...
008 (281036.000.000) 2025-01-25 18:42:24 Launching orted on Node 2 of 4
...
008 (281036.000.000) 2025-01-25 18:42:24 Launching orted on Node 3 of 4
...
008 (281036.000.000) 2025-01-25 18:42:27 orted exited on Node 2 of 4
...
008 (281036.000.000) 2025-01-25 18:42:27 orted exited on Node 0 of 4
...
008 (281036.000.000) 2025-01-25 18:42:27 orted exited on Node 1 of 4
...
008 (281036.000.000) 2025-01-25 18:42:27 orted exited on Node 3 of 4
...
015 (281036.000.001) 2025-01-25 18:42:27 Node 1 terminated.
	(1) Normal termination (return value 0)
		Usr 0 00:00:02, Sys 0 00:00:00  -  Run Remote Usage
		Usr 0 00:00:00, Sys 0 00:00:00  -  Run Local Usage
		Usr 0 00:00:02, Sys 0 00:00:00  -  Total Remote Usage
		Usr 0 00:00:00, Sys 0 00:00:00  -  Total Local Usage
	0  -  Run Bytes Sent By Node
	33639  -  Run Bytes Received By Node
	0  -  Total Bytes Sent By Node
	33639  -  Total Bytes Received By Node
...
015 (281036.000.000) 2025-01-25 18:42:27 Node 0 terminated.
	(1) Normal termination (return value 0)
		Usr 0 00:00:00, Sys 0 00:00:00  -  Run Remote Usage
		Usr 0 00:00:00, Sys 0 00:00:00  -  Run Local Usage
		Usr 0 00:00:00, Sys 0 00:00:00  -  Total Remote Usage
		Usr 0 00:00:00, Sys 0 00:00:00  -  Total Local Usage
	3259  -  Run Bytes Sent By Node
	33639  -  Run Bytes Received By Node
	3259  -  Total Bytes Sent By Node
	33639  -  Total Bytes Received By Node
...
005 (281036.000.000) 2025-01-25 18:42:27 Job terminated.
	(1) Normal termination (return value 0)
		Usr 0 00:00:06, Sys 0 00:00:01  -  Run Remote Usage
		Usr 0 00:00:00, Sys 0 00:00:00  -  Run Local Usage
		Usr 0 00:00:00, Sys 0 00:00:00  -  Total Remote Usage
		Usr 0 00:00:00, Sys 0 00:00:00  -  Total Local Usage
	3259  -  Run Bytes Sent By Job
	134556  -  Run Bytes Received By Job
	3259  -  Total Bytes Sent By Job
	134556  -  Total Bytes Received By Job
	Partitionable Resources :    Usage  Request Allocated 
	   Cpus                 :                 1         2 
	   Disk (KB)            :       49       35 102790918 
	   Memory (MB)          :        0        0    100096 

	Job terminated of its own accord at 2025-01-25T18:42:27Z with exit-code 0.
...
