000 (270783.000.000) 2025-01-22 00:14:30 Job submitted from host: <192.168.0.102:9618?addrs=192.168.0.102-9618&alias=submitter&noUDP&sock=schedd_2032_5c88>
...
001 (270783.000.000) 2025-01-22 00:14:41 Job executing on host: <192.168.0.151:9618?addrs=192.168.0.151-9618&alias=node151.di.rm1&noUDP&sock=startd_1528_a8cd>
...
006 (270783.000.000) 2025-01-22 00:14:49 Image size of job updated: 403020
	394  -  MemoryUsage of job (MB)
	403020  -  ResidentSetSize of job (KB)
...
006 (270783.000.000) 2025-01-22 00:15:32 Image size of job updated: 2406644
	395  -  MemoryUsage of job (MB)
	403548  -  ResidentSetSize of job (KB)
...
004 (270783.000.000) 2025-01-22 00:15:32 Job was evicted.
	(0) CPU times
		Usr 0 00:00:50, Sys 0 00:00:01  -  Run Remote Usage
		Usr 0 00:00:00, Sys 0 00:00:00  -  Run Local Usage
	0  -  Run Bytes Sent By Job
	0  -  Run Bytes Received By Job
	Partitionable Resources :    Usage  Request Allocated 
	   Cpus                 :                 1         1 
	   Disk (KB)            :       27       27    474791 
	   Memory (MB)          :      395        1       128 
...
009 (270783.000.000) 2025-01-22 00:15:32 Job was aborted.
	via condor_rm (by user calzona_2046920)
...
000 (276937.000.000) 2025-01-24 05:28:10 Job submitted from host: <192.168.0.102:9618?addrs=192.168.0.102-9618&alias=submitter&noUDP&sock=schedd_2032_5c88>
...
001 (276937.000.000) 2025-01-24 05:28:20 Job executing on host: <192.168.0.148:9618?addrs=192.168.0.148-9618&alias=node148.di.rm1&noUDP&sock=startd_1547_b119>
...
006 (276937.000.000) 2025-01-24 05:28:29 Image size of job updated: 454608
	444  -  MemoryUsage of job (MB)
	454608  -  ResidentSetSize of job (KB)
...
006 (276937.000.000) 2025-01-24 05:30:12 Image size of job updated: 5521200
	445  -  MemoryUsage of job (MB)
	454740  -  ResidentSetSize of job (KB)
...
004 (276937.000.000) 2025-01-24 05:30:12 Job was evicted.
	(0) CPU times
		Usr 0 00:01:48, Sys 0 00:00:02  -  Run Remote Usage
		Usr 0 00:00:00, Sys 0 00:00:00  -  Run Local Usage
	0  -  Run Bytes Sent By Job
	0  -  Run Bytes Received By Job
	Partitionable Resources :    Usage  Request Allocated 
	   Cpus                 :                 1         1 
	   Disk (KB)            :       27       27    467548 
	   Memory (MB)          :      445        1       128 
...
009 (276937.000.000) 2025-01-24 05:30:12 Job was aborted.
	via condor_rm (by user calzona_2046920)
...
