000 (268985.000.000) 2025-01-21 22:14:46 Job submitted from host: <192.168.0.102:9618?addrs=192.168.0.102-9618&alias=submitter&noUDP&sock=schedd_2032_5c88>
...
001 (268985.000.000) 2025-01-21 22:14:49 Job executing on host: <192.168.0.137:9618?addrs=192.168.0.137-9618&alias=node137.di.rm1&noUDP&sock=startd_1934_2440>
...
006 (268985.000.000) 2025-01-21 22:14:58 Image size of job updated: 745140
	728  -  MemoryUsage of job (MB)
	745140  -  ResidentSetSize of job (KB)
...
006 (268985.000.000) 2025-01-21 22:15:30 Image size of job updated: 3635940
	730  -  MemoryUsage of job (MB)
	746988  -  ResidentSetSize of job (KB)
...
004 (268985.000.000) 2025-01-21 22:15:30 Job was evicted.
	(0) CPU times
		Usr 0 00:00:39, Sys 0 00:00:01  -  Run Remote Usage
		Usr 0 00:00:00, Sys 0 00:00:00  -  Run Local Usage
	0  -  Run Bytes Sent By Job
	0  -  Run Bytes Received By Job
	Partitionable Resources :    Usage  Request Allocated 
	   Cpus                 :     1.00        1         1 
	   Disk (KB)            :    27          27    391050 
	   Memory (MB)          :   730           1       128 
...
009 (268985.000.000) 2025-01-21 22:15:30 Job was aborted.
	via condor_rm (by user calzona_2046920)
...
000 (269137.000.000) 2025-01-21 22:22:41 Job submitted from host: <192.168.0.102:9618?addrs=192.168.0.102-9618&alias=submitter&noUDP&sock=schedd_2032_5c88>
...
001 (269137.000.000) 2025-01-21 22:22:42 Job executing on host: <192.168.0.109:9618?addrs=192.168.0.109-9618&alias=node109.di.rm1&noUDP&sock=startd_1627_90ad>
...
006 (269137.000.000) 2025-01-21 22:22:50 Image size of job updated: 743024
	725  -  MemoryUsage of job (MB)
	741968  -  ResidentSetSize of job (KB)
...
006 (269137.000.000) 2025-01-21 22:22:59 Image size of job updated: 1402540
	727  -  MemoryUsage of job (MB)
	743684  -  ResidentSetSize of job (KB)
...
004 (269137.000.000) 2025-01-21 22:22:59 Job was evicted.
	(0) CPU times
		Usr 0 00:00:16, Sys 0 00:00:00  -  Run Remote Usage
		Usr 0 00:00:00, Sys 0 00:00:00  -  Run Local Usage
	0  -  Run Bytes Sent By Job
	0  -  Run Bytes Received By Job
	Partitionable Resources :    Usage  Request Allocated 
	   Cpus                 :                 1         1 
	   Disk (KB)            :       27       27    468160 
	   Memory (MB)          :      727        1       128 
...
009 (269137.000.000) 2025-01-21 22:22:59 Job was aborted.
	via condor_rm (by user calzona_2046920)
...
000 (275347.000.000) 2025-01-24 02:17:43 Job submitted from host: <192.168.0.102:9618?addrs=192.168.0.102-9618&alias=submitter&noUDP&sock=schedd_2032_5c88>
...
001 (275347.000.000) 2025-01-24 02:18:04 Job executing on host: <192.168.0.147:9618?addrs=192.168.0.147-9618&alias=node147.di.rm1&noUDP&sock=startd_1513_5ee1>
...
006 (275347.000.000) 2025-01-24 02:18:12 Image size of job updated: 741444
	725  -  MemoryUsage of job (MB)
	741444  -  ResidentSetSize of job (KB)
...
006 (275347.000.000) 2025-01-24 02:19:45 Image size of job updated: 9228252
	726  -  MemoryUsage of job (MB)
	743028  -  ResidentSetSize of job (KB)
...
004 (275347.000.000) 2025-01-24 02:19:45 Job was evicted.
	(0) CPU times
		Usr 0 00:01:37, Sys 0 00:00:03  -  Run Remote Usage
		Usr 0 00:00:00, Sys 0 00:00:00  -  Run Local Usage
	0  -  Run Bytes Sent By Job
	0  -  Run Bytes Received By Job
	Partitionable Resources :    Usage  Request Allocated 
	   Cpus                 :                 1         1 
	   Disk (KB)            :       27       27    469805 
	   Memory (MB)          :      726        1       128 
...
009 (275347.000.000) 2025-01-24 02:19:45 Job was aborted.
	via condor_rm (by user calzona_2046920)
...
