000 (271111.000.000) 2025-01-22 00:43:49 Job submitted from host: <192.168.0.102:9618?addrs=192.168.0.102-9618&alias=submitter&noUDP&sock=schedd_2032_5c88>
...
001 (271111.000.000) 2025-01-22 00:43:54 Job executing on host: <192.168.0.151:9618?addrs=192.168.0.151-9618&alias=node151.di.rm1&noUDP&sock=startd_1528_a8cd>
...
006 (271111.000.000) 2025-01-22 00:44:04 Image size of job updated: 1239568
	421  -  MemoryUsage of job (MB)
	430944  -  ResidentSetSize of job (KB)
...
006 (271111.000.000) 2025-01-22 00:44:52 Image size of job updated: 3491144
	425  -  MemoryUsage of job (MB)
	434508  -  ResidentSetSize of job (KB)
...
004 (271111.000.000) 2025-01-22 00:44:52 Job was evicted.
	(0) CPU times
		Usr 0 00:00:53, Sys 0 00:00:01  -  Run Remote Usage
		Usr 0 00:00:00, Sys 0 00:00:00  -  Run Local Usage
	0  -  Run Bytes Sent By Job
	0  -  Run Bytes Received By Job
	Partitionable Resources :    Usage  Request Allocated 
	   Cpus                 :                 1         1 
	   Disk (KB)            :       27       27    474791 
	   Memory (MB)          :      425        1       128 
...
009 (271111.000.000) 2025-01-22 00:44:52 Job was aborted.
	via condor_rm (by user calzona_2046920)
...
000 (277265.000.000) 2025-01-24 06:16:36 Job submitted from host: <192.168.0.102:9618?addrs=192.168.0.102-9618&alias=submitter&noUDP&sock=schedd_2032_5c88>
...
001 (277265.000.000) 2025-01-24 06:16:38 Job executing on host: <192.168.0.149:9618?addrs=192.168.0.149-9618&alias=node149.di.rm1&noUDP&sock=startd_1551_6f7a>
...
006 (277265.000.000) 2025-01-24 06:16:47 Image size of job updated: 1280500
	476  -  MemoryUsage of job (MB)
	487344  -  ResidentSetSize of job (KB)
...
006 (277265.000.000) 2025-01-24 06:18:38 Image size of job updated: 6519888
	476  -  MemoryUsage of job (MB)
	487344  -  ResidentSetSize of job (KB)
...
004 (277265.000.000) 2025-01-24 06:18:38 Job was evicted.
	(0) CPU times
		Usr 0 00:01:56, Sys 0 00:00:02  -  Run Remote Usage
		Usr 0 00:00:00, Sys 0 00:00:00  -  Run Local Usage
	0  -  Run Bytes Sent By Job
	0  -  Run Bytes Received By Job
	Partitionable Resources :    Usage  Request Allocated 
	   Cpus                 :     1.00        1         1 
	   Disk (KB)            :    27          27    471944 
	   Memory (MB)          :   476           1       128 
...
009 (277265.000.000) 2025-01-24 06:18:38 Job was aborted.
	via condor_rm (by user calzona_2046920)
...
