000 (289946.000.000) 2025-01-29 11:59:10 Job submitted from host: <192.168.0.102:9618?addrs=192.168.0.102-9618&alias=submitter&noUDP&sock=schedd_2032_5c88>
...
014 (289946.000.001) 2025-01-29 11:59:16 Node 1 executing on host: <192.168.0.121:9618?addrs=192.168.0.121-9618&alias=node121.di.rm1&noUDP&sock=startd_2146_8e54>
...
014 (289946.000.002) 2025-01-29 11:59:16 Node 2 executing on host: <192.168.0.110:9618?addrs=192.168.0.110-9618&alias=node110.di.rm1&noUDP&sock=startd_2185_4e86>
...
014 (289946.000.000) 2025-01-29 11:59:16 Node 0 executing on host: <192.168.0.104:9618?addrs=192.168.0.104-9618&alias=node104.di.rm1&noUDP&sock=startd_1987_7ec5>
...
014 (289946.000.003) 2025-01-29 11:59:17 Node 3 executing on host: <192.168.0.143:9618?addrs=192.168.0.143-9618&alias=node143.di.rm1&noUDP&sock=startd_2061_40c7>
...
001 (289946.000.000) 2025-01-29 11:59:17 Job executing on host: MPI_job
...
008 (289946.000.000) 2025-01-29 11:59:19 Launching orted on Node 1 of 4
...
008 (289946.000.000) 2025-01-29 11:59:19 Launching orted on Node 2 of 4
...
008 (289946.000.000) 2025-01-29 11:59:19 Launching orted on Node 0 of 4
...
008 (289946.000.000) 2025-01-29 11:59:19 Launching orted on Node 3 of 4
...
008 (289946.000.000) 2025-01-29 11:59:20 orted exited on Node 2 of 4
...
008 (289946.000.000) 2025-01-29 11:59:20 orted exited on Node 1 of 4
...
008 (289946.000.000) 2025-01-29 11:59:20 orted exited on Node 0 of 4
...
008 (289946.000.000) 2025-01-29 11:59:21 orted exited on Node 3 of 4
...
015 (289946.000.001) 2025-01-29 11:59:21 Node 1 terminated.
	(1) Normal termination (return value 0)
		Usr 0 00:00:03, Sys 0 00:00:03  -  Run Remote Usage
		Usr 0 00:00:00, Sys 0 00:00:00  -  Run Local Usage
		Usr 0 00:00:03, Sys 0 00:00:03  -  Total Remote Usage
		Usr 0 00:00:00, Sys 0 00:00:00  -  Total Local Usage
	2341  -  Run Bytes Sent By Node
	33791  -  Run Bytes Received By Node
	2341  -  Total Bytes Sent By Node
	33791  -  Total Bytes Received By Node
...
015 (289946.000.002) 2025-01-29 11:59:21 Node 2 terminated.
	(1) Normal termination (return value 0)
		Usr 0 00:00:03, Sys 0 00:00:04  -  Run Remote Usage
		Usr 0 00:00:00, Sys 0 00:00:00  -  Run Local Usage
		Usr 0 00:00:03, Sys 0 00:00:04  -  Total Remote Usage
		Usr 0 00:00:00, Sys 0 00:00:00  -  Total Local Usage
	2363  -  Run Bytes Sent By Node
	33791  -  Run Bytes Received By Node
	2363  -  Total Bytes Sent By Node
	33791  -  Total Bytes Received By Node
...
015 (289946.000.000) 2025-01-29 11:59:21 Node 0 terminated.
	(1) Normal termination (return value 0)
		Usr 0 00:00:00, Sys 0 00:00:00  -  Run Remote Usage
		Usr 0 00:00:00, Sys 0 00:00:00  -  Run Local Usage
		Usr 0 00:00:00, Sys 0 00:00:00  -  Total Remote Usage
		Usr 0 00:00:00, Sys 0 00:00:00  -  Total Local Usage
	3437  -  Run Bytes Sent By Node
	33791  -  Run Bytes Received By Node
	3437  -  Total Bytes Sent By Node
	33791  -  Total Bytes Received By Node
...
005 (289946.000.000) 2025-01-29 11:59:21 Job terminated.
	(1) Normal termination (return value 0)
		Usr 0 00:00:10, Sys 0 00:00:11  -  Run Remote Usage
		Usr 0 00:00:00, Sys 0 00:00:00  -  Run Local Usage
		Usr 0 00:00:00, Sys 0 00:00:00  -  Total Remote Usage
		Usr 0 00:00:00, Sys 0 00:00:00  -  Total Local Usage
	8141  -  Run Bytes Sent By Job
	135164  -  Run Bytes Received By Job
	8141  -  Total Bytes Sent By Job
	135164  -  Total Bytes Received By Job
	Partitionable Resources :    Usage  Request Allocated 
	   Cpus                 :                 8         8 
	   Disk (KB)            :       51       35    465124 
	   Memory (MB)          :        0        1       128 

	Job terminated of its own accord at 2025-01-29T11:59:21Z with exit-code 0.
...
