000 (265091.000.000) 2025-01-17 11:21:44 Job submitted from host: <192.168.0.102:9618?addrs=192.168.0.102-9618&alias=submitter&noUDP&sock=schedd_2032_5c88>
...
001 (265091.000.000) 2025-01-17 11:21:50 Job executing on host: <192.168.0.149:9618?addrs=192.168.0.149-9618&alias=node149.di.rm1&noUDP&sock=startd_1551_6f7a>
...
006 (265091.000.000) 2025-01-17 11:21:58 Image size of job updated: 339240
	332  -  MemoryUsage of job (MB)
	339240  -  ResidentSetSize of job (KB)
...
006 (265091.000.000) 2025-01-17 11:22:00 Image size of job updated: 384080
	332  -  MemoryUsage of job (MB)
	339240  -  ResidentSetSize of job (KB)
...
005 (265091.000.000) 2025-01-17 11:22:00 Job terminated.
	(1) Normal termination (return value 0)
		Usr 0 00:00:10, Sys 0 00:00:00  -  Run Remote Usage
		Usr 0 00:00:00, Sys 0 00:00:00  -  Run Local Usage
		Usr 0 00:00:10, Sys 0 00:00:00  -  Total Remote Usage
		Usr 0 00:00:00, Sys 0 00:00:00  -  Total Local Usage
	0  -  Run Bytes Sent By Job
	0  -  Run Bytes Received By Job
	0  -  Total Bytes Sent By Job
	0  -  Total Bytes Received By Job
	Partitionable Resources :    Usage  Request Allocated 
	   Cpus                 :                 1         1 
	   Disk (KB)            :       27       27    471944 
	   Memory (MB)          :      332        1       128 

	Job terminated of its own accord at 2025-01-17T11:22:00Z with exit-code 0.
...
