000 (271411.000.000) 2025-01-22 00:59:27 Job submitted from host: <192.168.0.102:9618?addrs=192.168.0.102-9618&alias=submitter&noUDP&sock=schedd_2032_5c88>
...
001 (271411.000.000) 2025-01-22 00:59:48 Job executing on host: <192.168.0.110:9618?addrs=192.168.0.110-9618&alias=node110.di.rm1&noUDP&sock=startd_2185_4e86>
...
006 (271411.000.000) 2025-01-22 00:59:57 Image size of job updated: 490512
	480  -  MemoryUsage of job (MB)
	490512  -  ResidentSetSize of job (KB)
...
006 (271411.000.000) 2025-01-22 01:00:17 Image size of job updated: 643192
	482  -  MemoryUsage of job (MB)
	492756  -  ResidentSetSize of job (KB)
...
005 (271411.000.000) 2025-01-22 01:00:17 Job terminated.
	(1) Normal termination (return value 0)
		Usr 0 00:04:38, Sys 0 00:00:02  -  Run Remote Usage
		Usr 0 00:00:00, Sys 0 00:00:00  -  Run Local Usage
		Usr 0 00:04:38, Sys 0 00:00:02  -  Total Remote Usage
		Usr 0 00:00:00, Sys 0 00:00:00  -  Total Local Usage
	0  -  Run Bytes Sent By Job
	0  -  Run Bytes Received By Job
	0  -  Total Bytes Sent By Job
	0  -  Total Bytes Received By Job
	Partitionable Resources :    Usage  Request Allocated 
	   Cpus                 :     7.18        1         1 
	   Disk (KB)            :    27          27    468087 
	   Gpus (Average)       :                 0         0 
	   Memory (MB)          :   482           1       128 

	Job terminated of its own accord at 2025-01-22T01:00:17Z with exit-code 0.
...
000 (277565.000.000) 2025-01-24 06:40:35 Job submitted from host: <192.168.0.102:9618?addrs=192.168.0.102-9618&alias=submitter&noUDP&sock=schedd_2032_5c88>
...
001 (277565.000.000) 2025-01-24 06:40:45 Job executing on host: <192.168.0.133:9618?addrs=192.168.0.133-9618&alias=node133.di.rm1&noUDP&sock=startd_1941_f16a>
...
006 (277565.000.000) 2025-01-24 06:40:53 Image size of job updated: 432696
	423  -  MemoryUsage of job (MB)
	432696  -  ResidentSetSize of job (KB)
...
006 (277565.000.000) 2025-01-24 06:41:14 Image size of job updated: 643192
	423  -  MemoryUsage of job (MB)
	432828  -  ResidentSetSize of job (KB)
...
005 (277565.000.000) 2025-01-24 06:41:14 Job terminated.
	(1) Normal termination (return value 0)
		Usr 0 00:04:38, Sys 0 00:00:02  -  Run Remote Usage
		Usr 0 00:00:00, Sys 0 00:00:00  -  Run Local Usage
		Usr 0 00:04:38, Sys 0 00:00:02  -  Total Remote Usage
		Usr 0 00:00:00, Sys 0 00:00:00  -  Total Local Usage
	0  -  Run Bytes Sent By Job
	0  -  Run Bytes Received By Job
	0  -  Total Bytes Sent By Job
	0  -  Total Bytes Received By Job
	Partitionable Resources :    Usage  Request Allocated 
	   Cpus                 :                 1         1 
	   Disk (KB)            :       27       27    473452 
	   Memory (MB)          :      423        1       128 

	Job terminated of its own accord at 2025-01-24T06:41:14Z with exit-code 0.
...
