000 (280957.000.000) 2025-01-25 18:21:23 Job submitted from host: <192.168.0.102:9618?addrs=192.168.0.102-9618&alias=submitter&noUDP&sock=schedd_2032_5c88>
...
014 (280957.000.000) 2025-01-25 18:21:26 Node 0 executing on host: <192.168.0.109:9618?addrs=192.168.0.109-9618&alias=node109.di.rm1&noUDP&sock=startd_1627_90ad>
...
014 (280957.000.003) 2025-01-25 18:21:26 Node 3 executing on host: <192.168.0.121:9618?addrs=192.168.0.121-9618&alias=node121.di.rm1&noUDP&sock=startd_2146_8e54>
...
014 (280957.000.001) 2025-01-25 18:21:26 Node 1 executing on host: <192.168.0.149:9618?addrs=192.168.0.149-9618&alias=node149.di.rm1&noUDP&sock=startd_1551_6f7a>
...
014 (280957.000.002) 2025-01-25 18:21:26 Node 2 executing on host: <192.168.0.149:9618?addrs=192.168.0.149-9618&alias=node149.di.rm1&noUDP&sock=startd_1551_6f7a>
...
001 (280957.000.000) 2025-01-25 18:21:26 Job executing on host: MPI_job
...
008 (280957.000.000) 2025-01-25 18:21:28 Launching orted on Node 0 of 4
...
008 (280957.000.000) 2025-01-25 18:21:28 Launching orted on Node 3 of 4
...
008 (280957.000.000) 2025-01-25 18:21:28 Launching orted on Node 1 of 4
...
008 (280957.000.000) 2025-01-25 18:21:28 Launching orted on Node 2 of 4
...
008 (280957.000.000) 2025-01-25 18:21:31 orted exited on Node 3 of 4
...
008 (280957.000.000) 2025-01-25 18:21:31 orted exited on Node 1 of 4
...
008 (280957.000.000) 2025-01-25 18:21:31 orted exited on Node 2 of 4
...
008 (280957.000.000) 2025-01-25 18:21:31 orted exited on Node 0 of 4
...
015 (280957.000.000) 2025-01-25 18:21:32 Node 0 terminated.
	(1) Normal termination (return value 0)
		Usr 0 00:00:00, Sys 0 00:00:00  -  Run Remote Usage
		Usr 0 00:00:00, Sys 0 00:00:00  -  Run Local Usage
		Usr 0 00:00:00, Sys 0 00:00:00  -  Total Remote Usage
		Usr 0 00:00:00, Sys 0 00:00:00  -  Total Local Usage
	3262  -  Run Bytes Sent By Node
	33639  -  Run Bytes Received By Node
	3262  -  Total Bytes Sent By Node
	33639  -  Total Bytes Received By Node
...
005 (280957.000.000) 2025-01-25 18:21:32 Job terminated.
	(1) Normal termination (return value 0)
		Usr 0 00:00:07, Sys 0 00:00:01  -  Run Remote Usage
		Usr 0 00:00:00, Sys 0 00:00:00  -  Run Local Usage
		Usr 0 00:00:00, Sys 0 00:00:00  -  Total Remote Usage
		Usr 0 00:00:00, Sys 0 00:00:00  -  Total Local Usage
	3262  -  Run Bytes Sent By Job
	134556  -  Run Bytes Received By Job
	3262  -  Total Bytes Sent By Job
	134556  -  Total Bytes Received By Job
	Partitionable Resources :    Usage  Request Allocated 
	   Cpus                 :                 1         1 
	   Disk (KB)            :       49       35    468160 
	   Memory (MB)          :        0        0     40960 

	Job terminated of its own accord at 2025-01-25T18:21:31Z with exit-code 0.
...
