000 (268619.000.000) 2025-01-21 21:56:36 Job submitted from host: <192.168.0.102:9618?addrs=192.168.0.102-9618&alias=submitter&noUDP&sock=schedd_2032_5c88>
...
001 (268619.000.000) 2025-01-21 21:56:36 Job executing on host: <192.168.0.130:9618?addrs=192.168.0.130-9618&alias=node130.di.rm1&noUDP&sock=startd_2751195_838e>
...
006 (268619.000.000) 2025-01-21 21:56:45 Image size of job updated: 780780
	763  -  MemoryUsage of job (MB)
	780780  -  ResidentSetSize of job (KB)
...
006 (268619.000.000) 2025-01-21 21:57:32 Image size of job updated: 2181072
	765  -  MemoryUsage of job (MB)
	782628  -  ResidentSetSize of job (KB)
...
004 (268619.000.000) 2025-01-21 21:57:33 Job was evicted.
	(0) CPU times
		Usr 0 00:00:54, Sys 0 00:00:01  -  Run Remote Usage
		Usr 0 00:00:00, Sys 0 00:00:00  -  Run Local Usage
	0  -  Run Bytes Sent By Job
	0  -  Run Bytes Received By Job
	Partitionable Resources :    Usage  Request Allocated 
	   Cpus                 :     1.00        1         1 
	   Disk (KB)            :    27          27    472313 
	   Memory (MB)          :   765           1       128 
...
009 (268619.000.000) 2025-01-21 21:57:33 Job was aborted.
	via condor_rm (by user calzona_2046920)
...
000 (268770.000.000) 2025-01-21 22:04:13 Job submitted from host: <192.168.0.102:9618?addrs=192.168.0.102-9618&alias=submitter&noUDP&sock=schedd_2032_5c88>
...
001 (268770.000.000) 2025-01-21 22:04:19 Job executing on host: <192.168.0.130:9618?addrs=192.168.0.130-9618&alias=node130.di.rm1&noUDP&sock=startd_2751195_838e>
...
006 (268770.000.000) 2025-01-21 22:04:28 Image size of job updated: 786060
	752  -  MemoryUsage of job (MB)
	769956  -  ResidentSetSize of job (KB)
...
006 (268770.000.000) 2025-01-21 22:04:49 Image size of job updated: 2148168
	753  -  MemoryUsage of job (MB)
	770352  -  ResidentSetSize of job (KB)
...
004 (268770.000.000) 2025-01-21 22:04:49 Job was evicted.
	(0) CPU times
		Usr 0 00:00:29, Sys 0 00:00:00  -  Run Remote Usage
		Usr 0 00:00:00, Sys 0 00:00:00  -  Run Local Usage
	0  -  Run Bytes Sent By Job
	0  -  Run Bytes Received By Job
	Partitionable Resources :    Usage  Request Allocated 
	   Cpus                 :                 1         1 
	   Disk (KB)            :       27       27    472313 
	   Memory (MB)          :      753        1       128 
...
009 (268770.000.000) 2025-01-21 22:04:49 Job was aborted.
	via condor_rm (by user calzona_2046920)
...
000 (275163.000.000) 2025-01-24 01:51:08 Job submitted from host: <192.168.0.102:9618?addrs=192.168.0.102-9618&alias=submitter&noUDP&sock=schedd_2032_5c88>
...
001 (275163.000.000) 2025-01-24 01:51:08 Job executing on host: <192.168.0.151:9618?addrs=192.168.0.151-9618&alias=node151.di.rm1&noUDP&sock=startd_1528_a8cd>
...
006 (275163.000.000) 2025-01-24 01:51:17 Image size of job updated: 861564
	827  -  MemoryUsage of job (MB)
	846272  -  ResidentSetSize of job (KB)
...
006 (275163.000.000) 2025-01-24 01:53:10 Image size of job updated: 2181072
	828  -  MemoryUsage of job (MB)
	847460  -  ResidentSetSize of job (KB)
...
004 (275163.000.000) 2025-01-24 01:53:10 Job was evicted.
	(0) CPU times
		Usr 0 00:02:00, Sys 0 00:00:02  -  Run Remote Usage
		Usr 0 00:00:00, Sys 0 00:00:00  -  Run Local Usage
	0  -  Run Bytes Sent By Job
	0  -  Run Bytes Received By Job
	Partitionable Resources :    Usage  Request Allocated 
	   Cpus                 :     1.00        1         1 
	   Disk (KB)            :    27          27    474791 
	   Memory (MB)          :   828           1       128 
...
009 (275163.000.000) 2025-01-24 01:53:10 Job was aborted.
	via condor_rm (by user calzona_2046920)
...
