000 (269614.000.000) 2025-01-21 22:50:38 Job submitted from host: <192.168.0.102:9618?addrs=192.168.0.102-9618&alias=submitter&noUDP&sock=schedd_2032_5c88>
...
001 (269614.000.000) 2025-01-21 22:50:58 Job executing on host: <192.168.0.151:9618?addrs=192.168.0.151-9618&alias=node151.di.rm1&noUDP&sock=startd_1528_a8cd>
...
006 (269614.000.000) 2025-01-21 22:51:06 Image size of job updated: 398772
	390  -  MemoryUsage of job (MB)
	398772  -  ResidentSetSize of job (KB)
...
006 (269614.000.000) 2025-01-21 22:51:40 Image size of job updated: 1917564
	391  -  MemoryUsage of job (MB)
	399564  -  ResidentSetSize of job (KB)
...
004 (269614.000.000) 2025-01-21 22:51:40 Job was evicted.
	(0) CPU times
		Usr 0 00:00:40, Sys 0 00:00:00  -  Run Remote Usage
		Usr 0 00:00:00, Sys 0 00:00:00  -  Run Local Usage
	0  -  Run Bytes Sent By Job
	0  -  Run Bytes Received By Job
	Partitionable Resources :    Usage  Request Allocated 
	   Cpus                 :                 1         1 
	   Disk (KB)            :       27       27    474791 
	   Memory (MB)          :      391        1       128 
...
009 (269614.000.000) 2025-01-21 22:51:40 Job was aborted.
	via condor_rm (by user calzona_2046920)
...
000 (275768.000.000) 2025-01-24 03:07:47 Job submitted from host: <192.168.0.102:9618?addrs=192.168.0.102-9618&alias=submitter&noUDP&sock=schedd_2032_5c88>
...
001 (275768.000.000) 2025-01-24 03:07:47 Job executing on host: <192.168.0.151:9618?addrs=192.168.0.151-9618&alias=node151.di.rm1&noUDP&sock=startd_1528_a8cd>
...
006 (275768.000.000) 2025-01-24 03:07:56 Image size of job updated: 478244
	443  -  MemoryUsage of job (MB)
	452748  -  ResidentSetSize of job (KB)
...
006 (275768.000.000) 2025-01-24 03:09:48 Image size of job updated: 2185572
	443  -  MemoryUsage of job (MB)
	452748  -  ResidentSetSize of job (KB)
...
004 (275768.000.000) 2025-01-24 03:09:48 Job was evicted.
	(0) CPU times
		Usr 0 00:03:17, Sys 0 00:00:01  -  Run Remote Usage
		Usr 0 00:00:00, Sys 0 00:00:00  -  Run Local Usage
	0  -  Run Bytes Sent By Job
	0  -  Run Bytes Received By Job
	Partitionable Resources :    Usage  Request Allocated 
	   Cpus                 :                 1         1 
	   Disk (KB)            :       27       27    474791 
	   Memory (MB)          :      443        1       128 
...
009 (275768.000.000) 2025-01-24 03:09:48 Job was aborted.
	via condor_rm (by user calzona_2046920)
...
