000 (261979.000.000) 2025-01-16 18:00:53 Job submitted from host: <192.168.0.102:9618?addrs=192.168.0.102-9618&alias=submitter&noUDP&sock=schedd_2032_5c88>
...
001 (261979.000.000) 2025-01-16 18:00:59 Job executing on host: <192.168.0.135:9618?addrs=192.168.0.135-9618&alias=node135.di.rm1&noUDP&sock=startd_2000_6980>
...
006 (261979.000.000) 2025-01-16 18:01:07 Image size of job updated: 724812
	708  -  MemoryUsage of job (MB)
	724812  -  ResidentSetSize of job (KB)
...
006 (261979.000.000) 2025-01-16 18:01:23 Image size of job updated: 2060520
	708  -  MemoryUsage of job (MB)
	724944  -  ResidentSetSize of job (KB)
...
005 (261979.000.000) 2025-01-16 18:01:23 Job terminated.
	(1) Normal termination (return value 0)
		Usr 0 00:00:22, Sys 0 00:00:00  -  Run Remote Usage
		Usr 0 00:00:00, Sys 0 00:00:00  -  Run Local Usage
		Usr 0 00:00:22, Sys 0 00:00:00  -  Total Remote Usage
		Usr 0 00:00:00, Sys 0 00:00:00  -  Total Local Usage
	0  -  Run Bytes Sent By Job
	0  -  Run Bytes Received By Job
	0  -  Total Bytes Sent By Job
	0  -  Total Bytes Received By Job
	Partitionable Resources :    Usage  Request Allocated 
	   Cpus                 :     1.00        1         1 
	   Disk (KB)            :    27          27    470875 
	   Memory (MB)          :   708           1       128 

	Job terminated of its own accord at 2025-01-16T18:01:23Z with exit-code 0.
...
