000 (279136.000.000) 2025-01-24 10:18:39 Job submitted from host: <192.168.0.102:9618?addrs=192.168.0.102-9618&alias=submitter&noUDP&sock=schedd_2032_5c88>
...
014 (279136.000.000) 2025-01-24 10:18:41 Node 0 executing on host: <192.168.0.149:9618?addrs=192.168.0.149-9618&alias=node149.di.rm1&noUDP&sock=startd_1551_6f7a>
...
014 (279136.000.004) 2025-01-24 10:18:41 Node 4 executing on host: <192.168.0.133:9618?addrs=192.168.0.133-9618&alias=node133.di.rm1&noUDP&sock=startd_1941_f16a>
...
014 (279136.000.007) 2025-01-24 10:18:41 Node 7 executing on host: <192.168.0.148:9618?addrs=192.168.0.148-9618&alias=node148.di.rm1&noUDP&sock=startd_1547_b119>
...
014 (279136.000.006) 2025-01-24 10:18:41 Node 6 executing on host: <192.168.0.104:9618?addrs=192.168.0.104-9618&alias=node104.di.rm1&noUDP&sock=startd_1987_7ec5>
...
014 (279136.000.001) 2025-01-24 10:18:41 Node 1 executing on host: <192.168.0.123:9618?addrs=192.168.0.123-9618&alias=node123.di.rm1&noUDP&sock=startd_2149_9d1d>
...
014 (279136.000.005) 2025-01-24 10:18:41 Node 5 executing on host: <192.168.0.139:9618?addrs=192.168.0.139-9618&alias=node139.di.rm1&noUDP&sock=startd_1966_1748>
...
014 (279136.000.002) 2025-01-24 10:18:41 Node 2 executing on host: <192.168.0.141:9618?addrs=192.168.0.141-9618&alias=node141.di.rm1&noUDP&sock=startd_2077_3a4b>
...
014 (279136.000.003) 2025-01-24 10:18:41 Node 3 executing on host: <192.168.0.124:9618?addrs=192.168.0.124-9618&alias=node124.di.rm1&noUDP&sock=startd_2143_7f8b>
...
001 (279136.000.000) 2025-01-24 10:18:41 Job executing on host: MPI_job
...
008 (279136.000.000) 2025-01-24 10:18:43 Launching orted on Node 0 of 8
...
008 (279136.000.000) 2025-01-24 10:18:43 Launching orted on Node 4 of 8
...
008 (279136.000.000) 2025-01-24 10:18:43 Launching orted on Node 7 of 8
...
008 (279136.000.000) 2025-01-24 10:18:43 Launching orted on Node 6 of 8
...
008 (279136.000.000) 2025-01-24 10:18:43 Launching orted on Node 1 of 8
...
008 (279136.000.000) 2025-01-24 10:18:43 Launching orted on Node 5 of 8
...
008 (279136.000.000) 2025-01-24 10:18:43 Launching orted on Node 3 of 8
...
008 (279136.000.000) 2025-01-24 10:18:43 Launching orted on Node 2 of 8
...
008 (279136.000.000) 2025-01-24 10:18:44 orted exited on Node 1 of 8
...
008 (279136.000.000) 2025-01-24 10:18:44 orted exited on Node 6 of 8
...
008 (279136.000.000) 2025-01-24 10:18:44 orted exited on Node 5 of 8
...
008 (279136.000.000) 2025-01-24 10:18:44 orted exited on Node 7 of 8
...
008 (279136.000.000) 2025-01-24 10:18:44 orted exited on Node 4 of 8
...
008 (279136.000.000) 2025-01-24 10:18:44 orted exited on Node 0 of 8
...
008 (279136.000.000) 2025-01-24 10:18:44 orted exited on Node 3 of 8
...
008 (279136.000.000) 2025-01-24 10:18:44 orted exited on Node 2 of 8
...
015 (279136.000.000) 2025-01-24 10:18:44 Node 0 terminated.
	(1) Normal termination (return value 0)
		Usr 0 00:00:00, Sys 0 00:00:00  -  Run Remote Usage
		Usr 0 00:00:00, Sys 0 00:00:00  -  Run Local Usage
		Usr 0 00:00:00, Sys 0 00:00:00  -  Total Remote Usage
		Usr 0 00:00:00, Sys 0 00:00:00  -  Total Local Usage
	3261  -  Run Bytes Sent By Node
	33639  -  Run Bytes Received By Node
	3261  -  Total Bytes Sent By Node
	33639  -  Total Bytes Received By Node
...
005 (279136.000.000) 2025-01-24 10:18:44 Job terminated.
	(1) Normal termination (return value 0)
		Usr 0 00:00:02, Sys 0 00:00:01  -  Run Remote Usage
		Usr 0 00:00:00, Sys 0 00:00:00  -  Run Local Usage
		Usr 0 00:00:00, Sys 0 00:00:00  -  Total Remote Usage
		Usr 0 00:00:00, Sys 0 00:00:00  -  Total Local Usage
	3261  -  Run Bytes Sent By Job
	269112  -  Run Bytes Received By Job
	3261  -  Total Bytes Sent By Job
	269112  -  Total Bytes Received By Job
	Partitionable Resources :    Usage  Request Allocated 
	   Cpus                 :                 1         2 
	   Disk (KB)            :       50       35 102883670 
	   Memory (MB)          :        0        0    100096 

	Job terminated of its own accord at 2025-01-24T10:18:44Z with exit-code 0.
...
000 (287450.000.000) 2025-01-28 17:14:03 Job submitted from host: <192.168.0.102:9618?addrs=192.168.0.102-9618&alias=submitter&noUDP&sock=schedd_2032_5c88>
...
014 (287450.000.003) 2025-01-28 17:14:16 Node 3 executing on host: <192.168.0.134:9618?addrs=192.168.0.134-9618&alias=node134.di.rm1&noUDP&sock=startd_2073_7bea>
...
014 (287450.000.004) 2025-01-28 17:14:16 Node 4 executing on host: <192.168.0.143:9618?addrs=192.168.0.143-9618&alias=node143.di.rm1&noUDP&sock=startd_2061_40c7>
...
014 (287450.000.002) 2025-01-28 17:14:16 Node 2 executing on host: <192.168.0.148:9618?addrs=192.168.0.148-9618&alias=node148.di.rm1&noUDP&sock=startd_1547_b119>
...
014 (287450.000.006) 2025-01-28 17:14:16 Node 6 executing on host: <192.168.0.149:9618?addrs=192.168.0.149-9618&alias=node149.di.rm1&noUDP&sock=startd_1551_6f7a>
...
014 (287450.000.000) 2025-01-28 17:14:16 Node 0 executing on host: <192.168.0.123:9618?addrs=192.168.0.123-9618&alias=node123.di.rm1&noUDP&sock=startd_2149_9d1d>
...
014 (287450.000.001) 2025-01-28 17:14:16 Node 1 executing on host: <192.168.0.124:9618?addrs=192.168.0.124-9618&alias=node124.di.rm1&noUDP&sock=startd_2143_7f8b>
...
014 (287450.000.005) 2025-01-28 17:14:16 Node 5 executing on host: <192.168.0.105:9618?addrs=192.168.0.105-9618&alias=node105.di.rm1&noUDP&sock=startd_1951_cd5c>
...
014 (287450.000.007) 2025-01-28 17:14:16 Node 7 executing on host: <192.168.0.114:9618?addrs=192.168.0.114-9618&alias=node114.di.rm1&noUDP&sock=startd_2075_db1b>
...
001 (287450.000.000) 2025-01-28 17:14:16 Job executing on host: MPI_job
...
008 (287450.000.000) 2025-01-28 17:14:18 Launching orted on Node 3 of 8
...
008 (287450.000.000) 2025-01-28 17:14:18 Launching orted on Node 6 of 8
...
008 (287450.000.000) 2025-01-28 17:14:18 Launching orted on Node 4 of 8
...
008 (287450.000.000) 2025-01-28 17:14:18 Launching orted on Node 2 of 8
...
008 (287450.000.000) 2025-01-28 17:14:18 Launching orted on Node 0 of 8
...
008 (287450.000.000) 2025-01-28 17:14:18 Launching orted on Node 1 of 8
...
008 (287450.000.000) 2025-01-28 17:14:18 Launching orted on Node 5 of 8
...
008 (287450.000.000) 2025-01-28 17:14:18 Launching orted on Node 7 of 8
...
008 (287450.000.000) 2025-01-28 17:14:19 orted exited on Node 2 of 8
...
008 (287450.000.000) 2025-01-28 17:14:19 orted exited on Node 7 of 8
...
008 (287450.000.000) 2025-01-28 17:14:19 orted exited on Node 5 of 8
...
008 (287450.000.000) 2025-01-28 17:14:19 orted exited on Node 6 of 8
...
008 (287450.000.000) 2025-01-28 17:14:19 orted exited on Node 1 of 8
...
008 (287450.000.000) 2025-01-28 17:14:19 orted exited on Node 3 of 8
...
008 (287450.000.000) 2025-01-28 17:14:19 orted exited on Node 0 of 8
...
008 (287450.000.000) 2025-01-28 17:14:19 orted exited on Node 4 of 8
...
015 (287450.000.001) 2025-01-28 17:14:19 Node 1 terminated.
	(1) Normal termination (return value 0)
		Usr 0 00:00:00, Sys 0 00:00:00  -  Run Remote Usage
		Usr 0 00:00:00, Sys 0 00:00:00  -  Run Local Usage
		Usr 0 00:00:00, Sys 0 00:00:00  -  Total Remote Usage
		Usr 0 00:00:00, Sys 0 00:00:00  -  Total Local Usage
	2187  -  Run Bytes Sent By Node
	33591  -  Run Bytes Received By Node
	2187  -  Total Bytes Sent By Node
	33591  -  Total Bytes Received By Node
...
015 (287450.000.002) 2025-01-28 17:14:19 Node 2 terminated.
	(1) Normal termination (return value 0)
		Usr 0 00:00:00, Sys 0 00:00:00  -  Run Remote Usage
		Usr 0 00:00:00, Sys 0 00:00:00  -  Run Local Usage
		Usr 0 00:00:00, Sys 0 00:00:00  -  Total Remote Usage
		Usr 0 00:00:00, Sys 0 00:00:00  -  Total Local Usage
	2165  -  Run Bytes Sent By Node
	33591  -  Run Bytes Received By Node
	2165  -  Total Bytes Sent By Node
	33591  -  Total Bytes Received By Node
...
015 (287450.000.003) 2025-01-28 17:14:19 Node 3 terminated.
	(1) Normal termination (return value 0)
		Usr 0 00:00:00, Sys 0 00:00:00  -  Run Remote Usage
		Usr 0 00:00:00, Sys 0 00:00:00  -  Run Local Usage
		Usr 0 00:00:00, Sys 0 00:00:00  -  Total Remote Usage
		Usr 0 00:00:00, Sys 0 00:00:00  -  Total Local Usage
	2165  -  Run Bytes Sent By Node
	33591  -  Run Bytes Received By Node
	2165  -  Total Bytes Sent By Node
	33591  -  Total Bytes Received By Node
...
015 (287450.000.005) 2025-01-28 17:14:19 Node 5 terminated.
	(1) Normal termination (return value 0)
		Usr 0 00:00:01, Sys 0 00:00:01  -  Run Remote Usage
		Usr 0 00:00:00, Sys 0 00:00:00  -  Run Local Usage
		Usr 0 00:00:01, Sys 0 00:00:01  -  Total Remote Usage
		Usr 0 00:00:00, Sys 0 00:00:00  -  Total Local Usage
	2165  -  Run Bytes Sent By Node
	33591  -  Run Bytes Received By Node
	2165  -  Total Bytes Sent By Node
	33591  -  Total Bytes Received By Node
...
015 (287450.000.006) 2025-01-28 17:14:19 Node 6 terminated.
	(1) Normal termination (return value 0)
		Usr 0 00:00:00, Sys 0 00:00:00  -  Run Remote Usage
		Usr 0 00:00:00, Sys 0 00:00:00  -  Run Local Usage
		Usr 0 00:00:00, Sys 0 00:00:00  -  Total Remote Usage
		Usr 0 00:00:00, Sys 0 00:00:00  -  Total Local Usage
	2165  -  Run Bytes Sent By Node
	33591  -  Run Bytes Received By Node
	2165  -  Total Bytes Sent By Node
	33591  -  Total Bytes Received By Node
...
015 (287450.000.007) 2025-01-28 17:14:19 Node 7 terminated.
	(1) Normal termination (return value 0)
		Usr 0 00:00:00, Sys 0 00:00:00  -  Run Remote Usage
		Usr 0 00:00:00, Sys 0 00:00:00  -  Run Local Usage
		Usr 0 00:00:00, Sys 0 00:00:00  -  Total Remote Usage
		Usr 0 00:00:00, Sys 0 00:00:00  -  Total Local Usage
	2165  -  Run Bytes Sent By Node
	33591  -  Run Bytes Received By Node
	2165  -  Total Bytes Sent By Node
	33591  -  Total Bytes Received By Node
...
015 (287450.000.000) 2025-01-28 17:14:19 Node 0 terminated.
	(1) Normal termination (return value 0)
		Usr 0 00:00:00, Sys 0 00:00:00  -  Run Remote Usage
		Usr 0 00:00:00, Sys 0 00:00:00  -  Run Local Usage
		Usr 0 00:00:00, Sys 0 00:00:00  -  Total Remote Usage
		Usr 0 00:00:00, Sys 0 00:00:00  -  Total Local Usage
	3305  -  Run Bytes Sent By Node
	33591  -  Run Bytes Received By Node
	3305  -  Total Bytes Sent By Node
	33591  -  Total Bytes Received By Node
...
005 (287450.000.000) 2025-01-28 17:14:19 Job terminated.
	(1) Normal termination (return value 0)
		Usr 0 00:00:01, Sys 0 00:00:01  -  Run Remote Usage
		Usr 0 00:00:00, Sys 0 00:00:00  -  Run Local Usage
		Usr 0 00:00:00, Sys 0 00:00:00  -  Total Remote Usage
		Usr 0 00:00:00, Sys 0 00:00:00  -  Total Local Usage
	18482  -  Run Bytes Sent By Job
	268728  -  Run Bytes Received By Job
	18482  -  Total Bytes Sent By Job
	268728  -  Total Bytes Received By Job
	Partitionable Resources :    Usage  Request Allocated 
	   Cpus                 :                 1         1 
	   Disk (KB)            :       52       35    499900 
	   GPUs                 :                           1 
	   Memory (MB)          :        0        0     20480 

	Job terminated of its own accord at 2025-01-28T17:14:19Z with exit-code 0.
...
