000 (289653.000.000) 2025-01-29 11:23:32 Job submitted from host: <192.168.0.102:9618?addrs=192.168.0.102-9618&alias=submitter&noUDP&sock=schedd_2032_5c88>
...
014 (289653.000.001) 2025-01-29 11:23:40 Node 1 executing on host: <192.168.0.140:9618?addrs=192.168.0.140-9618&alias=node140.di.rm1&noUDP&sock=startd_1890_f615>
...
014 (289653.000.002) 2025-01-29 11:23:40 Node 2 executing on host: <192.168.0.106:9618?addrs=192.168.0.106-9618&alias=node106.di.rm1&noUDP&sock=startd_1970_d5a9>
...
014 (289653.000.000) 2025-01-29 11:23:40 Node 0 executing on host: <192.168.0.123:9618?addrs=192.168.0.123-9618&alias=node123.di.rm1&noUDP&sock=startd_2149_9d1d>
...
014 (289653.000.003) 2025-01-29 11:23:40 Node 3 executing on host: <192.168.0.145:9618?addrs=192.168.0.145-9618&alias=node145.di.rm1&noUDP&sock=startd_1869_8e98>
...
001 (289653.000.000) 2025-01-29 11:23:40 Job executing on host: MPI_job
...
008 (289653.000.000) 2025-01-29 11:23:42 Launching orted on Node 1 of 4
...
008 (289653.000.000) 2025-01-29 11:23:42 Launching orted on Node 2 of 4
...
008 (289653.000.000) 2025-01-29 11:23:42 Launching orted on Node 0 of 4
...
008 (289653.000.000) 2025-01-29 11:23:42 Launching orted on Node 3 of 4
...
008 (289653.000.000) 2025-01-29 11:23:43 orted exited on Node 0 of 4
...
008 (289653.000.000) 2025-01-29 11:23:43 orted exited on Node 2 of 4
...
008 (289653.000.000) 2025-01-29 11:23:43 orted exited on Node 1 of 4
...
008 (289653.000.000) 2025-01-29 11:23:43 orted exited on Node 3 of 4
...
015 (289653.000.001) 2025-01-29 11:23:43 Node 1 terminated.
	(1) Normal termination (return value 0)
		Usr 0 00:00:00, Sys 0 00:00:00  -  Run Remote Usage
		Usr 0 00:00:00, Sys 0 00:00:00  -  Run Local Usage
		Usr 0 00:00:00, Sys 0 00:00:00  -  Total Remote Usage
		Usr 0 00:00:00, Sys 0 00:00:00  -  Total Local Usage
	2341  -  Run Bytes Sent By Node
	33791  -  Run Bytes Received By Node
	2341  -  Total Bytes Sent By Node
	33791  -  Total Bytes Received By Node
...
015 (289653.000.002) 2025-01-29 11:23:43 Node 2 terminated.
	(1) Normal termination (return value 0)
		Usr 0 00:00:01, Sys 0 00:00:01  -  Run Remote Usage
		Usr 0 00:00:00, Sys 0 00:00:00  -  Run Local Usage
		Usr 0 00:00:01, Sys 0 00:00:01  -  Total Remote Usage
		Usr 0 00:00:00, Sys 0 00:00:00  -  Total Local Usage
	2341  -  Run Bytes Sent By Node
	33791  -  Run Bytes Received By Node
	2341  -  Total Bytes Sent By Node
	33791  -  Total Bytes Received By Node
...
015 (289653.000.000) 2025-01-29 11:23:43 Node 0 terminated.
	(1) Normal termination (return value 0)
		Usr 0 00:00:00, Sys 0 00:00:00  -  Run Remote Usage
		Usr 0 00:00:00, Sys 0 00:00:00  -  Run Local Usage
		Usr 0 00:00:00, Sys 0 00:00:00  -  Total Remote Usage
		Usr 0 00:00:00, Sys 0 00:00:00  -  Total Local Usage
	3479  -  Run Bytes Sent By Node
	33791  -  Run Bytes Received By Node
	3479  -  Total Bytes Sent By Node
	33791  -  Total Bytes Received By Node
...
005 (289653.000.000) 2025-01-29 11:23:43 Job terminated.
	(1) Normal termination (return value 0)
		Usr 0 00:00:01, Sys 0 00:00:01  -  Run Remote Usage
		Usr 0 00:00:00, Sys 0 00:00:00  -  Run Local Usage
		Usr 0 00:00:00, Sys 0 00:00:00  -  Total Remote Usage
		Usr 0 00:00:00, Sys 0 00:00:00  -  Total Local Usage
	8161  -  Run Bytes Sent By Job
	135164  -  Run Bytes Received By Job
	8161  -  Total Bytes Sent By Job
	135164  -  Total Bytes Received By Job
	Partitionable Resources :    Usage  Request Allocated 
	   Cpus                 :                 2         2 
	   Disk (KB)            :       51       35 102979196 
	   GPUs                 :                           0 
	   Memory (MB)          :        0      559    100096 

	Job terminated of its own accord at 2025-01-29T11:23:43Z with exit-code 0.
...
