000 (262850.000.000) 2025-01-17 11:14:22 Job submitted from host: <192.168.0.102:9618?addrs=192.168.0.102-9618&alias=submitter&noUDP&sock=schedd_2032_5c88>
...
001 (262850.000.000) 2025-01-17 11:14:34 Job executing on host: <192.168.0.132:9618?addrs=192.168.0.132-9618&alias=node132.di.rm1&noUDP&sock=startd_1999_b9e8>
...
006 (262850.000.000) 2025-01-17 11:14:43 Image size of job updated: 844800
	825  -  MemoryUsage of job (MB)
	844800  -  ResidentSetSize of job (KB)
...
006 (262850.000.000) 2025-01-17 11:19:44 Image size of job updated: 2185980
	2131  -  MemoryUsage of job (MB)
	2182140  -  ResidentSetSize of job (KB)
...
004 (262850.000.000) 2025-01-17 11:20:12 Job was evicted.
	(0) CPU times
		Usr 0 00:05:36, Sys 0 00:00:00  -  Run Remote Usage
		Usr 0 00:00:00, Sys 0 00:00:00  -  Run Local Usage
	0  -  Run Bytes Sent By Job
	0  -  Run Bytes Received By Job
	Partitionable Resources :    Usage  Request Allocated 
	   Cpus                 :     1.00        1         1 
	   Disk (KB)            :    27          27    474788 
	   Memory (MB)          :  2131           1       128 
...
009 (262850.000.000) 2025-01-17 11:20:12 Job was aborted.
	via condor_rm (by user calzona_2046920)
...
