000 (269204.000.000) 2025-01-21 22:26:04 Job submitted from host: <192.168.0.102:9618?addrs=192.168.0.102-9618&alias=submitter&noUDP&sock=schedd_2032_5c88>
...
001 (269204.000.000) 2025-01-21 22:26:04 Job executing on host: <192.168.0.147:9618?addrs=192.168.0.147-9618&alias=node147.di.rm1&noUDP&sock=startd_1513_5ee1>
...
006 (269204.000.000) 2025-01-21 22:26:13 Image size of job updated: 1119000
	728  -  MemoryUsage of job (MB)
	745008  -  ResidentSetSize of job (KB)
...
006 (269204.000.000) 2025-01-21 22:26:48 Image size of job updated: 3902536
	729  -  MemoryUsage of job (MB)
	745668  -  ResidentSetSize of job (KB)
...
004 (269204.000.000) 2025-01-21 22:26:48 Job was evicted.
	(0) CPU times
		Usr 0 00:00:41, Sys 0 00:00:01  -  Run Remote Usage
		Usr 0 00:00:00, Sys 0 00:00:00  -  Run Local Usage
	0  -  Run Bytes Sent By Job
	0  -  Run Bytes Received By Job
	Partitionable Resources :    Usage  Request Allocated 
	   Cpus                 :                 1         1 
	   Disk (KB)            :       27       27    469805 
	   Memory (MB)          :      729        1       128 
...
009 (269204.000.000) 2025-01-21 22:26:48 Job was aborted.
	via condor_rm (by user calzona_2046920)
...
000 (269299.000.000) 2025-01-21 22:33:17 Job submitted from host: <192.168.0.102:9618?addrs=192.168.0.102-9618&alias=submitter&noUDP&sock=schedd_2032_5c88>
...
001 (269299.000.000) 2025-01-21 22:33:19 Job executing on host: <192.168.0.151:9618?addrs=192.168.0.151-9618&alias=node151.di.rm1&noUDP&sock=startd_1528_a8cd>
...
006 (269299.000.000) 2025-01-21 22:33:28 Image size of job updated: 1475356
	801  -  MemoryUsage of job (MB)
	819984  -  ResidentSetSize of job (KB)
...
006 (269299.000.000) 2025-01-21 22:34:20 Image size of job updated: 5770932
	802  -  MemoryUsage of job (MB)
	820776  -  ResidentSetSize of job (KB)
...
004 (269299.000.000) 2025-01-21 22:34:20 Job was evicted.
	(0) CPU times
		Usr 0 00:00:57, Sys 0 00:00:02  -  Run Remote Usage
		Usr 0 00:00:00, Sys 0 00:00:00  -  Run Local Usage
	0  -  Run Bytes Sent By Job
	0  -  Run Bytes Received By Job
	Partitionable Resources :    Usage  Request Allocated 
	   Cpus                 :     0.79        1         1 
	   Disk (KB)            :    27          27    474791 
	   Memory (MB)          :   802           1       128 
...
009 (269299.000.000) 2025-01-21 22:34:20 Job was aborted.
	via condor_rm (by user calzona_2046920)
...
000 (275454.000.000) 2025-01-24 02:40:06 Job submitted from host: <192.168.0.102:9618?addrs=192.168.0.102-9618&alias=submitter&noUDP&sock=schedd_2032_5c88>
...
001 (275454.000.000) 2025-01-24 02:40:07 Job executing on host: <192.168.0.151:9618?addrs=192.168.0.151-9618&alias=node151.di.rm1&noUDP&sock=startd_1528_a8cd>
...
006 (275454.000.000) 2025-01-24 02:40:17 Image size of job updated: 1798276
	818  -  MemoryUsage of job (MB)
	837152  -  ResidentSetSize of job (KB)
...
006 (275454.000.000) 2025-01-24 02:42:09 Image size of job updated: 11512400
	819  -  MemoryUsage of job (MB)
	838604  -  ResidentSetSize of job (KB)
...
004 (275454.000.000) 2025-01-24 02:42:09 Job was evicted.
	(0) CPU times
		Usr 0 00:01:56, Sys 0 00:00:04  -  Run Remote Usage
		Usr 0 00:00:00, Sys 0 00:00:00  -  Run Local Usage
	0  -  Run Bytes Sent By Job
	0  -  Run Bytes Received By Job
	Partitionable Resources :    Usage  Request Allocated 
	   Cpus                 :     1.00        1         1 
	   Disk (KB)            :    27          27    474791 
	   Memory (MB)          :   819           1       128 
...
009 (275454.000.000) 2025-01-24 02:42:09 Job was aborted.
	via condor_rm (by user calzona_2046920)
...
