000 (281256.000.000) 2025-01-25 19:33:05 Job submitted from host: <192.168.0.102:9618?addrs=192.168.0.102-9618&alias=submitter&noUDP&sock=schedd_2032_5c88>
...
014 (281256.000.000) 2025-01-25 19:33:12 Node 0 executing on host: <192.168.0.114:9618?addrs=192.168.0.114-9618&alias=node114.di.rm1&noUDP&sock=startd_2075_db1b>
...
014 (281256.000.001) 2025-01-25 19:33:12 Node 1 executing on host: <192.168.0.130:9618?addrs=192.168.0.130-9618&alias=node130.di.rm1&noUDP&sock=startd_2751195_838e>
...
014 (281256.000.003) 2025-01-25 19:33:12 Node 3 executing on host: <192.168.0.114:9618?addrs=192.168.0.114-9618&alias=node114.di.rm1&noUDP&sock=startd_2075_db1b>
...
014 (281256.000.002) 2025-01-25 19:33:12 Node 2 executing on host: <192.168.0.142:9618?addrs=192.168.0.142-9618&alias=node142.di.rm1&noUDP&sock=startd_1996_ab1f>
...
014 (281256.000.004) 2025-01-25 19:33:12 Node 4 executing on host: <192.168.0.141:9618?addrs=192.168.0.141-9618&alias=node141.di.rm1&noUDP&sock=startd_2077_3a4b>
...
014 (281256.000.007) 2025-01-25 19:33:12 Node 7 executing on host: <192.168.0.111:9618?addrs=192.168.0.111-9618&alias=node111.di.rm1&noUDP&sock=startd_2044_97ab>
...
014 (281256.000.005) 2025-01-25 19:33:12 Node 5 executing on host: <192.168.0.112:9618?addrs=192.168.0.112-9618&alias=node112.di.rm1&noUDP&sock=startd_2169_5502>
...
014 (281256.000.006) 2025-01-25 19:33:12 Node 6 executing on host: <192.168.0.142:9618?addrs=192.168.0.142-9618&alias=node142.di.rm1&noUDP&sock=startd_1996_ab1f>
...
001 (281256.000.000) 2025-01-25 19:33:12 Job executing on host: MPI_job
...
008 (281256.000.000) 2025-01-25 19:33:14 Launching orted on Node 1 of 8
...
008 (281256.000.000) 2025-01-25 19:33:14 Launching orted on Node 4 of 8
...
008 (281256.000.000) 2025-01-25 19:33:14 Launching orted on Node 7 of 8
...
008 (281256.000.000) 2025-01-25 19:33:14 Launching orted on Node 0 of 8
...
008 (281256.000.000) 2025-01-25 19:33:14 Launching orted on Node 3 of 8
...
008 (281256.000.000) 2025-01-25 19:33:14 Launching orted on Node 5 of 8
...
008 (281256.000.000) 2025-01-25 19:33:15 Launching orted on Node 2 of 8
...
008 (281256.000.000) 2025-01-25 19:33:15 Launching orted on Node 6 of 8
...
008 (281256.000.000) 2025-01-25 19:33:22 orted exited on Node 7 of 8
...
008 (281256.000.000) 2025-01-25 19:33:22 orted exited on Node 1 of 8
...
008 (281256.000.000) 2025-01-25 19:33:22 orted exited on Node 6 of 8
...
008 (281256.000.000) 2025-01-25 19:33:22 orted exited on Node 5 of 8
...
008 (281256.000.000) 2025-01-25 19:33:22 orted exited on Node 2 of 8
...
008 (281256.000.000) 2025-01-25 19:33:22 orted exited on Node 3 of 8
...
008 (281256.000.000) 2025-01-25 19:33:22 orted exited on Node 0 of 8
...
008 (281256.000.000) 2025-01-25 19:33:22 orted exited on Node 4 of 8
...
015 (281256.000.001) 2025-01-25 19:33:22 Node 1 terminated.
	(1) Normal termination (return value 0)
		Usr 0 00:00:07, Sys 0 00:00:00  -  Run Remote Usage
		Usr 0 00:00:00, Sys 0 00:00:00  -  Run Local Usage
		Usr 0 00:00:07, Sys 0 00:00:00  -  Total Remote Usage
		Usr 0 00:00:00, Sys 0 00:00:00  -  Total Local Usage
	2165  -  Run Bytes Sent By Node
	33639  -  Run Bytes Received By Node
	2165  -  Total Bytes Sent By Node
	33639  -  Total Bytes Received By Node
...
015 (281256.000.004) 2025-01-25 19:33:22 Node 4 terminated.
	(1) Normal termination (return value 0)
		Usr 0 00:00:07, Sys 0 00:00:00  -  Run Remote Usage
		Usr 0 00:00:00, Sys 0 00:00:00  -  Run Local Usage
		Usr 0 00:00:07, Sys 0 00:00:00  -  Total Remote Usage
		Usr 0 00:00:00, Sys 0 00:00:00  -  Total Local Usage
	2165  -  Run Bytes Sent By Node
	33639  -  Run Bytes Received By Node
	2165  -  Total Bytes Sent By Node
	33639  -  Total Bytes Received By Node
...
015 (281256.000.007) 2025-01-25 19:33:22 Node 7 terminated.
	(1) Normal termination (return value 0)
		Usr 0 00:00:07, Sys 0 00:00:00  -  Run Remote Usage
		Usr 0 00:00:00, Sys 0 00:00:00  -  Run Local Usage
		Usr 0 00:00:07, Sys 0 00:00:00  -  Total Remote Usage
		Usr 0 00:00:00, Sys 0 00:00:00  -  Total Local Usage
	2187  -  Run Bytes Sent By Node
	33639  -  Run Bytes Received By Node
	2187  -  Total Bytes Sent By Node
	33639  -  Total Bytes Received By Node
...
015 (281256.000.003) 2025-01-25 19:33:23 Node 3 terminated.
	(1) Normal termination (return value 0)
		Usr 0 00:00:07, Sys 0 00:00:00  -  Run Remote Usage
		Usr 0 00:00:00, Sys 0 00:00:00  -  Run Local Usage
		Usr 0 00:00:07, Sys 0 00:00:00  -  Total Remote Usage
		Usr 0 00:00:00, Sys 0 00:00:00  -  Total Local Usage
	0  -  Run Bytes Sent By Node
	33639  -  Run Bytes Received By Node
	0  -  Total Bytes Sent By Node
	33639  -  Total Bytes Received By Node
...
015 (281256.000.000) 2025-01-25 19:33:23 Node 0 terminated.
	(1) Normal termination (return value 0)
		Usr 0 00:00:00, Sys 0 00:00:00  -  Run Remote Usage
		Usr 0 00:00:00, Sys 0 00:00:00  -  Run Local Usage
		Usr 0 00:00:00, Sys 0 00:00:00  -  Total Remote Usage
		Usr 0 00:00:00, Sys 0 00:00:00  -  Total Local Usage
	3260  -  Run Bytes Sent By Node
	33639  -  Run Bytes Received By Node
	3260  -  Total Bytes Sent By Node
	33639  -  Total Bytes Received By Node
...
005 (281256.000.000) 2025-01-25 19:33:23 Job terminated.
	(1) Normal termination (return value 0)
		Usr 0 00:00:49, Sys 0 00:00:02  -  Run Remote Usage
		Usr 0 00:00:00, Sys 0 00:00:00  -  Run Local Usage
		Usr 0 00:00:00, Sys 0 00:00:00  -  Total Remote Usage
		Usr 0 00:00:00, Sys 0 00:00:00  -  Total Local Usage
	11964  -  Run Bytes Sent By Job
	269112  -  Run Bytes Received By Job
	11964  -  Total Bytes Sent By Job
	269112  -  Total Bytes Received By Job
	Partitionable Resources :    Usage  Request Allocated 
	   Cpus                 :                 1         1 
	   Disk (KB)            :       50       35    391129 
	   Memory (MB)          :      314        0     40960 

	Job terminated of its own accord at 2025-01-25T19:33:22Z with exit-code 0.
...
