000 (272953.000.000) 2025-01-23 10:16:55 Job submitted from host: <192.168.0.102:9618?addrs=192.168.0.102-9618&alias=submitter&noUDP&sock=schedd_2032_5c88>
...
014 (272953.000.000) 2025-01-23 10:17:08 Node 0 executing on host: <192.168.0.123:9618?addrs=192.168.0.123-9618&alias=node123.di.rm1&noUDP&sock=startd_2149_9d1d>
...
014 (272953.000.002) 2025-01-23 10:17:08 Node 2 executing on host: <192.168.0.105:9618?addrs=192.168.0.105-9618&alias=node105.di.rm1&noUDP&sock=startd_1951_cd5c>
...
014 (272953.000.001) 2025-01-23 10:17:08 Node 1 executing on host: <192.168.0.134:9618?addrs=192.168.0.134-9618&alias=node134.di.rm1&noUDP&sock=startd_2073_7bea>
...
014 (272953.000.003) 2025-01-23 10:17:08 Node 3 executing on host: <192.168.0.124:9618?addrs=192.168.0.124-9618&alias=node124.di.rm1&noUDP&sock=startd_2143_7f8b>
...
001 (272953.000.000) 2025-01-23 10:17:08 Job executing on host: MPI_job
...
008 (272953.000.000) 2025-01-23 10:17:10 Launching orted on Node 0 of 4
...
008 (272953.000.000) 2025-01-23 10:17:10 Launching orted on Node 2 of 4
...
008 (272953.000.000) 2025-01-23 10:17:10 Launching orted on Node 1 of 4
...
008 (272953.000.000) 2025-01-23 10:17:10 Launching orted on Node 3 of 4
...
008 (272953.000.000) 2025-01-23 10:17:13 orted exited on Node 2 of 4
...
008 (272953.000.000) 2025-01-23 10:17:13 orted exited on Node 1 of 4
...
008 (272953.000.000) 2025-01-23 10:17:13 orted exited on Node 0 of 4
...
008 (272953.000.000) 2025-01-23 10:17:13 orted exited on Node 3 of 4
...
015 (272953.000.002) 2025-01-23 10:17:13 Node 2 terminated.
	(1) Normal termination (return value 0)
		Usr 0 00:00:02, Sys 0 00:00:01  -  Run Remote Usage
		Usr 0 00:00:00, Sys 0 00:00:00  -  Run Local Usage
		Usr 0 00:00:02, Sys 0 00:00:01  -  Total Remote Usage
		Usr 0 00:00:00, Sys 0 00:00:00  -  Total Local Usage
	2165  -  Run Bytes Sent By Node
	33639  -  Run Bytes Received By Node
	2165  -  Total Bytes Sent By Node
	33639  -  Total Bytes Received By Node
...
015 (272953.000.000) 2025-01-23 10:17:13 Node 0 terminated.
	(1) Normal termination (return value 0)
		Usr 0 00:00:00, Sys 0 00:00:00  -  Run Remote Usage
		Usr 0 00:00:00, Sys 0 00:00:00  -  Run Local Usage
		Usr 0 00:00:00, Sys 0 00:00:00  -  Total Remote Usage
		Usr 0 00:00:00, Sys 0 00:00:00  -  Total Local Usage
	3772  -  Run Bytes Sent By Node
	33639  -  Run Bytes Received By Node
	3772  -  Total Bytes Sent By Node
	33639  -  Total Bytes Received By Node
...
005 (272953.000.000) 2025-01-23 10:17:13 Job terminated.
	(1) Normal termination (return value 0)
		Usr 0 00:00:07, Sys 0 00:00:01  -  Run Remote Usage
		Usr 0 00:00:00, Sys 0 00:00:00  -  Run Local Usage
		Usr 0 00:00:00, Sys 0 00:00:00  -  Total Remote Usage
		Usr 0 00:00:00, Sys 0 00:00:00  -  Total Local Usage
	5937  -  Run Bytes Sent By Job
	134556  -  Run Bytes Received By Job
	5937  -  Total Bytes Sent By Job
	134556  -  Total Bytes Received By Job
	Partitionable Resources :    Usage  Request Allocated 
	   Cpus                 :                 1         1 
	   Disk (KB)            :       51       35  21495658 
	   GPUs                 :                           1 
	   Memory (MB)          :        0        0     20480 

	Job terminated of its own accord at 2025-01-23T10:17:13Z with exit-code 0.
...
000 (273028.000.000) 2025-01-23 10:22:14 Job submitted from host: <192.168.0.102:9618?addrs=192.168.0.102-9618&alias=submitter&noUDP&sock=schedd_2032_5c88>
...
014 (273028.000.001) 2025-01-23 10:22:22 Node 1 executing on host: <192.168.0.137:9618?addrs=192.168.0.137-9618&alias=node137.di.rm1&noUDP&sock=startd_1934_2440>
...
014 (273028.000.000) 2025-01-23 10:22:22 Node 0 executing on host: <192.168.0.106:9618?addrs=192.168.0.106-9618&alias=node106.di.rm1&noUDP&sock=startd_1970_d5a9>
...
014 (273028.000.003) 2025-01-23 10:22:22 Node 3 executing on host: <192.168.0.147:9618?addrs=192.168.0.147-9618&alias=node147.di.rm1&noUDP&sock=startd_1513_5ee1>
...
014 (273028.000.002) 2025-01-23 10:22:22 Node 2 executing on host: <192.168.0.141:9618?addrs=192.168.0.141-9618&alias=node141.di.rm1&noUDP&sock=startd_2077_3a4b>
...
001 (273028.000.000) 2025-01-23 10:22:22 Job executing on host: MPI_job
...
008 (273028.000.000) 2025-01-23 10:22:24 Launching orted on Node 1 of 4
...
008 (273028.000.000) 2025-01-23 10:22:24 Launching orted on Node 0 of 4
...
008 (273028.000.000) 2025-01-23 10:22:24 Launching orted on Node 3 of 4
...
008 (273028.000.000) 2025-01-23 10:22:24 Launching orted on Node 2 of 4
...
008 (273028.000.000) 2025-01-23 10:22:27 orted exited on Node 1 of 4
...
008 (273028.000.000) 2025-01-23 10:22:27 orted exited on Node 3 of 4
...
008 (273028.000.000) 2025-01-23 10:22:27 orted exited on Node 2 of 4
...
008 (273028.000.000) 2025-01-23 10:22:27 orted exited on Node 0 of 4
...
015 (273028.000.003) 2025-01-23 10:22:27 Node 3 terminated.
	(1) Normal termination (return value 0)
		Usr 0 00:00:02, Sys 0 00:00:00  -  Run Remote Usage
		Usr 0 00:00:00, Sys 0 00:00:00  -  Run Local Usage
		Usr 0 00:00:02, Sys 0 00:00:00  -  Total Remote Usage
		Usr 0 00:00:00, Sys 0 00:00:00  -  Total Local Usage
	2165  -  Run Bytes Sent By Node
	33639  -  Run Bytes Received By Node
	2165  -  Total Bytes Sent By Node
	33639  -  Total Bytes Received By Node
...
015 (273028.000.001) 2025-01-23 10:22:27 Node 1 terminated.
	(1) Normal termination (return value 0)
		Usr 0 00:00:03, Sys 0 00:00:00  -  Run Remote Usage
		Usr 0 00:00:00, Sys 0 00:00:00  -  Run Local Usage
		Usr 0 00:00:03, Sys 0 00:00:00  -  Total Remote Usage
		Usr 0 00:00:00, Sys 0 00:00:00  -  Total Local Usage
	2165  -  Run Bytes Sent By Node
	33639  -  Run Bytes Received By Node
	2165  -  Total Bytes Sent By Node
	33639  -  Total Bytes Received By Node
...
015 (273028.000.000) 2025-01-23 10:22:27 Node 0 terminated.
	(1) Normal termination (return value 0)
		Usr 0 00:00:00, Sys 0 00:00:00  -  Run Remote Usage
		Usr 0 00:00:00, Sys 0 00:00:00  -  Run Local Usage
		Usr 0 00:00:00, Sys 0 00:00:00  -  Total Remote Usage
		Usr 0 00:00:00, Sys 0 00:00:00  -  Total Local Usage
	3262  -  Run Bytes Sent By Node
	33639  -  Run Bytes Received By Node
	3262  -  Total Bytes Sent By Node
	33639  -  Total Bytes Received By Node
...
005 (273028.000.000) 2025-01-23 10:22:27 Job terminated.
	(1) Normal termination (return value 0)
		Usr 0 00:00:08, Sys 0 00:00:00  -  Run Remote Usage
		Usr 0 00:00:00, Sys 0 00:00:00  -  Run Local Usage
		Usr 0 00:00:00, Sys 0 00:00:00  -  Total Remote Usage
		Usr 0 00:00:00, Sys 0 00:00:00  -  Total Local Usage
	7592  -  Run Bytes Sent By Job
	134556  -  Run Bytes Received By Job
	7592  -  Total Bytes Sent By Job
	134556  -  Total Bytes Received By Job
	Partitionable Resources :    Usage  Request Allocated 
	   Cpus                 :                 1         1 
	   Disk (KB)            :       49       35    468979 
	   Memory (MB)          :        0        0       128 

	Job terminated of its own accord at 2025-01-23T10:22:27Z with exit-code 0.
...
000 (273981.000.000) 2025-01-23 11:29:19 Job submitted from host: <192.168.0.102:9618?addrs=192.168.0.102-9618&alias=submitter&noUDP&sock=schedd_2032_5c88>
...
014 (273981.000.000) 2025-01-23 11:29:26 Node 0 executing on host: <192.168.0.141:9618?addrs=192.168.0.141-9618&alias=node141.di.rm1&noUDP&sock=startd_2077_3a4b>
...
014 (273981.000.001) 2025-01-23 11:29:26 Node 1 executing on host: <192.168.0.112:9618?addrs=192.168.0.112-9618&alias=node112.di.rm1&noUDP&sock=startd_2169_5502>
...
014 (273981.000.002) 2025-01-23 11:29:26 Node 2 executing on host: <192.168.0.142:9618?addrs=192.168.0.142-9618&alias=node142.di.rm1&noUDP&sock=startd_1996_ab1f>
...
014 (273981.000.003) 2025-01-23 11:29:27 Node 3 executing on host: <192.168.0.143:9618?addrs=192.168.0.143-9618&alias=node143.di.rm1&noUDP&sock=startd_2061_40c7>
...
001 (273981.000.000) 2025-01-23 11:29:27 Job executing on host: MPI_job
...
008 (273981.000.000) 2025-01-23 11:29:29 Launching orted on Node 1 of 4
...
008 (273981.000.000) 2025-01-23 11:29:29 Launching orted on Node 2 of 4
...
008 (273981.000.000) 2025-01-23 11:29:29 Launching orted on Node 0 of 4
...
008 (273981.000.000) 2025-01-23 11:29:29 Launching orted on Node 3 of 4
...
008 (273981.000.000) 2025-01-23 11:29:33 orted exited on Node 1 of 4
...
008 (273981.000.000) 2025-01-23 11:29:33 orted exited on Node 2 of 4
...
008 (273981.000.000) 2025-01-23 11:29:33 orted exited on Node 3 of 4
...
008 (273981.000.000) 2025-01-23 11:29:33 orted exited on Node 0 of 4
...
015 (273981.000.000) 2025-01-23 11:29:33 Node 0 terminated.
	(1) Normal termination (return value 0)
		Usr 0 00:00:00, Sys 0 00:00:00  -  Run Remote Usage
		Usr 0 00:00:00, Sys 0 00:00:00  -  Run Local Usage
		Usr 0 00:00:00, Sys 0 00:00:00  -  Total Remote Usage
		Usr 0 00:00:00, Sys 0 00:00:00  -  Total Local Usage
	3262  -  Run Bytes Sent By Node
	33639  -  Run Bytes Received By Node
	3262  -  Total Bytes Sent By Node
	33639  -  Total Bytes Received By Node
...
005 (273981.000.000) 2025-01-23 11:29:33 Job terminated.
	(1) Normal termination (return value 0)
		Usr 0 00:00:07, Sys 0 00:00:01  -  Run Remote Usage
		Usr 0 00:00:00, Sys 0 00:00:00  -  Run Local Usage
		Usr 0 00:00:00, Sys 0 00:00:00  -  Total Remote Usage
		Usr 0 00:00:00, Sys 0 00:00:00  -  Total Local Usage
	3262  -  Run Bytes Sent By Job
	134556  -  Run Bytes Received By Job
	3262  -  Total Bytes Sent By Job
	134556  -  Total Bytes Received By Job
	Partitionable Resources :    Usage  Request Allocated 
	   Cpus                 :                 1         1 
	   Disk (KB)            :       49       35    459831 
	   Memory (MB)          :        0        0     40960 

	Job terminated of its own accord at 2025-01-23T11:29:33Z with exit-code 0.
...
000 (278727.000.000) 2025-01-24 09:19:21 Job submitted from host: <192.168.0.102:9618?addrs=192.168.0.102-9618&alias=submitter&noUDP&sock=schedd_2032_5c88>
...
014 (278727.000.000) 2025-01-24 09:19:28 Node 0 executing on host: <192.168.0.121:9618?addrs=192.168.0.121-9618&alias=node121.di.rm1&noUDP&sock=startd_2146_8e54>
...
014 (278727.000.003) 2025-01-24 09:19:28 Node 3 executing on host: <192.168.0.137:9618?addrs=192.168.0.137-9618&alias=node137.di.rm1&noUDP&sock=startd_1934_2440>
...
014 (278727.000.001) 2025-01-24 09:19:28 Node 1 executing on host: <192.168.0.151:9618?addrs=192.168.0.151-9618&alias=node151.di.rm1&noUDP&sock=startd_1528_a8cd>
...
014 (278727.000.002) 2025-01-24 09:19:28 Node 2 executing on host: <192.168.0.107:9618?addrs=192.168.0.107-9618&alias=node107.di.rm1&noUDP&sock=startd_1981_6134>
...
001 (278727.000.000) 2025-01-24 09:19:28 Job executing on host: MPI_job
...
008 (278727.000.000) 2025-01-24 09:19:30 Launching orted on Node 0 of 4
...
008 (278727.000.000) 2025-01-24 09:19:30 Launching orted on Node 3 of 4
...
008 (278727.000.000) 2025-01-24 09:19:30 Launching orted on Node 2 of 4
...
008 (278727.000.000) 2025-01-24 09:19:30 Launching orted on Node 1 of 4
...
008 (278727.000.000) 2025-01-24 09:19:33 orted exited on Node 2 of 4
...
008 (278727.000.000) 2025-01-24 09:19:33 orted exited on Node 3 of 4
...
008 (278727.000.000) 2025-01-24 09:19:33 orted exited on Node 1 of 4
...
008 (278727.000.000) 2025-01-24 09:19:33 orted exited on Node 0 of 4
...
015 (278727.000.003) 2025-01-24 09:19:33 Node 3 terminated.
	(1) Normal termination (return value 0)
		Usr 0 00:00:02, Sys 0 00:00:00  -  Run Remote Usage
		Usr 0 00:00:00, Sys 0 00:00:00  -  Run Local Usage
		Usr 0 00:00:02, Sys 0 00:00:00  -  Total Remote Usage
		Usr 0 00:00:00, Sys 0 00:00:00  -  Total Local Usage
	2165  -  Run Bytes Sent By Node
	33639  -  Run Bytes Received By Node
	2165  -  Total Bytes Sent By Node
	33639  -  Total Bytes Received By Node
...
015 (278727.000.000) 2025-01-24 09:19:33 Node 0 terminated.
	(1) Normal termination (return value 0)
		Usr 0 00:00:00, Sys 0 00:00:00  -  Run Remote Usage
		Usr 0 00:00:00, Sys 0 00:00:00  -  Run Local Usage
		Usr 0 00:00:00, Sys 0 00:00:00  -  Total Remote Usage
		Usr 0 00:00:00, Sys 0 00:00:00  -  Total Local Usage
	3256  -  Run Bytes Sent By Node
	33639  -  Run Bytes Received By Node
	3256  -  Total Bytes Sent By Node
	33639  -  Total Bytes Received By Node
...
005 (278727.000.000) 2025-01-24 09:19:33 Job terminated.
	(1) Normal termination (return value 0)
		Usr 0 00:00:06, Sys 0 00:00:00  -  Run Remote Usage
		Usr 0 00:00:00, Sys 0 00:00:00  -  Run Local Usage
		Usr 0 00:00:00, Sys 0 00:00:00  -  Total Remote Usage
		Usr 0 00:00:00, Sys 0 00:00:00  -  Total Local Usage
	5421  -  Run Bytes Sent By Job
	134556  -  Run Bytes Received By Job
	5421  -  Total Bytes Sent By Job
	134556  -  Total Bytes Received By Job
	Partitionable Resources :    Usage  Request Allocated 
	   Cpus                 :                 1         2 
	   Disk (KB)            :       49       35 102790918 
	   Memory (MB)          :        0        0    100096 

	Job terminated of its own accord at 2025-01-24T09:19:33Z with exit-code 0.
...
000 (286998.000.000) 2025-01-28 16:13:59 Job submitted from host: <192.168.0.102:9618?addrs=192.168.0.102-9618&alias=submitter&noUDP&sock=schedd_2032_5c88>
...
014 (286998.000.000) 2025-01-28 16:14:07 Node 0 executing on host: <192.168.0.105:9618?addrs=192.168.0.105-9618&alias=node105.di.rm1&noUDP&sock=startd_1951_cd5c>
...
014 (286998.000.001) 2025-01-28 16:14:07 Node 1 executing on host: <192.168.0.135:9618?addrs=192.168.0.135-9618&alias=node135.di.rm1&noUDP&sock=startd_2000_6980>
...
014 (286998.000.002) 2025-01-28 16:14:07 Node 2 executing on host: <192.168.0.115:9618?addrs=192.168.0.115-9618&alias=node115.di.rm1&noUDP&sock=startd_1101621_f4a0>
...
014 (286998.000.003) 2025-01-28 16:14:07 Node 3 executing on host: <192.168.0.145:9618?addrs=192.168.0.145-9618&alias=node145.di.rm1&noUDP&sock=startd_1869_8e98>
...
001 (286998.000.000) 2025-01-28 16:14:07 Job executing on host: MPI_job
...
008 (286998.000.000) 2025-01-28 16:14:09 Launching orted on Node 0 of 4
...
008 (286998.000.000) 2025-01-28 16:14:09 Launching orted on Node 1 of 4
...
008 (286998.000.000) 2025-01-28 16:14:09 Launching orted on Node 2 of 4
...
008 (286998.000.000) 2025-01-28 16:14:09 Launching orted on Node 3 of 4
...
008 (286998.000.000) 2025-01-28 16:14:12 orted exited on Node 1 of 4
...
008 (286998.000.000) 2025-01-28 16:14:12 orted exited on Node 0 of 4
...
008 (286998.000.000) 2025-01-28 16:14:12 orted exited on Node 2 of 4
...
008 (286998.000.000) 2025-01-28 16:14:12 orted exited on Node 3 of 4
...
015 (286998.000.001) 2025-01-28 16:14:12 Node 1 terminated.
	(1) Normal termination (return value 0)
		Usr 0 00:00:03, Sys 0 00:00:01  -  Run Remote Usage
		Usr 0 00:00:00, Sys 0 00:00:00  -  Run Local Usage
		Usr 0 00:00:03, Sys 0 00:00:01  -  Total Remote Usage
		Usr 0 00:00:00, Sys 0 00:00:00  -  Total Local Usage
	2165  -  Run Bytes Sent By Node
	33591  -  Run Bytes Received By Node
	2165  -  Total Bytes Sent By Node
	33591  -  Total Bytes Received By Node
...
015 (286998.000.000) 2025-01-28 16:14:12 Node 0 terminated.
	(1) Normal termination (return value 0)
		Usr 0 00:00:00, Sys 0 00:00:00  -  Run Remote Usage
		Usr 0 00:00:00, Sys 0 00:00:00  -  Run Local Usage
		Usr 0 00:00:00, Sys 0 00:00:00  -  Total Remote Usage
		Usr 0 00:00:00, Sys 0 00:00:00  -  Total Local Usage
	3262  -  Run Bytes Sent By Node
	33591  -  Run Bytes Received By Node
	3262  -  Total Bytes Sent By Node
	33591  -  Total Bytes Received By Node
...
005 (286998.000.000) 2025-01-28 16:14:12 Job terminated.
	(1) Normal termination (return value 0)
		Usr 0 00:00:09, Sys 0 00:00:01  -  Run Remote Usage
		Usr 0 00:00:00, Sys 0 00:00:00  -  Run Local Usage
		Usr 0 00:00:00, Sys 0 00:00:00  -  Total Remote Usage
		Usr 0 00:00:00, Sys 0 00:00:00  -  Total Local Usage
	9757  -  Run Bytes Sent By Job
	134364  -  Run Bytes Received By Job
	9757  -  Total Bytes Sent By Job
	134364  -  Total Bytes Received By Job
	Partitionable Resources :    Usage  Request Allocated 
	   Cpus                 :                 1         1 
	   Disk (KB)            :       50       35 105261654 
	   Memory (MB)          :        0        0    102400 

	Job terminated of its own accord at 2025-01-28T16:14:12Z with exit-code 0.
...
