000 (265005.000.000) 2025-01-17 11:21:42 Job submitted from host: <192.168.0.102:9618?addrs=192.168.0.102-9618&alias=submitter&noUDP&sock=schedd_2032_5c88>
...
001 (265005.000.000) 2025-01-17 11:21:43 Job executing on host: <192.168.0.138:9618?addrs=192.168.0.138-9618&alias=node138.di.rm1&noUDP&sock=startd_2998744_89a3>
...
006 (265005.000.000) 2025-01-17 11:21:52 Image size of job updated: 214500
	210  -  MemoryUsage of job (MB)
	214500  -  ResidentSetSize of job (KB)
...
006 (265005.000.000) 2025-01-17 11:27:14 Image size of job updated: 251760
	210  -  MemoryUsage of job (MB)
	214500  -  ResidentSetSize of job (KB)
...
005 (265005.000.000) 2025-01-17 11:31:28 Job terminated.
	(1) Normal termination (return value 0)
		Usr 0 00:06:11, Sys 0 00:06:06  -  Run Remote Usage
		Usr 0 00:00:00, Sys 0 00:00:00  -  Run Local Usage
		Usr 0 00:06:11, Sys 0 00:06:06  -  Total Remote Usage
		Usr 0 00:00:00, Sys 0 00:00:00  -  Total Local Usage
	0  -  Run Bytes Sent By Job
	0  -  Run Bytes Received By Job
	0  -  Total Bytes Sent By Job
	0  -  Total Bytes Received By Job
	Partitionable Resources :    Usage  Request Allocated 
	   Cpus                 :     0.66        1         1 
	   Disk (KB)            :    27          27    474244 
	   Memory (MB)          :   210           1       128 

	Job terminated of its own accord at 2025-01-17T11:31:28Z with exit-code 0.
...
