000 (264826.000.000) 2025-01-17 11:21:36 Job submitted from host: <192.168.0.102:9618?addrs=192.168.0.102-9618&alias=submitter&noUDP&sock=schedd_2032_5c88>
...
001 (264826.000.000) 2025-01-17 11:21:38 Job executing on host: <192.168.0.145:9618?addrs=192.168.0.145-9618&alias=node145.di.rm1&noUDP&sock=startd_1869_8e98>
...
006 (264826.000.000) 2025-01-17 11:21:47 Image size of job updated: 247816
	207  -  MemoryUsage of job (MB)
	211268  -  ResidentSetSize of job (KB)
...
005 (264826.000.000) 2025-01-17 11:21:50 Job terminated.
	(1) Normal termination (return value 0)
		Usr 0 00:00:14, Sys 0 00:00:00  -  Run Remote Usage
		Usr 0 00:00:00, Sys 0 00:00:00  -  Run Local Usage
		Usr 0 00:00:14, Sys 0 00:00:00  -  Total Remote Usage
		Usr 0 00:00:00, Sys 0 00:00:00  -  Total Local Usage
	0  -  Run Bytes Sent By Job
	0  -  Run Bytes Received By Job
	0  -  Total Bytes Sent By Job
	0  -  Total Bytes Received By Job
	Partitionable Resources :    Usage  Request Allocated 
	   Cpus                 :                 1         1 
	   Disk (KB)            :       27       27    462663 
	   Memory (MB)          :      207        1       128 

	Job terminated of its own accord at 2025-01-17T11:21:50Z with exit-code 0.
...
