000 (269110.000.000) 2025-01-21 22:20:56 Job submitted from host: <192.168.0.102:9618?addrs=192.168.0.102-9618&alias=submitter&noUDP&sock=schedd_2032_5c88>
...
001 (269110.000.000) 2025-01-21 22:20:58 Job executing on host: <192.168.0.147:9618?addrs=192.168.0.147-9618&alias=node147.di.rm1&noUDP&sock=startd_1513_5ee1>
...
006 (269110.000.000) 2025-01-21 22:21:06 Image size of job updated: 738804
	722  -  MemoryUsage of job (MB)
	738804  -  ResidentSetSize of job (KB)
...
006 (269110.000.000) 2025-01-21 22:21:39 Image size of job updated: 3578388
	722  -  MemoryUsage of job (MB)
	739068  -  ResidentSetSize of job (KB)
...
004 (269110.000.000) 2025-01-21 22:21:39 Job was evicted.
	(0) CPU times
		Usr 0 00:00:39, Sys 0 00:00:01  -  Run Remote Usage
		Usr 0 00:00:00, Sys 0 00:00:00  -  Run Local Usage
	0  -  Run Bytes Sent By Job
	0  -  Run Bytes Received By Job
	Partitionable Resources :    Usage  Request Allocated 
	   Cpus                 :     1.00        1         1 
	   Disk (KB)            :    27          27    469805 
	   Memory (MB)          :   722           1       128 
...
009 (269110.000.000) 2025-01-21 22:21:39 Job was aborted.
	via condor_rm (by user calzona_2046920)
...
000 (269254.000.000) 2025-01-21 22:28:10 Job submitted from host: <192.168.0.102:9618?addrs=192.168.0.102-9618&alias=submitter&noUDP&sock=schedd_2032_5c88>
...
001 (269254.000.000) 2025-01-21 22:28:31 Job executing on host: <192.168.0.111:9618?addrs=192.168.0.111-9618&alias=node111.di.rm1&noUDP&sock=startd_2044_97ab>
...
006 (269254.000.000) 2025-01-21 22:28:40 Image size of job updated: 745060
	725  -  MemoryUsage of job (MB)
	742060  -  ResidentSetSize of job (KB)
...
006 (269254.000.000) 2025-01-21 22:29:11 Image size of job updated: 3645880
	727  -  MemoryUsage of job (MB)
	743908  -  ResidentSetSize of job (KB)
...
004 (269254.000.000) 2025-01-21 22:29:11 Job was evicted.
	(0) CPU times
		Usr 0 00:00:38, Sys 0 00:00:01  -  Run Remote Usage
		Usr 0 00:00:00, Sys 0 00:00:00  -  Run Local Usage
	0  -  Run Bytes Sent By Job
	0  -  Run Bytes Received By Job
	Partitionable Resources :    Usage  Request Allocated 
	   Cpus                 :     0.99        1         1 
	   Disk (KB)            :    27          27    468058 
	   Gpus (Average)       :                 0         0 
	   Memory (MB)          :   727           1       128 
...
009 (269254.000.000) 2025-01-21 22:29:11 Job was aborted.
	via condor_rm (by user calzona_2046920)
...
