000 (265129.000.000) 2025-01-17 11:21:45 Job submitted from host: <192.168.0.102:9618?addrs=192.168.0.102-9618&alias=submitter&noUDP&sock=schedd_2032_5c88>
...
001 (265129.000.000) 2025-01-17 11:21:52 Job executing on host: <192.168.0.116:9618?addrs=192.168.0.116-9618&alias=node116.di.rm1&noUDP&sock=startd_1847_7783>
...
006 (265129.000.000) 2025-01-17 11:22:00 Image size of job updated: 109660
	7  -  MemoryUsage of job (MB)
	6204  -  ResidentSetSize of job (KB)
...
005 (265129.000.000) 2025-01-17 11:22:04 Job terminated.
	(1) Normal termination (return value 0)
		Usr 0 00:00:12, Sys 0 00:00:00  -  Run Remote Usage
		Usr 0 00:00:00, Sys 0 00:00:00  -  Run Local Usage
		Usr 0 00:00:12, Sys 0 00:00:00  -  Total Remote Usage
		Usr 0 00:00:00, Sys 0 00:00:00  -  Total Local Usage
	0  -  Run Bytes Sent By Job
	0  -  Run Bytes Received By Job
	0  -  Total Bytes Sent By Job
	0  -  Total Bytes Received By Job
	Partitionable Resources :    Usage  Request Allocated 
	   Cpus                 :                 1         1 
	   Disk (KB)            :       27       27    474557 
	   Memory (MB)          :        7        1       128 

	Job terminated of its own accord at 2025-01-17T11:22:04Z with exit-code 0.
...
