000 (268861.000.000) 2025-01-21 22:08:56 Job submitted from host: <192.168.0.102:9618?addrs=192.168.0.102-9618&alias=submitter&noUDP&sock=schedd_2032_5c88>
...
001 (268861.000.000) 2025-01-21 22:08:57 Job executing on host: <192.168.0.135:9618?addrs=192.168.0.135-9618&alias=node135.di.rm1&noUDP&sock=startd_2000_6980>
...
006 (268861.000.000) 2025-01-21 22:09:05 Image size of job updated: 739068
	722  -  MemoryUsage of job (MB)
	739068  -  ResidentSetSize of job (KB)
...
006 (268861.000.000) 2025-01-21 22:09:20 Image size of job updated: 2108436
	724  -  MemoryUsage of job (MB)
	741048  -  ResidentSetSize of job (KB)
...
004 (268861.000.000) 2025-01-21 22:09:20 Job was evicted.
	(0) CPU times
		Usr 0 00:00:22, Sys 0 00:00:01  -  Run Remote Usage
		Usr 0 00:00:00, Sys 0 00:00:00  -  Run Local Usage
	0  -  Run Bytes Sent By Job
	0  -  Run Bytes Received By Job
	Partitionable Resources :    Usage  Request Allocated 
	   Cpus                 :                 1         1 
	   Disk (KB)            :       27       27    470875 
	   Memory (MB)          :      724        1       128 
...
009 (268861.000.000) 2025-01-21 22:09:20 Job was aborted.
	via condor_rm (by user calzona_2046920)
...
000 (269012.000.000) 2025-01-21 22:16:32 Job submitted from host: <192.168.0.102:9618?addrs=192.168.0.102-9618&alias=submitter&noUDP&sock=schedd_2032_5c88>
...
001 (269012.000.000) 2025-01-21 22:16:33 Job executing on host: <192.168.0.151:9618?addrs=192.168.0.151-9618&alias=node151.di.rm1&noUDP&sock=startd_1528_a8cd>
...
006 (269012.000.000) 2025-01-21 22:16:42 Image size of job updated: 733532
	717  -  MemoryUsage of job (MB)
	733532  -  ResidentSetSize of job (KB)
...
006 (269012.000.000) 2025-01-21 22:16:50 Image size of job updated: 1393268
	718  -  MemoryUsage of job (MB)
	735116  -  ResidentSetSize of job (KB)
...
004 (269012.000.000) 2025-01-21 22:16:50 Job was evicted.
	(0) CPU times
		Usr 0 00:00:15, Sys 0 00:00:01  -  Run Remote Usage
		Usr 0 00:00:00, Sys 0 00:00:00  -  Run Local Usage
	0  -  Run Bytes Sent By Job
	0  -  Run Bytes Received By Job
	Partitionable Resources :    Usage  Request Allocated 
	   Cpus                 :                 1         1 
	   Disk (KB)            :       27       27    474791 
	   Memory (MB)          :      718        1       128 
...
009 (269012.000.000) 2025-01-21 22:16:50 Job was aborted.
	via condor_rm (by user calzona_2046920)
...
