000 (262806.000.000) 2025-01-17 11:14:21 Job submitted from host: <192.168.0.102:9618?addrs=192.168.0.102-9618&alias=submitter&noUDP&sock=schedd_2032_5c88>
...
001 (262806.000.000) 2025-01-17 11:14:34 Job executing on host: <192.168.0.105:9618?addrs=192.168.0.105-9618&alias=node105.di.rm1&noUDP&sock=startd_1951_cd5c>
...
006 (262806.000.000) 2025-01-17 11:14:42 Image size of job updated: 710820
	695  -  MemoryUsage of job (MB)
	710820  -  ResidentSetSize of job (KB)
...
006 (262806.000.000) 2025-01-17 11:19:42 Image size of job updated: 26622608
	25999  -  MemoryUsage of job (MB)
	26622608  -  ResidentSetSize of job (KB)
...
006 (262806.000.000) 2025-01-17 11:20:13 Image size of job updated: 29032308
	26001  -  MemoryUsage of job (MB)
	26624344  -  ResidentSetSize of job (KB)
...
004 (262806.000.000) 2025-01-17 11:20:13 Job was evicted.
	(0) CPU times
		Usr 0 00:05:22, Sys 0 00:00:17  -  Run Remote Usage
		Usr 0 00:00:00, Sys 0 00:00:00  -  Run Local Usage
	0  -  Run Bytes Sent By Job
	0  -  Run Bytes Received By Job
	Partitionable Resources :    Usage  Request Allocated 
	   Cpus                 :     1.00        1         1 
	   Disk (KB)            :    27          27    472026 
	   Memory (MB)          : 26001           1       128 
...
009 (262806.000.000) 2025-01-17 11:20:13 Job was aborted.
	via condor_rm (by user calzona_2046920)
...
