000 (273293.000.000) 2025-01-23 10:52:19 Job submitted from host: <192.168.0.102:9618?addrs=192.168.0.102-9618&alias=submitter&noUDP&sock=schedd_2032_5c88>
...
014 (273293.000.001) 2025-01-23 10:52:27 Node 1 executing on host: <192.168.0.140:9618?addrs=192.168.0.140-9618&alias=node140.di.rm1&noUDP&sock=startd_1890_f615>
...
014 (273293.000.000) 2025-01-23 10:52:27 Node 0 executing on host: <192.168.0.120:9618?addrs=192.168.0.120-9618&alias=node120.di.rm1&noUDP&sock=startd_2096_4298>
...
001 (273293.000.000) 2025-01-23 10:52:27 Job executing on host: MPI_job
...
008 (273293.000.000) 2025-01-23 10:52:29 Launching orted on Node 1 of 2
...
008 (273293.000.000) 2025-01-23 10:52:29 Launching orted on Node 0 of 2
...
008 (273293.000.000) 2025-01-23 10:52:30 orted exited on Node 1 of 2
...
008 (273293.000.000) 2025-01-23 10:52:30 orted exited on Node 0 of 2
...
015 (273293.000.001) 2025-01-23 10:52:30 Node 1 terminated.
	(1) Normal termination (return value 0)
		Usr 0 00:00:00, Sys 0 00:00:00  -  Run Remote Usage
		Usr 0 00:00:00, Sys 0 00:00:00  -  Run Local Usage
		Usr 0 00:00:00, Sys 0 00:00:00  -  Total Remote Usage
		Usr 0 00:00:00, Sys 0 00:00:00  -  Total Local Usage
	2165  -  Run Bytes Sent By Node
	33639  -  Run Bytes Received By Node
	2165  -  Total Bytes Sent By Node
	33639  -  Total Bytes Received By Node
...
015 (273293.000.000) 2025-01-23 10:52:30 Node 0 terminated.
	(1) Normal termination (return value 0)
		Usr 0 00:00:00, Sys 0 00:00:00  -  Run Remote Usage
		Usr 0 00:00:00, Sys 0 00:00:00  -  Run Local Usage
		Usr 0 00:00:00, Sys 0 00:00:00  -  Total Remote Usage
		Usr 0 00:00:00, Sys 0 00:00:00  -  Total Local Usage
	3662  -  Run Bytes Sent By Node
	33639  -  Run Bytes Received By Node
	3662  -  Total Bytes Sent By Node
	33639  -  Total Bytes Received By Node
...
005 (273293.000.000) 2025-01-23 10:52:30 Job terminated.
	(1) Normal termination (return value 0)
		Usr 0 00:00:00, Sys 0 00:00:00  -  Run Remote Usage
		Usr 0 00:00:00, Sys 0 00:00:00  -  Run Local Usage
		Usr 0 00:00:00, Sys 0 00:00:00  -  Total Remote Usage
		Usr 0 00:00:00, Sys 0 00:00:00  -  Total Local Usage
	5827  -  Run Bytes Sent By Job
	67278  -  Run Bytes Received By Job
	5827  -  Total Bytes Sent By Job
	67278  -  Total Bytes Received By Job
	Partitionable Resources :    Usage  Request Allocated 
	   Cpus                 :                 1         1 
	   Disk (KB)            :       51       35  21575424 
	   GPUs                 :                           1 
	   Memory (MB)          :        0        0     20480 

	Job terminated of its own accord at 2025-01-23T10:52:30Z with exit-code 0.
...
