000 (273208.000.000) 2025-01-23 10:46:32 Job submitted from host: <192.168.0.102:9618?addrs=192.168.0.102-9618&alias=submitter&noUDP&sock=schedd_2032_5c88>
...
014 (273208.000.000) 2025-01-23 10:46:55 Node 0 executing on host: <192.168.0.149:9618?addrs=192.168.0.149-9618&alias=node149.di.rm1&noUDP&sock=startd_1551_6f7a>
...
014 (273208.000.001) 2025-01-23 10:46:55 Node 1 executing on host: <192.168.0.141:9618?addrs=192.168.0.141-9618&alias=node141.di.rm1&noUDP&sock=startd_2077_3a4b>
...
001 (273208.000.000) 2025-01-23 10:46:55 Job executing on host: MPI_job
...
008 (273208.000.000) 2025-01-23 10:46:57 Launching orted on Node 0 of 2
...
008 (273208.000.000) 2025-01-23 10:46:57 Launching orted on Node 1 of 2
...
008 (273208.000.000) 2025-01-23 10:47:12 Node 0 caught SIGTERM, cleaning up mpirun
...
004 (273208.000.000) 2025-01-23 10:47:13 Job was evicted.
	(0) CPU times
		Usr 0 00:00:20, Sys 0 00:00:00  -  Run Remote Usage
		Usr 0 00:00:00, Sys 0 00:00:00  -  Run Local Usage
	0  -  Run Bytes Sent By Job
	67278  -  Run Bytes Received By Job
	Partitionable Resources :    Usage  Request Allocated 
	   Cpus                 :                 1         2 
	   Disk (KB)            :     8520       35 102883670 
	   Memory (MB)          :      288      297    100096 
...
009 (273208.000.000) 2025-01-23 10:47:13 Job was aborted.
	via condor_rm (by user calzona_2046920)
...
000 (277986.000.000) 2025-01-24 07:31:48 Job submitted from host: <192.168.0.102:9618?addrs=192.168.0.102-9618&alias=submitter&noUDP&sock=schedd_2032_5c88>
...
014 (277986.000.000) 2025-01-24 07:31:55 Node 0 executing on host: <192.168.0.113:9618?addrs=192.168.0.113-9618&alias=node113.di.rm1&noUDP&sock=startd_3668932_c305>
...
014 (277986.000.001) 2025-01-24 07:31:55 Node 1 executing on host: <192.168.0.113:9618?addrs=192.168.0.113-9618&alias=node113.di.rm1&noUDP&sock=startd_3668932_c305>
...
001 (277986.000.000) 2025-01-24 07:31:55 Job executing on host: MPI_job
...
008 (277986.000.000) 2025-01-24 07:31:57 Launching orted on Node 0 of 2
...
008 (277986.000.000) 2025-01-24 07:31:57 Launching orted on Node 1 of 2
...
008 (277986.000.000) 2025-01-24 07:32:12 orted exited on Node 0 of 2
...
008 (277986.000.000) 2025-01-24 07:32:12 orted exited on Node 1 of 2
...
015 (277986.000.001) 2025-01-24 07:32:12 Node 1 terminated.
	(1) Normal termination (return value 0)
		Usr 0 00:00:14, Sys 0 00:00:00  -  Run Remote Usage
		Usr 0 00:00:00, Sys 0 00:00:00  -  Run Local Usage
		Usr 0 00:00:14, Sys 0 00:00:00  -  Total Remote Usage
		Usr 0 00:00:00, Sys 0 00:00:00  -  Total Local Usage
	22  -  Run Bytes Sent By Node
	33639  -  Run Bytes Received By Node
	22  -  Total Bytes Sent By Node
	33639  -  Total Bytes Received By Node
...
015 (277986.000.000) 2025-01-24 07:32:12 Node 0 terminated.
	(1) Normal termination (return value 0)
		Usr 0 00:00:06, Sys 0 00:00:01  -  Run Remote Usage
		Usr 0 00:00:00, Sys 0 00:00:00  -  Run Local Usage
		Usr 0 00:00:06, Sys 0 00:00:01  -  Total Remote Usage
		Usr 0 00:00:00, Sys 0 00:00:00  -  Total Local Usage
	3666  -  Run Bytes Sent By Node
	33639  -  Run Bytes Received By Node
	3666  -  Total Bytes Sent By Node
	33639  -  Total Bytes Received By Node
...
005 (277986.000.000) 2025-01-24 07:32:12 Job terminated.
	(1) Normal termination (return value 0)
		Usr 0 00:00:20, Sys 0 00:00:01  -  Run Remote Usage
		Usr 0 00:00:00, Sys 0 00:00:00  -  Run Local Usage
		Usr 0 00:00:06, Sys 0 00:00:01  -  Total Remote Usage
		Usr 0 00:00:00, Sys 0 00:00:00  -  Total Local Usage
	3688  -  Run Bytes Sent By Job
	67278  -  Run Bytes Received By Job
	3688  -  Total Bytes Sent By Job
	67278  -  Total Bytes Received By Job
	Partitionable Resources :    Usage  Request Allocated 
	   Cpus                 :                 1         2 
	   Disk (KB)            :       50       35 102984791 
	   GPUs                 :                           0 
	   Memory (MB)          :      310      219    100096 

	Job terminated of its own accord at 2025-01-24T07:32:12Z with exit-code 0.
...
