000 (279201.000.000) 2025-01-24 10:20:52 Job submitted from host: <192.168.0.102:9618?addrs=192.168.0.102-9618&alias=submitter&noUDP&sock=schedd_2032_5c88>
...
014 (279201.000.005) 2025-01-24 10:21:00 Node 5 executing on host: <192.168.0.148:9618?addrs=192.168.0.148-9618&alias=node148.di.rm1&noUDP&sock=startd_1547_b119>
...
014 (279201.000.001) 2025-01-24 10:21:00 Node 1 executing on host: <192.168.0.106:9618?addrs=192.168.0.106-9618&alias=node106.di.rm1&noUDP&sock=startd_1970_d5a9>
...
014 (279201.000.000) 2025-01-24 10:21:00 Node 0 executing on host: <192.168.0.135:9618?addrs=192.168.0.135-9618&alias=node135.di.rm1&noUDP&sock=startd_2000_6980>
...
014 (279201.000.003) 2025-01-24 10:21:00 Node 3 executing on host: <192.168.0.140:9618?addrs=192.168.0.140-9618&alias=node140.di.rm1&noUDP&sock=startd_1890_f615>
...
014 (279201.000.004) 2025-01-24 10:21:00 Node 4 executing on host: <192.168.0.116:9618?addrs=192.168.0.116-9618&alias=node116.di.rm1&noUDP&sock=startd_1847_7783>
...
014 (279201.000.006) 2025-01-24 10:21:00 Node 6 executing on host: <192.168.0.135:9618?addrs=192.168.0.135-9618&alias=node135.di.rm1&noUDP&sock=startd_2000_6980>
...
014 (279201.000.002) 2025-01-24 10:21:00 Node 2 executing on host: <192.168.0.145:9618?addrs=192.168.0.145-9618&alias=node145.di.rm1&noUDP&sock=startd_1869_8e98>
...
014 (279201.000.007) 2025-01-24 10:21:00 Node 7 executing on host: <192.168.0.151:9618?addrs=192.168.0.151-9618&alias=node151.di.rm1&noUDP&sock=startd_1528_a8cd>
...
001 (279201.000.000) 2025-01-24 10:21:00 Job executing on host: MPI_job
...
008 (279201.000.000) 2025-01-24 10:21:02 Launching orted on Node 5 of 8
...
008 (279201.000.000) 2025-01-24 10:21:02 Launching orted on Node 3 of 8
...
008 (279201.000.000) 2025-01-24 10:21:02 Launching orted on Node 1 of 8
...
008 (279201.000.000) 2025-01-24 10:21:02 Launching orted on Node 4 of 8
...
008 (279201.000.000) 2025-01-24 10:21:02 Launching orted on Node 0 of 8
...
008 (279201.000.000) 2025-01-24 10:21:02 Launching orted on Node 6 of 8
...
008 (279201.000.000) 2025-01-24 10:21:03 Launching orted on Node 7 of 8
...
008 (279201.000.000) 2025-01-24 10:21:03 Launching orted on Node 2 of 8
...
008 (279201.000.000) 2025-01-24 10:21:08 orted exited on Node 0 of 8
...
008 (279201.000.000) 2025-01-24 10:21:08 orted exited on Node 1 of 8
...
008 (279201.000.000) 2025-01-24 10:21:08 orted exited on Node 3 of 8
...
008 (279201.000.000) 2025-01-24 10:21:08 orted exited on Node 4 of 8
...
008 (279201.000.000) 2025-01-24 10:21:08 orted exited on Node 5 of 8
...
008 (279201.000.000) 2025-01-24 10:21:08 orted exited on Node 2 of 8
...
008 (279201.000.000) 2025-01-24 10:21:08 orted exited on Node 6 of 8
...
008 (279201.000.000) 2025-01-24 10:21:08 orted exited on Node 7 of 8
...
015 (279201.000.005) 2025-01-24 10:21:08 Node 5 terminated.
	(1) Normal termination (return value 0)
		Usr 0 00:00:04, Sys 0 00:00:00  -  Run Remote Usage
		Usr 0 00:00:00, Sys 0 00:00:00  -  Run Local Usage
		Usr 0 00:00:04, Sys 0 00:00:00  -  Total Remote Usage
		Usr 0 00:00:00, Sys 0 00:00:00  -  Total Local Usage
	2165  -  Run Bytes Sent By Node
	33639  -  Run Bytes Received By Node
	2165  -  Total Bytes Sent By Node
	33639  -  Total Bytes Received By Node
...
015 (279201.000.004) 2025-01-24 10:21:08 Node 4 terminated.
	(1) Normal termination (return value 0)
		Usr 0 00:00:04, Sys 0 00:00:01  -  Run Remote Usage
		Usr 0 00:00:00, Sys 0 00:00:00  -  Run Local Usage
		Usr 0 00:00:04, Sys 0 00:00:01  -  Total Remote Usage
		Usr 0 00:00:00, Sys 0 00:00:00  -  Total Local Usage
	2165  -  Run Bytes Sent By Node
	33639  -  Run Bytes Received By Node
	2165  -  Total Bytes Sent By Node
	33639  -  Total Bytes Received By Node
...
015 (279201.000.001) 2025-01-24 10:21:08 Node 1 terminated.
	(1) Normal termination (return value 0)
		Usr 0 00:00:04, Sys 0 00:00:01  -  Run Remote Usage
		Usr 0 00:00:00, Sys 0 00:00:00  -  Run Local Usage
		Usr 0 00:00:04, Sys 0 00:00:01  -  Total Remote Usage
		Usr 0 00:00:00, Sys 0 00:00:00  -  Total Local Usage
	2165  -  Run Bytes Sent By Node
	33639  -  Run Bytes Received By Node
	2165  -  Total Bytes Sent By Node
	33639  -  Total Bytes Received By Node
...
015 (279201.000.003) 2025-01-24 10:21:08 Node 3 terminated.
	(1) Normal termination (return value 0)
		Usr 0 00:00:04, Sys 0 00:00:00  -  Run Remote Usage
		Usr 0 00:00:00, Sys 0 00:00:00  -  Run Local Usage
		Usr 0 00:00:04, Sys 0 00:00:00  -  Total Remote Usage
		Usr 0 00:00:00, Sys 0 00:00:00  -  Total Local Usage
	2165  -  Run Bytes Sent By Node
	33639  -  Run Bytes Received By Node
	2165  -  Total Bytes Sent By Node
	33639  -  Total Bytes Received By Node
...
015 (279201.000.006) 2025-01-24 10:21:08 Node 6 terminated.
	(1) Normal termination (return value 0)
		Usr 0 00:00:04, Sys 0 00:00:00  -  Run Remote Usage
		Usr 0 00:00:00, Sys 0 00:00:00  -  Run Local Usage
		Usr 0 00:00:04, Sys 0 00:00:00  -  Total Remote Usage
		Usr 0 00:00:00, Sys 0 00:00:00  -  Total Local Usage
	0  -  Run Bytes Sent By Node
	33639  -  Run Bytes Received By Node
	0  -  Total Bytes Sent By Node
	33639  -  Total Bytes Received By Node
...
015 (279201.000.000) 2025-01-24 10:21:08 Node 0 terminated.
	(1) Normal termination (return value 0)
		Usr 0 00:00:00, Sys 0 00:00:00  -  Run Remote Usage
		Usr 0 00:00:00, Sys 0 00:00:00  -  Run Local Usage
		Usr 0 00:00:00, Sys 0 00:00:00  -  Total Remote Usage
		Usr 0 00:00:00, Sys 0 00:00:00  -  Total Local Usage
	3833  -  Run Bytes Sent By Node
	33639  -  Run Bytes Received By Node
	3833  -  Total Bytes Sent By Node
	33639  -  Total Bytes Received By Node
...
005 (279201.000.000) 2025-01-24 10:21:08 Job terminated.
	(1) Normal termination (return value 0)
		Usr 0 00:00:28, Sys 0 00:00:02  -  Run Remote Usage
		Usr 0 00:00:00, Sys 0 00:00:00  -  Run Local Usage
		Usr 0 00:00:00, Sys 0 00:00:00  -  Total Remote Usage
		Usr 0 00:00:00, Sys 0 00:00:00  -  Total Local Usage
	12493  -  Run Bytes Sent By Job
	269112  -  Run Bytes Received By Job
	12493  -  Total Bytes Sent By Job
	269112  -  Total Bytes Received By Job
	Partitionable Resources :    Usage  Request Allocated 
	   Cpus                 :                 1         2 
	   Disk (KB)            :       50       35 102650546 
	   Memory (MB)          :        0      294    100096 

	Job terminated of its own accord at 2025-01-24T10:21:08Z with exit-code 0.
...
000 (287519.000.000) 2025-01-28 17:19:43 Job submitted from host: <192.168.0.102:9618?addrs=192.168.0.102-9618&alias=submitter&noUDP&sock=schedd_2032_5c88>
...
014 (287519.000.002) 2025-01-28 17:19:51 Node 2 executing on host: <192.168.0.148:9618?addrs=192.168.0.148-9618&alias=node148.di.rm1&noUDP&sock=startd_1547_b119>
...
014 (287519.000.001) 2025-01-28 17:19:51 Node 1 executing on host: <192.168.0.142:9618?addrs=192.168.0.142-9618&alias=node142.di.rm1&noUDP&sock=startd_1996_ab1f>
...
014 (287519.000.000) 2025-01-28 17:19:51 Node 0 executing on host: <192.168.0.112:9618?addrs=192.168.0.112-9618&alias=node112.di.rm1&noUDP&sock=startd_2169_5502>
...
014 (287519.000.003) 2025-01-28 17:19:51 Node 3 executing on host: <192.168.0.113:9618?addrs=192.168.0.113-9618&alias=node113.di.rm1&noUDP&sock=startd_3668932_c305>
...
014 (287519.000.004) 2025-01-28 17:19:51 Node 4 executing on host: <192.168.0.122:9618?addrs=192.168.0.122-9618&alias=node122.di.rm1&noUDP&sock=startd_2134_5331>
...
014 (287519.000.005) 2025-01-28 17:19:51 Node 5 executing on host: <192.168.0.133:9618?addrs=192.168.0.133-9618&alias=node133.di.rm1&noUDP&sock=startd_1941_f16a>
...
014 (287519.000.006) 2025-01-28 17:19:51 Node 6 executing on host: <192.168.0.112:9618?addrs=192.168.0.112-9618&alias=node112.di.rm1&noUDP&sock=startd_2169_5502>
...
014 (287519.000.007) 2025-01-28 17:19:51 Node 7 executing on host: <192.168.0.142:9618?addrs=192.168.0.142-9618&alias=node142.di.rm1&noUDP&sock=startd_1996_ab1f>
...
001 (287519.000.000) 2025-01-28 17:19:51 Job executing on host: MPI_job
...
008 (287519.000.000) 2025-01-28 17:19:53 Launching orted on Node 2 of 8
...
008 (287519.000.000) 2025-01-28 17:19:53 Launching orted on Node 1 of 8
...
008 (287519.000.000) 2025-01-28 17:19:53 Launching orted on Node 0 of 8
...
008 (287519.000.000) 2025-01-28 17:19:53 Launching orted on Node 4 of 8
...
008 (287519.000.000) 2025-01-28 17:19:53 Launching orted on Node 3 of 8
...
008 (287519.000.000) 2025-01-28 17:19:53 Launching orted on Node 5 of 8
...
008 (287519.000.000) 2025-01-28 17:19:53 Launching orted on Node 6 of 8
...
008 (287519.000.000) 2025-01-28 17:19:53 Launching orted on Node 7 of 8
...
008 (287519.000.000) 2025-01-28 17:19:58 orted exited on Node 1 of 8
...
008 (287519.000.000) 2025-01-28 17:19:58 orted exited on Node 2 of 8
...
008 (287519.000.000) 2025-01-28 17:19:58 orted exited on Node 5 of 8
...
008 (287519.000.000) 2025-01-28 17:19:58 orted exited on Node 3 of 8
...
008 (287519.000.000) 2025-01-28 17:19:58 orted exited on Node 6 of 8
...
008 (287519.000.000) 2025-01-28 17:19:58 orted exited on Node 0 of 8
...
008 (287519.000.000) 2025-01-28 17:19:58 orted exited on Node 7 of 8
...
008 (287519.000.000) 2025-01-28 17:19:58 orted exited on Node 4 of 8
...
015 (287519.000.002) 2025-01-28 17:19:58 Node 2 terminated.
	(1) Normal termination (return value 0)
		Usr 0 00:00:05, Sys 0 00:00:00  -  Run Remote Usage
		Usr 0 00:00:00, Sys 0 00:00:00  -  Run Local Usage
		Usr 0 00:00:05, Sys 0 00:00:00  -  Total Remote Usage
		Usr 0 00:00:00, Sys 0 00:00:00  -  Total Local Usage
	2165  -  Run Bytes Sent By Node
	33591  -  Run Bytes Received By Node
	2165  -  Total Bytes Sent By Node
	33591  -  Total Bytes Received By Node
...
015 (287519.000.003) 2025-01-28 17:19:58 Node 3 terminated.
	(1) Normal termination (return value 0)
		Usr 0 00:00:04, Sys 0 00:00:00  -  Run Remote Usage
		Usr 0 00:00:00, Sys 0 00:00:00  -  Run Local Usage
		Usr 0 00:00:04, Sys 0 00:00:00  -  Total Remote Usage
		Usr 0 00:00:00, Sys 0 00:00:00  -  Total Local Usage
	2187  -  Run Bytes Sent By Node
	33591  -  Run Bytes Received By Node
	2187  -  Total Bytes Sent By Node
	33591  -  Total Bytes Received By Node
...
015 (287519.000.006) 2025-01-28 17:19:58 Node 6 terminated.
	(1) Normal termination (return value 0)
		Usr 0 00:00:04, Sys 0 00:00:00  -  Run Remote Usage
		Usr 0 00:00:00, Sys 0 00:00:00  -  Run Local Usage
		Usr 0 00:00:04, Sys 0 00:00:00  -  Total Remote Usage
		Usr 0 00:00:00, Sys 0 00:00:00  -  Total Local Usage
	22  -  Run Bytes Sent By Node
	33591  -  Run Bytes Received By Node
	22  -  Total Bytes Sent By Node
	33591  -  Total Bytes Received By Node
...
015 (287519.000.000) 2025-01-28 17:19:58 Node 0 terminated.
	(1) Normal termination (return value 0)
		Usr 0 00:00:00, Sys 0 00:00:01  -  Run Remote Usage
		Usr 0 00:00:00, Sys 0 00:00:00  -  Run Local Usage
		Usr 0 00:00:00, Sys 0 00:00:01  -  Total Remote Usage
		Usr 0 00:00:00, Sys 0 00:00:00  -  Total Local Usage
	3308  -  Run Bytes Sent By Node
	33591  -  Run Bytes Received By Node
	3308  -  Total Bytes Sent By Node
	33591  -  Total Bytes Received By Node
...
015 (287519.000.004) 2025-01-28 17:19:58 Node 4 terminated.
	(1) Normal termination (return value 0)
		Usr 0 00:00:05, Sys 0 00:00:00  -  Run Remote Usage
		Usr 0 00:00:00, Sys 0 00:00:00  -  Run Local Usage
		Usr 0 00:00:05, Sys 0 00:00:00  -  Total Remote Usage
		Usr 0 00:00:00, Sys 0 00:00:00  -  Total Local Usage
	2187  -  Run Bytes Sent By Node
	33591  -  Run Bytes Received By Node
	2187  -  Total Bytes Sent By Node
	33591  -  Total Bytes Received By Node
...
015 (287519.000.005) 2025-01-28 17:19:58 Node 5 terminated.
	(1) Normal termination (return value 0)
		Usr 0 00:00:04, Sys 0 00:00:00  -  Run Remote Usage
		Usr 0 00:00:00, Sys 0 00:00:00  -  Run Local Usage
		Usr 0 00:00:04, Sys 0 00:00:00  -  Total Remote Usage
		Usr 0 00:00:00, Sys 0 00:00:00  -  Total Local Usage
	2165  -  Run Bytes Sent By Node
	33591  -  Run Bytes Received By Node
	2165  -  Total Bytes Sent By Node
	33591  -  Total Bytes Received By Node
...
015 (287519.000.007) 2025-01-28 17:19:58 Node 7 terminated.
	(1) Normal termination (return value 0)
		Usr 0 00:00:04, Sys 0 00:00:00  -  Run Remote Usage
		Usr 0 00:00:00, Sys 0 00:00:00  -  Run Local Usage
		Usr 0 00:00:04, Sys 0 00:00:00  -  Total Remote Usage
		Usr 0 00:00:00, Sys 0 00:00:00  -  Total Local Usage
	2165  -  Run Bytes Sent By Node
	33591  -  Run Bytes Received By Node
	2165  -  Total Bytes Sent By Node
	33591  -  Total Bytes Received By Node
...
005 (287519.000.000) 2025-01-28 17:19:58 Job terminated.
	(1) Normal termination (return value 0)
		Usr 0 00:00:30, Sys 0 00:00:01  -  Run Remote Usage
		Usr 0 00:00:00, Sys 0 00:00:00  -  Run Local Usage
		Usr 0 00:00:00, Sys 0 00:00:01  -  Total Remote Usage
		Usr 0 00:00:00, Sys 0 00:00:00  -  Total Local Usage
	16364  -  Run Bytes Sent By Job
	268728  -  Run Bytes Received By Job
	16364  -  Total Bytes Sent By Job
	268728  -  Total Bytes Received By Job
	Partitionable Resources :    Usage  Request Allocated 
	   Cpus                 :                 1         2 
	   Disk (KB)            :       51       35 102912356 
	   GPUs                 :                           0 
	   Memory (MB)          :        0        1    100096 

	Job terminated of its own accord at 2025-01-28T17:19:58Z with exit-code 0.
...
