000 (294644.000.000) 2025-01-31 00:25:17 Job submitted from host: <192.168.0.102:9618?addrs=192.168.0.102-9618&alias=submitter&noUDP&sock=schedd_4045053_7bc0>
...
014 (294644.000.000) 2025-01-31 00:25:20 Node 0 executing on host: <192.168.0.149:9618?addrs=192.168.0.149-9618&alias=node149.di.rm1&noUDP&sock=startd_1551_6f7a>
...
014 (294644.000.001) 2025-01-31 00:25:20 Node 1 executing on host: <192.168.0.124:9618?addrs=192.168.0.124-9618&alias=node124.di.rm1&noUDP&sock=startd_2143_7f8b>
...
014 (294644.000.003) 2025-01-31 00:25:20 Node 3 executing on host: <192.168.0.110:9618?addrs=192.168.0.110-9618&alias=node110.di.rm1&noUDP&sock=startd_2154_0b16>
...
014 (294644.000.002) 2025-01-31 00:25:20 Node 2 executing on host: <192.168.0.124:9618?addrs=192.168.0.124-9618&alias=node124.di.rm1&noUDP&sock=startd_2143_7f8b>
...
001 (294644.000.000) 2025-01-31 00:25:20 Job executing on host: MPI_job
...
008 (294644.000.000) 2025-01-31 00:25:22 Launching orted on Node 0 of 4
...
008 (294644.000.000) 2025-01-31 00:25:22 Launching orted on Node 3 of 4
...
008 (294644.000.000) 2025-01-31 00:25:22 Launching orted on Node 2 of 4
...
008 (294644.000.000) 2025-01-31 00:25:22 Launching orted on Node 1 of 4
...
008 (294644.000.000) 2025-01-31 00:25:23 orted exited on Node 3 of 4
...
008 (294644.000.000) 2025-01-31 00:25:23 orted exited on Node 0 of 4
...
008 (294644.000.000) 2025-01-31 00:25:23 orted exited on Node 1 of 4
...
008 (294644.000.000) 2025-01-31 00:25:23 orted exited on Node 2 of 4
...
015 (294644.000.000) 2025-01-31 00:25:23 Node 0 terminated.
	(1) Normal termination (return value 0)
		Usr 0 00:00:00, Sys 0 00:00:00  -  Run Remote Usage
		Usr 0 00:00:00, Sys 0 00:00:00  -  Run Local Usage
		Usr 0 00:00:00, Sys 0 00:00:00  -  Total Remote Usage
		Usr 0 00:00:00, Sys 0 00:00:00  -  Total Local Usage
	3996  -  Run Bytes Sent By Node
	33831  -  Run Bytes Received By Node
	3996  -  Total Bytes Sent By Node
	33831  -  Total Bytes Received By Node
...
005 (294644.000.000) 2025-01-31 00:25:23 Job terminated.
	(1) Normal termination (return value 0)
		Usr 0 00:00:00, Sys 0 00:00:00  -  Run Remote Usage
		Usr 0 00:00:00, Sys 0 00:00:00  -  Run Local Usage
		Usr 0 00:00:00, Sys 0 00:00:00  -  Total Remote Usage
		Usr 0 00:00:00, Sys 0 00:00:00  -  Total Local Usage
	3996  -  Run Bytes Sent By Job
	135324  -  Run Bytes Received By Job
	3996  -  Total Bytes Sent By Job
	135324  -  Total Bytes Received By Job
	Partitionable Resources :    Usage  Request Allocated 
	   Cpus                 :                 1         2 
	   Disk (KB)            :       51       35 102883670 
	   Memory (MB)          :        1        0    100096 

	Job terminated of its own accord at 2025-01-31T00:25:23Z with exit-code 0.
...
