000 (270225.000.000) 2025-01-21 23:35:10 Job submitted from host: <192.168.0.102:9618?addrs=192.168.0.102-9618&alias=submitter&noUDP&sock=schedd_2032_5c88>
...
001 (270225.000.000) 2025-01-21 23:35:29 Job executing on host: <192.168.0.148:9618?addrs=192.168.0.148-9618&alias=node148.di.rm1&noUDP&sock=startd_1547_b119>
...
006 (270225.000.000) 2025-01-21 23:35:38 Image size of job updated: 447156
	434  -  MemoryUsage of job (MB)
	444252  -  ResidentSetSize of job (KB)
...
006 (270225.000.000) 2025-01-21 23:36:11 Image size of job updated: 1971096
	435  -  MemoryUsage of job (MB)
	445308  -  ResidentSetSize of job (KB)
...
004 (270225.000.000) 2025-01-21 23:36:11 Job was evicted.
	(0) CPU times
		Usr 0 00:00:42, Sys 0 00:00:01  -  Run Remote Usage
		Usr 0 00:00:00, Sys 0 00:00:00  -  Run Local Usage
	0  -  Run Bytes Sent By Job
	0  -  Run Bytes Received By Job
	Partitionable Resources :    Usage  Request Allocated 
	   Cpus                 :     1.00        1         1 
	   Disk (KB)            :    27          27    467548 
	   Memory (MB)          :   435           1       128 
...
009 (270225.000.000) 2025-01-21 23:36:11 Job was aborted.
	via condor_rm (by user calzona_2046920)
...
000 (276384.000.000) 2025-01-24 04:24:00 Job submitted from host: <192.168.0.102:9618?addrs=192.168.0.102-9618&alias=submitter&noUDP&sock=schedd_2032_5c88>
...
001 (276384.000.000) 2025-01-24 04:24:00 Job executing on host: <192.168.0.123:9618?addrs=192.168.0.123-9618&alias=node123.di.rm1&noUDP&sock=startd_2149_9d1d>
...
006 (276384.000.000) 2025-01-24 04:24:09 Image size of job updated: 425700
	416  -  MemoryUsage of job (MB)
	425700  -  ResidentSetSize of job (KB)
...
006 (276384.000.000) 2025-01-24 04:26:01 Image size of job updated: 5502156
	416  -  MemoryUsage of job (MB)
	425832  -  ResidentSetSize of job (KB)
...
004 (276384.000.000) 2025-01-24 04:26:01 Job was evicted.
	(0) CPU times
		Usr 0 00:01:58, Sys 0 00:00:02  -  Run Remote Usage
		Usr 0 00:00:00, Sys 0 00:00:00  -  Run Local Usage
	0  -  Run Bytes Sent By Job
	0  -  Run Bytes Received By Job
	Partitionable Resources :    Usage  Request Allocated 
	   Cpus                 :                 1         1 
	   Disk (KB)            :       27       27    499900 
	   Gpus (Average)       :                 0         0 
	   Memory (MB)          :      416        1       128 
...
009 (276384.000.000) 2025-01-24 04:26:01 Job was aborted.
	via condor_rm (by user calzona_2046920)
...
