000 (273200.000.000) 2025-01-23 10:46:31 Job submitted from host: <192.168.0.102:9618?addrs=192.168.0.102-9618&alias=submitter&noUDP&sock=schedd_2032_5c88>
...
014 (273200.000.000) 2025-01-23 10:46:39 Node 0 executing on host: <192.168.0.140:9618?addrs=192.168.0.140-9618&alias=node140.di.rm1&noUDP&sock=startd_1890_f615>
...
014 (273200.000.001) 2025-01-23 10:46:39 Node 1 executing on host: <192.168.0.116:9618?addrs=192.168.0.116-9618&alias=node116.di.rm1&noUDP&sock=startd_1847_7783>
...
001 (273200.000.000) 2025-01-23 10:46:39 Job executing on host: MPI_job
...
008 (273200.000.000) 2025-01-23 10:46:41 Launching orted on Node 0 of 2
...
008 (273200.000.000) 2025-01-23 10:46:41 Launching orted on Node 1 of 2
...
008 (273200.000.000) 2025-01-23 10:46:56 orted exited on Node 1 of 2
...
008 (273200.000.000) 2025-01-23 10:46:56 orted exited on Node 0 of 2
...
015 (273200.000.001) 2025-01-23 10:46:56 Node 1 terminated.
	(1) Normal termination (return value 0)
		Usr 0 00:00:14, Sys 0 00:00:01  -  Run Remote Usage
		Usr 0 00:00:00, Sys 0 00:00:00  -  Run Local Usage
		Usr 0 00:00:14, Sys 0 00:00:01  -  Total Remote Usage
		Usr 0 00:00:00, Sys 0 00:00:00  -  Total Local Usage
	2165  -  Run Bytes Sent By Node
	33639  -  Run Bytes Received By Node
	2165  -  Total Bytes Sent By Node
	33639  -  Total Bytes Received By Node
...
015 (273200.000.000) 2025-01-23 10:46:56 Node 0 terminated.
	(1) Normal termination (return value 0)
		Usr 0 00:00:07, Sys 0 00:00:00  -  Run Remote Usage
		Usr 0 00:00:00, Sys 0 00:00:00  -  Run Local Usage
		Usr 0 00:00:07, Sys 0 00:00:00  -  Total Remote Usage
		Usr 0 00:00:00, Sys 0 00:00:00  -  Total Local Usage
	3258  -  Run Bytes Sent By Node
	33639  -  Run Bytes Received By Node
	3258  -  Total Bytes Sent By Node
	33639  -  Total Bytes Received By Node
...
005 (273200.000.000) 2025-01-23 10:46:56 Job terminated.
	(1) Normal termination (return value 0)
		Usr 0 00:00:21, Sys 0 00:00:01  -  Run Remote Usage
		Usr 0 00:00:00, Sys 0 00:00:00  -  Run Local Usage
		Usr 0 00:00:07, Sys 0 00:00:00  -  Total Remote Usage
		Usr 0 00:00:00, Sys 0 00:00:00  -  Total Local Usage
	5423  -  Run Bytes Sent By Job
	67278  -  Run Bytes Received By Job
	5423  -  Total Bytes Sent By Job
	67278  -  Total Bytes Received By Job
	Partitionable Resources :    Usage  Request Allocated 
	   Cpus                 :                 1         2 
	   Disk (KB)            :       49       35 103040641 
	   Memory (MB)          :      367      219    100096 

	Job terminated of its own accord at 2025-01-23T10:46:56Z with exit-code 0.
...
000 (277978.000.000) 2025-01-24 07:31:47 Job submitted from host: <192.168.0.102:9618?addrs=192.168.0.102-9618&alias=submitter&noUDP&sock=schedd_2032_5c88>
...
014 (277978.000.000) 2025-01-24 07:31:55 Node 0 executing on host: <192.168.0.145:9618?addrs=192.168.0.145-9618&alias=node145.di.rm1&noUDP&sock=startd_1869_8e98>
...
014 (277978.000.001) 2025-01-24 07:31:55 Node 1 executing on host: <192.168.0.140:9618?addrs=192.168.0.140-9618&alias=node140.di.rm1&noUDP&sock=startd_1890_f615>
...
001 (277978.000.000) 2025-01-24 07:31:55 Job executing on host: MPI_job
...
008 (277978.000.000) 2025-01-24 07:31:57 Launching orted on Node 0 of 2
...
008 (277978.000.000) 2025-01-24 07:31:57 Launching orted on Node 1 of 2
...
008 (277978.000.000) 2025-01-24 07:32:12 orted exited on Node 1 of 2
...
008 (277978.000.000) 2025-01-24 07:32:12 orted exited on Node 0 of 2
...
015 (277978.000.000) 2025-01-24 07:32:12 Node 0 terminated.
	(1) Normal termination (return value 0)
		Usr 0 00:00:05, Sys 0 00:00:00  -  Run Remote Usage
		Usr 0 00:00:00, Sys 0 00:00:00  -  Run Local Usage
		Usr 0 00:00:05, Sys 0 00:00:00  -  Total Remote Usage
		Usr 0 00:00:00, Sys 0 00:00:00  -  Total Local Usage
	3258  -  Run Bytes Sent By Node
	33639  -  Run Bytes Received By Node
	3258  -  Total Bytes Sent By Node
	33639  -  Total Bytes Received By Node
...
005 (277978.000.000) 2025-01-24 07:32:12 Job terminated.
	(1) Normal termination (return value 0)
		Usr 0 00:00:19, Sys 0 00:00:00  -  Run Remote Usage
		Usr 0 00:00:00, Sys 0 00:00:00  -  Run Local Usage
		Usr 0 00:00:05, Sys 0 00:00:00  -  Total Remote Usage
		Usr 0 00:00:00, Sys 0 00:00:00  -  Total Local Usage
	3258  -  Run Bytes Sent By Job
	67278  -  Run Bytes Received By Job
	3258  -  Total Bytes Sent By Job
	67278  -  Total Bytes Received By Job
	Partitionable Resources :    Usage  Request Allocated 
	   Cpus                 :                 1         2 
	   Disk (KB)            :       49       35 102711052 
	   Memory (MB)          :      311      219    100096 

	Job terminated of its own accord at 2025-01-24T07:32:12Z with exit-code 0.
...
000 (286089.000.000) 2025-01-28 14:45:56 Job submitted from host: <192.168.0.102:9618?addrs=192.168.0.102-9618&alias=submitter&noUDP&sock=schedd_2032_5c88>
...
014 (286089.000.000) 2025-01-28 14:46:03 Node 0 executing on host: <192.168.0.130:9618?addrs=192.168.0.130-9618&alias=node130.di.rm1&noUDP&sock=startd_2751195_838e>
...
014 (286089.000.001) 2025-01-28 14:46:03 Node 1 executing on host: <192.168.0.140:9618?addrs=192.168.0.140-9618&alias=node140.di.rm1&noUDP&sock=startd_1890_f615>
...
001 (286089.000.000) 2025-01-28 14:46:03 Job executing on host: MPI_job
...
008 (286089.000.000) 2025-01-28 14:46:05 Launching orted on Node 0 of 2
...
008 (286089.000.000) 2025-01-28 14:46:05 Launching orted on Node 1 of 2
...
008 (286089.000.000) 2025-01-28 14:46:20 orted exited on Node 1 of 2
...
008 (286089.000.000) 2025-01-28 14:46:20 orted exited on Node 0 of 2
...
015 (286089.000.000) 2025-01-28 14:46:20 Node 0 terminated.
	(1) Normal termination (return value 0)
		Usr 0 00:00:06, Sys 0 00:00:00  -  Run Remote Usage
		Usr 0 00:00:00, Sys 0 00:00:00  -  Run Local Usage
		Usr 0 00:00:06, Sys 0 00:00:00  -  Total Remote Usage
		Usr 0 00:00:00, Sys 0 00:00:00  -  Total Local Usage
	3255  -  Run Bytes Sent By Node
	33591  -  Run Bytes Received By Node
	3255  -  Total Bytes Sent By Node
	33591  -  Total Bytes Received By Node
...
005 (286089.000.000) 2025-01-28 14:46:20 Job terminated.
	(1) Normal termination (return value 0)
		Usr 0 00:00:20, Sys 0 00:00:01  -  Run Remote Usage
		Usr 0 00:00:00, Sys 0 00:00:00  -  Run Local Usage
		Usr 0 00:00:06, Sys 0 00:00:00  -  Total Remote Usage
		Usr 0 00:00:00, Sys 0 00:00:00  -  Total Local Usage
	5420  -  Run Bytes Sent By Job
	67182  -  Run Bytes Received By Job
	5420  -  Total Bytes Sent By Job
	67182  -  Total Bytes Received By Job
	Partitionable Resources :    Usage  Request Allocated 
	   Cpus                 :                 1         2 
	   Disk (KB)            :       50       35 102964203 
	   Memory (MB)          :      318      219    100096 

	Job terminated of its own accord at 2025-01-28T14:46:20Z with exit-code 0.
...
