000 (282437.000.000) 2025-01-26 17:26:59 Job submitted from host: <192.168.0.102:9618?addrs=192.168.0.102-9618&alias=submitter&noUDP&sock=schedd_2032_5c88>
...
014 (282437.000.000) 2025-01-26 17:27:08 Node 0 executing on host: <192.168.0.140:9618?addrs=192.168.0.140-9618&alias=node140.di.rm1&noUDP&sock=startd_1890_f615>
...
014 (282437.000.006) 2025-01-26 17:27:08 Node 6 executing on host: <192.168.0.147:9618?addrs=192.168.0.147-9618&alias=node147.di.rm1&noUDP&sock=startd_1513_5ee1>
...
014 (282437.000.004) 2025-01-26 17:27:08 Node 4 executing on host: <192.168.0.106:9618?addrs=192.168.0.106-9618&alias=node106.di.rm1&noUDP&sock=startd_1970_d5a9>
...
014 (282437.000.002) 2025-01-26 17:27:08 Node 2 executing on host: <192.168.0.114:9618?addrs=192.168.0.114-9618&alias=node114.di.rm1&noUDP&sock=startd_2075_db1b>
...
014 (282437.000.003) 2025-01-26 17:27:08 Node 3 executing on host: <192.168.0.151:9618?addrs=192.168.0.151-9618&alias=node151.di.rm1&noUDP&sock=startd_1528_a8cd>
...
014 (282437.000.005) 2025-01-26 17:27:08 Node 5 executing on host: <192.168.0.142:9618?addrs=192.168.0.142-9618&alias=node142.di.rm1&noUDP&sock=startd_1996_ab1f>
...
014 (282437.000.007) 2025-01-26 17:27:08 Node 7 executing on host: <192.168.0.142:9618?addrs=192.168.0.142-9618&alias=node142.di.rm1&noUDP&sock=startd_1996_ab1f>
...
014 (282437.000.001) 2025-01-26 17:27:08 Node 1 executing on host: <192.168.0.141:9618?addrs=192.168.0.141-9618&alias=node141.di.rm1&noUDP&sock=startd_2077_3a4b>
...
001 (282437.000.000) 2025-01-26 17:27:08 Job executing on host: MPI_job
...
008 (282437.000.000) 2025-01-26 17:27:10 Launching orted on Node 4 of 8
...
008 (282437.000.000) 2025-01-26 17:27:10 Launching orted on Node 6 of 8
...
008 (282437.000.000) 2025-01-26 17:27:10 Launching orted on Node 0 of 8
...
008 (282437.000.000) 2025-01-26 17:27:10 Launching orted on Node 3 of 8
...
008 (282437.000.000) 2025-01-26 17:27:10 Launching orted on Node 2 of 8
...
008 (282437.000.000) 2025-01-26 17:27:10 Launching orted on Node 7 of 8
...
008 (282437.000.000) 2025-01-26 17:27:10 Launching orted on Node 5 of 8
...
008 (282437.000.000) 2025-01-26 17:27:11 Launching orted on Node 1 of 8
...
008 (282437.000.000) 2025-01-26 17:27:56 orted exited on Node 4 of 8
...
008 (282437.000.000) 2025-01-26 17:27:56 orted exited on Node 6 of 8
...
008 (282437.000.000) 2025-01-26 17:27:56 orted exited on Node 0 of 8
...
008 (282437.000.000) 2025-01-26 17:27:56 orted exited on Node 7 of 8
...
008 (282437.000.000) 2025-01-26 17:27:56 orted exited on Node 3 of 8
...
008 (282437.000.000) 2025-01-26 17:27:56 orted exited on Node 2 of 8
...
008 (282437.000.000) 2025-01-26 17:27:56 orted exited on Node 5 of 8
...
008 (282437.000.000) 2025-01-26 17:27:56 orted exited on Node 1 of 8
...
015 (282437.000.006) 2025-01-26 17:27:56 Node 6 terminated.
	(1) Normal termination (return value 0)
		Usr 0 00:00:43, Sys 0 00:00:01  -  Run Remote Usage
		Usr 0 00:00:00, Sys 0 00:00:00  -  Run Local Usage
		Usr 0 00:00:43, Sys 0 00:00:01  -  Total Remote Usage
		Usr 0 00:00:00, Sys 0 00:00:00  -  Total Local Usage
	2165  -  Run Bytes Sent By Node
	33711  -  Run Bytes Received By Node
	2165  -  Total Bytes Sent By Node
	33711  -  Total Bytes Received By Node
...
015 (282437.000.004) 2025-01-26 17:27:56 Node 4 terminated.
	(1) Normal termination (return value 0)
		Usr 0 00:00:43, Sys 0 00:00:01  -  Run Remote Usage
		Usr 0 00:00:00, Sys 0 00:00:00  -  Run Local Usage
		Usr 0 00:00:43, Sys 0 00:00:01  -  Total Remote Usage
		Usr 0 00:00:00, Sys 0 00:00:00  -  Total Local Usage
	2165  -  Run Bytes Sent By Node
	33711  -  Run Bytes Received By Node
	2165  -  Total Bytes Sent By Node
	33711  -  Total Bytes Received By Node
...
015 (282437.000.000) 2025-01-26 17:27:56 Node 0 terminated.
	(1) Normal termination (return value 0)
		Usr 0 00:00:00, Sys 0 00:00:00  -  Run Remote Usage
		Usr 0 00:00:00, Sys 0 00:00:00  -  Run Local Usage
		Usr 0 00:00:00, Sys 0 00:00:00  -  Total Remote Usage
		Usr 0 00:00:00, Sys 0 00:00:00  -  Total Local Usage
	3257  -  Run Bytes Sent By Node
	33711  -  Run Bytes Received By Node
	3257  -  Total Bytes Sent By Node
	33711  -  Total Bytes Received By Node
...
005 (282437.000.000) 2025-01-26 17:27:56 Job terminated.
	(1) Normal termination (return value 0)
		Usr 0 00:05:02, Sys 0 00:00:07  -  Run Remote Usage
		Usr 0 00:00:00, Sys 0 00:00:00  -  Run Local Usage
		Usr 0 00:00:00, Sys 0 00:00:00  -  Total Remote Usage
		Usr 0 00:00:00, Sys 0 00:00:00  -  Total Local Usage
	7587  -  Run Bytes Sent By Job
	269688  -  Run Bytes Received By Job
	7587  -  Total Bytes Sent By Job
	269688  -  Total Bytes Received By Job
	Partitionable Resources :    Usage  Request Allocated 
	   Cpus                 :                 1         1 
	   Disk (KB)            :       50       35    468367 
	   Memory (MB)          :      217        0     53248 

	Job terminated of its own accord at 2025-01-26T17:27:56Z with exit-code 0.
...
000 (289300.000.000) 2025-01-28 23:12:38 Job submitted from host: <192.168.0.102:9618?addrs=192.168.0.102-9618&alias=submitter&noUDP&sock=schedd_2032_5c88>
...
014 (289300.000.001) 2025-01-28 23:12:46 Node 1 executing on host: <192.168.0.147:9618?addrs=192.168.0.147-9618&alias=node147.di.rm1&noUDP&sock=startd_1513_5ee1>
...
014 (289300.000.000) 2025-01-28 23:12:46 Node 0 executing on host: <192.168.0.108:9618?addrs=192.168.0.108-9618&alias=node108.di.rm1&noUDP&sock=startd_1979_0203>
...
014 (289300.000.002) 2025-01-28 23:12:46 Node 2 executing on host: <192.168.0.112:9618?addrs=192.168.0.112-9618&alias=node112.di.rm1&noUDP&sock=startd_2169_5502>
...
014 (289300.000.005) 2025-01-28 23:12:46 Node 5 executing on host: <192.168.0.132:9618?addrs=192.168.0.132-9618&alias=node132.di.rm1&noUDP&sock=startd_1999_b9e8>
...
014 (289300.000.004) 2025-01-28 23:12:46 Node 4 executing on host: <192.168.0.122:9618?addrs=192.168.0.122-9618&alias=node122.di.rm1&noUDP&sock=startd_2134_5331>
...
014 (289300.000.006) 2025-01-28 23:12:46 Node 6 executing on host: <192.168.0.108:9618?addrs=192.168.0.108-9618&alias=node108.di.rm1&noUDP&sock=startd_1979_0203>
...
014 (289300.000.007) 2025-01-28 23:12:46 Node 7 executing on host: <192.168.0.112:9618?addrs=192.168.0.112-9618&alias=node112.di.rm1&noUDP&sock=startd_2169_5502>
...
014 (289300.000.003) 2025-01-28 23:12:46 Node 3 executing on host: <192.168.0.142:9618?addrs=192.168.0.142-9618&alias=node142.di.rm1&noUDP&sock=startd_1996_ab1f>
...
001 (289300.000.000) 2025-01-28 23:12:46 Job executing on host: MPI_job
...
008 (289300.000.000) 2025-01-28 23:12:48 Launching orted on Node 1 of 8
...
008 (289300.000.000) 2025-01-28 23:12:48 Launching orted on Node 0 of 8
...
008 (289300.000.000) 2025-01-28 23:12:48 Launching orted on Node 2 of 8
...
008 (289300.000.000) 2025-01-28 23:12:48 Launching orted on Node 5 of 8
...
008 (289300.000.000) 2025-01-28 23:12:48 Launching orted on Node 4 of 8
...
008 (289300.000.000) 2025-01-28 23:12:48 Launching orted on Node 7 of 8
...
008 (289300.000.000) 2025-01-28 23:12:48 Launching orted on Node 6 of 8
...
008 (289300.000.000) 2025-01-28 23:12:48 Launching orted on Node 3 of 8
...
008 (289300.000.000) 2025-01-28 23:13:32 orted exited on Node 2 of 8
...
008 (289300.000.000) 2025-01-28 23:13:32 orted exited on Node 0 of 8
...
008 (289300.000.000) 2025-01-28 23:13:33 orted exited on Node 1 of 8
...
008 (289300.000.000) 2025-01-28 23:13:33 orted exited on Node 3 of 8
...
008 (289300.000.000) 2025-01-28 23:13:33 orted exited on Node 4 of 8
...
008 (289300.000.000) 2025-01-28 23:13:33 orted exited on Node 5 of 8
...
008 (289300.000.000) 2025-01-28 23:13:33 orted exited on Node 6 of 8
...
008 (289300.000.000) 2025-01-28 23:13:33 orted exited on Node 7 of 8
...
015 (289300.000.006) 2025-01-28 23:13:33 Node 6 terminated.
	(1) Normal termination (return value 0)
		Usr 0 00:00:43, Sys 0 00:00:01  -  Run Remote Usage
		Usr 0 00:00:00, Sys 0 00:00:00  -  Run Local Usage
		Usr 0 00:00:43, Sys 0 00:00:01  -  Total Remote Usage
		Usr 0 00:00:00, Sys 0 00:00:00  -  Total Local Usage
	0  -  Run Bytes Sent By Node
	33711  -  Run Bytes Received By Node
	0  -  Total Bytes Sent By Node
	33711  -  Total Bytes Received By Node
...
015 (289300.000.003) 2025-01-28 23:13:33 Node 3 terminated.
	(1) Normal termination (return value 0)
		Usr 0 00:00:43, Sys 0 00:00:02  -  Run Remote Usage
		Usr 0 00:00:00, Sys 0 00:00:00  -  Run Local Usage
		Usr 0 00:00:43, Sys 0 00:00:02  -  Total Remote Usage
		Usr 0 00:00:00, Sys 0 00:00:00  -  Total Local Usage
	2165  -  Run Bytes Sent By Node
	33711  -  Run Bytes Received By Node
	2165  -  Total Bytes Sent By Node
	33711  -  Total Bytes Received By Node
...
015 (289300.000.004) 2025-01-28 23:13:33 Node 4 terminated.
	(1) Normal termination (return value 0)
		Usr 0 00:00:43, Sys 0 00:00:01  -  Run Remote Usage
		Usr 0 00:00:00, Sys 0 00:00:00  -  Run Local Usage
		Usr 0 00:00:43, Sys 0 00:00:01  -  Total Remote Usage
		Usr 0 00:00:00, Sys 0 00:00:00  -  Total Local Usage
	2187  -  Run Bytes Sent By Node
	33711  -  Run Bytes Received By Node
	2187  -  Total Bytes Sent By Node
	33711  -  Total Bytes Received By Node
...
015 (289300.000.001) 2025-01-28 23:13:33 Node 1 terminated.
	(1) Normal termination (return value 0)
		Usr 0 00:00:43, Sys 0 00:00:01  -  Run Remote Usage
		Usr 0 00:00:00, Sys 0 00:00:00  -  Run Local Usage
		Usr 0 00:00:43, Sys 0 00:00:01  -  Total Remote Usage
		Usr 0 00:00:00, Sys 0 00:00:00  -  Total Local Usage
	2165  -  Run Bytes Sent By Node
	33711  -  Run Bytes Received By Node
	2165  -  Total Bytes Sent By Node
	33711  -  Total Bytes Received By Node
...
015 (289300.000.005) 2025-01-28 23:13:33 Node 5 terminated.
	(1) Normal termination (return value 0)
		Usr 0 00:00:43, Sys 0 00:00:01  -  Run Remote Usage
		Usr 0 00:00:00, Sys 0 00:00:00  -  Run Local Usage
		Usr 0 00:00:43, Sys 0 00:00:01  -  Total Remote Usage
		Usr 0 00:00:00, Sys 0 00:00:00  -  Total Local Usage
	2165  -  Run Bytes Sent By Node
	33711  -  Run Bytes Received By Node
	2165  -  Total Bytes Sent By Node
	33711  -  Total Bytes Received By Node
...
015 (289300.000.007) 2025-01-28 23:13:33 Node 7 terminated.
	(1) Normal termination (return value 0)
		Usr 0 00:00:43, Sys 0 00:00:01  -  Run Remote Usage
		Usr 0 00:00:00, Sys 0 00:00:00  -  Run Local Usage
		Usr 0 00:00:43, Sys 0 00:00:01  -  Total Remote Usage
		Usr 0 00:00:00, Sys 0 00:00:00  -  Total Local Usage
	2187  -  Run Bytes Sent By Node
	33711  -  Run Bytes Received By Node
	2187  -  Total Bytes Sent By Node
	33711  -  Total Bytes Received By Node
...
015 (289300.000.000) 2025-01-28 23:13:33 Node 0 terminated.
	(1) Normal termination (return value 0)
		Usr 0 00:00:00, Sys 0 00:00:00  -  Run Remote Usage
		Usr 0 00:00:00, Sys 0 00:00:00  -  Run Local Usage
		Usr 0 00:00:00, Sys 0 00:00:00  -  Total Remote Usage
		Usr 0 00:00:00, Sys 0 00:00:00  -  Total Local Usage
	3257  -  Run Bytes Sent By Node
	33711  -  Run Bytes Received By Node
	3257  -  Total Bytes Sent By Node
	33711  -  Total Bytes Received By Node
...
005 (289300.000.000) 2025-01-28 23:13:33 Job terminated.
	(1) Normal termination (return value 0)
		Usr 0 00:05:00, Sys 0 00:00:07  -  Run Remote Usage
		Usr 0 00:00:00, Sys 0 00:00:00  -  Run Local Usage
		Usr 0 00:00:00, Sys 0 00:00:00  -  Total Remote Usage
		Usr 0 00:00:00, Sys 0 00:00:00  -  Total Local Usage
	14126  -  Run Bytes Sent By Job
	269688  -  Run Bytes Received By Job
	14126  -  Total Bytes Sent By Job
	269688  -  Total Bytes Received By Job
	Partitionable Resources :    Usage  Request Allocated 
	   Cpus                 :                 1         2 
	   Disk (KB)            :       51       35 102886886 
	   Memory (MB)          :      267        1    100096 

	Job terminated of its own accord at 2025-01-28T23:13:33Z with exit-code 0.
...
