000 (271399.000.000) 2025-01-22 00:58:41 Job submitted from host: <192.168.0.102:9618?addrs=192.168.0.102-9618&alias=submitter&noUDP&sock=schedd_2032_5c88>
...
001 (271399.000.000) 2025-01-22 00:59:02 Job executing on host: <192.168.0.151:9618?addrs=192.168.0.151-9618&alias=node151.di.rm1&noUDP&sock=startd_1528_a8cd>
...
006 (271399.000.000) 2025-01-22 00:59:11 Image size of job updated: 213468
	209  -  MemoryUsage of job (MB)
	213468  -  ResidentSetSize of job (KB)
...
006 (271399.000.000) 2025-01-22 00:59:22 Image size of job updated: 251760
	209  -  MemoryUsage of job (MB)
	213468  -  ResidentSetSize of job (KB)
...
005 (271399.000.000) 2025-01-22 00:59:22 Job terminated.
	(1) Normal termination (return value 0)
		Usr 0 00:04:26, Sys 0 00:00:01  -  Run Remote Usage
		Usr 0 00:00:00, Sys 0 00:00:00  -  Run Local Usage
		Usr 0 00:04:26, Sys 0 00:00:01  -  Total Remote Usage
		Usr 0 00:00:00, Sys 0 00:00:00  -  Total Local Usage
	0  -  Run Bytes Sent By Job
	0  -  Run Bytes Received By Job
	0  -  Total Bytes Sent By Job
	0  -  Total Bytes Received By Job
	Partitionable Resources :    Usage  Request Allocated 
	   Cpus                 :                 1         1 
	   Disk (KB)            :       27       27    474791 
	   Memory (MB)          :      209        1       128 

	Job terminated of its own accord at 2025-01-22T00:59:22Z with exit-code 0.
...
000 (277553.000.000) 2025-01-24 06:40:05 Job submitted from host: <192.168.0.102:9618?addrs=192.168.0.102-9618&alias=submitter&noUDP&sock=schedd_2032_5c88>
...
001 (277553.000.000) 2025-01-24 06:40:05 Job executing on host: <192.168.0.121:9618?addrs=192.168.0.121-9618&alias=node121.di.rm1&noUDP&sock=startd_2146_8e54>
...
006 (277553.000.000) 2025-01-24 06:40:14 Image size of job updated: 216024
	207  -  MemoryUsage of job (MB)
	211176  -  ResidentSetSize of job (KB)
...
006 (277553.000.000) 2025-01-24 06:40:26 Image size of job updated: 251760
	207  -  MemoryUsage of job (MB)
	211176  -  ResidentSetSize of job (KB)
...
005 (277553.000.000) 2025-01-24 06:40:26 Job terminated.
	(1) Normal termination (return value 0)
		Usr 0 00:04:34, Sys 0 00:00:01  -  Run Remote Usage
		Usr 0 00:00:00, Sys 0 00:00:00  -  Run Local Usage
		Usr 0 00:04:34, Sys 0 00:00:01  -  Total Remote Usage
		Usr 0 00:00:00, Sys 0 00:00:00  -  Total Local Usage
	0  -  Run Bytes Sent By Job
	0  -  Run Bytes Received By Job
	0  -  Total Bytes Sent By Job
	0  -  Total Bytes Received By Job
	Partitionable Resources :    Usage  Request Allocated 
	   Cpus                 :                 1         1 
	   Disk (KB)            :       27       27    467232 
	   Memory (MB)          :      207        1       128 

	Job terminated of its own accord at 2025-01-24T06:40:26Z with exit-code 0.
...
