000 (263046.000.000) 2025-01-17 11:20:41 Job submitted from host: <192.168.0.102:9618?addrs=192.168.0.102-9618&alias=submitter&noUDP&sock=schedd_2032_5c88>
...
001 (263046.000.000) 2025-01-17 11:20:52 Job executing on host: <192.168.0.140:9618?addrs=192.168.0.140-9618&alias=node140.di.rm1&noUDP&sock=startd_1890_f615>
...
006 (263046.000.000) 2025-01-17 11:21:01 Image size of job updated: 459756
	449  -  MemoryUsage of job (MB)
	459756  -  ResidentSetSize of job (KB)
...
006 (263046.000.000) 2025-01-17 11:21:37 Image size of job updated: 2173612
	450  -  MemoryUsage of job (MB)
	459888  -  ResidentSetSize of job (KB)
...
005 (263046.000.000) 2025-01-17 11:21:38 Job terminated.
	(1) Normal termination (return value 0)
		Usr 0 00:00:44, Sys 0 00:00:00  -  Run Remote Usage
		Usr 0 00:00:00, Sys 0 00:00:00  -  Run Local Usage
		Usr 0 00:00:44, Sys 0 00:00:00  -  Total Remote Usage
		Usr 0 00:00:00, Sys 0 00:00:00  -  Total Local Usage
	0  -  Run Bytes Sent By Job
	0  -  Run Bytes Received By Job
	0  -  Total Bytes Sent By Job
	0  -  Total Bytes Received By Job
	Partitionable Resources :    Usage  Request Allocated 
	   Cpus                 :                 1         1 
	   Disk (KB)            :       27       27    468367 
	   Memory (MB)          :      450        1       128 

	Job terminated of its own accord at 2025-01-17T11:21:37Z with exit-code 0.
...
