000 (270243.000.000) 2025-01-21 23:37:14 Job submitted from host: <192.168.0.102:9618?addrs=192.168.0.102-9618&alias=submitter&noUDP&sock=schedd_2032_5c88>
...
001 (270243.000.000) 2025-01-21 23:37:34 Job executing on host: <192.168.0.148:9618?addrs=192.168.0.148-9618&alias=node148.di.rm1&noUDP&sock=startd_1547_b119>
...
006 (270243.000.000) 2025-01-21 23:37:43 Image size of job updated: 606804
	590  -  MemoryUsage of job (MB)
	603768  -  ResidentSetSize of job (KB)
...
006 (270243.000.000) 2025-01-21 23:38:16 Image size of job updated: 2693312
	591  -  MemoryUsage of job (MB)
	604296  -  ResidentSetSize of job (KB)
...
004 (270243.000.000) 2025-01-21 23:38:16 Job was evicted.
	(0) CPU times
		Usr 0 00:00:41, Sys 0 00:00:01  -  Run Remote Usage
		Usr 0 00:00:00, Sys 0 00:00:00  -  Run Local Usage
	0  -  Run Bytes Sent By Job
	0  -  Run Bytes Received By Job
	Partitionable Resources :    Usage  Request Allocated 
	   Cpus                 :                 1         1 
	   Disk (KB)            :       27       27    467548 
	   Memory (MB)          :      591        1       128 
...
009 (270243.000.000) 2025-01-21 23:38:16 Job was aborted.
	via condor_rm (by user calzona_2046920)
...
