000 (265152.000.000) 2025-01-17 11:21:46 Job submitted from host: <192.168.0.102:9618?addrs=192.168.0.102-9618&alias=submitter&noUDP&sock=schedd_2032_5c88>
...
001 (265152.000.000) 2025-01-17 11:21:52 Job executing on host: <192.168.0.141:9618?addrs=192.168.0.141-9618&alias=node141.di.rm1&noUDP&sock=startd_2077_3a4b>
...
006 (265152.000.000) 2025-01-17 11:22:02 Image size of job updated: 307384
	295  -  MemoryUsage of job (MB)
	302016  -  ResidentSetSize of job (KB)
...
006 (265152.000.000) 2025-01-17 11:27:02 Image size of job updated: 9824780
	9555  -  MemoryUsage of job (MB)
	9783576  -  ResidentSetSize of job (KB)
...
005 (265152.000.000) 2025-01-17 11:28:26 Job terminated.
	(1) Normal termination (return value 0)
		Usr 0 00:08:21, Sys 0 00:00:06  -  Run Remote Usage
		Usr 0 00:00:00, Sys 0 00:00:00  -  Run Local Usage
		Usr 0 00:08:21, Sys 0 00:00:06  -  Total Remote Usage
		Usr 0 00:00:00, Sys 0 00:00:00  -  Total Local Usage
	0  -  Run Bytes Sent By Job
	0  -  Run Bytes Received By Job
	0  -  Total Bytes Sent By Job
	0  -  Total Bytes Received By Job
	Partitionable Resources :    Usage  Request Allocated 
	   Cpus                 :     0.99        1         1 
	   Disk (KB)            :    27          27    459831 
	   Memory (MB)          :  9555           1       128 

	Job terminated of its own accord at 2025-01-17T11:28:25Z with exit-code 0.
...
