000 (268225.000.000) 2025-01-21 21:40:15 Job submitted from host: <192.168.0.102:9618?addrs=192.168.0.102-9618&alias=submitter&noUDP&sock=schedd_2032_5c88>
...
001 (268225.000.000) 2025-01-21 21:40:33 Job executing on host: <192.168.0.130:9618?addrs=192.168.0.130-9618&alias=node130.di.rm1&noUDP&sock=startd_2751195_838e>
...
006 (268225.000.000) 2025-01-21 21:40:42 Image size of job updated: 736824
	720  -  MemoryUsage of job (MB)
	736824  -  ResidentSetSize of job (KB)
...
006 (268225.000.000) 2025-01-21 21:40:58 Image size of job updated: 2063424
	722  -  MemoryUsage of job (MB)
	738672  -  ResidentSetSize of job (KB)
...
004 (268225.000.000) 2025-01-21 21:40:58 Job was evicted.
	(0) CPU times
		Usr 0 00:00:24, Sys 0 00:00:00  -  Run Remote Usage
		Usr 0 00:00:00, Sys 0 00:00:00  -  Run Local Usage
	0  -  Run Bytes Sent By Job
	0  -  Run Bytes Received By Job
	Partitionable Resources :    Usage  Request Allocated 
	   Cpus                 :                 1         1 
	   Disk (KB)            :       27       27    472313 
	   Memory (MB)          :      722        1       128 
...
009 (268225.000.000) 2025-01-21 21:40:58 Job was aborted.
	via condor_rm (by user calzona_2046920)
...
000 (268409.000.000) 2025-01-21 21:46:58 Job submitted from host: <192.168.0.102:9618?addrs=192.168.0.102-9618&alias=submitter&noUDP&sock=schedd_2032_5c88>
...
001 (268409.000.000) 2025-01-21 21:47:12 Job executing on host: <192.168.0.137:9618?addrs=192.168.0.137-9618&alias=node137.di.rm1&noUDP&sock=startd_1934_2440>
...
006 (268409.000.000) 2025-01-21 21:47:21 Image size of job updated: 818664
	800  -  MemoryUsage of job (MB)
	818664  -  ResidentSetSize of job (KB)
...
006 (268409.000.000) 2025-01-21 21:47:37 Image size of job updated: 2163960
	801  -  MemoryUsage of job (MB)
	819588  -  ResidentSetSize of job (KB)
...
005 (268409.000.000) 2025-01-21 21:47:37 Job terminated.
	(1) Normal termination (return value 0)
		Usr 0 00:00:23, Sys 0 00:00:01  -  Run Remote Usage
		Usr 0 00:00:00, Sys 0 00:00:00  -  Run Local Usage
		Usr 0 00:00:23, Sys 0 00:00:01  -  Total Remote Usage
		Usr 0 00:00:00, Sys 0 00:00:00  -  Total Local Usage
	0  -  Run Bytes Sent By Job
	0  -  Run Bytes Received By Job
	0  -  Total Bytes Sent By Job
	0  -  Total Bytes Received By Job
	Partitionable Resources :    Usage  Request Allocated 
	   Cpus                 :                 1         1 
	   Disk (KB)            :       27       27    391050 
	   Memory (MB)          :      801        1       128 

	Job terminated of its own accord at 2025-01-21T21:47:37Z with exit-code 0.
...
