000 (268665.000.000) 2025-01-21 21:58:39 Job submitted from host: <192.168.0.102:9618?addrs=192.168.0.102-9618&alias=submitter&noUDP&sock=schedd_2032_5c88>
...
001 (268665.000.000) 2025-01-21 21:58:41 Job executing on host: <192.168.0.130:9618?addrs=192.168.0.130-9618&alias=node130.di.rm1&noUDP&sock=startd_2751195_838e>
...
006 (268665.000.000) 2025-01-21 21:58:50 Image size of job updated: 1277748
	618  -  MemoryUsage of job (MB)
	632412  -  ResidentSetSize of job (KB)
...
006 (268665.000.000) 2025-01-21 21:59:36 Image size of job updated: 4808232
	620  -  MemoryUsage of job (MB)
	634128  -  ResidentSetSize of job (KB)
...
004 (268665.000.000) 2025-01-21 21:59:36 Job was evicted.
	(0) CPU times
		Usr 0 00:00:51, Sys 0 00:00:02  -  Run Remote Usage
		Usr 0 00:00:00, Sys 0 00:00:00  -  Run Local Usage
	0  -  Run Bytes Sent By Job
	0  -  Run Bytes Received By Job
	Partitionable Resources :    Usage  Request Allocated 
	   Cpus                 :                 1         1 
	   Disk (KB)            :       27       27    472313 
	   Memory (MB)          :      620        1       128 
...
009 (268665.000.000) 2025-01-21 21:59:37 Job was aborted.
	via condor_rm (by user calzona_2046920)
...
000 (268816.000.000) 2025-01-21 22:06:17 Job submitted from host: <192.168.0.102:9618?addrs=192.168.0.102-9618&alias=submitter&noUDP&sock=schedd_2032_5c88>
...
001 (268816.000.000) 2025-01-21 22:06:31 Job executing on host: <192.168.0.147:9618?addrs=192.168.0.147-9618&alias=node147.di.rm1&noUDP&sock=startd_1513_5ee1>
...
006 (268816.000.000) 2025-01-21 22:06:40 Image size of job updated: 1415428
	808  -  MemoryUsage of job (MB)
	826980  -  ResidentSetSize of job (KB)
...
006 (268816.000.000) 2025-01-21 22:06:53 Image size of job updated: 2799828
	811  -  MemoryUsage of job (MB)
	830280  -  ResidentSetSize of job (KB)
...
004 (268816.000.000) 2025-01-21 22:06:53 Job was evicted.
	(0) CPU times
		Usr 0 00:00:20, Sys 0 00:00:00  -  Run Remote Usage
		Usr 0 00:00:00, Sys 0 00:00:00  -  Run Local Usage
	0  -  Run Bytes Sent By Job
	0  -  Run Bytes Received By Job
	Partitionable Resources :    Usage  Request Allocated 
	   Cpus                 :                 1         1 
	   Disk (KB)            :       27       27    469805 
	   Memory (MB)          :      811        1       128 
...
009 (268816.000.000) 2025-01-21 22:06:53 Job was aborted.
	via condor_rm (by user calzona_2046920)
...
