000 (279519.000.000) 2025-01-24 10:54:56 Job submitted from host: <192.168.0.102:9618?addrs=192.168.0.102-9618&alias=submitter&noUDP&sock=schedd_2032_5c88>
...
014 (279519.000.000) 2025-01-24 10:55:05 Node 0 executing on host: <192.168.0.106:9618?addrs=192.168.0.106-9618&alias=node106.di.rm1&noUDP&sock=startd_1970_d5a9>
...
014 (279519.000.003) 2025-01-24 10:55:05 Node 3 executing on host: <192.168.0.137:9618?addrs=192.168.0.137-9618&alias=node137.di.rm1&noUDP&sock=startd_1934_2440>
...
014 (279519.000.005) 2025-01-24 10:55:05 Node 5 executing on host: <192.168.0.141:9618?addrs=192.168.0.141-9618&alias=node141.di.rm1&noUDP&sock=startd_2077_3a4b>
...
014 (279519.000.006) 2025-01-24 10:55:05 Node 6 executing on host: <192.168.0.147:9618?addrs=192.168.0.147-9618&alias=node147.di.rm1&noUDP&sock=startd_1513_5ee1>
...
014 (279519.000.004) 2025-01-24 10:55:05 Node 4 executing on host: <192.168.0.116:9618?addrs=192.168.0.116-9618&alias=node116.di.rm1&noUDP&sock=startd_1847_7783>
...
014 (279519.000.002) 2025-01-24 10:55:05 Node 2 executing on host: <192.168.0.145:9618?addrs=192.168.0.145-9618&alias=node145.di.rm1&noUDP&sock=startd_1869_8e98>
...
014 (279519.000.007) 2025-01-24 10:55:05 Node 7 executing on host: <192.168.0.112:9618?addrs=192.168.0.112-9618&alias=node112.di.rm1&noUDP&sock=startd_2169_5502>
...
014 (279519.000.001) 2025-01-24 10:55:07 Node 1 executing on host: <192.168.0.142:9618?addrs=192.168.0.142-9618&alias=node142.di.rm1&noUDP&sock=startd_1996_ab1f>
...
001 (279519.000.000) 2025-01-24 10:55:07 Job executing on host: MPI_job
...
008 (279519.000.000) 2025-01-24 10:55:07 Launching orted on Node 3 of 8
...
008 (279519.000.000) 2025-01-24 10:55:07 Launching orted on Node 0 of 8
...
008 (279519.000.000) 2025-01-24 10:55:07 Launching orted on Node 5 of 8
...
008 (279519.000.000) 2025-01-24 10:55:07 Launching orted on Node 6 of 8
...
008 (279519.000.000) 2025-01-24 10:55:08 Launching orted on Node 4 of 8
...
008 (279519.000.000) 2025-01-24 10:55:08 Launching orted on Node 2 of 8
...
008 (279519.000.000) 2025-01-24 10:55:08 Launching orted on Node 7 of 8
...
008 (279519.000.000) 2025-01-24 10:55:13 Launching orted on Node 1 of 8
...
008 (279519.000.000) 2025-01-24 10:55:14 orted exited on Node 7 of 8
...
008 (279519.000.000) 2025-01-24 10:55:14 orted exited on Node 4 of 8
...
008 (279519.000.000) 2025-01-24 10:55:14 orted exited on Node 1 of 8
...
008 (279519.000.000) 2025-01-24 10:55:14 orted exited on Node 6 of 8
...
008 (279519.000.000) 2025-01-24 10:55:14 orted exited on Node 3 of 8
...
008 (279519.000.000) 2025-01-24 10:55:14 orted exited on Node 0 of 8
...
008 (279519.000.000) 2025-01-24 10:55:14 orted exited on Node 2 of 8
...
008 (279519.000.000) 2025-01-24 10:55:14 orted exited on Node 5 of 8
...
015 (279519.000.000) 2025-01-24 10:55:15 Node 0 terminated.
	(1) Normal termination (return value 0)
		Usr 0 00:00:00, Sys 0 00:00:00  -  Run Remote Usage
		Usr 0 00:00:00, Sys 0 00:00:00  -  Run Local Usage
		Usr 0 00:00:00, Sys 0 00:00:00  -  Total Remote Usage
		Usr 0 00:00:00, Sys 0 00:00:00  -  Total Local Usage
	3262  -  Run Bytes Sent By Node
	33639  -  Run Bytes Received By Node
	3262  -  Total Bytes Sent By Node
	33639  -  Total Bytes Received By Node
...
015 (279519.000.003) 2025-01-24 10:55:15 Node 3 terminated.
	(1) Normal termination (return value 0)
		Usr 0 00:00:01, Sys 0 00:00:01  -  Run Remote Usage
		Usr 0 00:00:00, Sys 0 00:00:00  -  Run Local Usage
		Usr 0 00:00:01, Sys 0 00:00:01  -  Total Remote Usage
		Usr 0 00:00:00, Sys 0 00:00:00  -  Total Local Usage
	2165  -  Run Bytes Sent By Node
	33639  -  Run Bytes Received By Node
	2165  -  Total Bytes Sent By Node
	33639  -  Total Bytes Received By Node
...
005 (279519.000.000) 2025-01-24 10:55:16 Job terminated.
	(1) Normal termination (return value 0)
		Usr 0 00:00:08, Sys 0 00:00:02  -  Run Remote Usage
		Usr 0 00:00:00, Sys 0 00:00:00  -  Run Local Usage
		Usr 0 00:00:00, Sys 0 00:00:00  -  Total Remote Usage
		Usr 0 00:00:00, Sys 0 00:00:00  -  Total Local Usage
	7592  -  Run Bytes Sent By Job
	269112  -  Run Bytes Received By Job
	7592  -  Total Bytes Sent By Job
	269112  -  Total Bytes Received By Job
	Partitionable Resources :    Usage  Request Allocated 
	   Cpus                 :                 1         1 
	   Disk (KB)            :       50       35    468979 
	   Memory (MB)          :        1        1     20480 

	Job terminated of its own accord at 2025-01-24T10:55:14Z with exit-code 0.
...
