000 (265011.000.000) 2025-01-17 11:21:42 Job submitted from host: <192.168.0.102:9618?addrs=192.168.0.102-9618&alias=submitter&noUDP&sock=schedd_2032_5c88>
...
001 (265011.000.000) 2025-01-17 11:21:43 Job executing on host: <192.168.0.137:9618?addrs=192.168.0.137-9618&alias=node137.di.rm1&noUDP&sock=startd_1934_2440>
...
006 (265011.000.000) 2025-01-17 11:21:52 Image size of job updated: 322080
	315  -  MemoryUsage of job (MB)
	322080  -  ResidentSetSize of job (KB)
...
006 (265011.000.000) 2025-01-17 11:23:00 Image size of job updated: 643192
	315  -  MemoryUsage of job (MB)
	322212  -  ResidentSetSize of job (KB)
...
005 (265011.000.000) 2025-01-17 11:23:00 Job terminated.
	(1) Normal termination (return value 0)
		Usr 0 00:08:18, Sys 0 00:00:01  -  Run Remote Usage
		Usr 0 00:00:00, Sys 0 00:00:00  -  Run Local Usage
		Usr 0 00:08:18, Sys 0 00:00:01  -  Total Remote Usage
		Usr 0 00:00:00, Sys 0 00:00:00  -  Total Local Usage
	0  -  Run Bytes Sent By Job
	0  -  Run Bytes Received By Job
	0  -  Total Bytes Sent By Job
	0  -  Total Bytes Received By Job
	Partitionable Resources :    Usage  Request Allocated 
	   Cpus                 :                 1         1 
	   Disk (KB)            :       27       27    391050 
	   Memory (MB)          :      315        1       128 

	Job terminated of its own accord at 2025-01-17T11:23:00Z with exit-code 0.
...
