000 (282139.000.000) 2025-01-26 16:18:16 Job submitted from host: <192.168.0.102:9618?addrs=192.168.0.102-9618&alias=submitter&noUDP&sock=schedd_2032_5c88>
...
014 (282139.000.000) 2025-01-26 16:18:24 Node 0 executing on host: <192.168.0.110:9618?addrs=192.168.0.110-9618&alias=node110.di.rm1&noUDP&sock=startd_2185_4e86>
...
014 (282139.000.001) 2025-01-26 16:18:24 Node 1 executing on host: <192.168.0.120:9618?addrs=192.168.0.120-9618&alias=node120.di.rm1&noUDP&sock=startd_2096_4298>
...
014 (282139.000.003) 2025-01-26 16:18:24 Node 3 executing on host: <192.168.0.114:9618?addrs=192.168.0.114-9618&alias=node114.di.rm1&noUDP&sock=startd_2075_db1b>
...
014 (282139.000.002) 2025-01-26 16:18:24 Node 2 executing on host: <192.168.0.141:9618?addrs=192.168.0.141-9618&alias=node141.di.rm1&noUDP&sock=startd_2077_3a4b>
...
001 (282139.000.000) 2025-01-26 16:18:24 Job executing on host: MPI_job
...
008 (282139.000.000) 2025-01-26 16:18:26 Launching orted on Node 1 of 4
...
008 (282139.000.000) 2025-01-26 16:18:26 Launching orted on Node 0 of 4
...
008 (282139.000.000) 2025-01-26 16:18:26 Launching orted on Node 3 of 4
...
008 (282139.000.000) 2025-01-26 16:18:28 Launching orted on Node 2 of 4
...
008 (282139.000.000) 2025-01-26 16:19:32 orted exited on Node 3 of 4
...
008 (282139.000.000) 2025-01-26 16:19:32 orted exited on Node 0 of 4
...
008 (282139.000.000) 2025-01-26 16:19:32 orted exited on Node 1 of 4
...
008 (282139.000.000) 2025-01-26 16:19:32 orted exited on Node 2 of 4
...
015 (282139.000.000) 2025-01-26 16:19:32 Node 0 terminated.
	(1) Normal termination (return value 0)
		Usr 0 00:00:00, Sys 0 00:00:00  -  Run Remote Usage
		Usr 0 00:00:00, Sys 0 00:00:00  -  Run Local Usage
		Usr 0 00:00:00, Sys 0 00:00:00  -  Total Remote Usage
		Usr 0 00:00:00, Sys 0 00:00:00  -  Total Local Usage
	3304  -  Run Bytes Sent By Node
	33711  -  Run Bytes Received By Node
	3304  -  Total Bytes Sent By Node
	33711  -  Total Bytes Received By Node
...
015 (282139.000.001) 2025-01-26 16:19:32 Node 1 terminated.
	(1) Normal termination (return value 0)
		Usr 0 00:01:03, Sys 0 00:00:00  -  Run Remote Usage
		Usr 0 00:00:00, Sys 0 00:00:00  -  Run Local Usage
		Usr 0 00:01:03, Sys 0 00:00:00  -  Total Remote Usage
		Usr 0 00:00:00, Sys 0 00:00:00  -  Total Local Usage
	2187  -  Run Bytes Sent By Node
	33711  -  Run Bytes Received By Node
	2187  -  Total Bytes Sent By Node
	33711  -  Total Bytes Received By Node
...
005 (282139.000.000) 2025-01-26 16:19:32 Job terminated.
	(1) Normal termination (return value 0)
		Usr 0 00:03:11, Sys 0 00:00:00  -  Run Remote Usage
		Usr 0 00:00:00, Sys 0 00:00:00  -  Run Local Usage
		Usr 0 00:00:00, Sys 0 00:00:00  -  Total Remote Usage
		Usr 0 00:00:00, Sys 0 00:00:00  -  Total Local Usage
	5491  -  Run Bytes Sent By Job
	134844  -  Run Bytes Received By Job
	5491  -  Total Bytes Sent By Job
	134844  -  Total Bytes Received By Job
	Partitionable Resources :    Usage  Request Allocated 
	   Cpus                 :                 1         1 
	   Disk (KB)            :       50       35    468087 
	   GPUs                 :                           0 
	   Memory (MB)          :       38       27     53248 

	Job terminated of its own accord at 2025-01-26T16:19:32Z with exit-code 0.
...
000 (289015.000.000) 2025-01-28 22:05:49 Job submitted from host: <192.168.0.102:9618?addrs=192.168.0.102-9618&alias=submitter&noUDP&sock=schedd_2032_5c88>
...
014 (289015.000.000) 2025-01-28 22:05:58 Node 0 executing on host: <192.168.0.116:9618?addrs=192.168.0.116-9618&alias=node116.di.rm1&noUDP&sock=startd_1847_7783>
...
014 (289015.000.003) 2025-01-28 22:05:58 Node 3 executing on host: <192.168.0.116:9618?addrs=192.168.0.116-9618&alias=node116.di.rm1&noUDP&sock=startd_1847_7783>
...
014 (289015.000.002) 2025-01-28 22:05:58 Node 2 executing on host: <192.168.0.140:9618?addrs=192.168.0.140-9618&alias=node140.di.rm1&noUDP&sock=startd_1890_f615>
...
014 (289015.000.001) 2025-01-28 22:05:58 Node 1 executing on host: <192.168.0.110:9618?addrs=192.168.0.110-9618&alias=node110.di.rm1&noUDP&sock=startd_2185_4e86>
...
001 (289015.000.000) 2025-01-28 22:05:58 Job executing on host: MPI_job
...
008 (289015.000.000) 2025-01-28 22:06:00 Launching orted on Node 2 of 4
...
008 (289015.000.000) 2025-01-28 22:06:00 Launching orted on Node 3 of 4
...
008 (289015.000.000) 2025-01-28 22:06:00 Launching orted on Node 0 of 4
...
008 (289015.000.000) 2025-01-28 22:06:00 Launching orted on Node 1 of 4
...
008 (289015.000.000) 2025-01-28 22:07:06 orted exited on Node 0 of 4
...
008 (289015.000.000) 2025-01-28 22:07:06 orted exited on Node 1 of 4
...
008 (289015.000.000) 2025-01-28 22:07:06 orted exited on Node 2 of 4
...
008 (289015.000.000) 2025-01-28 22:07:06 orted exited on Node 3 of 4
...
015 (289015.000.001) 2025-01-28 22:07:07 Node 1 terminated.
	(1) Normal termination (return value 0)
		Usr 0 00:01:06, Sys 0 00:00:00  -  Run Remote Usage
		Usr 0 00:00:00, Sys 0 00:00:00  -  Run Local Usage
		Usr 0 00:01:06, Sys 0 00:00:00  -  Total Remote Usage
		Usr 0 00:00:00, Sys 0 00:00:00  -  Total Local Usage
	2187  -  Run Bytes Sent By Node
	33711  -  Run Bytes Received By Node
	2187  -  Total Bytes Sent By Node
	33711  -  Total Bytes Received By Node
...
015 (289015.000.003) 2025-01-28 22:07:07 Node 3 terminated.
	(1) Normal termination (return value 0)
		Usr 0 00:01:06, Sys 0 00:00:00  -  Run Remote Usage
		Usr 0 00:00:00, Sys 0 00:00:00  -  Run Local Usage
		Usr 0 00:01:06, Sys 0 00:00:00  -  Total Remote Usage
		Usr 0 00:00:00, Sys 0 00:00:00  -  Total Local Usage
	0  -  Run Bytes Sent By Node
	33711  -  Run Bytes Received By Node
	0  -  Total Bytes Sent By Node
	33711  -  Total Bytes Received By Node
...
015 (289015.000.000) 2025-01-28 22:07:07 Node 0 terminated.
	(1) Normal termination (return value 0)
		Usr 0 00:01:06, Sys 0 00:00:00  -  Run Remote Usage
		Usr 0 00:00:00, Sys 0 00:00:00  -  Run Local Usage
		Usr 0 00:01:06, Sys 0 00:00:00  -  Total Remote Usage
		Usr 0 00:00:00, Sys 0 00:00:00  -  Total Local Usage
	3263  -  Run Bytes Sent By Node
	33711  -  Run Bytes Received By Node
	3263  -  Total Bytes Sent By Node
	33711  -  Total Bytes Received By Node
...
005 (289015.000.000) 2025-01-28 22:07:07 Job terminated.
	(1) Normal termination (return value 0)
		Usr 0 00:04:24, Sys 0 00:00:00  -  Run Remote Usage
		Usr 0 00:00:00, Sys 0 00:00:00  -  Run Local Usage
		Usr 0 00:00:51, Sys 0 00:00:00  -  Total Remote Usage
		Usr 0 00:00:00, Sys 0 00:00:00  -  Total Local Usage
	5450  -  Run Bytes Sent By Job
	134844  -  Run Bytes Received By Job
	5450  -  Total Bytes Sent By Job
	134844  -  Total Bytes Received By Job
	Partitionable Resources :    Usage  Request Allocated 
	   Cpus                 :     1.00        1         2 
	   Disk (KB)            :    56          35 102978738 
	   Memory (MB)          :    36          25    100096 

	Job terminated of its own accord at 2025-01-28T22:07:06Z with exit-code 0.
...
