000 (265018.000.000) 2025-01-17 11:21:42 Job submitted from host: <192.168.0.102:9618?addrs=192.168.0.102-9618&alias=submitter&noUDP&sock=schedd_2032_5c88>
...
001 (265018.000.000) 2025-01-17 11:21:44 Job executing on host: <192.168.0.120:9618?addrs=192.168.0.120-9618&alias=node120.di.rm1&noUDP&sock=startd_2096_4298>
...
006 (265018.000.000) 2025-01-17 11:21:52 Image size of job updated: 338852
	313  -  MemoryUsage of job (MB)
	319836  -  ResidentSetSize of job (KB)
...
006 (265018.000.000) 2025-01-17 11:24:59 Image size of job updated: 643192
	313  -  MemoryUsage of job (MB)
	320232  -  ResidentSetSize of job (KB)
...
005 (265018.000.000) 2025-01-17 11:24:59 Job terminated.
	(1) Normal termination (return value 0)
		Usr 0 00:06:21, Sys 0 00:00:01  -  Run Remote Usage
		Usr 0 00:00:00, Sys 0 00:00:00  -  Run Local Usage
		Usr 0 00:06:21, Sys 0 00:00:01  -  Total Remote Usage
		Usr 0 00:00:00, Sys 0 00:00:00  -  Total Local Usage
	0  -  Run Bytes Sent By Job
	0  -  Run Bytes Received By Job
	0  -  Total Bytes Sent By Job
	0  -  Total Bytes Received By Job
	Partitionable Resources :    Usage  Request Allocated 
	   Cpus                 :     4.02        1         1 
	   Disk (KB)            :    27          27    459052 
	   Gpus (Average)       :                 0         0 
	   Memory (MB)          :   313           1       128 

	Job terminated of its own accord at 2025-01-17T11:24:58Z with exit-code 0.
...
