000 (270972.000.000) 2025-01-22 00:29:23 Job submitted from host: <192.168.0.102:9618?addrs=192.168.0.102-9618&alias=submitter&noUDP&sock=schedd_2032_5c88>
...
001 (270972.000.000) 2025-01-22 00:29:42 Job executing on host: <192.168.0.104:9618?addrs=192.168.0.104-9618&alias=node104.di.rm1&noUDP&sock=startd_1987_7ec5>
...
006 (270972.000.000) 2025-01-22 00:29:51 Image size of job updated: 40728
	36  -  MemoryUsage of job (MB)
	35860  -  ResidentSetSize of job (KB)
...
006 (270972.000.000) 2025-01-22 00:30:17 Image size of job updated: 77172
	36  -  MemoryUsage of job (MB)
	35860  -  ResidentSetSize of job (KB)
...
005 (270972.000.000) 2025-01-22 00:30:17 Job terminated.
	(1) Normal termination (return value 0)
		Usr 0 00:04:28, Sys 0 00:00:00  -  Run Remote Usage
		Usr 0 00:00:00, Sys 0 00:00:00  -  Run Local Usage
		Usr 0 00:04:28, Sys 0 00:00:00  -  Total Remote Usage
		Usr 0 00:00:00, Sys 0 00:00:00  -  Total Local Usage
	0  -  Run Bytes Sent By Job
	0  -  Run Bytes Received By Job
	0  -  Total Bytes Sent By Job
	0  -  Total Bytes Received By Job
	Partitionable Resources :    Usage  Request Allocated 
	   Cpus                 :     7.73        1         1 
	   Disk (KB)            :    27          27    465124 
	   Memory (MB)          :    36           1       128 

	Job terminated of its own accord at 2025-01-22T00:30:17Z with exit-code 0.
...
