000 (268008.000.000) 2025-01-21 21:08:50 Job submitted from host: <192.168.0.102:9618?addrs=192.168.0.102-9618&alias=submitter&noUDP&sock=schedd_2032_5c88>
...
001 (268008.000.000) 2025-01-21 21:08:55 Job executing on host: <192.168.0.108:9618?addrs=192.168.0.108-9618&alias=node108.di.rm1&noUDP&sock=startd_1979_0203>
...
006 (268008.000.000) 2025-01-21 21:09:03 Image size of job updated: 1345416
	474  -  MemoryUsage of job (MB)
	484572  -  ResidentSetSize of job (KB)
...
006 (268008.000.000) 2025-01-21 21:09:31 Image size of job updated: 2913444
	474  -  MemoryUsage of job (MB)
	484704  -  ResidentSetSize of job (KB)
...
004 (268008.000.000) 2025-01-21 21:09:31 Job was evicted.
	(0) CPU times
		Usr 0 00:00:35, Sys 0 00:00:01  -  Run Remote Usage
		Usr 0 00:00:00, Sys 0 00:00:00  -  Run Local Usage
	0  -  Run Bytes Sent By Job
	0  -  Run Bytes Received By Job
	Partitionable Resources :    Usage  Request Allocated 
	   Cpus                 :     1.00        1         1 
	   Disk (KB)            :    27          27    474134 
	   Memory (MB)          :   474           1       128 
...
009 (268008.000.000) 2025-01-21 21:09:31 Job was aborted.
	via condor_rm (by user calzona_2046920)
...
000 (270044.000.000) 2025-01-21 23:23:39 Job submitted from host: <192.168.0.102:9618?addrs=192.168.0.102-9618&alias=submitter&noUDP&sock=schedd_2032_5c88>
...
001 (270044.000.000) 2025-01-21 23:24:00 Job executing on host: <192.168.0.149:9618?addrs=192.168.0.149-9618&alias=node149.di.rm1&noUDP&sock=startd_1551_6f7a>
...
006 (270044.000.000) 2025-01-21 23:24:08 Image size of job updated: 489104
	476  -  MemoryUsage of job (MB)
	486552  -  ResidentSetSize of job (KB)
...
006 (270044.000.000) 2025-01-21 23:24:40 Image size of job updated: 2611956
	476  -  MemoryUsage of job (MB)
	487080  -  ResidentSetSize of job (KB)
...
004 (270044.000.000) 2025-01-21 23:24:40 Job was evicted.
	(0) CPU times
		Usr 0 00:00:39, Sys 0 00:00:00  -  Run Remote Usage
		Usr 0 00:00:00, Sys 0 00:00:00  -  Run Local Usage
	0  -  Run Bytes Sent By Job
	0  -  Run Bytes Received By Job
	Partitionable Resources :    Usage  Request Allocated 
	   Cpus                 :                 1         1 
	   Disk (KB)            :       27       27    471944 
	   Memory (MB)          :      476        1       128 
...
009 (270044.000.000) 2025-01-21 23:24:40 Job was aborted.
	via condor_rm (by user calzona_2046920)
...
