000 (271586.000.000) 2025-01-22 01:13:21 Job submitted from host: <192.168.0.102:9618?addrs=192.168.0.102-9618&alias=submitter&noUDP&sock=schedd_2032_5c88>
...
001 (271586.000.000) 2025-01-22 01:13:41 Job executing on host: <192.168.0.147:9618?addrs=192.168.0.147-9618&alias=node147.di.rm1&noUDP&sock=startd_1513_5ee1>
...
006 (271586.000.000) 2025-01-22 01:13:50 Image size of job updated: 314688
	308  -  MemoryUsage of job (MB)
	314688  -  ResidentSetSize of job (KB)
...
006 (271586.000.000) 2025-01-22 01:14:03 Image size of job updated: 372200
	308  -  MemoryUsage of job (MB)
	314952  -  ResidentSetSize of job (KB)
...
005 (271586.000.000) 2025-01-22 01:14:03 Job terminated.
	(1) Normal termination (return value 0)
		Usr 0 00:04:19, Sys 0 00:00:01  -  Run Remote Usage
		Usr 0 00:00:00, Sys 0 00:00:00  -  Run Local Usage
		Usr 0 00:04:19, Sys 0 00:00:01  -  Total Remote Usage
		Usr 0 00:00:00, Sys 0 00:00:00  -  Total Local Usage
	0  -  Run Bytes Sent By Job
	0  -  Run Bytes Received By Job
	0  -  Total Bytes Sent By Job
	0  -  Total Bytes Received By Job
	Partitionable Resources :    Usage  Request Allocated 
	   Cpus                 :                 1         1 
	   Disk (KB)            :       27       27    469805 
	   Memory (MB)          :      308        1       128 

	Job terminated of its own accord at 2025-01-22T01:14:03Z with exit-code 0.
...
000 (277740.000.000) 2025-01-24 07:01:23 Job submitted from host: <192.168.0.102:9618?addrs=192.168.0.102-9618&alias=submitter&noUDP&sock=schedd_2032_5c88>
...
001 (277740.000.000) 2025-01-24 07:01:23 Job executing on host: <192.168.0.148:9618?addrs=192.168.0.148-9618&alias=node148.di.rm1&noUDP&sock=startd_1547_b119>
...
006 (277740.000.000) 2025-01-24 07:01:32 Image size of job updated: 310728
	304  -  MemoryUsage of job (MB)
	310728  -  ResidentSetSize of job (KB)
...
006 (277740.000.000) 2025-01-24 07:01:51 Image size of job updated: 372200
	304  -  MemoryUsage of job (MB)
	310728  -  ResidentSetSize of job (KB)
...
005 (277740.000.000) 2025-01-24 07:01:51 Job terminated.
	(1) Normal termination (return value 0)
		Usr 0 00:04:27, Sys 0 00:00:01  -  Run Remote Usage
		Usr 0 00:00:00, Sys 0 00:00:00  -  Run Local Usage
		Usr 0 00:04:27, Sys 0 00:00:01  -  Total Remote Usage
		Usr 0 00:00:00, Sys 0 00:00:00  -  Total Local Usage
	0  -  Run Bytes Sent By Job
	0  -  Run Bytes Received By Job
	0  -  Total Bytes Sent By Job
	0  -  Total Bytes Received By Job
	Partitionable Resources :    Usage  Request Allocated 
	   Cpus                 :    13.29        1         1 
	   Disk (KB)            :    27          27    467548 
	   Memory (MB)          :   304           1       128 

	Job terminated of its own accord at 2025-01-24T07:01:51Z with exit-code 0.
...
