000 (274281.000.000) 2025-01-23 11:47:23 Job submitted from host: <192.168.0.102:9618?addrs=192.168.0.102-9618&alias=submitter&noUDP&sock=schedd_2032_5c88>
...
014 (274281.000.000) 2025-01-23 11:47:31 Node 0 executing on host: <192.168.0.134:9618?addrs=192.168.0.134-9618&alias=node134.di.rm1&noUDP&sock=startd_2073_7bea>
...
014 (274281.000.002) 2025-01-23 11:47:31 Node 2 executing on host: <192.168.0.104:9618?addrs=192.168.0.104-9618&alias=node104.di.rm1&noUDP&sock=startd_1987_7ec5>
...
014 (274281.000.003) 2025-01-23 11:47:31 Node 3 executing on host: <192.168.0.105:9618?addrs=192.168.0.105-9618&alias=node105.di.rm1&noUDP&sock=startd_1951_cd5c>
...
014 (274281.000.004) 2025-01-23 11:47:31 Node 4 executing on host: <192.168.0.149:9618?addrs=192.168.0.149-9618&alias=node149.di.rm1&noUDP&sock=startd_1551_6f7a>
...
014 (274281.000.001) 2025-01-23 11:47:31 Node 1 executing on host: <192.168.0.143:9618?addrs=192.168.0.143-9618&alias=node143.di.rm1&noUDP&sock=startd_2061_40c7>
...
014 (274281.000.006) 2025-01-23 11:47:31 Node 6 executing on host: <192.168.0.115:9618?addrs=192.168.0.115-9618&alias=node115.di.rm1&noUDP&sock=startd_1101621_f4a0>
...
014 (274281.000.005) 2025-01-23 11:47:31 Node 5 executing on host: <192.168.0.141:9618?addrs=192.168.0.141-9618&alias=node141.di.rm1&noUDP&sock=startd_2077_3a4b>
...
014 (274281.000.007) 2025-01-23 11:47:31 Node 7 executing on host: <192.168.0.124:9618?addrs=192.168.0.124-9618&alias=node124.di.rm1&noUDP&sock=startd_2143_7f8b>
...
001 (274281.000.000) 2025-01-23 11:47:31 Job executing on host: MPI_job
...
008 (274281.000.000) 2025-01-23 11:47:33 Launching orted on Node 0 of 8
...
008 (274281.000.000) 2025-01-23 11:47:34 Launching orted on Node 2 of 8
...
008 (274281.000.000) 2025-01-23 11:47:34 Launching orted on Node 3 of 8
...
008 (274281.000.000) 2025-01-23 11:47:34 Launching orted on Node 4 of 8
...
008 (274281.000.000) 2025-01-23 11:47:34 Launching orted on Node 6 of 8
...
008 (274281.000.000) 2025-01-23 11:47:34 Launching orted on Node 7 of 8
...
008 (274281.000.000) 2025-01-23 11:47:34 Launching orted on Node 5 of 8
...
008 (274281.000.000) 2025-01-23 11:47:34 Launching orted on Node 1 of 8
...
008 (274281.000.000) 2025-01-23 11:48:04 Node 0 caught SIGTERM, cleaning up mpirun
...
004 (274281.000.000) 2025-01-23 11:48:04 Job was evicted.
	(0) CPU times
		Usr 0 00:01:24, Sys 0 00:00:01  -  Run Remote Usage
		Usr 0 00:00:00, Sys 0 00:00:00  -  Run Local Usage
	0  -  Run Bytes Sent By Job
	269112  -  Run Bytes Received By Job
	Partitionable Resources :    Usage  Request Allocated 
	   Cpus                 :                 1         2 
	   Disk (KB)            :     8569       35 102912899 
	   Memory (MB)          :       38       22    100096 
...
009 (274281.000.000) 2025-01-23 11:48:04 Job was aborted.
	via condor_rm (by user calzona_2046920)
...
000 (279586.000.000) 2025-01-24 11:02:07 Job submitted from host: <192.168.0.102:9618?addrs=192.168.0.102-9618&alias=submitter&noUDP&sock=schedd_2032_5c88>
...
014 (279586.000.002) 2025-01-24 11:02:14 Node 2 executing on host: <192.168.0.107:9618?addrs=192.168.0.107-9618&alias=node107.di.rm1&noUDP&sock=startd_1981_6134>
...
014 (279586.000.003) 2025-01-24 11:02:14 Node 3 executing on host: <192.168.0.116:9618?addrs=192.168.0.116-9618&alias=node116.di.rm1&noUDP&sock=startd_1847_7783>
...
014 (279586.000.001) 2025-01-24 11:02:14 Node 1 executing on host: <192.168.0.140:9618?addrs=192.168.0.140-9618&alias=node140.di.rm1&noUDP&sock=startd_1890_f615>
...
014 (279586.000.005) 2025-01-24 11:02:14 Node 5 executing on host: <192.168.0.146:9618?addrs=192.168.0.146-9618&alias=node146.di.rm1&noUDP&sock=startd_1984_6ffc>
...
014 (279586.000.006) 2025-01-24 11:02:14 Node 6 executing on host: <192.168.0.141:9618?addrs=192.168.0.141-9618&alias=node141.di.rm1&noUDP&sock=startd_2077_3a4b>
...
014 (279586.000.004) 2025-01-24 11:02:14 Node 4 executing on host: <192.168.0.145:9618?addrs=192.168.0.145-9618&alias=node145.di.rm1&noUDP&sock=startd_1869_8e98>
...
014 (279586.000.000) 2025-01-24 11:02:14 Node 0 executing on host: <192.168.0.145:9618?addrs=192.168.0.145-9618&alias=node145.di.rm1&noUDP&sock=startd_1869_8e98>
...
014 (279586.000.007) 2025-01-24 11:02:14 Node 7 executing on host: <192.168.0.120:9618?addrs=192.168.0.120-9618&alias=node120.di.rm1&noUDP&sock=startd_2096_4298>
...
001 (279586.000.000) 2025-01-24 11:02:14 Job executing on host: MPI_job
...
008 (279586.000.000) 2025-01-24 11:02:16 Launching orted on Node 5 of 8
...
008 (279586.000.000) 2025-01-24 11:02:16 Launching orted on Node 2 of 8
...
008 (279586.000.000) 2025-01-24 11:02:16 Launching orted on Node 6 of 8
...
008 (279586.000.000) 2025-01-24 11:02:16 Launching orted on Node 3 of 8
...
008 (279586.000.000) 2025-01-24 11:02:16 Launching orted on Node 7 of 8
...
008 (279586.000.000) 2025-01-24 11:02:16 Launching orted on Node 1 of 8
...
008 (279586.000.000) 2025-01-24 11:02:17 Launching orted on Node 4 of 8
...
008 (279586.000.000) 2025-01-24 11:02:17 Launching orted on Node 0 of 8
...
008 (279586.000.000) 2025-01-24 11:02:54 orted exited on Node 3 of 8
...
008 (279586.000.000) 2025-01-24 11:02:54 orted exited on Node 5 of 8
...
008 (279586.000.000) 2025-01-24 11:02:54 orted exited on Node 1 of 8
...
008 (279586.000.000) 2025-01-24 11:02:54 orted exited on Node 2 of 8
...
008 (279586.000.000) 2025-01-24 11:02:54 orted exited on Node 7 of 8
...
008 (279586.000.000) 2025-01-24 11:02:54 orted exited on Node 6 of 8
...
008 (279586.000.000) 2025-01-24 11:02:54 orted exited on Node 0 of 8
...
008 (279586.000.000) 2025-01-24 11:02:54 orted exited on Node 4 of 8
...
015 (279586.000.002) 2025-01-24 11:02:54 Node 2 terminated.
	(1) Normal termination (return value 0)
		Usr 0 00:00:34, Sys 0 00:00:03  -  Run Remote Usage
		Usr 0 00:00:00, Sys 0 00:00:00  -  Run Local Usage
		Usr 0 00:00:34, Sys 0 00:00:03  -  Total Remote Usage
		Usr 0 00:00:00, Sys 0 00:00:00  -  Total Local Usage
	2165  -  Run Bytes Sent By Node
	33639  -  Run Bytes Received By Node
	2165  -  Total Bytes Sent By Node
	33639  -  Total Bytes Received By Node
...
015 (279586.000.005) 2025-01-24 11:02:54 Node 5 terminated.
	(1) Normal termination (return value 0)
		Usr 0 00:00:34, Sys 0 00:00:03  -  Run Remote Usage
		Usr 0 00:00:00, Sys 0 00:00:00  -  Run Local Usage
		Usr 0 00:00:34, Sys 0 00:00:03  -  Total Remote Usage
		Usr 0 00:00:00, Sys 0 00:00:00  -  Total Local Usage
	2165  -  Run Bytes Sent By Node
	33639  -  Run Bytes Received By Node
	2165  -  Total Bytes Sent By Node
	33639  -  Total Bytes Received By Node
...
015 (279586.000.006) 2025-01-24 11:02:54 Node 6 terminated.
	(1) Normal termination (return value 0)
		Usr 0 00:00:34, Sys 0 00:00:02  -  Run Remote Usage
		Usr 0 00:00:00, Sys 0 00:00:00  -  Run Local Usage
		Usr 0 00:00:34, Sys 0 00:00:02  -  Total Remote Usage
		Usr 0 00:00:00, Sys 0 00:00:00  -  Total Local Usage
	2165  -  Run Bytes Sent By Node
	33639  -  Run Bytes Received By Node
	2165  -  Total Bytes Sent By Node
	33639  -  Total Bytes Received By Node
...
015 (279586.000.003) 2025-01-24 11:02:54 Node 3 terminated.
	(1) Normal termination (return value 0)
		Usr 0 00:00:34, Sys 0 00:00:02  -  Run Remote Usage
		Usr 0 00:00:00, Sys 0 00:00:00  -  Run Local Usage
		Usr 0 00:00:34, Sys 0 00:00:02  -  Total Remote Usage
		Usr 0 00:00:00, Sys 0 00:00:00  -  Total Local Usage
	2165  -  Run Bytes Sent By Node
	33639  -  Run Bytes Received By Node
	2165  -  Total Bytes Sent By Node
	33639  -  Total Bytes Received By Node
...
015 (279586.000.001) 2025-01-24 11:02:54 Node 1 terminated.
	(1) Normal termination (return value 0)
		Usr 0 00:00:34, Sys 0 00:00:03  -  Run Remote Usage
		Usr 0 00:00:00, Sys 0 00:00:00  -  Run Local Usage
		Usr 0 00:00:34, Sys 0 00:00:03  -  Total Remote Usage
		Usr 0 00:00:00, Sys 0 00:00:00  -  Total Local Usage
	2165  -  Run Bytes Sent By Node
	33639  -  Run Bytes Received By Node
	2165  -  Total Bytes Sent By Node
	33639  -  Total Bytes Received By Node
...
015 (279586.000.007) 2025-01-24 11:02:54 Node 7 terminated.
	(1) Normal termination (return value 0)
		Usr 0 00:00:34, Sys 0 00:00:03  -  Run Remote Usage
		Usr 0 00:00:00, Sys 0 00:00:00  -  Run Local Usage
		Usr 0 00:00:34, Sys 0 00:00:03  -  Total Remote Usage
		Usr 0 00:00:00, Sys 0 00:00:00  -  Total Local Usage
	2187  -  Run Bytes Sent By Node
	33639  -  Run Bytes Received By Node
	2187  -  Total Bytes Sent By Node
	33639  -  Total Bytes Received By Node
...
015 (279586.000.004) 2025-01-24 11:02:54 Node 4 terminated.
	(1) Normal termination (return value 0)
		Usr 0 00:00:36, Sys 0 00:00:01  -  Run Remote Usage
		Usr 0 00:00:00, Sys 0 00:00:00  -  Run Local Usage
		Usr 0 00:00:36, Sys 0 00:00:01  -  Total Remote Usage
		Usr 0 00:00:00, Sys 0 00:00:00  -  Total Local Usage
	0  -  Run Bytes Sent By Node
	33639  -  Run Bytes Received By Node
	0  -  Total Bytes Sent By Node
	33639  -  Total Bytes Received By Node
...
015 (279586.000.000) 2025-01-24 11:02:54 Node 0 terminated.
	(1) Normal termination (return value 0)
		Usr 0 00:00:00, Sys 0 00:00:00  -  Run Remote Usage
		Usr 0 00:00:00, Sys 0 00:00:00  -  Run Local Usage
		Usr 0 00:00:00, Sys 0 00:00:00  -  Total Remote Usage
		Usr 0 00:00:00, Sys 0 00:00:00  -  Total Local Usage
	3263  -  Run Bytes Sent By Node
	33639  -  Run Bytes Received By Node
	3263  -  Total Bytes Sent By Node
	33639  -  Total Bytes Received By Node
...
005 (279586.000.000) 2025-01-24 11:02:54 Job terminated.
	(1) Normal termination (return value 0)
		Usr 0 00:04:00, Sys 0 00:00:17  -  Run Remote Usage
		Usr 0 00:00:00, Sys 0 00:00:00  -  Run Local Usage
		Usr 0 00:00:00, Sys 0 00:00:00  -  Total Remote Usage
		Usr 0 00:00:00, Sys 0 00:00:00  -  Total Local Usage
	16275  -  Run Bytes Sent By Job
	269112  -  Run Bytes Received By Job
	16275  -  Total Bytes Sent By Job
	269112  -  Total Bytes Received By Job
	Partitionable Resources :    Usage  Request Allocated 
	   Cpus                 :     1.00        1         1 
	   Disk (KB)            :    56          35    462663 
	   Memory (MB)          :    37          22     20480 

	Job terminated of its own accord at 2025-01-24T11:02:54Z with exit-code 0.
...
