000 (282352.000.000) 2025-01-26 17:06:21 Job submitted from host: <192.168.0.102:9618?addrs=192.168.0.102-9618&alias=submitter&noUDP&sock=schedd_2032_5c88>
...
014 (282352.000.000) 2025-01-26 17:06:30 Node 0 executing on host: <192.168.0.106:9618?addrs=192.168.0.106-9618&alias=node106.di.rm1&noUDP&sock=startd_1970_d5a9>
...
014 (282352.000.002) 2025-01-26 17:06:30 Node 2 executing on host: <192.168.0.140:9618?addrs=192.168.0.140-9618&alias=node140.di.rm1&noUDP&sock=startd_1890_f615>
...
014 (282352.000.003) 2025-01-26 17:06:30 Node 3 executing on host: <192.168.0.116:9618?addrs=192.168.0.116-9618&alias=node116.di.rm1&noUDP&sock=startd_1847_7783>
...
014 (282352.000.006) 2025-01-26 17:06:30 Node 6 executing on host: <192.168.0.120:9618?addrs=192.168.0.120-9618&alias=node120.di.rm1&noUDP&sock=startd_2096_4298>
...
014 (282352.000.001) 2025-01-26 17:06:30 Node 1 executing on host: <192.168.0.145:9618?addrs=192.168.0.145-9618&alias=node145.di.rm1&noUDP&sock=startd_1869_8e98>
...
014 (282352.000.004) 2025-01-26 17:06:30 Node 4 executing on host: <192.168.0.145:9618?addrs=192.168.0.145-9618&alias=node145.di.rm1&noUDP&sock=startd_1869_8e98>
...
014 (282352.000.007) 2025-01-26 17:06:31 Node 7 executing on host: <192.168.0.143:9618?addrs=192.168.0.143-9618&alias=node143.di.rm1&noUDP&sock=startd_2061_40c7>
...
014 (282352.000.005) 2025-01-26 17:06:31 Node 5 executing on host: <192.168.0.141:9618?addrs=192.168.0.141-9618&alias=node141.di.rm1&noUDP&sock=startd_2077_3a4b>
...
001 (282352.000.000) 2025-01-26 17:06:31 Job executing on host: MPI_job
...
008 (282352.000.000) 2025-01-26 17:06:32 Launching orted on Node 0 of 8
...
008 (282352.000.000) 2025-01-26 17:06:32 Launching orted on Node 3 of 8
...
008 (282352.000.000) 2025-01-26 17:06:32 Launching orted on Node 2 of 8
...
008 (282352.000.000) 2025-01-26 17:06:33 Launching orted on Node 6 of 8
...
008 (282352.000.000) 2025-01-26 17:06:33 Launching orted on Node 7 of 8
...
008 (282352.000.000) 2025-01-26 17:06:33 Launching orted on Node 1 of 8
...
008 (282352.000.000) 2025-01-26 17:06:33 Launching orted on Node 4 of 8
...
008 (282352.000.000) 2025-01-26 17:06:34 Launching orted on Node 5 of 8
...
008 (282352.000.000) 2025-01-26 17:06:43 orted exited on Node 0 of 8
...
008 (282352.000.000) 2025-01-26 17:06:43 orted exited on Node 1 of 8
...
008 (282352.000.000) 2025-01-26 17:06:43 orted exited on Node 2 of 8
...
008 (282352.000.000) 2025-01-26 17:06:43 orted exited on Node 3 of 8
...
008 (282352.000.000) 2025-01-26 17:06:43 orted exited on Node 4 of 8
...
008 (282352.000.000) 2025-01-26 17:06:43 orted exited on Node 5 of 8
...
008 (282352.000.000) 2025-01-26 17:06:43 orted exited on Node 6 of 8
...
008 (282352.000.000) 2025-01-26 17:06:43 orted exited on Node 7 of 8
...
015 (282352.000.003) 2025-01-26 17:06:43 Node 3 terminated.
	(1) Normal termination (return value 0)
		Usr 0 00:00:06, Sys 0 00:00:01  -  Run Remote Usage
		Usr 0 00:00:00, Sys 0 00:00:00  -  Run Local Usage
		Usr 0 00:00:06, Sys 0 00:00:01  -  Total Remote Usage
		Usr 0 00:00:00, Sys 0 00:00:00  -  Total Local Usage
	2165  -  Run Bytes Sent By Node
	33711  -  Run Bytes Received By Node
	2165  -  Total Bytes Sent By Node
	33711  -  Total Bytes Received By Node
...
015 (282352.000.000) 2025-01-26 17:06:43 Node 0 terminated.
	(1) Normal termination (return value 0)
		Usr 0 00:00:04, Sys 0 00:00:00  -  Run Remote Usage
		Usr 0 00:00:00, Sys 0 00:00:00  -  Run Local Usage
		Usr 0 00:00:04, Sys 0 00:00:00  -  Total Remote Usage
		Usr 0 00:00:00, Sys 0 00:00:00  -  Total Local Usage
	3263  -  Run Bytes Sent By Node
	33711  -  Run Bytes Received By Node
	3263  -  Total Bytes Sent By Node
	33711  -  Total Bytes Received By Node
...
015 (282352.000.006) 2025-01-26 17:06:43 Node 6 terminated.
	(1) Normal termination (return value 0)
		Usr 0 00:00:06, Sys 0 00:00:01  -  Run Remote Usage
		Usr 0 00:00:00, Sys 0 00:00:00  -  Run Local Usage
		Usr 0 00:00:06, Sys 0 00:00:01  -  Total Remote Usage
		Usr 0 00:00:00, Sys 0 00:00:00  -  Total Local Usage
	2187  -  Run Bytes Sent By Node
	33711  -  Run Bytes Received By Node
	2187  -  Total Bytes Sent By Node
	33711  -  Total Bytes Received By Node
...
005 (282352.000.000) 2025-01-26 17:06:44 Job terminated.
	(1) Normal termination (return value 0)
		Usr 0 00:00:47, Sys 0 00:00:06  -  Run Remote Usage
		Usr 0 00:00:00, Sys 0 00:00:00  -  Run Local Usage
		Usr 0 00:00:04, Sys 0 00:00:00  -  Total Remote Usage
		Usr 0 00:00:00, Sys 0 00:00:00  -  Total Local Usage
	7615  -  Run Bytes Sent By Job
	269688  -  Run Bytes Received By Job
	7615  -  Total Bytes Sent By Job
	269688  -  Total Bytes Received By Job
	Partitionable Resources :    Usage  Request Allocated 
	   Cpus                 :                 1         1 
	   Disk (KB)            :       50       35    468979 
	   Memory (MB)          :      233        1     61440 

	Job terminated of its own accord at 2025-01-26T17:06:43Z with exit-code 0.
...
000 (289220.000.000) 2025-01-28 22:52:17 Job submitted from host: <192.168.0.102:9618?addrs=192.168.0.102-9618&alias=submitter&noUDP&sock=schedd_2032_5c88>
...
014 (289220.000.001) 2025-01-28 22:52:20 Node 1 executing on host: <192.168.0.132:9618?addrs=192.168.0.132-9618&alias=node132.di.rm1&noUDP&sock=startd_1999_b9e8>
...
014 (289220.000.003) 2025-01-28 22:52:20 Node 3 executing on host: <192.168.0.108:9618?addrs=192.168.0.108-9618&alias=node108.di.rm1&noUDP&sock=startd_1979_0203>
...
014 (289220.000.006) 2025-01-28 22:52:20 Node 6 executing on host: <192.168.0.142:9618?addrs=192.168.0.142-9618&alias=node142.di.rm1&noUDP&sock=startd_1996_ab1f>
...
014 (289220.000.007) 2025-01-28 22:52:20 Node 7 executing on host: <192.168.0.122:9618?addrs=192.168.0.122-9618&alias=node122.di.rm1&noUDP&sock=startd_2134_5331>
...
014 (289220.000.000) 2025-01-28 22:52:20 Node 0 executing on host: <192.168.0.137:9618?addrs=192.168.0.137-9618&alias=node137.di.rm1&noUDP&sock=startd_1934_2440>
...
014 (289220.000.005) 2025-01-28 22:52:20 Node 5 executing on host: <192.168.0.112:9618?addrs=192.168.0.112-9618&alias=node112.di.rm1&noUDP&sock=startd_2169_5502>
...
014 (289220.000.002) 2025-01-28 22:52:20 Node 2 executing on host: <192.168.0.141:9618?addrs=192.168.0.141-9618&alias=node141.di.rm1&noUDP&sock=startd_2077_3a4b>
...
014 (289220.000.004) 2025-01-28 22:52:20 Node 4 executing on host: <192.168.0.147:9618?addrs=192.168.0.147-9618&alias=node147.di.rm1&noUDP&sock=startd_1513_5ee1>
...
001 (289220.000.000) 2025-01-28 22:52:20 Job executing on host: MPI_job
...
008 (289220.000.000) 2025-01-28 22:52:22 Launching orted on Node 1 of 8
...
008 (289220.000.000) 2025-01-28 22:52:22 Launching orted on Node 3 of 8
...
008 (289220.000.000) 2025-01-28 22:52:22 Launching orted on Node 6 of 8
...
008 (289220.000.000) 2025-01-28 22:52:22 Launching orted on Node 7 of 8
...
008 (289220.000.000) 2025-01-28 22:52:22 Launching orted on Node 5 of 8
...
008 (289220.000.000) 2025-01-28 22:52:22 Launching orted on Node 0 of 8
...
008 (289220.000.000) 2025-01-28 22:52:22 Launching orted on Node 2 of 8
...
008 (289220.000.000) 2025-01-28 22:52:23 Launching orted on Node 4 of 8
...
008 (289220.000.000) 2025-01-28 22:52:30 orted exited on Node 4 of 8
...
008 (289220.000.000) 2025-01-28 22:52:30 orted exited on Node 0 of 8
...
008 (289220.000.000) 2025-01-28 22:52:30 orted exited on Node 1 of 8
...
008 (289220.000.000) 2025-01-28 22:52:30 orted exited on Node 2 of 8
...
008 (289220.000.000) 2025-01-28 22:52:30 orted exited on Node 3 of 8
...
008 (289220.000.000) 2025-01-28 22:52:30 orted exited on Node 5 of 8
...
008 (289220.000.000) 2025-01-28 22:52:30 orted exited on Node 6 of 8
...
008 (289220.000.000) 2025-01-28 22:52:30 orted exited on Node 7 of 8
...
015 (289220.000.003) 2025-01-28 22:52:30 Node 3 terminated.
	(1) Normal termination (return value 0)
		Usr 0 00:00:06, Sys 0 00:00:00  -  Run Remote Usage
		Usr 0 00:00:00, Sys 0 00:00:00  -  Run Local Usage
		Usr 0 00:00:06, Sys 0 00:00:00  -  Total Remote Usage
		Usr 0 00:00:00, Sys 0 00:00:00  -  Total Local Usage
	2165  -  Run Bytes Sent By Node
	33711  -  Run Bytes Received By Node
	2165  -  Total Bytes Sent By Node
	33711  -  Total Bytes Received By Node
...
015 (289220.000.006) 2025-01-28 22:52:30 Node 6 terminated.
	(1) Normal termination (return value 0)
		Usr 0 00:00:06, Sys 0 00:00:00  -  Run Remote Usage
		Usr 0 00:00:00, Sys 0 00:00:00  -  Run Local Usage
		Usr 0 00:00:06, Sys 0 00:00:00  -  Total Remote Usage
		Usr 0 00:00:00, Sys 0 00:00:00  -  Total Local Usage
	2165  -  Run Bytes Sent By Node
	33711  -  Run Bytes Received By Node
	2165  -  Total Bytes Sent By Node
	33711  -  Total Bytes Received By Node
...
015 (289220.000.002) 2025-01-28 22:52:30 Node 2 terminated.
	(1) Normal termination (return value 0)
		Usr 0 00:00:06, Sys 0 00:00:00  -  Run Remote Usage
		Usr 0 00:00:00, Sys 0 00:00:00  -  Run Local Usage
		Usr 0 00:00:06, Sys 0 00:00:00  -  Total Remote Usage
		Usr 0 00:00:00, Sys 0 00:00:00  -  Total Local Usage
	2165  -  Run Bytes Sent By Node
	33711  -  Run Bytes Received By Node
	2165  -  Total Bytes Sent By Node
	33711  -  Total Bytes Received By Node
...
015 (289220.000.001) 2025-01-28 22:52:30 Node 1 terminated.
	(1) Normal termination (return value 0)
		Usr 0 00:00:07, Sys 0 00:00:00  -  Run Remote Usage
		Usr 0 00:00:00, Sys 0 00:00:00  -  Run Local Usage
		Usr 0 00:00:07, Sys 0 00:00:00  -  Total Remote Usage
		Usr 0 00:00:00, Sys 0 00:00:00  -  Total Local Usage
	2165  -  Run Bytes Sent By Node
	33711  -  Run Bytes Received By Node
	2165  -  Total Bytes Sent By Node
	33711  -  Total Bytes Received By Node
...
015 (289220.000.007) 2025-01-28 22:52:30 Node 7 terminated.
	(1) Normal termination (return value 0)
		Usr 0 00:00:06, Sys 0 00:00:00  -  Run Remote Usage
		Usr 0 00:00:00, Sys 0 00:00:00  -  Run Local Usage
		Usr 0 00:00:06, Sys 0 00:00:00  -  Total Remote Usage
		Usr 0 00:00:00, Sys 0 00:00:00  -  Total Local Usage
	2187  -  Run Bytes Sent By Node
	33711  -  Run Bytes Received By Node
	2187  -  Total Bytes Sent By Node
	33711  -  Total Bytes Received By Node
...
015 (289220.000.004) 2025-01-28 22:52:30 Node 4 terminated.
	(1) Normal termination (return value 0)
		Usr 0 00:00:07, Sys 0 00:00:00  -  Run Remote Usage
		Usr 0 00:00:00, Sys 0 00:00:00  -  Run Local Usage
		Usr 0 00:00:07, Sys 0 00:00:00  -  Total Remote Usage
		Usr 0 00:00:00, Sys 0 00:00:00  -  Total Local Usage
	2165  -  Run Bytes Sent By Node
	33711  -  Run Bytes Received By Node
	2165  -  Total Bytes Sent By Node
	33711  -  Total Bytes Received By Node
...
015 (289220.000.000) 2025-01-28 22:52:30 Node 0 terminated.
	(1) Normal termination (return value 0)
		Usr 0 00:00:00, Sys 0 00:00:01  -  Run Remote Usage
		Usr 0 00:00:00, Sys 0 00:00:00  -  Run Local Usage
		Usr 0 00:00:00, Sys 0 00:00:01  -  Total Remote Usage
		Usr 0 00:00:00, Sys 0 00:00:00  -  Total Local Usage
	3260  -  Run Bytes Sent By Node
	33711  -  Run Bytes Received By Node
	3260  -  Total Bytes Sent By Node
	33711  -  Total Bytes Received By Node
...
005 (289220.000.000) 2025-01-28 22:52:30 Job terminated.
	(1) Normal termination (return value 0)
		Usr 0 00:00:44, Sys 0 00:00:01  -  Run Remote Usage
		Usr 0 00:00:00, Sys 0 00:00:00  -  Run Local Usage
		Usr 0 00:00:00, Sys 0 00:00:01  -  Total Remote Usage
		Usr 0 00:00:00, Sys 0 00:00:00  -  Total Local Usage
	16272  -  Run Bytes Sent By Job
	269688  -  Run Bytes Received By Job
	16272  -  Total Bytes Sent By Job
	269688  -  Total Bytes Received By Job
	Partitionable Resources :    Usage  Request Allocated 
	   Cpus                 :                 1         2 
	   Disk (KB)            :       51       35 102846057 
	   Memory (MB)          :      272        0    100096 

	Job terminated of its own accord at 2025-01-28T22:52:30Z with exit-code 0.
...
