000 (273847.000.000) 2025-01-23 11:22:37 Job submitted from host: <192.168.0.102:9618?addrs=192.168.0.102-9618&alias=submitter&noUDP&sock=schedd_2032_5c88>
...
014 (273847.000.000) 2025-01-23 11:22:40 Node 0 executing on host: <192.168.0.114:9618?addrs=192.168.0.114-9618&alias=node114.di.rm1&noUDP&sock=startd_2075_db1b>
...
014 (273847.000.001) 2025-01-23 11:22:40 Node 1 executing on host: <192.168.0.113:9618?addrs=192.168.0.113-9618&alias=node113.di.rm1&noUDP&sock=startd_3668932_c305>
...
014 (273847.000.003) 2025-01-23 11:22:40 Node 3 executing on host: <192.168.0.139:9618?addrs=192.168.0.139-9618&alias=node139.di.rm1&noUDP&sock=startd_1966_1748>
...
014 (273847.000.002) 2025-01-23 11:22:40 Node 2 executing on host: <192.168.0.141:9618?addrs=192.168.0.141-9618&alias=node141.di.rm1&noUDP&sock=startd_2077_3a4b>
...
001 (273847.000.000) 2025-01-23 11:22:40 Job executing on host: MPI_job
...
008 (273847.000.000) 2025-01-23 11:22:42 Launching orted on Node 0 of 4
...
008 (273847.000.000) 2025-01-23 11:22:42 Launching orted on Node 1 of 4
...
008 (273847.000.000) 2025-01-23 11:22:42 Launching orted on Node 3 of 4
...
008 (273847.000.000) 2025-01-23 11:22:42 Launching orted on Node 2 of 4
...
008 (273847.000.000) 2025-01-23 11:23:18 Node 0 caught SIGTERM, cleaning up mpirun
...
004 (273847.000.000) 2025-01-23 11:23:19 Job was evicted.
	(0) CPU times
		Usr 0 00:00:51, Sys 0 00:00:01  -  Run Remote Usage
		Usr 0 00:00:00, Sys 0 00:00:00  -  Run Local Usage
	0  -  Run Bytes Sent By Job
	134556  -  Run Bytes Received By Job
	Partitionable Resources :    Usage  Request Allocated 
	   Cpus                 :                 1         2 
	   Disk (KB)            :     8560       35 102671250 
	   Memory (MB)          :      290      309    100096 
...
009 (273847.000.000) 2025-01-23 11:23:19 Job was aborted.
	via condor_rm (by user calzona_2046920)
...
000 (278590.000.000) 2025-01-24 09:07:33 Job submitted from host: <192.168.0.102:9618?addrs=192.168.0.102-9618&alias=submitter&noUDP&sock=schedd_2032_5c88>
...
014 (278590.000.000) 2025-01-24 09:07:35 Node 0 executing on host: <192.168.0.149:9618?addrs=192.168.0.149-9618&alias=node149.di.rm1&noUDP&sock=startd_1551_6f7a>
...
014 (278590.000.001) 2025-01-24 09:07:35 Node 1 executing on host: <192.168.0.109:9618?addrs=192.168.0.109-9618&alias=node109.di.rm1&noUDP&sock=startd_1627_90ad>
...
014 (278590.000.002) 2025-01-24 09:07:35 Node 2 executing on host: <192.168.0.104:9618?addrs=192.168.0.104-9618&alias=node104.di.rm1&noUDP&sock=startd_1987_7ec5>
...
014 (278590.000.003) 2025-01-24 09:07:35 Node 3 executing on host: <192.168.0.134:9618?addrs=192.168.0.134-9618&alias=node134.di.rm1&noUDP&sock=startd_2073_7bea>
...
001 (278590.000.000) 2025-01-24 09:07:35 Job executing on host: MPI_job
...
008 (278590.000.000) 2025-01-24 09:07:37 Launching orted on Node 0 of 4
...
008 (278590.000.000) 2025-01-24 09:07:38 Launching orted on Node 1 of 4
...
008 (278590.000.000) 2025-01-24 09:07:38 Launching orted on Node 3 of 4
...
008 (278590.000.000) 2025-01-24 09:07:38 Launching orted on Node 2 of 4
...
008 (278590.000.000) 2025-01-24 09:08:22 orted exited on Node 2 of 4
...
008 (278590.000.000) 2025-01-24 09:08:22 orted exited on Node 3 of 4
...
008 (278590.000.000) 2025-01-24 09:08:22 orted exited on Node 0 of 4
...
008 (278590.000.000) 2025-01-24 09:08:22 orted exited on Node 1 of 4
...
015 (278590.000.003) 2025-01-24 09:08:22 Node 3 terminated.
	(1) Normal termination (return value 0)
		Usr 0 00:00:42, Sys 0 00:00:01  -  Run Remote Usage
		Usr 0 00:00:00, Sys 0 00:00:00  -  Run Local Usage
		Usr 0 00:00:42, Sys 0 00:00:01  -  Total Remote Usage
		Usr 0 00:00:00, Sys 0 00:00:00  -  Total Local Usage
	2165  -  Run Bytes Sent By Node
	33639  -  Run Bytes Received By Node
	2165  -  Total Bytes Sent By Node
	33639  -  Total Bytes Received By Node
...
015 (278590.000.000) 2025-01-24 09:08:22 Node 0 terminated.
	(1) Normal termination (return value 0)
		Usr 0 00:00:00, Sys 0 00:00:00  -  Run Remote Usage
		Usr 0 00:00:00, Sys 0 00:00:00  -  Run Local Usage
		Usr 0 00:00:00, Sys 0 00:00:00  -  Total Remote Usage
		Usr 0 00:00:00, Sys 0 00:00:00  -  Total Local Usage
	3265  -  Run Bytes Sent By Node
	33639  -  Run Bytes Received By Node
	3265  -  Total Bytes Sent By Node
	33639  -  Total Bytes Received By Node
...
005 (278590.000.000) 2025-01-24 09:08:22 Job terminated.
	(1) Normal termination (return value 0)
		Usr 0 00:02:07, Sys 0 00:00:03  -  Run Remote Usage
		Usr 0 00:00:00, Sys 0 00:00:00  -  Run Local Usage
		Usr 0 00:00:00, Sys 0 00:00:00  -  Total Remote Usage
		Usr 0 00:00:00, Sys 0 00:00:00  -  Total Local Usage
	5430  -  Run Bytes Sent By Job
	134556  -  Run Bytes Received By Job
	5430  -  Total Bytes Sent By Job
	134556  -  Total Bytes Received By Job
	Partitionable Resources :    Usage  Request Allocated 
	   Cpus                 :                 1         2 
	   Disk (KB)            :       49       35 102883670 
	   Memory (MB)          :      336      306    100096 

	Job terminated of its own accord at 2025-01-24T09:08:22Z with exit-code 0.
...
000 (286864.000.000) 2025-01-28 16:02:28 Job submitted from host: <192.168.0.102:9618?addrs=192.168.0.102-9618&alias=submitter&noUDP&sock=schedd_2032_5c88>
...
014 (286864.000.001) 2025-01-28 16:02:46 Node 1 executing on host: <192.168.0.139:9618?addrs=192.168.0.139-9618&alias=node139.di.rm1&noUDP&sock=startd_1966_1748>
...
014 (286864.000.000) 2025-01-28 16:02:46 Node 0 executing on host: <192.168.0.151:9618?addrs=192.168.0.151-9618&alias=node151.di.rm1&noUDP&sock=startd_1528_a8cd>
...
014 (286864.000.003) 2025-01-28 16:02:46 Node 3 executing on host: <192.168.0.113:9618?addrs=192.168.0.113-9618&alias=node113.di.rm1&noUDP&sock=startd_3668932_c305>
...
014 (286864.000.002) 2025-01-28 16:02:46 Node 2 executing on host: <192.168.0.104:9618?addrs=192.168.0.104-9618&alias=node104.di.rm1&noUDP&sock=startd_1987_7ec5>
...
001 (286864.000.000) 2025-01-28 16:02:46 Job executing on host: MPI_job
...
008 (286864.000.000) 2025-01-28 16:02:48 Launching orted on Node 1 of 4
...
008 (286864.000.000) 2025-01-28 16:02:48 Launching orted on Node 0 of 4
...
008 (286864.000.000) 2025-01-28 16:02:48 Launching orted on Node 3 of 4
...
008 (286864.000.000) 2025-01-28 16:02:48 Launching orted on Node 2 of 4
...
008 (286864.000.000) 2025-01-28 16:03:32 orted exited on Node 3 of 4
...
008 (286864.000.000) 2025-01-28 16:03:32 orted exited on Node 2 of 4
...
008 (286864.000.000) 2025-01-28 16:03:32 orted exited on Node 0 of 4
...
008 (286864.000.000) 2025-01-28 16:03:32 orted exited on Node 1 of 4
...
015 (286864.000.001) 2025-01-28 16:03:32 Node 1 terminated.
	(1) Normal termination (return value 0)
		Usr 0 00:00:42, Sys 0 00:00:02  -  Run Remote Usage
		Usr 0 00:00:00, Sys 0 00:00:00  -  Run Local Usage
		Usr 0 00:00:42, Sys 0 00:00:02  -  Total Remote Usage
		Usr 0 00:00:00, Sys 0 00:00:00  -  Total Local Usage
	2165  -  Run Bytes Sent By Node
	33591  -  Run Bytes Received By Node
	2165  -  Total Bytes Sent By Node
	33591  -  Total Bytes Received By Node
...
015 (286864.000.003) 2025-01-28 16:03:32 Node 3 terminated.
	(1) Normal termination (return value 0)
		Usr 0 00:00:42, Sys 0 00:00:02  -  Run Remote Usage
		Usr 0 00:00:00, Sys 0 00:00:00  -  Run Local Usage
		Usr 0 00:00:42, Sys 0 00:00:02  -  Total Remote Usage
		Usr 0 00:00:00, Sys 0 00:00:00  -  Total Local Usage
	2187  -  Run Bytes Sent By Node
	33591  -  Run Bytes Received By Node
	2187  -  Total Bytes Sent By Node
	33591  -  Total Bytes Received By Node
...
015 (286864.000.000) 2025-01-28 16:03:32 Node 0 terminated.
	(1) Normal termination (return value 0)
		Usr 0 00:00:00, Sys 0 00:00:00  -  Run Remote Usage
		Usr 0 00:00:00, Sys 0 00:00:00  -  Run Local Usage
		Usr 0 00:00:00, Sys 0 00:00:00  -  Total Remote Usage
		Usr 0 00:00:00, Sys 0 00:00:00  -  Total Local Usage
	3265  -  Run Bytes Sent By Node
	33591  -  Run Bytes Received By Node
	3265  -  Total Bytes Sent By Node
	33591  -  Total Bytes Received By Node
...
005 (286864.000.000) 2025-01-28 16:03:32 Job terminated.
	(1) Normal termination (return value 0)
		Usr 0 00:02:06, Sys 0 00:00:05  -  Run Remote Usage
		Usr 0 00:00:00, Sys 0 00:00:00  -  Run Local Usage
		Usr 0 00:00:00, Sys 0 00:00:00  -  Total Remote Usage
		Usr 0 00:00:00, Sys 0 00:00:00  -  Total Local Usage
	7617  -  Run Bytes Sent By Job
	134364  -  Run Bytes Received By Job
	7617  -  Total Bytes Sent By Job
	134364  -  Total Bytes Received By Job
	Partitionable Resources :    Usage  Request Allocated 
	   Cpus                 :                 1         1 
	   Disk (KB)            :       50       35 105403600 
	   Memory (MB)          :      291      110    102400 

	Job terminated of its own accord at 2025-01-28T16:03:32Z with exit-code 0.
...
