000 (264013.000.000) 2025-01-17 11:21:10 Job submitted from host: <192.168.0.102:9618?addrs=192.168.0.102-9618&alias=submitter&noUDP&sock=schedd_2032_5c88>
...
001 (264013.000.000) 2025-01-17 11:21:13 Job executing on host: <192.168.0.141:9618?addrs=192.168.0.141-9618&alias=node141.di.rm1&noUDP&sock=startd_2077_3a4b>
...
006 (264013.000.000) 2025-01-17 11:21:23 Image size of job updated: 396396
	388  -  MemoryUsage of job (MB)
	396396  -  ResidentSetSize of job (KB)
...
006 (264013.000.000) 2025-01-17 11:26:24 Image size of job updated: 11715660
	11442  -  MemoryUsage of job (MB)
	11715660  -  ResidentSetSize of job (KB)
...
006 (264013.000.000) 2025-01-17 11:31:25 Image size of job updated: 22640168
	21804  -  MemoryUsage of job (MB)
	22326484  -  ResidentSetSize of job (KB)
...
006 (264013.000.000) 2025-01-17 11:33:21 Image size of job updated: 26685244
	21804  -  MemoryUsage of job (MB)
	22326616  -  ResidentSetSize of job (KB)
...
004 (264013.000.000) 2025-01-17 11:33:21 Job was evicted.
	(0) CPU times
		Usr 0 00:11:23, Sys 0 00:00:24  -  Run Remote Usage
		Usr 0 00:00:00, Sys 0 00:00:00  -  Run Local Usage
	0  -  Run Bytes Sent By Job
	0  -  Run Bytes Received By Job
	Partitionable Resources :    Usage  Request Allocated 
	   Cpus                 :     0.97        1         1 
	   Disk (KB)            :    27          27    459831 
	   Memory (MB)          : 21804           1       128 
...
009 (264013.000.000) 2025-01-17 11:33:21 Job was aborted.
	via condor_rm (by user calzona_2046920)
...
