000 (282279.000.000) 2025-01-26 16:53:58 Job submitted from host: <192.168.0.102:9618?addrs=192.168.0.102-9618&alias=submitter&noUDP&sock=schedd_2032_5c88>
...
014 (282279.000.001) 2025-01-26 16:54:13 Node 1 executing on host: <192.168.0.112:9618?addrs=192.168.0.112-9618&alias=node112.di.rm1&noUDP&sock=startd_2169_5502>
...
014 (282279.000.002) 2025-01-26 16:54:13 Node 2 executing on host: <192.168.0.142:9618?addrs=192.168.0.142-9618&alias=node142.di.rm1&noUDP&sock=startd_1996_ab1f>
...
014 (282279.000.003) 2025-01-26 16:54:13 Node 3 executing on host: <192.168.0.122:9618?addrs=192.168.0.122-9618&alias=node122.di.rm1&noUDP&sock=startd_2134_5331>
...
014 (282279.000.004) 2025-01-26 16:54:13 Node 4 executing on host: <192.168.0.132:9618?addrs=192.168.0.132-9618&alias=node132.di.rm1&noUDP&sock=startd_1999_b9e8>
...
014 (282279.000.005) 2025-01-26 16:54:13 Node 5 executing on host: <192.168.0.108:9618?addrs=192.168.0.108-9618&alias=node108.di.rm1&noUDP&sock=startd_1979_0203>
...
014 (282279.000.006) 2025-01-26 16:54:13 Node 6 executing on host: <192.168.0.148:9618?addrs=192.168.0.148-9618&alias=node148.di.rm1&noUDP&sock=startd_1547_b119>
...
014 (282279.000.000) 2025-01-26 16:54:13 Node 0 executing on host: <192.168.0.143:9618?addrs=192.168.0.143-9618&alias=node143.di.rm1&noUDP&sock=startd_2061_40c7>
...
014 (282279.000.007) 2025-01-26 16:54:13 Node 7 executing on host: <192.168.0.143:9618?addrs=192.168.0.143-9618&alias=node143.di.rm1&noUDP&sock=startd_2061_40c7>
...
001 (282279.000.000) 2025-01-26 16:54:13 Job executing on host: MPI_job
...
008 (282279.000.000) 2025-01-26 16:54:15 Launching orted on Node 6 of 8
...
008 (282279.000.000) 2025-01-26 16:54:15 Launching orted on Node 2 of 8
...
008 (282279.000.000) 2025-01-26 16:54:16 Launching orted on Node 0 of 8
...
008 (282279.000.000) 2025-01-26 16:54:16 Launching orted on Node 7 of 8
...
008 (282279.000.000) 2025-01-26 16:54:16 Launching orted on Node 4 of 8
...
008 (282279.000.000) 2025-01-26 16:54:16 Launching orted on Node 1 of 8
...
008 (282279.000.000) 2025-01-26 16:54:16 Launching orted on Node 5 of 8
...
008 (282279.000.000) 2025-01-26 16:54:16 Launching orted on Node 3 of 8
...
008 (282279.000.000) 2025-01-26 16:55:12 orted exited on Node 1 of 8
...
008 (282279.000.000) 2025-01-26 16:55:12 orted exited on Node 4 of 8
...
008 (282279.000.000) 2025-01-26 16:55:12 orted exited on Node 6 of 8
...
008 (282279.000.000) 2025-01-26 16:55:12 orted exited on Node 2 of 8
...
008 (282279.000.000) 2025-01-26 16:55:12 orted exited on Node 3 of 8
...
008 (282279.000.000) 2025-01-26 16:55:12 orted exited on Node 5 of 8
...
008 (282279.000.000) 2025-01-26 16:55:12 orted exited on Node 7 of 8
...
008 (282279.000.000) 2025-01-26 16:55:12 orted exited on Node 0 of 8
...
015 (282279.000.004) 2025-01-26 16:55:12 Node 4 terminated.
	(1) Normal termination (return value 0)
		Usr 0 00:00:45, Sys 0 00:00:10  -  Run Remote Usage
		Usr 0 00:00:00, Sys 0 00:00:00  -  Run Local Usage
		Usr 0 00:00:45, Sys 0 00:00:10  -  Total Remote Usage
		Usr 0 00:00:00, Sys 0 00:00:00  -  Total Local Usage
	2165  -  Run Bytes Sent By Node
	33711  -  Run Bytes Received By Node
	2165  -  Total Bytes Sent By Node
	33711  -  Total Bytes Received By Node
...
015 (282279.000.001) 2025-01-26 16:55:12 Node 1 terminated.
	(1) Normal termination (return value 0)
		Usr 0 00:00:45, Sys 0 00:00:10  -  Run Remote Usage
		Usr 0 00:00:00, Sys 0 00:00:00  -  Run Local Usage
		Usr 0 00:00:45, Sys 0 00:00:10  -  Total Remote Usage
		Usr 0 00:00:00, Sys 0 00:00:00  -  Total Local Usage
	2187  -  Run Bytes Sent By Node
	33711  -  Run Bytes Received By Node
	2187  -  Total Bytes Sent By Node
	33711  -  Total Bytes Received By Node
...
015 (282279.000.005) 2025-01-26 16:55:12 Node 5 terminated.
	(1) Normal termination (return value 0)
		Usr 0 00:00:45, Sys 0 00:00:10  -  Run Remote Usage
		Usr 0 00:00:00, Sys 0 00:00:00  -  Run Local Usage
		Usr 0 00:00:45, Sys 0 00:00:10  -  Total Remote Usage
		Usr 0 00:00:00, Sys 0 00:00:00  -  Total Local Usage
	2165  -  Run Bytes Sent By Node
	33711  -  Run Bytes Received By Node
	2165  -  Total Bytes Sent By Node
	33711  -  Total Bytes Received By Node
...
015 (282279.000.003) 2025-01-26 16:55:12 Node 3 terminated.
	(1) Normal termination (return value 0)
		Usr 0 00:00:45, Sys 0 00:00:11  -  Run Remote Usage
		Usr 0 00:00:00, Sys 0 00:00:00  -  Run Local Usage
		Usr 0 00:00:45, Sys 0 00:00:11  -  Total Remote Usage
		Usr 0 00:00:00, Sys 0 00:00:00  -  Total Local Usage
	2187  -  Run Bytes Sent By Node
	33711  -  Run Bytes Received By Node
	2187  -  Total Bytes Sent By Node
	33711  -  Total Bytes Received By Node
...
015 (282279.000.006) 2025-01-26 16:55:12 Node 6 terminated.
	(1) Normal termination (return value 0)
		Usr 0 00:00:45, Sys 0 00:00:11  -  Run Remote Usage
		Usr 0 00:00:00, Sys 0 00:00:00  -  Run Local Usage
		Usr 0 00:00:45, Sys 0 00:00:11  -  Total Remote Usage
		Usr 0 00:00:00, Sys 0 00:00:00  -  Total Local Usage
	2165  -  Run Bytes Sent By Node
	33711  -  Run Bytes Received By Node
	2165  -  Total Bytes Sent By Node
	33711  -  Total Bytes Received By Node
...
015 (282279.000.002) 2025-01-26 16:55:12 Node 2 terminated.
	(1) Normal termination (return value 0)
		Usr 0 00:00:45, Sys 0 00:00:09  -  Run Remote Usage
		Usr 0 00:00:00, Sys 0 00:00:00  -  Run Local Usage
		Usr 0 00:00:45, Sys 0 00:00:09  -  Total Remote Usage
		Usr 0 00:00:00, Sys 0 00:00:00  -  Total Local Usage
	2165  -  Run Bytes Sent By Node
	33711  -  Run Bytes Received By Node
	2165  -  Total Bytes Sent By Node
	33711  -  Total Bytes Received By Node
...
015 (282279.000.007) 2025-01-26 16:55:12 Node 7 terminated.
	(1) Normal termination (return value 0)
		Usr 0 00:00:53, Sys 0 00:00:02  -  Run Remote Usage
		Usr 0 00:00:00, Sys 0 00:00:00  -  Run Local Usage
		Usr 0 00:00:53, Sys 0 00:00:02  -  Total Remote Usage
		Usr 0 00:00:00, Sys 0 00:00:00  -  Total Local Usage
	0  -  Run Bytes Sent By Node
	33711  -  Run Bytes Received By Node
	0  -  Total Bytes Sent By Node
	33711  -  Total Bytes Received By Node
...
015 (282279.000.000) 2025-01-26 16:55:13 Node 0 terminated.
	(1) Normal termination (return value 0)
		Usr 0 00:00:00, Sys 0 00:00:00  -  Run Remote Usage
		Usr 0 00:00:00, Sys 0 00:00:00  -  Run Local Usage
		Usr 0 00:00:00, Sys 0 00:00:00  -  Total Remote Usage
		Usr 0 00:00:00, Sys 0 00:00:00  -  Total Local Usage
	3265  -  Run Bytes Sent By Node
	33711  -  Run Bytes Received By Node
	3265  -  Total Bytes Sent By Node
	33711  -  Total Bytes Received By Node
...
005 (282279.000.000) 2025-01-26 16:55:13 Job terminated.
	(1) Normal termination (return value 0)
		Usr 0 00:05:23, Sys 0 00:01:03  -  Run Remote Usage
		Usr 0 00:00:00, Sys 0 00:00:00  -  Run Local Usage
		Usr 0 00:00:00, Sys 0 00:00:00  -  Total Remote Usage
		Usr 0 00:00:00, Sys 0 00:00:00  -  Total Local Usage
	16299  -  Run Bytes Sent By Job
	269688  -  Run Bytes Received By Job
	16299  -  Total Bytes Sent By Job
	269688  -  Total Bytes Received By Job
	Partitionable Resources :    Usage  Request Allocated 
	   Cpus                 :                 1        32 
	   Disk (KB)            :       50       35    459633 
	   Memory (MB)          :      223        1       128 

	Job terminated of its own accord at 2025-01-26T16:55:12Z with exit-code 0.
...
000 (289150.000.000) 2025-01-28 22:40:31 Job submitted from host: <192.168.0.102:9618?addrs=192.168.0.102-9618&alias=submitter&noUDP&sock=schedd_2032_5c88>
...
014 (289150.000.000) 2025-01-28 22:40:37 Node 0 executing on host: <192.168.0.114:9618?addrs=192.168.0.114-9618&alias=node114.di.rm1&noUDP&sock=startd_2075_db1b>
...
014 (289150.000.006) 2025-01-28 22:40:37 Node 6 executing on host: <192.168.0.135:9618?addrs=192.168.0.135-9618&alias=node135.di.rm1&noUDP&sock=startd_2000_6980>
...
014 (289150.000.002) 2025-01-28 22:40:37 Node 2 executing on host: <192.168.0.105:9618?addrs=192.168.0.105-9618&alias=node105.di.rm1&noUDP&sock=startd_1951_cd5c>
...
014 (289150.000.003) 2025-01-28 22:40:37 Node 3 executing on host: <192.168.0.135:9618?addrs=192.168.0.135-9618&alias=node135.di.rm1&noUDP&sock=startd_2000_6980>
...
014 (289150.000.007) 2025-01-28 22:40:37 Node 7 executing on host: <192.168.0.130:9618?addrs=192.168.0.130-9618&alias=node130.di.rm1&noUDP&sock=startd_2751195_838e>
...
014 (289150.000.001) 2025-01-28 22:40:37 Node 1 executing on host: <192.168.0.123:9618?addrs=192.168.0.123-9618&alias=node123.di.rm1&noUDP&sock=startd_2149_9d1d>
...
014 (289150.000.004) 2025-01-28 22:40:37 Node 4 executing on host: <192.168.0.115:9618?addrs=192.168.0.115-9618&alias=node115.di.rm1&noUDP&sock=startd_1101621_f4a0>
...
014 (289150.000.005) 2025-01-28 22:40:37 Node 5 executing on host: <192.168.0.145:9618?addrs=192.168.0.145-9618&alias=node145.di.rm1&noUDP&sock=startd_1869_8e98>
...
001 (289150.000.000) 2025-01-28 22:40:37 Job executing on host: MPI_job
...
008 (289150.000.000) 2025-01-28 22:40:39 Launching orted on Node 0 of 8
...
008 (289150.000.000) 2025-01-28 22:40:39 Launching orted on Node 6 of 8
...
008 (289150.000.000) 2025-01-28 22:40:39 Launching orted on Node 3 of 8
...
008 (289150.000.000) 2025-01-28 22:40:39 Launching orted on Node 7 of 8
...
008 (289150.000.000) 2025-01-28 22:40:39 Launching orted on Node 2 of 8
...
008 (289150.000.000) 2025-01-28 22:40:39 Launching orted on Node 4 of 8
...
008 (289150.000.000) 2025-01-28 22:40:39 Launching orted on Node 1 of 8
...
008 (289150.000.000) 2025-01-28 22:40:39 Launching orted on Node 5 of 8
...
008 (289150.000.000) 2025-01-28 22:41:26 orted exited on Node 7 of 8
...
008 (289150.000.000) 2025-01-28 22:41:26 orted exited on Node 0 of 8
...
008 (289150.000.000) 2025-01-28 22:41:26 orted exited on Node 1 of 8
...
008 (289150.000.000) 2025-01-28 22:41:26 orted exited on Node 2 of 8
...
008 (289150.000.000) 2025-01-28 22:41:26 orted exited on Node 3 of 8
...
008 (289150.000.000) 2025-01-28 22:41:26 orted exited on Node 4 of 8
...
008 (289150.000.000) 2025-01-28 22:41:26 orted exited on Node 5 of 8
...
008 (289150.000.000) 2025-01-28 22:41:26 orted exited on Node 6 of 8
...
015 (289150.000.007) 2025-01-28 22:41:26 Node 7 terminated.
	(1) Normal termination (return value 0)
		Usr 0 00:00:43, Sys 0 00:00:04  -  Run Remote Usage
		Usr 0 00:00:00, Sys 0 00:00:00  -  Run Local Usage
		Usr 0 00:00:43, Sys 0 00:00:04  -  Total Remote Usage
		Usr 0 00:00:00, Sys 0 00:00:00  -  Total Local Usage
	2165  -  Run Bytes Sent By Node
	33711  -  Run Bytes Received By Node
	2165  -  Total Bytes Sent By Node
	33711  -  Total Bytes Received By Node
...
015 (289150.000.006) 2025-01-28 22:41:27 Node 6 terminated.
	(1) Normal termination (return value 0)
		Usr 0 00:00:44, Sys 0 00:00:02  -  Run Remote Usage
		Usr 0 00:00:00, Sys 0 00:00:00  -  Run Local Usage
		Usr 0 00:00:44, Sys 0 00:00:02  -  Total Remote Usage
		Usr 0 00:00:00, Sys 0 00:00:00  -  Total Local Usage
	2165  -  Run Bytes Sent By Node
	33711  -  Run Bytes Received By Node
	2165  -  Total Bytes Sent By Node
	33711  -  Total Bytes Received By Node
...
015 (289150.000.000) 2025-01-28 22:41:27 Node 0 terminated.
	(1) Normal termination (return value 0)
		Usr 0 00:00:05, Sys 0 00:00:00  -  Run Remote Usage
		Usr 0 00:00:00, Sys 0 00:00:00  -  Run Local Usage
		Usr 0 00:00:05, Sys 0 00:00:00  -  Total Remote Usage
		Usr 0 00:00:00, Sys 0 00:00:00  -  Total Local Usage
	3265  -  Run Bytes Sent By Node
	33711  -  Run Bytes Received By Node
	3265  -  Total Bytes Sent By Node
	33711  -  Total Bytes Received By Node
...
005 (289150.000.000) 2025-01-28 22:41:27 Job terminated.
	(1) Normal termination (return value 0)
		Usr 0 00:05:09, Sys 0 00:00:15  -  Run Remote Usage
		Usr 0 00:00:00, Sys 0 00:00:00  -  Run Local Usage
		Usr 0 00:00:05, Sys 0 00:00:00  -  Total Remote Usage
		Usr 0 00:00:00, Sys 0 00:00:00  -  Total Local Usage
	9760  -  Run Bytes Sent By Job
	269688  -  Run Bytes Received By Job
	9760  -  Total Bytes Sent By Job
	269688  -  Total Bytes Received By Job
	Partitionable Resources :    Usage  Request Allocated 
	   Cpus                 :                 1         2 
	   Disk (KB)            :       51       35 102671250 
	   Memory (MB)          :      263      332    100096 

	Job terminated of its own accord at 2025-01-28T22:41:26Z with exit-code 0.
...
