000 (270807.000.000) 2025-01-22 00:16:34 Job submitted from host: <192.168.0.102:9618?addrs=192.168.0.102-9618&alias=submitter&noUDP&sock=schedd_2032_5c88>
...
001 (270807.000.000) 2025-01-22 00:16:54 Job executing on host: <192.168.0.148:9618?addrs=192.168.0.148-9618&alias=node148.di.rm1&noUDP&sock=startd_1547_b119>
...
006 (270807.000.000) 2025-01-22 00:17:03 Image size of job updated: 442736
	430  -  MemoryUsage of job (MB)
	439700  -  ResidentSetSize of job (KB)
...
006 (270807.000.000) 2025-01-22 00:17:35 Image size of job updated: 625620
	432  -  MemoryUsage of job (MB)
	441680  -  ResidentSetSize of job (KB)
...
004 (270807.000.000) 2025-01-22 00:17:35 Job was evicted.
	(0) CPU times
		Usr 0 00:04:09, Sys 0 00:00:02  -  Run Remote Usage
		Usr 0 00:00:00, Sys 0 00:00:00  -  Run Local Usage
	0  -  Run Bytes Sent By Job
	0  -  Run Bytes Received By Job
	Partitionable Resources :    Usage  Request Allocated 
	   Cpus                 :                 1         1 
	   Disk (KB)            :       27       27    467548 
	   Memory (MB)          :      432        1       128 
...
009 (270807.000.000) 2025-01-22 00:17:36 Job was aborted.
	via condor_rm (by user calzona_2046920)
...
000 (276961.000.000) 2025-01-24 05:30:52 Job submitted from host: <192.168.0.102:9618?addrs=192.168.0.102-9618&alias=submitter&noUDP&sock=schedd_2032_5c88>
...
001 (276961.000.000) 2025-01-24 05:31:13 Job executing on host: <192.168.0.148:9618?addrs=192.168.0.148-9618&alias=node148.di.rm1&noUDP&sock=startd_1547_b119>
...
006 (276961.000.000) 2025-01-24 05:31:21 Image size of job updated: 437316
	428  -  MemoryUsage of job (MB)
	437316  -  ResidentSetSize of job (KB)
...
006 (276961.000.000) 2025-01-24 05:31:58 Image size of job updated: 625620
	428  -  MemoryUsage of job (MB)
	437448  -  ResidentSetSize of job (KB)
...
005 (276961.000.000) 2025-01-24 05:31:58 Job terminated.
	(1) Normal termination (return value 0)
		Usr 0 00:04:35, Sys 0 00:00:01  -  Run Remote Usage
		Usr 0 00:00:00, Sys 0 00:00:00  -  Run Local Usage
		Usr 0 00:04:35, Sys 0 00:00:01  -  Total Remote Usage
		Usr 0 00:00:00, Sys 0 00:00:00  -  Total Local Usage
	0  -  Run Bytes Sent By Job
	0  -  Run Bytes Received By Job
	0  -  Total Bytes Sent By Job
	0  -  Total Bytes Received By Job
	Partitionable Resources :    Usage  Request Allocated 
	   Cpus                 :     8.00        1         1 
	   Disk (KB)            :    27          27    467548 
	   Memory (MB)          :   428           1       128 

	Job terminated of its own accord at 2025-01-24T05:31:58Z with exit-code 0.
...
