000 (273988.000.000) 2025-01-23 11:29:39 Job submitted from host: <192.168.0.102:9618?addrs=192.168.0.102-9618&alias=submitter&noUDP&sock=schedd_2032_5c88>
...
014 (273988.000.001) 2025-01-23 11:29:47 Node 1 executing on host: <192.168.0.147:9618?addrs=192.168.0.147-9618&alias=node147.di.rm1&noUDP&sock=startd_1513_5ee1>
...
014 (273988.000.003) 2025-01-23 11:29:47 Node 3 executing on host: <192.168.0.151:9618?addrs=192.168.0.151-9618&alias=node151.di.rm1&noUDP&sock=startd_1528_a8cd>
...
014 (273988.000.000) 2025-01-23 11:29:47 Node 0 executing on host: <192.168.0.141:9618?addrs=192.168.0.141-9618&alias=node141.di.rm1&noUDP&sock=startd_2077_3a4b>
...
014 (273988.000.002) 2025-01-23 11:29:47 Node 2 executing on host: <192.168.0.141:9618?addrs=192.168.0.141-9618&alias=node141.di.rm1&noUDP&sock=startd_2077_3a4b>
...
001 (273988.000.000) 2025-01-23 11:29:47 Job executing on host: MPI_job
...
008 (273988.000.000) 2025-01-23 11:29:49 Launching orted on Node 1 of 4
...
008 (273988.000.000) 2025-01-23 11:29:50 Launching orted on Node 3 of 4
...
008 (273988.000.000) 2025-01-23 11:29:50 Launching orted on Node 0 of 4
...
008 (273988.000.000) 2025-01-23 11:29:50 Launching orted on Node 2 of 4
...
008 (273988.000.000) 2025-01-23 11:29:54 orted exited on Node 3 of 4
...
008 (273988.000.000) 2025-01-23 11:29:54 orted exited on Node 1 of 4
...
008 (273988.000.000) 2025-01-23 11:29:54 orted exited on Node 0 of 4
...
008 (273988.000.000) 2025-01-23 11:29:54 orted exited on Node 2 of 4
...
015 (273988.000.001) 2025-01-23 11:29:54 Node 1 terminated.
	(1) Normal termination (return value 0)
		Usr 0 00:00:03, Sys 0 00:00:00  -  Run Remote Usage
		Usr 0 00:00:00, Sys 0 00:00:00  -  Run Local Usage
		Usr 0 00:00:03, Sys 0 00:00:00  -  Total Remote Usage
		Usr 0 00:00:00, Sys 0 00:00:00  -  Total Local Usage
	2165  -  Run Bytes Sent By Node
	33639  -  Run Bytes Received By Node
	2165  -  Total Bytes Sent By Node
	33639  -  Total Bytes Received By Node
...
015 (273988.000.003) 2025-01-23 11:29:54 Node 3 terminated.
	(1) Normal termination (return value 0)
		Usr 0 00:00:03, Sys 0 00:00:00  -  Run Remote Usage
		Usr 0 00:00:00, Sys 0 00:00:00  -  Run Local Usage
		Usr 0 00:00:03, Sys 0 00:00:00  -  Total Remote Usage
		Usr 0 00:00:00, Sys 0 00:00:00  -  Total Local Usage
	2165  -  Run Bytes Sent By Node
	33639  -  Run Bytes Received By Node
	2165  -  Total Bytes Sent By Node
	33639  -  Total Bytes Received By Node
...
015 (273988.000.002) 2025-01-23 11:29:55 Node 2 terminated.
	(1) Normal termination (return value 0)
		Usr 0 00:00:03, Sys 0 00:00:01  -  Run Remote Usage
		Usr 0 00:00:00, Sys 0 00:00:00  -  Run Local Usage
		Usr 0 00:00:03, Sys 0 00:00:01  -  Total Remote Usage
		Usr 0 00:00:00, Sys 0 00:00:00  -  Total Local Usage
	0  -  Run Bytes Sent By Node
	33639  -  Run Bytes Received By Node
	0  -  Total Bytes Sent By Node
	33639  -  Total Bytes Received By Node
...
015 (273988.000.000) 2025-01-23 11:29:55 Node 0 terminated.
	(1) Normal termination (return value 0)
		Usr 0 00:00:00, Sys 0 00:00:00  -  Run Remote Usage
		Usr 0 00:00:00, Sys 0 00:00:00  -  Run Local Usage
		Usr 0 00:00:00, Sys 0 00:00:00  -  Total Remote Usage
		Usr 0 00:00:00, Sys 0 00:00:00  -  Total Local Usage
	3263  -  Run Bytes Sent By Node
	33639  -  Run Bytes Received By Node
	3263  -  Total Bytes Sent By Node
	33639  -  Total Bytes Received By Node
...
005 (273988.000.000) 2025-01-23 11:29:55 Job terminated.
	(1) Normal termination (return value 0)
		Usr 0 00:00:09, Sys 0 00:00:01  -  Run Remote Usage
		Usr 0 00:00:00, Sys 0 00:00:00  -  Run Local Usage
		Usr 0 00:00:00, Sys 0 00:00:00  -  Total Remote Usage
		Usr 0 00:00:00, Sys 0 00:00:00  -  Total Local Usage
	7593  -  Run Bytes Sent By Job
	134556  -  Run Bytes Received By Job
	7593  -  Total Bytes Sent By Job
	134556  -  Total Bytes Received By Job
	Partitionable Resources :    Usage  Request Allocated 
	   Cpus                 :                 1         1 
	   Disk (KB)            :       49       35    459831 
	   Memory (MB)          :        0        0     40960 

	Job terminated of its own accord at 2025-01-23T11:29:54Z with exit-code 0.
...
000 (278733.000.000) 2025-01-24 09:19:36 Job submitted from host: <192.168.0.102:9618?addrs=192.168.0.102-9618&alias=submitter&noUDP&sock=schedd_2032_5c88>
...
014 (278733.000.000) 2025-01-24 09:19:44 Node 0 executing on host: <192.168.0.121:9618?addrs=192.168.0.121-9618&alias=node121.di.rm1&noUDP&sock=startd_2146_8e54>
...
014 (278733.000.003) 2025-01-24 09:19:44 Node 3 executing on host: <192.168.0.137:9618?addrs=192.168.0.137-9618&alias=node137.di.rm1&noUDP&sock=startd_1934_2440>
...
014 (278733.000.001) 2025-01-24 09:19:44 Node 1 executing on host: <192.168.0.151:9618?addrs=192.168.0.151-9618&alias=node151.di.rm1&noUDP&sock=startd_1528_a8cd>
...
014 (278733.000.002) 2025-01-24 09:19:44 Node 2 executing on host: <192.168.0.107:9618?addrs=192.168.0.107-9618&alias=node107.di.rm1&noUDP&sock=startd_1981_6134>
...
001 (278733.000.000) 2025-01-24 09:19:44 Job executing on host: MPI_job
...
008 (278733.000.000) 2025-01-24 09:19:46 Launching orted on Node 0 of 4
...
008 (278733.000.000) 2025-01-24 09:19:46 Launching orted on Node 3 of 4
...
008 (278733.000.000) 2025-01-24 09:19:46 Launching orted on Node 2 of 4
...
008 (278733.000.000) 2025-01-24 09:19:46 Launching orted on Node 1 of 4
...
008 (278733.000.000) 2025-01-24 09:19:50 orted exited on Node 3 of 4
...
008 (278733.000.000) 2025-01-24 09:19:50 orted exited on Node 2 of 4
...
008 (278733.000.000) 2025-01-24 09:19:50 orted exited on Node 0 of 4
...
008 (278733.000.000) 2025-01-24 09:19:50 orted exited on Node 1 of 4
...
015 (278733.000.003) 2025-01-24 09:19:50 Node 3 terminated.
	(1) Normal termination (return value 0)
		Usr 0 00:00:04, Sys 0 00:00:01  -  Run Remote Usage
		Usr 0 00:00:00, Sys 0 00:00:00  -  Run Local Usage
		Usr 0 00:00:04, Sys 0 00:00:01  -  Total Remote Usage
		Usr 0 00:00:00, Sys 0 00:00:00  -  Total Local Usage
	2165  -  Run Bytes Sent By Node
	33639  -  Run Bytes Received By Node
	2165  -  Total Bytes Sent By Node
	33639  -  Total Bytes Received By Node
...
015 (278733.000.002) 2025-01-24 09:19:50 Node 2 terminated.
	(1) Normal termination (return value 0)
		Usr 0 00:00:04, Sys 0 00:00:01  -  Run Remote Usage
		Usr 0 00:00:00, Sys 0 00:00:00  -  Run Local Usage
		Usr 0 00:00:04, Sys 0 00:00:01  -  Total Remote Usage
		Usr 0 00:00:00, Sys 0 00:00:00  -  Total Local Usage
	2165  -  Run Bytes Sent By Node
	33639  -  Run Bytes Received By Node
	2165  -  Total Bytes Sent By Node
	33639  -  Total Bytes Received By Node
...
015 (278733.000.000) 2025-01-24 09:19:50 Node 0 terminated.
	(1) Normal termination (return value 0)
		Usr 0 00:00:00, Sys 0 00:00:00  -  Run Remote Usage
		Usr 0 00:00:00, Sys 0 00:00:00  -  Run Local Usage
		Usr 0 00:00:00, Sys 0 00:00:00  -  Total Remote Usage
		Usr 0 00:00:00, Sys 0 00:00:00  -  Total Local Usage
	3257  -  Run Bytes Sent By Node
	33639  -  Run Bytes Received By Node
	3257  -  Total Bytes Sent By Node
	33639  -  Total Bytes Received By Node
...
005 (278733.000.000) 2025-01-24 09:19:51 Job terminated.
	(1) Normal termination (return value 0)
		Usr 0 00:00:11, Sys 0 00:00:02  -  Run Remote Usage
		Usr 0 00:00:00, Sys 0 00:00:00  -  Run Local Usage
		Usr 0 00:00:00, Sys 0 00:00:00  -  Total Remote Usage
		Usr 0 00:00:00, Sys 0 00:00:00  -  Total Local Usage
	7587  -  Run Bytes Sent By Job
	134556  -  Run Bytes Received By Job
	7587  -  Total Bytes Sent By Job
	134556  -  Total Bytes Received By Job
	Partitionable Resources :    Usage  Request Allocated 
	   Cpus                 :                 1         2 
	   Disk (KB)            :       49       35 102790918 
	   Memory (MB)          :        1        0    100096 

	Job terminated of its own accord at 2025-01-24T09:19:50Z with exit-code 0.
...
