000 (262474.000.000) 2025-01-17 11:14:13 Job submitted from host: <192.168.0.102:9618?addrs=192.168.0.102-9618&alias=submitter&noUDP&sock=schedd_2032_5c88>
...
001 (262474.000.000) 2025-01-17 11:14:30 Job executing on host: <192.168.0.145:9618?addrs=192.168.0.145-9618&alias=node145.di.rm1&noUDP&sock=startd_1869_8e98>
...
006 (262474.000.000) 2025-01-17 11:14:39 Image size of job updated: 1846876
	864  -  MemoryUsage of job (MB)
	884136  -  ResidentSetSize of job (KB)
...
006 (262474.000.000) 2025-01-17 11:19:41 Image size of job updated: 19336928
	18880  -  MemoryUsage of job (MB)
	19332780  -  ResidentSetSize of job (KB)
...
004 (262474.000.000) 2025-01-17 11:20:12 Job was evicted.
	(0) CPU times
		Usr 0 00:05:33, Sys 0 00:00:08  -  Run Remote Usage
		Usr 0 00:00:00, Sys 0 00:00:00  -  Run Local Usage
	0  -  Run Bytes Sent By Job
	0  -  Run Bytes Received By Job
	Partitionable Resources :    Usage  Request Allocated 
	   Cpus                 :     1.00        1         1 
	   Disk (KB)            :    27          27    462663 
	   Memory (MB)          : 18880           1       128 
...
009 (262474.000.000) 2025-01-17 11:20:12 Job was aborted.
	via condor_rm (by user calzona_2046920)
...
