000 (269025.000.000) 2025-01-21 22:16:50 Job submitted from host: <192.168.0.102:9618?addrs=192.168.0.102-9618&alias=submitter&noUDP&sock=schedd_2032_5c88>
...
001 (269025.000.000) 2025-01-21 22:16:53 Job executing on host: <192.168.0.151:9618?addrs=192.168.0.151-9618&alias=node151.di.rm1&noUDP&sock=startd_1528_a8cd>
...
006 (269025.000.000) 2025-01-21 22:17:02 Image size of job updated: 270488
	265  -  MemoryUsage of job (MB)
	270488  -  ResidentSetSize of job (KB)
...
006 (269025.000.000) 2025-01-21 22:17:34 Image size of job updated: 274324
	265  -  MemoryUsage of job (MB)
	270488  -  ResidentSetSize of job (KB)
...
004 (269025.000.000) 2025-01-21 22:17:35 Job was evicted.
	(0) CPU times
		Usr 0 00:00:39, Sys 0 00:00:00  -  Run Remote Usage
		Usr 0 00:00:00, Sys 0 00:00:00  -  Run Local Usage
	0  -  Run Bytes Sent By Job
	0  -  Run Bytes Received By Job
	Partitionable Resources :    Usage  Request Allocated 
	   Cpus                 :                 1         1 
	   Disk (KB)            :       27       27    474791 
	   Memory (MB)          :      265        1       128 
...
009 (269025.000.000) 2025-01-21 22:17:35 Job was aborted.
	via condor_rm (by user calzona_2046920)
...
000 (269177.000.000) 2025-01-21 22:24:44 Job submitted from host: <192.168.0.102:9618?addrs=192.168.0.102-9618&alias=submitter&noUDP&sock=schedd_2032_5c88>
...
001 (269177.000.000) 2025-01-21 22:24:46 Job executing on host: <192.168.0.151:9618?addrs=192.168.0.151-9618&alias=node151.di.rm1&noUDP&sock=startd_1528_a8cd>
...
006 (269177.000.000) 2025-01-21 22:24:55 Image size of job updated: 274324
	263  -  MemoryUsage of job (MB)
	269152  -  ResidentSetSize of job (KB)
...
004 (269177.000.000) 2025-01-21 22:25:03 Job was evicted.
	(0) CPU times
		Usr 0 00:00:16, Sys 0 00:00:00  -  Run Remote Usage
		Usr 0 00:00:00, Sys 0 00:00:00  -  Run Local Usage
	0  -  Run Bytes Sent By Job
	0  -  Run Bytes Received By Job
	Partitionable Resources :    Usage  Request Allocated 
	   Cpus                 :                 1         1 
	   Disk (KB)            :       27       27    474791 
	   Memory (MB)          :      263        1       128 
...
009 (269177.000.000) 2025-01-21 22:25:03 Job was aborted.
	via condor_rm (by user calzona_2046920)
...
000 (275367.000.000) 2025-01-24 02:21:47 Job submitted from host: <192.168.0.102:9618?addrs=192.168.0.102-9618&alias=submitter&noUDP&sock=schedd_2032_5c88>
...
001 (275367.000.000) 2025-01-24 02:21:48 Job executing on host: <192.168.0.149:9618?addrs=192.168.0.149-9618&alias=node149.di.rm1&noUDP&sock=startd_1551_6f7a>
...
006 (275367.000.000) 2025-01-24 02:21:57 Image size of job updated: 269880
	264  -  MemoryUsage of job (MB)
	269352  -  ResidentSetSize of job (KB)
...
006 (275367.000.000) 2025-01-24 02:23:50 Image size of job updated: 274324
	264  -  MemoryUsage of job (MB)
	269352  -  ResidentSetSize of job (KB)
...
004 (275367.000.000) 2025-01-24 02:23:50 Job was evicted.
	(0) CPU times
		Usr 0 00:02:00, Sys 0 00:00:01  -  Run Remote Usage
		Usr 0 00:00:00, Sys 0 00:00:00  -  Run Local Usage
	0  -  Run Bytes Sent By Job
	0  -  Run Bytes Received By Job
	Partitionable Resources :    Usage  Request Allocated 
	   Cpus                 :     1.00        1         1 
	   Disk (KB)            :    27          27    471944 
	   Memory (MB)          :   264           1       128 
...
009 (275367.000.000) 2025-01-24 02:23:50 Job was aborted.
	via condor_rm (by user calzona_2046920)
...
