000 (264279.000.000) 2025-01-17 11:21:19 Job submitted from host: <192.168.0.102:9618?addrs=192.168.0.102-9618&alias=submitter&noUDP&sock=schedd_2032_5c88>
...
001 (264279.000.000) 2025-01-17 11:21:31 Job executing on host: <192.168.0.116:9618?addrs=192.168.0.116-9618&alias=node116.di.rm1&noUDP&sock=startd_1847_7783>
...
006 (264279.000.000) 2025-01-17 11:21:40 Image size of job updated: 1423692
	383  -  MemoryUsage of job (MB)
	391380  -  ResidentSetSize of job (KB)
...
006 (264279.000.000) 2025-01-17 11:27:36 Image size of job updated: 8191596
	7094  -  MemoryUsage of job (MB)
	7263736  -  ResidentSetSize of job (KB)
...
006 (264279.000.000) 2025-01-17 11:33:08 Image size of job updated: 8865192
	7859  -  MemoryUsage of job (MB)
	8047076  -  ResidentSetSize of job (KB)
...
006 (264279.000.000) 2025-01-17 11:33:20 Image size of job updated: 9259872
	7885  -  MemoryUsage of job (MB)
	8073872  -  ResidentSetSize of job (KB)
...
004 (264279.000.000) 2025-01-17 11:33:20 Job was evicted.
	(0) CPU times
		Usr 0 00:03:31, Sys 0 00:02:09  -  Run Remote Usage
		Usr 0 00:00:00, Sys 0 00:00:00  -  Run Local Usage
	0  -  Run Bytes Sent By Job
	0  -  Run Bytes Received By Job
	Partitionable Resources :    Usage  Request Allocated 
	   Cpus                 :     0.44        1         1 
	   Disk (KB)            :    27          27    474557 
	   Memory (MB)          :  7885           1       128 
...
009 (264279.000.000) 2025-01-17 11:33:20 Job was aborted.
	via condor_rm (by user calzona_2046920)
...
