000 (271391.000.000) 2025-01-22 00:57:39 Job submitted from host: <192.168.0.102:9618?addrs=192.168.0.102-9618&alias=submitter&noUDP&sock=schedd_2032_5c88>
...
001 (271391.000.000) 2025-01-22 00:57:48 Job executing on host: <192.168.0.139:9618?addrs=192.168.0.139-9618&alias=node139.di.rm1&noUDP&sock=startd_1966_1748>
...
006 (271391.000.000) 2025-01-22 00:57:56 Image size of job updated: 393744
	382  -  MemoryUsage of job (MB)
	390840  -  ResidentSetSize of job (KB)
...
006 (271391.000.000) 2025-01-22 00:58:40 Image size of job updated: 2387076
	383  -  MemoryUsage of job (MB)
	391368  -  ResidentSetSize of job (KB)
...
004 (271391.000.000) 2025-01-22 00:58:40 Job was evicted.
	(0) CPU times
		Usr 0 00:00:51, Sys 0 00:00:01  -  Run Remote Usage
		Usr 0 00:00:00, Sys 0 00:00:00  -  Run Local Usage
	0  -  Run Bytes Sent By Job
	0  -  Run Bytes Received By Job
	Partitionable Resources :    Usage  Request Allocated 
	   Cpus                 :                 1         1 
	   Disk (KB)            :       27       27    460637 
	   Memory (MB)          :      383        1       128 
...
009 (271391.000.000) 2025-01-22 00:58:41 Job was aborted.
	via condor_rm (by user calzona_2046920)
...
