000 (270390.000.000) 2025-01-21 23:48:18 Job submitted from host: <192.168.0.102:9618?addrs=192.168.0.102-9618&alias=submitter&noUDP&sock=schedd_2032_5c88>
...
001 (270390.000.000) 2025-01-21 23:48:19 Job executing on host: <192.168.0.151:9618?addrs=192.168.0.151-9618&alias=node151.di.rm1&noUDP&sock=startd_1528_a8cd>
...
006 (270390.000.000) 2025-01-21 23:48:28 Image size of job updated: 298376
	270  -  MemoryUsage of job (MB)
	275748  -  ResidentSetSize of job (KB)
...
004 (270390.000.000) 2025-01-21 23:49:20 Job was evicted.
	(0) CPU times
		Usr 0 00:03:31, Sys 0 00:00:00  -  Run Remote Usage
		Usr 0 00:00:00, Sys 0 00:00:00  -  Run Local Usage
	0  -  Run Bytes Sent By Job
	0  -  Run Bytes Received By Job
	Partitionable Resources :    Usage  Request Allocated 
	   Cpus                 :        0        1         1 
	   Disk (KB)            :       27       27    474791 
	   Memory (MB)          :      270        1       128 
...
009 (270390.000.000) 2025-01-21 23:49:20 Job was aborted.
	via condor_rm (by user calzona_2046920)
...
000 (276544.000.000) 2025-01-24 04:44:45 Job submitted from host: <192.168.0.102:9618?addrs=192.168.0.102-9618&alias=submitter&noUDP&sock=schedd_2032_5c88>
...
001 (276544.000.000) 2025-01-24 04:44:54 Job executing on host: <192.168.0.122:9618?addrs=192.168.0.122-9618&alias=node122.di.rm1&noUDP&sock=startd_2134_5331>
...
006 (276544.000.000) 2025-01-24 04:45:02 Image size of job updated: 278836
	269  -  MemoryUsage of job (MB)
	274744  -  ResidentSetSize of job (KB)
...
006 (276544.000.000) 2025-01-24 04:46:04 Image size of job updated: 298376
	269  -  MemoryUsage of job (MB)
	274744  -  ResidentSetSize of job (KB)
...
005 (276544.000.000) 2025-01-24 04:46:04 Job terminated.
	(1) Normal termination (return value 0)
		Usr 0 00:04:22, Sys 0 00:00:01  -  Run Remote Usage
		Usr 0 00:00:00, Sys 0 00:00:00  -  Run Local Usage
		Usr 0 00:04:22, Sys 0 00:00:01  -  Total Remote Usage
		Usr 0 00:00:00, Sys 0 00:00:00  -  Total Local Usage
	0  -  Run Bytes Sent By Job
	0  -  Run Bytes Received By Job
	0  -  Total Bytes Sent By Job
	0  -  Total Bytes Received By Job
	Partitionable Resources :    Usage  Request Allocated 
	   Cpus                 :                 1         1 
	   Disk (KB)            :       27       27    499915 
	   Gpus (Average)       :                 0         0 
	   Memory (MB)          :      269        1       128 

	Job terminated of its own accord at 2025-01-24T04:46:04Z with exit-code 0.
...
