000 (263674.000.000) 2025-01-17 11:21:01 Job submitted from host: <192.168.0.102:9618?addrs=192.168.0.102-9618&alias=submitter&noUDP&sock=schedd_2032_5c88>
...
001 (263674.000.000) 2025-01-17 11:21:05 Job executing on host: <192.168.0.143:9618?addrs=192.168.0.143-9618&alias=node143.di.rm1&noUDP&sock=startd_2061_40c7>
...
006 (263674.000.000) 2025-01-17 11:21:13 Image size of job updated: 1479000
	439  -  MemoryUsage of job (MB)
	448932  -  ResidentSetSize of job (KB)
...
006 (263674.000.000) 2025-01-17 11:26:13 Image size of job updated: 11443152
	11098  -  MemoryUsage of job (MB)
	11363484  -  ResidentSetSize of job (KB)
...
006 (263674.000.000) 2025-01-17 11:31:14 Image size of job updated: 19345276
	18880  -  MemoryUsage of job (MB)
	19332688  -  ResidentSetSize of job (KB)
...
005 (263674.000.000) 2025-01-17 11:32:50 Job terminated.
	(1) Normal termination (return value 0)
		Usr 0 00:12:11, Sys 0 00:00:41  -  Run Remote Usage
		Usr 0 00:00:00, Sys 0 00:00:00  -  Run Local Usage
		Usr 0 00:12:11, Sys 0 00:00:41  -  Total Remote Usage
		Usr 0 00:00:00, Sys 0 00:00:00  -  Total Local Usage
	0  -  Run Bytes Sent By Job
	0  -  Run Bytes Received By Job
	0  -  Total Bytes Sent By Job
	0  -  Total Bytes Received By Job
	Partitionable Resources :    Usage  Request Allocated 
	   Cpus                 :     0.87        1         1 
	   Disk (KB)            :    27          27    459633 
	   Memory (MB)          : 18880           1       128 

	Job terminated of its own accord at 2025-01-17T11:32:50Z with exit-code 0.
...
