000 (280540.000.000) 2025-01-25 16:52:36 Job submitted from host: <192.168.0.102:9618?addrs=192.168.0.102-9618&alias=submitter&noUDP&sock=schedd_2032_5c88>
...
014 (280540.000.001) 2025-01-25 16:52:41 Node 1 executing on host: <192.168.0.140:9618?addrs=192.168.0.140-9618&alias=node140.di.rm1&noUDP&sock=startd_1890_f615>
...
014 (280540.000.000) 2025-01-25 16:52:41 Node 0 executing on host: <192.168.0.145:9618?addrs=192.168.0.145-9618&alias=node145.di.rm1&noUDP&sock=startd_1869_8e98>
...
001 (280540.000.000) 2025-01-25 16:52:41 Job executing on host: MPI_job
...
008 (280540.000.000) 2025-01-25 16:52:43 Launching orted on Node 1 of 2
...
008 (280540.000.000) 2025-01-25 16:52:44 Launching orted on Node 0 of 2
...
008 (280540.000.000) 2025-01-25 16:52:58 orted exited on Node 1 of 2
...
008 (280540.000.000) 2025-01-25 16:52:58 orted exited on Node 0 of 2
...
015 (280540.000.001) 2025-01-25 16:52:58 Node 1 terminated.
	(1) Normal termination (return value 0)
		Usr 0 00:00:14, Sys 0 00:00:01  -  Run Remote Usage
		Usr 0 00:00:00, Sys 0 00:00:00  -  Run Local Usage
		Usr 0 00:00:14, Sys 0 00:00:01  -  Total Remote Usage
		Usr 0 00:00:00, Sys 0 00:00:00  -  Total Local Usage
	2165  -  Run Bytes Sent By Node
	33639  -  Run Bytes Received By Node
	2165  -  Total Bytes Sent By Node
	33639  -  Total Bytes Received By Node
...
015 (280540.000.000) 2025-01-25 16:52:58 Node 0 terminated.
	(1) Normal termination (return value 0)
		Usr 0 00:00:06, Sys 0 00:00:03  -  Run Remote Usage
		Usr 0 00:00:00, Sys 0 00:00:00  -  Run Local Usage
		Usr 0 00:00:06, Sys 0 00:00:03  -  Total Remote Usage
		Usr 0 00:00:00, Sys 0 00:00:00  -  Total Local Usage
	3263  -  Run Bytes Sent By Node
	33639  -  Run Bytes Received By Node
	3263  -  Total Bytes Sent By Node
	33639  -  Total Bytes Received By Node
...
005 (280540.000.000) 2025-01-25 16:52:58 Job terminated.
	(1) Normal termination (return value 0)
		Usr 0 00:00:20, Sys 0 00:00:04  -  Run Remote Usage
		Usr 0 00:00:00, Sys 0 00:00:00  -  Run Local Usage
		Usr 0 00:00:06, Sys 0 00:00:02  -  Total Remote Usage
		Usr 0 00:00:00, Sys 0 00:00:00  -  Total Local Usage
	5428  -  Run Bytes Sent By Job
	67278  -  Run Bytes Received By Job
	5428  -  Total Bytes Sent By Job
	67278  -  Total Bytes Received By Job
	Partitionable Resources :    Usage  Request Allocated 
	   Cpus                 :                 1         2 
	   Disk (KB)            :       49       35 102711052 
	   Memory (MB)          :      315        0    100096 

	Job terminated of its own accord at 2025-01-25T16:52:58Z with exit-code 0.
...
