000 (279127.000.000) 2025-01-24 10:18:18 Job submitted from host: <192.168.0.102:9618?addrs=192.168.0.102-9618&alias=submitter&noUDP&sock=schedd_2032_5c88>
...
014 (279127.000.000) 2025-01-24 10:18:35 Node 0 executing on host: <192.168.0.149:9618?addrs=192.168.0.149-9618&alias=node149.di.rm1&noUDP&sock=startd_1551_6f7a>
...
014 (279127.000.001) 2025-01-24 10:18:35 Node 1 executing on host: <192.168.0.123:9618?addrs=192.168.0.123-9618&alias=node123.di.rm1&noUDP&sock=startd_2149_9d1d>
...
014 (279127.000.004) 2025-01-24 10:18:35 Node 4 executing on host: <192.168.0.133:9618?addrs=192.168.0.133-9618&alias=node133.di.rm1&noUDP&sock=startd_1941_f16a>
...
014 (279127.000.002) 2025-01-24 10:18:35 Node 2 executing on host: <192.168.0.141:9618?addrs=192.168.0.141-9618&alias=node141.di.rm1&noUDP&sock=startd_2077_3a4b>
...
014 (279127.000.007) 2025-01-24 10:18:35 Node 7 executing on host: <192.168.0.148:9618?addrs=192.168.0.148-9618&alias=node148.di.rm1&noUDP&sock=startd_1547_b119>
...
014 (279127.000.005) 2025-01-24 10:18:35 Node 5 executing on host: <192.168.0.139:9618?addrs=192.168.0.139-9618&alias=node139.di.rm1&noUDP&sock=startd_1966_1748>
...
014 (279127.000.006) 2025-01-24 10:18:35 Node 6 executing on host: <192.168.0.104:9618?addrs=192.168.0.104-9618&alias=node104.di.rm1&noUDP&sock=startd_1987_7ec5>
...
014 (279127.000.003) 2025-01-24 10:18:35 Node 3 executing on host: <192.168.0.124:9618?addrs=192.168.0.124-9618&alias=node124.di.rm1&noUDP&sock=startd_2143_7f8b>
...
001 (279127.000.000) 2025-01-24 10:18:35 Job executing on host: MPI_job
...
008 (279127.000.000) 2025-01-24 10:18:37 Launching orted on Node 0 of 8
...
008 (279127.000.000) 2025-01-24 10:18:37 Launching orted on Node 1 of 8
...
008 (279127.000.000) 2025-01-24 10:18:37 Launching orted on Node 7 of 8
...
008 (279127.000.000) 2025-01-24 10:18:37 Launching orted on Node 4 of 8
...
008 (279127.000.000) 2025-01-24 10:18:37 Launching orted on Node 6 of 8
...
008 (279127.000.000) 2025-01-24 10:18:37 Launching orted on Node 5 of 8
...
008 (279127.000.000) 2025-01-24 10:18:37 Launching orted on Node 3 of 8
...
008 (279127.000.000) 2025-01-24 10:18:37 Launching orted on Node 2 of 8
...
008 (279127.000.000) 2025-01-24 10:18:37 orted exited on Node 1 of 8
...
008 (279127.000.000) 2025-01-24 10:18:37 orted exited on Node 4 of 8
...
008 (279127.000.000) 2025-01-24 10:18:37 orted exited on Node 7 of 8
...
008 (279127.000.000) 2025-01-24 10:18:37 orted exited on Node 6 of 8
...
008 (279127.000.000) 2025-01-24 10:18:37 orted exited on Node 5 of 8
...
008 (279127.000.000) 2025-01-24 10:18:37 orted exited on Node 3 of 8
...
008 (279127.000.000) 2025-01-24 10:18:37 orted exited on Node 0 of 8
...
008 (279127.000.000) 2025-01-24 10:18:37 orted exited on Node 2 of 8
...
015 (279127.000.007) 2025-01-24 10:18:37 Node 7 terminated.
	(1) Normal termination (return value 0)
		Usr 0 00:00:00, Sys 0 00:00:00  -  Run Remote Usage
		Usr 0 00:00:00, Sys 0 00:00:00  -  Run Local Usage
		Usr 0 00:00:00, Sys 0 00:00:00  -  Total Remote Usage
		Usr 0 00:00:00, Sys 0 00:00:00  -  Total Local Usage
	2165  -  Run Bytes Sent By Node
	33639  -  Run Bytes Received By Node
	2165  -  Total Bytes Sent By Node
	33639  -  Total Bytes Received By Node
...
015 (279127.000.000) 2025-01-24 10:18:37 Node 0 terminated.
	(1) Normal termination (return value 0)
		Usr 0 00:00:00, Sys 0 00:00:00  -  Run Remote Usage
		Usr 0 00:00:00, Sys 0 00:00:00  -  Run Local Usage
		Usr 0 00:00:00, Sys 0 00:00:00  -  Total Remote Usage
		Usr 0 00:00:00, Sys 0 00:00:00  -  Total Local Usage
	3262  -  Run Bytes Sent By Node
	33639  -  Run Bytes Received By Node
	3262  -  Total Bytes Sent By Node
	33639  -  Total Bytes Received By Node
...
015 (279127.000.004) 2025-01-24 10:18:37 Node 4 terminated.
	(1) Normal termination (return value 0)
		Usr 0 00:00:00, Sys 0 00:00:00  -  Run Remote Usage
		Usr 0 00:00:00, Sys 0 00:00:00  -  Run Local Usage
		Usr 0 00:00:00, Sys 0 00:00:00  -  Total Remote Usage
		Usr 0 00:00:00, Sys 0 00:00:00  -  Total Local Usage
	2165  -  Run Bytes Sent By Node
	33639  -  Run Bytes Received By Node
	2165  -  Total Bytes Sent By Node
	33639  -  Total Bytes Received By Node
...
005 (279127.000.000) 2025-01-24 10:18:37 Job terminated.
	(1) Normal termination (return value 0)
		Usr 0 00:00:01, Sys 0 00:00:00  -  Run Remote Usage
		Usr 0 00:00:00, Sys 0 00:00:00  -  Run Local Usage
		Usr 0 00:00:00, Sys 0 00:00:00  -  Total Remote Usage
		Usr 0 00:00:00, Sys 0 00:00:00  -  Total Local Usage
	9757  -  Run Bytes Sent By Job
	269112  -  Run Bytes Received By Job
	9757  -  Total Bytes Sent By Job
	269112  -  Total Bytes Received By Job
	Partitionable Resources :    Usage  Request Allocated 
	   Cpus                 :                 1         2 
	   Disk (KB)            :       50       35 102883670 
	   Memory (MB)          :        0        1    100096 

	Job terminated of its own accord at 2025-01-24T10:18:37Z with exit-code 0.
...
000 (287440.000.000) 2025-01-28 17:12:57 Job submitted from host: <192.168.0.102:9618?addrs=192.168.0.102-9618&alias=submitter&noUDP&sock=schedd_2032_5c88>
...
014 (287440.000.000) 2025-01-28 17:13:04 Node 0 executing on host: <192.168.0.108:9618?addrs=192.168.0.108-9618&alias=node108.di.rm1&noUDP&sock=startd_1979_0203>
...
014 (287440.000.006) 2025-01-28 17:13:04 Node 6 executing on host: <192.168.0.109:9618?addrs=192.168.0.109-9618&alias=node109.di.rm1&noUDP&sock=startd_1627_90ad>
...
014 (287440.000.004) 2025-01-28 17:13:04 Node 4 executing on host: <192.168.0.109:9618?addrs=192.168.0.109-9618&alias=node109.di.rm1&noUDP&sock=startd_1627_90ad>
...
014 (287440.000.002) 2025-01-28 17:13:04 Node 2 executing on host: <192.168.0.133:9618?addrs=192.168.0.133-9618&alias=node133.di.rm1&noUDP&sock=startd_1941_f16a>
...
014 (287440.000.003) 2025-01-28 17:13:05 Node 3 executing on host: <192.168.0.112:9618?addrs=192.168.0.112-9618&alias=node112.di.rm1&noUDP&sock=startd_2169_5502>
...
014 (287440.000.001) 2025-01-28 17:13:05 Node 1 executing on host: <192.168.0.122:9618?addrs=192.168.0.122-9618&alias=node122.di.rm1&noUDP&sock=startd_2134_5331>
...
014 (287440.000.007) 2025-01-28 17:13:05 Node 7 executing on host: <192.168.0.113:9618?addrs=192.168.0.113-9618&alias=node113.di.rm1&noUDP&sock=startd_3668932_c305>
...
014 (287440.000.005) 2025-01-28 17:13:05 Node 5 executing on host: <192.168.0.143:9618?addrs=192.168.0.143-9618&alias=node143.di.rm1&noUDP&sock=startd_2061_40c7>
...
001 (287440.000.000) 2025-01-28 17:13:05 Job executing on host: MPI_job
...
008 (287440.000.000) 2025-01-28 17:13:06 Launching orted on Node 0 of 8
...
008 (287440.000.000) 2025-01-28 17:13:06 Launching orted on Node 4 of 8
...
008 (287440.000.000) 2025-01-28 17:13:06 Launching orted on Node 6 of 8
...
008 (287440.000.000) 2025-01-28 17:13:07 Launching orted on Node 2 of 8
...
008 (287440.000.000) 2025-01-28 17:13:07 Launching orted on Node 3 of 8
...
008 (287440.000.000) 2025-01-28 17:13:07 Launching orted on Node 1 of 8
...
008 (287440.000.000) 2025-01-28 17:13:07 Launching orted on Node 5 of 8
...
008 (287440.000.000) 2025-01-28 17:13:07 Launching orted on Node 7 of 8
...
008 (287440.000.000) 2025-01-28 17:13:08 orted exited on Node 6 of 8
...
008 (287440.000.000) 2025-01-28 17:13:08 orted exited on Node 2 of 8
...
008 (287440.000.000) 2025-01-28 17:13:08 orted exited on Node 3 of 8
...
008 (287440.000.000) 2025-01-28 17:13:08 orted exited on Node 7 of 8
...
008 (287440.000.000) 2025-01-28 17:13:08 orted exited on Node 0 of 8
...
008 (287440.000.000) 2025-01-28 17:13:08 orted exited on Node 1 of 8
...
008 (287440.000.000) 2025-01-28 17:13:08 orted exited on Node 5 of 8
...
008 (287440.000.000) 2025-01-28 17:13:08 orted exited on Node 4 of 8
...
015 (287440.000.003) 2025-01-28 17:13:08 Node 3 terminated.
	(1) Normal termination (return value 0)
		Usr 0 00:00:00, Sys 0 00:00:00  -  Run Remote Usage
		Usr 0 00:00:00, Sys 0 00:00:00  -  Run Local Usage
		Usr 0 00:00:00, Sys 0 00:00:00  -  Total Remote Usage
		Usr 0 00:00:00, Sys 0 00:00:00  -  Total Local Usage
	2187  -  Run Bytes Sent By Node
	33591  -  Run Bytes Received By Node
	2187  -  Total Bytes Sent By Node
	33591  -  Total Bytes Received By Node
...
015 (287440.000.004) 2025-01-28 17:13:08 Node 4 terminated.
	(1) Normal termination (return value 0)
		Usr 0 00:00:00, Sys 0 00:00:00  -  Run Remote Usage
		Usr 0 00:00:00, Sys 0 00:00:00  -  Run Local Usage
		Usr 0 00:00:00, Sys 0 00:00:00  -  Total Remote Usage
		Usr 0 00:00:00, Sys 0 00:00:00  -  Total Local Usage
	2165  -  Run Bytes Sent By Node
	33591  -  Run Bytes Received By Node
	2165  -  Total Bytes Sent By Node
	33591  -  Total Bytes Received By Node
...
015 (287440.000.000) 2025-01-28 17:13:08 Node 0 terminated.
	(1) Normal termination (return value 0)
		Usr 0 00:00:01, Sys 0 00:00:00  -  Run Remote Usage
		Usr 0 00:00:00, Sys 0 00:00:00  -  Run Local Usage
		Usr 0 00:00:01, Sys 0 00:00:00  -  Total Remote Usage
		Usr 0 00:00:00, Sys 0 00:00:00  -  Total Local Usage
	3262  -  Run Bytes Sent By Node
	33591  -  Run Bytes Received By Node
	3262  -  Total Bytes Sent By Node
	33591  -  Total Bytes Received By Node
...
005 (287440.000.000) 2025-01-28 17:13:08 Job terminated.
	(1) Normal termination (return value 0)
		Usr 0 00:00:01, Sys 0 00:00:00  -  Run Remote Usage
		Usr 0 00:00:00, Sys 0 00:00:00  -  Run Local Usage
		Usr 0 00:00:01, Sys 0 00:00:00  -  Total Remote Usage
		Usr 0 00:00:00, Sys 0 00:00:00  -  Total Local Usage
	18483  -  Run Bytes Sent By Job
	268728  -  Run Bytes Received By Job
	18483  -  Total Bytes Sent By Job
	268728  -  Total Bytes Received By Job
	Partitionable Resources :    Usage  Request Allocated 
	   Cpus                 :                 1         2 
	   Disk (KB)            :       51       35 102886886 
	   Memory (MB)          :        0        0    100096 

	Job terminated of its own accord at 2025-01-28T17:13:08Z with exit-code 0.
...
