000 (262234.000.000) 2025-01-16 18:01:04 Job submitted from host: <192.168.0.102:9618?addrs=192.168.0.102-9618&alias=submitter&noUDP&sock=schedd_2032_5c88>
...
001 (262234.000.000) 2025-01-16 18:01:19 Job executing on host: <192.168.0.108:9618?addrs=192.168.0.108-9618&alias=node108.di.rm1&noUDP&sock=startd_1979_0203>
...
006 (262234.000.000) 2025-01-16 18:01:28 Image size of job updated: 1470024
	503  -  MemoryUsage of job (MB)
	514932  -  ResidentSetSize of job (KB)
...
006 (262234.000.000) 2025-01-16 18:06:29 Image size of job updated: 16780704
	16385  -  MemoryUsage of job (MB)
	16777464  -  ResidentSetSize of job (KB)
...
006 (262234.000.000) 2025-01-16 18:11:30 Image size of job updated: 19440628
	18943  -  MemoryUsage of job (MB)
	19397568  -  ResidentSetSize of job (KB)
...
004 (262234.000.000) 2025-01-16 18:16:24 Job was evicted.
	(0) CPU times
		Usr 0 02:33:32, Sys 0 00:00:13  -  Run Remote Usage
		Usr 0 00:00:00, Sys 0 00:00:00  -  Run Local Usage
	0  -  Run Bytes Sent By Job
	0  -  Run Bytes Received By Job
	Partitionable Resources :    Usage  Request Allocated 
	   Cpus                 :    16.00        1         1 
	   Disk (KB)            :    27          27    474134 
	   Memory (MB)          : 18943           1       128 
...
009 (262234.000.000) 2025-01-16 18:16:24 Job was aborted.
	via condor_rm (by user calzona_2046920)
...
