000 (273938.000.000) 2025-01-23 11:27:25 Job submitted from host: <192.168.0.102:9618?addrs=192.168.0.102-9618&alias=submitter&noUDP&sock=schedd_2032_5c88>
...
014 (273938.000.002) 2025-01-23 11:27:34 Node 2 executing on host: <192.168.0.113:9618?addrs=192.168.0.113-9618&alias=node113.di.rm1&noUDP&sock=startd_3668932_c305>
...
014 (273938.000.000) 2025-01-23 11:27:34 Node 0 executing on host: <192.168.0.132:9618?addrs=192.168.0.132-9618&alias=node132.di.rm1&noUDP&sock=startd_1999_b9e8>
...
014 (273938.000.001) 2025-01-23 11:27:34 Node 1 executing on host: <192.168.0.108:9618?addrs=192.168.0.108-9618&alias=node108.di.rm1&noUDP&sock=startd_1979_0203>
...
014 (273938.000.003) 2025-01-23 11:27:34 Node 3 executing on host: <192.168.0.148:9618?addrs=192.168.0.148-9618&alias=node148.di.rm1&noUDP&sock=startd_1547_b119>
...
001 (273938.000.000) 2025-01-23 11:27:34 Job executing on host: MPI_job
...
008 (273938.000.000) 2025-01-23 11:27:36 Launching orted on Node 0 of 4
...
008 (273938.000.000) 2025-01-23 11:27:36 Launching orted on Node 2 of 4
...
008 (273938.000.000) 2025-01-23 11:27:36 Launching orted on Node 3 of 4
...
008 (273938.000.000) 2025-01-23 11:27:36 Launching orted on Node 1 of 4
...
008 (273938.000.000) 2025-01-23 11:27:36 orted exited on Node 0 of 4
...
008 (273938.000.000) 2025-01-23 11:27:36 orted exited on Node 2 of 4
...
008 (273938.000.000) 2025-01-23 11:27:36 orted exited on Node 3 of 4
...
008 (273938.000.000) 2025-01-23 11:27:36 orted exited on Node 1 of 4
...
015 (273938.000.000) 2025-01-23 11:27:37 Node 0 terminated.
	(1) Normal termination (return value 0)
		Usr 0 00:00:00, Sys 0 00:00:00  -  Run Remote Usage
		Usr 0 00:00:00, Sys 0 00:00:00  -  Run Local Usage
		Usr 0 00:00:00, Sys 0 00:00:00  -  Total Remote Usage
		Usr 0 00:00:00, Sys 0 00:00:00  -  Total Local Usage
	3262  -  Run Bytes Sent By Node
	33639  -  Run Bytes Received By Node
	3262  -  Total Bytes Sent By Node
	33639  -  Total Bytes Received By Node
...
005 (273938.000.000) 2025-01-23 11:27:37 Job terminated.
	(1) Normal termination (return value 0)
		Usr 0 00:00:01, Sys 0 00:00:00  -  Run Remote Usage
		Usr 0 00:00:00, Sys 0 00:00:00  -  Run Local Usage
		Usr 0 00:00:00, Sys 0 00:00:00  -  Total Remote Usage
		Usr 0 00:00:00, Sys 0 00:00:00  -  Total Local Usage
	3262  -  Run Bytes Sent By Job
	134556  -  Run Bytes Received By Job
	3262  -  Total Bytes Sent By Job
	134556  -  Total Bytes Received By Job
	Partitionable Resources :    Usage  Request Allocated 
	   Cpus                 :                 1         2 
	   Disk (KB)            :       49       35 103028807 
	   Memory (MB)          :        0        0    100096 

	Job terminated of its own accord at 2025-01-23T11:27:37Z with exit-code 0.
...
000 (278686.000.000) 2025-01-24 09:17:48 Job submitted from host: <192.168.0.102:9618?addrs=192.168.0.102-9618&alias=submitter&noUDP&sock=schedd_2032_5c88>
...
014 (278686.000.000) 2025-01-24 09:17:56 Node 0 executing on host: <192.168.0.134:9618?addrs=192.168.0.134-9618&alias=node134.di.rm1&noUDP&sock=startd_2073_7bea>
...
014 (278686.000.001) 2025-01-24 09:17:56 Node 1 executing on host: <192.168.0.149:9618?addrs=192.168.0.149-9618&alias=node149.di.rm1&noUDP&sock=startd_1551_6f7a>
...
014 (278686.000.002) 2025-01-24 09:17:56 Node 2 executing on host: <192.168.0.135:9618?addrs=192.168.0.135-9618&alias=node135.di.rm1&noUDP&sock=startd_2000_6980>
...
014 (278686.000.003) 2025-01-24 09:17:56 Node 3 executing on host: <192.168.0.115:9618?addrs=192.168.0.115-9618&alias=node115.di.rm1&noUDP&sock=startd_1101621_f4a0>
...
001 (278686.000.000) 2025-01-24 09:17:56 Job executing on host: MPI_job
...
008 (278686.000.000) 2025-01-24 09:17:58 Launching orted on Node 0 of 4
...
008 (278686.000.000) 2025-01-24 09:17:58 Launching orted on Node 3 of 4
...
008 (278686.000.000) 2025-01-24 09:17:58 Launching orted on Node 2 of 4
...
008 (278686.000.000) 2025-01-24 09:17:58 Launching orted on Node 1 of 4
...
008 (278686.000.000) 2025-01-24 09:17:59 orted exited on Node 3 of 4
...
008 (278686.000.000) 2025-01-24 09:17:59 orted exited on Node 0 of 4
...
008 (278686.000.000) 2025-01-24 09:17:59 orted exited on Node 1 of 4
...
008 (278686.000.000) 2025-01-24 09:17:59 orted exited on Node 2 of 4
...
015 (278686.000.003) 2025-01-24 09:17:59 Node 3 terminated.
	(1) Normal termination (return value 0)
		Usr 0 00:00:00, Sys 0 00:00:00  -  Run Remote Usage
		Usr 0 00:00:00, Sys 0 00:00:00  -  Run Local Usage
		Usr 0 00:00:00, Sys 0 00:00:00  -  Total Remote Usage
		Usr 0 00:00:00, Sys 0 00:00:00  -  Total Local Usage
	2165  -  Run Bytes Sent By Node
	33639  -  Run Bytes Received By Node
	2165  -  Total Bytes Sent By Node
	33639  -  Total Bytes Received By Node
...
015 (278686.000.000) 2025-01-24 09:17:59 Node 0 terminated.
	(1) Normal termination (return value 0)
		Usr 0 00:00:00, Sys 0 00:00:00  -  Run Remote Usage
		Usr 0 00:00:00, Sys 0 00:00:00  -  Run Local Usage
		Usr 0 00:00:00, Sys 0 00:00:00  -  Total Remote Usage
		Usr 0 00:00:00, Sys 0 00:00:00  -  Total Local Usage
	3256  -  Run Bytes Sent By Node
	33639  -  Run Bytes Received By Node
	3256  -  Total Bytes Sent By Node
	33639  -  Total Bytes Received By Node
...
005 (278686.000.000) 2025-01-24 09:17:59 Job terminated.
	(1) Normal termination (return value 0)
		Usr 0 00:00:00, Sys 0 00:00:00  -  Run Remote Usage
		Usr 0 00:00:00, Sys 0 00:00:00  -  Run Local Usage
		Usr 0 00:00:00, Sys 0 00:00:00  -  Total Remote Usage
		Usr 0 00:00:00, Sys 0 00:00:00  -  Total Local Usage
	5421  -  Run Bytes Sent By Job
	134556  -  Run Bytes Received By Job
	5421  -  Total Bytes Sent By Job
	134556  -  Total Bytes Received By Job
	Partitionable Resources :    Usage  Request Allocated 
	   Cpus                 :                 1         2 
	   Disk (KB)            :       49       35 102912899 
	   Memory (MB)          :        0        0    100096 

	Job terminated of its own accord at 2025-01-24T09:17:59Z with exit-code 0.
...
