000 (264621.000.000) 2025-01-17 11:21:28 Job submitted from host: <192.168.0.102:9618?addrs=192.168.0.102-9618&alias=submitter&noUDP&sock=schedd_2032_5c88>
...
001 (264621.000.000) 2025-01-17 11:21:36 Job executing on host: <192.168.0.135:9618?addrs=192.168.0.135-9618&alias=node135.di.rm1&noUDP&sock=startd_2000_6980>
...
006 (264621.000.000) 2025-01-17 11:21:45 Image size of job updated: 323760
	264  -  MemoryUsage of job (MB)
	269528  -  ResidentSetSize of job (KB)
...
006 (264621.000.000) 2025-01-17 11:26:45 Image size of job updated: 323760
	274  -  MemoryUsage of job (MB)
	280112  -  ResidentSetSize of job (KB)
...
004 (264621.000.000) 2025-01-17 11:33:28 Job was evicted.
	(0) CPU times
		Usr 0 00:43:33, Sys 0 00:08:05  -  Run Remote Usage
		Usr 0 00:00:00, Sys 0 00:00:00  -  Run Local Usage
	0  -  Run Bytes Sent By Job
	0  -  Run Bytes Received By Job
	Partitionable Resources :    Usage  Request Allocated 
	   Cpus                 :     7.86        1         1 
	   Disk (KB)            :    27          27    470875 
	   Memory (MB)          :   274           1       128 
...
009 (264621.000.000) 2025-01-17 11:33:28 Job was aborted.
	via condor_rm (by user calzona_2046920)
...
