000 (274267.000.000) 2025-01-23 11:46:42 Job submitted from host: <192.168.0.102:9618?addrs=192.168.0.102-9618&alias=submitter&noUDP&sock=schedd_2032_5c88>
...
014 (274267.000.002) 2025-01-23 11:46:50 Node 2 executing on host: <192.168.0.148:9618?addrs=192.168.0.148-9618&alias=node148.di.rm1&noUDP&sock=startd_1547_b119>
...
014 (274267.000.000) 2025-01-23 11:46:50 Node 0 executing on host: <192.168.0.120:9618?addrs=192.168.0.120-9618&alias=node120.di.rm1&noUDP&sock=startd_2096_4298>
...
014 (274267.000.007) 2025-01-23 11:46:50 Node 7 executing on host: <192.168.0.109:9618?addrs=192.168.0.109-9618&alias=node109.di.rm1&noUDP&sock=startd_1627_90ad>
...
014 (274267.000.005) 2025-01-23 11:46:50 Node 5 executing on host: <192.168.0.138:9618?addrs=192.168.0.138-9618&alias=node138.di.rm1&noUDP&sock=startd_2998744_89a3>
...
014 (274267.000.003) 2025-01-23 11:46:50 Node 3 executing on host: <192.168.0.113:9618?addrs=192.168.0.113-9618&alias=node113.di.rm1&noUDP&sock=startd_3668932_c305>
...
014 (274267.000.006) 2025-01-23 11:46:50 Node 6 executing on host: <192.168.0.142:9618?addrs=192.168.0.142-9618&alias=node142.di.rm1&noUDP&sock=startd_1996_ab1f>
...
014 (274267.000.001) 2025-01-23 11:46:50 Node 1 executing on host: <192.168.0.112:9618?addrs=192.168.0.112-9618&alias=node112.di.rm1&noUDP&sock=startd_2169_5502>
...
014 (274267.000.004) 2025-01-23 11:46:50 Node 4 executing on host: <192.168.0.123:9618?addrs=192.168.0.123-9618&alias=node123.di.rm1&noUDP&sock=startd_2149_9d1d>
...
001 (274267.000.000) 2025-01-23 11:46:50 Job executing on host: MPI_job
...
008 (274267.000.000) 2025-01-23 11:46:52 Launching orted on Node 2 of 8
...
008 (274267.000.000) 2025-01-23 11:46:52 Launching orted on Node 0 of 8
...
008 (274267.000.000) 2025-01-23 11:46:52 Launching orted on Node 7 of 8
...
008 (274267.000.000) 2025-01-23 11:46:52 Launching orted on Node 5 of 8
...
008 (274267.000.000) 2025-01-23 11:46:52 Launching orted on Node 3 of 8
...
008 (274267.000.000) 2025-01-23 11:46:52 Launching orted on Node 1 of 8
...
008 (274267.000.000) 2025-01-23 11:46:52 Launching orted on Node 4 of 8
...
008 (274267.000.000) 2025-01-23 11:46:52 Launching orted on Node 6 of 8
...
008 (274267.000.000) 2025-01-23 11:47:26 Node 0 caught SIGTERM, cleaning up mpirun
...
008 (274267.000.000) 2025-01-23 11:47:26 orted exited on Node 4 of 8
...
008 (274267.000.000) 2025-01-23 11:47:26 orted exited on Node 5 of 8
...
008 (274267.000.000) 2025-01-23 11:47:26 orted exited on Node 6 of 8
...
008 (274267.000.000) 2025-01-23 11:47:26 orted exited on Node 7 of 8
...
008 (274267.000.000) 2025-01-23 11:47:26 Node 0 caught SIGTERM, cleaning up orted
...
004 (274267.000.000) 2025-01-23 11:47:31 Job was evicted.
	(0) CPU times
		Usr 0 00:03:20, Sys 0 00:00:00  -  Run Remote Usage
		Usr 0 00:00:00, Sys 0 00:00:00  -  Run Local Usage
	0  -  Run Bytes Sent By Job
	269112  -  Run Bytes Received By Job
	Partitionable Resources :    Usage  Request Allocated 
	   Cpus                 :                 1         1 
	   Disk (KB)            :     8570       35    459052 
	   GPUs                 :                           0 
	   Memory (MB)          :       28      658     40960 
...
009 (274267.000.000) 2025-01-23 11:47:31 Job was aborted.
	via condor_rm (by user calzona_2046920)
...
000 (279572.000.000) 2025-01-24 11:01:05 Job submitted from host: <192.168.0.102:9618?addrs=192.168.0.102-9618&alias=submitter&noUDP&sock=schedd_2032_5c88>
...
014 (279572.000.001) 2025-01-24 11:01:09 Node 1 executing on host: <192.168.0.149:9618?addrs=192.168.0.149-9618&alias=node149.di.rm1&noUDP&sock=startd_1551_6f7a>
...
014 (279572.000.002) 2025-01-24 11:01:09 Node 2 executing on host: <192.168.0.151:9618?addrs=192.168.0.151-9618&alias=node151.di.rm1&noUDP&sock=startd_1528_a8cd>
...
014 (279572.000.000) 2025-01-24 11:01:09 Node 0 executing on host: <192.168.0.121:9618?addrs=192.168.0.121-9618&alias=node121.di.rm1&noUDP&sock=startd_2146_8e54>
...
014 (279572.000.004) 2025-01-24 11:01:09 Node 4 executing on host: <192.168.0.147:9618?addrs=192.168.0.147-9618&alias=node147.di.rm1&noUDP&sock=startd_1513_5ee1>
...
014 (279572.000.007) 2025-01-24 11:01:09 Node 7 executing on host: <192.168.0.147:9618?addrs=192.168.0.147-9618&alias=node147.di.rm1&noUDP&sock=startd_1513_5ee1>
...
014 (279572.000.006) 2025-01-24 11:01:09 Node 6 executing on host: <192.168.0.145:9618?addrs=192.168.0.145-9618&alias=node145.di.rm1&noUDP&sock=startd_1869_8e98>
...
014 (279572.000.003) 2025-01-24 11:01:09 Node 3 executing on host: <192.168.0.142:9618?addrs=192.168.0.142-9618&alias=node142.di.rm1&noUDP&sock=startd_1996_ab1f>
...
008 (279572.000.000) 2025-01-24 11:01:11 Launching orted on Node 1 of 8
...
008 (279572.000.000) 2025-01-24 11:01:11 Launching orted on Node 0 of 8
...
008 (279572.000.000) 2025-01-24 11:01:11 Launching orted on Node 4 of 8
...
008 (279572.000.000) 2025-01-24 11:01:11 Launching orted on Node 7 of 8
...
008 (279572.000.000) 2025-01-24 11:01:11 Launching orted on Node 2 of 8
...
008 (279572.000.000) 2025-01-24 11:01:11 Launching orted on Node 6 of 8
...
008 (279572.000.000) 2025-01-24 11:01:12 Launching orted on Node 3 of 8
...
014 (279572.000.005) 2025-01-24 11:01:12 Node 5 executing on host: <192.168.0.142:9618?addrs=192.168.0.142-9618&alias=node142.di.rm1&noUDP&sock=startd_1996_ab1f>
...
001 (279572.000.000) 2025-01-24 11:01:12 Job executing on host: MPI_job
...
008 (279572.000.000) 2025-01-24 11:01:15 Launching orted on Node 5 of 8
...
008 (279572.000.000) 2025-01-24 11:01:49 orted exited on Node 1 of 8
...
008 (279572.000.000) 2025-01-24 11:01:49 orted exited on Node 0 of 8
...
008 (279572.000.000) 2025-01-24 11:01:49 orted exited on Node 2 of 8
...
008 (279572.000.000) 2025-01-24 11:01:49 orted exited on Node 6 of 8
...
008 (279572.000.000) 2025-01-24 11:01:49 orted exited on Node 4 of 8
...
008 (279572.000.000) 2025-01-24 11:01:49 orted exited on Node 7 of 8
...
008 (279572.000.000) 2025-01-24 11:01:49 orted exited on Node 5 of 8
...
008 (279572.000.000) 2025-01-24 11:01:49 orted exited on Node 3 of 8
...
015 (279572.000.001) 2025-01-24 11:01:49 Node 1 terminated.
	(1) Normal termination (return value 0)
		Usr 0 00:00:33, Sys 0 00:00:00  -  Run Remote Usage
		Usr 0 00:00:00, Sys 0 00:00:00  -  Run Local Usage
		Usr 0 00:00:33, Sys 0 00:00:00  -  Total Remote Usage
		Usr 0 00:00:00, Sys 0 00:00:00  -  Total Local Usage
	2165  -  Run Bytes Sent By Node
	33639  -  Run Bytes Received By Node
	2165  -  Total Bytes Sent By Node
	33639  -  Total Bytes Received By Node
...
015 (279572.000.000) 2025-01-24 11:01:49 Node 0 terminated.
	(1) Normal termination (return value 0)
		Usr 0 00:00:00, Sys 0 00:00:00  -  Run Remote Usage
		Usr 0 00:00:00, Sys 0 00:00:00  -  Run Local Usage
		Usr 0 00:00:00, Sys 0 00:00:00  -  Total Remote Usage
		Usr 0 00:00:00, Sys 0 00:00:00  -  Total Local Usage
	3258  -  Run Bytes Sent By Node
	33639  -  Run Bytes Received By Node
	3258  -  Total Bytes Sent By Node
	33639  -  Total Bytes Received By Node
...
005 (279572.000.000) 2025-01-24 11:01:49 Job terminated.
	(1) Normal termination (return value 0)
		Usr 0 00:03:53, Sys 0 00:00:00  -  Run Remote Usage
		Usr 0 00:00:00, Sys 0 00:00:00  -  Run Local Usage
		Usr 0 00:00:00, Sys 0 00:00:00  -  Total Remote Usage
		Usr 0 00:00:00, Sys 0 00:00:00  -  Total Local Usage
	5423  -  Run Bytes Sent By Job
	269112  -  Run Bytes Received By Job
	5423  -  Total Bytes Sent By Job
	269112  -  Total Bytes Received By Job
	Partitionable Resources :    Usage  Request Allocated 
	   Cpus                 :                 1         1 
	   Disk (KB)            :       50       35    467232 
	   Memory (MB)          :       28      207     20480 

	Job terminated of its own accord at 2025-01-24T11:01:49Z with exit-code 0.
...
000 (287907.000.000) 2025-01-28 17:56:18 Job submitted from host: <192.168.0.102:9618?addrs=192.168.0.102-9618&alias=submitter&noUDP&sock=schedd_2032_5c88>
...
014 (287907.000.004) 2025-01-28 17:56:23 Node 4 executing on host: <192.168.0.115:9618?addrs=192.168.0.115-9618&alias=node115.di.rm1&noUDP&sock=startd_1101621_f4a0>
...
014 (287907.000.000) 2025-01-28 17:56:23 Node 0 executing on host: <192.168.0.114:9618?addrs=192.168.0.114-9618&alias=node114.di.rm1&noUDP&sock=startd_2075_db1b>
...
014 (287907.000.002) 2025-01-28 17:56:23 Node 2 executing on host: <192.168.0.113:9618?addrs=192.168.0.113-9618&alias=node113.di.rm1&noUDP&sock=startd_3668932_c305>
...
014 (287907.000.005) 2025-01-28 17:56:23 Node 5 executing on host: <192.168.0.148:9618?addrs=192.168.0.148-9618&alias=node148.di.rm1&noUDP&sock=startd_1547_b119>
...
014 (287907.000.001) 2025-01-28 17:56:23 Node 1 executing on host: <192.168.0.124:9618?addrs=192.168.0.124-9618&alias=node124.di.rm1&noUDP&sock=startd_2143_7f8b>
...
014 (287907.000.003) 2025-01-28 17:56:23 Node 3 executing on host: <192.168.0.123:9618?addrs=192.168.0.123-9618&alias=node123.di.rm1&noUDP&sock=startd_2149_9d1d>
...
014 (287907.000.007) 2025-01-28 17:56:23 Node 7 executing on host: <192.168.0.124:9618?addrs=192.168.0.124-9618&alias=node124.di.rm1&noUDP&sock=startd_2143_7f8b>
...
014 (287907.000.006) 2025-01-28 17:56:23 Node 6 executing on host: <192.168.0.149:9618?addrs=192.168.0.149-9618&alias=node149.di.rm1&noUDP&sock=startd_1551_6f7a>
...
001 (287907.000.000) 2025-01-28 17:56:23 Job executing on host: MPI_job
...
008 (287907.000.000) 2025-01-28 17:56:25 Launching orted on Node 4 of 8
...
008 (287907.000.000) 2025-01-28 17:56:25 Launching orted on Node 5 of 8
...
008 (287907.000.000) 2025-01-28 17:56:25 Launching orted on Node 0 of 8
...
008 (287907.000.000) 2025-01-28 17:56:25 Launching orted on Node 2 of 8
...
008 (287907.000.000) 2025-01-28 17:56:25 Launching orted on Node 1 of 8
...
008 (287907.000.000) 2025-01-28 17:56:25 Launching orted on Node 7 of 8
...
008 (287907.000.000) 2025-01-28 17:56:25 Launching orted on Node 3 of 8
...
008 (287907.000.000) 2025-01-28 17:56:26 Launching orted on Node 6 of 8
...
008 (287907.000.000) 2025-01-28 17:56:59 orted exited on Node 4 of 8
...
008 (287907.000.000) 2025-01-28 17:56:59 orted exited on Node 6 of 8
...
008 (287907.000.000) 2025-01-28 17:56:59 orted exited on Node 0 of 8
...
008 (287907.000.000) 2025-01-28 17:56:59 orted exited on Node 2 of 8
...
008 (287907.000.000) 2025-01-28 17:56:59 orted exited on Node 3 of 8
...
008 (287907.000.000) 2025-01-28 17:56:59 orted exited on Node 5 of 8
...
008 (287907.000.000) 2025-01-28 17:56:59 orted exited on Node 1 of 8
...
008 (287907.000.000) 2025-01-28 17:56:59 orted exited on Node 7 of 8
...
015 (287907.000.006) 2025-01-28 17:56:59 Node 6 terminated.
	(1) Normal termination (return value 0)
		Usr 0 00:00:32, Sys 0 00:00:01  -  Run Remote Usage
		Usr 0 00:00:00, Sys 0 00:00:00  -  Run Local Usage
		Usr 0 00:00:32, Sys 0 00:00:01  -  Total Remote Usage
		Usr 0 00:00:00, Sys 0 00:00:00  -  Total Local Usage
	2165  -  Run Bytes Sent By Node
	33591  -  Run Bytes Received By Node
	2165  -  Total Bytes Sent By Node
	33591  -  Total Bytes Received By Node
...
015 (287907.000.005) 2025-01-28 17:56:59 Node 5 terminated.
	(1) Normal termination (return value 0)
		Usr 0 00:00:32, Sys 0 00:00:00  -  Run Remote Usage
		Usr 0 00:00:00, Sys 0 00:00:00  -  Run Local Usage
		Usr 0 00:00:32, Sys 0 00:00:00  -  Total Remote Usage
		Usr 0 00:00:00, Sys 0 00:00:00  -  Total Local Usage
	2165  -  Run Bytes Sent By Node
	33591  -  Run Bytes Received By Node
	2165  -  Total Bytes Sent By Node
	33591  -  Total Bytes Received By Node
...
015 (287907.000.003) 2025-01-28 17:56:59 Node 3 terminated.
	(1) Normal termination (return value 0)
		Usr 0 00:00:32, Sys 0 00:00:00  -  Run Remote Usage
		Usr 0 00:00:00, Sys 0 00:00:00  -  Run Local Usage
		Usr 0 00:00:32, Sys 0 00:00:00  -  Total Remote Usage
		Usr 0 00:00:00, Sys 0 00:00:00  -  Total Local Usage
	2187  -  Run Bytes Sent By Node
	33591  -  Run Bytes Received By Node
	2187  -  Total Bytes Sent By Node
	33591  -  Total Bytes Received By Node
...
015 (287907.000.004) 2025-01-28 17:56:59 Node 4 terminated.
	(1) Normal termination (return value 0)
		Usr 0 00:00:33, Sys 0 00:00:01  -  Run Remote Usage
		Usr 0 00:00:00, Sys 0 00:00:00  -  Run Local Usage
		Usr 0 00:00:33, Sys 0 00:00:01  -  Total Remote Usage
		Usr 0 00:00:00, Sys 0 00:00:00  -  Total Local Usage
	2165  -  Run Bytes Sent By Node
	33591  -  Run Bytes Received By Node
	2165  -  Total Bytes Sent By Node
	33591  -  Total Bytes Received By Node
...
015 (287907.000.000) 2025-01-28 17:56:59 Node 0 terminated.
	(1) Normal termination (return value 0)
		Usr 0 00:00:00, Sys 0 00:00:00  -  Run Remote Usage
		Usr 0 00:00:00, Sys 0 00:00:00  -  Run Local Usage
		Usr 0 00:00:00, Sys 0 00:00:00  -  Total Remote Usage
		Usr 0 00:00:00, Sys 0 00:00:00  -  Total Local Usage
	3730  -  Run Bytes Sent By Node
	33591  -  Run Bytes Received By Node
	3730  -  Total Bytes Sent By Node
	33591  -  Total Bytes Received By Node
...
005 (287907.000.000) 2025-01-28 17:56:59 Job terminated.
	(1) Normal termination (return value 0)
		Usr 0 00:03:46, Sys 0 00:00:02  -  Run Remote Usage
		Usr 0 00:00:00, Sys 0 00:00:00  -  Run Local Usage
		Usr 0 00:00:00, Sys 0 00:00:00  -  Total Remote Usage
		Usr 0 00:00:00, Sys 0 00:00:00  -  Total Local Usage
	12412  -  Run Bytes Sent By Job
	268728  -  Run Bytes Received By Job
	12412  -  Total Bytes Sent By Job
	268728  -  Total Bytes Received By Job
	Partitionable Resources :    Usage  Request Allocated 
	   Cpus                 :                 1         2 
	   Disk (KB)            :       51       35 102671250 
	   Memory (MB)          :       26      279    100096 

	Job terminated of its own accord at 2025-01-28T17:56:59Z with exit-code 0.
...
