000 (263221.000.000) 2025-01-17 11:20:45 Job submitted from host: <192.168.0.102:9618?addrs=192.168.0.102-9618&alias=submitter&noUDP&sock=schedd_2032_5c88>
...
001 (263221.000.000) 2025-01-17 11:20:54 Job executing on host: <192.168.0.145:9618?addrs=192.168.0.145-9618&alias=node145.di.rm1&noUDP&sock=startd_1869_8e98>
...
006 (263221.000.000) 2025-01-17 11:21:02 Image size of job updated: 389168
	381  -  MemoryUsage of job (MB)
	389168  -  ResidentSetSize of job (KB)
...
006 (263221.000.000) 2025-01-17 11:25:24 Image size of job updated: 2185572
	381  -  MemoryUsage of job (MB)
	389300  -  ResidentSetSize of job (KB)
...
005 (263221.000.000) 2025-01-17 11:25:24 Job terminated.
	(1) Normal termination (return value 0)
		Usr 0 00:06:04, Sys 0 00:00:02  -  Run Remote Usage
		Usr 0 00:00:00, Sys 0 00:00:00  -  Run Local Usage
		Usr 0 00:06:04, Sys 0 00:00:02  -  Total Remote Usage
		Usr 0 00:00:00, Sys 0 00:00:00  -  Total Local Usage
	0  -  Run Bytes Sent By Job
	0  -  Run Bytes Received By Job
	0  -  Total Bytes Sent By Job
	0  -  Total Bytes Received By Job
	Partitionable Resources :    Usage  Request Allocated 
	   Cpus                 :     1.52        1         1 
	   Disk (KB)            :    27          27    462663 
	   Memory (MB)          :   381           1       128 

	Job terminated of its own accord at 2025-01-17T11:25:24Z with exit-code 0.
...
