000 (269668.000.000) 2025-01-21 22:56:47 Job submitted from host: <192.168.0.102:9618?addrs=192.168.0.102-9618&alias=submitter&noUDP&sock=schedd_2032_5c88>
...
001 (269668.000.000) 2025-01-21 22:56:49 Job executing on host: <192.168.0.151:9618?addrs=192.168.0.151-9618&alias=node151.di.rm1&noUDP&sock=startd_1528_a8cd>
...
006 (269668.000.000) 2025-01-21 22:56:59 Image size of job updated: 1288804
	456  -  MemoryUsage of job (MB)
	466488  -  ResidentSetSize of job (KB)
...
006 (269668.000.000) 2025-01-21 22:57:51 Image size of job updated: 3532472
	457  -  MemoryUsage of job (MB)
	467148  -  ResidentSetSize of job (KB)
...
004 (269668.000.000) 2025-01-21 22:57:51 Job was evicted.
	(0) CPU times
		Usr 0 00:00:57, Sys 0 00:00:01  -  Run Remote Usage
		Usr 0 00:00:00, Sys 0 00:00:00  -  Run Local Usage
	0  -  Run Bytes Sent By Job
	0  -  Run Bytes Received By Job
	Partitionable Resources :    Usage  Request Allocated 
	   Cpus                 :                 1         1 
	   Disk (KB)            :       27       27    474791 
	   Memory (MB)          :      457        1       128 
...
009 (269668.000.000) 2025-01-21 22:57:51 Job was aborted.
	via condor_rm (by user calzona_2046920)
...
000 (275822.000.000) 2025-01-24 03:19:55 Job submitted from host: <192.168.0.102:9618?addrs=192.168.0.102-9618&alias=submitter&noUDP&sock=schedd_2032_5c88>
...
001 (275822.000.000) 2025-01-24 03:19:56 Job executing on host: <192.168.0.148:9618?addrs=192.168.0.148-9618&alias=node148.di.rm1&noUDP&sock=startd_1547_b119>
...
006 (275822.000.000) 2025-01-24 03:20:04 Image size of job updated: 1118112
	416  -  MemoryUsage of job (MB)
	425964  -  ResidentSetSize of job (KB)
...
006 (275822.000.000) 2025-01-24 03:21:57 Image size of job updated: 6798576
	416  -  MemoryUsage of job (MB)
	425964  -  ResidentSetSize of job (KB)
...
004 (275822.000.000) 2025-01-24 03:21:57 Job was evicted.
	(0) CPU times
		Usr 0 00:01:57, Sys 0 00:00:02  -  Run Remote Usage
		Usr 0 00:00:00, Sys 0 00:00:00  -  Run Local Usage
	0  -  Run Bytes Sent By Job
	0  -  Run Bytes Received By Job
	Partitionable Resources :    Usage  Request Allocated 
	   Cpus                 :     1.00        1         1 
	   Disk (KB)            :    27          27    467548 
	   Memory (MB)          :   416           1       128 
...
009 (275822.000.000) 2025-01-24 03:21:57 Job was aborted.
	via condor_rm (by user calzona_2046920)
...
