000 (280888.000.000) 2025-01-25 18:09:38 Job submitted from host: <192.168.0.102:9618?addrs=192.168.0.102-9618&alias=submitter&noUDP&sock=schedd_2032_5c88>
...
014 (280888.000.001) 2025-01-25 18:09:47 Node 1 executing on host: <192.168.0.146:9618?addrs=192.168.0.146-9618&alias=node146.di.rm1&noUDP&sock=startd_1984_6ffc>
...
014 (280888.000.002) 2025-01-25 18:09:47 Node 2 executing on host: <192.168.0.111:9618?addrs=192.168.0.111-9618&alias=node111.di.rm1&noUDP&sock=startd_2044_97ab>
...
014 (280888.000.000) 2025-01-25 18:09:47 Node 0 executing on host: <192.168.0.121:9618?addrs=192.168.0.121-9618&alias=node121.di.rm1&noUDP&sock=startd_2146_8e54>
...
014 (280888.000.003) 2025-01-25 18:09:47 Node 3 executing on host: <192.168.0.112:9618?addrs=192.168.0.112-9618&alias=node112.di.rm1&noUDP&sock=startd_2169_5502>
...
001 (280888.000.000) 2025-01-25 18:09:47 Job executing on host: MPI_job
...
008 (280888.000.000) 2025-01-25 18:09:49 Launching orted on Node 1 of 4
...
008 (280888.000.000) 2025-01-25 18:09:49 Launching orted on Node 2 of 4
...
008 (280888.000.000) 2025-01-25 18:09:49 Launching orted on Node 0 of 4
...
008 (280888.000.000) 2025-01-25 18:09:49 Launching orted on Node 3 of 4
...
008 (280888.000.000) 2025-01-25 18:09:55 orted exited on Node 0 of 4
...
008 (280888.000.000) 2025-01-25 18:09:55 orted exited on Node 1 of 4
...
008 (280888.000.000) 2025-01-25 18:09:55 orted exited on Node 3 of 4
...
008 (280888.000.000) 2025-01-25 18:09:55 orted exited on Node 2 of 4
...
015 (280888.000.001) 2025-01-25 18:09:55 Node 1 terminated.
	(1) Normal termination (return value 0)
		Usr 0 00:00:05, Sys 0 00:00:00  -  Run Remote Usage
		Usr 0 00:00:00, Sys 0 00:00:00  -  Run Local Usage
		Usr 0 00:00:05, Sys 0 00:00:00  -  Total Remote Usage
		Usr 0 00:00:00, Sys 0 00:00:00  -  Total Local Usage
	2165  -  Run Bytes Sent By Node
	33639  -  Run Bytes Received By Node
	2165  -  Total Bytes Sent By Node
	33639  -  Total Bytes Received By Node
...
015 (280888.000.002) 2025-01-25 18:09:55 Node 2 terminated.
	(1) Normal termination (return value 0)
		Usr 0 00:00:05, Sys 0 00:00:00  -  Run Remote Usage
		Usr 0 00:00:00, Sys 0 00:00:00  -  Run Local Usage
		Usr 0 00:00:05, Sys 0 00:00:00  -  Total Remote Usage
		Usr 0 00:00:00, Sys 0 00:00:00  -  Total Local Usage
	2187  -  Run Bytes Sent By Node
	33639  -  Run Bytes Received By Node
	2187  -  Total Bytes Sent By Node
	33639  -  Total Bytes Received By Node
...
015 (280888.000.003) 2025-01-25 18:09:55 Node 3 terminated.
	(1) Normal termination (return value 0)
		Usr 0 00:00:05, Sys 0 00:00:00  -  Run Remote Usage
		Usr 0 00:00:00, Sys 0 00:00:00  -  Run Local Usage
		Usr 0 00:00:05, Sys 0 00:00:00  -  Total Remote Usage
		Usr 0 00:00:00, Sys 0 00:00:00  -  Total Local Usage
	2187  -  Run Bytes Sent By Node
	33639  -  Run Bytes Received By Node
	2187  -  Total Bytes Sent By Node
	33639  -  Total Bytes Received By Node
...
015 (280888.000.000) 2025-01-25 18:09:55 Node 0 terminated.
	(1) Normal termination (return value 0)
		Usr 0 00:00:00, Sys 0 00:00:01  -  Run Remote Usage
		Usr 0 00:00:00, Sys 0 00:00:00  -  Run Local Usage
		Usr 0 00:00:00, Sys 0 00:00:01  -  Total Remote Usage
		Usr 0 00:00:00, Sys 0 00:00:00  -  Total Local Usage
	3724  -  Run Bytes Sent By Node
	33639  -  Run Bytes Received By Node
	3724  -  Total Bytes Sent By Node
	33639  -  Total Bytes Received By Node
...
005 (280888.000.000) 2025-01-25 18:09:55 Job terminated.
	(1) Normal termination (return value 0)
		Usr 0 00:00:15, Sys 0 00:00:01  -  Run Remote Usage
		Usr 0 00:00:00, Sys 0 00:00:00  -  Run Local Usage
		Usr 0 00:00:00, Sys 0 00:00:01  -  Total Remote Usage
		Usr 0 00:00:00, Sys 0 00:00:00  -  Total Local Usage
	10263  -  Run Bytes Sent By Job
	134556  -  Run Bytes Received By Job
	10263  -  Total Bytes Sent By Job
	134556  -  Total Bytes Received By Job
	Partitionable Resources :    Usage  Request Allocated 
	   Cpus                 :                 1         2 
	   Disk (KB)            :       50       35 102790918 
	   Memory (MB)          :      145      369    100096 

	Job terminated of its own accord at 2025-01-25T18:09:55Z with exit-code 0.
...
000 (288092.000.000) 2025-01-28 18:33:38 Job submitted from host: <192.168.0.102:9618?addrs=192.168.0.102-9618&alias=submitter&noUDP&sock=schedd_2032_5c88>
...
014 (288092.000.001) 2025-01-28 18:33:45 Node 1 executing on host: <192.168.0.147:9618?addrs=192.168.0.147-9618&alias=node147.di.rm1&noUDP&sock=startd_1513_5ee1>
...
014 (288092.000.003) 2025-01-28 18:33:45 Node 3 executing on host: <192.168.0.121:9618?addrs=192.168.0.121-9618&alias=node121.di.rm1&noUDP&sock=startd_2146_8e54>
...
014 (288092.000.000) 2025-01-28 18:33:45 Node 0 executing on host: <192.168.0.108:9618?addrs=192.168.0.108-9618&alias=node108.di.rm1&noUDP&sock=startd_1979_0203>
...
014 (288092.000.002) 2025-01-28 18:33:45 Node 2 executing on host: <192.168.0.142:9618?addrs=192.168.0.142-9618&alias=node142.di.rm1&noUDP&sock=startd_1996_ab1f>
...
001 (288092.000.000) 2025-01-28 18:33:45 Job executing on host: MPI_job
...
008 (288092.000.000) 2025-01-28 18:33:47 Launching orted on Node 1 of 4
...
008 (288092.000.000) 2025-01-28 18:33:47 Launching orted on Node 3 of 4
...
008 (288092.000.000) 2025-01-28 18:33:47 Launching orted on Node 0 of 4
...
008 (288092.000.000) 2025-01-28 18:33:47 Launching orted on Node 2 of 4
...
008 (288092.000.000) 2025-01-28 18:33:53 orted exited on Node 1 of 4
...
008 (288092.000.000) 2025-01-28 18:33:53 orted exited on Node 2 of 4
...
008 (288092.000.000) 2025-01-28 18:33:53 orted exited on Node 3 of 4
...
008 (288092.000.000) 2025-01-28 18:33:53 orted exited on Node 0 of 4
...
015 (288092.000.001) 2025-01-28 18:33:53 Node 1 terminated.
	(1) Normal termination (return value 0)
		Usr 0 00:00:05, Sys 0 00:00:01  -  Run Remote Usage
		Usr 0 00:00:00, Sys 0 00:00:00  -  Run Local Usage
		Usr 0 00:00:05, Sys 0 00:00:01  -  Total Remote Usage
		Usr 0 00:00:00, Sys 0 00:00:00  -  Total Local Usage
	2165  -  Run Bytes Sent By Node
	33631  -  Run Bytes Received By Node
	2165  -  Total Bytes Sent By Node
	33631  -  Total Bytes Received By Node
...
015 (288092.000.003) 2025-01-28 18:33:53 Node 3 terminated.
	(1) Normal termination (return value 0)
		Usr 0 00:00:05, Sys 0 00:00:00  -  Run Remote Usage
		Usr 0 00:00:00, Sys 0 00:00:00  -  Run Local Usage
		Usr 0 00:00:05, Sys 0 00:00:00  -  Total Remote Usage
		Usr 0 00:00:00, Sys 0 00:00:00  -  Total Local Usage
	2165  -  Run Bytes Sent By Node
	33631  -  Run Bytes Received By Node
	2165  -  Total Bytes Sent By Node
	33631  -  Total Bytes Received By Node
...
015 (288092.000.002) 2025-01-28 18:33:53 Node 2 terminated.
	(1) Normal termination (return value 0)
		Usr 0 00:00:05, Sys 0 00:00:00  -  Run Remote Usage
		Usr 0 00:00:00, Sys 0 00:00:00  -  Run Local Usage
		Usr 0 00:00:05, Sys 0 00:00:00  -  Total Remote Usage
		Usr 0 00:00:00, Sys 0 00:00:00  -  Total Local Usage
	2165  -  Run Bytes Sent By Node
	33631  -  Run Bytes Received By Node
	2165  -  Total Bytes Sent By Node
	33631  -  Total Bytes Received By Node
...
015 (288092.000.000) 2025-01-28 18:33:53 Node 0 terminated.
	(1) Normal termination (return value 0)
		Usr 0 00:00:00, Sys 0 00:00:00  -  Run Remote Usage
		Usr 0 00:00:00, Sys 0 00:00:00  -  Run Local Usage
		Usr 0 00:00:00, Sys 0 00:00:00  -  Total Remote Usage
		Usr 0 00:00:00, Sys 0 00:00:00  -  Total Local Usage
	3264  -  Run Bytes Sent By Node
	33631  -  Run Bytes Received By Node
	3264  -  Total Bytes Sent By Node
	33631  -  Total Bytes Received By Node
...
005 (288092.000.000) 2025-01-28 18:33:53 Job terminated.
	(1) Normal termination (return value 0)
		Usr 0 00:00:15, Sys 0 00:00:01  -  Run Remote Usage
		Usr 0 00:00:00, Sys 0 00:00:00  -  Run Local Usage
		Usr 0 00:00:00, Sys 0 00:00:00  -  Total Remote Usage
		Usr 0 00:00:00, Sys 0 00:00:00  -  Total Local Usage
	9759  -  Run Bytes Sent By Job
	134524  -  Run Bytes Received By Job
	9759  -  Total Bytes Sent By Job
	134524  -  Total Bytes Received By Job
	Partitionable Resources :    Usage  Request Allocated 
	   Cpus                 :                 1         2 
	   Disk (KB)            :       51       35 102886886 
	   Memory (MB)          :        0      372    100096 

	Job terminated of its own accord at 2025-01-28T18:33:53Z with exit-code 0.
...
