000 (271660.000.000) 2025-01-22 01:20:23 Job submitted from host: <192.168.0.102:9618?addrs=192.168.0.102-9618&alias=submitter&noUDP&sock=schedd_2032_5c88>
...
001 (271660.000.000) 2025-01-22 01:20:28 Job executing on host: <192.168.0.151:9618?addrs=192.168.0.151-9618&alias=node151.di.rm1&noUDP&sock=startd_1528_a8cd>
...
006 (271660.000.000) 2025-01-22 01:20:38 Image size of job updated: 390720
	382  -  MemoryUsage of job (MB)
	390720  -  ResidentSetSize of job (KB)
...
006 (271660.000.000) 2025-01-22 01:21:26 Image size of job updated: 2400552
	384  -  MemoryUsage of job (MB)
	392700  -  ResidentSetSize of job (KB)
...
004 (271660.000.000) 2025-01-22 01:21:26 Job was evicted.
	(0) CPU times
		Usr 0 00:00:52, Sys 0 00:00:01  -  Run Remote Usage
		Usr 0 00:00:00, Sys 0 00:00:00  -  Run Local Usage
	0  -  Run Bytes Sent By Job
	0  -  Run Bytes Received By Job
	Partitionable Resources :    Usage  Request Allocated 
	   Cpus                 :                 1         1 
	   Disk (KB)            :       27       27    474791 
	   Memory (MB)          :      384        1       128 
...
009 (271660.000.000) 2025-01-22 01:21:26 Job was aborted.
	via condor_rm (by user calzona_2046920)
...
000 (277814.000.000) 2025-01-24 07:14:22 Job submitted from host: <192.168.0.102:9618?addrs=192.168.0.102-9618&alias=submitter&noUDP&sock=schedd_2032_5c88>
...
001 (277814.000.000) 2025-01-24 07:14:22 Job executing on host: <192.168.0.147:9618?addrs=192.168.0.147-9618&alias=node147.di.rm1&noUDP&sock=startd_1513_5ee1>
...
006 (277814.000.000) 2025-01-24 07:14:31 Image size of job updated: 400620
	392  -  MemoryUsage of job (MB)
	400620  -  ResidentSetSize of job (KB)
...
006 (277814.000.000) 2025-01-24 07:16:23 Image size of job updated: 5977356
	392  -  MemoryUsage of job (MB)
	400620  -  ResidentSetSize of job (KB)
...
004 (277814.000.000) 2025-01-24 07:16:23 Job was evicted.
	(0) CPU times
		Usr 0 00:01:57, Sys 0 00:00:02  -  Run Remote Usage
		Usr 0 00:00:00, Sys 0 00:00:00  -  Run Local Usage
	0  -  Run Bytes Sent By Job
	0  -  Run Bytes Received By Job
	Partitionable Resources :    Usage  Request Allocated 
	   Cpus                 :                 1         1 
	   Disk (KB)            :       27       27    469805 
	   Memory (MB)          :      392        1       128 
...
009 (277814.000.000) 2025-01-24 07:16:23 Job was aborted.
	via condor_rm (by user calzona_2046920)
...
