000 (274297.000.000) 2025-01-23 11:48:45 Job submitted from host: <192.168.0.102:9618?addrs=192.168.0.102-9618&alias=submitter&noUDP&sock=schedd_2032_5c88>
...
014 (274297.000.000) 2025-01-23 11:48:49 Node 0 executing on host: <192.168.0.149:9618?addrs=192.168.0.149-9618&alias=node149.di.rm1&noUDP&sock=startd_1551_6f7a>
...
014 (274297.000.001) 2025-01-23 11:48:49 Node 1 executing on host: <192.168.0.138:9618?addrs=192.168.0.138-9618&alias=node138.di.rm1&noUDP&sock=startd_2998744_89a3>
...
014 (274297.000.005) 2025-01-23 11:48:49 Node 5 executing on host: <192.168.0.149:9618?addrs=192.168.0.149-9618&alias=node149.di.rm1&noUDP&sock=startd_1551_6f7a>
...
014 (274297.000.002) 2025-01-23 11:48:49 Node 2 executing on host: <192.168.0.142:9618?addrs=192.168.0.142-9618&alias=node142.di.rm1&noUDP&sock=startd_1996_ab1f>
...
014 (274297.000.003) 2025-01-23 11:48:49 Node 3 executing on host: <192.168.0.134:9618?addrs=192.168.0.134-9618&alias=node134.di.rm1&noUDP&sock=startd_2073_7bea>
...
014 (274297.000.006) 2025-01-23 11:48:49 Node 6 executing on host: <192.168.0.142:9618?addrs=192.168.0.142-9618&alias=node142.di.rm1&noUDP&sock=startd_1996_ab1f>
...
014 (274297.000.004) 2025-01-23 11:48:49 Node 4 executing on host: <192.168.0.143:9618?addrs=192.168.0.143-9618&alias=node143.di.rm1&noUDP&sock=startd_2061_40c7>
...
014 (274297.000.007) 2025-01-23 11:48:49 Node 7 executing on host: <192.168.0.104:9618?addrs=192.168.0.104-9618&alias=node104.di.rm1&noUDP&sock=startd_1987_7ec5>
...
001 (274297.000.000) 2025-01-23 11:48:49 Job executing on host: MPI_job
...
008 (274297.000.000) 2025-01-23 11:48:51 Launching orted on Node 0 of 8
...
008 (274297.000.000) 2025-01-23 11:48:51 Launching orted on Node 5 of 8
...
008 (274297.000.000) 2025-01-23 11:48:51 Launching orted on Node 1 of 8
...
008 (274297.000.000) 2025-01-23 11:48:51 Launching orted on Node 3 of 8
...
008 (274297.000.000) 2025-01-23 11:48:51 Launching orted on Node 6 of 8
...
008 (274297.000.000) 2025-01-23 11:48:51 Launching orted on Node 4 of 8
...
008 (274297.000.000) 2025-01-23 11:48:51 Launching orted on Node 7 of 8
...
008 (274297.000.000) 2025-01-23 11:48:51 Launching orted on Node 2 of 8
...
008 (274297.000.000) 2025-01-23 11:49:26 Node 0 caught SIGTERM, cleaning up mpirun
...
004 (274297.000.000) 2025-01-23 11:49:26 Job was evicted.
	(0) CPU times
		Usr 0 00:03:08, Sys 0 00:00:00  -  Run Remote Usage
		Usr 0 00:00:00, Sys 0 00:00:00  -  Run Local Usage
	0  -  Run Bytes Sent By Job
	269112  -  Run Bytes Received By Job
	Partitionable Resources :    Usage  Request Allocated 
	   Cpus                 :                 1        10 
	   Disk (KB)            :     8521       35  10854700 
	   Memory (MB)          :      278       85    131072 
...
009 (274297.000.000) 2025-01-23 11:49:26 Job was aborted.
	via condor_rm (by user calzona_2046920)
...
000 (279612.000.000) 2025-01-24 11:04:19 Job submitted from host: <192.168.0.102:9618?addrs=192.168.0.102-9618&alias=submitter&noUDP&sock=schedd_2032_5c88>
...
014 (279612.000.005) 2025-01-24 11:04:21 Node 5 executing on host: <192.168.0.110:9618?addrs=192.168.0.110-9618&alias=node110.di.rm1&noUDP&sock=startd_2185_4e86>
...
014 (279612.000.000) 2025-01-24 11:04:21 Node 0 executing on host: <192.168.0.114:9618?addrs=192.168.0.114-9618&alias=node114.di.rm1&noUDP&sock=startd_2075_db1b>
...
014 (279612.000.006) 2025-01-24 11:04:21 Node 6 executing on host: <192.168.0.147:9618?addrs=192.168.0.147-9618&alias=node147.di.rm1&noUDP&sock=startd_1513_5ee1>
...
014 (279612.000.001) 2025-01-24 11:04:21 Node 1 executing on host: <192.168.0.123:9618?addrs=192.168.0.123-9618&alias=node123.di.rm1&noUDP&sock=startd_2149_9d1d>
...
014 (279612.000.004) 2025-01-24 11:04:21 Node 4 executing on host: <192.168.0.145:9618?addrs=192.168.0.145-9618&alias=node145.di.rm1&noUDP&sock=startd_1869_8e98>
...
014 (279612.000.003) 2025-01-24 11:04:21 Node 3 executing on host: <192.168.0.133:9618?addrs=192.168.0.133-9618&alias=node133.di.rm1&noUDP&sock=startd_1941_f16a>
...
014 (279612.000.007) 2025-01-24 11:04:21 Node 7 executing on host: <192.168.0.133:9618?addrs=192.168.0.133-9618&alias=node133.di.rm1&noUDP&sock=startd_1941_f16a>
...
014 (279612.000.002) 2025-01-24 11:04:22 Node 2 executing on host: <192.168.0.142:9618?addrs=192.168.0.142-9618&alias=node142.di.rm1&noUDP&sock=startd_1996_ab1f>
...
001 (279612.000.000) 2025-01-24 11:04:22 Job executing on host: MPI_job
...
008 (279612.000.000) 2025-01-24 11:04:24 Launching orted on Node 6 of 8
...
008 (279612.000.000) 2025-01-24 11:04:24 Launching orted on Node 5 of 8
...
008 (279612.000.000) 2025-01-24 11:04:24 Launching orted on Node 1 of 8
...
008 (279612.000.000) 2025-01-24 11:04:24 Launching orted on Node 0 of 8
...
008 (279612.000.000) 2025-01-24 11:04:24 Launching orted on Node 4 of 8
...
008 (279612.000.000) 2025-01-24 11:04:24 Launching orted on Node 3 of 8
...
008 (279612.000.000) 2025-01-24 11:04:24 Launching orted on Node 7 of 8
...
008 (279612.000.000) 2025-01-24 11:04:24 Launching orted on Node 2 of 8
...
008 (279612.000.000) 2025-01-24 11:05:10 orted exited on Node 5 of 8
...
008 (279612.000.000) 2025-01-24 11:05:10 orted exited on Node 1 of 8
...
008 (279612.000.000) 2025-01-24 11:05:10 orted exited on Node 2 of 8
...
008 (279612.000.000) 2025-01-24 11:05:10 orted exited on Node 6 of 8
...
008 (279612.000.000) 2025-01-24 11:05:10 orted exited on Node 3 of 8
...
008 (279612.000.000) 2025-01-24 11:05:10 orted exited on Node 7 of 8
...
008 (279612.000.000) 2025-01-24 11:05:10 orted exited on Node 0 of 8
...
008 (279612.000.000) 2025-01-24 11:05:10 orted exited on Node 4 of 8
...
015 (279612.000.006) 2025-01-24 11:05:10 Node 6 terminated.
	(1) Normal termination (return value 0)
		Usr 0 00:00:39, Sys 0 00:00:05  -  Run Remote Usage
		Usr 0 00:00:00, Sys 0 00:00:00  -  Run Local Usage
		Usr 0 00:00:39, Sys 0 00:00:05  -  Total Remote Usage
		Usr 0 00:00:00, Sys 0 00:00:00  -  Total Local Usage
	2165  -  Run Bytes Sent By Node
	33639  -  Run Bytes Received By Node
	2165  -  Total Bytes Sent By Node
	33639  -  Total Bytes Received By Node
...
015 (279612.000.005) 2025-01-24 11:05:10 Node 5 terminated.
	(1) Normal termination (return value 0)
		Usr 0 00:00:39, Sys 0 00:00:05  -  Run Remote Usage
		Usr 0 00:00:00, Sys 0 00:00:00  -  Run Local Usage
		Usr 0 00:00:39, Sys 0 00:00:05  -  Total Remote Usage
		Usr 0 00:00:00, Sys 0 00:00:00  -  Total Local Usage
	2187  -  Run Bytes Sent By Node
	33639  -  Run Bytes Received By Node
	2187  -  Total Bytes Sent By Node
	33639  -  Total Bytes Received By Node
...
015 (279612.000.001) 2025-01-24 11:05:10 Node 1 terminated.
	(1) Normal termination (return value 0)
		Usr 0 00:00:39, Sys 0 00:00:06  -  Run Remote Usage
		Usr 0 00:00:00, Sys 0 00:00:00  -  Run Local Usage
		Usr 0 00:00:39, Sys 0 00:00:06  -  Total Remote Usage
		Usr 0 00:00:00, Sys 0 00:00:00  -  Total Local Usage
	2187  -  Run Bytes Sent By Node
	33639  -  Run Bytes Received By Node
	2187  -  Total Bytes Sent By Node
	33639  -  Total Bytes Received By Node
...
015 (279612.000.004) 2025-01-24 11:05:10 Node 4 terminated.
	(1) Normal termination (return value 0)
		Usr 0 00:00:44, Sys 0 00:00:00  -  Run Remote Usage
		Usr 0 00:00:00, Sys 0 00:00:00  -  Run Local Usage
		Usr 0 00:00:44, Sys 0 00:00:00  -  Total Remote Usage
		Usr 0 00:00:00, Sys 0 00:00:00  -  Total Local Usage
	2165  -  Run Bytes Sent By Node
	33639  -  Run Bytes Received By Node
	2165  -  Total Bytes Sent By Node
	33639  -  Total Bytes Received By Node
...
015 (279612.000.000) 2025-01-24 11:05:10 Node 0 terminated.
	(1) Normal termination (return value 0)
		Usr 0 00:00:00, Sys 0 00:00:00  -  Run Remote Usage
		Usr 0 00:00:00, Sys 0 00:00:00  -  Run Local Usage
		Usr 0 00:00:00, Sys 0 00:00:00  -  Total Remote Usage
		Usr 0 00:00:00, Sys 0 00:00:00  -  Total Local Usage
	3264  -  Run Bytes Sent By Node
	33639  -  Run Bytes Received By Node
	3264  -  Total Bytes Sent By Node
	33639  -  Total Bytes Received By Node
...
005 (279612.000.000) 2025-01-24 11:05:10 Job terminated.
	(1) Normal termination (return value 0)
		Usr 0 00:04:40, Sys 0 00:00:29  -  Run Remote Usage
		Usr 0 00:00:00, Sys 0 00:00:00  -  Run Local Usage
		Usr 0 00:00:00, Sys 0 00:00:00  -  Total Remote Usage
		Usr 0 00:00:00, Sys 0 00:00:00  -  Total Local Usage
	11968  -  Run Bytes Sent By Job
	269112  -  Run Bytes Received By Job
	11968  -  Total Bytes Sent By Job
	269112  -  Total Bytes Received By Job
	Partitionable Resources :    Usage  Request Allocated 
	   Cpus                 :                 1         1 
	   Disk (KB)            :       50       35    391129 
	   Memory (MB)          :      246       80     20480 

	Job terminated of its own accord at 2025-01-24T11:05:10Z with exit-code 0.
...
000 (287938.000.000) 2025-01-28 18:00:02 Job submitted from host: <192.168.0.102:9618?addrs=192.168.0.102-9618&alias=submitter&noUDP&sock=schedd_2032_5c88>
...
014 (287938.000.001) 2025-01-28 18:00:04 Node 1 executing on host: <192.168.0.114:9618?addrs=192.168.0.114-9618&alias=node114.di.rm1&noUDP&sock=startd_2075_db1b>
...
014 (287938.000.002) 2025-01-28 18:00:04 Node 2 executing on host: <192.168.0.123:9618?addrs=192.168.0.123-9618&alias=node123.di.rm1&noUDP&sock=startd_2149_9d1d>
...
014 (287938.000.004) 2025-01-28 18:00:04 Node 4 executing on host: <192.168.0.113:9618?addrs=192.168.0.113-9618&alias=node113.di.rm1&noUDP&sock=startd_3668932_c305>
...
014 (287938.000.007) 2025-01-28 18:00:04 Node 7 executing on host: <192.168.0.115:9618?addrs=192.168.0.115-9618&alias=node115.di.rm1&noUDP&sock=startd_1101621_f4a0>
...
014 (287938.000.000) 2025-01-28 18:00:04 Node 0 executing on host: <192.168.0.149:9618?addrs=192.168.0.149-9618&alias=node149.di.rm1&noUDP&sock=startd_1551_6f7a>
...
014 (287938.000.005) 2025-01-28 18:00:04 Node 5 executing on host: <192.168.0.143:9618?addrs=192.168.0.143-9618&alias=node143.di.rm1&noUDP&sock=startd_2061_40c7>
...
014 (287938.000.006) 2025-01-28 18:00:04 Node 6 executing on host: <192.168.0.105:9618?addrs=192.168.0.105-9618&alias=node105.di.rm1&noUDP&sock=startd_1951_cd5c>
...
014 (287938.000.003) 2025-01-28 18:00:04 Node 3 executing on host: <192.168.0.124:9618?addrs=192.168.0.124-9618&alias=node124.di.rm1&noUDP&sock=startd_2143_7f8b>
...
001 (287938.000.000) 2025-01-28 18:00:04 Job executing on host: MPI_job
...
008 (287938.000.000) 2025-01-28 18:00:06 Launching orted on Node 2 of 8
...
008 (287938.000.000) 2025-01-28 18:00:06 Launching orted on Node 1 of 8
...
008 (287938.000.000) 2025-01-28 18:00:06 Launching orted on Node 7 of 8
...
008 (287938.000.000) 2025-01-28 18:00:06 Launching orted on Node 4 of 8
...
008 (287938.000.000) 2025-01-28 18:00:06 Launching orted on Node 0 of 8
...
008 (287938.000.000) 2025-01-28 18:00:06 Launching orted on Node 6 of 8
...
008 (287938.000.000) 2025-01-28 18:00:06 Launching orted on Node 5 of 8
...
008 (287938.000.000) 2025-01-28 18:00:07 Launching orted on Node 3 of 8
...
008 (287938.000.000) 2025-01-28 18:00:46 orted exited on Node 6 of 8
...
008 (287938.000.000) 2025-01-28 18:00:46 orted exited on Node 0 of 8
...
008 (287938.000.000) 2025-01-28 18:00:46 orted exited on Node 1 of 8
...
008 (287938.000.000) 2025-01-28 18:00:46 orted exited on Node 2 of 8
...
008 (287938.000.000) 2025-01-28 18:00:46 orted exited on Node 7 of 8
...
008 (287938.000.000) 2025-01-28 18:00:46 orted exited on Node 5 of 8
...
008 (287938.000.000) 2025-01-28 18:00:46 orted exited on Node 4 of 8
...
008 (287938.000.000) 2025-01-28 18:00:46 orted exited on Node 3 of 8
...
015 (287938.000.001) 2025-01-28 18:00:46 Node 1 terminated.
	(1) Normal termination (return value 0)
		Usr 0 00:00:37, Sys 0 00:00:00  -  Run Remote Usage
		Usr 0 00:00:00, Sys 0 00:00:00  -  Run Local Usage
		Usr 0 00:00:37, Sys 0 00:00:00  -  Total Remote Usage
		Usr 0 00:00:00, Sys 0 00:00:00  -  Total Local Usage
	2165  -  Run Bytes Sent By Node
	33591  -  Run Bytes Received By Node
	2165  -  Total Bytes Sent By Node
	33591  -  Total Bytes Received By Node
...
015 (287938.000.004) 2025-01-28 18:00:46 Node 4 terminated.
	(1) Normal termination (return value 0)
		Usr 0 00:00:38, Sys 0 00:00:01  -  Run Remote Usage
		Usr 0 00:00:00, Sys 0 00:00:00  -  Run Local Usage
		Usr 0 00:00:38, Sys 0 00:00:01  -  Total Remote Usage
		Usr 0 00:00:00, Sys 0 00:00:00  -  Total Local Usage
	2187  -  Run Bytes Sent By Node
	33591  -  Run Bytes Received By Node
	2187  -  Total Bytes Sent By Node
	33591  -  Total Bytes Received By Node
...
015 (287938.000.007) 2025-01-28 18:00:46 Node 7 terminated.
	(1) Normal termination (return value 0)
		Usr 0 00:00:38, Sys 0 00:00:01  -  Run Remote Usage
		Usr 0 00:00:00, Sys 0 00:00:00  -  Run Local Usage
		Usr 0 00:00:38, Sys 0 00:00:01  -  Total Remote Usage
		Usr 0 00:00:00, Sys 0 00:00:00  -  Total Local Usage
	2165  -  Run Bytes Sent By Node
	33591  -  Run Bytes Received By Node
	2165  -  Total Bytes Sent By Node
	33591  -  Total Bytes Received By Node
...
015 (287938.000.002) 2025-01-28 18:00:46 Node 2 terminated.
	(1) Normal termination (return value 0)
		Usr 0 00:00:38, Sys 0 00:00:01  -  Run Remote Usage
		Usr 0 00:00:00, Sys 0 00:00:00  -  Run Local Usage
		Usr 0 00:00:38, Sys 0 00:00:01  -  Total Remote Usage
		Usr 0 00:00:00, Sys 0 00:00:00  -  Total Local Usage
	2187  -  Run Bytes Sent By Node
	33591  -  Run Bytes Received By Node
	2187  -  Total Bytes Sent By Node
	33591  -  Total Bytes Received By Node
...
015 (287938.000.000) 2025-01-28 18:00:46 Node 0 terminated.
	(1) Normal termination (return value 0)
		Usr 0 00:00:00, Sys 0 00:00:00  -  Run Remote Usage
		Usr 0 00:00:00, Sys 0 00:00:00  -  Run Local Usage
		Usr 0 00:00:00, Sys 0 00:00:00  -  Total Remote Usage
		Usr 0 00:00:00, Sys 0 00:00:00  -  Total Local Usage
	3730  -  Run Bytes Sent By Node
	33591  -  Run Bytes Received By Node
	3730  -  Total Bytes Sent By Node
	33591  -  Total Bytes Received By Node
...
005 (287938.000.000) 2025-01-28 18:00:46 Job terminated.
	(1) Normal termination (return value 0)
		Usr 0 00:04:25, Sys 0 00:00:04  -  Run Remote Usage
		Usr 0 00:00:00, Sys 0 00:00:00  -  Run Local Usage
		Usr 0 00:00:00, Sys 0 00:00:00  -  Total Remote Usage
		Usr 0 00:00:00, Sys 0 00:00:00  -  Total Local Usage
	12434  -  Run Bytes Sent By Job
	268728  -  Run Bytes Received By Job
	12434  -  Total Bytes Sent By Job
	268728  -  Total Bytes Received By Job
	Partitionable Resources :    Usage  Request Allocated 
	   Cpus                 :     1.00        1         2 
	   Disk (KB)            :    57          35 102883670 
	   Memory (MB)          :   277          85    100096 

	Job terminated of its own accord at 2025-01-28T18:00:46Z with exit-code 0.
...
