000 (263216.000.000) 2025-01-17 11:20:45 Job submitted from host: <192.168.0.102:9618?addrs=192.168.0.102-9618&alias=submitter&noUDP&sock=schedd_2032_5c88>
...
001 (263216.000.000) 2025-01-17 11:20:54 Job executing on host: <192.168.0.123:9618?addrs=192.168.0.123-9618&alias=node123.di.rm1&noUDP&sock=startd_2149_9d1d>
...
006 (263216.000.000) 2025-01-17 11:21:02 Image size of job updated: 419760
	410  -  MemoryUsage of job (MB)
	419760  -  ResidentSetSize of job (KB)
...
006 (263216.000.000) 2025-01-17 11:24:02 Image size of job updated: 612664
	411  -  MemoryUsage of job (MB)
	419892  -  ResidentSetSize of job (KB)
...
005 (263216.000.000) 2025-01-17 11:24:02 Job terminated.
	(1) Normal termination (return value 0)
		Usr 0 00:05:45, Sys 0 00:00:01  -  Run Remote Usage
		Usr 0 00:00:00, Sys 0 00:00:00  -  Run Local Usage
		Usr 0 00:05:45, Sys 0 00:00:01  -  Total Remote Usage
		Usr 0 00:00:00, Sys 0 00:00:00  -  Total Local Usage
	0  -  Run Bytes Sent By Job
	0  -  Run Bytes Received By Job
	0  -  Total Bytes Sent By Job
	0  -  Total Bytes Received By Job
	Partitionable Resources :    Usage  Request Allocated 
	   Cpus                 :                 1         1 
	   Disk (KB)            :       27       27    499900 
	   Gpus (Average)       :                 0         0 
	   Memory (MB)          :      411        1       128 

	Job terminated of its own accord at 2025-01-17T11:24:02Z with exit-code 0.
...
