000 (264267.000.000) 2025-01-17 11:21:19 Job submitted from host: <192.168.0.102:9618?addrs=192.168.0.102-9618&alias=submitter&noUDP&sock=schedd_2032_5c88>
...
001 (264267.000.000) 2025-01-17 11:21:31 Job executing on host: <192.168.0.107:9618?addrs=192.168.0.107-9618&alias=node107.di.rm1&noUDP&sock=startd_1981_6134>
...
006 (264267.000.000) 2025-01-17 11:21:39 Image size of job updated: 546744
	534  -  MemoryUsage of job (MB)
	546744  -  ResidentSetSize of job (KB)
...
006 (264267.000.000) 2025-01-17 11:24:02 Image size of job updated: 6772564
	535  -  MemoryUsage of job (MB)
	546876  -  ResidentSetSize of job (KB)
...
005 (264267.000.000) 2025-01-17 11:24:02 Job terminated.
	(1) Normal termination (return value 0)
		Usr 0 00:07:22, Sys 0 00:00:11  -  Run Remote Usage
		Usr 0 00:00:00, Sys 0 00:00:00  -  Run Local Usage
		Usr 0 00:07:22, Sys 0 00:00:11  -  Total Remote Usage
		Usr 0 00:00:00, Sys 0 00:00:00  -  Total Local Usage
	0  -  Run Bytes Sent By Job
	0  -  Run Bytes Received By Job
	0  -  Total Bytes Sent By Job
	0  -  Total Bytes Received By Job
	Partitionable Resources :    Usage  Request Allocated 
	   Cpus                 :                 1         1 
	   Disk (KB)            :       27       27    471963 
	   Memory (MB)          :      535        1       128 

	Job terminated of its own accord at 2025-01-17T11:24:02Z with exit-code 0.
...
