000 (268846.000.000) 2025-01-21 22:07:55 Job submitted from host: <192.168.0.102:9618?addrs=192.168.0.102-9618&alias=submitter&noUDP&sock=schedd_2032_5c88>
...
001 (268846.000.000) 2025-01-21 22:08:13 Job executing on host: <192.168.0.137:9618?addrs=192.168.0.137-9618&alias=node137.di.rm1&noUDP&sock=startd_1934_2440>
...
006 (268846.000.000) 2025-01-21 22:08:19 Image size of job updated: 13464
	0  -  MemoryUsage of job (MB)
	0  -  ResidentSetSize of job (KB)
...
004 (268846.000.000) 2025-01-21 22:08:19 Job was evicted.
	(0) CPU times
		Usr 0 00:00:05, Sys 0 00:00:00  -  Run Remote Usage
		Usr 0 00:00:00, Sys 0 00:00:00  -  Run Local Usage
	0  -  Run Bytes Sent By Job
	0  -  Run Bytes Received By Job
	Partitionable Resources :    Usage  Request Allocated 
	   Cpus                 :                 1         1 
	   Disk (KB)            :       27       27    391050 
	   Memory (MB)          :        0        1       128 
...
009 (268846.000.000) 2025-01-21 22:08:19 Job was aborted.
	via condor_rm (by user calzona_2046920)
...
000 (268997.000.000) 2025-01-21 22:15:31 Job submitted from host: <192.168.0.102:9618?addrs=192.168.0.102-9618&alias=submitter&noUDP&sock=schedd_2032_5c88>
...
001 (268997.000.000) 2025-01-21 22:15:43 Job executing on host: <192.168.0.105:9618?addrs=192.168.0.105-9618&alias=node105.di.rm1&noUDP&sock=startd_1951_cd5c>
...
006 (268997.000.000) 2025-01-21 22:15:48 Image size of job updated: 13464
	0  -  MemoryUsage of job (MB)
	0  -  ResidentSetSize of job (KB)
...
004 (268997.000.000) 2025-01-21 22:15:48 Job was evicted.
	(0) CPU times
		Usr 0 00:00:04, Sys 0 00:00:00  -  Run Remote Usage
		Usr 0 00:00:00, Sys 0 00:00:00  -  Run Local Usage
	0  -  Run Bytes Sent By Job
	0  -  Run Bytes Received By Job
	Partitionable Resources :    Usage  Request Allocated 
	   Cpus                 :                 1         1 
	   Disk (KB)            :       27       27    472026 
	   Memory (MB)          :        0        1       128 
...
009 (268997.000.000) 2025-01-21 22:15:48 Job was aborted.
	via condor_rm (by user calzona_2046920)
...
