000 (273475.000.000) 2025-01-23 11:03:15 Job submitted from host: <192.168.0.102:9618?addrs=192.168.0.102-9618&alias=submitter&noUDP&sock=schedd_2032_5c88>
...
014 (273475.000.000) 2025-01-23 11:03:19 Node 0 executing on host: <192.168.0.113:9618?addrs=192.168.0.113-9618&alias=node113.di.rm1&noUDP&sock=startd_3668932_c305>
...
014 (273475.000.001) 2025-01-23 11:03:19 Node 1 executing on host: <192.168.0.148:9618?addrs=192.168.0.148-9618&alias=node148.di.rm1&noUDP&sock=startd_1547_b119>
...
001 (273475.000.000) 2025-01-23 11:03:19 Job executing on host: MPI_job
...
008 (273475.000.000) 2025-01-23 11:03:21 Launching orted on Node 0 of 2
...
008 (273475.000.000) 2025-01-23 11:03:21 Launching orted on Node 1 of 2
...
008 (273475.000.000) 2025-01-23 11:03:30 orted exited on Node 1 of 2
...
008 (273475.000.000) 2025-01-23 11:03:30 orted exited on Node 0 of 2
...
015 (273475.000.000) 2025-01-23 11:03:30 Node 0 terminated.
	(1) Normal termination (return value 0)
		Usr 0 00:00:06, Sys 0 00:00:01  -  Run Remote Usage
		Usr 0 00:00:00, Sys 0 00:00:00  -  Run Local Usage
		Usr 0 00:00:06, Sys 0 00:00:01  -  Total Remote Usage
		Usr 0 00:00:00, Sys 0 00:00:00  -  Total Local Usage
	3300  -  Run Bytes Sent By Node
	33639  -  Run Bytes Received By Node
	3300  -  Total Bytes Sent By Node
	33639  -  Total Bytes Received By Node
...
005 (273475.000.000) 2025-01-23 11:03:30 Job terminated.
	(1) Normal termination (return value 0)
		Usr 0 00:00:14, Sys 0 00:00:01  -  Run Remote Usage
		Usr 0 00:00:00, Sys 0 00:00:00  -  Run Local Usage
		Usr 0 00:00:06, Sys 0 00:00:01  -  Total Remote Usage
		Usr 0 00:00:00, Sys 0 00:00:00  -  Total Local Usage
	3300  -  Run Bytes Sent By Job
	67278  -  Run Bytes Received By Job
	3300  -  Total Bytes Sent By Job
	67278  -  Total Bytes Received By Job
	Partitionable Resources :    Usage  Request Allocated 
	   Cpus                 :                 1         1 
	   Disk (KB)            :       50       35  21608416 
	   GPUs                 :                           1 
	   Memory (MB)          :      275      313     20480 

	Job terminated of its own accord at 2025-01-23T11:03:30Z with exit-code 0.
...
