000 (270470.000.000) 2025-01-21 23:56:32 Job submitted from host: <192.168.0.102:9618?addrs=192.168.0.102-9618&alias=submitter&noUDP&sock=schedd_2032_5c88>
...
001 (270470.000.000) 2025-01-21 23:56:35 Job executing on host: <192.168.0.151:9618?addrs=192.168.0.151-9618&alias=node151.di.rm1&noUDP&sock=startd_1528_a8cd>
...
006 (270470.000.000) 2025-01-21 23:56:44 Image size of job updated: 1484080
	429  -  MemoryUsage of job (MB)
	438504  -  ResidentSetSize of job (KB)
...
006 (270470.000.000) 2025-01-21 23:57:34 Image size of job updated: 3722564
	429  -  MemoryUsage of job (MB)
	438768  -  ResidentSetSize of job (KB)
...
004 (270470.000.000) 2025-01-21 23:57:34 Job was evicted.
	(0) CPU times
		Usr 0 00:00:56, Sys 0 00:00:00  -  Run Remote Usage
		Usr 0 00:00:00, Sys 0 00:00:00  -  Run Local Usage
	0  -  Run Bytes Sent By Job
	0  -  Run Bytes Received By Job
	Partitionable Resources :    Usage  Request Allocated 
	   Cpus                 :                 1         1 
	   Disk (KB)            :       27       27    474791 
	   Memory (MB)          :      429        1       128 
...
009 (270470.000.000) 2025-01-21 23:57:34 Job was aborted.
	via condor_rm (by user calzona_2046920)
...
000 (276624.000.000) 2025-01-24 05:00:21 Job submitted from host: <192.168.0.102:9618?addrs=192.168.0.102-9618&alias=submitter&noUDP&sock=schedd_2032_5c88>
...
001 (276624.000.000) 2025-01-24 05:00:22 Job executing on host: <192.168.0.149:9618?addrs=192.168.0.149-9618&alias=node149.di.rm1&noUDP&sock=startd_1551_6f7a>
...
006 (276624.000.000) 2025-01-24 05:00:31 Image size of job updated: 425304
	416  -  MemoryUsage of job (MB)
	425304  -  ResidentSetSize of job (KB)
...
006 (276624.000.000) 2025-01-24 05:02:22 Image size of job updated: 6875072
	416  -  MemoryUsage of job (MB)
	425436  -  ResidentSetSize of job (KB)
...
004 (276624.000.000) 2025-01-24 05:02:22 Job was evicted.
	(0) CPU times
		Usr 0 00:01:56, Sys 0 00:00:02  -  Run Remote Usage
		Usr 0 00:00:00, Sys 0 00:00:00  -  Run Local Usage
	0  -  Run Bytes Sent By Job
	0  -  Run Bytes Received By Job
	Partitionable Resources :    Usage  Request Allocated 
	   Cpus                 :                 1         1 
	   Disk (KB)            :       27       27    471944 
	   Memory (MB)          :      416        1       128 
...
009 (276624.000.000) 2025-01-24 05:02:22 Job was aborted.
	via condor_rm (by user calzona_2046920)
...
