000 (282333.000.000) 2025-01-26 17:04:54 Job submitted from host: <192.168.0.102:9618?addrs=192.168.0.102-9618&alias=submitter&noUDP&sock=schedd_2032_5c88>
...
014 (282333.000.003) 2025-01-26 17:05:03 Node 3 executing on host: <192.168.0.106:9618?addrs=192.168.0.106-9618&alias=node106.di.rm1&noUDP&sock=startd_1970_d5a9>
...
014 (282333.000.001) 2025-01-26 17:05:03 Node 1 executing on host: <192.168.0.135:9618?addrs=192.168.0.135-9618&alias=node135.di.rm1&noUDP&sock=startd_2000_6980>
...
014 (282333.000.002) 2025-01-26 17:05:03 Node 2 executing on host: <192.168.0.114:9618?addrs=192.168.0.114-9618&alias=node114.di.rm1&noUDP&sock=startd_2075_db1b>
...
014 (282333.000.004) 2025-01-26 17:05:03 Node 4 executing on host: <192.168.0.110:9618?addrs=192.168.0.110-9618&alias=node110.di.rm1&noUDP&sock=startd_2185_4e86>
...
014 (282333.000.005) 2025-01-26 17:05:03 Node 5 executing on host: <192.168.0.116:9618?addrs=192.168.0.116-9618&alias=node116.di.rm1&noUDP&sock=startd_1847_7783>
...
014 (282333.000.007) 2025-01-26 17:05:03 Node 7 executing on host: <192.168.0.114:9618?addrs=192.168.0.114-9618&alias=node114.di.rm1&noUDP&sock=startd_2075_db1b>
...
014 (282333.000.000) 2025-01-26 17:05:03 Node 0 executing on host: <192.168.0.143:9618?addrs=192.168.0.143-9618&alias=node143.di.rm1&noUDP&sock=startd_2061_40c7>
...
014 (282333.000.006) 2025-01-26 17:05:03 Node 6 executing on host: <192.168.0.143:9618?addrs=192.168.0.143-9618&alias=node143.di.rm1&noUDP&sock=startd_2061_40c7>
...
001 (282333.000.000) 2025-01-26 17:05:03 Job executing on host: MPI_job
...
008 (282333.000.000) 2025-01-26 17:05:06 Launching orted on Node 3 of 8
...
008 (282333.000.000) 2025-01-26 17:05:06 Launching orted on Node 1 of 8
...
008 (282333.000.000) 2025-01-26 17:05:06 Launching orted on Node 5 of 8
...
008 (282333.000.000) 2025-01-26 17:05:06 Launching orted on Node 4 of 8
...
008 (282333.000.000) 2025-01-26 17:05:06 Launching orted on Node 0 of 8
...
008 (282333.000.000) 2025-01-26 17:05:06 Launching orted on Node 6 of 8
...
008 (282333.000.000) 2025-01-26 17:05:06 Launching orted on Node 7 of 8
...
008 (282333.000.000) 2025-01-26 17:05:06 Launching orted on Node 2 of 8
...
008 (282333.000.000) 2025-01-26 17:05:16 orted exited on Node 1 of 8
...
008 (282333.000.000) 2025-01-26 17:05:16 orted exited on Node 4 of 8
...
008 (282333.000.000) 2025-01-26 17:05:16 orted exited on Node 5 of 8
...
008 (282333.000.000) 2025-01-26 17:05:16 orted exited on Node 7 of 8
...
008 (282333.000.000) 2025-01-26 17:05:16 orted exited on Node 3 of 8
...
008 (282333.000.000) 2025-01-26 17:05:16 orted exited on Node 2 of 8
...
008 (282333.000.000) 2025-01-26 17:05:16 orted exited on Node 0 of 8
...
008 (282333.000.000) 2025-01-26 17:05:16 orted exited on Node 6 of 8
...
015 (282333.000.001) 2025-01-26 17:05:16 Node 1 terminated.
	(1) Normal termination (return value 0)
		Usr 0 00:00:07, Sys 0 00:00:01  -  Run Remote Usage
		Usr 0 00:00:00, Sys 0 00:00:00  -  Run Local Usage
		Usr 0 00:00:07, Sys 0 00:00:01  -  Total Remote Usage
		Usr 0 00:00:00, Sys 0 00:00:00  -  Total Local Usage
	2165  -  Run Bytes Sent By Node
	33711  -  Run Bytes Received By Node
	2165  -  Total Bytes Sent By Node
	33711  -  Total Bytes Received By Node
...
015 (282333.000.004) 2025-01-26 17:05:16 Node 4 terminated.
	(1) Normal termination (return value 0)
		Usr 0 00:00:07, Sys 0 00:00:01  -  Run Remote Usage
		Usr 0 00:00:00, Sys 0 00:00:00  -  Run Local Usage
		Usr 0 00:00:07, Sys 0 00:00:01  -  Total Remote Usage
		Usr 0 00:00:00, Sys 0 00:00:00  -  Total Local Usage
	2187  -  Run Bytes Sent By Node
	33711  -  Run Bytes Received By Node
	2187  -  Total Bytes Sent By Node
	33711  -  Total Bytes Received By Node
...
015 (282333.000.005) 2025-01-26 17:05:16 Node 5 terminated.
	(1) Normal termination (return value 0)
		Usr 0 00:00:08, Sys 0 00:00:02  -  Run Remote Usage
		Usr 0 00:00:00, Sys 0 00:00:00  -  Run Local Usage
		Usr 0 00:00:08, Sys 0 00:00:02  -  Total Remote Usage
		Usr 0 00:00:00, Sys 0 00:00:00  -  Total Local Usage
	2165  -  Run Bytes Sent By Node
	33711  -  Run Bytes Received By Node
	2165  -  Total Bytes Sent By Node
	33711  -  Total Bytes Received By Node
...
015 (282333.000.003) 2025-01-26 17:05:16 Node 3 terminated.
	(1) Normal termination (return value 0)
		Usr 0 00:00:08, Sys 0 00:00:02  -  Run Remote Usage
		Usr 0 00:00:00, Sys 0 00:00:00  -  Run Local Usage
		Usr 0 00:00:08, Sys 0 00:00:02  -  Total Remote Usage
		Usr 0 00:00:00, Sys 0 00:00:00  -  Total Local Usage
	2165  -  Run Bytes Sent By Node
	33711  -  Run Bytes Received By Node
	2165  -  Total Bytes Sent By Node
	33711  -  Total Bytes Received By Node
...
015 (282333.000.007) 2025-01-26 17:05:16 Node 7 terminated.
	(1) Normal termination (return value 0)
		Usr 0 00:00:07, Sys 0 00:00:01  -  Run Remote Usage
		Usr 0 00:00:00, Sys 0 00:00:00  -  Run Local Usage
		Usr 0 00:00:07, Sys 0 00:00:01  -  Total Remote Usage
		Usr 0 00:00:00, Sys 0 00:00:00  -  Total Local Usage
	2165  -  Run Bytes Sent By Node
	33711  -  Run Bytes Received By Node
	2165  -  Total Bytes Sent By Node
	33711  -  Total Bytes Received By Node
...
015 (282333.000.002) 2025-01-26 17:05:16 Node 2 terminated.
	(1) Normal termination (return value 0)
		Usr 0 00:00:07, Sys 0 00:00:01  -  Run Remote Usage
		Usr 0 00:00:00, Sys 0 00:00:00  -  Run Local Usage
		Usr 0 00:00:07, Sys 0 00:00:01  -  Total Remote Usage
		Usr 0 00:00:00, Sys 0 00:00:00  -  Total Local Usage
	2165  -  Run Bytes Sent By Node
	33711  -  Run Bytes Received By Node
	2165  -  Total Bytes Sent By Node
	33711  -  Total Bytes Received By Node
...
015 (282333.000.006) 2025-01-26 17:05:16 Node 6 terminated.
	(1) Normal termination (return value 0)
		Usr 0 00:00:08, Sys 0 00:00:00  -  Run Remote Usage
		Usr 0 00:00:00, Sys 0 00:00:00  -  Run Local Usage
		Usr 0 00:00:08, Sys 0 00:00:00  -  Total Remote Usage
		Usr 0 00:00:00, Sys 0 00:00:00  -  Total Local Usage
	0  -  Run Bytes Sent By Node
	33711  -  Run Bytes Received By Node
	0  -  Total Bytes Sent By Node
	33711  -  Total Bytes Received By Node
...
015 (282333.000.000) 2025-01-26 17:05:17 Node 0 terminated.
	(1) Normal termination (return value 0)
		Usr 0 00:00:00, Sys 0 00:00:00  -  Run Remote Usage
		Usr 0 00:00:00, Sys 0 00:00:00  -  Run Local Usage
		Usr 0 00:00:00, Sys 0 00:00:00  -  Total Remote Usage
		Usr 0 00:00:00, Sys 0 00:00:00  -  Total Local Usage
	3263  -  Run Bytes Sent By Node
	33711  -  Run Bytes Received By Node
	3263  -  Total Bytes Sent By Node
	33711  -  Total Bytes Received By Node
...
005 (282333.000.000) 2025-01-26 17:05:17 Job terminated.
	(1) Normal termination (return value 0)
		Usr 0 00:00:52, Sys 0 00:00:08  -  Run Remote Usage
		Usr 0 00:00:00, Sys 0 00:00:00  -  Run Local Usage
		Usr 0 00:00:00, Sys 0 00:00:00  -  Total Remote Usage
		Usr 0 00:00:00, Sys 0 00:00:00  -  Total Local Usage
	16275  -  Run Bytes Sent By Job
	269688  -  Run Bytes Received By Job
	16275  -  Total Bytes Sent By Job
	269688  -  Total Bytes Received By Job
	Partitionable Resources :    Usage  Request Allocated 
	   Cpus                 :                 1         1 
	   Disk (KB)            :       50       35    459633 
	   Memory (MB)          :      255        0     53248 

	Job terminated of its own accord at 2025-01-26T17:05:16Z with exit-code 0.
...
000 (289201.000.000) 2025-01-28 22:51:09 Job submitted from host: <192.168.0.102:9618?addrs=192.168.0.102-9618&alias=submitter&noUDP&sock=schedd_2032_5c88>
...
014 (289201.000.000) 2025-01-28 22:51:16 Node 0 executing on host: <192.168.0.116:9618?addrs=192.168.0.116-9618&alias=node116.di.rm1&noUDP&sock=startd_1847_7783>
...
014 (289201.000.002) 2025-01-28 22:51:16 Node 2 executing on host: <192.168.0.121:9618?addrs=192.168.0.121-9618&alias=node121.di.rm1&noUDP&sock=startd_2146_8e54>
...
014 (289201.000.001) 2025-01-28 22:51:16 Node 1 executing on host: <192.168.0.111:9618?addrs=192.168.0.111-9618&alias=node111.di.rm1&noUDP&sock=startd_2044_97ab>
...
014 (289201.000.004) 2025-01-28 22:51:16 Node 4 executing on host: <192.168.0.111:9618?addrs=192.168.0.111-9618&alias=node111.di.rm1&noUDP&sock=startd_2044_97ab>
...
014 (289201.000.003) 2025-01-28 22:51:16 Node 3 executing on host: <192.168.0.107:9618?addrs=192.168.0.107-9618&alias=node107.di.rm1&noUDP&sock=startd_1981_6134>
...
014 (289201.000.007) 2025-01-28 22:51:17 Node 7 executing on host: <192.168.0.122:9618?addrs=192.168.0.122-9618&alias=node122.di.rm1&noUDP&sock=startd_2134_5331>
...
014 (289201.000.005) 2025-01-28 22:51:17 Node 5 executing on host: <192.168.0.141:9618?addrs=192.168.0.141-9618&alias=node141.di.rm1&noUDP&sock=startd_2077_3a4b>
...
014 (289201.000.006) 2025-01-28 22:51:17 Node 6 executing on host: <192.168.0.151:9618?addrs=192.168.0.151-9618&alias=node151.di.rm1&noUDP&sock=startd_1528_a8cd>
...
001 (289201.000.000) 2025-01-28 22:51:17 Job executing on host: MPI_job
...
008 (289201.000.000) 2025-01-28 22:51:19 Launching orted on Node 0 of 8
...
008 (289201.000.000) 2025-01-28 22:51:19 Launching orted on Node 4 of 8
...
008 (289201.000.000) 2025-01-28 22:51:19 Launching orted on Node 1 of 8
...
008 (289201.000.000) 2025-01-28 22:51:19 Launching orted on Node 7 of 8
...
008 (289201.000.000) 2025-01-28 22:51:19 Launching orted on Node 2 of 8
...
008 (289201.000.000) 2025-01-28 22:51:19 Launching orted on Node 3 of 8
...
008 (289201.000.000) 2025-01-28 22:51:19 Launching orted on Node 6 of 8
...
008 (289201.000.000) 2025-01-28 22:51:19 Launching orted on Node 5 of 8
...
008 (289201.000.000) 2025-01-28 22:51:27 orted exited on Node 0 of 8
...
008 (289201.000.000) 2025-01-28 22:51:27 orted exited on Node 2 of 8
...
008 (289201.000.000) 2025-01-28 22:51:27 orted exited on Node 1 of 8
...
008 (289201.000.000) 2025-01-28 22:51:27 orted exited on Node 3 of 8
...
008 (289201.000.000) 2025-01-28 22:51:27 orted exited on Node 4 of 8
...
008 (289201.000.000) 2025-01-28 22:51:27 orted exited on Node 5 of 8
...
008 (289201.000.000) 2025-01-28 22:51:27 orted exited on Node 6 of 8
...
008 (289201.000.000) 2025-01-28 22:51:27 orted exited on Node 7 of 8
...
015 (289201.000.002) 2025-01-28 22:51:27 Node 2 terminated.
	(1) Normal termination (return value 0)
		Usr 0 00:00:07, Sys 0 00:00:01  -  Run Remote Usage
		Usr 0 00:00:00, Sys 0 00:00:00  -  Run Local Usage
		Usr 0 00:00:07, Sys 0 00:00:01  -  Total Remote Usage
		Usr 0 00:00:00, Sys 0 00:00:00  -  Total Local Usage
	2165  -  Run Bytes Sent By Node
	33711  -  Run Bytes Received By Node
	2165  -  Total Bytes Sent By Node
	33711  -  Total Bytes Received By Node
...
015 (289201.000.001) 2025-01-28 22:51:27 Node 1 terminated.
	(1) Normal termination (return value 0)
		Usr 0 00:00:07, Sys 0 00:00:00  -  Run Remote Usage
		Usr 0 00:00:00, Sys 0 00:00:00  -  Run Local Usage
		Usr 0 00:00:07, Sys 0 00:00:00  -  Total Remote Usage
		Usr 0 00:00:00, Sys 0 00:00:00  -  Total Local Usage
	2187  -  Run Bytes Sent By Node
	33711  -  Run Bytes Received By Node
	2187  -  Total Bytes Sent By Node
	33711  -  Total Bytes Received By Node
...
015 (289201.000.007) 2025-01-28 22:51:27 Node 7 terminated.
	(1) Normal termination (return value 0)
		Usr 0 00:00:07, Sys 0 00:00:00  -  Run Remote Usage
		Usr 0 00:00:00, Sys 0 00:00:00  -  Run Local Usage
		Usr 0 00:00:07, Sys 0 00:00:00  -  Total Remote Usage
		Usr 0 00:00:00, Sys 0 00:00:00  -  Total Local Usage
	2187  -  Run Bytes Sent By Node
	33711  -  Run Bytes Received By Node
	2187  -  Total Bytes Sent By Node
	33711  -  Total Bytes Received By Node
...
015 (289201.000.004) 2025-01-28 22:51:27 Node 4 terminated.
	(1) Normal termination (return value 0)
		Usr 0 00:00:07, Sys 0 00:00:00  -  Run Remote Usage
		Usr 0 00:00:00, Sys 0 00:00:00  -  Run Local Usage
		Usr 0 00:00:07, Sys 0 00:00:00  -  Total Remote Usage
		Usr 0 00:00:00, Sys 0 00:00:00  -  Total Local Usage
	2187  -  Run Bytes Sent By Node
	33711  -  Run Bytes Received By Node
	2187  -  Total Bytes Sent By Node
	33711  -  Total Bytes Received By Node
...
015 (289201.000.000) 2025-01-28 22:51:27 Node 0 terminated.
	(1) Normal termination (return value 0)
		Usr 0 00:00:05, Sys 0 00:00:00  -  Run Remote Usage
		Usr 0 00:00:00, Sys 0 00:00:00  -  Run Local Usage
		Usr 0 00:00:05, Sys 0 00:00:00  -  Total Remote Usage
		Usr 0 00:00:00, Sys 0 00:00:00  -  Total Local Usage
	3263  -  Run Bytes Sent By Node
	33711  -  Run Bytes Received By Node
	3263  -  Total Bytes Sent By Node
	33711  -  Total Bytes Received By Node
...
005 (289201.000.000) 2025-01-28 22:51:28 Job terminated.
	(1) Normal termination (return value 0)
		Usr 0 00:00:54, Sys 0 00:00:02  -  Run Remote Usage
		Usr 0 00:00:00, Sys 0 00:00:00  -  Run Local Usage
		Usr 0 00:00:05, Sys 0 00:00:00  -  Total Remote Usage
		Usr 0 00:00:00, Sys 0 00:00:00  -  Total Local Usage
	11989  -  Run Bytes Sent By Job
	269688  -  Run Bytes Received By Job
	11989  -  Total Bytes Sent By Job
	269688  -  Total Bytes Received By Job
	Partitionable Resources :    Usage  Request Allocated 
	   Cpus                 :                 1         2 
	   Disk (KB)            :       51       35 102978738 
	   Memory (MB)          :      212        0    100096 

	Job terminated of its own accord at 2025-01-28T22:51:27Z with exit-code 0.
...
