000 (270269.000.000) 2025-01-21 23:39:19 Job submitted from host: <192.168.0.102:9618?addrs=192.168.0.102-9618&alias=submitter&noUDP&sock=schedd_2032_5c88>
...
001 (270269.000.000) 2025-01-21 23:39:39 Job executing on host: <192.168.0.120:9618?addrs=192.168.0.120-9618&alias=node120.di.rm1&noUDP&sock=startd_2096_4298>
...
006 (270269.000.000) 2025-01-21 23:39:49 Image size of job updated: 479160
	468  -  MemoryUsage of job (MB)
	479160  -  ResidentSetSize of job (KB)
...
006 (270269.000.000) 2025-01-21 23:40:20 Image size of job updated: 2552424
	469  -  MemoryUsage of job (MB)
	479292  -  ResidentSetSize of job (KB)
...
004 (270269.000.000) 2025-01-21 23:40:20 Job was evicted.
	(0) CPU times
		Usr 0 00:00:38, Sys 0 00:00:00  -  Run Remote Usage
		Usr 0 00:00:00, Sys 0 00:00:00  -  Run Local Usage
	0  -  Run Bytes Sent By Job
	0  -  Run Bytes Received By Job
	Partitionable Resources :    Usage  Request Allocated 
	   Cpus                 :                 1         1 
	   Disk (KB)            :       27       27    459052 
	   Gpus (Average)       :                 0         0 
	   Memory (MB)          :      469        1       128 
...
009 (270269.000.000) 2025-01-21 23:40:20 Job was aborted.
	via condor_rm (by user calzona_2046920)
...
