000 (270951.000.000) 2025-01-22 00:27:19 Job submitted from host: <192.168.0.102:9618?addrs=192.168.0.102-9618&alias=submitter&noUDP&sock=schedd_2032_5c88>
...
001 (270951.000.000) 2025-01-22 00:27:39 Job executing on host: <192.168.0.110:9618?addrs=192.168.0.110-9618&alias=node110.di.rm1&noUDP&sock=startd_2185_4e86>
...
006 (270951.000.000) 2025-01-22 00:27:47 Image size of job updated: 402864
	394  -  MemoryUsage of job (MB)
	402864  -  ResidentSetSize of job (KB)
...
006 (270951.000.000) 2025-01-22 00:28:20 Image size of job updated: 1819620
	395  -  MemoryUsage of job (MB)
	403788  -  ResidentSetSize of job (KB)
...
004 (270951.000.000) 2025-01-22 00:28:20 Job was evicted.
	(0) CPU times
		Usr 0 00:00:39, Sys 0 00:00:01  -  Run Remote Usage
		Usr 0 00:00:00, Sys 0 00:00:00  -  Run Local Usage
	0  -  Run Bytes Sent By Job
	0  -  Run Bytes Received By Job
	Partitionable Resources :    Usage  Request Allocated 
	   Cpus                 :                 1         1 
	   Disk (KB)            :       27       27    468087 
	   Gpus (Average)       :                 0         0 
	   Memory (MB)          :      395        1       128 
...
009 (270951.000.000) 2025-01-22 00:28:20 Job was aborted.
	via condor_rm (by user calzona_2046920)
...
000 (277105.000.000) 2025-01-24 05:48:26 Job submitted from host: <192.168.0.102:9618?addrs=192.168.0.102-9618&alias=submitter&noUDP&sock=schedd_2032_5c88>
...
001 (277105.000.000) 2025-01-24 05:48:46 Job executing on host: <192.168.0.123:9618?addrs=192.168.0.123-9618&alias=node123.di.rm1&noUDP&sock=startd_2149_9d1d>
...
006 (277105.000.000) 2025-01-24 05:48:55 Image size of job updated: 391908
	383  -  MemoryUsage of job (MB)
	391908  -  ResidentSetSize of job (KB)
...
006 (277105.000.000) 2025-01-24 05:50:27 Image size of job updated: 4677684
	383  -  MemoryUsage of job (MB)
	392040  -  ResidentSetSize of job (KB)
...
004 (277105.000.000) 2025-01-24 05:50:27 Job was evicted.
	(0) CPU times
		Usr 0 00:01:37, Sys 0 00:00:02  -  Run Remote Usage
		Usr 0 00:00:00, Sys 0 00:00:00  -  Run Local Usage
	0  -  Run Bytes Sent By Job
	0  -  Run Bytes Received By Job
	Partitionable Resources :    Usage  Request Allocated 
	   Cpus                 :                 1         1 
	   Disk (KB)            :       27       27    499900 
	   Gpus (Average)       :                 0         0 
	   Memory (MB)          :      383        1       128 
...
009 (277105.000.000) 2025-01-24 05:50:27 Job was aborted.
	via condor_rm (by user calzona_2046920)
...
