000 (263079.000.000) 2025-01-17 11:20:41 Job submitted from host: <192.168.0.102:9618?addrs=192.168.0.102-9618&alias=submitter&noUDP&sock=schedd_2032_5c88>
...
001 (263079.000.000) 2025-01-17 11:20:53 Job executing on host: <192.168.0.143:9618?addrs=192.168.0.143-9618&alias=node143.di.rm1&noUDP&sock=startd_2061_40c7>
...
006 (263079.000.000) 2025-01-17 11:21:02 Image size of job updated: 1516884
	479  -  MemoryUsage of job (MB)
	489720  -  ResidentSetSize of job (KB)
...
006 (263079.000.000) 2025-01-17 11:26:03 Image size of job updated: 11328900
	11064  -  MemoryUsage of job (MB)
	11328900  -  ResidentSetSize of job (KB)
...
006 (263079.000.000) 2025-01-17 11:31:03 Image size of job updated: 19341172
	18879  -  MemoryUsage of job (MB)
	19331528  -  ResidentSetSize of job (KB)
...
005 (263079.000.000) 2025-01-17 11:32:56 Job terminated.
	(1) Normal termination (return value 0)
		Usr 0 00:12:24, Sys 0 00:00:56  -  Run Remote Usage
		Usr 0 00:00:00, Sys 0 00:00:00  -  Run Local Usage
		Usr 0 00:12:24, Sys 0 00:00:56  -  Total Remote Usage
		Usr 0 00:00:00, Sys 0 00:00:00  -  Total Local Usage
	0  -  Run Bytes Sent By Job
	0  -  Run Bytes Received By Job
	0  -  Total Bytes Sent By Job
	0  -  Total Bytes Received By Job
	Partitionable Resources :    Usage  Request Allocated 
	   Cpus                 :     0.95        1         1 
	   Disk (KB)            :    27          27    459633 
	   Memory (MB)          : 18879           1       128 

	Job terminated of its own accord at 2025-01-17T11:32:56Z with exit-code 0.
...
