000 (273744.000.000) 2025-01-23 11:18:40 Job submitted from host: <192.168.0.102:9618?addrs=192.168.0.102-9618&alias=submitter&noUDP&sock=schedd_2032_5c88>
...
014 (273744.000.003) 2025-01-23 11:18:47 Node 3 executing on host: <192.168.0.130:9618?addrs=192.168.0.130-9618&alias=node130.di.rm1&noUDP&sock=startd_2751195_838e>
...
014 (273744.000.001) 2025-01-23 11:18:47 Node 1 executing on host: <192.168.0.141:9618?addrs=192.168.0.141-9618&alias=node141.di.rm1&noUDP&sock=startd_2077_3a4b>
...
014 (273744.000.002) 2025-01-23 11:18:47 Node 2 executing on host: <192.168.0.135:9618?addrs=192.168.0.135-9618&alias=node135.di.rm1&noUDP&sock=startd_2000_6980>
...
014 (273744.000.000) 2025-01-23 11:18:47 Node 0 executing on host: <192.168.0.143:9618?addrs=192.168.0.143-9618&alias=node143.di.rm1&noUDP&sock=startd_2061_40c7>
...
001 (273744.000.000) 2025-01-23 11:18:47 Job executing on host: MPI_job
...
008 (273744.000.000) 2025-01-23 11:18:49 Launching orted on Node 3 of 4
...
008 (273744.000.000) 2025-01-23 11:18:49 Launching orted on Node 1 of 4
...
008 (273744.000.000) 2025-01-23 11:18:50 Launching orted on Node 2 of 4
...
008 (273744.000.000) 2025-01-23 11:18:50 Launching orted on Node 0 of 4
...
008 (273744.000.000) 2025-01-23 11:18:51 orted exited on Node 3 of 4
...
008 (273744.000.000) 2025-01-23 11:18:51 orted exited on Node 1 of 4
...
008 (273744.000.000) 2025-01-23 11:18:51 orted exited on Node 2 of 4
...
008 (273744.000.000) 2025-01-23 11:18:51 orted exited on Node 0 of 4
...
015 (273744.000.003) 2025-01-23 11:18:51 Node 3 terminated.
	(1) Normal termination (return value 0)
		Usr 0 00:00:00, Sys 0 00:00:01  -  Run Remote Usage
		Usr 0 00:00:00, Sys 0 00:00:00  -  Run Local Usage
		Usr 0 00:00:00, Sys 0 00:00:01  -  Total Remote Usage
		Usr 0 00:00:00, Sys 0 00:00:00  -  Total Local Usage
	2165  -  Run Bytes Sent By Node
	33639  -  Run Bytes Received By Node
	2165  -  Total Bytes Sent By Node
	33639  -  Total Bytes Received By Node
...
015 (273744.000.001) 2025-01-23 11:18:51 Node 1 terminated.
	(1) Normal termination (return value 0)
		Usr 0 00:00:00, Sys 0 00:00:00  -  Run Remote Usage
		Usr 0 00:00:00, Sys 0 00:00:00  -  Run Local Usage
		Usr 0 00:00:00, Sys 0 00:00:00  -  Total Remote Usage
		Usr 0 00:00:00, Sys 0 00:00:00  -  Total Local Usage
	2165  -  Run Bytes Sent By Node
	33639  -  Run Bytes Received By Node
	2165  -  Total Bytes Sent By Node
	33639  -  Total Bytes Received By Node
...
015 (273744.000.002) 2025-01-23 11:18:51 Node 2 terminated.
	(1) Normal termination (return value 0)
		Usr 0 00:00:00, Sys 0 00:00:00  -  Run Remote Usage
		Usr 0 00:00:00, Sys 0 00:00:00  -  Run Local Usage
		Usr 0 00:00:00, Sys 0 00:00:00  -  Total Remote Usage
		Usr 0 00:00:00, Sys 0 00:00:00  -  Total Local Usage
	2165  -  Run Bytes Sent By Node
	33639  -  Run Bytes Received By Node
	2165  -  Total Bytes Sent By Node
	33639  -  Total Bytes Received By Node
...
015 (273744.000.000) 2025-01-23 11:18:51 Node 0 terminated.
	(1) Normal termination (return value 0)
		Usr 0 00:00:00, Sys 0 00:00:00  -  Run Remote Usage
		Usr 0 00:00:00, Sys 0 00:00:00  -  Run Local Usage
		Usr 0 00:00:00, Sys 0 00:00:00  -  Total Remote Usage
		Usr 0 00:00:00, Sys 0 00:00:00  -  Total Local Usage
	3262  -  Run Bytes Sent By Node
	33639  -  Run Bytes Received By Node
	3262  -  Total Bytes Sent By Node
	33639  -  Total Bytes Received By Node
...
005 (273744.000.000) 2025-01-23 11:18:51 Job terminated.
	(1) Normal termination (return value 0)
		Usr 0 00:00:00, Sys 0 00:00:01  -  Run Remote Usage
		Usr 0 00:00:00, Sys 0 00:00:00  -  Run Local Usage
		Usr 0 00:00:00, Sys 0 00:00:00  -  Total Remote Usage
		Usr 0 00:00:00, Sys 0 00:00:00  -  Total Local Usage
	9757  -  Run Bytes Sent By Job
	134556  -  Run Bytes Received By Job
	9757  -  Total Bytes Sent By Job
	134556  -  Total Bytes Received By Job
	Partitionable Resources :    Usage  Request Allocated 
	   Cpus                 :                 1         1 
	   Disk (KB)            :       49       35    459633 
	   Memory (MB)          :        0        0     40960 

	Job terminated of its own accord at 2025-01-23T11:18:51Z with exit-code 0.
...
000 (278491.000.000) 2025-01-24 09:03:47 Job submitted from host: <192.168.0.102:9618?addrs=192.168.0.102-9618&alias=submitter&noUDP&sock=schedd_2032_5c88>
...
014 (278491.000.000) 2025-01-24 09:03:50 Node 0 executing on host: <192.168.0.147:9618?addrs=192.168.0.147-9618&alias=node147.di.rm1&noUDP&sock=startd_1513_5ee1>
...
014 (278491.000.001) 2025-01-24 09:03:50 Node 1 executing on host: <192.168.0.151:9618?addrs=192.168.0.151-9618&alias=node151.di.rm1&noUDP&sock=startd_1528_a8cd>
...
014 (278491.000.002) 2025-01-24 09:03:50 Node 2 executing on host: <192.168.0.148:9618?addrs=192.168.0.148-9618&alias=node148.di.rm1&noUDP&sock=startd_1547_b119>
...
014 (278491.000.003) 2025-01-24 09:03:50 Node 3 executing on host: <192.168.0.148:9618?addrs=192.168.0.148-9618&alias=node148.di.rm1&noUDP&sock=startd_1547_b119>
...
001 (278491.000.000) 2025-01-24 09:03:50 Job executing on host: MPI_job
...
008 (278491.000.000) 2025-01-24 09:03:52 Launching orted on Node 1 of 4
...
008 (278491.000.000) 2025-01-24 09:03:52 Launching orted on Node 0 of 4
...
008 (278491.000.000) 2025-01-24 09:03:53 Launching orted on Node 3 of 4
...
008 (278491.000.000) 2025-01-24 09:03:53 Launching orted on Node 2 of 4
...
008 (278491.000.000) 2025-01-24 09:03:53 orted exited on Node 2 of 4
...
008 (278491.000.000) 2025-01-24 09:03:53 orted exited on Node 1 of 4
...
008 (278491.000.000) 2025-01-24 09:03:53 orted exited on Node 3 of 4
...
008 (278491.000.000) 2025-01-24 09:03:53 orted exited on Node 0 of 4
...
015 (278491.000.001) 2025-01-24 09:03:53 Node 1 terminated.
	(1) Normal termination (return value 0)
		Usr 0 00:00:00, Sys 0 00:00:00  -  Run Remote Usage
		Usr 0 00:00:00, Sys 0 00:00:00  -  Run Local Usage
		Usr 0 00:00:00, Sys 0 00:00:00  -  Total Remote Usage
		Usr 0 00:00:00, Sys 0 00:00:00  -  Total Local Usage
	2165  -  Run Bytes Sent By Node
	33639  -  Run Bytes Received By Node
	2165  -  Total Bytes Sent By Node
	33639  -  Total Bytes Received By Node
...
015 (278491.000.000) 2025-01-24 09:03:53 Node 0 terminated.
	(1) Normal termination (return value 0)
		Usr 0 00:00:00, Sys 0 00:00:00  -  Run Remote Usage
		Usr 0 00:00:00, Sys 0 00:00:00  -  Run Local Usage
		Usr 0 00:00:00, Sys 0 00:00:00  -  Total Remote Usage
		Usr 0 00:00:00, Sys 0 00:00:00  -  Total Local Usage
	3259  -  Run Bytes Sent By Node
	33639  -  Run Bytes Received By Node
	3259  -  Total Bytes Sent By Node
	33639  -  Total Bytes Received By Node
...
005 (278491.000.000) 2025-01-24 09:03:53 Job terminated.
	(1) Normal termination (return value 0)
		Usr 0 00:00:00, Sys 0 00:00:01  -  Run Remote Usage
		Usr 0 00:00:00, Sys 0 00:00:00  -  Run Local Usage
		Usr 0 00:00:00, Sys 0 00:00:00  -  Total Remote Usage
		Usr 0 00:00:00, Sys 0 00:00:00  -  Total Local Usage
	5424  -  Run Bytes Sent By Job
	134556  -  Run Bytes Received By Job
	5424  -  Total Bytes Sent By Job
	134556  -  Total Bytes Received By Job
	Partitionable Resources :    Usage  Request Allocated 
	   Cpus                 :                 1         1 
	   Disk (KB)            :       49       35    469805 
	   Memory (MB)          :        1        0     40960 

	Job terminated of its own accord at 2025-01-24T09:03:53Z with exit-code 0.
...
000 (286762.000.000) 2025-01-28 15:58:23 Job submitted from host: <192.168.0.102:9618?addrs=192.168.0.102-9618&alias=submitter&noUDP&sock=schedd_2032_5c88>
...
014 (286762.000.001) 2025-01-28 15:58:36 Node 1 executing on host: <192.168.0.140:9618?addrs=192.168.0.140-9618&alias=node140.di.rm1&noUDP&sock=startd_1890_f615>
...
014 (286762.000.002) 2025-01-28 15:58:36 Node 2 executing on host: <192.168.0.120:9618?addrs=192.168.0.120-9618&alias=node120.di.rm1&noUDP&sock=startd_2096_4298>
...
014 (286762.000.000) 2025-01-28 15:58:36 Node 0 executing on host: <192.168.0.110:9618?addrs=192.168.0.110-9618&alias=node110.di.rm1&noUDP&sock=startd_2185_4e86>
...
014 (286762.000.003) 2025-01-28 15:58:36 Node 3 executing on host: <192.168.0.116:9618?addrs=192.168.0.116-9618&alias=node116.di.rm1&noUDP&sock=startd_1847_7783>
...
001 (286762.000.000) 2025-01-28 15:58:36 Job executing on host: MPI_job
...
008 (286762.000.000) 2025-01-28 15:58:38 Launching orted on Node 2 of 4
...
008 (286762.000.000) 2025-01-28 15:58:38 Launching orted on Node 1 of 4
...
008 (286762.000.000) 2025-01-28 15:58:38 Launching orted on Node 0 of 4
...
008 (286762.000.000) 2025-01-28 15:58:38 Launching orted on Node 3 of 4
...
008 (286762.000.000) 2025-01-28 15:58:39 orted exited on Node 1 of 4
...
008 (286762.000.000) 2025-01-28 15:58:39 orted exited on Node 2 of 4
...
008 (286762.000.000) 2025-01-28 15:58:39 orted exited on Node 3 of 4
...
008 (286762.000.000) 2025-01-28 15:58:39 orted exited on Node 0 of 4
...
015 (286762.000.002) 2025-01-28 15:58:39 Node 2 terminated.
	(1) Normal termination (return value 0)
		Usr 0 00:00:00, Sys 0 00:00:00  -  Run Remote Usage
		Usr 0 00:00:00, Sys 0 00:00:00  -  Run Local Usage
		Usr 0 00:00:00, Sys 0 00:00:00  -  Total Remote Usage
		Usr 0 00:00:00, Sys 0 00:00:00  -  Total Local Usage
	2187  -  Run Bytes Sent By Node
	33591  -  Run Bytes Received By Node
	2187  -  Total Bytes Sent By Node
	33591  -  Total Bytes Received By Node
...
015 (286762.000.001) 2025-01-28 15:58:39 Node 1 terminated.
	(1) Normal termination (return value 0)
		Usr 0 00:00:00, Sys 0 00:00:00  -  Run Remote Usage
		Usr 0 00:00:00, Sys 0 00:00:00  -  Run Local Usage
		Usr 0 00:00:00, Sys 0 00:00:00  -  Total Remote Usage
		Usr 0 00:00:00, Sys 0 00:00:00  -  Total Local Usage
	2165  -  Run Bytes Sent By Node
	33591  -  Run Bytes Received By Node
	2165  -  Total Bytes Sent By Node
	33591  -  Total Bytes Received By Node
...
015 (286762.000.003) 2025-01-28 15:58:39 Node 3 terminated.
	(1) Normal termination (return value 0)
		Usr 0 00:00:00, Sys 0 00:00:00  -  Run Remote Usage
		Usr 0 00:00:00, Sys 0 00:00:00  -  Run Local Usage
		Usr 0 00:00:00, Sys 0 00:00:00  -  Total Remote Usage
		Usr 0 00:00:00, Sys 0 00:00:00  -  Total Local Usage
	2165  -  Run Bytes Sent By Node
	33591  -  Run Bytes Received By Node
	2165  -  Total Bytes Sent By Node
	33591  -  Total Bytes Received By Node
...
015 (286762.000.000) 2025-01-28 15:58:39 Node 0 terminated.
	(1) Normal termination (return value 0)
		Usr 0 00:00:00, Sys 0 00:00:00  -  Run Remote Usage
		Usr 0 00:00:00, Sys 0 00:00:00  -  Run Local Usage
		Usr 0 00:00:00, Sys 0 00:00:00  -  Total Remote Usage
		Usr 0 00:00:00, Sys 0 00:00:00  -  Total Local Usage
	3303  -  Run Bytes Sent By Node
	33591  -  Run Bytes Received By Node
	3303  -  Total Bytes Sent By Node
	33591  -  Total Bytes Received By Node
...
005 (286762.000.000) 2025-01-28 15:58:39 Job terminated.
	(1) Normal termination (return value 0)
		Usr 0 00:00:00, Sys 0 00:00:00  -  Run Remote Usage
		Usr 0 00:00:00, Sys 0 00:00:00  -  Run Local Usage
		Usr 0 00:00:00, Sys 0 00:00:00  -  Total Remote Usage
		Usr 0 00:00:00, Sys 0 00:00:00  -  Total Local Usage
	9820  -  Run Bytes Sent By Job
	134364  -  Run Bytes Received By Job
	9820  -  Total Bytes Sent By Job
	134364  -  Total Bytes Received By Job
	Partitionable Resources :    Usage  Request Allocated 
	   Cpus                 :                 1         1 
	   Disk (KB)            :       51       35 105319462 
	   GPUs                 :                           0 
	   Memory (MB)          :        0        0    102400 

	Job terminated of its own accord at 2025-01-28T15:58:39Z with exit-code 0.
...
