000 (273960.000.000) 2025-01-23 11:28:32 Job submitted from host: <192.168.0.102:9618?addrs=192.168.0.102-9618&alias=submitter&noUDP&sock=schedd_2032_5c88>
...
014 (273960.000.000) 2025-01-23 11:28:39 Node 0 executing on host: <192.168.0.132:9618?addrs=192.168.0.132-9618&alias=node132.di.rm1&noUDP&sock=startd_1999_b9e8>
...
014 (273960.000.002) 2025-01-23 11:28:39 Node 2 executing on host: <192.168.0.113:9618?addrs=192.168.0.113-9618&alias=node113.di.rm1&noUDP&sock=startd_3668932_c305>
...
014 (273960.000.001) 2025-01-23 11:28:39 Node 1 executing on host: <192.168.0.108:9618?addrs=192.168.0.108-9618&alias=node108.di.rm1&noUDP&sock=startd_1979_0203>
...
014 (273960.000.003) 2025-01-23 11:28:39 Node 3 executing on host: <192.168.0.148:9618?addrs=192.168.0.148-9618&alias=node148.di.rm1&noUDP&sock=startd_1547_b119>
...
001 (273960.000.000) 2025-01-23 11:28:39 Job executing on host: MPI_job
...
008 (273960.000.000) 2025-01-23 11:28:41 Launching orted on Node 0 of 4
...
008 (273960.000.000) 2025-01-23 11:28:41 Launching orted on Node 2 of 4
...
008 (273960.000.000) 2025-01-23 11:28:41 Launching orted on Node 1 of 4
...
008 (273960.000.000) 2025-01-23 11:28:41 Launching orted on Node 3 of 4
...
008 (273960.000.000) 2025-01-23 11:28:50 orted exited on Node 1 of 4
...
008 (273960.000.000) 2025-01-23 11:28:50 orted exited on Node 0 of 4
...
008 (273960.000.000) 2025-01-23 11:28:50 orted exited on Node 3 of 4
...
008 (273960.000.000) 2025-01-23 11:28:50 orted exited on Node 2 of 4
...
015 (273960.000.002) 2025-01-23 11:28:50 Node 2 terminated.
	(1) Normal termination (return value 0)
		Usr 0 00:00:08, Sys 0 00:00:00  -  Run Remote Usage
		Usr 0 00:00:00, Sys 0 00:00:00  -  Run Local Usage
		Usr 0 00:00:08, Sys 0 00:00:00  -  Total Remote Usage
		Usr 0 00:00:00, Sys 0 00:00:00  -  Total Local Usage
	2187  -  Run Bytes Sent By Node
	33639  -  Run Bytes Received By Node
	2187  -  Total Bytes Sent By Node
	33639  -  Total Bytes Received By Node
...
015 (273960.000.001) 2025-01-23 11:28:50 Node 1 terminated.
	(1) Normal termination (return value 0)
		Usr 0 00:00:08, Sys 0 00:00:00  -  Run Remote Usage
		Usr 0 00:00:00, Sys 0 00:00:00  -  Run Local Usage
		Usr 0 00:00:08, Sys 0 00:00:00  -  Total Remote Usage
		Usr 0 00:00:00, Sys 0 00:00:00  -  Total Local Usage
	2165  -  Run Bytes Sent By Node
	33639  -  Run Bytes Received By Node
	2165  -  Total Bytes Sent By Node
	33639  -  Total Bytes Received By Node
...
015 (273960.000.003) 2025-01-23 11:28:50 Node 3 terminated.
	(1) Normal termination (return value 0)
		Usr 0 00:00:08, Sys 0 00:00:00  -  Run Remote Usage
		Usr 0 00:00:00, Sys 0 00:00:00  -  Run Local Usage
		Usr 0 00:00:08, Sys 0 00:00:00  -  Total Remote Usage
		Usr 0 00:00:00, Sys 0 00:00:00  -  Total Local Usage
	2165  -  Run Bytes Sent By Node
	33639  -  Run Bytes Received By Node
	2165  -  Total Bytes Sent By Node
	33639  -  Total Bytes Received By Node
...
015 (273960.000.000) 2025-01-23 11:28:50 Node 0 terminated.
	(1) Normal termination (return value 0)
		Usr 0 00:00:06, Sys 0 00:00:00  -  Run Remote Usage
		Usr 0 00:00:00, Sys 0 00:00:00  -  Run Local Usage
		Usr 0 00:00:06, Sys 0 00:00:00  -  Total Remote Usage
		Usr 0 00:00:00, Sys 0 00:00:00  -  Total Local Usage
	3263  -  Run Bytes Sent By Node
	33639  -  Run Bytes Received By Node
	3263  -  Total Bytes Sent By Node
	33639  -  Total Bytes Received By Node
...
005 (273960.000.000) 2025-01-23 11:28:50 Job terminated.
	(1) Normal termination (return value 0)
		Usr 0 00:00:30, Sys 0 00:00:00  -  Run Remote Usage
		Usr 0 00:00:00, Sys 0 00:00:00  -  Run Local Usage
		Usr 0 00:00:06, Sys 0 00:00:00  -  Total Remote Usage
		Usr 0 00:00:00, Sys 0 00:00:00  -  Total Local Usage
	9780  -  Run Bytes Sent By Job
	134556  -  Run Bytes Received By Job
	9780  -  Total Bytes Sent By Job
	134556  -  Total Bytes Received By Job
	Partitionable Resources :    Usage  Request Allocated 
	   Cpus                 :                 1         2 
	   Disk (KB)            :       49       35 103028807 
	   Memory (MB)          :      314        0    100096 

	Job terminated of its own accord at 2025-01-23T11:28:50Z with exit-code 0.
...
000 (278706.000.000) 2025-01-24 09:18:29 Job submitted from host: <192.168.0.102:9618?addrs=192.168.0.102-9618&alias=submitter&noUDP&sock=schedd_2032_5c88>
...
014 (278706.000.000) 2025-01-24 09:18:33 Node 0 executing on host: <192.168.0.134:9618?addrs=192.168.0.134-9618&alias=node134.di.rm1&noUDP&sock=startd_2073_7bea>
...
014 (278706.000.003) 2025-01-24 09:18:33 Node 3 executing on host: <192.168.0.115:9618?addrs=192.168.0.115-9618&alias=node115.di.rm1&noUDP&sock=startd_1101621_f4a0>
...
014 (278706.000.001) 2025-01-24 09:18:33 Node 1 executing on host: <192.168.0.149:9618?addrs=192.168.0.149-9618&alias=node149.di.rm1&noUDP&sock=startd_1551_6f7a>
...
014 (278706.000.002) 2025-01-24 09:18:33 Node 2 executing on host: <192.168.0.135:9618?addrs=192.168.0.135-9618&alias=node135.di.rm1&noUDP&sock=startd_2000_6980>
...
001 (278706.000.000) 2025-01-24 09:18:33 Job executing on host: MPI_job
...
008 (278706.000.000) 2025-01-24 09:18:35 Launching orted on Node 0 of 4
...
008 (278706.000.000) 2025-01-24 09:18:35 Launching orted on Node 3 of 4
...
008 (278706.000.000) 2025-01-24 09:18:35 Launching orted on Node 2 of 4
...
008 (278706.000.000) 2025-01-24 09:18:35 Launching orted on Node 1 of 4
...
008 (278706.000.000) 2025-01-24 09:18:44 orted exited on Node 3 of 4
...
008 (278706.000.000) 2025-01-24 09:18:44 orted exited on Node 1 of 4
...
008 (278706.000.000) 2025-01-24 09:18:44 orted exited on Node 2 of 4
...
008 (278706.000.000) 2025-01-24 09:18:44 orted exited on Node 0 of 4
...
015 (278706.000.003) 2025-01-24 09:18:44 Node 3 terminated.
	(1) Normal termination (return value 0)
		Usr 0 00:00:08, Sys 0 00:00:01  -  Run Remote Usage
		Usr 0 00:00:00, Sys 0 00:00:00  -  Run Local Usage
		Usr 0 00:00:08, Sys 0 00:00:01  -  Total Remote Usage
		Usr 0 00:00:00, Sys 0 00:00:00  -  Total Local Usage
	2165  -  Run Bytes Sent By Node
	33639  -  Run Bytes Received By Node
	2165  -  Total Bytes Sent By Node
	33639  -  Total Bytes Received By Node
...
015 (278706.000.000) 2025-01-24 09:18:44 Node 0 terminated.
	(1) Normal termination (return value 0)
		Usr 0 00:00:05, Sys 0 00:00:00  -  Run Remote Usage
		Usr 0 00:00:00, Sys 0 00:00:00  -  Run Local Usage
		Usr 0 00:00:05, Sys 0 00:00:00  -  Total Remote Usage
		Usr 0 00:00:00, Sys 0 00:00:00  -  Total Local Usage
	3257  -  Run Bytes Sent By Node
	33639  -  Run Bytes Received By Node
	3257  -  Total Bytes Sent By Node
	33639  -  Total Bytes Received By Node
...
005 (278706.000.000) 2025-01-24 09:18:44 Job terminated.
	(1) Normal termination (return value 0)
		Usr 0 00:00:28, Sys 0 00:00:01  -  Run Remote Usage
		Usr 0 00:00:00, Sys 0 00:00:00  -  Run Local Usage
		Usr 0 00:00:05, Sys 0 00:00:00  -  Total Remote Usage
		Usr 0 00:00:00, Sys 0 00:00:00  -  Total Local Usage
	5422  -  Run Bytes Sent By Job
	134556  -  Run Bytes Received By Job
	5422  -  Total Bytes Sent By Job
	134556  -  Total Bytes Received By Job
	Partitionable Resources :    Usage  Request Allocated 
	   Cpus                 :                 1         2 
	   Disk (KB)            :       49       35 102912899 
	   Memory (MB)          :      271        0    100096 

	Job terminated of its own accord at 2025-01-24T09:18:44Z with exit-code 0.
...
000 (286977.000.000) 2025-01-28 16:13:08 Job submitted from host: <192.168.0.102:9618?addrs=192.168.0.102-9618&alias=submitter&noUDP&sock=schedd_2032_5c88>
...
014 (286977.000.001) 2025-01-28 16:13:15 Node 1 executing on host: <192.168.0.109:9618?addrs=192.168.0.109-9618&alias=node109.di.rm1&noUDP&sock=startd_1627_90ad>
...
014 (286977.000.003) 2025-01-28 16:13:15 Node 3 executing on host: <192.168.0.113:9618?addrs=192.168.0.113-9618&alias=node113.di.rm1&noUDP&sock=startd_3668932_c305>
...
014 (286977.000.002) 2025-01-28 16:13:16 Node 2 executing on host: <192.168.0.104:9618?addrs=192.168.0.104-9618&alias=node104.di.rm1&noUDP&sock=startd_1987_7ec5>
...
014 (286977.000.000) 2025-01-28 16:13:16 Node 0 executing on host: <192.168.0.123:9618?addrs=192.168.0.123-9618&alias=node123.di.rm1&noUDP&sock=startd_2149_9d1d>
...
001 (286977.000.000) 2025-01-28 16:13:16 Job executing on host: MPI_job
...
008 (286977.000.000) 2025-01-28 16:13:17 Launching orted on Node 1 of 4
...
008 (286977.000.000) 2025-01-28 16:13:18 Launching orted on Node 3 of 4
...
008 (286977.000.000) 2025-01-28 16:13:18 Launching orted on Node 0 of 4
...
008 (286977.000.000) 2025-01-28 16:13:18 Launching orted on Node 2 of 4
...
008 (286977.000.000) 2025-01-28 16:13:26 orted exited on Node 3 of 4
...
008 (286977.000.000) 2025-01-28 16:13:26 orted exited on Node 0 of 4
...
008 (286977.000.000) 2025-01-28 16:13:26 orted exited on Node 2 of 4
...
008 (286977.000.000) 2025-01-28 16:13:26 orted exited on Node 1 of 4
...
015 (286977.000.001) 2025-01-28 16:13:26 Node 1 terminated.
	(1) Normal termination (return value 0)
		Usr 0 00:00:08, Sys 0 00:00:00  -  Run Remote Usage
		Usr 0 00:00:00, Sys 0 00:00:00  -  Run Local Usage
		Usr 0 00:00:08, Sys 0 00:00:00  -  Total Remote Usage
		Usr 0 00:00:00, Sys 0 00:00:00  -  Total Local Usage
	2165  -  Run Bytes Sent By Node
	33591  -  Run Bytes Received By Node
	2165  -  Total Bytes Sent By Node
	33591  -  Total Bytes Received By Node
...
015 (286977.000.000) 2025-01-28 16:13:26 Node 0 terminated.
	(1) Normal termination (return value 0)
		Usr 0 00:00:00, Sys 0 00:00:00  -  Run Remote Usage
		Usr 0 00:00:00, Sys 0 00:00:00  -  Run Local Usage
		Usr 0 00:00:00, Sys 0 00:00:00  -  Total Remote Usage
		Usr 0 00:00:00, Sys 0 00:00:00  -  Total Local Usage
	3307  -  Run Bytes Sent By Node
	33591  -  Run Bytes Received By Node
	3307  -  Total Bytes Sent By Node
	33591  -  Total Bytes Received By Node
...
005 (286977.000.000) 2025-01-28 16:13:26 Job terminated.
	(1) Normal termination (return value 0)
		Usr 0 00:00:23, Sys 0 00:00:00  -  Run Remote Usage
		Usr 0 00:00:00, Sys 0 00:00:00  -  Run Local Usage
		Usr 0 00:00:00, Sys 0 00:00:00  -  Total Remote Usage
		Usr 0 00:00:00, Sys 0 00:00:00  -  Total Local Usage
	7659  -  Run Bytes Sent By Job
	134364  -  Run Bytes Received By Job
	7659  -  Total Bytes Sent By Job
	134364  -  Total Bytes Received By Job
	Partitionable Resources :    Usage  Request Allocated 
	   Cpus                 :                 1         2 
	   Disk (KB)            :       51       35 102979196 
	   GPUs                 :                           0 
	   Memory (MB)          :      290        0    100096 

	Job terminated of its own accord at 2025-01-28T16:13:26Z with exit-code 0.
...
