000 (282140.000.000) 2025-01-26 16:18:16 Job submitted from host: <192.168.0.102:9618?addrs=192.168.0.102-9618&alias=submitter&noUDP&sock=schedd_2032_5c88>
...
014 (282140.000.000) 2025-01-26 16:18:23 Node 0 executing on host: <192.168.0.120:9618?addrs=192.168.0.120-9618&alias=node120.di.rm1&noUDP&sock=startd_2096_4298>
...
014 (282140.000.002) 2025-01-26 16:18:23 Node 2 executing on host: <192.168.0.135:9618?addrs=192.168.0.135-9618&alias=node135.di.rm1&noUDP&sock=startd_2000_6980>
...
014 (282140.000.003) 2025-01-26 16:18:24 Node 3 executing on host: <192.168.0.145:9618?addrs=192.168.0.145-9618&alias=node145.di.rm1&noUDP&sock=startd_1869_8e98>
...
014 (282140.000.001) 2025-01-26 16:18:24 Node 1 executing on host: <192.168.0.141:9618?addrs=192.168.0.141-9618&alias=node141.di.rm1&noUDP&sock=startd_2077_3a4b>
...
001 (282140.000.000) 2025-01-26 16:18:24 Job executing on host: MPI_job
...
008 (282140.000.000) 2025-01-26 16:18:26 Launching orted on Node 0 of 4
...
008 (282140.000.000) 2025-01-26 16:18:26 Launching orted on Node 2 of 4
...
008 (282140.000.000) 2025-01-26 16:18:26 Launching orted on Node 3 of 4
...
008 (282140.000.000) 2025-01-26 16:18:28 Launching orted on Node 1 of 4
...
008 (282140.000.000) 2025-01-26 16:19:35 orted exited on Node 2 of 4
...
008 (282140.000.000) 2025-01-26 16:19:35 orted exited on Node 0 of 4
...
008 (282140.000.000) 2025-01-26 16:19:35 orted exited on Node 3 of 4
...
008 (282140.000.000) 2025-01-26 16:19:35 orted exited on Node 1 of 4
...
015 (282140.000.002) 2025-01-26 16:19:35 Node 2 terminated.
	(1) Normal termination (return value 0)
		Usr 0 00:01:03, Sys 0 00:00:03  -  Run Remote Usage
		Usr 0 00:00:00, Sys 0 00:00:00  -  Run Local Usage
		Usr 0 00:01:03, Sys 0 00:00:03  -  Total Remote Usage
		Usr 0 00:00:00, Sys 0 00:00:00  -  Total Local Usage
	2165  -  Run Bytes Sent By Node
	33711  -  Run Bytes Received By Node
	2165  -  Total Bytes Sent By Node
	33711  -  Total Bytes Received By Node
...
015 (282140.000.000) 2025-01-26 16:19:35 Node 0 terminated.
	(1) Normal termination (return value 0)
		Usr 0 00:00:03, Sys 0 00:00:00  -  Run Remote Usage
		Usr 0 00:00:00, Sys 0 00:00:00  -  Run Local Usage
		Usr 0 00:00:03, Sys 0 00:00:00  -  Total Remote Usage
		Usr 0 00:00:00, Sys 0 00:00:00  -  Total Local Usage
	3307  -  Run Bytes Sent By Node
	33711  -  Run Bytes Received By Node
	3307  -  Total Bytes Sent By Node
	33711  -  Total Bytes Received By Node
...
005 (282140.000.000) 2025-01-26 16:19:35 Job terminated.
	(1) Normal termination (return value 0)
		Usr 0 00:02:17, Sys 0 00:00:03  -  Run Remote Usage
		Usr 0 00:00:00, Sys 0 00:00:00  -  Run Local Usage
		Usr 0 00:00:03, Sys 0 00:00:00  -  Total Remote Usage
		Usr 0 00:00:00, Sys 0 00:00:00  -  Total Local Usage
	5472  -  Run Bytes Sent By Job
	134844  -  Run Bytes Received By Job
	5472  -  Total Bytes Sent By Job
	134844  -  Total Bytes Received By Job
	Partitionable Resources :    Usage  Request Allocated 
	   Cpus                 :                 1         1 
	   Disk (KB)            :       50       35    459052 
	   GPUs                 :                           0 
	   Memory (MB)          :       38       27     53248 

	Job terminated of its own accord at 2025-01-26T16:19:35Z with exit-code 0.
...
000 (289016.000.000) 2025-01-28 22:05:49 Job submitted from host: <192.168.0.102:9618?addrs=192.168.0.102-9618&alias=submitter&noUDP&sock=schedd_2032_5c88>
...
014 (289016.000.003) 2025-01-28 22:05:58 Node 3 executing on host: <192.168.0.140:9618?addrs=192.168.0.140-9618&alias=node140.di.rm1&noUDP&sock=startd_1890_f615>
...
014 (289016.000.002) 2025-01-28 22:05:58 Node 2 executing on host: <192.168.0.110:9618?addrs=192.168.0.110-9618&alias=node110.di.rm1&noUDP&sock=startd_2185_4e86>
...
014 (289016.000.001) 2025-01-28 22:05:58 Node 1 executing on host: <192.168.0.106:9618?addrs=192.168.0.106-9618&alias=node106.di.rm1&noUDP&sock=startd_1970_d5a9>
...
014 (289016.000.000) 2025-01-28 22:05:58 Node 0 executing on host: <192.168.0.135:9618?addrs=192.168.0.135-9618&alias=node135.di.rm1&noUDP&sock=startd_2000_6980>
...
001 (289016.000.000) 2025-01-28 22:05:58 Job executing on host: MPI_job
...
008 (289016.000.000) 2025-01-28 22:06:00 Launching orted on Node 3 of 4
...
008 (289016.000.000) 2025-01-28 22:06:00 Launching orted on Node 2 of 4
...
008 (289016.000.000) 2025-01-28 22:06:00 Launching orted on Node 1 of 4
...
008 (289016.000.000) 2025-01-28 22:06:00 Launching orted on Node 0 of 4
...
008 (289016.000.000) 2025-01-28 22:07:07 orted exited on Node 0 of 4
...
008 (289016.000.000) 2025-01-28 22:07:07 orted exited on Node 1 of 4
...
008 (289016.000.000) 2025-01-28 22:07:07 orted exited on Node 2 of 4
...
008 (289016.000.000) 2025-01-28 22:07:07 orted exited on Node 3 of 4
...
015 (289016.000.002) 2025-01-28 22:07:07 Node 2 terminated.
	(1) Normal termination (return value 0)
		Usr 0 00:01:06, Sys 0 00:00:01  -  Run Remote Usage
		Usr 0 00:00:00, Sys 0 00:00:00  -  Run Local Usage
		Usr 0 00:01:06, Sys 0 00:00:01  -  Total Remote Usage
		Usr 0 00:00:00, Sys 0 00:00:00  -  Total Local Usage
	2187  -  Run Bytes Sent By Node
	33711  -  Run Bytes Received By Node
	2187  -  Total Bytes Sent By Node
	33711  -  Total Bytes Received By Node
...
015 (289016.000.003) 2025-01-28 22:07:08 Node 3 terminated.
	(1) Normal termination (return value 0)
		Usr 0 00:01:06, Sys 0 00:00:01  -  Run Remote Usage
		Usr 0 00:00:00, Sys 0 00:00:00  -  Run Local Usage
		Usr 0 00:01:06, Sys 0 00:00:01  -  Total Remote Usage
		Usr 0 00:00:00, Sys 0 00:00:00  -  Total Local Usage
	2165  -  Run Bytes Sent By Node
	33711  -  Run Bytes Received By Node
	2165  -  Total Bytes Sent By Node
	33711  -  Total Bytes Received By Node
...
015 (289016.000.001) 2025-01-28 22:07:08 Node 1 terminated.
	(1) Normal termination (return value 0)
		Usr 0 00:01:06, Sys 0 00:00:01  -  Run Remote Usage
		Usr 0 00:00:00, Sys 0 00:00:00  -  Run Local Usage
		Usr 0 00:01:06, Sys 0 00:00:01  -  Total Remote Usage
		Usr 0 00:00:00, Sys 0 00:00:00  -  Total Local Usage
	2165  -  Run Bytes Sent By Node
	33711  -  Run Bytes Received By Node
	2165  -  Total Bytes Sent By Node
	33711  -  Total Bytes Received By Node
...
015 (289016.000.000) 2025-01-28 22:07:08 Node 0 terminated.
	(1) Normal termination (return value 0)
		Usr 0 00:01:07, Sys 0 00:00:00  -  Run Remote Usage
		Usr 0 00:00:00, Sys 0 00:00:00  -  Run Local Usage
		Usr 0 00:01:07, Sys 0 00:00:00  -  Total Remote Usage
		Usr 0 00:00:00, Sys 0 00:00:00  -  Total Local Usage
	3263  -  Run Bytes Sent By Node
	33711  -  Run Bytes Received By Node
	3263  -  Total Bytes Sent By Node
	33711  -  Total Bytes Received By Node
...
005 (289016.000.000) 2025-01-28 22:07:08 Job terminated.
	(1) Normal termination (return value 0)
		Usr 0 00:04:25, Sys 0 00:00:03  -  Run Remote Usage
		Usr 0 00:00:00, Sys 0 00:00:00  -  Run Local Usage
		Usr 0 00:01:02, Sys 0 00:00:00  -  Total Remote Usage
		Usr 0 00:00:00, Sys 0 00:00:00  -  Total Local Usage
	9780  -  Run Bytes Sent By Job
	134844  -  Run Bytes Received By Job
	9780  -  Total Bytes Sent By Job
	134844  -  Total Bytes Received By Job
	Partitionable Resources :    Usage  Request Allocated 
	   Cpus                 :     1.00        1         2 
	   Disk (KB)            :    56          35 102650546 
	   Memory (MB)          :    35          24    100096 

	Job terminated of its own accord at 2025-01-28T22:07:07Z with exit-code 0.
...
