000 (271068.000.000) 2025-01-22 00:39:42 Job submitted from host: <192.168.0.102:9618?addrs=192.168.0.102-9618&alias=submitter&noUDP&sock=schedd_2032_5c88>
...
001 (271068.000.000) 2025-01-22 00:39:45 Job executing on host: <192.168.0.151:9618?addrs=192.168.0.151-9618&alias=node151.di.rm1&noUDP&sock=startd_1528_a8cd>
...
006 (271068.000.000) 2025-01-22 00:39:55 Image size of job updated: 479556
	469  -  MemoryUsage of job (MB)
	479556  -  ResidentSetSize of job (KB)
...
006 (271068.000.000) 2025-01-22 00:40:44 Image size of job updated: 3267028
	470  -  MemoryUsage of job (MB)
	481272  -  ResidentSetSize of job (KB)
...
004 (271068.000.000) 2025-01-22 00:40:44 Job was evicted.
	(0) CPU times
		Usr 0 00:00:55, Sys 0 00:00:01  -  Run Remote Usage
		Usr 0 00:00:00, Sys 0 00:00:00  -  Run Local Usage
	0  -  Run Bytes Sent By Job
	0  -  Run Bytes Received By Job
	Partitionable Resources :    Usage  Request Allocated 
	   Cpus                 :                 1         1 
	   Disk (KB)            :       27       27    474791 
	   Memory (MB)          :      470        1       128 
...
009 (271068.000.000) 2025-01-22 00:40:44 Job was aborted.
	via condor_rm (by user calzona_2046920)
...
000 (277222.000.000) 2025-01-24 06:08:30 Job submitted from host: <192.168.0.102:9618?addrs=192.168.0.102-9618&alias=submitter&noUDP&sock=schedd_2032_5c88>
...
001 (277222.000.000) 2025-01-24 06:08:32 Job executing on host: <192.168.0.147:9618?addrs=192.168.0.147-9618&alias=node147.di.rm1&noUDP&sock=startd_1513_5ee1>
...
006 (277222.000.000) 2025-01-24 06:08:41 Image size of job updated: 1336048
	475  -  MemoryUsage of job (MB)
	486288  -  ResidentSetSize of job (KB)
...
006 (277222.000.000) 2025-01-24 06:10:32 Image size of job updated: 6630408
	475  -  MemoryUsage of job (MB)
	486288  -  ResidentSetSize of job (KB)
...
004 (277222.000.000) 2025-01-24 06:10:32 Job was evicted.
	(0) CPU times
		Usr 0 00:01:56, Sys 0 00:00:02  -  Run Remote Usage
		Usr 0 00:00:00, Sys 0 00:00:00  -  Run Local Usage
	0  -  Run Bytes Sent By Job
	0  -  Run Bytes Received By Job
	Partitionable Resources :    Usage  Request Allocated 
	   Cpus                 :                 1         1 
	   Disk (KB)            :       27       27    469805 
	   Memory (MB)          :      475        1       128 
...
009 (277222.000.000) 2025-01-24 06:10:32 Job was aborted.
	via condor_rm (by user calzona_2046920)
...
