000 (270408.000.000) 2025-01-21 23:50:21 Job submitted from host: <192.168.0.102:9618?addrs=192.168.0.102-9618&alias=submitter&noUDP&sock=schedd_2032_5c88>
...
001 (270408.000.000) 2025-01-21 23:50:24 Job executing on host: <192.168.0.120:9618?addrs=192.168.0.120-9618&alias=node120.di.rm1&noUDP&sock=startd_2096_4298>
...
006 (270408.000.000) 2025-01-21 23:50:33 Image size of job updated: 439032
	429  -  MemoryUsage of job (MB)
	439032  -  ResidentSetSize of job (KB)
...
006 (270408.000.000) 2025-01-21 23:51:23 Image size of job updated: 2692612
	431  -  MemoryUsage of job (MB)
	440352  -  ResidentSetSize of job (KB)
...
004 (270408.000.000) 2025-01-21 23:51:23 Job was evicted.
	(0) CPU times
		Usr 0 00:00:56, Sys 0 00:00:01  -  Run Remote Usage
		Usr 0 00:00:00, Sys 0 00:00:00  -  Run Local Usage
	0  -  Run Bytes Sent By Job
	0  -  Run Bytes Received By Job
	Partitionable Resources :    Usage  Request Allocated 
	   Cpus                 :                 1         1 
	   Disk (KB)            :       27       27    459052 
	   Gpus (Average)       :                 0         0 
	   Memory (MB)          :      431        1       128 
...
009 (270408.000.000) 2025-01-21 23:51:23 Job was aborted.
	via condor_rm (by user calzona_2046920)
...
