000 (267971.000.000) 2025-01-21 21:07:13 Job submitted from host: <192.168.0.102:9618?addrs=192.168.0.102-9618&alias=submitter&noUDP&sock=schedd_2032_5c88>
...
001 (267971.000.000) 2025-01-21 21:07:14 Job executing on host: <192.168.0.135:9618?addrs=192.168.0.135-9618&alias=node135.di.rm1&noUDP&sock=startd_2000_6980>
...
006 (267971.000.000) 2025-01-21 21:07:22 Image size of job updated: 483120
	472  -  MemoryUsage of job (MB)
	483120  -  ResidentSetSize of job (KB)
...
006 (267971.000.000) 2025-01-21 21:07:54 Image size of job updated: 2533812
	472  -  MemoryUsage of job (MB)
	483252  -  ResidentSetSize of job (KB)
...
004 (267971.000.000) 2025-01-21 21:07:54 Job was evicted.
	(0) CPU times
		Usr 0 00:00:38, Sys 0 00:00:01  -  Run Remote Usage
		Usr 0 00:00:00, Sys 0 00:00:00  -  Run Local Usage
	0  -  Run Bytes Sent By Job
	0  -  Run Bytes Received By Job
	Partitionable Resources :    Usage  Request Allocated 
	   Cpus                 :                 1         1 
	   Disk (KB)            :       27       27    470875 
	   Memory (MB)          :      472        1       128 
...
009 (267971.000.000) 2025-01-21 21:07:54 Job was aborted.
	via condor_rm (by user calzona_2046920)
...
000 (269446.000.000) 2025-01-21 22:40:04 Job submitted from host: <192.168.0.102:9618?addrs=192.168.0.102-9618&alias=submitter&noUDP&sock=schedd_2032_5c88>
...
001 (269446.000.000) 2025-01-21 22:40:24 Job executing on host: <192.168.0.120:9618?addrs=192.168.0.120-9618&alias=node120.di.rm1&noUDP&sock=startd_2096_4298>
...
006 (269446.000.000) 2025-01-21 22:40:33 Image size of job updated: 1297764
	470  -  MemoryUsage of job (MB)
	480480  -  ResidentSetSize of job (KB)
...
006 (269446.000.000) 2025-01-21 22:41:05 Image size of job updated: 2833848
	471  -  MemoryUsage of job (MB)
	481404  -  ResidentSetSize of job (KB)
...
004 (269446.000.000) 2025-01-21 22:41:06 Job was evicted.
	(0) CPU times
		Usr 0 00:00:39, Sys 0 00:00:01  -  Run Remote Usage
		Usr 0 00:00:00, Sys 0 00:00:00  -  Run Local Usage
	0  -  Run Bytes Sent By Job
	0  -  Run Bytes Received By Job
	Partitionable Resources :    Usage  Request Allocated 
	   Cpus                 :                 1         1 
	   Disk (KB)            :       27       27    459052 
	   Gpus (Average)       :                 0         0 
	   Memory (MB)          :      471        1       128 
...
009 (269446.000.000) 2025-01-21 22:41:06 Job was aborted.
	via condor_rm (by user calzona_2046920)
...
