000 (282262.000.000) 2025-01-26 16:52:30 Job submitted from host: <192.168.0.102:9618?addrs=192.168.0.102-9618&alias=submitter&noUDP&sock=schedd_2032_5c88>
...
014 (282262.000.000) 2025-01-26 16:52:40 Node 0 executing on host: <192.168.0.120:9618?addrs=192.168.0.120-9618&alias=node120.di.rm1&noUDP&sock=startd_2096_4298>
...
014 (282262.000.003) 2025-01-26 16:52:40 Node 3 executing on host: <192.168.0.106:9618?addrs=192.168.0.106-9618&alias=node106.di.rm1&noUDP&sock=startd_1970_d5a9>
...
014 (282262.000.002) 2025-01-26 16:52:40 Node 2 executing on host: <192.168.0.114:9618?addrs=192.168.0.114-9618&alias=node114.di.rm1&noUDP&sock=startd_2075_db1b>
...
014 (282262.000.006) 2025-01-26 16:52:40 Node 6 executing on host: <192.168.0.111:9618?addrs=192.168.0.111-9618&alias=node111.di.rm1&noUDP&sock=startd_2044_97ab>
...
014 (282262.000.005) 2025-01-26 16:52:40 Node 5 executing on host: <192.168.0.145:9618?addrs=192.168.0.145-9618&alias=node145.di.rm1&noUDP&sock=startd_1869_8e98>
...
014 (282262.000.004) 2025-01-26 16:52:40 Node 4 executing on host: <192.168.0.142:9618?addrs=192.168.0.142-9618&alias=node142.di.rm1&noUDP&sock=startd_1996_ab1f>
...
014 (282262.000.001) 2025-01-26 16:52:40 Node 1 executing on host: <192.168.0.141:9618?addrs=192.168.0.141-9618&alias=node141.di.rm1&noUDP&sock=startd_2077_3a4b>
...
014 (282262.000.007) 2025-01-26 16:52:40 Node 7 executing on host: <192.168.0.141:9618?addrs=192.168.0.141-9618&alias=node141.di.rm1&noUDP&sock=startd_2077_3a4b>
...
001 (282262.000.000) 2025-01-26 16:52:40 Job executing on host: MPI_job
...
008 (282262.000.000) 2025-01-26 16:52:42 Launching orted on Node 0 of 8
...
008 (282262.000.000) 2025-01-26 16:52:42 Launching orted on Node 3 of 8
...
008 (282262.000.000) 2025-01-26 16:52:43 Launching orted on Node 6 of 8
...
008 (282262.000.000) 2025-01-26 16:52:43 Launching orted on Node 4 of 8
...
008 (282262.000.000) 2025-01-26 16:52:43 Launching orted on Node 2 of 8
...
008 (282262.000.000) 2025-01-26 16:52:43 Launching orted on Node 5 of 8
...
008 (282262.000.000) 2025-01-26 16:52:44 Launching orted on Node 1 of 8
...
008 (282262.000.000) 2025-01-26 16:52:44 Launching orted on Node 7 of 8
...
008 (282262.000.000) 2025-01-26 16:52:54 orted exited on Node 2 of 8
...
008 (282262.000.000) 2025-01-26 16:52:54 orted exited on Node 3 of 8
...
008 (282262.000.000) 2025-01-26 16:52:54 orted exited on Node 5 of 8
...
008 (282262.000.000) 2025-01-26 16:52:54 orted exited on Node 0 of 8
...
008 (282262.000.000) 2025-01-26 16:52:54 orted exited on Node 6 of 8
...
008 (282262.000.000) 2025-01-26 16:52:54 orted exited on Node 7 of 8
...
008 (282262.000.000) 2025-01-26 16:52:54 orted exited on Node 1 of 8
...
008 (282262.000.000) 2025-01-26 16:52:54 orted exited on Node 4 of 8
...
015 (282262.000.003) 2025-01-26 16:52:54 Node 3 terminated.
	(1) Normal termination (return value 0)
		Usr 0 00:00:08, Sys 0 00:00:01  -  Run Remote Usage
		Usr 0 00:00:00, Sys 0 00:00:00  -  Run Local Usage
		Usr 0 00:00:08, Sys 0 00:00:01  -  Total Remote Usage
		Usr 0 00:00:00, Sys 0 00:00:00  -  Total Local Usage
	2165  -  Run Bytes Sent By Node
	33711  -  Run Bytes Received By Node
	2165  -  Total Bytes Sent By Node
	33711  -  Total Bytes Received By Node
...
015 (282262.000.000) 2025-01-26 16:52:54 Node 0 terminated.
	(1) Normal termination (return value 0)
		Usr 0 00:00:00, Sys 0 00:00:00  -  Run Remote Usage
		Usr 0 00:00:00, Sys 0 00:00:00  -  Run Local Usage
		Usr 0 00:00:00, Sys 0 00:00:00  -  Total Remote Usage
		Usr 0 00:00:00, Sys 0 00:00:00  -  Total Local Usage
	3309  -  Run Bytes Sent By Node
	33711  -  Run Bytes Received By Node
	3309  -  Total Bytes Sent By Node
	33711  -  Total Bytes Received By Node
...
005 (282262.000.000) 2025-01-26 16:52:54 Job terminated.
	(1) Normal termination (return value 0)
		Usr 0 00:00:58, Sys 0 00:00:06  -  Run Remote Usage
		Usr 0 00:00:00, Sys 0 00:00:00  -  Run Local Usage
		Usr 0 00:00:00, Sys 0 00:00:00  -  Total Remote Usage
		Usr 0 00:00:00, Sys 0 00:00:00  -  Total Local Usage
	5474  -  Run Bytes Sent By Job
	269688  -  Run Bytes Received By Job
	5474  -  Total Bytes Sent By Job
	269688  -  Total Bytes Received By Job
	Partitionable Resources :    Usage  Request Allocated 
	   Cpus                 :                 1         1 
	   Disk (KB)            :       51       35    459052 
	   GPUs                 :                           0 
	   Memory (MB)          :      257        0     53248 

	Job terminated of its own accord at 2025-01-26T16:52:54Z with exit-code 0.
...
000 (289134.000.000) 2025-01-28 22:39:08 Job submitted from host: <192.168.0.102:9618?addrs=192.168.0.102-9618&alias=submitter&noUDP&sock=schedd_2032_5c88>
...
014 (289134.000.000) 2025-01-28 22:39:27 Node 0 executing on host: <192.168.0.114:9618?addrs=192.168.0.114-9618&alias=node114.di.rm1&noUDP&sock=startd_2075_db1b>
...
014 (289134.000.002) 2025-01-28 22:39:27 Node 2 executing on host: <192.168.0.105:9618?addrs=192.168.0.105-9618&alias=node105.di.rm1&noUDP&sock=startd_1951_cd5c>
...
014 (289134.000.003) 2025-01-28 22:39:27 Node 3 executing on host: <192.168.0.135:9618?addrs=192.168.0.135-9618&alias=node135.di.rm1&noUDP&sock=startd_2000_6980>
...
014 (289134.000.007) 2025-01-28 22:39:27 Node 7 executing on host: <192.168.0.135:9618?addrs=192.168.0.135-9618&alias=node135.di.rm1&noUDP&sock=startd_2000_6980>
...
014 (289134.000.001) 2025-01-28 22:39:27 Node 1 executing on host: <192.168.0.123:9618?addrs=192.168.0.123-9618&alias=node123.di.rm1&noUDP&sock=startd_2149_9d1d>
...
014 (289134.000.004) 2025-01-28 22:39:27 Node 4 executing on host: <192.168.0.115:9618?addrs=192.168.0.115-9618&alias=node115.di.rm1&noUDP&sock=startd_1101621_f4a0>
...
014 (289134.000.005) 2025-01-28 22:39:27 Node 5 executing on host: <192.168.0.145:9618?addrs=192.168.0.145-9618&alias=node145.di.rm1&noUDP&sock=startd_1869_8e98>
...
014 (289134.000.006) 2025-01-28 22:39:28 Node 6 executing on host: <192.168.0.120:9618?addrs=192.168.0.120-9618&alias=node120.di.rm1&noUDP&sock=startd_2096_4298>
...
001 (289134.000.000) 2025-01-28 22:39:28 Job executing on host: MPI_job
...
008 (289134.000.000) 2025-01-28 22:39:29 Launching orted on Node 0 of 8
...
008 (289134.000.000) 2025-01-28 22:39:30 Launching orted on Node 7 of 8
...
008 (289134.000.000) 2025-01-28 22:39:30 Launching orted on Node 2 of 8
...
008 (289134.000.000) 2025-01-28 22:39:30 Launching orted on Node 3 of 8
...
008 (289134.000.000) 2025-01-28 22:39:30 Launching orted on Node 1 of 8
...
008 (289134.000.000) 2025-01-28 22:39:30 Launching orted on Node 4 of 8
...
008 (289134.000.000) 2025-01-28 22:39:30 Launching orted on Node 6 of 8
...
008 (289134.000.000) 2025-01-28 22:39:30 Launching orted on Node 5 of 8
...
008 (289134.000.000) 2025-01-28 22:39:39 orted exited on Node 7 of 8
...
008 (289134.000.000) 2025-01-28 22:39:39 orted exited on Node 0 of 8
...
008 (289134.000.000) 2025-01-28 22:39:39 orted exited on Node 1 of 8
...
008 (289134.000.000) 2025-01-28 22:39:39 orted exited on Node 2 of 8
...
008 (289134.000.000) 2025-01-28 22:39:39 orted exited on Node 3 of 8
...
008 (289134.000.000) 2025-01-28 22:39:39 orted exited on Node 4 of 8
...
008 (289134.000.000) 2025-01-28 22:39:39 orted exited on Node 5 of 8
...
008 (289134.000.000) 2025-01-28 22:39:39 orted exited on Node 6 of 8
...
015 (289134.000.000) 2025-01-28 22:39:39 Node 0 terminated.
	(1) Normal termination (return value 0)
		Usr 0 00:00:00, Sys 0 00:00:00  -  Run Remote Usage
		Usr 0 00:00:00, Sys 0 00:00:00  -  Run Local Usage
		Usr 0 00:00:00, Sys 0 00:00:00  -  Total Remote Usage
		Usr 0 00:00:00, Sys 0 00:00:00  -  Total Local Usage
	3265  -  Run Bytes Sent By Node
	33711  -  Run Bytes Received By Node
	3265  -  Total Bytes Sent By Node
	33711  -  Total Bytes Received By Node
...
015 (289134.000.003) 2025-01-28 22:39:39 Node 3 terminated.
	(1) Normal termination (return value 0)
		Usr 0 00:00:09, Sys 0 00:00:01  -  Run Remote Usage
		Usr 0 00:00:00, Sys 0 00:00:00  -  Run Local Usage
		Usr 0 00:00:09, Sys 0 00:00:01  -  Total Remote Usage
		Usr 0 00:00:00, Sys 0 00:00:00  -  Total Local Usage
	2165  -  Run Bytes Sent By Node
	33711  -  Run Bytes Received By Node
	2165  -  Total Bytes Sent By Node
	33711  -  Total Bytes Received By Node
...
015 (289134.000.007) 2025-01-28 22:39:39 Node 7 terminated.
	(1) Normal termination (return value 0)
		Usr 0 00:00:08, Sys 0 00:00:01  -  Run Remote Usage
		Usr 0 00:00:00, Sys 0 00:00:00  -  Run Local Usage
		Usr 0 00:00:08, Sys 0 00:00:01  -  Total Remote Usage
		Usr 0 00:00:00, Sys 0 00:00:00  -  Total Local Usage
	2165  -  Run Bytes Sent By Node
	33711  -  Run Bytes Received By Node
	2165  -  Total Bytes Sent By Node
	33711  -  Total Bytes Received By Node
...
015 (289134.000.002) 2025-01-28 22:39:39 Node 2 terminated.
	(1) Normal termination (return value 0)
		Usr 0 00:00:08, Sys 0 00:00:00  -  Run Remote Usage
		Usr 0 00:00:00, Sys 0 00:00:00  -  Run Local Usage
		Usr 0 00:00:08, Sys 0 00:00:00  -  Total Remote Usage
		Usr 0 00:00:00, Sys 0 00:00:00  -  Total Local Usage
	2165  -  Run Bytes Sent By Node
	33711  -  Run Bytes Received By Node
	2165  -  Total Bytes Sent By Node
	33711  -  Total Bytes Received By Node
...
015 (289134.000.005) 2025-01-28 22:39:39 Node 5 terminated.
	(1) Normal termination (return value 0)
		Usr 0 00:00:08, Sys 0 00:00:00  -  Run Remote Usage
		Usr 0 00:00:00, Sys 0 00:00:00  -  Run Local Usage
		Usr 0 00:00:08, Sys 0 00:00:00  -  Total Remote Usage
		Usr 0 00:00:00, Sys 0 00:00:00  -  Total Local Usage
	2165  -  Run Bytes Sent By Node
	33711  -  Run Bytes Received By Node
	2165  -  Total Bytes Sent By Node
	33711  -  Total Bytes Received By Node
...
015 (289134.000.001) 2025-01-28 22:39:39 Node 1 terminated.
	(1) Normal termination (return value 0)
		Usr 0 00:00:09, Sys 0 00:00:01  -  Run Remote Usage
		Usr 0 00:00:00, Sys 0 00:00:00  -  Run Local Usage
		Usr 0 00:00:09, Sys 0 00:00:01  -  Total Remote Usage
		Usr 0 00:00:00, Sys 0 00:00:00  -  Total Local Usage
	2187  -  Run Bytes Sent By Node
	33711  -  Run Bytes Received By Node
	2187  -  Total Bytes Sent By Node
	33711  -  Total Bytes Received By Node
...
005 (289134.000.000) 2025-01-28 22:39:40 Job terminated.
	(1) Normal termination (return value 0)
		Usr 0 00:00:58, Sys 0 00:00:04  -  Run Remote Usage
		Usr 0 00:00:00, Sys 0 00:00:00  -  Run Local Usage
		Usr 0 00:00:00, Sys 0 00:00:00  -  Total Remote Usage
		Usr 0 00:00:00, Sys 0 00:00:00  -  Total Local Usage
	14112  -  Run Bytes Sent By Job
	269688  -  Run Bytes Received By Job
	14112  -  Total Bytes Sent By Job
	269688  -  Total Bytes Received By Job
	Partitionable Resources :    Usage  Request Allocated 
	   Cpus                 :                 1         2 
	   Disk (KB)            :       51       35 102671250 
	   Memory (MB)          :      357        1    100096 

	Job terminated of its own accord at 2025-01-28T22:39:39Z with exit-code 0.
...
