000 (271014.000.000) 2025-01-22 00:34:31 Job submitted from host: <192.168.0.102:9618?addrs=192.168.0.102-9618&alias=submitter&noUDP&sock=schedd_2032_5c88>
...
001 (271014.000.000) 2025-01-22 00:34:32 Job executing on host: <192.168.0.148:9618?addrs=192.168.0.148-9618&alias=node148.di.rm1&noUDP&sock=startd_1547_b119>
...
006 (271014.000.000) 2025-01-22 00:34:40 Image size of job updated: 276020
	269  -  MemoryUsage of job (MB)
	274436  -  ResidentSetSize of job (KB)
...
006 (271014.000.000) 2025-01-22 00:35:33 Image size of job updated: 323760
	269  -  MemoryUsage of job (MB)
	274568  -  ResidentSetSize of job (KB)
...
004 (271014.000.000) 2025-01-22 00:35:33 Job was evicted.
	(0) CPU times
		Usr 0 00:07:39, Sys 0 00:00:01  -  Run Remote Usage
		Usr 0 00:00:00, Sys 0 00:00:00  -  Run Local Usage
	0  -  Run Bytes Sent By Job
	0  -  Run Bytes Received By Job
	Partitionable Resources :    Usage  Request Allocated 
	   Cpus                 :                 1         1 
	   Disk (KB)            :       27       27    467548 
	   Memory (MB)          :      269        1       128 
...
009 (271014.000.000) 2025-01-22 00:35:33 Job was aborted.
	via condor_rm (by user calzona_2046920)
...
000 (277168.000.000) 2025-01-24 05:58:23 Job submitted from host: <192.168.0.102:9618?addrs=192.168.0.102-9618&alias=submitter&noUDP&sock=schedd_2032_5c88>
...
001 (277168.000.000) 2025-01-24 05:58:24 Job executing on host: <192.168.0.149:9618?addrs=192.168.0.149-9618&alias=node149.di.rm1&noUDP&sock=startd_1551_6f7a>
...
006 (277168.000.000) 2025-01-24 05:58:32 Image size of job updated: 323760
	269  -  MemoryUsage of job (MB)
	275024  -  ResidentSetSize of job (KB)
...
004 (277168.000.000) 2025-01-24 06:00:25 Job was evicted.
	(0) CPU times
		Usr 0 00:15:15, Sys 0 00:00:00  -  Run Remote Usage
		Usr 0 00:00:00, Sys 0 00:00:00  -  Run Local Usage
	0  -  Run Bytes Sent By Job
	0  -  Run Bytes Received By Job
	Partitionable Resources :    Usage  Request Allocated 
	   Cpus                 :                 1         1 
	   Disk (KB)            :       27       27    471944 
	   Memory (MB)          :      269        1       128 
...
009 (277168.000.000) 2025-01-24 06:00:25 Job was aborted.
	via condor_rm (by user calzona_2046920)
...
