000 (262642.000.000) 2025-01-17 11:14:17 Job submitted from host: <192.168.0.102:9618?addrs=192.168.0.102-9618&alias=submitter&noUDP&sock=schedd_2032_5c88>
...
001 (262642.000.000) 2025-01-17 11:14:33 Job executing on host: <192.168.0.105:9618?addrs=192.168.0.105-9618&alias=node105.di.rm1&noUDP&sock=startd_1951_cd5c>
...
006 (262642.000.000) 2025-01-17 11:14:42 Image size of job updated: 1806476
	797  -  MemoryUsage of job (MB)
	815496  -  ResidentSetSize of job (KB)
...
006 (262642.000.000) 2025-01-17 11:19:43 Image size of job updated: 27330584
	26252  -  MemoryUsage of job (MB)
	26881220  -  ResidentSetSize of job (KB)
...
006 (262642.000.000) 2025-01-17 11:20:14 Image size of job updated: 29964496
	26252  -  MemoryUsage of job (MB)
	26881484  -  ResidentSetSize of job (KB)
...
004 (262642.000.000) 2025-01-17 11:20:14 Job was evicted.
	(0) CPU times
		Usr 0 00:05:22, Sys 0 00:00:17  -  Run Remote Usage
		Usr 0 00:00:00, Sys 0 00:00:00  -  Run Local Usage
	0  -  Run Bytes Sent By Job
	0  -  Run Bytes Received By Job
	Partitionable Resources :    Usage  Request Allocated 
	   Cpus                 :     1.00        1         1 
	   Disk (KB)            :    27          27    472026 
	   Memory (MB)          : 26252           1       128 
...
009 (262642.000.000) 2025-01-17 11:20:14 Job was aborted.
	via condor_rm (by user calzona_2046920)
...
