000 (282318.000.000) 2025-01-26 17:03:58 Job submitted from host: <192.168.0.102:9618?addrs=192.168.0.102-9618&alias=submitter&noUDP&sock=schedd_2032_5c88>
...
014 (282318.000.000) 2025-01-26 17:04:03 Node 0 executing on host: <192.168.0.133:9618?addrs=192.168.0.133-9618&alias=node133.di.rm1&noUDP&sock=startd_1941_f16a>
...
014 (282318.000.005) 2025-01-26 17:04:03 Node 5 executing on host: <192.168.0.140:9618?addrs=192.168.0.140-9618&alias=node140.di.rm1&noUDP&sock=startd_1890_f615>
...
014 (282318.000.004) 2025-01-26 17:04:03 Node 4 executing on host: <192.168.0.104:9618?addrs=192.168.0.104-9618&alias=node104.di.rm1&noUDP&sock=startd_1987_7ec5>
...
014 (282318.000.003) 2025-01-26 17:04:03 Node 3 executing on host: <192.168.0.124:9618?addrs=192.168.0.124-9618&alias=node124.di.rm1&noUDP&sock=startd_2143_7f8b>
...
014 (282318.000.006) 2025-01-26 17:04:03 Node 6 executing on host: <192.168.0.142:9618?addrs=192.168.0.142-9618&alias=node142.di.rm1&noUDP&sock=startd_1996_ab1f>
...
014 (282318.000.001) 2025-01-26 17:04:03 Node 1 executing on host: <192.168.0.141:9618?addrs=192.168.0.141-9618&alias=node141.di.rm1&noUDP&sock=startd_2077_3a4b>
...
014 (282318.000.002) 2025-01-26 17:04:03 Node 2 executing on host: <192.168.0.145:9618?addrs=192.168.0.145-9618&alias=node145.di.rm1&noUDP&sock=startd_1869_8e98>
...
014 (282318.000.007) 2025-01-26 17:04:03 Node 7 executing on host: <192.168.0.145:9618?addrs=192.168.0.145-9618&alias=node145.di.rm1&noUDP&sock=startd_1869_8e98>
...
001 (282318.000.000) 2025-01-26 17:04:03 Job executing on host: MPI_job
...
008 (282318.000.000) 2025-01-26 17:04:05 Launching orted on Node 5 of 8
...
008 (282318.000.000) 2025-01-26 17:04:05 Launching orted on Node 0 of 8
...
008 (282318.000.000) 2025-01-26 17:04:05 Launching orted on Node 4 of 8
...
008 (282318.000.000) 2025-01-26 17:04:05 Launching orted on Node 3 of 8
...
008 (282318.000.000) 2025-01-26 17:04:06 Launching orted on Node 6 of 8
...
008 (282318.000.000) 2025-01-26 17:04:06 Launching orted on Node 2 of 8
...
008 (282318.000.000) 2025-01-26 17:04:06 Launching orted on Node 7 of 8
...
008 (282318.000.000) 2025-01-26 17:04:07 Launching orted on Node 1 of 8
...
008 (282318.000.000) 2025-01-26 17:04:07 orted exited on Node 4 of 8
...
008 (282318.000.000) 2025-01-26 17:04:07 orted exited on Node 5 of 8
...
008 (282318.000.000) 2025-01-26 17:04:07 orted exited on Node 0 of 8
...
008 (282318.000.000) 2025-01-26 17:04:07 orted exited on Node 3 of 8
...
008 (282318.000.000) 2025-01-26 17:04:07 orted exited on Node 2 of 8
...
008 (282318.000.000) 2025-01-26 17:04:07 orted exited on Node 1 of 8
...
008 (282318.000.000) 2025-01-26 17:04:07 orted exited on Node 6 of 8
...
008 (282318.000.000) 2025-01-26 17:04:07 orted exited on Node 7 of 8
...
015 (282318.000.000) 2025-01-26 17:04:07 Node 0 terminated.
	(1) Normal termination (return value 0)
		Usr 0 00:00:00, Sys 0 00:00:00  -  Run Remote Usage
		Usr 0 00:00:00, Sys 0 00:00:00  -  Run Local Usage
		Usr 0 00:00:00, Sys 0 00:00:00  -  Total Remote Usage
		Usr 0 00:00:00, Sys 0 00:00:00  -  Total Local Usage
	3262  -  Run Bytes Sent By Node
	33711  -  Run Bytes Received By Node
	3262  -  Total Bytes Sent By Node
	33711  -  Total Bytes Received By Node
...
015 (282318.000.005) 2025-01-26 17:04:07 Node 5 terminated.
	(1) Normal termination (return value 0)
		Usr 0 00:00:00, Sys 0 00:00:00  -  Run Remote Usage
		Usr 0 00:00:00, Sys 0 00:00:00  -  Run Local Usage
		Usr 0 00:00:00, Sys 0 00:00:00  -  Total Remote Usage
		Usr 0 00:00:00, Sys 0 00:00:00  -  Total Local Usage
	2165  -  Run Bytes Sent By Node
	33711  -  Run Bytes Received By Node
	2165  -  Total Bytes Sent By Node
	33711  -  Total Bytes Received By Node
...
005 (282318.000.000) 2025-01-26 17:04:08 Job terminated.
	(1) Normal termination (return value 0)
		Usr 0 00:00:00, Sys 0 00:00:00  -  Run Remote Usage
		Usr 0 00:00:00, Sys 0 00:00:00  -  Run Local Usage
		Usr 0 00:00:00, Sys 0 00:00:00  -  Total Remote Usage
		Usr 0 00:00:00, Sys 0 00:00:00  -  Total Local Usage
	5427  -  Run Bytes Sent By Job
	269688  -  Run Bytes Received By Job
	5427  -  Total Bytes Sent By Job
	269688  -  Total Bytes Received By Job
	Partitionable Resources :    Usage  Request Allocated 
	   Cpus                 :     0.01        1         1 
	   Disk (KB)            :    56          35    473452 
	   Memory (MB)          :     0           0     53248 

	Job terminated of its own accord at 2025-01-26T17:04:07Z with exit-code 0.
...
000 (289186.000.000) 2025-01-28 22:50:22 Job submitted from host: <192.168.0.102:9618?addrs=192.168.0.102-9618&alias=submitter&noUDP&sock=schedd_2032_5c88>
...
014 (289186.000.002) 2025-01-28 22:50:30 Node 2 executing on host: <192.168.0.121:9618?addrs=192.168.0.121-9618&alias=node121.di.rm1&noUDP&sock=startd_2146_8e54>
...
014 (289186.000.001) 2025-01-28 22:50:30 Node 1 executing on host: <192.168.0.111:9618?addrs=192.168.0.111-9618&alias=node111.di.rm1&noUDP&sock=startd_2044_97ab>
...
014 (289186.000.003) 2025-01-28 22:50:30 Node 3 executing on host: <192.168.0.107:9618?addrs=192.168.0.107-9618&alias=node107.di.rm1&noUDP&sock=startd_1981_6134>
...
014 (289186.000.004) 2025-01-28 22:50:30 Node 4 executing on host: <192.168.0.111:9618?addrs=192.168.0.111-9618&alias=node111.di.rm1&noUDP&sock=startd_2044_97ab>
...
014 (289186.000.000) 2025-01-28 22:50:30 Node 0 executing on host: <192.168.0.116:9618?addrs=192.168.0.116-9618&alias=node116.di.rm1&noUDP&sock=startd_1847_7783>
...
014 (289186.000.007) 2025-01-28 22:50:30 Node 7 executing on host: <192.168.0.122:9618?addrs=192.168.0.122-9618&alias=node122.di.rm1&noUDP&sock=startd_2134_5331>
...
014 (289186.000.005) 2025-01-28 22:50:30 Node 5 executing on host: <192.168.0.141:9618?addrs=192.168.0.141-9618&alias=node141.di.rm1&noUDP&sock=startd_2077_3a4b>
...
014 (289186.000.006) 2025-01-28 22:50:30 Node 6 executing on host: <192.168.0.151:9618?addrs=192.168.0.151-9618&alias=node151.di.rm1&noUDP&sock=startd_1528_a8cd>
...
001 (289186.000.000) 2025-01-28 22:50:30 Job executing on host: MPI_job
...
008 (289186.000.000) 2025-01-28 22:50:32 Launching orted on Node 4 of 8
...
008 (289186.000.000) 2025-01-28 22:50:32 Launching orted on Node 0 of 8
...
008 (289186.000.000) 2025-01-28 22:50:32 Launching orted on Node 1 of 8
...
008 (289186.000.000) 2025-01-28 22:50:32 Launching orted on Node 7 of 8
...
008 (289186.000.000) 2025-01-28 22:50:32 Launching orted on Node 2 of 8
...
008 (289186.000.000) 2025-01-28 22:50:32 Launching orted on Node 3 of 8
...
008 (289186.000.000) 2025-01-28 22:50:32 Launching orted on Node 6 of 8
...
008 (289186.000.000) 2025-01-28 22:50:32 Launching orted on Node 5 of 8
...
008 (289186.000.000) 2025-01-28 22:50:33 orted exited on Node 6 of 8
...
008 (289186.000.000) 2025-01-28 22:50:33 orted exited on Node 0 of 8
...
008 (289186.000.000) 2025-01-28 22:50:33 orted exited on Node 1 of 8
...
008 (289186.000.000) 2025-01-28 22:50:33 orted exited on Node 2 of 8
...
008 (289186.000.000) 2025-01-28 22:50:33 orted exited on Node 3 of 8
...
008 (289186.000.000) 2025-01-28 22:50:33 orted exited on Node 4 of 8
...
008 (289186.000.000) 2025-01-28 22:50:33 orted exited on Node 5 of 8
...
008 (289186.000.000) 2025-01-28 22:50:33 orted exited on Node 7 of 8
...
015 (289186.000.004) 2025-01-28 22:50:33 Node 4 terminated.
	(1) Normal termination (return value 0)
		Usr 0 00:00:00, Sys 0 00:00:00  -  Run Remote Usage
		Usr 0 00:00:00, Sys 0 00:00:00  -  Run Local Usage
		Usr 0 00:00:00, Sys 0 00:00:00  -  Total Remote Usage
		Usr 0 00:00:00, Sys 0 00:00:00  -  Total Local Usage
	2187  -  Run Bytes Sent By Node
	33711  -  Run Bytes Received By Node
	2187  -  Total Bytes Sent By Node
	33711  -  Total Bytes Received By Node
...
015 (289186.000.000) 2025-01-28 22:50:33 Node 0 terminated.
	(1) Normal termination (return value 0)
		Usr 0 00:00:00, Sys 0 00:00:00  -  Run Remote Usage
		Usr 0 00:00:00, Sys 0 00:00:00  -  Run Local Usage
		Usr 0 00:00:00, Sys 0 00:00:00  -  Total Remote Usage
		Usr 0 00:00:00, Sys 0 00:00:00  -  Total Local Usage
	3262  -  Run Bytes Sent By Node
	33711  -  Run Bytes Received By Node
	3262  -  Total Bytes Sent By Node
	33711  -  Total Bytes Received By Node
...
005 (289186.000.000) 2025-01-28 22:50:33 Job terminated.
	(1) Normal termination (return value 0)
		Usr 0 00:00:00, Sys 0 00:00:00  -  Run Remote Usage
		Usr 0 00:00:00, Sys 0 00:00:00  -  Run Local Usage
		Usr 0 00:00:00, Sys 0 00:00:00  -  Total Remote Usage
		Usr 0 00:00:00, Sys 0 00:00:00  -  Total Local Usage
	5449  -  Run Bytes Sent By Job
	269688  -  Run Bytes Received By Job
	5449  -  Total Bytes Sent By Job
	269688  -  Total Bytes Received By Job
	Partitionable Resources :    Usage  Request Allocated 
	   Cpus                 :                 1         2 
	   Disk (KB)            :       51       35 102978738 
	   Memory (MB)          :        0        0    100096 

	Job terminated of its own accord at 2025-01-28T22:50:33Z with exit-code 0.
...
