000 (295075.000.000) 2025-01-31 01:21:56 Job submitted from host: <192.168.0.102:9618?addrs=192.168.0.102-9618&alias=submitter&noUDP&sock=schedd_4045053_7bc0>
...
014 (295075.000.000) 2025-01-31 01:22:03 Node 0 executing on host: <192.168.0.109:9618?addrs=192.168.0.109-9618&alias=node109.di.rm1&noUDP&sock=startd_1627_90ad>
...
014 (295075.000.001) 2025-01-31 01:22:03 Node 1 executing on host: <192.168.0.113:9618?addrs=192.168.0.113-9618&alias=node113.di.rm1&noUDP&sock=startd_3668932_c305>
...
014 (295075.000.002) 2025-01-31 01:22:03 Node 2 executing on host: <192.168.0.109:9618?addrs=192.168.0.109-9618&alias=node109.di.rm1&noUDP&sock=startd_1627_90ad>
...
014 (295075.000.003) 2025-01-31 01:22:03 Node 3 executing on host: <192.168.0.113:9618?addrs=192.168.0.113-9618&alias=node113.di.rm1&noUDP&sock=startd_3668932_c305>
...
001 (295075.000.000) 2025-01-31 01:22:03 Job executing on host: MPI_job
...
008 (295075.000.000) 2025-01-31 01:22:06 Launching orted on Node 1 of 4
...
008 (295075.000.000) 2025-01-31 01:22:06 Launching orted on Node 2 of 4
...
008 (295075.000.000) 2025-01-31 01:22:06 Launching orted on Node 3 of 4
...
008 (295075.000.000) 2025-01-31 01:22:06 Launching orted on Node 0 of 4
...
008 (295075.000.000) 2025-01-31 01:22:48 orted exited on Node 3 of 4
...
008 (295075.000.000) 2025-01-31 01:22:48 orted exited on Node 0 of 4
...
008 (295075.000.000) 2025-01-31 01:22:48 orted exited on Node 1 of 4
...
008 (295075.000.000) 2025-01-31 01:22:48 orted exited on Node 2 of 4
...
015 (295075.000.003) 2025-01-31 01:22:49 Node 3 terminated.
	(1) Normal termination (return value 0)
		Usr 0 00:00:42, Sys 0 00:00:01  -  Run Remote Usage
		Usr 0 00:00:00, Sys 0 00:00:00  -  Run Local Usage
		Usr 0 00:00:42, Sys 0 00:00:01  -  Total Remote Usage
		Usr 0 00:00:00, Sys 0 00:00:00  -  Total Local Usage
	2355  -  Run Bytes Sent By Node
	33831  -  Run Bytes Received By Node
	2355  -  Total Bytes Sent By Node
	33831  -  Total Bytes Received By Node
...
015 (295075.000.001) 2025-01-31 01:22:49 Node 1 terminated.
	(1) Normal termination (return value 0)
		Usr 0 00:00:41, Sys 0 00:00:00  -  Run Remote Usage
		Usr 0 00:00:00, Sys 0 00:00:00  -  Run Local Usage
		Usr 0 00:00:41, Sys 0 00:00:00  -  Total Remote Usage
		Usr 0 00:00:00, Sys 0 00:00:00  -  Total Local Usage
	2355  -  Run Bytes Sent By Node
	33831  -  Run Bytes Received By Node
	2355  -  Total Bytes Sent By Node
	33831  -  Total Bytes Received By Node
...
015 (295075.000.002) 2025-01-31 01:22:49 Node 2 terminated.
	(1) Normal termination (return value 0)
		Usr 0 00:00:42, Sys 0 00:00:01  -  Run Remote Usage
		Usr 0 00:00:00, Sys 0 00:00:00  -  Run Local Usage
		Usr 0 00:00:42, Sys 0 00:00:01  -  Total Remote Usage
		Usr 0 00:00:00, Sys 0 00:00:00  -  Total Local Usage
	0  -  Run Bytes Sent By Node
	33831  -  Run Bytes Received By Node
	0  -  Total Bytes Sent By Node
	33831  -  Total Bytes Received By Node
...
015 (295075.000.000) 2025-01-31 01:22:49 Node 0 terminated.
	(1) Normal termination (return value 0)
		Usr 0 00:00:04, Sys 0 00:00:00  -  Run Remote Usage
		Usr 0 00:00:00, Sys 0 00:00:00  -  Run Local Usage
		Usr 0 00:00:04, Sys 0 00:00:00  -  Total Remote Usage
		Usr 0 00:00:00, Sys 0 00:00:00  -  Total Local Usage
	3428  -  Run Bytes Sent By Node
	33831  -  Run Bytes Received By Node
	3428  -  Total Bytes Sent By Node
	33831  -  Total Bytes Received By Node
...
005 (295075.000.000) 2025-01-31 01:22:49 Job terminated.
	(1) Normal termination (return value 0)
		Usr 0 00:02:09, Sys 0 00:00:02  -  Run Remote Usage
		Usr 0 00:00:00, Sys 0 00:00:00  -  Run Local Usage
		Usr 0 00:00:04, Sys 0 00:00:00  -  Total Remote Usage
		Usr 0 00:00:00, Sys 0 00:00:00  -  Total Local Usage
	8138  -  Run Bytes Sent By Job
	135324  -  Run Bytes Received By Job
	8138  -  Total Bytes Sent By Job
	135324  -  Total Bytes Received By Job
	Partitionable Resources :    Usage  Request Allocated 
	   Cpus                 :     0.01        1         1 
	   Disk (KB)            :    56          35    468160 
	   Memory (MB)          :   240           0     40960 

	Job terminated of its own accord at 2025-01-31T01:22:48Z with exit-code 0.
...
