000 (265039.000.000) 2025-01-17 11:21:42 Job submitted from host: <192.168.0.102:9618?addrs=192.168.0.102-9618&alias=submitter&noUDP&sock=schedd_2032_5c88>
...
001 (265039.000.000) 2025-01-17 11:21:45 Job executing on host: <192.168.0.120:9618?addrs=192.168.0.120-9618&alias=node120.di.rm1&noUDP&sock=startd_2096_4298>
...
006 (265039.000.000) 2025-01-17 11:21:54 Image size of job updated: 382580
	340  -  MemoryUsage of job (MB)
	347292  -  ResidentSetSize of job (KB)
...
006 (265039.000.000) 2025-01-17 11:26:55 Image size of job updated: 5827540
	5488  -  MemoryUsage of job (MB)
	5618888  -  ResidentSetSize of job (KB)
...
006 (265039.000.000) 2025-01-17 11:32:21 Image size of job updated: 7008292
	6655  -  MemoryUsage of job (MB)
	6814180  -  ResidentSetSize of job (KB)
...
006 (265039.000.000) 2025-01-17 11:33:24 Image size of job updated: 7387976
	6666  -  MemoryUsage of job (MB)
	6825532  -  ResidentSetSize of job (KB)
...
004 (265039.000.000) 2025-01-17 11:33:24 Job was evicted.
	(0) CPU times
		Usr 0 00:03:16, Sys 0 00:04:06  -  Run Remote Usage
		Usr 0 00:00:00, Sys 0 00:00:00  -  Run Local Usage
	0  -  Run Bytes Sent By Job
	0  -  Run Bytes Received By Job
	Partitionable Resources :    Usage  Request Allocated 
	   Cpus                 :     0.53        1         1 
	   Disk (KB)            :    27          27    459052 
	   Gpus (Average)       :                 0         0 
	   Memory (MB)          :  6666           1       128 
...
009 (265039.000.000) 2025-01-17 11:33:24 Job was aborted.
	via condor_rm (by user calzona_2046920)
...
