000 (274127.000.000) 2025-01-23 11:37:42 Job submitted from host: <192.168.0.102:9618?addrs=192.168.0.102-9618&alias=submitter&noUDP&sock=schedd_2032_5c88>
...
014 (274127.000.000) 2025-01-23 11:37:49 Node 0 executing on host: <192.168.0.132:9618?addrs=192.168.0.132-9618&alias=node132.di.rm1&noUDP&sock=startd_1999_b9e8>
...
014 (274127.000.003) 2025-01-23 11:37:50 Node 3 executing on host: <192.168.0.151:9618?addrs=192.168.0.151-9618&alias=node151.di.rm1&noUDP&sock=startd_1528_a8cd>
...
014 (274127.000.001) 2025-01-23 11:37:50 Node 1 executing on host: <192.168.0.141:9618?addrs=192.168.0.141-9618&alias=node141.di.rm1&noUDP&sock=startd_2077_3a4b>
...
014 (274127.000.002) 2025-01-23 11:37:50 Node 2 executing on host: <192.168.0.142:9618?addrs=192.168.0.142-9618&alias=node142.di.rm1&noUDP&sock=startd_1996_ab1f>
...
001 (274127.000.000) 2025-01-23 11:37:50 Job executing on host: MPI_job
...
008 (274127.000.000) 2025-01-23 11:37:52 Launching orted on Node 0 of 4
...
008 (274127.000.000) 2025-01-23 11:37:52 Launching orted on Node 3 of 4
...
008 (274127.000.000) 2025-01-23 11:37:52 Launching orted on Node 2 of 4
...
008 (274127.000.000) 2025-01-23 11:37:52 Launching orted on Node 1 of 4
...
008 (274127.000.000) 2025-01-23 11:37:55 orted exited on Node 1 of 4
...
008 (274127.000.000) 2025-01-23 11:37:55 orted exited on Node 0 of 4
...
008 (274127.000.000) 2025-01-23 11:37:55 orted exited on Node 3 of 4
...
008 (274127.000.000) 2025-01-23 11:37:55 orted exited on Node 2 of 4
...
015 (274127.000.000) 2025-01-23 11:37:55 Node 0 terminated.
	(1) Normal termination (return value 0)
		Usr 0 00:00:00, Sys 0 00:00:00  -  Run Remote Usage
		Usr 0 00:00:00, Sys 0 00:00:00  -  Run Local Usage
		Usr 0 00:00:00, Sys 0 00:00:00  -  Total Remote Usage
		Usr 0 00:00:00, Sys 0 00:00:00  -  Total Local Usage
	3262  -  Run Bytes Sent By Node
	33639  -  Run Bytes Received By Node
	3262  -  Total Bytes Sent By Node
	33639  -  Total Bytes Received By Node
...
005 (274127.000.000) 2025-01-23 11:37:55 Job terminated.
	(1) Normal termination (return value 0)
		Usr 0 00:00:02, Sys 0 00:00:00  -  Run Remote Usage
		Usr 0 00:00:00, Sys 0 00:00:00  -  Run Local Usage
		Usr 0 00:00:00, Sys 0 00:00:00  -  Total Remote Usage
		Usr 0 00:00:00, Sys 0 00:00:00  -  Total Local Usage
	3262  -  Run Bytes Sent By Job
	134556  -  Run Bytes Received By Job
	3262  -  Total Bytes Sent By Job
	134556  -  Total Bytes Received By Job
	Partitionable Resources :    Usage  Request Allocated 
	   Cpus                 :                 1         2 
	   Disk (KB)            :       49       35 103028807 
	   Memory (MB)          :        0      283    100096 

	Job terminated of its own accord at 2025-01-23T11:37:55Z with exit-code 0.
...
000 (278866.000.000) 2025-01-24 09:39:59 Job submitted from host: <192.168.0.102:9618?addrs=192.168.0.102-9618&alias=submitter&noUDP&sock=schedd_2032_5c88>
...
014 (278866.000.001) 2025-01-24 09:40:06 Node 1 executing on host: <192.168.0.105:9618?addrs=192.168.0.105-9618&alias=node105.di.rm1&noUDP&sock=startd_1951_cd5c>
...
014 (278866.000.000) 2025-01-24 09:40:06 Node 0 executing on host: <192.168.0.124:9618?addrs=192.168.0.124-9618&alias=node124.di.rm1&noUDP&sock=startd_2143_7f8b>
...
014 (278866.000.003) 2025-01-24 09:40:06 Node 3 executing on host: <192.168.0.135:9618?addrs=192.168.0.135-9618&alias=node135.di.rm1&noUDP&sock=startd_2000_6980>
...
014 (278866.000.002) 2025-01-24 09:40:06 Node 2 executing on host: <192.168.0.105:9618?addrs=192.168.0.105-9618&alias=node105.di.rm1&noUDP&sock=startd_1951_cd5c>
...
001 (278866.000.000) 2025-01-24 09:40:06 Job executing on host: MPI_job
...
008 (278866.000.000) 2025-01-24 09:40:09 Launching orted on Node 0 of 4
...
008 (278866.000.000) 2025-01-24 09:40:09 Launching orted on Node 2 of 4
...
008 (278866.000.000) 2025-01-24 09:40:09 Launching orted on Node 1 of 4
...
008 (278866.000.000) 2025-01-24 09:40:09 Launching orted on Node 3 of 4
...
008 (278866.000.000) 2025-01-24 09:40:12 orted exited on Node 3 of 4
...
008 (278866.000.000) 2025-01-24 09:40:12 orted exited on Node 2 of 4
...
008 (278866.000.000) 2025-01-24 09:40:12 orted exited on Node 1 of 4
...
008 (278866.000.000) 2025-01-24 09:40:12 orted exited on Node 0 of 4
...
015 (278866.000.003) 2025-01-24 09:40:12 Node 3 terminated.
	(1) Normal termination (return value 0)
		Usr 0 00:00:02, Sys 0 00:00:00  -  Run Remote Usage
		Usr 0 00:00:00, Sys 0 00:00:00  -  Run Local Usage
		Usr 0 00:00:02, Sys 0 00:00:00  -  Total Remote Usage
		Usr 0 00:00:00, Sys 0 00:00:00  -  Total Local Usage
	2165  -  Run Bytes Sent By Node
	33639  -  Run Bytes Received By Node
	2165  -  Total Bytes Sent By Node
	33639  -  Total Bytes Received By Node
...
015 (278866.000.000) 2025-01-24 09:40:12 Node 0 terminated.
	(1) Normal termination (return value 0)
		Usr 0 00:00:00, Sys 0 00:00:00  -  Run Remote Usage
		Usr 0 00:00:00, Sys 0 00:00:00  -  Run Local Usage
		Usr 0 00:00:00, Sys 0 00:00:00  -  Total Remote Usage
		Usr 0 00:00:00, Sys 0 00:00:00  -  Total Local Usage
	3306  -  Run Bytes Sent By Node
	33639  -  Run Bytes Received By Node
	3306  -  Total Bytes Sent By Node
	33639  -  Total Bytes Received By Node
...
005 (278866.000.000) 2025-01-24 09:40:12 Job terminated.
	(1) Normal termination (return value 0)
		Usr 0 00:00:06, Sys 0 00:00:00  -  Run Remote Usage
		Usr 0 00:00:00, Sys 0 00:00:00  -  Run Local Usage
		Usr 0 00:00:00, Sys 0 00:00:00  -  Total Remote Usage
		Usr 0 00:00:00, Sys 0 00:00:00  -  Total Local Usage
	5471  -  Run Bytes Sent By Job
	134556  -  Run Bytes Received By Job
	5471  -  Total Bytes Sent By Job
	134556  -  Total Bytes Received By Job
	Partitionable Resources :    Usage  Request Allocated 
	   Cpus                 :                 1         1 
	   Disk (KB)            :       50       35    499302 
	   GPUs                 :                           0 
	   Memory (MB)          :        0      279     20480 

	Job terminated of its own accord at 2025-01-24T09:40:12Z with exit-code 0.
...
