000 (269528.000.000) 2025-01-21 22:45:36 Job submitted from host: <192.168.0.102:9618?addrs=192.168.0.102-9618&alias=submitter&noUDP&sock=schedd_2032_5c88>
...
001 (269528.000.000) 2025-01-21 22:45:50 Job executing on host: <192.168.0.147:9618?addrs=192.168.0.147-9618&alias=node147.di.rm1&noUDP&sock=startd_1513_5ee1>
...
006 (269528.000.000) 2025-01-21 22:45:58 Image size of job updated: 309276
	303  -  MemoryUsage of job (MB)
	309276  -  ResidentSetSize of job (KB)
...
006 (269528.000.000) 2025-01-21 22:45:59 Image size of job updated: 317456
	303  -  MemoryUsage of job (MB)
	309276  -  ResidentSetSize of job (KB)
...
005 (269528.000.000) 2025-01-21 22:46:00 Job terminated.
	(1) Normal termination (return value 0)
		Usr 0 00:00:12, Sys 0 00:00:00  -  Run Remote Usage
		Usr 0 00:00:00, Sys 0 00:00:00  -  Run Local Usage
		Usr 0 00:00:12, Sys 0 00:00:00  -  Total Remote Usage
		Usr 0 00:00:00, Sys 0 00:00:00  -  Total Local Usage
	0  -  Run Bytes Sent By Job
	0  -  Run Bytes Received By Job
	0  -  Total Bytes Sent By Job
	0  -  Total Bytes Received By Job
	Partitionable Resources :    Usage  Request Allocated 
	   Cpus                 :                 1         1 
	   Disk (KB)            :       27       27    469805 
	   Memory (MB)          :      303        1       128 

	Job terminated of its own accord at 2025-01-21T22:45:59Z with exit-code 0.
...
