000 (282133.000.000) 2025-01-26 16:16:54 Job submitted from host: <192.168.0.102:9618?addrs=192.168.0.102-9618&alias=submitter&noUDP&sock=schedd_2032_5c88>
...
014 (282133.000.000) 2025-01-26 16:17:01 Node 0 executing on host: <192.168.0.120:9618?addrs=192.168.0.120-9618&alias=node120.di.rm1&noUDP&sock=startd_2096_4298>
...
014 (282133.000.002) 2025-01-26 16:17:01 Node 2 executing on host: <192.168.0.135:9618?addrs=192.168.0.135-9618&alias=node135.di.rm1&noUDP&sock=startd_2000_6980>
...
014 (282133.000.003) 2025-01-26 16:17:02 Node 3 executing on host: <192.168.0.145:9618?addrs=192.168.0.145-9618&alias=node145.di.rm1&noUDP&sock=startd_1869_8e98>
...
014 (282133.000.001) 2025-01-26 16:17:02 Node 1 executing on host: <192.168.0.141:9618?addrs=192.168.0.141-9618&alias=node141.di.rm1&noUDP&sock=startd_2077_3a4b>
...
001 (282133.000.000) 2025-01-26 16:17:03 Job executing on host: MPI_job
...
008 (282133.000.000) 2025-01-26 16:17:04 Launching orted on Node 0 of 4
...
008 (282133.000.000) 2025-01-26 16:17:04 Launching orted on Node 2 of 4
...
008 (282133.000.000) 2025-01-26 16:17:04 Launching orted on Node 3 of 4
...
008 (282133.000.000) 2025-01-26 16:17:06 Launching orted on Node 1 of 4
...
008 (282133.000.000) 2025-01-26 16:18:14 orted exited on Node 2 of 4
...
008 (282133.000.000) 2025-01-26 16:18:14 orted exited on Node 0 of 4
...
008 (282133.000.000) 2025-01-26 16:18:14 orted exited on Node 1 of 4
...
008 (282133.000.000) 2025-01-26 16:18:14 orted exited on Node 3 of 4
...
015 (282133.000.002) 2025-01-26 16:18:14 Node 2 terminated.
	(1) Normal termination (return value 0)
		Usr 0 00:01:04, Sys 0 00:00:05  -  Run Remote Usage
		Usr 0 00:00:00, Sys 0 00:00:00  -  Run Local Usage
		Usr 0 00:01:04, Sys 0 00:00:05  -  Total Remote Usage
		Usr 0 00:00:00, Sys 0 00:00:00  -  Total Local Usage
	2165  -  Run Bytes Sent By Node
	33711  -  Run Bytes Received By Node
	2165  -  Total Bytes Sent By Node
	33711  -  Total Bytes Received By Node
...
015 (282133.000.000) 2025-01-26 16:18:14 Node 0 terminated.
	(1) Normal termination (return value 0)
		Usr 0 00:00:03, Sys 0 00:00:01  -  Run Remote Usage
		Usr 0 00:00:00, Sys 0 00:00:00  -  Run Local Usage
		Usr 0 00:00:03, Sys 0 00:00:01  -  Total Remote Usage
		Usr 0 00:00:00, Sys 0 00:00:00  -  Total Local Usage
	3308  -  Run Bytes Sent By Node
	33711  -  Run Bytes Received By Node
	3308  -  Total Bytes Sent By Node
	33711  -  Total Bytes Received By Node
...
005 (282133.000.000) 2025-01-26 16:18:15 Job terminated.
	(1) Normal termination (return value 0)
		Usr 0 00:02:17, Sys 0 00:00:09  -  Run Remote Usage
		Usr 0 00:00:00, Sys 0 00:00:00  -  Run Local Usage
		Usr 0 00:00:03, Sys 0 00:00:01  -  Total Remote Usage
		Usr 0 00:00:00, Sys 0 00:00:00  -  Total Local Usage
	5473  -  Run Bytes Sent By Job
	134844  -  Run Bytes Received By Job
	5473  -  Total Bytes Sent By Job
	134844  -  Total Bytes Received By Job
	Partitionable Resources :    Usage  Request Allocated 
	   Cpus                 :                 1         1 
	   Disk (KB)            :       50       35    459052 
	   GPUs                 :                           0 
	   Memory (MB)          :       27     5474     53248 

	Job terminated of its own accord at 2025-01-26T16:18:14Z with exit-code 0.
...
000 (289009.000.000) 2025-01-28 22:04:28 Job submitted from host: <192.168.0.102:9618?addrs=192.168.0.102-9618&alias=submitter&noUDP&sock=schedd_2032_5c88>
...
014 (289009.000.000) 2025-01-28 22:04:35 Node 0 executing on host: <192.168.0.116:9618?addrs=192.168.0.116-9618&alias=node116.di.rm1&noUDP&sock=startd_1847_7783>
...
014 (289009.000.003) 2025-01-28 22:04:35 Node 3 executing on host: <192.168.0.116:9618?addrs=192.168.0.116-9618&alias=node116.di.rm1&noUDP&sock=startd_1847_7783>
...
014 (289009.000.002) 2025-01-28 22:04:35 Node 2 executing on host: <192.168.0.140:9618?addrs=192.168.0.140-9618&alias=node140.di.rm1&noUDP&sock=startd_1890_f615>
...
014 (289009.000.001) 2025-01-28 22:04:35 Node 1 executing on host: <192.168.0.110:9618?addrs=192.168.0.110-9618&alias=node110.di.rm1&noUDP&sock=startd_2185_4e86>
...
001 (289009.000.000) 2025-01-28 22:04:35 Job executing on host: MPI_job
...
008 (289009.000.000) 2025-01-28 22:04:37 Launching orted on Node 3 of 4
...
008 (289009.000.000) 2025-01-28 22:04:37 Launching orted on Node 0 of 4
...
008 (289009.000.000) 2025-01-28 22:04:37 Launching orted on Node 2 of 4
...
008 (289009.000.000) 2025-01-28 22:04:38 Launching orted on Node 1 of 4
...
008 (289009.000.000) 2025-01-28 22:05:44 orted exited on Node 0 of 4
...
008 (289009.000.000) 2025-01-28 22:05:44 orted exited on Node 3 of 4
...
008 (289009.000.000) 2025-01-28 22:05:44 orted exited on Node 1 of 4
...
008 (289009.000.000) 2025-01-28 22:05:44 orted exited on Node 2 of 4
...
015 (289009.000.002) 2025-01-28 22:05:44 Node 2 terminated.
	(1) Normal termination (return value 0)
		Usr 0 00:01:06, Sys 0 00:00:01  -  Run Remote Usage
		Usr 0 00:00:00, Sys 0 00:00:00  -  Run Local Usage
		Usr 0 00:01:06, Sys 0 00:00:01  -  Total Remote Usage
		Usr 0 00:00:00, Sys 0 00:00:00  -  Total Local Usage
	2165  -  Run Bytes Sent By Node
	33711  -  Run Bytes Received By Node
	2165  -  Total Bytes Sent By Node
	33711  -  Total Bytes Received By Node
...
015 (289009.000.003) 2025-01-28 22:05:44 Node 3 terminated.
	(1) Normal termination (return value 0)
		Usr 0 00:01:06, Sys 0 00:00:00  -  Run Remote Usage
		Usr 0 00:00:00, Sys 0 00:00:00  -  Run Local Usage
		Usr 0 00:01:06, Sys 0 00:00:00  -  Total Remote Usage
		Usr 0 00:00:00, Sys 0 00:00:00  -  Total Local Usage
	0  -  Run Bytes Sent By Node
	33711  -  Run Bytes Received By Node
	0  -  Total Bytes Sent By Node
	33711  -  Total Bytes Received By Node
...
015 (289009.000.001) 2025-01-28 22:05:44 Node 1 terminated.
	(1) Normal termination (return value 0)
		Usr 0 00:01:06, Sys 0 00:00:01  -  Run Remote Usage
		Usr 0 00:00:00, Sys 0 00:00:00  -  Run Local Usage
		Usr 0 00:01:06, Sys 0 00:00:01  -  Total Remote Usage
		Usr 0 00:00:00, Sys 0 00:00:00  -  Total Local Usage
	2187  -  Run Bytes Sent By Node
	33711  -  Run Bytes Received By Node
	2187  -  Total Bytes Sent By Node
	33711  -  Total Bytes Received By Node
...
015 (289009.000.000) 2025-01-28 22:05:44 Node 0 terminated.
	(1) Normal termination (return value 0)
		Usr 0 00:01:06, Sys 0 00:00:01  -  Run Remote Usage
		Usr 0 00:00:00, Sys 0 00:00:00  -  Run Local Usage
		Usr 0 00:01:06, Sys 0 00:00:01  -  Total Remote Usage
		Usr 0 00:00:00, Sys 0 00:00:00  -  Total Local Usage
	3264  -  Run Bytes Sent By Node
	33711  -  Run Bytes Received By Node
	3264  -  Total Bytes Sent By Node
	33711  -  Total Bytes Received By Node
...
005 (289009.000.000) 2025-01-28 22:05:44 Job terminated.
	(1) Normal termination (return value 0)
		Usr 0 00:04:24, Sys 0 00:00:03  -  Run Remote Usage
		Usr 0 00:00:00, Sys 0 00:00:00  -  Run Local Usage
		Usr 0 00:00:46, Sys 0 00:00:01  -  Total Remote Usage
		Usr 0 00:00:00, Sys 0 00:00:00  -  Total Local Usage
	7616  -  Run Bytes Sent By Job
	134844  -  Run Bytes Received By Job
	7616  -  Total Bytes Sent By Job
	134844  -  Total Bytes Received By Job
	Partitionable Resources :    Usage  Request Allocated 
	   Cpus                 :                 1         2 
	   Disk (KB)            :       50       35 102978738 
	   Memory (MB)          :       25      276    100096 

	Job terminated of its own accord at 2025-01-28T22:05:44Z with exit-code 0.
...
