000 (270067.000.000) 2025-01-21 23:25:42 Job submitted from host: <192.168.0.102:9618?addrs=192.168.0.102-9618&alias=submitter&noUDP&sock=schedd_2032_5c88>
...
001 (270067.000.000) 2025-01-21 23:26:03 Job executing on host: <192.168.0.148:9618?addrs=192.168.0.148-9618&alias=node148.di.rm1&noUDP&sock=startd_1547_b119>
...
006 (270067.000.000) 2025-01-21 23:26:11 Image size of job updated: 1444944
	458  -  MemoryUsage of job (MB)
	468612  -  ResidentSetSize of job (KB)
...
006 (270067.000.000) 2025-01-21 23:26:43 Image size of job updated: 3010596
	459  -  MemoryUsage of job (MB)
	469008  -  ResidentSetSize of job (KB)
...
004 (270067.000.000) 2025-01-21 23:26:43 Job was evicted.
	(0) CPU times
		Usr 0 00:00:40, Sys 0 00:00:01  -  Run Remote Usage
		Usr 0 00:00:00, Sys 0 00:00:00  -  Run Local Usage
	0  -  Run Bytes Sent By Job
	0  -  Run Bytes Received By Job
	Partitionable Resources :    Usage  Request Allocated 
	   Cpus                 :                 1         1 
	   Disk (KB)            :       27       27    467548 
	   Memory (MB)          :      459        1       128 
...
009 (270067.000.000) 2025-01-21 23:26:44 Job was aborted.
	via condor_rm (by user calzona_2046920)
...
000 (276225.000.000) 2025-01-24 04:09:42 Job submitted from host: <192.168.0.102:9618?addrs=192.168.0.102-9618&alias=submitter&noUDP&sock=schedd_2032_5c88>
...
001 (276225.000.000) 2025-01-24 04:09:44 Job executing on host: <192.168.0.149:9618?addrs=192.168.0.149-9618&alias=node149.di.rm1&noUDP&sock=startd_1551_6f7a>
...
006 (276225.000.000) 2025-01-24 04:09:53 Image size of job updated: 523116
	511  -  MemoryUsage of job (MB)
	523116  -  ResidentSetSize of job (KB)
...
006 (276225.000.000) 2025-01-24 04:11:44 Image size of job updated: 7245156
	511  -  MemoryUsage of job (MB)
	523248  -  ResidentSetSize of job (KB)
...
004 (276225.000.000) 2025-01-24 04:11:44 Job was evicted.
	(0) CPU times
		Usr 0 00:01:57, Sys 0 00:00:02  -  Run Remote Usage
		Usr 0 00:00:00, Sys 0 00:00:00  -  Run Local Usage
	0  -  Run Bytes Sent By Job
	0  -  Run Bytes Received By Job
	Partitionable Resources :    Usage  Request Allocated 
	   Cpus                 :                 1         1 
	   Disk (KB)            :       27       27    471944 
	   Memory (MB)          :      511        1       128 
...
009 (276225.000.000) 2025-01-24 04:11:44 Job was aborted.
	via condor_rm (by user calzona_2046920)
...
