000 (288983.000.000) 2025-01-28 21:58:53 Job submitted from host: <192.168.0.102:9618?addrs=192.168.0.102-9618&alias=submitter&noUDP&sock=schedd_2032_5c88>
...
014 (288983.000.001) 2025-01-28 21:59:07 Node 1 executing on host: <192.168.0.105:9618?addrs=192.168.0.105-9618&alias=node105.di.rm1&noUDP&sock=startd_1951_cd5c>
...
014 (288983.000.003) 2025-01-28 21:59:07 Node 3 executing on host: <192.168.0.140:9618?addrs=192.168.0.140-9618&alias=node140.di.rm1&noUDP&sock=startd_1890_f615>
...
014 (288983.000.002) 2025-01-28 21:59:07 Node 2 executing on host: <192.168.0.110:9618?addrs=192.168.0.110-9618&alias=node110.di.rm1&noUDP&sock=startd_2185_4e86>
...
014 (288983.000.000) 2025-01-28 21:59:07 Node 0 executing on host: <192.168.0.123:9618?addrs=192.168.0.123-9618&alias=node123.di.rm1&noUDP&sock=startd_2149_9d1d>
...
001 (288983.000.000) 2025-01-28 21:59:07 Job executing on host: MPI_job
...
008 (288983.000.000) 2025-01-28 21:59:09 Launching orted on Node 1 of 4
...
008 (288983.000.000) 2025-01-28 21:59:09 Launching orted on Node 3 of 4
...
008 (288983.000.000) 2025-01-28 21:59:09 Launching orted on Node 2 of 4
...
008 (288983.000.000) 2025-01-28 21:59:10 Launching orted on Node 0 of 4
...
008 (288983.000.000) 2025-01-28 21:59:12 orted exited on Node 3 of 4
...
008 (288983.000.000) 2025-01-28 21:59:12 orted exited on Node 0 of 4
...
008 (288983.000.000) 2025-01-28 21:59:12 orted exited on Node 1 of 4
...
008 (288983.000.000) 2025-01-28 21:59:12 orted exited on Node 2 of 4
...
015 (288983.000.001) 2025-01-28 21:59:13 Node 1 terminated.
	(1) Normal termination (return value 0)
		Usr 0 00:00:03, Sys 0 00:00:00  -  Run Remote Usage
		Usr 0 00:00:00, Sys 0 00:00:00  -  Run Local Usage
		Usr 0 00:00:03, Sys 0 00:00:00  -  Total Remote Usage
		Usr 0 00:00:00, Sys 0 00:00:00  -  Total Local Usage
	2165  -  Run Bytes Sent By Node
	33711  -  Run Bytes Received By Node
	2165  -  Total Bytes Sent By Node
	33711  -  Total Bytes Received By Node
...
015 (288983.000.002) 2025-01-28 21:59:13 Node 2 terminated.
	(1) Normal termination (return value 0)
		Usr 0 00:00:02, Sys 0 00:00:01  -  Run Remote Usage
		Usr 0 00:00:00, Sys 0 00:00:00  -  Run Local Usage
		Usr 0 00:00:02, Sys 0 00:00:01  -  Total Remote Usage
		Usr 0 00:00:00, Sys 0 00:00:00  -  Total Local Usage
	2187  -  Run Bytes Sent By Node
	33711  -  Run Bytes Received By Node
	2187  -  Total Bytes Sent By Node
	33711  -  Total Bytes Received By Node
...
015 (288983.000.000) 2025-01-28 21:59:13 Node 0 terminated.
	(1) Normal termination (return value 0)
		Usr 0 00:00:03, Sys 0 00:00:00  -  Run Remote Usage
		Usr 0 00:00:00, Sys 0 00:00:00  -  Run Local Usage
		Usr 0 00:00:03, Sys 0 00:00:00  -  Total Remote Usage
		Usr 0 00:00:00, Sys 0 00:00:00  -  Total Local Usage
	3306  -  Run Bytes Sent By Node
	33711  -  Run Bytes Received By Node
	3306  -  Total Bytes Sent By Node
	33711  -  Total Bytes Received By Node
...
005 (288983.000.000) 2025-01-28 21:59:13 Job terminated.
	(1) Normal termination (return value 0)
		Usr 0 00:00:10, Sys 0 00:00:01  -  Run Remote Usage
		Usr 0 00:00:00, Sys 0 00:00:00  -  Run Local Usage
		Usr 0 00:00:01, Sys 0 00:00:00  -  Total Remote Usage
		Usr 0 00:00:00, Sys 0 00:00:00  -  Total Local Usage
	7658  -  Run Bytes Sent By Job
	134844  -  Run Bytes Received By Job
	7658  -  Total Bytes Sent By Job
	134844  -  Total Bytes Received By Job
	Partitionable Resources :    Usage  Request Allocated 
	   Cpus                 :                 1         2 
	   Disk (KB)            :       51       35 102979196 
	   GPUs                 :                           0 
	   Memory (MB)          :        1        1    100096 

	Job terminated of its own accord at 2025-01-28T21:59:12Z with exit-code 0.
...
