000 (263363.000.000) 2025-01-17 11:20:48 Job submitted from host: <192.168.0.102:9618?addrs=192.168.0.102-9618&alias=submitter&noUDP&sock=schedd_2032_5c88>
...
001 (263363.000.000) 2025-01-17 11:20:51 Job executing on host: <192.168.0.105:9618?addrs=192.168.0.105-9618&alias=node105.di.rm1&noUDP&sock=startd_1951_cd5c>
...
006 (263363.000.000) 2025-01-17 11:21:00 Image size of job updated: 29012
	13  -  MemoryUsage of job (MB)
	12540  -  ResidentSetSize of job (KB)
...
005 (263363.000.000) 2025-01-17 11:23:32 Job terminated.
	(1) Normal termination (return value 0)
		Usr 0 00:05:10, Sys 0 00:00:00  -  Run Remote Usage
		Usr 0 00:00:00, Sys 0 00:00:00  -  Run Local Usage
		Usr 0 00:05:10, Sys 0 00:00:00  -  Total Remote Usage
		Usr 0 00:00:00, Sys 0 00:00:00  -  Total Local Usage
	0  -  Run Bytes Sent By Job
	0  -  Run Bytes Received By Job
	0  -  Total Bytes Sent By Job
	0  -  Total Bytes Received By Job
	Partitionable Resources :    Usage  Request Allocated 
	   Cpus                 :                 1         1 
	   Disk (KB)            :       27       27    472026 
	   Memory (MB)          :       13        1       128 

	Job terminated of its own accord at 2025-01-17T11:23:32Z with exit-code 0.
...
