000 (272971.000.000) 2025-01-23 10:19:25 Job submitted from host: <192.168.0.102:9618?addrs=192.168.0.102-9618&alias=submitter&noUDP&sock=schedd_2032_5c88>
...
014 (272971.000.000) 2025-01-23 10:19:32 Node 0 executing on host: <192.168.0.105:9618?addrs=192.168.0.105-9618&alias=node105.di.rm1&noUDP&sock=startd_1951_cd5c>
...
014 (272971.000.001) 2025-01-23 10:19:32 Node 1 executing on host: <192.168.0.149:9618?addrs=192.168.0.149-9618&alias=node149.di.rm1&noUDP&sock=startd_1551_6f7a>
...
001 (272971.000.000) 2025-01-23 10:19:32 Job executing on host: MPI_job
...
008 (272971.000.000) 2025-01-23 10:19:34 Launching orted on Node 0 of 2
...
008 (272971.000.000) 2025-01-23 10:19:34 Launching orted on Node 1 of 2
...
008 (272971.000.000) 2025-01-23 10:19:35 orted exited on Node 0 of 2
...
008 (272971.000.000) 2025-01-23 10:19:35 orted exited on Node 1 of 2
...
015 (272971.000.000) 2025-01-23 10:19:35 Node 0 terminated.
	(1) Normal termination (return value 0)
		Usr 0 00:00:01, Sys 0 00:00:00  -  Run Remote Usage
		Usr 0 00:00:00, Sys 0 00:00:00  -  Run Local Usage
		Usr 0 00:00:01, Sys 0 00:00:00  -  Total Remote Usage
		Usr 0 00:00:00, Sys 0 00:00:00  -  Total Local Usage
	3256  -  Run Bytes Sent By Node
	33639  -  Run Bytes Received By Node
	3256  -  Total Bytes Sent By Node
	33639  -  Total Bytes Received By Node
...
005 (272971.000.000) 2025-01-23 10:19:35 Job terminated.
	(1) Normal termination (return value 0)
		Usr 0 00:00:01, Sys 0 00:00:01  -  Run Remote Usage
		Usr 0 00:00:00, Sys 0 00:00:00  -  Run Local Usage
		Usr 0 00:00:01, Sys 0 00:00:00  -  Total Remote Usage
		Usr 0 00:00:00, Sys 0 00:00:00  -  Total Local Usage
	3256  -  Run Bytes Sent By Job
	67278  -  Run Bytes Received By Job
	3256  -  Total Bytes Sent By Job
	67278  -  Total Bytes Received By Job
	Partitionable Resources :    Usage  Request Allocated 
	   Cpus                 :                 1         2 
	   Disk (KB)            :       49       35 102901527 
	   Memory (MB)          :        0        0    100096 

	Job terminated of its own accord at 2025-01-23T10:19:35Z with exit-code 0.
...
