000 (280885.000.000) 2025-01-25 18:09:38 Job submitted from host: <192.168.0.102:9618?addrs=192.168.0.102-9618&alias=submitter&noUDP&sock=schedd_2032_5c88>
...
014 (280885.000.002) 2025-01-25 18:09:47 Node 2 executing on host: <192.168.0.147:9618?addrs=192.168.0.147-9618&alias=node147.di.rm1&noUDP&sock=startd_1513_5ee1>
...
014 (280885.000.001) 2025-01-25 18:09:47 Node 1 executing on host: <192.168.0.151:9618?addrs=192.168.0.151-9618&alias=node151.di.rm1&noUDP&sock=startd_1528_a8cd>
...
014 (280885.000.000) 2025-01-25 18:09:47 Node 0 executing on host: <192.168.0.123:9618?addrs=192.168.0.123-9618&alias=node123.di.rm1&noUDP&sock=startd_2149_9d1d>
...
014 (280885.000.003) 2025-01-25 18:09:47 Node 3 executing on host: <192.168.0.113:9618?addrs=192.168.0.113-9618&alias=node113.di.rm1&noUDP&sock=startd_3668932_c305>
...
001 (280885.000.000) 2025-01-25 18:09:47 Job executing on host: MPI_job
...
008 (280885.000.000) 2025-01-25 18:09:49 Launching orted on Node 2 of 4
...
008 (280885.000.000) 2025-01-25 18:09:49 Launching orted on Node 1 of 4
...
008 (280885.000.000) 2025-01-25 18:09:49 Launching orted on Node 0 of 4
...
008 (280885.000.000) 2025-01-25 18:09:49 Launching orted on Node 3 of 4
...
008 (280885.000.000) 2025-01-25 18:09:56 orted exited on Node 2 of 4
...
008 (280885.000.000) 2025-01-25 18:09:56 orted exited on Node 1 of 4
...
008 (280885.000.000) 2025-01-25 18:09:56 orted exited on Node 0 of 4
...
008 (280885.000.000) 2025-01-25 18:09:56 orted exited on Node 3 of 4
...
015 (280885.000.000) 2025-01-25 18:09:56 Node 0 terminated.
	(1) Normal termination (return value 0)
		Usr 0 00:00:00, Sys 0 00:00:00  -  Run Remote Usage
		Usr 0 00:00:00, Sys 0 00:00:00  -  Run Local Usage
		Usr 0 00:00:00, Sys 0 00:00:00  -  Total Remote Usage
		Usr 0 00:00:00, Sys 0 00:00:00  -  Total Local Usage
	3774  -  Run Bytes Sent By Node
	33639  -  Run Bytes Received By Node
	3774  -  Total Bytes Sent By Node
	33639  -  Total Bytes Received By Node
...
005 (280885.000.000) 2025-01-25 18:09:56 Job terminated.
	(1) Normal termination (return value 0)
		Usr 0 00:00:16, Sys 0 00:00:01  -  Run Remote Usage
		Usr 0 00:00:00, Sys 0 00:00:00  -  Run Local Usage
		Usr 0 00:00:00, Sys 0 00:00:00  -  Total Remote Usage
		Usr 0 00:00:00, Sys 0 00:00:00  -  Total Local Usage
	10291  -  Run Bytes Sent By Job
	134556  -  Run Bytes Received By Job
	10291  -  Total Bytes Sent By Job
	134556  -  Total Bytes Received By Job
	Partitionable Resources :    Usage  Request Allocated 
	   Cpus                 :                 1         2 
	   Disk (KB)            :       50       35 102979196 
	   GPUs                 :                           0 
	   Memory (MB)          :      222      364    100096 

	Job terminated of its own accord at 2025-01-25T18:09:56Z with exit-code 0.
...
000 (288089.000.000) 2025-01-28 18:33:38 Job submitted from host: <192.168.0.102:9618?addrs=192.168.0.102-9618&alias=submitter&noUDP&sock=schedd_2032_5c88>
...
014 (288089.000.001) 2025-01-28 18:33:45 Node 1 executing on host: <192.168.0.137:9618?addrs=192.168.0.137-9618&alias=node137.di.rm1&noUDP&sock=startd_1934_2440>
...
014 (288089.000.002) 2025-01-28 18:33:45 Node 2 executing on host: <192.168.0.132:9618?addrs=192.168.0.132-9618&alias=node132.di.rm1&noUDP&sock=startd_1999_b9e8>
...
014 (288089.000.000) 2025-01-28 18:33:45 Node 0 executing on host: <192.168.0.122:9618?addrs=192.168.0.122-9618&alias=node122.di.rm1&noUDP&sock=startd_2134_5331>
...
014 (288089.000.003) 2025-01-28 18:33:45 Node 3 executing on host: <192.168.0.141:9618?addrs=192.168.0.141-9618&alias=node141.di.rm1&noUDP&sock=startd_2077_3a4b>
...
001 (288089.000.000) 2025-01-28 18:33:45 Job executing on host: MPI_job
...
008 (288089.000.000) 2025-01-28 18:33:47 Launching orted on Node 1 of 4
...
008 (288089.000.000) 2025-01-28 18:33:47 Launching orted on Node 2 of 4
...
008 (288089.000.000) 2025-01-28 18:33:47 Launching orted on Node 0 of 4
...
008 (288089.000.000) 2025-01-28 18:33:47 Launching orted on Node 3 of 4
...
008 (288089.000.000) 2025-01-28 18:33:53 orted exited on Node 2 of 4
...
008 (288089.000.000) 2025-01-28 18:33:53 orted exited on Node 1 of 4
...
008 (288089.000.000) 2025-01-28 18:33:53 orted exited on Node 3 of 4
...
008 (288089.000.000) 2025-01-28 18:33:53 orted exited on Node 0 of 4
...
015 (288089.000.001) 2025-01-28 18:33:53 Node 1 terminated.
	(1) Normal termination (return value 0)
		Usr 0 00:00:05, Sys 0 00:00:01  -  Run Remote Usage
		Usr 0 00:00:00, Sys 0 00:00:00  -  Run Local Usage
		Usr 0 00:00:05, Sys 0 00:00:01  -  Total Remote Usage
		Usr 0 00:00:00, Sys 0 00:00:00  -  Total Local Usage
	2165  -  Run Bytes Sent By Node
	33631  -  Run Bytes Received By Node
	2165  -  Total Bytes Sent By Node
	33631  -  Total Bytes Received By Node
...
015 (288089.000.002) 2025-01-28 18:33:53 Node 2 terminated.
	(1) Normal termination (return value 0)
		Usr 0 00:00:05, Sys 0 00:00:00  -  Run Remote Usage
		Usr 0 00:00:00, Sys 0 00:00:00  -  Run Local Usage
		Usr 0 00:00:05, Sys 0 00:00:00  -  Total Remote Usage
		Usr 0 00:00:00, Sys 0 00:00:00  -  Total Local Usage
	2165  -  Run Bytes Sent By Node
	33631  -  Run Bytes Received By Node
	2165  -  Total Bytes Sent By Node
	33631  -  Total Bytes Received By Node
...
015 (288089.000.000) 2025-01-28 18:33:53 Node 0 terminated.
	(1) Normal termination (return value 0)
		Usr 0 00:00:00, Sys 0 00:00:00  -  Run Remote Usage
		Usr 0 00:00:00, Sys 0 00:00:00  -  Run Local Usage
		Usr 0 00:00:00, Sys 0 00:00:00  -  Total Remote Usage
		Usr 0 00:00:00, Sys 0 00:00:00  -  Total Local Usage
	3308  -  Run Bytes Sent By Node
	33631  -  Run Bytes Received By Node
	3308  -  Total Bytes Sent By Node
	33631  -  Total Bytes Received By Node
...
005 (288089.000.000) 2025-01-28 18:33:53 Job terminated.
	(1) Normal termination (return value 0)
		Usr 0 00:00:15, Sys 0 00:00:01  -  Run Remote Usage
		Usr 0 00:00:00, Sys 0 00:00:00  -  Run Local Usage
		Usr 0 00:00:00, Sys 0 00:00:00  -  Total Remote Usage
		Usr 0 00:00:00, Sys 0 00:00:00  -  Total Local Usage
	7638  -  Run Bytes Sent By Job
	134524  -  Run Bytes Received By Job
	7638  -  Total Bytes Sent By Job
	134524  -  Total Bytes Received By Job
	Partitionable Resources :    Usage  Request Allocated 
	   Cpus                 :                 1         2 
	   Disk (KB)            :       51       35 102982364 
	   GPUs                 :                           0 
	   Memory (MB)          :        0      366    100096 

	Job terminated of its own accord at 2025-01-28T18:33:53Z with exit-code 0.
...
