000 (273756.000.000) 2025-01-23 11:19:01 Job submitted from host: <192.168.0.102:9618?addrs=192.168.0.102-9618&alias=submitter&noUDP&sock=schedd_2032_5c88>
...
014 (273756.000.002) 2025-01-23 11:19:08 Node 2 executing on host: <192.168.0.141:9618?addrs=192.168.0.141-9618&alias=node141.di.rm1&noUDP&sock=startd_2077_3a4b>
...
014 (273756.000.000) 2025-01-23 11:19:08 Node 0 executing on host: <192.168.0.137:9618?addrs=192.168.0.137-9618&alias=node137.di.rm1&noUDP&sock=startd_1934_2440>
...
014 (273756.000.003) 2025-01-23 11:19:08 Node 3 executing on host: <192.168.0.141:9618?addrs=192.168.0.141-9618&alias=node141.di.rm1&noUDP&sock=startd_2077_3a4b>
...
014 (273756.000.001) 2025-01-23 11:19:08 Node 1 executing on host: <192.168.0.111:9618?addrs=192.168.0.111-9618&alias=node111.di.rm1&noUDP&sock=startd_2044_97ab>
...
001 (273756.000.000) 2025-01-23 11:19:08 Job executing on host: MPI_job
...
008 (273756.000.000) 2025-01-23 11:19:10 Launching orted on Node 2 of 4
...
008 (273756.000.000) 2025-01-23 11:19:10 Launching orted on Node 3 of 4
...
008 (273756.000.000) 2025-01-23 11:19:10 Launching orted on Node 0 of 4
...
008 (273756.000.000) 2025-01-23 11:19:10 Launching orted on Node 1 of 4
...
008 (273756.000.000) 2025-01-23 11:19:11 orted exited on Node 0 of 4
...
008 (273756.000.000) 2025-01-23 11:19:11 orted exited on Node 3 of 4
...
008 (273756.000.000) 2025-01-23 11:19:11 orted exited on Node 2 of 4
...
008 (273756.000.000) 2025-01-23 11:19:11 orted exited on Node 1 of 4
...
015 (273756.000.003) 2025-01-23 11:19:11 Node 3 terminated.
	(1) Normal termination (return value 0)
		Usr 0 00:00:00, Sys 0 00:00:00  -  Run Remote Usage
		Usr 0 00:00:00, Sys 0 00:00:00  -  Run Local Usage
		Usr 0 00:00:00, Sys 0 00:00:00  -  Total Remote Usage
		Usr 0 00:00:00, Sys 0 00:00:00  -  Total Local Usage
	2165  -  Run Bytes Sent By Node
	33639  -  Run Bytes Received By Node
	2165  -  Total Bytes Sent By Node
	33639  -  Total Bytes Received By Node
...
015 (273756.000.002) 2025-01-23 11:19:11 Node 2 terminated.
	(1) Normal termination (return value 0)
		Usr 0 00:00:00, Sys 0 00:00:00  -  Run Remote Usage
		Usr 0 00:00:00, Sys 0 00:00:00  -  Run Local Usage
		Usr 0 00:00:00, Sys 0 00:00:00  -  Total Remote Usage
		Usr 0 00:00:00, Sys 0 00:00:00  -  Total Local Usage
	2165  -  Run Bytes Sent By Node
	33639  -  Run Bytes Received By Node
	2165  -  Total Bytes Sent By Node
	33639  -  Total Bytes Received By Node
...
015 (273756.000.000) 2025-01-23 11:19:11 Node 0 terminated.
	(1) Normal termination (return value 0)
		Usr 0 00:00:01, Sys 0 00:00:00  -  Run Remote Usage
		Usr 0 00:00:00, Sys 0 00:00:00  -  Run Local Usage
		Usr 0 00:00:01, Sys 0 00:00:00  -  Total Remote Usage
		Usr 0 00:00:00, Sys 0 00:00:00  -  Total Local Usage
	3262  -  Run Bytes Sent By Node
	33639  -  Run Bytes Received By Node
	3262  -  Total Bytes Sent By Node
	33639  -  Total Bytes Received By Node
...
005 (273756.000.000) 2025-01-23 11:19:11 Job terminated.
	(1) Normal termination (return value 0)
		Usr 0 00:00:01, Sys 0 00:00:00  -  Run Remote Usage
		Usr 0 00:00:00, Sys 0 00:00:00  -  Run Local Usage
		Usr 0 00:00:01, Sys 0 00:00:00  -  Total Remote Usage
		Usr 0 00:00:00, Sys 0 00:00:00  -  Total Local Usage
	7592  -  Run Bytes Sent By Job
	134556  -  Run Bytes Received By Job
	7592  -  Total Bytes Sent By Job
	134556  -  Total Bytes Received By Job
	Partitionable Resources :    Usage  Request Allocated 
	   Cpus                 :                 1         2 
	   Disk (KB)            :       49       35 102846057 
	   Memory (MB)          :        0        0    100096 

	Job terminated of its own accord at 2025-01-23T11:19:11Z with exit-code 0.
...
000 (278502.000.000) 2025-01-24 09:04:02 Job submitted from host: <192.168.0.102:9618?addrs=192.168.0.102-9618&alias=submitter&noUDP&sock=schedd_2032_5c88>
...
014 (278502.000.000) 2025-01-24 09:04:11 Node 0 executing on host: <192.168.0.134:9618?addrs=192.168.0.134-9618&alias=node134.di.rm1&noUDP&sock=startd_2073_7bea>
...
014 (278502.000.002) 2025-01-24 09:04:11 Node 2 executing on host: <192.168.0.147:9618?addrs=192.168.0.147-9618&alias=node147.di.rm1&noUDP&sock=startd_1513_5ee1>
...
014 (278502.000.003) 2025-01-24 09:04:11 Node 3 executing on host: <192.168.0.139:9618?addrs=192.168.0.139-9618&alias=node139.di.rm1&noUDP&sock=startd_1966_1748>
...
014 (278502.000.001) 2025-01-24 09:04:11 Node 1 executing on host: <192.168.0.124:9618?addrs=192.168.0.124-9618&alias=node124.di.rm1&noUDP&sock=startd_2143_7f8b>
...
001 (278502.000.000) 2025-01-24 09:04:11 Job executing on host: MPI_job
...
008 (278502.000.000) 2025-01-24 09:04:13 Launching orted on Node 0 of 4
...
008 (278502.000.000) 2025-01-24 09:04:13 Launching orted on Node 2 of 4
...
008 (278502.000.000) 2025-01-24 09:04:13 Launching orted on Node 3 of 4
...
008 (278502.000.000) 2025-01-24 09:04:13 Launching orted on Node 1 of 4
...
008 (278502.000.000) 2025-01-24 09:04:13 orted exited on Node 2 of 4
...
008 (278502.000.000) 2025-01-24 09:04:13 orted exited on Node 3 of 4
...
008 (278502.000.000) 2025-01-24 09:04:13 orted exited on Node 0 of 4
...
008 (278502.000.000) 2025-01-24 09:04:13 orted exited on Node 1 of 4
...
015 (278502.000.002) 2025-01-24 09:04:13 Node 2 terminated.
	(1) Normal termination (return value 0)
		Usr 0 00:00:00, Sys 0 00:00:00  -  Run Remote Usage
		Usr 0 00:00:00, Sys 0 00:00:00  -  Run Local Usage
		Usr 0 00:00:00, Sys 0 00:00:00  -  Total Remote Usage
		Usr 0 00:00:00, Sys 0 00:00:00  -  Total Local Usage
	2165  -  Run Bytes Sent By Node
	33639  -  Run Bytes Received By Node
	2165  -  Total Bytes Sent By Node
	33639  -  Total Bytes Received By Node
...
015 (278502.000.000) 2025-01-24 09:04:13 Node 0 terminated.
	(1) Normal termination (return value 0)
		Usr 0 00:00:00, Sys 0 00:00:00  -  Run Remote Usage
		Usr 0 00:00:00, Sys 0 00:00:00  -  Run Local Usage
		Usr 0 00:00:00, Sys 0 00:00:00  -  Total Remote Usage
		Usr 0 00:00:00, Sys 0 00:00:00  -  Total Local Usage
	3262  -  Run Bytes Sent By Node
	33639  -  Run Bytes Received By Node
	3262  -  Total Bytes Sent By Node
	33639  -  Total Bytes Received By Node
...
005 (278502.000.000) 2025-01-24 09:04:13 Job terminated.
	(1) Normal termination (return value 0)
		Usr 0 00:00:00, Sys 0 00:00:00  -  Run Remote Usage
		Usr 0 00:00:00, Sys 0 00:00:00  -  Run Local Usage
		Usr 0 00:00:00, Sys 0 00:00:00  -  Total Remote Usage
		Usr 0 00:00:00, Sys 0 00:00:00  -  Total Local Usage
	5427  -  Run Bytes Sent By Job
	134556  -  Run Bytes Received By Job
	5427  -  Total Bytes Sent By Job
	134556  -  Total Bytes Received By Job
	Partitionable Resources :    Usage  Request Allocated 
	   Cpus                 :                 1         2 
	   Disk (KB)            :       49       35 102912899 
	   Memory (MB)          :        0        1    100096 

	Job terminated of its own accord at 2025-01-24T09:04:13Z with exit-code 0.
...
000 (286774.000.000) 2025-01-28 15:58:43 Job submitted from host: <192.168.0.102:9618?addrs=192.168.0.102-9618&alias=submitter&noUDP&sock=schedd_2032_5c88>
...
014 (286774.000.001) 2025-01-28 15:58:57 Node 1 executing on host: <192.168.0.135:9618?addrs=192.168.0.135-9618&alias=node135.di.rm1&noUDP&sock=startd_2000_6980>
...
014 (286774.000.000) 2025-01-28 15:58:57 Node 0 executing on host: <192.168.0.120:9618?addrs=192.168.0.120-9618&alias=node120.di.rm1&noUDP&sock=startd_2096_4298>
...
014 (286774.000.002) 2025-01-28 15:58:57 Node 2 executing on host: <192.168.0.130:9618?addrs=192.168.0.130-9618&alias=node130.di.rm1&noUDP&sock=startd_2751195_838e>
...
014 (286774.000.003) 2025-01-28 15:58:57 Node 3 executing on host: <192.168.0.106:9618?addrs=192.168.0.106-9618&alias=node106.di.rm1&noUDP&sock=startd_1970_d5a9>
...
001 (286774.000.000) 2025-01-28 15:58:57 Job executing on host: MPI_job
...
008 (286774.000.000) 2025-01-28 15:58:59 Launching orted on Node 1 of 4
...
008 (286774.000.000) 2025-01-28 15:58:59 Launching orted on Node 0 of 4
...
008 (286774.000.000) 2025-01-28 15:58:59 Launching orted on Node 2 of 4
...
008 (286774.000.000) 2025-01-28 15:58:59 Launching orted on Node 3 of 4
...
008 (286774.000.000) 2025-01-28 15:59:00 orted exited on Node 1 of 4
...
008 (286774.000.000) 2025-01-28 15:59:00 orted exited on Node 3 of 4
...
008 (286774.000.000) 2025-01-28 15:59:00 orted exited on Node 2 of 4
...
008 (286774.000.000) 2025-01-28 15:59:00 orted exited on Node 0 of 4
...
015 (286774.000.001) 2025-01-28 15:59:00 Node 1 terminated.
	(1) Normal termination (return value 0)
		Usr 0 00:00:01, Sys 0 00:00:00  -  Run Remote Usage
		Usr 0 00:00:00, Sys 0 00:00:00  -  Run Local Usage
		Usr 0 00:00:01, Sys 0 00:00:00  -  Total Remote Usage
		Usr 0 00:00:00, Sys 0 00:00:00  -  Total Local Usage
	2165  -  Run Bytes Sent By Node
	33591  -  Run Bytes Received By Node
	2165  -  Total Bytes Sent By Node
	33591  -  Total Bytes Received By Node
...
015 (286774.000.000) 2025-01-28 15:59:00 Node 0 terminated.
	(1) Normal termination (return value 0)
		Usr 0 00:00:00, Sys 0 00:00:00  -  Run Remote Usage
		Usr 0 00:00:00, Sys 0 00:00:00  -  Run Local Usage
		Usr 0 00:00:00, Sys 0 00:00:00  -  Total Remote Usage
		Usr 0 00:00:00, Sys 0 00:00:00  -  Total Local Usage
	3772  -  Run Bytes Sent By Node
	33591  -  Run Bytes Received By Node
	3772  -  Total Bytes Sent By Node
	33591  -  Total Bytes Received By Node
...
005 (286774.000.000) 2025-01-28 15:59:00 Job terminated.
	(1) Normal termination (return value 0)
		Usr 0 00:00:01, Sys 0 00:00:00  -  Run Remote Usage
		Usr 0 00:00:00, Sys 0 00:00:00  -  Run Local Usage
		Usr 0 00:00:00, Sys 0 00:00:00  -  Total Remote Usage
		Usr 0 00:00:00, Sys 0 00:00:00  -  Total Local Usage
	5937  -  Run Bytes Sent By Job
	134364  -  Run Bytes Received By Job
	5937  -  Total Bytes Sent By Job
	134364  -  Total Bytes Received By Job
	Partitionable Resources :    Usage  Request Allocated 
	   Cpus                 :                 1         1 
	   Disk (KB)            :       52       35  21575424 
	   GPUs                 :                           1 
	   Memory (MB)          :        0        0     20480 

	Job terminated of its own accord at 2025-01-28T15:59:00Z with exit-code 0.
...
