000 (273733.000.000) 2025-01-23 11:18:20 Job submitted from host: <192.168.0.102:9618?addrs=192.168.0.102-9618&alias=submitter&noUDP&sock=schedd_2032_5c88>
...
014 (273733.000.000) 2025-01-23 11:18:27 Node 0 executing on host: <192.168.0.113:9618?addrs=192.168.0.113-9618&alias=node113.di.rm1&noUDP&sock=startd_3668932_c305>
...
014 (273733.000.003) 2025-01-23 11:18:27 Node 3 executing on host: <192.168.0.120:9618?addrs=192.168.0.120-9618&alias=node120.di.rm1&noUDP&sock=startd_2096_4298>
...
014 (273733.000.002) 2025-01-23 11:18:27 Node 2 executing on host: <192.168.0.105:9618?addrs=192.168.0.105-9618&alias=node105.di.rm1&noUDP&sock=startd_1951_cd5c>
...
014 (273733.000.001) 2025-01-23 11:18:28 Node 1 executing on host: <192.168.0.143:9618?addrs=192.168.0.143-9618&alias=node143.di.rm1&noUDP&sock=startd_2061_40c7>
...
001 (273733.000.000) 2025-01-23 11:18:28 Job executing on host: MPI_job
...
008 (273733.000.000) 2025-01-23 11:18:29 Launching orted on Node 0 of 4
...
008 (273733.000.000) 2025-01-23 11:18:30 Launching orted on Node 3 of 4
...
008 (273733.000.000) 2025-01-23 11:18:30 Launching orted on Node 2 of 4
...
008 (273733.000.000) 2025-01-23 11:18:30 Launching orted on Node 1 of 4
...
008 (273733.000.000) 2025-01-23 11:18:31 orted exited on Node 2 of 4
...
008 (273733.000.000) 2025-01-23 11:18:31 orted exited on Node 0 of 4
...
008 (273733.000.000) 2025-01-23 11:18:31 orted exited on Node 3 of 4
...
008 (273733.000.000) 2025-01-23 11:18:31 orted exited on Node 1 of 4
...
015 (273733.000.000) 2025-01-23 11:18:31 Node 0 terminated.
	(1) Normal termination (return value 0)
		Usr 0 00:00:00, Sys 0 00:00:00  -  Run Remote Usage
		Usr 0 00:00:00, Sys 0 00:00:00  -  Run Local Usage
		Usr 0 00:00:00, Sys 0 00:00:00  -  Total Remote Usage
		Usr 0 00:00:00, Sys 0 00:00:00  -  Total Local Usage
	3304  -  Run Bytes Sent By Node
	33639  -  Run Bytes Received By Node
	3304  -  Total Bytes Sent By Node
	33639  -  Total Bytes Received By Node
...
005 (273733.000.000) 2025-01-23 11:18:31 Job terminated.
	(1) Normal termination (return value 0)
		Usr 0 00:00:00, Sys 0 00:00:00  -  Run Remote Usage
		Usr 0 00:00:00, Sys 0 00:00:00  -  Run Local Usage
		Usr 0 00:00:00, Sys 0 00:00:00  -  Total Remote Usage
		Usr 0 00:00:00, Sys 0 00:00:00  -  Total Local Usage
	3304  -  Run Bytes Sent By Job
	134556  -  Run Bytes Received By Job
	3304  -  Total Bytes Sent By Job
	134556  -  Total Bytes Received By Job
	Partitionable Resources :    Usage  Request Allocated 
	   Cpus                 :                 1         1 
	   Disk (KB)            :       50       35    459754 
	   GPUs                 :                           0 
	   Memory (MB)          :        0      122       128 

	Job terminated of its own accord at 2025-01-23T11:18:31Z with exit-code 0.
...
000 (278480.000.000) 2025-01-24 09:03:26 Job submitted from host: <192.168.0.102:9618?addrs=192.168.0.102-9618&alias=submitter&noUDP&sock=schedd_2032_5c88>
...
014 (278480.000.001) 2025-01-24 09:03:43 Node 1 executing on host: <192.168.0.151:9618?addrs=192.168.0.151-9618&alias=node151.di.rm1&noUDP&sock=startd_1528_a8cd>
...
014 (278480.000.000) 2025-01-24 09:03:43 Node 0 executing on host: <192.168.0.147:9618?addrs=192.168.0.147-9618&alias=node147.di.rm1&noUDP&sock=startd_1513_5ee1>
...
014 (278480.000.002) 2025-01-24 09:03:43 Node 2 executing on host: <192.168.0.148:9618?addrs=192.168.0.148-9618&alias=node148.di.rm1&noUDP&sock=startd_1547_b119>
...
014 (278480.000.003) 2025-01-24 09:03:43 Node 3 executing on host: <192.168.0.148:9618?addrs=192.168.0.148-9618&alias=node148.di.rm1&noUDP&sock=startd_1547_b119>
...
001 (278480.000.000) 2025-01-24 09:03:43 Job executing on host: MPI_job
...
008 (278480.000.000) 2025-01-24 09:03:45 Launching orted on Node 1 of 4
...
008 (278480.000.000) 2025-01-24 09:03:45 Launching orted on Node 0 of 4
...
008 (278480.000.000) 2025-01-24 09:03:45 Launching orted on Node 3 of 4
...
008 (278480.000.000) 2025-01-24 09:03:45 Launching orted on Node 2 of 4
...
008 (278480.000.000) 2025-01-24 09:03:46 orted exited on Node 1 of 4
...
008 (278480.000.000) 2025-01-24 09:03:46 orted exited on Node 3 of 4
...
008 (278480.000.000) 2025-01-24 09:03:46 orted exited on Node 2 of 4
...
008 (278480.000.000) 2025-01-24 09:03:46 orted exited on Node 0 of 4
...
015 (278480.000.001) 2025-01-24 09:03:46 Node 1 terminated.
	(1) Normal termination (return value 0)
		Usr 0 00:00:01, Sys 0 00:00:01  -  Run Remote Usage
		Usr 0 00:00:00, Sys 0 00:00:00  -  Run Local Usage
		Usr 0 00:00:01, Sys 0 00:00:01  -  Total Remote Usage
		Usr 0 00:00:00, Sys 0 00:00:00  -  Total Local Usage
	2165  -  Run Bytes Sent By Node
	33639  -  Run Bytes Received By Node
	2165  -  Total Bytes Sent By Node
	33639  -  Total Bytes Received By Node
...
015 (278480.000.000) 2025-01-24 09:03:46 Node 0 terminated.
	(1) Normal termination (return value 0)
		Usr 0 00:00:00, Sys 0 00:00:00  -  Run Remote Usage
		Usr 0 00:00:00, Sys 0 00:00:00  -  Run Local Usage
		Usr 0 00:00:00, Sys 0 00:00:00  -  Total Remote Usage
		Usr 0 00:00:00, Sys 0 00:00:00  -  Total Local Usage
	3257  -  Run Bytes Sent By Node
	33639  -  Run Bytes Received By Node
	3257  -  Total Bytes Sent By Node
	33639  -  Total Bytes Received By Node
...
005 (278480.000.000) 2025-01-24 09:03:46 Job terminated.
	(1) Normal termination (return value 0)
		Usr 0 00:00:01, Sys 0 00:00:01  -  Run Remote Usage
		Usr 0 00:00:00, Sys 0 00:00:00  -  Run Local Usage
		Usr 0 00:00:00, Sys 0 00:00:00  -  Total Remote Usage
		Usr 0 00:00:00, Sys 0 00:00:00  -  Total Local Usage
	5422  -  Run Bytes Sent By Job
	134556  -  Run Bytes Received By Job
	5422  -  Total Bytes Sent By Job
	134556  -  Total Bytes Received By Job
	Partitionable Resources :    Usage  Request Allocated 
	   Cpus                 :                 1         1 
	   Disk (KB)            :       49       35    469805 
	   Memory (MB)          :        0        0     40960 

	Job terminated of its own accord at 2025-01-24T09:03:46Z with exit-code 0.
...
000 (286751.000.000) 2025-01-28 15:58:02 Job submitted from host: <192.168.0.102:9618?addrs=192.168.0.102-9618&alias=submitter&noUDP&sock=schedd_2032_5c88>
...
014 (286751.000.000) 2025-01-28 15:58:16 Node 0 executing on host: <192.168.0.122:9618?addrs=192.168.0.122-9618&alias=node122.di.rm1&noUDP&sock=startd_2134_5331>
...
014 (286751.000.002) 2025-01-28 15:58:16 Node 2 executing on host: <192.168.0.112:9618?addrs=192.168.0.112-9618&alias=node112.di.rm1&noUDP&sock=startd_2169_5502>
...
014 (286751.000.003) 2025-01-28 15:58:16 Node 3 executing on host: <192.168.0.113:9618?addrs=192.168.0.113-9618&alias=node113.di.rm1&noUDP&sock=startd_3668932_c305>
...
014 (286751.000.001) 2025-01-28 15:58:17 Node 1 executing on host: <192.168.0.111:9618?addrs=192.168.0.111-9618&alias=node111.di.rm1&noUDP&sock=startd_2044_97ab>
...
001 (286751.000.000) 2025-01-28 15:58:17 Job executing on host: MPI_job
...
008 (286751.000.000) 2025-01-28 15:58:18 Launching orted on Node 0 of 4
...
008 (286751.000.000) 2025-01-28 15:58:18 Launching orted on Node 2 of 4
...
008 (286751.000.000) 2025-01-28 15:58:19 Launching orted on Node 3 of 4
...
008 (286751.000.000) 2025-01-28 15:58:19 Launching orted on Node 1 of 4
...
008 (286751.000.000) 2025-01-28 15:58:19 orted exited on Node 2 of 4
...
008 (286751.000.000) 2025-01-28 15:58:19 orted exited on Node 3 of 4
...
008 (286751.000.000) 2025-01-28 15:58:19 orted exited on Node 0 of 4
...
008 (286751.000.000) 2025-01-28 15:58:19 orted exited on Node 1 of 4
...
015 (286751.000.002) 2025-01-28 15:58:20 Node 2 terminated.
	(1) Normal termination (return value 0)
		Usr 0 00:00:00, Sys 0 00:00:00  -  Run Remote Usage
		Usr 0 00:00:00, Sys 0 00:00:00  -  Run Local Usage
		Usr 0 00:00:00, Sys 0 00:00:00  -  Total Remote Usage
		Usr 0 00:00:00, Sys 0 00:00:00  -  Total Local Usage
	2187  -  Run Bytes Sent By Node
	33591  -  Run Bytes Received By Node
	2187  -  Total Bytes Sent By Node
	33591  -  Total Bytes Received By Node
...
015 (286751.000.000) 2025-01-28 15:58:20 Node 0 terminated.
	(1) Normal termination (return value 0)
		Usr 0 00:00:00, Sys 0 00:00:00  -  Run Remote Usage
		Usr 0 00:00:00, Sys 0 00:00:00  -  Run Local Usage
		Usr 0 00:00:00, Sys 0 00:00:00  -  Total Remote Usage
		Usr 0 00:00:00, Sys 0 00:00:00  -  Total Local Usage
	3304  -  Run Bytes Sent By Node
	33591  -  Run Bytes Received By Node
	3304  -  Total Bytes Sent By Node
	33591  -  Total Bytes Received By Node
...
005 (286751.000.000) 2025-01-28 15:58:20 Job terminated.
	(1) Normal termination (return value 0)
		Usr 0 00:00:00, Sys 0 00:00:00  -  Run Remote Usage
		Usr 0 00:00:00, Sys 0 00:00:00  -  Run Local Usage
		Usr 0 00:00:00, Sys 0 00:00:00  -  Total Remote Usage
		Usr 0 00:00:00, Sys 0 00:00:00  -  Total Local Usage
	5491  -  Run Bytes Sent By Job
	134364  -  Run Bytes Received By Job
	5491  -  Total Bytes Sent By Job
	134364  -  Total Bytes Received By Job
	Partitionable Resources :    Usage  Request Allocated 
	   Cpus                 :                 1         1 
	   Disk (KB)            :       51       35  21496319 
	   GPUs                 :                           1 
	   Memory (MB)          :        0        0     20480 

	Job terminated of its own accord at 2025-01-28T15:58:19Z with exit-code 0.
...
