000 (268743.000.000) 2025-01-21 22:02:46 Job submitted from host: <192.168.0.102:9618?addrs=192.168.0.102-9618&alias=submitter&noUDP&sock=schedd_2032_5c88>
...
001 (268743.000.000) 2025-01-21 22:02:47 Job executing on host: <192.168.0.130:9618?addrs=192.168.0.130-9618&alias=node130.di.rm1&noUDP&sock=startd_2751195_838e>
...
006 (268743.000.000) 2025-01-21 22:02:56 Image size of job updated: 1342132
	689  -  MemoryUsage of job (MB)
	705012  -  ResidentSetSize of job (KB)
...
006 (268743.000.000) 2025-01-21 22:03:42 Image size of job updated: 5079360
	690  -  MemoryUsage of job (MB)
	706068  -  ResidentSetSize of job (KB)
...
004 (268743.000.000) 2025-01-21 22:03:42 Job was evicted.
	(0) CPU times
		Usr 0 00:00:52, Sys 0 00:00:01  -  Run Remote Usage
		Usr 0 00:00:00, Sys 0 00:00:00  -  Run Local Usage
	0  -  Run Bytes Sent By Job
	0  -  Run Bytes Received By Job
	Partitionable Resources :    Usage  Request Allocated 
	   Cpus                 :                 1         1 
	   Disk (KB)            :       27       27    472313 
	   Memory (MB)          :      690        1       128 
...
009 (268743.000.000) 2025-01-21 22:03:43 Job was aborted.
	via condor_rm (by user calzona_2046920)
...
000 (268895.000.000) 2025-01-21 22:10:23 Job submitted from host: <192.168.0.102:9618?addrs=192.168.0.102-9618&alias=submitter&noUDP&sock=schedd_2032_5c88>
...
001 (268895.000.000) 2025-01-21 22:10:25 Job executing on host: <192.168.0.151:9618?addrs=192.168.0.151-9618&alias=node151.di.rm1&noUDP&sock=startd_1528_a8cd>
...
006 (268895.000.000) 2025-01-21 22:10:35 Image size of job updated: 1539772
	805  -  MemoryUsage of job (MB)
	823680  -  ResidentSetSize of job (KB)
...
006 (268895.000.000) 2025-01-21 22:11:01 Image size of job updated: 2997208
	806  -  MemoryUsage of job (MB)
	825132  -  ResidentSetSize of job (KB)
...
004 (268895.000.000) 2025-01-21 22:11:01 Job was evicted.
	(0) CPU times
		Usr 0 00:00:32, Sys 0 00:00:01  -  Run Remote Usage
		Usr 0 00:00:00, Sys 0 00:00:00  -  Run Local Usage
	0  -  Run Bytes Sent By Job
	0  -  Run Bytes Received By Job
	Partitionable Resources :    Usage  Request Allocated 
	   Cpus                 :                 1         1 
	   Disk (KB)            :       27       27    474791 
	   Memory (MB)          :      806        1       128 
...
009 (268895.000.000) 2025-01-21 22:11:01 Job was aborted.
	via condor_rm (by user calzona_2046920)
...
000 (275227.000.000) 2025-01-24 02:03:23 Job submitted from host: <192.168.0.102:9618?addrs=192.168.0.102-9618&alias=submitter&noUDP&sock=schedd_2032_5c88>
...
001 (275227.000.000) 2025-01-24 02:03:23 Job executing on host: <192.168.0.147:9618?addrs=192.168.0.147-9618&alias=node147.di.rm1&noUDP&sock=startd_1513_5ee1>
...
006 (275227.000.000) 2025-01-24 02:03:32 Image size of job updated: 1411960
	819  -  MemoryUsage of job (MB)
	838464  -  ResidentSetSize of job (KB)
...
006 (275227.000.000) 2025-01-24 02:05:25 Image size of job updated: 11098640
	820  -  MemoryUsage of job (MB)
	839256  -  ResidentSetSize of job (KB)
...
004 (275227.000.000) 2025-01-24 02:05:25 Job was evicted.
	(0) CPU times
		Usr 0 00:01:56, Sys 0 00:00:04  -  Run Remote Usage
		Usr 0 00:00:00, Sys 0 00:00:00  -  Run Local Usage
	0  -  Run Bytes Sent By Job
	0  -  Run Bytes Received By Job
	Partitionable Resources :    Usage  Request Allocated 
	   Cpus                 :                 1         1 
	   Disk (KB)            :       27       27    469805 
	   Memory (MB)          :      820        1       128 
...
009 (275227.000.000) 2025-01-24 02:05:25 Job was aborted.
	via condor_rm (by user calzona_2046920)
...
