000 (271052.000.000) 2025-01-22 00:37:38 Job submitted from host: <192.168.0.102:9618?addrs=192.168.0.102-9618&alias=submitter&noUDP&sock=schedd_2032_5c88>
...
001 (271052.000.000) 2025-01-22 00:37:57 Job executing on host: <192.168.0.149:9618?addrs=192.168.0.149-9618&alias=node149.di.rm1&noUDP&sock=startd_1551_6f7a>
...
006 (271052.000.000) 2025-01-22 00:38:06 Image size of job updated: 457064
	446  -  MemoryUsage of job (MB)
	456456  -  ResidentSetSize of job (KB)
...
006 (271052.000.000) 2025-01-22 00:38:39 Image size of job updated: 2113624
	447  -  MemoryUsage of job (MB)
	456984  -  ResidentSetSize of job (KB)
...
004 (271052.000.000) 2025-01-22 00:38:39 Job was evicted.
	(0) CPU times
		Usr 0 00:00:41, Sys 0 00:00:00  -  Run Remote Usage
		Usr 0 00:00:00, Sys 0 00:00:00  -  Run Local Usage
	0  -  Run Bytes Sent By Job
	0  -  Run Bytes Received By Job
	Partitionable Resources :    Usage  Request Allocated 
	   Cpus                 :                 1         1 
	   Disk (KB)            :       27       27    471944 
	   Memory (MB)          :      447        1       128 
...
009 (271052.000.000) 2025-01-22 00:38:39 Job was aborted.
	via condor_rm (by user calzona_2046920)
...
000 (277206.000.000) 2025-01-24 06:04:28 Job submitted from host: <192.168.0.102:9618?addrs=192.168.0.102-9618&alias=submitter&noUDP&sock=schedd_2032_5c88>
...
001 (277206.000.000) 2025-01-24 06:04:29 Job executing on host: <192.168.0.151:9618?addrs=192.168.0.151-9618&alias=node151.di.rm1&noUDP&sock=startd_1528_a8cd>
...
006 (277206.000.000) 2025-01-24 06:04:38 Image size of job updated: 406048
	397  -  MemoryUsage of job (MB)
	405652  -  ResidentSetSize of job (KB)
...
006 (277206.000.000) 2025-01-24 06:06:30 Image size of job updated: 5988724
	397  -  MemoryUsage of job (MB)
	405652  -  ResidentSetSize of job (KB)
...
004 (277206.000.000) 2025-01-24 06:06:30 Job was evicted.
	(0) CPU times
		Usr 0 00:01:57, Sys 0 00:00:02  -  Run Remote Usage
		Usr 0 00:00:00, Sys 0 00:00:00  -  Run Local Usage
	0  -  Run Bytes Sent By Job
	0  -  Run Bytes Received By Job
	Partitionable Resources :    Usage  Request Allocated 
	   Cpus                 :                 1         1 
	   Disk (KB)            :       27       27    474791 
	   Memory (MB)          :      397        1       128 
...
009 (277206.000.000) 2025-01-24 06:06:30 Job was aborted.
	via condor_rm (by user calzona_2046920)
...
