000 (261967.000.000) 2025-01-16 18:00:53 Job submitted from host: <192.168.0.102:9618?addrs=192.168.0.102-9618&alias=submitter&noUDP&sock=schedd_2032_5c88>
...
001 (261967.000.000) 2025-01-16 18:00:58 Job executing on host: <192.168.0.122:9618?addrs=192.168.0.122-9618&alias=node122.di.rm1&noUDP&sock=startd_2134_5331>
...
006 (261967.000.000) 2025-01-16 18:01:07 Image size of job updated: 844008
	825  -  MemoryUsage of job (MB)
	844008  -  ResidentSetSize of job (KB)
...
006 (261967.000.000) 2025-01-16 18:05:43 Image size of job updated: 2181072
	825  -  MemoryUsage of job (MB)
	844140  -  ResidentSetSize of job (KB)
...
005 (261967.000.000) 2025-01-16 18:05:43 Job terminated.
	(1) Normal termination (return value 0)
		Usr 0 00:04:43, Sys 0 00:00:01  -  Run Remote Usage
		Usr 0 00:00:00, Sys 0 00:00:00  -  Run Local Usage
		Usr 0 00:04:43, Sys 0 00:00:01  -  Total Remote Usage
		Usr 0 00:00:00, Sys 0 00:00:00  -  Total Local Usage
	0  -  Run Bytes Sent By Job
	0  -  Run Bytes Received By Job
	0  -  Total Bytes Sent By Job
	0  -  Total Bytes Received By Job
	Partitionable Resources :    Usage  Request Allocated 
	   Cpus                 :     1.00        1         1 
	   Disk (KB)            :    27          27    499915 
	   Gpus (Average)       :                 0         0 
	   Memory (MB)          :   825           1       128 

	Job terminated of its own accord at 2025-01-16T18:05:43Z with exit-code 0.
...
