000 (264609.000.000) 2025-01-17 11:21:27 Job submitted from host: <192.168.0.102:9618?addrs=192.168.0.102-9618&alias=submitter&noUDP&sock=schedd_2032_5c88>
...
001 (264609.000.000) 2025-01-17 11:21:35 Job executing on host: <192.168.0.142:9618?addrs=192.168.0.142-9618&alias=node142.di.rm1&noUDP&sock=startd_1996_ab1f>
...
006 (264609.000.000) 2025-01-17 11:21:44 Image size of job updated: 199980
	196  -  MemoryUsage of job (MB)
	199980  -  ResidentSetSize of job (KB)
...
006 (264609.000.000) 2025-01-17 11:26:45 Image size of job updated: 10676820
	10427  -  MemoryUsage of job (MB)
	10676820  -  ResidentSetSize of job (KB)
...
006 (264609.000.000) 2025-01-17 11:31:46 Image size of job updated: 21123448
	20629  -  MemoryUsage of job (MB)
	21123448  -  ResidentSetSize of job (KB)
...
006 (264609.000.000) 2025-01-17 11:33:20 Image size of job updated: 24220692
	20631  -  MemoryUsage of job (MB)
	21125956  -  ResidentSetSize of job (KB)
...
004 (264609.000.000) 2025-01-17 11:33:20 Job was evicted.
	(0) CPU times
		Usr 0 00:10:39, Sys 0 00:00:20  -  Run Remote Usage
		Usr 0 00:00:00, Sys 0 00:00:00  -  Run Local Usage
	0  -  Run Bytes Sent By Job
	0  -  Run Bytes Received By Job
	Partitionable Resources :    Usage  Request Allocated 
	   Cpus                 :     0.94        1         1 
	   Disk (KB)            :    27          27    459874 
	   Memory (MB)          : 20631           1       128 
...
009 (264609.000.000) 2025-01-17 11:33:20 Job was aborted.
	via condor_rm (by user calzona_2046920)
...
