000 (279210.000.000) 2025-01-24 10:21:23 Job submitted from host: <192.168.0.102:9618?addrs=192.168.0.102-9618&alias=submitter&noUDP&sock=schedd_2032_5c88>
...
014 (279210.000.000) 2025-01-24 10:21:32 Node 0 executing on host: <192.168.0.148:9618?addrs=192.168.0.148-9618&alias=node148.di.rm1&noUDP&sock=startd_1547_b119>
...
014 (279210.000.001) 2025-01-24 10:21:32 Node 1 executing on host: <192.168.0.122:9618?addrs=192.168.0.122-9618&alias=node122.di.rm1&noUDP&sock=startd_2134_5331>
...
014 (279210.000.002) 2025-01-24 10:21:32 Node 2 executing on host: <192.168.0.123:9618?addrs=192.168.0.123-9618&alias=node123.di.rm1&noUDP&sock=startd_2149_9d1d>
...
014 (279210.000.004) 2025-01-24 10:21:32 Node 4 executing on host: <192.168.0.148:9618?addrs=192.168.0.148-9618&alias=node148.di.rm1&noUDP&sock=startd_1547_b119>
...
014 (279210.000.006) 2025-01-24 10:21:32 Node 6 executing on host: <192.168.0.122:9618?addrs=192.168.0.122-9618&alias=node122.di.rm1&noUDP&sock=startd_2134_5331>
...
014 (279210.000.007) 2025-01-24 10:21:32 Node 7 executing on host: <192.168.0.123:9618?addrs=192.168.0.123-9618&alias=node123.di.rm1&noUDP&sock=startd_2149_9d1d>
...
014 (279210.000.003) 2025-01-24 10:21:32 Node 3 executing on host: <192.168.0.109:9618?addrs=192.168.0.109-9618&alias=node109.di.rm1&noUDP&sock=startd_1627_90ad>
...
014 (279210.000.005) 2025-01-24 10:21:32 Node 5 executing on host: <192.168.0.143:9618?addrs=192.168.0.143-9618&alias=node143.di.rm1&noUDP&sock=startd_2061_40c7>
...
001 (279210.000.000) 2025-01-24 10:21:32 Job executing on host: MPI_job
...
008 (279210.000.000) 2025-01-24 10:21:34 Launching orted on Node 0 of 8
...
008 (279210.000.000) 2025-01-24 10:21:34 Launching orted on Node 1 of 8
...
008 (279210.000.000) 2025-01-24 10:21:34 Launching orted on Node 4 of 8
...
008 (279210.000.000) 2025-01-24 10:21:34 Launching orted on Node 6 of 8
...
008 (279210.000.000) 2025-01-24 10:21:34 Launching orted on Node 7 of 8
...
008 (279210.000.000) 2025-01-24 10:21:34 Launching orted on Node 2 of 8
...
008 (279210.000.000) 2025-01-24 10:21:34 Launching orted on Node 3 of 8
...
008 (279210.000.000) 2025-01-24 10:21:35 Launching orted on Node 5 of 8
...
008 (279210.000.000) 2025-01-24 10:21:48 orted exited on Node 2 of 8
...
008 (279210.000.000) 2025-01-24 10:21:48 orted exited on Node 3 of 8
...
008 (279210.000.000) 2025-01-24 10:21:48 orted exited on Node 7 of 8
...
008 (279210.000.000) 2025-01-24 10:21:48 orted exited on Node 1 of 8
...
008 (279210.000.000) 2025-01-24 10:21:48 orted exited on Node 6 of 8
...
008 (279210.000.000) 2025-01-24 10:21:48 orted exited on Node 5 of 8
...
008 (279210.000.000) 2025-01-24 10:21:48 orted exited on Node 4 of 8
...
008 (279210.000.000) 2025-01-24 10:21:48 orted exited on Node 0 of 8
...
015 (279210.000.001) 2025-01-24 10:21:48 Node 1 terminated.
	(1) Normal termination (return value 0)
		Usr 0 00:00:11, Sys 0 00:00:00  -  Run Remote Usage
		Usr 0 00:00:00, Sys 0 00:00:00  -  Run Local Usage
		Usr 0 00:00:11, Sys 0 00:00:00  -  Total Remote Usage
		Usr 0 00:00:00, Sys 0 00:00:00  -  Total Local Usage
	2187  -  Run Bytes Sent By Node
	33639  -  Run Bytes Received By Node
	2187  -  Total Bytes Sent By Node
	33639  -  Total Bytes Received By Node
...
015 (279210.000.002) 2025-01-24 10:21:48 Node 2 terminated.
	(1) Normal termination (return value 0)
		Usr 0 00:00:11, Sys 0 00:00:00  -  Run Remote Usage
		Usr 0 00:00:00, Sys 0 00:00:00  -  Run Local Usage
		Usr 0 00:00:11, Sys 0 00:00:00  -  Total Remote Usage
		Usr 0 00:00:00, Sys 0 00:00:00  -  Total Local Usage
	2187  -  Run Bytes Sent By Node
	33639  -  Run Bytes Received By Node
	2187  -  Total Bytes Sent By Node
	33639  -  Total Bytes Received By Node
...
015 (279210.000.007) 2025-01-24 10:21:48 Node 7 terminated.
	(1) Normal termination (return value 0)
		Usr 0 00:00:12, Sys 0 00:00:01  -  Run Remote Usage
		Usr 0 00:00:00, Sys 0 00:00:00  -  Run Local Usage
		Usr 0 00:00:12, Sys 0 00:00:01  -  Total Remote Usage
		Usr 0 00:00:00, Sys 0 00:00:00  -  Total Local Usage
	2187  -  Run Bytes Sent By Node
	33639  -  Run Bytes Received By Node
	2187  -  Total Bytes Sent By Node
	33639  -  Total Bytes Received By Node
...
015 (279210.000.004) 2025-01-24 10:21:48 Node 4 terminated.
	(1) Normal termination (return value 0)
		Usr 0 00:00:12, Sys 0 00:00:00  -  Run Remote Usage
		Usr 0 00:00:00, Sys 0 00:00:00  -  Run Local Usage
		Usr 0 00:00:12, Sys 0 00:00:00  -  Total Remote Usage
		Usr 0 00:00:00, Sys 0 00:00:00  -  Total Local Usage
	0  -  Run Bytes Sent By Node
	33639  -  Run Bytes Received By Node
	0  -  Total Bytes Sent By Node
	33639  -  Total Bytes Received By Node
...
015 (279210.000.000) 2025-01-24 10:21:48 Node 0 terminated.
	(1) Normal termination (return value 0)
		Usr 0 00:00:05, Sys 0 00:00:00  -  Run Remote Usage
		Usr 0 00:00:00, Sys 0 00:00:00  -  Run Local Usage
		Usr 0 00:00:05, Sys 0 00:00:00  -  Total Remote Usage
		Usr 0 00:00:00, Sys 0 00:00:00  -  Total Local Usage
	3730  -  Run Bytes Sent By Node
	33639  -  Run Bytes Received By Node
	3730  -  Total Bytes Sent By Node
	33639  -  Total Bytes Received By Node
...
005 (279210.000.000) 2025-01-24 10:21:48 Job terminated.
	(1) Normal termination (return value 0)
		Usr 0 00:01:27, Sys 0 00:00:03  -  Run Remote Usage
		Usr 0 00:00:00, Sys 0 00:00:00  -  Run Local Usage
		Usr 0 00:00:05, Sys 0 00:00:00  -  Total Remote Usage
		Usr 0 00:00:00, Sys 0 00:00:00  -  Total Local Usage
	10291  -  Run Bytes Sent By Job
	269112  -  Run Bytes Received By Job
	10291  -  Total Bytes Sent By Job
	269112  -  Total Bytes Received By Job
	Partitionable Resources :    Usage  Request Allocated 
	   Cpus                 :     0.01        1         1 
	   Disk (KB)            :    56          35    467548 
	   Memory (MB)          :   274           0     20480 

	Job terminated of its own accord at 2025-01-24T10:21:48Z with exit-code 0.
...
