000 (280933.000.000) 2025-01-25 18:20:06 Job submitted from host: <192.168.0.102:9618?addrs=192.168.0.102-9618&alias=submitter&noUDP&sock=schedd_2032_5c88>
...
014 (280933.000.000) 2025-01-25 18:20:13 Node 0 executing on host: <192.168.0.109:9618?addrs=192.168.0.109-9618&alias=node109.di.rm1&noUDP&sock=startd_1627_90ad>
...
014 (280933.000.001) 2025-01-25 18:20:13 Node 1 executing on host: <192.168.0.149:9618?addrs=192.168.0.149-9618&alias=node149.di.rm1&noUDP&sock=startd_1551_6f7a>
...
014 (280933.000.002) 2025-01-25 18:20:13 Node 2 executing on host: <192.168.0.149:9618?addrs=192.168.0.149-9618&alias=node149.di.rm1&noUDP&sock=startd_1551_6f7a>
...
014 (280933.000.003) 2025-01-25 18:20:13 Node 3 executing on host: <192.168.0.121:9618?addrs=192.168.0.121-9618&alias=node121.di.rm1&noUDP&sock=startd_2146_8e54>
...
001 (280933.000.000) 2025-01-25 18:20:13 Job executing on host: MPI_job
...
008 (280933.000.000) 2025-01-25 18:20:15 Launching orted on Node 0 of 4
...
008 (280933.000.000) 2025-01-25 18:20:15 Launching orted on Node 3 of 4
...
008 (280933.000.000) 2025-01-25 18:20:16 Launching orted on Node 2 of 4
...
008 (280933.000.000) 2025-01-25 18:20:16 Launching orted on Node 1 of 4
...
008 (280933.000.000) 2025-01-25 18:20:16 orted exited on Node 2 of 4
...
008 (280933.000.000) 2025-01-25 18:20:16 orted exited on Node 3 of 4
...
008 (280933.000.000) 2025-01-25 18:20:16 orted exited on Node 1 of 4
...
008 (280933.000.000) 2025-01-25 18:20:16 orted exited on Node 0 of 4
...
015 (280933.000.003) 2025-01-25 18:20:16 Node 3 terminated.
	(1) Normal termination (return value 0)
		Usr 0 00:00:00, Sys 0 00:00:01  -  Run Remote Usage
		Usr 0 00:00:00, Sys 0 00:00:00  -  Run Local Usage
		Usr 0 00:00:00, Sys 0 00:00:01  -  Total Remote Usage
		Usr 0 00:00:00, Sys 0 00:00:00  -  Total Local Usage
	2165  -  Run Bytes Sent By Node
	33639  -  Run Bytes Received By Node
	2165  -  Total Bytes Sent By Node
	33639  -  Total Bytes Received By Node
...
015 (280933.000.000) 2025-01-25 18:20:16 Node 0 terminated.
	(1) Normal termination (return value 0)
		Usr 0 00:00:00, Sys 0 00:00:00  -  Run Remote Usage
		Usr 0 00:00:00, Sys 0 00:00:00  -  Run Local Usage
		Usr 0 00:00:00, Sys 0 00:00:00  -  Total Remote Usage
		Usr 0 00:00:00, Sys 0 00:00:00  -  Total Local Usage
	3262  -  Run Bytes Sent By Node
	33639  -  Run Bytes Received By Node
	3262  -  Total Bytes Sent By Node
	33639  -  Total Bytes Received By Node
...
005 (280933.000.000) 2025-01-25 18:20:16 Job terminated.
	(1) Normal termination (return value 0)
		Usr 0 00:00:01, Sys 0 00:00:01  -  Run Remote Usage
		Usr 0 00:00:00, Sys 0 00:00:00  -  Run Local Usage
		Usr 0 00:00:00, Sys 0 00:00:00  -  Total Remote Usage
		Usr 0 00:00:00, Sys 0 00:00:00  -  Total Local Usage
	5427  -  Run Bytes Sent By Job
	134556  -  Run Bytes Received By Job
	5427  -  Total Bytes Sent By Job
	134556  -  Total Bytes Received By Job
	Partitionable Resources :    Usage  Request Allocated 
	   Cpus                 :                 1         1 
	   Disk (KB)            :       49       35    468160 
	   Memory (MB)          :        1        1     40960 

	Job terminated of its own accord at 2025-01-25T18:20:16Z with exit-code 0.
...
000 (288138.000.000) 2025-01-28 18:44:16 Job submitted from host: <192.168.0.102:9618?addrs=192.168.0.102-9618&alias=submitter&noUDP&sock=schedd_2032_5c88>
...
014 (288138.000.001) 2025-01-28 18:44:23 Node 1 executing on host: <192.168.0.130:9618?addrs=192.168.0.130-9618&alias=node130.di.rm1&noUDP&sock=startd_2751195_838e>
...
014 (288138.000.002) 2025-01-28 18:44:23 Node 2 executing on host: <192.168.0.130:9618?addrs=192.168.0.130-9618&alias=node130.di.rm1&noUDP&sock=startd_2751195_838e>
...
014 (288138.000.003) 2025-01-28 18:44:23 Node 3 executing on host: <192.168.0.137:9618?addrs=192.168.0.137-9618&alias=node137.di.rm1&noUDP&sock=startd_1934_2440>
...
014 (288138.000.000) 2025-01-28 18:44:23 Node 0 executing on host: <192.168.0.135:9618?addrs=192.168.0.135-9618&alias=node135.di.rm1&noUDP&sock=startd_2000_6980>
...
001 (288138.000.000) 2025-01-28 18:44:23 Job executing on host: MPI_job
...
008 (288138.000.000) 2025-01-28 18:44:25 Launching orted on Node 2 of 4
...
008 (288138.000.000) 2025-01-28 18:44:25 Launching orted on Node 1 of 4
...
008 (288138.000.000) 2025-01-28 18:44:25 Launching orted on Node 3 of 4
...
008 (288138.000.000) 2025-01-28 18:44:25 Launching orted on Node 0 of 4
...
008 (288138.000.000) 2025-01-28 18:44:26 orted exited on Node 0 of 4
...
008 (288138.000.000) 2025-01-28 18:44:26 orted exited on Node 1 of 4
...
008 (288138.000.000) 2025-01-28 18:44:26 orted exited on Node 2 of 4
...
008 (288138.000.000) 2025-01-28 18:44:26 orted exited on Node 3 of 4
...
015 (288138.000.003) 2025-01-28 18:44:26 Node 3 terminated.
	(1) Normal termination (return value 0)
		Usr 0 00:00:01, Sys 0 00:00:00  -  Run Remote Usage
		Usr 0 00:00:00, Sys 0 00:00:00  -  Run Local Usage
		Usr 0 00:00:01, Sys 0 00:00:00  -  Total Remote Usage
		Usr 0 00:00:00, Sys 0 00:00:00  -  Total Local Usage
	2165  -  Run Bytes Sent By Node
	33631  -  Run Bytes Received By Node
	2165  -  Total Bytes Sent By Node
	33631  -  Total Bytes Received By Node
...
015 (288138.000.001) 2025-01-28 18:44:26 Node 1 terminated.
	(1) Normal termination (return value 0)
		Usr 0 00:00:00, Sys 0 00:00:00  -  Run Remote Usage
		Usr 0 00:00:00, Sys 0 00:00:00  -  Run Local Usage
		Usr 0 00:00:00, Sys 0 00:00:00  -  Total Remote Usage
		Usr 0 00:00:00, Sys 0 00:00:00  -  Total Local Usage
	2165  -  Run Bytes Sent By Node
	33631  -  Run Bytes Received By Node
	2165  -  Total Bytes Sent By Node
	33631  -  Total Bytes Received By Node
...
015 (288138.000.002) 2025-01-28 18:44:26 Node 2 terminated.
	(1) Normal termination (return value 0)
		Usr 0 00:00:00, Sys 0 00:00:00  -  Run Remote Usage
		Usr 0 00:00:00, Sys 0 00:00:00  -  Run Local Usage
		Usr 0 00:00:00, Sys 0 00:00:00  -  Total Remote Usage
		Usr 0 00:00:00, Sys 0 00:00:00  -  Total Local Usage
	2165  -  Run Bytes Sent By Node
	33631  -  Run Bytes Received By Node
	2165  -  Total Bytes Sent By Node
	33631  -  Total Bytes Received By Node
...
015 (288138.000.000) 2025-01-28 18:44:26 Node 0 terminated.
	(1) Normal termination (return value 0)
		Usr 0 00:00:01, Sys 0 00:00:00  -  Run Remote Usage
		Usr 0 00:00:00, Sys 0 00:00:00  -  Run Local Usage
		Usr 0 00:00:01, Sys 0 00:00:00  -  Total Remote Usage
		Usr 0 00:00:00, Sys 0 00:00:00  -  Total Local Usage
	3262  -  Run Bytes Sent By Node
	33631  -  Run Bytes Received By Node
	3262  -  Total Bytes Sent By Node
	33631  -  Total Bytes Received By Node
...
005 (288138.000.000) 2025-01-28 18:44:26 Job terminated.
	(1) Normal termination (return value 0)
		Usr 0 00:00:02, Sys 0 00:00:00  -  Run Remote Usage
		Usr 0 00:00:00, Sys 0 00:00:00  -  Run Local Usage
		Usr 0 00:00:01, Sys 0 00:00:00  -  Total Remote Usage
		Usr 0 00:00:00, Sys 0 00:00:00  -  Total Local Usage
	9757  -  Run Bytes Sent By Job
	134524  -  Run Bytes Received By Job
	9757  -  Total Bytes Sent By Job
	134524  -  Total Bytes Received By Job
	Partitionable Resources :    Usage  Request Allocated 
	   Cpus                 :                 1         2 
	   Disk (KB)            :       51       35 102650546 
	   Memory (MB)          :        0        0    100096 

	Job terminated of its own accord at 2025-01-28T18:44:26Z with exit-code 0.
...
