000 (265043.000.000) 2025-01-17 11:21:43 Job submitted from host: <192.168.0.102:9618?addrs=192.168.0.102-9618&alias=submitter&noUDP&sock=schedd_2032_5c88>
...
001 (265043.000.000) 2025-01-17 11:21:47 Job executing on host: <192.168.0.113:9618?addrs=192.168.0.113-9618&alias=node113.di.rm1&noUDP&sock=startd_3668932_c305>
...
006 (265043.000.000) 2025-01-17 11:21:57 Image size of job updated: 1411112
	352  -  MemoryUsage of job (MB)
	360096  -  ResidentSetSize of job (KB)
...
006 (265043.000.000) 2025-01-17 11:28:46 Image size of job updated: 8316252
	6823  -  MemoryUsage of job (MB)
	6986208  -  ResidentSetSize of job (KB)
...
006 (265043.000.000) 2025-01-17 11:33:51 Image size of job updated: 9018712
	7504  -  MemoryUsage of job (MB)
	7683880  -  ResidentSetSize of job (KB)
...
006 (265043.000.000) 2025-01-17 11:33:57 Image size of job updated: 9018712
	7546  -  MemoryUsage of job (MB)
	7726648  -  ResidentSetSize of job (KB)
...
004 (265043.000.000) 2025-01-17 11:33:57 Job was evicted.
	(0) CPU times
		Usr 0 00:03:37, Sys 0 00:02:22  -  Run Remote Usage
		Usr 0 00:00:00, Sys 0 00:00:00  -  Run Local Usage
	0  -  Run Bytes Sent By Job
	0  -  Run Bytes Received By Job
	Partitionable Resources :    Usage  Request Allocated 
	   Cpus                 :     0.42        1         1 
	   Disk (KB)            :    27          27    459754 
	   Gpus (Average)       :                 0         0 
	   Memory (MB)          :  7546           1       128 
...
009 (265043.000.000) 2025-01-17 11:33:57 Job was aborted.
	via condor_rm (by user calzona_2046920)
...
