000 (262924.000.000) 2025-01-17 11:14:24 Job submitted from host: <192.168.0.102:9618?addrs=192.168.0.102-9618&alias=submitter&noUDP&sock=schedd_2032_5c88>
...
001 (262924.000.000) 2025-01-17 11:14:35 Job executing on host: <192.168.0.110:9618?addrs=192.168.0.110-9618&alias=node110.di.rm1&noUDP&sock=startd_2185_4e86>
...
006 (262924.000.000) 2025-01-17 11:14:43 Image size of job updated: 1798280
	729  -  MemoryUsage of job (MB)
	745536  -  ResidentSetSize of job (KB)
...
006 (262924.000.000) 2025-01-17 11:19:43 Image size of job updated: 29369492
	27185  -  MemoryUsage of job (MB)
	27837404  -  ResidentSetSize of job (KB)
...
006 (262924.000.000) 2025-01-17 11:20:13 Image size of job updated: 31916072
	27186  -  MemoryUsage of job (MB)
	27837536  -  ResidentSetSize of job (KB)
...
004 (262924.000.000) 2025-01-17 11:20:13 Job was evicted.
	(0) CPU times
		Usr 0 00:05:24, Sys 0 00:00:13  -  Run Remote Usage
		Usr 0 00:00:00, Sys 0 00:00:00  -  Run Local Usage
	0  -  Run Bytes Sent By Job
	0  -  Run Bytes Received By Job
	Partitionable Resources :    Usage  Request Allocated 
	   Cpus                 :     1.00        1         1 
	   Disk (KB)            :    27          27    468087 
	   Gpus (Average)       :                 0         0 
	   Memory (MB)          : 27186           1       128 
...
009 (262924.000.000) 2025-01-17 11:20:13 Job was aborted.
	via condor_rm (by user calzona_2046920)
...
