000 (280877.000.000) 2025-01-25 18:09:02 Job submitted from host: <192.168.0.102:9618?addrs=192.168.0.102-9618&alias=submitter&noUDP&sock=schedd_2032_5c88>
...
014 (280877.000.001) 2025-01-25 18:09:06 Node 1 executing on host: <192.168.0.146:9618?addrs=192.168.0.146-9618&alias=node146.di.rm1&noUDP&sock=startd_1984_6ffc>
...
014 (280877.000.002) 2025-01-25 18:09:06 Node 2 executing on host: <192.168.0.111:9618?addrs=192.168.0.111-9618&alias=node111.di.rm1&noUDP&sock=startd_2044_97ab>
...
014 (280877.000.000) 2025-01-25 18:09:06 Node 0 executing on host: <192.168.0.121:9618?addrs=192.168.0.121-9618&alias=node121.di.rm1&noUDP&sock=startd_2146_8e54>
...
014 (280877.000.003) 2025-01-25 18:09:06 Node 3 executing on host: <192.168.0.112:9618?addrs=192.168.0.112-9618&alias=node112.di.rm1&noUDP&sock=startd_2169_5502>
...
001 (280877.000.000) 2025-01-25 18:09:06 Job executing on host: MPI_job
...
008 (280877.000.000) 2025-01-25 18:09:08 Launching orted on Node 1 of 4
...
008 (280877.000.000) 2025-01-25 18:09:08 Launching orted on Node 2 of 4
...
008 (280877.000.000) 2025-01-25 18:09:08 Launching orted on Node 0 of 4
...
008 (280877.000.000) 2025-01-25 18:09:08 Launching orted on Node 3 of 4
...
008 (280877.000.000) 2025-01-25 18:09:10 orted exited on Node 3 of 4
...
008 (280877.000.000) 2025-01-25 18:09:10 orted exited on Node 1 of 4
...
008 (280877.000.000) 2025-01-25 18:09:10 orted exited on Node 2 of 4
...
008 (280877.000.000) 2025-01-25 18:09:10 orted exited on Node 0 of 4
...
015 (280877.000.001) 2025-01-25 18:09:10 Node 1 terminated.
	(1) Normal termination (return value 0)
		Usr 0 00:00:01, Sys 0 00:00:00  -  Run Remote Usage
		Usr 0 00:00:00, Sys 0 00:00:00  -  Run Local Usage
		Usr 0 00:00:01, Sys 0 00:00:00  -  Total Remote Usage
		Usr 0 00:00:00, Sys 0 00:00:00  -  Total Local Usage
	2165  -  Run Bytes Sent By Node
	33639  -  Run Bytes Received By Node
	2165  -  Total Bytes Sent By Node
	33639  -  Total Bytes Received By Node
...
015 (280877.000.000) 2025-01-25 18:09:10 Node 0 terminated.
	(1) Normal termination (return value 0)
		Usr 0 00:00:00, Sys 0 00:00:00  -  Run Remote Usage
		Usr 0 00:00:00, Sys 0 00:00:00  -  Run Local Usage
		Usr 0 00:00:00, Sys 0 00:00:00  -  Total Remote Usage
		Usr 0 00:00:00, Sys 0 00:00:00  -  Total Local Usage
	3257  -  Run Bytes Sent By Node
	33639  -  Run Bytes Received By Node
	3257  -  Total Bytes Sent By Node
	33639  -  Total Bytes Received By Node
...
005 (280877.000.000) 2025-01-25 18:09:10 Job terminated.
	(1) Normal termination (return value 0)
		Usr 0 00:00:04, Sys 0 00:00:01  -  Run Remote Usage
		Usr 0 00:00:00, Sys 0 00:00:00  -  Run Local Usage
		Usr 0 00:00:00, Sys 0 00:00:00  -  Total Remote Usage
		Usr 0 00:00:00, Sys 0 00:00:00  -  Total Local Usage
	9796  -  Run Bytes Sent By Job
	134556  -  Run Bytes Received By Job
	9796  -  Total Bytes Sent By Job
	134556  -  Total Bytes Received By Job
	Partitionable Resources :    Usage  Request Allocated 
	   Cpus                 :                 1         2 
	   Disk (KB)            :       50       35 102790918 
	   Memory (MB)          :        0        0    100096 

	Job terminated of its own accord at 2025-01-25T18:09:10Z with exit-code 0.
...
000 (288081.000.000) 2025-01-28 18:32:40 Job submitted from host: <192.168.0.102:9618?addrs=192.168.0.102-9618&alias=submitter&noUDP&sock=schedd_2032_5c88>
...
014 (288081.000.001) 2025-01-28 18:32:43 Node 1 executing on host: <192.168.0.137:9618?addrs=192.168.0.137-9618&alias=node137.di.rm1&noUDP&sock=startd_1934_2440>
...
014 (288081.000.000) 2025-01-28 18:32:43 Node 0 executing on host: <192.168.0.151:9618?addrs=192.168.0.151-9618&alias=node151.di.rm1&noUDP&sock=startd_1528_a8cd>
...
014 (288081.000.003) 2025-01-28 18:32:43 Node 3 executing on host: <192.168.0.108:9618?addrs=192.168.0.108-9618&alias=node108.di.rm1&noUDP&sock=startd_1979_0203>
...
014 (288081.000.002) 2025-01-28 18:32:43 Node 2 executing on host: <192.168.0.141:9618?addrs=192.168.0.141-9618&alias=node141.di.rm1&noUDP&sock=startd_2077_3a4b>
...
001 (288081.000.000) 2025-01-28 18:32:43 Job executing on host: MPI_job
...
008 (288081.000.000) 2025-01-28 18:32:45 Launching orted on Node 1 of 4
...
008 (288081.000.000) 2025-01-28 18:32:45 Launching orted on Node 0 of 4
...
008 (288081.000.000) 2025-01-28 18:32:45 Launching orted on Node 3 of 4
...
008 (288081.000.000) 2025-01-28 18:32:46 Launching orted on Node 2 of 4
...
008 (288081.000.000) 2025-01-28 18:32:47 orted exited on Node 1 of 4
...
008 (288081.000.000) 2025-01-28 18:32:47 orted exited on Node 0 of 4
...
008 (288081.000.000) 2025-01-28 18:32:47 orted exited on Node 2 of 4
...
008 (288081.000.000) 2025-01-28 18:32:47 orted exited on Node 3 of 4
...
015 (288081.000.000) 2025-01-28 18:32:48 Node 0 terminated.
	(1) Normal termination (return value 0)
		Usr 0 00:00:00, Sys 0 00:00:00  -  Run Remote Usage
		Usr 0 00:00:00, Sys 0 00:00:00  -  Run Local Usage
		Usr 0 00:00:00, Sys 0 00:00:00  -  Total Remote Usage
		Usr 0 00:00:00, Sys 0 00:00:00  -  Total Local Usage
	3263  -  Run Bytes Sent By Node
	33631  -  Run Bytes Received By Node
	3263  -  Total Bytes Sent By Node
	33631  -  Total Bytes Received By Node
...
005 (288081.000.000) 2025-01-28 18:32:48 Job terminated.
	(1) Normal termination (return value 0)
		Usr 0 00:00:04, Sys 0 00:00:00  -  Run Remote Usage
		Usr 0 00:00:00, Sys 0 00:00:00  -  Run Local Usage
		Usr 0 00:00:00, Sys 0 00:00:00  -  Total Remote Usage
		Usr 0 00:00:00, Sys 0 00:00:00  -  Total Local Usage
	3263  -  Run Bytes Sent By Job
	134524  -  Run Bytes Received By Job
	3263  -  Total Bytes Sent By Job
	134524  -  Total Bytes Received By Job
	Partitionable Resources :    Usage  Request Allocated 
	   Cpus                 :                 1         2 
	   Disk (KB)            :       51       35 103029645 
	   Memory (MB)          :        0        1    100096 

	Job terminated of its own accord at 2025-01-28T18:32:47Z with exit-code 0.
...
