000 (262108.000.000) 2025-01-16 18:01:01 Job submitted from host: <192.168.0.102:9618?addrs=192.168.0.102-9618&alias=submitter&noUDP&sock=schedd_2032_5c88>
...
001 (262108.000.000) 2025-01-16 18:01:12 Job executing on host: <192.168.0.134:9618?addrs=192.168.0.134-9618&alias=node134.di.rm1&noUDP&sock=startd_2073_7bea>
...
006 (262108.000.000) 2025-01-16 18:01:21 Image size of job updated: 473484
	463  -  MemoryUsage of job (MB)
	473484  -  ResidentSetSize of job (KB)
...
006 (262108.000.000) 2025-01-16 18:06:22 Image size of job updated: 637876
	607  -  MemoryUsage of job (MB)
	621056  -  ResidentSetSize of job (KB)
...
004 (262108.000.000) 2025-01-16 18:16:24 Job was evicted.
	(0) CPU times
		Usr 0 01:00:08, Sys 0 00:00:02  -  Run Remote Usage
		Usr 0 00:00:00, Sys 0 00:00:00  -  Run Local Usage
	0  -  Run Bytes Sent By Job
	0  -  Run Bytes Received By Job
	Partitionable Resources :    Usage  Request Allocated 
	   Cpus                 :     4.00        1         1 
	   Disk (KB)            :    27          27    474253 
	   Memory (MB)          :   607           1       128 
...
009 (262108.000.000) 2025-01-16 18:16:24 Job was aborted.
	via condor_rm (by user calzona_2046920)
...
