000 (273776.000.000) 2025-01-23 11:19:42 Job submitted from host: <192.168.0.102:9618?addrs=192.168.0.102-9618&alias=submitter&noUDP&sock=schedd_2032_5c88>
...
014 (273776.000.000) 2025-01-23 11:19:50 Node 0 executing on host: <192.168.0.137:9618?addrs=192.168.0.137-9618&alias=node137.di.rm1&noUDP&sock=startd_1934_2440>
...
014 (273776.000.002) 2025-01-23 11:19:50 Node 2 executing on host: <192.168.0.141:9618?addrs=192.168.0.141-9618&alias=node141.di.rm1&noUDP&sock=startd_2077_3a4b>
...
014 (273776.000.003) 2025-01-23 11:19:50 Node 3 executing on host: <192.168.0.141:9618?addrs=192.168.0.141-9618&alias=node141.di.rm1&noUDP&sock=startd_2077_3a4b>
...
014 (273776.000.001) 2025-01-23 11:19:50 Node 1 executing on host: <192.168.0.111:9618?addrs=192.168.0.111-9618&alias=node111.di.rm1&noUDP&sock=startd_2044_97ab>
...
001 (273776.000.000) 2025-01-23 11:19:50 Job executing on host: MPI_job
...
008 (273776.000.000) 2025-01-23 11:19:52 Launching orted on Node 2 of 4
...
008 (273776.000.000) 2025-01-23 11:19:52 Launching orted on Node 3 of 4
...
008 (273776.000.000) 2025-01-23 11:19:52 Launching orted on Node 0 of 4
...
008 (273776.000.000) 2025-01-23 11:19:52 Launching orted on Node 1 of 4
...
008 (273776.000.000) 2025-01-23 11:19:53 orted exited on Node 0 of 4
...
008 (273776.000.000) 2025-01-23 11:19:53 orted exited on Node 2 of 4
...
008 (273776.000.000) 2025-01-23 11:19:53 orted exited on Node 3 of 4
...
008 (273776.000.000) 2025-01-23 11:19:53 orted exited on Node 1 of 4
...
015 (273776.000.000) 2025-01-23 11:19:53 Node 0 terminated.
	(1) Normal termination (return value 0)
		Usr 0 00:00:01, Sys 0 00:00:00  -  Run Remote Usage
		Usr 0 00:00:00, Sys 0 00:00:00  -  Run Local Usage
		Usr 0 00:00:01, Sys 0 00:00:00  -  Total Remote Usage
		Usr 0 00:00:00, Sys 0 00:00:00  -  Total Local Usage
	3263  -  Run Bytes Sent By Node
	33639  -  Run Bytes Received By Node
	3263  -  Total Bytes Sent By Node
	33639  -  Total Bytes Received By Node
...
005 (273776.000.000) 2025-01-23 11:19:53 Job terminated.
	(1) Normal termination (return value 0)
		Usr 0 00:00:01, Sys 0 00:00:00  -  Run Remote Usage
		Usr 0 00:00:00, Sys 0 00:00:00  -  Run Local Usage
		Usr 0 00:00:01, Sys 0 00:00:00  -  Total Remote Usage
		Usr 0 00:00:00, Sys 0 00:00:00  -  Total Local Usage
	7593  -  Run Bytes Sent By Job
	134556  -  Run Bytes Received By Job
	7593  -  Total Bytes Sent By Job
	134556  -  Total Bytes Received By Job
	Partitionable Resources :    Usage  Request Allocated 
	   Cpus                 :                 1         2 
	   Disk (KB)            :       49       35 102846057 
	   Memory (MB)          :        0        0    100096 

	Job terminated of its own accord at 2025-01-23T11:19:53Z with exit-code 0.
...
000 (278522.000.000) 2025-01-24 09:04:33 Job submitted from host: <192.168.0.102:9618?addrs=192.168.0.102-9618&alias=submitter&noUDP&sock=schedd_2032_5c88>
...
014 (278522.000.000) 2025-01-24 09:04:41 Node 0 executing on host: <192.168.0.115:9618?addrs=192.168.0.115-9618&alias=node115.di.rm1&noUDP&sock=startd_1101621_f4a0>
...
014 (278522.000.001) 2025-01-24 09:04:41 Node 1 executing on host: <192.168.0.135:9618?addrs=192.168.0.135-9618&alias=node135.di.rm1&noUDP&sock=startd_2000_6980>
...
014 (278522.000.002) 2025-01-24 09:04:41 Node 2 executing on host: <192.168.0.110:9618?addrs=192.168.0.110-9618&alias=node110.di.rm1&noUDP&sock=startd_2185_4e86>
...
014 (278522.000.003) 2025-01-24 09:04:41 Node 3 executing on host: <192.168.0.135:9618?addrs=192.168.0.135-9618&alias=node135.di.rm1&noUDP&sock=startd_2000_6980>
...
001 (278522.000.000) 2025-01-24 09:04:41 Job executing on host: MPI_job
...
008 (278522.000.000) 2025-01-24 09:04:43 Launching orted on Node 0 of 4
...
008 (278522.000.000) 2025-01-24 09:04:43 Launching orted on Node 1 of 4
...
008 (278522.000.000) 2025-01-24 09:04:43 Launching orted on Node 3 of 4
...
008 (278522.000.000) 2025-01-24 09:04:43 Launching orted on Node 2 of 4
...
008 (278522.000.000) 2025-01-24 09:04:44 orted exited on Node 1 of 4
...
008 (278522.000.000) 2025-01-24 09:04:44 orted exited on Node 0 of 4
...
008 (278522.000.000) 2025-01-24 09:04:44 orted exited on Node 3 of 4
...
008 (278522.000.000) 2025-01-24 09:04:44 orted exited on Node 2 of 4
...
015 (278522.000.000) 2025-01-24 09:04:44 Node 0 terminated.
	(1) Normal termination (return value 0)
		Usr 0 00:00:00, Sys 0 00:00:01  -  Run Remote Usage
		Usr 0 00:00:00, Sys 0 00:00:00  -  Run Local Usage
		Usr 0 00:00:00, Sys 0 00:00:01  -  Total Remote Usage
		Usr 0 00:00:00, Sys 0 00:00:00  -  Total Local Usage
	3263  -  Run Bytes Sent By Node
	33639  -  Run Bytes Received By Node
	3263  -  Total Bytes Sent By Node
	33639  -  Total Bytes Received By Node
...
005 (278522.000.000) 2025-01-24 09:04:44 Job terminated.
	(1) Normal termination (return value 0)
		Usr 0 00:00:01, Sys 0 00:00:01  -  Run Remote Usage
		Usr 0 00:00:00, Sys 0 00:00:00  -  Run Local Usage
		Usr 0 00:00:00, Sys 0 00:00:01  -  Total Remote Usage
		Usr 0 00:00:00, Sys 0 00:00:00  -  Total Local Usage
	3263  -  Run Bytes Sent By Job
	134556  -  Run Bytes Received By Job
	3263  -  Total Bytes Sent By Job
	134556  -  Total Bytes Received By Job
	Partitionable Resources :    Usage  Request Allocated 
	   Cpus                 :                 1         2 
	   Disk (KB)            :       49       35 103010115 
	   Memory (MB)          :        1        0    100096 

	Job terminated of its own accord at 2025-01-24T09:04:44Z with exit-code 0.
...
000 (286794.000.000) 2025-01-28 15:59:24 Job submitted from host: <192.168.0.102:9618?addrs=192.168.0.102-9618&alias=submitter&noUDP&sock=schedd_2032_5c88>
...
014 (286794.000.001) 2025-01-28 15:59:38 Node 1 executing on host: <192.168.0.135:9618?addrs=192.168.0.135-9618&alias=node135.di.rm1&noUDP&sock=startd_2000_6980>
...
014 (286794.000.000) 2025-01-28 15:59:38 Node 0 executing on host: <192.168.0.120:9618?addrs=192.168.0.120-9618&alias=node120.di.rm1&noUDP&sock=startd_2096_4298>
...
014 (286794.000.002) 2025-01-28 15:59:38 Node 2 executing on host: <192.168.0.130:9618?addrs=192.168.0.130-9618&alias=node130.di.rm1&noUDP&sock=startd_2751195_838e>
...
014 (286794.000.003) 2025-01-28 15:59:38 Node 3 executing on host: <192.168.0.106:9618?addrs=192.168.0.106-9618&alias=node106.di.rm1&noUDP&sock=startd_1970_d5a9>
...
001 (286794.000.000) 2025-01-28 15:59:38 Job executing on host: MPI_job
...
008 (286794.000.000) 2025-01-28 15:59:40 Launching orted on Node 1 of 4
...
008 (286794.000.000) 2025-01-28 15:59:40 Launching orted on Node 0 of 4
...
008 (286794.000.000) 2025-01-28 15:59:40 Launching orted on Node 2 of 4
...
008 (286794.000.000) 2025-01-28 15:59:40 Launching orted on Node 3 of 4
...
008 (286794.000.000) 2025-01-28 15:59:41 orted exited on Node 2 of 4
...
008 (286794.000.000) 2025-01-28 15:59:41 orted exited on Node 3 of 4
...
008 (286794.000.000) 2025-01-28 15:59:41 orted exited on Node 1 of 4
...
008 (286794.000.000) 2025-01-28 15:59:41 orted exited on Node 0 of 4
...
015 (286794.000.001) 2025-01-28 15:59:41 Node 1 terminated.
	(1) Normal termination (return value 0)
		Usr 0 00:00:01, Sys 0 00:00:00  -  Run Remote Usage
		Usr 0 00:00:00, Sys 0 00:00:00  -  Run Local Usage
		Usr 0 00:00:01, Sys 0 00:00:00  -  Total Remote Usage
		Usr 0 00:00:00, Sys 0 00:00:00  -  Total Local Usage
	2165  -  Run Bytes Sent By Node
	33591  -  Run Bytes Received By Node
	2165  -  Total Bytes Sent By Node
	33591  -  Total Bytes Received By Node
...
015 (286794.000.000) 2025-01-28 15:59:41 Node 0 terminated.
	(1) Normal termination (return value 0)
		Usr 0 00:00:00, Sys 0 00:00:00  -  Run Remote Usage
		Usr 0 00:00:00, Sys 0 00:00:00  -  Run Local Usage
		Usr 0 00:00:00, Sys 0 00:00:00  -  Total Remote Usage
		Usr 0 00:00:00, Sys 0 00:00:00  -  Total Local Usage
	3773  -  Run Bytes Sent By Node
	33591  -  Run Bytes Received By Node
	3773  -  Total Bytes Sent By Node
	33591  -  Total Bytes Received By Node
...
005 (286794.000.000) 2025-01-28 15:59:41 Job terminated.
	(1) Normal termination (return value 0)
		Usr 0 00:00:01, Sys 0 00:00:00  -  Run Remote Usage
		Usr 0 00:00:00, Sys 0 00:00:00  -  Run Local Usage
		Usr 0 00:00:00, Sys 0 00:00:00  -  Total Remote Usage
		Usr 0 00:00:00, Sys 0 00:00:00  -  Total Local Usage
	5938  -  Run Bytes Sent By Job
	134364  -  Run Bytes Received By Job
	5938  -  Total Bytes Sent By Job
	134364  -  Total Bytes Received By Job
	Partitionable Resources :    Usage  Request Allocated 
	   Cpus                 :                 1         1 
	   Disk (KB)            :       52       35  21575424 
	   GPUs                 :                           1 
	   Memory (MB)          :        0        0     20480 

	Job terminated of its own accord at 2025-01-28T15:59:41Z with exit-code 0.
...
