000 (279176.000.000) 2025-01-24 10:19:56 Job submitted from host: <192.168.0.102:9618?addrs=192.168.0.102-9618&alias=submitter&noUDP&sock=schedd_2032_5c88>
...
014 (279176.000.000) 2025-01-24 10:20:00 Node 0 executing on host: <192.168.0.149:9618?addrs=192.168.0.149-9618&alias=node149.di.rm1&noUDP&sock=startd_1551_6f7a>
...
014 (279176.000.004) 2025-01-24 10:20:00 Node 4 executing on host: <192.168.0.133:9618?addrs=192.168.0.133-9618&alias=node133.di.rm1&noUDP&sock=startd_1941_f16a>
...
014 (279176.000.001) 2025-01-24 10:20:00 Node 1 executing on host: <192.168.0.123:9618?addrs=192.168.0.123-9618&alias=node123.di.rm1&noUDP&sock=startd_2149_9d1d>
...
014 (279176.000.005) 2025-01-24 10:20:00 Node 5 executing on host: <192.168.0.139:9618?addrs=192.168.0.139-9618&alias=node139.di.rm1&noUDP&sock=startd_1966_1748>
...
014 (279176.000.006) 2025-01-24 10:20:00 Node 6 executing on host: <192.168.0.104:9618?addrs=192.168.0.104-9618&alias=node104.di.rm1&noUDP&sock=startd_1987_7ec5>
...
014 (279176.000.007) 2025-01-24 10:20:00 Node 7 executing on host: <192.168.0.148:9618?addrs=192.168.0.148-9618&alias=node148.di.rm1&noUDP&sock=startd_1547_b119>
...
014 (279176.000.003) 2025-01-24 10:20:00 Node 3 executing on host: <192.168.0.124:9618?addrs=192.168.0.124-9618&alias=node124.di.rm1&noUDP&sock=startd_2143_7f8b>
...
014 (279176.000.002) 2025-01-24 10:20:00 Node 2 executing on host: <192.168.0.141:9618?addrs=192.168.0.141-9618&alias=node141.di.rm1&noUDP&sock=startd_2077_3a4b>
...
001 (279176.000.000) 2025-01-24 10:20:00 Job executing on host: MPI_job
...
008 (279176.000.000) 2025-01-24 10:20:02 Launching orted on Node 0 of 8
...
008 (279176.000.000) 2025-01-24 10:20:02 Launching orted on Node 4 of 8
...
008 (279176.000.000) 2025-01-24 10:20:02 Launching orted on Node 1 of 8
...
008 (279176.000.000) 2025-01-24 10:20:02 Launching orted on Node 7 of 8
...
008 (279176.000.000) 2025-01-24 10:20:02 Launching orted on Node 5 of 8
...
008 (279176.000.000) 2025-01-24 10:20:02 Launching orted on Node 6 of 8
...
008 (279176.000.000) 2025-01-24 10:20:02 Launching orted on Node 3 of 8
...
008 (279176.000.000) 2025-01-24 10:20:02 Launching orted on Node 2 of 8
...
008 (279176.000.000) 2025-01-24 10:20:04 orted exited on Node 1 of 8
...
008 (279176.000.000) 2025-01-24 10:20:04 orted exited on Node 5 of 8
...
008 (279176.000.000) 2025-01-24 10:20:04 orted exited on Node 6 of 8
...
008 (279176.000.000) 2025-01-24 10:20:04 orted exited on Node 0 of 8
...
008 (279176.000.000) 2025-01-24 10:20:04 orted exited on Node 3 of 8
...
008 (279176.000.000) 2025-01-24 10:20:04 orted exited on Node 4 of 8
...
008 (279176.000.000) 2025-01-24 10:20:04 orted exited on Node 7 of 8
...
008 (279176.000.000) 2025-01-24 10:20:04 orted exited on Node 2 of 8
...
015 (279176.000.000) 2025-01-24 10:20:04 Node 0 terminated.
	(1) Normal termination (return value 0)
		Usr 0 00:00:00, Sys 0 00:00:00  -  Run Remote Usage
		Usr 0 00:00:00, Sys 0 00:00:00  -  Run Local Usage
		Usr 0 00:00:00, Sys 0 00:00:00  -  Total Remote Usage
		Usr 0 00:00:00, Sys 0 00:00:00  -  Total Local Usage
	3263  -  Run Bytes Sent By Node
	33639  -  Run Bytes Received By Node
	3263  -  Total Bytes Sent By Node
	33639  -  Total Bytes Received By Node
...
015 (279176.000.001) 2025-01-24 10:20:04 Node 1 terminated.
	(1) Normal termination (return value 0)
		Usr 0 00:00:02, Sys 0 00:00:00  -  Run Remote Usage
		Usr 0 00:00:00, Sys 0 00:00:00  -  Run Local Usage
		Usr 0 00:00:02, Sys 0 00:00:00  -  Total Remote Usage
		Usr 0 00:00:00, Sys 0 00:00:00  -  Total Local Usage
	2187  -  Run Bytes Sent By Node
	33639  -  Run Bytes Received By Node
	2187  -  Total Bytes Sent By Node
	33639  -  Total Bytes Received By Node
...
015 (279176.000.003) 2025-01-24 10:20:04 Node 3 terminated.
	(1) Normal termination (return value 0)
		Usr 0 00:00:01, Sys 0 00:00:00  -  Run Remote Usage
		Usr 0 00:00:00, Sys 0 00:00:00  -  Run Local Usage
		Usr 0 00:00:01, Sys 0 00:00:00  -  Total Remote Usage
		Usr 0 00:00:00, Sys 0 00:00:00  -  Total Local Usage
	2187  -  Run Bytes Sent By Node
	33639  -  Run Bytes Received By Node
	2187  -  Total Bytes Sent By Node
	33639  -  Total Bytes Received By Node
...
015 (279176.000.004) 2025-01-24 10:20:04 Node 4 terminated.
	(1) Normal termination (return value 0)
		Usr 0 00:00:01, Sys 0 00:00:00  -  Run Remote Usage
		Usr 0 00:00:00, Sys 0 00:00:00  -  Run Local Usage
		Usr 0 00:00:01, Sys 0 00:00:00  -  Total Remote Usage
		Usr 0 00:00:00, Sys 0 00:00:00  -  Total Local Usage
	2165  -  Run Bytes Sent By Node
	33639  -  Run Bytes Received By Node
	2165  -  Total Bytes Sent By Node
	33639  -  Total Bytes Received By Node
...
015 (279176.000.007) 2025-01-24 10:20:04 Node 7 terminated.
	(1) Normal termination (return value 0)
		Usr 0 00:00:01, Sys 0 00:00:00  -  Run Remote Usage
		Usr 0 00:00:00, Sys 0 00:00:00  -  Run Local Usage
		Usr 0 00:00:01, Sys 0 00:00:00  -  Total Remote Usage
		Usr 0 00:00:00, Sys 0 00:00:00  -  Total Local Usage
	2165  -  Run Bytes Sent By Node
	33639  -  Run Bytes Received By Node
	2165  -  Total Bytes Sent By Node
	33639  -  Total Bytes Received By Node
...
005 (279176.000.000) 2025-01-24 10:20:04 Job terminated.
	(1) Normal termination (return value 0)
		Usr 0 00:00:10, Sys 0 00:00:01  -  Run Remote Usage
		Usr 0 00:00:00, Sys 0 00:00:00  -  Run Local Usage
		Usr 0 00:00:00, Sys 0 00:00:00  -  Total Remote Usage
		Usr 0 00:00:00, Sys 0 00:00:00  -  Total Local Usage
	16297  -  Run Bytes Sent By Job
	269112  -  Run Bytes Received By Job
	16297  -  Total Bytes Sent By Job
	269112  -  Total Bytes Received By Job
	Partitionable Resources :    Usage  Request Allocated 
	   Cpus                 :                 1         2 
	   Disk (KB)            :       50       35 102883670 
	   Memory (MB)          :        0        1    100096 

	Job terminated of its own accord at 2025-01-24T10:20:04Z with exit-code 0.
...
000 (287493.000.000) 2025-01-28 17:18:47 Job submitted from host: <192.168.0.102:9618?addrs=192.168.0.102-9618&alias=submitter&noUDP&sock=schedd_2032_5c88>
...
014 (287493.000.000) 2025-01-28 17:18:50 Node 0 executing on host: <192.168.0.147:9618?addrs=192.168.0.147-9618&alias=node147.di.rm1&noUDP&sock=startd_1513_5ee1>
...
014 (287493.000.001) 2025-01-28 17:18:50 Node 1 executing on host: <192.168.0.132:9618?addrs=192.168.0.132-9618&alias=node132.di.rm1&noUDP&sock=startd_1999_b9e8>
...
014 (287493.000.002) 2025-01-28 17:18:50 Node 2 executing on host: <192.168.0.108:9618?addrs=192.168.0.108-9618&alias=node108.di.rm1&noUDP&sock=startd_1979_0203>
...
014 (287493.000.004) 2025-01-28 17:18:50 Node 4 executing on host: <192.168.0.133:9618?addrs=192.168.0.133-9618&alias=node133.di.rm1&noUDP&sock=startd_1941_f16a>
...
014 (287493.000.007) 2025-01-28 17:18:50 Node 7 executing on host: <192.168.0.143:9618?addrs=192.168.0.143-9618&alias=node143.di.rm1&noUDP&sock=startd_2061_40c7>
...
014 (287493.000.006) 2025-01-28 17:18:51 Node 6 executing on host: <192.168.0.109:9618?addrs=192.168.0.109-9618&alias=node109.di.rm1&noUDP&sock=startd_1627_90ad>
...
014 (287493.000.005) 2025-01-28 17:18:51 Node 5 executing on host: <192.168.0.112:9618?addrs=192.168.0.112-9618&alias=node112.di.rm1&noUDP&sock=startd_2169_5502>
...
014 (287493.000.003) 2025-01-28 17:18:51 Node 3 executing on host: <192.168.0.122:9618?addrs=192.168.0.122-9618&alias=node122.di.rm1&noUDP&sock=startd_2134_5331>
...
001 (287493.000.000) 2025-01-28 17:18:51 Job executing on host: MPI_job
...
008 (287493.000.000) 2025-01-28 17:18:52 Launching orted on Node 0 of 8
...
008 (287493.000.000) 2025-01-28 17:18:52 Launching orted on Node 1 of 8
...
008 (287493.000.000) 2025-01-28 17:18:53 Launching orted on Node 2 of 8
...
008 (287493.000.000) 2025-01-28 17:18:53 Launching orted on Node 4 of 8
...
008 (287493.000.000) 2025-01-28 17:18:53 Launching orted on Node 7 of 8
...
008 (287493.000.000) 2025-01-28 17:18:53 Launching orted on Node 6 of 8
...
008 (287493.000.000) 2025-01-28 17:18:53 Launching orted on Node 5 of 8
...
008 (287493.000.000) 2025-01-28 17:18:53 Launching orted on Node 3 of 8
...
008 (287493.000.000) 2025-01-28 17:18:55 orted exited on Node 1 of 8
...
008 (287493.000.000) 2025-01-28 17:18:55 orted exited on Node 0 of 8
...
008 (287493.000.000) 2025-01-28 17:18:55 orted exited on Node 2 of 8
...
008 (287493.000.000) 2025-01-28 17:18:55 orted exited on Node 4 of 8
...
008 (287493.000.000) 2025-01-28 17:18:55 orted exited on Node 6 of 8
...
008 (287493.000.000) 2025-01-28 17:18:55 orted exited on Node 5 of 8
...
008 (287493.000.000) 2025-01-28 17:18:55 orted exited on Node 7 of 8
...
008 (287493.000.000) 2025-01-28 17:18:55 orted exited on Node 3 of 8
...
015 (287493.000.001) 2025-01-28 17:18:55 Node 1 terminated.
	(1) Normal termination (return value 0)
		Usr 0 00:00:02, Sys 0 00:00:00  -  Run Remote Usage
		Usr 0 00:00:00, Sys 0 00:00:00  -  Run Local Usage
		Usr 0 00:00:02, Sys 0 00:00:00  -  Total Remote Usage
		Usr 0 00:00:00, Sys 0 00:00:00  -  Total Local Usage
	2165  -  Run Bytes Sent By Node
	33591  -  Run Bytes Received By Node
	2165  -  Total Bytes Sent By Node
	33591  -  Total Bytes Received By Node
...
015 (287493.000.000) 2025-01-28 17:18:55 Node 0 terminated.
	(1) Normal termination (return value 0)
		Usr 0 00:00:00, Sys 0 00:00:00  -  Run Remote Usage
		Usr 0 00:00:00, Sys 0 00:00:00  -  Run Local Usage
		Usr 0 00:00:00, Sys 0 00:00:00  -  Total Remote Usage
		Usr 0 00:00:00, Sys 0 00:00:00  -  Total Local Usage
	3260  -  Run Bytes Sent By Node
	33591  -  Run Bytes Received By Node
	3260  -  Total Bytes Sent By Node
	33591  -  Total Bytes Received By Node
...
015 (287493.000.004) 2025-01-28 17:18:55 Node 4 terminated.
	(1) Normal termination (return value 0)
		Usr 0 00:00:01, Sys 0 00:00:00  -  Run Remote Usage
		Usr 0 00:00:00, Sys 0 00:00:00  -  Run Local Usage
		Usr 0 00:00:01, Sys 0 00:00:00  -  Total Remote Usage
		Usr 0 00:00:00, Sys 0 00:00:00  -  Total Local Usage
	2165  -  Run Bytes Sent By Node
	33591  -  Run Bytes Received By Node
	2165  -  Total Bytes Sent By Node
	33591  -  Total Bytes Received By Node
...
005 (287493.000.000) 2025-01-28 17:18:55 Job terminated.
	(1) Normal termination (return value 0)
		Usr 0 00:00:11, Sys 0 00:00:01  -  Run Remote Usage
		Usr 0 00:00:00, Sys 0 00:00:00  -  Run Local Usage
		Usr 0 00:00:00, Sys 0 00:00:00  -  Total Remote Usage
		Usr 0 00:00:00, Sys 0 00:00:00  -  Total Local Usage
	9755  -  Run Bytes Sent By Job
	268728  -  Run Bytes Received By Job
	9755  -  Total Bytes Sent By Job
	268728  -  Total Bytes Received By Job
	Partitionable Resources :    Usage  Request Allocated 
	   Cpus                 :                 1         2 
	   Disk (KB)            :       51       35 102887082 
	   Memory (MB)          :        1        0    100096 

	Job terminated of its own accord at 2025-01-28T17:18:55Z with exit-code 0.
...
