000 (270960.000.000) 2025-01-22 00:28:21 Job submitted from host: <192.168.0.102:9618?addrs=192.168.0.102-9618&alias=submitter&noUDP&sock=schedd_2032_5c88>
...
001 (270960.000.000) 2025-01-22 00:28:43 Job executing on host: <192.168.0.120:9618?addrs=192.168.0.120-9618&alias=node120.di.rm1&noUDP&sock=startd_2096_4298>
...
006 (270960.000.000) 2025-01-22 00:28:52 Image size of job updated: 24288
	24  -  MemoryUsage of job (MB)
	24288  -  ResidentSetSize of job (KB)
...
006 (270960.000.000) 2025-01-22 00:29:19 Image size of job updated: 65924
	24  -  MemoryUsage of job (MB)
	24288  -  ResidentSetSize of job (KB)
...
005 (270960.000.000) 2025-01-22 00:29:19 Job terminated.
	(1) Normal termination (return value 0)
		Usr 0 00:04:25, Sys 0 00:00:00  -  Run Remote Usage
		Usr 0 00:00:00, Sys 0 00:00:00  -  Run Local Usage
		Usr 0 00:04:25, Sys 0 00:00:00  -  Total Remote Usage
		Usr 0 00:00:00, Sys 0 00:00:00  -  Total Local Usage
	0  -  Run Bytes Sent By Job
	0  -  Run Bytes Received By Job
	0  -  Total Bytes Sent By Job
	0  -  Total Bytes Received By Job
	Partitionable Resources :    Usage  Request Allocated 
	   Cpus                 :                 1         1 
	   Disk (KB)            :       27       27    459052 
	   Gpus (Average)       :                 0         0 
	   Memory (MB)          :       24        1       128 

	Job terminated of its own accord at 2025-01-22T00:29:19Z with exit-code 0.
...
