000 (282233.000.000) 2025-01-26 16:50:18 Job submitted from host: <192.168.0.102:9618?addrs=192.168.0.102-9618&alias=submitter&noUDP&sock=schedd_2032_5c88>
...
014 (282233.000.001) 2025-01-26 16:50:32 Node 1 executing on host: <192.168.0.147:9618?addrs=192.168.0.147-9618&alias=node147.di.rm1&noUDP&sock=startd_1513_5ee1>
...
014 (282233.000.000) 2025-01-26 16:50:33 Node 0 executing on host: <192.168.0.122:9618?addrs=192.168.0.122-9618&alias=node122.di.rm1&noUDP&sock=startd_2134_5331>
...
014 (282233.000.002) 2025-01-26 16:50:33 Node 2 executing on host: <192.168.0.112:9618?addrs=192.168.0.112-9618&alias=node112.di.rm1&noUDP&sock=startd_2169_5502>
...
014 (282233.000.004) 2025-01-26 16:50:33 Node 4 executing on host: <192.168.0.122:9618?addrs=192.168.0.122-9618&alias=node122.di.rm1&noUDP&sock=startd_2134_5331>
...
014 (282233.000.005) 2025-01-26 16:50:33 Node 5 executing on host: <192.168.0.132:9618?addrs=192.168.0.132-9618&alias=node132.di.rm1&noUDP&sock=startd_1999_b9e8>
...
014 (282233.000.006) 2025-01-26 16:50:33 Node 6 executing on host: <192.168.0.108:9618?addrs=192.168.0.108-9618&alias=node108.di.rm1&noUDP&sock=startd_1979_0203>
...
014 (282233.000.007) 2025-01-26 16:50:33 Node 7 executing on host: <192.168.0.148:9618?addrs=192.168.0.148-9618&alias=node148.di.rm1&noUDP&sock=startd_1547_b119>
...
014 (282233.000.003) 2025-01-26 16:50:33 Node 3 executing on host: <192.168.0.142:9618?addrs=192.168.0.142-9618&alias=node142.di.rm1&noUDP&sock=startd_1996_ab1f>
...
001 (282233.000.000) 2025-01-26 16:50:33 Job executing on host: MPI_job
...
008 (282233.000.000) 2025-01-26 16:50:35 Launching orted on Node 1 of 8
...
008 (282233.000.000) 2025-01-26 16:50:35 Launching orted on Node 0 of 8
...
008 (282233.000.000) 2025-01-26 16:50:35 Launching orted on Node 2 of 8
...
008 (282233.000.000) 2025-01-26 16:50:35 Launching orted on Node 4 of 8
...
008 (282233.000.000) 2025-01-26 16:50:35 Launching orted on Node 5 of 8
...
008 (282233.000.000) 2025-01-26 16:50:35 Launching orted on Node 6 of 8
...
008 (282233.000.000) 2025-01-26 16:50:35 Launching orted on Node 7 of 8
...
008 (282233.000.000) 2025-01-26 16:50:35 Launching orted on Node 3 of 8
...
008 (282233.000.000) 2025-01-26 16:50:36 orted exited on Node 2 of 8
...
008 (282233.000.000) 2025-01-26 16:50:36 orted exited on Node 5 of 8
...
008 (282233.000.000) 2025-01-26 16:50:36 orted exited on Node 7 of 8
...
008 (282233.000.000) 2025-01-26 16:50:36 orted exited on Node 1 of 8
...
008 (282233.000.000) 2025-01-26 16:50:36 orted exited on Node 6 of 8
...
008 (282233.000.000) 2025-01-26 16:50:36 orted exited on Node 4 of 8
...
008 (282233.000.000) 2025-01-26 16:50:36 orted exited on Node 3 of 8
...
008 (282233.000.000) 2025-01-26 16:50:36 orted exited on Node 0 of 8
...
015 (282233.000.001) 2025-01-26 16:50:36 Node 1 terminated.
	(1) Normal termination (return value 0)
		Usr 0 00:00:00, Sys 0 00:00:00  -  Run Remote Usage
		Usr 0 00:00:00, Sys 0 00:00:00  -  Run Local Usage
		Usr 0 00:00:00, Sys 0 00:00:00  -  Total Remote Usage
		Usr 0 00:00:00, Sys 0 00:00:00  -  Total Local Usage
	2165  -  Run Bytes Sent By Node
	33711  -  Run Bytes Received By Node
	2165  -  Total Bytes Sent By Node
	33711  -  Total Bytes Received By Node
...
015 (282233.000.005) 2025-01-26 16:50:36 Node 5 terminated.
	(1) Normal termination (return value 0)
		Usr 0 00:00:00, Sys 0 00:00:00  -  Run Remote Usage
		Usr 0 00:00:00, Sys 0 00:00:00  -  Run Local Usage
		Usr 0 00:00:00, Sys 0 00:00:00  -  Total Remote Usage
		Usr 0 00:00:00, Sys 0 00:00:00  -  Total Local Usage
	2165  -  Run Bytes Sent By Node
	33711  -  Run Bytes Received By Node
	2165  -  Total Bytes Sent By Node
	33711  -  Total Bytes Received By Node
...
015 (282233.000.002) 2025-01-26 16:50:36 Node 2 terminated.
	(1) Normal termination (return value 0)
		Usr 0 00:00:00, Sys 0 00:00:00  -  Run Remote Usage
		Usr 0 00:00:00, Sys 0 00:00:00  -  Run Local Usage
		Usr 0 00:00:00, Sys 0 00:00:00  -  Total Remote Usage
		Usr 0 00:00:00, Sys 0 00:00:00  -  Total Local Usage
	2187  -  Run Bytes Sent By Node
	33711  -  Run Bytes Received By Node
	2187  -  Total Bytes Sent By Node
	33711  -  Total Bytes Received By Node
...
015 (282233.000.006) 2025-01-26 16:50:36 Node 6 terminated.
	(1) Normal termination (return value 0)
		Usr 0 00:00:00, Sys 0 00:00:00  -  Run Remote Usage
		Usr 0 00:00:00, Sys 0 00:00:00  -  Run Local Usage
		Usr 0 00:00:00, Sys 0 00:00:00  -  Total Remote Usage
		Usr 0 00:00:00, Sys 0 00:00:00  -  Total Local Usage
	2165  -  Run Bytes Sent By Node
	33711  -  Run Bytes Received By Node
	2165  -  Total Bytes Sent By Node
	33711  -  Total Bytes Received By Node
...
015 (282233.000.004) 2025-01-26 16:50:36 Node 4 terminated.
	(1) Normal termination (return value 0)
		Usr 0 00:00:00, Sys 0 00:00:00  -  Run Remote Usage
		Usr 0 00:00:00, Sys 0 00:00:00  -  Run Local Usage
		Usr 0 00:00:00, Sys 0 00:00:00  -  Total Remote Usage
		Usr 0 00:00:00, Sys 0 00:00:00  -  Total Local Usage
	22  -  Run Bytes Sent By Node
	33711  -  Run Bytes Received By Node
	22  -  Total Bytes Sent By Node
	33711  -  Total Bytes Received By Node
...
015 (282233.000.000) 2025-01-26 16:50:36 Node 0 terminated.
	(1) Normal termination (return value 0)
		Usr 0 00:00:00, Sys 0 00:00:00  -  Run Remote Usage
		Usr 0 00:00:00, Sys 0 00:00:00  -  Run Local Usage
		Usr 0 00:00:00, Sys 0 00:00:00  -  Total Remote Usage
		Usr 0 00:00:00, Sys 0 00:00:00  -  Total Local Usage
	3306  -  Run Bytes Sent By Node
	33711  -  Run Bytes Received By Node
	3306  -  Total Bytes Sent By Node
	33711  -  Total Bytes Received By Node
...
005 (282233.000.000) 2025-01-26 16:50:36 Job terminated.
	(1) Normal termination (return value 0)
		Usr 0 00:00:00, Sys 0 00:00:00  -  Run Remote Usage
		Usr 0 00:00:00, Sys 0 00:00:00  -  Run Local Usage
		Usr 0 00:00:00, Sys 0 00:00:00  -  Total Remote Usage
		Usr 0 00:00:00, Sys 0 00:00:00  -  Total Local Usage
	12010  -  Run Bytes Sent By Job
	269688  -  Run Bytes Received By Job
	12010  -  Total Bytes Sent By Job
	269688  -  Total Bytes Received By Job
	Partitionable Resources :    Usage  Request Allocated 
	   Cpus                 :                 1         1 
	   Disk (KB)            :       50       35    499915 
	   GPUs                 :                           0 
	   Memory (MB)          :        0        0     53248 

	Job terminated of its own accord at 2025-01-26T16:50:36Z with exit-code 0.
...
000 (289105.000.000) 2025-01-28 22:37:12 Job submitted from host: <192.168.0.102:9618?addrs=192.168.0.102-9618&alias=submitter&noUDP&sock=schedd_2032_5c88>
...
014 (289105.000.002) 2025-01-28 22:37:19 Node 2 executing on host: <192.168.0.146:9618?addrs=192.168.0.146-9618&alias=node146.di.rm1&noUDP&sock=startd_1984_6ffc>
...
014 (289105.000.000) 2025-01-28 22:37:19 Node 0 executing on host: <192.168.0.146:9618?addrs=192.168.0.146-9618&alias=node146.di.rm1&noUDP&sock=startd_1984_6ffc>
...
014 (289105.000.001) 2025-01-28 22:37:19 Node 1 executing on host: <192.168.0.111:9618?addrs=192.168.0.111-9618&alias=node111.di.rm1&noUDP&sock=startd_2044_97ab>
...
014 (289105.000.003) 2025-01-28 22:37:19 Node 3 executing on host: <192.168.0.111:9618?addrs=192.168.0.111-9618&alias=node111.di.rm1&noUDP&sock=startd_2044_97ab>
...
014 (289105.000.006) 2025-01-28 22:37:19 Node 6 executing on host: <192.168.0.133:9618?addrs=192.168.0.133-9618&alias=node133.di.rm1&noUDP&sock=startd_1941_f16a>
...
014 (289105.000.004) 2025-01-28 22:37:19 Node 4 executing on host: <192.168.0.122:9618?addrs=192.168.0.122-9618&alias=node122.di.rm1&noUDP&sock=startd_2134_5331>
...
014 (289105.000.007) 2025-01-28 22:37:19 Node 7 executing on host: <192.168.0.148:9618?addrs=192.168.0.148-9618&alias=node148.di.rm1&noUDP&sock=startd_1547_b119>
...
014 (289105.000.005) 2025-01-28 22:37:19 Node 5 executing on host: <192.168.0.112:9618?addrs=192.168.0.112-9618&alias=node112.di.rm1&noUDP&sock=startd_2169_5502>
...
001 (289105.000.000) 2025-01-28 22:37:19 Job executing on host: MPI_job
...
008 (289105.000.000) 2025-01-28 22:37:21 Launching orted on Node 0 of 8
...
008 (289105.000.000) 2025-01-28 22:37:21 Launching orted on Node 2 of 8
...
008 (289105.000.000) 2025-01-28 22:37:21 Launching orted on Node 3 of 8
...
008 (289105.000.000) 2025-01-28 22:37:21 Launching orted on Node 1 of 8
...
008 (289105.000.000) 2025-01-28 22:37:21 Launching orted on Node 6 of 8
...
008 (289105.000.000) 2025-01-28 22:37:21 Launching orted on Node 7 of 8
...
008 (289105.000.000) 2025-01-28 22:37:21 Launching orted on Node 4 of 8
...
008 (289105.000.000) 2025-01-28 22:37:21 Launching orted on Node 5 of 8
...
008 (289105.000.000) 2025-01-28 22:37:22 orted exited on Node 5 of 8
...
008 (289105.000.000) 2025-01-28 22:37:22 orted exited on Node 0 of 8
...
008 (289105.000.000) 2025-01-28 22:37:22 orted exited on Node 1 of 8
...
008 (289105.000.000) 2025-01-28 22:37:22 orted exited on Node 2 of 8
...
008 (289105.000.000) 2025-01-28 22:37:22 orted exited on Node 3 of 8
...
008 (289105.000.000) 2025-01-28 22:37:22 orted exited on Node 4 of 8
...
008 (289105.000.000) 2025-01-28 22:37:22 orted exited on Node 6 of 8
...
008 (289105.000.000) 2025-01-28 22:37:22 orted exited on Node 7 of 8
...
015 (289105.000.005) 2025-01-28 22:37:23 Node 5 terminated.
	(1) Normal termination (return value 0)
		Usr 0 00:00:01, Sys 0 00:00:01  -  Run Remote Usage
		Usr 0 00:00:00, Sys 0 00:00:00  -  Run Local Usage
		Usr 0 00:00:01, Sys 0 00:00:01  -  Total Remote Usage
		Usr 0 00:00:00, Sys 0 00:00:00  -  Total Local Usage
	2187  -  Run Bytes Sent By Node
	33711  -  Run Bytes Received By Node
	2187  -  Total Bytes Sent By Node
	33711  -  Total Bytes Received By Node
...
015 (289105.000.002) 2025-01-28 22:37:23 Node 2 terminated.
	(1) Normal termination (return value 0)
		Usr 0 00:00:00, Sys 0 00:00:00  -  Run Remote Usage
		Usr 0 00:00:00, Sys 0 00:00:00  -  Run Local Usage
		Usr 0 00:00:00, Sys 0 00:00:00  -  Total Remote Usage
		Usr 0 00:00:00, Sys 0 00:00:00  -  Total Local Usage
	0  -  Run Bytes Sent By Node
	33711  -  Run Bytes Received By Node
	0  -  Total Bytes Sent By Node
	33711  -  Total Bytes Received By Node
...
015 (289105.000.007) 2025-01-28 22:37:23 Node 7 terminated.
	(1) Normal termination (return value 0)
		Usr 0 00:00:00, Sys 0 00:00:01  -  Run Remote Usage
		Usr 0 00:00:00, Sys 0 00:00:00  -  Run Local Usage
		Usr 0 00:00:00, Sys 0 00:00:01  -  Total Remote Usage
		Usr 0 00:00:00, Sys 0 00:00:00  -  Total Local Usage
	2165  -  Run Bytes Sent By Node
	33711  -  Run Bytes Received By Node
	2165  -  Total Bytes Sent By Node
	33711  -  Total Bytes Received By Node
...
015 (289105.000.004) 2025-01-28 22:37:23 Node 4 terminated.
	(1) Normal termination (return value 0)
		Usr 0 00:00:00, Sys 0 00:00:00  -  Run Remote Usage
		Usr 0 00:00:00, Sys 0 00:00:00  -  Run Local Usage
		Usr 0 00:00:00, Sys 0 00:00:00  -  Total Remote Usage
		Usr 0 00:00:00, Sys 0 00:00:00  -  Total Local Usage
	2187  -  Run Bytes Sent By Node
	33711  -  Run Bytes Received By Node
	2187  -  Total Bytes Sent By Node
	33711  -  Total Bytes Received By Node
...
015 (289105.000.001) 2025-01-28 22:37:23 Node 1 terminated.
	(1) Normal termination (return value 0)
		Usr 0 00:00:00, Sys 0 00:00:00  -  Run Remote Usage
		Usr 0 00:00:00, Sys 0 00:00:00  -  Run Local Usage
		Usr 0 00:00:00, Sys 0 00:00:00  -  Total Remote Usage
		Usr 0 00:00:00, Sys 0 00:00:00  -  Total Local Usage
	2187  -  Run Bytes Sent By Node
	33711  -  Run Bytes Received By Node
	2187  -  Total Bytes Sent By Node
	33711  -  Total Bytes Received By Node
...
015 (289105.000.006) 2025-01-28 22:37:23 Node 6 terminated.
	(1) Normal termination (return value 0)
		Usr 0 00:00:00, Sys 0 00:00:00  -  Run Remote Usage
		Usr 0 00:00:00, Sys 0 00:00:00  -  Run Local Usage
		Usr 0 00:00:00, Sys 0 00:00:00  -  Total Remote Usage
		Usr 0 00:00:00, Sys 0 00:00:00  -  Total Local Usage
	2165  -  Run Bytes Sent By Node
	33711  -  Run Bytes Received By Node
	2165  -  Total Bytes Sent By Node
	33711  -  Total Bytes Received By Node
...
015 (289105.000.000) 2025-01-28 22:37:23 Node 0 terminated.
	(1) Normal termination (return value 0)
		Usr 0 00:00:00, Sys 0 00:00:00  -  Run Remote Usage
		Usr 0 00:00:00, Sys 0 00:00:00  -  Run Local Usage
		Usr 0 00:00:00, Sys 0 00:00:00  -  Total Remote Usage
		Usr 0 00:00:00, Sys 0 00:00:00  -  Total Local Usage
	3262  -  Run Bytes Sent By Node
	33711  -  Run Bytes Received By Node
	3262  -  Total Bytes Sent By Node
	33711  -  Total Bytes Received By Node
...
005 (289105.000.000) 2025-01-28 22:37:23 Job terminated.
	(1) Normal termination (return value 0)
		Usr 0 00:00:01, Sys 0 00:00:02  -  Run Remote Usage
		Usr 0 00:00:00, Sys 0 00:00:00  -  Run Local Usage
		Usr 0 00:00:00, Sys 0 00:00:00  -  Total Remote Usage
		Usr 0 00:00:00, Sys 0 00:00:00  -  Total Local Usage
	16340  -  Run Bytes Sent By Job
	269688  -  Run Bytes Received By Job
	16340  -  Total Bytes Sent By Job
	269688  -  Total Bytes Received By Job
	Partitionable Resources :    Usage  Request Allocated 
	   Cpus                 :                 1         2 
	   Disk (KB)            :       51       35 103077319 
	   Memory (MB)          :        0        0    100096 

	Job terminated of its own accord at 2025-01-28T22:37:22Z with exit-code 0.
...
