000 (273076.000.000) 2025-01-23 10:25:13 Job submitted from host: <192.168.0.102:9618?addrs=192.168.0.102-9618&alias=submitter&noUDP&sock=schedd_2032_5c88>
...
014 (273076.000.000) 2025-01-23 10:25:21 Node 0 executing on host: <192.168.0.124:9618?addrs=192.168.0.124-9618&alias=node124.di.rm1&noUDP&sock=startd_2143_7f8b>
...
014 (273076.000.001) 2025-01-23 10:25:21 Node 1 executing on host: <192.168.0.110:9618?addrs=192.168.0.110-9618&alias=node110.di.rm1&noUDP&sock=startd_2185_4e86>
...
014 (273076.000.002) 2025-01-23 10:25:21 Node 2 executing on host: <192.168.0.120:9618?addrs=192.168.0.120-9618&alias=node120.di.rm1&noUDP&sock=startd_2096_4298>
...
014 (273076.000.003) 2025-01-23 10:25:21 Node 3 executing on host: <192.168.0.135:9618?addrs=192.168.0.135-9618&alias=node135.di.rm1&noUDP&sock=startd_2000_6980>
...
014 (273076.000.004) 2025-01-23 10:25:21 Node 4 executing on host: <192.168.0.130:9618?addrs=192.168.0.130-9618&alias=node130.di.rm1&noUDP&sock=startd_2751195_838e>
...
014 (273076.000.006) 2025-01-23 10:25:21 Node 6 executing on host: <192.168.0.110:9618?addrs=192.168.0.110-9618&alias=node110.di.rm1&noUDP&sock=startd_2185_4e86>
...
014 (273076.000.007) 2025-01-23 10:25:21 Node 7 executing on host: <192.168.0.140:9618?addrs=192.168.0.140-9618&alias=node140.di.rm1&noUDP&sock=startd_1890_f615>
...
014 (273076.000.005) 2025-01-23 10:25:21 Node 5 executing on host: <192.168.0.106:9618?addrs=192.168.0.106-9618&alias=node106.di.rm1&noUDP&sock=startd_1970_d5a9>
...
001 (273076.000.000) 2025-01-23 10:25:21 Job executing on host: MPI_job
...
008 (273076.000.000) 2025-01-23 10:25:23 Launching orted on Node 0 of 8
...
008 (273076.000.000) 2025-01-23 10:25:23 Launching orted on Node 1 of 8
...
008 (273076.000.000) 2025-01-23 10:25:23 Launching orted on Node 2 of 8
...
008 (273076.000.000) 2025-01-23 10:25:23 Launching orted on Node 4 of 8
...
008 (273076.000.000) 2025-01-23 10:25:23 Launching orted on Node 6 of 8
...
008 (273076.000.000) 2025-01-23 10:25:23 Launching orted on Node 3 of 8
...
008 (273076.000.000) 2025-01-23 10:25:23 Launching orted on Node 7 of 8
...
008 (273076.000.000) 2025-01-23 10:25:23 Launching orted on Node 5 of 8
...
008 (273076.000.000) 2025-01-23 10:26:09 orted exited on Node 4 of 8
...
008 (273076.000.000) 2025-01-23 10:26:09 orted exited on Node 5 of 8
...
008 (273076.000.000) 2025-01-23 10:26:09 orted exited on Node 3 of 8
...
008 (273076.000.000) 2025-01-23 10:26:09 orted exited on Node 7 of 8
...
008 (273076.000.000) 2025-01-23 10:26:09 orted exited on Node 0 of 8
...
008 (273076.000.000) 2025-01-23 10:26:09 orted exited on Node 6 of 8
...
008 (273076.000.000) 2025-01-23 10:26:09 orted exited on Node 2 of 8
...
008 (273076.000.000) 2025-01-23 10:26:09 orted exited on Node 1 of 8
...
015 (273076.000.003) 2025-01-23 10:26:09 Node 3 terminated.
	(1) Normal termination (return value 0)
		Usr 0 00:00:44, Sys 0 00:00:01  -  Run Remote Usage
		Usr 0 00:00:00, Sys 0 00:00:00  -  Run Local Usage
		Usr 0 00:00:44, Sys 0 00:00:01  -  Total Remote Usage
		Usr 0 00:00:00, Sys 0 00:00:00  -  Total Local Usage
	2165  -  Run Bytes Sent By Node
	33639  -  Run Bytes Received By Node
	2165  -  Total Bytes Sent By Node
	33639  -  Total Bytes Received By Node
...
015 (273076.000.000) 2025-01-23 10:26:09 Node 0 terminated.
	(1) Normal termination (return value 0)
		Usr 0 00:00:06, Sys 0 00:00:00  -  Run Remote Usage
		Usr 0 00:00:00, Sys 0 00:00:00  -  Run Local Usage
		Usr 0 00:00:06, Sys 0 00:00:00  -  Total Remote Usage
		Usr 0 00:00:00, Sys 0 00:00:00  -  Total Local Usage
	3874  -  Run Bytes Sent By Node
	33639  -  Run Bytes Received By Node
	3874  -  Total Bytes Sent By Node
	33639  -  Total Bytes Received By Node
...
005 (273076.000.000) 2025-01-23 10:26:09 Job terminated.
	(1) Normal termination (return value 0)
		Usr 0 00:05:16, Sys 0 00:00:03  -  Run Remote Usage
		Usr 0 00:00:00, Sys 0 00:00:00  -  Run Local Usage
		Usr 0 00:00:06, Sys 0 00:00:00  -  Total Remote Usage
		Usr 0 00:00:00, Sys 0 00:00:00  -  Total Local Usage
	6039  -  Run Bytes Sent By Job
	269112  -  Run Bytes Received By Job
	6039  -  Total Bytes Sent By Job
	269112  -  Total Bytes Received By Job
	Partitionable Resources :    Usage  Request Allocated 
	   Cpus                 :                 1         2 
	   Disk (KB)            :       51       35 102856100 
	   GPUs                 :                           0 
	   Memory (MB)          :      348        0    100096 

	Job terminated of its own accord at 2025-01-23T10:26:09Z with exit-code 0.
...
000 (279404.000.000) 2025-01-24 10:38:27 Job submitted from host: <192.168.0.102:9618?addrs=192.168.0.102-9618&alias=submitter&noUDP&sock=schedd_2032_5c88>
...
014 (279404.000.002) 2025-01-24 10:38:55 Node 2 executing on host: <192.168.0.148:9618?addrs=192.168.0.148-9618&alias=node148.di.rm1&noUDP&sock=startd_1547_b119>
...
014 (279404.000.004) 2025-01-24 10:38:55 Node 4 executing on host: <192.168.0.105:9618?addrs=192.168.0.105-9618&alias=node105.di.rm1&noUDP&sock=startd_1951_cd5c>
...
014 (279404.000.001) 2025-01-24 10:38:55 Node 1 executing on host: <192.168.0.145:9618?addrs=192.168.0.145-9618&alias=node145.di.rm1&noUDP&sock=startd_1869_8e98>
...
014 (279404.000.006) 2025-01-24 10:38:55 Node 6 executing on host: <192.168.0.145:9618?addrs=192.168.0.145-9618&alias=node145.di.rm1&noUDP&sock=startd_1869_8e98>
...
014 (279404.000.003) 2025-01-24 10:38:55 Node 3 executing on host: <192.168.0.143:9618?addrs=192.168.0.143-9618&alias=node143.di.rm1&noUDP&sock=startd_2061_40c7>
...
014 (279404.000.000) 2025-01-24 10:38:55 Node 0 executing on host: <192.168.0.142:9618?addrs=192.168.0.142-9618&alias=node142.di.rm1&noUDP&sock=startd_1996_ab1f>
...
014 (279404.000.005) 2025-01-24 10:38:55 Node 5 executing on host: <192.168.0.142:9618?addrs=192.168.0.142-9618&alias=node142.di.rm1&noUDP&sock=startd_1996_ab1f>
...
014 (279404.000.007) 2025-01-24 10:38:55 Node 7 executing on host: <192.168.0.142:9618?addrs=192.168.0.142-9618&alias=node142.di.rm1&noUDP&sock=startd_1996_ab1f>
...
001 (279404.000.000) 2025-01-24 10:38:55 Job executing on host: MPI_job
...
008 (279404.000.000) 2025-01-24 10:38:58 Launching orted on Node 2 of 8
...
008 (279404.000.000) 2025-01-24 10:38:58 Launching orted on Node 4 of 8
...
008 (279404.000.000) 2025-01-24 10:38:58 Launching orted on Node 1 of 8
...
008 (279404.000.000) 2025-01-24 10:38:58 Launching orted on Node 6 of 8
...
008 (279404.000.000) 2025-01-24 10:38:58 Launching orted on Node 3 of 8
...
008 (279404.000.000) 2025-01-24 10:38:58 Launching orted on Node 5 of 8
...
008 (279404.000.000) 2025-01-24 10:38:58 Launching orted on Node 0 of 8
...
008 (279404.000.000) 2025-01-24 10:38:58 Launching orted on Node 7 of 8
...
008 (279404.000.000) 2025-01-24 10:39:53 orted exited on Node 4 of 8
...
008 (279404.000.000) 2025-01-24 10:39:53 orted exited on Node 2 of 8
...
008 (279404.000.000) 2025-01-24 10:39:53 orted exited on Node 7 of 8
...
008 (279404.000.000) 2025-01-24 10:39:53 orted exited on Node 6 of 8
...
008 (279404.000.000) 2025-01-24 10:39:53 orted exited on Node 1 of 8
...
008 (279404.000.000) 2025-01-24 10:39:53 orted exited on Node 5 of 8
...
008 (279404.000.000) 2025-01-24 10:39:53 orted exited on Node 0 of 8
...
008 (279404.000.000) 2025-01-24 10:39:53 orted exited on Node 3 of 8
...
015 (279404.000.002) 2025-01-24 10:39:54 Node 2 terminated.
	(1) Normal termination (return value 0)
		Usr 0 00:00:46, Sys 0 00:00:08  -  Run Remote Usage
		Usr 0 00:00:00, Sys 0 00:00:00  -  Run Local Usage
		Usr 0 00:00:46, Sys 0 00:00:08  -  Total Remote Usage
		Usr 0 00:00:00, Sys 0 00:00:00  -  Total Local Usage
	2165  -  Run Bytes Sent By Node
	33639  -  Run Bytes Received By Node
	2165  -  Total Bytes Sent By Node
	33639  -  Total Bytes Received By Node
...
015 (279404.000.004) 2025-01-24 10:39:54 Node 4 terminated.
	(1) Normal termination (return value 0)
		Usr 0 00:00:45, Sys 0 00:00:08  -  Run Remote Usage
		Usr 0 00:00:00, Sys 0 00:00:00  -  Run Local Usage
		Usr 0 00:00:45, Sys 0 00:00:08  -  Total Remote Usage
		Usr 0 00:00:00, Sys 0 00:00:00  -  Total Local Usage
	2165  -  Run Bytes Sent By Node
	33639  -  Run Bytes Received By Node
	2165  -  Total Bytes Sent By Node
	33639  -  Total Bytes Received By Node
...
015 (279404.000.006) 2025-01-24 10:39:54 Node 6 terminated.
	(1) Normal termination (return value 0)
		Usr 0 00:00:48, Sys 0 00:00:08  -  Run Remote Usage
		Usr 0 00:00:00, Sys 0 00:00:00  -  Run Local Usage
		Usr 0 00:00:48, Sys 0 00:00:08  -  Total Remote Usage
		Usr 0 00:00:00, Sys 0 00:00:00  -  Total Local Usage
	2165  -  Run Bytes Sent By Node
	33639  -  Run Bytes Received By Node
	2165  -  Total Bytes Sent By Node
	33639  -  Total Bytes Received By Node
...
015 (279404.000.001) 2025-01-24 10:39:54 Node 1 terminated.
	(1) Normal termination (return value 0)
		Usr 0 00:00:46, Sys 0 00:00:08  -  Run Remote Usage
		Usr 0 00:00:00, Sys 0 00:00:00  -  Run Local Usage
		Usr 0 00:00:46, Sys 0 00:00:08  -  Total Remote Usage
		Usr 0 00:00:00, Sys 0 00:00:00  -  Total Local Usage
	2165  -  Run Bytes Sent By Node
	33639  -  Run Bytes Received By Node
	2165  -  Total Bytes Sent By Node
	33639  -  Total Bytes Received By Node
...
015 (279404.000.003) 2025-01-24 10:39:54 Node 3 terminated.
	(1) Normal termination (return value 0)
		Usr 0 00:00:53, Sys 0 00:00:00  -  Run Remote Usage
		Usr 0 00:00:00, Sys 0 00:00:00  -  Run Local Usage
		Usr 0 00:00:53, Sys 0 00:00:00  -  Total Remote Usage
		Usr 0 00:00:00, Sys 0 00:00:00  -  Total Local Usage
	2165  -  Run Bytes Sent By Node
	33639  -  Run Bytes Received By Node
	2165  -  Total Bytes Sent By Node
	33639  -  Total Bytes Received By Node
...
015 (279404.000.005) 2025-01-24 10:39:54 Node 5 terminated.
	(1) Normal termination (return value 0)
		Usr 0 00:00:47, Sys 0 00:00:07  -  Run Remote Usage
		Usr 0 00:00:00, Sys 0 00:00:00  -  Run Local Usage
		Usr 0 00:00:47, Sys 0 00:00:07  -  Total Remote Usage
		Usr 0 00:00:00, Sys 0 00:00:00  -  Total Local Usage
	0  -  Run Bytes Sent By Node
	33639  -  Run Bytes Received By Node
	0  -  Total Bytes Sent By Node
	33639  -  Total Bytes Received By Node
...
015 (279404.000.007) 2025-01-24 10:39:54 Node 7 terminated.
	(1) Normal termination (return value 0)
		Usr 0 00:00:47, Sys 0 00:00:07  -  Run Remote Usage
		Usr 0 00:00:00, Sys 0 00:00:00  -  Run Local Usage
		Usr 0 00:00:47, Sys 0 00:00:07  -  Total Remote Usage
		Usr 0 00:00:00, Sys 0 00:00:00  -  Total Local Usage
	0  -  Run Bytes Sent By Node
	33639  -  Run Bytes Received By Node
	0  -  Total Bytes Sent By Node
	33639  -  Total Bytes Received By Node
...
015 (279404.000.000) 2025-01-24 10:39:55 Node 0 terminated.
	(1) Normal termination (return value 0)
		Usr 0 00:00:00, Sys 0 00:00:00  -  Run Remote Usage
		Usr 0 00:00:00, Sys 0 00:00:00  -  Run Local Usage
		Usr 0 00:00:00, Sys 0 00:00:00  -  Total Remote Usage
		Usr 0 00:00:00, Sys 0 00:00:00  -  Total Local Usage
	3265  -  Run Bytes Sent By Node
	33639  -  Run Bytes Received By Node
	3265  -  Total Bytes Sent By Node
	33639  -  Total Bytes Received By Node
...
005 (279404.000.000) 2025-01-24 10:39:56 Job terminated.
	(1) Normal termination (return value 0)
		Usr 0 00:05:32, Sys 0 00:00:46  -  Run Remote Usage
		Usr 0 00:00:00, Sys 0 00:00:00  -  Run Local Usage
		Usr 0 00:00:00, Sys 0 00:00:00  -  Total Remote Usage
		Usr 0 00:00:00, Sys 0 00:00:00  -  Total Local Usage
	14090  -  Run Bytes Sent By Job
	269112  -  Run Bytes Received By Job
	14090  -  Total Bytes Sent By Job
	269112  -  Total Bytes Received By Job
	Partitionable Resources :    Usage  Request Allocated 
	   Cpus                 :     1.00        1         1 
	   Disk (KB)            :    56          35    459874 
	   Memory (MB)          :   334       14851     20480 

	Job terminated of its own accord at 2025-01-24T10:39:53Z with exit-code 0.
...
