000 (273158.000.000) 2025-01-23 10:43:05 Job submitted from host: <192.168.0.102:9618?addrs=192.168.0.102-9618&alias=submitter&noUDP&sock=schedd_2032_5c88>
...
014 (273158.000.000) 2025-01-23 10:43:19 Node 0 executing on host: <192.168.0.140:9618?addrs=192.168.0.140-9618&alias=node140.di.rm1&noUDP&sock=startd_1890_f615>
...
014 (273158.000.001) 2025-01-23 10:43:19 Node 1 executing on host: <192.168.0.116:9618?addrs=192.168.0.116-9618&alias=node116.di.rm1&noUDP&sock=startd_1847_7783>
...
001 (273158.000.000) 2025-01-23 10:43:19 Job executing on host: MPI_job
...
008 (273158.000.000) 2025-01-23 10:43:21 Launching orted on Node 0 of 2
...
008 (273158.000.000) 2025-01-23 10:43:21 Launching orted on Node 1 of 2
...
008 (273158.000.000) 2025-01-23 10:43:22 orted exited on Node 1 of 2
...
008 (273158.000.000) 2025-01-23 10:43:22 orted exited on Node 0 of 2
...
015 (273158.000.001) 2025-01-23 10:43:22 Node 1 terminated.
	(1) Normal termination (return value 0)
		Usr 0 00:00:01, Sys 0 00:00:00  -  Run Remote Usage
		Usr 0 00:00:00, Sys 0 00:00:00  -  Run Local Usage
		Usr 0 00:00:01, Sys 0 00:00:00  -  Total Remote Usage
		Usr 0 00:00:00, Sys 0 00:00:00  -  Total Local Usage
	2165  -  Run Bytes Sent By Node
	33639  -  Run Bytes Received By Node
	2165  -  Total Bytes Sent By Node
	33639  -  Total Bytes Received By Node
...
015 (273158.000.000) 2025-01-23 10:43:22 Node 0 terminated.
	(1) Normal termination (return value 0)
		Usr 0 00:00:00, Sys 0 00:00:00  -  Run Remote Usage
		Usr 0 00:00:00, Sys 0 00:00:00  -  Run Local Usage
		Usr 0 00:00:00, Sys 0 00:00:00  -  Total Remote Usage
		Usr 0 00:00:00, Sys 0 00:00:00  -  Total Local Usage
	3257  -  Run Bytes Sent By Node
	33639  -  Run Bytes Received By Node
	3257  -  Total Bytes Sent By Node
	33639  -  Total Bytes Received By Node
...
005 (273158.000.000) 2025-01-23 10:43:22 Job terminated.
	(1) Normal termination (return value 0)
		Usr 0 00:00:01, Sys 0 00:00:00  -  Run Remote Usage
		Usr 0 00:00:00, Sys 0 00:00:00  -  Run Local Usage
		Usr 0 00:00:00, Sys 0 00:00:00  -  Total Remote Usage
		Usr 0 00:00:00, Sys 0 00:00:00  -  Total Local Usage
	5422  -  Run Bytes Sent By Job
	67278  -  Run Bytes Received By Job
	5422  -  Total Bytes Sent By Job
	67278  -  Total Bytes Received By Job
	Partitionable Resources :    Usage  Request Allocated 
	   Cpus                 :                 1         2 
	   Disk (KB)            :       49       35 103040641 
	   Memory (MB)          :        0        0    100096 

	Job terminated of its own accord at 2025-01-23T10:43:22Z with exit-code 0.
...
000 (277936.000.000) 2025-01-24 07:30:20 Job submitted from host: <192.168.0.102:9618?addrs=192.168.0.102-9618&alias=submitter&noUDP&sock=schedd_2032_5c88>
...
014 (277936.000.000) 2025-01-24 07:30:23 Node 0 executing on host: <192.168.0.149:9618?addrs=192.168.0.149-9618&alias=node149.di.rm1&noUDP&sock=startd_1551_6f7a>
...
014 (277936.000.001) 2025-01-24 07:30:23 Node 1 executing on host: <192.168.0.124:9618?addrs=192.168.0.124-9618&alias=node124.di.rm1&noUDP&sock=startd_2143_7f8b>
...
001 (277936.000.000) 2025-01-24 07:30:23 Job executing on host: MPI_job
...
008 (277936.000.000) 2025-01-24 07:30:25 Launching orted on Node 0 of 2
...
008 (277936.000.000) 2025-01-24 07:30:25 Launching orted on Node 1 of 2
...
008 (277936.000.000) 2025-01-24 07:30:26 orted exited on Node 1 of 2
...
008 (277936.000.000) 2025-01-24 07:30:26 orted exited on Node 0 of 2
...
015 (277936.000.000) 2025-01-24 07:30:26 Node 0 terminated.
	(1) Normal termination (return value 0)
		Usr 0 00:00:00, Sys 0 00:00:00  -  Run Remote Usage
		Usr 0 00:00:00, Sys 0 00:00:00  -  Run Local Usage
		Usr 0 00:00:00, Sys 0 00:00:00  -  Total Remote Usage
		Usr 0 00:00:00, Sys 0 00:00:00  -  Total Local Usage
	3257  -  Run Bytes Sent By Node
	33639  -  Run Bytes Received By Node
	3257  -  Total Bytes Sent By Node
	33639  -  Total Bytes Received By Node
...
005 (277936.000.000) 2025-01-24 07:30:26 Job terminated.
	(1) Normal termination (return value 0)
		Usr 0 00:00:00, Sys 0 00:00:00  -  Run Remote Usage
		Usr 0 00:00:00, Sys 0 00:00:00  -  Run Local Usage
		Usr 0 00:00:00, Sys 0 00:00:00  -  Total Remote Usage
		Usr 0 00:00:00, Sys 0 00:00:00  -  Total Local Usage
	3257  -  Run Bytes Sent By Job
	67278  -  Run Bytes Received By Job
	3257  -  Total Bytes Sent By Job
	67278  -  Total Bytes Received By Job
	Partitionable Resources :    Usage  Request Allocated 
	   Cpus                 :                 1         2 
	   Disk (KB)            :       49       35 102883670 
	   Memory (MB)          :        0        0    100096 

	Job terminated of its own accord at 2025-01-24T07:30:26Z with exit-code 0.
...
000 (286046.000.000) 2025-01-28 14:44:34 Job submitted from host: <192.168.0.102:9618?addrs=192.168.0.102-9618&alias=submitter&noUDP&sock=schedd_2032_5c88>
...
014 (286046.000.001) 2025-01-28 14:44:43 Node 1 executing on host: <192.168.0.145:9618?addrs=192.168.0.145-9618&alias=node145.di.rm1&noUDP&sock=startd_1869_8e98>
...
014 (286046.000.000) 2025-01-28 14:44:43 Node 0 executing on host: <192.168.0.124:9618?addrs=192.168.0.124-9618&alias=node124.di.rm1&noUDP&sock=startd_2143_7f8b>
...
001 (286046.000.000) 2025-01-28 14:44:43 Job executing on host: MPI_job
...
008 (286046.000.000) 2025-01-28 14:44:45 Launching orted on Node 1 of 2
...
008 (286046.000.000) 2025-01-28 14:44:46 Launching orted on Node 0 of 2
...
008 (286046.000.000) 2025-01-28 14:44:46 orted exited on Node 1 of 2
...
008 (286046.000.000) 2025-01-28 14:44:46 orted exited on Node 0 of 2
...
015 (286046.000.001) 2025-01-28 14:44:46 Node 1 terminated.
	(1) Normal termination (return value 0)
		Usr 0 00:00:00, Sys 0 00:00:00  -  Run Remote Usage
		Usr 0 00:00:00, Sys 0 00:00:00  -  Run Local Usage
		Usr 0 00:00:00, Sys 0 00:00:00  -  Total Remote Usage
		Usr 0 00:00:00, Sys 0 00:00:00  -  Total Local Usage
	2165  -  Run Bytes Sent By Node
	33591  -  Run Bytes Received By Node
	2165  -  Total Bytes Sent By Node
	33591  -  Total Bytes Received By Node
...
015 (286046.000.000) 2025-01-28 14:44:47 Node 0 terminated.
	(1) Normal termination (return value 0)
		Usr 0 00:00:01, Sys 0 00:00:00  -  Run Remote Usage
		Usr 0 00:00:00, Sys 0 00:00:00  -  Run Local Usage
		Usr 0 00:00:01, Sys 0 00:00:00  -  Total Remote Usage
		Usr 0 00:00:00, Sys 0 00:00:00  -  Total Local Usage
	3667  -  Run Bytes Sent By Node
	33591  -  Run Bytes Received By Node
	3667  -  Total Bytes Sent By Node
	33591  -  Total Bytes Received By Node
...
005 (286046.000.000) 2025-01-28 14:44:47 Job terminated.
	(1) Normal termination (return value 0)
		Usr 0 00:00:01, Sys 0 00:00:00  -  Run Remote Usage
		Usr 0 00:00:00, Sys 0 00:00:00  -  Run Local Usage
		Usr 0 00:00:01, Sys 0 00:00:00  -  Total Remote Usage
		Usr 0 00:00:00, Sys 0 00:00:00  -  Total Local Usage
	5832  -  Run Bytes Sent By Job
	67182  -  Run Bytes Received By Job
	5832  -  Total Bytes Sent By Job
	67182  -  Total Bytes Received By Job
	Partitionable Resources :    Usage  Request Allocated 
	   Cpus                 :                 1         1 
	   Disk (KB)            :       51       35  21469963 
	   GPUs                 :                           1 
	   Memory (MB)          :        0        0     20480 

	Job terminated of its own accord at 2025-01-28T14:44:46Z with exit-code 0.
...
