000 (290246.000.000) 2025-01-29 12:36:37 Job submitted from host: <192.168.0.102:9618?addrs=192.168.0.102-9618&alias=submitter&noUDP&sock=schedd_2032_5c88>
...
014 (290246.000.003) 2025-01-29 12:36:48 Node 3 executing on host: <192.168.0.148:9618?addrs=192.168.0.148-9618&alias=node148.di.rm1&noUDP&sock=startd_1547_b119>
...
014 (290246.000.001) 2025-01-29 12:36:48 Node 1 executing on host: <192.168.0.151:9618?addrs=192.168.0.151-9618&alias=node151.di.rm1&noUDP&sock=startd_1528_a8cd>
...
014 (290246.000.006) 2025-01-29 12:36:48 Node 6 executing on host: <192.168.0.112:9618?addrs=192.168.0.112-9618&alias=node112.di.rm1&noUDP&sock=startd_2169_5502>
...
014 (290246.000.007) 2025-01-29 12:36:48 Node 7 executing on host: <192.168.0.137:9618?addrs=192.168.0.137-9618&alias=node137.di.rm1&noUDP&sock=startd_1934_2440>
...
014 (290246.000.000) 2025-01-29 12:36:48 Node 0 executing on host: <192.168.0.116:9618?addrs=192.168.0.116-9618&alias=node116.di.rm1&noUDP&sock=startd_1847_7783>
...
014 (290246.000.002) 2025-01-29 12:36:48 Node 2 executing on host: <192.168.0.111:9618?addrs=192.168.0.111-9618&alias=node111.di.rm1&noUDP&sock=startd_2044_97ab>
...
014 (290246.000.005) 2025-01-29 12:36:48 Node 5 executing on host: <192.168.0.110:9618?addrs=192.168.0.110-9618&alias=node110.di.rm1&noUDP&sock=startd_2185_4e86>
...
014 (290246.000.004) 2025-01-29 12:36:48 Node 4 executing on host: <192.168.0.124:9618?addrs=192.168.0.124-9618&alias=node124.di.rm1&noUDP&sock=startd_2143_7f8b>
...
001 (290246.000.000) 2025-01-29 12:36:48 Job executing on host: MPI_job
...
008 (290246.000.000) 2025-01-29 12:36:50 Launching orted on Node 3 of 8
...
008 (290246.000.000) 2025-01-29 12:36:50 Launching orted on Node 1 of 8
...
008 (290246.000.000) 2025-01-29 12:36:50 Launching orted on Node 6 of 8
...
008 (290246.000.000) 2025-01-29 12:36:50 Launching orted on Node 7 of 8
...
008 (290246.000.000) 2025-01-29 12:36:50 Launching orted on Node 0 of 8
...
008 (290246.000.000) 2025-01-29 12:36:50 Launching orted on Node 2 of 8
...
008 (290246.000.000) 2025-01-29 12:36:50 Launching orted on Node 5 of 8
...
008 (290246.000.000) 2025-01-29 12:36:51 Launching orted on Node 4 of 8
...
008 (290246.000.000) 2025-01-29 12:36:51 orted exited on Node 2 of 8
...
008 (290246.000.000) 2025-01-29 12:36:51 orted exited on Node 6 of 8
...
008 (290246.000.000) 2025-01-29 12:36:51 orted exited on Node 3 of 8
...
008 (290246.000.000) 2025-01-29 12:36:51 orted exited on Node 0 of 8
...
008 (290246.000.000) 2025-01-29 12:36:51 orted exited on Node 1 of 8
...
008 (290246.000.000) 2025-01-29 12:36:51 orted exited on Node 7 of 8
...
008 (290246.000.000) 2025-01-29 12:36:51 orted exited on Node 5 of 8
...
008 (290246.000.000) 2025-01-29 12:36:51 orted exited on Node 4 of 8
...
015 (290246.000.003) 2025-01-29 12:36:51 Node 3 terminated.
	(1) Normal termination (return value 0)
		Usr 0 00:00:00, Sys 0 00:00:01  -  Run Remote Usage
		Usr 0 00:00:00, Sys 0 00:00:00  -  Run Local Usage
		Usr 0 00:00:00, Sys 0 00:00:01  -  Total Remote Usage
		Usr 0 00:00:00, Sys 0 00:00:00  -  Total Local Usage
	2341  -  Run Bytes Sent By Node
	33791  -  Run Bytes Received By Node
	2341  -  Total Bytes Sent By Node
	33791  -  Total Bytes Received By Node
...
015 (290246.000.007) 2025-01-29 12:36:51 Node 7 terminated.
	(1) Normal termination (return value 0)
		Usr 0 00:00:00, Sys 0 00:00:01  -  Run Remote Usage
		Usr 0 00:00:00, Sys 0 00:00:00  -  Run Local Usage
		Usr 0 00:00:00, Sys 0 00:00:01  -  Total Remote Usage
		Usr 0 00:00:00, Sys 0 00:00:00  -  Total Local Usage
	2341  -  Run Bytes Sent By Node
	33791  -  Run Bytes Received By Node
	2341  -  Total Bytes Sent By Node
	33791  -  Total Bytes Received By Node
...
015 (290246.000.006) 2025-01-29 12:36:51 Node 6 terminated.
	(1) Normal termination (return value 0)
		Usr 0 00:00:00, Sys 0 00:00:01  -  Run Remote Usage
		Usr 0 00:00:00, Sys 0 00:00:00  -  Run Local Usage
		Usr 0 00:00:00, Sys 0 00:00:01  -  Total Remote Usage
		Usr 0 00:00:00, Sys 0 00:00:00  -  Total Local Usage
	2363  -  Run Bytes Sent By Node
	33791  -  Run Bytes Received By Node
	2363  -  Total Bytes Sent By Node
	33791  -  Total Bytes Received By Node
...
015 (290246.000.001) 2025-01-29 12:36:51 Node 1 terminated.
	(1) Normal termination (return value 0)
		Usr 0 00:00:00, Sys 0 00:00:01  -  Run Remote Usage
		Usr 0 00:00:00, Sys 0 00:00:00  -  Run Local Usage
		Usr 0 00:00:00, Sys 0 00:00:01  -  Total Remote Usage
		Usr 0 00:00:00, Sys 0 00:00:00  -  Total Local Usage
	2341  -  Run Bytes Sent By Node
	33791  -  Run Bytes Received By Node
	2341  -  Total Bytes Sent By Node
	33791  -  Total Bytes Received By Node
...
015 (290246.000.002) 2025-01-29 12:36:51 Node 2 terminated.
	(1) Normal termination (return value 0)
		Usr 0 00:00:01, Sys 0 00:00:01  -  Run Remote Usage
		Usr 0 00:00:00, Sys 0 00:00:00  -  Run Local Usage
		Usr 0 00:00:01, Sys 0 00:00:01  -  Total Remote Usage
		Usr 0 00:00:00, Sys 0 00:00:00  -  Total Local Usage
	2363  -  Run Bytes Sent By Node
	33791  -  Run Bytes Received By Node
	2363  -  Total Bytes Sent By Node
	33791  -  Total Bytes Received By Node
...
015 (290246.000.000) 2025-01-29 12:36:51 Node 0 terminated.
	(1) Normal termination (return value 0)
		Usr 0 00:00:00, Sys 0 00:00:00  -  Run Remote Usage
		Usr 0 00:00:00, Sys 0 00:00:00  -  Run Local Usage
		Usr 0 00:00:00, Sys 0 00:00:00  -  Total Remote Usage
		Usr 0 00:00:00, Sys 0 00:00:00  -  Total Local Usage
	3440  -  Run Bytes Sent By Node
	33791  -  Run Bytes Received By Node
	3440  -  Total Bytes Sent By Node
	33791  -  Total Bytes Received By Node
...
005 (290246.000.000) 2025-01-29 12:36:52 Job terminated.
	(1) Normal termination (return value 0)
		Usr 0 00:00:01, Sys 0 00:00:07  -  Run Remote Usage
		Usr 0 00:00:00, Sys 0 00:00:00  -  Run Local Usage
		Usr 0 00:00:00, Sys 0 00:00:00  -  Total Remote Usage
		Usr 0 00:00:00, Sys 0 00:00:00  -  Total Local Usage
	15189  -  Run Bytes Sent By Job
	270328  -  Run Bytes Received By Job
	15189  -  Total Bytes Sent By Job
	270328  -  Total Bytes Received By Job
	Partitionable Resources :    Usage  Request Allocated 
	   Cpus                 :                 8         8 
	   Disk (KB)            :       51       35    474557 
	   Memory (MB)          :        0        1       128 

	Job terminated of its own accord at 2025-01-29T12:36:51Z with exit-code 0.
...
