000 (269666.000.000) 2025-01-21 22:55:46 Job submitted from host: <192.168.0.102:9618?addrs=192.168.0.102-9618&alias=submitter&noUDP&sock=schedd_2032_5c88>
...
001 (269666.000.000) 2025-01-21 22:55:51 Job executing on host: <192.168.0.151:9618?addrs=192.168.0.151-9618&alias=node151.di.rm1&noUDP&sock=startd_1528_a8cd>
...
006 (269666.000.000) 2025-01-21 22:56:01 Image size of job updated: 474700
	464  -  MemoryUsage of job (MB)
	474700  -  ResidentSetSize of job (KB)
...
006 (269666.000.000) 2025-01-21 22:56:49 Image size of job updated: 3006240
	475  -  MemoryUsage of job (MB)
	485392  -  ResidentSetSize of job (KB)
...
004 (269666.000.000) 2025-01-21 22:56:49 Job was evicted.
	(0) CPU times
		Usr 0 00:00:53, Sys 0 00:00:01  -  Run Remote Usage
		Usr 0 00:00:00, Sys 0 00:00:00  -  Run Local Usage
	0  -  Run Bytes Sent By Job
	0  -  Run Bytes Received By Job
	Partitionable Resources :    Usage  Request Allocated 
	   Cpus                 :                 1         1 
	   Disk (KB)            :       27       27    474791 
	   Memory (MB)          :      475        1       128 
...
009 (269666.000.000) 2025-01-21 22:56:49 Job was aborted.
	via condor_rm (by user calzona_2046920)
...
