000 (274124.000.000) 2025-01-23 11:37:42 Job submitted from host: <192.168.0.102:9618?addrs=192.168.0.102-9618&alias=submitter&noUDP&sock=schedd_2032_5c88>
...
014 (274124.000.001) 2025-01-23 11:37:49 Node 1 executing on host: <192.168.0.151:9618?addrs=192.168.0.151-9618&alias=node151.di.rm1&noUDP&sock=startd_1528_a8cd>
...
014 (274124.000.003) 2025-01-23 11:37:49 Node 3 executing on host: <192.168.0.137:9618?addrs=192.168.0.137-9618&alias=node137.di.rm1&noUDP&sock=startd_1934_2440>
...
014 (274124.000.000) 2025-01-23 11:37:49 Node 0 executing on host: <192.168.0.111:9618?addrs=192.168.0.111-9618&alias=node111.di.rm1&noUDP&sock=startd_2044_97ab>
...
014 (274124.000.002) 2025-01-23 11:37:49 Node 2 executing on host: <192.168.0.140:9618?addrs=192.168.0.140-9618&alias=node140.di.rm1&noUDP&sock=startd_1890_f615>
...
001 (274124.000.000) 2025-01-23 11:37:49 Job executing on host: MPI_job
...
008 (274124.000.000) 2025-01-23 11:37:51 Launching orted on Node 3 of 4
...
008 (274124.000.000) 2025-01-23 11:37:51 Launching orted on Node 1 of 4
...
008 (274124.000.000) 2025-01-23 11:37:51 Launching orted on Node 0 of 4
...
008 (274124.000.000) 2025-01-23 11:37:52 Launching orted on Node 2 of 4
...
008 (274124.000.000) 2025-01-23 11:37:54 orted exited on Node 2 of 4
...
008 (274124.000.000) 2025-01-23 11:37:54 orted exited on Node 1 of 4
...
008 (274124.000.000) 2025-01-23 11:37:54 orted exited on Node 3 of 4
...
008 (274124.000.000) 2025-01-23 11:37:54 orted exited on Node 0 of 4
...
015 (274124.000.003) 2025-01-23 11:37:54 Node 3 terminated.
	(1) Normal termination (return value 0)
		Usr 0 00:00:02, Sys 0 00:00:00  -  Run Remote Usage
		Usr 0 00:00:00, Sys 0 00:00:00  -  Run Local Usage
		Usr 0 00:00:02, Sys 0 00:00:00  -  Total Remote Usage
		Usr 0 00:00:00, Sys 0 00:00:00  -  Total Local Usage
	2165  -  Run Bytes Sent By Node
	33639  -  Run Bytes Received By Node
	2165  -  Total Bytes Sent By Node
	33639  -  Total Bytes Received By Node
...
015 (274124.000.001) 2025-01-23 11:37:54 Node 1 terminated.
	(1) Normal termination (return value 0)
		Usr 0 00:00:02, Sys 0 00:00:00  -  Run Remote Usage
		Usr 0 00:00:00, Sys 0 00:00:00  -  Run Local Usage
		Usr 0 00:00:02, Sys 0 00:00:00  -  Total Remote Usage
		Usr 0 00:00:00, Sys 0 00:00:00  -  Total Local Usage
	2165  -  Run Bytes Sent By Node
	33639  -  Run Bytes Received By Node
	2165  -  Total Bytes Sent By Node
	33639  -  Total Bytes Received By Node
...
015 (274124.000.000) 2025-01-23 11:37:54 Node 0 terminated.
	(1) Normal termination (return value 0)
		Usr 0 00:00:00, Sys 0 00:00:00  -  Run Remote Usage
		Usr 0 00:00:00, Sys 0 00:00:00  -  Run Local Usage
		Usr 0 00:00:00, Sys 0 00:00:00  -  Total Remote Usage
		Usr 0 00:00:00, Sys 0 00:00:00  -  Total Local Usage
	3306  -  Run Bytes Sent By Node
	33639  -  Run Bytes Received By Node
	3306  -  Total Bytes Sent By Node
	33639  -  Total Bytes Received By Node
...
005 (274124.000.000) 2025-01-23 11:37:54 Job terminated.
	(1) Normal termination (return value 0)
		Usr 0 00:00:06, Sys 0 00:00:00  -  Run Remote Usage
		Usr 0 00:00:00, Sys 0 00:00:00  -  Run Local Usage
		Usr 0 00:00:00, Sys 0 00:00:00  -  Total Remote Usage
		Usr 0 00:00:00, Sys 0 00:00:00  -  Total Local Usage
	7636  -  Run Bytes Sent By Job
	134556  -  Run Bytes Received By Job
	7636  -  Total Bytes Sent By Job
	134556  -  Total Bytes Received By Job
	Partitionable Resources :    Usage  Request Allocated 
	   Cpus                 :                 1         2 
	   Disk (KB)            :       50       35 102972620 
	   GPUs                 :                           0 
	   Memory (MB)          :        0      228    100096 

	Job terminated of its own accord at 2025-01-23T11:37:54Z with exit-code 0.
...
000 (278863.000.000) 2025-01-24 09:39:59 Job submitted from host: <192.168.0.102:9618?addrs=192.168.0.102-9618&alias=submitter&noUDP&sock=schedd_2032_5c88>
...
014 (278863.000.002) 2025-01-24 09:40:06 Node 2 executing on host: <192.168.0.147:9618?addrs=192.168.0.147-9618&alias=node147.di.rm1&noUDP&sock=startd_1513_5ee1>
...
014 (278863.000.003) 2025-01-24 09:40:06 Node 3 executing on host: <192.168.0.151:9618?addrs=192.168.0.151-9618&alias=node151.di.rm1&noUDP&sock=startd_1528_a8cd>
...
014 (278863.000.001) 2025-01-24 09:40:06 Node 1 executing on host: <192.168.0.108:9618?addrs=192.168.0.108-9618&alias=node108.di.rm1&noUDP&sock=startd_1979_0203>
...
014 (278863.000.000) 2025-01-24 09:40:07 Node 0 executing on host: <192.168.0.141:9618?addrs=192.168.0.141-9618&alias=node141.di.rm1&noUDP&sock=startd_2077_3a4b>
...
001 (278863.000.000) 2025-01-24 09:40:07 Job executing on host: MPI_job
...
008 (278863.000.000) 2025-01-24 09:40:09 Launching orted on Node 1 of 4
...
008 (278863.000.000) 2025-01-24 09:40:10 Launching orted on Node 2 of 4
...
008 (278863.000.000) 2025-01-24 09:40:10 Launching orted on Node 0 of 4
...
008 (278863.000.000) 2025-01-24 09:40:10 Launching orted on Node 3 of 4
...
008 (278863.000.000) 2025-01-24 09:40:13 orted exited on Node 3 of 4
...
008 (278863.000.000) 2025-01-24 09:40:13 orted exited on Node 1 of 4
...
008 (278863.000.000) 2025-01-24 09:40:13 orted exited on Node 2 of 4
...
008 (278863.000.000) 2025-01-24 09:40:13 orted exited on Node 0 of 4
...
015 (278863.000.002) 2025-01-24 09:40:13 Node 2 terminated.
	(1) Normal termination (return value 0)
		Usr 0 00:00:02, Sys 0 00:00:00  -  Run Remote Usage
		Usr 0 00:00:00, Sys 0 00:00:00  -  Run Local Usage
		Usr 0 00:00:02, Sys 0 00:00:00  -  Total Remote Usage
		Usr 0 00:00:00, Sys 0 00:00:00  -  Total Local Usage
	2165  -  Run Bytes Sent By Node
	33639  -  Run Bytes Received By Node
	2165  -  Total Bytes Sent By Node
	33639  -  Total Bytes Received By Node
...
015 (278863.000.003) 2025-01-24 09:40:13 Node 3 terminated.
	(1) Normal termination (return value 0)
		Usr 0 00:00:02, Sys 0 00:00:00  -  Run Remote Usage
		Usr 0 00:00:00, Sys 0 00:00:00  -  Run Local Usage
		Usr 0 00:00:02, Sys 0 00:00:00  -  Total Remote Usage
		Usr 0 00:00:00, Sys 0 00:00:00  -  Total Local Usage
	2165  -  Run Bytes Sent By Node
	33639  -  Run Bytes Received By Node
	2165  -  Total Bytes Sent By Node
	33639  -  Total Bytes Received By Node
...
015 (278863.000.001) 2025-01-24 09:40:13 Node 1 terminated.
	(1) Normal termination (return value 0)
		Usr 0 00:00:02, Sys 0 00:00:00  -  Run Remote Usage
		Usr 0 00:00:00, Sys 0 00:00:00  -  Run Local Usage
		Usr 0 00:00:02, Sys 0 00:00:00  -  Total Remote Usage
		Usr 0 00:00:00, Sys 0 00:00:00  -  Total Local Usage
	2165  -  Run Bytes Sent By Node
	33639  -  Run Bytes Received By Node
	2165  -  Total Bytes Sent By Node
	33639  -  Total Bytes Received By Node
...
015 (278863.000.000) 2025-01-24 09:40:13 Node 0 terminated.
	(1) Normal termination (return value 0)
		Usr 0 00:00:00, Sys 0 00:00:00  -  Run Remote Usage
		Usr 0 00:00:00, Sys 0 00:00:00  -  Run Local Usage
		Usr 0 00:00:00, Sys 0 00:00:00  -  Total Remote Usage
		Usr 0 00:00:00, Sys 0 00:00:00  -  Total Local Usage
	3262  -  Run Bytes Sent By Node
	33639  -  Run Bytes Received By Node
	3262  -  Total Bytes Sent By Node
	33639  -  Total Bytes Received By Node
...
005 (278863.000.000) 2025-01-24 09:40:13 Job terminated.
	(1) Normal termination (return value 0)
		Usr 0 00:00:06, Sys 0 00:00:00  -  Run Remote Usage
		Usr 0 00:00:00, Sys 0 00:00:00  -  Run Local Usage
		Usr 0 00:00:00, Sys 0 00:00:00  -  Total Remote Usage
		Usr 0 00:00:00, Sys 0 00:00:00  -  Total Local Usage
	9757  -  Run Bytes Sent By Job
	134556  -  Run Bytes Received By Job
	9757  -  Total Bytes Sent By Job
	134556  -  Total Bytes Received By Job
	Partitionable Resources :    Usage  Request Allocated 
	   Cpus                 :                 1         1 
	   Disk (KB)            :       49       35    459831 
	   Memory (MB)          :        0      277     20480 

	Job terminated of its own accord at 2025-01-24T09:40:13Z with exit-code 0.
...
