000 (271050.000.000) 2025-01-22 00:37:38 Job submitted from host: <192.168.0.102:9618?addrs=192.168.0.102-9618&alias=submitter&noUDP&sock=schedd_2032_5c88>
...
001 (271050.000.000) 2025-01-22 00:37:57 Job executing on host: <192.168.0.147:9618?addrs=192.168.0.147-9618&alias=node147.di.rm1&noUDP&sock=startd_1513_5ee1>
...
006 (271050.000.000) 2025-01-22 00:38:06 Image size of job updated: 455664
	445  -  MemoryUsage of job (MB)
	455664  -  ResidentSetSize of job (KB)
...
006 (271050.000.000) 2025-01-22 00:38:39 Image size of job updated: 1964160
	446  -  MemoryUsage of job (MB)
	456192  -  ResidentSetSize of job (KB)
...
004 (271050.000.000) 2025-01-22 00:38:39 Job was evicted.
	(0) CPU times
		Usr 0 00:00:40, Sys 0 00:00:01  -  Run Remote Usage
		Usr 0 00:00:00, Sys 0 00:00:00  -  Run Local Usage
	0  -  Run Bytes Sent By Job
	0  -  Run Bytes Received By Job
	Partitionable Resources :    Usage  Request Allocated 
	   Cpus                 :                 1         1 
	   Disk (KB)            :       27       27    469805 
	   Memory (MB)          :      446        1       128 
...
009 (271050.000.000) 2025-01-22 00:38:39 Job was aborted.
	via condor_rm (by user calzona_2046920)
...
