000 (280947.000.000) 2025-01-25 18:20:47 Job submitted from host: <192.168.0.102:9618?addrs=192.168.0.102-9618&alias=submitter&noUDP&sock=schedd_2032_5c88>
...
014 (280947.000.000) 2025-01-25 18:20:54 Node 0 executing on host: <192.168.0.146:9618?addrs=192.168.0.146-9618&alias=node146.di.rm1&noUDP&sock=startd_1984_6ffc>
...
014 (280947.000.001) 2025-01-25 18:20:54 Node 1 executing on host: <192.168.0.111:9618?addrs=192.168.0.111-9618&alias=node111.di.rm1&noUDP&sock=startd_2044_97ab>
...
014 (280947.000.003) 2025-01-25 18:20:54 Node 3 executing on host: <192.168.0.151:9618?addrs=192.168.0.151-9618&alias=node151.di.rm1&noUDP&sock=startd_1528_a8cd>
...
014 (280947.000.002) 2025-01-25 18:20:54 Node 2 executing on host: <192.168.0.112:9618?addrs=192.168.0.112-9618&alias=node112.di.rm1&noUDP&sock=startd_2169_5502>
...
001 (280947.000.000) 2025-01-25 18:20:54 Job executing on host: MPI_job
...
008 (280947.000.000) 2025-01-25 18:20:56 Launching orted on Node 0 of 4
...
008 (280947.000.000) 2025-01-25 18:20:56 Launching orted on Node 1 of 4
...
008 (280947.000.000) 2025-01-25 18:20:56 Launching orted on Node 3 of 4
...
008 (280947.000.000) 2025-01-25 18:20:56 Launching orted on Node 2 of 4
...
008 (280947.000.000) 2025-01-25 18:21:05 orted exited on Node 2 of 4
...
008 (280947.000.000) 2025-01-25 18:21:05 orted exited on Node 0 of 4
...
008 (280947.000.000) 2025-01-25 18:21:05 orted exited on Node 3 of 4
...
008 (280947.000.000) 2025-01-25 18:21:05 orted exited on Node 1 of 4
...
015 (280947.000.000) 2025-01-25 18:21:05 Node 0 terminated.
	(1) Normal termination (return value 0)
		Usr 0 00:00:05, Sys 0 00:00:00  -  Run Remote Usage
		Usr 0 00:00:00, Sys 0 00:00:00  -  Run Local Usage
		Usr 0 00:00:05, Sys 0 00:00:00  -  Total Remote Usage
		Usr 0 00:00:00, Sys 0 00:00:00  -  Total Local Usage
	3263  -  Run Bytes Sent By Node
	33639  -  Run Bytes Received By Node
	3263  -  Total Bytes Sent By Node
	33639  -  Total Bytes Received By Node
...
005 (280947.000.000) 2025-01-25 18:21:05 Job terminated.
	(1) Normal termination (return value 0)
		Usr 0 00:00:27, Sys 0 00:00:02  -  Run Remote Usage
		Usr 0 00:00:00, Sys 0 00:00:00  -  Run Local Usage
		Usr 0 00:00:05, Sys 0 00:00:00  -  Total Remote Usage
		Usr 0 00:00:00, Sys 0 00:00:00  -  Total Local Usage
	3263  -  Run Bytes Sent By Job
	134556  -  Run Bytes Received By Job
	3263  -  Total Bytes Sent By Job
	134556  -  Total Bytes Received By Job
	Partitionable Resources :    Usage  Request Allocated 
	   Cpus                 :                 1         2 
	   Disk (KB)            :       49       35 103077319 
	   Memory (MB)          :      268        0    100096 

	Job terminated of its own accord at 2025-01-25T18:21:05Z with exit-code 0.
...
