000 (264010.000.000) 2025-01-17 11:21:09 Job submitted from host: <192.168.0.102:9618?addrs=192.168.0.102-9618&alias=submitter&noUDP&sock=schedd_2032_5c88>
...
001 (264010.000.000) 2025-01-17 11:21:13 Job executing on host: <192.168.0.149:9618?addrs=192.168.0.149-9618&alias=node149.di.rm1&noUDP&sock=startd_1551_6f7a>
...
006 (264010.000.000) 2025-01-17 11:21:21 Image size of job updated: 380108
	368  -  MemoryUsage of job (MB)
	376332  -  ResidentSetSize of job (KB)
...
006 (264010.000.000) 2025-01-17 11:26:21 Image size of job updated: 14513004
	14173  -  MemoryUsage of job (MB)
	14513004  -  ResidentSetSize of job (KB)
...
006 (264010.000.000) 2025-01-17 11:31:23 Image size of job updated: 29031024
	28351  -  MemoryUsage of job (MB)
	29031024  -  ResidentSetSize of job (KB)
...
006 (264010.000.000) 2025-01-17 11:33:18 Image size of job updated: 34260264
	28351  -  MemoryUsage of job (MB)
	29031156  -  ResidentSetSize of job (KB)
...
004 (264010.000.000) 2025-01-17 11:33:18 Job was evicted.
	(0) CPU times
		Usr 0 00:11:33, Sys 0 00:00:20  -  Run Remote Usage
		Usr 0 00:00:00, Sys 0 00:00:00  -  Run Local Usage
	0  -  Run Bytes Sent By Job
	0  -  Run Bytes Received By Job
	Partitionable Resources :    Usage  Request Allocated 
	   Cpus                 :     1.00        1         1 
	   Disk (KB)            :    27          27    471944 
	   Memory (MB)          : 28351           1       128 
...
009 (264010.000.000) 2025-01-17 11:33:18 Job was aborted.
	via condor_rm (by user calzona_2046920)
...
