000 (272967.000.000) 2025-01-23 10:19:24 Job submitted from host: <192.168.0.102:9618?addrs=192.168.0.102-9618&alias=submitter&noUDP&sock=schedd_2032_5c88>
...
014 (272967.000.001) 2025-01-23 10:19:32 Node 1 executing on host: <192.168.0.139:9618?addrs=192.168.0.139-9618&alias=node139.di.rm1&noUDP&sock=startd_1966_1748>
...
014 (272967.000.000) 2025-01-23 10:19:32 Node 0 executing on host: <192.168.0.123:9618?addrs=192.168.0.123-9618&alias=node123.di.rm1&noUDP&sock=startd_2149_9d1d>
...
001 (272967.000.000) 2025-01-23 10:19:32 Job executing on host: MPI_job
...
008 (272967.000.000) 2025-01-23 10:19:34 Launching orted on Node 0 of 2
...
008 (272967.000.000) 2025-01-23 10:19:34 Launching orted on Node 1 of 2
...
008 (272967.000.000) 2025-01-23 10:19:35 orted exited on Node 0 of 2
...
008 (272967.000.000) 2025-01-23 10:19:35 orted exited on Node 1 of 2
...
015 (272967.000.001) 2025-01-23 10:19:35 Node 1 terminated.
	(1) Normal termination (return value 0)
		Usr 0 00:00:00, Sys 0 00:00:00  -  Run Remote Usage
		Usr 0 00:00:00, Sys 0 00:00:00  -  Run Local Usage
		Usr 0 00:00:00, Sys 0 00:00:00  -  Total Remote Usage
		Usr 0 00:00:00, Sys 0 00:00:00  -  Total Local Usage
	2165  -  Run Bytes Sent By Node
	33639  -  Run Bytes Received By Node
	2165  -  Total Bytes Sent By Node
	33639  -  Total Bytes Received By Node
...
015 (272967.000.000) 2025-01-23 10:19:35 Node 0 terminated.
	(1) Normal termination (return value 0)
		Usr 0 00:00:00, Sys 0 00:00:00  -  Run Remote Usage
		Usr 0 00:00:00, Sys 0 00:00:00  -  Run Local Usage
		Usr 0 00:00:00, Sys 0 00:00:00  -  Total Remote Usage
		Usr 0 00:00:00, Sys 0 00:00:00  -  Total Local Usage
	3300  -  Run Bytes Sent By Node
	33639  -  Run Bytes Received By Node
	3300  -  Total Bytes Sent By Node
	33639  -  Total Bytes Received By Node
...
005 (272967.000.000) 2025-01-23 10:19:35 Job terminated.
	(1) Normal termination (return value 0)
		Usr 0 00:00:00, Sys 0 00:00:00  -  Run Remote Usage
		Usr 0 00:00:00, Sys 0 00:00:00  -  Run Local Usage
		Usr 0 00:00:00, Sys 0 00:00:00  -  Total Remote Usage
		Usr 0 00:00:00, Sys 0 00:00:00  -  Total Local Usage
	5465  -  Run Bytes Sent By Job
	67278  -  Run Bytes Received By Job
	5465  -  Total Bytes Sent By Job
	67278  -  Total Bytes Received By Job
	Partitionable Resources :    Usage  Request Allocated 
	   Cpus                 :                 1         2 
	   Disk (KB)            :       49       35 102979196 
	   GPUs                 :                           0 
	   Memory (MB)          :        0        0    100096 

	Job terminated of its own accord at 2025-01-23T10:19:35Z with exit-code 0.
...
000 (273284.000.000) 2025-01-23 10:51:39 Job submitted from host: <192.168.0.102:9618?addrs=192.168.0.102-9618&alias=submitter&noUDP&sock=schedd_2032_5c88>
...
014 (273284.000.000) 2025-01-23 10:51:46 Node 0 executing on host: <192.168.0.116:9618?addrs=192.168.0.116-9618&alias=node116.di.rm1&noUDP&sock=startd_1847_7783>
...
014 (273284.000.001) 2025-01-23 10:51:46 Node 1 executing on host: <192.168.0.111:9618?addrs=192.168.0.111-9618&alias=node111.di.rm1&noUDP&sock=startd_2044_97ab>
...
001 (273284.000.000) 2025-01-23 10:51:46 Job executing on host: MPI_job
...
008 (273284.000.000) 2025-01-23 10:51:48 Launching orted on Node 0 of 2
...
008 (273284.000.000) 2025-01-23 10:51:49 Launching orted on Node 1 of 2
...
008 (273284.000.000) 2025-01-23 10:51:49 orted exited on Node 0 of 2
...
008 (273284.000.000) 2025-01-23 10:51:49 orted exited on Node 1 of 2
...
015 (273284.000.000) 2025-01-23 10:51:49 Node 0 terminated.
	(1) Normal termination (return value 0)
		Usr 0 00:00:00, Sys 0 00:00:01  -  Run Remote Usage
		Usr 0 00:00:00, Sys 0 00:00:00  -  Run Local Usage
		Usr 0 00:00:00, Sys 0 00:00:01  -  Total Remote Usage
		Usr 0 00:00:00, Sys 0 00:00:00  -  Total Local Usage
	3620  -  Run Bytes Sent By Node
	33639  -  Run Bytes Received By Node
	3620  -  Total Bytes Sent By Node
	33639  -  Total Bytes Received By Node
...
005 (273284.000.000) 2025-01-23 10:51:49 Job terminated.
	(1) Normal termination (return value 0)
		Usr 0 00:00:00, Sys 0 00:00:01  -  Run Remote Usage
		Usr 0 00:00:00, Sys 0 00:00:00  -  Run Local Usage
		Usr 0 00:00:00, Sys 0 00:00:01  -  Total Remote Usage
		Usr 0 00:00:00, Sys 0 00:00:00  -  Total Local Usage
	3620  -  Run Bytes Sent By Job
	67278  -  Run Bytes Received By Job
	3620  -  Total Bytes Sent By Job
	67278  -  Total Bytes Received By Job
	Partitionable Resources :    Usage  Request Allocated 
	   Cpus                 :                 1         2 
	   Disk (KB)            :       49       35 102978738 
	   Memory (MB)          :        0        0    100096 

	Job terminated of its own accord at 2025-01-23T10:51:49Z with exit-code 0.
...
000 (278060.000.000) 2025-01-24 07:41:51 Job submitted from host: <192.168.0.102:9618?addrs=192.168.0.102-9618&alias=submitter&noUDP&sock=schedd_2032_5c88>
...
014 (278060.000.000) 2025-01-24 07:42:00 Node 0 executing on host: <192.168.0.145:9618?addrs=192.168.0.145-9618&alias=node145.di.rm1&noUDP&sock=startd_1869_8e98>
...
014 (278060.000.001) 2025-01-24 07:42:00 Node 1 executing on host: <192.168.0.140:9618?addrs=192.168.0.140-9618&alias=node140.di.rm1&noUDP&sock=startd_1890_f615>
...
001 (278060.000.000) 2025-01-24 07:42:00 Job executing on host: MPI_job
...
008 (278060.000.000) 2025-01-24 07:42:02 Launching orted on Node 0 of 2
...
008 (278060.000.000) 2025-01-24 07:42:02 Launching orted on Node 1 of 2
...
008 (278060.000.000) 2025-01-24 07:42:03 orted exited on Node 1 of 2
...
008 (278060.000.000) 2025-01-24 07:42:03 orted exited on Node 0 of 2
...
015 (278060.000.000) 2025-01-24 07:42:03 Node 0 terminated.
	(1) Normal termination (return value 0)
		Usr 0 00:00:00, Sys 0 00:00:00  -  Run Remote Usage
		Usr 0 00:00:00, Sys 0 00:00:00  -  Run Local Usage
		Usr 0 00:00:00, Sys 0 00:00:00  -  Total Remote Usage
		Usr 0 00:00:00, Sys 0 00:00:00  -  Total Local Usage
	3256  -  Run Bytes Sent By Node
	33639  -  Run Bytes Received By Node
	3256  -  Total Bytes Sent By Node
	33639  -  Total Bytes Received By Node
...
005 (278060.000.000) 2025-01-24 07:42:03 Job terminated.
	(1) Normal termination (return value 0)
		Usr 0 00:00:00, Sys 0 00:00:00  -  Run Remote Usage
		Usr 0 00:00:00, Sys 0 00:00:00  -  Run Local Usage
		Usr 0 00:00:00, Sys 0 00:00:00  -  Total Remote Usage
		Usr 0 00:00:00, Sys 0 00:00:00  -  Total Local Usage
	3256  -  Run Bytes Sent By Job
	67278  -  Run Bytes Received By Job
	3256  -  Total Bytes Sent By Job
	67278  -  Total Bytes Received By Job
	Partitionable Resources :    Usage  Request Allocated 
	   Cpus                 :                 1         2 
	   Disk (KB)            :       49       35 102711052 
	   Memory (MB)          :        0        0    100096 

	Job terminated of its own accord at 2025-01-24T07:42:03Z with exit-code 0.
...
000 (285976.000.000) 2025-01-28 14:41:11 Job submitted from host: <192.168.0.102:9618?addrs=192.168.0.102-9618&alias=submitter&noUDP&sock=schedd_2032_5c88>
...
014 (285976.000.000) 2025-01-28 14:41:35 Node 0 executing on host: <192.168.0.111:9618?addrs=192.168.0.111-9618&alias=node111.di.rm1&noUDP&sock=startd_2044_97ab>
...
014 (285976.000.001) 2025-01-28 14:41:35 Node 1 executing on host: <192.168.0.111:9618?addrs=192.168.0.111-9618&alias=node111.di.rm1&noUDP&sock=startd_2044_97ab>
...
001 (285976.000.000) 2025-01-28 14:41:35 Job executing on host: MPI_job
...
004 (285976.000.000) 2025-01-28 14:41:36 Job was evicted.
	(0) CPU times
		Usr 0 00:00:00, Sys 0 00:00:00  -  Run Remote Usage
		Usr 0 00:00:00, Sys 0 00:00:00  -  Run Local Usage
	0  -  Run Bytes Sent By Job
	67182  -  Run Bytes Received By Job
	Partitionable Resources :    Usage  Request Allocated 
	   Cpus                 :                 1         1 
	   Disk (KB)            :       47       35  21530639 
	   GPUs                 :                           1 
	   Memory (MB)          :        0        1     20480 
...
009 (285976.000.000) 2025-01-28 14:41:36 Job was aborted.
	via condor_rm (by user calzona_2046920)
...
000 (286188.000.000) 2025-01-28 14:56:14 Job submitted from host: <192.168.0.102:9618?addrs=192.168.0.102-9618&alias=submitter&noUDP&sock=schedd_2032_5c88>
...
014 (286188.000.000) 2025-01-28 14:56:21 Node 0 executing on host: <192.168.0.113:9618?addrs=192.168.0.113-9618&alias=node113.di.rm1&noUDP&sock=startd_3668932_c305>
...
014 (286188.000.001) 2025-01-28 14:56:21 Node 1 executing on host: <192.168.0.145:9618?addrs=192.168.0.145-9618&alias=node145.di.rm1&noUDP&sock=startd_1869_8e98>
...
001 (286188.000.000) 2025-01-28 14:56:21 Job executing on host: MPI_job
...
008 (286188.000.000) 2025-01-28 14:56:23 Launching orted on Node 0 of 2
...
008 (286188.000.000) 2025-01-28 14:56:23 Launching orted on Node 1 of 2
...
008 (286188.000.000) 2025-01-28 14:56:24 orted exited on Node 0 of 2
...
008 (286188.000.000) 2025-01-28 14:56:24 orted exited on Node 1 of 2
...
015 (286188.000.001) 2025-01-28 14:56:24 Node 1 terminated.
	(1) Normal termination (return value 0)
		Usr 0 00:00:00, Sys 0 00:00:00  -  Run Remote Usage
		Usr 0 00:00:00, Sys 0 00:00:00  -  Run Local Usage
		Usr 0 00:00:00, Sys 0 00:00:00  -  Total Remote Usage
		Usr 0 00:00:00, Sys 0 00:00:00  -  Total Local Usage
	2165  -  Run Bytes Sent By Node
	33591  -  Run Bytes Received By Node
	2165  -  Total Bytes Sent By Node
	33591  -  Total Bytes Received By Node
...
015 (286188.000.000) 2025-01-28 14:56:24 Node 0 terminated.
	(1) Normal termination (return value 0)
		Usr 0 00:00:00, Sys 0 00:00:00  -  Run Remote Usage
		Usr 0 00:00:00, Sys 0 00:00:00  -  Run Local Usage
		Usr 0 00:00:00, Sys 0 00:00:00  -  Total Remote Usage
		Usr 0 00:00:00, Sys 0 00:00:00  -  Total Local Usage
	3297  -  Run Bytes Sent By Node
	33591  -  Run Bytes Received By Node
	3297  -  Total Bytes Sent By Node
	33591  -  Total Bytes Received By Node
...
005 (286188.000.000) 2025-01-28 14:56:24 Job terminated.
	(1) Normal termination (return value 0)
		Usr 0 00:00:00, Sys 0 00:00:00  -  Run Remote Usage
		Usr 0 00:00:00, Sys 0 00:00:00  -  Run Local Usage
		Usr 0 00:00:00, Sys 0 00:00:00  -  Total Remote Usage
		Usr 0 00:00:00, Sys 0 00:00:00  -  Total Local Usage
	5462  -  Run Bytes Sent By Job
	67182  -  Run Bytes Received By Job
	5462  -  Total Bytes Sent By Job
	67182  -  Total Bytes Received By Job
	Partitionable Resources :    Usage  Request Allocated 
	   Cpus                 :                 1         2 
	   Disk (KB)            :       51       35 102984791 
	   GPUs                 :                           0 
	   Memory (MB)          :        0        0    100096 

	Job terminated of its own accord at 2025-01-28T14:56:24Z with exit-code 0.
...
