000 (262232.000.000) 2025-01-16 18:01:04 Job submitted from host: <192.168.0.102:9618?addrs=192.168.0.102-9618&alias=submitter&noUDP&sock=schedd_2032_5c88>
...
001 (262232.000.000) 2025-01-16 18:01:19 Job executing on host: <192.168.0.137:9618?addrs=192.168.0.137-9618&alias=node137.di.rm1&noUDP&sock=startd_1934_2440>
...
006 (262232.000.000) 2025-01-16 18:01:28 Image size of job updated: 1138672
	469  -  MemoryUsage of job (MB)
	479556  -  ResidentSetSize of job (KB)
...
006 (262232.000.000) 2025-01-16 18:06:29 Image size of job updated: 15939900
	14919  -  MemoryUsage of job (MB)
	15276756  -  ResidentSetSize of job (KB)
...
006 (262232.000.000) 2025-01-16 18:11:30 Image size of job updated: 30710420
	29290  -  MemoryUsage of job (MB)
	29992248  -  ResidentSetSize of job (KB)
...
006 (262232.000.000) 2025-01-16 18:16:26 Image size of job updated: 44646968
	29290  -  MemoryUsage of job (MB)
	29992248  -  ResidentSetSize of job (KB)
...
004 (262232.000.000) 2025-01-16 18:16:26 Job was evicted.
	(0) CPU times
		Usr 0 00:14:38, Sys 0 00:00:28  -  Run Remote Usage
		Usr 0 00:00:00, Sys 0 00:00:00  -  Run Local Usage
	0  -  Run Bytes Sent By Job
	0  -  Run Bytes Received By Job
	Partitionable Resources :    Usage  Request Allocated 
	   Cpus                 :     1.00        1         1 
	   Disk (KB)            :    27          27    391050 
	   Memory (MB)          : 29290           1       128 
...
009 (262232.000.000) 2025-01-16 18:16:26 Job was aborted.
	via condor_rm (by user calzona_2046920)
...
