000 (282138.000.000) 2025-01-26 16:18:16 Job submitted from host: <192.168.0.102:9618?addrs=192.168.0.102-9618&alias=submitter&noUDP&sock=schedd_2032_5c88>
...
014 (282138.000.001) 2025-01-26 16:18:24 Node 1 executing on host: <192.168.0.111:9618?addrs=192.168.0.111-9618&alias=node111.di.rm1&noUDP&sock=startd_2044_97ab>
...
014 (282138.000.000) 2025-01-26 16:18:24 Node 0 executing on host: <192.168.0.106:9618?addrs=192.168.0.106-9618&alias=node106.di.rm1&noUDP&sock=startd_1970_d5a9>
...
014 (282138.000.002) 2025-01-26 16:18:24 Node 2 executing on host: <192.168.0.141:9618?addrs=192.168.0.141-9618&alias=node141.di.rm1&noUDP&sock=startd_2077_3a4b>
...
014 (282138.000.003) 2025-01-26 16:18:24 Node 3 executing on host: <192.168.0.141:9618?addrs=192.168.0.141-9618&alias=node141.di.rm1&noUDP&sock=startd_2077_3a4b>
...
001 (282138.000.000) 2025-01-26 16:18:24 Job executing on host: MPI_job
...
008 (282138.000.000) 2025-01-26 16:18:26 Launching orted on Node 0 of 4
...
008 (282138.000.000) 2025-01-26 16:18:26 Launching orted on Node 1 of 4
...
008 (282138.000.000) 2025-01-26 16:18:28 Launching orted on Node 3 of 4
...
008 (282138.000.000) 2025-01-26 16:18:28 Launching orted on Node 2 of 4
...
008 (282138.000.000) 2025-01-26 16:19:34 orted exited on Node 0 of 4
...
008 (282138.000.000) 2025-01-26 16:19:34 orted exited on Node 2 of 4
...
008 (282138.000.000) 2025-01-26 16:19:34 orted exited on Node 3 of 4
...
008 (282138.000.000) 2025-01-26 16:19:34 orted exited on Node 1 of 4
...
015 (282138.000.000) 2025-01-26 16:19:34 Node 0 terminated.
	(1) Normal termination (return value 0)
		Usr 0 00:01:03, Sys 0 00:00:02  -  Run Remote Usage
		Usr 0 00:00:00, Sys 0 00:00:00  -  Run Local Usage
		Usr 0 00:01:03, Sys 0 00:00:02  -  Total Remote Usage
		Usr 0 00:00:00, Sys 0 00:00:00  -  Total Local Usage
	3263  -  Run Bytes Sent By Node
	33711  -  Run Bytes Received By Node
	3263  -  Total Bytes Sent By Node
	33711  -  Total Bytes Received By Node
...
005 (282138.000.000) 2025-01-26 16:19:34 Job terminated.
	(1) Normal termination (return value 0)
		Usr 0 00:04:18, Sys 0 00:00:04  -  Run Remote Usage
		Usr 0 00:00:00, Sys 0 00:00:00  -  Run Local Usage
		Usr 0 00:00:47, Sys 0 00:00:02  -  Total Remote Usage
		Usr 0 00:00:00, Sys 0 00:00:00  -  Total Local Usage
	3263  -  Run Bytes Sent By Job
	134844  -  Run Bytes Received By Job
	3263  -  Total Bytes Sent By Job
	134844  -  Total Bytes Received By Job
	Partitionable Resources :    Usage  Request Allocated 
	   Cpus                 :                 1         1 
	   Disk (KB)            :       49       35    468979 
	   Memory (MB)          :       36       25     61440 

	Job terminated of its own accord at 2025-01-26T16:19:34Z with exit-code 0.
...
000 (289014.000.000) 2025-01-28 22:05:49 Job submitted from host: <192.168.0.102:9618?addrs=192.168.0.102-9618&alias=submitter&noUDP&sock=schedd_2032_5c88>
...
014 (289014.000.000) 2025-01-28 22:05:58 Node 0 executing on host: <192.168.0.111:9618?addrs=192.168.0.111-9618&alias=node111.di.rm1&noUDP&sock=startd_2044_97ab>
...
014 (289014.000.002) 2025-01-28 22:05:58 Node 2 executing on host: <192.168.0.137:9618?addrs=192.168.0.137-9618&alias=node137.di.rm1&noUDP&sock=startd_1934_2440>
...
014 (289014.000.003) 2025-01-28 22:05:58 Node 3 executing on host: <192.168.0.147:9618?addrs=192.168.0.147-9618&alias=node147.di.rm1&noUDP&sock=startd_1513_5ee1>
...
014 (289014.000.001) 2025-01-28 22:05:58 Node 1 executing on host: <192.168.0.111:9618?addrs=192.168.0.111-9618&alias=node111.di.rm1&noUDP&sock=startd_2044_97ab>
...
001 (289014.000.000) 2025-01-28 22:05:58 Job executing on host: MPI_job
...
008 (289014.000.000) 2025-01-28 22:06:00 Launching orted on Node 2 of 4
...
008 (289014.000.000) 2025-01-28 22:06:00 Launching orted on Node 0 of 4
...
008 (289014.000.000) 2025-01-28 22:06:00 Launching orted on Node 3 of 4
...
008 (289014.000.000) 2025-01-28 22:06:00 Launching orted on Node 1 of 4
...
008 (289014.000.000) 2025-01-28 22:07:06 orted exited on Node 2 of 4
...
008 (289014.000.000) 2025-01-28 22:07:06 orted exited on Node 0 of 4
...
008 (289014.000.000) 2025-01-28 22:07:06 orted exited on Node 1 of 4
...
008 (289014.000.000) 2025-01-28 22:07:06 orted exited on Node 3 of 4
...
015 (289014.000.003) 2025-01-28 22:07:07 Node 3 terminated.
	(1) Normal termination (return value 0)
		Usr 0 00:01:06, Sys 0 00:00:00  -  Run Remote Usage
		Usr 0 00:00:00, Sys 0 00:00:00  -  Run Local Usage
		Usr 0 00:01:06, Sys 0 00:00:00  -  Total Remote Usage
		Usr 0 00:00:00, Sys 0 00:00:00  -  Total Local Usage
	2165  -  Run Bytes Sent By Node
	33711  -  Run Bytes Received By Node
	2165  -  Total Bytes Sent By Node
	33711  -  Total Bytes Received By Node
...
015 (289014.000.002) 2025-01-28 22:07:07 Node 2 terminated.
	(1) Normal termination (return value 0)
		Usr 0 00:01:06, Sys 0 00:00:01  -  Run Remote Usage
		Usr 0 00:00:00, Sys 0 00:00:00  -  Run Local Usage
		Usr 0 00:01:06, Sys 0 00:00:01  -  Total Remote Usage
		Usr 0 00:00:00, Sys 0 00:00:00  -  Total Local Usage
	2165  -  Run Bytes Sent By Node
	33711  -  Run Bytes Received By Node
	2165  -  Total Bytes Sent By Node
	33711  -  Total Bytes Received By Node
...
015 (289014.000.001) 2025-01-28 22:07:07 Node 1 terminated.
	(1) Normal termination (return value 0)
		Usr 0 00:01:06, Sys 0 00:00:00  -  Run Remote Usage
		Usr 0 00:00:00, Sys 0 00:00:00  -  Run Local Usage
		Usr 0 00:01:06, Sys 0 00:00:00  -  Total Remote Usage
		Usr 0 00:00:00, Sys 0 00:00:00  -  Total Local Usage
	22  -  Run Bytes Sent By Node
	33711  -  Run Bytes Received By Node
	22  -  Total Bytes Sent By Node
	33711  -  Total Bytes Received By Node
...
015 (289014.000.000) 2025-01-28 22:07:07 Node 0 terminated.
	(1) Normal termination (return value 0)
		Usr 0 00:00:00, Sys 0 00:00:00  -  Run Remote Usage
		Usr 0 00:00:00, Sys 0 00:00:00  -  Run Local Usage
		Usr 0 00:00:00, Sys 0 00:00:00  -  Total Remote Usage
		Usr 0 00:00:00, Sys 0 00:00:00  -  Total Local Usage
	3307  -  Run Bytes Sent By Node
	33711  -  Run Bytes Received By Node
	3307  -  Total Bytes Sent By Node
	33711  -  Total Bytes Received By Node
...
005 (289014.000.000) 2025-01-28 22:07:07 Job terminated.
	(1) Normal termination (return value 0)
		Usr 0 00:03:18, Sys 0 00:00:01  -  Run Remote Usage
		Usr 0 00:00:00, Sys 0 00:00:00  -  Run Local Usage
		Usr 0 00:00:00, Sys 0 00:00:00  -  Total Remote Usage
		Usr 0 00:00:00, Sys 0 00:00:00  -  Total Local Usage
	7659  -  Run Bytes Sent By Job
	134844  -  Run Bytes Received By Job
	7659  -  Total Bytes Sent By Job
	134844  -  Total Bytes Received By Job
	Partitionable Resources :    Usage  Request Allocated 
	   Cpus                 :                 1         2 
	   Disk (KB)            :       51       35 102972620 
	   GPUs                 :                           0 
	   Memory (MB)          :       38       27    100096 

	Job terminated of its own accord at 2025-01-28T22:07:06Z with exit-code 0.
...
