000 (270060.000.000) 2025-01-21 23:25:42 Job submitted from host: <192.168.0.102:9618?addrs=192.168.0.102-9618&alias=submitter&noUDP&sock=schedd_2032_5c88>
...
001 (270060.000.000) 2025-01-21 23:25:42 Job executing on host: <192.168.0.110:9618?addrs=192.168.0.110-9618&alias=node110.di.rm1&noUDP&sock=startd_2185_4e86>
...
006 (270060.000.000) 2025-01-21 23:25:51 Image size of job updated: 466092
	456  -  MemoryUsage of job (MB)
	466092  -  ResidentSetSize of job (KB)
...
006 (270060.000.000) 2025-01-21 23:26:43 Image size of job updated: 4013268
	456  -  MemoryUsage of job (MB)
	466752  -  ResidentSetSize of job (KB)
...
004 (270060.000.000) 2025-01-21 23:26:44 Job was evicted.
	(0) CPU times
		Usr 0 00:00:59, Sys 0 00:00:01  -  Run Remote Usage
		Usr 0 00:00:00, Sys 0 00:00:00  -  Run Local Usage
	0  -  Run Bytes Sent By Job
	0  -  Run Bytes Received By Job
	Partitionable Resources :    Usage  Request Allocated 
	   Cpus                 :                 1         1 
	   Disk (KB)            :       27       27    468087 
	   Gpus (Average)       :                 0         0 
	   Memory (MB)          :      456        1       128 
...
009 (270060.000.000) 2025-01-21 23:26:44 Job was aborted.
	via condor_rm (by user calzona_2046920)
...
