000 (294900.000.000) 2025-01-31 01:00:45 Job submitted from host: <192.168.0.102:9618?addrs=192.168.0.102-9618&alias=submitter&noUDP&sock=schedd_4045053_7bc0>
...
014 (294900.000.000) 2025-01-31 01:00:52 Node 0 executing on host: <192.168.0.111:9618?addrs=192.168.0.111-9618&alias=node111.di.rm1&noUDP&sock=startd_2044_97ab>
...
014 (294900.000.001) 2025-01-31 01:00:52 Node 1 executing on host: <192.168.0.147:9618?addrs=192.168.0.147-9618&alias=node147.di.rm1&noUDP&sock=startd_1513_5ee1>
...
014 (294900.000.002) 2025-01-31 01:00:52 Node 2 executing on host: <192.168.0.151:9618?addrs=192.168.0.151-9618&alias=node151.di.rm1&noUDP&sock=startd_1528_a8cd>
...
014 (294900.000.003) 2025-01-31 01:00:52 Node 3 executing on host: <192.168.0.113:9618?addrs=192.168.0.113-9618&alias=node113.di.rm1&noUDP&sock=startd_3668932_c305>
...
001 (294900.000.000) 2025-01-31 01:00:52 Job executing on host: MPI_job
...
008 (294900.000.000) 2025-01-31 01:00:55 Launching orted on Node 0 of 4
...
008 (294900.000.000) 2025-01-31 01:00:55 Launching orted on Node 2 of 4
...
008 (294900.000.000) 2025-01-31 01:00:55 Launching orted on Node 1 of 4
...
008 (294900.000.000) 2025-01-31 01:00:55 Launching orted on Node 3 of 4
...
008 (294900.000.000) 2025-01-31 01:00:56 orted exited on Node 2 of 4
...
008 (294900.000.000) 2025-01-31 01:00:56 orted exited on Node 0 of 4
...
008 (294900.000.000) 2025-01-31 01:00:56 orted exited on Node 1 of 4
...
008 (294900.000.000) 2025-01-31 01:00:56 orted exited on Node 3 of 4
...
015 (294900.000.000) 2025-01-31 01:00:56 Node 0 terminated.
	(1) Normal termination (return value 0)
		Usr 0 00:00:00, Sys 0 00:00:00  -  Run Remote Usage
		Usr 0 00:00:00, Sys 0 00:00:00  -  Run Local Usage
		Usr 0 00:00:00, Sys 0 00:00:00  -  Total Remote Usage
		Usr 0 00:00:00, Sys 0 00:00:00  -  Total Local Usage
	3941  -  Run Bytes Sent By Node
	33831  -  Run Bytes Received By Node
	3941  -  Total Bytes Sent By Node
	33831  -  Total Bytes Received By Node
...
005 (294900.000.000) 2025-01-31 01:00:56 Job terminated.
	(1) Normal termination (return value 0)
		Usr 0 00:00:01, Sys 0 00:00:00  -  Run Remote Usage
		Usr 0 00:00:00, Sys 0 00:00:00  -  Run Local Usage
		Usr 0 00:00:00, Sys 0 00:00:00  -  Total Remote Usage
		Usr 0 00:00:00, Sys 0 00:00:00  -  Total Local Usage
	3941  -  Run Bytes Sent By Job
	135324  -  Run Bytes Received By Job
	3941  -  Total Bytes Sent By Job
	135324  -  Total Bytes Received By Job
	Partitionable Resources :    Usage  Request Allocated 
	   Cpus                 :                 1         1 
	   Disk (KB)            :       52       35  21530639 
	   GPUs                 :                           1 
	   Memory (MB)          :        0        1     65536 

	Job terminated of its own accord at 2025-01-31T01:00:56Z with exit-code 0.
...
