000 (267959.000.000) 2025-01-21 21:06:37 Job submitted from host: <192.168.0.102:9618?addrs=192.168.0.102-9618&alias=submitter&noUDP&sock=schedd_2032_5c88>
...
001 (267959.000.000) 2025-01-21 21:06:55 Job executing on host: <192.168.0.105:9618?addrs=192.168.0.105-9618&alias=node105.di.rm1&noUDP&sock=startd_1951_cd5c>
...
006 (267959.000.000) 2025-01-21 21:07:03 Image size of job updated: 319044
	312  -  MemoryUsage of job (MB)
	319044  -  ResidentSetSize of job (KB)
...
006 (267959.000.000) 2025-01-21 21:07:10 Image size of job updated: 431872
	312  -  MemoryUsage of job (MB)
	319044  -  ResidentSetSize of job (KB)
...
005 (267959.000.000) 2025-01-21 21:07:10 Job terminated.
	(1) Normal termination (return value 0)
		Usr 0 00:00:18, Sys 0 00:00:00  -  Run Remote Usage
		Usr 0 00:00:00, Sys 0 00:00:00  -  Run Local Usage
		Usr 0 00:00:18, Sys 0 00:00:00  -  Total Remote Usage
		Usr 0 00:00:00, Sys 0 00:00:00  -  Total Local Usage
	0  -  Run Bytes Sent By Job
	0  -  Run Bytes Received By Job
	0  -  Total Bytes Sent By Job
	0  -  Total Bytes Received By Job
	Partitionable Resources :    Usage  Request Allocated 
	   Cpus                 :                 1         1 
	   Disk (KB)            :       27       27    472026 
	   Memory (MB)          :      312        1       128 

	Job terminated of its own accord at 2025-01-21T21:07:10Z with exit-code 0.
...
000 (269404.000.000) 2025-01-21 22:37:49 Job submitted from host: <192.168.0.102:9618?addrs=192.168.0.102-9618&alias=submitter&noUDP&sock=schedd_2032_5c88>
...
001 (269404.000.000) 2025-01-21 22:38:00 Job executing on host: <192.168.0.104:9618?addrs=192.168.0.104-9618&alias=node104.di.rm1&noUDP&sock=startd_1987_7ec5>
...
006 (269404.000.000) 2025-01-21 22:38:09 Image size of job updated: 427760
	414  -  MemoryUsage of job (MB)
	423156  -  ResidentSetSize of job (KB)
...
005 (269404.000.000) 2025-01-21 22:38:11 Job terminated.
	(1) Normal termination (return value 0)
		Usr 0 00:00:14, Sys 0 00:00:00  -  Run Remote Usage
		Usr 0 00:00:00, Sys 0 00:00:00  -  Run Local Usage
		Usr 0 00:00:14, Sys 0 00:00:00  -  Total Remote Usage
		Usr 0 00:00:00, Sys 0 00:00:00  -  Total Local Usage
	0  -  Run Bytes Sent By Job
	0  -  Run Bytes Received By Job
	0  -  Total Bytes Sent By Job
	0  -  Total Bytes Received By Job
	Partitionable Resources :    Usage  Request Allocated 
	   Cpus                 :                 1         1 
	   Disk (KB)            :       27       27    465124 
	   Memory (MB)          :      414        1       128 

	Job terminated of its own accord at 2025-01-21T22:38:11Z with exit-code 0.
...
000 (275559.000.000) 2025-01-24 02:48:15 Job submitted from host: <192.168.0.102:9618?addrs=192.168.0.102-9618&alias=submitter&noUDP&sock=schedd_2032_5c88>
...
001 (275559.000.000) 2025-01-24 02:48:32 Job executing on host: <192.168.0.122:9618?addrs=192.168.0.122-9618&alias=node122.di.rm1&noUDP&sock=startd_2134_5331>
...
006 (275559.000.000) 2025-01-24 02:48:40 Image size of job updated: 427788
	414  -  MemoryUsage of job (MB)
	423828  -  ResidentSetSize of job (KB)
...
005 (275559.000.000) 2025-01-24 02:48:43 Job terminated.
	(1) Normal termination (return value 0)
		Usr 0 00:00:14, Sys 0 00:00:01  -  Run Remote Usage
		Usr 0 00:00:00, Sys 0 00:00:00  -  Run Local Usage
		Usr 0 00:00:14, Sys 0 00:00:01  -  Total Remote Usage
		Usr 0 00:00:00, Sys 0 00:00:00  -  Total Local Usage
	0  -  Run Bytes Sent By Job
	0  -  Run Bytes Received By Job
	0  -  Total Bytes Sent By Job
	0  -  Total Bytes Received By Job
	Partitionable Resources :    Usage  Request Allocated 
	   Cpus                 :                 1         1 
	   Disk (KB)            :       27       27    499915 
	   Gpus (Average)       :                 0         0 
	   Memory (MB)          :      414        1       128 

	Job terminated of its own accord at 2025-01-24T02:48:43Z with exit-code 0.
...
