000 (274215.000.000) 2025-01-23 11:42:40 Job submitted from host: <192.168.0.102:9618?addrs=192.168.0.102-9618&alias=submitter&noUDP&sock=schedd_2032_5c88>
...
014 (274215.000.000) 2025-01-23 11:42:47 Node 0 executing on host: <192.168.0.149:9618?addrs=192.168.0.149-9618&alias=node149.di.rm1&noUDP&sock=startd_1551_6f7a>
...
014 (274215.000.001) 2025-01-23 11:42:48 Node 1 executing on host: <192.168.0.123:9618?addrs=192.168.0.123-9618&alias=node123.di.rm1&noUDP&sock=startd_2149_9d1d>
...
014 (274215.000.003) 2025-01-23 11:42:48 Node 3 executing on host: <192.168.0.124:9618?addrs=192.168.0.124-9618&alias=node124.di.rm1&noUDP&sock=startd_2143_7f8b>
...
014 (274215.000.002) 2025-01-23 11:42:48 Node 2 executing on host: <192.168.0.141:9618?addrs=192.168.0.141-9618&alias=node141.di.rm1&noUDP&sock=startd_2077_3a4b>
...
001 (274215.000.000) 2025-01-23 11:42:48 Job executing on host: MPI_job
...
008 (274215.000.000) 2025-01-23 11:42:50 Launching orted on Node 0 of 4
...
008 (274215.000.000) 2025-01-23 11:42:50 Launching orted on Node 1 of 4
...
008 (274215.000.000) 2025-01-23 11:42:50 Launching orted on Node 3 of 4
...
008 (274215.000.000) 2025-01-23 11:42:51 Launching orted on Node 2 of 4
...
008 (274215.000.000) 2025-01-23 11:43:21 Node 0 caught SIGTERM, cleaning up mpirun
...
004 (274215.000.000) 2025-01-23 11:43:21 Job was evicted.
	(0) CPU times
		Usr 0 00:00:43, Sys 0 00:00:00  -  Run Remote Usage
		Usr 0 00:00:00, Sys 0 00:00:00  -  Run Local Usage
	0  -  Run Bytes Sent By Job
	134556  -  Run Bytes Received By Job
	Partitionable Resources :    Usage  Request Allocated 
	   Cpus                 :                 1         2 
	   Disk (KB)            :     8520       35 102883670 
	   Memory (MB)          :      229       85    100096 
...
009 (274215.000.000) 2025-01-23 11:43:21 Job was aborted.
	via condor_rm (by user calzona_2046920)
...
000 (278949.000.000) 2025-01-24 09:49:00 Job submitted from host: <192.168.0.102:9618?addrs=192.168.0.102-9618&alias=submitter&noUDP&sock=schedd_2032_5c88>
...
014 (278949.000.002) 2025-01-24 09:49:02 Node 2 executing on host: <192.168.0.147:9618?addrs=192.168.0.147-9618&alias=node147.di.rm1&noUDP&sock=startd_1513_5ee1>
...
014 (278949.000.000) 2025-01-24 09:49:02 Node 0 executing on host: <192.168.0.149:9618?addrs=192.168.0.149-9618&alias=node149.di.rm1&noUDP&sock=startd_1551_6f7a>
...
014 (278949.000.003) 2025-01-24 09:49:02 Node 3 executing on host: <192.168.0.133:9618?addrs=192.168.0.133-9618&alias=node133.di.rm1&noUDP&sock=startd_1941_f16a>
...
014 (278949.000.001) 2025-01-24 09:49:02 Node 1 executing on host: <192.168.0.124:9618?addrs=192.168.0.124-9618&alias=node124.di.rm1&noUDP&sock=startd_2143_7f8b>
...
001 (278949.000.000) 2025-01-24 09:49:02 Job executing on host: MPI_job
...
008 (278949.000.000) 2025-01-24 09:49:04 Launching orted on Node 2 of 4
...
008 (278949.000.000) 2025-01-24 09:49:04 Launching orted on Node 1 of 4
...
008 (278949.000.000) 2025-01-24 09:49:04 Launching orted on Node 0 of 4
...
008 (278949.000.000) 2025-01-24 09:49:04 Launching orted on Node 3 of 4
...
008 (278949.000.000) 2025-01-24 09:50:17 orted exited on Node 1 of 4
...
008 (278949.000.000) 2025-01-24 09:50:17 orted exited on Node 2 of 4
...
008 (278949.000.000) 2025-01-24 09:50:17 orted exited on Node 3 of 4
...
008 (278949.000.000) 2025-01-24 09:50:17 orted exited on Node 0 of 4
...
015 (278949.000.002) 2025-01-24 09:50:17 Node 2 terminated.
	(1) Normal termination (return value 0)
		Usr 0 00:01:11, Sys 0 00:00:00  -  Run Remote Usage
		Usr 0 00:00:00, Sys 0 00:00:00  -  Run Local Usage
		Usr 0 00:01:11, Sys 0 00:00:00  -  Total Remote Usage
		Usr 0 00:00:00, Sys 0 00:00:00  -  Total Local Usage
	2165  -  Run Bytes Sent By Node
	33639  -  Run Bytes Received By Node
	2165  -  Total Bytes Sent By Node
	33639  -  Total Bytes Received By Node
...
015 (278949.000.003) 2025-01-24 09:50:17 Node 3 terminated.
	(1) Normal termination (return value 0)
		Usr 0 00:01:11, Sys 0 00:00:00  -  Run Remote Usage
		Usr 0 00:00:00, Sys 0 00:00:00  -  Run Local Usage
		Usr 0 00:01:11, Sys 0 00:00:00  -  Total Remote Usage
		Usr 0 00:00:00, Sys 0 00:00:00  -  Total Local Usage
	2165  -  Run Bytes Sent By Node
	33639  -  Run Bytes Received By Node
	2165  -  Total Bytes Sent By Node
	33639  -  Total Bytes Received By Node
...
015 (278949.000.001) 2025-01-24 09:50:17 Node 1 terminated.
	(1) Normal termination (return value 0)
		Usr 0 00:01:12, Sys 0 00:00:01  -  Run Remote Usage
		Usr 0 00:00:00, Sys 0 00:00:00  -  Run Local Usage
		Usr 0 00:01:12, Sys 0 00:00:01  -  Total Remote Usage
		Usr 0 00:00:00, Sys 0 00:00:00  -  Total Local Usage
	2187  -  Run Bytes Sent By Node
	33639  -  Run Bytes Received By Node
	2187  -  Total Bytes Sent By Node
	33639  -  Total Bytes Received By Node
...
015 (278949.000.000) 2025-01-24 09:50:17 Node 0 terminated.
	(1) Normal termination (return value 0)
		Usr 0 00:00:00, Sys 0 00:00:00  -  Run Remote Usage
		Usr 0 00:00:00, Sys 0 00:00:00  -  Run Local Usage
		Usr 0 00:00:00, Sys 0 00:00:00  -  Total Remote Usage
		Usr 0 00:00:00, Sys 0 00:00:00  -  Total Local Usage
	3264  -  Run Bytes Sent By Node
	33639  -  Run Bytes Received By Node
	3264  -  Total Bytes Sent By Node
	33639  -  Total Bytes Received By Node
...
005 (278949.000.000) 2025-01-24 09:50:17 Job terminated.
	(1) Normal termination (return value 0)
		Usr 0 00:03:34, Sys 0 00:00:01  -  Run Remote Usage
		Usr 0 00:00:00, Sys 0 00:00:00  -  Run Local Usage
		Usr 0 00:00:00, Sys 0 00:00:00  -  Total Remote Usage
		Usr 0 00:00:00, Sys 0 00:00:00  -  Total Local Usage
	9781  -  Run Bytes Sent By Job
	134556  -  Run Bytes Received By Job
	9781  -  Total Bytes Sent By Job
	134556  -  Total Bytes Received By Job
	Partitionable Resources :    Usage  Request Allocated 
	   Cpus                 :     1.00        1         1 
	   Disk (KB)            :    55          35    471944 
	   Memory (MB)          :   272          85     20480 

	Job terminated of its own accord at 2025-01-24T09:50:17Z with exit-code 0.
...
000 (287251.000.000) 2025-01-28 16:44:09 Job submitted from host: <192.168.0.102:9618?addrs=192.168.0.102-9618&alias=submitter&noUDP&sock=schedd_2032_5c88>
...
014 (287251.000.001) 2025-01-28 16:44:13 Node 1 executing on host: <192.168.0.137:9618?addrs=192.168.0.137-9618&alias=node137.di.rm1&noUDP&sock=startd_1934_2440>
...
014 (287251.000.000) 2025-01-28 16:44:13 Node 0 executing on host: <192.168.0.122:9618?addrs=192.168.0.122-9618&alias=node122.di.rm1&noUDP&sock=startd_2134_5331>
...
014 (287251.000.002) 2025-01-28 16:44:13 Node 2 executing on host: <192.168.0.141:9618?addrs=192.168.0.141-9618&alias=node141.di.rm1&noUDP&sock=startd_2077_3a4b>
...
014 (287251.000.003) 2025-01-28 16:44:13 Node 3 executing on host: <192.168.0.112:9618?addrs=192.168.0.112-9618&alias=node112.di.rm1&noUDP&sock=startd_2169_5502>
...
001 (287251.000.000) 2025-01-28 16:44:13 Job executing on host: MPI_job
...
008 (287251.000.000) 2025-01-28 16:44:15 Launching orted on Node 1 of 4
...
008 (287251.000.000) 2025-01-28 16:44:15 Launching orted on Node 0 of 4
...
008 (287251.000.000) 2025-01-28 16:44:16 Launching orted on Node 2 of 4
...
008 (287251.000.000) 2025-01-28 16:44:16 Launching orted on Node 3 of 4
...
008 (287251.000.000) 2025-01-28 16:45:26 orted exited on Node 2 of 4
...
008 (287251.000.000) 2025-01-28 16:45:26 orted exited on Node 1 of 4
...
008 (287251.000.000) 2025-01-28 16:45:26 orted exited on Node 0 of 4
...
008 (287251.000.000) 2025-01-28 16:45:26 orted exited on Node 3 of 4
...
015 (287251.000.002) 2025-01-28 16:45:27 Node 2 terminated.
	(1) Normal termination (return value 0)
		Usr 0 00:01:09, Sys 0 00:00:00  -  Run Remote Usage
		Usr 0 00:00:00, Sys 0 00:00:00  -  Run Local Usage
		Usr 0 00:01:09, Sys 0 00:00:00  -  Total Remote Usage
		Usr 0 00:00:00, Sys 0 00:00:00  -  Total Local Usage
	2165  -  Run Bytes Sent By Node
	33591  -  Run Bytes Received By Node
	2165  -  Total Bytes Sent By Node
	33591  -  Total Bytes Received By Node
...
015 (287251.000.000) 2025-01-28 16:45:27 Node 0 terminated.
	(1) Normal termination (return value 0)
		Usr 0 00:00:00, Sys 0 00:00:00  -  Run Remote Usage
		Usr 0 00:00:00, Sys 0 00:00:00  -  Run Local Usage
		Usr 0 00:00:00, Sys 0 00:00:00  -  Total Remote Usage
		Usr 0 00:00:00, Sys 0 00:00:00  -  Total Local Usage
	3308  -  Run Bytes Sent By Node
	33591  -  Run Bytes Received By Node
	3308  -  Total Bytes Sent By Node
	33591  -  Total Bytes Received By Node
...
005 (287251.000.000) 2025-01-28 16:45:27 Job terminated.
	(1) Normal termination (return value 0)
		Usr 0 00:03:29, Sys 0 00:00:00  -  Run Remote Usage
		Usr 0 00:00:00, Sys 0 00:00:00  -  Run Local Usage
		Usr 0 00:00:00, Sys 0 00:00:00  -  Total Remote Usage
		Usr 0 00:00:00, Sys 0 00:00:00  -  Total Local Usage
	9825  -  Run Bytes Sent By Job
	134364  -  Run Bytes Received By Job
	9825  -  Total Bytes Sent By Job
	134364  -  Total Bytes Received By Job
	Partitionable Resources :    Usage  Request Allocated 
	   Cpus                 :                 1         2 
	   Disk (KB)            :       51       35 102982364 
	   GPUs                 :                           0 
	   Memory (MB)          :      278       82    100096 

	Job terminated of its own accord at 2025-01-28T16:45:26Z with exit-code 0.
...
