000 (279322.000.000) 2025-01-24 10:33:35 Job submitted from host: <192.168.0.102:9618?addrs=192.168.0.102-9618&alias=submitter&noUDP&sock=schedd_2032_5c88>
...
014 (279322.000.001) 2025-01-24 10:33:43 Node 1 executing on host: <192.168.0.141:9618?addrs=192.168.0.141-9618&alias=node141.di.rm1&noUDP&sock=startd_2077_3a4b>
...
014 (279322.000.000) 2025-01-24 10:33:43 Node 0 executing on host: <192.168.0.146:9618?addrs=192.168.0.146-9618&alias=node146.di.rm1&noUDP&sock=startd_1984_6ffc>
...
014 (279322.000.004) 2025-01-24 10:33:43 Node 4 executing on host: <192.168.0.141:9618?addrs=192.168.0.141-9618&alias=node141.di.rm1&noUDP&sock=startd_2077_3a4b>
...
014 (279322.000.005) 2025-01-24 10:33:43 Node 5 executing on host: <192.168.0.121:9618?addrs=192.168.0.121-9618&alias=node121.di.rm1&noUDP&sock=startd_2146_8e54>
...
014 (279322.000.002) 2025-01-24 10:33:43 Node 2 executing on host: <192.168.0.120:9618?addrs=192.168.0.120-9618&alias=node120.di.rm1&noUDP&sock=startd_2096_4298>
...
014 (279322.000.006) 2025-01-24 10:33:43 Node 6 executing on host: <192.168.0.151:9618?addrs=192.168.0.151-9618&alias=node151.di.rm1&noUDP&sock=startd_1528_a8cd>
...
014 (279322.000.007) 2025-01-24 10:33:43 Node 7 executing on host: <192.168.0.130:9618?addrs=192.168.0.130-9618&alias=node130.di.rm1&noUDP&sock=startd_2751195_838e>
...
014 (279322.000.003) 2025-01-24 10:33:43 Node 3 executing on host: <192.168.0.143:9618?addrs=192.168.0.143-9618&alias=node143.di.rm1&noUDP&sock=startd_2061_40c7>
...
001 (279322.000.000) 2025-01-24 10:33:43 Job executing on host: MPI_job
...
008 (279322.000.000) 2025-01-24 10:33:45 Launching orted on Node 0 of 8
...
008 (279322.000.000) 2025-01-24 10:33:45 Launching orted on Node 1 of 8
...
008 (279322.000.000) 2025-01-24 10:33:45 Launching orted on Node 4 of 8
...
008 (279322.000.000) 2025-01-24 10:33:45 Launching orted on Node 5 of 8
...
008 (279322.000.000) 2025-01-24 10:33:45 Launching orted on Node 2 of 8
...
008 (279322.000.000) 2025-01-24 10:33:45 Launching orted on Node 7 of 8
...
008 (279322.000.000) 2025-01-24 10:33:45 Launching orted on Node 6 of 8
...
008 (279322.000.000) 2025-01-24 10:33:46 Launching orted on Node 3 of 8
...
008 (279322.000.000) 2025-01-24 10:33:47 orted exited on Node 6 of 8
...
008 (279322.000.000) 2025-01-24 10:33:47 orted exited on Node 0 of 8
...
008 (279322.000.000) 2025-01-24 10:33:47 orted exited on Node 7 of 8
...
008 (279322.000.000) 2025-01-24 10:33:47 orted exited on Node 4 of 8
...
008 (279322.000.000) 2025-01-24 10:33:47 orted exited on Node 5 of 8
...
008 (279322.000.000) 2025-01-24 10:33:47 orted exited on Node 1 of 8
...
008 (279322.000.000) 2025-01-24 10:33:47 orted exited on Node 2 of 8
...
008 (279322.000.000) 2025-01-24 10:33:47 orted exited on Node 3 of 8
...
015 (279322.000.000) 2025-01-24 10:33:47 Node 0 terminated.
	(1) Normal termination (return value 0)
		Usr 0 00:00:00, Sys 0 00:00:00  -  Run Remote Usage
		Usr 0 00:00:00, Sys 0 00:00:00  -  Run Local Usage
		Usr 0 00:00:00, Sys 0 00:00:00  -  Total Remote Usage
		Usr 0 00:00:00, Sys 0 00:00:00  -  Total Local Usage
	3260  -  Run Bytes Sent By Node
	33639  -  Run Bytes Received By Node
	3260  -  Total Bytes Sent By Node
	33639  -  Total Bytes Received By Node
...
015 (279322.000.001) 2025-01-24 10:33:47 Node 1 terminated.
	(1) Normal termination (return value 0)
		Usr 0 00:00:00, Sys 0 00:00:00  -  Run Remote Usage
		Usr 0 00:00:00, Sys 0 00:00:00  -  Run Local Usage
		Usr 0 00:00:00, Sys 0 00:00:00  -  Total Remote Usage
		Usr 0 00:00:00, Sys 0 00:00:00  -  Total Local Usage
	2165  -  Run Bytes Sent By Node
	33639  -  Run Bytes Received By Node
	2165  -  Total Bytes Sent By Node
	33639  -  Total Bytes Received By Node
...
005 (279322.000.000) 2025-01-24 10:33:47 Job terminated.
	(1) Normal termination (return value 0)
		Usr 0 00:00:01, Sys 0 00:00:00  -  Run Remote Usage
		Usr 0 00:00:00, Sys 0 00:00:00  -  Run Local Usage
		Usr 0 00:00:00, Sys 0 00:00:00  -  Total Remote Usage
		Usr 0 00:00:00, Sys 0 00:00:00  -  Total Local Usage
	16272  -  Run Bytes Sent By Job
	269112  -  Run Bytes Received By Job
	16272  -  Total Bytes Sent By Job
	269112  -  Total Bytes Received By Job
	Partitionable Resources :    Usage  Request Allocated 
	   Cpus                 :                 1         2 
	   Disk (KB)            :       50       35 103077319 
	   Memory (MB)          :        0        0    100096 

	Job terminated of its own accord at 2025-01-24T10:33:47Z with exit-code 0.
...
