000 (281363.000.000) 2025-01-25 19:55:15 Job submitted from host: <192.168.0.102:9618?addrs=192.168.0.102-9618&alias=submitter&noUDP&sock=schedd_2032_5c88>
...
014 (281363.000.002) 2025-01-25 19:55:23 Node 2 executing on host: <192.168.0.145:9618?addrs=192.168.0.145-9618&alias=node145.di.rm1&noUDP&sock=startd_1869_8e98>
...
014 (281363.000.000) 2025-01-25 19:55:23 Node 0 executing on host: <192.168.0.106:9618?addrs=192.168.0.106-9618&alias=node106.di.rm1&noUDP&sock=startd_1970_d5a9>
...
014 (281363.000.001) 2025-01-25 19:55:23 Node 1 executing on host: <192.168.0.114:9618?addrs=192.168.0.114-9618&alias=node114.di.rm1&noUDP&sock=startd_2075_db1b>
...
014 (281363.000.006) 2025-01-25 19:55:23 Node 6 executing on host: <192.168.0.107:9618?addrs=192.168.0.107-9618&alias=node107.di.rm1&noUDP&sock=startd_1981_6134>
...
014 (281363.000.003) 2025-01-25 19:55:23 Node 3 executing on host: <192.168.0.114:9618?addrs=192.168.0.114-9618&alias=node114.di.rm1&noUDP&sock=startd_2075_db1b>
...
014 (281363.000.007) 2025-01-25 19:55:23 Node 7 executing on host: <192.168.0.116:9618?addrs=192.168.0.116-9618&alias=node116.di.rm1&noUDP&sock=startd_1847_7783>
...
014 (281363.000.005) 2025-01-25 19:55:23 Node 5 executing on host: <192.168.0.140:9618?addrs=192.168.0.140-9618&alias=node140.di.rm1&noUDP&sock=startd_1890_f615>
...
014 (281363.000.004) 2025-01-25 19:55:23 Node 4 executing on host: <192.168.0.110:9618?addrs=192.168.0.110-9618&alias=node110.di.rm1&noUDP&sock=startd_2185_4e86>
...
001 (281363.000.000) 2025-01-25 19:55:23 Job executing on host: MPI_job
...
008 (281363.000.000) 2025-01-25 19:55:25 Launching orted on Node 2 of 8
...
008 (281363.000.000) 2025-01-25 19:55:25 Launching orted on Node 7 of 8
...
008 (281363.000.000) 2025-01-25 19:55:25 Launching orted on Node 6 of 8
...
008 (281363.000.000) 2025-01-25 19:55:25 Launching orted on Node 1 of 8
...
008 (281363.000.000) 2025-01-25 19:55:25 Launching orted on Node 0 of 8
...
008 (281363.000.000) 2025-01-25 19:55:25 Launching orted on Node 3 of 8
...
008 (281363.000.000) 2025-01-25 19:55:25 Launching orted on Node 5 of 8
...
008 (281363.000.000) 2025-01-25 19:55:25 Launching orted on Node 4 of 8
...
008 (281363.000.000) 2025-01-25 19:55:27 orted exited on Node 7 of 8
...
008 (281363.000.000) 2025-01-25 19:55:27 orted exited on Node 6 of 8
...
008 (281363.000.000) 2025-01-25 19:55:27 orted exited on Node 5 of 8
...
008 (281363.000.000) 2025-01-25 19:55:27 orted exited on Node 3 of 8
...
008 (281363.000.000) 2025-01-25 19:55:27 orted exited on Node 0 of 8
...
008 (281363.000.000) 2025-01-25 19:55:27 orted exited on Node 1 of 8
...
008 (281363.000.000) 2025-01-25 19:55:27 orted exited on Node 4 of 8
...
008 (281363.000.000) 2025-01-25 19:55:27 orted exited on Node 2 of 8
...
015 (281363.000.007) 2025-01-25 19:55:27 Node 7 terminated.
	(1) Normal termination (return value 0)
		Usr 0 00:00:01, Sys 0 00:00:00  -  Run Remote Usage
		Usr 0 00:00:00, Sys 0 00:00:00  -  Run Local Usage
		Usr 0 00:00:01, Sys 0 00:00:00  -  Total Remote Usage
		Usr 0 00:00:00, Sys 0 00:00:00  -  Total Local Usage
	2165  -  Run Bytes Sent By Node
	33639  -  Run Bytes Received By Node
	2165  -  Total Bytes Sent By Node
	33639  -  Total Bytes Received By Node
...
015 (281363.000.006) 2025-01-25 19:55:27 Node 6 terminated.
	(1) Normal termination (return value 0)
		Usr 0 00:00:01, Sys 0 00:00:00  -  Run Remote Usage
		Usr 0 00:00:00, Sys 0 00:00:00  -  Run Local Usage
		Usr 0 00:00:01, Sys 0 00:00:00  -  Total Remote Usage
		Usr 0 00:00:00, Sys 0 00:00:00  -  Total Local Usage
	2165  -  Run Bytes Sent By Node
	33639  -  Run Bytes Received By Node
	2165  -  Total Bytes Sent By Node
	33639  -  Total Bytes Received By Node
...
015 (281363.000.002) 2025-01-25 19:55:27 Node 2 terminated.
	(1) Normal termination (return value 0)
		Usr 0 00:00:01, Sys 0 00:00:00  -  Run Remote Usage
		Usr 0 00:00:00, Sys 0 00:00:00  -  Run Local Usage
		Usr 0 00:00:01, Sys 0 00:00:00  -  Total Remote Usage
		Usr 0 00:00:00, Sys 0 00:00:00  -  Total Local Usage
	2165  -  Run Bytes Sent By Node
	33639  -  Run Bytes Received By Node
	2165  -  Total Bytes Sent By Node
	33639  -  Total Bytes Received By Node
...
015 (281363.000.000) 2025-01-25 19:55:27 Node 0 terminated.
	(1) Normal termination (return value 0)
		Usr 0 00:00:00, Sys 0 00:00:00  -  Run Remote Usage
		Usr 0 00:00:00, Sys 0 00:00:00  -  Run Local Usage
		Usr 0 00:00:00, Sys 0 00:00:00  -  Total Remote Usage
		Usr 0 00:00:00, Sys 0 00:00:00  -  Total Local Usage
	3262  -  Run Bytes Sent By Node
	33639  -  Run Bytes Received By Node
	3262  -  Total Bytes Sent By Node
	33639  -  Total Bytes Received By Node
...
005 (281363.000.000) 2025-01-25 19:55:27 Job terminated.
	(1) Normal termination (return value 0)
		Usr 0 00:00:07, Sys 0 00:00:00  -  Run Remote Usage
		Usr 0 00:00:00, Sys 0 00:00:00  -  Run Local Usage
		Usr 0 00:00:00, Sys 0 00:00:00  -  Total Remote Usage
		Usr 0 00:00:00, Sys 0 00:00:00  -  Total Local Usage
	9757  -  Run Bytes Sent By Job
	269112  -  Run Bytes Received By Job
	9757  -  Total Bytes Sent By Job
	269112  -  Total Bytes Received By Job
	Partitionable Resources :    Usage  Request Allocated 
	   Cpus                 :                 1         1 
	   Disk (KB)            :       50       35    468979 
	   Memory (MB)          :        0        0     40960 

	Job terminated of its own accord at 2025-01-25T19:55:27Z with exit-code 0.
...
000 (288590.000.000) 2025-01-28 20:18:19 Job submitted from host: <192.168.0.102:9618?addrs=192.168.0.102-9618&alias=submitter&noUDP&sock=schedd_2032_5c88>
...
014 (288590.000.000) 2025-01-28 20:18:22 Node 0 executing on host: <192.168.0.130:9618?addrs=192.168.0.130-9618&alias=node130.di.rm1&noUDP&sock=startd_2751195_838e>
...
014 (288590.000.001) 2025-01-28 20:18:22 Node 1 executing on host: <192.168.0.106:9618?addrs=192.168.0.106-9618&alias=node106.di.rm1&noUDP&sock=startd_1970_d5a9>
...
014 (288590.000.004) 2025-01-28 20:18:22 Node 4 executing on host: <192.168.0.146:9618?addrs=192.168.0.146-9618&alias=node146.di.rm1&noUDP&sock=startd_1984_6ffc>
...
014 (288590.000.002) 2025-01-28 20:18:22 Node 2 executing on host: <192.168.0.110:9618?addrs=192.168.0.110-9618&alias=node110.di.rm1&noUDP&sock=startd_2185_4e86>
...
014 (288590.000.003) 2025-01-28 20:18:22 Node 3 executing on host: <192.168.0.140:9618?addrs=192.168.0.140-9618&alias=node140.di.rm1&noUDP&sock=startd_1890_f615>
...
014 (288590.000.005) 2025-01-28 20:18:22 Node 5 executing on host: <192.168.0.111:9618?addrs=192.168.0.111-9618&alias=node111.di.rm1&noUDP&sock=startd_2044_97ab>
...
014 (288590.000.007) 2025-01-28 20:18:22 Node 7 executing on host: <192.168.0.107:9618?addrs=192.168.0.107-9618&alias=node107.di.rm1&noUDP&sock=startd_1981_6134>
...
014 (288590.000.006) 2025-01-28 20:18:22 Node 6 executing on host: <192.168.0.121:9618?addrs=192.168.0.121-9618&alias=node121.di.rm1&noUDP&sock=startd_2146_8e54>
...
001 (288590.000.000) 2025-01-28 20:18:22 Job executing on host: MPI_job
...
008 (288590.000.000) 2025-01-28 20:18:24 Launching orted on Node 0 of 8
...
008 (288590.000.000) 2025-01-28 20:18:24 Launching orted on Node 1 of 8
...
008 (288590.000.000) 2025-01-28 20:18:24 Launching orted on Node 4 of 8
...
008 (288590.000.000) 2025-01-28 20:18:24 Launching orted on Node 2 of 8
...
008 (288590.000.000) 2025-01-28 20:18:24 Launching orted on Node 5 of 8
...
008 (288590.000.000) 2025-01-28 20:18:24 Launching orted on Node 3 of 8
...
008 (288590.000.000) 2025-01-28 20:18:24 Launching orted on Node 7 of 8
...
008 (288590.000.000) 2025-01-28 20:18:24 Launching orted on Node 6 of 8
...
008 (288590.000.000) 2025-01-28 20:18:26 orted exited on Node 3 of 8
...
008 (288590.000.000) 2025-01-28 20:18:26 orted exited on Node 1 of 8
...
008 (288590.000.000) 2025-01-28 20:18:26 orted exited on Node 4 of 8
...
008 (288590.000.000) 2025-01-28 20:18:26 orted exited on Node 2 of 8
...
008 (288590.000.000) 2025-01-28 20:18:26 orted exited on Node 5 of 8
...
008 (288590.000.000) 2025-01-28 20:18:26 orted exited on Node 6 of 8
...
008 (288590.000.000) 2025-01-28 20:18:26 orted exited on Node 0 of 8
...
008 (288590.000.000) 2025-01-28 20:18:26 orted exited on Node 7 of 8
...
015 (288590.000.001) 2025-01-28 20:18:26 Node 1 terminated.
	(1) Normal termination (return value 0)
		Usr 0 00:00:01, Sys 0 00:00:00  -  Run Remote Usage
		Usr 0 00:00:00, Sys 0 00:00:00  -  Run Local Usage
		Usr 0 00:00:01, Sys 0 00:00:00  -  Total Remote Usage
		Usr 0 00:00:00, Sys 0 00:00:00  -  Total Local Usage
	2165  -  Run Bytes Sent By Node
	33631  -  Run Bytes Received By Node
	2165  -  Total Bytes Sent By Node
	33631  -  Total Bytes Received By Node
...
015 (288590.000.002) 2025-01-28 20:18:26 Node 2 terminated.
	(1) Normal termination (return value 0)
		Usr 0 00:00:01, Sys 0 00:00:00  -  Run Remote Usage
		Usr 0 00:00:00, Sys 0 00:00:00  -  Run Local Usage
		Usr 0 00:00:01, Sys 0 00:00:00  -  Total Remote Usage
		Usr 0 00:00:00, Sys 0 00:00:00  -  Total Local Usage
	2187  -  Run Bytes Sent By Node
	33631  -  Run Bytes Received By Node
	2187  -  Total Bytes Sent By Node
	33631  -  Total Bytes Received By Node
...
015 (288590.000.004) 2025-01-28 20:18:26 Node 4 terminated.
	(1) Normal termination (return value 0)
		Usr 0 00:00:01, Sys 0 00:00:00  -  Run Remote Usage
		Usr 0 00:00:00, Sys 0 00:00:00  -  Run Local Usage
		Usr 0 00:00:01, Sys 0 00:00:00  -  Total Remote Usage
		Usr 0 00:00:00, Sys 0 00:00:00  -  Total Local Usage
	2165  -  Run Bytes Sent By Node
	33631  -  Run Bytes Received By Node
	2165  -  Total Bytes Sent By Node
	33631  -  Total Bytes Received By Node
...
015 (288590.000.000) 2025-01-28 20:18:26 Node 0 terminated.
	(1) Normal termination (return value 0)
		Usr 0 00:00:00, Sys 0 00:00:00  -  Run Remote Usage
		Usr 0 00:00:00, Sys 0 00:00:00  -  Run Local Usage
		Usr 0 00:00:00, Sys 0 00:00:00  -  Total Remote Usage
		Usr 0 00:00:00, Sys 0 00:00:00  -  Total Local Usage
	3259  -  Run Bytes Sent By Node
	33631  -  Run Bytes Received By Node
	3259  -  Total Bytes Sent By Node
	33631  -  Total Bytes Received By Node
...
005 (288590.000.000) 2025-01-28 20:18:26 Job terminated.
	(1) Normal termination (return value 0)
		Usr 0 00:00:08, Sys 0 00:00:01  -  Run Remote Usage
		Usr 0 00:00:00, Sys 0 00:00:00  -  Run Local Usage
		Usr 0 00:00:00, Sys 0 00:00:00  -  Total Remote Usage
		Usr 0 00:00:00, Sys 0 00:00:00  -  Total Local Usage
	11963  -  Run Bytes Sent By Job
	269048  -  Run Bytes Received By Job
	11963  -  Total Bytes Sent By Job
	269048  -  Total Bytes Received By Job
	Partitionable Resources :    Usage  Request Allocated 
	   Cpus                 :                 1         2 
	   Disk (KB)            :       51       35 102964203 
	   Memory (MB)          :        0        0    100096 

	Job terminated of its own accord at 2025-01-28T20:18:26Z with exit-code 0.
...
