000 (271029.000.000) 2025-01-22 00:35:34 Job submitted from host: <192.168.0.102:9618?addrs=192.168.0.102-9618&alias=submitter&noUDP&sock=schedd_2032_5c88>
...
001 (271029.000.000) 2025-01-22 00:35:54 Job executing on host: <192.168.0.147:9618?addrs=192.168.0.147-9618&alias=node147.di.rm1&noUDP&sock=startd_1513_5ee1>
...
006 (271029.000.000) 2025-01-22 00:36:02 Image size of job updated: 436524
	427  -  MemoryUsage of job (MB)
	436524  -  ResidentSetSize of job (KB)
...
006 (271029.000.000) 2025-01-22 00:36:35 Image size of job updated: 662484
	429  -  MemoryUsage of job (MB)
	438900  -  ResidentSetSize of job (KB)
...
004 (271029.000.000) 2025-01-22 00:36:35 Job was evicted.
	(0) CPU times
		Usr 0 00:04:11, Sys 0 00:00:00  -  Run Remote Usage
		Usr 0 00:00:00, Sys 0 00:00:00  -  Run Local Usage
	0  -  Run Bytes Sent By Job
	0  -  Run Bytes Received By Job
	Partitionable Resources :    Usage  Request Allocated 
	   Cpus                 :     1.00        1         1 
	   Disk (KB)            :    27          27    469805 
	   Memory (MB)          :   429           1       128 
...
009 (271029.000.000) 2025-01-22 00:36:35 Job was aborted.
	via condor_rm (by user calzona_2046920)
...
000 (277183.000.000) 2025-01-24 06:00:25 Job submitted from host: <192.168.0.102:9618?addrs=192.168.0.102-9618&alias=submitter&noUDP&sock=schedd_2032_5c88>
...
001 (277183.000.000) 2025-01-24 06:00:26 Job executing on host: <192.168.0.149:9618?addrs=192.168.0.149-9618&alias=node149.di.rm1&noUDP&sock=startd_1551_6f7a>
...
006 (277183.000.000) 2025-01-24 06:00:35 Image size of job updated: 491568
	481  -  MemoryUsage of job (MB)
	491568  -  ResidentSetSize of job (KB)
...
006 (277183.000.000) 2025-01-24 06:02:27 Image size of job updated: 662484
	481  -  MemoryUsage of job (MB)
	491568  -  ResidentSetSize of job (KB)
...
004 (277183.000.000) 2025-01-24 06:02:27 Job was evicted.
	(0) CPU times
		Usr 0 00:09:53, Sys 0 00:00:00  -  Run Remote Usage
		Usr 0 00:00:00, Sys 0 00:00:00  -  Run Local Usage
	0  -  Run Bytes Sent By Job
	0  -  Run Bytes Received By Job
	Partitionable Resources :    Usage  Request Allocated 
	   Cpus                 :                 1         1 
	   Disk (KB)            :       27       27    471944 
	   Memory (MB)          :      481        1       128 
...
009 (277183.000.000) 2025-01-24 06:02:27 Job was aborted.
	via condor_rm (by user calzona_2046920)
...
