000 (280480.000.000) 2025-01-25 16:42:09 Job submitted from host: <192.168.0.102:9618?addrs=192.168.0.102-9618&alias=submitter&noUDP&sock=schedd_2032_5c88>
...
014 (280480.000.000) 2025-01-25 16:42:45 Node 0 executing on host: <192.168.0.148:9618?addrs=192.168.0.148-9618&alias=node148.di.rm1&noUDP&sock=startd_1547_b119>
...
014 (280480.000.001) 2025-01-25 16:42:45 Node 1 executing on host: <192.168.0.140:9618?addrs=192.168.0.140-9618&alias=node140.di.rm1&noUDP&sock=startd_1890_f615>
...
001 (280480.000.000) 2025-01-25 16:42:45 Job executing on host: MPI_job
...
008 (280480.000.000) 2025-01-25 16:42:47 Launching orted on Node 0 of 2
...
008 (280480.000.000) 2025-01-25 16:42:47 Launching orted on Node 1 of 2
...
008 (280480.000.000) 2025-01-25 16:42:50 Node 0 caught SIGTERM, cleaning up mpirun
...
004 (280480.000.000) 2025-01-25 16:42:50 Job was evicted.
	(0) CPU times
		Usr 0 00:00:02, Sys 0 00:00:00  -  Run Remote Usage
		Usr 0 00:00:00, Sys 0 00:00:00  -  Run Local Usage
	0  -  Run Bytes Sent By Job
	67278  -  Run Bytes Received By Job
	Partitionable Resources :    Usage  Request Allocated 
	   Cpus                 :                 1         1 
	   Disk (KB)            :     8398       35    467548 
	   Memory (MB)          :               289     40960 
...
009 (280480.000.000) 2025-01-25 16:42:50 Job was aborted.
	via condor_rm (by user calzona_2046920)
...
000 (280698.000.000) 2025-01-25 17:27:52 Job submitted from host: <192.168.0.102:9618?addrs=192.168.0.102-9618&alias=submitter&noUDP&sock=schedd_2032_5c88>
...
014 (280698.000.000) 2025-01-25 17:27:56 Node 0 executing on host: <192.168.0.109:9618?addrs=192.168.0.109-9618&alias=node109.di.rm1&noUDP&sock=startd_1627_90ad>
...
014 (280698.000.001) 2025-01-25 17:27:56 Node 1 executing on host: <192.168.0.113:9618?addrs=192.168.0.113-9618&alias=node113.di.rm1&noUDP&sock=startd_3668932_c305>
...
001 (280698.000.000) 2025-01-25 17:27:56 Job executing on host: MPI_job
...
008 (280698.000.000) 2025-01-25 17:27:58 Launching orted on Node 0 of 2
...
008 (280698.000.000) 2025-01-25 17:27:58 Launching orted on Node 1 of 2
...
008 (280698.000.000) 2025-01-25 17:28:07 orted exited on Node 1 of 2
...
008 (280698.000.000) 2025-01-25 17:28:07 orted exited on Node 0 of 2
...
015 (280698.000.000) 2025-01-25 17:28:08 Node 0 terminated.
	(1) Normal termination (return value 0)
		Usr 0 00:00:05, Sys 0 00:00:01  -  Run Remote Usage
		Usr 0 00:00:00, Sys 0 00:00:00  -  Run Local Usage
		Usr 0 00:00:05, Sys 0 00:00:01  -  Total Remote Usage
		Usr 0 00:00:00, Sys 0 00:00:00  -  Total Local Usage
	3256  -  Run Bytes Sent By Node
	33639  -  Run Bytes Received By Node
	3256  -  Total Bytes Sent By Node
	33639  -  Total Bytes Received By Node
...
005 (280698.000.000) 2025-01-25 17:28:08 Job terminated.
	(1) Normal termination (return value 0)
		Usr 0 00:00:14, Sys 0 00:00:01  -  Run Remote Usage
		Usr 0 00:00:00, Sys 0 00:00:00  -  Run Local Usage
		Usr 0 00:00:05, Sys 0 00:00:01  -  Total Remote Usage
		Usr 0 00:00:00, Sys 0 00:00:00  -  Total Local Usage
	5443  -  Run Bytes Sent By Job
	67278  -  Run Bytes Received By Job
	5443  -  Total Bytes Sent By Job
	67278  -  Total Bytes Received By Job
	Partitionable Resources :    Usage  Request Allocated 
	   Cpus                 :                 1         1 
	   Disk (KB)            :       49       35    468160 
	   Memory (MB)          :      267        1     40960 

	Job terminated of its own accord at 2025-01-25T17:28:07Z with exit-code 0.
...
