000 (274206.000.000) 2025-01-23 11:41:59 Job submitted from host: <192.168.0.102:9618?addrs=192.168.0.102-9618&alias=submitter&noUDP&sock=schedd_2032_5c88>
...
014 (274206.000.001) 2025-01-23 11:42:04 Node 1 executing on host: <192.168.0.110:9618?addrs=192.168.0.110-9618&alias=node110.di.rm1&noUDP&sock=startd_2185_4e86>
...
014 (274206.000.002) 2025-01-23 11:42:04 Node 2 executing on host: <192.168.0.120:9618?addrs=192.168.0.120-9618&alias=node120.di.rm1&noUDP&sock=startd_2096_4298>
...
014 (274206.000.000) 2025-01-23 11:42:04 Node 0 executing on host: <192.168.0.124:9618?addrs=192.168.0.124-9618&alias=node124.di.rm1&noUDP&sock=startd_2143_7f8b>
...
014 (274206.000.003) 2025-01-23 11:42:04 Node 3 executing on host: <192.168.0.135:9618?addrs=192.168.0.135-9618&alias=node135.di.rm1&noUDP&sock=startd_2000_6980>
...
001 (274206.000.000) 2025-01-23 11:42:04 Job executing on host: MPI_job
...
008 (274206.000.000) 2025-01-23 11:42:06 Launching orted on Node 1 of 4
...
008 (274206.000.000) 2025-01-23 11:42:06 Launching orted on Node 2 of 4
...
008 (274206.000.000) 2025-01-23 11:42:06 Launching orted on Node 0 of 4
...
008 (274206.000.000) 2025-01-23 11:42:06 Launching orted on Node 3 of 4
...
008 (274206.000.000) 2025-01-23 11:42:40 Node 0 caught SIGTERM, cleaning up mpirun
...
004 (274206.000.000) 2025-01-23 11:42:40 Job was evicted.
	(0) CPU times
		Usr 0 00:00:44, Sys 0 00:00:00  -  Run Remote Usage
		Usr 0 00:00:00, Sys 0 00:00:00  -  Run Local Usage
	0  -  Run Bytes Sent By Job
	134556  -  Run Bytes Received By Job
	Partitionable Resources :    Usage  Request Allocated 
	   Cpus                 :                 1         1 
	   Disk (KB)            :     8569       35    499302 
	   GPUs                 :                           0 
	   Memory (MB)          :       86       33     40960 
...
009 (274206.000.000) 2025-01-23 11:42:40 Job was aborted.
	via condor_rm (by user calzona_2046920)
...
000 (278941.000.000) 2025-01-24 09:47:17 Job submitted from host: <192.168.0.102:9618?addrs=192.168.0.102-9618&alias=submitter&noUDP&sock=schedd_2032_5c88>
...
014 (278941.000.002) 2025-01-24 09:47:24 Node 2 executing on host: <192.168.0.147:9618?addrs=192.168.0.147-9618&alias=node147.di.rm1&noUDP&sock=startd_1513_5ee1>
...
014 (278941.000.001) 2025-01-24 09:47:24 Node 1 executing on host: <192.168.0.107:9618?addrs=192.168.0.107-9618&alias=node107.di.rm1&noUDP&sock=startd_1981_6134>
...
014 (278941.000.000) 2025-01-24 09:47:24 Node 0 executing on host: <192.168.0.151:9618?addrs=192.168.0.151-9618&alias=node151.di.rm1&noUDP&sock=startd_1528_a8cd>
...
014 (278941.000.003) 2025-01-24 09:47:25 Node 3 executing on host: <192.168.0.151:9618?addrs=192.168.0.151-9618&alias=node151.di.rm1&noUDP&sock=startd_1528_a8cd>
...
001 (278941.000.000) 2025-01-24 09:47:25 Job executing on host: MPI_job
...
008 (278941.000.000) 2025-01-24 09:47:26 Launching orted on Node 2 of 4
...
008 (278941.000.000) 2025-01-24 09:47:27 Launching orted on Node 1 of 4
...
008 (278941.000.000) 2025-01-24 09:47:27 Launching orted on Node 0 of 4
...
008 (278941.000.000) 2025-01-24 09:47:27 Launching orted on Node 3 of 4
...
008 (278941.000.000) 2025-01-24 09:48:35 orted exited on Node 1 of 4
...
008 (278941.000.000) 2025-01-24 09:48:35 orted exited on Node 2 of 4
...
008 (278941.000.000) 2025-01-24 09:48:35 orted exited on Node 3 of 4
...
008 (278941.000.000) 2025-01-24 09:48:35 orted exited on Node 0 of 4
...
015 (278941.000.002) 2025-01-24 09:48:35 Node 2 terminated.
	(1) Normal termination (return value 0)
		Usr 0 00:01:07, Sys 0 00:00:00  -  Run Remote Usage
		Usr 0 00:00:00, Sys 0 00:00:00  -  Run Local Usage
		Usr 0 00:01:07, Sys 0 00:00:00  -  Total Remote Usage
		Usr 0 00:00:00, Sys 0 00:00:00  -  Total Local Usage
	2165  -  Run Bytes Sent By Node
	33639  -  Run Bytes Received By Node
	2165  -  Total Bytes Sent By Node
	33639  -  Total Bytes Received By Node
...
015 (278941.000.003) 2025-01-24 09:48:55 Node 3 terminated.
	(1) Normal termination (return value 0)
		Usr 0 00:01:07, Sys 0 00:00:00  -  Run Remote Usage
		Usr 0 00:00:00, Sys 0 00:00:00  -  Run Local Usage
		Usr 0 00:01:07, Sys 0 00:00:00  -  Total Remote Usage
		Usr 0 00:00:00, Sys 0 00:00:00  -  Total Local Usage
	0  -  Run Bytes Sent By Node
	33639  -  Run Bytes Received By Node
	0  -  Total Bytes Sent By Node
	33639  -  Total Bytes Received By Node
...
015 (278941.000.000) 2025-01-24 09:48:55 Node 0 terminated.
	(1) Normal termination (return value 0)
		Usr 0 00:00:06, Sys 0 00:00:00  -  Run Remote Usage
		Usr 0 00:00:00, Sys 0 00:00:00  -  Run Local Usage
		Usr 0 00:00:06, Sys 0 00:00:00  -  Total Remote Usage
		Usr 0 00:00:00, Sys 0 00:00:00  -  Total Local Usage
	3258  -  Run Bytes Sent By Node
	33639  -  Run Bytes Received By Node
	3258  -  Total Bytes Sent By Node
	33639  -  Total Bytes Received By Node
...
015 (278941.000.001) 2025-01-24 09:48:55 Node 1 terminated.
	(1) Normal termination (return value 0)
		Usr 0 00:01:07, Sys 0 00:00:00  -  Run Remote Usage
		Usr 0 00:00:00, Sys 0 00:00:00  -  Run Local Usage
		Usr 0 00:01:07, Sys 0 00:00:00  -  Total Remote Usage
		Usr 0 00:00:00, Sys 0 00:00:00  -  Total Local Usage
	2165  -  Run Bytes Sent By Node
	33639  -  Run Bytes Received By Node
	2165  -  Total Bytes Sent By Node
	33639  -  Total Bytes Received By Node
...
005 (278941.000.000) 2025-01-24 09:48:56 Job terminated.
	(1) Normal termination (return value 0)
		Usr 0 00:03:27, Sys 0 00:00:00  -  Run Remote Usage
		Usr 0 00:00:00, Sys 0 00:00:00  -  Run Local Usage
		Usr 0 00:00:01, Sys 0 00:00:00  -  Total Remote Usage
		Usr 0 00:00:00, Sys 0 00:00:00  -  Total Local Usage
	7588  -  Run Bytes Sent By Job
	134556  -  Run Bytes Received By Job
	7588  -  Total Bytes Sent By Job
	134556  -  Total Bytes Received By Job
	Partitionable Resources :    Usage  Request Allocated 
	   Cpus                 :                 1         1 
	   Disk (KB)            :       49       35    474791 
	   Memory (MB)          :       85       32     20480 

	Job terminated of its own accord at 2025-01-24T09:48:35Z with exit-code 0.
...
000 (287243.000.000) 2025-01-28 16:42:48 Job submitted from host: <192.168.0.102:9618?addrs=192.168.0.102-9618&alias=submitter&noUDP&sock=schedd_2032_5c88>
...
014 (287243.000.000) 2025-01-28 16:42:52 Node 0 executing on host: <192.168.0.137:9618?addrs=192.168.0.137-9618&alias=node137.di.rm1&noUDP&sock=startd_1934_2440>
...
014 (287243.000.001) 2025-01-28 16:42:52 Node 1 executing on host: <192.168.0.141:9618?addrs=192.168.0.141-9618&alias=node141.di.rm1&noUDP&sock=startd_2077_3a4b>
...
014 (287243.000.002) 2025-01-28 16:42:52 Node 2 executing on host: <192.168.0.112:9618?addrs=192.168.0.112-9618&alias=node112.di.rm1&noUDP&sock=startd_2169_5502>
...
014 (287243.000.003) 2025-01-28 16:42:52 Node 3 executing on host: <192.168.0.122:9618?addrs=192.168.0.122-9618&alias=node122.di.rm1&noUDP&sock=startd_2134_5331>
...
001 (287243.000.000) 2025-01-28 16:42:52 Job executing on host: MPI_job
...
008 (287243.000.000) 2025-01-28 16:42:54 Launching orted on Node 0 of 4
...
008 (287243.000.000) 2025-01-28 16:42:55 Launching orted on Node 3 of 4
...
008 (287243.000.000) 2025-01-28 16:42:55 Launching orted on Node 1 of 4
...
008 (287243.000.000) 2025-01-28 16:42:55 Launching orted on Node 2 of 4
...
008 (287243.000.000) 2025-01-28 16:44:01 orted exited on Node 0 of 4
...
008 (287243.000.000) 2025-01-28 16:44:01 orted exited on Node 1 of 4
...
008 (287243.000.000) 2025-01-28 16:44:01 orted exited on Node 2 of 4
...
008 (287243.000.000) 2025-01-28 16:44:01 orted exited on Node 3 of 4
...
015 (287243.000.000) 2025-01-28 16:44:01 Node 0 terminated.
	(1) Normal termination (return value 0)
		Usr 0 00:01:06, Sys 0 00:00:01  -  Run Remote Usage
		Usr 0 00:00:00, Sys 0 00:00:00  -  Run Local Usage
		Usr 0 00:01:06, Sys 0 00:00:01  -  Total Remote Usage
		Usr 0 00:00:00, Sys 0 00:00:00  -  Total Local Usage
	3264  -  Run Bytes Sent By Node
	33591  -  Run Bytes Received By Node
	3264  -  Total Bytes Sent By Node
	33591  -  Total Bytes Received By Node
...
005 (287243.000.000) 2025-01-28 16:44:01 Job terminated.
	(1) Normal termination (return value 0)
		Usr 0 00:04:23, Sys 0 00:00:01  -  Run Remote Usage
		Usr 0 00:00:00, Sys 0 00:00:00  -  Run Local Usage
		Usr 0 00:01:00, Sys 0 00:00:01  -  Total Remote Usage
		Usr 0 00:00:00, Sys 0 00:00:00  -  Total Local Usage
	3264  -  Run Bytes Sent By Job
	134364  -  Run Bytes Received By Job
	3264  -  Total Bytes Sent By Job
	134364  -  Total Bytes Received By Job
	Partitionable Resources :    Usage  Request Allocated 
	   Cpus                 :                 1         2 
	   Disk (KB)            :       50       35 102846057 
	   Memory (MB)          :       84       36    100096 

	Job terminated of its own accord at 2025-01-28T16:44:01Z with exit-code 0.
...
