000 (263998.000.000) 2025-01-17 11:21:09 Job submitted from host: <192.168.0.102:9618?addrs=192.168.0.102-9618&alias=submitter&noUDP&sock=schedd_2032_5c88>
...
001 (263998.000.000) 2025-01-17 11:21:13 Job executing on host: <192.168.0.138:9618?addrs=192.168.0.138-9618&alias=node138.di.rm1&noUDP&sock=startd_2998744_89a3>
...
006 (263998.000.000) 2025-01-17 11:21:21 Image size of job updated: 298376
	268  -  MemoryUsage of job (MB)
	274032  -  ResidentSetSize of job (KB)
...
006 (263998.000.000) 2025-01-17 11:26:21 Image size of job updated: 298376
	274  -  MemoryUsage of job (MB)
	280180  -  ResidentSetSize of job (KB)
...
006 (263998.000.000) 2025-01-17 11:26:22 Image size of job updated: 298376
	274  -  MemoryUsage of job (MB)
	280312  -  ResidentSetSize of job (KB)
...
005 (263998.000.000) 2025-01-17 11:26:22 Job terminated.
	(1) Normal termination (return value 0)
		Usr 0 00:05:21, Sys 0 00:00:49  -  Run Remote Usage
		Usr 0 00:00:00, Sys 0 00:00:00  -  Run Local Usage
		Usr 0 00:05:21, Sys 0 00:00:49  -  Total Remote Usage
		Usr 0 00:00:00, Sys 0 00:00:00  -  Total Local Usage
	0  -  Run Bytes Sent By Job
	0  -  Run Bytes Received By Job
	0  -  Total Bytes Sent By Job
	0  -  Total Bytes Received By Job
	Partitionable Resources :    Usage  Request Allocated 
	   Cpus                 :     0.58        1         1 
	   Disk (KB)            :    27          27    474244 
	   Memory (MB)          :   274           1       128 

	Job terminated of its own accord at 2025-01-17T11:26:22Z with exit-code 0.
...
