000 (279211.000.000) 2025-01-24 10:21:23 Job submitted from host: <192.168.0.102:9618?addrs=192.168.0.102-9618&alias=submitter&noUDP&sock=schedd_2032_5c88>
...
014 (279211.000.002) 2025-01-24 10:21:32 Node 2 executing on host: <192.168.0.120:9618?addrs=192.168.0.120-9618&alias=node120.di.rm1&noUDP&sock=startd_2096_4298>
...
014 (279211.000.000) 2025-01-24 10:21:32 Node 0 executing on host: <192.168.0.146:9618?addrs=192.168.0.146-9618&alias=node146.di.rm1&noUDP&sock=startd_1984_6ffc>
...
014 (279211.000.003) 2025-01-24 10:21:32 Node 3 executing on host: <192.168.0.121:9618?addrs=192.168.0.121-9618&alias=node121.di.rm1&noUDP&sock=startd_2146_8e54>
...
014 (279211.000.001) 2025-01-24 10:21:32 Node 1 executing on host: <192.168.0.141:9618?addrs=192.168.0.141-9618&alias=node141.di.rm1&noUDP&sock=startd_2077_3a4b>
...
014 (279211.000.006) 2025-01-24 10:21:32 Node 6 executing on host: <192.168.0.147:9618?addrs=192.168.0.147-9618&alias=node147.di.rm1&noUDP&sock=startd_1513_5ee1>
...
014 (279211.000.004) 2025-01-24 10:21:32 Node 4 executing on host: <192.168.0.151:9618?addrs=192.168.0.151-9618&alias=node151.di.rm1&noUDP&sock=startd_1528_a8cd>
...
014 (279211.000.007) 2025-01-24 10:21:32 Node 7 executing on host: <192.168.0.112:9618?addrs=192.168.0.112-9618&alias=node112.di.rm1&noUDP&sock=startd_2169_5502>
...
014 (279211.000.005) 2025-01-24 10:21:32 Node 5 executing on host: <192.168.0.137:9618?addrs=192.168.0.137-9618&alias=node137.di.rm1&noUDP&sock=startd_1934_2440>
...
001 (279211.000.000) 2025-01-24 10:21:32 Job executing on host: MPI_job
...
008 (279211.000.000) 2025-01-24 10:21:34 Launching orted on Node 2 of 8
...
008 (279211.000.000) 2025-01-24 10:21:34 Launching orted on Node 0 of 8
...
008 (279211.000.000) 2025-01-24 10:21:34 Launching orted on Node 3 of 8
...
008 (279211.000.000) 2025-01-24 10:21:34 Launching orted on Node 6 of 8
...
008 (279211.000.000) 2025-01-24 10:21:34 Launching orted on Node 7 of 8
...
008 (279211.000.000) 2025-01-24 10:21:34 Launching orted on Node 5 of 8
...
008 (279211.000.000) 2025-01-24 10:21:34 Launching orted on Node 1 of 8
...
008 (279211.000.000) 2025-01-24 10:21:34 Launching orted on Node 4 of 8
...
008 (279211.000.000) 2025-01-24 10:21:47 orted exited on Node 4 of 8
...
008 (279211.000.000) 2025-01-24 10:21:47 orted exited on Node 3 of 8
...
008 (279211.000.000) 2025-01-24 10:21:47 orted exited on Node 0 of 8
...
008 (279211.000.000) 2025-01-24 10:21:47 orted exited on Node 5 of 8
...
008 (279211.000.000) 2025-01-24 10:21:47 orted exited on Node 1 of 8
...
008 (279211.000.000) 2025-01-24 10:21:47 orted exited on Node 6 of 8
...
008 (279211.000.000) 2025-01-24 10:21:47 orted exited on Node 2 of 8
...
008 (279211.000.000) 2025-01-24 10:21:47 orted exited on Node 7 of 8
...
015 (279211.000.002) 2025-01-24 10:21:48 Node 2 terminated.
	(1) Normal termination (return value 0)
		Usr 0 00:00:11, Sys 0 00:00:00  -  Run Remote Usage
		Usr 0 00:00:00, Sys 0 00:00:00  -  Run Local Usage
		Usr 0 00:00:11, Sys 0 00:00:00  -  Total Remote Usage
		Usr 0 00:00:00, Sys 0 00:00:00  -  Total Local Usage
	2187  -  Run Bytes Sent By Node
	33639  -  Run Bytes Received By Node
	2187  -  Total Bytes Sent By Node
	33639  -  Total Bytes Received By Node
...
015 (279211.000.003) 2025-01-24 10:21:48 Node 3 terminated.
	(1) Normal termination (return value 0)
		Usr 0 00:00:11, Sys 0 00:00:01  -  Run Remote Usage
		Usr 0 00:00:00, Sys 0 00:00:00  -  Run Local Usage
		Usr 0 00:00:11, Sys 0 00:00:01  -  Total Remote Usage
		Usr 0 00:00:00, Sys 0 00:00:00  -  Total Local Usage
	2165  -  Run Bytes Sent By Node
	33639  -  Run Bytes Received By Node
	2165  -  Total Bytes Sent By Node
	33639  -  Total Bytes Received By Node
...
015 (279211.000.005) 2025-01-24 10:21:48 Node 5 terminated.
	(1) Normal termination (return value 0)
		Usr 0 00:00:12, Sys 0 00:00:00  -  Run Remote Usage
		Usr 0 00:00:00, Sys 0 00:00:00  -  Run Local Usage
		Usr 0 00:00:12, Sys 0 00:00:00  -  Total Remote Usage
		Usr 0 00:00:00, Sys 0 00:00:00  -  Total Local Usage
	2165  -  Run Bytes Sent By Node
	33639  -  Run Bytes Received By Node
	2165  -  Total Bytes Sent By Node
	33639  -  Total Bytes Received By Node
...
015 (279211.000.000) 2025-01-24 10:21:48 Node 0 terminated.
	(1) Normal termination (return value 0)
		Usr 0 00:00:06, Sys 0 00:00:00  -  Run Remote Usage
		Usr 0 00:00:00, Sys 0 00:00:00  -  Run Local Usage
		Usr 0 00:00:06, Sys 0 00:00:00  -  Total Remote Usage
		Usr 0 00:00:00, Sys 0 00:00:00  -  Total Local Usage
	3264  -  Run Bytes Sent By Node
	33639  -  Run Bytes Received By Node
	3264  -  Total Bytes Sent By Node
	33639  -  Total Bytes Received By Node
...
015 (279211.000.007) 2025-01-24 10:21:48 Node 7 terminated.
	(1) Normal termination (return value 0)
		Usr 0 00:00:12, Sys 0 00:00:00  -  Run Remote Usage
		Usr 0 00:00:00, Sys 0 00:00:00  -  Run Local Usage
		Usr 0 00:00:12, Sys 0 00:00:00  -  Total Remote Usage
		Usr 0 00:00:00, Sys 0 00:00:00  -  Total Local Usage
	2187  -  Run Bytes Sent By Node
	33639  -  Run Bytes Received By Node
	2187  -  Total Bytes Sent By Node
	33639  -  Total Bytes Received By Node
...
005 (279211.000.000) 2025-01-24 10:21:48 Job terminated.
	(1) Normal termination (return value 0)
		Usr 0 00:01:26, Sys 0 00:00:02  -  Run Remote Usage
		Usr 0 00:00:00, Sys 0 00:00:00  -  Run Local Usage
		Usr 0 00:00:01, Sys 0 00:00:00  -  Total Remote Usage
		Usr 0 00:00:00, Sys 0 00:00:00  -  Total Local Usage
	16298  -  Run Bytes Sent By Job
	269112  -  Run Bytes Received By Job
	16298  -  Total Bytes Sent By Job
	269112  -  Total Bytes Received By Job
	Partitionable Resources :    Usage  Request Allocated 
	   Cpus                 :     0.01        1         2 
	   Disk (KB)            :    56          35 103077319 
	   Memory (MB)          :   340           0    100096 

	Job terminated of its own accord at 2025-01-24T10:21:47Z with exit-code 0.
...
000 (287529.000.000) 2025-01-28 17:20:04 Job submitted from host: <192.168.0.102:9618?addrs=192.168.0.102-9618&alias=submitter&noUDP&sock=schedd_2032_5c88>
...
014 (287529.000.000) 2025-01-28 17:20:12 Node 0 executing on host: <192.168.0.110:9618?addrs=192.168.0.110-9618&alias=node110.di.rm1&noUDP&sock=startd_2185_4e86>
...
014 (287529.000.001) 2025-01-28 17:20:12 Node 1 executing on host: <192.168.0.140:9618?addrs=192.168.0.140-9618&alias=node140.di.rm1&noUDP&sock=startd_1890_f615>
...
014 (287529.000.002) 2025-01-28 17:20:12 Node 2 executing on host: <192.168.0.116:9618?addrs=192.168.0.116-9618&alias=node116.di.rm1&noUDP&sock=startd_1847_7783>
...
014 (287529.000.003) 2025-01-28 17:20:12 Node 3 executing on host: <192.168.0.146:9618?addrs=192.168.0.146-9618&alias=node146.di.rm1&noUDP&sock=startd_1984_6ffc>
...
014 (287529.000.004) 2025-01-28 17:20:12 Node 4 executing on host: <192.168.0.111:9618?addrs=192.168.0.111-9618&alias=node111.di.rm1&noUDP&sock=startd_2044_97ab>
...
014 (287529.000.007) 2025-01-28 17:20:12 Node 7 executing on host: <192.168.0.130:9618?addrs=192.168.0.130-9618&alias=node130.di.rm1&noUDP&sock=startd_2751195_838e>
...
014 (287529.000.006) 2025-01-28 17:20:12 Node 6 executing on host: <192.168.0.121:9618?addrs=192.168.0.121-9618&alias=node121.di.rm1&noUDP&sock=startd_2146_8e54>
...
014 (287529.000.005) 2025-01-28 17:20:12 Node 5 executing on host: <192.168.0.120:9618?addrs=192.168.0.120-9618&alias=node120.di.rm1&noUDP&sock=startd_2096_4298>
...
001 (287529.000.000) 2025-01-28 17:20:12 Job executing on host: MPI_job
...
008 (287529.000.000) 2025-01-28 17:20:14 Launching orted on Node 0 of 8
...
008 (287529.000.000) 2025-01-28 17:20:14 Launching orted on Node 1 of 8
...
008 (287529.000.000) 2025-01-28 17:20:14 Launching orted on Node 2 of 8
...
008 (287529.000.000) 2025-01-28 17:20:14 Launching orted on Node 3 of 8
...
008 (287529.000.000) 2025-01-28 17:20:14 Launching orted on Node 4 of 8
...
008 (287529.000.000) 2025-01-28 17:20:14 Launching orted on Node 7 of 8
...
008 (287529.000.000) 2025-01-28 17:20:14 Launching orted on Node 6 of 8
...
008 (287529.000.000) 2025-01-28 17:20:14 Launching orted on Node 5 of 8
...
008 (287529.000.000) 2025-01-28 17:20:26 orted exited on Node 1 of 8
...
008 (287529.000.000) 2025-01-28 17:20:26 orted exited on Node 0 of 8
...
008 (287529.000.000) 2025-01-28 17:20:26 orted exited on Node 3 of 8
...
008 (287529.000.000) 2025-01-28 17:20:26 orted exited on Node 2 of 8
...
008 (287529.000.000) 2025-01-28 17:20:26 orted exited on Node 4 of 8
...
008 (287529.000.000) 2025-01-28 17:20:26 orted exited on Node 6 of 8
...
008 (287529.000.000) 2025-01-28 17:20:26 orted exited on Node 5 of 8
...
008 (287529.000.000) 2025-01-28 17:20:26 orted exited on Node 7 of 8
...
015 (287529.000.001) 2025-01-28 17:20:26 Node 1 terminated.
	(1) Normal termination (return value 0)
		Usr 0 00:00:12, Sys 0 00:00:00  -  Run Remote Usage
		Usr 0 00:00:00, Sys 0 00:00:00  -  Run Local Usage
		Usr 0 00:00:12, Sys 0 00:00:00  -  Total Remote Usage
		Usr 0 00:00:00, Sys 0 00:00:00  -  Total Local Usage
	2165  -  Run Bytes Sent By Node
	33591  -  Run Bytes Received By Node
	2165  -  Total Bytes Sent By Node
	33591  -  Total Bytes Received By Node
...
015 (287529.000.003) 2025-01-28 17:20:26 Node 3 terminated.
	(1) Normal termination (return value 0)
		Usr 0 00:00:12, Sys 0 00:00:00  -  Run Remote Usage
		Usr 0 00:00:00, Sys 0 00:00:00  -  Run Local Usage
		Usr 0 00:00:12, Sys 0 00:00:00  -  Total Remote Usage
		Usr 0 00:00:00, Sys 0 00:00:00  -  Total Local Usage
	2165  -  Run Bytes Sent By Node
	33591  -  Run Bytes Received By Node
	2165  -  Total Bytes Sent By Node
	33591  -  Total Bytes Received By Node
...
015 (287529.000.000) 2025-01-28 17:20:26 Node 0 terminated.
	(1) Normal termination (return value 0)
		Usr 0 00:00:05, Sys 0 00:00:00  -  Run Remote Usage
		Usr 0 00:00:00, Sys 0 00:00:00  -  Run Local Usage
		Usr 0 00:00:05, Sys 0 00:00:00  -  Total Remote Usage
		Usr 0 00:00:00, Sys 0 00:00:00  -  Total Local Usage
	3771  -  Run Bytes Sent By Node
	33591  -  Run Bytes Received By Node
	3771  -  Total Bytes Sent By Node
	33591  -  Total Bytes Received By Node
...
015 (287529.000.002) 2025-01-28 17:20:26 Node 2 terminated.
	(1) Normal termination (return value 0)
		Usr 0 00:00:11, Sys 0 00:00:01  -  Run Remote Usage
		Usr 0 00:00:00, Sys 0 00:00:00  -  Run Local Usage
		Usr 0 00:00:11, Sys 0 00:00:01  -  Total Remote Usage
		Usr 0 00:00:00, Sys 0 00:00:00  -  Total Local Usage
	2165  -  Run Bytes Sent By Node
	33591  -  Run Bytes Received By Node
	2165  -  Total Bytes Sent By Node
	33591  -  Total Bytes Received By Node
...
005 (287529.000.000) 2025-01-28 17:20:26 Job terminated.
	(1) Normal termination (return value 0)
		Usr 0 00:01:27, Sys 0 00:00:02  -  Run Remote Usage
		Usr 0 00:00:00, Sys 0 00:00:00  -  Run Local Usage
		Usr 0 00:00:05, Sys 0 00:00:00  -  Total Remote Usage
		Usr 0 00:00:00, Sys 0 00:00:00  -  Total Local Usage
	16783  -  Run Bytes Sent By Job
	268728  -  Run Bytes Received By Job
	16783  -  Total Bytes Sent By Job
	268728  -  Total Bytes Received By Job
	Partitionable Resources :    Usage  Request Allocated 
	   Cpus                 :                 1         2 
	   Disk (KB)            :       52       35 102979030 
	   GPUs                 :                           0 
	   Memory (MB)          :      305        0    100096 

	Job terminated of its own accord at 2025-01-28T17:20:26Z with exit-code 0.
...
