000 (268600.000.000) 2025-01-21 21:55:34 Job submitted from host: <192.168.0.102:9618?addrs=192.168.0.102-9618&alias=submitter&noUDP&sock=schedd_2032_5c88>
...
001 (268600.000.000) 2025-01-21 21:55:49 Job executing on host: <192.168.0.137:9618?addrs=192.168.0.137-9618&alias=node137.di.rm1&noUDP&sock=startd_1934_2440>
...
006 (268600.000.000) 2025-01-21 21:55:58 Image size of job updated: 608164
	591  -  MemoryUsage of job (MB)
	604176  -  ResidentSetSize of job (KB)
...
004 (268600.000.000) 2025-01-21 21:56:31 Job was evicted.
	(0) CPU times
		Usr 0 00:00:40, Sys 0 00:00:00  -  Run Remote Usage
		Usr 0 00:00:00, Sys 0 00:00:00  -  Run Local Usage
	0  -  Run Bytes Sent By Job
	0  -  Run Bytes Received By Job
	Partitionable Resources :    Usage  Request Allocated 
	   Cpus                 :                 1         1 
	   Disk (KB)            :       27       27    391050 
	   Memory (MB)          :      591        1       128 
...
009 (268600.000.000) 2025-01-21 21:56:31 Job was aborted.
	via condor_rm (by user calzona_2046920)
...
000 (268751.000.000) 2025-01-21 22:03:42 Job submitted from host: <192.168.0.102:9618?addrs=192.168.0.102-9618&alias=submitter&noUDP&sock=schedd_2032_5c88>
...
001 (268751.000.000) 2025-01-21 22:03:44 Job executing on host: <192.168.0.107:9618?addrs=192.168.0.107-9618&alias=node107.di.rm1&noUDP&sock=startd_1981_6134>
...
006 (268751.000.000) 2025-01-21 22:03:48 Image size of job updated: 20460
	0  -  MemoryUsage of job (MB)
	0  -  ResidentSetSize of job (KB)
...
004 (268751.000.000) 2025-01-21 22:03:48 Job was evicted.
	(0) CPU times
		Usr 0 00:00:02, Sys 0 00:00:00  -  Run Remote Usage
		Usr 0 00:00:00, Sys 0 00:00:00  -  Run Local Usage
	0  -  Run Bytes Sent By Job
	0  -  Run Bytes Received By Job
	Partitionable Resources :    Usage  Request Allocated 
	   Cpus                 :                 1         1 
	   Disk (KB)            :       27       27    471963 
	   Memory (MB)          :        0        1       128 
...
009 (268751.000.000) 2025-01-21 22:03:48 Job was aborted.
	via condor_rm (by user calzona_2046920)
...
000 (275154.000.000) 2025-01-24 01:49:06 Job submitted from host: <192.168.0.102:9618?addrs=192.168.0.102-9618&alias=submitter&noUDP&sock=schedd_2032_5c88>
...
001 (275154.000.000) 2025-01-24 01:49:07 Job executing on host: <192.168.0.148:9618?addrs=192.168.0.148-9618&alias=node148.di.rm1&noUDP&sock=startd_1547_b119>
...
006 (275154.000.000) 2025-01-24 01:49:15 Image size of job updated: 604284
	591  -  MemoryUsage of job (MB)
	604284  -  ResidentSetSize of job (KB)
...
006 (275154.000.000) 2025-01-24 01:51:08 Image size of job updated: 608164
	591  -  MemoryUsage of job (MB)
	604284  -  ResidentSetSize of job (KB)
...
004 (275154.000.000) 2025-01-24 01:51:08 Job was evicted.
	(0) CPU times
		Usr 0 00:01:59, Sys 0 00:00:00  -  Run Remote Usage
		Usr 0 00:00:00, Sys 0 00:00:00  -  Run Local Usage
	0  -  Run Bytes Sent By Job
	0  -  Run Bytes Received By Job
	Partitionable Resources :    Usage  Request Allocated 
	   Cpus                 :                 1         1 
	   Disk (KB)            :       27       27    467548 
	   Memory (MB)          :      591        1       128 
...
009 (275154.000.000) 2025-01-24 01:51:08 Job was aborted.
	via condor_rm (by user calzona_2046920)
...
