000 (269803.000.000) 2025-01-21 23:06:52 Job submitted from host: <192.168.0.102:9618?addrs=192.168.0.102-9618&alias=submitter&noUDP&sock=schedd_2032_5c88>
...
001 (269803.000.000) 2025-01-21 23:06:56 Job executing on host: <192.168.0.151:9618?addrs=192.168.0.151-9618&alias=node151.di.rm1&noUDP&sock=startd_1528_a8cd>
...
006 (269803.000.000) 2025-01-21 23:07:06 Image size of job updated: 433620
	424  -  MemoryUsage of job (MB)
	433620  -  ResidentSetSize of job (KB)
...
006 (269803.000.000) 2025-01-21 23:07:55 Image size of job updated: 2580996
	425  -  MemoryUsage of job (MB)
	434808  -  ResidentSetSize of job (KB)
...
004 (269803.000.000) 2025-01-21 23:07:55 Job was evicted.
	(0) CPU times
		Usr 0 00:00:53, Sys 0 00:00:01  -  Run Remote Usage
		Usr 0 00:00:00, Sys 0 00:00:00  -  Run Local Usage
	0  -  Run Bytes Sent By Job
	0  -  Run Bytes Received By Job
	Partitionable Resources :    Usage  Request Allocated 
	   Cpus                 :                 1         1 
	   Disk (KB)            :       27       27    474791 
	   Memory (MB)          :      425        1       128 
...
009 (269803.000.000) 2025-01-21 23:07:55 Job was aborted.
	via condor_rm (by user calzona_2046920)
...
000 (275959.000.000) 2025-01-24 03:36:53 Job submitted from host: <192.168.0.102:9618?addrs=192.168.0.102-9618&alias=submitter&noUDP&sock=schedd_2032_5c88>
...
001 (275959.000.000) 2025-01-24 03:36:57 Job executing on host: <192.168.0.148:9618?addrs=192.168.0.148-9618&alias=node148.di.rm1&noUDP&sock=startd_1547_b119>
...
006 (275959.000.000) 2025-01-24 03:37:06 Image size of job updated: 441936
	432  -  MemoryUsage of job (MB)
	441936  -  ResidentSetSize of job (KB)
...
006 (275959.000.000) 2025-01-24 03:38:54 Image size of job updated: 5472588
	432  -  MemoryUsage of job (MB)
	442068  -  ResidentSetSize of job (KB)
...
004 (275959.000.000) 2025-01-24 03:38:54 Job was evicted.
	(0) CPU times
		Usr 0 00:01:53, Sys 0 00:00:03  -  Run Remote Usage
		Usr 0 00:00:00, Sys 0 00:00:00  -  Run Local Usage
	0  -  Run Bytes Sent By Job
	0  -  Run Bytes Received By Job
	Partitionable Resources :    Usage  Request Allocated 
	   Cpus                 :                 1         1 
	   Disk (KB)            :       27       27    467548 
	   Memory (MB)          :      432        1       128 
...
009 (275959.000.000) 2025-01-24 03:38:54 Job was aborted.
	via condor_rm (by user calzona_2046920)
...
