000 (281841.000.000) 2025-01-26 15:09:35 Job submitted from host: <192.168.0.102:9618?addrs=192.168.0.102-9618&alias=submitter&noUDP&sock=schedd_2032_5c88>
...
014 (281841.000.003) 2025-01-26 15:09:38 Node 3 executing on host: <192.168.0.115:9618?addrs=192.168.0.115-9618&alias=node115.di.rm1&noUDP&sock=startd_1101621_f4a0>
...
014 (281841.000.000) 2025-01-26 15:09:38 Node 0 executing on host: <192.168.0.133:9618?addrs=192.168.0.133-9618&alias=node133.di.rm1&noUDP&sock=startd_1941_f16a>
...
014 (281841.000.001) 2025-01-26 15:09:38 Node 1 executing on host: <192.168.0.123:9618?addrs=192.168.0.123-9618&alias=node123.di.rm1&noUDP&sock=startd_2149_9d1d>
...
014 (281841.000.004) 2025-01-26 15:09:38 Node 4 executing on host: <192.168.0.114:9618?addrs=192.168.0.114-9618&alias=node114.di.rm1&noUDP&sock=startd_2075_db1b>
...
014 (281841.000.005) 2025-01-26 15:09:38 Node 5 executing on host: <192.168.0.106:9618?addrs=192.168.0.106-9618&alias=node106.di.rm1&noUDP&sock=startd_1970_d5a9>
...
014 (281841.000.006) 2025-01-26 15:09:38 Node 6 executing on host: <192.168.0.111:9618?addrs=192.168.0.111-9618&alias=node111.di.rm1&noUDP&sock=startd_2044_97ab>
...
014 (281841.000.002) 2025-01-26 15:09:38 Node 2 executing on host: <192.168.0.145:9618?addrs=192.168.0.145-9618&alias=node145.di.rm1&noUDP&sock=startd_1869_8e98>
...
014 (281841.000.007) 2025-01-26 15:09:38 Node 7 executing on host: <192.168.0.145:9618?addrs=192.168.0.145-9618&alias=node145.di.rm1&noUDP&sock=startd_1869_8e98>
...
001 (281841.000.000) 2025-01-26 15:09:38 Job executing on host: MPI_job
...
008 (281841.000.000) 2025-01-26 15:09:40 Launching orted on Node 3 of 8
...
008 (281841.000.000) 2025-01-26 15:09:40 Launching orted on Node 5 of 8
...
008 (281841.000.000) 2025-01-26 15:09:40 Launching orted on Node 1 of 8
...
008 (281841.000.000) 2025-01-26 15:09:40 Launching orted on Node 0 of 8
...
008 (281841.000.000) 2025-01-26 15:09:40 Launching orted on Node 4 of 8
...
008 (281841.000.000) 2025-01-26 15:09:41 Launching orted on Node 6 of 8
...
008 (281841.000.000) 2025-01-26 15:09:41 Launching orted on Node 7 of 8
...
008 (281841.000.000) 2025-01-26 15:09:41 Launching orted on Node 2 of 8
...
008 (281841.000.000) 2025-01-26 15:09:49 orted exited on Node 7 of 8
...
008 (281841.000.000) 2025-01-26 15:09:49 orted exited on Node 5 of 8
...
008 (281841.000.000) 2025-01-26 15:09:49 orted exited on Node 3 of 8
...
008 (281841.000.000) 2025-01-26 15:09:49 orted exited on Node 2 of 8
...
008 (281841.000.000) 2025-01-26 15:09:49 orted exited on Node 1 of 8
...
008 (281841.000.000) 2025-01-26 15:09:49 orted exited on Node 0 of 8
...
008 (281841.000.000) 2025-01-26 15:09:49 orted exited on Node 6 of 8
...
008 (281841.000.000) 2025-01-26 15:09:49 orted exited on Node 4 of 8
...
015 (281841.000.005) 2025-01-26 15:09:49 Node 5 terminated.
	(1) Normal termination (return value 0)
		Usr 0 00:00:06, Sys 0 00:00:00  -  Run Remote Usage
		Usr 0 00:00:00, Sys 0 00:00:00  -  Run Local Usage
		Usr 0 00:00:06, Sys 0 00:00:00  -  Total Remote Usage
		Usr 0 00:00:00, Sys 0 00:00:00  -  Total Local Usage
	2165  -  Run Bytes Sent By Node
	33711  -  Run Bytes Received By Node
	2165  -  Total Bytes Sent By Node
	33711  -  Total Bytes Received By Node
...
015 (281841.000.003) 2025-01-26 15:09:49 Node 3 terminated.
	(1) Normal termination (return value 0)
		Usr 0 00:00:07, Sys 0 00:00:00  -  Run Remote Usage
		Usr 0 00:00:00, Sys 0 00:00:00  -  Run Local Usage
		Usr 0 00:00:07, Sys 0 00:00:00  -  Total Remote Usage
		Usr 0 00:00:00, Sys 0 00:00:00  -  Total Local Usage
	2165  -  Run Bytes Sent By Node
	33711  -  Run Bytes Received By Node
	2165  -  Total Bytes Sent By Node
	33711  -  Total Bytes Received By Node
...
015 (281841.000.001) 2025-01-26 15:09:49 Node 1 terminated.
	(1) Normal termination (return value 0)
		Usr 0 00:00:06, Sys 0 00:00:00  -  Run Remote Usage
		Usr 0 00:00:00, Sys 0 00:00:00  -  Run Local Usage
		Usr 0 00:00:06, Sys 0 00:00:00  -  Total Remote Usage
		Usr 0 00:00:00, Sys 0 00:00:00  -  Total Local Usage
	2187  -  Run Bytes Sent By Node
	33711  -  Run Bytes Received By Node
	2187  -  Total Bytes Sent By Node
	33711  -  Total Bytes Received By Node
...
015 (281841.000.004) 2025-01-26 15:09:49 Node 4 terminated.
	(1) Normal termination (return value 0)
		Usr 0 00:00:06, Sys 0 00:00:00  -  Run Remote Usage
		Usr 0 00:00:00, Sys 0 00:00:00  -  Run Local Usage
		Usr 0 00:00:06, Sys 0 00:00:00  -  Total Remote Usage
		Usr 0 00:00:00, Sys 0 00:00:00  -  Total Local Usage
	2165  -  Run Bytes Sent By Node
	33711  -  Run Bytes Received By Node
	2165  -  Total Bytes Sent By Node
	33711  -  Total Bytes Received By Node
...
015 (281841.000.000) 2025-01-26 15:09:49 Node 0 terminated.
	(1) Normal termination (return value 0)
		Usr 0 00:00:00, Sys 0 00:00:00  -  Run Remote Usage
		Usr 0 00:00:00, Sys 0 00:00:00  -  Run Local Usage
		Usr 0 00:00:00, Sys 0 00:00:00  -  Total Remote Usage
		Usr 0 00:00:00, Sys 0 00:00:00  -  Total Local Usage
	3725  -  Run Bytes Sent By Node
	33711  -  Run Bytes Received By Node
	3725  -  Total Bytes Sent By Node
	33711  -  Total Bytes Received By Node
...
005 (281841.000.000) 2025-01-26 15:09:49 Job terminated.
	(1) Normal termination (return value 0)
		Usr 0 00:00:45, Sys 0 00:00:00  -  Run Remote Usage
		Usr 0 00:00:00, Sys 0 00:00:00  -  Run Local Usage
		Usr 0 00:00:00, Sys 0 00:00:00  -  Total Remote Usage
		Usr 0 00:00:00, Sys 0 00:00:00  -  Total Local Usage
	12407  -  Run Bytes Sent By Job
	269688  -  Run Bytes Received By Job
	12407  -  Total Bytes Sent By Job
	269688  -  Total Bytes Received By Job
	Partitionable Resources :    Usage  Request Allocated 
	   Cpus                 :                 1         1 
	   Disk (KB)            :       50       35    473452 
	   Memory (MB)          :      282        1     53248 

	Job terminated of its own accord at 2025-01-26T15:09:49Z with exit-code 0.
...
000 (282409.000.000) 2025-01-26 17:25:27 Job submitted from host: <192.168.0.102:9618?addrs=192.168.0.102-9618&alias=submitter&noUDP&sock=schedd_2032_5c88>
...
014 (282409.000.001) 2025-01-26 17:25:31 Node 1 executing on host: <192.168.0.133:9618?addrs=192.168.0.133-9618&alias=node133.di.rm1&noUDP&sock=startd_1941_f16a>
...
014 (282409.000.000) 2025-01-26 17:25:31 Node 0 executing on host: <192.168.0.149:9618?addrs=192.168.0.149-9618&alias=node149.di.rm1&noUDP&sock=startd_1551_6f7a>
...
014 (282409.000.002) 2025-01-26 17:25:31 Node 2 executing on host: <192.168.0.113:9618?addrs=192.168.0.113-9618&alias=node113.di.rm1&noUDP&sock=startd_3668932_c305>
...
014 (282409.000.005) 2025-01-26 17:25:31 Node 5 executing on host: <192.168.0.142:9618?addrs=192.168.0.142-9618&alias=node142.di.rm1&noUDP&sock=startd_1996_ab1f>
...
014 (282409.000.006) 2025-01-26 17:25:31 Node 6 executing on host: <192.168.0.105:9618?addrs=192.168.0.105-9618&alias=node105.di.rm1&noUDP&sock=startd_1951_cd5c>
...
014 (282409.000.004) 2025-01-26 17:25:31 Node 4 executing on host: <192.168.0.124:9618?addrs=192.168.0.124-9618&alias=node124.di.rm1&noUDP&sock=startd_2143_7f8b>
...
014 (282409.000.007) 2025-01-26 17:25:31 Node 7 executing on host: <192.168.0.114:9618?addrs=192.168.0.114-9618&alias=node114.di.rm1&noUDP&sock=startd_2075_db1b>
...
014 (282409.000.003) 2025-01-26 17:25:31 Node 3 executing on host: <192.168.0.145:9618?addrs=192.168.0.145-9618&alias=node145.di.rm1&noUDP&sock=startd_1869_8e98>
...
001 (282409.000.000) 2025-01-26 17:25:31 Job executing on host: MPI_job
...
008 (282409.000.000) 2025-01-26 17:25:33 Launching orted on Node 0 of 8
...
008 (282409.000.000) 2025-01-26 17:25:33 Launching orted on Node 6 of 8
...
008 (282409.000.000) 2025-01-26 17:25:33 Launching orted on Node 1 of 8
...
008 (282409.000.000) 2025-01-26 17:25:33 Launching orted on Node 2 of 8
...
008 (282409.000.000) 2025-01-26 17:25:33 Launching orted on Node 4 of 8
...
008 (282409.000.000) 2025-01-26 17:25:33 Launching orted on Node 5 of 8
...
008 (282409.000.000) 2025-01-26 17:25:33 Launching orted on Node 7 of 8
...
008 (282409.000.000) 2025-01-26 17:25:33 Launching orted on Node 3 of 8
...
008 (282409.000.000) 2025-01-26 17:25:41 orted exited on Node 4 of 8
...
008 (282409.000.000) 2025-01-26 17:25:41 orted exited on Node 1 of 8
...
008 (282409.000.000) 2025-01-26 17:25:41 orted exited on Node 7 of 8
...
008 (282409.000.000) 2025-01-26 17:25:41 orted exited on Node 6 of 8
...
008 (282409.000.000) 2025-01-26 17:25:41 orted exited on Node 0 of 8
...
008 (282409.000.000) 2025-01-26 17:25:41 orted exited on Node 2 of 8
...
008 (282409.000.000) 2025-01-26 17:25:41 orted exited on Node 5 of 8
...
008 (282409.000.000) 2025-01-26 17:25:41 orted exited on Node 3 of 8
...
015 (282409.000.000) 2025-01-26 17:25:41 Node 0 terminated.
	(1) Normal termination (return value 0)
		Usr 0 00:00:05, Sys 0 00:00:01  -  Run Remote Usage
		Usr 0 00:00:00, Sys 0 00:00:00  -  Run Local Usage
		Usr 0 00:00:05, Sys 0 00:00:01  -  Total Remote Usage
		Usr 0 00:00:00, Sys 0 00:00:00  -  Total Local Usage
	3262  -  Run Bytes Sent By Node
	33711  -  Run Bytes Received By Node
	3262  -  Total Bytes Sent By Node
	33711  -  Total Bytes Received By Node
...
005 (282409.000.000) 2025-01-26 17:25:41 Job terminated.
	(1) Normal termination (return value 0)
		Usr 0 00:00:49, Sys 0 00:00:05  -  Run Remote Usage
		Usr 0 00:00:00, Sys 0 00:00:00  -  Run Local Usage
		Usr 0 00:00:05, Sys 0 00:00:01  -  Total Remote Usage
		Usr 0 00:00:00, Sys 0 00:00:00  -  Total Local Usage
	3262  -  Run Bytes Sent By Job
	269688  -  Run Bytes Received By Job
	3262  -  Total Bytes Sent By Job
	269688  -  Total Bytes Received By Job
	Partitionable Resources :    Usage  Request Allocated 
	   Cpus                 :     0.01        1         1 
	   Disk (KB)            :    56          35    471944 
	   Memory (MB)          :   260           1     53248 

	Job terminated of its own accord at 2025-01-26T17:25:41Z with exit-code 0.
...
000 (289273.000.000) 2025-01-28 23:10:25 Job submitted from host: <192.168.0.102:9618?addrs=192.168.0.102-9618&alias=submitter&noUDP&sock=schedd_2032_5c88>
...
014 (289273.000.001) 2025-01-28 23:10:47 Node 1 executing on host: <192.168.0.108:9618?addrs=192.168.0.108-9618&alias=node108.di.rm1&noUDP&sock=startd_1979_0203>
...
014 (289273.000.002) 2025-01-28 23:10:47 Node 2 executing on host: <192.168.0.147:9618?addrs=192.168.0.147-9618&alias=node147.di.rm1&noUDP&sock=startd_1513_5ee1>
...
014 (289273.000.007) 2025-01-28 23:10:47 Node 7 executing on host: <192.168.0.108:9618?addrs=192.168.0.108-9618&alias=node108.di.rm1&noUDP&sock=startd_1979_0203>
...
014 (289273.000.006) 2025-01-28 23:10:47 Node 6 executing on host: <192.168.0.132:9618?addrs=192.168.0.132-9618&alias=node132.di.rm1&noUDP&sock=startd_1999_b9e8>
...
014 (289273.000.003) 2025-01-28 23:10:47 Node 3 executing on host: <192.168.0.112:9618?addrs=192.168.0.112-9618&alias=node112.di.rm1&noUDP&sock=startd_2169_5502>
...
014 (289273.000.005) 2025-01-28 23:10:47 Node 5 executing on host: <192.168.0.122:9618?addrs=192.168.0.122-9618&alias=node122.di.rm1&noUDP&sock=startd_2134_5331>
...
014 (289273.000.000) 2025-01-28 23:10:47 Node 0 executing on host: <192.168.0.141:9618?addrs=192.168.0.141-9618&alias=node141.di.rm1&noUDP&sock=startd_2077_3a4b>
...
014 (289273.000.004) 2025-01-28 23:10:47 Node 4 executing on host: <192.168.0.142:9618?addrs=192.168.0.142-9618&alias=node142.di.rm1&noUDP&sock=startd_1996_ab1f>
...
001 (289273.000.000) 2025-01-28 23:10:47 Job executing on host: MPI_job
...
008 (289273.000.000) 2025-01-28 23:10:49 Launching orted on Node 2 of 8
...
008 (289273.000.000) 2025-01-28 23:10:49 Launching orted on Node 7 of 8
...
008 (289273.000.000) 2025-01-28 23:10:49 Launching orted on Node 1 of 8
...
008 (289273.000.000) 2025-01-28 23:10:49 Launching orted on Node 6 of 8
...
008 (289273.000.000) 2025-01-28 23:10:49 Launching orted on Node 3 of 8
...
008 (289273.000.000) 2025-01-28 23:10:50 Launching orted on Node 5 of 8
...
008 (289273.000.000) 2025-01-28 23:10:50 Launching orted on Node 4 of 8
...
008 (289273.000.000) 2025-01-28 23:10:50 Launching orted on Node 0 of 8
...
008 (289273.000.000) 2025-01-28 23:10:57 orted exited on Node 6 of 8
...
008 (289273.000.000) 2025-01-28 23:10:57 orted exited on Node 0 of 8
...
008 (289273.000.000) 2025-01-28 23:10:57 orted exited on Node 1 of 8
...
008 (289273.000.000) 2025-01-28 23:10:57 orted exited on Node 2 of 8
...
008 (289273.000.000) 2025-01-28 23:10:57 orted exited on Node 3 of 8
...
008 (289273.000.000) 2025-01-28 23:10:57 orted exited on Node 4 of 8
...
008 (289273.000.000) 2025-01-28 23:10:57 orted exited on Node 5 of 8
...
008 (289273.000.000) 2025-01-28 23:10:57 orted exited on Node 7 of 8
...
015 (289273.000.005) 2025-01-28 23:10:57 Node 5 terminated.
	(1) Normal termination (return value 0)
		Usr 0 00:00:06, Sys 0 00:00:01  -  Run Remote Usage
		Usr 0 00:00:00, Sys 0 00:00:00  -  Run Local Usage
		Usr 0 00:00:06, Sys 0 00:00:01  -  Total Remote Usage
		Usr 0 00:00:00, Sys 0 00:00:00  -  Total Local Usage
	2187  -  Run Bytes Sent By Node
	33711  -  Run Bytes Received By Node
	2187  -  Total Bytes Sent By Node
	33711  -  Total Bytes Received By Node
...
015 (289273.000.001) 2025-01-28 23:10:57 Node 1 terminated.
	(1) Normal termination (return value 0)
		Usr 0 00:00:06, Sys 0 00:00:00  -  Run Remote Usage
		Usr 0 00:00:00, Sys 0 00:00:00  -  Run Local Usage
		Usr 0 00:00:06, Sys 0 00:00:00  -  Total Remote Usage
		Usr 0 00:00:00, Sys 0 00:00:00  -  Total Local Usage
	2165  -  Run Bytes Sent By Node
	33711  -  Run Bytes Received By Node
	2165  -  Total Bytes Sent By Node
	33711  -  Total Bytes Received By Node
...
015 (289273.000.003) 2025-01-28 23:10:57 Node 3 terminated.
	(1) Normal termination (return value 0)
		Usr 0 00:00:06, Sys 0 00:00:00  -  Run Remote Usage
		Usr 0 00:00:00, Sys 0 00:00:00  -  Run Local Usage
		Usr 0 00:00:06, Sys 0 00:00:00  -  Total Remote Usage
		Usr 0 00:00:00, Sys 0 00:00:00  -  Total Local Usage
	2187  -  Run Bytes Sent By Node
	33711  -  Run Bytes Received By Node
	2187  -  Total Bytes Sent By Node
	33711  -  Total Bytes Received By Node
...
015 (289273.000.002) 2025-01-28 23:10:57 Node 2 terminated.
	(1) Normal termination (return value 0)
		Usr 0 00:00:06, Sys 0 00:00:00  -  Run Remote Usage
		Usr 0 00:00:00, Sys 0 00:00:00  -  Run Local Usage
		Usr 0 00:00:06, Sys 0 00:00:00  -  Total Remote Usage
		Usr 0 00:00:00, Sys 0 00:00:00  -  Total Local Usage
	2165  -  Run Bytes Sent By Node
	33711  -  Run Bytes Received By Node
	2165  -  Total Bytes Sent By Node
	33711  -  Total Bytes Received By Node
...
015 (289273.000.004) 2025-01-28 23:10:57 Node 4 terminated.
	(1) Normal termination (return value 0)
		Usr 0 00:00:06, Sys 0 00:00:01  -  Run Remote Usage
		Usr 0 00:00:00, Sys 0 00:00:00  -  Run Local Usage
		Usr 0 00:00:06, Sys 0 00:00:01  -  Total Remote Usage
		Usr 0 00:00:00, Sys 0 00:00:00  -  Total Local Usage
	2165  -  Run Bytes Sent By Node
	33711  -  Run Bytes Received By Node
	2165  -  Total Bytes Sent By Node
	33711  -  Total Bytes Received By Node
...
015 (289273.000.007) 2025-01-28 23:10:57 Node 7 terminated.
	(1) Normal termination (return value 0)
		Usr 0 00:00:07, Sys 0 00:00:00  -  Run Remote Usage
		Usr 0 00:00:00, Sys 0 00:00:00  -  Run Local Usage
		Usr 0 00:00:07, Sys 0 00:00:00  -  Total Remote Usage
		Usr 0 00:00:00, Sys 0 00:00:00  -  Total Local Usage
	2165  -  Run Bytes Sent By Node
	33711  -  Run Bytes Received By Node
	2165  -  Total Bytes Sent By Node
	33711  -  Total Bytes Received By Node
...
015 (289273.000.000) 2025-01-28 23:10:58 Node 0 terminated.
	(1) Normal termination (return value 0)
		Usr 0 00:00:00, Sys 0 00:00:00  -  Run Remote Usage
		Usr 0 00:00:00, Sys 0 00:00:00  -  Run Local Usage
		Usr 0 00:00:00, Sys 0 00:00:00  -  Total Remote Usage
		Usr 0 00:00:00, Sys 0 00:00:00  -  Total Local Usage
	3259  -  Run Bytes Sent By Node
	33711  -  Run Bytes Received By Node
	3259  -  Total Bytes Sent By Node
	33711  -  Total Bytes Received By Node
...
005 (289273.000.000) 2025-01-28 23:10:58 Job terminated.
	(1) Normal termination (return value 0)
		Usr 0 00:00:44, Sys 0 00:00:03  -  Run Remote Usage
		Usr 0 00:00:00, Sys 0 00:00:00  -  Run Local Usage
		Usr 0 00:00:00, Sys 0 00:00:00  -  Total Remote Usage
		Usr 0 00:00:00, Sys 0 00:00:00  -  Total Local Usage
	18458  -  Run Bytes Sent By Job
	269688  -  Run Bytes Received By Job
	18458  -  Total Bytes Sent By Job
	269688  -  Total Bytes Received By Job
	Partitionable Resources :    Usage  Request Allocated 
	   Cpus                 :                 1         2 
	   Disk (KB)            :       53       35 103002119 
	   Memory (MB)          :      276      269    100096 

	Job terminated of its own accord at 2025-01-28T23:10:57Z with exit-code 0.
...
