000 (271031.000.000) 2025-01-22 00:35:34 Job submitted from host: <192.168.0.102:9618?addrs=192.168.0.102-9618&alias=submitter&noUDP&sock=schedd_2032_5c88>
...
001 (271031.000.000) 2025-01-22 00:35:54 Job executing on host: <192.168.0.109:9618?addrs=192.168.0.109-9618&alias=node109.di.rm1&noUDP&sock=startd_1627_90ad>
...
006 (271031.000.000) 2025-01-22 00:36:02 Image size of job updated: 438208
	428  -  MemoryUsage of job (MB)
	437284  -  ResidentSetSize of job (KB)
...
006 (271031.000.000) 2025-01-22 00:36:35 Image size of job updated: 662484
	432  -  MemoryUsage of job (MB)
	442168  -  ResidentSetSize of job (KB)
...
004 (271031.000.000) 2025-01-22 00:36:35 Job was evicted.
	(0) CPU times
		Usr 0 00:04:13, Sys 0 00:00:01  -  Run Remote Usage
		Usr 0 00:00:00, Sys 0 00:00:00  -  Run Local Usage
	0  -  Run Bytes Sent By Job
	0  -  Run Bytes Received By Job
	Partitionable Resources :    Usage  Request Allocated 
	   Cpus                 :                 1         1 
	   Disk (KB)            :       27       27    468160 
	   Memory (MB)          :      432        1       128 
...
009 (271031.000.000) 2025-01-22 00:36:35 Job was aborted.
	via condor_rm (by user calzona_2046920)
...
