000 (264394.000.000) 2025-01-17 11:21:22 Job submitted from host: <192.168.0.102:9618?addrs=192.168.0.102-9618&alias=submitter&noUDP&sock=schedd_2032_5c88>
...
001 (264394.000.000) 2025-01-17 11:21:33 Job executing on host: <192.168.0.135:9618?addrs=192.168.0.135-9618&alias=node135.di.rm1&noUDP&sock=startd_2000_6980>
...
006 (264394.000.000) 2025-01-17 11:21:42 Image size of job updated: 357356
	315  -  MemoryUsage of job (MB)
	322212  -  ResidentSetSize of job (KB)
...
006 (264394.000.000) 2025-01-17 11:26:42 Image size of job updated: 9051328
	8706  -  MemoryUsage of job (MB)
	8914524  -  ResidentSetSize of job (KB)
...
006 (264394.000.000) 2025-01-17 11:33:27 Image size of job updated: 9803900
	9324  -  MemoryUsage of job (MB)
	9546820  -  ResidentSetSize of job (KB)
...
006 (264394.000.000) 2025-01-17 11:33:31 Image size of job updated: 9803900
	9331  -  MemoryUsage of job (MB)
	9554888  -  ResidentSetSize of job (KB)
...
004 (264394.000.000) 2025-01-17 11:33:31 Job was evicted.
	(0) CPU times
		Usr 0 00:07:33, Sys 0 00:06:13  -  Run Remote Usage
		Usr 0 00:00:00, Sys 0 00:00:00  -  Run Local Usage
	0  -  Run Bytes Sent By Job
	0  -  Run Bytes Received By Job
	Partitionable Resources :    Usage  Request Allocated 
	   Cpus                 :     4.12        1         1 
	   Disk (KB)            :    27          27    470875 
	   Memory (MB)          :  9331           1       128 
...
009 (264394.000.000) 2025-01-17 11:33:31 Job was aborted.
	via condor_rm (by user calzona_2046920)
...
