000 (289776.000.000) 2025-01-29 11:38:11 Job submitted from host: <192.168.0.102:9618?addrs=192.168.0.102-9618&alias=submitter&noUDP&sock=schedd_2032_5c88>
...
014 (289776.000.001) 2025-01-29 11:38:29 Node 1 executing on host: <192.168.0.147:9618?addrs=192.168.0.147-9618&alias=node147.di.rm1&noUDP&sock=startd_1513_5ee1>
...
014 (289776.000.000) 2025-01-29 11:38:29 Node 0 executing on host: <192.168.0.151:9618?addrs=192.168.0.151-9618&alias=node151.di.rm1&noUDP&sock=startd_1528_a8cd>
...
014 (289776.000.002) 2025-01-29 11:38:29 Node 2 executing on host: <192.168.0.148:9618?addrs=192.168.0.148-9618&alias=node148.di.rm1&noUDP&sock=startd_1547_b119>
...
014 (289776.000.003) 2025-01-29 11:38:29 Node 3 executing on host: <192.168.0.149:9618?addrs=192.168.0.149-9618&alias=node149.di.rm1&noUDP&sock=startd_1551_6f7a>
...
001 (289776.000.000) 2025-01-29 11:38:29 Job executing on host: MPI_job
...
008 (289776.000.000) 2025-01-29 11:38:31 Launching orted on Node 1 of 4
...
008 (289776.000.000) 2025-01-29 11:38:31 Launching orted on Node 2 of 4
...
008 (289776.000.000) 2025-01-29 11:38:31 Launching orted on Node 3 of 4
...
008 (289776.000.000) 2025-01-29 11:38:31 Launching orted on Node 0 of 4
...
008 (289776.000.000) 2025-01-29 11:58:08 orted exited on Node 2 of 4
...
015 (289776.000.002) 2025-01-29 11:58:09 Node 2 terminated.
	(1) Normal termination (return value 0)
		Usr 0 01:15:34, Sys 0 00:02:31  -  Run Remote Usage
		Usr 0 00:00:00, Sys 0 00:00:00  -  Run Local Usage
		Usr 0 01:15:34, Sys 0 00:02:31  -  Total Remote Usage
		Usr 0 00:00:00, Sys 0 00:00:00  -  Total Local Usage
	0  -  Run Bytes Sent By Node
	33791  -  Run Bytes Received By Node
	0  -  Total Bytes Sent By Node
	33791  -  Total Bytes Received By Node
...
008 (289776.000.000) 2025-01-29 11:58:11 orted exited on Node 1 of 4
...
015 (289776.000.001) 2025-01-29 11:58:12 Node 1 terminated.
	(1) Normal termination (return value 0)
		Usr 0 01:02:32, Sys 0 00:08:28  -  Run Remote Usage
		Usr 0 00:00:00, Sys 0 00:00:00  -  Run Local Usage
		Usr 0 01:02:32, Sys 0 00:08:28  -  Total Remote Usage
		Usr 0 00:00:00, Sys 0 00:00:00  -  Total Local Usage
	0  -  Run Bytes Sent By Node
	33791  -  Run Bytes Received By Node
	0  -  Total Bytes Sent By Node
	33791  -  Total Bytes Received By Node
...
008 (289776.000.000) 2025-01-29 11:58:12 orted exited on Node 3 of 4
...
015 (289776.000.003) 2025-01-29 11:58:13 Node 3 terminated.
	(1) Normal termination (return value 0)
		Usr 0 01:15:48, Sys 0 00:02:33  -  Run Remote Usage
		Usr 0 00:00:00, Sys 0 00:00:00  -  Run Local Usage
		Usr 0 01:15:48, Sys 0 00:02:33  -  Total Remote Usage
		Usr 0 00:00:00, Sys 0 00:00:00  -  Total Local Usage
	0  -  Run Bytes Sent By Node
	33791  -  Run Bytes Received By Node
	0  -  Total Bytes Sent By Node
	33791  -  Total Bytes Received By Node
...
008 (289776.000.000) 2025-01-29 11:58:19 orted exited on Node 0 of 4
...
015 (289776.000.000) 2025-01-29 11:58:25 Node 0 terminated.
	(1) Normal termination (return value 137)
		Usr 0 00:00:00, Sys 0 00:00:00  -  Run Remote Usage
		Usr 0 00:00:00, Sys 0 00:00:00  -  Run Local Usage
		Usr 0 00:00:00, Sys 0 00:00:00  -  Total Remote Usage
		Usr 0 00:00:00, Sys 0 00:00:00  -  Total Local Usage
	1571  -  Run Bytes Sent By Node
	33791  -  Run Bytes Received By Node
	1571  -  Total Bytes Sent By Node
	33791  -  Total Bytes Received By Node
...
005 (289776.000.000) 2025-01-29 11:58:25 Job terminated.
	(1) Normal termination (return value 137)
		Usr 0 03:33:54, Sys 0 00:13:32  -  Run Remote Usage
		Usr 0 00:00:00, Sys 0 00:00:00  -  Run Local Usage
		Usr 0 00:00:00, Sys 0 00:00:00  -  Total Remote Usage
		Usr 0 00:00:00, Sys 0 00:00:00  -  Total Local Usage
	1571  -  Run Bytes Sent By Job
	135164  -  Run Bytes Received By Job
	1571  -  Total Bytes Sent By Job
	135164  -  Total Bytes Received By Job
	Partitionable Resources :     Usage  Request Allocated 
	   Cpus                 :      1.98        4         4 
	   Disk (KB)            :     55          35    474791 
	   Memory (MB)          : 175744           1       128 

	Job terminated of its own accord at 2025-01-29T11:58:20Z with exit-code 137.
...
009 (289776.000.000) 2025-01-29 11:58:25 Job was aborted.
	via condor_rm (by user calzona_2046920)

	Job terminated by itself at 2025-01-29T11:58:20Z (using method 0: OF_ITS_OWN_ACCORD).
...
