000 (270517.000.000) 2025-01-22 00:01:40 Job submitted from host: <192.168.0.102:9618?addrs=192.168.0.102-9618&alias=submitter&noUDP&sock=schedd_2032_5c88>
...
001 (270517.000.000) 2025-01-22 00:01:40 Job executing on host: <192.168.0.147:9618?addrs=192.168.0.147-9618&alias=node147.di.rm1&noUDP&sock=startd_1513_5ee1>
...
006 (270517.000.000) 2025-01-22 00:01:49 Image size of job updated: 1345220
	416  -  MemoryUsage of job (MB)
	425700  -  ResidentSetSize of job (KB)
...
006 (270517.000.000) 2025-01-22 00:02:42 Image size of job updated: 3570220
	417  -  MemoryUsage of job (MB)
	426360  -  ResidentSetSize of job (KB)
...
004 (270517.000.000) 2025-01-22 00:02:42 Job was evicted.
	(0) CPU times
		Usr 0 00:00:59, Sys 0 00:00:00  -  Run Remote Usage
		Usr 0 00:00:00, Sys 0 00:00:00  -  Run Local Usage
	0  -  Run Bytes Sent By Job
	0  -  Run Bytes Received By Job
	Partitionable Resources :    Usage  Request Allocated 
	   Cpus                 :                 1         1 
	   Disk (KB)            :       27       27    469805 
	   Memory (MB)          :      417        1       128 
...
009 (270517.000.000) 2025-01-22 00:02:42 Job was aborted.
	via condor_rm (by user calzona_2046920)
...
000 (276671.000.000) 2025-01-24 05:10:27 Job submitted from host: <192.168.0.102:9618?addrs=192.168.0.102-9618&alias=submitter&noUDP&sock=schedd_2032_5c88>
...
001 (276671.000.000) 2025-01-24 05:10:28 Job executing on host: <192.168.0.147:9618?addrs=192.168.0.147-9618&alias=node147.di.rm1&noUDP&sock=startd_1513_5ee1>
...
006 (276671.000.000) 2025-01-24 05:10:36 Image size of job updated: 1427432
	416  -  MemoryUsage of job (MB)
	425436  -  ResidentSetSize of job (KB)
...
006 (276671.000.000) 2025-01-24 05:12:29 Image size of job updated: 6583460
	416  -  MemoryUsage of job (MB)
	425436  -  ResidentSetSize of job (KB)
...
004 (276671.000.000) 2025-01-24 05:12:29 Job was evicted.
	(0) CPU times
		Usr 0 00:01:58, Sys 0 00:00:02  -  Run Remote Usage
		Usr 0 00:00:00, Sys 0 00:00:00  -  Run Local Usage
	0  -  Run Bytes Sent By Job
	0  -  Run Bytes Received By Job
	Partitionable Resources :    Usage  Request Allocated 
	   Cpus                 :     1.00        1         1 
	   Disk (KB)            :    27          27    469805 
	   Memory (MB)          :   416           1       128 
...
009 (276671.000.000) 2025-01-24 05:12:29 Job was aborted.
	via condor_rm (by user calzona_2046920)
...
