000 (262170.000.000) 2025-01-16 18:01:02 Job submitted from host: <192.168.0.102:9618?addrs=192.168.0.102-9618&alias=submitter&noUDP&sock=schedd_2032_5c88>
...
001 (262170.000.000) 2025-01-16 18:01:19 Job executing on host: <192.168.0.141:9618?addrs=192.168.0.141-9618&alias=node141.di.rm1&noUDP&sock=startd_2077_3a4b>
...
006 (262170.000.000) 2025-01-16 18:01:27 Image size of job updated: 405768
	397  -  MemoryUsage of job (MB)
	405768  -  ResidentSetSize of job (KB)
...
006 (262170.000.000) 2025-01-16 18:06:27 Image size of job updated: 8526792
	8302  -  MemoryUsage of job (MB)
	8501060  -  ResidentSetSize of job (KB)
...
004 (262170.000.000) 2025-01-16 18:16:24 Job was evicted.
	(0) CPU times
		Usr 0 01:40:40, Sys 0 00:00:25  -  Run Remote Usage
		Usr 0 00:00:00, Sys 0 00:00:00  -  Run Local Usage
	0  -  Run Bytes Sent By Job
	0  -  Run Bytes Received By Job
	Partitionable Resources :    Usage  Request Allocated 
	   Cpus                 :     8.00        1         1 
	   Disk (KB)            :    27          27    459831 
	   Memory (MB)          :  8302           1       128 
...
009 (262170.000.000) 2025-01-16 18:16:24 Job was aborted.
	via condor_rm (by user calzona_2046920)
...
