000 (273485.000.000) 2025-01-23 11:03:46 Job submitted from host: <192.168.0.102:9618?addrs=192.168.0.102-9618&alias=submitter&noUDP&sock=schedd_2032_5c88>
...
014 (273485.000.000) 2025-01-23 11:03:48 Node 0 executing on host: <192.168.0.113:9618?addrs=192.168.0.113-9618&alias=node113.di.rm1&noUDP&sock=startd_3668932_c305>
...
014 (273485.000.001) 2025-01-23 11:03:48 Node 1 executing on host: <192.168.0.106:9618?addrs=192.168.0.106-9618&alias=node106.di.rm1&noUDP&sock=startd_1970_d5a9>
...
001 (273485.000.000) 2025-01-23 11:03:48 Job executing on host: MPI_job
...
008 (273485.000.000) 2025-01-23 11:03:50 Launching orted on Node 0 of 2
...
008 (273485.000.000) 2025-01-23 11:03:50 Launching orted on Node 1 of 2
...
008 (273485.000.000) 2025-01-23 11:03:55 orted exited on Node 1 of 2
...
008 (273485.000.000) 2025-01-23 11:03:55 orted exited on Node 0 of 2
...
015 (273485.000.000) 2025-01-23 11:03:55 Node 0 terminated.
	(1) Normal termination (return value 0)
		Usr 0 00:00:00, Sys 0 00:00:00  -  Run Remote Usage
		Usr 0 00:00:00, Sys 0 00:00:00  -  Run Local Usage
		Usr 0 00:00:00, Sys 0 00:00:00  -  Total Remote Usage
		Usr 0 00:00:00, Sys 0 00:00:00  -  Total Local Usage
	3300  -  Run Bytes Sent By Node
	33639  -  Run Bytes Received By Node
	3300  -  Total Bytes Sent By Node
	33639  -  Total Bytes Received By Node
...
005 (273485.000.000) 2025-01-23 11:03:55 Job terminated.
	(1) Normal termination (return value 0)
		Usr 0 00:00:04, Sys 0 00:00:00  -  Run Remote Usage
		Usr 0 00:00:00, Sys 0 00:00:00  -  Run Local Usage
		Usr 0 00:00:00, Sys 0 00:00:00  -  Total Remote Usage
		Usr 0 00:00:00, Sys 0 00:00:00  -  Total Local Usage
	3300  -  Run Bytes Sent By Job
	67278  -  Run Bytes Received By Job
	3300  -  Total Bytes Sent By Job
	67278  -  Total Bytes Received By Job
	Partitionable Resources :    Usage  Request Allocated 
	   Cpus                 :                 1         1 
	   Disk (KB)            :       50       35  21608416 
	   GPUs                 :                           1 
	   Memory (MB)          :        0      275     20480 

	Job terminated of its own accord at 2025-01-23T11:03:55Z with exit-code 0.
...
