000 (273490.000.000) 2025-01-23 11:03:46 Job submitted from host: <192.168.0.102:9618?addrs=192.168.0.102-9618&alias=submitter&noUDP&sock=schedd_2032_5c88>
...
014 (273490.000.000) 2025-01-23 11:03:53 Node 0 executing on host: <192.168.0.141:9618?addrs=192.168.0.141-9618&alias=node141.di.rm1&noUDP&sock=startd_2077_3a4b>
...
014 (273490.000.001) 2025-01-23 11:03:53 Node 1 executing on host: <192.168.0.112:9618?addrs=192.168.0.112-9618&alias=node112.di.rm1&noUDP&sock=startd_2169_5502>
...
001 (273490.000.000) 2025-01-23 11:03:53 Job executing on host: MPI_job
...
008 (273490.000.000) 2025-01-23 11:03:55 Launching orted on Node 0 of 2
...
008 (273490.000.000) 2025-01-23 11:03:56 Launching orted on Node 1 of 2
...
008 (273490.000.000) 2025-01-23 11:04:01 orted exited on Node 0 of 2
...
008 (273490.000.000) 2025-01-23 11:04:01 orted exited on Node 1 of 2
...
015 (273490.000.000) 2025-01-23 11:04:01 Node 0 terminated.
	(1) Normal termination (return value 0)
		Usr 0 00:00:00, Sys 0 00:00:00  -  Run Remote Usage
		Usr 0 00:00:00, Sys 0 00:00:00  -  Run Local Usage
		Usr 0 00:00:00, Sys 0 00:00:00  -  Total Remote Usage
		Usr 0 00:00:00, Sys 0 00:00:00  -  Total Local Usage
	3256  -  Run Bytes Sent By Node
	33639  -  Run Bytes Received By Node
	3256  -  Total Bytes Sent By Node
	33639  -  Total Bytes Received By Node
...
005 (273490.000.000) 2025-01-23 11:04:01 Job terminated.
	(1) Normal termination (return value 0)
		Usr 0 00:00:04, Sys 0 00:00:00  -  Run Remote Usage
		Usr 0 00:00:00, Sys 0 00:00:00  -  Run Local Usage
		Usr 0 00:00:00, Sys 0 00:00:00  -  Total Remote Usage
		Usr 0 00:00:00, Sys 0 00:00:00  -  Total Local Usage
	3256  -  Run Bytes Sent By Job
	67278  -  Run Bytes Received By Job
	3256  -  Total Bytes Sent By Job
	67278  -  Total Bytes Received By Job
	Partitionable Resources :    Usage  Request Allocated 
	   Cpus                 :                 1         2 
	   Disk (KB)            :       49       35 103002119 
	   Memory (MB)          :        0      253    100096 

	Job terminated of its own accord at 2025-01-23T11:04:01Z with exit-code 0.
...
000 (278253.000.000) 2025-01-24 08:14:40 Job submitted from host: <192.168.0.102:9618?addrs=192.168.0.102-9618&alias=submitter&noUDP&sock=schedd_2032_5c88>
...
014 (278253.000.001) 2025-01-24 08:14:48 Node 1 executing on host: <192.168.0.147:9618?addrs=192.168.0.147-9618&alias=node147.di.rm1&noUDP&sock=startd_1513_5ee1>
...
014 (278253.000.000) 2025-01-24 08:14:48 Node 0 executing on host: <192.168.0.111:9618?addrs=192.168.0.111-9618&alias=node111.di.rm1&noUDP&sock=startd_2044_97ab>
...
001 (278253.000.000) 2025-01-24 08:14:48 Job executing on host: MPI_job
...
008 (278253.000.000) 2025-01-24 08:14:50 Launching orted on Node 1 of 2
...
008 (278253.000.000) 2025-01-24 08:14:50 Launching orted on Node 0 of 2
...
008 (278253.000.000) 2025-01-24 08:14:55 orted exited on Node 1 of 2
...
008 (278253.000.000) 2025-01-24 08:14:55 orted exited on Node 0 of 2
...
015 (278253.000.000) 2025-01-24 08:14:55 Node 0 terminated.
	(1) Normal termination (return value 0)
		Usr 0 00:00:05, Sys 0 00:00:00  -  Run Remote Usage
		Usr 0 00:00:00, Sys 0 00:00:00  -  Run Local Usage
		Usr 0 00:00:05, Sys 0 00:00:00  -  Total Remote Usage
		Usr 0 00:00:00, Sys 0 00:00:00  -  Total Local Usage
	3297  -  Run Bytes Sent By Node
	33639  -  Run Bytes Received By Node
	3297  -  Total Bytes Sent By Node
	33639  -  Total Bytes Received By Node
...
005 (278253.000.000) 2025-01-24 08:14:55 Job terminated.
	(1) Normal termination (return value 0)
		Usr 0 00:00:09, Sys 0 00:00:00  -  Run Remote Usage
		Usr 0 00:00:00, Sys 0 00:00:00  -  Run Local Usage
		Usr 0 00:00:01, Sys 0 00:00:00  -  Total Remote Usage
		Usr 0 00:00:00, Sys 0 00:00:00  -  Total Local Usage
	3297  -  Run Bytes Sent By Job
	67278  -  Run Bytes Received By Job
	3297  -  Total Bytes Sent By Job
	67278  -  Total Bytes Received By Job
	Partitionable Resources :    Usage  Request Allocated 
	   Cpus                 :                 1         1 
	   Disk (KB)            :       50       35  21530639 
	   GPUs                 :                           1 
	   Memory (MB)          :        0      284     65536 

	Job terminated of its own accord at 2025-01-24T08:14:55Z with exit-code 0.
...
000 (286406.000.000) 2025-01-28 15:19:34 Job submitted from host: <192.168.0.102:9618?addrs=192.168.0.102-9618&alias=submitter&noUDP&sock=schedd_2032_5c88>
...
014 (286406.000.001) 2025-01-28 15:19:40 Node 1 executing on host: <192.168.0.142:9618?addrs=192.168.0.142-9618&alias=node142.di.rm1&noUDP&sock=startd_1996_ab1f>
...
014 (286406.000.000) 2025-01-28 15:19:40 Node 0 executing on host: <192.168.0.133:9618?addrs=192.168.0.133-9618&alias=node133.di.rm1&noUDP&sock=startd_1941_f16a>
...
001 (286406.000.000) 2025-01-28 15:19:40 Job executing on host: MPI_job
...
008 (286406.000.000) 2025-01-28 15:19:43 Launching orted on Node 1 of 2
...
008 (286406.000.000) 2025-01-28 15:19:43 Launching orted on Node 0 of 2
...
008 (286406.000.000) 2025-01-28 15:19:47 orted exited on Node 1 of 2
...
008 (286406.000.000) 2025-01-28 15:19:47 orted exited on Node 0 of 2
...
015 (286406.000.001) 2025-01-28 15:19:47 Node 1 terminated.
	(1) Normal termination (return value 0)
		Usr 0 00:00:04, Sys 0 00:00:00  -  Run Remote Usage
		Usr 0 00:00:00, Sys 0 00:00:00  -  Run Local Usage
		Usr 0 00:00:04, Sys 0 00:00:00  -  Total Remote Usage
		Usr 0 00:00:00, Sys 0 00:00:00  -  Total Local Usage
	2165  -  Run Bytes Sent By Node
	33591  -  Run Bytes Received By Node
	2165  -  Total Bytes Sent By Node
	33591  -  Total Bytes Received By Node
...
015 (286406.000.000) 2025-01-28 15:19:47 Node 0 terminated.
	(1) Normal termination (return value 0)
		Usr 0 00:00:04, Sys 0 00:00:00  -  Run Remote Usage
		Usr 0 00:00:00, Sys 0 00:00:00  -  Run Local Usage
		Usr 0 00:00:04, Sys 0 00:00:00  -  Total Remote Usage
		Usr 0 00:00:00, Sys 0 00:00:00  -  Total Local Usage
	3253  -  Run Bytes Sent By Node
	33591  -  Run Bytes Received By Node
	3253  -  Total Bytes Sent By Node
	33591  -  Total Bytes Received By Node
...
005 (286406.000.000) 2025-01-28 15:19:47 Job terminated.
	(1) Normal termination (return value 0)
		Usr 0 00:00:08, Sys 0 00:00:00  -  Run Remote Usage
		Usr 0 00:00:00, Sys 0 00:00:00  -  Run Local Usage
		Usr 0 00:00:04, Sys 0 00:00:00  -  Total Remote Usage
		Usr 0 00:00:00, Sys 0 00:00:00  -  Total Local Usage
	5418  -  Run Bytes Sent By Job
	67182  -  Run Bytes Received By Job
	5418  -  Total Bytes Sent By Job
	67182  -  Total Bytes Received By Job
	Partitionable Resources :    Usage  Request Allocated 
	   Cpus                 :                 1         2 
	   Disk (KB)            :       50       35 102738992 
	   Memory (MB)          :        0      283    100096 

	Job terminated of its own accord at 2025-01-28T15:19:47Z with exit-code 0.
...
