000 (268940.000.000) 2025-01-21 22:12:43 Job submitted from host: <192.168.0.102:9618?addrs=192.168.0.102-9618&alias=submitter&noUDP&sock=schedd_2032_5c88>
...
001 (268940.000.000) 2025-01-21 22:12:43 Job executing on host: <192.168.0.135:9618?addrs=192.168.0.135-9618&alias=node135.di.rm1&noUDP&sock=startd_2000_6980>
...
006 (268940.000.000) 2025-01-21 22:12:52 Image size of job updated: 73260
	72  -  MemoryUsage of job (MB)
	73260  -  ResidentSetSize of job (KB)
...
006 (268940.000.000) 2025-01-21 22:13:26 Image size of job updated: 77052
	72  -  MemoryUsage of job (MB)
	73260  -  ResidentSetSize of job (KB)
...
004 (268940.000.000) 2025-01-21 22:13:27 Job was evicted.
	(0) CPU times
		Usr 0 00:00:43, Sys 0 00:00:00  -  Run Remote Usage
		Usr 0 00:00:00, Sys 0 00:00:00  -  Run Local Usage
	0  -  Run Bytes Sent By Job
	0  -  Run Bytes Received By Job
	Partitionable Resources :    Usage  Request Allocated 
	   Cpus                 :                 1         1 
	   Disk (KB)            :       27       27    470875 
	   Memory (MB)          :       72        1       128 
...
009 (268940.000.000) 2025-01-21 22:13:27 Job was aborted.
	via condor_rm (by user calzona_2046920)
...
000 (269091.000.000) 2025-01-21 22:20:38 Job submitted from host: <192.168.0.102:9618?addrs=192.168.0.102-9618&alias=submitter&noUDP&sock=schedd_2032_5c88>
...
001 (269091.000.000) 2025-01-21 22:20:40 Job executing on host: <192.168.0.151:9618?addrs=192.168.0.151-9618&alias=node151.di.rm1&noUDP&sock=startd_1528_a8cd>
...
006 (269091.000.000) 2025-01-21 22:20:49 Image size of job updated: 77052
	72  -  MemoryUsage of job (MB)
	73260  -  ResidentSetSize of job (KB)
...
004 (269091.000.000) 2025-01-21 22:20:57 Job was evicted.
	(0) CPU times
		Usr 0 00:00:14, Sys 0 00:00:00  -  Run Remote Usage
		Usr 0 00:00:00, Sys 0 00:00:00  -  Run Local Usage
	0  -  Run Bytes Sent By Job
	0  -  Run Bytes Received By Job
	Partitionable Resources :    Usage  Request Allocated 
	   Cpus                 :                 1         1 
	   Disk (KB)            :       27       27    474791 
	   Memory (MB)          :       72        1       128 
...
009 (269091.000.000) 2025-01-21 22:20:57 Job was aborted.
	via condor_rm (by user calzona_2046920)
...
