000 (295555.000.000) 2025-01-31 02:29:55 Job submitted from host: <192.168.0.102:9618?addrs=192.168.0.102-9618&alias=submitter&noUDP&sock=schedd_4045053_7bc0>
...
014 (295555.000.003) 2025-01-31 02:30:02 Node 3 executing on host: <192.168.0.121:9618?addrs=192.168.0.121-9618&alias=node121.di.rm1&noUDP&sock=startd_2146_8e54>
...
014 (295555.000.000) 2025-01-31 02:30:02 Node 0 executing on host: <192.168.0.107:9618?addrs=192.168.0.107-9618&alias=node107.di.rm1&noUDP&sock=startd_1981_6134>
...
014 (295555.000.001) 2025-01-31 02:30:02 Node 1 executing on host: <192.168.0.111:9618?addrs=192.168.0.111-9618&alias=node111.di.rm1&noUDP&sock=startd_2044_97ab>
...
014 (295555.000.006) 2025-01-31 02:30:02 Node 6 executing on host: <192.168.0.147:9618?addrs=192.168.0.147-9618&alias=node147.di.rm1&noUDP&sock=startd_1513_5ee1>
...
014 (295555.000.004) 2025-01-31 02:30:02 Node 4 executing on host: <192.168.0.147:9618?addrs=192.168.0.147-9618&alias=node147.di.rm1&noUDP&sock=startd_1513_5ee1>
...
014 (295555.000.005) 2025-01-31 02:30:02 Node 5 executing on host: <192.168.0.112:9618?addrs=192.168.0.112-9618&alias=node112.di.rm1&noUDP&sock=startd_2169_5502>
...
014 (295555.000.002) 2025-01-31 02:30:02 Node 2 executing on host: <192.168.0.141:9618?addrs=192.168.0.141-9618&alias=node141.di.rm1&noUDP&sock=startd_2077_3a4b>
...
014 (295555.000.007) 2025-01-31 02:30:02 Node 7 executing on host: <192.168.0.112:9618?addrs=192.168.0.112-9618&alias=node112.di.rm1&noUDP&sock=startd_2169_5502>
...
001 (295555.000.000) 2025-01-31 02:30:02 Job executing on host: MPI_job
...
008 (295555.000.000) 2025-01-31 02:30:05 Launching orted on Node 3 of 8
...
008 (295555.000.000) 2025-01-31 02:30:05 Launching orted on Node 6 of 8
...
008 (295555.000.000) 2025-01-31 02:30:05 Launching orted on Node 4 of 8
...
008 (295555.000.000) 2025-01-31 02:30:05 Launching orted on Node 5 of 8
...
008 (295555.000.000) 2025-01-31 02:30:05 Launching orted on Node 0 of 8
...
008 (295555.000.000) 2025-01-31 02:30:05 Launching orted on Node 1 of 8
...
008 (295555.000.000) 2025-01-31 02:30:05 Launching orted on Node 7 of 8
...
008 (295555.000.000) 2025-01-31 02:30:05 Launching orted on Node 2 of 8
...
008 (295555.000.000) 2025-01-31 02:30:05 orted exited on Node 3 of 8
...
008 (295555.000.000) 2025-01-31 02:30:05 orted exited on Node 0 of 8
...
008 (295555.000.000) 2025-01-31 02:30:05 orted exited on Node 1 of 8
...
008 (295555.000.000) 2025-01-31 02:30:05 orted exited on Node 2 of 8
...
008 (295555.000.000) 2025-01-31 02:30:05 orted exited on Node 4 of 8
...
008 (295555.000.000) 2025-01-31 02:30:05 orted exited on Node 5 of 8
...
008 (295555.000.000) 2025-01-31 02:30:05 orted exited on Node 6 of 8
...
008 (295555.000.000) 2025-01-31 02:30:06 orted exited on Node 7 of 8
...
015 (295555.000.005) 2025-01-31 02:30:06 Node 5 terminated.
	(1) Normal termination (return value 0)
		Usr 0 00:00:00, Sys 0 00:00:00  -  Run Remote Usage
		Usr 0 00:00:00, Sys 0 00:00:00  -  Run Local Usage
		Usr 0 00:00:00, Sys 0 00:00:00  -  Total Remote Usage
		Usr 0 00:00:00, Sys 0 00:00:00  -  Total Local Usage
	2355  -  Run Bytes Sent By Node
	33831  -  Run Bytes Received By Node
	2355  -  Total Bytes Sent By Node
	33831  -  Total Bytes Received By Node
...
015 (295555.000.003) 2025-01-31 02:30:07 Node 3 terminated.
	(1) Normal termination (return value 0)
		Usr 0 00:00:00, Sys 0 00:00:00  -  Run Remote Usage
		Usr 0 00:00:00, Sys 0 00:00:00  -  Run Local Usage
		Usr 0 00:00:00, Sys 0 00:00:00  -  Total Remote Usage
		Usr 0 00:00:00, Sys 0 00:00:00  -  Total Local Usage
	2333  -  Run Bytes Sent By Node
	33831  -  Run Bytes Received By Node
	2333  -  Total Bytes Sent By Node
	33831  -  Total Bytes Received By Node
...
015 (295555.000.001) 2025-01-31 02:30:07 Node 1 terminated.
	(1) Normal termination (return value 0)
		Usr 0 00:00:00, Sys 0 00:00:00  -  Run Remote Usage
		Usr 0 00:00:00, Sys 0 00:00:00  -  Run Local Usage
		Usr 0 00:00:00, Sys 0 00:00:00  -  Total Remote Usage
		Usr 0 00:00:00, Sys 0 00:00:00  -  Total Local Usage
	2355  -  Run Bytes Sent By Node
	33831  -  Run Bytes Received By Node
	2355  -  Total Bytes Sent By Node
	33831  -  Total Bytes Received By Node
...
015 (295555.000.000) 2025-01-31 02:30:07 Node 0 terminated.
	(1) Normal termination (return value 0)
		Usr 0 00:00:00, Sys 0 00:00:01  -  Run Remote Usage
		Usr 0 00:00:00, Sys 0 00:00:00  -  Run Local Usage
		Usr 0 00:00:00, Sys 0 00:00:01  -  Total Remote Usage
		Usr 0 00:00:00, Sys 0 00:00:00  -  Total Local Usage
	3895  -  Run Bytes Sent By Node
	33831  -  Run Bytes Received By Node
	3895  -  Total Bytes Sent By Node
	33831  -  Total Bytes Received By Node
...
005 (295555.000.000) 2025-01-31 02:30:07 Job terminated.
	(1) Normal termination (return value 0)
		Usr 0 00:00:00, Sys 0 00:00:01  -  Run Remote Usage
		Usr 0 00:00:00, Sys 0 00:00:00  -  Run Local Usage
		Usr 0 00:00:00, Sys 0 00:00:01  -  Total Remote Usage
		Usr 0 00:00:00, Sys 0 00:00:00  -  Total Local Usage
	20292  -  Run Bytes Sent By Job
	270648  -  Run Bytes Received By Job
	20292  -  Total Bytes Sent By Job
	270648  -  Total Bytes Received By Job
	Partitionable Resources :    Usage  Request Allocated 
	   Cpus                 :                 1         2 
	   Disk (KB)            :       52       35 102887858 
	   Memory (MB)          :        0        0    100096 

	Job terminated of its own accord at 2025-01-31T02:30:05Z with exit-code 0.
...
