000 (265299.000.000) 2025-01-17 11:21:50 Job submitted from host: <192.168.0.102:9618?addrs=192.168.0.102-9618&alias=submitter&noUDP&sock=schedd_2032_5c88>
...
001 (265299.000.000) 2025-01-17 11:21:54 Job executing on host: <192.168.0.140:9618?addrs=192.168.0.140-9618&alias=node140.di.rm1&noUDP&sock=startd_1890_f615>
...
006 (265299.000.000) 2025-01-17 11:22:03 Image size of job updated: 1370628
	378  -  MemoryUsage of job (MB)
	386760  -  ResidentSetSize of job (KB)
...
006 (265299.000.000) 2025-01-17 11:28:19 Image size of job updated: 6634128
	5678  -  MemoryUsage of job (MB)
	5814272  -  ResidentSetSize of job (KB)
...
006 (265299.000.000) 2025-01-17 11:33:44 Image size of job updated: 7502952
	6583  -  MemoryUsage of job (MB)
	6740788  -  ResidentSetSize of job (KB)
...
006 (265299.000.000) 2025-01-17 11:33:47 Image size of job updated: 7502952
	6600  -  MemoryUsage of job (MB)
	6757816  -  ResidentSetSize of job (KB)
...
004 (265299.000.000) 2025-01-17 11:33:47 Job was evicted.
	(0) CPU times
		Usr 0 00:02:43, Sys 0 00:04:36  -  Run Remote Usage
		Usr 0 00:00:00, Sys 0 00:00:00  -  Run Local Usage
	0  -  Run Bytes Sent By Job
	0  -  Run Bytes Received By Job
	Partitionable Resources :    Usage  Request Allocated 
	   Cpus                 :     0.55        1         1 
	   Disk (KB)            :    27          27    468367 
	   Memory (MB)          :  6600           1       128 
...
009 (265299.000.000) 2025-01-17 11:33:47 Job was aborted.
	via condor_rm (by user calzona_2046920)
...
