000 (273765.000.000) 2025-01-23 11:19:21 Job submitted from host: <192.168.0.102:9618?addrs=192.168.0.102-9618&alias=submitter&noUDP&sock=schedd_2032_5c88>
...
014 (273765.000.003) 2025-01-23 11:19:28 Node 3 executing on host: <192.168.0.130:9618?addrs=192.168.0.130-9618&alias=node130.di.rm1&noUDP&sock=startd_2751195_838e>
...
014 (273765.000.001) 2025-01-23 11:19:28 Node 1 executing on host: <192.168.0.141:9618?addrs=192.168.0.141-9618&alias=node141.di.rm1&noUDP&sock=startd_2077_3a4b>
...
014 (273765.000.002) 2025-01-23 11:19:28 Node 2 executing on host: <192.168.0.135:9618?addrs=192.168.0.135-9618&alias=node135.di.rm1&noUDP&sock=startd_2000_6980>
...
014 (273765.000.000) 2025-01-23 11:19:29 Node 0 executing on host: <192.168.0.143:9618?addrs=192.168.0.143-9618&alias=node143.di.rm1&noUDP&sock=startd_2061_40c7>
...
001 (273765.000.000) 2025-01-23 11:19:29 Job executing on host: MPI_job
...
008 (273765.000.000) 2025-01-23 11:19:30 Launching orted on Node 1 of 4
...
008 (273765.000.000) 2025-01-23 11:19:30 Launching orted on Node 2 of 4
...
008 (273765.000.000) 2025-01-23 11:19:31 Launching orted on Node 0 of 4
...
008 (273765.000.000) 2025-01-23 11:19:31 Launching orted on Node 3 of 4
...
008 (273765.000.000) 2025-01-23 11:19:32 orted exited on Node 3 of 4
...
008 (273765.000.000) 2025-01-23 11:19:32 orted exited on Node 2 of 4
...
008 (273765.000.000) 2025-01-23 11:19:32 orted exited on Node 1 of 4
...
008 (273765.000.000) 2025-01-23 11:19:32 orted exited on Node 0 of 4
...
015 (273765.000.003) 2025-01-23 11:19:32 Node 3 terminated.
	(1) Normal termination (return value 0)
		Usr 0 00:00:00, Sys 0 00:00:00  -  Run Remote Usage
		Usr 0 00:00:00, Sys 0 00:00:00  -  Run Local Usage
		Usr 0 00:00:00, Sys 0 00:00:00  -  Total Remote Usage
		Usr 0 00:00:00, Sys 0 00:00:00  -  Total Local Usage
	2165  -  Run Bytes Sent By Node
	33639  -  Run Bytes Received By Node
	2165  -  Total Bytes Sent By Node
	33639  -  Total Bytes Received By Node
...
015 (273765.000.001) 2025-01-23 11:19:32 Node 1 terminated.
	(1) Normal termination (return value 0)
		Usr 0 00:00:00, Sys 0 00:00:00  -  Run Remote Usage
		Usr 0 00:00:00, Sys 0 00:00:00  -  Run Local Usage
		Usr 0 00:00:00, Sys 0 00:00:00  -  Total Remote Usage
		Usr 0 00:00:00, Sys 0 00:00:00  -  Total Local Usage
	2165  -  Run Bytes Sent By Node
	33639  -  Run Bytes Received By Node
	2165  -  Total Bytes Sent By Node
	33639  -  Total Bytes Received By Node
...
015 (273765.000.002) 2025-01-23 11:19:32 Node 2 terminated.
	(1) Normal termination (return value 0)
		Usr 0 00:00:00, Sys 0 00:00:00  -  Run Remote Usage
		Usr 0 00:00:00, Sys 0 00:00:00  -  Run Local Usage
		Usr 0 00:00:00, Sys 0 00:00:00  -  Total Remote Usage
		Usr 0 00:00:00, Sys 0 00:00:00  -  Total Local Usage
	2165  -  Run Bytes Sent By Node
	33639  -  Run Bytes Received By Node
	2165  -  Total Bytes Sent By Node
	33639  -  Total Bytes Received By Node
...
015 (273765.000.000) 2025-01-23 11:19:33 Node 0 terminated.
	(1) Normal termination (return value 0)
		Usr 0 00:00:00, Sys 0 00:00:00  -  Run Remote Usage
		Usr 0 00:00:00, Sys 0 00:00:00  -  Run Local Usage
		Usr 0 00:00:00, Sys 0 00:00:00  -  Total Remote Usage
		Usr 0 00:00:00, Sys 0 00:00:00  -  Total Local Usage
	3261  -  Run Bytes Sent By Node
	33639  -  Run Bytes Received By Node
	3261  -  Total Bytes Sent By Node
	33639  -  Total Bytes Received By Node
...
005 (273765.000.000) 2025-01-23 11:19:33 Job terminated.
	(1) Normal termination (return value 0)
		Usr 0 00:00:00, Sys 0 00:00:00  -  Run Remote Usage
		Usr 0 00:00:00, Sys 0 00:00:00  -  Run Local Usage
		Usr 0 00:00:00, Sys 0 00:00:00  -  Total Remote Usage
		Usr 0 00:00:00, Sys 0 00:00:00  -  Total Local Usage
	9756  -  Run Bytes Sent By Job
	134556  -  Run Bytes Received By Job
	9756  -  Total Bytes Sent By Job
	134556  -  Total Bytes Received By Job
	Partitionable Resources :    Usage  Request Allocated 
	   Cpus                 :                 1         1 
	   Disk (KB)            :       49       35    459633 
	   Memory (MB)          :        0        0     40960 

	Job terminated of its own accord at 2025-01-23T11:19:32Z with exit-code 0.
...
000 (278511.000.000) 2025-01-24 09:04:18 Job submitted from host: <192.168.0.102:9618?addrs=192.168.0.102-9618&alias=submitter&noUDP&sock=schedd_2032_5c88>
...
014 (278511.000.002) 2025-01-24 09:04:25 Node 2 executing on host: <192.168.0.113:9618?addrs=192.168.0.113-9618&alias=node113.di.rm1&noUDP&sock=startd_3668932_c305>
...
014 (278511.000.000) 2025-01-24 09:04:25 Node 0 executing on host: <192.168.0.151:9618?addrs=192.168.0.151-9618&alias=node151.di.rm1&noUDP&sock=startd_1528_a8cd>
...
014 (278511.000.001) 2025-01-24 09:04:25 Node 1 executing on host: <192.168.0.148:9618?addrs=192.168.0.148-9618&alias=node148.di.rm1&noUDP&sock=startd_1547_b119>
...
014 (278511.000.003) 2025-01-24 09:04:25 Node 3 executing on host: <192.168.0.133:9618?addrs=192.168.0.133-9618&alias=node133.di.rm1&noUDP&sock=startd_1941_f16a>
...
001 (278511.000.000) 2025-01-24 09:04:25 Job executing on host: MPI_job
...
008 (278511.000.000) 2025-01-24 09:04:27 Launching orted on Node 2 of 4
...
008 (278511.000.000) 2025-01-24 09:04:27 Launching orted on Node 0 of 4
...
008 (278511.000.000) 2025-01-24 09:04:27 Launching orted on Node 1 of 4
...
008 (278511.000.000) 2025-01-24 09:04:28 Launching orted on Node 3 of 4
...
008 (278511.000.000) 2025-01-24 09:04:28 orted exited on Node 1 of 4
...
008 (278511.000.000) 2025-01-24 09:04:28 orted exited on Node 2 of 4
...
008 (278511.000.000) 2025-01-24 09:04:28 orted exited on Node 0 of 4
...
008 (278511.000.000) 2025-01-24 09:04:28 orted exited on Node 3 of 4
...
015 (278511.000.002) 2025-01-24 09:04:28 Node 2 terminated.
	(1) Normal termination (return value 0)
		Usr 0 00:00:00, Sys 0 00:00:00  -  Run Remote Usage
		Usr 0 00:00:00, Sys 0 00:00:00  -  Run Local Usage
		Usr 0 00:00:00, Sys 0 00:00:00  -  Total Remote Usage
		Usr 0 00:00:00, Sys 0 00:00:00  -  Total Local Usage
	2187  -  Run Bytes Sent By Node
	33639  -  Run Bytes Received By Node
	2187  -  Total Bytes Sent By Node
	33639  -  Total Bytes Received By Node
...
015 (278511.000.000) 2025-01-24 09:04:29 Node 0 terminated.
	(1) Normal termination (return value 0)
		Usr 0 00:00:00, Sys 0 00:00:00  -  Run Remote Usage
		Usr 0 00:00:00, Sys 0 00:00:00  -  Run Local Usage
		Usr 0 00:00:00, Sys 0 00:00:00  -  Total Remote Usage
		Usr 0 00:00:00, Sys 0 00:00:00  -  Total Local Usage
	3255  -  Run Bytes Sent By Node
	33639  -  Run Bytes Received By Node
	3255  -  Total Bytes Sent By Node
	33639  -  Total Bytes Received By Node
...
005 (278511.000.000) 2025-01-24 09:04:29 Job terminated.
	(1) Normal termination (return value 0)
		Usr 0 00:00:00, Sys 0 00:00:00  -  Run Remote Usage
		Usr 0 00:00:00, Sys 0 00:00:00  -  Run Local Usage
		Usr 0 00:00:00, Sys 0 00:00:00  -  Total Remote Usage
		Usr 0 00:00:00, Sys 0 00:00:00  -  Total Local Usage
	5442  -  Run Bytes Sent By Job
	134556  -  Run Bytes Received By Job
	5442  -  Total Bytes Sent By Job
	134556  -  Total Bytes Received By Job
	Partitionable Resources :    Usage  Request Allocated 
	   Cpus                 :     0.01        1         1 
	   Disk (KB)            :    55          35    474791 
	   Memory (MB)          :     1           1     40960 

	Job terminated of its own accord at 2025-01-24T09:04:28Z with exit-code 0.
...
000 (286783.000.000) 2025-01-28 15:59:04 Job submitted from host: <192.168.0.102:9618?addrs=192.168.0.102-9618&alias=submitter&noUDP&sock=schedd_2032_5c88>
...
014 (286783.000.000) 2025-01-28 15:59:17 Node 0 executing on host: <192.168.0.122:9618?addrs=192.168.0.122-9618&alias=node122.di.rm1&noUDP&sock=startd_2134_5331>
...
014 (286783.000.002) 2025-01-28 15:59:17 Node 2 executing on host: <192.168.0.112:9618?addrs=192.168.0.112-9618&alias=node112.di.rm1&noUDP&sock=startd_2169_5502>
...
014 (286783.000.003) 2025-01-28 15:59:17 Node 3 executing on host: <192.168.0.113:9618?addrs=192.168.0.113-9618&alias=node113.di.rm1&noUDP&sock=startd_3668932_c305>
...
014 (286783.000.001) 2025-01-28 15:59:17 Node 1 executing on host: <192.168.0.111:9618?addrs=192.168.0.111-9618&alias=node111.di.rm1&noUDP&sock=startd_2044_97ab>
...
001 (286783.000.000) 2025-01-28 15:59:17 Job executing on host: MPI_job
...
008 (286783.000.000) 2025-01-28 15:59:19 Launching orted on Node 0 of 4
...
008 (286783.000.000) 2025-01-28 15:59:19 Launching orted on Node 2 of 4
...
008 (286783.000.000) 2025-01-28 15:59:19 Launching orted on Node 3 of 4
...
008 (286783.000.000) 2025-01-28 15:59:20 Launching orted on Node 1 of 4
...
008 (286783.000.000) 2025-01-28 15:59:20 orted exited on Node 2 of 4
...
008 (286783.000.000) 2025-01-28 15:59:20 orted exited on Node 3 of 4
...
008 (286783.000.000) 2025-01-28 15:59:20 orted exited on Node 1 of 4
...
008 (286783.000.000) 2025-01-28 15:59:20 orted exited on Node 0 of 4
...
015 (286783.000.002) 2025-01-28 15:59:20 Node 2 terminated.
	(1) Normal termination (return value 0)
		Usr 0 00:00:00, Sys 0 00:00:00  -  Run Remote Usage
		Usr 0 00:00:00, Sys 0 00:00:00  -  Run Local Usage
		Usr 0 00:00:00, Sys 0 00:00:00  -  Total Remote Usage
		Usr 0 00:00:00, Sys 0 00:00:00  -  Total Local Usage
	2187  -  Run Bytes Sent By Node
	33591  -  Run Bytes Received By Node
	2187  -  Total Bytes Sent By Node
	33591  -  Total Bytes Received By Node
...
015 (286783.000.000) 2025-01-28 15:59:20 Node 0 terminated.
	(1) Normal termination (return value 0)
		Usr 0 00:00:00, Sys 0 00:00:00  -  Run Remote Usage
		Usr 0 00:00:00, Sys 0 00:00:00  -  Run Local Usage
		Usr 0 00:00:00, Sys 0 00:00:00  -  Total Remote Usage
		Usr 0 00:00:00, Sys 0 00:00:00  -  Total Local Usage
	3305  -  Run Bytes Sent By Node
	33591  -  Run Bytes Received By Node
	3305  -  Total Bytes Sent By Node
	33591  -  Total Bytes Received By Node
...
005 (286783.000.000) 2025-01-28 15:59:20 Job terminated.
	(1) Normal termination (return value 0)
		Usr 0 00:00:00, Sys 0 00:00:01  -  Run Remote Usage
		Usr 0 00:00:00, Sys 0 00:00:00  -  Run Local Usage
		Usr 0 00:00:00, Sys 0 00:00:00  -  Total Remote Usage
		Usr 0 00:00:00, Sys 0 00:00:00  -  Total Local Usage
	5492  -  Run Bytes Sent By Job
	134364  -  Run Bytes Received By Job
	5492  -  Total Bytes Sent By Job
	134364  -  Total Bytes Received By Job
	Partitionable Resources :    Usage  Request Allocated 
	   Cpus                 :                 1         1 
	   Disk (KB)            :       51       35  21496319 
	   GPUs                 :                           1 
	   Memory (MB)          :        0        0     20480 

	Job terminated of its own accord at 2025-01-28T15:59:20Z with exit-code 0.
...
