000 (271580.000.000) 2025-01-22 01:12:35 Job submitted from host: <192.168.0.102:9618?addrs=192.168.0.102-9618&alias=submitter&noUDP&sock=schedd_2032_5c88>
...
001 (271580.000.000) 2025-01-22 01:12:55 Job executing on host: <192.168.0.120:9618?addrs=192.168.0.120-9618&alias=node120.di.rm1&noUDP&sock=startd_2096_4298>
...
006 (271580.000.000) 2025-01-22 01:13:04 Image size of job updated: 175624
	109  -  MemoryUsage of job (MB)
	111408  -  ResidentSetSize of job (KB)
...
005 (271580.000.000) 2025-01-22 01:13:16 Job terminated.
	(1) Normal termination (return value 0)
		Usr 0 00:04:48, Sys 0 00:00:00  -  Run Remote Usage
		Usr 0 00:00:00, Sys 0 00:00:00  -  Run Local Usage
		Usr 0 00:04:48, Sys 0 00:00:00  -  Total Remote Usage
		Usr 0 00:00:00, Sys 0 00:00:00  -  Total Local Usage
	0  -  Run Bytes Sent By Job
	0  -  Run Bytes Received By Job
	0  -  Total Bytes Sent By Job
	0  -  Total Bytes Received By Job
	Partitionable Resources :    Usage  Request Allocated 
	   Cpus                 :                 1         1 
	   Disk (KB)            :       27       27    459052 
	   Gpus (Average)       :                 0         0 
	   Memory (MB)          :      109        1       128 

	Job terminated of its own accord at 2025-01-22T01:13:16Z with exit-code 0.
...
000 (277734.000.000) 2025-01-24 07:00:37 Job submitted from host: <192.168.0.102:9618?addrs=192.168.0.102-9618&alias=submitter&noUDP&sock=schedd_2032_5c88>
...
001 (277734.000.000) 2025-01-24 07:00:57 Job executing on host: <192.168.0.149:9618?addrs=192.168.0.149-9618&alias=node149.di.rm1&noUDP&sock=startd_1551_6f7a>
...
006 (277734.000.000) 2025-01-24 07:01:06 Image size of job updated: 112368
	110  -  MemoryUsage of job (MB)
	111840  -  ResidentSetSize of job (KB)
...
006 (277734.000.000) 2025-01-24 07:01:19 Image size of job updated: 175624
	110  -  MemoryUsage of job (MB)
	111840  -  ResidentSetSize of job (KB)
...
005 (277734.000.000) 2025-01-24 07:01:19 Job terminated.
	(1) Normal termination (return value 0)
		Usr 0 00:04:19, Sys 0 00:00:00  -  Run Remote Usage
		Usr 0 00:00:00, Sys 0 00:00:00  -  Run Local Usage
		Usr 0 00:04:19, Sys 0 00:00:00  -  Total Remote Usage
		Usr 0 00:00:00, Sys 0 00:00:00  -  Total Local Usage
	0  -  Run Bytes Sent By Job
	0  -  Run Bytes Received By Job
	0  -  Total Bytes Sent By Job
	0  -  Total Bytes Received By Job
	Partitionable Resources :    Usage  Request Allocated 
	   Cpus                 :                 1         1 
	   Disk (KB)            :       27       27    471944 
	   Memory (MB)          :      110        1       128 

	Job terminated of its own accord at 2025-01-24T07:01:19Z with exit-code 0.
...
