000 (295310.000.000) 2025-01-31 01:53:04 Job submitted from host: <192.168.0.102:9618?addrs=192.168.0.102-9618&alias=submitter&noUDP&sock=schedd_4045053_7bc0>
...
014 (295310.000.000) 2025-01-31 01:53:12 Node 0 executing on host: <192.168.0.149:9618?addrs=192.168.0.149-9618&alias=node149.di.rm1&noUDP&sock=startd_1551_6f7a>
...
014 (295310.000.001) 2025-01-31 01:53:12 Node 1 executing on host: <192.168.0.110:9618?addrs=192.168.0.110-9618&alias=node110.di.rm1&noUDP&sock=startd_2154_0b16>
...
014 (295310.000.002) 2025-01-31 01:53:12 Node 2 executing on host: <192.168.0.120:9618?addrs=192.168.0.120-9618&alias=node120.di.rm1&noUDP&sock=startd_2096_4298>
...
014 (295310.000.003) 2025-01-31 01:53:12 Node 3 executing on host: <192.168.0.120:9618?addrs=192.168.0.120-9618&alias=node120.di.rm1&noUDP&sock=startd_2096_4298>
...
001 (295310.000.000) 2025-01-31 01:53:12 Job executing on host: MPI_job
...
008 (295310.000.000) 2025-01-31 01:53:14 Launching orted on Node 0 of 4
...
008 (295310.000.000) 2025-01-31 01:53:14 Launching orted on Node 1 of 4
...
008 (295310.000.000) 2025-01-31 01:53:14 Launching orted on Node 3 of 4
...
008 (295310.000.000) 2025-01-31 01:53:14 Launching orted on Node 2 of 4
...
008 (295310.000.000) 2025-01-31 01:53:35 orted exited on Node 1 of 4
...
008 (295310.000.000) 2025-01-31 01:53:35 orted exited on Node 0 of 4
...
008 (295310.000.000) 2025-01-31 01:53:35 orted exited on Node 2 of 4
...
008 (295310.000.000) 2025-01-31 01:53:35 orted exited on Node 3 of 4
...
015 (295310.000.000) 2025-01-31 01:53:35 Node 0 terminated.
	(1) Normal termination (return value 0)
		Usr 0 00:00:06, Sys 0 00:00:00  -  Run Remote Usage
		Usr 0 00:00:00, Sys 0 00:00:00  -  Run Local Usage
		Usr 0 00:00:06, Sys 0 00:00:00  -  Total Remote Usage
		Usr 0 00:00:00, Sys 0 00:00:00  -  Total Local Usage
	3897  -  Run Bytes Sent By Node
	33831  -  Run Bytes Received By Node
	3897  -  Total Bytes Sent By Node
	33831  -  Total Bytes Received By Node
...
005 (295310.000.000) 2025-01-31 01:53:35 Job terminated.
	(1) Normal termination (return value 0)
		Usr 0 00:03:36, Sys 0 00:00:03  -  Run Remote Usage
		Usr 0 00:00:00, Sys 0 00:00:00  -  Run Local Usage
		Usr 0 00:00:06, Sys 0 00:00:00  -  Total Remote Usage
		Usr 0 00:00:00, Sys 0 00:00:00  -  Total Local Usage
	3897  -  Run Bytes Sent By Job
	135324  -  Run Bytes Received By Job
	3897  -  Total Bytes Sent By Job
	135324  -  Total Bytes Received By Job
	Partitionable Resources :    Usage  Request Allocated 
	   Cpus                 :                 1         1 
	   Disk (KB)            :       51       35    471944 
	   Memory (MB)          :      341      350     40960 

	Job terminated of its own accord at 2025-01-31T01:53:35Z with exit-code 0.
...
