000 (273209.000.000) 2025-01-23 10:47:12 Job submitted from host: <192.168.0.102:9618?addrs=192.168.0.102-9618&alias=submitter&noUDP&sock=schedd_2032_5c88>
...
014 (273209.000.000) 2025-01-23 10:47:15 Node 0 executing on host: <192.168.0.140:9618?addrs=192.168.0.140-9618&alias=node140.di.rm1&noUDP&sock=startd_1890_f615>
...
014 (273209.000.001) 2025-01-23 10:47:15 Node 1 executing on host: <192.168.0.116:9618?addrs=192.168.0.116-9618&alias=node116.di.rm1&noUDP&sock=startd_1847_7783>
...
001 (273209.000.000) 2025-01-23 10:47:15 Job executing on host: MPI_job
...
008 (273209.000.000) 2025-01-23 10:47:17 Launching orted on Node 1 of 2
...
008 (273209.000.000) 2025-01-23 10:47:17 Launching orted on Node 0 of 2
...
008 (273209.000.000) 2025-01-23 10:47:53 Node 0 caught SIGTERM, cleaning up mpirun
...
004 (273209.000.000) 2025-01-23 10:47:53 Job was evicted.
	(0) CPU times
		Usr 0 00:00:36, Sys 0 00:00:01  -  Run Remote Usage
		Usr 0 00:00:00, Sys 0 00:00:00  -  Run Local Usage
	0  -  Run Bytes Sent By Job
	67278  -  Run Bytes Received By Job
	Partitionable Resources :    Usage  Request Allocated 
	   Cpus                 :                 1         2 
	   Disk (KB)            :     8560       35 103040641 
	   Memory (MB)          :      293      368    100096 
...
009 (273209.000.000) 2025-01-23 10:47:53 Job was aborted.
	via condor_rm (by user calzona_2046920)
...
000 (277987.000.000) 2025-01-24 07:32:18 Job submitted from host: <192.168.0.102:9618?addrs=192.168.0.102-9618&alias=submitter&noUDP&sock=schedd_2032_5c88>
...
014 (277987.000.000) 2025-01-24 07:32:20 Node 0 executing on host: <192.168.0.149:9618?addrs=192.168.0.149-9618&alias=node149.di.rm1&noUDP&sock=startd_1551_6f7a>
...
014 (277987.000.001) 2025-01-24 07:32:20 Node 1 executing on host: <192.168.0.104:9618?addrs=192.168.0.104-9618&alias=node104.di.rm1&noUDP&sock=startd_1987_7ec5>
...
001 (277987.000.000) 2025-01-24 07:32:20 Job executing on host: MPI_job
...
008 (277987.000.000) 2025-01-24 07:32:22 Launching orted on Node 0 of 2
...
008 (277987.000.000) 2025-01-24 07:32:23 Launching orted on Node 1 of 2
...
008 (277987.000.000) 2025-01-24 07:33:07 orted exited on Node 1 of 2
...
008 (277987.000.000) 2025-01-24 07:33:07 orted exited on Node 0 of 2
...
015 (277987.000.000) 2025-01-24 07:33:07 Node 0 terminated.
	(1) Normal termination (return value 0)
		Usr 0 00:00:00, Sys 0 00:00:00  -  Run Remote Usage
		Usr 0 00:00:00, Sys 0 00:00:00  -  Run Local Usage
		Usr 0 00:00:00, Sys 0 00:00:00  -  Total Remote Usage
		Usr 0 00:00:00, Sys 0 00:00:00  -  Total Local Usage
	3259  -  Run Bytes Sent By Node
	33639  -  Run Bytes Received By Node
	3259  -  Total Bytes Sent By Node
	33639  -  Total Bytes Received By Node
...
005 (277987.000.000) 2025-01-24 07:33:07 Job terminated.
	(1) Normal termination (return value 0)
		Usr 0 00:00:43, Sys 0 00:00:02  -  Run Remote Usage
		Usr 0 00:00:00, Sys 0 00:00:00  -  Run Local Usage
		Usr 0 00:00:00, Sys 0 00:00:00  -  Total Remote Usage
		Usr 0 00:00:00, Sys 0 00:00:00  -  Total Local Usage
	3259  -  Run Bytes Sent By Job
	67278  -  Run Bytes Received By Job
	3259  -  Total Bytes Sent By Job
	67278  -  Total Bytes Received By Job
	Partitionable Resources :    Usage  Request Allocated 
	   Cpus                 :     0.99        1         2 
	   Disk (KB)            :    55          35 102883670 
	   Memory (MB)          :   335         303    100096 

	Job terminated of its own accord at 2025-01-24T07:33:07Z with exit-code 0.
...
