000 (279321.000.000) 2025-01-24 10:33:35 Job submitted from host: <192.168.0.102:9618?addrs=192.168.0.102-9618&alias=submitter&noUDP&sock=schedd_2032_5c88>
...
014 (279321.000.001) 2025-01-24 10:33:43 Node 1 executing on host: <192.168.0.107:9618?addrs=192.168.0.107-9618&alias=node107.di.rm1&noUDP&sock=startd_1981_6134>
...
014 (279321.000.002) 2025-01-24 10:33:43 Node 2 executing on host: <192.168.0.137:9618?addrs=192.168.0.137-9618&alias=node137.di.rm1&noUDP&sock=startd_1934_2440>
...
014 (279321.000.000) 2025-01-24 10:33:43 Node 0 executing on host: <192.168.0.140:9618?addrs=192.168.0.140-9618&alias=node140.di.rm1&noUDP&sock=startd_1890_f615>
...
014 (279321.000.003) 2025-01-24 10:33:43 Node 3 executing on host: <192.168.0.146:9618?addrs=192.168.0.146-9618&alias=node146.di.rm1&noUDP&sock=startd_1984_6ffc>
...
014 (279321.000.007) 2025-01-24 10:33:43 Node 7 executing on host: <192.168.0.147:9618?addrs=192.168.0.147-9618&alias=node147.di.rm1&noUDP&sock=startd_1513_5ee1>
...
014 (279321.000.006) 2025-01-24 10:33:43 Node 6 executing on host: <192.168.0.141:9618?addrs=192.168.0.141-9618&alias=node141.di.rm1&noUDP&sock=startd_2077_3a4b>
...
014 (279321.000.004) 2025-01-24 10:33:43 Node 4 executing on host: <192.168.0.145:9618?addrs=192.168.0.145-9618&alias=node145.di.rm1&noUDP&sock=startd_1869_8e98>
...
014 (279321.000.005) 2025-01-24 10:33:43 Node 5 executing on host: <192.168.0.111:9618?addrs=192.168.0.111-9618&alias=node111.di.rm1&noUDP&sock=startd_2044_97ab>
...
001 (279321.000.000) 2025-01-24 10:33:43 Job executing on host: MPI_job
...
008 (279321.000.000) 2025-01-24 10:33:45 Launching orted on Node 1 of 8
...
008 (279321.000.000) 2025-01-24 10:33:45 Launching orted on Node 2 of 8
...
008 (279321.000.000) 2025-01-24 10:33:45 Launching orted on Node 3 of 8
...
008 (279321.000.000) 2025-01-24 10:33:45 Launching orted on Node 7 of 8
...
008 (279321.000.000) 2025-01-24 10:33:45 Launching orted on Node 6 of 8
...
008 (279321.000.000) 2025-01-24 10:33:45 Launching orted on Node 5 of 8
...
008 (279321.000.000) 2025-01-24 10:33:45 Launching orted on Node 0 of 8
...
008 (279321.000.000) 2025-01-24 10:33:46 Launching orted on Node 4 of 8
...
008 (279321.000.000) 2025-01-24 10:33:46 orted exited on Node 7 of 8
...
008 (279321.000.000) 2025-01-24 10:33:46 orted exited on Node 2 of 8
...
008 (279321.000.000) 2025-01-24 10:33:46 orted exited on Node 3 of 8
...
008 (279321.000.000) 2025-01-24 10:33:46 orted exited on Node 1 of 8
...
008 (279321.000.000) 2025-01-24 10:33:46 orted exited on Node 0 of 8
...
008 (279321.000.000) 2025-01-24 10:33:46 orted exited on Node 5 of 8
...
008 (279321.000.000) 2025-01-24 10:33:46 orted exited on Node 4 of 8
...
008 (279321.000.000) 2025-01-24 10:33:46 orted exited on Node 6 of 8
...
015 (279321.000.002) 2025-01-24 10:33:47 Node 2 terminated.
	(1) Normal termination (return value 0)
		Usr 0 00:00:00, Sys 0 00:00:00  -  Run Remote Usage
		Usr 0 00:00:00, Sys 0 00:00:00  -  Run Local Usage
		Usr 0 00:00:00, Sys 0 00:00:00  -  Total Remote Usage
		Usr 0 00:00:00, Sys 0 00:00:00  -  Total Local Usage
	2165  -  Run Bytes Sent By Node
	33639  -  Run Bytes Received By Node
	2165  -  Total Bytes Sent By Node
	33639  -  Total Bytes Received By Node
...
015 (279321.000.001) 2025-01-24 10:33:47 Node 1 terminated.
	(1) Normal termination (return value 0)
		Usr 0 00:00:00, Sys 0 00:00:00  -  Run Remote Usage
		Usr 0 00:00:00, Sys 0 00:00:00  -  Run Local Usage
		Usr 0 00:00:00, Sys 0 00:00:00  -  Total Remote Usage
		Usr 0 00:00:00, Sys 0 00:00:00  -  Total Local Usage
	2165  -  Run Bytes Sent By Node
	33639  -  Run Bytes Received By Node
	2165  -  Total Bytes Sent By Node
	33639  -  Total Bytes Received By Node
...
015 (279321.000.003) 2025-01-24 10:33:47 Node 3 terminated.
	(1) Normal termination (return value 0)
		Usr 0 00:00:00, Sys 0 00:00:00  -  Run Remote Usage
		Usr 0 00:00:00, Sys 0 00:00:00  -  Run Local Usage
		Usr 0 00:00:00, Sys 0 00:00:00  -  Total Remote Usage
		Usr 0 00:00:00, Sys 0 00:00:00  -  Total Local Usage
	2165  -  Run Bytes Sent By Node
	33639  -  Run Bytes Received By Node
	2165  -  Total Bytes Sent By Node
	33639  -  Total Bytes Received By Node
...
015 (279321.000.000) 2025-01-24 10:33:47 Node 0 terminated.
	(1) Normal termination (return value 0)
		Usr 0 00:00:00, Sys 0 00:00:00  -  Run Remote Usage
		Usr 0 00:00:00, Sys 0 00:00:00  -  Run Local Usage
		Usr 0 00:00:00, Sys 0 00:00:00  -  Total Remote Usage
		Usr 0 00:00:00, Sys 0 00:00:00  -  Total Local Usage
	3260  -  Run Bytes Sent By Node
	33639  -  Run Bytes Received By Node
	3260  -  Total Bytes Sent By Node
	33639  -  Total Bytes Received By Node
...
005 (279321.000.000) 2025-01-24 10:33:47 Job terminated.
	(1) Normal termination (return value 0)
		Usr 0 00:00:00, Sys 0 00:00:02  -  Run Remote Usage
		Usr 0 00:00:00, Sys 0 00:00:00  -  Run Local Usage
		Usr 0 00:00:00, Sys 0 00:00:00  -  Total Remote Usage
		Usr 0 00:00:00, Sys 0 00:00:00  -  Total Local Usage
	18437  -  Run Bytes Sent By Job
	269112  -  Run Bytes Received By Job
	18437  -  Total Bytes Sent By Job
	269112  -  Total Bytes Received By Job
	Partitionable Resources :    Usage  Request Allocated 
	   Cpus                 :                 1         1 
	   Disk (KB)            :       50       35    468367 
	   Memory (MB)          :        0        0     20480 

	Job terminated of its own accord at 2025-01-24T10:33:46Z with exit-code 0.
...
000 (287642.000.000) 2025-01-28 17:31:41 Job submitted from host: <192.168.0.102:9618?addrs=192.168.0.102-9618&alias=submitter&noUDP&sock=schedd_2032_5c88>
...
014 (287642.000.001) 2025-01-28 17:31:51 Node 1 executing on host: <192.168.0.135:9618?addrs=192.168.0.135-9618&alias=node135.di.rm1&noUDP&sock=startd_2000_6980>
...
014 (287642.000.002) 2025-01-28 17:31:51 Node 2 executing on host: <192.168.0.130:9618?addrs=192.168.0.130-9618&alias=node130.di.rm1&noUDP&sock=startd_2751195_838e>
...
014 (287642.000.004) 2025-01-28 17:31:51 Node 4 executing on host: <192.168.0.145:9618?addrs=192.168.0.145-9618&alias=node145.di.rm1&noUDP&sock=startd_1869_8e98>
...
014 (287642.000.000) 2025-01-28 17:31:51 Node 0 executing on host: <192.168.0.120:9618?addrs=192.168.0.120-9618&alias=node120.di.rm1&noUDP&sock=startd_2096_4298>
...
014 (287642.000.003) 2025-01-28 17:31:51 Node 3 executing on host: <192.168.0.106:9618?addrs=192.168.0.106-9618&alias=node106.di.rm1&noUDP&sock=startd_1970_d5a9>
...
014 (287642.000.005) 2025-01-28 17:31:51 Node 5 executing on host: <192.168.0.110:9618?addrs=192.168.0.110-9618&alias=node110.di.rm1&noUDP&sock=startd_2185_4e86>
...
014 (287642.000.006) 2025-01-28 17:31:51 Node 6 executing on host: <192.168.0.140:9618?addrs=192.168.0.140-9618&alias=node140.di.rm1&noUDP&sock=startd_1890_f615>
...
014 (287642.000.007) 2025-01-28 17:31:51 Node 7 executing on host: <192.168.0.116:9618?addrs=192.168.0.116-9618&alias=node116.di.rm1&noUDP&sock=startd_1847_7783>
...
001 (287642.000.000) 2025-01-28 17:31:51 Job executing on host: MPI_job
...
008 (287642.000.000) 2025-01-28 17:31:53 Launching orted on Node 1 of 8
...
008 (287642.000.000) 2025-01-28 17:31:53 Launching orted on Node 2 of 8
...
008 (287642.000.000) 2025-01-28 17:31:53 Launching orted on Node 4 of 8
...
008 (287642.000.000) 2025-01-28 17:31:53 Launching orted on Node 3 of 8
...
008 (287642.000.000) 2025-01-28 17:31:53 Launching orted on Node 0 of 8
...
008 (287642.000.000) 2025-01-28 17:31:53 Launching orted on Node 5 of 8
...
008 (287642.000.000) 2025-01-28 17:31:53 Launching orted on Node 6 of 8
...
008 (287642.000.000) 2025-01-28 17:31:53 Launching orted on Node 7 of 8
...
008 (287642.000.000) 2025-01-28 17:31:54 orted exited on Node 1 of 8
...
008 (287642.000.000) 2025-01-28 17:31:54 orted exited on Node 2 of 8
...
008 (287642.000.000) 2025-01-28 17:31:54 orted exited on Node 3 of 8
...
008 (287642.000.000) 2025-01-28 17:31:54 orted exited on Node 0 of 8
...
008 (287642.000.000) 2025-01-28 17:31:54 orted exited on Node 6 of 8
...
008 (287642.000.000) 2025-01-28 17:31:54 orted exited on Node 5 of 8
...
008 (287642.000.000) 2025-01-28 17:31:54 orted exited on Node 7 of 8
...
008 (287642.000.000) 2025-01-28 17:31:54 orted exited on Node 4 of 8
...
015 (287642.000.001) 2025-01-28 17:31:54 Node 1 terminated.
	(1) Normal termination (return value 0)
		Usr 0 00:00:01, Sys 0 00:00:00  -  Run Remote Usage
		Usr 0 00:00:00, Sys 0 00:00:00  -  Run Local Usage
		Usr 0 00:00:01, Sys 0 00:00:00  -  Total Remote Usage
		Usr 0 00:00:00, Sys 0 00:00:00  -  Total Local Usage
	2165  -  Run Bytes Sent By Node
	33591  -  Run Bytes Received By Node
	2165  -  Total Bytes Sent By Node
	33591  -  Total Bytes Received By Node
...
015 (287642.000.002) 2025-01-28 17:31:54 Node 2 terminated.
	(1) Normal termination (return value 0)
		Usr 0 00:00:00, Sys 0 00:00:00  -  Run Remote Usage
		Usr 0 00:00:00, Sys 0 00:00:00  -  Run Local Usage
		Usr 0 00:00:00, Sys 0 00:00:00  -  Total Remote Usage
		Usr 0 00:00:00, Sys 0 00:00:00  -  Total Local Usage
	2165  -  Run Bytes Sent By Node
	33591  -  Run Bytes Received By Node
	2165  -  Total Bytes Sent By Node
	33591  -  Total Bytes Received By Node
...
015 (287642.000.000) 2025-01-28 17:31:54 Node 0 terminated.
	(1) Normal termination (return value 0)
		Usr 0 00:00:00, Sys 0 00:00:00  -  Run Remote Usage
		Usr 0 00:00:00, Sys 0 00:00:00  -  Run Local Usage
		Usr 0 00:00:00, Sys 0 00:00:00  -  Total Remote Usage
		Usr 0 00:00:00, Sys 0 00:00:00  -  Total Local Usage
	3770  -  Run Bytes Sent By Node
	33591  -  Run Bytes Received By Node
	3770  -  Total Bytes Sent By Node
	33591  -  Total Bytes Received By Node
...
015 (287642.000.003) 2025-01-28 17:31:54 Node 3 terminated.
	(1) Normal termination (return value 0)
		Usr 0 00:00:01, Sys 0 00:00:01  -  Run Remote Usage
		Usr 0 00:00:00, Sys 0 00:00:00  -  Run Local Usage
		Usr 0 00:00:01, Sys 0 00:00:01  -  Total Remote Usage
		Usr 0 00:00:00, Sys 0 00:00:00  -  Total Local Usage
	2165  -  Run Bytes Sent By Node
	33591  -  Run Bytes Received By Node
	2165  -  Total Bytes Sent By Node
	33591  -  Total Bytes Received By Node
...
015 (287642.000.005) 2025-01-28 17:31:54 Node 5 terminated.
	(1) Normal termination (return value 0)
		Usr 0 00:00:00, Sys 0 00:00:00  -  Run Remote Usage
		Usr 0 00:00:00, Sys 0 00:00:00  -  Run Local Usage
		Usr 0 00:00:00, Sys 0 00:00:00  -  Total Remote Usage
		Usr 0 00:00:00, Sys 0 00:00:00  -  Total Local Usage
	2187  -  Run Bytes Sent By Node
	33591  -  Run Bytes Received By Node
	2187  -  Total Bytes Sent By Node
	33591  -  Total Bytes Received By Node
...
015 (287642.000.006) 2025-01-28 17:31:54 Node 6 terminated.
	(1) Normal termination (return value 0)
		Usr 0 00:00:01, Sys 0 00:00:01  -  Run Remote Usage
		Usr 0 00:00:00, Sys 0 00:00:00  -  Run Local Usage
		Usr 0 00:00:01, Sys 0 00:00:01  -  Total Remote Usage
		Usr 0 00:00:00, Sys 0 00:00:00  -  Total Local Usage
	2165  -  Run Bytes Sent By Node
	33591  -  Run Bytes Received By Node
	2165  -  Total Bytes Sent By Node
	33591  -  Total Bytes Received By Node
...
015 (287642.000.007) 2025-01-28 17:31:54 Node 7 terminated.
	(1) Normal termination (return value 0)
		Usr 0 00:00:00, Sys 0 00:00:00  -  Run Remote Usage
		Usr 0 00:00:00, Sys 0 00:00:00  -  Run Local Usage
		Usr 0 00:00:00, Sys 0 00:00:00  -  Total Remote Usage
		Usr 0 00:00:00, Sys 0 00:00:00  -  Total Local Usage
	2165  -  Run Bytes Sent By Node
	33591  -  Run Bytes Received By Node
	2165  -  Total Bytes Sent By Node
	33591  -  Total Bytes Received By Node
...
005 (287642.000.000) 2025-01-28 17:31:54 Job terminated.
	(1) Normal termination (return value 0)
		Usr 0 00:00:04, Sys 0 00:00:02  -  Run Remote Usage
		Usr 0 00:00:00, Sys 0 00:00:00  -  Run Local Usage
		Usr 0 00:00:00, Sys 0 00:00:00  -  Total Remote Usage
		Usr 0 00:00:00, Sys 0 00:00:00  -  Total Local Usage
	18947  -  Run Bytes Sent By Job
	268728  -  Run Bytes Received By Job
	18947  -  Total Bytes Sent By Job
	268728  -  Total Bytes Received By Job
	Partitionable Resources :    Usage  Request Allocated 
	   Cpus                 :                 1         2 
	   Disk (KB)            :       52       35 102827553 
	   GPUs                 :                           0 
	   Memory (MB)          :        0        0    100096 

	Job terminated of its own accord at 2025-01-28T17:31:54Z with exit-code 0.
...
