000 (273835.000.000) 2025-01-23 11:21:31 Job submitted from host: <192.168.0.102:9618?addrs=192.168.0.102-9618&alias=submitter&noUDP&sock=schedd_2032_5c88>
...
014 (273835.000.000) 2025-01-23 11:21:46 Node 0 executing on host: <192.168.0.114:9618?addrs=192.168.0.114-9618&alias=node114.di.rm1&noUDP&sock=startd_2075_db1b>
...
014 (273835.000.001) 2025-01-23 11:21:46 Node 1 executing on host: <192.168.0.113:9618?addrs=192.168.0.113-9618&alias=node113.di.rm1&noUDP&sock=startd_3668932_c305>
...
014 (273835.000.002) 2025-01-23 11:21:46 Node 2 executing on host: <192.168.0.141:9618?addrs=192.168.0.141-9618&alias=node141.di.rm1&noUDP&sock=startd_2077_3a4b>
...
014 (273835.000.003) 2025-01-23 11:21:46 Node 3 executing on host: <192.168.0.139:9618?addrs=192.168.0.139-9618&alias=node139.di.rm1&noUDP&sock=startd_1966_1748>
...
001 (273835.000.000) 2025-01-23 11:21:46 Job executing on host: MPI_job
...
008 (273835.000.000) 2025-01-23 11:21:48 Launching orted on Node 1 of 4
...
008 (273835.000.000) 2025-01-23 11:21:48 Launching orted on Node 2 of 4
...
008 (273835.000.000) 2025-01-23 11:21:48 Launching orted on Node 0 of 4
...
008 (273835.000.000) 2025-01-23 11:21:48 Launching orted on Node 3 of 4
...
008 (273835.000.000) 2025-01-23 11:21:54 orted exited on Node 3 of 4
...
008 (273835.000.000) 2025-01-23 11:21:54 orted exited on Node 0 of 4
...
008 (273835.000.000) 2025-01-23 11:21:54 orted exited on Node 2 of 4
...
008 (273835.000.000) 2025-01-23 11:21:54 orted exited on Node 1 of 4
...
015 (273835.000.003) 2025-01-23 11:21:54 Node 3 terminated.
	(1) Normal termination (return value 0)
		Usr 0 00:00:05, Sys 0 00:00:00  -  Run Remote Usage
		Usr 0 00:00:00, Sys 0 00:00:00  -  Run Local Usage
		Usr 0 00:00:05, Sys 0 00:00:00  -  Total Remote Usage
		Usr 0 00:00:00, Sys 0 00:00:00  -  Total Local Usage
	2165  -  Run Bytes Sent By Node
	33639  -  Run Bytes Received By Node
	2165  -  Total Bytes Sent By Node
	33639  -  Total Bytes Received By Node
...
015 (273835.000.000) 2025-01-23 11:21:54 Node 0 terminated.
	(1) Normal termination (return value 0)
		Usr 0 00:00:00, Sys 0 00:00:00  -  Run Remote Usage
		Usr 0 00:00:00, Sys 0 00:00:00  -  Run Local Usage
		Usr 0 00:00:00, Sys 0 00:00:00  -  Total Remote Usage
		Usr 0 00:00:00, Sys 0 00:00:00  -  Total Local Usage
	3264  -  Run Bytes Sent By Node
	33639  -  Run Bytes Received By Node
	3264  -  Total Bytes Sent By Node
	33639  -  Total Bytes Received By Node
...
005 (273835.000.000) 2025-01-23 11:21:54 Job terminated.
	(1) Normal termination (return value 0)
		Usr 0 00:00:15, Sys 0 00:00:00  -  Run Remote Usage
		Usr 0 00:00:00, Sys 0 00:00:00  -  Run Local Usage
		Usr 0 00:00:00, Sys 0 00:00:00  -  Total Remote Usage
		Usr 0 00:00:00, Sys 0 00:00:00  -  Total Local Usage
	5429  -  Run Bytes Sent By Job
	134556  -  Run Bytes Received By Job
	5429  -  Total Bytes Sent By Job
	134556  -  Total Bytes Received By Job
	Partitionable Resources :    Usage  Request Allocated 
	   Cpus                 :                 1         2 
	   Disk (KB)            :       49       35 102671250 
	   Memory (MB)          :        1        9    100096 

	Job terminated of its own accord at 2025-01-23T11:21:54Z with exit-code 0.
...
