000 (263463.000.000) 2025-01-17 11:20:53 Job submitted from host: <192.168.0.102:9618?addrs=192.168.0.102-9618&alias=submitter&noUDP&sock=schedd_2032_5c88>
...
001 (263463.000.000) 2025-01-17 11:20:55 Job executing on host: <192.168.0.123:9618?addrs=192.168.0.123-9618&alias=node123.di.rm1&noUDP&sock=startd_2149_9d1d>
...
006 (263463.000.000) 2025-01-17 11:21:04 Image size of job updated: 438372
	429  -  MemoryUsage of job (MB)
	438372  -  ResidentSetSize of job (KB)
...
006 (263463.000.000) 2025-01-17 11:26:05 Image size of job updated: 12093748
	11710  -  MemoryUsage of job (MB)
	11990132  -  ResidentSetSize of job (KB)
...
006 (263463.000.000) 2025-01-17 11:32:40 Image size of job updated: 18054456
	17437  -  MemoryUsage of job (MB)
	17854504  -  ResidentSetSize of job (KB)
...
006 (263463.000.000) 2025-01-17 11:33:23 Image size of job updated: 18266156
	17437  -  MemoryUsage of job (MB)
	17854768  -  ResidentSetSize of job (KB)
...
004 (263463.000.000) 2025-01-17 11:33:23 Job was evicted.
	(0) CPU times
		Usr 0 00:07:45, Sys 0 00:03:45  -  Run Remote Usage
		Usr 0 00:00:00, Sys 0 00:00:00  -  Run Local Usage
	0  -  Run Bytes Sent By Job
	0  -  Run Bytes Received By Job
	Partitionable Resources :    Usage  Request Allocated 
	   Cpus                 :     0.98        1         1 
	   Disk (KB)            :    27          27    499900 
	   Gpus (Average)       :                 0         0 
	   Memory (MB)          : 17437           1       128 
...
009 (263463.000.000) 2025-01-17 11:33:23 Job was aborted.
	via condor_rm (by user calzona_2046920)
...
