000 (279391.000.000) 2025-01-24 10:37:20 Job submitted from host: <192.168.0.102:9618?addrs=192.168.0.102-9618&alias=submitter&noUDP&sock=schedd_2032_5c88>
...
007 (279391.000.000) 2025-01-24 10:37:27 Shadow exception!
	Assertion ERROR on (jobAdNumInProc == numInProc)
	0  -  Run Bytes Sent By Job
	0  -  Run Bytes Received By Job
...
014 (279391.000.001) 2025-01-24 10:37:31 Node 1 executing on host: <192.168.0.146:9618?addrs=192.168.0.146-9618&alias=node146.di.rm1&noUDP&sock=startd_1984_6ffc>
...
014 (279391.000.002) 2025-01-24 10:37:31 Node 2 executing on host: <192.168.0.139:9618?addrs=192.168.0.139-9618&alias=node139.di.rm1&noUDP&sock=startd_1966_1748>
...
014 (279391.000.003) 2025-01-24 10:37:31 Node 3 executing on host: <192.168.0.141:9618?addrs=192.168.0.141-9618&alias=node141.di.rm1&noUDP&sock=startd_2077_3a4b>
...
014 (279391.000.005) 2025-01-24 10:37:31 Node 5 executing on host: <192.168.0.141:9618?addrs=192.168.0.141-9618&alias=node141.di.rm1&noUDP&sock=startd_2077_3a4b>
...
014 (279391.000.000) 2025-01-24 10:37:31 Node 0 executing on host: <192.168.0.145:9618?addrs=192.168.0.145-9618&alias=node145.di.rm1&noUDP&sock=startd_1869_8e98>
...
014 (279391.000.006) 2025-01-24 10:37:31 Node 6 executing on host: <192.168.0.121:9618?addrs=192.168.0.121-9618&alias=node121.di.rm1&noUDP&sock=startd_2146_8e54>
...
014 (279391.000.007) 2025-01-24 10:37:31 Node 7 executing on host: <192.168.0.141:9618?addrs=192.168.0.141-9618&alias=node141.di.rm1&noUDP&sock=startd_2077_3a4b>
...
014 (279391.000.004) 2025-01-24 10:37:31 Node 4 executing on host: <192.168.0.143:9618?addrs=192.168.0.143-9618&alias=node143.di.rm1&noUDP&sock=startd_2061_40c7>
...
001 (279391.000.000) 2025-01-24 10:37:31 Job executing on host: MPI_job
...
008 (279391.000.000) 2025-01-24 10:37:33 Launching orted on Node 1 of 8
...
008 (279391.000.000) 2025-01-24 10:37:33 Launching orted on Node 2 of 8
...
008 (279391.000.000) 2025-01-24 10:37:33 Launching orted on Node 6 of 8
...
008 (279391.000.000) 2025-01-24 10:37:33 Launching orted on Node 5 of 8
...
008 (279391.000.000) 2025-01-24 10:37:33 Launching orted on Node 3 of 8
...
008 (279391.000.000) 2025-01-24 10:37:33 Launching orted on Node 0 of 8
...
008 (279391.000.000) 2025-01-24 10:37:33 Launching orted on Node 7 of 8
...
008 (279391.000.000) 2025-01-24 10:37:33 Launching orted on Node 4 of 8
...
008 (279391.000.000) 2025-01-24 10:38:25 orted exited on Node 1 of 8
...
008 (279391.000.000) 2025-01-24 10:38:25 orted exited on Node 2 of 8
...
008 (279391.000.000) 2025-01-24 10:38:25 orted exited on Node 6 of 8
...
008 (279391.000.000) 2025-01-24 10:38:25 orted exited on Node 0 of 8
...
008 (279391.000.000) 2025-01-24 10:38:25 orted exited on Node 5 of 8
...
008 (279391.000.000) 2025-01-24 10:38:25 orted exited on Node 7 of 8
...
008 (279391.000.000) 2025-01-24 10:38:25 orted exited on Node 3 of 8
...
008 (279391.000.000) 2025-01-24 10:38:25 orted exited on Node 4 of 8
...
015 (279391.000.001) 2025-01-24 10:38:25 Node 1 terminated.
	(1) Normal termination (return value 0)
		Usr 0 00:00:39, Sys 0 00:00:12  -  Run Remote Usage
		Usr 0 00:00:00, Sys 0 00:00:00  -  Run Local Usage
		Usr 0 00:00:39, Sys 0 00:00:12  -  Total Remote Usage
		Usr 0 00:00:00, Sys 0 00:00:00  -  Total Local Usage
	2165  -  Run Bytes Sent By Node
	33639  -  Run Bytes Received By Node
	2165  -  Total Bytes Sent By Node
	33639  -  Total Bytes Received By Node
...
015 (279391.000.002) 2025-01-24 10:38:25 Node 2 terminated.
	(1) Normal termination (return value 0)
		Usr 0 00:00:38, Sys 0 00:00:12  -  Run Remote Usage
		Usr 0 00:00:00, Sys 0 00:00:00  -  Run Local Usage
		Usr 0 00:00:38, Sys 0 00:00:12  -  Total Remote Usage
		Usr 0 00:00:00, Sys 0 00:00:00  -  Total Local Usage
	2165  -  Run Bytes Sent By Node
	33639  -  Run Bytes Received By Node
	2165  -  Total Bytes Sent By Node
	33639  -  Total Bytes Received By Node
...
015 (279391.000.006) 2025-01-24 10:38:25 Node 6 terminated.
	(1) Normal termination (return value 0)
		Usr 0 00:00:39, Sys 0 00:00:12  -  Run Remote Usage
		Usr 0 00:00:00, Sys 0 00:00:00  -  Run Local Usage
		Usr 0 00:00:39, Sys 0 00:00:12  -  Total Remote Usage
		Usr 0 00:00:00, Sys 0 00:00:00  -  Total Local Usage
	2165  -  Run Bytes Sent By Node
	33639  -  Run Bytes Received By Node
	2165  -  Total Bytes Sent By Node
	33639  -  Total Bytes Received By Node
...
015 (279391.000.005) 2025-01-24 10:38:25 Node 5 terminated.
	(1) Normal termination (return value 0)
		Usr 0 00:00:39, Sys 0 00:00:12  -  Run Remote Usage
		Usr 0 00:00:00, Sys 0 00:00:00  -  Run Local Usage
		Usr 0 00:00:39, Sys 0 00:00:12  -  Total Remote Usage
		Usr 0 00:00:00, Sys 0 00:00:00  -  Total Local Usage
	2165  -  Run Bytes Sent By Node
	33639  -  Run Bytes Received By Node
	2165  -  Total Bytes Sent By Node
	33639  -  Total Bytes Received By Node
...
015 (279391.000.007) 2025-01-24 10:38:25 Node 7 terminated.
	(1) Normal termination (return value 0)
		Usr 0 00:00:39, Sys 0 00:00:12  -  Run Remote Usage
		Usr 0 00:00:00, Sys 0 00:00:00  -  Run Local Usage
		Usr 0 00:00:39, Sys 0 00:00:12  -  Total Remote Usage
		Usr 0 00:00:00, Sys 0 00:00:00  -  Total Local Usage
	2165  -  Run Bytes Sent By Node
	33639  -  Run Bytes Received By Node
	2165  -  Total Bytes Sent By Node
	33639  -  Total Bytes Received By Node
...
015 (279391.000.003) 2025-01-24 10:38:25 Node 3 terminated.
	(1) Normal termination (return value 0)
		Usr 0 00:00:39, Sys 0 00:00:12  -  Run Remote Usage
		Usr 0 00:00:00, Sys 0 00:00:00  -  Run Local Usage
		Usr 0 00:00:39, Sys 0 00:00:12  -  Total Remote Usage
		Usr 0 00:00:00, Sys 0 00:00:00  -  Total Local Usage
	2165  -  Run Bytes Sent By Node
	33639  -  Run Bytes Received By Node
	2165  -  Total Bytes Sent By Node
	33639  -  Total Bytes Received By Node
...
015 (279391.000.000) 2025-01-24 10:38:25 Node 0 terminated.
	(1) Normal termination (return value 0)
		Usr 0 00:00:00, Sys 0 00:00:00  -  Run Remote Usage
		Usr 0 00:00:00, Sys 0 00:00:00  -  Run Local Usage
		Usr 0 00:00:00, Sys 0 00:00:00  -  Total Remote Usage
		Usr 0 00:00:00, Sys 0 00:00:00  -  Total Local Usage
	3266  -  Run Bytes Sent By Node
	33639  -  Run Bytes Received By Node
	3266  -  Total Bytes Sent By Node
	33639  -  Total Bytes Received By Node
...
005 (279391.000.000) 2025-01-24 10:38:25 Job terminated.
	(1) Normal termination (return value 0)
		Usr 0 00:04:43, Sys 0 00:01:12  -  Run Remote Usage
		Usr 0 00:00:00, Sys 0 00:00:00  -  Run Local Usage
		Usr 0 00:00:00, Sys 0 00:00:00  -  Total Remote Usage
		Usr 0 00:00:00, Sys 0 00:00:00  -  Total Local Usage
	16256  -  Run Bytes Sent By Job
	269112  -  Run Bytes Received By Job
	16256  -  Total Bytes Sent By Job
	269112  -  Total Bytes Received By Job
	Partitionable Resources :    Usage  Request Allocated 
	   Cpus                 :     1.00        1         1 
	   Disk (KB)            :    57          35    462663 
	   Memory (MB)          :   221           1     20480 

	Job terminated of its own accord at 2025-01-24T10:38:25Z with exit-code 0.
...
000 (287729.000.000) 2025-01-28 17:36:16 Job submitted from host: <192.168.0.102:9618?addrs=192.168.0.102-9618&alias=submitter&noUDP&sock=schedd_2032_5c88>
...
014 (287729.000.000) 2025-01-28 17:36:21 Node 0 executing on host: <192.168.0.143:9618?addrs=192.168.0.143-9618&alias=node143.di.rm1&noUDP&sock=startd_2061_40c7>
...
014 (287729.000.002) 2025-01-28 17:36:21 Node 2 executing on host: <192.168.0.133:9618?addrs=192.168.0.133-9618&alias=node133.di.rm1&noUDP&sock=startd_1941_f16a>
...
014 (287729.000.003) 2025-01-28 17:36:21 Node 3 executing on host: <192.168.0.142:9618?addrs=192.168.0.142-9618&alias=node142.di.rm1&noUDP&sock=startd_1996_ab1f>
...
014 (287729.000.007) 2025-01-28 17:36:21 Node 7 executing on host: <192.168.0.143:9618?addrs=192.168.0.143-9618&alias=node143.di.rm1&noUDP&sock=startd_2061_40c7>
...
014 (287729.000.004) 2025-01-28 17:36:21 Node 4 executing on host: <192.168.0.139:9618?addrs=192.168.0.139-9618&alias=node139.di.rm1&noUDP&sock=startd_1966_1748>
...
014 (287729.000.005) 2025-01-28 17:36:21 Node 5 executing on host: <192.168.0.104:9618?addrs=192.168.0.104-9618&alias=node104.di.rm1&noUDP&sock=startd_1987_7ec5>
...
014 (287729.000.001) 2025-01-28 17:36:21 Node 1 executing on host: <192.168.0.123:9618?addrs=192.168.0.123-9618&alias=node123.di.rm1&noUDP&sock=startd_2149_9d1d>
...
014 (287729.000.006) 2025-01-28 17:36:21 Node 6 executing on host: <192.168.0.113:9618?addrs=192.168.0.113-9618&alias=node113.di.rm1&noUDP&sock=startd_3668932_c305>
...
001 (287729.000.000) 2025-01-28 17:36:21 Job executing on host: MPI_job
...
008 (287729.000.000) 2025-01-28 17:36:23 Launching orted on Node 0 of 8
...
008 (287729.000.000) 2025-01-28 17:36:23 Launching orted on Node 2 of 8
...
008 (287729.000.000) 2025-01-28 17:36:23 Launching orted on Node 5 of 8
...
008 (287729.000.000) 2025-01-28 17:36:23 Launching orted on Node 3 of 8
...
008 (287729.000.000) 2025-01-28 17:36:23 Launching orted on Node 4 of 8
...
008 (287729.000.000) 2025-01-28 17:36:23 Launching orted on Node 7 of 8
...
008 (287729.000.000) 2025-01-28 17:36:24 Launching orted on Node 6 of 8
...
008 (287729.000.000) 2025-01-28 17:36:24 Launching orted on Node 1 of 8
...
008 (287729.000.000) 2025-01-28 17:37:01 orted exited on Node 5 of 8
...
008 (287729.000.000) 2025-01-28 17:37:01 orted exited on Node 4 of 8
...
008 (287729.000.000) 2025-01-28 17:37:01 orted exited on Node 6 of 8
...
008 (287729.000.000) 2025-01-28 17:37:01 orted exited on Node 2 of 8
...
008 (287729.000.000) 2025-01-28 17:37:01 orted exited on Node 1 of 8
...
008 (287729.000.000) 2025-01-28 17:37:01 orted exited on Node 3 of 8
...
008 (287729.000.000) 2025-01-28 17:37:01 orted exited on Node 7 of 8
...
008 (287729.000.000) 2025-01-28 17:37:01 orted exited on Node 0 of 8
...
015 (287729.000.005) 2025-01-28 17:37:01 Node 5 terminated.
	(1) Normal termination (return value 0)
		Usr 0 00:00:36, Sys 0 00:00:01  -  Run Remote Usage
		Usr 0 00:00:00, Sys 0 00:00:00  -  Run Local Usage
		Usr 0 00:00:36, Sys 0 00:00:01  -  Total Remote Usage
		Usr 0 00:00:00, Sys 0 00:00:00  -  Total Local Usage
	2165  -  Run Bytes Sent By Node
	33591  -  Run Bytes Received By Node
	2165  -  Total Bytes Sent By Node
	33591  -  Total Bytes Received By Node
...
015 (287729.000.000) 2025-01-28 17:37:01 Node 0 terminated.
	(1) Normal termination (return value 0)
		Usr 0 00:00:00, Sys 0 00:00:01  -  Run Remote Usage
		Usr 0 00:00:00, Sys 0 00:00:00  -  Run Local Usage
		Usr 0 00:00:00, Sys 0 00:00:01  -  Total Remote Usage
		Usr 0 00:00:00, Sys 0 00:00:00  -  Total Local Usage
	3266  -  Run Bytes Sent By Node
	33591  -  Run Bytes Received By Node
	3266  -  Total Bytes Sent By Node
	33591  -  Total Bytes Received By Node
...
015 (287729.000.002) 2025-01-28 17:37:01 Node 2 terminated.
	(1) Normal termination (return value 0)
		Usr 0 00:00:35, Sys 0 00:00:01  -  Run Remote Usage
		Usr 0 00:00:00, Sys 0 00:00:00  -  Run Local Usage
		Usr 0 00:00:35, Sys 0 00:00:01  -  Total Remote Usage
		Usr 0 00:00:00, Sys 0 00:00:00  -  Total Local Usage
	2165  -  Run Bytes Sent By Node
	33591  -  Run Bytes Received By Node
	2165  -  Total Bytes Sent By Node
	33591  -  Total Bytes Received By Node
...
015 (287729.000.007) 2025-01-28 17:37:01 Node 7 terminated.
	(1) Normal termination (return value 0)
		Usr 0 00:00:36, Sys 0 00:00:01  -  Run Remote Usage
		Usr 0 00:00:00, Sys 0 00:00:00  -  Run Local Usage
		Usr 0 00:00:36, Sys 0 00:00:01  -  Total Remote Usage
		Usr 0 00:00:00, Sys 0 00:00:00  -  Total Local Usage
	0  -  Run Bytes Sent By Node
	33591  -  Run Bytes Received By Node
	0  -  Total Bytes Sent By Node
	33591  -  Total Bytes Received By Node
...
005 (287729.000.000) 2025-01-28 17:37:01 Job terminated.
	(1) Normal termination (return value 0)
		Usr 0 00:03:40, Sys 0 00:00:06  -  Run Remote Usage
		Usr 0 00:00:00, Sys 0 00:00:00  -  Run Local Usage
		Usr 0 00:00:00, Sys 0 00:00:01  -  Total Remote Usage
		Usr 0 00:00:00, Sys 0 00:00:00  -  Total Local Usage
	14113  -  Run Bytes Sent By Job
	268728  -  Run Bytes Received By Job
	14113  -  Total Bytes Sent By Job
	268728  -  Total Bytes Received By Job
	Partitionable Resources :    Usage  Request Allocated 
	   Cpus                 :                 1         2 
	   Disk (KB)            :       51       35 102957766 
	   Memory (MB)          :      221     5495    100096 

	Job terminated of its own accord at 2025-01-28T17:37:01Z with exit-code 0.
...
