000 (262836.000.000) 2025-01-17 11:14:21 Job submitted from host: <192.168.0.102:9618?addrs=192.168.0.102-9618&alias=submitter&noUDP&sock=schedd_2032_5c88>
...
001 (262836.000.000) 2025-01-17 11:14:33 Job executing on host: <192.168.0.146:9618?addrs=192.168.0.146-9618&alias=node146.di.rm1&noUDP&sock=startd_1984_6ffc>
...
006 (262836.000.000) 2025-01-17 11:14:42 Image size of job updated: 613068
	595  -  MemoryUsage of job (MB)
	609236  -  ResidentSetSize of job (KB)
...
004 (262836.000.000) 2025-01-17 11:20:11 Job was evicted.
	(0) CPU times
		Usr 0 00:05:37, Sys 0 00:00:00  -  Run Remote Usage
		Usr 0 00:00:00, Sys 0 00:00:00  -  Run Local Usage
	0  -  Run Bytes Sent By Job
	0  -  Run Bytes Received By Job
	Partitionable Resources :    Usage  Request Allocated 
	   Cpus                 :     1.00        1         1 
	   Disk (KB)            :    27          27    466414 
	   Memory (MB)          :   595           1       128 
...
009 (262836.000.000) 2025-01-17 11:20:11 Job was aborted.
	via condor_rm (by user calzona_2046920)
...
