000 (279399.000.000) 2025-01-24 10:37:21 Job submitted from host: <192.168.0.102:9618?addrs=192.168.0.102-9618&alias=submitter&noUDP&sock=schedd_2032_5c88>
...
014 (279399.000.001) 2025-01-24 10:37:28 Node 1 executing on host: <192.168.0.147:9618?addrs=192.168.0.147-9618&alias=node147.di.rm1&noUDP&sock=startd_1513_5ee1>
...
014 (279399.000.003) 2025-01-24 10:37:28 Node 3 executing on host: <192.168.0.141:9618?addrs=192.168.0.141-9618&alias=node141.di.rm1&noUDP&sock=startd_2077_3a4b>
...
014 (279399.000.004) 2025-01-24 10:37:28 Node 4 executing on host: <192.168.0.121:9618?addrs=192.168.0.121-9618&alias=node121.di.rm1&noUDP&sock=startd_2146_8e54>
...
014 (279399.000.000) 2025-01-24 10:37:28 Node 0 executing on host: <192.168.0.141:9618?addrs=192.168.0.141-9618&alias=node141.di.rm1&noUDP&sock=startd_2077_3a4b>
...
014 (279399.000.002) 2025-01-24 10:37:29 Node 2 executing on host: <192.168.0.112:9618?addrs=192.168.0.112-9618&alias=node112.di.rm1&noUDP&sock=startd_2169_5502>
...
014 (279399.000.005) 2025-01-24 10:37:29 Node 5 executing on host: <192.168.0.151:9618?addrs=192.168.0.151-9618&alias=node151.di.rm1&noUDP&sock=startd_1528_a8cd>
...
014 (279399.000.006) 2025-01-24 10:37:29 Node 6 executing on host: <192.168.0.142:9618?addrs=192.168.0.142-9618&alias=node142.di.rm1&noUDP&sock=startd_1996_ab1f>
...
014 (279399.000.007) 2025-01-24 10:37:29 Node 7 executing on host: <192.168.0.122:9618?addrs=192.168.0.122-9618&alias=node122.di.rm1&noUDP&sock=startd_2134_5331>
...
001 (279399.000.000) 2025-01-24 10:37:29 Job executing on host: MPI_job
...
008 (279399.000.000) 2025-01-24 10:37:31 Launching orted on Node 1 of 8
...
008 (279399.000.000) 2025-01-24 10:37:31 Launching orted on Node 4 of 8
...
008 (279399.000.000) 2025-01-24 10:37:31 Launching orted on Node 0 of 8
...
008 (279399.000.000) 2025-01-24 10:37:31 Launching orted on Node 3 of 8
...
008 (279399.000.000) 2025-01-24 10:37:31 Launching orted on Node 2 of 8
...
008 (279399.000.000) 2025-01-24 10:37:31 Launching orted on Node 7 of 8
...
008 (279399.000.000) 2025-01-24 10:37:31 Launching orted on Node 5 of 8
...
008 (279399.000.000) 2025-01-24 10:37:31 Launching orted on Node 6 of 8
...
008 (279399.000.000) 2025-01-24 10:38:11 orted exited on Node 7 of 8
...
008 (279399.000.000) 2025-01-24 10:38:11 orted exited on Node 2 of 8
...
008 (279399.000.000) 2025-01-24 10:38:11 orted exited on Node 4 of 8
...
008 (279399.000.000) 2025-01-24 10:38:11 orted exited on Node 6 of 8
...
008 (279399.000.000) 2025-01-24 10:38:11 orted exited on Node 1 of 8
...
008 (279399.000.000) 2025-01-24 10:38:11 orted exited on Node 5 of 8
...
008 (279399.000.000) 2025-01-24 10:38:11 orted exited on Node 3 of 8
...
008 (279399.000.000) 2025-01-24 10:38:11 orted exited on Node 0 of 8
...
015 (279399.000.001) 2025-01-24 10:38:11 Node 1 terminated.
	(1) Normal termination (return value 0)
		Usr 0 00:00:37, Sys 0 00:00:02  -  Run Remote Usage
		Usr 0 00:00:00, Sys 0 00:00:00  -  Run Local Usage
		Usr 0 00:00:37, Sys 0 00:00:02  -  Total Remote Usage
		Usr 0 00:00:00, Sys 0 00:00:00  -  Total Local Usage
	2165  -  Run Bytes Sent By Node
	33639  -  Run Bytes Received By Node
	2165  -  Total Bytes Sent By Node
	33639  -  Total Bytes Received By Node
...
015 (279399.000.004) 2025-01-24 10:38:11 Node 4 terminated.
	(1) Normal termination (return value 0)
		Usr 0 00:00:37, Sys 0 00:00:02  -  Run Remote Usage
		Usr 0 00:00:00, Sys 0 00:00:00  -  Run Local Usage
		Usr 0 00:00:37, Sys 0 00:00:02  -  Total Remote Usage
		Usr 0 00:00:00, Sys 0 00:00:00  -  Total Local Usage
	2165  -  Run Bytes Sent By Node
	33639  -  Run Bytes Received By Node
	2165  -  Total Bytes Sent By Node
	33639  -  Total Bytes Received By Node
...
015 (279399.000.003) 2025-01-24 10:38:11 Node 3 terminated.
	(1) Normal termination (return value 0)
		Usr 0 00:00:37, Sys 0 00:00:02  -  Run Remote Usage
		Usr 0 00:00:00, Sys 0 00:00:00  -  Run Local Usage
		Usr 0 00:00:37, Sys 0 00:00:02  -  Total Remote Usage
		Usr 0 00:00:00, Sys 0 00:00:00  -  Total Local Usage
	0  -  Run Bytes Sent By Node
	33639  -  Run Bytes Received By Node
	0  -  Total Bytes Sent By Node
	33639  -  Total Bytes Received By Node
...
015 (279399.000.000) 2025-01-24 10:38:11 Node 0 terminated.
	(1) Normal termination (return value 0)
		Usr 0 00:00:00, Sys 0 00:00:00  -  Run Remote Usage
		Usr 0 00:00:00, Sys 0 00:00:00  -  Run Local Usage
		Usr 0 00:00:00, Sys 0 00:00:00  -  Total Remote Usage
		Usr 0 00:00:00, Sys 0 00:00:00  -  Total Local Usage
	3266  -  Run Bytes Sent By Node
	33639  -  Run Bytes Received By Node
	3266  -  Total Bytes Sent By Node
	33639  -  Total Bytes Received By Node
...
005 (279399.000.000) 2025-01-24 10:38:11 Job terminated.
	(1) Normal termination (return value 0)
		Usr 0 00:04:22, Sys 0 00:00:10  -  Run Remote Usage
		Usr 0 00:00:00, Sys 0 00:00:00  -  Run Local Usage
		Usr 0 00:00:00, Sys 0 00:00:00  -  Total Remote Usage
		Usr 0 00:00:00, Sys 0 00:00:00  -  Total Local Usage
	7596  -  Run Bytes Sent By Job
	269112  -  Run Bytes Received By Job
	7596  -  Total Bytes Sent By Job
	269112  -  Total Bytes Received By Job
	Partitionable Resources :    Usage  Request Allocated 
	   Cpus                 :     0.08        1         2 
	   Disk (KB)            :    56          35 103002119 
	   Memory (MB)          :   221        5058    100096 

	Job terminated of its own accord at 2025-01-24T10:38:11Z with exit-code 0.
...
000 (287736.000.000) 2025-01-28 17:36:16 Job submitted from host: <192.168.0.102:9618?addrs=192.168.0.102-9618&alias=submitter&noUDP&sock=schedd_2032_5c88>
...
014 (287736.000.002) 2025-01-28 17:36:21 Node 2 executing on host: <192.168.0.116:9618?addrs=192.168.0.116-9618&alias=node116.di.rm1&noUDP&sock=startd_1847_7783>
...
014 (287736.000.001) 2025-01-28 17:36:21 Node 1 executing on host: <192.168.0.140:9618?addrs=192.168.0.140-9618&alias=node140.di.rm1&noUDP&sock=startd_1890_f615>
...
014 (287736.000.000) 2025-01-28 17:36:21 Node 0 executing on host: <192.168.0.110:9618?addrs=192.168.0.110-9618&alias=node110.di.rm1&noUDP&sock=startd_2185_4e86>
...
014 (287736.000.003) 2025-01-28 17:36:21 Node 3 executing on host: <192.168.0.146:9618?addrs=192.168.0.146-9618&alias=node146.di.rm1&noUDP&sock=startd_1984_6ffc>
...
014 (287736.000.005) 2025-01-28 17:36:21 Node 5 executing on host: <192.168.0.121:9618?addrs=192.168.0.121-9618&alias=node121.di.rm1&noUDP&sock=startd_2146_8e54>
...
014 (287736.000.006) 2025-01-28 17:36:21 Node 6 executing on host: <192.168.0.107:9618?addrs=192.168.0.107-9618&alias=node107.di.rm1&noUDP&sock=startd_1981_6134>
...
014 (287736.000.004) 2025-01-28 17:36:21 Node 4 executing on host: <192.168.0.111:9618?addrs=192.168.0.111-9618&alias=node111.di.rm1&noUDP&sock=startd_2044_97ab>
...
014 (287736.000.007) 2025-01-28 17:36:21 Node 7 executing on host: <192.168.0.146:9618?addrs=192.168.0.146-9618&alias=node146.di.rm1&noUDP&sock=startd_1984_6ffc>
...
001 (287736.000.000) 2025-01-28 17:36:21 Job executing on host: MPI_job
...
008 (287736.000.000) 2025-01-28 17:36:23 Launching orted on Node 2 of 8
...
008 (287736.000.000) 2025-01-28 17:36:23 Launching orted on Node 1 of 8
...
008 (287736.000.000) 2025-01-28 17:36:23 Launching orted on Node 3 of 8
...
008 (287736.000.000) 2025-01-28 17:36:23 Launching orted on Node 0 of 8
...
008 (287736.000.000) 2025-01-28 17:36:23 Launching orted on Node 5 of 8
...
008 (287736.000.000) 2025-01-28 17:36:23 Launching orted on Node 6 of 8
...
008 (287736.000.000) 2025-01-28 17:36:23 Launching orted on Node 7 of 8
...
008 (287736.000.000) 2025-01-28 17:36:23 Launching orted on Node 4 of 8
...
008 (287736.000.000) 2025-01-28 17:37:00 orted exited on Node 2 of 8
...
008 (287736.000.000) 2025-01-28 17:37:00 orted exited on Node 1 of 8
...
008 (287736.000.000) 2025-01-28 17:37:00 orted exited on Node 3 of 8
...
008 (287736.000.000) 2025-01-28 17:37:00 orted exited on Node 6 of 8
...
008 (287736.000.000) 2025-01-28 17:37:00 orted exited on Node 7 of 8
...
008 (287736.000.000) 2025-01-28 17:37:00 orted exited on Node 0 of 8
...
008 (287736.000.000) 2025-01-28 17:37:00 orted exited on Node 5 of 8
...
008 (287736.000.000) 2025-01-28 17:37:00 orted exited on Node 4 of 8
...
015 (287736.000.001) 2025-01-28 17:37:00 Node 1 terminated.
	(1) Normal termination (return value 0)
		Usr 0 00:00:36, Sys 0 00:00:00  -  Run Remote Usage
		Usr 0 00:00:00, Sys 0 00:00:00  -  Run Local Usage
		Usr 0 00:00:36, Sys 0 00:00:00  -  Total Remote Usage
		Usr 0 00:00:00, Sys 0 00:00:00  -  Total Local Usage
	2165  -  Run Bytes Sent By Node
	33591  -  Run Bytes Received By Node
	2165  -  Total Bytes Sent By Node
	33591  -  Total Bytes Received By Node
...
015 (287736.000.000) 2025-01-28 17:37:00 Node 0 terminated.
	(1) Normal termination (return value 0)
		Usr 0 00:00:00, Sys 0 00:00:00  -  Run Remote Usage
		Usr 0 00:00:00, Sys 0 00:00:00  -  Run Local Usage
		Usr 0 00:00:00, Sys 0 00:00:00  -  Total Remote Usage
		Usr 0 00:00:00, Sys 0 00:00:00  -  Total Local Usage
	3307  -  Run Bytes Sent By Node
	33591  -  Run Bytes Received By Node
	3307  -  Total Bytes Sent By Node
	33591  -  Total Bytes Received By Node
...
015 (287736.000.002) 2025-01-28 17:37:00 Node 2 terminated.
	(1) Normal termination (return value 0)
		Usr 0 00:00:36, Sys 0 00:00:01  -  Run Remote Usage
		Usr 0 00:00:00, Sys 0 00:00:00  -  Run Local Usage
		Usr 0 00:00:36, Sys 0 00:00:01  -  Total Remote Usage
		Usr 0 00:00:00, Sys 0 00:00:00  -  Total Local Usage
	2165  -  Run Bytes Sent By Node
	33591  -  Run Bytes Received By Node
	2165  -  Total Bytes Sent By Node
	33591  -  Total Bytes Received By Node
...
005 (287736.000.000) 2025-01-28 17:37:00 Job terminated.
	(1) Normal termination (return value 0)
		Usr 0 00:04:12, Sys 0 00:00:04  -  Run Remote Usage
		Usr 0 00:00:00, Sys 0 00:00:00  -  Run Local Usage
		Usr 0 00:00:00, Sys 0 00:00:00  -  Total Remote Usage
		Usr 0 00:00:00, Sys 0 00:00:00  -  Total Local Usage
	14154  -  Run Bytes Sent By Job
	268728  -  Run Bytes Received By Job
	14154  -  Total Bytes Sent By Job
	268728  -  Total Bytes Received By Job
	Partitionable Resources :    Usage  Request Allocated 
	   Cpus                 :                 1         2 
	   Disk (KB)            :       51       35 102979030 
	   GPUs                 :                           0 
	   Memory (MB)          :      222     4690    100096 

	Job terminated of its own accord at 2025-01-28T17:37:00Z with exit-code 0.
...
