000 (271702.000.000) 2025-01-22 01:24:29 Job submitted from host: <192.168.0.102:9618?addrs=192.168.0.102-9618&alias=submitter&noUDP&sock=schedd_2032_5c88>
...
001 (271702.000.000) 2025-01-22 01:24:32 Job executing on host: <192.168.0.151:9618?addrs=192.168.0.151-9618&alias=node151.di.rm1&noUDP&sock=startd_1528_a8cd>
...
006 (271702.000.000) 2025-01-22 01:24:42 Image size of job updated: 477496
	467  -  MemoryUsage of job (MB)
	477496  -  ResidentSetSize of job (KB)
...
006 (271702.000.000) 2025-01-22 01:25:31 Image size of job updated: 3191964
	468  -  MemoryUsage of job (MB)
	478420  -  ResidentSetSize of job (KB)
...
004 (271702.000.000) 2025-01-22 01:25:31 Job was evicted.
	(0) CPU times
		Usr 0 00:00:55, Sys 0 00:00:01  -  Run Remote Usage
		Usr 0 00:00:00, Sys 0 00:00:00  -  Run Local Usage
	0  -  Run Bytes Sent By Job
	0  -  Run Bytes Received By Job
	Partitionable Resources :    Usage  Request Allocated 
	   Cpus                 :                 1         1 
	   Disk (KB)            :       27       27    474791 
	   Memory (MB)          :      468        1       128 
...
009 (271702.000.000) 2025-01-22 01:25:32 Job was aborted.
	via condor_rm (by user calzona_2046920)
...
000 (277856.000.000) 2025-01-24 07:22:27 Job submitted from host: <192.168.0.102:9618?addrs=192.168.0.102-9618&alias=submitter&noUDP&sock=schedd_2032_5c88>
...
001 (277856.000.000) 2025-01-24 07:22:29 Job executing on host: <192.168.0.149:9618?addrs=192.168.0.149-9618&alias=node149.di.rm1&noUDP&sock=startd_1551_6f7a>
...
006 (277856.000.000) 2025-01-24 07:22:37 Image size of job updated: 439164
	429  -  MemoryUsage of job (MB)
	439164  -  ResidentSetSize of job (KB)
...
006 (277856.000.000) 2025-01-24 07:24:29 Image size of job updated: 6789228
	429  -  MemoryUsage of job (MB)
	439164  -  ResidentSetSize of job (KB)
...
004 (277856.000.000) 2025-01-24 07:24:29 Job was evicted.
	(0) CPU times
		Usr 0 00:01:57, Sys 0 00:00:02  -  Run Remote Usage
		Usr 0 00:00:00, Sys 0 00:00:00  -  Run Local Usage
	0  -  Run Bytes Sent By Job
	0  -  Run Bytes Received By Job
	Partitionable Resources :    Usage  Request Allocated 
	   Cpus                 :                 1         1 
	   Disk (KB)            :       27       27    471944 
	   Memory (MB)          :      429        1       128 
...
009 (277856.000.000) 2025-01-24 07:24:29 Job was aborted.
	via condor_rm (by user calzona_2046920)
...
