000 (262745.000.000) 2025-01-17 11:14:19 Job submitted from host: <192.168.0.102:9618?addrs=192.168.0.102-9618&alias=submitter&noUDP&sock=schedd_2032_5c88>
...
001 (262745.000.000) 2025-01-17 11:14:33 Job executing on host: <192.168.0.142:9618?addrs=192.168.0.142-9618&alias=node142.di.rm1&noUDP&sock=startd_1996_ab1f>
...
006 (262745.000.000) 2025-01-17 11:14:42 Image size of job updated: 719576
	703  -  MemoryUsage of job (MB)
	719576  -  ResidentSetSize of job (KB)
...
006 (262745.000.000) 2025-01-17 11:14:58 Image size of job updated: 1983872
	703  -  MemoryUsage of job (MB)
	719576  -  ResidentSetSize of job (KB)
...
005 (262745.000.000) 2025-01-17 11:14:58 Job terminated.
	(1) Normal termination (return value 0)
		Usr 0 00:00:24, Sys 0 00:00:01  -  Run Remote Usage
		Usr 0 00:00:00, Sys 0 00:00:00  -  Run Local Usage
		Usr 0 00:00:24, Sys 0 00:00:01  -  Total Remote Usage
		Usr 0 00:00:00, Sys 0 00:00:00  -  Total Local Usage
	0  -  Run Bytes Sent By Job
	0  -  Run Bytes Received By Job
	0  -  Total Bytes Sent By Job
	0  -  Total Bytes Received By Job
	Partitionable Resources :    Usage  Request Allocated 
	   Cpus                 :                 1         1 
	   Disk (KB)            :       27       27    459874 
	   Memory (MB)          :      703        1       128 

	Job terminated of its own accord at 2025-01-17T11:14:58Z with exit-code 0.
...
