000 (274141.000.000) 2025-01-23 11:38:28 Job submitted from host: <192.168.0.102:9618?addrs=192.168.0.102-9618&alias=submitter&noUDP&sock=schedd_2032_5c88>
...
014 (274141.000.001) 2025-01-23 11:38:35 Node 1 executing on host: <192.168.0.113:9618?addrs=192.168.0.113-9618&alias=node113.di.rm1&noUDP&sock=startd_3668932_c305>
...
014 (274141.000.003) 2025-01-23 11:38:35 Node 3 executing on host: <192.168.0.124:9618?addrs=192.168.0.124-9618&alias=node124.di.rm1&noUDP&sock=startd_2143_7f8b>
...
014 (274141.000.002) 2025-01-23 11:38:36 Node 2 executing on host: <192.168.0.141:9618?addrs=192.168.0.141-9618&alias=node141.di.rm1&noUDP&sock=startd_2077_3a4b>
...
014 (274141.000.000) 2025-01-23 11:38:36 Node 0 executing on host: <192.168.0.142:9618?addrs=192.168.0.142-9618&alias=node142.di.rm1&noUDP&sock=startd_1996_ab1f>
...
001 (274141.000.000) 2025-01-23 11:38:36 Job executing on host: MPI_job
...
008 (274141.000.000) 2025-01-23 11:38:38 Launching orted on Node 3 of 4
...
008 (274141.000.000) 2025-01-23 11:38:38 Launching orted on Node 0 of 4
...
008 (274141.000.000) 2025-01-23 11:38:38 Launching orted on Node 2 of 4
...
008 (274141.000.000) 2025-01-23 11:38:38 Launching orted on Node 1 of 4
...
008 (274141.000.000) 2025-01-23 11:38:41 orted exited on Node 3 of 4
...
008 (274141.000.000) 2025-01-23 11:38:41 orted exited on Node 1 of 4
...
008 (274141.000.000) 2025-01-23 11:38:41 orted exited on Node 2 of 4
...
008 (274141.000.000) 2025-01-23 11:38:41 orted exited on Node 0 of 4
...
015 (274141.000.001) 2025-01-23 11:38:41 Node 1 terminated.
	(1) Normal termination (return value 0)
		Usr 0 00:00:02, Sys 0 00:00:00  -  Run Remote Usage
		Usr 0 00:00:00, Sys 0 00:00:00  -  Run Local Usage
		Usr 0 00:00:02, Sys 0 00:00:00  -  Total Remote Usage
		Usr 0 00:00:00, Sys 0 00:00:00  -  Total Local Usage
	2187  -  Run Bytes Sent By Node
	33639  -  Run Bytes Received By Node
	2187  -  Total Bytes Sent By Node
	33639  -  Total Bytes Received By Node
...
015 (274141.000.003) 2025-01-23 11:38:41 Node 3 terminated.
	(1) Normal termination (return value 0)
		Usr 0 00:00:02, Sys 0 00:00:00  -  Run Remote Usage
		Usr 0 00:00:00, Sys 0 00:00:00  -  Run Local Usage
		Usr 0 00:00:02, Sys 0 00:00:00  -  Total Remote Usage
		Usr 0 00:00:00, Sys 0 00:00:00  -  Total Local Usage
	2187  -  Run Bytes Sent By Node
	33639  -  Run Bytes Received By Node
	2187  -  Total Bytes Sent By Node
	33639  -  Total Bytes Received By Node
...
015 (274141.000.000) 2025-01-23 11:38:41 Node 0 terminated.
	(1) Normal termination (return value 0)
		Usr 0 00:00:00, Sys 0 00:00:00  -  Run Remote Usage
		Usr 0 00:00:00, Sys 0 00:00:00  -  Run Local Usage
		Usr 0 00:00:00, Sys 0 00:00:00  -  Total Remote Usage
		Usr 0 00:00:00, Sys 0 00:00:00  -  Total Local Usage
	3262  -  Run Bytes Sent By Node
	33639  -  Run Bytes Received By Node
	3262  -  Total Bytes Sent By Node
	33639  -  Total Bytes Received By Node
...
005 (274141.000.000) 2025-01-23 11:38:42 Job terminated.
	(1) Normal termination (return value 0)
		Usr 0 00:00:06, Sys 0 00:00:00  -  Run Remote Usage
		Usr 0 00:00:00, Sys 0 00:00:00  -  Run Local Usage
		Usr 0 00:00:00, Sys 0 00:00:00  -  Total Remote Usage
		Usr 0 00:00:00, Sys 0 00:00:00  -  Total Local Usage
	7636  -  Run Bytes Sent By Job
	134556  -  Run Bytes Received By Job
	7636  -  Total Bytes Sent By Job
	134556  -  Total Bytes Received By Job
	Partitionable Resources :    Usage  Request Allocated 
	   Cpus                 :                 1         2 
	   Disk (KB)            :       50       35 103011620 
	   Memory (MB)          :        0        0    100096 

	Job terminated of its own accord at 2025-01-23T11:38:41Z with exit-code 0.
...
000 (278880.000.000) 2025-01-24 09:40:40 Job submitted from host: <192.168.0.102:9618?addrs=192.168.0.102-9618&alias=submitter&noUDP&sock=schedd_2032_5c88>
...
014 (278880.000.003) 2025-01-24 09:40:48 Node 3 executing on host: <192.168.0.130:9618?addrs=192.168.0.130-9618&alias=node130.di.rm1&noUDP&sock=startd_2751195_838e>
...
014 (278880.000.002) 2025-01-24 09:40:48 Node 2 executing on host: <192.168.0.151:9618?addrs=192.168.0.151-9618&alias=node151.di.rm1&noUDP&sock=startd_1528_a8cd>
...
014 (278880.000.001) 2025-01-24 09:40:48 Node 1 executing on host: <192.168.0.135:9618?addrs=192.168.0.135-9618&alias=node135.di.rm1&noUDP&sock=startd_2000_6980>
...
014 (278880.000.000) 2025-01-24 09:40:49 Node 0 executing on host: <192.168.0.141:9618?addrs=192.168.0.141-9618&alias=node141.di.rm1&noUDP&sock=startd_2077_3a4b>
...
001 (278880.000.000) 2025-01-24 09:40:49 Job executing on host: MPI_job
...
008 (278880.000.000) 2025-01-24 09:40:51 Launching orted on Node 3 of 4
...
008 (278880.000.000) 2025-01-24 09:40:51 Launching orted on Node 2 of 4
...
008 (278880.000.000) 2025-01-24 09:40:51 Launching orted on Node 1 of 4
...
008 (278880.000.000) 2025-01-24 09:40:52 Launching orted on Node 0 of 4
...
008 (278880.000.000) 2025-01-24 09:40:55 orted exited on Node 2 of 4
...
008 (278880.000.000) 2025-01-24 09:40:55 orted exited on Node 1 of 4
...
008 (278880.000.000) 2025-01-24 09:40:55 orted exited on Node 3 of 4
...
008 (278880.000.000) 2025-01-24 09:40:55 orted exited on Node 0 of 4
...
015 (278880.000.003) 2025-01-24 09:40:55 Node 3 terminated.
	(1) Normal termination (return value 0)
		Usr 0 00:00:02, Sys 0 00:00:00  -  Run Remote Usage
		Usr 0 00:00:00, Sys 0 00:00:00  -  Run Local Usage
		Usr 0 00:00:02, Sys 0 00:00:00  -  Total Remote Usage
		Usr 0 00:00:00, Sys 0 00:00:00  -  Total Local Usage
	2165  -  Run Bytes Sent By Node
	33639  -  Run Bytes Received By Node
	2165  -  Total Bytes Sent By Node
	33639  -  Total Bytes Received By Node
...
015 (278880.000.002) 2025-01-24 09:40:55 Node 2 terminated.
	(1) Normal termination (return value 0)
		Usr 0 00:00:02, Sys 0 00:00:00  -  Run Remote Usage
		Usr 0 00:00:00, Sys 0 00:00:00  -  Run Local Usage
		Usr 0 00:00:02, Sys 0 00:00:00  -  Total Remote Usage
		Usr 0 00:00:00, Sys 0 00:00:00  -  Total Local Usage
	2165  -  Run Bytes Sent By Node
	33639  -  Run Bytes Received By Node
	2165  -  Total Bytes Sent By Node
	33639  -  Total Bytes Received By Node
...
015 (278880.000.000) 2025-01-24 09:40:55 Node 0 terminated.
	(1) Normal termination (return value 0)
		Usr 0 00:00:00, Sys 0 00:00:01  -  Run Remote Usage
		Usr 0 00:00:00, Sys 0 00:00:00  -  Run Local Usage
		Usr 0 00:00:00, Sys 0 00:00:01  -  Total Remote Usage
		Usr 0 00:00:00, Sys 0 00:00:00  -  Total Local Usage
	3262  -  Run Bytes Sent By Node
	33639  -  Run Bytes Received By Node
	3262  -  Total Bytes Sent By Node
	33639  -  Total Bytes Received By Node
...
005 (278880.000.000) 2025-01-24 09:40:56 Job terminated.
	(1) Normal termination (return value 0)
		Usr 0 00:00:06, Sys 0 00:00:01  -  Run Remote Usage
		Usr 0 00:00:00, Sys 0 00:00:00  -  Run Local Usage
		Usr 0 00:00:00, Sys 0 00:00:01  -  Total Remote Usage
		Usr 0 00:00:00, Sys 0 00:00:00  -  Total Local Usage
	9757  -  Run Bytes Sent By Job
	134556  -  Run Bytes Received By Job
	9757  -  Total Bytes Sent By Job
	134556  -  Total Bytes Received By Job
	Partitionable Resources :    Usage  Request Allocated 
	   Cpus                 :                 1         1 
	   Disk (KB)            :       49       35    459831 
	   Memory (MB)          :        0        0     20480 

	Job terminated of its own accord at 2025-01-24T09:40:55Z with exit-code 0.
...
000 (287176.000.000) 2025-01-28 16:36:17 Job submitted from host: <192.168.0.102:9618?addrs=192.168.0.102-9618&alias=submitter&noUDP&sock=schedd_2032_5c88>
...
014 (287176.000.000) 2025-01-28 16:36:24 Node 0 executing on host: <192.168.0.115:9618?addrs=192.168.0.115-9618&alias=node115.di.rm1&noUDP&sock=startd_1101621_f4a0>
...
014 (287176.000.001) 2025-01-28 16:36:24 Node 1 executing on host: <192.168.0.145:9618?addrs=192.168.0.145-9618&alias=node145.di.rm1&noUDP&sock=startd_1869_8e98>
...
014 (287176.000.003) 2025-01-28 16:36:24 Node 3 executing on host: <192.168.0.135:9618?addrs=192.168.0.135-9618&alias=node135.di.rm1&noUDP&sock=startd_2000_6980>
...
014 (287176.000.002) 2025-01-28 16:36:24 Node 2 executing on host: <192.168.0.120:9618?addrs=192.168.0.120-9618&alias=node120.di.rm1&noUDP&sock=startd_2096_4298>
...
001 (287176.000.000) 2025-01-28 16:36:24 Job executing on host: MPI_job
...
008 (287176.000.000) 2025-01-28 16:36:26 Launching orted on Node 0 of 4
...
008 (287176.000.000) 2025-01-28 16:36:26 Launching orted on Node 1 of 4
...
008 (287176.000.000) 2025-01-28 16:36:26 Launching orted on Node 3 of 4
...
008 (287176.000.000) 2025-01-28 16:36:27 Launching orted on Node 2 of 4
...
008 (287176.000.000) 2025-01-28 16:36:29 orted exited on Node 2 of 4
...
008 (287176.000.000) 2025-01-28 16:36:29 orted exited on Node 1 of 4
...
008 (287176.000.000) 2025-01-28 16:36:29 orted exited on Node 0 of 4
...
008 (287176.000.000) 2025-01-28 16:36:29 orted exited on Node 3 of 4
...
015 (287176.000.001) 2025-01-28 16:36:29 Node 1 terminated.
	(1) Normal termination (return value 0)
		Usr 0 00:00:03, Sys 0 00:00:00  -  Run Remote Usage
		Usr 0 00:00:00, Sys 0 00:00:00  -  Run Local Usage
		Usr 0 00:00:03, Sys 0 00:00:00  -  Total Remote Usage
		Usr 0 00:00:00, Sys 0 00:00:00  -  Total Local Usage
	2165  -  Run Bytes Sent By Node
	33591  -  Run Bytes Received By Node
	2165  -  Total Bytes Sent By Node
	33591  -  Total Bytes Received By Node
...
015 (287176.000.000) 2025-01-28 16:36:29 Node 0 terminated.
	(1) Normal termination (return value 0)
		Usr 0 00:00:00, Sys 0 00:00:00  -  Run Remote Usage
		Usr 0 00:00:00, Sys 0 00:00:00  -  Run Local Usage
		Usr 0 00:00:00, Sys 0 00:00:00  -  Total Remote Usage
		Usr 0 00:00:00, Sys 0 00:00:00  -  Total Local Usage
	3262  -  Run Bytes Sent By Node
	33591  -  Run Bytes Received By Node
	3262  -  Total Bytes Sent By Node
	33591  -  Total Bytes Received By Node
...
005 (287176.000.000) 2025-01-28 16:36:29 Job terminated.
	(1) Normal termination (return value 0)
		Usr 0 00:00:07, Sys 0 00:00:00  -  Run Remote Usage
		Usr 0 00:00:00, Sys 0 00:00:00  -  Run Local Usage
		Usr 0 00:00:00, Sys 0 00:00:00  -  Total Remote Usage
		Usr 0 00:00:00, Sys 0 00:00:00  -  Total Local Usage
	7592  -  Run Bytes Sent By Job
	134364  -  Run Bytes Received By Job
	7592  -  Total Bytes Sent By Job
	134364  -  Total Bytes Received By Job
	Partitionable Resources :    Usage  Request Allocated 
	   Cpus                 :                 1         2 
	   Disk (KB)            :       50       35 103010115 
	   Memory (MB)          :        0        0    100096 

	Job terminated of its own accord at 2025-01-28T16:36:29Z with exit-code 0.
...
