000 (268888.000.000) 2025-01-21 22:09:59 Job submitted from host: <192.168.0.102:9618?addrs=192.168.0.102-9618&alias=submitter&noUDP&sock=schedd_2032_5c88>
...
001 (268888.000.000) 2025-01-21 22:10:18 Job executing on host: <192.168.0.130:9618?addrs=192.168.0.130-9618&alias=node130.di.rm1&noUDP&sock=startd_2751195_838e>
...
006 (268888.000.000) 2025-01-21 22:10:22 Image size of job updated: 255156
	0  -  MemoryUsage of job (MB)
	0  -  ResidentSetSize of job (KB)
...
004 (268888.000.000) 2025-01-21 22:10:22 Job was evicted.
	(0) CPU times
		Usr 0 00:00:03, Sys 0 00:00:00  -  Run Remote Usage
		Usr 0 00:00:00, Sys 0 00:00:00  -  Run Local Usage
	0  -  Run Bytes Sent By Job
	0  -  Run Bytes Received By Job
	Partitionable Resources :    Usage  Request Allocated 
	   Cpus                 :                 1         1 
	   Disk (KB)            :       27       27    472313 
	   Memory (MB)          :        0        1       128 
...
009 (268888.000.000) 2025-01-21 22:10:22 Job was aborted.
	via condor_rm (by user calzona_2046920)
...
000 (269039.000.000) 2025-01-21 22:17:34 Job submitted from host: <192.168.0.102:9618?addrs=192.168.0.102-9618&alias=submitter&noUDP&sock=schedd_2032_5c88>
...
001 (269039.000.000) 2025-01-21 22:17:38 Job executing on host: <192.168.0.151:9618?addrs=192.168.0.151-9618&alias=node151.di.rm1&noUDP&sock=startd_1528_a8cd>
...
006 (269039.000.000) 2025-01-21 22:17:48 Image size of job updated: 776292
	759  -  MemoryUsage of job (MB)
	776292  -  ResidentSetSize of job (KB)
...
006 (269039.000.000) 2025-01-21 22:17:52 Image size of job updated: 860376
	760  -  MemoryUsage of job (MB)
	777876  -  ResidentSetSize of job (KB)
...
004 (269039.000.000) 2025-01-21 22:17:52 Job was evicted.
	(0) CPU times
		Usr 0 00:00:10, Sys 0 00:00:00  -  Run Remote Usage
		Usr 0 00:00:00, Sys 0 00:00:00  -  Run Local Usage
	0  -  Run Bytes Sent By Job
	0  -  Run Bytes Received By Job
	Partitionable Resources :    Usage  Request Allocated 
	   Cpus                 :                 1         1 
	   Disk (KB)            :       27       27    474791 
	   Memory (MB)          :      760        1       128 
...
009 (269039.000.000) 2025-01-21 22:17:52 Job was aborted.
	via condor_rm (by user calzona_2046920)
...
