000 (269427.000.000) 2025-01-21 22:39:02 Job submitted from host: <192.168.0.102:9618?addrs=192.168.0.102-9618&alias=submitter&noUDP&sock=schedd_2032_5c88>
...
001 (269427.000.000) 2025-01-21 22:39:03 Job executing on host: <192.168.0.151:9618?addrs=192.168.0.151-9618&alias=node151.di.rm1&noUDP&sock=startd_1528_a8cd>
...
006 (269427.000.000) 2025-01-21 22:39:11 Image size of job updated: 407224
	398  -  MemoryUsage of job (MB)
	407224  -  ResidentSetSize of job (KB)
...
006 (269427.000.000) 2025-01-21 22:39:46 Image size of job updated: 2021980
	398  -  MemoryUsage of job (MB)
	407356  -  ResidentSetSize of job (KB)
...
005 (269427.000.000) 2025-01-21 22:39:46 Job terminated.
	(1) Normal termination (return value 0)
		Usr 0 00:00:43, Sys 0 00:00:01  -  Run Remote Usage
		Usr 0 00:00:00, Sys 0 00:00:00  -  Run Local Usage
		Usr 0 00:00:43, Sys 0 00:00:01  -  Total Remote Usage
		Usr 0 00:00:00, Sys 0 00:00:00  -  Total Local Usage
	0  -  Run Bytes Sent By Job
	0  -  Run Bytes Received By Job
	0  -  Total Bytes Sent By Job
	0  -  Total Bytes Received By Job
	Partitionable Resources :    Usage  Request Allocated 
	   Cpus                 :                 1         1 
	   Disk (KB)            :       27       27    474791 
	   Memory (MB)          :      398        1       128 

	Job terminated of its own accord at 2025-01-21T22:39:46Z with exit-code 0.
...
