000 (280884.000.000) 2025-01-25 18:09:38 Job submitted from host: <192.168.0.102:9618?addrs=192.168.0.102-9618&alias=submitter&noUDP&sock=schedd_2032_5c88>
...
014 (280884.000.001) 2025-01-25 18:09:40 Node 1 executing on host: <192.168.0.109:9618?addrs=192.168.0.109-9618&alias=node109.di.rm1&noUDP&sock=startd_1627_90ad>
...
014 (280884.000.002) 2025-01-25 18:09:40 Node 2 executing on host: <192.168.0.149:9618?addrs=192.168.0.149-9618&alias=node149.di.rm1&noUDP&sock=startd_1551_6f7a>
...
014 (280884.000.000) 2025-01-25 18:09:40 Node 0 executing on host: <192.168.0.124:9618?addrs=192.168.0.124-9618&alias=node124.di.rm1&noUDP&sock=startd_2143_7f8b>
...
014 (280884.000.003) 2025-01-25 18:09:40 Node 3 executing on host: <192.168.0.109:9618?addrs=192.168.0.109-9618&alias=node109.di.rm1&noUDP&sock=startd_1627_90ad>
...
001 (280884.000.000) 2025-01-25 18:09:40 Job executing on host: MPI_job
...
008 (280884.000.000) 2025-01-25 18:09:42 Launching orted on Node 2 of 4
...
008 (280884.000.000) 2025-01-25 18:09:43 Launching orted on Node 0 of 4
...
008 (280884.000.000) 2025-01-25 18:09:43 Launching orted on Node 3 of 4
...
008 (280884.000.000) 2025-01-25 18:09:43 Launching orted on Node 1 of 4
...
008 (280884.000.000) 2025-01-25 18:09:48 orted exited on Node 2 of 4
...
008 (280884.000.000) 2025-01-25 18:09:48 orted exited on Node 0 of 4
...
008 (280884.000.000) 2025-01-25 18:09:48 orted exited on Node 3 of 4
...
008 (280884.000.000) 2025-01-25 18:09:48 orted exited on Node 1 of 4
...
015 (280884.000.000) 2025-01-25 18:09:49 Node 0 terminated.
	(1) Normal termination (return value 0)
		Usr 0 00:00:00, Sys 0 00:00:00  -  Run Remote Usage
		Usr 0 00:00:00, Sys 0 00:00:00  -  Run Local Usage
		Usr 0 00:00:00, Sys 0 00:00:00  -  Total Remote Usage
		Usr 0 00:00:00, Sys 0 00:00:00  -  Total Local Usage
	3308  -  Run Bytes Sent By Node
	33639  -  Run Bytes Received By Node
	3308  -  Total Bytes Sent By Node
	33639  -  Total Bytes Received By Node
...
005 (280884.000.000) 2025-01-25 18:09:49 Job terminated.
	(1) Normal termination (return value 0)
		Usr 0 00:00:17, Sys 0 00:00:01  -  Run Remote Usage
		Usr 0 00:00:00, Sys 0 00:00:00  -  Run Local Usage
		Usr 0 00:00:00, Sys 0 00:00:00  -  Total Remote Usage
		Usr 0 00:00:00, Sys 0 00:00:00  -  Total Local Usage
	3308  -  Run Bytes Sent By Job
	134556  -  Run Bytes Received By Job
	3308  -  Total Bytes Sent By Job
	134556  -  Total Bytes Received By Job
	Partitionable Resources :    Usage  Request Allocated 
	   Cpus                 :                 1         2 
	   Disk (KB)            :       50       35 102856100 
	   GPUs                 :                           0 
	   Memory (MB)          :        0      320    100096 

	Job terminated of its own accord at 2025-01-25T18:09:48Z with exit-code 0.
...
000 (288088.000.000) 2025-01-28 18:33:37 Job submitted from host: <192.168.0.102:9618?addrs=192.168.0.102-9618&alias=submitter&noUDP&sock=schedd_2032_5c88>
...
014 (288088.000.000) 2025-01-28 18:33:43 Node 0 executing on host: <192.168.0.137:9618?addrs=192.168.0.137-9618&alias=node137.di.rm1&noUDP&sock=startd_1934_2440>
...
014 (288088.000.002) 2025-01-28 18:33:43 Node 2 executing on host: <192.168.0.147:9618?addrs=192.168.0.147-9618&alias=node147.di.rm1&noUDP&sock=startd_1513_5ee1>
...
014 (288088.000.003) 2025-01-28 18:33:43 Node 3 executing on host: <192.168.0.151:9618?addrs=192.168.0.151-9618&alias=node151.di.rm1&noUDP&sock=startd_1528_a8cd>
...
014 (288088.000.001) 2025-01-28 18:33:43 Node 1 executing on host: <192.168.0.141:9618?addrs=192.168.0.141-9618&alias=node141.di.rm1&noUDP&sock=startd_2077_3a4b>
...
001 (288088.000.000) 2025-01-28 18:33:43 Job executing on host: MPI_job
...
008 (288088.000.000) 2025-01-28 18:33:45 Launching orted on Node 0 of 4
...
008 (288088.000.000) 2025-01-28 18:33:45 Launching orted on Node 2 of 4
...
008 (288088.000.000) 2025-01-28 18:33:45 Launching orted on Node 3 of 4
...
008 (288088.000.000) 2025-01-28 18:33:45 Launching orted on Node 1 of 4
...
008 (288088.000.000) 2025-01-28 18:33:51 orted exited on Node 3 of 4
...
008 (288088.000.000) 2025-01-28 18:33:51 orted exited on Node 0 of 4
...
008 (288088.000.000) 2025-01-28 18:33:51 orted exited on Node 2 of 4
...
008 (288088.000.000) 2025-01-28 18:33:51 orted exited on Node 1 of 4
...
015 (288088.000.002) 2025-01-28 18:33:51 Node 2 terminated.
	(1) Normal termination (return value 0)
		Usr 0 00:00:05, Sys 0 00:00:00  -  Run Remote Usage
		Usr 0 00:00:00, Sys 0 00:00:00  -  Run Local Usage
		Usr 0 00:00:05, Sys 0 00:00:00  -  Total Remote Usage
		Usr 0 00:00:00, Sys 0 00:00:00  -  Total Local Usage
	2165  -  Run Bytes Sent By Node
	33631  -  Run Bytes Received By Node
	2165  -  Total Bytes Sent By Node
	33631  -  Total Bytes Received By Node
...
015 (288088.000.000) 2025-01-28 18:33:51 Node 0 terminated.
	(1) Normal termination (return value 0)
		Usr 0 00:00:05, Sys 0 00:00:00  -  Run Remote Usage
		Usr 0 00:00:00, Sys 0 00:00:00  -  Run Local Usage
		Usr 0 00:00:05, Sys 0 00:00:00  -  Total Remote Usage
		Usr 0 00:00:00, Sys 0 00:00:00  -  Total Local Usage
	3264  -  Run Bytes Sent By Node
	33631  -  Run Bytes Received By Node
	3264  -  Total Bytes Sent By Node
	33631  -  Total Bytes Received By Node
...
005 (288088.000.000) 2025-01-28 18:33:51 Job terminated.
	(1) Normal termination (return value 0)
		Usr 0 00:00:20, Sys 0 00:00:01  -  Run Remote Usage
		Usr 0 00:00:00, Sys 0 00:00:00  -  Run Local Usage
		Usr 0 00:00:05, Sys 0 00:00:00  -  Total Remote Usage
		Usr 0 00:00:00, Sys 0 00:00:00  -  Total Local Usage
	5429  -  Run Bytes Sent By Job
	134524  -  Run Bytes Received By Job
	5429  -  Total Bytes Sent By Job
	134524  -  Total Bytes Received By Job
	Partitionable Resources :    Usage  Request Allocated 
	   Cpus                 :                 1         2 
	   Disk (KB)            :       51       35 102846057 
	   Memory (MB)          :      172      320    100096 

	Job terminated of its own accord at 2025-01-28T18:33:51Z with exit-code 0.
...
