000 (270512.000.000) 2025-01-22 00:00:39 Job submitted from host: <192.168.0.102:9618?addrs=192.168.0.102-9618&alias=submitter&noUDP&sock=schedd_2032_5c88>
...
001 (270512.000.000) 2025-01-22 00:00:42 Job executing on host: <192.168.0.151:9618?addrs=192.168.0.151-9618&alias=node151.di.rm1&noUDP&sock=startd_1528_a8cd>
...
006 (270512.000.000) 2025-01-22 00:00:51 Image size of job updated: 1516412
	457  -  MemoryUsage of job (MB)
	467676  -  ResidentSetSize of job (KB)
...
006 (270512.000.000) 2025-01-22 00:01:41 Image size of job updated: 3787108
	458  -  MemoryUsage of job (MB)
	468336  -  ResidentSetSize of job (KB)
...
004 (270512.000.000) 2025-01-22 00:01:41 Job was evicted.
	(0) CPU times
		Usr 0 00:00:56, Sys 0 00:00:01  -  Run Remote Usage
		Usr 0 00:00:00, Sys 0 00:00:00  -  Run Local Usage
	0  -  Run Bytes Sent By Job
	0  -  Run Bytes Received By Job
	Partitionable Resources :    Usage  Request Allocated 
	   Cpus                 :                 1         1 
	   Disk (KB)            :       27       27    474791 
	   Memory (MB)          :      458        1       128 
...
009 (270512.000.000) 2025-01-22 00:01:41 Job was aborted.
	via condor_rm (by user calzona_2046920)
...
000 (276666.000.000) 2025-01-24 05:08:26 Job submitted from host: <192.168.0.102:9618?addrs=192.168.0.102-9618&alias=submitter&noUDP&sock=schedd_2032_5c88>
...
001 (276666.000.000) 2025-01-24 05:08:28 Job executing on host: <192.168.0.149:9618?addrs=192.168.0.149-9618&alias=node149.di.rm1&noUDP&sock=startd_1551_6f7a>
...
006 (276666.000.000) 2025-01-24 05:08:37 Image size of job updated: 474012
	463  -  MemoryUsage of job (MB)
	474012  -  ResidentSetSize of job (KB)
...
006 (276666.000.000) 2025-01-24 05:10:28 Image size of job updated: 6223920
	463  -  MemoryUsage of job (MB)
	474012  -  ResidentSetSize of job (KB)
...
004 (276666.000.000) 2025-01-24 05:10:28 Job was evicted.
	(0) CPU times
		Usr 0 00:01:57, Sys 0 00:00:02  -  Run Remote Usage
		Usr 0 00:00:00, Sys 0 00:00:00  -  Run Local Usage
	0  -  Run Bytes Sent By Job
	0  -  Run Bytes Received By Job
	Partitionable Resources :    Usage  Request Allocated 
	   Cpus                 :                 1         1 
	   Disk (KB)            :       27       27    471944 
	   Memory (MB)          :      463        1       128 
...
009 (276666.000.000) 2025-01-24 05:10:28 Job was aborted.
	via condor_rm (by user calzona_2046920)
...
