000 (269911.000.000) 2025-01-21 23:18:09 Job submitted from host: <192.168.0.102:9618?addrs=192.168.0.102-9618&alias=submitter&noUDP&sock=schedd_2032_5c88>
...
001 (269911.000.000) 2025-01-21 23:18:14 Job executing on host: <192.168.0.151:9618?addrs=192.168.0.151-9618&alias=node151.di.rm1&noUDP&sock=startd_1528_a8cd>
...
006 (269911.000.000) 2025-01-21 23:18:24 Image size of job updated: 1257876
	458  -  MemoryUsage of job (MB)
	468600  -  ResidentSetSize of job (KB)
...
006 (269911.000.000) 2025-01-21 23:19:12 Image size of job updated: 3492104
	459  -  MemoryUsage of job (MB)
	469524  -  ResidentSetSize of job (KB)
...
004 (269911.000.000) 2025-01-21 23:19:12 Job was evicted.
	(0) CPU times
		Usr 0 00:00:53, Sys 0 00:00:01  -  Run Remote Usage
		Usr 0 00:00:00, Sys 0 00:00:00  -  Run Local Usage
	0  -  Run Bytes Sent By Job
	0  -  Run Bytes Received By Job
	Partitionable Resources :    Usage  Request Allocated 
	   Cpus                 :     0.99        1         1 
	   Disk (KB)            :    27          27    474791 
	   Memory (MB)          :   459           1       128 
...
009 (269911.000.000) 2025-01-21 23:19:12 Job was aborted.
	via condor_rm (by user calzona_2046920)
...
000 (276069.000.000) 2025-01-24 03:59:07 Job submitted from host: <192.168.0.102:9618?addrs=192.168.0.102-9618&alias=submitter&noUDP&sock=schedd_2032_5c88>
...
001 (276069.000.000) 2025-01-24 03:59:08 Job executing on host: <192.168.0.147:9618?addrs=192.168.0.147-9618&alias=node147.di.rm1&noUDP&sock=startd_1513_5ee1>
...
006 (276069.000.000) 2025-01-24 03:59:16 Image size of job updated: 1202380
	417  -  MemoryUsage of job (MB)
	426096  -  ResidentSetSize of job (KB)
...
006 (276069.000.000) 2025-01-24 04:01:09 Image size of job updated: 6315208
	417  -  MemoryUsage of job (MB)
	426096  -  ResidentSetSize of job (KB)
...
004 (276069.000.000) 2025-01-24 04:01:09 Job was evicted.
	(0) CPU times
		Usr 0 00:01:57, Sys 0 00:00:03  -  Run Remote Usage
		Usr 0 00:00:00, Sys 0 00:00:00  -  Run Local Usage
	0  -  Run Bytes Sent By Job
	0  -  Run Bytes Received By Job
	Partitionable Resources :    Usage  Request Allocated 
	   Cpus                 :                 1         1 
	   Disk (KB)            :       27       27    469805 
	   Memory (MB)          :      417        1       128 
...
009 (276069.000.000) 2025-01-24 04:01:09 Job was aborted.
	via condor_rm (by user calzona_2046920)
...
