000 (269108.000.000) 2025-01-21 22:20:56 Job submitted from host: <192.168.0.102:9618?addrs=192.168.0.102-9618&alias=submitter&noUDP&sock=schedd_2032_5c88>
...
001 (269108.000.000) 2025-01-21 22:21:01 Job executing on host: <192.168.0.151:9618?addrs=192.168.0.151-9618&alias=node151.di.rm1&noUDP&sock=startd_1528_a8cd>
...
006 (269108.000.000) 2025-01-21 22:21:11 Image size of job updated: 812432
	794  -  MemoryUsage of job (MB)
	812432  -  ResidentSetSize of job (KB)
...
006 (269108.000.000) 2025-01-21 22:21:41 Image size of job updated: 3178268
	796  -  MemoryUsage of job (MB)
	814280  -  ResidentSetSize of job (KB)
...
004 (269108.000.000) 2025-01-21 22:21:41 Job was evicted.
	(0) CPU times
		Usr 0 00:00:36, Sys 0 00:00:02  -  Run Remote Usage
		Usr 0 00:00:00, Sys 0 00:00:00  -  Run Local Usage
	0  -  Run Bytes Sent By Job
	0  -  Run Bytes Received By Job
	Partitionable Resources :    Usage  Request Allocated 
	   Cpus                 :                 1         1 
	   Disk (KB)            :       27       27    474791 
	   Memory (MB)          :      796        1       128 
...
009 (269108.000.000) 2025-01-21 22:21:41 Job was aborted.
	via condor_rm (by user calzona_2046920)
...
000 (269252.000.000) 2025-01-21 22:28:10 Job submitted from host: <192.168.0.102:9618?addrs=192.168.0.102-9618&alias=submitter&noUDP&sock=schedd_2032_5c88>
...
001 (269252.000.000) 2025-01-21 22:28:30 Job executing on host: <192.168.0.104:9618?addrs=192.168.0.104-9618&alias=node104.di.rm1&noUDP&sock=startd_1987_7ec5>
...
006 (269252.000.000) 2025-01-21 22:28:38 Image size of job updated: 738904
	718  -  MemoryUsage of job (MB)
	734432  -  ResidentSetSize of job (KB)
...
006 (269252.000.000) 2025-01-21 22:29:11 Image size of job updated: 3624952
	719  -  MemoryUsage of job (MB)
	736016  -  ResidentSetSize of job (KB)
...
004 (269252.000.000) 2025-01-21 22:29:11 Job was evicted.
	(0) CPU times
		Usr 0 00:00:40, Sys 0 00:00:01  -  Run Remote Usage
		Usr 0 00:00:00, Sys 0 00:00:00  -  Run Local Usage
	0  -  Run Bytes Sent By Job
	0  -  Run Bytes Received By Job
	Partitionable Resources :    Usage  Request Allocated 
	   Cpus                 :                 1         1 
	   Disk (KB)            :       27       27    465124 
	   Memory (MB)          :      719        1       128 
...
009 (269252.000.000) 2025-01-21 22:29:11 Job was aborted.
	via condor_rm (by user calzona_2046920)
...
000 (275409.000.000) 2025-01-24 02:29:57 Job submitted from host: <192.168.0.102:9618?addrs=192.168.0.102-9618&alias=submitter&noUDP&sock=schedd_2032_5c88>
...
001 (275409.000.000) 2025-01-24 02:29:59 Job executing on host: <192.168.0.148:9618?addrs=192.168.0.148-9618&alias=node148.di.rm1&noUDP&sock=startd_1547_b119>
...
006 (275409.000.000) 2025-01-24 02:30:08 Image size of job updated: 737484
	721  -  MemoryUsage of job (MB)
	737484  -  ResidentSetSize of job (KB)
...
006 (275409.000.000) 2025-01-24 02:32:00 Image size of job updated: 10687248
	722  -  MemoryUsage of job (MB)
	739200  -  ResidentSetSize of job (KB)
...
004 (275409.000.000) 2025-01-24 02:32:00 Job was evicted.
	(0) CPU times
		Usr 0 00:01:54, Sys 0 00:00:04  -  Run Remote Usage
		Usr 0 00:00:00, Sys 0 00:00:00  -  Run Local Usage
	0  -  Run Bytes Sent By Job
	0  -  Run Bytes Received By Job
	Partitionable Resources :    Usage  Request Allocated 
	   Cpus                 :     1.00        1         1 
	   Disk (KB)            :    27          27    467548 
	   Memory (MB)          :   722           1       128 
...
009 (275409.000.000) 2025-01-24 02:32:00 Job was aborted.
	via condor_rm (by user calzona_2046920)
...
