000 (270862.000.000) 2025-01-22 00:21:45 Job submitted from host: <192.168.0.102:9618?addrs=192.168.0.102-9618&alias=submitter&noUDP&sock=schedd_2032_5c88>
...
001 (270862.000.000) 2025-01-22 00:22:05 Job executing on host: <192.168.0.148:9618?addrs=192.168.0.148-9618&alias=node148.di.rm1&noUDP&sock=startd_1547_b119>
...
006 (270862.000.000) 2025-01-22 00:22:13 Image size of job updated: 469868
	458  -  MemoryUsage of job (MB)
	468284  -  ResidentSetSize of job (KB)
...
006 (270862.000.000) 2025-01-22 00:22:46 Image size of job updated: 2485632
	458  -  MemoryUsage of job (MB)
	468944  -  ResidentSetSize of job (KB)
...
004 (270862.000.000) 2025-01-22 00:22:46 Job was evicted.
	(0) CPU times
		Usr 0 00:00:41, Sys 0 00:00:00  -  Run Remote Usage
		Usr 0 00:00:00, Sys 0 00:00:00  -  Run Local Usage
	0  -  Run Bytes Sent By Job
	0  -  Run Bytes Received By Job
	Partitionable Resources :    Usage  Request Allocated 
	   Cpus                 :                 1         1 
	   Disk (KB)            :       27       27    467548 
	   Memory (MB)          :      458        1       128 
...
009 (270862.000.000) 2025-01-22 00:22:46 Job was aborted.
	via condor_rm (by user calzona_2046920)
...
000 (277016.000.000) 2025-01-24 05:39:53 Job submitted from host: <192.168.0.102:9618?addrs=192.168.0.102-9618&alias=submitter&noUDP&sock=schedd_2032_5c88>
...
001 (277016.000.000) 2025-01-24 05:39:55 Job executing on host: <192.168.0.147:9618?addrs=192.168.0.147-9618&alias=node147.di.rm1&noUDP&sock=startd_1513_5ee1>
...
006 (277016.000.000) 2025-01-24 05:40:04 Image size of job updated: 521268
	510  -  MemoryUsage of job (MB)
	521268  -  ResidentSetSize of job (KB)
...
006 (277016.000.000) 2025-01-24 05:41:55 Image size of job updated: 7165824
	510  -  MemoryUsage of job (MB)
	521400  -  ResidentSetSize of job (KB)
...
004 (277016.000.000) 2025-01-24 05:41:55 Job was evicted.
	(0) CPU times
		Usr 0 00:01:56, Sys 0 00:00:02  -  Run Remote Usage
		Usr 0 00:00:00, Sys 0 00:00:00  -  Run Local Usage
	0  -  Run Bytes Sent By Job
	0  -  Run Bytes Received By Job
	Partitionable Resources :    Usage  Request Allocated 
	   Cpus                 :     1.00        1         1 
	   Disk (KB)            :    27          27    469805 
	   Memory (MB)          :   510           1       128 
...
009 (277016.000.000) 2025-01-24 05:41:55 Job was aborted.
	via condor_rm (by user calzona_2046920)
...
