000 (281048.000.000) 2025-01-25 18:42:44 Job submitted from host: <192.168.0.102:9618?addrs=192.168.0.102-9618&alias=submitter&noUDP&sock=schedd_2032_5c88>
...
014 (281048.000.001) 2025-01-25 18:42:50 Node 1 executing on host: <192.168.0.109:9618?addrs=192.168.0.109-9618&alias=node109.di.rm1&noUDP&sock=startd_1627_90ad>
...
014 (281048.000.003) 2025-01-25 18:42:50 Node 3 executing on host: <192.168.0.109:9618?addrs=192.168.0.109-9618&alias=node109.di.rm1&noUDP&sock=startd_1627_90ad>
...
014 (281048.000.000) 2025-01-25 18:42:51 Node 0 executing on host: <192.168.0.123:9618?addrs=192.168.0.123-9618&alias=node123.di.rm1&noUDP&sock=startd_2149_9d1d>
...
014 (281048.000.002) 2025-01-25 18:42:51 Node 2 executing on host: <192.168.0.123:9618?addrs=192.168.0.123-9618&alias=node123.di.rm1&noUDP&sock=startd_2149_9d1d>
...
001 (281048.000.000) 2025-01-25 18:42:51 Job executing on host: MPI_job
...
008 (281048.000.000) 2025-01-25 18:42:53 Launching orted on Node 3 of 4
...
008 (281048.000.000) 2025-01-25 18:42:53 Launching orted on Node 1 of 4
...
008 (281048.000.000) 2025-01-25 18:42:53 Launching orted on Node 0 of 4
...
008 (281048.000.000) 2025-01-25 18:42:53 Launching orted on Node 2 of 4
...
008 (281048.000.000) 2025-01-25 18:43:41 orted exited on Node 3 of 4
...
008 (281048.000.000) 2025-01-25 18:43:41 orted exited on Node 1 of 4
...
008 (281048.000.000) 2025-01-25 18:43:41 orted exited on Node 2 of 4
...
008 (281048.000.000) 2025-01-25 18:43:41 orted exited on Node 0 of 4
...
015 (281048.000.003) 2025-01-25 18:43:41 Node 3 terminated.
	(1) Normal termination (return value 0)
		Usr 0 00:00:43, Sys 0 00:00:03  -  Run Remote Usage
		Usr 0 00:00:00, Sys 0 00:00:00  -  Run Local Usage
		Usr 0 00:00:43, Sys 0 00:00:03  -  Total Remote Usage
		Usr 0 00:00:00, Sys 0 00:00:00  -  Total Local Usage
	2165  -  Run Bytes Sent By Node
	33639  -  Run Bytes Received By Node
	2165  -  Total Bytes Sent By Node
	33639  -  Total Bytes Received By Node
...
015 (281048.000.001) 2025-01-25 18:43:41 Node 1 terminated.
	(1) Normal termination (return value 0)
		Usr 0 00:00:44, Sys 0 00:00:03  -  Run Remote Usage
		Usr 0 00:00:00, Sys 0 00:00:00  -  Run Local Usage
		Usr 0 00:00:44, Sys 0 00:00:03  -  Total Remote Usage
		Usr 0 00:00:00, Sys 0 00:00:00  -  Total Local Usage
	2165  -  Run Bytes Sent By Node
	33639  -  Run Bytes Received By Node
	2165  -  Total Bytes Sent By Node
	33639  -  Total Bytes Received By Node
...
015 (281048.000.002) 2025-01-25 18:43:41 Node 2 terminated.
	(1) Normal termination (return value 0)
		Usr 0 00:00:45, Sys 0 00:00:01  -  Run Remote Usage
		Usr 0 00:00:00, Sys 0 00:00:00  -  Run Local Usage
		Usr 0 00:00:45, Sys 0 00:00:01  -  Total Remote Usage
		Usr 0 00:00:00, Sys 0 00:00:00  -  Total Local Usage
	22  -  Run Bytes Sent By Node
	33639  -  Run Bytes Received By Node
	22  -  Total Bytes Sent By Node
	33639  -  Total Bytes Received By Node
...
015 (281048.000.000) 2025-01-25 18:43:41 Node 0 terminated.
	(1) Normal termination (return value 0)
		Usr 0 00:00:00, Sys 0 00:00:00  -  Run Remote Usage
		Usr 0 00:00:00, Sys 0 00:00:00  -  Run Local Usage
		Usr 0 00:00:00, Sys 0 00:00:00  -  Total Remote Usage
		Usr 0 00:00:00, Sys 0 00:00:00  -  Total Local Usage
	3770  -  Run Bytes Sent By Node
	33639  -  Run Bytes Received By Node
	3770  -  Total Bytes Sent By Node
	33639  -  Total Bytes Received By Node
...
005 (281048.000.000) 2025-01-25 18:43:41 Job terminated.
	(1) Normal termination (return value 0)
		Usr 0 00:02:12, Sys 0 00:00:07  -  Run Remote Usage
		Usr 0 00:00:00, Sys 0 00:00:00  -  Run Local Usage
		Usr 0 00:00:00, Sys 0 00:00:00  -  Total Remote Usage
		Usr 0 00:00:00, Sys 0 00:00:00  -  Total Local Usage
	8122  -  Run Bytes Sent By Job
	134556  -  Run Bytes Received By Job
	8122  -  Total Bytes Sent By Job
	134556  -  Total Bytes Received By Job
	Partitionable Resources :    Usage  Request Allocated 
	   Cpus                 :                 1         1 
	   Disk (KB)            :       51       35  21495658 
	   GPUs                 :                           1 
	   Memory (MB)          :      306        0     20480 

	Job terminated of its own accord at 2025-01-25T18:43:41Z with exit-code 0.
...
000 (288260.000.000) 2025-01-28 19:08:29 Job submitted from host: <192.168.0.102:9618?addrs=192.168.0.102-9618&alias=submitter&noUDP&sock=schedd_2032_5c88>
...
014 (288260.000.003) 2025-01-28 19:08:59 Node 3 executing on host: <192.168.0.121:9618?addrs=192.168.0.121-9618&alias=node121.di.rm1&noUDP&sock=startd_2146_8e54>
...
014 (288260.000.000) 2025-01-28 19:08:59 Node 0 executing on host: <192.168.0.113:9618?addrs=192.168.0.113-9618&alias=node113.di.rm1&noUDP&sock=startd_3668932_c305>
...
014 (288260.000.001) 2025-01-28 19:08:59 Node 1 executing on host: <192.168.0.105:9618?addrs=192.168.0.105-9618&alias=node105.di.rm1&noUDP&sock=startd_1951_cd5c>
...
014 (288260.000.002) 2025-01-28 19:08:59 Node 2 executing on host: <192.168.0.135:9618?addrs=192.168.0.135-9618&alias=node135.di.rm1&noUDP&sock=startd_2000_6980>
...
001 (288260.000.000) 2025-01-28 19:08:59 Job executing on host: MPI_job
...
008 (288260.000.000) 2025-01-28 19:09:01 Launching orted on Node 3 of 4
...
008 (288260.000.000) 2025-01-28 19:09:01 Launching orted on Node 0 of 4
...
008 (288260.000.000) 2025-01-28 19:09:01 Launching orted on Node 2 of 4
...
008 (288260.000.000) 2025-01-28 19:09:01 Launching orted on Node 1 of 4
...
008 (288260.000.000) 2025-01-28 19:09:46 orted exited on Node 2 of 4
...
008 (288260.000.000) 2025-01-28 19:09:46 orted exited on Node 1 of 4
...
008 (288260.000.000) 2025-01-28 19:09:46 orted exited on Node 3 of 4
...
008 (288260.000.000) 2025-01-28 19:09:46 orted exited on Node 0 of 4
...
015 (288260.000.003) 2025-01-28 19:09:46 Node 3 terminated.
	(1) Normal termination (return value 0)
		Usr 0 00:00:42, Sys 0 00:00:02  -  Run Remote Usage
		Usr 0 00:00:00, Sys 0 00:00:00  -  Run Local Usage
		Usr 0 00:00:42, Sys 0 00:00:02  -  Total Remote Usage
		Usr 0 00:00:00, Sys 0 00:00:00  -  Total Local Usage
	2165  -  Run Bytes Sent By Node
	33631  -  Run Bytes Received By Node
	2165  -  Total Bytes Sent By Node
	33631  -  Total Bytes Received By Node
...
015 (288260.000.002) 2025-01-28 19:09:46 Node 2 terminated.
	(1) Normal termination (return value 0)
		Usr 0 00:00:43, Sys 0 00:00:01  -  Run Remote Usage
		Usr 0 00:00:00, Sys 0 00:00:00  -  Run Local Usage
		Usr 0 00:00:43, Sys 0 00:00:01  -  Total Remote Usage
		Usr 0 00:00:00, Sys 0 00:00:00  -  Total Local Usage
	2165  -  Run Bytes Sent By Node
	33631  -  Run Bytes Received By Node
	2165  -  Total Bytes Sent By Node
	33631  -  Total Bytes Received By Node
...
015 (288260.000.001) 2025-01-28 19:09:46 Node 1 terminated.
	(1) Normal termination (return value 0)
		Usr 0 00:00:43, Sys 0 00:00:02  -  Run Remote Usage
		Usr 0 00:00:00, Sys 0 00:00:00  -  Run Local Usage
		Usr 0 00:00:43, Sys 0 00:00:02  -  Total Remote Usage
		Usr 0 00:00:00, Sys 0 00:00:00  -  Total Local Usage
	2165  -  Run Bytes Sent By Node
	33631  -  Run Bytes Received By Node
	2165  -  Total Bytes Sent By Node
	33631  -  Total Bytes Received By Node
...
015 (288260.000.000) 2025-01-28 19:09:46 Node 0 terminated.
	(1) Normal termination (return value 0)
		Usr 0 00:00:00, Sys 0 00:00:00  -  Run Remote Usage
		Usr 0 00:00:00, Sys 0 00:00:00  -  Run Local Usage
		Usr 0 00:00:00, Sys 0 00:00:00  -  Total Remote Usage
		Usr 0 00:00:00, Sys 0 00:00:00  -  Total Local Usage
	3301  -  Run Bytes Sent By Node
	33631  -  Run Bytes Received By Node
	3301  -  Total Bytes Sent By Node
	33631  -  Total Bytes Received By Node
...
005 (288260.000.000) 2025-01-28 19:09:46 Job terminated.
	(1) Normal termination (return value 0)
		Usr 0 00:02:08, Sys 0 00:00:05  -  Run Remote Usage
		Usr 0 00:00:00, Sys 0 00:00:00  -  Run Local Usage
		Usr 0 00:00:00, Sys 0 00:00:00  -  Total Remote Usage
		Usr 0 00:00:00, Sys 0 00:00:00  -  Total Local Usage
	9796  -  Run Bytes Sent By Job
	134524  -  Run Bytes Received By Job
	9796  -  Total Bytes Sent By Job
	134524  -  Total Bytes Received By Job
	Partitionable Resources :    Usage  Request Allocated 
	   Cpus                 :                 1         1 
	   Disk (KB)            :       51       35    459754 
	   GPUs                 :                           1 
	   Memory (MB)          :      330        1       128 

	Job terminated of its own accord at 2025-01-28T19:09:46Z with exit-code 0.
...
