000 (268047.000.000) 2025-01-21 21:10:23 Job submitted from host: <192.168.0.102:9618?addrs=192.168.0.102-9618&alias=submitter&noUDP&sock=schedd_2032_5c88>
...
001 (268047.000.000) 2025-01-21 21:10:32 Job executing on host: <192.168.0.123:9618?addrs=192.168.0.123-9618&alias=node123.di.rm1&noUDP&sock=startd_2149_9d1d>
...
006 (268047.000.000) 2025-01-21 21:10:40 Image size of job updated: 456224
	444  -  MemoryUsage of job (MB)
	453716  -  ResidentSetSize of job (KB)
...
006 (268047.000.000) 2025-01-21 21:11:04 Image size of job updated: 2496852
	444  -  MemoryUsage of job (MB)
	453848  -  ResidentSetSize of job (KB)
...
004 (268047.000.000) 2025-01-21 21:11:04 Job was evicted.
	(0) CPU times
		Usr 0 00:00:32, Sys 0 00:00:00  -  Run Remote Usage
		Usr 0 00:00:00, Sys 0 00:00:00  -  Run Local Usage
	0  -  Run Bytes Sent By Job
	0  -  Run Bytes Received By Job
	Partitionable Resources :    Usage  Request Allocated 
	   Cpus                 :                 1         1 
	   Disk (KB)            :       27       27    499900 
	   Gpus (Average)       :                 0         0 
	   Memory (MB)          :      444        1       128 
...
009 (268047.000.000) 2025-01-21 21:11:05 Job was aborted.
	via condor_rm (by user calzona_2046920)
...
000 (270648.000.000) 2025-01-22 00:07:11 Job submitted from host: <192.168.0.102:9618?addrs=192.168.0.102-9618&alias=submitter&noUDP&sock=schedd_2032_5c88>
...
001 (270648.000.000) 2025-01-22 00:07:31 Job executing on host: <192.168.0.149:9618?addrs=192.168.0.149-9618&alias=node149.di.rm1&noUDP&sock=startd_1551_6f7a>
...
006 (270648.000.000) 2025-01-22 00:07:39 Image size of job updated: 497416
	484  -  MemoryUsage of job (MB)
	495128  -  ResidentSetSize of job (KB)
...
006 (270648.000.000) 2025-01-22 00:08:12 Image size of job updated: 2697360
	485  -  MemoryUsage of job (MB)
	495656  -  ResidentSetSize of job (KB)
...
004 (270648.000.000) 2025-01-22 00:08:12 Job was evicted.
	(0) CPU times
		Usr 0 00:00:41, Sys 0 00:00:01  -  Run Remote Usage
		Usr 0 00:00:00, Sys 0 00:00:00  -  Run Local Usage
	0  -  Run Bytes Sent By Job
	0  -  Run Bytes Received By Job
	Partitionable Resources :    Usage  Request Allocated 
	   Cpus                 :                 1         1 
	   Disk (KB)            :       27       27    471944 
	   Memory (MB)          :      485        1       128 
...
009 (270648.000.000) 2025-01-22 00:08:12 Job was aborted.
	via condor_rm (by user calzona_2046920)
...
000 (276802.000.000) 2025-01-24 05:16:55 Job submitted from host: <192.168.0.102:9618?addrs=192.168.0.102-9618&alias=submitter&noUDP&sock=schedd_2032_5c88>
...
001 (276802.000.000) 2025-01-24 05:17:15 Job executing on host: <192.168.0.151:9618?addrs=192.168.0.151-9618&alias=node151.di.rm1&noUDP&sock=startd_1528_a8cd>
...
006 (276802.000.000) 2025-01-24 05:17:24 Image size of job updated: 495132
	484  -  MemoryUsage of job (MB)
	495132  -  ResidentSetSize of job (KB)
...
006 (276802.000.000) 2025-01-24 05:18:56 Image size of job updated: 5886876
	484  -  MemoryUsage of job (MB)
	495132  -  ResidentSetSize of job (KB)
...
004 (276802.000.000) 2025-01-24 05:18:56 Job was evicted.
	(0) CPU times
		Usr 0 00:01:38, Sys 0 00:00:02  -  Run Remote Usage
		Usr 0 00:00:00, Sys 0 00:00:00  -  Run Local Usage
	0  -  Run Bytes Sent By Job
	0  -  Run Bytes Received By Job
	Partitionable Resources :    Usage  Request Allocated 
	   Cpus                 :                 1         1 
	   Disk (KB)            :       27       27    474791 
	   Memory (MB)          :      484        1       128 
...
009 (276802.000.000) 2025-01-24 05:18:56 Job was aborted.
	via condor_rm (by user calzona_2046920)
...
