000 (294972.000.000) 2025-01-31 01:09:20 Job submitted from host: <192.168.0.102:9618?addrs=192.168.0.102-9618&alias=submitter&noUDP&sock=schedd_4045053_7bc0>
...
014 (294972.000.000) 2025-01-31 01:09:22 Node 0 executing on host: <192.168.0.124:9618?addrs=192.168.0.124-9618&alias=node124.di.rm1&noUDP&sock=startd_2143_7f8b>
...
014 (294972.000.002) 2025-01-31 01:09:22 Node 2 executing on host: <192.168.0.124:9618?addrs=192.168.0.124-9618&alias=node124.di.rm1&noUDP&sock=startd_2143_7f8b>
...
014 (294972.000.001) 2025-01-31 01:09:22 Node 1 executing on host: <192.168.0.149:9618?addrs=192.168.0.149-9618&alias=node149.di.rm1&noUDP&sock=startd_1551_6f7a>
...
014 (294972.000.003) 2025-01-31 01:09:22 Node 3 executing on host: <192.168.0.110:9618?addrs=192.168.0.110-9618&alias=node110.di.rm1&noUDP&sock=startd_2154_0b16>
...
001 (294972.000.000) 2025-01-31 01:09:22 Job executing on host: MPI_job
...
008 (294972.000.000) 2025-01-31 01:09:24 Launching orted on Node 0 of 4
...
008 (294972.000.000) 2025-01-31 01:09:24 Launching orted on Node 2 of 4
...
008 (294972.000.000) 2025-01-31 01:09:24 Launching orted on Node 3 of 4
...
008 (294972.000.000) 2025-01-31 01:09:24 Launching orted on Node 1 of 4
...
008 (294972.000.000) 2025-01-31 01:09:31 orted exited on Node 1 of 4
...
008 (294972.000.000) 2025-01-31 01:09:31 orted exited on Node 0 of 4
...
008 (294972.000.000) 2025-01-31 01:09:31 orted exited on Node 2 of 4
...
008 (294972.000.000) 2025-01-31 01:09:31 orted exited on Node 3 of 4
...
015 (294972.000.002) 2025-01-31 01:09:31 Node 2 terminated.
	(1) Normal termination (return value 0)
		Usr 0 00:00:07, Sys 0 00:00:00  -  Run Remote Usage
		Usr 0 00:00:00, Sys 0 00:00:00  -  Run Local Usage
		Usr 0 00:00:07, Sys 0 00:00:00  -  Total Remote Usage
		Usr 0 00:00:00, Sys 0 00:00:00  -  Total Local Usage
	22  -  Run Bytes Sent By Node
	33831  -  Run Bytes Received By Node
	22  -  Total Bytes Sent By Node
	33831  -  Total Bytes Received By Node
...
015 (294972.000.000) 2025-01-31 01:09:32 Node 0 terminated.
	(1) Normal termination (return value 0)
		Usr 0 00:00:05, Sys 0 00:00:00  -  Run Remote Usage
		Usr 0 00:00:00, Sys 0 00:00:00  -  Run Local Usage
		Usr 0 00:00:05, Sys 0 00:00:00  -  Total Remote Usage
		Usr 0 00:00:00, Sys 0 00:00:00  -  Total Local Usage
	4041  -  Run Bytes Sent By Node
	33831  -  Run Bytes Received By Node
	4041  -  Total Bytes Sent By Node
	33831  -  Total Bytes Received By Node
...
005 (294972.000.000) 2025-01-31 01:09:32 Job terminated.
	(1) Normal termination (return value 0)
		Usr 0 00:00:26, Sys 0 00:00:00  -  Run Remote Usage
		Usr 0 00:00:00, Sys 0 00:00:00  -  Run Local Usage
		Usr 0 00:00:05, Sys 0 00:00:00  -  Total Remote Usage
		Usr 0 00:00:00, Sys 0 00:00:00  -  Total Local Usage
	4063  -  Run Bytes Sent By Job
	135324  -  Run Bytes Received By Job
	4063  -  Total Bytes Sent By Job
	135324  -  Total Bytes Received By Job
	Partitionable Resources :    Usage  Request Allocated 
	   Cpus                 :                 1         1 
	   Disk (KB)            :       52       35  21469963 
	   GPUs                 :                           1 
	   Memory (MB)          :      277        0     65536 

	Job terminated of its own accord at 2025-01-31T01:09:31Z with exit-code 0.
...
