000 (264473.000.000) 2025-01-17 11:21:24 Job submitted from host: <192.168.0.102:9618?addrs=192.168.0.102-9618&alias=submitter&noUDP&sock=schedd_2032_5c88>
...
001 (264473.000.000) 2025-01-17 11:21:35 Job executing on host: <192.168.0.135:9618?addrs=192.168.0.135-9618&alias=node135.di.rm1&noUDP&sock=startd_2000_6980>
...
006 (264473.000.000) 2025-01-17 11:21:44 Image size of job updated: 1409304
	354  -  MemoryUsage of job (MB)
	361680  -  ResidentSetSize of job (KB)
...
006 (264473.000.000) 2025-01-17 11:26:44 Image size of job updated: 10052532
	8607  -  MemoryUsage of job (MB)
	8813044  -  ResidentSetSize of job (KB)
...
006 (264473.000.000) 2025-01-17 11:33:27 Image size of job updated: 11431800
	9945  -  MemoryUsage of job (MB)
	10183116  -  ResidentSetSize of job (KB)
...
006 (264473.000.000) 2025-01-17 11:33:32 Image size of job updated: 11439984
	10096  -  MemoryUsage of job (MB)
	10337716  -  ResidentSetSize of job (KB)
...
004 (264473.000.000) 2025-01-17 11:33:32 Job was evicted.
	(0) CPU times
		Usr 0 00:04:32, Sys 0 00:03:00  -  Run Remote Usage
		Usr 0 00:00:00, Sys 0 00:00:00  -  Run Local Usage
	0  -  Run Bytes Sent By Job
	0  -  Run Bytes Received By Job
	Partitionable Resources :    Usage  Request Allocated 
	   Cpus                 :     0.98        1         1 
	   Disk (KB)            :    27          27    470875 
	   Memory (MB)          : 10096           1       128 
...
009 (264473.000.000) 2025-01-17 11:33:32 Job was aborted.
	via condor_rm (by user calzona_2046920)
...
