000 (262673.000.000) 2025-01-17 11:14:17 Job submitted from host: <192.168.0.102:9618?addrs=192.168.0.102-9618&alias=submitter&noUDP&sock=schedd_2032_5c88>
...
001 (262673.000.000) 2025-01-17 11:14:32 Job executing on host: <192.168.0.149:9618?addrs=192.168.0.149-9618&alias=node149.di.rm1&noUDP&sock=startd_1551_6f7a>
...
006 (262673.000.000) 2025-01-17 11:14:40 Image size of job updated: 1759756
	736  -  MemoryUsage of job (MB)
	752796  -  ResidentSetSize of job (KB)
...
006 (262673.000.000) 2025-01-17 11:19:40 Image size of job updated: 28113556
	25869  -  MemoryUsage of job (MB)
	26489108  -  ResidentSetSize of job (KB)
...
006 (262673.000.000) 2025-01-17 11:20:14 Image size of job updated: 30720688
	25869  -  MemoryUsage of job (MB)
	26489240  -  ResidentSetSize of job (KB)
...
004 (262673.000.000) 2025-01-17 11:20:14 Job was evicted.
	(0) CPU times
		Usr 0 00:05:20, Sys 0 00:00:17  -  Run Remote Usage
		Usr 0 00:00:00, Sys 0 00:00:00  -  Run Local Usage
	0  -  Run Bytes Sent By Job
	0  -  Run Bytes Received By Job
	Partitionable Resources :    Usage  Request Allocated 
	   Cpus                 :     0.99        1         1 
	   Disk (KB)            :    27          27    471944 
	   Memory (MB)          : 25869           1       128 
...
009 (262673.000.000) 2025-01-17 11:20:14 Job was aborted.
	via condor_rm (by user calzona_2046920)
...
