000 (264615.000.000) 2025-01-17 11:21:28 Job submitted from host: <192.168.0.102:9618?addrs=192.168.0.102-9618&alias=submitter&noUDP&sock=schedd_2032_5c88>
...
001 (264615.000.000) 2025-01-17 11:21:36 Job executing on host: <192.168.0.113:9618?addrs=192.168.0.113-9618&alias=node113.di.rm1&noUDP&sock=startd_3668932_c305>
...
006 (264615.000.000) 2025-01-17 11:21:46 Image size of job updated: 392448
	349  -  MemoryUsage of job (MB)
	356400  -  ResidentSetSize of job (KB)
...
006 (264615.000.000) 2025-01-17 11:28:46 Image size of job updated: 8460880
	7880  -  MemoryUsage of job (MB)
	8068544  -  ResidentSetSize of job (KB)
...
006 (264615.000.000) 2025-01-17 11:33:51 Image size of job updated: 9168408
	8564  -  MemoryUsage of job (MB)
	8768820  -  ResidentSetSize of job (KB)
...
006 (264615.000.000) 2025-01-17 11:33:57 Image size of job updated: 9168408
	8608  -  MemoryUsage of job (MB)
	8814092  -  ResidentSetSize of job (KB)
...
004 (264615.000.000) 2025-01-17 11:33:57 Job was evicted.
	(0) CPU times
		Usr 0 00:04:07, Sys 0 00:02:45  -  Run Remote Usage
		Usr 0 00:00:00, Sys 0 00:00:00  -  Run Local Usage
	0  -  Run Bytes Sent By Job
	0  -  Run Bytes Received By Job
	Partitionable Resources :    Usage  Request Allocated 
	   Cpus                 :     0.46        1         1 
	   Disk (KB)            :    27          27    459754 
	   Gpus (Average)       :                 0         0 
	   Memory (MB)          :  8608           1       128 
...
009 (264615.000.000) 2025-01-17 11:33:57 Job was aborted.
	via condor_rm (by user calzona_2046920)
...
