000 (270875.000.000) 2025-01-22 00:23:48 Job submitted from host: <192.168.0.102:9618?addrs=192.168.0.102-9618&alias=submitter&noUDP&sock=schedd_2032_5c88>
...
001 (270875.000.000) 2025-01-22 00:23:49 Job executing on host: <192.168.0.120:9618?addrs=192.168.0.120-9618&alias=node120.di.rm1&noUDP&sock=startd_2096_4298>
...
006 (270875.000.000) 2025-01-22 00:23:58 Image size of job updated: 482460
	472  -  MemoryUsage of job (MB)
	482460  -  ResidentSetSize of job (KB)
...
006 (270875.000.000) 2025-01-22 00:24:50 Image size of job updated: 4006544
	472  -  MemoryUsage of job (MB)
	482724  -  ResidentSetSize of job (KB)
...
004 (270875.000.000) 2025-01-22 00:24:50 Job was evicted.
	(0) CPU times
		Usr 0 00:00:59, Sys 0 00:00:01  -  Run Remote Usage
		Usr 0 00:00:00, Sys 0 00:00:00  -  Run Local Usage
	0  -  Run Bytes Sent By Job
	0  -  Run Bytes Received By Job
	Partitionable Resources :    Usage  Request Allocated 
	   Cpus                 :                 1         1 
	   Disk (KB)            :       27       27    459052 
	   Gpus (Average)       :                 0         0 
	   Memory (MB)          :      472        1       128 
...
009 (270875.000.000) 2025-01-22 00:24:50 Job was aborted.
	via condor_rm (by user calzona_2046920)
...
000 (277029.000.000) 2025-01-24 05:43:56 Job submitted from host: <192.168.0.102:9618?addrs=192.168.0.102-9618&alias=submitter&noUDP&sock=schedd_2032_5c88>
...
001 (277029.000.000) 2025-01-24 05:43:56 Job executing on host: <192.168.0.148:9618?addrs=192.168.0.148-9618&alias=node148.di.rm1&noUDP&sock=startd_1547_b119>
...
006 (277029.000.000) 2025-01-24 05:44:05 Image size of job updated: 1118112
	427  -  MemoryUsage of job (MB)
	436260  -  ResidentSetSize of job (KB)
...
006 (277029.000.000) 2025-01-24 05:45:58 Image size of job updated: 6833168
	435  -  MemoryUsage of job (MB)
	444576  -  ResidentSetSize of job (KB)
...
004 (277029.000.000) 2025-01-24 05:45:58 Job was evicted.
	(0) CPU times
		Usr 0 00:01:58, Sys 0 00:00:02  -  Run Remote Usage
		Usr 0 00:00:00, Sys 0 00:00:00  -  Run Local Usage
	0  -  Run Bytes Sent By Job
	0  -  Run Bytes Received By Job
	Partitionable Resources :    Usage  Request Allocated 
	   Cpus                 :                 1         1 
	   Disk (KB)            :       27       27    467548 
	   Memory (MB)          :      435        1       128 
...
009 (277029.000.000) 2025-01-24 05:45:58 Job was aborted.
	via condor_rm (by user calzona_2046920)
...
