000 (269084.000.000) 2025-01-21 22:19:54 Job submitted from host: <192.168.0.102:9618?addrs=192.168.0.102-9618&alias=submitter&noUDP&sock=schedd_2032_5c88>
...
001 (269084.000.000) 2025-01-21 22:19:59 Job executing on host: <192.168.0.151:9618?addrs=192.168.0.151-9618&alias=node151.di.rm1&noUDP&sock=startd_1528_a8cd>
...
006 (269084.000.000) 2025-01-21 22:20:09 Image size of job updated: 719400
	703  -  MemoryUsage of job (MB)
	719400  -  ResidentSetSize of job (KB)
...
006 (269084.000.000) 2025-01-21 22:20:40 Image size of job updated: 3269044
	706  -  MemoryUsage of job (MB)
	722700  -  ResidentSetSize of job (KB)
...
004 (269084.000.000) 2025-01-21 22:20:40 Job was evicted.
	(0) CPU times
		Usr 0 00:00:35, Sys 0 00:00:01  -  Run Remote Usage
		Usr 0 00:00:00, Sys 0 00:00:00  -  Run Local Usage
	0  -  Run Bytes Sent By Job
	0  -  Run Bytes Received By Job
	Partitionable Resources :    Usage  Request Allocated 
	   Cpus                 :                 1         1 
	   Disk (KB)            :       27       27    474791 
	   Memory (MB)          :      706        1       128 
...
009 (269084.000.000) 2025-01-21 22:20:40 Job was aborted.
	via condor_rm (by user calzona_2046920)
...
000 (269237.000.000) 2025-01-21 22:27:49 Job submitted from host: <192.168.0.102:9618?addrs=192.168.0.102-9618&alias=submitter&noUDP&sock=schedd_2032_5c88>
...
001 (269237.000.000) 2025-01-21 22:27:50 Job executing on host: <192.168.0.151:9618?addrs=192.168.0.151-9618&alias=node151.di.rm1&noUDP&sock=startd_1528_a8cd>
...
006 (269237.000.000) 2025-01-21 22:27:59 Image size of job updated: 828168
	809  -  MemoryUsage of job (MB)
	828168  -  ResidentSetSize of job (KB)
...
006 (269237.000.000) 2025-01-21 22:28:08 Image size of job updated: 1438440
	810  -  MemoryUsage of job (MB)
	829356  -  ResidentSetSize of job (KB)
...
004 (269237.000.000) 2025-01-21 22:28:08 Job was evicted.
	(0) CPU times
		Usr 0 00:00:16, Sys 0 00:00:00  -  Run Remote Usage
		Usr 0 00:00:00, Sys 0 00:00:00  -  Run Local Usage
	0  -  Run Bytes Sent By Job
	0  -  Run Bytes Received By Job
	Partitionable Resources :    Usage  Request Allocated 
	   Cpus                 :                 1         1 
	   Disk (KB)            :       27       27    474791 
	   Memory (MB)          :      810        1       128 
...
009 (269237.000.000) 2025-01-21 22:28:08 Job was aborted.
	via condor_rm (by user calzona_2046920)
...
000 (275395.000.000) 2025-01-24 02:27:54 Job submitted from host: <192.168.0.102:9618?addrs=192.168.0.102-9618&alias=submitter&noUDP&sock=schedd_2032_5c88>
...
001 (275395.000.000) 2025-01-24 02:27:56 Job executing on host: <192.168.0.149:9618?addrs=192.168.0.149-9618&alias=node149.di.rm1&noUDP&sock=startd_1551_6f7a>
...
006 (275395.000.000) 2025-01-24 02:28:04 Image size of job updated: 741312
	724  -  MemoryUsage of job (MB)
	741312  -  ResidentSetSize of job (KB)
...
006 (275395.000.000) 2025-01-24 02:29:57 Image size of job updated: 8477396
	727  -  MemoryUsage of job (MB)
	743688  -  ResidentSetSize of job (KB)
...
004 (275395.000.000) 2025-01-24 02:29:57 Job was evicted.
	(0) CPU times
		Usr 0 00:01:57, Sys 0 00:00:03  -  Run Remote Usage
		Usr 0 00:00:00, Sys 0 00:00:00  -  Run Local Usage
	0  -  Run Bytes Sent By Job
	0  -  Run Bytes Received By Job
	Partitionable Resources :    Usage  Request Allocated 
	   Cpus                 :                 1         1 
	   Disk (KB)            :       27       27    471944 
	   Memory (MB)          :      727        1       128 
...
009 (275395.000.000) 2025-01-24 02:29:57 Job was aborted.
	via condor_rm (by user calzona_2046920)
...
