000 (263352.000.000) 2025-01-17 11:20:48 Job submitted from host: <192.168.0.102:9618?addrs=192.168.0.102-9618&alias=submitter&noUDP&sock=schedd_2032_5c88>
...
001 (263352.000.000) 2025-01-17 11:20:55 Job executing on host: <192.168.0.123:9618?addrs=192.168.0.123-9618&alias=node123.di.rm1&noUDP&sock=startd_2149_9d1d>
...
006 (263352.000.000) 2025-01-17 11:21:04 Image size of job updated: 434676
	425  -  MemoryUsage of job (MB)
	434676  -  ResidentSetSize of job (KB)
...
006 (263352.000.000) 2025-01-17 11:26:05 Image size of job updated: 9738652
	9371  -  MemoryUsage of job (MB)
	9595636  -  ResidentSetSize of job (KB)
...
005 (263352.000.000) 2025-01-17 11:27:26 Job terminated.
	(1) Normal termination (return value 0)
		Usr 0 00:07:29, Sys 0 00:00:46  -  Run Remote Usage
		Usr 0 00:00:00, Sys 0 00:00:00  -  Run Local Usage
		Usr 0 00:07:29, Sys 0 00:00:46  -  Total Remote Usage
		Usr 0 00:00:00, Sys 0 00:00:00  -  Total Local Usage
	0  -  Run Bytes Sent By Job
	0  -  Run Bytes Received By Job
	0  -  Total Bytes Sent By Job
	0  -  Total Bytes Received By Job
	Partitionable Resources :    Usage  Request Allocated 
	   Cpus                 :     1.00        1         1 
	   Disk (KB)            :    27          27    499900 
	   Gpus (Average)       :                 0         0 
	   Memory (MB)          :  9371           1       128 

	Job terminated of its own accord at 2025-01-17T11:27:25Z with exit-code 0.
...
