000 (271434.000.000) 2025-01-22 01:02:27 Job submitted from host: <192.168.0.102:9618?addrs=192.168.0.102-9618&alias=submitter&noUDP&sock=schedd_2032_5c88>
...
001 (271434.000.000) 2025-01-22 01:02:27 Job executing on host: <192.168.0.149:9618?addrs=192.168.0.149-9618&alias=node149.di.rm1&noUDP&sock=startd_1551_6f7a>
...
006 (271434.000.000) 2025-01-22 01:02:36 Image size of job updated: 1131948
	472  -  MemoryUsage of job (MB)
	482320  -  ResidentSetSize of job (KB)
...
006 (271434.000.000) 2025-01-22 01:03:29 Image size of job updated: 4111436
	472  -  MemoryUsage of job (MB)
	482980  -  ResidentSetSize of job (KB)
...
004 (271434.000.000) 2025-01-22 01:03:29 Job was evicted.
	(0) CPU times
		Usr 0 00:01:00, Sys 0 00:00:01  -  Run Remote Usage
		Usr 0 00:00:00, Sys 0 00:00:00  -  Run Local Usage
	0  -  Run Bytes Sent By Job
	0  -  Run Bytes Received By Job
	Partitionable Resources :    Usage  Request Allocated 
	   Cpus                 :                 1         1 
	   Disk (KB)            :       27       27    471944 
	   Memory (MB)          :      472        1       128 
...
009 (271434.000.000) 2025-01-22 01:03:29 Job was aborted.
	via condor_rm (by user calzona_2046920)
...
000 (277588.000.000) 2025-01-24 06:44:53 Job submitted from host: <192.168.0.102:9618?addrs=192.168.0.102-9618&alias=submitter&noUDP&sock=schedd_2032_5c88>
...
001 (277588.000.000) 2025-01-24 06:44:54 Job executing on host: <192.168.0.149:9618?addrs=192.168.0.149-9618&alias=node149.di.rm1&noUDP&sock=startd_1551_6f7a>
...
006 (277588.000.000) 2025-01-24 06:45:03 Image size of job updated: 481272
	470  -  MemoryUsage of job (MB)
	480744  -  ResidentSetSize of job (KB)
...
006 (277588.000.000) 2025-01-24 06:46:55 Image size of job updated: 7011108
	470  -  MemoryUsage of job (MB)
	480876  -  ResidentSetSize of job (KB)
...
004 (277588.000.000) 2025-01-24 06:46:55 Job was evicted.
	(0) CPU times
		Usr 0 00:01:58, Sys 0 00:00:03  -  Run Remote Usage
		Usr 0 00:00:00, Sys 0 00:00:00  -  Run Local Usage
	0  -  Run Bytes Sent By Job
	0  -  Run Bytes Received By Job
	Partitionable Resources :    Usage  Request Allocated 
	   Cpus                 :                 1         1 
	   Disk (KB)            :       27       27    471944 
	   Memory (MB)          :      470        1       128 
...
009 (277588.000.000) 2025-01-24 06:46:55 Job was aborted.
	via condor_rm (by user calzona_2046920)
...
