000 (263675.000.000) 2025-01-17 11:21:01 Job submitted from host: <192.168.0.102:9618?addrs=192.168.0.102-9618&alias=submitter&noUDP&sock=schedd_2032_5c88>
...
001 (263675.000.000) 2025-01-17 11:21:06 Job executing on host: <192.168.0.113:9618?addrs=192.168.0.113-9618&alias=node113.di.rm1&noUDP&sock=startd_3668932_c305>
...
006 (263675.000.000) 2025-01-17 11:21:16 Image size of job updated: 1514904
	474  -  MemoryUsage of job (MB)
	484752  -  ResidentSetSize of job (KB)
...
006 (263675.000.000) 2025-01-17 11:26:26 Image size of job updated: 10507932
	9687  -  MemoryUsage of job (MB)
	9918500  -  ResidentSetSize of job (KB)
...
006 (263675.000.000) 2025-01-17 11:28:46 Image size of job updated: 10555056
	9687  -  MemoryUsage of job (MB)
	9918500  -  ResidentSetSize of job (KB)
...
005 (263675.000.000) 2025-01-17 11:28:48 Job terminated.
	(0) Abnormal termination (signal 9)
	(0) No core file
		Usr 0 00:04:06, Sys 0 00:01:00  -  Run Remote Usage
		Usr 0 00:00:00, Sys 0 00:00:00  -  Run Local Usage
		Usr 0 00:04:06, Sys 0 00:01:00  -  Total Remote Usage
		Usr 0 00:00:00, Sys 0 00:00:00  -  Total Local Usage
	0  -  Run Bytes Sent By Job
	0  -  Run Bytes Received By Job
	0  -  Total Bytes Sent By Job
	0  -  Total Bytes Received By Job
	Partitionable Resources :    Usage  Request Allocated 
	   Cpus                 :     1.00        1         1 
	   Disk (KB)            :    27          27    459754 
	   Gpus (Average)       :                 0         0 
	   Memory (MB)          :  9687           1       128 

	Job terminated of its own accord at 2025-01-17T11:28:46Z with signal 9.
...
