000 (270237.000.000) 2025-01-21 23:36:13 Job submitted from host: <192.168.0.102:9618?addrs=192.168.0.102-9618&alias=submitter&noUDP&sock=schedd_2032_5c88>
...
001 (270237.000.000) 2025-01-21 23:36:32 Job executing on host: <192.168.0.110:9618?addrs=192.168.0.110-9618&alias=node110.di.rm1&noUDP&sock=startd_2185_4e86>
...
006 (270237.000.000) 2025-01-21 23:36:40 Image size of job updated: 1248996
	413  -  MemoryUsage of job (MB)
	422268  -  ResidentSetSize of job (KB)
...
006 (270237.000.000) 2025-01-21 23:37:14 Image size of job updated: 2684460
	482  -  MemoryUsage of job (MB)
	493152  -  ResidentSetSize of job (KB)
...
004 (270237.000.000) 2025-01-21 23:37:14 Job was evicted.
	(0) CPU times
		Usr 0 00:00:40, Sys 0 00:00:00  -  Run Remote Usage
		Usr 0 00:00:00, Sys 0 00:00:00  -  Run Local Usage
	0  -  Run Bytes Sent By Job
	0  -  Run Bytes Received By Job
	Partitionable Resources :    Usage  Request Allocated 
	   Cpus                 :                 1         1 
	   Disk (KB)            :       27       27    468087 
	   Gpus (Average)       :                 0         0 
	   Memory (MB)          :      482        1       128 
...
009 (270237.000.000) 2025-01-21 23:37:14 Job was aborted.
	via condor_rm (by user calzona_2046920)
...
000 (276396.000.000) 2025-01-24 04:26:01 Job submitted from host: <192.168.0.102:9618?addrs=192.168.0.102-9618&alias=submitter&noUDP&sock=schedd_2032_5c88>
...
001 (276396.000.000) 2025-01-24 04:26:02 Job executing on host: <192.168.0.149:9618?addrs=192.168.0.149-9618&alias=node149.di.rm1&noUDP&sock=startd_1551_6f7a>
...
006 (276396.000.000) 2025-01-24 04:26:10 Image size of job updated: 424632
	415  -  MemoryUsage of job (MB)
	424104  -  ResidentSetSize of job (KB)
...
006 (276396.000.000) 2025-01-24 04:28:03 Image size of job updated: 6899484
	415  -  MemoryUsage of job (MB)
	424236  -  ResidentSetSize of job (KB)
...
004 (276396.000.000) 2025-01-24 04:28:03 Job was evicted.
	(0) CPU times
		Usr 0 00:01:59, Sys 0 00:00:03  -  Run Remote Usage
		Usr 0 00:00:00, Sys 0 00:00:00  -  Run Local Usage
	0  -  Run Bytes Sent By Job
	0  -  Run Bytes Received By Job
	Partitionable Resources :    Usage  Request Allocated 
	   Cpus                 :     1.00        1         1 
	   Disk (KB)            :    27          27    471944 
	   Memory (MB)          :   415           1       128 
...
009 (276396.000.000) 2025-01-24 04:28:03 Job was aborted.
	via condor_rm (by user calzona_2046920)
...
