000 (273930.000.000) 2025-01-23 11:27:25 Job submitted from host: <192.168.0.102:9618?addrs=192.168.0.102-9618&alias=submitter&noUDP&sock=schedd_2032_5c88>
...
014 (273930.000.000) 2025-01-23 11:27:29 Node 0 executing on host: <192.168.0.114:9618?addrs=192.168.0.114-9618&alias=node114.di.rm1&noUDP&sock=startd_2075_db1b>
...
014 (273930.000.001) 2025-01-23 11:27:29 Node 1 executing on host: <192.168.0.141:9618?addrs=192.168.0.141-9618&alias=node141.di.rm1&noUDP&sock=startd_2077_3a4b>
...
014 (273930.000.003) 2025-01-23 11:27:29 Node 3 executing on host: <192.168.0.113:9618?addrs=192.168.0.113-9618&alias=node113.di.rm1&noUDP&sock=startd_3668932_c305>
...
014 (273930.000.002) 2025-01-23 11:27:29 Node 2 executing on host: <192.168.0.124:9618?addrs=192.168.0.124-9618&alias=node124.di.rm1&noUDP&sock=startd_2143_7f8b>
...
001 (273930.000.000) 2025-01-23 11:27:29 Job executing on host: MPI_job
...
008 (273930.000.000) 2025-01-23 11:27:31 Launching orted on Node 0 of 4
...
008 (273930.000.000) 2025-01-23 11:27:31 Launching orted on Node 3 of 4
...
008 (273930.000.000) 2025-01-23 11:27:31 Launching orted on Node 1 of 4
...
008 (273930.000.000) 2025-01-23 11:27:31 Launching orted on Node 2 of 4
...
008 (273930.000.000) 2025-01-23 11:27:31 orted exited on Node 2 of 4
...
008 (273930.000.000) 2025-01-23 11:27:31 orted exited on Node 3 of 4
...
008 (273930.000.000) 2025-01-23 11:27:31 orted exited on Node 0 of 4
...
008 (273930.000.000) 2025-01-23 11:27:31 orted exited on Node 1 of 4
...
015 (273930.000.003) 2025-01-23 11:27:32 Node 3 terminated.
	(1) Normal termination (return value 0)
		Usr 0 00:00:01, Sys 0 00:00:00  -  Run Remote Usage
		Usr 0 00:00:00, Sys 0 00:00:00  -  Run Local Usage
		Usr 0 00:00:01, Sys 0 00:00:00  -  Total Remote Usage
		Usr 0 00:00:00, Sys 0 00:00:00  -  Total Local Usage
	2187  -  Run Bytes Sent By Node
	33639  -  Run Bytes Received By Node
	2187  -  Total Bytes Sent By Node
	33639  -  Total Bytes Received By Node
...
015 (273930.000.000) 2025-01-23 11:27:32 Node 0 terminated.
	(1) Normal termination (return value 0)
		Usr 0 00:00:00, Sys 0 00:00:00  -  Run Remote Usage
		Usr 0 00:00:00, Sys 0 00:00:00  -  Run Local Usage
		Usr 0 00:00:00, Sys 0 00:00:00  -  Total Remote Usage
		Usr 0 00:00:00, Sys 0 00:00:00  -  Total Local Usage
	3262  -  Run Bytes Sent By Node
	33639  -  Run Bytes Received By Node
	3262  -  Total Bytes Sent By Node
	33639  -  Total Bytes Received By Node
...
005 (273930.000.000) 2025-01-23 11:27:32 Job terminated.
	(1) Normal termination (return value 0)
		Usr 0 00:00:01, Sys 0 00:00:00  -  Run Remote Usage
		Usr 0 00:00:00, Sys 0 00:00:00  -  Run Local Usage
		Usr 0 00:00:00, Sys 0 00:00:00  -  Total Remote Usage
		Usr 0 00:00:00, Sys 0 00:00:00  -  Total Local Usage
	5449  -  Run Bytes Sent By Job
	134556  -  Run Bytes Received By Job
	5449  -  Total Bytes Sent By Job
	134556  -  Total Bytes Received By Job
	Partitionable Resources :    Usage  Request Allocated 
	   Cpus                 :                 1         2 
	   Disk (KB)            :       49       35 102671250 
	   Memory (MB)          :        0        0    100096 

	Job terminated of its own accord at 2025-01-23T11:27:31Z with exit-code 0.
...
000 (278678.000.000) 2025-01-24 09:17:48 Job submitted from host: <192.168.0.102:9618?addrs=192.168.0.102-9618&alias=submitter&noUDP&sock=schedd_2032_5c88>
...
014 (278678.000.000) 2025-01-24 09:18:04 Node 0 executing on host: <192.168.0.134:9618?addrs=192.168.0.134-9618&alias=node134.di.rm1&noUDP&sock=startd_2073_7bea>
...
014 (278678.000.003) 2025-01-24 09:18:04 Node 3 executing on host: <192.168.0.115:9618?addrs=192.168.0.115-9618&alias=node115.di.rm1&noUDP&sock=startd_1101621_f4a0>
...
014 (278678.000.001) 2025-01-24 09:18:04 Node 1 executing on host: <192.168.0.149:9618?addrs=192.168.0.149-9618&alias=node149.di.rm1&noUDP&sock=startd_1551_6f7a>
...
014 (278678.000.002) 2025-01-24 09:18:04 Node 2 executing on host: <192.168.0.135:9618?addrs=192.168.0.135-9618&alias=node135.di.rm1&noUDP&sock=startd_2000_6980>
...
001 (278678.000.000) 2025-01-24 09:18:04 Job executing on host: MPI_job
...
008 (278678.000.000) 2025-01-24 09:18:06 Launching orted on Node 0 of 4
...
008 (278678.000.000) 2025-01-24 09:18:06 Launching orted on Node 3 of 4
...
008 (278678.000.000) 2025-01-24 09:18:06 Launching orted on Node 1 of 4
...
008 (278678.000.000) 2025-01-24 09:18:06 Launching orted on Node 2 of 4
...
008 (278678.000.000) 2025-01-24 09:18:07 orted exited on Node 2 of 4
...
008 (278678.000.000) 2025-01-24 09:18:07 orted exited on Node 1 of 4
...
008 (278678.000.000) 2025-01-24 09:18:07 orted exited on Node 3 of 4
...
008 (278678.000.000) 2025-01-24 09:18:07 orted exited on Node 0 of 4
...
015 (278678.000.000) 2025-01-24 09:18:07 Node 0 terminated.
	(1) Normal termination (return value 0)
		Usr 0 00:00:00, Sys 0 00:00:00  -  Run Remote Usage
		Usr 0 00:00:00, Sys 0 00:00:00  -  Run Local Usage
		Usr 0 00:00:00, Sys 0 00:00:00  -  Total Remote Usage
		Usr 0 00:00:00, Sys 0 00:00:00  -  Total Local Usage
	3256  -  Run Bytes Sent By Node
	33639  -  Run Bytes Received By Node
	3256  -  Total Bytes Sent By Node
	33639  -  Total Bytes Received By Node
...
005 (278678.000.000) 2025-01-24 09:18:07 Job terminated.
	(1) Normal termination (return value 0)
		Usr 0 00:00:01, Sys 0 00:00:00  -  Run Remote Usage
		Usr 0 00:00:00, Sys 0 00:00:00  -  Run Local Usage
		Usr 0 00:00:00, Sys 0 00:00:00  -  Total Remote Usage
		Usr 0 00:00:00, Sys 0 00:00:00  -  Total Local Usage
	3256  -  Run Bytes Sent By Job
	134556  -  Run Bytes Received By Job
	3256  -  Total Bytes Sent By Job
	134556  -  Total Bytes Received By Job
	Partitionable Resources :    Usage  Request Allocated 
	   Cpus                 :                 1         2 
	   Disk (KB)            :       49       35 102912899 
	   Memory (MB)          :        0        0    100096 

	Job terminated of its own accord at 2025-01-24T09:18:07Z with exit-code 0.
...
000 (286949.000.000) 2025-01-28 16:12:26 Job submitted from host: <192.168.0.102:9618?addrs=192.168.0.102-9618&alias=submitter&noUDP&sock=schedd_2032_5c88>
...
014 (286949.000.001) 2025-01-28 16:12:29 Node 1 executing on host: <192.168.0.113:9618?addrs=192.168.0.113-9618&alias=node113.di.rm1&noUDP&sock=startd_3668932_c305>
...
014 (286949.000.002) 2025-01-28 16:12:29 Node 2 executing on host: <192.168.0.115:9618?addrs=192.168.0.115-9618&alias=node115.di.rm1&noUDP&sock=startd_1101621_f4a0>
...
014 (286949.000.000) 2025-01-28 16:12:29 Node 0 executing on host: <192.168.0.149:9618?addrs=192.168.0.149-9618&alias=node149.di.rm1&noUDP&sock=startd_1551_6f7a>
...
014 (286949.000.003) 2025-01-28 16:12:29 Node 3 executing on host: <192.168.0.105:9618?addrs=192.168.0.105-9618&alias=node105.di.rm1&noUDP&sock=startd_1951_cd5c>
...
001 (286949.000.000) 2025-01-28 16:12:29 Job executing on host: MPI_job
...
008 (286949.000.000) 2025-01-28 16:12:31 Launching orted on Node 2 of 4
...
008 (286949.000.000) 2025-01-28 16:12:31 Launching orted on Node 1 of 4
...
008 (286949.000.000) 2025-01-28 16:12:31 Launching orted on Node 0 of 4
...
008 (286949.000.000) 2025-01-28 16:12:31 Launching orted on Node 3 of 4
...
008 (286949.000.000) 2025-01-28 16:12:32 orted exited on Node 1 of 4
...
008 (286949.000.000) 2025-01-28 16:12:32 orted exited on Node 2 of 4
...
008 (286949.000.000) 2025-01-28 16:12:32 orted exited on Node 0 of 4
...
008 (286949.000.000) 2025-01-28 16:12:32 orted exited on Node 3 of 4
...
015 (286949.000.001) 2025-01-28 16:12:32 Node 1 terminated.
	(1) Normal termination (return value 0)
		Usr 0 00:00:00, Sys 0 00:00:00  -  Run Remote Usage
		Usr 0 00:00:00, Sys 0 00:00:00  -  Run Local Usage
		Usr 0 00:00:00, Sys 0 00:00:00  -  Total Remote Usage
		Usr 0 00:00:00, Sys 0 00:00:00  -  Total Local Usage
	2187  -  Run Bytes Sent By Node
	33591  -  Run Bytes Received By Node
	2187  -  Total Bytes Sent By Node
	33591  -  Total Bytes Received By Node
...
015 (286949.000.002) 2025-01-28 16:12:32 Node 2 terminated.
	(1) Normal termination (return value 0)
		Usr 0 00:00:00, Sys 0 00:00:00  -  Run Remote Usage
		Usr 0 00:00:00, Sys 0 00:00:00  -  Run Local Usage
		Usr 0 00:00:00, Sys 0 00:00:00  -  Total Remote Usage
		Usr 0 00:00:00, Sys 0 00:00:00  -  Total Local Usage
	2165  -  Run Bytes Sent By Node
	33591  -  Run Bytes Received By Node
	2165  -  Total Bytes Sent By Node
	33591  -  Total Bytes Received By Node
...
015 (286949.000.000) 2025-01-28 16:12:32 Node 0 terminated.
	(1) Normal termination (return value 0)
		Usr 0 00:00:00, Sys 0 00:00:01  -  Run Remote Usage
		Usr 0 00:00:00, Sys 0 00:00:00  -  Run Local Usage
		Usr 0 00:00:00, Sys 0 00:00:01  -  Total Remote Usage
		Usr 0 00:00:00, Sys 0 00:00:00  -  Total Local Usage
	3262  -  Run Bytes Sent By Node
	33591  -  Run Bytes Received By Node
	3262  -  Total Bytes Sent By Node
	33591  -  Total Bytes Received By Node
...
005 (286949.000.000) 2025-01-28 16:12:32 Job terminated.
	(1) Normal termination (return value 0)
		Usr 0 00:00:00, Sys 0 00:00:01  -  Run Remote Usage
		Usr 0 00:00:00, Sys 0 00:00:00  -  Run Local Usage
		Usr 0 00:00:00, Sys 0 00:00:01  -  Total Remote Usage
		Usr 0 00:00:00, Sys 0 00:00:00  -  Total Local Usage
	7614  -  Run Bytes Sent By Job
	134364  -  Run Bytes Received By Job
	7614  -  Total Bytes Sent By Job
	134364  -  Total Bytes Received By Job
	Partitionable Resources :    Usage  Request Allocated 
	   Cpus                 :                 1         1 
	   Disk (KB)            :       50       35 105243387 
	   Memory (MB)          :        0        0    102400 

	Job terminated of its own accord at 2025-01-28T16:12:32Z with exit-code 0.
...
