000 (270632.000.000) 2025-01-22 00:05:53 Job submitted from host: <192.168.0.102:9618?addrs=192.168.0.102-9618&alias=submitter&noUDP&sock=schedd_2032_5c88>
...
001 (270632.000.000) 2025-01-22 00:06:03 Job executing on host: <192.168.0.111:9618?addrs=192.168.0.111-9618&alias=node111.di.rm1&noUDP&sock=startd_2044_97ab>
...
006 (270632.000.000) 2025-01-22 00:06:12 Image size of job updated: 507064
	493  -  MemoryUsage of job (MB)
	504196  -  ResidentSetSize of job (KB)
...
006 (270632.000.000) 2025-01-22 00:06:15 Image size of job updated: 556700
	494  -  MemoryUsage of job (MB)
	505120  -  ResidentSetSize of job (KB)
...
005 (270632.000.000) 2025-01-22 00:06:15 Job terminated.
	(1) Normal termination (return value 0)
		Usr 0 00:00:17, Sys 0 00:00:01  -  Run Remote Usage
		Usr 0 00:00:00, Sys 0 00:00:00  -  Run Local Usage
		Usr 0 00:00:17, Sys 0 00:00:01  -  Total Remote Usage
		Usr 0 00:00:00, Sys 0 00:00:00  -  Total Local Usage
	0  -  Run Bytes Sent By Job
	0  -  Run Bytes Received By Job
	0  -  Total Bytes Sent By Job
	0  -  Total Bytes Received By Job
	Partitionable Resources :    Usage  Request Allocated 
	   Cpus                 :                 1         1 
	   Disk (KB)            :       27       27    468058 
	   Gpus (Average)       :                 0         0 
	   Memory (MB)          :      494        1       128 

	Job terminated of its own accord at 2025-01-22T00:06:15Z with exit-code 0.
...
000 (276786.000.000) 2025-01-24 05:15:39 Job submitted from host: <192.168.0.102:9618?addrs=192.168.0.102-9618&alias=submitter&noUDP&sock=schedd_2032_5c88>
...
001 (276786.000.000) 2025-01-24 05:15:49 Job executing on host: <192.168.0.124:9618?addrs=192.168.0.124-9618&alias=node124.di.rm1&noUDP&sock=startd_2143_7f8b>
...
006 (276786.000.000) 2025-01-24 05:15:58 Image size of job updated: 494484
	481  -  MemoryUsage of job (MB)
	492240  -  ResidentSetSize of job (KB)
...
006 (276786.000.000) 2025-01-24 05:16:01 Image size of job updated: 603576
	481  -  MemoryUsage of job (MB)
	492240  -  ResidentSetSize of job (KB)
...
005 (276786.000.000) 2025-01-24 05:16:01 Job terminated.
	(1) Normal termination (return value 0)
		Usr 0 00:00:18, Sys 0 00:00:01  -  Run Remote Usage
		Usr 0 00:00:00, Sys 0 00:00:00  -  Run Local Usage
		Usr 0 00:00:18, Sys 0 00:00:01  -  Total Remote Usage
		Usr 0 00:00:00, Sys 0 00:00:00  -  Total Local Usage
	0  -  Run Bytes Sent By Job
	0  -  Run Bytes Received By Job
	0  -  Total Bytes Sent By Job
	0  -  Total Bytes Received By Job
	Partitionable Resources :    Usage  Request Allocated 
	   Cpus                 :                 1         1 
	   Disk (KB)            :       27       27    499302 
	   Gpus (Average)       :                 0         0 
	   Memory (MB)          :      481        1       128 

	Job terminated of its own accord at 2025-01-24T05:16:01Z with exit-code 0.
...
