000 (272968.000.000) 2025-01-23 10:19:24 Job submitted from host: <192.168.0.102:9618?addrs=192.168.0.102-9618&alias=submitter&noUDP&sock=schedd_2032_5c88>
...
014 (272968.000.000) 2025-01-23 10:19:32 Node 0 executing on host: <192.168.0.104:9618?addrs=192.168.0.104-9618&alias=node104.di.rm1&noUDP&sock=startd_1987_7ec5>
...
014 (272968.000.001) 2025-01-23 10:19:32 Node 1 executing on host: <192.168.0.134:9618?addrs=192.168.0.134-9618&alias=node134.di.rm1&noUDP&sock=startd_2073_7bea>
...
001 (272968.000.000) 2025-01-23 10:19:32 Job executing on host: MPI_job
...
008 (272968.000.000) 2025-01-23 10:19:34 Launching orted on Node 1 of 2
...
008 (272968.000.000) 2025-01-23 10:19:34 Launching orted on Node 0 of 2
...
008 (272968.000.000) 2025-01-23 10:19:35 orted exited on Node 1 of 2
...
008 (272968.000.000) 2025-01-23 10:19:35 orted exited on Node 0 of 2
...
015 (272968.000.000) 2025-01-23 10:19:35 Node 0 terminated.
	(1) Normal termination (return value 0)
		Usr 0 00:00:00, Sys 0 00:00:00  -  Run Remote Usage
		Usr 0 00:00:00, Sys 0 00:00:00  -  Run Local Usage
		Usr 0 00:00:00, Sys 0 00:00:00  -  Total Remote Usage
		Usr 0 00:00:00, Sys 0 00:00:00  -  Total Local Usage
	3256  -  Run Bytes Sent By Node
	33639  -  Run Bytes Received By Node
	3256  -  Total Bytes Sent By Node
	33639  -  Total Bytes Received By Node
...
005 (272968.000.000) 2025-01-23 10:19:35 Job terminated.
	(1) Normal termination (return value 0)
		Usr 0 00:00:00, Sys 0 00:00:01  -  Run Remote Usage
		Usr 0 00:00:00, Sys 0 00:00:00  -  Run Local Usage
		Usr 0 00:00:00, Sys 0 00:00:00  -  Total Remote Usage
		Usr 0 00:00:00, Sys 0 00:00:00  -  Total Local Usage
	3256  -  Run Bytes Sent By Job
	67278  -  Run Bytes Received By Job
	3256  -  Total Bytes Sent By Job
	67278  -  Total Bytes Received By Job
	Partitionable Resources :    Usage  Request Allocated 
	   Cpus                 :                 1         2 
	   Disk (KB)            :       49       35 102792276 
	   Memory (MB)          :        0        1    100096 

	Job terminated of its own accord at 2025-01-23T10:19:35Z with exit-code 0.
...
000 (273285.000.000) 2025-01-23 10:51:39 Job submitted from host: <192.168.0.102:9618?addrs=192.168.0.102-9618&alias=submitter&noUDP&sock=schedd_2032_5c88>
...
014 (273285.000.000) 2025-01-23 10:51:46 Node 0 executing on host: <192.168.0.120:9618?addrs=192.168.0.120-9618&alias=node120.di.rm1&noUDP&sock=startd_2096_4298>
...
014 (273285.000.001) 2025-01-23 10:51:46 Node 1 executing on host: <192.168.0.143:9618?addrs=192.168.0.143-9618&alias=node143.di.rm1&noUDP&sock=startd_2061_40c7>
...
001 (273285.000.000) 2025-01-23 10:51:46 Job executing on host: MPI_job
...
008 (273285.000.000) 2025-01-23 10:51:48 Launching orted on Node 0 of 2
...
008 (273285.000.000) 2025-01-23 10:51:49 Launching orted on Node 1 of 2
...
008 (273285.000.000) 2025-01-23 10:51:50 orted exited on Node 0 of 2
...
008 (273285.000.000) 2025-01-23 10:51:50 orted exited on Node 1 of 2
...
015 (273285.000.000) 2025-01-23 10:51:50 Node 0 terminated.
	(1) Normal termination (return value 0)
		Usr 0 00:00:01, Sys 0 00:00:00  -  Run Remote Usage
		Usr 0 00:00:00, Sys 0 00:00:00  -  Run Local Usage
		Usr 0 00:00:01, Sys 0 00:00:00  -  Total Remote Usage
		Usr 0 00:00:00, Sys 0 00:00:00  -  Total Local Usage
	3297  -  Run Bytes Sent By Node
	33639  -  Run Bytes Received By Node
	3297  -  Total Bytes Sent By Node
	33639  -  Total Bytes Received By Node
...
005 (273285.000.000) 2025-01-23 10:51:50 Job terminated.
	(1) Normal termination (return value 0)
		Usr 0 00:00:01, Sys 0 00:00:00  -  Run Remote Usage
		Usr 0 00:00:00, Sys 0 00:00:00  -  Run Local Usage
		Usr 0 00:00:01, Sys 0 00:00:00  -  Total Remote Usage
		Usr 0 00:00:00, Sys 0 00:00:00  -  Total Local Usage
	3297  -  Run Bytes Sent By Job
	67278  -  Run Bytes Received By Job
	3297  -  Total Bytes Sent By Job
	67278  -  Total Bytes Received By Job
	Partitionable Resources :    Usage  Request Allocated 
	   Cpus                 :                 1         1 
	   Disk (KB)            :       50       35  21575424 
	   GPUs                 :                           1 
	   Memory (MB)          :        0        0     20480 

	Job terminated of its own accord at 2025-01-23T10:51:50Z with exit-code 0.
...
000 (278061.000.000) 2025-01-24 07:41:51 Job submitted from host: <192.168.0.102:9618?addrs=192.168.0.102-9618&alias=submitter&noUDP&sock=schedd_2032_5c88>
...
014 (278061.000.000) 2025-01-24 07:42:00 Node 0 executing on host: <192.168.0.110:9618?addrs=192.168.0.110-9618&alias=node110.di.rm1&noUDP&sock=startd_2185_4e86>
...
014 (278061.000.001) 2025-01-24 07:42:00 Node 1 executing on host: <192.168.0.130:9618?addrs=192.168.0.130-9618&alias=node130.di.rm1&noUDP&sock=startd_2751195_838e>
...
001 (278061.000.000) 2025-01-24 07:42:00 Job executing on host: MPI_job
...
008 (278061.000.000) 2025-01-24 07:42:02 Launching orted on Node 0 of 2
...
008 (278061.000.000) 2025-01-24 07:42:02 Launching orted on Node 1 of 2
...
008 (278061.000.000) 2025-01-24 07:42:03 orted exited on Node 1 of 2
...
008 (278061.000.000) 2025-01-24 07:42:03 orted exited on Node 0 of 2
...
015 (278061.000.000) 2025-01-24 07:42:03 Node 0 terminated.
	(1) Normal termination (return value 0)
		Usr 0 00:00:00, Sys 0 00:00:00  -  Run Remote Usage
		Usr 0 00:00:00, Sys 0 00:00:00  -  Run Local Usage
		Usr 0 00:00:00, Sys 0 00:00:00  -  Total Remote Usage
		Usr 0 00:00:00, Sys 0 00:00:00  -  Total Local Usage
	3664  -  Run Bytes Sent By Node
	33639  -  Run Bytes Received By Node
	3664  -  Total Bytes Sent By Node
	33639  -  Total Bytes Received By Node
...
015 (278061.000.001) 2025-01-24 07:42:03 Node 1 terminated.
	(1) Normal termination (return value 0)
		Usr 0 00:00:00, Sys 0 00:00:00  -  Run Remote Usage
		Usr 0 00:00:00, Sys 0 00:00:00  -  Run Local Usage
		Usr 0 00:00:00, Sys 0 00:00:00  -  Total Remote Usage
		Usr 0 00:00:00, Sys 0 00:00:00  -  Total Local Usage
	2165  -  Run Bytes Sent By Node
	33639  -  Run Bytes Received By Node
	2165  -  Total Bytes Sent By Node
	33639  -  Total Bytes Received By Node
...
005 (278061.000.000) 2025-01-24 07:42:03 Job terminated.
	(1) Normal termination (return value 0)
		Usr 0 00:00:00, Sys 0 00:00:00  -  Run Remote Usage
		Usr 0 00:00:00, Sys 0 00:00:00  -  Run Local Usage
		Usr 0 00:00:00, Sys 0 00:00:00  -  Total Remote Usage
		Usr 0 00:00:00, Sys 0 00:00:00  -  Total Local Usage
	5829  -  Run Bytes Sent By Job
	67278  -  Run Bytes Received By Job
	5829  -  Total Bytes Sent By Job
	67278  -  Total Bytes Received By Job
	Partitionable Resources :    Usage  Request Allocated 
	   Cpus                 :                 1         1 
	   Disk (KB)            :       50       35  21531979 
	   GPUs                 :                           1 
	   Memory (MB)          :        0        0     65536 

	Job terminated of its own accord at 2025-01-24T07:42:03Z with exit-code 0.
...
000 (285977.000.000) 2025-01-28 14:41:11 Job submitted from host: <192.168.0.102:9618?addrs=192.168.0.102-9618&alias=submitter&noUDP&sock=schedd_2032_5c88>
...
009 (285977.000.000) 2025-01-28 14:41:34 Job was aborted.
	via condor_rm (by user calzona_2046920)
...
000 (286189.000.000) 2025-01-28 14:56:14 Job submitted from host: <192.168.0.102:9618?addrs=192.168.0.102-9618&alias=submitter&noUDP&sock=schedd_2032_5c88>
...
014 (286189.000.000) 2025-01-28 14:56:23 Node 0 executing on host: <192.168.0.105:9618?addrs=192.168.0.105-9618&alias=node105.di.rm1&noUDP&sock=startd_1951_cd5c>
...
014 (286189.000.001) 2025-01-28 14:56:23 Node 1 executing on host: <192.168.0.124:9618?addrs=192.168.0.124-9618&alias=node124.di.rm1&noUDP&sock=startd_2143_7f8b>
...
001 (286189.000.000) 2025-01-28 14:56:23 Job executing on host: MPI_job
...
008 (286189.000.000) 2025-01-28 14:56:25 Launching orted on Node 0 of 2
...
008 (286189.000.000) 2025-01-28 14:56:25 Launching orted on Node 1 of 2
...
008 (286189.000.000) 2025-01-28 14:56:26 orted exited on Node 0 of 2
...
008 (286189.000.000) 2025-01-28 14:56:26 orted exited on Node 1 of 2
...
015 (286189.000.000) 2025-01-28 14:56:26 Node 0 terminated.
	(1) Normal termination (return value 0)
		Usr 0 00:00:01, Sys 0 00:00:01  -  Run Remote Usage
		Usr 0 00:00:00, Sys 0 00:00:00  -  Run Local Usage
		Usr 0 00:00:01, Sys 0 00:00:01  -  Total Remote Usage
		Usr 0 00:00:00, Sys 0 00:00:00  -  Total Local Usage
	3620  -  Run Bytes Sent By Node
	33591  -  Run Bytes Received By Node
	3620  -  Total Bytes Sent By Node
	33591  -  Total Bytes Received By Node
...
005 (286189.000.000) 2025-01-28 14:56:26 Job terminated.
	(1) Normal termination (return value 0)
		Usr 0 00:00:01, Sys 0 00:00:02  -  Run Remote Usage
		Usr 0 00:00:00, Sys 0 00:00:00  -  Run Local Usage
		Usr 0 00:00:01, Sys 0 00:00:01  -  Total Remote Usage
		Usr 0 00:00:00, Sys 0 00:00:00  -  Total Local Usage
	3620  -  Run Bytes Sent By Job
	67182  -  Run Bytes Received By Job
	3620  -  Total Bytes Sent By Job
	67182  -  Total Bytes Received By Job
	Partitionable Resources :    Usage  Request Allocated 
	   Cpus                 :                 1         2 
	   Disk (KB)            :       50       35 102901527 
	   Memory (MB)          :        0        0    100096 

	Job terminated of its own accord at 2025-01-28T14:56:26Z with exit-code 0.
...
