000 (279544.000.000) 2025-01-24 10:56:51 Job submitted from host: <192.168.0.102:9618?addrs=192.168.0.102-9618&alias=submitter&noUDP&sock=schedd_2032_5c88>
...
014 (279544.000.000) 2025-01-24 10:56:58 Node 0 executing on host: <192.168.0.130:9618?addrs=192.168.0.130-9618&alias=node130.di.rm1&noUDP&sock=startd_2751195_838e>
...
014 (279544.000.003) 2025-01-24 10:56:58 Node 3 executing on host: <192.168.0.116:9618?addrs=192.168.0.116-9618&alias=node116.di.rm1&noUDP&sock=startd_1847_7783>
...
014 (279544.000.002) 2025-01-24 10:56:58 Node 2 executing on host: <192.168.0.140:9618?addrs=192.168.0.140-9618&alias=node140.di.rm1&noUDP&sock=startd_1890_f615>
...
014 (279544.000.001) 2025-01-24 10:56:58 Node 1 executing on host: <192.168.0.145:9618?addrs=192.168.0.145-9618&alias=node145.di.rm1&noUDP&sock=startd_1869_8e98>
...
014 (279544.000.004) 2025-01-24 10:56:59 Node 4 executing on host: <192.168.0.145:9618?addrs=192.168.0.145-9618&alias=node145.di.rm1&noUDP&sock=startd_1869_8e98>
...
014 (279544.000.005) 2025-01-24 10:56:59 Node 5 executing on host: <192.168.0.146:9618?addrs=192.168.0.146-9618&alias=node146.di.rm1&noUDP&sock=startd_1984_6ffc>
...
014 (279544.000.006) 2025-01-24 10:56:59 Node 6 executing on host: <192.168.0.141:9618?addrs=192.168.0.141-9618&alias=node141.di.rm1&noUDP&sock=startd_2077_3a4b>
...
014 (279544.000.007) 2025-01-24 10:56:59 Node 7 executing on host: <192.168.0.120:9618?addrs=192.168.0.120-9618&alias=node120.di.rm1&noUDP&sock=startd_2096_4298>
...
001 (279544.000.000) 2025-01-24 10:56:59 Job executing on host: MPI_job
...
008 (279544.000.000) 2025-01-24 10:57:00 Launching orted on Node 3 of 8
...
008 (279544.000.000) 2025-01-24 10:57:00 Launching orted on Node 2 of 8
...
008 (279544.000.000) 2025-01-24 10:57:01 Launching orted on Node 0 of 8
...
008 (279544.000.000) 2025-01-24 10:57:01 Launching orted on Node 1 of 8
...
008 (279544.000.000) 2025-01-24 10:57:01 Launching orted on Node 5 of 8
...
008 (279544.000.000) 2025-01-24 10:57:01 Launching orted on Node 6 of 8
...
008 (279544.000.000) 2025-01-24 10:57:01 Launching orted on Node 4 of 8
...
008 (279544.000.000) 2025-01-24 10:57:01 Launching orted on Node 7 of 8
...
008 (279544.000.000) 2025-01-24 10:57:03 orted exited on Node 2 of 8
...
008 (279544.000.000) 2025-01-24 10:57:03 orted exited on Node 0 of 8
...
008 (279544.000.000) 2025-01-24 10:57:03 orted exited on Node 5 of 8
...
008 (279544.000.000) 2025-01-24 10:57:03 orted exited on Node 6 of 8
...
008 (279544.000.000) 2025-01-24 10:57:03 orted exited on Node 1 of 8
...
008 (279544.000.000) 2025-01-24 10:57:03 orted exited on Node 7 of 8
...
008 (279544.000.000) 2025-01-24 10:57:03 orted exited on Node 4 of 8
...
008 (279544.000.000) 2025-01-24 10:57:03 orted exited on Node 3 of 8
...
004 (279544.000.000) 2025-01-24 10:57:47 Job was evicted.
	(0) CPU times
		Usr 0 00:00:09, Sys 0 00:00:02  -  Run Remote Usage
		Usr 0 00:00:00, Sys 0 00:00:00  -  Run Local Usage
	0  -  Run Bytes Sent By Job
	269112  -  Run Bytes Received By Job
	Partitionable Resources :    Usage  Request Allocated 
	   Cpus                 :                 1         1 
	   Disk (KB)            :       50       35    472313 
	   Memory (MB)          :        0        0     20480 
...
009 (279544.000.000) 2025-01-24 10:57:47 Job was aborted.
	via condor_rm (by user calzona_2046920)

	Job terminated by itself at 2025-01-24T10:57:03Z (using method 0: OF_ITS_OWN_ACCORD).
...
000 (287881.000.000) 2025-01-28 17:53:06 Job submitted from host: <192.168.0.102:9618?addrs=192.168.0.102-9618&alias=submitter&noUDP&sock=schedd_2032_5c88>
...
014 (287881.000.000) 2025-01-28 17:53:13 Node 0 executing on host: <192.168.0.137:9618?addrs=192.168.0.137-9618&alias=node137.di.rm1&noUDP&sock=startd_1934_2440>
...
014 (287881.000.001) 2025-01-28 17:53:14 Node 1 executing on host: <192.168.0.132:9618?addrs=192.168.0.132-9618&alias=node132.di.rm1&noUDP&sock=startd_1999_b9e8>
...
014 (287881.000.003) 2025-01-28 17:53:14 Node 3 executing on host: <192.168.0.141:9618?addrs=192.168.0.141-9618&alias=node141.di.rm1&noUDP&sock=startd_2077_3a4b>
...
014 (287881.000.002) 2025-01-28 17:53:14 Node 2 executing on host: <192.168.0.111:9618?addrs=192.168.0.111-9618&alias=node111.di.rm1&noUDP&sock=startd_2044_97ab>
...
014 (287881.000.004) 2025-01-28 17:53:14 Node 4 executing on host: <192.168.0.108:9618?addrs=192.168.0.108-9618&alias=node108.di.rm1&noUDP&sock=startd_1979_0203>
...
014 (287881.000.005) 2025-01-28 17:53:14 Node 5 executing on host: <192.168.0.147:9618?addrs=192.168.0.147-9618&alias=node147.di.rm1&noUDP&sock=startd_1513_5ee1>
...
014 (287881.000.006) 2025-01-28 17:53:14 Node 6 executing on host: <192.168.0.112:9618?addrs=192.168.0.112-9618&alias=node112.di.rm1&noUDP&sock=startd_2169_5502>
...
014 (287881.000.007) 2025-01-28 17:53:14 Node 7 executing on host: <192.168.0.142:9618?addrs=192.168.0.142-9618&alias=node142.di.rm1&noUDP&sock=startd_1996_ab1f>
...
001 (287881.000.000) 2025-01-28 17:53:14 Job executing on host: MPI_job
...
008 (287881.000.000) 2025-01-28 17:53:16 Launching orted on Node 0 of 8
...
008 (287881.000.000) 2025-01-28 17:53:16 Launching orted on Node 1 of 8
...
008 (287881.000.000) 2025-01-28 17:53:16 Launching orted on Node 2 of 8
...
008 (287881.000.000) 2025-01-28 17:53:16 Launching orted on Node 3 of 8
...
008 (287881.000.000) 2025-01-28 17:53:16 Launching orted on Node 5 of 8
...
008 (287881.000.000) 2025-01-28 17:53:16 Launching orted on Node 4 of 8
...
008 (287881.000.000) 2025-01-28 17:53:16 Launching orted on Node 6 of 8
...
008 (287881.000.000) 2025-01-28 17:53:16 Launching orted on Node 7 of 8
...
008 (287881.000.000) 2025-01-28 17:53:18 orted exited on Node 1 of 8
...
008 (287881.000.000) 2025-01-28 17:53:18 orted exited on Node 5 of 8
...
008 (287881.000.000) 2025-01-28 17:53:18 orted exited on Node 7 of 8
...
008 (287881.000.000) 2025-01-28 17:53:18 orted exited on Node 3 of 8
...
008 (287881.000.000) 2025-01-28 17:53:18 orted exited on Node 4 of 8
...
008 (287881.000.000) 2025-01-28 17:53:18 orted exited on Node 2 of 8
...
008 (287881.000.000) 2025-01-28 17:53:18 orted exited on Node 0 of 8
...
008 (287881.000.000) 2025-01-28 17:53:18 orted exited on Node 6 of 8
...
015 (287881.000.005) 2025-01-28 17:53:18 Node 5 terminated.
	(1) Normal termination (return value 0)
		Usr 0 00:00:02, Sys 0 00:00:01  -  Run Remote Usage
		Usr 0 00:00:00, Sys 0 00:00:00  -  Run Local Usage
		Usr 0 00:00:02, Sys 0 00:00:01  -  Total Remote Usage
		Usr 0 00:00:00, Sys 0 00:00:00  -  Total Local Usage
	2165  -  Run Bytes Sent By Node
	33591  -  Run Bytes Received By Node
	2165  -  Total Bytes Sent By Node
	33591  -  Total Bytes Received By Node
...
015 (287881.000.001) 2025-01-28 17:53:18 Node 1 terminated.
	(1) Normal termination (return value 0)
		Usr 0 00:00:01, Sys 0 00:00:00  -  Run Remote Usage
		Usr 0 00:00:00, Sys 0 00:00:00  -  Run Local Usage
		Usr 0 00:00:01, Sys 0 00:00:00  -  Total Remote Usage
		Usr 0 00:00:00, Sys 0 00:00:00  -  Total Local Usage
	2165  -  Run Bytes Sent By Node
	33591  -  Run Bytes Received By Node
	2165  -  Total Bytes Sent By Node
	33591  -  Total Bytes Received By Node
...
015 (287881.000.003) 2025-01-28 17:53:18 Node 3 terminated.
	(1) Normal termination (return value 0)
		Usr 0 00:00:02, Sys 0 00:00:00  -  Run Remote Usage
		Usr 0 00:00:00, Sys 0 00:00:00  -  Run Local Usage
		Usr 0 00:00:02, Sys 0 00:00:00  -  Total Remote Usage
		Usr 0 00:00:00, Sys 0 00:00:00  -  Total Local Usage
	2165  -  Run Bytes Sent By Node
	33591  -  Run Bytes Received By Node
	2165  -  Total Bytes Sent By Node
	33591  -  Total Bytes Received By Node
...
015 (287881.000.000) 2025-01-28 17:53:18 Node 0 terminated.
	(1) Normal termination (return value 0)
		Usr 0 00:00:00, Sys 0 00:00:00  -  Run Remote Usage
		Usr 0 00:00:00, Sys 0 00:00:00  -  Run Local Usage
		Usr 0 00:00:00, Sys 0 00:00:00  -  Total Remote Usage
		Usr 0 00:00:00, Sys 0 00:00:00  -  Total Local Usage
	3262  -  Run Bytes Sent By Node
	33591  -  Run Bytes Received By Node
	3262  -  Total Bytes Sent By Node
	33591  -  Total Bytes Received By Node
...
015 (287881.000.004) 2025-01-28 17:53:18 Node 4 terminated.
	(1) Normal termination (return value 0)
		Usr 0 00:00:02, Sys 0 00:00:00  -  Run Remote Usage
		Usr 0 00:00:00, Sys 0 00:00:00  -  Run Local Usage
		Usr 0 00:00:02, Sys 0 00:00:00  -  Total Remote Usage
		Usr 0 00:00:00, Sys 0 00:00:00  -  Total Local Usage
	2165  -  Run Bytes Sent By Node
	33591  -  Run Bytes Received By Node
	2165  -  Total Bytes Sent By Node
	33591  -  Total Bytes Received By Node
...
005 (287881.000.000) 2025-01-28 17:53:18 Job terminated.
	(1) Normal termination (return value 0)
		Usr 0 00:00:09, Sys 0 00:00:01  -  Run Remote Usage
		Usr 0 00:00:00, Sys 0 00:00:00  -  Run Local Usage
		Usr 0 00:00:00, Sys 0 00:00:00  -  Total Remote Usage
		Usr 0 00:00:00, Sys 0 00:00:00  -  Total Local Usage
	14109  -  Run Bytes Sent By Job
	268728  -  Run Bytes Received By Job
	14109  -  Total Bytes Sent By Job
	268728  -  Total Bytes Received By Job
	Partitionable Resources :    Usage  Request Allocated 
	   Cpus                 :                 1         2 
	   Disk (KB)            :       51       35 102846057 
	   Memory (MB)          :        0        0    100096 

	Job terminated of its own accord at 2025-01-28T17:53:18Z with exit-code 0.
...
