000 (279162.000.000) 2025-01-24 10:19:15 Job submitted from host: <192.168.0.102:9618?addrs=192.168.0.102-9618&alias=submitter&noUDP&sock=schedd_2032_5c88>
...
014 (279162.000.003) 2025-01-24 10:19:20 Node 3 executing on host: <192.168.0.148:9618?addrs=192.168.0.148-9618&alias=node148.di.rm1&noUDP&sock=startd_1547_b119>
...
014 (279162.000.000) 2025-01-24 10:19:20 Node 0 executing on host: <192.168.0.135:9618?addrs=192.168.0.135-9618&alias=node135.di.rm1&noUDP&sock=startd_2000_6980>
...
014 (279162.000.002) 2025-01-24 10:19:20 Node 2 executing on host: <192.168.0.147:9618?addrs=192.168.0.147-9618&alias=node147.di.rm1&noUDP&sock=startd_1513_5ee1>
...
014 (279162.000.005) 2025-01-24 10:19:20 Node 5 executing on host: <192.168.0.135:9618?addrs=192.168.0.135-9618&alias=node135.di.rm1&noUDP&sock=startd_2000_6980>
...
014 (279162.000.006) 2025-01-24 10:19:20 Node 6 executing on host: <192.168.0.106:9618?addrs=192.168.0.106-9618&alias=node106.di.rm1&noUDP&sock=startd_1970_d5a9>
...
014 (279162.000.004) 2025-01-24 10:19:20 Node 4 executing on host: <192.168.0.120:9618?addrs=192.168.0.120-9618&alias=node120.di.rm1&noUDP&sock=startd_2096_4298>
...
014 (279162.000.001) 2025-01-24 10:19:20 Node 1 executing on host: <192.168.0.145:9618?addrs=192.168.0.145-9618&alias=node145.di.rm1&noUDP&sock=startd_1869_8e98>
...
014 (279162.000.007) 2025-01-24 10:19:20 Node 7 executing on host: <192.168.0.145:9618?addrs=192.168.0.145-9618&alias=node145.di.rm1&noUDP&sock=startd_1869_8e98>
...
001 (279162.000.000) 2025-01-24 10:19:20 Job executing on host: MPI_job
...
008 (279162.000.000) 2025-01-24 10:19:22 Launching orted on Node 3 of 8
...
008 (279162.000.000) 2025-01-24 10:19:22 Launching orted on Node 0 of 8
...
008 (279162.000.000) 2025-01-24 10:19:22 Launching orted on Node 2 of 8
...
008 (279162.000.000) 2025-01-24 10:19:22 Launching orted on Node 5 of 8
...
008 (279162.000.000) 2025-01-24 10:19:22 Launching orted on Node 6 of 8
...
008 (279162.000.000) 2025-01-24 10:19:22 Launching orted on Node 4 of 8
...
008 (279162.000.000) 2025-01-24 10:19:22 Launching orted on Node 7 of 8
...
008 (279162.000.000) 2025-01-24 10:19:22 Launching orted on Node 1 of 8
...
008 (279162.000.000) 2025-01-24 10:19:23 orted exited on Node 0 of 8
...
008 (279162.000.000) 2025-01-24 10:19:23 orted exited on Node 6 of 8
...
008 (279162.000.000) 2025-01-24 10:19:23 orted exited on Node 2 of 8
...
008 (279162.000.000) 2025-01-24 10:19:23 orted exited on Node 5 of 8
...
008 (279162.000.000) 2025-01-24 10:19:23 orted exited on Node 3 of 8
...
008 (279162.000.000) 2025-01-24 10:19:23 orted exited on Node 4 of 8
...
008 (279162.000.000) 2025-01-24 10:19:23 orted exited on Node 7 of 8
...
008 (279162.000.000) 2025-01-24 10:19:23 orted exited on Node 1 of 8
...
015 (279162.000.002) 2025-01-24 10:19:23 Node 2 terminated.
	(1) Normal termination (return value 0)
		Usr 0 00:00:00, Sys 0 00:00:00  -  Run Remote Usage
		Usr 0 00:00:00, Sys 0 00:00:00  -  Run Local Usage
		Usr 0 00:00:00, Sys 0 00:00:00  -  Total Remote Usage
		Usr 0 00:00:00, Sys 0 00:00:00  -  Total Local Usage
	2165  -  Run Bytes Sent By Node
	33639  -  Run Bytes Received By Node
	2165  -  Total Bytes Sent By Node
	33639  -  Total Bytes Received By Node
...
015 (279162.000.003) 2025-01-24 10:19:23 Node 3 terminated.
	(1) Normal termination (return value 0)
		Usr 0 00:00:00, Sys 0 00:00:00  -  Run Remote Usage
		Usr 0 00:00:00, Sys 0 00:00:00  -  Run Local Usage
		Usr 0 00:00:00, Sys 0 00:00:00  -  Total Remote Usage
		Usr 0 00:00:00, Sys 0 00:00:00  -  Total Local Usage
	2165  -  Run Bytes Sent By Node
	33639  -  Run Bytes Received By Node
	2165  -  Total Bytes Sent By Node
	33639  -  Total Bytes Received By Node
...
015 (279162.000.006) 2025-01-24 10:19:23 Node 6 terminated.
	(1) Normal termination (return value 0)
		Usr 0 00:00:00, Sys 0 00:00:00  -  Run Remote Usage
		Usr 0 00:00:00, Sys 0 00:00:00  -  Run Local Usage
		Usr 0 00:00:00, Sys 0 00:00:00  -  Total Remote Usage
		Usr 0 00:00:00, Sys 0 00:00:00  -  Total Local Usage
	2165  -  Run Bytes Sent By Node
	33639  -  Run Bytes Received By Node
	2165  -  Total Bytes Sent By Node
	33639  -  Total Bytes Received By Node
...
015 (279162.000.005) 2025-01-24 10:19:23 Node 5 terminated.
	(1) Normal termination (return value 0)
		Usr 0 00:00:00, Sys 0 00:00:00  -  Run Remote Usage
		Usr 0 00:00:00, Sys 0 00:00:00  -  Run Local Usage
		Usr 0 00:00:00, Sys 0 00:00:00  -  Total Remote Usage
		Usr 0 00:00:00, Sys 0 00:00:00  -  Total Local Usage
	0  -  Run Bytes Sent By Node
	33639  -  Run Bytes Received By Node
	0  -  Total Bytes Sent By Node
	33639  -  Total Bytes Received By Node
...
015 (279162.000.000) 2025-01-24 10:19:23 Node 0 terminated.
	(1) Normal termination (return value 0)
		Usr 0 00:00:01, Sys 0 00:00:01  -  Run Remote Usage
		Usr 0 00:00:00, Sys 0 00:00:00  -  Run Local Usage
		Usr 0 00:00:01, Sys 0 00:00:01  -  Total Remote Usage
		Usr 0 00:00:00, Sys 0 00:00:00  -  Total Local Usage
	3729  -  Run Bytes Sent By Node
	33639  -  Run Bytes Received By Node
	3729  -  Total Bytes Sent By Node
	33639  -  Total Bytes Received By Node
...
005 (279162.000.000) 2025-01-24 10:19:23 Job terminated.
	(1) Normal termination (return value 0)
		Usr 0 00:00:01, Sys 0 00:00:01  -  Run Remote Usage
		Usr 0 00:00:00, Sys 0 00:00:00  -  Run Local Usage
		Usr 0 00:00:01, Sys 0 00:00:01  -  Total Remote Usage
		Usr 0 00:00:00, Sys 0 00:00:00  -  Total Local Usage
	12411  -  Run Bytes Sent By Job
	269112  -  Run Bytes Received By Job
	12411  -  Total Bytes Sent By Job
	269112  -  Total Bytes Received By Job
	Partitionable Resources :    Usage  Request Allocated 
	   Cpus                 :                 1         1 
	   Disk (KB)            :       50       35    470875 
	   Memory (MB)          :        0        0     20480 

	Job terminated of its own accord at 2025-01-24T10:19:23Z with exit-code 0.
...
