000 (268882.000.000) 2025-01-21 22:09:59 Job submitted from host: <192.168.0.102:9618?addrs=192.168.0.102-9618&alias=submitter&noUDP&sock=schedd_2032_5c88>
...
001 (268882.000.000) 2025-01-21 22:09:59 Job executing on host: <192.168.0.130:9618?addrs=192.168.0.130-9618&alias=node130.di.rm1&noUDP&sock=startd_2751195_838e>
...
006 (268882.000.000) 2025-01-21 22:10:08 Image size of job updated: 778800
	761  -  MemoryUsage of job (MB)
	778800  -  ResidentSetSize of job (KB)
...
006 (268882.000.000) 2025-01-21 22:10:22 Image size of job updated: 1977492
	764  -  MemoryUsage of job (MB)
	781572  -  ResidentSetSize of job (KB)
...
004 (268882.000.000) 2025-01-21 22:10:22 Job was evicted.
	(0) CPU times
		Usr 0 00:00:22, Sys 0 00:00:00  -  Run Remote Usage
		Usr 0 00:00:00, Sys 0 00:00:00  -  Run Local Usage
	0  -  Run Bytes Sent By Job
	0  -  Run Bytes Received By Job
	Partitionable Resources :    Usage  Request Allocated 
	   Cpus                 :                 1         1 
	   Disk (KB)            :       27       27    472313 
	   Memory (MB)          :      764        1       128 
...
009 (268882.000.000) 2025-01-21 22:10:22 Job was aborted.
	via condor_rm (by user calzona_2046920)
...
000 (269033.000.000) 2025-01-21 22:17:33 Job submitted from host: <192.168.0.102:9618?addrs=192.168.0.102-9618&alias=submitter&noUDP&sock=schedd_2032_5c88>
...
001 (269033.000.000) 2025-01-21 22:17:35 Job executing on host: <192.168.0.151:9618?addrs=192.168.0.151-9618&alias=node151.di.rm1&noUDP&sock=startd_1528_a8cd>
...
006 (269033.000.000) 2025-01-21 22:17:44 Image size of job updated: 702896
	687  -  MemoryUsage of job (MB)
	702896  -  ResidentSetSize of job (KB)
...
006 (269033.000.000) 2025-01-21 22:17:52 Image size of job updated: 1147604
	687  -  MemoryUsage of job (MB)
	703292  -  ResidentSetSize of job (KB)
...
004 (269033.000.000) 2025-01-21 22:17:52 Job was evicted.
	(0) CPU times
		Usr 0 00:00:14, Sys 0 00:00:01  -  Run Remote Usage
		Usr 0 00:00:00, Sys 0 00:00:00  -  Run Local Usage
	0  -  Run Bytes Sent By Job
	0  -  Run Bytes Received By Job
	Partitionable Resources :    Usage  Request Allocated 
	   Cpus                 :                 1         1 
	   Disk (KB)            :       27       27    474791 
	   Memory (MB)          :      687        1       128 
...
009 (269033.000.000) 2025-01-21 22:17:52 Job was aborted.
	via condor_rm (by user calzona_2046920)
...
