000 (274205.000.000) 2025-01-23 11:41:59 Job submitted from host: <192.168.0.102:9618?addrs=192.168.0.102-9618&alias=submitter&noUDP&sock=schedd_2032_5c88>
...
014 (274205.000.000) 2025-01-23 11:42:04 Node 0 executing on host: <192.168.0.113:9618?addrs=192.168.0.113-9618&alias=node113.di.rm1&noUDP&sock=startd_3668932_c305>
...
014 (274205.000.001) 2025-01-23 11:42:04 Node 1 executing on host: <192.168.0.113:9618?addrs=192.168.0.113-9618&alias=node113.di.rm1&noUDP&sock=startd_3668932_c305>
...
014 (274205.000.002) 2025-01-23 11:42:04 Node 2 executing on host: <192.168.0.141:9618?addrs=192.168.0.141-9618&alias=node141.di.rm1&noUDP&sock=startd_2077_3a4b>
...
014 (274205.000.003) 2025-01-23 11:42:04 Node 3 executing on host: <192.168.0.105:9618?addrs=192.168.0.105-9618&alias=node105.di.rm1&noUDP&sock=startd_1951_cd5c>
...
001 (274205.000.000) 2025-01-23 11:42:04 Job executing on host: MPI_job
...
008 (274205.000.000) 2025-01-23 11:42:06 Launching orted on Node 0 of 4
...
008 (274205.000.000) 2025-01-23 11:42:06 Launching orted on Node 1 of 4
...
008 (274205.000.000) 2025-01-23 11:42:06 Launching orted on Node 3 of 4
...
008 (274205.000.000) 2025-01-23 11:42:07 Launching orted on Node 2 of 4
...
008 (274205.000.000) 2025-01-23 11:42:40 Node 0 caught SIGTERM, cleaning up mpirun
...
004 (274205.000.000) 2025-01-23 11:42:40 Job was evicted.
	(0) CPU times
		Usr 0 00:00:50, Sys 0 00:00:01  -  Run Remote Usage
		Usr 0 00:00:00, Sys 0 00:00:00  -  Run Local Usage
	0  -  Run Bytes Sent By Job
	134556  -  Run Bytes Received By Job
	Partitionable Resources :    Usage  Request Allocated 
	   Cpus                 :                 1         1 
	   Disk (KB)            :     8569       35    459754 
	   GPUs                 :                           0 
	   Memory (MB)          :       82       34     40960 
...
009 (274205.000.000) 2025-01-23 11:42:40 Job was aborted.
	via condor_rm (by user calzona_2046920)
...
000 (278940.000.000) 2025-01-24 09:47:17 Job submitted from host: <192.168.0.102:9618?addrs=192.168.0.102-9618&alias=submitter&noUDP&sock=schedd_2032_5c88>
...
014 (278940.000.001) 2025-01-24 09:47:24 Node 1 executing on host: <192.168.0.133:9618?addrs=192.168.0.133-9618&alias=node133.di.rm1&noUDP&sock=startd_1941_f16a>
...
014 (278940.000.002) 2025-01-24 09:47:24 Node 2 executing on host: <192.168.0.147:9618?addrs=192.168.0.147-9618&alias=node147.di.rm1&noUDP&sock=startd_1513_5ee1>
...
014 (278940.000.003) 2025-01-24 09:47:25 Node 3 executing on host: <192.168.0.151:9618?addrs=192.168.0.151-9618&alias=node151.di.rm1&noUDP&sock=startd_1528_a8cd>
...
014 (278940.000.000) 2025-01-24 09:47:25 Node 0 executing on host: <192.168.0.141:9618?addrs=192.168.0.141-9618&alias=node141.di.rm1&noUDP&sock=startd_2077_3a4b>
...
001 (278940.000.000) 2025-01-24 09:47:25 Job executing on host: MPI_job
...
008 (278940.000.000) 2025-01-24 09:47:27 Launching orted on Node 2 of 4
...
008 (278940.000.000) 2025-01-24 09:47:27 Launching orted on Node 1 of 4
...
008 (278940.000.000) 2025-01-24 09:47:27 Launching orted on Node 3 of 4
...
008 (278940.000.000) 2025-01-24 09:47:27 Launching orted on Node 0 of 4
...
008 (278940.000.000) 2025-01-24 09:48:36 orted exited on Node 2 of 4
...
008 (278940.000.000) 2025-01-24 09:48:36 orted exited on Node 1 of 4
...
008 (278940.000.000) 2025-01-24 09:48:36 orted exited on Node 3 of 4
...
008 (278940.000.000) 2025-01-24 09:48:36 orted exited on Node 0 of 4
...
015 (278940.000.002) 2025-01-24 09:48:55 Node 2 terminated.
	(1) Normal termination (return value 0)
		Usr 0 00:01:08, Sys 0 00:00:00  -  Run Remote Usage
		Usr 0 00:00:00, Sys 0 00:00:00  -  Run Local Usage
		Usr 0 00:01:08, Sys 0 00:00:00  -  Total Remote Usage
		Usr 0 00:00:00, Sys 0 00:00:00  -  Total Local Usage
	2165  -  Run Bytes Sent By Node
	33639  -  Run Bytes Received By Node
	2165  -  Total Bytes Sent By Node
	33639  -  Total Bytes Received By Node
...
015 (278940.000.001) 2025-01-24 09:48:56 Node 1 terminated.
	(1) Normal termination (return value 0)
		Usr 0 00:01:08, Sys 0 00:00:00  -  Run Remote Usage
		Usr 0 00:00:00, Sys 0 00:00:00  -  Run Local Usage
		Usr 0 00:01:08, Sys 0 00:00:00  -  Total Remote Usage
		Usr 0 00:00:00, Sys 0 00:00:00  -  Total Local Usage
	2165  -  Run Bytes Sent By Node
	33639  -  Run Bytes Received By Node
	2165  -  Total Bytes Sent By Node
	33639  -  Total Bytes Received By Node
...
015 (278940.000.003) 2025-01-24 09:48:56 Node 3 terminated.
	(1) Normal termination (return value 0)
		Usr 0 00:01:07, Sys 0 00:00:00  -  Run Remote Usage
		Usr 0 00:00:00, Sys 0 00:00:00  -  Run Local Usage
		Usr 0 00:01:07, Sys 0 00:00:00  -  Total Remote Usage
		Usr 0 00:00:00, Sys 0 00:00:00  -  Total Local Usage
	2165  -  Run Bytes Sent By Node
	33639  -  Run Bytes Received By Node
	2165  -  Total Bytes Sent By Node
	33639  -  Total Bytes Received By Node
...
015 (278940.000.000) 2025-01-24 09:48:56 Node 0 terminated.
	(1) Normal termination (return value 0)
		Usr 0 00:00:00, Sys 0 00:00:00  -  Run Remote Usage
		Usr 0 00:00:00, Sys 0 00:00:00  -  Run Local Usage
		Usr 0 00:00:00, Sys 0 00:00:00  -  Total Remote Usage
		Usr 0 00:00:00, Sys 0 00:00:00  -  Total Local Usage
	3264  -  Run Bytes Sent By Node
	33639  -  Run Bytes Received By Node
	3264  -  Total Bytes Sent By Node
	33639  -  Total Bytes Received By Node
...
005 (278940.000.000) 2025-01-24 09:48:56 Job terminated.
	(1) Normal termination (return value 0)
		Usr 0 00:03:23, Sys 0 00:00:00  -  Run Remote Usage
		Usr 0 00:00:00, Sys 0 00:00:00  -  Run Local Usage
		Usr 0 00:00:00, Sys 0 00:00:00  -  Total Remote Usage
		Usr 0 00:00:00, Sys 0 00:00:00  -  Total Local Usage
	9759  -  Run Bytes Sent By Job
	134556  -  Run Bytes Received By Job
	9759  -  Total Bytes Sent By Job
	134556  -  Total Bytes Received By Job
	Partitionable Resources :    Usage  Request Allocated 
	   Cpus                 :                 1         1 
	   Disk (KB)            :       49       35    459831 
	   Memory (MB)          :       84       33     20480 

	Job terminated of its own accord at 2025-01-24T09:48:36Z with exit-code 0.
...
