000 (293649.000.000) 2025-01-30 14:36:03 Job submitted from host: <192.168.0.102:9618?addrs=192.168.0.102-9618&alias=submitter&noUDP&sock=schedd_4045053_7bc0>
...
001 (293649.000.000) 2025-01-30 14:37:00 Job executing on host: <192.168.0.122:9618?addrs=192.168.0.122-9618&alias=node122.di.rm1&noUDP&sock=startd_2134_5331>
...
006 (293649.000.000) 2025-01-30 14:37:04 Image size of job updated: 167272
	1  -  MemoryUsage of job (MB)
	540  -  ResidentSetSize of job (KB)
...
004 (293649.000.000) 2025-01-30 14:37:04 Job was evicted.
	(0) CPU times
		Usr 0 00:00:04, Sys 0 00:00:00  -  Run Remote Usage
		Usr 0 00:00:00, Sys 0 00:00:00  -  Run Local Usage
	0  -  Run Bytes Sent By Job
	0  -  Run Bytes Received By Job
	Partitionable Resources :    Usage  Request Allocated Assigned
	   Cpus                 :                 1         1 
	   Disk (KB)            :      750      750    499915 
	   Gpus (Average)       :                 1         1 "GPU-1df1a0e3"
	   Memory (MB)          :        1        1       128 
...
009 (293649.000.000) 2025-01-30 14:37:04 Job was aborted.
	via condor_rm (by user calzona_2046920)
...
