000 (281198.000.000) 2025-01-25 19:21:09 Job submitted from host: <192.168.0.102:9618?addrs=192.168.0.102-9618&alias=submitter&noUDP&sock=schedd_2032_5c88>
...
014 (281198.000.002) 2025-01-25 19:21:18 Node 2 executing on host: <192.168.0.111:9618?addrs=192.168.0.111-9618&alias=node111.di.rm1&noUDP&sock=startd_2044_97ab>
...
014 (281198.000.001) 2025-01-25 19:21:18 Node 1 executing on host: <192.168.0.142:9618?addrs=192.168.0.142-9618&alias=node142.di.rm1&noUDP&sock=startd_1996_ab1f>
...
014 (281198.000.003) 2025-01-25 19:21:18 Node 3 executing on host: <192.168.0.151:9618?addrs=192.168.0.151-9618&alias=node151.di.rm1&noUDP&sock=startd_1528_a8cd>
...
014 (281198.000.000) 2025-01-25 19:21:18 Node 0 executing on host: <192.168.0.112:9618?addrs=192.168.0.112-9618&alias=node112.di.rm1&noUDP&sock=startd_2169_5502>
...
014 (281198.000.006) 2025-01-25 19:21:18 Node 6 executing on host: <192.168.0.137:9618?addrs=192.168.0.137-9618&alias=node137.di.rm1&noUDP&sock=startd_1934_2440>
...
014 (281198.000.005) 2025-01-25 19:21:18 Node 5 executing on host: <192.168.0.112:9618?addrs=192.168.0.112-9618&alias=node112.di.rm1&noUDP&sock=startd_2169_5502>
...
014 (281198.000.004) 2025-01-25 19:21:18 Node 4 executing on host: <192.168.0.113:9618?addrs=192.168.0.113-9618&alias=node113.di.rm1&noUDP&sock=startd_3668932_c305>
...
014 (281198.000.007) 2025-01-25 19:21:18 Node 7 executing on host: <192.168.0.113:9618?addrs=192.168.0.113-9618&alias=node113.di.rm1&noUDP&sock=startd_3668932_c305>
...
001 (281198.000.000) 2025-01-25 19:21:18 Job executing on host: MPI_job
...
008 (281198.000.000) 2025-01-25 19:21:20 Launching orted on Node 2 of 8
...
008 (281198.000.000) 2025-01-25 19:21:20 Launching orted on Node 1 of 8
...
008 (281198.000.000) 2025-01-25 19:21:20 Launching orted on Node 6 of 8
...
008 (281198.000.000) 2025-01-25 19:21:20 Launching orted on Node 3 of 8
...
008 (281198.000.000) 2025-01-25 19:21:20 Launching orted on Node 5 of 8
...
008 (281198.000.000) 2025-01-25 19:21:20 Launching orted on Node 0 of 8
...
008 (281198.000.000) 2025-01-25 19:21:21 Launching orted on Node 7 of 8
...
008 (281198.000.000) 2025-01-25 19:21:21 Launching orted on Node 4 of 8
...
008 (281198.000.000) 2025-01-25 19:21:35 orted exited on Node 2 of 8
...
008 (281198.000.000) 2025-01-25 19:21:35 orted exited on Node 6 of 8
...
008 (281198.000.000) 2025-01-25 19:21:35 orted exited on Node 3 of 8
...
008 (281198.000.000) 2025-01-25 19:21:35 orted exited on Node 1 of 8
...
008 (281198.000.000) 2025-01-25 19:21:35 orted exited on Node 4 of 8
...
008 (281198.000.000) 2025-01-25 19:21:35 orted exited on Node 7 of 8
...
008 (281198.000.000) 2025-01-25 19:21:35 orted exited on Node 0 of 8
...
008 (281198.000.000) 2025-01-25 19:21:35 orted exited on Node 5 of 8
...
015 (281198.000.002) 2025-01-25 19:21:35 Node 2 terminated.
	(1) Normal termination (return value 0)
		Usr 0 00:00:12, Sys 0 00:00:01  -  Run Remote Usage
		Usr 0 00:00:00, Sys 0 00:00:00  -  Run Local Usage
		Usr 0 00:00:12, Sys 0 00:00:01  -  Total Remote Usage
		Usr 0 00:00:00, Sys 0 00:00:00  -  Total Local Usage
	2187  -  Run Bytes Sent By Node
	33639  -  Run Bytes Received By Node
	2187  -  Total Bytes Sent By Node
	33639  -  Total Bytes Received By Node
...
015 (281198.000.001) 2025-01-25 19:21:35 Node 1 terminated.
	(1) Normal termination (return value 0)
		Usr 0 00:00:12, Sys 0 00:00:02  -  Run Remote Usage
		Usr 0 00:00:00, Sys 0 00:00:00  -  Run Local Usage
		Usr 0 00:00:12, Sys 0 00:00:02  -  Total Remote Usage
		Usr 0 00:00:00, Sys 0 00:00:00  -  Total Local Usage
	2165  -  Run Bytes Sent By Node
	33639  -  Run Bytes Received By Node
	2165  -  Total Bytes Sent By Node
	33639  -  Total Bytes Received By Node
...
015 (281198.000.006) 2025-01-25 19:21:35 Node 6 terminated.
	(1) Normal termination (return value 0)
		Usr 0 00:00:12, Sys 0 00:00:01  -  Run Remote Usage
		Usr 0 00:00:00, Sys 0 00:00:00  -  Run Local Usage
		Usr 0 00:00:12, Sys 0 00:00:01  -  Total Remote Usage
		Usr 0 00:00:00, Sys 0 00:00:00  -  Total Local Usage
	2165  -  Run Bytes Sent By Node
	33639  -  Run Bytes Received By Node
	2165  -  Total Bytes Sent By Node
	33639  -  Total Bytes Received By Node
...
015 (281198.000.003) 2025-01-25 19:21:36 Node 3 terminated.
	(1) Normal termination (return value 0)
		Usr 0 00:00:12, Sys 0 00:00:01  -  Run Remote Usage
		Usr 0 00:00:00, Sys 0 00:00:00  -  Run Local Usage
		Usr 0 00:00:12, Sys 0 00:00:01  -  Total Remote Usage
		Usr 0 00:00:00, Sys 0 00:00:00  -  Total Local Usage
	2165  -  Run Bytes Sent By Node
	33639  -  Run Bytes Received By Node
	2165  -  Total Bytes Sent By Node
	33639  -  Total Bytes Received By Node
...
015 (281198.000.005) 2025-01-25 19:21:36 Node 5 terminated.
	(1) Normal termination (return value 0)
		Usr 0 00:00:12, Sys 0 00:00:01  -  Run Remote Usage
		Usr 0 00:00:00, Sys 0 00:00:00  -  Run Local Usage
		Usr 0 00:00:12, Sys 0 00:00:01  -  Total Remote Usage
		Usr 0 00:00:00, Sys 0 00:00:00  -  Total Local Usage
	22  -  Run Bytes Sent By Node
	33639  -  Run Bytes Received By Node
	22  -  Total Bytes Sent By Node
	33639  -  Total Bytes Received By Node
...
015 (281198.000.000) 2025-01-25 19:21:36 Node 0 terminated.
	(1) Normal termination (return value 0)
		Usr 0 00:00:00, Sys 0 00:00:00  -  Run Remote Usage
		Usr 0 00:00:00, Sys 0 00:00:00  -  Run Local Usage
		Usr 0 00:00:00, Sys 0 00:00:00  -  Total Remote Usage
		Usr 0 00:00:00, Sys 0 00:00:00  -  Total Local Usage
	3877  -  Run Bytes Sent By Node
	33639  -  Run Bytes Received By Node
	3877  -  Total Bytes Sent By Node
	33639  -  Total Bytes Received By Node
...
005 (281198.000.000) 2025-01-25 19:21:36 Job terminated.
	(1) Normal termination (return value 0)
		Usr 0 00:01:27, Sys 0 00:00:08  -  Run Remote Usage
		Usr 0 00:00:00, Sys 0 00:00:00  -  Run Local Usage
		Usr 0 00:00:00, Sys 0 00:00:00  -  Total Remote Usage
		Usr 0 00:00:00, Sys 0 00:00:00  -  Total Local Usage
	12581  -  Run Bytes Sent By Job
	269112  -  Run Bytes Received By Job
	12581  -  Total Bytes Sent By Job
	269112  -  Total Bytes Received By Job
	Partitionable Resources :    Usage  Request Allocated 
	   Cpus                 :                 1         1 
	   Disk (KB)            :       52       35  21458321 
	   GPUs                 :                           1 
	   Memory (MB)          :      333        1     20480 

	Job terminated of its own accord at 2025-01-25T19:21:35Z with exit-code 0.
...
