000 (274217.000.000) 2025-01-23 11:42:40 Job submitted from host: <192.168.0.102:9618?addrs=192.168.0.102-9618&alias=submitter&noUDP&sock=schedd_2032_5c88>
...
014 (274217.000.000) 2025-01-23 11:42:48 Node 0 executing on host: <192.168.0.105:9618?addrs=192.168.0.105-9618&alias=node105.di.rm1&noUDP&sock=startd_1951_cd5c>
...
014 (274217.000.003) 2025-01-23 11:42:48 Node 3 executing on host: <192.168.0.120:9618?addrs=192.168.0.120-9618&alias=node120.di.rm1&noUDP&sock=startd_2096_4298>
...
014 (274217.000.002) 2025-01-23 11:42:48 Node 2 executing on host: <192.168.0.110:9618?addrs=192.168.0.110-9618&alias=node110.di.rm1&noUDP&sock=startd_2185_4e86>
...
014 (274217.000.001) 2025-01-23 11:42:48 Node 1 executing on host: <192.168.0.124:9618?addrs=192.168.0.124-9618&alias=node124.di.rm1&noUDP&sock=startd_2143_7f8b>
...
001 (274217.000.000) 2025-01-23 11:42:48 Job executing on host: MPI_job
...
008 (274217.000.000) 2025-01-23 11:42:50 Launching orted on Node 0 of 4
...
008 (274217.000.000) 2025-01-23 11:42:50 Launching orted on Node 2 of 4
...
008 (274217.000.000) 2025-01-23 11:42:50 Launching orted on Node 3 of 4
...
008 (274217.000.000) 2025-01-23 11:42:50 Launching orted on Node 1 of 4
...
008 (274217.000.000) 2025-01-23 11:43:21 Node 0 caught SIGTERM, cleaning up mpirun
...
004 (274217.000.000) 2025-01-23 11:43:21 Job was evicted.
	(0) CPU times
		Usr 0 00:00:46, Sys 0 00:00:00  -  Run Remote Usage
		Usr 0 00:00:00, Sys 0 00:00:00  -  Run Local Usage
	0  -  Run Bytes Sent By Job
	134556  -  Run Bytes Received By Job
	Partitionable Resources :    Usage  Request Allocated 
	   Cpus                 :                 1         2 
	   Disk (KB)            :     8560       35 102901527 
	   Memory (MB)          :      276       80    100096 
...
009 (274217.000.000) 2025-01-23 11:43:21 Job was aborted.
	via condor_rm (by user calzona_2046920)
...
000 (278951.000.000) 2025-01-24 09:49:01 Job submitted from host: <192.168.0.102:9618?addrs=192.168.0.102-9618&alias=submitter&noUDP&sock=schedd_2032_5c88>
...
014 (278951.000.000) 2025-01-24 09:49:26 Node 0 executing on host: <192.168.0.109:9618?addrs=192.168.0.109-9618&alias=node109.di.rm1&noUDP&sock=startd_1627_90ad>
...
014 (278951.000.003) 2025-01-24 09:49:26 Node 3 executing on host: <192.168.0.151:9618?addrs=192.168.0.151-9618&alias=node151.di.rm1&noUDP&sock=startd_1528_a8cd>
...
014 (278951.000.001) 2025-01-24 09:49:26 Node 1 executing on host: <192.168.0.149:9618?addrs=192.168.0.149-9618&alias=node149.di.rm1&noUDP&sock=startd_1551_6f7a>
...
014 (278951.000.002) 2025-01-24 09:49:26 Node 2 executing on host: <192.168.0.149:9618?addrs=192.168.0.149-9618&alias=node149.di.rm1&noUDP&sock=startd_1551_6f7a>
...
001 (278951.000.000) 2025-01-24 09:49:26 Job executing on host: MPI_job
...
008 (278951.000.000) 2025-01-24 09:49:28 Launching orted on Node 0 of 4
...
008 (278951.000.000) 2025-01-24 09:49:28 Launching orted on Node 3 of 4
...
008 (278951.000.000) 2025-01-24 09:49:28 Launching orted on Node 1 of 4
...
008 (278951.000.000) 2025-01-24 09:49:28 Launching orted on Node 2 of 4
...
008 (278951.000.000) 2025-01-24 09:50:41 orted exited on Node 3 of 4
...
008 (278951.000.000) 2025-01-24 09:50:41 orted exited on Node 0 of 4
...
008 (278951.000.000) 2025-01-24 09:50:41 orted exited on Node 1 of 4
...
008 (278951.000.000) 2025-01-24 09:50:41 orted exited on Node 2 of 4
...
015 (278951.000.003) 2025-01-24 09:50:41 Node 3 terminated.
	(1) Normal termination (return value 0)
		Usr 0 00:01:12, Sys 0 00:00:01  -  Run Remote Usage
		Usr 0 00:00:00, Sys 0 00:00:00  -  Run Local Usage
		Usr 0 00:01:12, Sys 0 00:00:01  -  Total Remote Usage
		Usr 0 00:00:00, Sys 0 00:00:00  -  Total Local Usage
	2165  -  Run Bytes Sent By Node
	33639  -  Run Bytes Received By Node
	2165  -  Total Bytes Sent By Node
	33639  -  Total Bytes Received By Node
...
015 (278951.000.000) 2025-01-24 09:50:41 Node 0 terminated.
	(1) Normal termination (return value 0)
		Usr 0 00:00:05, Sys 0 00:00:00  -  Run Remote Usage
		Usr 0 00:00:00, Sys 0 00:00:00  -  Run Local Usage
		Usr 0 00:00:05, Sys 0 00:00:00  -  Total Remote Usage
		Usr 0 00:00:00, Sys 0 00:00:00  -  Total Local Usage
	3261  -  Run Bytes Sent By Node
	33639  -  Run Bytes Received By Node
	3261  -  Total Bytes Sent By Node
	33639  -  Total Bytes Received By Node
...
005 (278951.000.000) 2025-01-24 09:50:41 Job terminated.
	(1) Normal termination (return value 0)
		Usr 0 00:03:40, Sys 0 00:00:03  -  Run Remote Usage
		Usr 0 00:00:00, Sys 0 00:00:00  -  Run Local Usage
		Usr 0 00:00:05, Sys 0 00:00:00  -  Total Remote Usage
		Usr 0 00:00:00, Sys 0 00:00:00  -  Total Local Usage
	5426  -  Run Bytes Sent By Job
	134556  -  Run Bytes Received By Job
	5426  -  Total Bytes Sent By Job
	134556  -  Total Bytes Received By Job
	Partitionable Resources :    Usage  Request Allocated 
	   Cpus                 :                 1         1 
	   Disk (KB)            :       49       35    468160 
	   Memory (MB)          :      271    15063     20480 

	Job terminated of its own accord at 2025-01-24T09:50:41Z with exit-code 0.
...
000 (287253.000.000) 2025-01-28 16:44:09 Job submitted from host: <192.168.0.102:9618?addrs=192.168.0.102-9618&alias=submitter&noUDP&sock=schedd_2032_5c88>
...
014 (287253.000.001) 2025-01-28 16:44:13 Node 1 executing on host: <192.168.0.115:9618?addrs=192.168.0.115-9618&alias=node115.di.rm1&noUDP&sock=startd_1101621_f4a0>
...
014 (287253.000.003) 2025-01-28 16:44:13 Node 3 executing on host: <192.168.0.145:9618?addrs=192.168.0.145-9618&alias=node145.di.rm1&noUDP&sock=startd_1869_8e98>
...
014 (287253.000.000) 2025-01-28 16:44:13 Node 0 executing on host: <192.168.0.105:9618?addrs=192.168.0.105-9618&alias=node105.di.rm1&noUDP&sock=startd_1951_cd5c>
...
014 (287253.000.002) 2025-01-28 16:44:13 Node 2 executing on host: <192.168.0.124:9618?addrs=192.168.0.124-9618&alias=node124.di.rm1&noUDP&sock=startd_2143_7f8b>
...
001 (287253.000.000) 2025-01-28 16:44:13 Job executing on host: MPI_job
...
008 (287253.000.000) 2025-01-28 16:44:15 Launching orted on Node 1 of 4
...
008 (287253.000.000) 2025-01-28 16:44:15 Launching orted on Node 3 of 4
...
008 (287253.000.000) 2025-01-28 16:44:15 Launching orted on Node 0 of 4
...
008 (287253.000.000) 2025-01-28 16:44:16 Launching orted on Node 2 of 4
...
008 (287253.000.000) 2025-01-28 16:45:28 orted exited on Node 1 of 4
...
008 (287253.000.000) 2025-01-28 16:45:28 orted exited on Node 0 of 4
...
008 (287253.000.000) 2025-01-28 16:45:28 orted exited on Node 2 of 4
...
008 (287253.000.000) 2025-01-28 16:45:28 orted exited on Node 3 of 4
...
015 (287253.000.001) 2025-01-28 16:45:28 Node 1 terminated.
	(1) Normal termination (return value 0)
		Usr 0 00:01:10, Sys 0 00:00:02  -  Run Remote Usage
		Usr 0 00:00:00, Sys 0 00:00:00  -  Run Local Usage
		Usr 0 00:01:10, Sys 0 00:00:02  -  Total Remote Usage
		Usr 0 00:00:00, Sys 0 00:00:00  -  Total Local Usage
	2165  -  Run Bytes Sent By Node
	33591  -  Run Bytes Received By Node
	2165  -  Total Bytes Sent By Node
	33591  -  Total Bytes Received By Node
...
015 (287253.000.003) 2025-01-28 16:45:28 Node 3 terminated.
	(1) Normal termination (return value 0)
		Usr 0 00:01:11, Sys 0 00:00:02  -  Run Remote Usage
		Usr 0 00:00:00, Sys 0 00:00:00  -  Run Local Usage
		Usr 0 00:01:11, Sys 0 00:00:02  -  Total Remote Usage
		Usr 0 00:00:00, Sys 0 00:00:00  -  Total Local Usage
	2165  -  Run Bytes Sent By Node
	33591  -  Run Bytes Received By Node
	2165  -  Total Bytes Sent By Node
	33591  -  Total Bytes Received By Node
...
015 (287253.000.000) 2025-01-28 16:45:28 Node 0 terminated.
	(1) Normal termination (return value 0)
		Usr 0 00:00:00, Sys 0 00:00:01  -  Run Remote Usage
		Usr 0 00:00:00, Sys 0 00:00:00  -  Run Local Usage
		Usr 0 00:00:00, Sys 0 00:00:01  -  Total Remote Usage
		Usr 0 00:00:00, Sys 0 00:00:00  -  Total Local Usage
	3730  -  Run Bytes Sent By Node
	33591  -  Run Bytes Received By Node
	3730  -  Total Bytes Sent By Node
	33591  -  Total Bytes Received By Node
...
005 (287253.000.000) 2025-01-28 16:45:28 Job terminated.
	(1) Normal termination (return value 0)
		Usr 0 00:03:33, Sys 0 00:00:05  -  Run Remote Usage
		Usr 0 00:00:00, Sys 0 00:00:00  -  Run Local Usage
		Usr 0 00:00:00, Sys 0 00:00:01  -  Total Remote Usage
		Usr 0 00:00:00, Sys 0 00:00:00  -  Total Local Usage
	8060  -  Run Bytes Sent By Job
	134364  -  Run Bytes Received By Job
	8060  -  Total Bytes Sent By Job
	134364  -  Total Bytes Received By Job
	Partitionable Resources :    Usage  Request Allocated 
	   Cpus                 :                 1         2 
	   Disk (KB)            :       51       35 102901527 
	   Memory (MB)          :      275       83    100096 

	Job terminated of its own accord at 2025-01-28T16:45:28Z with exit-code 0.
...
