000 (273829.000.000) 2025-01-23 11:21:31 Job submitted from host: <192.168.0.102:9618?addrs=192.168.0.102-9618&alias=submitter&noUDP&sock=schedd_2032_5c88>
...
014 (273829.000.000) 2025-01-23 11:21:38 Node 0 executing on host: <192.168.0.141:9618?addrs=192.168.0.141-9618&alias=node141.di.rm1&noUDP&sock=startd_2077_3a4b>
...
014 (273829.000.002) 2025-01-23 11:21:38 Node 2 executing on host: <192.168.0.130:9618?addrs=192.168.0.130-9618&alias=node130.di.rm1&noUDP&sock=startd_2751195_838e>
...
014 (273829.000.003) 2025-01-23 11:21:38 Node 3 executing on host: <192.168.0.111:9618?addrs=192.168.0.111-9618&alias=node111.di.rm1&noUDP&sock=startd_2044_97ab>
...
014 (273829.000.001) 2025-01-23 11:21:38 Node 1 executing on host: <192.168.0.135:9618?addrs=192.168.0.135-9618&alias=node135.di.rm1&noUDP&sock=startd_2000_6980>
...
001 (273829.000.000) 2025-01-23 11:21:38 Job executing on host: MPI_job
...
008 (273829.000.000) 2025-01-23 11:21:40 Launching orted on Node 2 of 4
...
008 (273829.000.000) 2025-01-23 11:21:40 Launching orted on Node 0 of 4
...
008 (273829.000.000) 2025-01-23 11:21:41 Launching orted on Node 3 of 4
...
008 (273829.000.000) 2025-01-23 11:21:41 Launching orted on Node 1 of 4
...
008 (273829.000.000) 2025-01-23 11:21:47 orted exited on Node 1 of 4
...
008 (273829.000.000) 2025-01-23 11:21:47 orted exited on Node 2 of 4
...
008 (273829.000.000) 2025-01-23 11:21:47 orted exited on Node 3 of 4
...
008 (273829.000.000) 2025-01-23 11:21:47 orted exited on Node 0 of 4
...
015 (273829.000.000) 2025-01-23 11:21:47 Node 0 terminated.
	(1) Normal termination (return value 0)
		Usr 0 00:00:00, Sys 0 00:00:00  -  Run Remote Usage
		Usr 0 00:00:00, Sys 0 00:00:00  -  Run Local Usage
		Usr 0 00:00:00, Sys 0 00:00:00  -  Total Remote Usage
		Usr 0 00:00:00, Sys 0 00:00:00  -  Total Local Usage
	3264  -  Run Bytes Sent By Node
	33639  -  Run Bytes Received By Node
	3264  -  Total Bytes Sent By Node
	33639  -  Total Bytes Received By Node
...
005 (273829.000.000) 2025-01-23 11:21:47 Job terminated.
	(1) Normal termination (return value 0)
		Usr 0 00:00:16, Sys 0 00:00:00  -  Run Remote Usage
		Usr 0 00:00:00, Sys 0 00:00:00  -  Run Local Usage
		Usr 0 00:00:00, Sys 0 00:00:00  -  Total Remote Usage
		Usr 0 00:00:00, Sys 0 00:00:00  -  Total Local Usage
	7616  -  Run Bytes Sent By Job
	134556  -  Run Bytes Received By Job
	7616  -  Total Bytes Sent By Job
	134556  -  Total Bytes Received By Job
	Partitionable Resources :    Usage  Request Allocated 
	   Cpus                 :                 1         1 
	   Disk (KB)            :       49       35    459831 
	   Memory (MB)          :        1      300     40960 

	Job terminated of its own accord at 2025-01-23T11:21:47Z with exit-code 0.
...
