000 (273985.000.000) 2025-01-23 11:29:39 Job submitted from host: <192.168.0.102:9618?addrs=192.168.0.102-9618&alias=submitter&noUDP&sock=schedd_2032_5c88>
...
014 (273985.000.000) 2025-01-23 11:29:47 Node 0 executing on host: <192.168.0.120:9618?addrs=192.168.0.120-9618&alias=node120.di.rm1&noUDP&sock=startd_2096_4298>
...
014 (273985.000.001) 2025-01-23 11:29:47 Node 1 executing on host: <192.168.0.135:9618?addrs=192.168.0.135-9618&alias=node135.di.rm1&noUDP&sock=startd_2000_6980>
...
014 (273985.000.003) 2025-01-23 11:29:47 Node 3 executing on host: <192.168.0.105:9618?addrs=192.168.0.105-9618&alias=node105.di.rm1&noUDP&sock=startd_1951_cd5c>
...
014 (273985.000.002) 2025-01-23 11:29:48 Node 2 executing on host: <192.168.0.143:9618?addrs=192.168.0.143-9618&alias=node143.di.rm1&noUDP&sock=startd_2061_40c7>
...
001 (273985.000.000) 2025-01-23 11:29:48 Job executing on host: MPI_job
...
008 (273985.000.000) 2025-01-23 11:29:49 Launching orted on Node 0 of 4
...
008 (273985.000.000) 2025-01-23 11:29:49 Launching orted on Node 1 of 4
...
008 (273985.000.000) 2025-01-23 11:29:49 Launching orted on Node 3 of 4
...
008 (273985.000.000) 2025-01-23 11:29:51 Launching orted on Node 2 of 4
...
008 (273985.000.000) 2025-01-23 11:29:55 orted exited on Node 3 of 4
...
008 (273985.000.000) 2025-01-23 11:29:55 orted exited on Node 1 of 4
...
008 (273985.000.000) 2025-01-23 11:29:55 orted exited on Node 0 of 4
...
008 (273985.000.000) 2025-01-23 11:29:55 orted exited on Node 2 of 4
...
015 (273985.000.000) 2025-01-23 11:29:55 Node 0 terminated.
	(1) Normal termination (return value 0)
		Usr 0 00:00:00, Sys 0 00:00:00  -  Run Remote Usage
		Usr 0 00:00:00, Sys 0 00:00:00  -  Run Local Usage
		Usr 0 00:00:00, Sys 0 00:00:00  -  Total Remote Usage
		Usr 0 00:00:00, Sys 0 00:00:00  -  Total Local Usage
	3304  -  Run Bytes Sent By Node
	33639  -  Run Bytes Received By Node
	3304  -  Total Bytes Sent By Node
	33639  -  Total Bytes Received By Node
...
005 (273985.000.000) 2025-01-23 11:29:55 Job terminated.
	(1) Normal termination (return value 0)
		Usr 0 00:00:07, Sys 0 00:00:00  -  Run Remote Usage
		Usr 0 00:00:00, Sys 0 00:00:00  -  Run Local Usage
		Usr 0 00:00:00, Sys 0 00:00:00  -  Total Remote Usage
		Usr 0 00:00:00, Sys 0 00:00:00  -  Total Local Usage
	3304  -  Run Bytes Sent By Job
	134556  -  Run Bytes Received By Job
	3304  -  Total Bytes Sent By Job
	134556  -  Total Bytes Received By Job
	Partitionable Resources :    Usage  Request Allocated 
	   Cpus                 :                 1         2 
	   Disk (KB)            :       50       35 102827553 
	   GPUs                 :                           0 
	   Memory (MB)          :        0        0    100096 

	Job terminated of its own accord at 2025-01-23T11:29:55Z with exit-code 0.
...
000 (278730.000.000) 2025-01-24 09:19:36 Job submitted from host: <192.168.0.102:9618?addrs=192.168.0.102-9618&alias=submitter&noUDP&sock=schedd_2032_5c88>
...
014 (278730.000.000) 2025-01-24 09:19:44 Node 0 executing on host: <192.168.0.147:9618?addrs=192.168.0.147-9618&alias=node147.di.rm1&noUDP&sock=startd_1513_5ee1>
...
014 (278730.000.001) 2025-01-24 09:19:44 Node 1 executing on host: <192.168.0.133:9618?addrs=192.168.0.133-9618&alias=node133.di.rm1&noUDP&sock=startd_1941_f16a>
...
014 (278730.000.003) 2025-01-24 09:19:44 Node 3 executing on host: <192.168.0.113:9618?addrs=192.168.0.113-9618&alias=node113.di.rm1&noUDP&sock=startd_3668932_c305>
...
014 (278730.000.002) 2025-01-24 09:19:44 Node 2 executing on host: <192.168.0.151:9618?addrs=192.168.0.151-9618&alias=node151.di.rm1&noUDP&sock=startd_1528_a8cd>
...
001 (278730.000.000) 2025-01-24 09:19:44 Job executing on host: MPI_job
...
008 (278730.000.000) 2025-01-24 09:19:46 Launching orted on Node 0 of 4
...
008 (278730.000.000) 2025-01-24 09:19:46 Launching orted on Node 3 of 4
...
008 (278730.000.000) 2025-01-24 09:19:46 Launching orted on Node 1 of 4
...
008 (278730.000.000) 2025-01-24 09:19:46 Launching orted on Node 2 of 4
...
008 (278730.000.000) 2025-01-24 09:19:50 orted exited on Node 2 of 4
...
008 (278730.000.000) 2025-01-24 09:19:50 orted exited on Node 3 of 4
...
008 (278730.000.000) 2025-01-24 09:19:50 orted exited on Node 0 of 4
...
008 (278730.000.000) 2025-01-24 09:19:50 orted exited on Node 1 of 4
...
015 (278730.000.000) 2025-01-24 09:19:50 Node 0 terminated.
	(1) Normal termination (return value 0)
		Usr 0 00:00:00, Sys 0 00:00:00  -  Run Remote Usage
		Usr 0 00:00:00, Sys 0 00:00:00  -  Run Local Usage
		Usr 0 00:00:00, Sys 0 00:00:00  -  Total Remote Usage
		Usr 0 00:00:00, Sys 0 00:00:00  -  Total Local Usage
	3260  -  Run Bytes Sent By Node
	33639  -  Run Bytes Received By Node
	3260  -  Total Bytes Sent By Node
	33639  -  Total Bytes Received By Node
...
005 (278730.000.000) 2025-01-24 09:19:51 Job terminated.
	(1) Normal termination (return value 0)
		Usr 0 00:00:09, Sys 0 00:00:00  -  Run Remote Usage
		Usr 0 00:00:00, Sys 0 00:00:00  -  Run Local Usage
		Usr 0 00:00:00, Sys 0 00:00:00  -  Total Remote Usage
		Usr 0 00:00:00, Sys 0 00:00:00  -  Total Local Usage
	3260  -  Run Bytes Sent By Job
	134556  -  Run Bytes Received By Job
	3260  -  Total Bytes Sent By Job
	134556  -  Total Bytes Received By Job
	Partitionable Resources :    Usage  Request Allocated 
	   Cpus                 :                 1         1 
	   Disk (KB)            :       49       35    469805 
	   Memory (MB)          :        0        0     40960 

	Job terminated of its own accord at 2025-01-24T09:19:50Z with exit-code 0.
...
000 (287001.000.000) 2025-01-28 16:14:20 Job submitted from host: <192.168.0.102:9618?addrs=192.168.0.102-9618&alias=submitter&noUDP&sock=schedd_2032_5c88>
...
014 (287001.000.002) 2025-01-28 16:14:37 Node 2 executing on host: <192.168.0.105:9618?addrs=192.168.0.105-9618&alias=node105.di.rm1&noUDP&sock=startd_1951_cd5c>
...
014 (287001.000.001) 2025-01-28 16:14:37 Node 1 executing on host: <192.168.0.113:9618?addrs=192.168.0.113-9618&alias=node113.di.rm1&noUDP&sock=startd_3668932_c305>
...
014 (287001.000.003) 2025-01-28 16:14:37 Node 3 executing on host: <192.168.0.115:9618?addrs=192.168.0.115-9618&alias=node115.di.rm1&noUDP&sock=startd_1101621_f4a0>
...
014 (287001.000.000) 2025-01-28 16:14:37 Node 0 executing on host: <192.168.0.149:9618?addrs=192.168.0.149-9618&alias=node149.di.rm1&noUDP&sock=startd_1551_6f7a>
...
001 (287001.000.000) 2025-01-28 16:14:37 Job executing on host: MPI_job
...
008 (287001.000.000) 2025-01-28 16:14:40 Launching orted on Node 2 of 4
...
008 (287001.000.000) 2025-01-28 16:14:40 Launching orted on Node 3 of 4
...
008 (287001.000.000) 2025-01-28 16:14:40 Launching orted on Node 1 of 4
...
008 (287001.000.000) 2025-01-28 16:14:40 Launching orted on Node 0 of 4
...
008 (287001.000.000) 2025-01-28 16:14:44 orted exited on Node 1 of 4
...
008 (287001.000.000) 2025-01-28 16:14:44 orted exited on Node 3 of 4
...
008 (287001.000.000) 2025-01-28 16:14:44 orted exited on Node 2 of 4
...
008 (287001.000.000) 2025-01-28 16:14:44 orted exited on Node 0 of 4
...
015 (287001.000.003) 2025-01-28 16:14:44 Node 3 terminated.
	(1) Normal termination (return value 0)
		Usr 0 00:00:03, Sys 0 00:00:01  -  Run Remote Usage
		Usr 0 00:00:00, Sys 0 00:00:00  -  Run Local Usage
		Usr 0 00:00:03, Sys 0 00:00:01  -  Total Remote Usage
		Usr 0 00:00:00, Sys 0 00:00:00  -  Total Local Usage
	2165  -  Run Bytes Sent By Node
	33591  -  Run Bytes Received By Node
	2165  -  Total Bytes Sent By Node
	33591  -  Total Bytes Received By Node
...
015 (287001.000.002) 2025-01-28 16:14:44 Node 2 terminated.
	(1) Normal termination (return value 0)
		Usr 0 00:00:04, Sys 0 00:00:01  -  Run Remote Usage
		Usr 0 00:00:00, Sys 0 00:00:00  -  Run Local Usage
		Usr 0 00:00:04, Sys 0 00:00:01  -  Total Remote Usage
		Usr 0 00:00:00, Sys 0 00:00:00  -  Total Local Usage
	2165  -  Run Bytes Sent By Node
	33591  -  Run Bytes Received By Node
	2165  -  Total Bytes Sent By Node
	33591  -  Total Bytes Received By Node
...
015 (287001.000.001) 2025-01-28 16:14:44 Node 1 terminated.
	(1) Normal termination (return value 0)
		Usr 0 00:00:03, Sys 0 00:00:00  -  Run Remote Usage
		Usr 0 00:00:00, Sys 0 00:00:00  -  Run Local Usage
		Usr 0 00:00:03, Sys 0 00:00:00  -  Total Remote Usage
		Usr 0 00:00:00, Sys 0 00:00:00  -  Total Local Usage
	2187  -  Run Bytes Sent By Node
	33591  -  Run Bytes Received By Node
	2187  -  Total Bytes Sent By Node
	33591  -  Total Bytes Received By Node
...
015 (287001.000.000) 2025-01-28 16:14:44 Node 0 terminated.
	(1) Normal termination (return value 0)
		Usr 0 00:00:00, Sys 0 00:00:00  -  Run Remote Usage
		Usr 0 00:00:00, Sys 0 00:00:00  -  Run Local Usage
		Usr 0 00:00:00, Sys 0 00:00:00  -  Total Remote Usage
		Usr 0 00:00:00, Sys 0 00:00:00  -  Total Local Usage
	3263  -  Run Bytes Sent By Node
	33591  -  Run Bytes Received By Node
	3263  -  Total Bytes Sent By Node
	33591  -  Total Bytes Received By Node
...
005 (287001.000.000) 2025-01-28 16:14:44 Job terminated.
	(1) Normal termination (return value 0)
		Usr 0 00:00:10, Sys 0 00:00:02  -  Run Remote Usage
		Usr 0 00:00:00, Sys 0 00:00:00  -  Run Local Usage
		Usr 0 00:00:00, Sys 0 00:00:00  -  Total Remote Usage
		Usr 0 00:00:00, Sys 0 00:00:00  -  Total Local Usage
	9780  -  Run Bytes Sent By Job
	134364  -  Run Bytes Received By Job
	9780  -  Total Bytes Sent By Job
	134364  -  Total Bytes Received By Job
	Partitionable Resources :    Usage  Request Allocated 
	   Cpus                 :                 1         1 
	   Disk (KB)            :       50       35 105243387 
	   Memory (MB)          :        0        0    102400 

	Job terminated of its own accord at 2025-01-28T16:14:44Z with exit-code 0.
...
