000 (279123.000.000) 2025-01-24 10:17:35 Job submitted from host: <192.168.0.102:9618?addrs=192.168.0.102-9618&alias=submitter&noUDP&sock=schedd_2032_5c88>
...
014 (279123.000.000) 2025-01-24 10:17:45 Node 0 executing on host: <192.168.0.149:9618?addrs=192.168.0.149-9618&alias=node149.di.rm1&noUDP&sock=startd_1551_6f7a>
...
014 (279123.000.004) 2025-01-24 10:17:45 Node 4 executing on host: <192.168.0.109:9618?addrs=192.168.0.109-9618&alias=node109.di.rm1&noUDP&sock=startd_1627_90ad>
...
014 (279123.000.003) 2025-01-24 10:17:45 Node 3 executing on host: <192.168.0.151:9618?addrs=192.168.0.151-9618&alias=node151.di.rm1&noUDP&sock=startd_1528_a8cd>
...
014 (279123.000.007) 2025-01-24 10:17:45 Node 7 executing on host: <192.168.0.105:9618?addrs=192.168.0.105-9618&alias=node105.di.rm1&noUDP&sock=startd_1951_cd5c>
...
014 (279123.000.005) 2025-01-24 10:17:45 Node 5 executing on host: <192.168.0.104:9618?addrs=192.168.0.104-9618&alias=node104.di.rm1&noUDP&sock=startd_1987_7ec5>
...
014 (279123.000.001) 2025-01-24 10:17:45 Node 1 executing on host: <192.168.0.148:9618?addrs=192.168.0.148-9618&alias=node148.di.rm1&noUDP&sock=startd_1547_b119>
...
014 (279123.000.006) 2025-01-24 10:17:45 Node 6 executing on host: <192.168.0.148:9618?addrs=192.168.0.148-9618&alias=node148.di.rm1&noUDP&sock=startd_1547_b119>
...
014 (279123.000.002) 2025-01-24 10:17:45 Node 2 executing on host: <192.168.0.123:9618?addrs=192.168.0.123-9618&alias=node123.di.rm1&noUDP&sock=startd_2149_9d1d>
...
001 (279123.000.000) 2025-01-24 10:17:45 Job executing on host: MPI_job
...
008 (279123.000.000) 2025-01-24 10:17:47 Launching orted on Node 0 of 8
...
008 (279123.000.000) 2025-01-24 10:17:47 Launching orted on Node 3 of 8
...
008 (279123.000.000) 2025-01-24 10:17:47 Launching orted on Node 4 of 8
...
008 (279123.000.000) 2025-01-24 10:17:47 Launching orted on Node 7 of 8
...
008 (279123.000.000) 2025-01-24 10:17:47 Launching orted on Node 5 of 8
...
008 (279123.000.000) 2025-01-24 10:17:47 Launching orted on Node 2 of 8
...
008 (279123.000.000) 2025-01-24 10:17:47 Launching orted on Node 1 of 8
...
008 (279123.000.000) 2025-01-24 10:17:47 Launching orted on Node 6 of 8
...
008 (279123.000.000) 2025-01-24 10:17:48 orted exited on Node 3 of 8
...
008 (279123.000.000) 2025-01-24 10:17:48 orted exited on Node 2 of 8
...
008 (279123.000.000) 2025-01-24 10:17:48 orted exited on Node 4 of 8
...
008 (279123.000.000) 2025-01-24 10:17:48 orted exited on Node 6 of 8
...
008 (279123.000.000) 2025-01-24 10:17:48 orted exited on Node 1 of 8
...
008 (279123.000.000) 2025-01-24 10:17:48 orted exited on Node 5 of 8
...
008 (279123.000.000) 2025-01-24 10:17:48 orted exited on Node 7 of 8
...
008 (279123.000.000) 2025-01-24 10:17:48 orted exited on Node 0 of 8
...
015 (279123.000.004) 2025-01-24 10:17:48 Node 4 terminated.
	(1) Normal termination (return value 0)
		Usr 0 00:00:00, Sys 0 00:00:00  -  Run Remote Usage
		Usr 0 00:00:00, Sys 0 00:00:00  -  Run Local Usage
		Usr 0 00:00:00, Sys 0 00:00:00  -  Total Remote Usage
		Usr 0 00:00:00, Sys 0 00:00:00  -  Total Local Usage
	2165  -  Run Bytes Sent By Node
	33639  -  Run Bytes Received By Node
	2165  -  Total Bytes Sent By Node
	33639  -  Total Bytes Received By Node
...
015 (279123.000.002) 2025-01-24 10:17:48 Node 2 terminated.
	(1) Normal termination (return value 0)
		Usr 0 00:00:00, Sys 0 00:00:00  -  Run Remote Usage
		Usr 0 00:00:00, Sys 0 00:00:00  -  Run Local Usage
		Usr 0 00:00:00, Sys 0 00:00:00  -  Total Remote Usage
		Usr 0 00:00:00, Sys 0 00:00:00  -  Total Local Usage
	2187  -  Run Bytes Sent By Node
	33639  -  Run Bytes Received By Node
	2187  -  Total Bytes Sent By Node
	33639  -  Total Bytes Received By Node
...
015 (279123.000.000) 2025-01-24 10:17:48 Node 0 terminated.
	(1) Normal termination (return value 0)
		Usr 0 00:00:00, Sys 0 00:00:00  -  Run Remote Usage
		Usr 0 00:00:00, Sys 0 00:00:00  -  Run Local Usage
		Usr 0 00:00:00, Sys 0 00:00:00  -  Total Remote Usage
		Usr 0 00:00:00, Sys 0 00:00:00  -  Total Local Usage
	3262  -  Run Bytes Sent By Node
	33639  -  Run Bytes Received By Node
	3262  -  Total Bytes Sent By Node
	33639  -  Total Bytes Received By Node
...
015 (279123.000.005) 2025-01-24 10:17:48 Node 5 terminated.
	(1) Normal termination (return value 0)
		Usr 0 00:00:00, Sys 0 00:00:00  -  Run Remote Usage
		Usr 0 00:00:00, Sys 0 00:00:00  -  Run Local Usage
		Usr 0 00:00:00, Sys 0 00:00:00  -  Total Remote Usage
		Usr 0 00:00:00, Sys 0 00:00:00  -  Total Local Usage
	2165  -  Run Bytes Sent By Node
	33639  -  Run Bytes Received By Node
	2165  -  Total Bytes Sent By Node
	33639  -  Total Bytes Received By Node
...
015 (279123.000.007) 2025-01-24 10:17:48 Node 7 terminated.
	(1) Normal termination (return value 0)
		Usr 0 00:00:00, Sys 0 00:00:00  -  Run Remote Usage
		Usr 0 00:00:00, Sys 0 00:00:00  -  Run Local Usage
		Usr 0 00:00:00, Sys 0 00:00:00  -  Total Remote Usage
		Usr 0 00:00:00, Sys 0 00:00:00  -  Total Local Usage
	2165  -  Run Bytes Sent By Node
	33639  -  Run Bytes Received By Node
	2165  -  Total Bytes Sent By Node
	33639  -  Total Bytes Received By Node
...
005 (279123.000.000) 2025-01-24 10:17:48 Job terminated.
	(1) Normal termination (return value 0)
		Usr 0 00:00:01, Sys 0 00:00:00  -  Run Remote Usage
		Usr 0 00:00:00, Sys 0 00:00:00  -  Run Local Usage
		Usr 0 00:00:00, Sys 0 00:00:00  -  Total Remote Usage
		Usr 0 00:00:00, Sys 0 00:00:00  -  Total Local Usage
	16274  -  Run Bytes Sent By Job
	269112  -  Run Bytes Received By Job
	16274  -  Total Bytes Sent By Job
	269112  -  Total Bytes Received By Job
	Partitionable Resources :    Usage  Request Allocated 
	   Cpus                 :        0        1         2 
	   Disk (KB)            :       56       35 102883670 
	   Memory (MB)          :        0        1    100096 

	Job terminated of its own accord at 2025-01-24T10:17:48Z with exit-code 0.
...
