000 (262605.000.000) 2025-01-17 11:14:16 Job submitted from host: <192.168.0.102:9618?addrs=192.168.0.102-9618&alias=submitter&noUDP&sock=schedd_2032_5c88>
...
001 (262605.000.000) 2025-01-17 11:14:32 Job executing on host: <192.168.0.140:9618?addrs=192.168.0.140-9618&alias=node140.di.rm1&noUDP&sock=startd_1890_f615>
...
006 (262605.000.000) 2025-01-17 11:14:40 Image size of job updated: 216732
	208  -  MemoryUsage of job (MB)
	212872  -  ResidentSetSize of job (KB)
...
005 (262605.000.000) 2025-01-17 11:19:02 Job terminated.
	(1) Normal termination (return value 0)
		Usr 0 00:04:30, Sys 0 00:00:00  -  Run Remote Usage
		Usr 0 00:00:00, Sys 0 00:00:00  -  Run Local Usage
		Usr 0 00:04:30, Sys 0 00:00:00  -  Total Remote Usage
		Usr 0 00:00:00, Sys 0 00:00:00  -  Total Local Usage
	0  -  Run Bytes Sent By Job
	0  -  Run Bytes Received By Job
	0  -  Total Bytes Sent By Job
	0  -  Total Bytes Received By Job
	Partitionable Resources :    Usage  Request Allocated 
	   Cpus                 :     1.00        1         1 
	   Disk (KB)            :    27          27    468367 
	   Memory (MB)          :   208           1       128 

	Job terminated of its own accord at 2025-01-17T11:19:02Z with exit-code 0.
...
