000 (271093.000.000) 2025-01-22 00:42:47 Job submitted from host: <192.168.0.102:9618?addrs=192.168.0.102-9618&alias=submitter&noUDP&sock=schedd_2032_5c88>
...
001 (271093.000.000) 2025-01-22 00:42:49 Job executing on host: <192.168.0.151:9618?addrs=192.168.0.151-9618&alias=node151.di.rm1&noUDP&sock=startd_1528_a8cd>
...
006 (271093.000.000) 2025-01-22 00:42:58 Image size of job updated: 1299612
	474  -  MemoryUsage of job (MB)
	485100  -  ResidentSetSize of job (KB)
...
006 (271093.000.000) 2025-01-22 00:43:50 Image size of job updated: 3372936
	475  -  MemoryUsage of job (MB)
	485628  -  ResidentSetSize of job (KB)
...
004 (271093.000.000) 2025-01-22 00:43:50 Job was evicted.
	(0) CPU times
		Usr 0 00:00:57, Sys 0 00:00:01  -  Run Remote Usage
		Usr 0 00:00:00, Sys 0 00:00:00  -  Run Local Usage
	0  -  Run Bytes Sent By Job
	0  -  Run Bytes Received By Job
	Partitionable Resources :    Usage  Request Allocated 
	   Cpus                 :     1.00        1         1 
	   Disk (KB)            :    27          27    474791 
	   Memory (MB)          :   475           1       128 
...
009 (271093.000.000) 2025-01-22 00:43:51 Job was aborted.
	via condor_rm (by user calzona_2046920)
...
000 (277247.000.000) 2025-01-24 06:14:34 Job submitted from host: <192.168.0.102:9618?addrs=192.168.0.102-9618&alias=submitter&noUDP&sock=schedd_2032_5c88>
...
001 (277247.000.000) 2025-01-24 06:14:35 Job executing on host: <192.168.0.149:9618?addrs=192.168.0.149-9618&alias=node149.di.rm1&noUDP&sock=startd_1551_6f7a>
...
006 (277247.000.000) 2025-01-24 06:14:44 Image size of job updated: 1362312
	483  -  MemoryUsage of job (MB)
	493680  -  ResidentSetSize of job (KB)
...
006 (277247.000.000) 2025-01-24 06:16:36 Image size of job updated: 6694320
	483  -  MemoryUsage of job (MB)
	493812  -  ResidentSetSize of job (KB)
...
004 (277247.000.000) 2025-01-24 06:16:36 Job was evicted.
	(0) CPU times
		Usr 0 00:01:58, Sys 0 00:00:02  -  Run Remote Usage
		Usr 0 00:00:00, Sys 0 00:00:00  -  Run Local Usage
	0  -  Run Bytes Sent By Job
	0  -  Run Bytes Received By Job
	Partitionable Resources :    Usage  Request Allocated 
	   Cpus                 :                 1         1 
	   Disk (KB)            :       27       27    471944 
	   Memory (MB)          :      483        1       128 
...
009 (277247.000.000) 2025-01-24 06:16:36 Job was aborted.
	via condor_rm (by user calzona_2046920)
...
