000 (263944.000.000) 2025-01-17 11:21:08 Job submitted from host: <192.168.0.102:9618?addrs=192.168.0.102-9618&alias=submitter&noUDP&sock=schedd_2032_5c88>
...
001 (263944.000.000) 2025-01-17 11:21:13 Job executing on host: <192.168.0.116:9618?addrs=192.168.0.116-9618&alias=node116.di.rm1&noUDP&sock=startd_1847_7783>
...
006 (263944.000.000) 2025-01-17 11:21:23 Image size of job updated: 366744
	355  -  MemoryUsage of job (MB)
	362868  -  ResidentSetSize of job (KB)
...
006 (263944.000.000) 2025-01-17 11:22:16 Image size of job updated: 2065800
	355  -  MemoryUsage of job (MB)
	363132  -  ResidentSetSize of job (KB)
...
005 (263944.000.000) 2025-01-17 11:22:16 Job terminated.
	(1) Normal termination (return value 0)
		Usr 0 00:00:55, Sys 0 00:00:01  -  Run Remote Usage
		Usr 0 00:00:00, Sys 0 00:00:00  -  Run Local Usage
		Usr 0 00:00:55, Sys 0 00:00:01  -  Total Remote Usage
		Usr 0 00:00:00, Sys 0 00:00:00  -  Total Local Usage
	0  -  Run Bytes Sent By Job
	0  -  Run Bytes Received By Job
	0  -  Total Bytes Sent By Job
	0  -  Total Bytes Received By Job
	Partitionable Resources :    Usage  Request Allocated 
	   Cpus                 :                 1         1 
	   Disk (KB)            :       27       27    474557 
	   Memory (MB)          :      355        1       128 

	Job terminated of its own accord at 2025-01-17T11:22:16Z with exit-code 0.
...
