000 (281837.000.000) 2025-01-26 15:09:00 Job submitted from host: <192.168.0.102:9618?addrs=192.168.0.102-9618&alias=submitter&noUDP&sock=schedd_2032_5c88>
...
014 (281837.000.000) 2025-01-26 15:09:23 Node 0 executing on host: <192.168.0.147:9618?addrs=192.168.0.147-9618&alias=node147.di.rm1&noUDP&sock=startd_1513_5ee1>
...
014 (281837.000.002) 2025-01-26 15:09:23 Node 2 executing on host: <192.168.0.147:9618?addrs=192.168.0.147-9618&alias=node147.di.rm1&noUDP&sock=startd_1513_5ee1>
...
014 (281837.000.003) 2025-01-26 15:09:23 Node 3 executing on host: <192.168.0.139:9618?addrs=192.168.0.139-9618&alias=node139.di.rm1&noUDP&sock=startd_1966_1748>
...
014 (281837.000.001) 2025-01-26 15:09:23 Node 1 executing on host: <192.168.0.112:9618?addrs=192.168.0.112-9618&alias=node112.di.rm1&noUDP&sock=startd_2169_5502>
...
001 (281837.000.000) 2025-01-26 15:09:23 Job executing on host: MPI_job
...
008 (281837.000.000) 2025-01-26 15:09:25 Launching orted on Node 2 of 4
...
008 (281837.000.000) 2025-01-26 15:09:25 Launching orted on Node 0 of 4
...
008 (281837.000.000) 2025-01-26 15:09:25 Launching orted on Node 3 of 4
...
008 (281837.000.000) 2025-01-26 15:09:25 Launching orted on Node 1 of 4
...
008 (281837.000.000) 2025-01-26 15:09:33 orted exited on Node 3 of 4
...
008 (281837.000.000) 2025-01-26 15:09:33 orted exited on Node 1 of 4
...
008 (281837.000.000) 2025-01-26 15:09:33 orted exited on Node 2 of 4
...
008 (281837.000.000) 2025-01-26 15:09:33 orted exited on Node 0 of 4
...
015 (281837.000.001) 2025-01-26 15:09:33 Node 1 terminated.
	(1) Normal termination (return value 0)
		Usr 0 00:00:07, Sys 0 00:00:00  -  Run Remote Usage
		Usr 0 00:00:00, Sys 0 00:00:00  -  Run Local Usage
		Usr 0 00:00:07, Sys 0 00:00:00  -  Total Remote Usage
		Usr 0 00:00:00, Sys 0 00:00:00  -  Total Local Usage
	2187  -  Run Bytes Sent By Node
	33711  -  Run Bytes Received By Node
	2187  -  Total Bytes Sent By Node
	33711  -  Total Bytes Received By Node
...
015 (281837.000.002) 2025-01-26 15:09:33 Node 2 terminated.
	(1) Normal termination (return value 0)
		Usr 0 00:00:07, Sys 0 00:00:00  -  Run Remote Usage
		Usr 0 00:00:00, Sys 0 00:00:00  -  Run Local Usage
		Usr 0 00:00:07, Sys 0 00:00:00  -  Total Remote Usage
		Usr 0 00:00:00, Sys 0 00:00:00  -  Total Local Usage
	0  -  Run Bytes Sent By Node
	33711  -  Run Bytes Received By Node
	0  -  Total Bytes Sent By Node
	33711  -  Total Bytes Received By Node
...
015 (281837.000.000) 2025-01-26 15:09:33 Node 0 terminated.
	(1) Normal termination (return value 0)
		Usr 0 00:00:00, Sys 0 00:00:00  -  Run Remote Usage
		Usr 0 00:00:00, Sys 0 00:00:00  -  Run Local Usage
		Usr 0 00:00:00, Sys 0 00:00:00  -  Total Remote Usage
		Usr 0 00:00:00, Sys 0 00:00:00  -  Total Local Usage
	3259  -  Run Bytes Sent By Node
	33711  -  Run Bytes Received By Node
	3259  -  Total Bytes Sent By Node
	33711  -  Total Bytes Received By Node
...
005 (281837.000.000) 2025-01-26 15:09:33 Job terminated.
	(1) Normal termination (return value 0)
		Usr 0 00:00:21, Sys 0 00:00:00  -  Run Remote Usage
		Usr 0 00:00:00, Sys 0 00:00:00  -  Run Local Usage
		Usr 0 00:00:00, Sys 0 00:00:00  -  Total Remote Usage
		Usr 0 00:00:00, Sys 0 00:00:00  -  Total Local Usage
	5446  -  Run Bytes Sent By Job
	134844  -  Run Bytes Received By Job
	5446  -  Total Bytes Sent By Job
	134844  -  Total Bytes Received By Job
	Partitionable Resources :    Usage  Request Allocated 
	   Cpus                 :                 1         1 
	   Disk (KB)            :       49       35    469805 
	   Memory (MB)          :      289       50     40960 

	Job terminated of its own accord at 2025-01-26T15:09:33Z with exit-code 0.
...
