000 (263345.000.000) 2025-01-17 11:20:47 Job submitted from host: <192.168.0.102:9618?addrs=192.168.0.102-9618&alias=submitter&noUDP&sock=schedd_2032_5c88>
...
001 (263345.000.000) 2025-01-17 11:20:54 Job executing on host: <192.168.0.134:9618?addrs=192.168.0.134-9618&alias=node134.di.rm1&noUDP&sock=startd_2073_7bea>
...
006 (263345.000.000) 2025-01-17 11:21:03 Image size of job updated: 393096
	384  -  MemoryUsage of job (MB)
	393096  -  ResidentSetSize of job (KB)
...
006 (263345.000.000) 2025-01-17 11:21:40 Image size of job updated: 2126144
	384  -  MemoryUsage of job (MB)
	393096  -  ResidentSetSize of job (KB)
...
005 (263345.000.000) 2025-01-17 11:21:41 Job terminated.
	(1) Normal termination (return value 0)
		Usr 0 00:00:44, Sys 0 00:00:01  -  Run Remote Usage
		Usr 0 00:00:00, Sys 0 00:00:00  -  Run Local Usage
		Usr 0 00:00:44, Sys 0 00:00:01  -  Total Remote Usage
		Usr 0 00:00:00, Sys 0 00:00:00  -  Total Local Usage
	0  -  Run Bytes Sent By Job
	0  -  Run Bytes Received By Job
	0  -  Total Bytes Sent By Job
	0  -  Total Bytes Received By Job
	Partitionable Resources :    Usage  Request Allocated 
	   Cpus                 :                 1         1 
	   Disk (KB)            :       27       27    474253 
	   Memory (MB)          :      384        1       128 

	Job terminated of its own accord at 2025-01-17T11:21:40Z with exit-code 0.
...
