000 (264082.000.000) 2025-01-17 11:21:14 Job submitted from host: <192.168.0.102:9618?addrs=192.168.0.102-9618&alias=submitter&noUDP&sock=schedd_2032_5c88>
...
001 (264082.000.000) 2025-01-17 11:21:15 Job executing on host: <192.168.0.138:9618?addrs=192.168.0.138-9618&alias=node138.di.rm1&noUDP&sock=startd_2998744_89a3>
...
006 (264082.000.000) 2025-01-17 11:21:23 Image size of job updated: 1404704
	481  -  MemoryUsage of job (MB)
	491700  -  ResidentSetSize of job (KB)
...
006 (264082.000.000) 2025-01-17 11:26:19 Image size of job updated: 7468076
	481  -  MemoryUsage of job (MB)
	491700  -  ResidentSetSize of job (KB)
...
005 (264082.000.000) 2025-01-17 11:26:19 Job terminated.
	(0) Abnormal termination (signal 9)
	(0) No core file
		Usr 0 00:02:33, Sys 0 00:00:51  -  Run Remote Usage
		Usr 0 00:00:00, Sys 0 00:00:00  -  Run Local Usage
		Usr 0 00:02:33, Sys 0 00:00:51  -  Total Remote Usage
		Usr 0 00:00:00, Sys 0 00:00:00  -  Total Local Usage
	0  -  Run Bytes Sent By Job
	0  -  Run Bytes Received By Job
	0  -  Total Bytes Sent By Job
	0  -  Total Bytes Received By Job
	Partitionable Resources :    Usage  Request Allocated 
	   Cpus                 :     0.71        1         1 
	   Disk (KB)            :    27          27    474244 
	   Memory (MB)          :   481           1       128 

	Job terminated of its own accord at 2025-01-17T11:26:19Z with signal 9.
...
