000 (274207.000.000) 2025-01-23 11:41:59 Job submitted from host: <192.168.0.102:9618?addrs=192.168.0.102-9618&alias=submitter&noUDP&sock=schedd_2032_5c88>
...
014 (274207.000.002) 2025-01-23 11:42:10 Node 2 executing on host: <192.168.0.140:9618?addrs=192.168.0.140-9618&alias=node140.di.rm1&noUDP&sock=startd_1890_f615>
...
014 (274207.000.001) 2025-01-23 11:42:10 Node 1 executing on host: <192.168.0.106:9618?addrs=192.168.0.106-9618&alias=node106.di.rm1&noUDP&sock=startd_1970_d5a9>
...
014 (274207.000.000) 2025-01-23 11:42:10 Node 0 executing on host: <192.168.0.149:9618?addrs=192.168.0.149-9618&alias=node149.di.rm1&noUDP&sock=startd_1551_6f7a>
...
014 (274207.000.003) 2025-01-23 11:42:10 Node 3 executing on host: <192.168.0.141:9618?addrs=192.168.0.141-9618&alias=node141.di.rm1&noUDP&sock=startd_2077_3a4b>
...
001 (274207.000.000) 2025-01-23 11:42:10 Job executing on host: MPI_job
...
008 (274207.000.000) 2025-01-23 11:42:12 Launching orted on Node 2 of 4
...
008 (274207.000.000) 2025-01-23 11:42:12 Launching orted on Node 1 of 4
...
008 (274207.000.000) 2025-01-23 11:42:13 Launching orted on Node 0 of 4
...
008 (274207.000.000) 2025-01-23 11:42:13 Launching orted on Node 3 of 4
...
008 (274207.000.000) 2025-01-23 11:42:40 Node 0 caught SIGTERM, cleaning up mpirun
...
004 (274207.000.000) 2025-01-23 11:42:40 Job was evicted.
	(0) CPU times
		Usr 0 00:00:45, Sys 0 00:00:00  -  Run Remote Usage
		Usr 0 00:00:00, Sys 0 00:00:00  -  Run Local Usage
	0  -  Run Bytes Sent By Job
	134556  -  Run Bytes Received By Job
	Partitionable Resources :    Usage  Request Allocated 
	   Cpus                 :                 1         2 
	   Disk (KB)            :     8521       35 102883670 
	   Memory (MB)          :       85    11185    100096 
...
009 (274207.000.000) 2025-01-23 11:42:40 Job was aborted.
	via condor_rm (by user calzona_2046920)
...
000 (278942.000.000) 2025-01-24 09:47:17 Job submitted from host: <192.168.0.102:9618?addrs=192.168.0.102-9618&alias=submitter&noUDP&sock=schedd_2032_5c88>
...
014 (278942.000.000) 2025-01-24 09:47:24 Node 0 executing on host: <192.168.0.147:9618?addrs=192.168.0.147-9618&alias=node147.di.rm1&noUDP&sock=startd_1513_5ee1>
...
014 (278942.000.002) 2025-01-24 09:47:24 Node 2 executing on host: <192.168.0.147:9618?addrs=192.168.0.147-9618&alias=node147.di.rm1&noUDP&sock=startd_1513_5ee1>
...
014 (278942.000.001) 2025-01-24 09:47:24 Node 1 executing on host: <192.168.0.151:9618?addrs=192.168.0.151-9618&alias=node151.di.rm1&noUDP&sock=startd_1528_a8cd>
...
014 (278942.000.003) 2025-01-24 09:47:25 Node 3 executing on host: <192.168.0.108:9618?addrs=192.168.0.108-9618&alias=node108.di.rm1&noUDP&sock=startd_1979_0203>
...
001 (278942.000.000) 2025-01-24 09:47:25 Job executing on host: MPI_job
...
008 (278942.000.000) 2025-01-24 09:47:26 Launching orted on Node 0 of 4
...
008 (278942.000.000) 2025-01-24 09:47:26 Launching orted on Node 2 of 4
...
008 (278942.000.000) 2025-01-24 09:47:27 Launching orted on Node 1 of 4
...
008 (278942.000.000) 2025-01-24 09:47:27 Launching orted on Node 3 of 4
...
008 (278942.000.000) 2025-01-24 09:48:35 orted exited on Node 3 of 4
...
008 (278942.000.000) 2025-01-24 09:48:35 orted exited on Node 1 of 4
...
008 (278942.000.000) 2025-01-24 09:48:35 orted exited on Node 2 of 4
...
008 (278942.000.000) 2025-01-24 09:48:35 orted exited on Node 0 of 4
...
015 (278942.000.002) 2025-01-24 09:48:35 Node 2 terminated.
	(1) Normal termination (return value 0)
		Usr 0 00:01:07, Sys 0 00:00:00  -  Run Remote Usage
		Usr 0 00:00:00, Sys 0 00:00:00  -  Run Local Usage
		Usr 0 00:01:07, Sys 0 00:00:00  -  Total Remote Usage
		Usr 0 00:00:00, Sys 0 00:00:00  -  Total Local Usage
	0  -  Run Bytes Sent By Node
	33639  -  Run Bytes Received By Node
	0  -  Total Bytes Sent By Node
	33639  -  Total Bytes Received By Node
...
015 (278942.000.000) 2025-01-24 09:48:35 Node 0 terminated.
	(1) Normal termination (return value 0)
		Usr 0 00:00:00, Sys 0 00:00:00  -  Run Remote Usage
		Usr 0 00:00:00, Sys 0 00:00:00  -  Run Local Usage
		Usr 0 00:00:00, Sys 0 00:00:00  -  Total Remote Usage
		Usr 0 00:00:00, Sys 0 00:00:00  -  Total Local Usage
	3261  -  Run Bytes Sent By Node
	33639  -  Run Bytes Received By Node
	3261  -  Total Bytes Sent By Node
	33639  -  Total Bytes Received By Node
...
005 (278942.000.000) 2025-01-24 09:48:35 Job terminated.
	(1) Normal termination (return value 0)
		Usr 0 00:03:22, Sys 0 00:00:00  -  Run Remote Usage
		Usr 0 00:00:00, Sys 0 00:00:00  -  Run Local Usage
		Usr 0 00:00:00, Sys 0 00:00:00  -  Total Remote Usage
		Usr 0 00:00:00, Sys 0 00:00:00  -  Total Local Usage
	3261  -  Run Bytes Sent By Job
	134556  -  Run Bytes Received By Job
	3261  -  Total Bytes Sent By Job
	134556  -  Total Bytes Received By Job
	Partitionable Resources :    Usage  Request Allocated 
	   Cpus                 :                 1         1 
	   Disk (KB)            :       49       35    469805 
	   Memory (MB)          :       85       33     20480 

	Job terminated of its own accord at 2025-01-24T09:48:35Z with exit-code 0.
...
000 (287244.000.000) 2025-01-28 16:42:48 Job submitted from host: <192.168.0.102:9618?addrs=192.168.0.102-9618&alias=submitter&noUDP&sock=schedd_2032_5c88>
...
014 (287244.000.000) 2025-01-28 16:42:52 Node 0 executing on host: <192.168.0.113:9618?addrs=192.168.0.113-9618&alias=node113.di.rm1&noUDP&sock=startd_3668932_c305>
...
014 (287244.000.001) 2025-01-28 16:42:52 Node 1 executing on host: <192.168.0.122:9618?addrs=192.168.0.122-9618&alias=node122.di.rm1&noUDP&sock=startd_2134_5331>
...
014 (287244.000.002) 2025-01-28 16:42:52 Node 2 executing on host: <192.168.0.109:9618?addrs=192.168.0.109-9618&alias=node109.di.rm1&noUDP&sock=startd_1627_90ad>
...
014 (287244.000.003) 2025-01-28 16:42:52 Node 3 executing on host: <192.168.0.143:9618?addrs=192.168.0.143-9618&alias=node143.di.rm1&noUDP&sock=startd_2061_40c7>
...
001 (287244.000.000) 2025-01-28 16:42:52 Job executing on host: MPI_job
...
008 (287244.000.000) 2025-01-28 16:42:54 Launching orted on Node 0 of 4
...
008 (287244.000.000) 2025-01-28 16:42:54 Launching orted on Node 2 of 4
...
008 (287244.000.000) 2025-01-28 16:42:54 Launching orted on Node 1 of 4
...
008 (287244.000.000) 2025-01-28 16:42:55 Launching orted on Node 3 of 4
...
008 (287244.000.000) 2025-01-28 16:44:05 orted exited on Node 0 of 4
...
008 (287244.000.000) 2025-01-28 16:44:05 orted exited on Node 2 of 4
...
008 (287244.000.000) 2025-01-28 16:44:05 orted exited on Node 1 of 4
...
008 (287244.000.000) 2025-01-28 16:44:05 orted exited on Node 3 of 4
...
015 (287244.000.002) 2025-01-28 16:44:05 Node 2 terminated.
	(1) Normal termination (return value 0)
		Usr 0 00:01:06, Sys 0 00:00:03  -  Run Remote Usage
		Usr 0 00:00:00, Sys 0 00:00:00  -  Run Local Usage
		Usr 0 00:01:06, Sys 0 00:00:03  -  Total Remote Usage
		Usr 0 00:00:00, Sys 0 00:00:00  -  Total Local Usage
	2165  -  Run Bytes Sent By Node
	33591  -  Run Bytes Received By Node
	2165  -  Total Bytes Sent By Node
	33591  -  Total Bytes Received By Node
...
015 (287244.000.000) 2025-01-28 16:44:05 Node 0 terminated.
	(1) Normal termination (return value 0)
		Usr 0 00:00:06, Sys 0 00:00:00  -  Run Remote Usage
		Usr 0 00:00:00, Sys 0 00:00:00  -  Run Local Usage
		Usr 0 00:00:06, Sys 0 00:00:00  -  Total Remote Usage
		Usr 0 00:00:00, Sys 0 00:00:00  -  Total Local Usage
	3305  -  Run Bytes Sent By Node
	33591  -  Run Bytes Received By Node
	3305  -  Total Bytes Sent By Node
	33591  -  Total Bytes Received By Node
...
005 (287244.000.000) 2025-01-28 16:44:05 Job terminated.
	(1) Normal termination (return value 0)
		Usr 0 00:03:27, Sys 0 00:00:07  -  Run Remote Usage
		Usr 0 00:00:00, Sys 0 00:00:00  -  Run Local Usage
		Usr 0 00:00:01, Sys 0 00:00:00  -  Total Remote Usage
		Usr 0 00:00:00, Sys 0 00:00:00  -  Total Local Usage
	5470  -  Run Bytes Sent By Job
	134364  -  Run Bytes Received By Job
	5470  -  Total Bytes Sent By Job
	134364  -  Total Bytes Received By Job
	Partitionable Resources :    Usage  Request Allocated 
	   Cpus                 :                 1         2 
	   Disk (KB)            :       51       35 102984791 
	   GPUs                 :                           0 
	   Memory (MB)          :       84       37    100096 

	Job terminated of its own accord at 2025-01-28T16:44:05Z with exit-code 0.
...
