000 (281179.000.000) 2025-01-25 19:19:37 Job submitted from host: <192.168.0.102:9618?addrs=192.168.0.102-9618&alias=submitter&noUDP&sock=schedd_2032_5c88>
...
014 (281179.000.003) 2025-01-25 19:19:44 Node 3 executing on host: <192.168.0.121:9618?addrs=192.168.0.121-9618&alias=node121.di.rm1&noUDP&sock=startd_2146_8e54>
...
014 (281179.000.004) 2025-01-25 19:19:44 Node 4 executing on host: <192.168.0.114:9618?addrs=192.168.0.114-9618&alias=node114.di.rm1&noUDP&sock=startd_2075_db1b>
...
014 (281179.000.005) 2025-01-25 19:19:44 Node 5 executing on host: <192.168.0.130:9618?addrs=192.168.0.130-9618&alias=node130.di.rm1&noUDP&sock=startd_2751195_838e>
...
014 (281179.000.001) 2025-01-25 19:19:44 Node 1 executing on host: <192.168.0.111:9618?addrs=192.168.0.111-9618&alias=node111.di.rm1&noUDP&sock=startd_2044_97ab>
...
014 (281179.000.000) 2025-01-25 19:19:44 Node 0 executing on host: <192.168.0.146:9618?addrs=192.168.0.146-9618&alias=node146.di.rm1&noUDP&sock=startd_1984_6ffc>
...
014 (281179.000.002) 2025-01-25 19:19:44 Node 2 executing on host: <192.168.0.120:9618?addrs=192.168.0.120-9618&alias=node120.di.rm1&noUDP&sock=startd_2096_4298>
...
014 (281179.000.007) 2025-01-25 19:19:44 Node 7 executing on host: <192.168.0.141:9618?addrs=192.168.0.141-9618&alias=node141.di.rm1&noUDP&sock=startd_2077_3a4b>
...
014 (281179.000.006) 2025-01-25 19:19:44 Node 6 executing on host: <192.168.0.114:9618?addrs=192.168.0.114-9618&alias=node114.di.rm1&noUDP&sock=startd_2075_db1b>
...
001 (281179.000.000) 2025-01-25 19:19:44 Job executing on host: MPI_job
...
008 (281179.000.000) 2025-01-25 19:19:46 Launching orted on Node 3 of 8
...
008 (281179.000.000) 2025-01-25 19:19:46 Launching orted on Node 0 of 8
...
008 (281179.000.000) 2025-01-25 19:19:46 Launching orted on Node 5 of 8
...
008 (281179.000.000) 2025-01-25 19:19:46 Launching orted on Node 1 of 8
...
008 (281179.000.000) 2025-01-25 19:19:47 Launching orted on Node 7 of 8
...
008 (281179.000.000) 2025-01-25 19:19:47 Launching orted on Node 2 of 8
...
008 (281179.000.000) 2025-01-25 19:19:47 Launching orted on Node 4 of 8
...
008 (281179.000.000) 2025-01-25 19:19:47 Launching orted on Node 6 of 8
...
008 (281179.000.000) 2025-01-25 19:19:48 orted exited on Node 1 of 8
...
008 (281179.000.000) 2025-01-25 19:19:48 orted exited on Node 5 of 8
...
008 (281179.000.000) 2025-01-25 19:19:48 orted exited on Node 0 of 8
...
008 (281179.000.000) 2025-01-25 19:19:48 orted exited on Node 3 of 8
...
008 (281179.000.000) 2025-01-25 19:19:48 orted exited on Node 7 of 8
...
008 (281179.000.000) 2025-01-25 19:19:48 orted exited on Node 4 of 8
...
008 (281179.000.000) 2025-01-25 19:19:48 orted exited on Node 2 of 8
...
008 (281179.000.000) 2025-01-25 19:19:48 orted exited on Node 6 of 8
...
015 (281179.000.000) 2025-01-25 19:19:48 Node 0 terminated.
	(1) Normal termination (return value 0)
		Usr 0 00:00:00, Sys 0 00:00:00  -  Run Remote Usage
		Usr 0 00:00:00, Sys 0 00:00:00  -  Run Local Usage
		Usr 0 00:00:00, Sys 0 00:00:00  -  Total Remote Usage
		Usr 0 00:00:00, Sys 0 00:00:00  -  Total Local Usage
	3729  -  Run Bytes Sent By Node
	33639  -  Run Bytes Received By Node
	3729  -  Total Bytes Sent By Node
	33639  -  Total Bytes Received By Node
...
015 (281179.000.005) 2025-01-25 19:19:48 Node 5 terminated.
	(1) Normal termination (return value 0)
		Usr 0 00:00:00, Sys 0 00:00:00  -  Run Remote Usage
		Usr 0 00:00:00, Sys 0 00:00:00  -  Run Local Usage
		Usr 0 00:00:00, Sys 0 00:00:00  -  Total Remote Usage
		Usr 0 00:00:00, Sys 0 00:00:00  -  Total Local Usage
	2165  -  Run Bytes Sent By Node
	33639  -  Run Bytes Received By Node
	2165  -  Total Bytes Sent By Node
	33639  -  Total Bytes Received By Node
...
005 (281179.000.000) 2025-01-25 19:19:48 Job terminated.
	(1) Normal termination (return value 0)
		Usr 0 00:00:01, Sys 0 00:00:00  -  Run Remote Usage
		Usr 0 00:00:00, Sys 0 00:00:00  -  Run Local Usage
		Usr 0 00:00:00, Sys 0 00:00:00  -  Total Remote Usage
		Usr 0 00:00:00, Sys 0 00:00:00  -  Total Local Usage
	8081  -  Run Bytes Sent By Job
	269112  -  Run Bytes Received By Job
	8081  -  Total Bytes Sent By Job
	269112  -  Total Bytes Received By Job
	Partitionable Resources :    Usage  Request Allocated 
	   Cpus                 :                 1         1 
	   Disk (KB)            :       50       35    466414 
	   Memory (MB)          :        0        0     40960 

	Job terminated of its own accord at 2025-01-25T19:19:48Z with exit-code 0.
...
000 (288386.000.000) 2025-01-28 19:45:29 Job submitted from host: <192.168.0.102:9618?addrs=192.168.0.102-9618&alias=submitter&noUDP&sock=schedd_2032_5c88>
...
014 (288386.000.000) 2025-01-28 19:45:36 Node 0 executing on host: <192.168.0.137:9618?addrs=192.168.0.137-9618&alias=node137.di.rm1&noUDP&sock=startd_1934_2440>
...
014 (288386.000.001) 2025-01-28 19:45:36 Node 1 executing on host: <192.168.0.147:9618?addrs=192.168.0.147-9618&alias=node147.di.rm1&noUDP&sock=startd_1513_5ee1>
...
014 (288386.000.004) 2025-01-28 19:45:36 Node 4 executing on host: <192.168.0.137:9618?addrs=192.168.0.137-9618&alias=node137.di.rm1&noUDP&sock=startd_1934_2440>
...
014 (288386.000.005) 2025-01-28 19:45:36 Node 5 executing on host: <192.168.0.132:9618?addrs=192.168.0.132-9618&alias=node132.di.rm1&noUDP&sock=startd_1999_b9e8>
...
014 (288386.000.003) 2025-01-28 19:45:36 Node 3 executing on host: <192.168.0.122:9618?addrs=192.168.0.122-9618&alias=node122.di.rm1&noUDP&sock=startd_2134_5331>
...
014 (288386.000.002) 2025-01-28 19:45:36 Node 2 executing on host: <192.168.0.151:9618?addrs=192.168.0.151-9618&alias=node151.di.rm1&noUDP&sock=startd_1528_a8cd>
...
014 (288386.000.007) 2025-01-28 19:45:36 Node 7 executing on host: <192.168.0.147:9618?addrs=192.168.0.147-9618&alias=node147.di.rm1&noUDP&sock=startd_1513_5ee1>
...
014 (288386.000.006) 2025-01-28 19:45:36 Node 6 executing on host: <192.168.0.108:9618?addrs=192.168.0.108-9618&alias=node108.di.rm1&noUDP&sock=startd_1979_0203>
...
001 (288386.000.000) 2025-01-28 19:45:36 Job executing on host: MPI_job
...
008 (288386.000.000) 2025-01-28 19:45:38 Launching orted on Node 0 of 8
...
008 (288386.000.000) 2025-01-28 19:45:38 Launching orted on Node 1 of 8
...
008 (288386.000.000) 2025-01-28 19:45:38 Launching orted on Node 4 of 8
...
008 (288386.000.000) 2025-01-28 19:45:38 Launching orted on Node 5 of 8
...
008 (288386.000.000) 2025-01-28 19:45:38 Launching orted on Node 7 of 8
...
008 (288386.000.000) 2025-01-28 19:45:38 Launching orted on Node 6 of 8
...
008 (288386.000.000) 2025-01-28 19:45:38 Launching orted on Node 3 of 8
...
008 (288386.000.000) 2025-01-28 19:45:38 Launching orted on Node 2 of 8
...
008 (288386.000.000) 2025-01-28 19:45:39 orted exited on Node 2 of 8
...
008 (288386.000.000) 2025-01-28 19:45:39 orted exited on Node 5 of 8
...
008 (288386.000.000) 2025-01-28 19:45:39 orted exited on Node 7 of 8
...
008 (288386.000.000) 2025-01-28 19:45:39 orted exited on Node 1 of 8
...
008 (288386.000.000) 2025-01-28 19:45:39 orted exited on Node 3 of 8
...
008 (288386.000.000) 2025-01-28 19:45:39 orted exited on Node 6 of 8
...
008 (288386.000.000) 2025-01-28 19:45:39 orted exited on Node 0 of 8
...
008 (288386.000.000) 2025-01-28 19:45:39 orted exited on Node 4 of 8
...
015 (288386.000.005) 2025-01-28 19:45:39 Node 5 terminated.
	(1) Normal termination (return value 0)
		Usr 0 00:00:01, Sys 0 00:00:00  -  Run Remote Usage
		Usr 0 00:00:00, Sys 0 00:00:00  -  Run Local Usage
		Usr 0 00:00:01, Sys 0 00:00:00  -  Total Remote Usage
		Usr 0 00:00:00, Sys 0 00:00:00  -  Total Local Usage
	2165  -  Run Bytes Sent By Node
	33631  -  Run Bytes Received By Node
	2165  -  Total Bytes Sent By Node
	33631  -  Total Bytes Received By Node
...
015 (288386.000.001) 2025-01-28 19:45:39 Node 1 terminated.
	(1) Normal termination (return value 0)
		Usr 0 00:00:00, Sys 0 00:00:00  -  Run Remote Usage
		Usr 0 00:00:00, Sys 0 00:00:00  -  Run Local Usage
		Usr 0 00:00:00, Sys 0 00:00:00  -  Total Remote Usage
		Usr 0 00:00:00, Sys 0 00:00:00  -  Total Local Usage
	2165  -  Run Bytes Sent By Node
	33631  -  Run Bytes Received By Node
	2165  -  Total Bytes Sent By Node
	33631  -  Total Bytes Received By Node
...
015 (288386.000.003) 2025-01-28 19:45:39 Node 3 terminated.
	(1) Normal termination (return value 0)
		Usr 0 00:00:00, Sys 0 00:00:00  -  Run Remote Usage
		Usr 0 00:00:00, Sys 0 00:00:00  -  Run Local Usage
		Usr 0 00:00:00, Sys 0 00:00:00  -  Total Remote Usage
		Usr 0 00:00:00, Sys 0 00:00:00  -  Total Local Usage
	2187  -  Run Bytes Sent By Node
	33631  -  Run Bytes Received By Node
	2187  -  Total Bytes Sent By Node
	33631  -  Total Bytes Received By Node
...
015 (288386.000.006) 2025-01-28 19:45:39 Node 6 terminated.
	(1) Normal termination (return value 0)
		Usr 0 00:00:00, Sys 0 00:00:00  -  Run Remote Usage
		Usr 0 00:00:00, Sys 0 00:00:00  -  Run Local Usage
		Usr 0 00:00:00, Sys 0 00:00:00  -  Total Remote Usage
		Usr 0 00:00:00, Sys 0 00:00:00  -  Total Local Usage
	2165  -  Run Bytes Sent By Node
	33631  -  Run Bytes Received By Node
	2165  -  Total Bytes Sent By Node
	33631  -  Total Bytes Received By Node
...
015 (288386.000.007) 2025-01-28 19:45:39 Node 7 terminated.
	(1) Normal termination (return value 0)
		Usr 0 00:00:00, Sys 0 00:00:00  -  Run Remote Usage
		Usr 0 00:00:00, Sys 0 00:00:00  -  Run Local Usage
		Usr 0 00:00:00, Sys 0 00:00:00  -  Total Remote Usage
		Usr 0 00:00:00, Sys 0 00:00:00  -  Total Local Usage
	2165  -  Run Bytes Sent By Node
	33631  -  Run Bytes Received By Node
	2165  -  Total Bytes Sent By Node
	33631  -  Total Bytes Received By Node
...
015 (288386.000.000) 2025-01-28 19:45:39 Node 0 terminated.
	(1) Normal termination (return value 0)
		Usr 0 00:00:00, Sys 0 00:00:01  -  Run Remote Usage
		Usr 0 00:00:00, Sys 0 00:00:00  -  Run Local Usage
		Usr 0 00:00:00, Sys 0 00:00:01  -  Total Remote Usage
		Usr 0 00:00:00, Sys 0 00:00:00  -  Total Local Usage
	3263  -  Run Bytes Sent By Node
	33631  -  Run Bytes Received By Node
	3263  -  Total Bytes Sent By Node
	33631  -  Total Bytes Received By Node
...
015 (288386.000.004) 2025-01-28 19:45:39 Node 4 terminated.
	(1) Normal termination (return value 0)
		Usr 0 00:00:00, Sys 0 00:00:00  -  Run Remote Usage
		Usr 0 00:00:00, Sys 0 00:00:00  -  Run Local Usage
		Usr 0 00:00:00, Sys 0 00:00:00  -  Total Remote Usage
		Usr 0 00:00:00, Sys 0 00:00:00  -  Total Local Usage
	0  -  Run Bytes Sent By Node
	33631  -  Run Bytes Received By Node
	0  -  Total Bytes Sent By Node
	33631  -  Total Bytes Received By Node
...
005 (288386.000.000) 2025-01-28 19:45:39 Job terminated.
	(1) Normal termination (return value 0)
		Usr 0 00:00:02, Sys 0 00:00:01  -  Run Remote Usage
		Usr 0 00:00:00, Sys 0 00:00:00  -  Run Local Usage
		Usr 0 00:00:00, Sys 0 00:00:01  -  Total Remote Usage
		Usr 0 00:00:00, Sys 0 00:00:00  -  Total Local Usage
	14110  -  Run Bytes Sent By Job
	269048  -  Run Bytes Received By Job
	14110  -  Total Bytes Sent By Job
	269048  -  Total Bytes Received By Job
	Partitionable Resources :    Usage  Request Allocated 
	   Cpus                 :                 1         2 
	   Disk (KB)            :       51       35 102846057 
	   Memory (MB)          :        0        0    100096 

	Job terminated of its own accord at 2025-01-28T19:45:39Z with exit-code 0.
...
