000 (263261.000.000) 2025-01-17 11:20:46 Job submitted from host: <192.168.0.102:9618?addrs=192.168.0.102-9618&alias=submitter&noUDP&sock=schedd_2032_5c88>
...
001 (263261.000.000) 2025-01-17 11:20:56 Job executing on host: <192.168.0.142:9618?addrs=192.168.0.142-9618&alias=node142.di.rm1&noUDP&sock=startd_1996_ab1f>
...
006 (263261.000.000) 2025-01-17 11:21:05 Image size of job updated: 1369572
	448  -  MemoryUsage of job (MB)
	458304  -  ResidentSetSize of job (KB)
...
006 (263261.000.000) 2025-01-17 11:26:06 Image size of job updated: 10740780
	10254  -  MemoryUsage of job (MB)
	10500072  -  ResidentSetSize of job (KB)
...
006 (263261.000.000) 2025-01-17 11:31:06 Image size of job updated: 19341568
	18878  -  MemoryUsage of job (MB)
	19330452  -  ResidentSetSize of job (KB)
...
004 (263261.000.000) 2025-01-17 11:33:19 Job was evicted.
	(0) CPU times
		Usr 0 00:12:50, Sys 0 00:00:22  -  Run Remote Usage
		Usr 0 00:00:00, Sys 0 00:00:00  -  Run Local Usage
	0  -  Run Bytes Sent By Job
	0  -  Run Bytes Received By Job
	Partitionable Resources :    Usage  Request Allocated 
	   Cpus                 :     1.69        1         1 
	   Disk (KB)            :    27          27    459874 
	   Memory (MB)          : 18878           1       128 
...
009 (263261.000.000) 2025-01-17 11:33:19 Job was aborted.
	via condor_rm (by user calzona_2046920)
...
