000 (273792.000.000) 2025-01-23 11:20:03 Job submitted from host: <192.168.0.102:9618?addrs=192.168.0.102-9618&alias=submitter&noUDP&sock=schedd_2032_5c88>
...
014 (273792.000.002) 2025-01-23 11:20:17 Node 2 executing on host: <192.168.0.141:9618?addrs=192.168.0.141-9618&alias=node141.di.rm1&noUDP&sock=startd_2077_3a4b>
...
014 (273792.000.003) 2025-01-23 11:20:17 Node 3 executing on host: <192.168.0.141:9618?addrs=192.168.0.141-9618&alias=node141.di.rm1&noUDP&sock=startd_2077_3a4b>
...
014 (273792.000.000) 2025-01-23 11:20:17 Node 0 executing on host: <192.168.0.137:9618?addrs=192.168.0.137-9618&alias=node137.di.rm1&noUDP&sock=startd_1934_2440>
...
014 (273792.000.001) 2025-01-23 11:20:17 Node 1 executing on host: <192.168.0.111:9618?addrs=192.168.0.111-9618&alias=node111.di.rm1&noUDP&sock=startd_2044_97ab>
...
001 (273792.000.000) 2025-01-23 11:20:17 Job executing on host: MPI_job
...
008 (273792.000.000) 2025-01-23 11:20:19 Launching orted on Node 3 of 4
...
008 (273792.000.000) 2025-01-23 11:20:19 Launching orted on Node 2 of 4
...
008 (273792.000.000) 2025-01-23 11:20:19 Launching orted on Node 0 of 4
...
008 (273792.000.000) 2025-01-23 11:20:19 Launching orted on Node 1 of 4
...
008 (273792.000.000) 2025-01-23 11:20:20 orted exited on Node 0 of 4
...
008 (273792.000.000) 2025-01-23 11:20:20 orted exited on Node 2 of 4
...
008 (273792.000.000) 2025-01-23 11:20:20 orted exited on Node 1 of 4
...
008 (273792.000.000) 2025-01-23 11:20:20 orted exited on Node 3 of 4
...
015 (273792.000.003) 2025-01-23 11:20:20 Node 3 terminated.
	(1) Normal termination (return value 0)
		Usr 0 00:00:00, Sys 0 00:00:00  -  Run Remote Usage
		Usr 0 00:00:00, Sys 0 00:00:00  -  Run Local Usage
		Usr 0 00:00:00, Sys 0 00:00:00  -  Total Remote Usage
		Usr 0 00:00:00, Sys 0 00:00:00  -  Total Local Usage
	2165  -  Run Bytes Sent By Node
	33639  -  Run Bytes Received By Node
	2165  -  Total Bytes Sent By Node
	33639  -  Total Bytes Received By Node
...
015 (273792.000.002) 2025-01-23 11:20:20 Node 2 terminated.
	(1) Normal termination (return value 0)
		Usr 0 00:00:00, Sys 0 00:00:00  -  Run Remote Usage
		Usr 0 00:00:00, Sys 0 00:00:00  -  Run Local Usage
		Usr 0 00:00:00, Sys 0 00:00:00  -  Total Remote Usage
		Usr 0 00:00:00, Sys 0 00:00:00  -  Total Local Usage
	2165  -  Run Bytes Sent By Node
	33639  -  Run Bytes Received By Node
	2165  -  Total Bytes Sent By Node
	33639  -  Total Bytes Received By Node
...
015 (273792.000.000) 2025-01-23 11:20:20 Node 0 terminated.
	(1) Normal termination (return value 0)
		Usr 0 00:00:01, Sys 0 00:00:01  -  Run Remote Usage
		Usr 0 00:00:00, Sys 0 00:00:00  -  Run Local Usage
		Usr 0 00:00:01, Sys 0 00:00:01  -  Total Remote Usage
		Usr 0 00:00:00, Sys 0 00:00:00  -  Total Local Usage
	3263  -  Run Bytes Sent By Node
	33639  -  Run Bytes Received By Node
	3263  -  Total Bytes Sent By Node
	33639  -  Total Bytes Received By Node
...
005 (273792.000.000) 2025-01-23 11:20:20 Job terminated.
	(1) Normal termination (return value 0)
		Usr 0 00:00:01, Sys 0 00:00:01  -  Run Remote Usage
		Usr 0 00:00:00, Sys 0 00:00:00  -  Run Local Usage
		Usr 0 00:00:01, Sys 0 00:00:01  -  Total Remote Usage
		Usr 0 00:00:00, Sys 0 00:00:00  -  Total Local Usage
	7593  -  Run Bytes Sent By Job
	134556  -  Run Bytes Received By Job
	7593  -  Total Bytes Sent By Job
	134556  -  Total Bytes Received By Job
	Partitionable Resources :    Usage  Request Allocated 
	   Cpus                 :     0.30        1         2 
	   Disk (KB)            :    55          35 102846057 
	   Memory (MB)          :     0           0    100096 

	Job terminated of its own accord at 2025-01-23T11:20:20Z with exit-code 0.
...
