000 (264715.000.000) 2025-01-17 11:21:31 Job submitted from host: <192.168.0.102:9618?addrs=192.168.0.102-9618&alias=submitter&noUDP&sock=schedd_2032_5c88>
...
001 (264715.000.000) 2025-01-17 11:21:35 Job executing on host: <192.168.0.140:9618?addrs=192.168.0.140-9618&alias=node140.di.rm1&noUDP&sock=startd_1890_f615>
...
006 (264715.000.000) 2025-01-17 11:21:44 Image size of job updated: 1394296
	388  -  MemoryUsage of job (MB)
	397056  -  ResidentSetSize of job (KB)
...
006 (264715.000.000) 2025-01-17 11:26:46 Image size of job updated: 7710668
	6299  -  MemoryUsage of job (MB)
	6449328  -  ResidentSetSize of job (KB)
...
006 (264715.000.000) 2025-01-17 11:33:44 Image size of job updated: 9005224
	7499  -  MemoryUsage of job (MB)
	7678544  -  ResidentSetSize of job (KB)
...
006 (264715.000.000) 2025-01-17 11:33:49 Image size of job updated: 9005224
	7555  -  MemoryUsage of job (MB)
	7735884  -  ResidentSetSize of job (KB)
...
004 (264715.000.000) 2025-01-17 11:33:49 Job was evicted.
	(0) CPU times
		Usr 0 00:03:20, Sys 0 00:04:42  -  Run Remote Usage
		Usr 0 00:00:00, Sys 0 00:00:00  -  Run Local Usage
	0  -  Run Bytes Sent By Job
	0  -  Run Bytes Received By Job
	Partitionable Resources :    Usage  Request Allocated 
	   Cpus                 :     0.58        1         1 
	   Disk (KB)            :    27          27    468367 
	   Memory (MB)          :  7555           1       128 
...
009 (264715.000.000) 2025-01-17 11:33:49 Job was aborted.
	via condor_rm (by user calzona_2046920)
...
