000 (265304.000.000) 2025-01-17 11:21:50 Job submitted from host: <192.168.0.102:9618?addrs=192.168.0.102-9618&alias=submitter&noUDP&sock=schedd_2032_5c88>
...
001 (265304.000.000) 2025-01-17 11:21:55 Job executing on host: <192.168.0.146:9618?addrs=192.168.0.146-9618&alias=node146.di.rm1&noUDP&sock=startd_1984_6ffc>
...
006 (265304.000.000) 2025-01-17 11:22:04 Image size of job updated: 1260540
	308  -  MemoryUsage of job (MB)
	314556  -  ResidentSetSize of job (KB)
...
006 (265304.000.000) 2025-01-17 11:28:21 Image size of job updated: 7552188
	6263  -  MemoryUsage of job (MB)
	6412816  -  ResidentSetSize of job (KB)
...
006 (265304.000.000) 2025-01-17 11:33:29 Image size of job updated: 8147904
	6847  -  MemoryUsage of job (MB)
	7010396  -  ResidentSetSize of job (KB)
...
006 (265304.000.000) 2025-01-17 11:33:32 Image size of job updated: 8320428
	6993  -  MemoryUsage of job (MB)
	7160824  -  ResidentSetSize of job (KB)
...
004 (265304.000.000) 2025-01-17 11:33:32 Job was evicted.
	(0) CPU times
		Usr 0 00:03:14, Sys 0 00:02:19  -  Run Remote Usage
		Usr 0 00:00:00, Sys 0 00:00:00  -  Run Local Usage
	0  -  Run Bytes Sent By Job
	0  -  Run Bytes Received By Job
	Partitionable Resources :    Usage  Request Allocated 
	   Cpus                 :     0.42        1         1 
	   Disk (KB)            :    27          27    466414 
	   Memory (MB)          :  6993           1       128 
...
009 (265304.000.000) 2025-01-17 11:33:32 Job was aborted.
	via condor_rm (by user calzona_2046920)
...
