000 (269464.000.000) 2025-01-21 22:42:08 Job submitted from host: <192.168.0.102:9618?addrs=192.168.0.102-9618&alias=submitter&noUDP&sock=schedd_2032_5c88>
...
001 (269464.000.000) 2025-01-21 22:42:28 Job executing on host: <192.168.0.147:9618?addrs=192.168.0.147-9618&alias=node147.di.rm1&noUDP&sock=startd_1513_5ee1>
...
006 (269464.000.000) 2025-01-21 22:42:36 Image size of job updated: 468204
	458  -  MemoryUsage of job (MB)
	468204  -  ResidentSetSize of job (KB)
...
006 (269464.000.000) 2025-01-21 22:43:09 Image size of job updated: 2483388
	459  -  MemoryUsage of job (MB)
	469392  -  ResidentSetSize of job (KB)
...
004 (269464.000.000) 2025-01-21 22:43:09 Job was evicted.
	(0) CPU times
		Usr 0 00:00:39, Sys 0 00:00:01  -  Run Remote Usage
		Usr 0 00:00:00, Sys 0 00:00:00  -  Run Local Usage
	0  -  Run Bytes Sent By Job
	0  -  Run Bytes Received By Job
	Partitionable Resources :    Usage  Request Allocated 
	   Cpus                 :                 1         1 
	   Disk (KB)            :       27       27    469805 
	   Memory (MB)          :      459        1       128 
...
009 (269464.000.000) 2025-01-21 22:43:09 Job was aborted.
	via condor_rm (by user calzona_2046920)
...
000 (275619.000.000) 2025-01-24 02:54:25 Job submitted from host: <192.168.0.102:9618?addrs=192.168.0.102-9618&alias=submitter&noUDP&sock=schedd_2032_5c88>
...
001 (275619.000.000) 2025-01-24 02:54:26 Job executing on host: <192.168.0.123:9618?addrs=192.168.0.123-9618&alias=node123.di.rm1&noUDP&sock=startd_2149_9d1d>
...
006 (275619.000.000) 2025-01-24 02:54:35 Image size of job updated: 507936
	497  -  MemoryUsage of job (MB)
	507936  -  ResidentSetSize of job (KB)
...
006 (275619.000.000) 2025-01-24 02:56:27 Image size of job updated: 6457116
	497  -  MemoryUsage of job (MB)
	508068  -  ResidentSetSize of job (KB)
...
004 (275619.000.000) 2025-01-24 02:56:27 Job was evicted.
	(0) CPU times
		Usr 0 00:01:56, Sys 0 00:00:03  -  Run Remote Usage
		Usr 0 00:00:00, Sys 0 00:00:00  -  Run Local Usage
	0  -  Run Bytes Sent By Job
	0  -  Run Bytes Received By Job
	Partitionable Resources :    Usage  Request Allocated 
	   Cpus                 :                 1         1 
	   Disk (KB)            :       27       27    499900 
	   Gpus (Average)       :                 0         0 
	   Memory (MB)          :      497        1       128 
...
009 (275619.000.000) 2025-01-24 02:56:27 Job was aborted.
	via condor_rm (by user calzona_2046920)
...
