000 (260827.000.000) 2025-01-12 10:03:58 Job submitted from host: <192.168.0.102:9618?addrs=192.168.0.102-9618&alias=submitter&noUDP&sock=schedd_2032_5c88>
...
001 (260827.000.000) 2025-01-12 10:04:16 Job executing on host: <192.168.0.141:9618?addrs=192.168.0.141-9618&alias=node141.di.rm1&noUDP&sock=startd_2077_3a4b>
...
006 (260827.000.000) 2025-01-12 10:04:16 Image size of job updated: 2244
	0  -  MemoryUsage of job (MB)
	0  -  ResidentSetSize of job (KB)
...
005 (260827.000.000) 2025-01-12 10:04:16 Job terminated.
	(1) Normal termination (return value 0)
		Usr 0 00:00:00, Sys 0 00:00:00  -  Run Remote Usage
		Usr 0 00:00:00, Sys 0 00:00:00  -  Run Local Usage
		Usr 0 00:00:00, Sys 0 00:00:00  -  Total Remote Usage
		Usr 0 00:00:00, Sys 0 00:00:00  -  Total Local Usage
	0  -  Run Bytes Sent By Job
	0  -  Run Bytes Received By Job
	0  -  Total Bytes Sent By Job
	0  -  Total Bytes Received By Job
	Partitionable Resources :    Usage  Request Allocated 
	   Cpus                 :                 1         1 
	   Disk (KB)            :       27       27    459831 
	   Memory (MB)          :        0        1       128 

	Job terminated of its own accord at 2025-01-12T10:04:16Z with exit-code 0.
...
000 (260875.000.000) 2025-01-12 10:09:06 Job submitted from host: <192.168.0.102:9618?addrs=192.168.0.102-9618&alias=submitter&noUDP&sock=schedd_2032_5c88>
...
001 (260875.000.000) 2025-01-12 10:09:07 Job executing on host: <192.168.0.141:9618?addrs=192.168.0.141-9618&alias=node141.di.rm1&noUDP&sock=startd_2077_3a4b>
...
006 (260875.000.000) 2025-01-12 10:09:08 Image size of job updated: 2244
	0  -  MemoryUsage of job (MB)
	0  -  ResidentSetSize of job (KB)
...
005 (260875.000.000) 2025-01-12 10:09:08 Job terminated.
	(1) Normal termination (return value 0)
		Usr 0 00:00:00, Sys 0 00:00:00  -  Run Remote Usage
		Usr 0 00:00:00, Sys 0 00:00:00  -  Run Local Usage
		Usr 0 00:00:00, Sys 0 00:00:00  -  Total Remote Usage
		Usr 0 00:00:00, Sys 0 00:00:00  -  Total Local Usage
	0  -  Run Bytes Sent By Job
	0  -  Run Bytes Received By Job
	0  -  Total Bytes Sent By Job
	0  -  Total Bytes Received By Job
	Partitionable Resources :    Usage  Request Allocated 
	   Cpus                 :                 1         1 
	   Disk (KB)            :       27       27    459831 
	   Memory (MB)          :        0        1       128 

	Job terminated of its own accord at 2025-01-12T10:09:08Z with exit-code 0.
...
000 (260962.000.000) 2025-01-12 11:05:34 Job submitted from host: <192.168.0.102:9618?addrs=192.168.0.102-9618&alias=submitter&noUDP&sock=schedd_2032_5c88>
...
001 (260962.000.000) 2025-01-12 11:05:40 Job executing on host: <192.168.0.148:9618?addrs=192.168.0.148-9618&alias=node148.di.rm1&noUDP&sock=startd_1547_b119>
...
006 (260962.000.000) 2025-01-12 11:05:49 Image size of job updated: 436920
	427  -  MemoryUsage of job (MB)
	436920  -  ResidentSetSize of job (KB)
...
006 (260962.000.000) 2025-01-12 11:10:50 Image size of job updated: 15040072
	14688  -  MemoryUsage of job (MB)
	15040072  -  ResidentSetSize of job (KB)
...
