000 (265073.000.000) 2025-01-17 11:21:44 Job submitted from host: <192.168.0.102:9618?addrs=192.168.0.102-9618&alias=submitter&noUDP&sock=schedd_2032_5c88>
...
001 (265073.000.000) 2025-01-17 11:21:48 Job executing on host: <192.168.0.146:9618?addrs=192.168.0.146-9618&alias=node146.di.rm1&noUDP&sock=startd_1984_6ffc>
...
006 (265073.000.000) 2025-01-17 11:21:57 Image size of job updated: 1336440
	290  -  MemoryUsage of job (MB)
	296208  -  ResidentSetSize of job (KB)
...
006 (265073.000.000) 2025-01-17 11:28:21 Image size of job updated: 7119360
	5798  -  MemoryUsage of job (MB)
	5936652  -  ResidentSetSize of job (KB)
...
006 (265073.000.000) 2025-01-17 11:33:26 Image size of job updated: 7691316
	6354  -  MemoryUsage of job (MB)
	6505484  -  ResidentSetSize of job (KB)
...
004 (265073.000.000) 2025-01-17 11:33:31 Job was evicted.
	(0) CPU times
		Usr 0 00:02:55, Sys 0 00:02:28  -  Run Remote Usage
		Usr 0 00:00:00, Sys 0 00:00:00  -  Run Local Usage
	0  -  Run Bytes Sent By Job
	0  -  Run Bytes Received By Job
	Partitionable Resources :    Usage  Request Allocated 
	   Cpus                 :     0.45        1         1 
	   Disk (KB)            :    27          27    466414 
	   Memory (MB)          :  6354           1       128 
...
009 (265073.000.000) 2025-01-17 11:33:31 Job was aborted.
	via condor_rm (by user calzona_2046920)
...
