000 (289754.000.000) 2025-01-29 11:35:21 Job submitted from host: <192.168.0.102:9618?addrs=192.168.0.102-9618&alias=submitter&noUDP&sock=schedd_2032_5c88>
...
014 (289754.000.000) 2025-01-29 11:35:29 Node 0 executing on host: <192.168.0.148:9618?addrs=192.168.0.148-9618&alias=node148.di.rm1&noUDP&sock=startd_1547_b119>
...
014 (289754.000.002) 2025-01-29 11:35:29 Node 2 executing on host: <192.168.0.149:9618?addrs=192.168.0.149-9618&alias=node149.di.rm1&noUDP&sock=startd_1551_6f7a>
...
014 (289754.000.001) 2025-01-29 11:35:29 Node 1 executing on host: <192.168.0.149:9618?addrs=192.168.0.149-9618&alias=node149.di.rm1&noUDP&sock=startd_1551_6f7a>
...
014 (289754.000.003) 2025-01-29 11:35:29 Node 3 executing on host: <192.168.0.151:9618?addrs=192.168.0.151-9618&alias=node151.di.rm1&noUDP&sock=startd_1528_a8cd>
...
001 (289754.000.000) 2025-01-29 11:35:29 Job executing on host: MPI_job
...
008 (289754.000.000) 2025-01-29 11:35:31 Launching orted on Node 1 of 4
...
008 (289754.000.000) 2025-01-29 11:35:32 Launching orted on Node 2 of 4
...
008 (289754.000.000) 2025-01-29 11:35:32 Launching orted on Node 0 of 4
...
008 (289754.000.000) 2025-01-29 11:35:32 Launching orted on Node 3 of 4
...
008 (289754.000.000) 2025-01-29 11:35:32 orted exited on Node 0 of 4
...
008 (289754.000.000) 2025-01-29 11:35:32 orted exited on Node 1 of 4
...
008 (289754.000.000) 2025-01-29 11:35:32 orted exited on Node 2 of 4
...
008 (289754.000.000) 2025-01-29 11:35:32 orted exited on Node 3 of 4
...
015 (289754.000.000) 2025-01-29 11:35:33 Node 0 terminated.
	(1) Normal termination (return value 0)
		Usr 0 00:00:00, Sys 0 00:00:00  -  Run Remote Usage
		Usr 0 00:00:00, Sys 0 00:00:00  -  Run Local Usage
		Usr 0 00:00:00, Sys 0 00:00:00  -  Total Remote Usage
		Usr 0 00:00:00, Sys 0 00:00:00  -  Total Local Usage
	3438  -  Run Bytes Sent By Node
	33791  -  Run Bytes Received By Node
	3438  -  Total Bytes Sent By Node
	33791  -  Total Bytes Received By Node
...
005 (289754.000.000) 2025-01-29 11:35:33 Job terminated.
	(1) Normal termination (return value 0)
		Usr 0 00:00:03, Sys 0 00:00:02  -  Run Remote Usage
		Usr 0 00:00:00, Sys 0 00:00:00  -  Run Local Usage
		Usr 0 00:00:00, Sys 0 00:00:00  -  Total Remote Usage
		Usr 0 00:00:00, Sys 0 00:00:00  -  Total Local Usage
	3438  -  Run Bytes Sent By Job
	135164  -  Run Bytes Received By Job
	3438  -  Total Bytes Sent By Job
	135164  -  Total Bytes Received By Job
	Partitionable Resources :    Usage  Request Allocated 
	   Cpus                 :                 4         4 
	   Disk (KB)            :       50       35    467548 
	   Memory (MB)          :        1        0       128 

	Job terminated of its own accord at 2025-01-29T11:35:32Z with exit-code 0.
...
