000 (270362.000.000) 2025-01-21 23:45:12 Job submitted from host: <192.168.0.102:9618?addrs=192.168.0.102-9618&alias=submitter&noUDP&sock=schedd_2032_5c88>
...
001 (270362.000.000) 2025-01-21 23:45:32 Job executing on host: <192.168.0.120:9618?addrs=192.168.0.120-9618&alias=node120.di.rm1&noUDP&sock=startd_2096_4298>
...
006 (270362.000.000) 2025-01-21 23:45:41 Image size of job updated: 41316
	17  -  MemoryUsage of job (MB)
	16896  -  ResidentSetSize of job (KB)
...
006 (270362.000.000) 2025-01-21 23:46:14 Image size of job updated: 41316
	17  -  MemoryUsage of job (MB)
	17160  -  ResidentSetSize of job (KB)
...
004 (270362.000.000) 2025-01-21 23:46:14 Job was evicted.
	(0) CPU times
		Usr 0 00:02:41, Sys 0 00:00:00  -  Run Remote Usage
		Usr 0 00:00:00, Sys 0 00:00:00  -  Run Local Usage
	0  -  Run Bytes Sent By Job
	0  -  Run Bytes Received By Job
	Partitionable Resources :    Usage  Request Allocated 
	   Cpus                 :                 1         1 
	   Disk (KB)            :       27       27    459052 
	   Gpus (Average)       :                 0         0 
	   Memory (MB)          :       17        1       128 
...
009 (270362.000.000) 2025-01-21 23:46:14 Job was aborted.
	via condor_rm (by user calzona_2046920)
...
000 (276516.000.000) 2025-01-24 04:40:42 Job submitted from host: <192.168.0.102:9618?addrs=192.168.0.102-9618&alias=submitter&noUDP&sock=schedd_2032_5c88>
...
001 (276516.000.000) 2025-01-24 04:40:44 Job executing on host: <192.168.0.151:9618?addrs=192.168.0.151-9618&alias=node151.di.rm1&noUDP&sock=startd_1528_a8cd>
...
006 (276516.000.000) 2025-01-24 04:40:53 Image size of job updated: 16620
	16  -  MemoryUsage of job (MB)
	16092  -  ResidentSetSize of job (KB)
...
006 (276516.000.000) 2025-01-24 04:41:48 Image size of job updated: 41316
	16  -  MemoryUsage of job (MB)
	16092  -  ResidentSetSize of job (KB)
...
005 (276516.000.000) 2025-01-24 04:41:48 Job terminated.
	(1) Normal termination (return value 0)
		Usr 0 00:04:15, Sys 0 00:00:01  -  Run Remote Usage
		Usr 0 00:00:00, Sys 0 00:00:00  -  Run Local Usage
		Usr 0 00:04:15, Sys 0 00:00:01  -  Total Remote Usage
		Usr 0 00:00:00, Sys 0 00:00:00  -  Total Local Usage
	0  -  Run Bytes Sent By Job
	0  -  Run Bytes Received By Job
	0  -  Total Bytes Sent By Job
	0  -  Total Bytes Received By Job
	Partitionable Resources :    Usage  Request Allocated 
	   Cpus                 :                 1         1 
	   Disk (KB)            :       27       27    474791 
	   Memory (MB)          :       16        1       128 

	Job terminated of its own accord at 2025-01-24T04:41:48Z with exit-code 0.
...
