000 (271073.000.000) 2025-01-22 00:40:43 Job submitted from host: <192.168.0.102:9618?addrs=192.168.0.102-9618&alias=submitter&noUDP&sock=schedd_2032_5c88>
...
001 (271073.000.000) 2025-01-22 00:40:43 Job executing on host: <192.168.0.148:9618?addrs=192.168.0.148-9618&alias=node148.di.rm1&noUDP&sock=startd_1547_b119>
...
006 (271073.000.000) 2025-01-22 00:40:51 Image size of job updated: 1129804
	504  -  MemoryUsage of job (MB)
	515844  -  ResidentSetSize of job (KB)
...
006 (271073.000.000) 2025-01-22 00:41:44 Image size of job updated: 4340824
	505  -  MemoryUsage of job (MB)
	516900  -  ResidentSetSize of job (KB)
...
004 (271073.000.000) 2025-01-22 00:41:44 Job was evicted.
	(0) CPU times
		Usr 0 00:01:00, Sys 0 00:00:01  -  Run Remote Usage
		Usr 0 00:00:00, Sys 0 00:00:00  -  Run Local Usage
	0  -  Run Bytes Sent By Job
	0  -  Run Bytes Received By Job
	Partitionable Resources :    Usage  Request Allocated 
	   Cpus                 :     1.00        1         1 
	   Disk (KB)            :    27          27    467548 
	   Memory (MB)          :   505           1       128 
...
009 (271073.000.000) 2025-01-22 00:41:45 Job was aborted.
	via condor_rm (by user calzona_2046920)
...
