000 (279359.000.000) 2025-01-24 10:34:42 Job submitted from host: <192.168.0.102:9618?addrs=192.168.0.102-9618&alias=submitter&noUDP&sock=schedd_2032_5c88>
...
014 (279359.000.000) 2025-01-24 10:34:50 Node 0 executing on host: <192.168.0.137:9618?addrs=192.168.0.137-9618&alias=node137.di.rm1&noUDP&sock=startd_1934_2440>
...
014 (279359.000.001) 2025-01-24 10:34:50 Node 1 executing on host: <192.168.0.146:9618?addrs=192.168.0.146-9618&alias=node146.di.rm1&noUDP&sock=startd_1984_6ffc>
...
014 (279359.000.002) 2025-01-24 10:34:50 Node 2 executing on host: <192.168.0.132:9618?addrs=192.168.0.132-9618&alias=node132.di.rm1&noUDP&sock=startd_1999_b9e8>
...
014 (279359.000.003) 2025-01-24 10:34:50 Node 3 executing on host: <192.168.0.147:9618?addrs=192.168.0.147-9618&alias=node147.di.rm1&noUDP&sock=startd_1513_5ee1>
...
014 (279359.000.005) 2025-01-24 10:34:50 Node 5 executing on host: <192.168.0.141:9618?addrs=192.168.0.141-9618&alias=node141.di.rm1&noUDP&sock=startd_2077_3a4b>
...
014 (279359.000.004) 2025-01-24 10:34:50 Node 4 executing on host: <192.168.0.112:9618?addrs=192.168.0.112-9618&alias=node112.di.rm1&noUDP&sock=startd_2169_5502>
...
014 (279359.000.007) 2025-01-24 10:34:50 Node 7 executing on host: <192.168.0.148:9618?addrs=192.168.0.148-9618&alias=node148.di.rm1&noUDP&sock=startd_1547_b119>
...
014 (279359.000.006) 2025-01-24 10:34:51 Node 6 executing on host: <192.168.0.151:9618?addrs=192.168.0.151-9618&alias=node151.di.rm1&noUDP&sock=startd_1528_a8cd>
...
001 (279359.000.000) 2025-01-24 10:34:51 Job executing on host: MPI_job
...
008 (279359.000.000) 2025-01-24 10:34:52 Launching orted on Node 0 of 8
...
008 (279359.000.000) 2025-01-24 10:34:52 Launching orted on Node 1 of 8
...
008 (279359.000.000) 2025-01-24 10:34:52 Launching orted on Node 3 of 8
...
008 (279359.000.000) 2025-01-24 10:34:53 Launching orted on Node 2 of 8
...
008 (279359.000.000) 2025-01-24 10:34:53 Launching orted on Node 5 of 8
...
008 (279359.000.000) 2025-01-24 10:34:53 Launching orted on Node 7 of 8
...
008 (279359.000.000) 2025-01-24 10:34:53 Launching orted on Node 4 of 8
...
008 (279359.000.000) 2025-01-24 10:34:53 Launching orted on Node 6 of 8
...
008 (279359.000.000) 2025-01-24 10:34:56 orted exited on Node 2 of 8
...
008 (279359.000.000) 2025-01-24 10:34:56 orted exited on Node 7 of 8
...
008 (279359.000.000) 2025-01-24 10:34:56 orted exited on Node 0 of 8
...
008 (279359.000.000) 2025-01-24 10:34:56 orted exited on Node 5 of 8
...
008 (279359.000.000) 2025-01-24 10:34:56 orted exited on Node 1 of 8
...
008 (279359.000.000) 2025-01-24 10:34:56 orted exited on Node 4 of 8
...
008 (279359.000.000) 2025-01-24 10:34:56 orted exited on Node 3 of 8
...
008 (279359.000.000) 2025-01-24 10:34:56 orted exited on Node 6 of 8
...
015 (279359.000.007) 2025-01-24 10:34:56 Node 7 terminated.
	(1) Normal termination (return value 0)
		Usr 0 00:00:02, Sys 0 00:00:01  -  Run Remote Usage
		Usr 0 00:00:00, Sys 0 00:00:00  -  Run Local Usage
		Usr 0 00:00:02, Sys 0 00:00:01  -  Total Remote Usage
		Usr 0 00:00:00, Sys 0 00:00:00  -  Total Local Usage
	2165  -  Run Bytes Sent By Node
	33639  -  Run Bytes Received By Node
	2165  -  Total Bytes Sent By Node
	33639  -  Total Bytes Received By Node
...
015 (279359.000.003) 2025-01-24 10:34:56 Node 3 terminated.
	(1) Normal termination (return value 0)
		Usr 0 00:00:03, Sys 0 00:00:00  -  Run Remote Usage
		Usr 0 00:00:00, Sys 0 00:00:00  -  Run Local Usage
		Usr 0 00:00:03, Sys 0 00:00:00  -  Total Remote Usage
		Usr 0 00:00:00, Sys 0 00:00:00  -  Total Local Usage
	2165  -  Run Bytes Sent By Node
	33639  -  Run Bytes Received By Node
	2165  -  Total Bytes Sent By Node
	33639  -  Total Bytes Received By Node
...
015 (279359.000.000) 2025-01-24 10:34:56 Node 0 terminated.
	(1) Normal termination (return value 0)
		Usr 0 00:00:03, Sys 0 00:00:00  -  Run Remote Usage
		Usr 0 00:00:00, Sys 0 00:00:00  -  Run Local Usage
		Usr 0 00:00:03, Sys 0 00:00:00  -  Total Remote Usage
		Usr 0 00:00:00, Sys 0 00:00:00  -  Total Local Usage
	3263  -  Run Bytes Sent By Node
	33639  -  Run Bytes Received By Node
	3263  -  Total Bytes Sent By Node
	33639  -  Total Bytes Received By Node
...
015 (279359.000.001) 2025-01-24 10:34:56 Node 1 terminated.
	(1) Normal termination (return value 0)
		Usr 0 00:00:02, Sys 0 00:00:00  -  Run Remote Usage
		Usr 0 00:00:00, Sys 0 00:00:00  -  Run Local Usage
		Usr 0 00:00:02, Sys 0 00:00:00  -  Total Remote Usage
		Usr 0 00:00:00, Sys 0 00:00:00  -  Total Local Usage
	2165  -  Run Bytes Sent By Node
	33639  -  Run Bytes Received By Node
	2165  -  Total Bytes Sent By Node
	33639  -  Total Bytes Received By Node
...
005 (279359.000.000) 2025-01-24 10:34:56 Job terminated.
	(1) Normal termination (return value 0)
		Usr 0 00:00:18, Sys 0 00:00:02  -  Run Remote Usage
		Usr 0 00:00:00, Sys 0 00:00:00  -  Run Local Usage
		Usr 0 00:00:01, Sys 0 00:00:00  -  Total Remote Usage
		Usr 0 00:00:00, Sys 0 00:00:00  -  Total Local Usage
	9758  -  Run Bytes Sent By Job
	269112  -  Run Bytes Received By Job
	9758  -  Total Bytes Sent By Job
	269112  -  Total Bytes Received By Job
	Partitionable Resources :    Usage  Request Allocated 
	   Cpus                 :                 1         2 
	   Disk (KB)            :       50       35 102846057 
	   Memory (MB)          :        0        0    100096 

	Job terminated of its own accord at 2025-01-24T10:34:56Z with exit-code 0.
...
000 (287680.000.000) 2025-01-28 17:32:59 Job submitted from host: <192.168.0.102:9618?addrs=192.168.0.102-9618&alias=submitter&noUDP&sock=schedd_2032_5c88>
...
007 (287680.000.000) 2025-01-28 17:33:12 Shadow exception!
	Assertion ERROR on (jobAdNumInProc == numInProc)
	0  -  Run Bytes Sent By Job
	0  -  Run Bytes Received By Job
...
007 (287680.000.000) 2025-01-28 17:33:28 Shadow exception!
	Assertion ERROR on (jobAdNumInProc == numInProc)
	0  -  Run Bytes Sent By Job
	0  -  Run Bytes Received By Job
...
014 (287680.000.002) 2025-01-28 17:33:35 Node 2 executing on host: <192.168.0.115:9618?addrs=192.168.0.115-9618&alias=node115.di.rm1&noUDP&sock=startd_1101621_f4a0>
...
014 (287680.000.000) 2025-01-28 17:33:35 Node 0 executing on host: <192.168.0.105:9618?addrs=192.168.0.105-9618&alias=node105.di.rm1&noUDP&sock=startd_1951_cd5c>
...
014 (287680.000.001) 2025-01-28 17:33:35 Node 1 executing on host: <192.168.0.135:9618?addrs=192.168.0.135-9618&alias=node135.di.rm1&noUDP&sock=startd_2000_6980>
...
014 (287680.000.003) 2025-01-28 17:33:35 Node 3 executing on host: <192.168.0.145:9618?addrs=192.168.0.145-9618&alias=node145.di.rm1&noUDP&sock=startd_1869_8e98>
...
014 (287680.000.005) 2025-01-28 17:33:35 Node 5 executing on host: <192.168.0.135:9618?addrs=192.168.0.135-9618&alias=node135.di.rm1&noUDP&sock=startd_2000_6980>
...
014 (287680.000.006) 2025-01-28 17:33:35 Node 6 executing on host: <192.168.0.130:9618?addrs=192.168.0.130-9618&alias=node130.di.rm1&noUDP&sock=startd_2751195_838e>
...
014 (287680.000.007) 2025-01-28 17:33:35 Node 7 executing on host: <192.168.0.106:9618?addrs=192.168.0.106-9618&alias=node106.di.rm1&noUDP&sock=startd_1970_d5a9>
...
014 (287680.000.004) 2025-01-28 17:33:35 Node 4 executing on host: <192.168.0.120:9618?addrs=192.168.0.120-9618&alias=node120.di.rm1&noUDP&sock=startd_2096_4298>
...
001 (287680.000.000) 2025-01-28 17:33:35 Job executing on host: MPI_job
...
008 (287680.000.000) 2025-01-28 17:33:37 Launching orted on Node 0 of 8
...
008 (287680.000.000) 2025-01-28 17:33:37 Launching orted on Node 2 of 8
...
008 (287680.000.000) 2025-01-28 17:33:37 Launching orted on Node 5 of 8
...
008 (287680.000.000) 2025-01-28 17:33:37 Launching orted on Node 3 of 8
...
008 (287680.000.000) 2025-01-28 17:33:37 Launching orted on Node 1 of 8
...
008 (287680.000.000) 2025-01-28 17:33:37 Launching orted on Node 6 of 8
...
008 (287680.000.000) 2025-01-28 17:33:37 Launching orted on Node 7 of 8
...
008 (287680.000.000) 2025-01-28 17:33:37 Launching orted on Node 4 of 8
...
008 (287680.000.000) 2025-01-28 17:33:40 orted exited on Node 6 of 8
...
008 (287680.000.000) 2025-01-28 17:33:40 orted exited on Node 0 of 8
...
008 (287680.000.000) 2025-01-28 17:33:40 orted exited on Node 3 of 8
...
008 (287680.000.000) 2025-01-28 17:33:40 orted exited on Node 2 of 8
...
008 (287680.000.000) 2025-01-28 17:33:40 orted exited on Node 4 of 8
...
008 (287680.000.000) 2025-01-28 17:33:40 orted exited on Node 7 of 8
...
008 (287680.000.000) 2025-01-28 17:33:40 orted exited on Node 5 of 8
...
008 (287680.000.000) 2025-01-28 17:33:40 orted exited on Node 1 of 8
...
015 (287680.000.006) 2025-01-28 17:33:40 Node 6 terminated.
	(1) Normal termination (return value 0)
		Usr 0 00:00:03, Sys 0 00:00:00  -  Run Remote Usage
		Usr 0 00:00:00, Sys 0 00:00:00  -  Run Local Usage
		Usr 0 00:00:03, Sys 0 00:00:00  -  Total Remote Usage
		Usr 0 00:00:00, Sys 0 00:00:00  -  Total Local Usage
	2165  -  Run Bytes Sent By Node
	33591  -  Run Bytes Received By Node
	2165  -  Total Bytes Sent By Node
	33591  -  Total Bytes Received By Node
...
015 (287680.000.000) 2025-01-28 17:33:40 Node 0 terminated.
	(1) Normal termination (return value 0)
		Usr 0 00:00:00, Sys 0 00:00:01  -  Run Remote Usage
		Usr 0 00:00:00, Sys 0 00:00:00  -  Run Local Usage
		Usr 0 00:00:00, Sys 0 00:00:01  -  Total Remote Usage
		Usr 0 00:00:00, Sys 0 00:00:00  -  Total Local Usage
	3263  -  Run Bytes Sent By Node
	33591  -  Run Bytes Received By Node
	3263  -  Total Bytes Sent By Node
	33591  -  Total Bytes Received By Node
...
015 (287680.000.003) 2025-01-28 17:33:40 Node 3 terminated.
	(1) Normal termination (return value 0)
		Usr 0 00:00:02, Sys 0 00:00:00  -  Run Remote Usage
		Usr 0 00:00:00, Sys 0 00:00:00  -  Run Local Usage
		Usr 0 00:00:02, Sys 0 00:00:00  -  Total Remote Usage
		Usr 0 00:00:00, Sys 0 00:00:00  -  Total Local Usage
	2165  -  Run Bytes Sent By Node
	33591  -  Run Bytes Received By Node
	2165  -  Total Bytes Sent By Node
	33591  -  Total Bytes Received By Node
...
005 (287680.000.000) 2025-01-28 17:33:40 Job terminated.
	(1) Normal termination (return value 0)
		Usr 0 00:00:16, Sys 0 00:00:01  -  Run Remote Usage
		Usr 0 00:00:00, Sys 0 00:00:00  -  Run Local Usage
		Usr 0 00:00:00, Sys 0 00:00:01  -  Total Remote Usage
		Usr 0 00:00:00, Sys 0 00:00:00  -  Total Local Usage
	14110  -  Run Bytes Sent By Job
	268728  -  Run Bytes Received By Job
	14110  -  Total Bytes Sent By Job
	268728  -  Total Bytes Received By Job
	Partitionable Resources :    Usage  Request Allocated 
	   Cpus                 :        0        1         2 
	   Disk (KB)            :       58       35 102901527 
	   Memory (MB)          :        0        0    100096 

	Job terminated of its own accord at 2025-01-28T17:33:40Z with exit-code 0.
...
