000 (265218.000.000) 2025-01-17 11:21:47 Job submitted from host: <192.168.0.102:9618?addrs=192.168.0.102-9618&alias=submitter&noUDP&sock=schedd_2032_5c88>
...
001 (265218.000.000) 2025-01-17 11:21:53 Job executing on host: <192.168.0.114:9618?addrs=192.168.0.114-9618&alias=node114.di.rm1&noUDP&sock=startd_2075_db1b>
...
006 (265218.000.000) 2025-01-17 11:22:02 Image size of job updated: 292732
	279  -  MemoryUsage of job (MB)
	285516  -  ResidentSetSize of job (KB)
...
006 (265218.000.000) 2025-01-17 11:27:02 Image size of job updated: 11344476
	11079  -  MemoryUsage of job (MB)
	11344476  -  ResidentSetSize of job (KB)
...
006 (265218.000.000) 2025-01-17 11:32:02 Image size of job updated: 23182236
	22639  -  MemoryUsage of job (MB)
	23182236  -  ResidentSetSize of job (KB)
...
006 (265218.000.000) 2025-01-17 11:33:18 Image size of job updated: 25936596
	22639  -  MemoryUsage of job (MB)
	23182236  -  ResidentSetSize of job (KB)
...
004 (265218.000.000) 2025-01-17 11:33:18 Job was evicted.
	(0) CPU times
		Usr 0 00:10:55, Sys 0 00:00:15  -  Run Remote Usage
		Usr 0 00:00:00, Sys 0 00:00:00  -  Run Local Usage
	0  -  Run Bytes Sent By Job
	0  -  Run Bytes Received By Job
	Partitionable Resources :    Usage  Request Allocated 
	   Cpus                 :     1.00        1         1 
	   Disk (KB)            :    27          27    195565 
	   Memory (MB)          : 22639           1       128 
...
009 (265218.000.000) 2025-01-17 11:33:18 Job was aborted.
	via condor_rm (by user calzona_2046920)
...
