000 (273140.000.000) 2025-01-23 10:42:24 Job submitted from host: <192.168.0.102:9618?addrs=192.168.0.102-9618&alias=submitter&noUDP&sock=schedd_2032_5c88>
...
014 (273140.000.000) 2025-01-23 10:42:32 Node 0 executing on host: <192.168.0.140:9618?addrs=192.168.0.140-9618&alias=node140.di.rm1&noUDP&sock=startd_1890_f615>
...
014 (273140.000.001) 2025-01-23 10:42:32 Node 1 executing on host: <192.168.0.116:9618?addrs=192.168.0.116-9618&alias=node116.di.rm1&noUDP&sock=startd_1847_7783>
...
001 (273140.000.000) 2025-01-23 10:42:32 Job executing on host: MPI_job
...
008 (273140.000.000) 2025-01-23 10:42:34 Launching orted on Node 0 of 2
...
008 (273140.000.000) 2025-01-23 10:42:34 Launching orted on Node 1 of 2
...
008 (273140.000.000) 2025-01-23 10:42:35 orted exited on Node 1 of 2
...
008 (273140.000.000) 2025-01-23 10:42:35 orted exited on Node 0 of 2
...
015 (273140.000.000) 2025-01-23 10:42:35 Node 0 terminated.
	(1) Normal termination (return value 0)
		Usr 0 00:00:01, Sys 0 00:00:00  -  Run Remote Usage
		Usr 0 00:00:00, Sys 0 00:00:00  -  Run Local Usage
		Usr 0 00:00:01, Sys 0 00:00:00  -  Total Remote Usage
		Usr 0 00:00:00, Sys 0 00:00:00  -  Total Local Usage
	3257  -  Run Bytes Sent By Node
	33639  -  Run Bytes Received By Node
	3257  -  Total Bytes Sent By Node
	33639  -  Total Bytes Received By Node
...
005 (273140.000.000) 2025-01-23 10:42:35 Job terminated.
	(1) Normal termination (return value 0)
		Usr 0 00:00:01, Sys 0 00:00:00  -  Run Remote Usage
		Usr 0 00:00:00, Sys 0 00:00:00  -  Run Local Usage
		Usr 0 00:00:01, Sys 0 00:00:00  -  Total Remote Usage
		Usr 0 00:00:00, Sys 0 00:00:00  -  Total Local Usage
	3257  -  Run Bytes Sent By Job
	67278  -  Run Bytes Received By Job
	3257  -  Total Bytes Sent By Job
	67278  -  Total Bytes Received By Job
	Partitionable Resources :    Usage  Request Allocated 
	   Cpus                 :                 1         2 
	   Disk (KB)            :       49       35 103040641 
	   Memory (MB)          :        0        1    100096 

	Job terminated of its own accord at 2025-01-23T10:42:35Z with exit-code 0.
...
000 (277918.000.000) 2025-01-24 07:30:09 Job submitted from host: <192.168.0.102:9618?addrs=192.168.0.102-9618&alias=submitter&noUDP&sock=schedd_2032_5c88>
...
014 (277918.000.000) 2025-01-24 07:30:13 Node 0 executing on host: <192.168.0.113:9618?addrs=192.168.0.113-9618&alias=node113.di.rm1&noUDP&sock=startd_3668932_c305>
...
014 (277918.000.001) 2025-01-24 07:30:13 Node 1 executing on host: <192.168.0.148:9618?addrs=192.168.0.148-9618&alias=node148.di.rm1&noUDP&sock=startd_1547_b119>
...
001 (277918.000.000) 2025-01-24 07:30:13 Job executing on host: MPI_job
...
008 (277918.000.000) 2025-01-24 07:30:15 Launching orted on Node 0 of 2
...
008 (277918.000.000) 2025-01-24 07:30:15 Launching orted on Node 1 of 2
...
008 (277918.000.000) 2025-01-24 07:30:16 orted exited on Node 1 of 2
...
008 (277918.000.000) 2025-01-24 07:30:16 orted exited on Node 0 of 2
...
015 (277918.000.000) 2025-01-24 07:30:16 Node 0 terminated.
	(1) Normal termination (return value 0)
		Usr 0 00:00:00, Sys 0 00:00:00  -  Run Remote Usage
		Usr 0 00:00:00, Sys 0 00:00:00  -  Run Local Usage
		Usr 0 00:00:00, Sys 0 00:00:00  -  Total Remote Usage
		Usr 0 00:00:00, Sys 0 00:00:00  -  Total Local Usage
	3665  -  Run Bytes Sent By Node
	33639  -  Run Bytes Received By Node
	3665  -  Total Bytes Sent By Node
	33639  -  Total Bytes Received By Node
...
005 (277918.000.000) 2025-01-24 07:30:16 Job terminated.
	(1) Normal termination (return value 0)
		Usr 0 00:00:01, Sys 0 00:00:00  -  Run Remote Usage
		Usr 0 00:00:00, Sys 0 00:00:00  -  Run Local Usage
		Usr 0 00:00:00, Sys 0 00:00:00  -  Total Remote Usage
		Usr 0 00:00:00, Sys 0 00:00:00  -  Total Local Usage
	3665  -  Run Bytes Sent By Job
	67278  -  Run Bytes Received By Job
	3665  -  Total Bytes Sent By Job
	67278  -  Total Bytes Received By Job
	Partitionable Resources :    Usage  Request Allocated 
	   Cpus                 :                 1         1 
	   Disk (KB)            :       51       35  21608416 
	   GPUs                 :                           1 
	   Memory (MB)          :        0        0     65536 

	Job terminated of its own accord at 2025-01-24T07:30:16Z with exit-code 0.
...
