000 (271471.000.000) 2025-01-22 01:05:34 Job submitted from host: <192.168.0.102:9618?addrs=192.168.0.102-9618&alias=submitter&noUDP&sock=schedd_2032_5c88>
...
001 (271471.000.000) 2025-01-22 01:05:53 Job executing on host: <192.168.0.148:9618?addrs=192.168.0.148-9618&alias=node148.di.rm1&noUDP&sock=startd_1547_b119>
...
006 (271471.000.000) 2025-01-22 01:06:02 Image size of job updated: 1535496
	480  -  MemoryUsage of job (MB)
	491452  -  ResidentSetSize of job (KB)
...
006 (271471.000.000) 2025-01-22 01:06:35 Image size of job updated: 3053892
	481  -  MemoryUsage of job (MB)
	492376  -  ResidentSetSize of job (KB)
...
004 (271471.000.000) 2025-01-22 01:06:35 Job was evicted.
	(0) CPU times
		Usr 0 00:00:42, Sys 0 00:00:00  -  Run Remote Usage
		Usr 0 00:00:00, Sys 0 00:00:00  -  Run Local Usage
	0  -  Run Bytes Sent By Job
	0  -  Run Bytes Received By Job
	Partitionable Resources :    Usage  Request Allocated 
	   Cpus                 :     1.00        1         1 
	   Disk (KB)            :    27          27    467548 
	   Memory (MB)          :   481           1       128 
...
009 (271471.000.000) 2025-01-22 01:06:35 Job was aborted.
	via condor_rm (by user calzona_2046920)
...
