000 (290208.000.000) 2025-01-29 12:32:00 Job submitted from host: <192.168.0.102:9618?addrs=192.168.0.102-9618&alias=submitter&noUDP&sock=schedd_2032_5c88>
...
014 (290208.000.005) 2025-01-29 12:32:07 Node 5 executing on host: <192.168.0.137:9618?addrs=192.168.0.137-9618&alias=node137.di.rm1&noUDP&sock=startd_1934_2440>
...
014 (290208.000.003) 2025-01-29 12:32:07 Node 3 executing on host: <192.168.0.135:9618?addrs=192.168.0.135-9618&alias=node135.di.rm1&noUDP&sock=startd_2000_6980>
...
014 (290208.000.002) 2025-01-29 12:32:07 Node 2 executing on host: <192.168.0.139:9618?addrs=192.168.0.139-9618&alias=node139.di.rm1&noUDP&sock=startd_1966_1748>
...
014 (290208.000.004) 2025-01-29 12:32:07 Node 4 executing on host: <192.168.0.121:9618?addrs=192.168.0.121-9618&alias=node121.di.rm1&noUDP&sock=startd_2146_8e54>
...
014 (290208.000.000) 2025-01-29 12:32:07 Node 0 executing on host: <192.168.0.107:9618?addrs=192.168.0.107-9618&alias=node107.di.rm1&noUDP&sock=startd_1981_6134>
...
014 (290208.000.006) 2025-01-29 12:32:07 Node 6 executing on host: <192.168.0.130:9618?addrs=192.168.0.130-9618&alias=node130.di.rm1&noUDP&sock=startd_2751195_838e>
...
014 (290208.000.007) 2025-01-29 12:32:07 Node 7 executing on host: <192.168.0.110:9618?addrs=192.168.0.110-9618&alias=node110.di.rm1&noUDP&sock=startd_2185_4e86>
...
014 (290208.000.001) 2025-01-29 12:32:07 Node 1 executing on host: <192.168.0.134:9618?addrs=192.168.0.134-9618&alias=node134.di.rm1&noUDP&sock=startd_2073_7bea>
...
001 (290208.000.000) 2025-01-29 12:32:07 Job executing on host: MPI_job
...
008 (290208.000.000) 2025-01-29 12:32:09 Launching orted on Node 5 of 8
...
008 (290208.000.000) 2025-01-29 12:32:09 Launching orted on Node 3 of 8
...
008 (290208.000.000) 2025-01-29 12:32:09 Launching orted on Node 4 of 8
...
008 (290208.000.000) 2025-01-29 12:32:09 Launching orted on Node 2 of 8
...
008 (290208.000.000) 2025-01-29 12:32:09 Launching orted on Node 6 of 8
...
008 (290208.000.000) 2025-01-29 12:32:09 Launching orted on Node 0 of 8
...
008 (290208.000.000) 2025-01-29 12:32:09 Launching orted on Node 7 of 8
...
008 (290208.000.000) 2025-01-29 12:32:10 Launching orted on Node 1 of 8
...
008 (290208.000.000) 2025-01-29 12:32:13 orted exited on Node 3 of 8
...
008 (290208.000.000) 2025-01-29 12:32:13 orted exited on Node 5 of 8
...
008 (290208.000.000) 2025-01-29 12:32:13 orted exited on Node 2 of 8
...
008 (290208.000.000) 2025-01-29 12:32:13 orted exited on Node 6 of 8
...
008 (290208.000.000) 2025-01-29 12:32:13 orted exited on Node 0 of 8
...
008 (290208.000.000) 2025-01-29 12:32:13 orted exited on Node 4 of 8
...
008 (290208.000.000) 2025-01-29 12:32:13 orted exited on Node 7 of 8
...
008 (290208.000.000) 2025-01-29 12:32:13 orted exited on Node 1 of 8
...
015 (290208.000.005) 2025-01-29 12:32:13 Node 5 terminated.
	(1) Normal termination (return value 0)
		Usr 0 00:00:31, Sys 0 00:00:03  -  Run Remote Usage
		Usr 0 00:00:00, Sys 0 00:00:00  -  Run Local Usage
		Usr 0 00:00:31, Sys 0 00:00:03  -  Total Remote Usage
		Usr 0 00:00:00, Sys 0 00:00:00  -  Total Local Usage
	2341  -  Run Bytes Sent By Node
	33791  -  Run Bytes Received By Node
	2341  -  Total Bytes Sent By Node
	33791  -  Total Bytes Received By Node
...
015 (290208.000.003) 2025-01-29 12:32:13 Node 3 terminated.
	(1) Normal termination (return value 0)
		Usr 0 00:00:34, Sys 0 00:00:02  -  Run Remote Usage
		Usr 0 00:00:00, Sys 0 00:00:00  -  Run Local Usage
		Usr 0 00:00:34, Sys 0 00:00:02  -  Total Remote Usage
		Usr 0 00:00:00, Sys 0 00:00:00  -  Total Local Usage
	2341  -  Run Bytes Sent By Node
	33791  -  Run Bytes Received By Node
	2341  -  Total Bytes Sent By Node
	33791  -  Total Bytes Received By Node
...
015 (290208.000.006) 2025-01-29 12:32:13 Node 6 terminated.
	(1) Normal termination (return value 0)
		Usr 0 00:00:35, Sys 0 00:00:03  -  Run Remote Usage
		Usr 0 00:00:00, Sys 0 00:00:00  -  Run Local Usage
		Usr 0 00:00:35, Sys 0 00:00:03  -  Total Remote Usage
		Usr 0 00:00:00, Sys 0 00:00:00  -  Total Local Usage
	2341  -  Run Bytes Sent By Node
	33791  -  Run Bytes Received By Node
	2341  -  Total Bytes Sent By Node
	33791  -  Total Bytes Received By Node
...
015 (290208.000.004) 2025-01-29 12:32:13 Node 4 terminated.
	(1) Normal termination (return value 0)
		Usr 0 00:00:31, Sys 0 00:00:03  -  Run Remote Usage
		Usr 0 00:00:00, Sys 0 00:00:00  -  Run Local Usage
		Usr 0 00:00:31, Sys 0 00:00:03  -  Total Remote Usage
		Usr 0 00:00:00, Sys 0 00:00:00  -  Total Local Usage
	2341  -  Run Bytes Sent By Node
	33791  -  Run Bytes Received By Node
	2341  -  Total Bytes Sent By Node
	33791  -  Total Bytes Received By Node
...
015 (290208.000.002) 2025-01-29 12:32:13 Node 2 terminated.
	(1) Normal termination (return value 0)
		Usr 0 00:00:32, Sys 0 00:00:03  -  Run Remote Usage
		Usr 0 00:00:00, Sys 0 00:00:00  -  Run Local Usage
		Usr 0 00:00:32, Sys 0 00:00:03  -  Total Remote Usage
		Usr 0 00:00:00, Sys 0 00:00:00  -  Total Local Usage
	2341  -  Run Bytes Sent By Node
	33791  -  Run Bytes Received By Node
	2341  -  Total Bytes Sent By Node
	33791  -  Total Bytes Received By Node
...
015 (290208.000.000) 2025-01-29 12:32:13 Node 0 terminated.
	(1) Normal termination (return value 0)
		Usr 0 00:00:00, Sys 0 00:00:00  -  Run Remote Usage
		Usr 0 00:00:00, Sys 0 00:00:00  -  Run Local Usage
		Usr 0 00:00:00, Sys 0 00:00:00  -  Total Remote Usage
		Usr 0 00:00:00, Sys 0 00:00:00  -  Total Local Usage
	3440  -  Run Bytes Sent By Node
	33791  -  Run Bytes Received By Node
	3440  -  Total Bytes Sent By Node
	33791  -  Total Bytes Received By Node
...
005 (290208.000.000) 2025-01-29 12:32:13 Job terminated.
	(1) Normal termination (return value 0)
		Usr 0 00:03:57, Sys 0 00:00:18  -  Run Remote Usage
		Usr 0 00:00:00, Sys 0 00:00:00  -  Run Local Usage
		Usr 0 00:00:00, Sys 0 00:00:00  -  Total Remote Usage
		Usr 0 00:00:00, Sys 0 00:00:00  -  Total Local Usage
	15145  -  Run Bytes Sent By Job
	270328  -  Run Bytes Received By Job
	15145  -  Total Bytes Sent By Job
	270328  -  Total Bytes Received By Job
	Partitionable Resources :    Usage  Request Allocated 
	   Cpus                 :                 4         4 
	   Disk (KB)            :       51       35    471963 
	   Memory (MB)          :        0        1       128 

	Job terminated of its own accord at 2025-01-29T12:32:13Z with exit-code 0.
...
