000 (269184.000.000) 2025-01-21 22:25:02 Job submitted from host: <192.168.0.102:9618?addrs=192.168.0.102-9618&alias=submitter&noUDP&sock=schedd_2032_5c88>
...
001 (269184.000.000) 2025-01-21 22:25:03 Job executing on host: <192.168.0.120:9618?addrs=192.168.0.120-9618&alias=node120.di.rm1&noUDP&sock=startd_2096_4298>
...
006 (269184.000.000) 2025-01-21 22:25:12 Image size of job updated: 1634064
	827  -  MemoryUsage of job (MB)
	845988  -  ResidentSetSize of job (KB)
...
006 (269184.000.000) 2025-01-21 22:25:46 Image size of job updated: 4428372
	828  -  MemoryUsage of job (MB)
	846912  -  ResidentSetSize of job (KB)
...
004 (269184.000.000) 2025-01-21 22:25:46 Job was evicted.
	(0) CPU times
		Usr 0 00:00:40, Sys 0 00:00:01  -  Run Remote Usage
		Usr 0 00:00:00, Sys 0 00:00:00  -  Run Local Usage
	0  -  Run Bytes Sent By Job
	0  -  Run Bytes Received By Job
	Partitionable Resources :    Usage  Request Allocated 
	   Cpus                 :                 1         1 
	   Disk (KB)            :       27       27    459052 
	   Gpus (Average)       :                 0         0 
	   Memory (MB)          :      828        1       128 
...
009 (269184.000.000) 2025-01-21 22:25:46 Job was aborted.
	via condor_rm (by user calzona_2046920)
...
000 (269289.000.000) 2025-01-21 22:32:15 Job submitted from host: <192.168.0.102:9618?addrs=192.168.0.102-9618&alias=submitter&noUDP&sock=schedd_2032_5c88>
...
001 (269289.000.000) 2025-01-21 22:32:16 Job executing on host: <192.168.0.148:9618?addrs=192.168.0.148-9618&alias=node148.di.rm1&noUDP&sock=startd_1547_b119>
...
006 (269289.000.000) 2025-01-21 22:32:24 Image size of job updated: 1119000
	739  -  MemoryUsage of job (MB)
	755928  -  ResidentSetSize of job (KB)
...
006 (269289.000.000) 2025-01-21 22:33:17 Image size of job updated: 6626964
	739  -  MemoryUsage of job (MB)
	756588  -  ResidentSetSize of job (KB)
...
004 (269289.000.000) 2025-01-21 22:33:17 Job was evicted.
	(0) CPU times
		Usr 0 00:00:59, Sys 0 00:00:02  -  Run Remote Usage
		Usr 0 00:00:00, Sys 0 00:00:00  -  Run Local Usage
	0  -  Run Bytes Sent By Job
	0  -  Run Bytes Received By Job
	Partitionable Resources :    Usage  Request Allocated 
	   Cpus                 :                 1         1 
	   Disk (KB)            :       27       27    467548 
	   Memory (MB)          :      739        1       128 
...
009 (269289.000.000) 2025-01-21 22:33:17 Job was aborted.
	via condor_rm (by user calzona_2046920)
...
