009 (260473.000.000) 2025-01-12 09:09:17 Job was aborted.
	via condor_rm (by user calzona_2046920)
...
000 (260781.000.000) 2025-01-12 09:20:57 Job submitted from host: <192.168.0.102:9618?addrs=192.168.0.102-9618&alias=submitter&noUDP&sock=schedd_2032_5c88>
...
001 (260781.000.000) 2025-01-12 09:21:13 Job executing on host: <192.168.0.112:9618?addrs=192.168.0.112-9618&alias=node112.di.rm1&noUDP&sock=startd_2169_5502>
...
006 (260781.000.000) 2025-01-12 09:21:13 Image size of job updated: 1396
	0  -  MemoryUsage of job (MB)
	0  -  ResidentSetSize of job (KB)
...
005 (260781.000.000) 2025-01-12 09:21:13 Job terminated.
	(1) Normal termination (return value 0)
		Usr 0 00:00:00, Sys 0 00:00:00  -  Run Remote Usage
		Usr 0 00:00:00, Sys 0 00:00:00  -  Run Local Usage
		Usr 0 00:00:00, Sys 0 00:00:00  -  Total Remote Usage
		Usr 0 00:00:00, Sys 0 00:00:00  -  Total Local Usage
	0  -  Run Bytes Sent By Job
	0  -  Run Bytes Received By Job
	0  -  Total Bytes Sent By Job
	0  -  Total Bytes Received By Job
	Partitionable Resources :    Usage  Request Allocated Assigned
	   Cpus                 :                 1         1 
	   Disk (KB)            :       27       27    437925 
	   Gpus (Average)       :                 1         1 "GPU-43bdad95"
	   Memory (MB)          :        0        1       128 

	Job terminated of its own accord at 2025-01-12T09:21:13Z with exit-code 0.
...
000 (260782.000.000) 2025-01-12 09:24:25 Job submitted from host: <192.168.0.102:9618?addrs=192.168.0.102-9618&alias=submitter&noUDP&sock=schedd_2032_5c88>
...
001 (260782.000.000) 2025-01-12 09:24:33 Job executing on host: <192.168.0.112:9618?addrs=192.168.0.112-9618&alias=node112.di.rm1&noUDP&sock=startd_2169_5502>
...
006 (260782.000.000) 2025-01-12 09:24:33 Image size of job updated: 1396
	0  -  MemoryUsage of job (MB)
	0  -  ResidentSetSize of job (KB)
...
005 (260782.000.000) 2025-01-12 09:24:33 Job terminated.
	(1) Normal termination (return value 0)
		Usr 0 00:00:00, Sys 0 00:00:00  -  Run Remote Usage
		Usr 0 00:00:00, Sys 0 00:00:00  -  Run Local Usage
		Usr 0 00:00:00, Sys 0 00:00:00  -  Total Remote Usage
		Usr 0 00:00:00, Sys 0 00:00:00  -  Total Local Usage
	0  -  Run Bytes Sent By Job
	0  -  Run Bytes Received By Job
	0  -  Total Bytes Sent By Job
	0  -  Total Bytes Received By Job
	Partitionable Resources :    Usage  Request Allocated Assigned
	   Cpus                 :                 1         1 
	   Disk (KB)            :       27       27    437925 
	   Gpus (Average)       :                 1         1 "GPU-43bdad95"
	   Memory (MB)          :        0        1       128 

	Job terminated of its own accord at 2025-01-12T09:24:33Z with exit-code 0.
...
000 (260785.000.000) 2025-01-12 09:29:38 Job submitted from host: <192.168.0.102:9618?addrs=192.168.0.102-9618&alias=submitter&noUDP&sock=schedd_2032_5c88>
...
001 (260785.000.000) 2025-01-12 09:29:38 Job executing on host: <192.168.0.112:9618?addrs=192.168.0.112-9618&alias=node112.di.rm1&noUDP&sock=startd_2169_5502>
...
006 (260785.000.000) 2025-01-12 09:29:38 Image size of job updated: 1396
	0  -  MemoryUsage of job (MB)
	0  -  ResidentSetSize of job (KB)
...
005 (260785.000.000) 2025-01-12 09:29:38 Job terminated.
	(1) Normal termination (return value 0)
		Usr 0 00:00:00, Sys 0 00:00:00  -  Run Remote Usage
		Usr 0 00:00:00, Sys 0 00:00:00  -  Run Local Usage
		Usr 0 00:00:00, Sys 0 00:00:00  -  Total Remote Usage
		Usr 0 00:00:00, Sys 0 00:00:00  -  Total Local Usage
	0  -  Run Bytes Sent By Job
	0  -  Run Bytes Received By Job
	0  -  Total Bytes Sent By Job
	0  -  Total Bytes Received By Job
	Partitionable Resources :    Usage  Request Allocated Assigned
	   Cpus                 :                 1         1 
	   Disk (KB)            :       27       27    437925 
	   Gpus (Average)       :                 1         1 "GPU-43bdad95"
	   Memory (MB)          :        0        1       128 

	Job terminated of its own accord at 2025-01-12T09:29:38Z with exit-code 0.
...
000 (260787.000.000) 2025-01-12 09:33:57 Job submitted from host: <192.168.0.102:9618?addrs=192.168.0.102-9618&alias=submitter&noUDP&sock=schedd_2032_5c88>
...
001 (260787.000.000) 2025-01-12 09:33:57 Job executing on host: <192.168.0.112:9618?addrs=192.168.0.112-9618&alias=node112.di.rm1&noUDP&sock=startd_2169_5502>
...
006 (260787.000.000) 2025-01-12 09:33:58 Image size of job updated: 1396
	0  -  MemoryUsage of job (MB)
	0  -  ResidentSetSize of job (KB)
...
005 (260787.000.000) 2025-01-12 09:33:58 Job terminated.
	(1) Normal termination (return value 0)
		Usr 0 00:00:00, Sys 0 00:00:00  -  Run Remote Usage
		Usr 0 00:00:00, Sys 0 00:00:00  -  Run Local Usage
		Usr 0 00:00:00, Sys 0 00:00:00  -  Total Remote Usage
		Usr 0 00:00:00, Sys 0 00:00:00  -  Total Local Usage
	0  -  Run Bytes Sent By Job
	0  -  Run Bytes Received By Job
	0  -  Total Bytes Sent By Job
	0  -  Total Bytes Received By Job
	Partitionable Resources :    Usage  Request Allocated Assigned
	   Cpus                 :                 1         1 
	   Disk (KB)            :       27       27    437925 
	   Gpus (Average)       :                 1         1 "GPU-43bdad95"
	   Memory (MB)          :        0        1       128 

	Job terminated of its own accord at 2025-01-12T09:33:58Z with exit-code 0.
...
000 (260788.000.000) 2025-01-12 09:34:47 Job submitted from host: <192.168.0.102:9618?addrs=192.168.0.102-9618&alias=submitter&noUDP&sock=schedd_2032_5c88>
...
001 (260788.000.000) 2025-01-12 09:34:47 Job executing on host: <192.168.0.112:9618?addrs=192.168.0.112-9618&alias=node112.di.rm1&noUDP&sock=startd_2169_5502>
...
006 (260788.000.000) 2025-01-12 09:34:47 Image size of job updated: 1396
	0  -  MemoryUsage of job (MB)
	0  -  ResidentSetSize of job (KB)
...
005 (260788.000.000) 2025-01-12 09:34:47 Job terminated.
	(1) Normal termination (return value 0)
		Usr 0 00:00:00, Sys 0 00:00:00  -  Run Remote Usage
		Usr 0 00:00:00, Sys 0 00:00:00  -  Run Local Usage
		Usr 0 00:00:00, Sys 0 00:00:00  -  Total Remote Usage
		Usr 0 00:00:00, Sys 0 00:00:00  -  Total Local Usage
	0  -  Run Bytes Sent By Job
	0  -  Run Bytes Received By Job
	0  -  Total Bytes Sent By Job
	0  -  Total Bytes Received By Job
	Partitionable Resources :    Usage  Request Allocated Assigned
	   Cpus                 :                 1         1 
	   Disk (KB)            :       27       27    437925 
	   Gpus (Average)       :                 1         1 "GPU-43bdad95"
	   Memory (MB)          :        0        1       128 

	Job terminated of its own accord at 2025-01-12T09:34:47Z with exit-code 0.
...
