000 (270477.000.000) 2025-01-21 23:57:33 Job submitted from host: <192.168.0.102:9618?addrs=192.168.0.102-9618&alias=submitter&noUDP&sock=schedd_2032_5c88>
...
001 (270477.000.000) 2025-01-21 23:57:36 Job executing on host: <192.168.0.120:9618?addrs=192.168.0.120-9618&alias=node120.di.rm1&noUDP&sock=startd_2096_4298>
...
006 (270477.000.000) 2025-01-21 23:57:45 Image size of job updated: 1210028
	549  -  MemoryUsage of job (MB)
	561528  -  ResidentSetSize of job (KB)
...
006 (270477.000.000) 2025-01-21 23:58:35 Image size of job updated: 3563016
	549  -  MemoryUsage of job (MB)
	562056  -  ResidentSetSize of job (KB)
...
004 (270477.000.000) 2025-01-21 23:58:35 Job was evicted.
	(0) CPU times
		Usr 0 00:00:57, Sys 0 00:00:01  -  Run Remote Usage
		Usr 0 00:00:00, Sys 0 00:00:00  -  Run Local Usage
	0  -  Run Bytes Sent By Job
	0  -  Run Bytes Received By Job
	Partitionable Resources :    Usage  Request Allocated 
	   Cpus                 :     1.00        1         1 
	   Disk (KB)            :    27          27    459052 
	   Gpus (Average)       :                 0         0 
	   Memory (MB)          :   549           1       128 
...
009 (270477.000.000) 2025-01-21 23:58:35 Job was aborted.
	via condor_rm (by user calzona_2046920)
...
000 (276631.000.000) 2025-01-24 05:02:22 Job submitted from host: <192.168.0.102:9618?addrs=192.168.0.102-9618&alias=submitter&noUDP&sock=schedd_2032_5c88>
...
001 (276631.000.000) 2025-01-24 05:02:22 Job executing on host: <192.168.0.151:9618?addrs=192.168.0.151-9618&alias=node151.di.rm1&noUDP&sock=startd_1528_a8cd>
...
006 (276631.000.000) 2025-01-24 05:02:31 Image size of job updated: 1291148
	492  -  MemoryUsage of job (MB)
	503028  -  ResidentSetSize of job (KB)
...
006 (276631.000.000) 2025-01-24 05:04:24 Image size of job updated: 7055640
	492  -  MemoryUsage of job (MB)
	503028  -  ResidentSetSize of job (KB)
...
004 (276631.000.000) 2025-01-24 05:04:24 Job was evicted.
	(0) CPU times
		Usr 0 00:01:58, Sys 0 00:00:04  -  Run Remote Usage
		Usr 0 00:00:00, Sys 0 00:00:00  -  Run Local Usage
	0  -  Run Bytes Sent By Job
	0  -  Run Bytes Received By Job
	Partitionable Resources :    Usage  Request Allocated 
	   Cpus                 :                 1         1 
	   Disk (KB)            :       27       27    474791 
	   Memory (MB)          :      492        1       128 
...
009 (276631.000.000) 2025-01-24 05:04:24 Job was aborted.
	via condor_rm (by user calzona_2046920)
...
