000 (270388.000.000) 2025-01-21 23:48:17 Job submitted from host: <192.168.0.102:9618?addrs=192.168.0.102-9618&alias=submitter&noUDP&sock=schedd_2032_5c88>
...
001 (270388.000.000) 2025-01-21 23:48:19 Job executing on host: <192.168.0.120:9618?addrs=192.168.0.120-9618&alias=node120.di.rm1&noUDP&sock=startd_2096_4298>
...
006 (270388.000.000) 2025-01-21 23:48:28 Image size of job updated: 275616
	270  -  MemoryUsage of job (MB)
	275616  -  ResidentSetSize of job (KB)
...
006 (270388.000.000) 2025-01-21 23:49:19 Image size of job updated: 298376
	270  -  MemoryUsage of job (MB)
	275748  -  ResidentSetSize of job (KB)
...
004 (270388.000.000) 2025-01-21 23:49:19 Job was evicted.
	(0) CPU times
		Usr 0 00:03:37, Sys 0 00:00:00  -  Run Remote Usage
		Usr 0 00:00:00, Sys 0 00:00:00  -  Run Local Usage
	0  -  Run Bytes Sent By Job
	0  -  Run Bytes Received By Job
	Partitionable Resources :    Usage  Request Allocated 
	   Cpus                 :     0.04        1         1 
	   Disk (KB)            :    27          27    459052 
	   Gpus (Average)       :                 0         0 
	   Memory (MB)          :   270           1       128 
...
009 (270388.000.000) 2025-01-21 23:49:19 Job was aborted.
	via condor_rm (by user calzona_2046920)
...
000 (276542.000.000) 2025-01-24 04:44:45 Job submitted from host: <192.168.0.102:9618?addrs=192.168.0.102-9618&alias=submitter&noUDP&sock=schedd_2032_5c88>
...
001 (276542.000.000) 2025-01-24 04:44:54 Job executing on host: <192.168.0.123:9618?addrs=192.168.0.123-9618&alias=node123.di.rm1&noUDP&sock=startd_2149_9d1d>
...
006 (276542.000.000) 2025-01-24 04:45:03 Image size of job updated: 276936
	271  -  MemoryUsage of job (MB)
	276936  -  ResidentSetSize of job (KB)
...
006 (276542.000.000) 2025-01-24 04:46:07 Image size of job updated: 298376
	271  -  MemoryUsage of job (MB)
	276936  -  ResidentSetSize of job (KB)
...
005 (276542.000.000) 2025-01-24 04:46:07 Job terminated.
	(1) Normal termination (return value 0)
		Usr 0 00:04:31, Sys 0 00:00:00  -  Run Remote Usage
		Usr 0 00:00:00, Sys 0 00:00:00  -  Run Local Usage
		Usr 0 00:04:31, Sys 0 00:00:00  -  Total Remote Usage
		Usr 0 00:00:00, Sys 0 00:00:00  -  Total Local Usage
	0  -  Run Bytes Sent By Job
	0  -  Run Bytes Received By Job
	0  -  Total Bytes Sent By Job
	0  -  Total Bytes Received By Job
	Partitionable Resources :    Usage  Request Allocated 
	   Cpus                 :                 1         1 
	   Disk (KB)            :       27       27    499900 
	   Gpus (Average)       :                 0         0 
	   Memory (MB)          :      271        1       128 

	Job terminated of its own accord at 2025-01-24T04:46:07Z with exit-code 0.
...
