000 (270016.000.000) 2025-01-21 23:22:05 Job submitted from host: <192.168.0.102:9618?addrs=192.168.0.102-9618&alias=submitter&noUDP&sock=schedd_2032_5c88>
...
001 (270016.000.000) 2025-01-21 23:22:10 Job executing on host: <192.168.0.139:9618?addrs=192.168.0.139-9618&alias=node139.di.rm1&noUDP&sock=startd_1966_1748>
...
006 (270016.000.000) 2025-01-21 23:22:16 Image size of job updated: 223192
	0  -  MemoryUsage of job (MB)
	0  -  ResidentSetSize of job (KB)
...
005 (270016.000.000) 2025-01-21 23:22:16 Job terminated.
	(1) Normal termination (return value 0)
		Usr 0 00:00:11, Sys 0 00:00:00  -  Run Remote Usage
		Usr 0 00:00:00, Sys 0 00:00:00  -  Run Local Usage
		Usr 0 00:00:11, Sys 0 00:00:00  -  Total Remote Usage
		Usr 0 00:00:00, Sys 0 00:00:00  -  Total Local Usage
	0  -  Run Bytes Sent By Job
	0  -  Run Bytes Received By Job
	0  -  Total Bytes Sent By Job
	0  -  Total Bytes Received By Job
	Partitionable Resources :    Usage  Request Allocated 
	   Cpus                 :                 1         1 
	   Disk (KB)            :       27       27    460637 
	   Memory (MB)          :        0        1       128 

	Job terminated of its own accord at 2025-01-21T23:22:16Z with exit-code 0.
...
000 (276174.000.000) 2025-01-24 04:04:03 Job submitted from host: <192.168.0.102:9618?addrs=192.168.0.102-9618&alias=submitter&noUDP&sock=schedd_2032_5c88>
...
001 (276174.000.000) 2025-01-24 04:04:10 Job executing on host: <192.168.0.133:9618?addrs=192.168.0.133-9618&alias=node133.di.rm1&noUDP&sock=startd_1941_f16a>
...
006 (276174.000.000) 2025-01-24 04:04:16 Image size of job updated: 211068
	0  -  MemoryUsage of job (MB)
	0  -  ResidentSetSize of job (KB)
...
005 (276174.000.000) 2025-01-24 04:04:16 Job terminated.
	(1) Normal termination (return value 0)
		Usr 0 00:00:10, Sys 0 00:00:00  -  Run Remote Usage
		Usr 0 00:00:00, Sys 0 00:00:00  -  Run Local Usage
		Usr 0 00:00:10, Sys 0 00:00:00  -  Total Remote Usage
		Usr 0 00:00:00, Sys 0 00:00:00  -  Total Local Usage
	0  -  Run Bytes Sent By Job
	0  -  Run Bytes Received By Job
	0  -  Total Bytes Sent By Job
	0  -  Total Bytes Received By Job
	Partitionable Resources :    Usage  Request Allocated 
	   Cpus                 :                 1         1 
	   Disk (KB)            :       27       27    473452 
	   Memory (MB)          :        0        1       128 

	Job terminated of its own accord at 2025-01-24T04:04:16Z with exit-code 0.
...
