000 (269009.000.000) 2025-01-21 22:15:48 Job submitted from host: <192.168.0.102:9618?addrs=192.168.0.102-9618&alias=submitter&noUDP&sock=schedd_2032_5c88>
...
001 (269009.000.000) 2025-01-21 22:15:51 Job executing on host: <192.168.0.123:9618?addrs=192.168.0.123-9618&alias=node123.di.rm1&noUDP&sock=startd_2149_9d1d>
...
006 (269009.000.000) 2025-01-21 22:16:00 Image size of job updated: 813920
	776  -  MemoryUsage of job (MB)
	794376  -  ResidentSetSize of job (KB)
...
006 (269009.000.000) 2025-01-21 22:16:32 Image size of job updated: 3699148
	777  -  MemoryUsage of job (MB)
	794904  -  ResidentSetSize of job (KB)
...
004 (269009.000.000) 2025-01-21 22:16:32 Job was evicted.
	(0) CPU times
		Usr 0 00:00:39, Sys 0 00:00:01  -  Run Remote Usage
		Usr 0 00:00:00, Sys 0 00:00:00  -  Run Local Usage
	0  -  Run Bytes Sent By Job
	0  -  Run Bytes Received By Job
	Partitionable Resources :    Usage  Request Allocated 
	   Cpus                 :                 1         1 
	   Disk (KB)            :       27       27    499900 
	   Gpus (Average)       :                 0         0 
	   Memory (MB)          :      777        1       128 
...
009 (269009.000.000) 2025-01-21 22:16:32 Job was aborted.
	via condor_rm (by user calzona_2046920)
...
000 (269161.000.000) 2025-01-21 22:23:43 Job submitted from host: <192.168.0.102:9618?addrs=192.168.0.102-9618&alias=submitter&noUDP&sock=schedd_2032_5c88>
...
009 (269161.000.000) 2025-01-21 22:24:01 Job was aborted.
	via condor_rm (by user calzona_2046920)
...
