000 (262884.000.000) 2025-01-17 11:14:23 Job submitted from host: <192.168.0.102:9618?addrs=192.168.0.102-9618&alias=submitter&noUDP&sock=schedd_2032_5c88>
...
001 (262884.000.000) 2025-01-17 11:14:33 Job executing on host: <192.168.0.110:9618?addrs=192.168.0.110-9618&alias=node110.di.rm1&noUDP&sock=startd_2185_4e86>
...
006 (262884.000.000) 2025-01-17 11:14:41 Image size of job updated: 1782600
	835  -  MemoryUsage of job (MB)
	854304  -  ResidentSetSize of job (KB)
...
006 (262884.000.000) 2025-01-17 11:19:41 Image size of job updated: 8434164
	8222  -  MemoryUsage of job (MB)
	8419296  -  ResidentSetSize of job (KB)
...
004 (262884.000.000) 2025-01-17 11:20:12 Job was evicted.
	(0) CPU times
		Usr 0 00:05:29, Sys 0 00:00:05  -  Run Remote Usage
		Usr 0 00:00:00, Sys 0 00:00:00  -  Run Local Usage
	0  -  Run Bytes Sent By Job
	0  -  Run Bytes Received By Job
	Partitionable Resources :    Usage  Request Allocated 
	   Cpus                 :     1.00        1         1 
	   Disk (KB)            :    27          27    468087 
	   Gpus (Average)       :                 0         0 
	   Memory (MB)          :  8222           1       128 
...
009 (262884.000.000) 2025-01-17 11:20:12 Job was aborted.
	via condor_rm (by user calzona_2046920)
...
