000 (268585.000.000) 2025-01-21 21:54:33 Job submitted from host: <192.168.0.102:9618?addrs=192.168.0.102-9618&alias=submitter&noUDP&sock=schedd_2032_5c88>
...
001 (268585.000.000) 2025-01-21 21:54:48 Job executing on host: <192.168.0.108:9618?addrs=192.168.0.108-9618&alias=node108.di.rm1&noUDP&sock=startd_1979_0203>
...
006 (268585.000.000) 2025-01-21 21:54:56 Image size of job updated: 216732
	208  -  MemoryUsage of job (MB)
	212848  -  ResidentSetSize of job (KB)
...
004 (268585.000.000) 2025-01-21 21:55:29 Job was evicted.
	(0) CPU times
		Usr 0 00:00:40, Sys 0 00:00:00  -  Run Remote Usage
		Usr 0 00:00:00, Sys 0 00:00:00  -  Run Local Usage
	0  -  Run Bytes Sent By Job
	0  -  Run Bytes Received By Job
	Partitionable Resources :    Usage  Request Allocated 
	   Cpus                 :                 1         1 
	   Disk (KB)            :       27       27    474134 
	   Memory (MB)          :      208        1       128 
...
009 (268585.000.000) 2025-01-21 21:55:29 Job was aborted.
	via condor_rm (by user calzona_2046920)
...
000 (268735.000.000) 2025-01-21 22:02:41 Job submitted from host: <192.168.0.102:9618?addrs=192.168.0.102-9618&alias=submitter&noUDP&sock=schedd_2032_5c88>
...
001 (268735.000.000) 2025-01-21 22:02:43 Job executing on host: <192.168.0.151:9618?addrs=192.168.0.151-9618&alias=node151.di.rm1&noUDP&sock=startd_1528_a8cd>
...
006 (268735.000.000) 2025-01-21 22:02:46 Image size of job updated: 27
	0  -  MemoryUsage of job (MB)
	0  -  ResidentSetSize of job (KB)
...
004 (268735.000.000) 2025-01-21 22:02:46 Job was evicted.
	(0) CPU times
		Usr 0 00:00:02, Sys 0 00:00:00  -  Run Remote Usage
		Usr 0 00:00:00, Sys 0 00:00:00  -  Run Local Usage
	0  -  Run Bytes Sent By Job
	0  -  Run Bytes Received By Job
	Partitionable Resources :    Usage  Request Allocated 
	   Cpus                 :                 1         1 
	   Disk (KB)            :       27       27    474791 
	   Memory (MB)          :        0        1       128 
...
009 (268735.000.000) 2025-01-21 22:02:46 Job was aborted.
	via condor_rm (by user calzona_2046920)
...
000 (275149.000.000) 2025-01-24 01:47:04 Job submitted from host: <192.168.0.102:9618?addrs=192.168.0.102-9618&alias=submitter&noUDP&sock=schedd_2032_5c88>
...
001 (275149.000.000) 2025-01-24 01:47:24 Job executing on host: <192.168.0.151:9618?addrs=192.168.0.151-9618&alias=node151.di.rm1&noUDP&sock=startd_1528_a8cd>
...
006 (275149.000.000) 2025-01-24 01:47:33 Image size of job updated: 216732
	208  -  MemoryUsage of job (MB)
	212968  -  ResidentSetSize of job (KB)
...
004 (275149.000.000) 2025-01-24 01:49:06 Job was evicted.
	(0) CPU times
		Usr 0 00:01:41, Sys 0 00:00:00  -  Run Remote Usage
		Usr 0 00:00:00, Sys 0 00:00:00  -  Run Local Usage
	0  -  Run Bytes Sent By Job
	0  -  Run Bytes Received By Job
	Partitionable Resources :    Usage  Request Allocated 
	   Cpus                 :                 1         1 
	   Disk (KB)            :       27       27    474791 
	   Memory (MB)          :      208        1       128 
...
009 (275149.000.000) 2025-01-24 01:49:06 Job was aborted.
	via condor_rm (by user calzona_2046920)
...
