000 (270452.000.000) 2025-01-21 23:54:29 Job submitted from host: <192.168.0.102:9618?addrs=192.168.0.102-9618&alias=submitter&noUDP&sock=schedd_2032_5c88>
...
001 (270452.000.000) 2025-01-21 23:54:32 Job executing on host: <192.168.0.151:9618?addrs=192.168.0.151-9618&alias=node151.di.rm1&noUDP&sock=startd_1528_a8cd>
...
006 (270452.000.000) 2025-01-21 23:54:41 Image size of job updated: 434676
	425  -  MemoryUsage of job (MB)
	434676  -  ResidentSetSize of job (KB)
...
006 (270452.000.000) 2025-01-21 23:55:31 Image size of job updated: 2740980
	426  -  MemoryUsage of job (MB)
	435336  -  ResidentSetSize of job (KB)
...
004 (270452.000.000) 2025-01-21 23:55:31 Job was evicted.
	(0) CPU times
		Usr 0 00:00:56, Sys 0 00:00:01  -  Run Remote Usage
		Usr 0 00:00:00, Sys 0 00:00:00  -  Run Local Usage
	0  -  Run Bytes Sent By Job
	0  -  Run Bytes Received By Job
	Partitionable Resources :    Usage  Request Allocated 
	   Cpus                 :                 1         1 
	   Disk (KB)            :       27       27    474791 
	   Memory (MB)          :      426        1       128 
...
009 (270452.000.000) 2025-01-21 23:55:31 Job was aborted.
	via condor_rm (by user calzona_2046920)
...
000 (276606.000.000) 2025-01-24 04:56:18 Job submitted from host: <192.168.0.102:9618?addrs=192.168.0.102-9618&alias=submitter&noUDP&sock=schedd_2032_5c88>
...
001 (276606.000.000) 2025-01-24 04:56:20 Job executing on host: <192.168.0.149:9618?addrs=192.168.0.149-9618&alias=node149.di.rm1&noUDP&sock=startd_1551_6f7a>
...
006 (276606.000.000) 2025-01-24 04:56:28 Image size of job updated: 393360
	385  -  MemoryUsage of job (MB)
	393360  -  ResidentSetSize of job (KB)
...
006 (276606.000.000) 2025-01-24 04:58:20 Image size of job updated: 5747668
	385  -  MemoryUsage of job (MB)
	393360  -  ResidentSetSize of job (KB)
...
004 (276606.000.000) 2025-01-24 04:58:20 Job was evicted.
	(0) CPU times
		Usr 0 00:01:57, Sys 0 00:00:02  -  Run Remote Usage
		Usr 0 00:00:00, Sys 0 00:00:00  -  Run Local Usage
	0  -  Run Bytes Sent By Job
	0  -  Run Bytes Received By Job
	Partitionable Resources :    Usage  Request Allocated 
	   Cpus                 :     1.00        1         1 
	   Disk (KB)            :    27          27    471944 
	   Memory (MB)          :   385           1       128 
...
009 (276606.000.000) 2025-01-24 04:58:20 Job was aborted.
	via condor_rm (by user calzona_2046920)
...
