000 (263662.000.000) 2025-01-17 11:21:00 Job submitted from host: <192.168.0.102:9618?addrs=192.168.0.102-9618&alias=submitter&noUDP&sock=schedd_2032_5c88>
...
001 (263662.000.000) 2025-01-17 11:21:05 Job executing on host: <192.168.0.121:9618?addrs=192.168.0.121-9618&alias=node121.di.rm1&noUDP&sock=startd_2146_8e54>
...
006 (263662.000.000) 2025-01-17 11:21:13 Image size of job updated: 1380924
	424  -  MemoryUsage of job (MB)
	434016  -  ResidentSetSize of job (KB)
...
006 (263662.000.000) 2025-01-17 11:24:42 Image size of job updated: 6764356
	436  -  MemoryUsage of job (MB)
	445764  -  ResidentSetSize of job (KB)
...
005 (263662.000.000) 2025-01-17 11:24:42 Job terminated.
	(1) Normal termination (return value 0)
		Usr 0 00:07:42, Sys 0 00:00:08  -  Run Remote Usage
		Usr 0 00:00:00, Sys 0 00:00:00  -  Run Local Usage
		Usr 0 00:07:42, Sys 0 00:00:08  -  Total Remote Usage
		Usr 0 00:00:00, Sys 0 00:00:00  -  Total Local Usage
	0  -  Run Bytes Sent By Job
	0  -  Run Bytes Received By Job
	0  -  Total Bytes Sent By Job
	0  -  Total Bytes Received By Job
	Partitionable Resources :    Usage  Request Allocated 
	   Cpus                 :     1.00        1         1 
	   Disk (KB)            :    27          27    467232 
	   Memory (MB)          :   436           1       128 

	Job terminated of its own accord at 2025-01-17T11:24:42Z with exit-code 0.
...
