000 (293795.000.000) 2025-01-30 14:52:39 Job submitted from host: <192.168.0.102:9618?addrs=192.168.0.102-9618&alias=submitter&noUDP&sock=schedd_4045053_7bc0>
...
001 (293795.000.000) 2025-01-30 14:52:40 Job executing on host: <192.168.0.122:9618?addrs=192.168.0.122-9618&alias=node122.di.rm1&noUDP&sock=startd_2134_5331>
...
006 (293795.000.000) 2025-01-30 14:52:48 Image size of job updated: 4797500
	402  -  MemoryUsage of job (MB)
	410936  -  ResidentSetSize of job (KB)
...
006 (293795.000.000) 2025-01-30 14:53:41 Image size of job updated: 11705344
	402  -  MemoryUsage of job (MB)
	410936  -  ResidentSetSize of job (KB)
...
004 (293795.000.000) 2025-01-30 14:53:41 Job was evicted.
	(0) CPU times
		Usr 0 00:00:57, Sys 0 00:00:03  -  Run Remote Usage
		Usr 0 00:00:00, Sys 0 00:00:00  -  Run Local Usage
	0  -  Run Bytes Sent By Job
	0  -  Run Bytes Received By Job
	Partitionable Resources :    Usage  Request Allocated Assigned
	   Cpus                 :                 1         1 
	   Disk (KB)            :      750      750    499915 
	   Gpus (Average)       :                 1         1 "GPU-1df1a0e3"
	   Memory (MB)          :      402        1       128 
...
009 (293795.000.000) 2025-01-30 14:53:41 Job was aborted.
	via condor_rm (by user calzona_2046920)
...
