000 (269026.000.000) 2025-01-21 22:16:50 Job submitted from host: <192.168.0.102:9618?addrs=192.168.0.102-9618&alias=submitter&noUDP&sock=schedd_2032_5c88>
...
001 (269026.000.000) 2025-01-21 22:16:53 Job executing on host: <192.168.0.151:9618?addrs=192.168.0.151-9618&alias=node151.di.rm1&noUDP&sock=startd_1528_a8cd>
...
006 (269026.000.000) 2025-01-21 22:17:02 Image size of job updated: 270600
	265  -  MemoryUsage of job (MB)
	270600  -  ResidentSetSize of job (KB)
...
006 (269026.000.000) 2025-01-21 22:17:34 Image size of job updated: 274324
	265  -  MemoryUsage of job (MB)
	270600  -  ResidentSetSize of job (KB)
...
004 (269026.000.000) 2025-01-21 22:17:35 Job was evicted.
	(0) CPU times
		Usr 0 00:00:39, Sys 0 00:00:00  -  Run Remote Usage
		Usr 0 00:00:00, Sys 0 00:00:00  -  Run Local Usage
	0  -  Run Bytes Sent By Job
	0  -  Run Bytes Received By Job
	Partitionable Resources :    Usage  Request Allocated 
	   Cpus                 :                 1         1 
	   Disk (KB)            :       27       27    474791 
	   Memory (MB)          :      265        1       128 
...
009 (269026.000.000) 2025-01-21 22:17:35 Job was aborted.
	via condor_rm (by user calzona_2046920)
...
000 (269178.000.000) 2025-01-21 22:24:44 Job submitted from host: <192.168.0.102:9618?addrs=192.168.0.102-9618&alias=submitter&noUDP&sock=schedd_2032_5c88>
...
001 (269178.000.000) 2025-01-21 22:24:47 Job executing on host: <192.168.0.151:9618?addrs=192.168.0.151-9618&alias=node151.di.rm1&noUDP&sock=startd_1528_a8cd>
...
006 (269178.000.000) 2025-01-21 22:24:56 Image size of job updated: 270500
	265  -  MemoryUsage of job (MB)
	270500  -  ResidentSetSize of job (KB)
...
004 (269178.000.000) 2025-01-21 22:25:03 Job was evicted.
	(0) CPU times
		Usr 0 00:00:14, Sys 0 00:00:00  -  Run Remote Usage
		Usr 0 00:00:00, Sys 0 00:00:00  -  Run Local Usage
	0  -  Run Bytes Sent By Job
	0  -  Run Bytes Received By Job
	Partitionable Resources :    Usage  Request Allocated 
	   Cpus                 :                 1         1 
	   Disk (KB)            :       27       27    474791 
	   Memory (MB)          :      265        1       128 
...
009 (269178.000.000) 2025-01-21 22:25:03 Job was aborted.
	via condor_rm (by user calzona_2046920)
...
