000 (271257.000.000) 2025-01-22 00:51:21 Job submitted from host: <192.168.0.102:9618?addrs=192.168.0.102-9618&alias=submitter&noUDP&sock=schedd_2032_5c88>
...
001 (271257.000.000) 2025-01-22 00:51:40 Job executing on host: <192.168.0.148:9618?addrs=192.168.0.148-9618&alias=node148.di.rm1&noUDP&sock=startd_1547_b119>
...
006 (271257.000.000) 2025-01-22 00:51:48 Image size of job updated: 565060
	551  -  MemoryUsage of job (MB)
	563476  -  ResidentSetSize of job (KB)
...
006 (271257.000.000) 2025-01-22 00:52:22 Image size of job updated: 2664228
	552  -  MemoryUsage of job (MB)
	564796  -  ResidentSetSize of job (KB)
...
004 (271257.000.000) 2025-01-22 00:52:22 Job was evicted.
	(0) CPU times
		Usr 0 00:00:42, Sys 0 00:00:01  -  Run Remote Usage
		Usr 0 00:00:00, Sys 0 00:00:00  -  Run Local Usage
	0  -  Run Bytes Sent By Job
	0  -  Run Bytes Received By Job
	Partitionable Resources :    Usage  Request Allocated 
	   Cpus                 :                 1         1 
	   Disk (KB)            :       27       27    467548 
	   Memory (MB)          :      552        1       128 
...
009 (271257.000.000) 2025-01-22 00:52:23 Job was aborted.
	via condor_rm (by user calzona_2046920)
...
000 (277411.000.000) 2025-01-24 06:28:48 Job submitted from host: <192.168.0.102:9618?addrs=192.168.0.102-9618&alias=submitter&noUDP&sock=schedd_2032_5c88>
...
001 (277411.000.000) 2025-01-24 06:28:48 Job executing on host: <192.168.0.147:9618?addrs=192.168.0.147-9618&alias=node147.di.rm1&noUDP&sock=startd_1513_5ee1>
...
006 (277411.000.000) 2025-01-24 06:28:57 Image size of job updated: 561000
	548  -  MemoryUsage of job (MB)
	561000  -  ResidentSetSize of job (KB)
...
006 (277411.000.000) 2025-01-24 06:30:46 Image size of job updated: 6788980
	548  -  MemoryUsage of job (MB)
	561000  -  ResidentSetSize of job (KB)
...
005 (277411.000.000) 2025-01-24 06:30:46 Job terminated.
	(1) Normal termination (return value 0)
		Usr 0 00:06:09, Sys 0 00:00:26  -  Run Remote Usage
		Usr 0 00:00:00, Sys 0 00:00:00  -  Run Local Usage
		Usr 0 00:06:09, Sys 0 00:00:26  -  Total Remote Usage
		Usr 0 00:00:00, Sys 0 00:00:00  -  Total Local Usage
	0  -  Run Bytes Sent By Job
	0  -  Run Bytes Received By Job
	0  -  Total Bytes Sent By Job
	0  -  Total Bytes Received By Job
	Partitionable Resources :    Usage  Request Allocated 
	   Cpus                 :                 1         1 
	   Disk (KB)            :       27       27    469805 
	   Memory (MB)          :      548        1       128 

	Job terminated of its own accord at 2025-01-24T06:30:46Z with exit-code 0.
...
