000 (273989.000.000) 2025-01-23 11:29:39 Job submitted from host: <192.168.0.102:9618?addrs=192.168.0.102-9618&alias=submitter&noUDP&sock=schedd_2032_5c88>
...
014 (273989.000.001) 2025-01-23 11:29:47 Node 1 executing on host: <192.168.0.137:9618?addrs=192.168.0.137-9618&alias=node137.di.rm1&noUDP&sock=startd_1934_2440>
...
014 (273989.000.002) 2025-01-23 11:29:47 Node 2 executing on host: <192.168.0.132:9618?addrs=192.168.0.132-9618&alias=node132.di.rm1&noUDP&sock=startd_1999_b9e8>
...
014 (273989.000.003) 2025-01-23 11:29:47 Node 3 executing on host: <192.168.0.147:9618?addrs=192.168.0.147-9618&alias=node147.di.rm1&noUDP&sock=startd_1513_5ee1>
...
014 (273989.000.000) 2025-01-23 11:29:47 Node 0 executing on host: <192.168.0.106:9618?addrs=192.168.0.106-9618&alias=node106.di.rm1&noUDP&sock=startd_1970_d5a9>
...
001 (273989.000.000) 2025-01-23 11:29:47 Job executing on host: MPI_job
...
008 (273989.000.000) 2025-01-23 11:29:49 Launching orted on Node 1 of 4
...
008 (273989.000.000) 2025-01-23 11:29:49 Launching orted on Node 2 of 4
...
008 (273989.000.000) 2025-01-23 11:29:49 Launching orted on Node 3 of 4
...
008 (273989.000.000) 2025-01-23 11:29:49 Launching orted on Node 0 of 4
...
008 (273989.000.000) 2025-01-23 11:29:53 orted exited on Node 2 of 4
...
008 (273989.000.000) 2025-01-23 11:29:53 orted exited on Node 1 of 4
...
008 (273989.000.000) 2025-01-23 11:29:53 orted exited on Node 3 of 4
...
008 (273989.000.000) 2025-01-23 11:29:53 orted exited on Node 0 of 4
...
015 (273989.000.003) 2025-01-23 11:29:53 Node 3 terminated.
	(1) Normal termination (return value 0)
		Usr 0 00:00:03, Sys 0 00:00:01  -  Run Remote Usage
		Usr 0 00:00:00, Sys 0 00:00:00  -  Run Local Usage
		Usr 0 00:00:03, Sys 0 00:00:01  -  Total Remote Usage
		Usr 0 00:00:00, Sys 0 00:00:00  -  Total Local Usage
	2165  -  Run Bytes Sent By Node
	33639  -  Run Bytes Received By Node
	2165  -  Total Bytes Sent By Node
	33639  -  Total Bytes Received By Node
...
015 (273989.000.001) 2025-01-23 11:29:53 Node 1 terminated.
	(1) Normal termination (return value 0)
		Usr 0 00:00:03, Sys 0 00:00:00  -  Run Remote Usage
		Usr 0 00:00:00, Sys 0 00:00:00  -  Run Local Usage
		Usr 0 00:00:03, Sys 0 00:00:00  -  Total Remote Usage
		Usr 0 00:00:00, Sys 0 00:00:00  -  Total Local Usage
	2165  -  Run Bytes Sent By Node
	33639  -  Run Bytes Received By Node
	2165  -  Total Bytes Sent By Node
	33639  -  Total Bytes Received By Node
...
015 (273989.000.002) 2025-01-23 11:29:53 Node 2 terminated.
	(1) Normal termination (return value 0)
		Usr 0 00:00:04, Sys 0 00:00:01  -  Run Remote Usage
		Usr 0 00:00:00, Sys 0 00:00:00  -  Run Local Usage
		Usr 0 00:00:04, Sys 0 00:00:01  -  Total Remote Usage
		Usr 0 00:00:00, Sys 0 00:00:00  -  Total Local Usage
	2165  -  Run Bytes Sent By Node
	33639  -  Run Bytes Received By Node
	2165  -  Total Bytes Sent By Node
	33639  -  Total Bytes Received By Node
...
015 (273989.000.000) 2025-01-23 11:29:53 Node 0 terminated.
	(1) Normal termination (return value 0)
		Usr 0 00:00:00, Sys 0 00:00:00  -  Run Remote Usage
		Usr 0 00:00:00, Sys 0 00:00:00  -  Run Local Usage
		Usr 0 00:00:00, Sys 0 00:00:00  -  Total Remote Usage
		Usr 0 00:00:00, Sys 0 00:00:00  -  Total Local Usage
	3263  -  Run Bytes Sent By Node
	33639  -  Run Bytes Received By Node
	3263  -  Total Bytes Sent By Node
	33639  -  Total Bytes Received By Node
...
005 (273989.000.000) 2025-01-23 11:29:53 Job terminated.
	(1) Normal termination (return value 0)
		Usr 0 00:00:10, Sys 0 00:00:02  -  Run Remote Usage
		Usr 0 00:00:00, Sys 0 00:00:00  -  Run Local Usage
		Usr 0 00:00:00, Sys 0 00:00:00  -  Total Remote Usage
		Usr 0 00:00:00, Sys 0 00:00:00  -  Total Local Usage
	9758  -  Run Bytes Sent By Job
	134556  -  Run Bytes Received By Job
	9758  -  Total Bytes Sent By Job
	134556  -  Total Bytes Received By Job
	Partitionable Resources :    Usage  Request Allocated 
	   Cpus                 :                 1         1 
	   Disk (KB)            :       49       35    468979 
	   Memory (MB)          :        0        0     40960 

	Job terminated of its own accord at 2025-01-23T11:29:53Z with exit-code 0.
...
000 (278734.000.000) 2025-01-24 09:19:36 Job submitted from host: <192.168.0.102:9618?addrs=192.168.0.102-9618&alias=submitter&noUDP&sock=schedd_2032_5c88>
...
014 (278734.000.000) 2025-01-24 09:19:44 Node 0 executing on host: <192.168.0.121:9618?addrs=192.168.0.121-9618&alias=node121.di.rm1&noUDP&sock=startd_2146_8e54>
...
014 (278734.000.001) 2025-01-24 09:19:44 Node 1 executing on host: <192.168.0.130:9618?addrs=192.168.0.130-9618&alias=node130.di.rm1&noUDP&sock=startd_2751195_838e>
...
014 (278734.000.002) 2025-01-24 09:19:44 Node 2 executing on host: <192.168.0.111:9618?addrs=192.168.0.111-9618&alias=node111.di.rm1&noUDP&sock=startd_2044_97ab>
...
014 (278734.000.003) 2025-01-24 09:19:44 Node 3 executing on host: <192.168.0.141:9618?addrs=192.168.0.141-9618&alias=node141.di.rm1&noUDP&sock=startd_2077_3a4b>
...
001 (278734.000.000) 2025-01-24 09:19:44 Job executing on host: MPI_job
...
008 (278734.000.000) 2025-01-24 09:19:46 Launching orted on Node 0 of 4
...
008 (278734.000.000) 2025-01-24 09:19:46 Launching orted on Node 1 of 4
...
008 (278734.000.000) 2025-01-24 09:19:46 Launching orted on Node 2 of 4
...
008 (278734.000.000) 2025-01-24 09:19:46 Launching orted on Node 3 of 4
...
008 (278734.000.000) 2025-01-24 09:19:50 orted exited on Node 1 of 4
...
008 (278734.000.000) 2025-01-24 09:19:50 orted exited on Node 0 of 4
...
008 (278734.000.000) 2025-01-24 09:19:50 orted exited on Node 2 of 4
...
008 (278734.000.000) 2025-01-24 09:19:50 orted exited on Node 3 of 4
...
015 (278734.000.000) 2025-01-24 09:19:50 Node 0 terminated.
	(1) Normal termination (return value 0)
		Usr 0 00:00:00, Sys 0 00:00:00  -  Run Remote Usage
		Usr 0 00:00:00, Sys 0 00:00:00  -  Run Local Usage
		Usr 0 00:00:00, Sys 0 00:00:00  -  Total Remote Usage
		Usr 0 00:00:00, Sys 0 00:00:00  -  Total Local Usage
	3257  -  Run Bytes Sent By Node
	33639  -  Run Bytes Received By Node
	3257  -  Total Bytes Sent By Node
	33639  -  Total Bytes Received By Node
...
015 (278734.000.001) 2025-01-24 09:19:50 Node 1 terminated.
	(1) Normal termination (return value 0)
		Usr 0 00:00:04, Sys 0 00:00:00  -  Run Remote Usage
		Usr 0 00:00:00, Sys 0 00:00:00  -  Run Local Usage
		Usr 0 00:00:04, Sys 0 00:00:00  -  Total Remote Usage
		Usr 0 00:00:00, Sys 0 00:00:00  -  Total Local Usage
	2165  -  Run Bytes Sent By Node
	33639  -  Run Bytes Received By Node
	2165  -  Total Bytes Sent By Node
	33639  -  Total Bytes Received By Node
...
005 (278734.000.000) 2025-01-24 09:19:50 Job terminated.
	(1) Normal termination (return value 0)
		Usr 0 00:00:11, Sys 0 00:00:00  -  Run Remote Usage
		Usr 0 00:00:00, Sys 0 00:00:00  -  Run Local Usage
		Usr 0 00:00:00, Sys 0 00:00:00  -  Total Remote Usage
		Usr 0 00:00:00, Sys 0 00:00:00  -  Total Local Usage
	7609  -  Run Bytes Sent By Job
	134556  -  Run Bytes Received By Job
	7609  -  Total Bytes Sent By Job
	134556  -  Total Bytes Received By Job
	Partitionable Resources :    Usage  Request Allocated 
	   Cpus                 :                 1         1 
	   Disk (KB)            :       49       35    467232 
	   Memory (MB)          :        0        0     20480 

	Job terminated of its own accord at 2025-01-24T09:19:50Z with exit-code 0.
...
