000 (282230.000.000) 2025-01-26 16:50:17 Job submitted from host: <192.168.0.102:9618?addrs=192.168.0.102-9618&alias=submitter&noUDP&sock=schedd_2032_5c88>
...
014 (282230.000.002) 2025-01-26 16:50:20 Node 2 executing on host: <192.168.0.149:9618?addrs=192.168.0.149-9618&alias=node149.di.rm1&noUDP&sock=startd_1551_6f7a>
...
014 (282230.000.000) 2025-01-26 16:50:20 Node 0 executing on host: <192.168.0.124:9618?addrs=192.168.0.124-9618&alias=node124.di.rm1&noUDP&sock=startd_2143_7f8b>
...
014 (282230.000.001) 2025-01-26 16:50:20 Node 1 executing on host: <192.168.0.104:9618?addrs=192.168.0.104-9618&alias=node104.di.rm1&noUDP&sock=startd_1987_7ec5>
...
014 (282230.000.005) 2025-01-26 16:50:20 Node 5 executing on host: <192.168.0.141:9618?addrs=192.168.0.141-9618&alias=node141.di.rm1&noUDP&sock=startd_2077_3a4b>
...
014 (282230.000.007) 2025-01-26 16:50:20 Node 7 executing on host: <192.168.0.120:9618?addrs=192.168.0.120-9618&alias=node120.di.rm1&noUDP&sock=startd_2096_4298>
...
014 (282230.000.004) 2025-01-26 16:50:20 Node 4 executing on host: <192.168.0.145:9618?addrs=192.168.0.145-9618&alias=node145.di.rm1&noUDP&sock=startd_1869_8e98>
...
014 (282230.000.006) 2025-01-26 16:50:20 Node 6 executing on host: <192.168.0.145:9618?addrs=192.168.0.145-9618&alias=node145.di.rm1&noUDP&sock=startd_1869_8e98>
...
014 (282230.000.003) 2025-01-26 16:50:20 Node 3 executing on host: <192.168.0.143:9618?addrs=192.168.0.143-9618&alias=node143.di.rm1&noUDP&sock=startd_2061_40c7>
...
001 (282230.000.000) 2025-01-26 16:50:20 Job executing on host: MPI_job
...
008 (282230.000.000) 2025-01-26 16:50:22 Launching orted on Node 2 of 8
...
008 (282230.000.000) 2025-01-26 16:50:22 Launching orted on Node 7 of 8
...
008 (282230.000.000) 2025-01-26 16:50:22 Launching orted on Node 1 of 8
...
008 (282230.000.000) 2025-01-26 16:50:22 Launching orted on Node 0 of 8
...
008 (282230.000.000) 2025-01-26 16:50:22 Launching orted on Node 5 of 8
...
008 (282230.000.000) 2025-01-26 16:50:23 Launching orted on Node 6 of 8
...
008 (282230.000.000) 2025-01-26 16:50:23 Launching orted on Node 4 of 8
...
008 (282230.000.000) 2025-01-26 16:50:23 Launching orted on Node 3 of 8
...
008 (282230.000.000) 2025-01-26 16:50:23 orted exited on Node 1 of 8
...
008 (282230.000.000) 2025-01-26 16:50:23 orted exited on Node 2 of 8
...
008 (282230.000.000) 2025-01-26 16:50:23 orted exited on Node 5 of 8
...
008 (282230.000.000) 2025-01-26 16:50:23 orted exited on Node 7 of 8
...
008 (282230.000.000) 2025-01-26 16:50:23 orted exited on Node 3 of 8
...
008 (282230.000.000) 2025-01-26 16:50:23 orted exited on Node 0 of 8
...
008 (282230.000.000) 2025-01-26 16:50:23 orted exited on Node 6 of 8
...
008 (282230.000.000) 2025-01-26 16:50:23 orted exited on Node 4 of 8
...
015 (282230.000.007) 2025-01-26 16:50:23 Node 7 terminated.
	(1) Normal termination (return value 0)
		Usr 0 00:00:00, Sys 0 00:00:00  -  Run Remote Usage
		Usr 0 00:00:00, Sys 0 00:00:00  -  Run Local Usage
		Usr 0 00:00:00, Sys 0 00:00:00  -  Total Remote Usage
		Usr 0 00:00:00, Sys 0 00:00:00  -  Total Local Usage
	2187  -  Run Bytes Sent By Node
	33711  -  Run Bytes Received By Node
	2187  -  Total Bytes Sent By Node
	33711  -  Total Bytes Received By Node
...
015 (282230.000.002) 2025-01-26 16:50:23 Node 2 terminated.
	(1) Normal termination (return value 0)
		Usr 0 00:00:00, Sys 0 00:00:00  -  Run Remote Usage
		Usr 0 00:00:00, Sys 0 00:00:00  -  Run Local Usage
		Usr 0 00:00:00, Sys 0 00:00:00  -  Total Remote Usage
		Usr 0 00:00:00, Sys 0 00:00:00  -  Total Local Usage
	2165  -  Run Bytes Sent By Node
	33711  -  Run Bytes Received By Node
	2165  -  Total Bytes Sent By Node
	33711  -  Total Bytes Received By Node
...
015 (282230.000.001) 2025-01-26 16:50:24 Node 1 terminated.
	(1) Normal termination (return value 0)
		Usr 0 00:00:00, Sys 0 00:00:00  -  Run Remote Usage
		Usr 0 00:00:00, Sys 0 00:00:00  -  Run Local Usage
		Usr 0 00:00:00, Sys 0 00:00:00  -  Total Remote Usage
		Usr 0 00:00:00, Sys 0 00:00:00  -  Total Local Usage
	2165  -  Run Bytes Sent By Node
	33711  -  Run Bytes Received By Node
	2165  -  Total Bytes Sent By Node
	33711  -  Total Bytes Received By Node
...
015 (282230.000.000) 2025-01-26 16:50:24 Node 0 terminated.
	(1) Normal termination (return value 0)
		Usr 0 00:00:01, Sys 0 00:00:00  -  Run Remote Usage
		Usr 0 00:00:00, Sys 0 00:00:00  -  Run Local Usage
		Usr 0 00:00:01, Sys 0 00:00:00  -  Total Remote Usage
		Usr 0 00:00:00, Sys 0 00:00:00  -  Total Local Usage
	3306  -  Run Bytes Sent By Node
	33711  -  Run Bytes Received By Node
	3306  -  Total Bytes Sent By Node
	33711  -  Total Bytes Received By Node
...
005 (282230.000.000) 2025-01-26 16:50:24 Job terminated.
	(1) Normal termination (return value 0)
		Usr 0 00:00:01, Sys 0 00:00:00  -  Run Remote Usage
		Usr 0 00:00:00, Sys 0 00:00:00  -  Run Local Usage
		Usr 0 00:00:01, Sys 0 00:00:00  -  Total Remote Usage
		Usr 0 00:00:00, Sys 0 00:00:00  -  Total Local Usage
	9823  -  Run Bytes Sent By Job
	269688  -  Run Bytes Received By Job
	9823  -  Total Bytes Sent By Job
	269688  -  Total Bytes Received By Job
	Partitionable Resources :    Usage  Request Allocated 
	   Cpus                 :                 1         1 
	   Disk (KB)            :       50       35    499302 
	   GPUs                 :                           0 
	   Memory (MB)          :        0        1     53248 

	Job terminated of its own accord at 2025-01-26T16:50:23Z with exit-code 0.
...
000 (289102.000.000) 2025-01-28 22:37:12 Job submitted from host: <192.168.0.102:9618?addrs=192.168.0.102-9618&alias=submitter&noUDP&sock=schedd_2032_5c88>
...
014 (289102.000.001) 2025-01-28 22:37:14 Node 1 executing on host: <192.168.0.135:9618?addrs=192.168.0.135-9618&alias=node135.di.rm1&noUDP&sock=startd_2000_6980>
...
014 (289102.000.000) 2025-01-28 22:37:14 Node 0 executing on host: <192.168.0.105:9618?addrs=192.168.0.105-9618&alias=node105.di.rm1&noUDP&sock=startd_1951_cd5c>
...
014 (289102.000.003) 2025-01-28 22:37:14 Node 3 executing on host: <192.168.0.145:9618?addrs=192.168.0.145-9618&alias=node145.di.rm1&noUDP&sock=startd_1869_8e98>
...
014 (289102.000.005) 2025-01-28 22:37:14 Node 5 executing on host: <192.168.0.135:9618?addrs=192.168.0.135-9618&alias=node135.di.rm1&noUDP&sock=startd_2000_6980>
...
014 (289102.000.006) 2025-01-28 22:37:14 Node 6 executing on host: <192.168.0.130:9618?addrs=192.168.0.130-9618&alias=node130.di.rm1&noUDP&sock=startd_2751195_838e>
...
014 (289102.000.004) 2025-01-28 22:37:14 Node 4 executing on host: <192.168.0.120:9618?addrs=192.168.0.120-9618&alias=node120.di.rm1&noUDP&sock=startd_2096_4298>
...
014 (289102.000.007) 2025-01-28 22:37:14 Node 7 executing on host: <192.168.0.106:9618?addrs=192.168.0.106-9618&alias=node106.di.rm1&noUDP&sock=startd_1970_d5a9>
...
014 (289102.000.002) 2025-01-28 22:37:14 Node 2 executing on host: <192.168.0.115:9618?addrs=192.168.0.115-9618&alias=node115.di.rm1&noUDP&sock=startd_1101621_f4a0>
...
001 (289102.000.000) 2025-01-28 22:37:14 Job executing on host: MPI_job
...
008 (289102.000.000) 2025-01-28 22:37:16 Launching orted on Node 5 of 8
...
008 (289102.000.000) 2025-01-28 22:37:16 Launching orted on Node 3 of 8
...
008 (289102.000.000) 2025-01-28 22:37:16 Launching orted on Node 6 of 8
...
008 (289102.000.000) 2025-01-28 22:37:16 Launching orted on Node 1 of 8
...
008 (289102.000.000) 2025-01-28 22:37:16 Launching orted on Node 0 of 8
...
008 (289102.000.000) 2025-01-28 22:37:16 Launching orted on Node 4 of 8
...
008 (289102.000.000) 2025-01-28 22:37:16 Launching orted on Node 7 of 8
...
008 (289102.000.000) 2025-01-28 22:37:16 Launching orted on Node 2 of 8
...
008 (289102.000.000) 2025-01-28 22:37:17 orted exited on Node 2 of 8
...
008 (289102.000.000) 2025-01-28 22:37:17 orted exited on Node 0 of 8
...
008 (289102.000.000) 2025-01-28 22:37:17 orted exited on Node 1 of 8
...
008 (289102.000.000) 2025-01-28 22:37:17 orted exited on Node 3 of 8
...
008 (289102.000.000) 2025-01-28 22:37:17 orted exited on Node 4 of 8
...
008 (289102.000.000) 2025-01-28 22:37:17 orted exited on Node 5 of 8
...
008 (289102.000.000) 2025-01-28 22:37:17 orted exited on Node 6 of 8
...
008 (289102.000.000) 2025-01-28 22:37:17 orted exited on Node 7 of 8
...
015 (289102.000.001) 2025-01-28 22:37:17 Node 1 terminated.
	(1) Normal termination (return value 0)
		Usr 0 00:00:00, Sys 0 00:00:00  -  Run Remote Usage
		Usr 0 00:00:00, Sys 0 00:00:00  -  Run Local Usage
		Usr 0 00:00:00, Sys 0 00:00:00  -  Total Remote Usage
		Usr 0 00:00:00, Sys 0 00:00:00  -  Total Local Usage
	2165  -  Run Bytes Sent By Node
	33711  -  Run Bytes Received By Node
	2165  -  Total Bytes Sent By Node
	33711  -  Total Bytes Received By Node
...
015 (289102.000.003) 2025-01-28 22:37:17 Node 3 terminated.
	(1) Normal termination (return value 0)
		Usr 0 00:00:00, Sys 0 00:00:00  -  Run Remote Usage
		Usr 0 00:00:00, Sys 0 00:00:00  -  Run Local Usage
		Usr 0 00:00:00, Sys 0 00:00:00  -  Total Remote Usage
		Usr 0 00:00:00, Sys 0 00:00:00  -  Total Local Usage
	2165  -  Run Bytes Sent By Node
	33711  -  Run Bytes Received By Node
	2165  -  Total Bytes Sent By Node
	33711  -  Total Bytes Received By Node
...
015 (289102.000.007) 2025-01-28 22:37:17 Node 7 terminated.
	(1) Normal termination (return value 0)
		Usr 0 00:00:00, Sys 0 00:00:00  -  Run Remote Usage
		Usr 0 00:00:00, Sys 0 00:00:00  -  Run Local Usage
		Usr 0 00:00:00, Sys 0 00:00:00  -  Total Remote Usage
		Usr 0 00:00:00, Sys 0 00:00:00  -  Total Local Usage
	2165  -  Run Bytes Sent By Node
	33711  -  Run Bytes Received By Node
	2165  -  Total Bytes Sent By Node
	33711  -  Total Bytes Received By Node
...
015 (289102.000.002) 2025-01-28 22:37:17 Node 2 terminated.
	(1) Normal termination (return value 0)
		Usr 0 00:00:00, Sys 0 00:00:00  -  Run Remote Usage
		Usr 0 00:00:00, Sys 0 00:00:00  -  Run Local Usage
		Usr 0 00:00:00, Sys 0 00:00:00  -  Total Remote Usage
		Usr 0 00:00:00, Sys 0 00:00:00  -  Total Local Usage
	2165  -  Run Bytes Sent By Node
	33711  -  Run Bytes Received By Node
	2165  -  Total Bytes Sent By Node
	33711  -  Total Bytes Received By Node
...
015 (289102.000.000) 2025-01-28 22:37:17 Node 0 terminated.
	(1) Normal termination (return value 0)
		Usr 0 00:00:01, Sys 0 00:00:00  -  Run Remote Usage
		Usr 0 00:00:00, Sys 0 00:00:00  -  Run Local Usage
		Usr 0 00:00:01, Sys 0 00:00:00  -  Total Remote Usage
		Usr 0 00:00:00, Sys 0 00:00:00  -  Total Local Usage
	3262  -  Run Bytes Sent By Node
	33711  -  Run Bytes Received By Node
	3262  -  Total Bytes Sent By Node
	33711  -  Total Bytes Received By Node
...
005 (289102.000.000) 2025-01-28 22:37:17 Job terminated.
	(1) Normal termination (return value 0)
		Usr 0 00:00:01, Sys 0 00:00:01  -  Run Remote Usage
		Usr 0 00:00:00, Sys 0 00:00:00  -  Run Local Usage
		Usr 0 00:00:01, Sys 0 00:00:00  -  Total Remote Usage
		Usr 0 00:00:00, Sys 0 00:00:00  -  Total Local Usage
	14109  -  Run Bytes Sent By Job
	269688  -  Run Bytes Received By Job
	14109  -  Total Bytes Sent By Job
	269688  -  Total Bytes Received By Job
	Partitionable Resources :    Usage  Request Allocated 
	   Cpus                 :                 1         2 
	   Disk (KB)            :       51       35 102901527 
	   Memory (MB)          :        0        0    100096 

	Job terminated of its own accord at 2025-01-28T22:37:17Z with exit-code 0.
...
