000 (269643.000.000) 2025-01-21 22:53:43 Job submitted from host: <192.168.0.102:9618?addrs=192.168.0.102-9618&alias=submitter&noUDP&sock=schedd_2032_5c88>
...
001 (269643.000.000) 2025-01-21 22:53:47 Job executing on host: <192.168.0.151:9618?addrs=192.168.0.151-9618&alias=node151.di.rm1&noUDP&sock=startd_1528_a8cd>
...
006 (269643.000.000) 2025-01-21 22:53:57 Image size of job updated: 593604
	580  -  MemoryUsage of job (MB)
	593604  -  ResidentSetSize of job (KB)
...
006 (269643.000.000) 2025-01-21 22:54:45 Image size of job updated: 3314124
	580  -  MemoryUsage of job (MB)
	593868  -  ResidentSetSize of job (KB)
...
004 (269643.000.000) 2025-01-21 22:54:46 Job was evicted.
	(0) CPU times
		Usr 0 00:00:53, Sys 0 00:00:01  -  Run Remote Usage
		Usr 0 00:00:00, Sys 0 00:00:00  -  Run Local Usage
	0  -  Run Bytes Sent By Job
	0  -  Run Bytes Received By Job
	Partitionable Resources :    Usage  Request Allocated 
	   Cpus                 :                 1         1 
	   Disk (KB)            :       27       27    474791 
	   Memory (MB)          :      580        1       128 
...
009 (269643.000.000) 2025-01-21 22:54:46 Job was aborted.
	via condor_rm (by user calzona_2046920)
...
000 (275797.000.000) 2025-01-24 03:13:51 Job submitted from host: <192.168.0.102:9618?addrs=192.168.0.102-9618&alias=submitter&noUDP&sock=schedd_2032_5c88>
...
001 (275797.000.000) 2025-01-24 03:13:51 Job executing on host: <192.168.0.133:9618?addrs=192.168.0.133-9618&alias=node133.di.rm1&noUDP&sock=startd_1941_f16a>
...
006 (275797.000.000) 2025-01-24 03:14:00 Image size of job updated: 1447380
	576  -  MemoryUsage of job (MB)
	589248  -  ResidentSetSize of job (KB)
...
006 (275797.000.000) 2025-01-24 03:15:52 Image size of job updated: 6811356
	576  -  MemoryUsage of job (MB)
	589380  -  ResidentSetSize of job (KB)
...
004 (275797.000.000) 2025-01-24 03:15:52 Job was evicted.
	(0) CPU times
		Usr 0 00:02:19, Sys 0 00:00:02  -  Run Remote Usage
		Usr 0 00:00:00, Sys 0 00:00:00  -  Run Local Usage
	0  -  Run Bytes Sent By Job
	0  -  Run Bytes Received By Job
	Partitionable Resources :    Usage  Request Allocated 
	   Cpus                 :                 1         1 
	   Disk (KB)            :       27       27    473452 
	   Memory (MB)          :      576        1       128 
...
009 (275797.000.000) 2025-01-24 03:15:52 Job was aborted.
	via condor_rm (by user calzona_2046920)
...
