000 (262190.000.000) 2025-01-16 18:01:03 Job submitted from host: <192.168.0.102:9618?addrs=192.168.0.102-9618&alias=submitter&noUDP&sock=schedd_2032_5c88>
...
001 (262190.000.000) 2025-01-16 18:01:19 Job executing on host: <192.168.0.147:9618?addrs=192.168.0.147-9618&alias=node147.di.rm1&noUDP&sock=startd_1513_5ee1>
...
006 (262190.000.000) 2025-01-16 18:01:27 Image size of job updated: 1395972
	483  -  MemoryUsage of job (MB)
	493812  -  ResidentSetSize of job (KB)
...
006 (262190.000.000) 2025-01-16 18:05:26 Image size of job updated: 13590808
	483  -  MemoryUsage of job (MB)
	493944  -  ResidentSetSize of job (KB)
...
005 (262190.000.000) 2025-01-16 18:05:26 Job terminated.
	(1) Normal termination (return value 0)
		Usr 0 00:07:33, Sys 0 00:00:29  -  Run Remote Usage
		Usr 0 00:00:00, Sys 0 00:00:00  -  Run Local Usage
		Usr 0 00:07:33, Sys 0 00:00:29  -  Total Remote Usage
		Usr 0 00:00:00, Sys 0 00:00:00  -  Total Local Usage
	0  -  Run Bytes Sent By Job
	0  -  Run Bytes Received By Job
	0  -  Total Bytes Sent By Job
	0  -  Total Bytes Received By Job
	Partitionable Resources :    Usage  Request Allocated 
	   Cpus                 :     1.00        1         1 
	   Disk (KB)            :    27          27    469805 
	   Memory (MB)          :   483           1       128 

	Job terminated of its own accord at 2025-01-16T18:05:26Z with exit-code 0.
...
