000 (290185.000.000) 2025-01-29 12:29:09 Job submitted from host: <192.168.0.102:9618?addrs=192.168.0.102-9618&alias=submitter&noUDP&sock=schedd_2032_5c88>
...
014 (290185.000.000) 2025-01-29 12:29:25 Node 0 executing on host: <192.168.0.137:9618?addrs=192.168.0.137-9618&alias=node137.di.rm1&noUDP&sock=startd_1934_2440>
...
014 (290185.000.002) 2025-01-29 12:29:25 Node 2 executing on host: <192.168.0.121:9618?addrs=192.168.0.121-9618&alias=node121.di.rm1&noUDP&sock=startd_2146_8e54>
...
014 (290185.000.004) 2025-01-29 12:29:25 Node 4 executing on host: <192.168.0.115:9618?addrs=192.168.0.115-9618&alias=node115.di.rm1&noUDP&sock=startd_1101621_f4a0>
...
014 (290185.000.001) 2025-01-29 12:29:26 Node 1 executing on host: <192.168.0.104:9618?addrs=192.168.0.104-9618&alias=node104.di.rm1&noUDP&sock=startd_1987_7ec5>
...
014 (290185.000.005) 2025-01-29 12:29:26 Node 5 executing on host: <192.168.0.115:9618?addrs=192.168.0.115-9618&alias=node115.di.rm1&noUDP&sock=startd_1101621_f4a0>
...
014 (290185.000.003) 2025-01-29 12:29:26 Node 3 executing on host: <192.168.0.104:9618?addrs=192.168.0.104-9618&alias=node104.di.rm1&noUDP&sock=startd_1987_7ec5>
...
014 (290185.000.006) 2025-01-29 12:29:26 Node 6 executing on host: <192.168.0.130:9618?addrs=192.168.0.130-9618&alias=node130.di.rm1&noUDP&sock=startd_2751195_838e>
...
014 (290185.000.007) 2025-01-29 12:29:26 Node 7 executing on host: <192.168.0.110:9618?addrs=192.168.0.110-9618&alias=node110.di.rm1&noUDP&sock=startd_2185_4e86>
...
001 (290185.000.000) 2025-01-29 12:29:26 Job executing on host: MPI_job
...
008 (290185.000.000) 2025-01-29 12:29:28 Launching orted on Node 0 of 8
...
008 (290185.000.000) 2025-01-29 12:29:28 Launching orted on Node 2 of 8
...
008 (290185.000.000) 2025-01-29 12:29:28 Launching orted on Node 4 of 8
...
008 (290185.000.000) 2025-01-29 12:29:28 Launching orted on Node 5 of 8
...
008 (290185.000.000) 2025-01-29 12:29:28 Launching orted on Node 6 of 8
...
008 (290185.000.000) 2025-01-29 12:29:28 Launching orted on Node 1 of 8
...
008 (290185.000.000) 2025-01-29 12:29:28 Launching orted on Node 3 of 8
...
008 (290185.000.000) 2025-01-29 12:29:28 Launching orted on Node 7 of 8
...
008 (290185.000.000) 2025-01-29 12:37:29 orted exited on Node 1 of 8
...
008 (290185.000.000) 2025-01-29 12:37:29 orted exited on Node 0 of 8
...
008 (290185.000.000) 2025-01-29 12:37:29 orted exited on Node 2 of 8
...
008 (290185.000.000) 2025-01-29 12:37:29 orted exited on Node 6 of 8
...
008 (290185.000.000) 2025-01-29 12:37:29 orted exited on Node 7 of 8
...
008 (290185.000.000) 2025-01-29 12:37:29 orted exited on Node 5 of 8
...
008 (290185.000.000) 2025-01-29 12:37:29 orted exited on Node 4 of 8
...
008 (290185.000.000) 2025-01-29 12:37:29 orted exited on Node 3 of 8
...
015 (290185.000.006) 2025-01-29 12:37:30 Node 6 terminated.
	(1) Normal termination (return value 0)
		Usr 0 00:39:51, Sys 0 00:03:35  -  Run Remote Usage
		Usr 0 00:00:00, Sys 0 00:00:00  -  Run Local Usage
		Usr 0 00:39:51, Sys 0 00:03:35  -  Total Remote Usage
		Usr 0 00:00:00, Sys 0 00:00:00  -  Total Local Usage
	2341  -  Run Bytes Sent By Node
	33791  -  Run Bytes Received By Node
	2341  -  Total Bytes Sent By Node
	33791  -  Total Bytes Received By Node
...
015 (290185.000.000) 2025-01-29 12:37:30 Node 0 terminated.
	(1) Normal termination (return value 0)
		Usr 0 00:00:20, Sys 0 00:00:00  -  Run Remote Usage
		Usr 0 00:00:00, Sys 0 00:00:00  -  Run Local Usage
		Usr 0 00:00:20, Sys 0 00:00:00  -  Total Remote Usage
		Usr 0 00:00:00, Sys 0 00:00:00  -  Total Local Usage
	3908  -  Run Bytes Sent By Node
	33791  -  Run Bytes Received By Node
	3908  -  Total Bytes Sent By Node
	33791  -  Total Bytes Received By Node
...
005 (290185.000.000) 2025-01-29 12:37:30 Job terminated.
	(1) Normal termination (return value 0)
		Usr 0 04:48:05, Sys 0 00:20:37  -  Run Remote Usage
		Usr 0 00:00:00, Sys 0 00:00:00  -  Run Local Usage
		Usr 0 00:00:20, Sys 0 00:00:00  -  Total Remote Usage
		Usr 0 00:00:00, Sys 0 00:00:00  -  Total Local Usage
	8590  -  Run Bytes Sent By Job
	270328  -  Run Bytes Received By Job
	8590  -  Total Bytes Sent By Job
	270328  -  Total Bytes Received By Job
	Partitionable Resources :    Usage  Request Allocated 
	   Cpus                 :     4.00        4         4 
	   Disk (KB)            :    57          35    391050 
	   Memory (MB)          : 62910           1       128 

	Job terminated of its own accord at 2025-01-29T12:37:29Z with exit-code 0.
...
009 (290185.000.000) 2025-01-29 12:37:30 Job was aborted.
	via condor_rm (by user calzona_2046920)

	Job terminated by itself at 2025-01-29T12:37:29Z (using method 0: OF_ITS_OWN_ACCORD).
...
