000 (264004.000.000) 2025-01-17 11:21:09 Job submitted from host: <192.168.0.102:9618?addrs=192.168.0.102-9618&alias=submitter&noUDP&sock=schedd_2032_5c88>
...
001 (264004.000.000) 2025-01-17 11:21:13 Job executing on host: <192.168.0.110:9618?addrs=192.168.0.110-9618&alias=node110.di.rm1&noUDP&sock=startd_2185_4e86>
...
006 (264004.000.000) 2025-01-17 11:21:22 Image size of job updated: 426096
	417  -  MemoryUsage of job (MB)
	426096  -  ResidentSetSize of job (KB)
...
006 (264004.000.000) 2025-01-17 11:26:23 Image size of job updated: 7453800
	7179  -  MemoryUsage of job (MB)
	7351232  -  ResidentSetSize of job (KB)
...
006 (264004.000.000) 2025-01-17 11:33:27 Image size of job updated: 8730248
	8328  -  MemoryUsage of job (MB)
	8527248  -  ResidentSetSize of job (KB)
...
006 (264004.000.000) 2025-01-17 11:33:31 Image size of job updated: 8730248
	8350  -  MemoryUsage of job (MB)
	8549952  -  ResidentSetSize of job (KB)
...
004 (264004.000.000) 2025-01-17 11:33:31 Job was evicted.
	(0) CPU times
		Usr 0 00:03:49, Sys 0 00:04:39  -  Run Remote Usage
		Usr 0 00:00:00, Sys 0 00:00:00  -  Run Local Usage
	0  -  Run Bytes Sent By Job
	0  -  Run Bytes Received By Job
	Partitionable Resources :    Usage  Request Allocated 
	   Cpus                 :     0.68        1         1 
	   Disk (KB)            :    27          27    468087 
	   Gpus (Average)       :                 0         0 
	   Memory (MB)          :  8350           1       128 
...
009 (264004.000.000) 2025-01-17 11:33:31 Job was aborted.
	via condor_rm (by user calzona_2046920)
...
