000 (264481.000.000) 2025-01-17 11:21:24 Job submitted from host: <192.168.0.102:9618?addrs=192.168.0.102-9618&alias=submitter&noUDP&sock=schedd_2032_5c88>
...
001 (264481.000.000) 2025-01-17 11:21:33 Job executing on host: <192.168.0.114:9618?addrs=192.168.0.114-9618&alias=node114.di.rm1&noUDP&sock=startd_2075_db1b>
...
006 (264481.000.000) 2025-01-17 11:21:42 Image size of job updated: 1396932
	338  -  MemoryUsage of job (MB)
	345576  -  ResidentSetSize of job (KB)
...
006 (264481.000.000) 2025-01-17 11:26:42 Image size of job updated: 12242944
	11130  -  MemoryUsage of job (MB)
	11396880  -  ResidentSetSize of job (KB)
...
006 (264481.000.000) 2025-01-17 11:31:42 Image size of job updated: 23666868
	22694  -  MemoryUsage of job (MB)
	23238204  -  ResidentSetSize of job (KB)
...
006 (264481.000.000) 2025-01-17 11:33:18 Image size of job updated: 27646996
	22694  -  MemoryUsage of job (MB)
	23238204  -  ResidentSetSize of job (KB)
...
004 (264481.000.000) 2025-01-17 11:33:18 Job was evicted.
	(0) CPU times
		Usr 0 00:11:15, Sys 0 00:00:16  -  Run Remote Usage
		Usr 0 00:00:00, Sys 0 00:00:00  -  Run Local Usage
	0  -  Run Bytes Sent By Job
	0  -  Run Bytes Received By Job
	Partitionable Resources :    Usage  Request Allocated 
	   Cpus                 :     1.00        1         1 
	   Disk (KB)            :    27          27    195565 
	   Memory (MB)          : 22694           1       128 
...
009 (264481.000.000) 2025-01-17 11:33:18 Job was aborted.
	via condor_rm (by user calzona_2046920)
...
