000 (271255.000.000) 2025-01-22 00:51:21 Job submitted from host: <192.168.0.102:9618?addrs=192.168.0.102-9618&alias=submitter&noUDP&sock=schedd_2032_5c88>
...
001 (271255.000.000) 2025-01-22 00:51:40 Job executing on host: <192.168.0.151:9618?addrs=192.168.0.151-9618&alias=node151.di.rm1&noUDP&sock=startd_1528_a8cd>
...
006 (271255.000.000) 2025-01-22 00:51:50 Image size of job updated: 1346208
	608  -  MemoryUsage of job (MB)
	622528  -  ResidentSetSize of job (KB)
...
006 (271255.000.000) 2025-01-22 00:52:23 Image size of job updated: 3003864
	610  -  MemoryUsage of job (MB)
	623848  -  ResidentSetSize of job (KB)
...
004 (271255.000.000) 2025-01-22 00:52:23 Job was evicted.
	(0) CPU times
		Usr 0 00:00:41, Sys 0 00:00:01  -  Run Remote Usage
		Usr 0 00:00:00, Sys 0 00:00:00  -  Run Local Usage
	0  -  Run Bytes Sent By Job
	0  -  Run Bytes Received By Job
	Partitionable Resources :    Usage  Request Allocated 
	   Cpus                 :                 1         1 
	   Disk (KB)            :       27       27    474791 
	   Memory (MB)          :      610        1       128 
...
009 (271255.000.000) 2025-01-22 00:52:23 Job was aborted.
	via condor_rm (by user calzona_2046920)
...
