000 (270466.000.000) 2025-01-21 23:56:31 Job submitted from host: <192.168.0.102:9618?addrs=192.168.0.102-9618&alias=submitter&noUDP&sock=schedd_2032_5c88>
...
001 (270466.000.000) 2025-01-21 23:56:34 Job executing on host: <192.168.0.120:9618?addrs=192.168.0.120-9618&alias=node120.di.rm1&noUDP&sock=startd_2096_4298>
...
006 (270466.000.000) 2025-01-21 23:56:43 Image size of job updated: 1284648
	462  -  MemoryUsage of job (MB)
	472824  -  ResidentSetSize of job (KB)
...
006 (270466.000.000) 2025-01-21 23:57:33 Image size of job updated: 3474684
	463  -  MemoryUsage of job (MB)
	474012  -  ResidentSetSize of job (KB)
...
004 (270466.000.000) 2025-01-21 23:57:34 Job was evicted.
	(0) CPU times
		Usr 0 00:00:57, Sys 0 00:00:01  -  Run Remote Usage
		Usr 0 00:00:00, Sys 0 00:00:00  -  Run Local Usage
	0  -  Run Bytes Sent By Job
	0  -  Run Bytes Received By Job
	Partitionable Resources :    Usage  Request Allocated 
	   Cpus                 :                 1         1 
	   Disk (KB)            :       27       27    459052 
	   Gpus (Average)       :                 0         0 
	   Memory (MB)          :      463        1       128 
...
009 (270466.000.000) 2025-01-21 23:57:34 Job was aborted.
	via condor_rm (by user calzona_2046920)
...
000 (276620.000.000) 2025-01-24 05:00:21 Job submitted from host: <192.168.0.102:9618?addrs=192.168.0.102-9618&alias=submitter&noUDP&sock=schedd_2032_5c88>
...
001 (276620.000.000) 2025-01-24 05:00:22 Job executing on host: <192.168.0.147:9618?addrs=192.168.0.147-9618&alias=node147.di.rm1&noUDP&sock=startd_1513_5ee1>
...
006 (276620.000.000) 2025-01-24 05:00:30 Image size of job updated: 1198296
	416  -  MemoryUsage of job (MB)
	425172  -  ResidentSetSize of job (KB)
...
006 (276620.000.000) 2025-01-24 05:02:22 Image size of job updated: 6527608
	416  -  MemoryUsage of job (MB)
	425304  -  ResidentSetSize of job (KB)
...
004 (276620.000.000) 2025-01-24 05:02:22 Job was evicted.
	(0) CPU times
		Usr 0 00:01:58, Sys 0 00:00:02  -  Run Remote Usage
		Usr 0 00:00:00, Sys 0 00:00:00  -  Run Local Usage
	0  -  Run Bytes Sent By Job
	0  -  Run Bytes Received By Job
	Partitionable Resources :    Usage  Request Allocated 
	   Cpus                 :     1.00        1         1 
	   Disk (KB)            :    27          27    469805 
	   Memory (MB)          :   416           1       128 
...
009 (276620.000.000) 2025-01-24 05:02:22 Job was aborted.
	via condor_rm (by user calzona_2046920)
...
