000 (264950.000.000) 2025-01-17 11:21:40 Job submitted from host: <192.168.0.102:9618?addrs=192.168.0.102-9618&alias=submitter&noUDP&sock=schedd_2032_5c88>
...
001 (264950.000.000) 2025-01-17 11:21:41 Job executing on host: <192.168.0.138:9618?addrs=192.168.0.138-9618&alias=node138.di.rm1&noUDP&sock=startd_2998744_89a3>
...
006 (264950.000.000) 2025-01-17 11:21:49 Image size of job updated: 288816
	283  -  MemoryUsage of job (MB)
	288816  -  ResidentSetSize of job (KB)
...
006 (264950.000.000) 2025-01-17 11:21:57 Image size of job updated: 310728
	283  -  MemoryUsage of job (MB)
	288948  -  ResidentSetSize of job (KB)
...
005 (264950.000.000) 2025-01-17 11:21:57 Job terminated.
	(1) Normal termination (return value 0)
		Usr 0 00:00:16, Sys 0 00:00:00  -  Run Remote Usage
		Usr 0 00:00:00, Sys 0 00:00:00  -  Run Local Usage
		Usr 0 00:00:16, Sys 0 00:00:00  -  Total Remote Usage
		Usr 0 00:00:00, Sys 0 00:00:00  -  Total Local Usage
	0  -  Run Bytes Sent By Job
	0  -  Run Bytes Received By Job
	0  -  Total Bytes Sent By Job
	0  -  Total Bytes Received By Job
	Partitionable Resources :    Usage  Request Allocated 
	   Cpus                 :                 1         1 
	   Disk (KB)            :       27       27    474244 
	   Memory (MB)          :      283        1       128 

	Job terminated of its own accord at 2025-01-17T11:21:57Z with exit-code 0.
...
