000 (274148.000.000) 2025-01-23 11:38:28 Job submitted from host: <192.168.0.102:9618?addrs=192.168.0.102-9618&alias=submitter&noUDP&sock=schedd_2032_5c88>
...
014 (274148.000.002) 2025-01-23 11:38:36 Node 2 executing on host: <192.168.0.148:9618?addrs=192.168.0.148-9618&alias=node148.di.rm1&noUDP&sock=startd_1547_b119>
...
014 (274148.000.000) 2025-01-23 11:38:36 Node 0 executing on host: <192.168.0.132:9618?addrs=192.168.0.132-9618&alias=node132.di.rm1&noUDP&sock=startd_1999_b9e8>
...
014 (274148.000.001) 2025-01-23 11:38:36 Node 1 executing on host: <192.168.0.108:9618?addrs=192.168.0.108-9618&alias=node108.di.rm1&noUDP&sock=startd_1979_0203>
...
014 (274148.000.003) 2025-01-23 11:38:36 Node 3 executing on host: <192.168.0.143:9618?addrs=192.168.0.143-9618&alias=node143.di.rm1&noUDP&sock=startd_2061_40c7>
...
001 (274148.000.000) 2025-01-23 11:38:36 Job executing on host: MPI_job
...
008 (274148.000.000) 2025-01-23 11:38:38 Launching orted on Node 0 of 4
...
008 (274148.000.000) 2025-01-23 11:38:38 Launching orted on Node 2 of 4
...
008 (274148.000.000) 2025-01-23 11:38:38 Launching orted on Node 1 of 4
...
008 (274148.000.000) 2025-01-23 11:38:39 Launching orted on Node 3 of 4
...
008 (274148.000.000) 2025-01-23 11:38:42 orted exited on Node 0 of 4
...
008 (274148.000.000) 2025-01-23 11:38:42 orted exited on Node 1 of 4
...
008 (274148.000.000) 2025-01-23 11:38:42 orted exited on Node 2 of 4
...
008 (274148.000.000) 2025-01-23 11:38:42 orted exited on Node 3 of 4
...
015 (274148.000.000) 2025-01-23 11:38:42 Node 0 terminated.
	(1) Normal termination (return value 0)
		Usr 0 00:00:02, Sys 0 00:00:01  -  Run Remote Usage
		Usr 0 00:00:00, Sys 0 00:00:00  -  Run Local Usage
		Usr 0 00:00:02, Sys 0 00:00:01  -  Total Remote Usage
		Usr 0 00:00:00, Sys 0 00:00:00  -  Total Local Usage
	3262  -  Run Bytes Sent By Node
	33639  -  Run Bytes Received By Node
	3262  -  Total Bytes Sent By Node
	33639  -  Total Bytes Received By Node
...
005 (274148.000.000) 2025-01-23 11:38:42 Job terminated.
	(1) Normal termination (return value 0)
		Usr 0 00:00:07, Sys 0 00:00:01  -  Run Remote Usage
		Usr 0 00:00:00, Sys 0 00:00:00  -  Run Local Usage
		Usr 0 00:00:02, Sys 0 00:00:01  -  Total Remote Usage
		Usr 0 00:00:00, Sys 0 00:00:00  -  Total Local Usage
	3262  -  Run Bytes Sent By Job
	134556  -  Run Bytes Received By Job
	3262  -  Total Bytes Sent By Job
	134556  -  Total Bytes Received By Job
	Partitionable Resources :    Usage  Request Allocated 
	   Cpus                 :                 1         2 
	   Disk (KB)            :       49       35 103028807 
	   Memory (MB)          :        0        0    100096 

	Job terminated of its own accord at 2025-01-23T11:38:42Z with exit-code 0.
...
000 (278887.000.000) 2025-01-24 09:40:41 Job submitted from host: <192.168.0.102:9618?addrs=192.168.0.102-9618&alias=submitter&noUDP&sock=schedd_2032_5c88>
...
014 (278887.000.002) 2025-01-24 09:40:48 Node 2 executing on host: <192.168.0.147:9618?addrs=192.168.0.147-9618&alias=node147.di.rm1&noUDP&sock=startd_1513_5ee1>
...
014 (278887.000.003) 2025-01-24 09:40:48 Node 3 executing on host: <192.168.0.151:9618?addrs=192.168.0.151-9618&alias=node151.di.rm1&noUDP&sock=startd_1528_a8cd>
...
014 (278887.000.001) 2025-01-24 09:40:48 Node 1 executing on host: <192.168.0.108:9618?addrs=192.168.0.108-9618&alias=node108.di.rm1&noUDP&sock=startd_1979_0203>
...
014 (278887.000.000) 2025-01-24 09:40:49 Node 0 executing on host: <192.168.0.141:9618?addrs=192.168.0.141-9618&alias=node141.di.rm1&noUDP&sock=startd_2077_3a4b>
...
001 (278887.000.000) 2025-01-24 09:40:49 Job executing on host: MPI_job
...
008 (278887.000.000) 2025-01-24 09:40:51 Launching orted on Node 2 of 4
...
008 (278887.000.000) 2025-01-24 09:40:51 Launching orted on Node 3 of 4
...
008 (278887.000.000) 2025-01-24 09:40:52 Launching orted on Node 1 of 4
...
008 (278887.000.000) 2025-01-24 09:40:52 Launching orted on Node 0 of 4
...
008 (278887.000.000) 2025-01-24 09:40:54 orted exited on Node 1 of 4
...
008 (278887.000.000) 2025-01-24 09:40:54 orted exited on Node 2 of 4
...
008 (278887.000.000) 2025-01-24 09:40:54 orted exited on Node 3 of 4
...
008 (278887.000.000) 2025-01-24 09:40:54 orted exited on Node 0 of 4
...
015 (278887.000.002) 2025-01-24 09:40:54 Node 2 terminated.
	(1) Normal termination (return value 0)
		Usr 0 00:00:03, Sys 0 00:00:00  -  Run Remote Usage
		Usr 0 00:00:00, Sys 0 00:00:00  -  Run Local Usage
		Usr 0 00:00:03, Sys 0 00:00:00  -  Total Remote Usage
		Usr 0 00:00:00, Sys 0 00:00:00  -  Total Local Usage
	2165  -  Run Bytes Sent By Node
	33639  -  Run Bytes Received By Node
	2165  -  Total Bytes Sent By Node
	33639  -  Total Bytes Received By Node
...
015 (278887.000.003) 2025-01-24 09:40:54 Node 3 terminated.
	(1) Normal termination (return value 0)
		Usr 0 00:00:03, Sys 0 00:00:01  -  Run Remote Usage
		Usr 0 00:00:00, Sys 0 00:00:00  -  Run Local Usage
		Usr 0 00:00:03, Sys 0 00:00:01  -  Total Remote Usage
		Usr 0 00:00:00, Sys 0 00:00:00  -  Total Local Usage
	2165  -  Run Bytes Sent By Node
	33639  -  Run Bytes Received By Node
	2165  -  Total Bytes Sent By Node
	33639  -  Total Bytes Received By Node
...
015 (278887.000.001) 2025-01-24 09:40:54 Node 1 terminated.
	(1) Normal termination (return value 0)
		Usr 0 00:00:02, Sys 0 00:00:00  -  Run Remote Usage
		Usr 0 00:00:00, Sys 0 00:00:00  -  Run Local Usage
		Usr 0 00:00:02, Sys 0 00:00:00  -  Total Remote Usage
		Usr 0 00:00:00, Sys 0 00:00:00  -  Total Local Usage
	2165  -  Run Bytes Sent By Node
	33639  -  Run Bytes Received By Node
	2165  -  Total Bytes Sent By Node
	33639  -  Total Bytes Received By Node
...
015 (278887.000.000) 2025-01-24 09:40:55 Node 0 terminated.
	(1) Normal termination (return value 0)
		Usr 0 00:00:00, Sys 0 00:00:00  -  Run Remote Usage
		Usr 0 00:00:00, Sys 0 00:00:00  -  Run Local Usage
		Usr 0 00:00:00, Sys 0 00:00:00  -  Total Remote Usage
		Usr 0 00:00:00, Sys 0 00:00:00  -  Total Local Usage
	3262  -  Run Bytes Sent By Node
	33639  -  Run Bytes Received By Node
	3262  -  Total Bytes Sent By Node
	33639  -  Total Bytes Received By Node
...
005 (278887.000.000) 2025-01-24 09:40:55 Job terminated.
	(1) Normal termination (return value 0)
		Usr 0 00:00:08, Sys 0 00:00:01  -  Run Remote Usage
		Usr 0 00:00:00, Sys 0 00:00:00  -  Run Local Usage
		Usr 0 00:00:00, Sys 0 00:00:00  -  Total Remote Usage
		Usr 0 00:00:00, Sys 0 00:00:00  -  Total Local Usage
	9757  -  Run Bytes Sent By Job
	134556  -  Run Bytes Received By Job
	9757  -  Total Bytes Sent By Job
	134556  -  Total Bytes Received By Job
	Partitionable Resources :    Usage  Request Allocated 
	   Cpus                 :                 1         1 
	   Disk (KB)            :       49       35    459831 
	   Memory (MB)          :        0        1     20480 

	Job terminated of its own accord at 2025-01-24T09:40:54Z with exit-code 0.
...
000 (287183.000.000) 2025-01-28 16:36:17 Job submitted from host: <192.168.0.102:9618?addrs=192.168.0.102-9618&alias=submitter&noUDP&sock=schedd_2032_5c88>
...
014 (287183.000.000) 2025-01-28 16:36:24 Node 0 executing on host: <192.168.0.151:9618?addrs=192.168.0.151-9618&alias=node151.di.rm1&noUDP&sock=startd_1528_a8cd>
...
014 (287183.000.001) 2025-01-28 16:36:24 Node 1 executing on host: <192.168.0.122:9618?addrs=192.168.0.122-9618&alias=node122.di.rm1&noUDP&sock=startd_2134_5331>
...
014 (287183.000.002) 2025-01-28 16:36:24 Node 2 executing on host: <192.168.0.137:9618?addrs=192.168.0.137-9618&alias=node137.di.rm1&noUDP&sock=startd_1934_2440>
...
014 (287183.000.003) 2025-01-28 16:36:24 Node 3 executing on host: <192.168.0.141:9618?addrs=192.168.0.141-9618&alias=node141.di.rm1&noUDP&sock=startd_2077_3a4b>
...
001 (287183.000.000) 2025-01-28 16:36:24 Job executing on host: MPI_job
...
008 (287183.000.000) 2025-01-28 16:36:27 Launching orted on Node 1 of 4
...
008 (287183.000.000) 2025-01-28 16:36:27 Launching orted on Node 0 of 4
...
008 (287183.000.000) 2025-01-28 16:36:27 Launching orted on Node 2 of 4
...
008 (287183.000.000) 2025-01-28 16:36:27 Launching orted on Node 3 of 4
...
008 (287183.000.000) 2025-01-28 16:36:29 orted exited on Node 0 of 4
...
008 (287183.000.000) 2025-01-28 16:36:29 orted exited on Node 2 of 4
...
008 (287183.000.000) 2025-01-28 16:36:29 orted exited on Node 1 of 4
...
008 (287183.000.000) 2025-01-28 16:36:29 orted exited on Node 3 of 4
...
015 (287183.000.002) 2025-01-28 16:36:29 Node 2 terminated.
	(1) Normal termination (return value 0)
		Usr 0 00:00:02, Sys 0 00:00:00  -  Run Remote Usage
		Usr 0 00:00:00, Sys 0 00:00:00  -  Run Local Usage
		Usr 0 00:00:02, Sys 0 00:00:00  -  Total Remote Usage
		Usr 0 00:00:00, Sys 0 00:00:00  -  Total Local Usage
	2165  -  Run Bytes Sent By Node
	33591  -  Run Bytes Received By Node
	2165  -  Total Bytes Sent By Node
	33591  -  Total Bytes Received By Node
...
015 (287183.000.001) 2025-01-28 16:36:29 Node 1 terminated.
	(1) Normal termination (return value 0)
		Usr 0 00:00:02, Sys 0 00:00:00  -  Run Remote Usage
		Usr 0 00:00:00, Sys 0 00:00:00  -  Run Local Usage
		Usr 0 00:00:02, Sys 0 00:00:00  -  Total Remote Usage
		Usr 0 00:00:00, Sys 0 00:00:00  -  Total Local Usage
	2187  -  Run Bytes Sent By Node
	33591  -  Run Bytes Received By Node
	2187  -  Total Bytes Sent By Node
	33591  -  Total Bytes Received By Node
...
015 (287183.000.000) 2025-01-28 16:36:29 Node 0 terminated.
	(1) Normal termination (return value 0)
		Usr 0 00:00:00, Sys 0 00:00:00  -  Run Remote Usage
		Usr 0 00:00:00, Sys 0 00:00:00  -  Run Local Usage
		Usr 0 00:00:00, Sys 0 00:00:00  -  Total Remote Usage
		Usr 0 00:00:00, Sys 0 00:00:00  -  Total Local Usage
	3262  -  Run Bytes Sent By Node
	33591  -  Run Bytes Received By Node
	3262  -  Total Bytes Sent By Node
	33591  -  Total Bytes Received By Node
...
005 (287183.000.000) 2025-01-28 16:36:29 Job terminated.
	(1) Normal termination (return value 0)
		Usr 0 00:00:06, Sys 0 00:00:00  -  Run Remote Usage
		Usr 0 00:00:00, Sys 0 00:00:00  -  Run Local Usage
		Usr 0 00:00:00, Sys 0 00:00:00  -  Total Remote Usage
		Usr 0 00:00:00, Sys 0 00:00:00  -  Total Local Usage
	7614  -  Run Bytes Sent By Job
	134364  -  Run Bytes Received By Job
	7614  -  Total Bytes Sent By Job
	134364  -  Total Bytes Received By Job
	Partitionable Resources :    Usage  Request Allocated 
	   Cpus                 :                 1         1 
	   Disk (KB)            :       50       35 105403600 
	   Memory (MB)          :        1        0    102400 

	Job terminated of its own accord at 2025-01-28T16:36:29Z with exit-code 0.
...
