000 (263347.000.000) 2025-01-17 11:20:48 Job submitted from host: <192.168.0.102:9618?addrs=192.168.0.102-9618&alias=submitter&noUDP&sock=schedd_2032_5c88>
...
001 (263347.000.000) 2025-01-17 11:20:51 Job executing on host: <192.168.0.137:9618?addrs=192.168.0.137-9618&alias=node137.di.rm1&noUDP&sock=startd_1934_2440>
...
006 (263347.000.000) 2025-01-17 11:21:00 Image size of job updated: 388284
	379  -  MemoryUsage of job (MB)
	387360  -  ResidentSetSize of job (KB)
...
006 (263347.000.000) 2025-01-17 11:21:46 Image size of job updated: 2089188
	379  -  MemoryUsage of job (MB)
	387492  -  ResidentSetSize of job (KB)
...
005 (263347.000.000) 2025-01-17 11:21:46 Job terminated.
	(1) Normal termination (return value 0)
		Usr 0 00:00:52, Sys 0 00:00:02  -  Run Remote Usage
		Usr 0 00:00:00, Sys 0 00:00:00  -  Run Local Usage
		Usr 0 00:00:52, Sys 0 00:00:02  -  Total Remote Usage
		Usr 0 00:00:00, Sys 0 00:00:00  -  Total Local Usage
	0  -  Run Bytes Sent By Job
	0  -  Run Bytes Received By Job
	0  -  Total Bytes Sent By Job
	0  -  Total Bytes Received By Job
	Partitionable Resources :    Usage  Request Allocated 
	   Cpus                 :                 1         1 
	   Disk (KB)            :       27       27    391050 
	   Memory (MB)          :      379        1       128 

	Job terminated of its own accord at 2025-01-17T11:21:46Z with exit-code 0.
...
