000 (265255.000.000) 2025-01-17 11:21:49 Job submitted from host: <192.168.0.102:9618?addrs=192.168.0.102-9618&alias=submitter&noUDP&sock=schedd_2032_5c88>
...
001 (265255.000.000) 2025-01-17 11:21:54 Job executing on host: <192.168.0.145:9618?addrs=192.168.0.145-9618&alias=node145.di.rm1&noUDP&sock=startd_1869_8e98>
...
006 (265255.000.000) 2025-01-17 11:22:03 Image size of job updated: 306240
	300  -  MemoryUsage of job (MB)
	306240  -  ResidentSetSize of job (KB)
...
006 (265255.000.000) 2025-01-17 11:27:04 Image size of job updated: 8576008
	8332  -  MemoryUsage of job (MB)
	8531556  -  ResidentSetSize of job (KB)
...
004 (265255.000.000) 2025-01-17 11:33:16 Job was evicted.
	(0) CPU times
		Usr 0 00:27:21, Sys 0 00:00:06  -  Run Remote Usage
		Usr 0 00:00:00, Sys 0 00:00:00  -  Run Local Usage
	0  -  Run Bytes Sent By Job
	0  -  Run Bytes Received By Job
	Partitionable Resources :    Usage  Request Allocated 
	   Cpus                 :     2.93        1         1 
	   Disk (KB)            :    27          27    462663 
	   Memory (MB)          :  8332           1       128 
...
009 (265255.000.000) 2025-01-17 11:33:16 Job was aborted.
	via condor_rm (by user calzona_2046920)
...
