000 (273357.000.000) 2025-01-23 10:55:50 Job submitted from host: <192.168.0.102:9618?addrs=192.168.0.102-9618&alias=submitter&noUDP&sock=schedd_2032_5c88>
...
014 (273357.000.000) 2025-01-23 10:55:53 Node 0 executing on host: <192.168.0.116:9618?addrs=192.168.0.116-9618&alias=node116.di.rm1&noUDP&sock=startd_1847_7783>
...
014 (273357.000.001) 2025-01-23 10:55:53 Node 1 executing on host: <192.168.0.111:9618?addrs=192.168.0.111-9618&alias=node111.di.rm1&noUDP&sock=startd_2044_97ab>
...
001 (273357.000.000) 2025-01-23 10:55:53 Job executing on host: MPI_job
...
008 (273357.000.000) 2025-01-23 10:55:55 Launching orted on Node 0 of 2
...
008 (273357.000.000) 2025-01-23 10:55:56 Launching orted on Node 1 of 2
...
008 (273357.000.000) 2025-01-23 10:56:05 orted exited on Node 0 of 2
...
008 (273357.000.000) 2025-01-23 10:56:05 orted exited on Node 1 of 2
...
015 (273357.000.000) 2025-01-23 10:56:05 Node 0 terminated.
	(1) Normal termination (return value 0)
		Usr 0 00:00:06, Sys 0 00:00:01  -  Run Remote Usage
		Usr 0 00:00:00, Sys 0 00:00:00  -  Run Local Usage
		Usr 0 00:00:06, Sys 0 00:00:01  -  Total Remote Usage
		Usr 0 00:00:00, Sys 0 00:00:00  -  Total Local Usage
	3621  -  Run Bytes Sent By Node
	33639  -  Run Bytes Received By Node
	3621  -  Total Bytes Sent By Node
	33639  -  Total Bytes Received By Node
...
005 (273357.000.000) 2025-01-23 10:56:05 Job terminated.
	(1) Normal termination (return value 0)
		Usr 0 00:00:15, Sys 0 00:00:01  -  Run Remote Usage
		Usr 0 00:00:00, Sys 0 00:00:00  -  Run Local Usage
		Usr 0 00:00:01, Sys 0 00:00:01  -  Total Remote Usage
		Usr 0 00:00:00, Sys 0 00:00:00  -  Total Local Usage
	3621  -  Run Bytes Sent By Job
	67278  -  Run Bytes Received By Job
	3621  -  Total Bytes Sent By Job
	67278  -  Total Bytes Received By Job
	Partitionable Resources :    Usage  Request Allocated 
	   Cpus                 :     0.01        1         2 
	   Disk (KB)            :    55          35 102978738 
	   Memory (MB)          :   271          78    100096 

	Job terminated of its own accord at 2025-01-23T10:56:05Z with exit-code 0.
...
000 (278131.000.000) 2025-01-24 07:44:06 Job submitted from host: <192.168.0.102:9618?addrs=192.168.0.102-9618&alias=submitter&noUDP&sock=schedd_2032_5c88>
...
014 (278131.000.001) 2025-01-24 07:44:13 Node 1 executing on host: <192.168.0.147:9618?addrs=192.168.0.147-9618&alias=node147.di.rm1&noUDP&sock=startd_1513_5ee1>
...
014 (278131.000.000) 2025-01-24 07:44:14 Node 0 executing on host: <192.168.0.141:9618?addrs=192.168.0.141-9618&alias=node141.di.rm1&noUDP&sock=startd_2077_3a4b>
...
001 (278131.000.000) 2025-01-24 07:44:14 Job executing on host: MPI_job
...
008 (278131.000.000) 2025-01-24 07:44:16 Launching orted on Node 1 of 2
...
008 (278131.000.000) 2025-01-24 07:44:16 Launching orted on Node 0 of 2
...
008 (278131.000.000) 2025-01-24 07:44:26 orted exited on Node 1 of 2
...
008 (278131.000.000) 2025-01-24 07:44:26 orted exited on Node 0 of 2
...
015 (278131.000.000) 2025-01-24 07:44:26 Node 0 terminated.
	(1) Normal termination (return value 0)
		Usr 0 00:00:06, Sys 0 00:00:01  -  Run Remote Usage
		Usr 0 00:00:00, Sys 0 00:00:00  -  Run Local Usage
		Usr 0 00:00:06, Sys 0 00:00:01  -  Total Remote Usage
		Usr 0 00:00:00, Sys 0 00:00:00  -  Total Local Usage
	3257  -  Run Bytes Sent By Node
	33639  -  Run Bytes Received By Node
	3257  -  Total Bytes Sent By Node
	33639  -  Total Bytes Received By Node
...
005 (278131.000.000) 2025-01-24 07:44:26 Job terminated.
	(1) Normal termination (return value 0)
		Usr 0 00:00:15, Sys 0 00:00:01  -  Run Remote Usage
		Usr 0 00:00:00, Sys 0 00:00:00  -  Run Local Usage
		Usr 0 00:00:01, Sys 0 00:00:01  -  Total Remote Usage
		Usr 0 00:00:00, Sys 0 00:00:00  -  Total Local Usage
	5422  -  Run Bytes Sent By Job
	67278  -  Run Bytes Received By Job
	5422  -  Total Bytes Sent By Job
	67278  -  Total Bytes Received By Job
	Partitionable Resources :    Usage  Request Allocated 
	   Cpus                 :                 1         2 
	   Disk (KB)            :       49       35 103002119 
	   Memory (MB)          :      272        0    100096 

	Job terminated of its own accord at 2025-01-24T07:44:26Z with exit-code 0.
...
000 (286261.000.000) 2025-01-28 14:58:33 Job submitted from host: <192.168.0.102:9618?addrs=192.168.0.102-9618&alias=submitter&noUDP&sock=schedd_2032_5c88>
...
014 (286261.000.000) 2025-01-28 14:58:40 Node 0 executing on host: <192.168.0.133:9618?addrs=192.168.0.133-9618&alias=node133.di.rm1&noUDP&sock=startd_1941_f16a>
...
014 (286261.000.001) 2025-01-28 14:58:40 Node 1 executing on host: <192.168.0.113:9618?addrs=192.168.0.113-9618&alias=node113.di.rm1&noUDP&sock=startd_3668932_c305>
...
001 (286261.000.000) 2025-01-28 14:58:40 Job executing on host: MPI_job
...
008 (286261.000.000) 2025-01-28 14:58:42 Launching orted on Node 0 of 2
...
008 (286261.000.000) 2025-01-28 14:58:43 Launching orted on Node 1 of 2
...
008 (286261.000.000) 2025-01-28 14:58:52 orted exited on Node 0 of 2
...
008 (286261.000.000) 2025-01-28 14:58:52 orted exited on Node 1 of 2
...
015 (286261.000.000) 2025-01-28 14:58:53 Node 0 terminated.
	(1) Normal termination (return value 0)
		Usr 0 00:00:06, Sys 0 00:00:00  -  Run Remote Usage
		Usr 0 00:00:00, Sys 0 00:00:00  -  Run Local Usage
		Usr 0 00:00:06, Sys 0 00:00:00  -  Total Remote Usage
		Usr 0 00:00:00, Sys 0 00:00:00  -  Total Local Usage
	3254  -  Run Bytes Sent By Node
	33591  -  Run Bytes Received By Node
	3254  -  Total Bytes Sent By Node
	33591  -  Total Bytes Received By Node
...
005 (286261.000.000) 2025-01-28 14:58:53 Job terminated.
	(1) Normal termination (return value 0)
		Usr 0 00:00:15, Sys 0 00:00:00  -  Run Remote Usage
		Usr 0 00:00:00, Sys 0 00:00:00  -  Run Local Usage
		Usr 0 00:00:02, Sys 0 00:00:00  -  Total Remote Usage
		Usr 0 00:00:00, Sys 0 00:00:00  -  Total Local Usage
	3254  -  Run Bytes Sent By Job
	67182  -  Run Bytes Received By Job
	3254  -  Total Bytes Sent By Job
	67182  -  Total Bytes Received By Job
	Partitionable Resources :    Usage  Request Allocated 
	   Cpus                 :                 1         2 
	   Disk (KB)            :       50       35 102738992 
	   Memory (MB)          :      272        1    100096 

	Job terminated of its own accord at 2025-01-28T14:58:52Z with exit-code 0.
...
