000 (269436.000.000) 2025-01-21 22:39:03 Job submitted from host: <192.168.0.102:9618?addrs=192.168.0.102-9618&alias=submitter&noUDP&sock=schedd_2032_5c88>
...
001 (269436.000.000) 2025-01-21 22:39:22 Job executing on host: <192.168.0.104:9618?addrs=192.168.0.104-9618&alias=node104.di.rm1&noUDP&sock=startd_1987_7ec5>
...
006 (269436.000.000) 2025-01-21 22:39:31 Image size of job updated: 448720
	434  -  MemoryUsage of job (MB)
	444116  -  ResidentSetSize of job (KB)
...
006 (269436.000.000) 2025-01-21 22:40:04 Image size of job updated: 1969096
	435  -  MemoryUsage of job (MB)
	444644  -  ResidentSetSize of job (KB)
...
004 (269436.000.000) 2025-01-21 22:40:04 Job was evicted.
	(0) CPU times
		Usr 0 00:00:41, Sys 0 00:00:01  -  Run Remote Usage
		Usr 0 00:00:00, Sys 0 00:00:00  -  Run Local Usage
	0  -  Run Bytes Sent By Job
	0  -  Run Bytes Received By Job
	Partitionable Resources :    Usage  Request Allocated 
	   Cpus                 :                 1         1 
	   Disk (KB)            :       27       27    465124 
	   Memory (MB)          :      435        1       128 
...
009 (269436.000.000) 2025-01-21 22:40:04 Job was aborted.
	via condor_rm (by user calzona_2046920)
...
