000 (262638.000.000) 2025-01-17 11:14:17 Job submitted from host: <192.168.0.102:9618?addrs=192.168.0.102-9618&alias=submitter&noUDP&sock=schedd_2032_5c88>
...
001 (262638.000.000) 2025-01-17 11:14:33 Job executing on host: <192.168.0.116:9618?addrs=192.168.0.116-9618&alias=node116.di.rm1&noUDP&sock=startd_1847_7783>
...
006 (262638.000.000) 2025-01-17 11:14:42 Image size of job updated: 792372
	760  -  MemoryUsage of job (MB)
	778008  -  ResidentSetSize of job (KB)
...
006 (262638.000.000) 2025-01-17 11:19:43 Image size of job updated: 8472472
	8270  -  MemoryUsage of job (MB)
	8468420  -  ResidentSetSize of job (KB)
...
004 (262638.000.000) 2025-01-17 11:20:12 Job was evicted.
	(0) CPU times
		Usr 0 00:05:34, Sys 0 00:00:04  -  Run Remote Usage
		Usr 0 00:00:00, Sys 0 00:00:00  -  Run Local Usage
	0  -  Run Bytes Sent By Job
	0  -  Run Bytes Received By Job
	Partitionable Resources :    Usage  Request Allocated 
	   Cpus                 :     1.00        1         1 
	   Disk (KB)            :    27          27    474557 
	   Memory (MB)          :  8270           1       128 
...
009 (262638.000.000) 2025-01-17 11:20:12 Job was aborted.
	via condor_rm (by user calzona_2046920)
...
