000 (273499.000.000) 2025-01-23 11:04:06 Job submitted from host: <192.168.0.102:9618?addrs=192.168.0.102-9618&alias=submitter&noUDP&sock=schedd_2032_5c88>
...
014 (273499.000.000) 2025-01-23 11:04:14 Node 0 executing on host: <192.168.0.120:9618?addrs=192.168.0.120-9618&alias=node120.di.rm1&noUDP&sock=startd_2096_4298>
...
014 (273499.000.001) 2025-01-23 11:04:14 Node 1 executing on host: <192.168.0.143:9618?addrs=192.168.0.143-9618&alias=node143.di.rm1&noUDP&sock=startd_2061_40c7>
...
001 (273499.000.000) 2025-01-23 11:04:14 Job executing on host: MPI_job
...
008 (273499.000.000) 2025-01-23 11:04:17 Launching orted on Node 0 of 2
...
008 (273499.000.000) 2025-01-23 11:04:17 Launching orted on Node 1 of 2
...
008 (273499.000.000) 2025-01-23 11:04:23 orted exited on Node 1 of 2
...
008 (273499.000.000) 2025-01-23 11:04:23 orted exited on Node 0 of 2
...
015 (273499.000.000) 2025-01-23 11:04:24 Node 0 terminated.
	(1) Normal termination (return value 0)
		Usr 0 00:00:06, Sys 0 00:00:01  -  Run Remote Usage
		Usr 0 00:00:00, Sys 0 00:00:00  -  Run Local Usage
		Usr 0 00:00:06, Sys 0 00:00:01  -  Total Remote Usage
		Usr 0 00:00:00, Sys 0 00:00:00  -  Total Local Usage
	3297  -  Run Bytes Sent By Node
	33639  -  Run Bytes Received By Node
	3297  -  Total Bytes Sent By Node
	33639  -  Total Bytes Received By Node
...
005 (273499.000.000) 2025-01-23 11:04:24 Job terminated.
	(1) Normal termination (return value 0)
		Usr 0 00:00:10, Sys 0 00:00:02  -  Run Remote Usage
		Usr 0 00:00:00, Sys 0 00:00:00  -  Run Local Usage
		Usr 0 00:00:06, Sys 0 00:00:01  -  Total Remote Usage
		Usr 0 00:00:00, Sys 0 00:00:00  -  Total Local Usage
	3297  -  Run Bytes Sent By Job
	67278  -  Run Bytes Received By Job
	3297  -  Total Bytes Sent By Job
	67278  -  Total Bytes Received By Job
	Partitionable Resources :    Usage  Request Allocated 
	   Cpus                 :                 1         1 
	   Disk (KB)            :       50       35  21575424 
	   GPUs                 :                           1 
	   Memory (MB)          :       22        0     20480 

	Job terminated of its own accord at 2025-01-23T11:04:23Z with exit-code 0.
...
000 (278261.000.000) 2025-01-24 08:15:06 Job submitted from host: <192.168.0.102:9618?addrs=192.168.0.102-9618&alias=submitter&noUDP&sock=schedd_2032_5c88>
...
014 (278261.000.000) 2025-01-24 08:15:13 Node 0 executing on host: <192.168.0.147:9618?addrs=192.168.0.147-9618&alias=node147.di.rm1&noUDP&sock=startd_1513_5ee1>
...
014 (278261.000.001) 2025-01-24 08:15:13 Node 1 executing on host: <192.168.0.148:9618?addrs=192.168.0.148-9618&alias=node148.di.rm1&noUDP&sock=startd_1547_b119>
...
001 (278261.000.000) 2025-01-24 08:15:13 Job executing on host: MPI_job
...
008 (278261.000.000) 2025-01-24 08:15:16 Launching orted on Node 1 of 2
...
008 (278261.000.000) 2025-01-24 08:15:16 Launching orted on Node 0 of 2
...
008 (278261.000.000) 2025-01-24 08:15:20 orted exited on Node 0 of 2
...
008 (278261.000.000) 2025-01-24 08:15:20 orted exited on Node 1 of 2
...
015 (278261.000.000) 2025-01-24 08:15:21 Node 0 terminated.
	(1) Normal termination (return value 0)
		Usr 0 00:00:00, Sys 0 00:00:00  -  Run Remote Usage
		Usr 0 00:00:00, Sys 0 00:00:00  -  Run Local Usage
		Usr 0 00:00:00, Sys 0 00:00:00  -  Total Remote Usage
		Usr 0 00:00:00, Sys 0 00:00:00  -  Total Local Usage
	3253  -  Run Bytes Sent By Node
	33639  -  Run Bytes Received By Node
	3253  -  Total Bytes Sent By Node
	33639  -  Total Bytes Received By Node
...
005 (278261.000.000) 2025-01-24 08:15:21 Job terminated.
	(1) Normal termination (return value 0)
		Usr 0 00:00:04, Sys 0 00:00:00  -  Run Remote Usage
		Usr 0 00:00:00, Sys 0 00:00:00  -  Run Local Usage
		Usr 0 00:00:00, Sys 0 00:00:00  -  Total Remote Usage
		Usr 0 00:00:00, Sys 0 00:00:00  -  Total Local Usage
	3253  -  Run Bytes Sent By Job
	67278  -  Run Bytes Received By Job
	3253  -  Total Bytes Sent By Job
	67278  -  Total Bytes Received By Job
	Partitionable Resources :    Usage  Request Allocated 
	   Cpus                 :                 1         1 
	   Disk (KB)            :       49       35    469805 
	   Memory (MB)          :        1        0     40960 

	Job terminated of its own accord at 2025-01-24T08:15:20Z with exit-code 0.
...
000 (286414.000.000) 2025-01-28 15:19:49 Job submitted from host: <192.168.0.102:9618?addrs=192.168.0.102-9618&alias=submitter&noUDP&sock=schedd_2032_5c88>
...
014 (286414.000.000) 2025-01-28 15:19:56 Node 0 executing on host: <192.168.0.109:9618?addrs=192.168.0.109-9618&alias=node109.di.rm1&noUDP&sock=startd_1627_90ad>
...
014 (286414.000.001) 2025-01-28 15:19:56 Node 1 executing on host: <192.168.0.143:9618?addrs=192.168.0.143-9618&alias=node143.di.rm1&noUDP&sock=startd_2061_40c7>
...
001 (286414.000.000) 2025-01-28 15:19:56 Job executing on host: MPI_job
...
008 (286414.000.000) 2025-01-28 15:19:58 Launching orted on Node 0 of 2
...
008 (286414.000.000) 2025-01-28 15:19:58 Launching orted on Node 1 of 2
...
008 (286414.000.000) 2025-01-28 15:20:03 orted exited on Node 0 of 2
...
008 (286414.000.000) 2025-01-28 15:20:03 orted exited on Node 1 of 2
...
015 (286414.000.000) 2025-01-28 15:20:03 Node 0 terminated.
	(1) Normal termination (return value 0)
		Usr 0 00:00:04, Sys 0 00:00:00  -  Run Remote Usage
		Usr 0 00:00:00, Sys 0 00:00:00  -  Run Local Usage
		Usr 0 00:00:04, Sys 0 00:00:00  -  Total Remote Usage
		Usr 0 00:00:00, Sys 0 00:00:00  -  Total Local Usage
	3256  -  Run Bytes Sent By Node
	33591  -  Run Bytes Received By Node
	3256  -  Total Bytes Sent By Node
	33591  -  Total Bytes Received By Node
...
005 (286414.000.000) 2025-01-28 15:20:03 Job terminated.
	(1) Normal termination (return value 0)
		Usr 0 00:00:08, Sys 0 00:00:00  -  Run Remote Usage
		Usr 0 00:00:00, Sys 0 00:00:00  -  Run Local Usage
		Usr 0 00:00:04, Sys 0 00:00:00  -  Total Remote Usage
		Usr 0 00:00:00, Sys 0 00:00:00  -  Total Local Usage
	3256  -  Run Bytes Sent By Job
	67182  -  Run Bytes Received By Job
	3256  -  Total Bytes Sent By Job
	67182  -  Total Bytes Received By Job
	Partitionable Resources :    Usage  Request Allocated 
	   Cpus                 :                 1         2 
	   Disk (KB)            :       50       35 102995032 
	   Memory (MB)          :        4        4    100096 

	Job terminated of its own accord at 2025-01-28T15:20:03Z with exit-code 0.
...
