000 (274118.000.000) 2025-01-23 11:37:11 Job submitted from host: <192.168.0.102:9618?addrs=192.168.0.102-9618&alias=submitter&noUDP&sock=schedd_2032_5c88>
...
014 (274118.000.002) 2025-01-23 11:37:18 Node 2 executing on host: <192.168.0.113:9618?addrs=192.168.0.113-9618&alias=node113.di.rm1&noUDP&sock=startd_3668932_c305>
...
014 (274118.000.000) 2025-01-23 11:37:18 Node 0 executing on host: <192.168.0.132:9618?addrs=192.168.0.132-9618&alias=node132.di.rm1&noUDP&sock=startd_1999_b9e8>
...
014 (274118.000.001) 2025-01-23 11:37:18 Node 1 executing on host: <192.168.0.108:9618?addrs=192.168.0.108-9618&alias=node108.di.rm1&noUDP&sock=startd_1979_0203>
...
014 (274118.000.003) 2025-01-23 11:37:18 Node 3 executing on host: <192.168.0.148:9618?addrs=192.168.0.148-9618&alias=node148.di.rm1&noUDP&sock=startd_1547_b119>
...
001 (274118.000.000) 2025-01-23 11:37:18 Job executing on host: MPI_job
...
008 (274118.000.000) 2025-01-23 11:37:20 Launching orted on Node 2 of 4
...
008 (274118.000.000) 2025-01-23 11:37:20 Launching orted on Node 0 of 4
...
008 (274118.000.000) 2025-01-23 11:37:20 Launching orted on Node 1 of 4
...
008 (274118.000.000) 2025-01-23 11:37:20 Launching orted on Node 3 of 4
...
008 (274118.000.000) 2025-01-23 11:37:28 orted exited on Node 1 of 4
...
008 (274118.000.000) 2025-01-23 11:37:28 orted exited on Node 2 of 4
...
008 (274118.000.000) 2025-01-23 11:37:28 orted exited on Node 0 of 4
...
008 (274118.000.000) 2025-01-23 11:37:28 orted exited on Node 3 of 4
...
015 (274118.000.000) 2025-01-23 11:37:28 Node 0 terminated.
	(1) Normal termination (return value 0)
		Usr 0 00:00:00, Sys 0 00:00:00  -  Run Remote Usage
		Usr 0 00:00:00, Sys 0 00:00:00  -  Run Local Usage
		Usr 0 00:00:00, Sys 0 00:00:00  -  Total Remote Usage
		Usr 0 00:00:00, Sys 0 00:00:00  -  Total Local Usage
	3262  -  Run Bytes Sent By Node
	33639  -  Run Bytes Received By Node
	3262  -  Total Bytes Sent By Node
	33639  -  Total Bytes Received By Node
...
005 (274118.000.000) 2025-01-23 11:37:28 Job terminated.
	(1) Normal termination (return value 0)
		Usr 0 00:00:21, Sys 0 00:00:01  -  Run Remote Usage
		Usr 0 00:00:00, Sys 0 00:00:00  -  Run Local Usage
		Usr 0 00:00:00, Sys 0 00:00:00  -  Total Remote Usage
		Usr 0 00:00:00, Sys 0 00:00:00  -  Total Local Usage
	3262  -  Run Bytes Sent By Job
	134556  -  Run Bytes Received By Job
	3262  -  Total Bytes Sent By Job
	134556  -  Total Bytes Received By Job
	Partitionable Resources :    Usage  Request Allocated 
	   Cpus                 :                 1         2 
	   Disk (KB)            :       49       35 103028807 
	   Memory (MB)          :      288     1463    100096 

	Job terminated of its own accord at 2025-01-23T11:37:28Z with exit-code 0.
...
000 (278857.000.000) 2025-01-24 09:39:28 Job submitted from host: <192.168.0.102:9618?addrs=192.168.0.102-9618&alias=submitter&noUDP&sock=schedd_2032_5c88>
...
014 (278857.000.001) 2025-01-24 09:39:35 Node 1 executing on host: <192.168.0.147:9618?addrs=192.168.0.147-9618&alias=node147.di.rm1&noUDP&sock=startd_1513_5ee1>
...
014 (278857.000.002) 2025-01-24 09:39:35 Node 2 executing on host: <192.168.0.133:9618?addrs=192.168.0.133-9618&alias=node133.di.rm1&noUDP&sock=startd_1941_f16a>
...
014 (278857.000.003) 2025-01-24 09:39:36 Node 3 executing on host: <192.168.0.135:9618?addrs=192.168.0.135-9618&alias=node135.di.rm1&noUDP&sock=startd_2000_6980>
...
014 (278857.000.000) 2025-01-24 09:39:36 Node 0 executing on host: <192.168.0.124:9618?addrs=192.168.0.124-9618&alias=node124.di.rm1&noUDP&sock=startd_2143_7f8b>
...
001 (278857.000.000) 2025-01-24 09:39:36 Job executing on host: MPI_job
...
008 (278857.000.000) 2025-01-24 09:39:38 Launching orted on Node 1 of 4
...
008 (278857.000.000) 2025-01-24 09:39:38 Launching orted on Node 2 of 4
...
008 (278857.000.000) 2025-01-24 09:39:38 Launching orted on Node 3 of 4
...
008 (278857.000.000) 2025-01-24 09:39:38 Launching orted on Node 0 of 4
...
008 (278857.000.000) 2025-01-24 09:39:46 orted exited on Node 3 of 4
...
008 (278857.000.000) 2025-01-24 09:39:46 orted exited on Node 0 of 4
...
008 (278857.000.000) 2025-01-24 09:39:46 orted exited on Node 1 of 4
...
008 (278857.000.000) 2025-01-24 09:39:46 orted exited on Node 2 of 4
...
015 (278857.000.001) 2025-01-24 09:39:46 Node 1 terminated.
	(1) Normal termination (return value 0)
		Usr 0 00:00:07, Sys 0 00:00:00  -  Run Remote Usage
		Usr 0 00:00:00, Sys 0 00:00:00  -  Run Local Usage
		Usr 0 00:00:07, Sys 0 00:00:00  -  Total Remote Usage
		Usr 0 00:00:00, Sys 0 00:00:00  -  Total Local Usage
	2165  -  Run Bytes Sent By Node
	33639  -  Run Bytes Received By Node
	2165  -  Total Bytes Sent By Node
	33639  -  Total Bytes Received By Node
...
015 (278857.000.002) 2025-01-24 09:39:46 Node 2 terminated.
	(1) Normal termination (return value 0)
		Usr 0 00:00:07, Sys 0 00:00:00  -  Run Remote Usage
		Usr 0 00:00:00, Sys 0 00:00:00  -  Run Local Usage
		Usr 0 00:00:07, Sys 0 00:00:00  -  Total Remote Usage
		Usr 0 00:00:00, Sys 0 00:00:00  -  Total Local Usage
	2165  -  Run Bytes Sent By Node
	33639  -  Run Bytes Received By Node
	2165  -  Total Bytes Sent By Node
	33639  -  Total Bytes Received By Node
...
015 (278857.000.000) 2025-01-24 09:39:46 Node 0 terminated.
	(1) Normal termination (return value 0)
		Usr 0 00:00:00, Sys 0 00:00:00  -  Run Remote Usage
		Usr 0 00:00:00, Sys 0 00:00:00  -  Run Local Usage
		Usr 0 00:00:00, Sys 0 00:00:00  -  Total Remote Usage
		Usr 0 00:00:00, Sys 0 00:00:00  -  Total Local Usage
	3772  -  Run Bytes Sent By Node
	33639  -  Run Bytes Received By Node
	3772  -  Total Bytes Sent By Node
	33639  -  Total Bytes Received By Node
...
005 (278857.000.000) 2025-01-24 09:39:46 Job terminated.
	(1) Normal termination (return value 0)
		Usr 0 00:00:21, Sys 0 00:00:00  -  Run Remote Usage
		Usr 0 00:00:00, Sys 0 00:00:00  -  Run Local Usage
		Usr 0 00:00:00, Sys 0 00:00:00  -  Total Remote Usage
		Usr 0 00:00:00, Sys 0 00:00:00  -  Total Local Usage
	8102  -  Run Bytes Sent By Job
	134556  -  Run Bytes Received By Job
	8102  -  Total Bytes Sent By Job
	134556  -  Total Bytes Received By Job
	Partitionable Resources :    Usage  Request Allocated 
	   Cpus                 :                 1         1 
	   Disk (KB)            :       50       35    499302 
	   GPUs                 :                           0 
	   Memory (MB)          :      280      313     20480 

	Job terminated of its own accord at 2025-01-24T09:39:46Z with exit-code 0.
...
