000 (281150.000.000) 2025-01-25 19:17:49 Job submitted from host: <192.168.0.102:9618?addrs=192.168.0.102-9618&alias=submitter&noUDP&sock=schedd_2032_5c88>
...
014 (281150.000.002) 2025-01-25 19:17:56 Node 2 executing on host: <192.168.0.114:9618?addrs=192.168.0.114-9618&alias=node114.di.rm1&noUDP&sock=startd_2075_db1b>
...
014 (281150.000.000) 2025-01-25 19:17:56 Node 0 executing on host: <192.168.0.145:9618?addrs=192.168.0.145-9618&alias=node145.di.rm1&noUDP&sock=startd_1869_8e98>
...
014 (281150.000.003) 2025-01-25 19:17:56 Node 3 executing on host: <192.168.0.130:9618?addrs=192.168.0.130-9618&alias=node130.di.rm1&noUDP&sock=startd_2751195_838e>
...
014 (281150.000.001) 2025-01-25 19:17:56 Node 1 executing on host: <192.168.0.110:9618?addrs=192.168.0.110-9618&alias=node110.di.rm1&noUDP&sock=startd_2185_4e86>
...
014 (281150.000.004) 2025-01-25 19:17:56 Node 4 executing on host: <192.168.0.142:9618?addrs=192.168.0.142-9618&alias=node142.di.rm1&noUDP&sock=startd_1996_ab1f>
...
014 (281150.000.005) 2025-01-25 19:17:56 Node 5 executing on host: <192.168.0.114:9618?addrs=192.168.0.114-9618&alias=node114.di.rm1&noUDP&sock=startd_2075_db1b>
...
014 (281150.000.007) 2025-01-25 19:17:56 Node 7 executing on host: <192.168.0.111:9618?addrs=192.168.0.111-9618&alias=node111.di.rm1&noUDP&sock=startd_2044_97ab>
...
014 (281150.000.006) 2025-01-25 19:17:56 Node 6 executing on host: <192.168.0.112:9618?addrs=192.168.0.112-9618&alias=node112.di.rm1&noUDP&sock=startd_2169_5502>
...
001 (281150.000.000) 2025-01-25 19:17:56 Job executing on host: MPI_job
...
008 (281150.000.000) 2025-01-25 19:17:58 Launching orted on Node 3 of 8
...
008 (281150.000.000) 2025-01-25 19:17:58 Launching orted on Node 0 of 8
...
008 (281150.000.000) 2025-01-25 19:17:58 Launching orted on Node 7 of 8
...
008 (281150.000.000) 2025-01-25 19:17:58 Launching orted on Node 1 of 8
...
008 (281150.000.000) 2025-01-25 19:17:58 Launching orted on Node 4 of 8
...
008 (281150.000.000) 2025-01-25 19:17:58 Launching orted on Node 2 of 8
...
008 (281150.000.000) 2025-01-25 19:17:58 Launching orted on Node 5 of 8
...
008 (281150.000.000) 2025-01-25 19:17:59 Launching orted on Node 6 of 8
...
008 (281150.000.000) 2025-01-25 19:17:59 orted exited on Node 7 of 8
...
008 (281150.000.000) 2025-01-25 19:17:59 orted exited on Node 3 of 8
...
008 (281150.000.000) 2025-01-25 19:17:59 orted exited on Node 5 of 8
...
008 (281150.000.000) 2025-01-25 19:17:59 orted exited on Node 0 of 8
...
008 (281150.000.000) 2025-01-25 19:17:59 orted exited on Node 1 of 8
...
008 (281150.000.000) 2025-01-25 19:17:59 orted exited on Node 2 of 8
...
008 (281150.000.000) 2025-01-25 19:17:59 orted exited on Node 4 of 8
...
008 (281150.000.000) 2025-01-25 19:17:59 orted exited on Node 6 of 8
...
015 (281150.000.003) 2025-01-25 19:17:59 Node 3 terminated.
	(1) Normal termination (return value 0)
		Usr 0 00:00:00, Sys 0 00:00:00  -  Run Remote Usage
		Usr 0 00:00:00, Sys 0 00:00:00  -  Run Local Usage
		Usr 0 00:00:00, Sys 0 00:00:00  -  Total Remote Usage
		Usr 0 00:00:00, Sys 0 00:00:00  -  Total Local Usage
	2165  -  Run Bytes Sent By Node
	33639  -  Run Bytes Received By Node
	2165  -  Total Bytes Sent By Node
	33639  -  Total Bytes Received By Node
...
015 (281150.000.007) 2025-01-25 19:17:59 Node 7 terminated.
	(1) Normal termination (return value 0)
		Usr 0 00:00:01, Sys 0 00:00:00  -  Run Remote Usage
		Usr 0 00:00:00, Sys 0 00:00:00  -  Run Local Usage
		Usr 0 00:00:01, Sys 0 00:00:00  -  Total Remote Usage
		Usr 0 00:00:00, Sys 0 00:00:00  -  Total Local Usage
	2187  -  Run Bytes Sent By Node
	33639  -  Run Bytes Received By Node
	2187  -  Total Bytes Sent By Node
	33639  -  Total Bytes Received By Node
...
015 (281150.000.000) 2025-01-25 19:17:59 Node 0 terminated.
	(1) Normal termination (return value 0)
		Usr 0 00:00:00, Sys 0 00:00:00  -  Run Remote Usage
		Usr 0 00:00:00, Sys 0 00:00:00  -  Run Local Usage
		Usr 0 00:00:00, Sys 0 00:00:00  -  Total Remote Usage
		Usr 0 00:00:00, Sys 0 00:00:00  -  Total Local Usage
	3829  -  Run Bytes Sent By Node
	33639  -  Run Bytes Received By Node
	3829  -  Total Bytes Sent By Node
	33639  -  Total Bytes Received By Node
...
005 (281150.000.000) 2025-01-25 19:17:59 Job terminated.
	(1) Normal termination (return value 0)
		Usr 0 00:00:01, Sys 0 00:00:01  -  Run Remote Usage
		Usr 0 00:00:00, Sys 0 00:00:00  -  Run Local Usage
		Usr 0 00:00:00, Sys 0 00:00:00  -  Total Remote Usage
		Usr 0 00:00:00, Sys 0 00:00:00  -  Total Local Usage
	8181  -  Run Bytes Sent By Job
	269112  -  Run Bytes Received By Job
	8181  -  Total Bytes Sent By Job
	269112  -  Total Bytes Received By Job
	Partitionable Resources :    Usage  Request Allocated 
	   Cpus                 :                 1         1 
	   Disk (KB)            :       50       35    462663 
	   Memory (MB)          :        0        1     40960 

	Job terminated of its own accord at 2025-01-25T19:17:59Z with exit-code 0.
...
000 (288357.000.000) 2025-01-28 19:43:51 Job submitted from host: <192.168.0.102:9618?addrs=192.168.0.102-9618&alias=submitter&noUDP&sock=schedd_2032_5c88>
...
014 (288357.000.002) 2025-01-28 19:43:59 Node 2 executing on host: <192.168.0.132:9618?addrs=192.168.0.132-9618&alias=node132.di.rm1&noUDP&sock=startd_1999_b9e8>
...
014 (288357.000.001) 2025-01-28 19:43:59 Node 1 executing on host: <192.168.0.137:9618?addrs=192.168.0.137-9618&alias=node137.di.rm1&noUDP&sock=startd_1934_2440>
...
014 (288357.000.003) 2025-01-28 19:43:59 Node 3 executing on host: <192.168.0.147:9618?addrs=192.168.0.147-9618&alias=node147.di.rm1&noUDP&sock=startd_1513_5ee1>
...
014 (288357.000.000) 2025-01-28 19:43:59 Node 0 executing on host: <192.168.0.122:9618?addrs=192.168.0.122-9618&alias=node122.di.rm1&noUDP&sock=startd_2134_5331>
...
014 (288357.000.006) 2025-01-28 19:43:59 Node 6 executing on host: <192.168.0.132:9618?addrs=192.168.0.132-9618&alias=node132.di.rm1&noUDP&sock=startd_1999_b9e8>
...
014 (288357.000.005) 2025-01-28 19:43:59 Node 5 executing on host: <192.168.0.122:9618?addrs=192.168.0.122-9618&alias=node122.di.rm1&noUDP&sock=startd_2134_5331>
...
014 (288357.000.004) 2025-01-28 19:43:59 Node 4 executing on host: <192.168.0.112:9618?addrs=192.168.0.112-9618&alias=node112.di.rm1&noUDP&sock=startd_2169_5502>
...
014 (288357.000.007) 2025-01-28 19:43:59 Node 7 executing on host: <192.168.0.108:9618?addrs=192.168.0.108-9618&alias=node108.di.rm1&noUDP&sock=startd_1979_0203>
...
001 (288357.000.000) 2025-01-28 19:43:59 Job executing on host: MPI_job
...
008 (288357.000.000) 2025-01-28 19:44:01 Launching orted on Node 2 of 8
...
008 (288357.000.000) 2025-01-28 19:44:01 Launching orted on Node 3 of 8
...
008 (288357.000.000) 2025-01-28 19:44:01 Launching orted on Node 1 of 8
...
008 (288357.000.000) 2025-01-28 19:44:01 Launching orted on Node 6 of 8
...
008 (288357.000.000) 2025-01-28 19:44:01 Launching orted on Node 0 of 8
...
008 (288357.000.000) 2025-01-28 19:44:01 Launching orted on Node 5 of 8
...
008 (288357.000.000) 2025-01-28 19:44:01 Launching orted on Node 4 of 8
...
008 (288357.000.000) 2025-01-28 19:44:01 Launching orted on Node 7 of 8
...
008 (288357.000.000) 2025-01-28 19:44:01 orted exited on Node 4 of 8
...
008 (288357.000.000) 2025-01-28 19:44:01 orted exited on Node 1 of 8
...
008 (288357.000.000) 2025-01-28 19:44:01 orted exited on Node 3 of 8
...
008 (288357.000.000) 2025-01-28 19:44:01 orted exited on Node 7 of 8
...
008 (288357.000.000) 2025-01-28 19:44:01 orted exited on Node 5 of 8
...
008 (288357.000.000) 2025-01-28 19:44:01 orted exited on Node 2 of 8
...
008 (288357.000.000) 2025-01-28 19:44:01 orted exited on Node 6 of 8
...
008 (288357.000.000) 2025-01-28 19:44:01 orted exited on Node 0 of 8
...
015 (288357.000.002) 2025-01-28 19:44:02 Node 2 terminated.
	(1) Normal termination (return value 0)
		Usr 0 00:00:00, Sys 0 00:00:00  -  Run Remote Usage
		Usr 0 00:00:00, Sys 0 00:00:00  -  Run Local Usage
		Usr 0 00:00:00, Sys 0 00:00:00  -  Total Remote Usage
		Usr 0 00:00:00, Sys 0 00:00:00  -  Total Local Usage
	2165  -  Run Bytes Sent By Node
	33631  -  Run Bytes Received By Node
	2165  -  Total Bytes Sent By Node
	33631  -  Total Bytes Received By Node
...
015 (288357.000.001) 2025-01-28 19:44:02 Node 1 terminated.
	(1) Normal termination (return value 0)
		Usr 0 00:00:01, Sys 0 00:00:00  -  Run Remote Usage
		Usr 0 00:00:00, Sys 0 00:00:00  -  Run Local Usage
		Usr 0 00:00:01, Sys 0 00:00:00  -  Total Remote Usage
		Usr 0 00:00:00, Sys 0 00:00:00  -  Total Local Usage
	2165  -  Run Bytes Sent By Node
	33631  -  Run Bytes Received By Node
	2165  -  Total Bytes Sent By Node
	33631  -  Total Bytes Received By Node
...
015 (288357.000.003) 2025-01-28 19:44:02 Node 3 terminated.
	(1) Normal termination (return value 0)
		Usr 0 00:00:00, Sys 0 00:00:00  -  Run Remote Usage
		Usr 0 00:00:00, Sys 0 00:00:00  -  Run Local Usage
		Usr 0 00:00:00, Sys 0 00:00:00  -  Total Remote Usage
		Usr 0 00:00:00, Sys 0 00:00:00  -  Total Local Usage
	2165  -  Run Bytes Sent By Node
	33631  -  Run Bytes Received By Node
	2165  -  Total Bytes Sent By Node
	33631  -  Total Bytes Received By Node
...
015 (288357.000.005) 2025-01-28 19:44:02 Node 5 terminated.
	(1) Normal termination (return value 0)
		Usr 0 00:00:00, Sys 0 00:00:00  -  Run Remote Usage
		Usr 0 00:00:00, Sys 0 00:00:00  -  Run Local Usage
		Usr 0 00:00:00, Sys 0 00:00:00  -  Total Remote Usage
		Usr 0 00:00:00, Sys 0 00:00:00  -  Total Local Usage
	22  -  Run Bytes Sent By Node
	33631  -  Run Bytes Received By Node
	22  -  Total Bytes Sent By Node
	33631  -  Total Bytes Received By Node
...
015 (288357.000.004) 2025-01-28 19:44:02 Node 4 terminated.
	(1) Normal termination (return value 0)
		Usr 0 00:00:00, Sys 0 00:00:01  -  Run Remote Usage
		Usr 0 00:00:00, Sys 0 00:00:00  -  Run Local Usage
		Usr 0 00:00:00, Sys 0 00:00:01  -  Total Remote Usage
		Usr 0 00:00:00, Sys 0 00:00:00  -  Total Local Usage
	2187  -  Run Bytes Sent By Node
	33631  -  Run Bytes Received By Node
	2187  -  Total Bytes Sent By Node
	33631  -  Total Bytes Received By Node
...
015 (288357.000.006) 2025-01-28 19:44:02 Node 6 terminated.
	(1) Normal termination (return value 0)
		Usr 0 00:00:00, Sys 0 00:00:00  -  Run Remote Usage
		Usr 0 00:00:00, Sys 0 00:00:00  -  Run Local Usage
		Usr 0 00:00:00, Sys 0 00:00:00  -  Total Remote Usage
		Usr 0 00:00:00, Sys 0 00:00:00  -  Total Local Usage
	2165  -  Run Bytes Sent By Node
	33631  -  Run Bytes Received By Node
	2165  -  Total Bytes Sent By Node
	33631  -  Total Bytes Received By Node
...
015 (288357.000.000) 2025-01-28 19:44:02 Node 0 terminated.
	(1) Normal termination (return value 0)
		Usr 0 00:00:00, Sys 0 00:00:00  -  Run Remote Usage
		Usr 0 00:00:00, Sys 0 00:00:00  -  Run Local Usage
		Usr 0 00:00:00, Sys 0 00:00:00  -  Total Remote Usage
		Usr 0 00:00:00, Sys 0 00:00:00  -  Total Local Usage
	3304  -  Run Bytes Sent By Node
	33631  -  Run Bytes Received By Node
	3304  -  Total Bytes Sent By Node
	33631  -  Total Bytes Received By Node
...
005 (288357.000.000) 2025-01-28 19:44:02 Job terminated.
	(1) Normal termination (return value 0)
		Usr 0 00:00:01, Sys 0 00:00:02  -  Run Remote Usage
		Usr 0 00:00:00, Sys 0 00:00:00  -  Run Local Usage
		Usr 0 00:00:00, Sys 0 00:00:00  -  Total Remote Usage
		Usr 0 00:00:00, Sys 0 00:00:00  -  Total Local Usage
	14173  -  Run Bytes Sent By Job
	269048  -  Run Bytes Received By Job
	14173  -  Total Bytes Sent By Job
	269048  -  Total Bytes Received By Job
	Partitionable Resources :    Usage  Request Allocated 
	   Cpus                 :                 1         2 
	   Disk (KB)            :       51       35 102982364 
	   GPUs                 :                           0 
	   Memory (MB)          :        0     5338    100096 

	Job terminated of its own accord at 2025-01-28T19:44:01Z with exit-code 0.
...
