000 (269665.000.000) 2025-01-21 22:55:46 Job submitted from host: <192.168.0.102:9618?addrs=192.168.0.102-9618&alias=submitter&noUDP&sock=schedd_2032_5c88>
...
001 (269665.000.000) 2025-01-21 22:55:51 Job executing on host: <192.168.0.151:9618?addrs=192.168.0.151-9618&alias=node151.di.rm1&noUDP&sock=startd_1528_a8cd>
...
006 (269665.000.000) 2025-01-21 22:56:01 Image size of job updated: 470448
	460  -  MemoryUsage of job (MB)
	470448  -  ResidentSetSize of job (KB)
...
006 (269665.000.000) 2025-01-21 22:56:49 Image size of job updated: 2975352
	461  -  MemoryUsage of job (MB)
	471108  -  ResidentSetSize of job (KB)
...
004 (269665.000.000) 2025-01-21 22:56:49 Job was evicted.
	(0) CPU times
		Usr 0 00:00:53, Sys 0 00:00:01  -  Run Remote Usage
		Usr 0 00:00:00, Sys 0 00:00:00  -  Run Local Usage
	0  -  Run Bytes Sent By Job
	0  -  Run Bytes Received By Job
	Partitionable Resources :    Usage  Request Allocated 
	   Cpus                 :                 1         1 
	   Disk (KB)            :       27       27    474791 
	   Memory (MB)          :      461        1       128 
...
009 (269665.000.000) 2025-01-21 22:56:49 Job was aborted.
	via condor_rm (by user calzona_2046920)
...
000 (275819.000.000) 2025-01-24 03:17:54 Job submitted from host: <192.168.0.102:9618?addrs=192.168.0.102-9618&alias=submitter&noUDP&sock=schedd_2032_5c88>
...
001 (275819.000.000) 2025-01-24 03:17:54 Job executing on host: <192.168.0.149:9618?addrs=192.168.0.149-9618&alias=node149.di.rm1&noUDP&sock=startd_1551_6f7a>
...
006 (275819.000.000) 2025-01-24 03:18:03 Image size of job updated: 1379208
	424  -  MemoryUsage of job (MB)
	433224  -  ResidentSetSize of job (KB)
...
006 (275819.000.000) 2025-01-24 03:19:55 Image size of job updated: 6568392
	424  -  MemoryUsage of job (MB)
	433488  -  ResidentSetSize of job (KB)
...
004 (275819.000.000) 2025-01-24 03:19:55 Job was evicted.
	(0) CPU times
		Usr 0 00:01:57, Sys 0 00:00:02  -  Run Remote Usage
		Usr 0 00:00:00, Sys 0 00:00:00  -  Run Local Usage
	0  -  Run Bytes Sent By Job
	0  -  Run Bytes Received By Job
	Partitionable Resources :    Usage  Request Allocated 
	   Cpus                 :                 1         1 
	   Disk (KB)            :       27       27    471944 
	   Memory (MB)          :      424        1       128 
...
009 (275819.000.000) 2025-01-24 03:19:55 Job was aborted.
	via condor_rm (by user calzona_2046920)
...
