000 (265330.000.000) 2025-01-17 11:21:51 Job submitted from host: <192.168.0.102:9618?addrs=192.168.0.102-9618&alias=submitter&noUDP&sock=schedd_2032_5c88>
...
001 (265330.000.000) 2025-01-17 11:21:56 Job executing on host: <192.168.0.146:9618?addrs=192.168.0.146-9618&alias=node146.di.rm1&noUDP&sock=startd_1984_6ffc>
...
006 (265330.000.000) 2025-01-17 11:22:05 Image size of job updated: 1321588
	292  -  MemoryUsage of job (MB)
	298980  -  ResidentSetSize of job (KB)
...
006 (265330.000.000) 2025-01-17 11:28:21 Image size of job updated: 7311060
	5836  -  MemoryUsage of job (MB)
	5975780  -  ResidentSetSize of job (KB)
...
006 (265330.000.000) 2025-01-17 11:33:29 Image size of job updated: 8004744
	6502  -  MemoryUsage of job (MB)
	6657288  -  ResidentSetSize of job (KB)
...
006 (265330.000.000) 2025-01-17 11:33:32 Image size of job updated: 8189736
	6652  -  MemoryUsage of job (MB)
	6811492  -  ResidentSetSize of job (KB)
...
004 (265330.000.000) 2025-01-17 11:33:33 Job was evicted.
	(0) CPU times
		Usr 0 00:03:10, Sys 0 00:02:32  -  Run Remote Usage
		Usr 0 00:00:00, Sys 0 00:00:00  -  Run Local Usage
	0  -  Run Bytes Sent By Job
	0  -  Run Bytes Received By Job
	Partitionable Resources :    Usage  Request Allocated 
	   Cpus                 :     0.52        1         1 
	   Disk (KB)            :    27          27    466414 
	   Memory (MB)          :  6652           1       128 
...
009 (265330.000.000) 2025-01-17 11:33:33 Job was aborted.
	via condor_rm (by user calzona_2046920)
...
