000 (271254.000.000) 2025-01-22 00:51:20 Job submitted from host: <192.168.0.102:9618?addrs=192.168.0.102-9618&alias=submitter&noUDP&sock=schedd_2032_5c88>
...
001 (271254.000.000) 2025-01-22 00:51:21 Job executing on host: <192.168.0.147:9618?addrs=192.168.0.147-9618&alias=node147.di.rm1&noUDP&sock=startd_1513_5ee1>
...
006 (271254.000.000) 2025-01-22 00:51:29 Image size of job updated: 1300272
	549  -  MemoryUsage of job (MB)
	561264  -  ResidentSetSize of job (KB)
...
006 (271254.000.000) 2025-01-22 00:52:23 Image size of job updated: 4156020
	549  -  MemoryUsage of job (MB)
	561792  -  ResidentSetSize of job (KB)
...
004 (271254.000.000) 2025-01-22 00:52:23 Job was evicted.
	(0) CPU times
		Usr 0 00:00:59, Sys 0 00:00:01  -  Run Remote Usage
		Usr 0 00:00:00, Sys 0 00:00:00  -  Run Local Usage
	0  -  Run Bytes Sent By Job
	0  -  Run Bytes Received By Job
	Partitionable Resources :    Usage  Request Allocated 
	   Cpus                 :                 1         1 
	   Disk (KB)            :       27       27    469805 
	   Memory (MB)          :      549        1       128 
...
009 (271254.000.000) 2025-01-22 00:52:23 Job was aborted.
	via condor_rm (by user calzona_2046920)
...
000 (277408.000.000) 2025-01-24 06:28:48 Job submitted from host: <192.168.0.102:9618?addrs=192.168.0.102-9618&alias=submitter&noUDP&sock=schedd_2032_5c88>
...
001 (277408.000.000) 2025-01-24 06:28:49 Job executing on host: <192.168.0.149:9618?addrs=192.168.0.149-9618&alias=node149.di.rm1&noUDP&sock=startd_1551_6f7a>
...
006 (277408.000.000) 2025-01-24 06:28:57 Image size of job updated: 1153488
	547  -  MemoryUsage of job (MB)
	560076  -  ResidentSetSize of job (KB)
...
006 (277408.000.000) 2025-01-24 06:30:51 Image size of job updated: 6788980
	548  -  MemoryUsage of job (MB)
	560208  -  ResidentSetSize of job (KB)
...
004 (277408.000.000) 2025-01-24 06:30:51 Job was evicted.
	(0) CPU times
		Usr 0 00:04:45, Sys 0 00:00:11  -  Run Remote Usage
		Usr 0 00:00:00, Sys 0 00:00:00  -  Run Local Usage
	0  -  Run Bytes Sent By Job
	0  -  Run Bytes Received By Job
	Partitionable Resources :    Usage  Request Allocated 
	   Cpus                 :                 1         1 
	   Disk (KB)            :       27       27    471944 
	   Memory (MB)          :      548        1       128 
...
009 (277408.000.000) 2025-01-24 06:30:51 Job was aborted.
	via condor_rm (by user calzona_2046920)
...
