000 (263525.000.000) 2025-01-17 11:20:56 Job submitted from host: <192.168.0.102:9618?addrs=192.168.0.102-9618&alias=submitter&noUDP&sock=schedd_2032_5c88>
...
001 (263525.000.000) 2025-01-17 11:21:00 Job executing on host: <192.168.0.139:9618?addrs=192.168.0.139-9618&alias=node139.di.rm1&noUDP&sock=startd_1966_1748>
...
006 (263525.000.000) 2025-01-17 11:21:08 Image size of job updated: 1429488
	416  -  MemoryUsage of job (MB)
	425568  -  ResidentSetSize of job (KB)
...
006 (263525.000.000) 2025-01-17 11:27:15 Image size of job updated: 8076684
	6724  -  MemoryUsage of job (MB)
	6884836  -  ResidentSetSize of job (KB)
...
006 (263525.000.000) 2025-01-17 11:31:47 Image size of job updated: 8776548
	6726  -  MemoryUsage of job (MB)
	6886552  -  ResidentSetSize of job (KB)
...
005 (263525.000.000) 2025-01-17 11:31:47 Job terminated.
	(0) Abnormal termination (signal 9)
	(0) No core file
		Usr 0 00:03:21, Sys 0 00:03:01  -  Run Remote Usage
		Usr 0 00:00:00, Sys 0 00:00:00  -  Run Local Usage
		Usr 0 00:03:21, Sys 0 00:03:01  -  Total Remote Usage
		Usr 0 00:00:00, Sys 0 00:00:00  -  Total Local Usage
	0  -  Run Bytes Sent By Job
	0  -  Run Bytes Received By Job
	0  -  Total Bytes Sent By Job
	0  -  Total Bytes Received By Job
	Partitionable Resources :    Usage  Request Allocated 
	   Cpus                 :     0.47        1         1 
	   Disk (KB)            :    27          27    460637 
	   Memory (MB)          :  6726           1       128 

	Job terminated of its own accord at 2025-01-17T11:31:47Z with signal 9.
...
