000 (270864.000.000) 2025-01-22 00:22:46 Job submitted from host: <192.168.0.102:9618?addrs=192.168.0.102-9618&alias=submitter&noUDP&sock=schedd_2032_5c88>
...
001 (270864.000.000) 2025-01-22 00:22:47 Job executing on host: <192.168.0.120:9618?addrs=192.168.0.120-9618&alias=node120.di.rm1&noUDP&sock=startd_2096_4298>
...
006 (270864.000.000) 2025-01-22 00:22:56 Image size of job updated: 480876
	470  -  MemoryUsage of job (MB)
	480876  -  ResidentSetSize of job (KB)
...
006 (270864.000.000) 2025-01-22 00:23:48 Image size of job updated: 3955584
	471  -  MemoryUsage of job (MB)
	481404  -  ResidentSetSize of job (KB)
...
004 (270864.000.000) 2025-01-22 00:23:48 Job was evicted.
	(0) CPU times
		Usr 0 00:00:58, Sys 0 00:00:01  -  Run Remote Usage
		Usr 0 00:00:00, Sys 0 00:00:00  -  Run Local Usage
	0  -  Run Bytes Sent By Job
	0  -  Run Bytes Received By Job
	Partitionable Resources :    Usage  Request Allocated 
	   Cpus                 :     1.00        1         1 
	   Disk (KB)            :    27          27    459052 
	   Gpus (Average)       :                 0         0 
	   Memory (MB)          :   471           1       128 
...
009 (270864.000.000) 2025-01-22 00:23:48 Job was aborted.
	via condor_rm (by user calzona_2046920)
...
000 (277018.000.000) 2025-01-24 05:41:54 Job submitted from host: <192.168.0.102:9618?addrs=192.168.0.102-9618&alias=submitter&noUDP&sock=schedd_2032_5c88>
...
001 (277018.000.000) 2025-01-24 05:41:55 Job executing on host: <192.168.0.148:9618?addrs=192.168.0.148-9618&alias=node148.di.rm1&noUDP&sock=startd_1547_b119>
...
006 (277018.000.000) 2025-01-24 05:42:04 Image size of job updated: 1427124
	482  -  MemoryUsage of job (MB)
	493416  -  ResidentSetSize of job (KB)
...
006 (277018.000.000) 2025-01-24 05:43:57 Image size of job updated: 6809028
	482  -  MemoryUsage of job (MB)
	493548  -  ResidentSetSize of job (KB)
...
004 (277018.000.000) 2025-01-24 05:43:57 Job was evicted.
	(0) CPU times
		Usr 0 00:01:57, Sys 0 00:00:02  -  Run Remote Usage
		Usr 0 00:00:00, Sys 0 00:00:00  -  Run Local Usage
	0  -  Run Bytes Sent By Job
	0  -  Run Bytes Received By Job
	Partitionable Resources :    Usage  Request Allocated 
	   Cpus                 :                 1         1 
	   Disk (KB)            :       27       27    467548 
	   Memory (MB)          :      482        1       128 
...
009 (277018.000.000) 2025-01-24 05:43:57 Job was aborted.
	via condor_rm (by user calzona_2046920)
...
