000 (261993.000.000) 2025-01-16 18:00:53 Job submitted from host: <192.168.0.102:9618?addrs=192.168.0.102-9618&alias=submitter&noUDP&sock=schedd_2032_5c88>
...
001 (261993.000.000) 2025-01-16 18:00:59 Job executing on host: <192.168.0.137:9618?addrs=192.168.0.137-9618&alias=node137.di.rm1&noUDP&sock=startd_1934_2440>
...
006 (261993.000.000) 2025-01-16 18:01:07 Image size of job updated: 1565276
	837  -  MemoryUsage of job (MB)
	856548  -  ResidentSetSize of job (KB)
...
006 (261993.000.000) 2025-01-16 18:06:07 Image size of job updated: 8434164
	8233  -  MemoryUsage of job (MB)
	8429916  -  ResidentSetSize of job (KB)
...
004 (261993.000.000) 2025-01-16 18:16:24 Job was evicted.
	(0) CPU times
		Usr 0 00:15:16, Sys 0 00:00:09  -  Run Remote Usage
		Usr 0 00:00:00, Sys 0 00:00:00  -  Run Local Usage
	0  -  Run Bytes Sent By Job
	0  -  Run Bytes Received By Job
	Partitionable Resources :    Usage  Request Allocated 
	   Cpus                 :     1.00        1         1 
	   Disk (KB)            :    27          27    391050 
	   Memory (MB)          :  8233           1       128 
...
009 (261993.000.000) 2025-01-16 18:16:24 Job was aborted.
	via condor_rm (by user calzona_2046920)
...
