000 (270422.000.000) 2025-01-21 23:51:23 Job submitted from host: <192.168.0.102:9618?addrs=192.168.0.102-9618&alias=submitter&noUDP&sock=schedd_2032_5c88>
...
001 (270422.000.000) 2025-01-21 23:51:26 Job executing on host: <192.168.0.151:9618?addrs=192.168.0.151-9618&alias=node151.di.rm1&noUDP&sock=startd_1528_a8cd>
...
006 (270422.000.000) 2025-01-21 23:51:35 Image size of job updated: 270372
	265  -  MemoryUsage of job (MB)
	270372  -  ResidentSetSize of job (KB)
...
006 (270422.000.000) 2025-01-21 23:52:25 Image size of job updated: 299152
	265  -  MemoryUsage of job (MB)
	270372  -  ResidentSetSize of job (KB)
...
004 (270422.000.000) 2025-01-21 23:52:25 Job was evicted.
	(0) CPU times
		Usr 0 00:03:35, Sys 0 00:00:00  -  Run Remote Usage
		Usr 0 00:00:00, Sys 0 00:00:00  -  Run Local Usage
	0  -  Run Bytes Sent By Job
	0  -  Run Bytes Received By Job
	Partitionable Resources :    Usage  Request Allocated 
	   Cpus                 :                 1         1 
	   Disk (KB)            :       27       27    474791 
	   Memory (MB)          :      265        1       128 
...
009 (270422.000.000) 2025-01-21 23:52:25 Job was aborted.
	via condor_rm (by user calzona_2046920)
...
