000 (282122.000.000) 2025-01-26 16:12:51 Job submitted from host: <192.168.0.102:9618?addrs=192.168.0.102-9618&alias=submitter&noUDP&sock=schedd_2032_5c88>
...
014 (282122.000.002) 2025-01-26 16:13:10 Node 2 executing on host: <192.168.0.108:9618?addrs=192.168.0.108-9618&alias=node108.di.rm1&noUDP&sock=startd_1979_0203>
...
014 (282122.000.001) 2025-01-26 16:13:10 Node 1 executing on host: <192.168.0.132:9618?addrs=192.168.0.132-9618&alias=node132.di.rm1&noUDP&sock=startd_1999_b9e8>
...
014 (282122.000.003) 2025-01-26 16:13:10 Node 3 executing on host: <192.168.0.139:9618?addrs=192.168.0.139-9618&alias=node139.di.rm1&noUDP&sock=startd_1966_1748>
...
014 (282122.000.000) 2025-01-26 16:13:10 Node 0 executing on host: <192.168.0.122:9618?addrs=192.168.0.122-9618&alias=node122.di.rm1&noUDP&sock=startd_2134_5331>
...
001 (282122.000.000) 2025-01-26 16:13:10 Job executing on host: MPI_job
...
008 (282122.000.000) 2025-01-26 16:13:12 Launching orted on Node 1 of 4
...
008 (282122.000.000) 2025-01-26 16:13:12 Launching orted on Node 3 of 4
...
008 (282122.000.000) 2025-01-26 16:13:12 Launching orted on Node 0 of 4
...
008 (282122.000.000) 2025-01-26 16:13:12 Launching orted on Node 2 of 4
...
008 (282122.000.000) 2025-01-26 16:13:56 orted exited on Node 1 of 4
...
008 (282122.000.000) 2025-01-26 16:13:56 orted exited on Node 3 of 4
...
008 (282122.000.000) 2025-01-26 16:13:56 orted exited on Node 2 of 4
...
008 (282122.000.000) 2025-01-26 16:13:56 orted exited on Node 0 of 4
...
015 (282122.000.001) 2025-01-26 16:13:56 Node 1 terminated.
	(1) Normal termination (return value 0)
		Usr 0 00:00:43, Sys 0 00:00:00  -  Run Remote Usage
		Usr 0 00:00:00, Sys 0 00:00:00  -  Run Local Usage
		Usr 0 00:00:43, Sys 0 00:00:00  -  Total Remote Usage
		Usr 0 00:00:00, Sys 0 00:00:00  -  Total Local Usage
	2165  -  Run Bytes Sent By Node
	33711  -  Run Bytes Received By Node
	2165  -  Total Bytes Sent By Node
	33711  -  Total Bytes Received By Node
...
015 (282122.000.002) 2025-01-26 16:13:56 Node 2 terminated.
	(1) Normal termination (return value 0)
		Usr 0 00:00:43, Sys 0 00:00:00  -  Run Remote Usage
		Usr 0 00:00:00, Sys 0 00:00:00  -  Run Local Usage
		Usr 0 00:00:43, Sys 0 00:00:00  -  Total Remote Usage
		Usr 0 00:00:00, Sys 0 00:00:00  -  Total Local Usage
	2165  -  Run Bytes Sent By Node
	33711  -  Run Bytes Received By Node
	2165  -  Total Bytes Sent By Node
	33711  -  Total Bytes Received By Node
...
015 (282122.000.003) 2025-01-26 16:13:56 Node 3 terminated.
	(1) Normal termination (return value 0)
		Usr 0 00:00:43, Sys 0 00:00:01  -  Run Remote Usage
		Usr 0 00:00:00, Sys 0 00:00:00  -  Run Local Usage
		Usr 0 00:00:43, Sys 0 00:00:01  -  Total Remote Usage
		Usr 0 00:00:00, Sys 0 00:00:00  -  Total Local Usage
	2165  -  Run Bytes Sent By Node
	33711  -  Run Bytes Received By Node
	2165  -  Total Bytes Sent By Node
	33711  -  Total Bytes Received By Node
...
015 (282122.000.000) 2025-01-26 16:13:56 Node 0 terminated.
	(1) Normal termination (return value 0)
		Usr 0 00:00:00, Sys 0 00:00:01  -  Run Remote Usage
		Usr 0 00:00:00, Sys 0 00:00:00  -  Run Local Usage
		Usr 0 00:00:00, Sys 0 00:00:01  -  Total Remote Usage
		Usr 0 00:00:00, Sys 0 00:00:00  -  Total Local Usage
	3304  -  Run Bytes Sent By Node
	33711  -  Run Bytes Received By Node
	3304  -  Total Bytes Sent By Node
	33711  -  Total Bytes Received By Node
...
005 (282122.000.000) 2025-01-26 16:13:56 Job terminated.
	(1) Normal termination (return value 0)
		Usr 0 00:02:09, Sys 0 00:00:02  -  Run Remote Usage
		Usr 0 00:00:00, Sys 0 00:00:00  -  Run Local Usage
		Usr 0 00:00:00, Sys 0 00:00:01  -  Total Remote Usage
		Usr 0 00:00:00, Sys 0 00:00:00  -  Total Local Usage
	9799  -  Run Bytes Sent By Job
	134844  -  Run Bytes Received By Job
	9799  -  Total Bytes Sent By Job
	134844  -  Total Bytes Received By Job
	Partitionable Resources :    Usage  Request Allocated 
	   Cpus                 :                 1         1 
	   Disk (KB)            :       50       35    499915 
	   GPUs                 :                           0 
	   Memory (MB)          :      275        1     53248 

	Job terminated of its own accord at 2025-01-26T16:13:56Z with exit-code 0.
...
000 (288998.000.000) 2025-01-28 22:01:10 Job submitted from host: <192.168.0.102:9618?addrs=192.168.0.102-9618&alias=submitter&noUDP&sock=schedd_2032_5c88>
...
014 (288998.000.000) 2025-01-28 22:01:19 Node 0 executing on host: <192.168.0.116:9618?addrs=192.168.0.116-9618&alias=node116.di.rm1&noUDP&sock=startd_1847_7783>
...
014 (288998.000.001) 2025-01-28 22:01:19 Node 1 executing on host: <192.168.0.111:9618?addrs=192.168.0.111-9618&alias=node111.di.rm1&noUDP&sock=startd_2044_97ab>
...
014 (288998.000.003) 2025-01-28 22:01:19 Node 3 executing on host: <192.168.0.147:9618?addrs=192.168.0.147-9618&alias=node147.di.rm1&noUDP&sock=startd_1513_5ee1>
...
014 (288998.000.002) 2025-01-28 22:01:19 Node 2 executing on host: <192.168.0.111:9618?addrs=192.168.0.111-9618&alias=node111.di.rm1&noUDP&sock=startd_2044_97ab>
...
001 (288998.000.000) 2025-01-28 22:01:19 Job executing on host: MPI_job
...
008 (288998.000.000) 2025-01-28 22:01:21 Launching orted on Node 0 of 4
...
008 (288998.000.000) 2025-01-28 22:01:21 Launching orted on Node 1 of 4
...
008 (288998.000.000) 2025-01-28 22:01:21 Launching orted on Node 3 of 4
...
008 (288998.000.000) 2025-01-28 22:01:21 Launching orted on Node 2 of 4
...
008 (288998.000.000) 2025-01-28 22:02:05 orted exited on Node 0 of 4
...
008 (288998.000.000) 2025-01-28 22:02:05 orted exited on Node 1 of 4
...
008 (288998.000.000) 2025-01-28 22:02:05 orted exited on Node 2 of 4
...
008 (288998.000.000) 2025-01-28 22:02:05 orted exited on Node 3 of 4
...
015 (288998.000.003) 2025-01-28 22:02:06 Node 3 terminated.
	(1) Normal termination (return value 0)
		Usr 0 00:00:43, Sys 0 00:00:01  -  Run Remote Usage
		Usr 0 00:00:00, Sys 0 00:00:00  -  Run Local Usage
		Usr 0 00:00:43, Sys 0 00:00:01  -  Total Remote Usage
		Usr 0 00:00:00, Sys 0 00:00:00  -  Total Local Usage
	2165  -  Run Bytes Sent By Node
	33711  -  Run Bytes Received By Node
	2165  -  Total Bytes Sent By Node
	33711  -  Total Bytes Received By Node
...
015 (288998.000.001) 2025-01-28 22:02:06 Node 1 terminated.
	(1) Normal termination (return value 0)
		Usr 0 00:00:43, Sys 0 00:00:01  -  Run Remote Usage
		Usr 0 00:00:00, Sys 0 00:00:00  -  Run Local Usage
		Usr 0 00:00:43, Sys 0 00:00:01  -  Total Remote Usage
		Usr 0 00:00:00, Sys 0 00:00:00  -  Total Local Usage
	2187  -  Run Bytes Sent By Node
	33711  -  Run Bytes Received By Node
	2187  -  Total Bytes Sent By Node
	33711  -  Total Bytes Received By Node
...
015 (288998.000.000) 2025-01-28 22:02:06 Node 0 terminated.
	(1) Normal termination (return value 0)
		Usr 0 00:00:43, Sys 0 00:00:01  -  Run Remote Usage
		Usr 0 00:00:00, Sys 0 00:00:00  -  Run Local Usage
		Usr 0 00:00:43, Sys 0 00:00:01  -  Total Remote Usage
		Usr 0 00:00:00, Sys 0 00:00:00  -  Total Local Usage
	3726  -  Run Bytes Sent By Node
	33711  -  Run Bytes Received By Node
	3726  -  Total Bytes Sent By Node
	33711  -  Total Bytes Received By Node
...
005 (288998.000.000) 2025-01-28 22:02:06 Job terminated.
	(1) Normal termination (return value 0)
		Usr 0 00:02:52, Sys 0 00:00:04  -  Run Remote Usage
		Usr 0 00:00:00, Sys 0 00:00:00  -  Run Local Usage
		Usr 0 00:00:28, Sys 0 00:00:01  -  Total Remote Usage
		Usr 0 00:00:00, Sys 0 00:00:00  -  Total Local Usage
	10265  -  Run Bytes Sent By Job
	134844  -  Run Bytes Received By Job
	10265  -  Total Bytes Sent By Job
	134844  -  Total Bytes Received By Job
	Partitionable Resources :    Usage  Request Allocated 
	   Cpus                 :     0.66        1         2 
	   Disk (KB)            :    57          35 102978738 
	   Memory (MB)          :   274           0    100096 

	Job terminated of its own accord at 2025-01-28T22:02:05Z with exit-code 0.
...
