000 (279528.000.000) 2025-01-24 10:55:19 Job submitted from host: <192.168.0.102:9618?addrs=192.168.0.102-9618&alias=submitter&noUDP&sock=schedd_2032_5c88>
...
014 (279528.000.004) 2025-01-24 10:55:28 Node 4 executing on host: <192.168.0.145:9618?addrs=192.168.0.145-9618&alias=node145.di.rm1&noUDP&sock=startd_1869_8e98>
...
014 (279528.000.000) 2025-01-24 10:55:28 Node 0 executing on host: <192.168.0.114:9618?addrs=192.168.0.114-9618&alias=node114.di.rm1&noUDP&sock=startd_2075_db1b>
...
014 (279528.000.002) 2025-01-24 10:55:28 Node 2 executing on host: <192.168.0.123:9618?addrs=192.168.0.123-9618&alias=node123.di.rm1&noUDP&sock=startd_2149_9d1d>
...
014 (279528.000.003) 2025-01-24 10:55:28 Node 3 executing on host: <192.168.0.115:9618?addrs=192.168.0.115-9618&alias=node115.di.rm1&noUDP&sock=startd_1101621_f4a0>
...
014 (279528.000.007) 2025-01-24 10:55:28 Node 7 executing on host: <192.168.0.120:9618?addrs=192.168.0.120-9618&alias=node120.di.rm1&noUDP&sock=startd_2096_4298>
...
014 (279528.000.006) 2025-01-24 10:55:28 Node 6 executing on host: <192.168.0.109:9618?addrs=192.168.0.109-9618&alias=node109.di.rm1&noUDP&sock=startd_1627_90ad>
...
014 (279528.000.001) 2025-01-24 10:55:28 Node 1 executing on host: <192.168.0.143:9618?addrs=192.168.0.143-9618&alias=node143.di.rm1&noUDP&sock=startd_2061_40c7>
...
014 (279528.000.005) 2025-01-24 10:55:28 Node 5 executing on host: <192.168.0.142:9618?addrs=192.168.0.142-9618&alias=node142.di.rm1&noUDP&sock=startd_1996_ab1f>
...
001 (279528.000.000) 2025-01-24 10:55:28 Job executing on host: MPI_job
...
008 (279528.000.000) 2025-01-24 10:55:30 Launching orted on Node 6 of 8
...
008 (279528.000.000) 2025-01-24 10:55:30 Launching orted on Node 7 of 8
...
008 (279528.000.000) 2025-01-24 10:55:30 Launching orted on Node 0 of 8
...
008 (279528.000.000) 2025-01-24 10:55:30 Launching orted on Node 2 of 8
...
008 (279528.000.000) 2025-01-24 10:55:30 Launching orted on Node 3 of 8
...
008 (279528.000.000) 2025-01-24 10:55:30 Launching orted on Node 4 of 8
...
008 (279528.000.000) 2025-01-24 10:55:32 Launching orted on Node 1 of 8
...
008 (279528.000.000) 2025-01-24 10:55:34 Launching orted on Node 5 of 8
...
008 (279528.000.000) 2025-01-24 10:55:36 orted exited on Node 3 of 8
...
008 (279528.000.000) 2025-01-24 10:55:36 orted exited on Node 2 of 8
...
008 (279528.000.000) 2025-01-24 10:55:36 orted exited on Node 0 of 8
...
008 (279528.000.000) 2025-01-24 10:55:36 orted exited on Node 4 of 8
...
008 (279528.000.000) 2025-01-24 10:55:36 orted exited on Node 7 of 8
...
008 (279528.000.000) 2025-01-24 10:55:36 orted exited on Node 1 of 8
...
008 (279528.000.000) 2025-01-24 10:55:36 orted exited on Node 5 of 8
...
008 (279528.000.000) 2025-01-24 10:55:36 orted exited on Node 6 of 8
...
015 (279528.000.000) 2025-01-24 10:55:36 Node 0 terminated.
	(1) Normal termination (return value 0)
		Usr 0 00:00:01, Sys 0 00:00:00  -  Run Remote Usage
		Usr 0 00:00:00, Sys 0 00:00:00  -  Run Local Usage
		Usr 0 00:00:01, Sys 0 00:00:00  -  Total Remote Usage
		Usr 0 00:00:00, Sys 0 00:00:00  -  Total Local Usage
	3262  -  Run Bytes Sent By Node
	33639  -  Run Bytes Received By Node
	3262  -  Total Bytes Sent By Node
	33639  -  Total Bytes Received By Node
...
005 (279528.000.000) 2025-01-24 10:55:36 Job terminated.
	(1) Normal termination (return value 0)
		Usr 0 00:00:07, Sys 0 00:00:02  -  Run Remote Usage
		Usr 0 00:00:00, Sys 0 00:00:00  -  Run Local Usage
		Usr 0 00:00:01, Sys 0 00:00:00  -  Total Remote Usage
		Usr 0 00:00:00, Sys 0 00:00:00  -  Total Local Usage
	3262  -  Run Bytes Sent By Job
	269112  -  Run Bytes Received By Job
	3262  -  Total Bytes Sent By Job
	269112  -  Total Bytes Received By Job
	Partitionable Resources :    Usage  Request Allocated 
	   Cpus                 :                 1         1 
	   Disk (KB)            :       50       35    391129 
	   Memory (MB)          :        1        0     20480 

	Job terminated of its own accord at 2025-01-24T10:55:36Z with exit-code 0.
...
000 (287869.000.000) 2025-01-28 17:52:50 Job submitted from host: <192.168.0.102:9618?addrs=192.168.0.102-9618&alias=submitter&noUDP&sock=schedd_2032_5c88>
...
014 (287869.000.004) 2025-01-28 17:52:57 Node 4 executing on host: <192.168.0.139:9618?addrs=192.168.0.139-9618&alias=node139.di.rm1&noUDP&sock=startd_1966_1748>
...
014 (287869.000.001) 2025-01-28 17:52:57 Node 1 executing on host: <192.168.0.123:9618?addrs=192.168.0.123-9618&alias=node123.di.rm1&noUDP&sock=startd_2149_9d1d>
...
014 (287869.000.005) 2025-01-28 17:52:57 Node 5 executing on host: <192.168.0.104:9618?addrs=192.168.0.104-9618&alias=node104.di.rm1&noUDP&sock=startd_1987_7ec5>
...
014 (287869.000.006) 2025-01-28 17:52:57 Node 6 executing on host: <192.168.0.113:9618?addrs=192.168.0.113-9618&alias=node113.di.rm1&noUDP&sock=startd_3668932_c305>
...
014 (287869.000.000) 2025-01-28 17:52:57 Node 0 executing on host: <192.168.0.112:9618?addrs=192.168.0.112-9618&alias=node112.di.rm1&noUDP&sock=startd_2169_5502>
...
014 (287869.000.002) 2025-01-28 17:52:57 Node 2 executing on host: <192.168.0.133:9618?addrs=192.168.0.133-9618&alias=node133.di.rm1&noUDP&sock=startd_1941_f16a>
...
014 (287869.000.007) 2025-01-28 17:52:57 Node 7 executing on host: <192.168.0.143:9618?addrs=192.168.0.143-9618&alias=node143.di.rm1&noUDP&sock=startd_2061_40c7>
...
014 (287869.000.003) 2025-01-28 17:52:57 Node 3 executing on host: <192.168.0.142:9618?addrs=192.168.0.142-9618&alias=node142.di.rm1&noUDP&sock=startd_1996_ab1f>
...
001 (287869.000.000) 2025-01-28 17:52:57 Job executing on host: MPI_job
...
008 (287869.000.000) 2025-01-28 17:52:59 Launching orted on Node 4 of 8
...
008 (287869.000.000) 2025-01-28 17:52:59 Launching orted on Node 5 of 8
...
008 (287869.000.000) 2025-01-28 17:52:59 Launching orted on Node 1 of 8
...
008 (287869.000.000) 2025-01-28 17:52:59 Launching orted on Node 6 of 8
...
008 (287869.000.000) 2025-01-28 17:52:59 Launching orted on Node 0 of 8
...
008 (287869.000.000) 2025-01-28 17:52:59 Launching orted on Node 2 of 8
...
008 (287869.000.000) 2025-01-28 17:53:00 Launching orted on Node 7 of 8
...
008 (287869.000.000) 2025-01-28 17:53:00 Launching orted on Node 3 of 8
...
008 (287869.000.000) 2025-01-28 17:53:01 orted exited on Node 6 of 8
...
008 (287869.000.000) 2025-01-28 17:53:01 orted exited on Node 1 of 8
...
008 (287869.000.000) 2025-01-28 17:53:01 orted exited on Node 2 of 8
...
008 (287869.000.000) 2025-01-28 17:53:01 orted exited on Node 5 of 8
...
008 (287869.000.000) 2025-01-28 17:53:01 orted exited on Node 4 of 8
...
008 (287869.000.000) 2025-01-28 17:53:01 orted exited on Node 7 of 8
...
008 (287869.000.000) 2025-01-28 17:53:01 orted exited on Node 0 of 8
...
008 (287869.000.000) 2025-01-28 17:53:01 orted exited on Node 3 of 8
...
015 (287869.000.005) 2025-01-28 17:53:02 Node 5 terminated.
	(1) Normal termination (return value 0)
		Usr 0 00:00:01, Sys 0 00:00:00  -  Run Remote Usage
		Usr 0 00:00:00, Sys 0 00:00:00  -  Run Local Usage
		Usr 0 00:00:01, Sys 0 00:00:00  -  Total Remote Usage
		Usr 0 00:00:00, Sys 0 00:00:00  -  Total Local Usage
	2165  -  Run Bytes Sent By Node
	33591  -  Run Bytes Received By Node
	2165  -  Total Bytes Sent By Node
	33591  -  Total Bytes Received By Node
...
015 (287869.000.002) 2025-01-28 17:53:02 Node 2 terminated.
	(1) Normal termination (return value 0)
		Usr 0 00:00:01, Sys 0 00:00:00  -  Run Remote Usage
		Usr 0 00:00:00, Sys 0 00:00:00  -  Run Local Usage
		Usr 0 00:00:01, Sys 0 00:00:00  -  Total Remote Usage
		Usr 0 00:00:00, Sys 0 00:00:00  -  Total Local Usage
	2165  -  Run Bytes Sent By Node
	33591  -  Run Bytes Received By Node
	2165  -  Total Bytes Sent By Node
	33591  -  Total Bytes Received By Node
...
015 (287869.000.004) 2025-01-28 17:53:02 Node 4 terminated.
	(1) Normal termination (return value 0)
		Usr 0 00:00:01, Sys 0 00:00:00  -  Run Remote Usage
		Usr 0 00:00:00, Sys 0 00:00:00  -  Run Local Usage
		Usr 0 00:00:01, Sys 0 00:00:00  -  Total Remote Usage
		Usr 0 00:00:00, Sys 0 00:00:00  -  Total Local Usage
	2165  -  Run Bytes Sent By Node
	33591  -  Run Bytes Received By Node
	2165  -  Total Bytes Sent By Node
	33591  -  Total Bytes Received By Node
...
015 (287869.000.000) 2025-01-28 17:53:02 Node 0 terminated.
	(1) Normal termination (return value 0)
		Usr 0 00:00:00, Sys 0 00:00:00  -  Run Remote Usage
		Usr 0 00:00:00, Sys 0 00:00:00  -  Run Local Usage
		Usr 0 00:00:00, Sys 0 00:00:00  -  Total Remote Usage
		Usr 0 00:00:00, Sys 0 00:00:00  -  Total Local Usage
	3772  -  Run Bytes Sent By Node
	33591  -  Run Bytes Received By Node
	3772  -  Total Bytes Sent By Node
	33591  -  Total Bytes Received By Node
...
015 (287869.000.006) 2025-01-28 17:53:02 Node 6 terminated.
	(1) Normal termination (return value 0)
		Usr 0 00:00:01, Sys 0 00:00:00  -  Run Remote Usage
		Usr 0 00:00:00, Sys 0 00:00:00  -  Run Local Usage
		Usr 0 00:00:01, Sys 0 00:00:00  -  Total Remote Usage
		Usr 0 00:00:00, Sys 0 00:00:00  -  Total Local Usage
	2187  -  Run Bytes Sent By Node
	33591  -  Run Bytes Received By Node
	2187  -  Total Bytes Sent By Node
	33591  -  Total Bytes Received By Node
...
005 (287869.000.000) 2025-01-28 17:53:02 Job terminated.
	(1) Normal termination (return value 0)
		Usr 0 00:00:06, Sys 0 00:00:00  -  Run Remote Usage
		Usr 0 00:00:00, Sys 0 00:00:00  -  Run Local Usage
		Usr 0 00:00:00, Sys 0 00:00:00  -  Total Remote Usage
		Usr 0 00:00:00, Sys 0 00:00:00  -  Total Local Usage
	12454  -  Run Bytes Sent By Job
	268728  -  Run Bytes Received By Job
	12454  -  Total Bytes Sent By Job
	268728  -  Total Bytes Received By Job
	Partitionable Resources :    Usage  Request Allocated 
	   Cpus                 :                 1         1 
	   Disk (KB)            :       53       35    437925 
	   GPUs                 :                           1 
	   Memory (MB)          :        0        0       128 

	Job terminated of its own accord at 2025-01-28T17:53:01Z with exit-code 0.
...
