000 (289696.000.000) 2025-01-29 11:28:49 Job submitted from host: <192.168.0.102:9618?addrs=192.168.0.102-9618&alias=submitter&noUDP&sock=schedd_2032_5c88>
...
014 (289696.000.002) 2025-01-29 11:28:53 Node 2 executing on host: <192.168.0.146:9618?addrs=192.168.0.146-9618&alias=node146.di.rm1&noUDP&sock=startd_1984_6ffc>
...
014 (289696.000.001) 2025-01-29 11:28:53 Node 1 executing on host: <192.168.0.111:9618?addrs=192.168.0.111-9618&alias=node111.di.rm1&noUDP&sock=startd_2044_97ab>
...
014 (289696.000.003) 2025-01-29 11:28:53 Node 3 executing on host: <192.168.0.111:9618?addrs=192.168.0.111-9618&alias=node111.di.rm1&noUDP&sock=startd_2044_97ab>
...
014 (289696.000.000) 2025-01-29 11:28:53 Node 0 executing on host: <192.168.0.145:9618?addrs=192.168.0.145-9618&alias=node145.di.rm1&noUDP&sock=startd_1869_8e98>
...
001 (289696.000.000) 2025-01-29 11:28:53 Job executing on host: MPI_job
...
008 (289696.000.000) 2025-01-29 11:28:56 Launching orted on Node 2 of 4
...
008 (289696.000.000) 2025-01-29 11:28:56 Launching orted on Node 1 of 4
...
008 (289696.000.000) 2025-01-29 11:28:56 Launching orted on Node 3 of 4
...
008 (289696.000.000) 2025-01-29 11:28:56 Launching orted on Node 0 of 4
...
008 (289696.000.000) 2025-01-29 11:28:57 orted exited on Node 1 of 4
...
008 (289696.000.000) 2025-01-29 11:28:57 orted exited on Node 3 of 4
...
008 (289696.000.000) 2025-01-29 11:28:57 orted exited on Node 2 of 4
...
008 (289696.000.000) 2025-01-29 11:28:57 orted exited on Node 0 of 4
...
015 (289696.000.002) 2025-01-29 11:28:57 Node 2 terminated.
	(1) Normal termination (return value 0)
		Usr 0 00:00:02, Sys 0 00:00:01  -  Run Remote Usage
		Usr 0 00:00:00, Sys 0 00:00:00  -  Run Local Usage
		Usr 0 00:00:02, Sys 0 00:00:01  -  Total Remote Usage
		Usr 0 00:00:00, Sys 0 00:00:00  -  Total Local Usage
	2341  -  Run Bytes Sent By Node
	33791  -  Run Bytes Received By Node
	2341  -  Total Bytes Sent By Node
	33791  -  Total Bytes Received By Node
...
015 (289696.000.001) 2025-01-29 11:28:57 Node 1 terminated.
	(1) Normal termination (return value 0)
		Usr 0 00:00:02, Sys 0 00:00:00  -  Run Remote Usage
		Usr 0 00:00:00, Sys 0 00:00:00  -  Run Local Usage
		Usr 0 00:00:02, Sys 0 00:00:00  -  Total Remote Usage
		Usr 0 00:00:00, Sys 0 00:00:00  -  Total Local Usage
	2363  -  Run Bytes Sent By Node
	33791  -  Run Bytes Received By Node
	2363  -  Total Bytes Sent By Node
	33791  -  Total Bytes Received By Node
...
015 (289696.000.003) 2025-01-29 11:28:57 Node 3 terminated.
	(1) Normal termination (return value 0)
		Usr 0 00:00:02, Sys 0 00:00:00  -  Run Remote Usage
		Usr 0 00:00:00, Sys 0 00:00:00  -  Run Local Usage
		Usr 0 00:00:02, Sys 0 00:00:00  -  Total Remote Usage
		Usr 0 00:00:00, Sys 0 00:00:00  -  Total Local Usage
	2363  -  Run Bytes Sent By Node
	33791  -  Run Bytes Received By Node
	2363  -  Total Bytes Sent By Node
	33791  -  Total Bytes Received By Node
...
015 (289696.000.000) 2025-01-29 11:28:58 Node 0 terminated.
	(1) Normal termination (return value 0)
		Usr 0 00:00:00, Sys 0 00:00:00  -  Run Remote Usage
		Usr 0 00:00:00, Sys 0 00:00:00  -  Run Local Usage
		Usr 0 00:00:00, Sys 0 00:00:00  -  Total Remote Usage
		Usr 0 00:00:00, Sys 0 00:00:00  -  Total Local Usage
	3437  -  Run Bytes Sent By Node
	33791  -  Run Bytes Received By Node
	3437  -  Total Bytes Sent By Node
	33791  -  Total Bytes Received By Node
...
005 (289696.000.000) 2025-01-29 11:28:58 Job terminated.
	(1) Normal termination (return value 0)
		Usr 0 00:00:06, Sys 0 00:00:01  -  Run Remote Usage
		Usr 0 00:00:00, Sys 0 00:00:00  -  Run Local Usage
		Usr 0 00:00:00, Sys 0 00:00:00  -  Total Remote Usage
		Usr 0 00:00:00, Sys 0 00:00:00  -  Total Local Usage
	10504  -  Run Bytes Sent By Job
	135164  -  Run Bytes Received By Job
	10504  -  Total Bytes Sent By Job
	135164  -  Total Bytes Received By Job
	Partitionable Resources :    Usage  Request Allocated 
	   Cpus                 :                 2         2 
	   Disk (KB)            :       51       35 102711052 
	   Memory (MB)          :        0        0    100096 

	Job terminated of its own accord at 2025-01-29T11:28:57Z with exit-code 0.
...
