000 (271419.000.000) 2025-01-22 01:00:24 Job submitted from host: <192.168.0.102:9618?addrs=192.168.0.102-9618&alias=submitter&noUDP&sock=schedd_2032_5c88>
...
001 (271419.000.000) 2025-01-22 01:00:43 Job executing on host: <192.168.0.109:9618?addrs=192.168.0.109-9618&alias=node109.di.rm1&noUDP&sock=startd_1627_90ad>
...
006 (271419.000.000) 2025-01-22 01:00:52 Image size of job updated: 460808
	450  -  MemoryUsage of job (MB)
	460016  -  ResidentSetSize of job (KB)
...
006 (271419.000.000) 2025-01-22 01:01:25 Image size of job updated: 2043092
	451  -  MemoryUsage of job (MB)
	460808  -  ResidentSetSize of job (KB)
...
004 (271419.000.000) 2025-01-22 01:01:25 Job was evicted.
	(0) CPU times
		Usr 0 00:00:41, Sys 0 00:00:01  -  Run Remote Usage
		Usr 0 00:00:00, Sys 0 00:00:00  -  Run Local Usage
	0  -  Run Bytes Sent By Job
	0  -  Run Bytes Received By Job
	Partitionable Resources :    Usage  Request Allocated 
	   Cpus                 :                 1         1 
	   Disk (KB)            :       27       27    468160 
	   Memory (MB)          :      451        1       128 
...
009 (271419.000.000) 2025-01-22 01:01:25 Job was aborted.
	via condor_rm (by user calzona_2046920)
...
000 (277573.000.000) 2025-01-24 06:41:21 Job submitted from host: <192.168.0.102:9618?addrs=192.168.0.102-9618&alias=submitter&noUDP&sock=schedd_2032_5c88>
...
001 (277573.000.000) 2025-01-24 06:41:42 Job executing on host: <192.168.0.147:9618?addrs=192.168.0.147-9618&alias=node147.di.rm1&noUDP&sock=startd_1513_5ee1>
...
006 (277573.000.000) 2025-01-24 06:41:50 Image size of job updated: 409332
	400  -  MemoryUsage of job (MB)
	409332  -  ResidentSetSize of job (KB)
...
006 (277573.000.000) 2025-01-24 06:42:42 Image size of job updated: 2215968
	400  -  MemoryUsage of job (MB)
	409332  -  ResidentSetSize of job (KB)
...
005 (277573.000.000) 2025-01-24 06:42:42 Job terminated.
	(1) Normal termination (return value 0)
		Usr 0 00:04:58, Sys 0 00:00:08  -  Run Remote Usage
		Usr 0 00:00:00, Sys 0 00:00:00  -  Run Local Usage
		Usr 0 00:04:58, Sys 0 00:00:08  -  Total Remote Usage
		Usr 0 00:00:00, Sys 0 00:00:00  -  Total Local Usage
	0  -  Run Bytes Sent By Job
	0  -  Run Bytes Received By Job
	0  -  Total Bytes Sent By Job
	0  -  Total Bytes Received By Job
	Partitionable Resources :    Usage  Request Allocated 
	   Cpus                 :        0        1         1 
	   Disk (KB)            :       27       27    469805 
	   Memory (MB)          :      400        1       128 

	Job terminated of its own accord at 2025-01-24T06:42:42Z with exit-code 0.
...
