000 (270053.000.000) 2025-01-21 23:24:40 Job submitted from host: <192.168.0.102:9618?addrs=192.168.0.102-9618&alias=submitter&noUDP&sock=schedd_2032_5c88>
...
001 (270053.000.000) 2025-01-21 23:24:42 Job executing on host: <192.168.0.151:9618?addrs=192.168.0.151-9618&alias=node151.di.rm1&noUDP&sock=startd_1528_a8cd>
...
006 (270053.000.000) 2025-01-21 23:24:51 Image size of job updated: 1352676
	599  -  MemoryUsage of job (MB)
	613316  -  ResidentSetSize of job (KB)
...
006 (270053.000.000) 2025-01-21 23:25:42 Image size of job updated: 3848268
	600  -  MemoryUsage of job (MB)
	613844  -  ResidentSetSize of job (KB)
...
004 (270053.000.000) 2025-01-21 23:25:42 Job was evicted.
	(0) CPU times
		Usr 0 00:00:58, Sys 0 00:00:02  -  Run Remote Usage
		Usr 0 00:00:00, Sys 0 00:00:00  -  Run Local Usage
	0  -  Run Bytes Sent By Job
	0  -  Run Bytes Received By Job
	Partitionable Resources :    Usage  Request Allocated 
	   Cpus                 :                 1         1 
	   Disk (KB)            :       27       27    474791 
	   Memory (MB)          :      600        1       128 
...
009 (270053.000.000) 2025-01-21 23:25:42 Job was aborted.
	via condor_rm (by user calzona_2046920)
...
000 (276211.000.000) 2025-01-24 04:07:41 Job submitted from host: <192.168.0.102:9618?addrs=192.168.0.102-9618&alias=submitter&noUDP&sock=schedd_2032_5c88>
...
001 (276211.000.000) 2025-01-24 04:07:41 Job executing on host: <192.168.0.147:9618?addrs=192.168.0.147-9618&alias=node147.di.rm1&noUDP&sock=startd_1513_5ee1>
...
006 (276211.000.000) 2025-01-24 04:07:50 Image size of job updated: 1246284
	605  -  MemoryUsage of job (MB)
	618816  -  ResidentSetSize of job (KB)
...
006 (276211.000.000) 2025-01-24 04:09:43 Image size of job updated: 6764356
	605  -  MemoryUsage of job (MB)
	618948  -  ResidentSetSize of job (KB)
...
004 (276211.000.000) 2025-01-24 04:09:43 Job was evicted.
	(0) CPU times
		Usr 0 00:03:11, Sys 0 00:00:05  -  Run Remote Usage
		Usr 0 00:00:00, Sys 0 00:00:00  -  Run Local Usage
	0  -  Run Bytes Sent By Job
	0  -  Run Bytes Received By Job
	Partitionable Resources :    Usage  Request Allocated 
	   Cpus                 :                 1         1 
	   Disk (KB)            :       27       27    469805 
	   Memory (MB)          :      605        1       128 
...
009 (276211.000.000) 2025-01-24 04:09:43 Job was aborted.
	via condor_rm (by user calzona_2046920)
...
