000 (290134.000.000) 2025-01-29 12:22:44 Job submitted from host: <192.168.0.102:9618?addrs=192.168.0.102-9618&alias=submitter&noUDP&sock=schedd_2032_5c88>
...
014 (290134.000.001) 2025-01-29 12:22:47 Node 1 executing on host: <192.168.0.114:9618?addrs=192.168.0.114-9618&alias=node114.di.rm1&noUDP&sock=startd_2075_db1b>
...
014 (290134.000.002) 2025-01-29 12:22:47 Node 2 executing on host: <192.168.0.139:9618?addrs=192.168.0.139-9618&alias=node139.di.rm1&noUDP&sock=startd_1966_1748>
...
014 (290134.000.004) 2025-01-29 12:22:47 Node 4 executing on host: <192.168.0.139:9618?addrs=192.168.0.139-9618&alias=node139.di.rm1&noUDP&sock=startd_1966_1748>
...
014 (290134.000.003) 2025-01-29 12:22:47 Node 3 executing on host: <192.168.0.104:9618?addrs=192.168.0.104-9618&alias=node104.di.rm1&noUDP&sock=startd_1987_7ec5>
...
014 (290134.000.006) 2025-01-29 12:22:47 Node 6 executing on host: <192.168.0.115:9618?addrs=192.168.0.115-9618&alias=node115.di.rm1&noUDP&sock=startd_1101621_f4a0>
...
014 (290134.000.000) 2025-01-29 12:22:47 Node 0 executing on host: <192.168.0.109:9618?addrs=192.168.0.109-9618&alias=node109.di.rm1&noUDP&sock=startd_1627_90ad>
...
014 (290134.000.007) 2025-01-29 12:22:47 Node 7 executing on host: <192.168.0.139:9618?addrs=192.168.0.139-9618&alias=node139.di.rm1&noUDP&sock=startd_1966_1748>
...
014 (290134.000.005) 2025-01-29 12:22:47 Node 5 executing on host: <192.168.0.149:9618?addrs=192.168.0.149-9618&alias=node149.di.rm1&noUDP&sock=startd_1551_6f7a>
...
001 (290134.000.000) 2025-01-29 12:22:47 Job executing on host: MPI_job
...
008 (290134.000.000) 2025-01-29 12:22:49 Launching orted on Node 1 of 8
...
008 (290134.000.000) 2025-01-29 12:22:49 Launching orted on Node 6 of 8
...
008 (290134.000.000) 2025-01-29 12:22:49 Launching orted on Node 3 of 8
...
008 (290134.000.000) 2025-01-29 12:22:49 Launching orted on Node 4 of 8
...
008 (290134.000.000) 2025-01-29 12:22:49 Launching orted on Node 7 of 8
...
008 (290134.000.000) 2025-01-29 12:22:49 Launching orted on Node 2 of 8
...
008 (290134.000.000) 2025-01-29 12:22:49 Launching orted on Node 0 of 8
...
008 (290134.000.000) 2025-01-29 12:22:49 Launching orted on Node 5 of 8
...
008 (290134.000.000) 2025-01-29 12:22:59 orted exited on Node 3 of 8
...
008 (290134.000.000) 2025-01-29 12:22:59 orted exited on Node 0 of 8
...
008 (290134.000.000) 2025-01-29 12:22:59 orted exited on Node 1 of 8
...
008 (290134.000.000) 2025-01-29 12:22:59 orted exited on Node 4 of 8
...
008 (290134.000.000) 2025-01-29 12:22:59 orted exited on Node 6 of 8
...
008 (290134.000.000) 2025-01-29 12:22:59 orted exited on Node 2 of 8
...
008 (290134.000.000) 2025-01-29 12:22:59 orted exited on Node 5 of 8
...
008 (290134.000.000) 2025-01-29 12:22:59 orted exited on Node 7 of 8
...
015 (290134.000.001) 2025-01-29 12:22:59 Node 1 terminated.
	(1) Normal termination (return value 0)
		Usr 0 00:00:31, Sys 0 00:00:05  -  Run Remote Usage
		Usr 0 00:00:00, Sys 0 00:00:00  -  Run Local Usage
		Usr 0 00:00:31, Sys 0 00:00:05  -  Total Remote Usage
		Usr 0 00:00:00, Sys 0 00:00:00  -  Total Local Usage
	2341  -  Run Bytes Sent By Node
	33791  -  Run Bytes Received By Node
	2341  -  Total Bytes Sent By Node
	33791  -  Total Bytes Received By Node
...
015 (290134.000.006) 2025-01-29 12:22:59 Node 6 terminated.
	(1) Normal termination (return value 0)
		Usr 0 00:00:31, Sys 0 00:00:06  -  Run Remote Usage
		Usr 0 00:00:00, Sys 0 00:00:00  -  Run Local Usage
		Usr 0 00:00:31, Sys 0 00:00:06  -  Total Remote Usage
		Usr 0 00:00:00, Sys 0 00:00:00  -  Total Local Usage
	2341  -  Run Bytes Sent By Node
	33791  -  Run Bytes Received By Node
	2341  -  Total Bytes Sent By Node
	33791  -  Total Bytes Received By Node
...
015 (290134.000.003) 2025-01-29 12:22:59 Node 3 terminated.
	(1) Normal termination (return value 0)
		Usr 0 00:00:31, Sys 0 00:00:05  -  Run Remote Usage
		Usr 0 00:00:00, Sys 0 00:00:00  -  Run Local Usage
		Usr 0 00:00:31, Sys 0 00:00:05  -  Total Remote Usage
		Usr 0 00:00:00, Sys 0 00:00:00  -  Total Local Usage
	2341  -  Run Bytes Sent By Node
	33791  -  Run Bytes Received By Node
	2341  -  Total Bytes Sent By Node
	33791  -  Total Bytes Received By Node
...
015 (290134.000.000) 2025-01-29 12:22:59 Node 0 terminated.
	(1) Normal termination (return value 0)
		Usr 0 00:00:00, Sys 0 00:00:00  -  Run Remote Usage
		Usr 0 00:00:00, Sys 0 00:00:00  -  Run Local Usage
		Usr 0 00:00:00, Sys 0 00:00:00  -  Total Remote Usage
		Usr 0 00:00:00, Sys 0 00:00:00  -  Total Local Usage
	3443  -  Run Bytes Sent By Node
	33791  -  Run Bytes Received By Node
	3443  -  Total Bytes Sent By Node
	33791  -  Total Bytes Received By Node
...
005 (290134.000.000) 2025-01-29 12:22:59 Job terminated.
	(1) Normal termination (return value 0)
		Usr 0 00:03:36, Sys 0 00:00:37  -  Run Remote Usage
		Usr 0 00:00:00, Sys 0 00:00:00  -  Run Local Usage
		Usr 0 00:00:00, Sys 0 00:00:00  -  Total Remote Usage
		Usr 0 00:00:00, Sys 0 00:00:00  -  Total Local Usage
	10466  -  Run Bytes Sent By Job
	270328  -  Run Bytes Received By Job
	10466  -  Total Bytes Sent By Job
	270328  -  Total Bytes Received By Job
	Partitionable Resources :    Usage  Request Allocated 
	   Cpus                 :                 4         4 
	   Disk (KB)            :       52       35    468160 
	   Memory (MB)          :     1239        0       128 

	Job terminated of its own accord at 2025-01-29T12:22:59Z with exit-code 0.
...
