000 (295510.000.000) 2025-01-31 02:23:09 Job submitted from host: <192.168.0.102:9618?addrs=192.168.0.102-9618&alias=submitter&noUDP&sock=schedd_4045053_7bc0>
...
014 (295510.000.001) 2025-01-31 02:23:16 Node 1 executing on host: <192.168.0.113:9618?addrs=192.168.0.113-9618&alias=node113.di.rm1&noUDP&sock=startd_3668932_c305>
...
014 (295510.000.002) 2025-01-31 02:23:16 Node 2 executing on host: <192.168.0.109:9618?addrs=192.168.0.109-9618&alias=node109.di.rm1&noUDP&sock=startd_1627_90ad>
...
014 (295510.000.003) 2025-01-31 02:23:16 Node 3 executing on host: <192.168.0.113:9618?addrs=192.168.0.113-9618&alias=node113.di.rm1&noUDP&sock=startd_3668932_c305>
...
014 (295510.000.004) 2025-01-31 02:23:16 Node 4 executing on host: <192.168.0.109:9618?addrs=192.168.0.109-9618&alias=node109.di.rm1&noUDP&sock=startd_1627_90ad>
...
014 (295510.000.000) 2025-01-31 02:23:17 Node 0 executing on host: <192.168.0.112:9618?addrs=192.168.0.112-9618&alias=node112.di.rm1&noUDP&sock=startd_2169_5502>
...
014 (295510.000.007) 2025-01-31 02:23:17 Node 7 executing on host: <192.168.0.113:9618?addrs=192.168.0.113-9618&alias=node113.di.rm1&noUDP&sock=startd_3668932_c305>
...
014 (295510.000.005) 2025-01-31 02:23:17 Node 5 executing on host: <192.168.0.104:9618?addrs=192.168.0.104-9618&alias=node104.di.rm1&noUDP&sock=startd_1987_7ec5>
...
014 (295510.000.006) 2025-01-31 02:23:17 Node 6 executing on host: <192.168.0.148:9618?addrs=192.168.0.148-9618&alias=node148.di.rm1&noUDP&sock=startd_1547_b119>
...
001 (295510.000.000) 2025-01-31 02:23:17 Job executing on host: MPI_job
...
008 (295510.000.000) 2025-01-31 02:23:19 Launching orted on Node 1 of 8
...
008 (295510.000.000) 2025-01-31 02:23:19 Launching orted on Node 4 of 8
...
008 (295510.000.000) 2025-01-31 02:23:19 Launching orted on Node 2 of 8
...
008 (295510.000.000) 2025-01-31 02:23:19 Launching orted on Node 0 of 8
...
008 (295510.000.000) 2025-01-31 02:23:19 Launching orted on Node 3 of 8
...
008 (295510.000.000) 2025-01-31 02:23:19 Launching orted on Node 7 of 8
...
008 (295510.000.000) 2025-01-31 02:23:19 Launching orted on Node 5 of 8
...
008 (295510.000.000) 2025-01-31 02:23:19 Launching orted on Node 6 of 8
...
008 (295510.000.000) 2025-01-31 02:23:27 orted exited on Node 6 of 8
...
008 (295510.000.000) 2025-01-31 02:23:27 orted exited on Node 0 of 8
...
008 (295510.000.000) 2025-01-31 02:23:27 orted exited on Node 1 of 8
...
008 (295510.000.000) 2025-01-31 02:23:27 orted exited on Node 2 of 8
...
008 (295510.000.000) 2025-01-31 02:23:27 orted exited on Node 3 of 8
...
008 (295510.000.000) 2025-01-31 02:23:27 orted exited on Node 4 of 8
...
008 (295510.000.000) 2025-01-31 02:23:27 orted exited on Node 5 of 8
...
008 (295510.000.000) 2025-01-31 02:23:27 orted exited on Node 7 of 8
...
015 (295510.000.002) 2025-01-31 02:23:28 Node 2 terminated.
	(1) Normal termination (return value 0)
		Usr 0 00:00:08, Sys 0 00:00:01  -  Run Remote Usage
		Usr 0 00:00:00, Sys 0 00:00:00  -  Run Local Usage
		Usr 0 00:00:08, Sys 0 00:00:01  -  Total Remote Usage
		Usr 0 00:00:00, Sys 0 00:00:00  -  Total Local Usage
	2333  -  Run Bytes Sent By Node
	33831  -  Run Bytes Received By Node
	2333  -  Total Bytes Sent By Node
	33831  -  Total Bytes Received By Node
...
015 (295510.000.005) 2025-01-31 02:23:28 Node 5 terminated.
	(1) Normal termination (return value 0)
		Usr 0 00:00:08, Sys 0 00:00:00  -  Run Remote Usage
		Usr 0 00:00:00, Sys 0 00:00:00  -  Run Local Usage
		Usr 0 00:00:08, Sys 0 00:00:00  -  Total Remote Usage
		Usr 0 00:00:00, Sys 0 00:00:00  -  Total Local Usage
	2333  -  Run Bytes Sent By Node
	33831  -  Run Bytes Received By Node
	2333  -  Total Bytes Sent By Node
	33831  -  Total Bytes Received By Node
...
015 (295510.000.004) 2025-01-31 02:23:28 Node 4 terminated.
	(1) Normal termination (return value 0)
		Usr 0 00:00:08, Sys 0 00:00:00  -  Run Remote Usage
		Usr 0 00:00:00, Sys 0 00:00:00  -  Run Local Usage
		Usr 0 00:00:08, Sys 0 00:00:00  -  Total Remote Usage
		Usr 0 00:00:00, Sys 0 00:00:00  -  Total Local Usage
	2333  -  Run Bytes Sent By Node
	33831  -  Run Bytes Received By Node
	2333  -  Total Bytes Sent By Node
	33831  -  Total Bytes Received By Node
...
015 (295510.000.001) 2025-01-31 02:23:28 Node 1 terminated.
	(1) Normal termination (return value 0)
		Usr 0 00:00:09, Sys 0 00:00:00  -  Run Remote Usage
		Usr 0 00:00:00, Sys 0 00:00:00  -  Run Local Usage
		Usr 0 00:00:09, Sys 0 00:00:00  -  Total Remote Usage
		Usr 0 00:00:00, Sys 0 00:00:00  -  Total Local Usage
	2355  -  Run Bytes Sent By Node
	33831  -  Run Bytes Received By Node
	2355  -  Total Bytes Sent By Node
	33831  -  Total Bytes Received By Node
...
015 (295510.000.007) 2025-01-31 02:23:28 Node 7 terminated.
	(1) Normal termination (return value 0)
		Usr 0 00:00:08, Sys 0 00:00:01  -  Run Remote Usage
		Usr 0 00:00:00, Sys 0 00:00:00  -  Run Local Usage
		Usr 0 00:00:08, Sys 0 00:00:01  -  Total Remote Usage
		Usr 0 00:00:00, Sys 0 00:00:00  -  Total Local Usage
	2355  -  Run Bytes Sent By Node
	33831  -  Run Bytes Received By Node
	2355  -  Total Bytes Sent By Node
	33831  -  Total Bytes Received By Node
...
015 (295510.000.003) 2025-01-31 02:23:28 Node 3 terminated.
	(1) Normal termination (return value 0)
		Usr 0 00:00:08, Sys 0 00:00:00  -  Run Remote Usage
		Usr 0 00:00:00, Sys 0 00:00:00  -  Run Local Usage
		Usr 0 00:00:08, Sys 0 00:00:00  -  Total Remote Usage
		Usr 0 00:00:00, Sys 0 00:00:00  -  Total Local Usage
	2355  -  Run Bytes Sent By Node
	33831  -  Run Bytes Received By Node
	2355  -  Total Bytes Sent By Node
	33831  -  Total Bytes Received By Node
...
015 (295510.000.000) 2025-01-31 02:23:28 Node 0 terminated.
	(1) Normal termination (return value 0)
		Usr 0 00:00:00, Sys 0 00:00:01  -  Run Remote Usage
		Usr 0 00:00:00, Sys 0 00:00:00  -  Run Local Usage
		Usr 0 00:00:00, Sys 0 00:00:01  -  Total Remote Usage
		Usr 0 00:00:00, Sys 0 00:00:00  -  Total Local Usage
	3943  -  Run Bytes Sent By Node
	33831  -  Run Bytes Received By Node
	3943  -  Total Bytes Sent By Node
	33831  -  Total Bytes Received By Node
...
015 (295510.000.006) 2025-01-31 02:23:28 Node 6 terminated.
	(1) Normal termination (return value 0)
		Usr 0 00:00:08, Sys 0 00:00:00  -  Run Remote Usage
		Usr 0 00:00:00, Sys 0 00:00:00  -  Run Local Usage
		Usr 0 00:00:08, Sys 0 00:00:00  -  Total Remote Usage
		Usr 0 00:00:00, Sys 0 00:00:00  -  Total Local Usage
	2333  -  Run Bytes Sent By Node
	33831  -  Run Bytes Received By Node
	2333  -  Total Bytes Sent By Node
	33831  -  Total Bytes Received By Node
...
005 (295510.000.000) 2025-01-31 02:23:28 Job terminated.
	(1) Normal termination (return value 0)
		Usr 0 00:00:57, Sys 0 00:00:03  -  Run Remote Usage
		Usr 0 00:00:00, Sys 0 00:00:00  -  Run Local Usage
		Usr 0 00:00:00, Sys 0 00:00:01  -  Total Remote Usage
		Usr 0 00:00:00, Sys 0 00:00:00  -  Total Local Usage
	20340  -  Run Bytes Sent By Job
	270648  -  Run Bytes Received By Job
	20340  -  Total Bytes Sent By Job
	270648  -  Total Bytes Received By Job
	Partitionable Resources :    Usage  Request Allocated 
	   Cpus                 :                 1         2 
	   Disk (KB)            :       53       35 102912356 
	   GPUs                 :                           0 
	   Memory (MB)          :      317        0    100096 

	Job terminated of its own accord at 2025-01-31T02:23:27Z with exit-code 0.
...
