000 (267964.000.000) 2025-01-21 21:07:13 Job submitted from host: <192.168.0.102:9618?addrs=192.168.0.102-9618&alias=submitter&noUDP&sock=schedd_2032_5c88>
...
001 (267964.000.000) 2025-01-21 21:07:14 Job executing on host: <192.168.0.137:9618?addrs=192.168.0.137-9618&alias=node137.di.rm1&noUDP&sock=startd_1934_2440>
...
006 (267964.000.000) 2025-01-21 21:07:23 Image size of job updated: 504372
	493  -  MemoryUsage of job (MB)
	504372  -  ResidentSetSize of job (KB)
...
006 (267964.000.000) 2025-01-21 21:07:54 Image size of job updated: 2320632
	493  -  MemoryUsage of job (MB)
	504504  -  ResidentSetSize of job (KB)
...
004 (267964.000.000) 2025-01-21 21:07:54 Job was evicted.
	(0) CPU times
		Usr 0 00:00:38, Sys 0 00:00:00  -  Run Remote Usage
		Usr 0 00:00:00, Sys 0 00:00:00  -  Run Local Usage
	0  -  Run Bytes Sent By Job
	0  -  Run Bytes Received By Job
	Partitionable Resources :    Usage  Request Allocated 
	   Cpus                 :                 1         1 
	   Disk (KB)            :       27       27    391050 
	   Memory (MB)          :      493        1       128 
...
009 (267964.000.000) 2025-01-21 21:07:54 Job was aborted.
	via condor_rm (by user calzona_2046920)
...
