000 (263090.000.000) 2025-01-17 11:20:42 Job submitted from host: <192.168.0.102:9618?addrs=192.168.0.102-9618&alias=submitter&noUDP&sock=schedd_2032_5c88>
...
001 (263090.000.000) 2025-01-17 11:20:53 Job executing on host: <192.168.0.123:9618?addrs=192.168.0.123-9618&alias=node123.di.rm1&noUDP&sock=startd_2149_9d1d>
...
006 (263090.000.000) 2025-01-17 11:21:01 Image size of job updated: 1404684
	429  -  MemoryUsage of job (MB)
	439296  -  ResidentSetSize of job (KB)
...
006 (263090.000.000) 2025-01-17 11:26:01 Image size of job updated: 12606732
	11605  -  MemoryUsage of job (MB)
	11882576  -  ResidentSetSize of job (KB)
...
006 (263090.000.000) 2025-01-17 11:32:40 Image size of job updated: 18735888
	17393  -  MemoryUsage of job (MB)
	17809468  -  ResidentSetSize of job (KB)
...
006 (263090.000.000) 2025-01-17 11:33:23 Image size of job updated: 18940092
	17393  -  MemoryUsage of job (MB)
	17809600  -  ResidentSetSize of job (KB)
...
004 (263090.000.000) 2025-01-17 11:33:23 Job was evicted.
	(0) CPU times
		Usr 0 00:07:36, Sys 0 00:03:09  -  Run Remote Usage
		Usr 0 00:00:00, Sys 0 00:00:00  -  Run Local Usage
	0  -  Run Bytes Sent By Job
	0  -  Run Bytes Received By Job
	Partitionable Resources :    Usage  Request Allocated 
	   Cpus                 :     1.00        1         1 
	   Disk (KB)            :    27          27    499900 
	   Gpus (Average)       :                 0         0 
	   Memory (MB)          : 17393           1       128 
...
009 (263090.000.000) 2025-01-17 11:33:23 Job was aborted.
	via condor_rm (by user calzona_2046920)
...
