000 (269731.000.000) 2025-01-21 22:59:39 Job submitted from host: <192.168.0.102:9618?addrs=192.168.0.102-9618&alias=submitter&noUDP&sock=schedd_2032_5c88>
...
001 (269731.000.000) 2025-01-21 22:59:49 Job executing on host: <192.168.0.149:9618?addrs=192.168.0.149-9618&alias=node149.di.rm1&noUDP&sock=startd_1551_6f7a>
...
006 (269731.000.000) 2025-01-21 22:59:57 Image size of job updated: 395896
	385  -  MemoryUsage of job (MB)
	393476  -  ResidentSetSize of job (KB)
...
006 (269731.000.000) 2025-01-21 23:00:32 Image size of job updated: 1968676
	386  -  MemoryUsage of job (MB)
	394400  -  ResidentSetSize of job (KB)
...
005 (269731.000.000) 2025-01-21 23:00:32 Job terminated.
	(1) Normal termination (return value 0)
		Usr 0 00:00:43, Sys 0 00:00:01  -  Run Remote Usage
		Usr 0 00:00:00, Sys 0 00:00:00  -  Run Local Usage
		Usr 0 00:00:43, Sys 0 00:00:01  -  Total Remote Usage
		Usr 0 00:00:00, Sys 0 00:00:00  -  Total Local Usage
	0  -  Run Bytes Sent By Job
	0  -  Run Bytes Received By Job
	0  -  Total Bytes Sent By Job
	0  -  Total Bytes Received By Job
	Partitionable Resources :    Usage  Request Allocated 
	   Cpus                 :                 1         1 
	   Disk (KB)            :       27       27    471944 
	   Memory (MB)          :      386        1       128 

	Job terminated of its own accord at 2025-01-21T23:00:32Z with exit-code 0.
...
000 (275885.000.000) 2025-01-24 03:23:44 Job submitted from host: <192.168.0.102:9618?addrs=192.168.0.102-9618&alias=submitter&noUDP&sock=schedd_2032_5c88>
...
001 (275885.000.000) 2025-01-24 03:23:57 Job executing on host: <192.168.0.147:9618?addrs=192.168.0.147-9618&alias=node147.di.rm1&noUDP&sock=startd_1513_5ee1>
...
006 (275885.000.000) 2025-01-24 03:24:06 Image size of job updated: 441804
	432  -  MemoryUsage of job (MB)
	441804  -  ResidentSetSize of job (KB)
...
006 (275885.000.000) 2025-01-24 03:24:41 Image size of job updated: 2126144
	432  -  MemoryUsage of job (MB)
	441804  -  ResidentSetSize of job (KB)
...
005 (275885.000.000) 2025-01-24 03:24:41 Job terminated.
	(1) Normal termination (return value 0)
		Usr 0 00:00:42, Sys 0 00:00:00  -  Run Remote Usage
		Usr 0 00:00:00, Sys 0 00:00:00  -  Run Local Usage
		Usr 0 00:00:42, Sys 0 00:00:00  -  Total Remote Usage
		Usr 0 00:00:00, Sys 0 00:00:00  -  Total Local Usage
	0  -  Run Bytes Sent By Job
	0  -  Run Bytes Received By Job
	0  -  Total Bytes Sent By Job
	0  -  Total Bytes Received By Job
	Partitionable Resources :    Usage  Request Allocated 
	   Cpus                 :                 1         1 
	   Disk (KB)            :       27       27    469805 
	   Memory (MB)          :      432        1       128 

	Job terminated of its own accord at 2025-01-24T03:24:41Z with exit-code 0.
...
