000 (262914.000.000) 2025-01-17 11:14:23 Job submitted from host: <192.168.0.102:9618?addrs=192.168.0.102-9618&alias=submitter&noUDP&sock=schedd_2032_5c88>
...
001 (262914.000.000) 2025-01-17 11:14:33 Job executing on host: <192.168.0.151:9618?addrs=192.168.0.151-9618&alias=node151.di.rm1&noUDP&sock=startd_1528_a8cd>
...
006 (262914.000.000) 2025-01-17 11:14:42 Image size of job updated: 1867992
	820  -  MemoryUsage of job (MB)
	838728  -  ResidentSetSize of job (KB)
...
006 (262914.000.000) 2025-01-17 11:19:43 Image size of job updated: 28674888
	28003  -  MemoryUsage of job (MB)
	28674888  -  ResidentSetSize of job (KB)
...
006 (262914.000.000) 2025-01-17 11:20:12 Image size of job updated: 32052144
	28004  -  MemoryUsage of job (MB)
	28675152  -  ResidentSetSize of job (KB)
...
004 (262914.000.000) 2025-01-17 11:20:12 Job was evicted.
	(0) CPU times
		Usr 0 00:05:28, Sys 0 00:00:10  -  Run Remote Usage
		Usr 0 00:00:00, Sys 0 00:00:00  -  Run Local Usage
	0  -  Run Bytes Sent By Job
	0  -  Run Bytes Received By Job
	Partitionable Resources :    Usage  Request Allocated 
	   Cpus                 :     1.00        1         1 
	   Disk (KB)            :    27          27    474791 
	   Memory (MB)          : 28004           1       128 
...
009 (262914.000.000) 2025-01-17 11:20:12 Job was aborted.
	via condor_rm (by user calzona_2046920)
...
