000 (268920.000.000) 2025-01-21 22:11:41 Job submitted from host: <192.168.0.102:9618?addrs=192.168.0.102-9618&alias=submitter&noUDP&sock=schedd_2032_5c88>
...
001 (268920.000.000) 2025-01-21 22:12:00 Job executing on host: <192.168.0.151:9618?addrs=192.168.0.151-9618&alias=node151.di.rm1&noUDP&sock=startd_1528_a8cd>
...
006 (268920.000.000) 2025-01-21 22:12:09 Image size of job updated: 27816
	24  -  MemoryUsage of job (MB)
	24156  -  ResidentSetSize of job (KB)
...
004 (268920.000.000) 2025-01-21 22:12:25 Job was evicted.
	(0) CPU times
		Usr 0 00:00:24, Sys 0 00:00:00  -  Run Remote Usage
		Usr 0 00:00:00, Sys 0 00:00:00  -  Run Local Usage
	0  -  Run Bytes Sent By Job
	0  -  Run Bytes Received By Job
	Partitionable Resources :    Usage  Request Allocated 
	   Cpus                 :                 1         1 
	   Disk (KB)            :       27       27    474791 
	   Memory (MB)          :       24        1       128 
...
009 (268920.000.000) 2025-01-21 22:12:25 Job was aborted.
	via condor_rm (by user calzona_2046920)
...
000 (269071.000.000) 2025-01-21 22:19:36 Job submitted from host: <192.168.0.102:9618?addrs=192.168.0.102-9618&alias=submitter&noUDP&sock=schedd_2032_5c88>
...
001 (269071.000.000) 2025-01-21 22:19:39 Job executing on host: <192.168.0.151:9618?addrs=192.168.0.151-9618&alias=node151.di.rm1&noUDP&sock=startd_1528_a8cd>
...
006 (269071.000.000) 2025-01-21 22:19:48 Image size of job updated: 27816
	24  -  MemoryUsage of job (MB)
	23736  -  ResidentSetSize of job (KB)
...
004 (269071.000.000) 2025-01-21 22:19:56 Job was evicted.
	(0) CPU times
		Usr 0 00:00:14, Sys 0 00:00:00  -  Run Remote Usage
		Usr 0 00:00:00, Sys 0 00:00:00  -  Run Local Usage
	0  -  Run Bytes Sent By Job
	0  -  Run Bytes Received By Job
	Partitionable Resources :    Usage  Request Allocated 
	   Cpus                 :                 1         1 
	   Disk (KB)            :       27       27    474791 
	   Memory (MB)          :       24        1       128 
...
009 (269071.000.000) 2025-01-21 22:19:56 Job was aborted.
	via condor_rm (by user calzona_2046920)
...
000 (275312.000.000) 2025-01-24 02:11:36 Job submitted from host: <192.168.0.102:9618?addrs=192.168.0.102-9618&alias=submitter&noUDP&sock=schedd_2032_5c88>
...
001 (275312.000.000) 2025-01-24 02:11:36 Job executing on host: <192.168.0.122:9618?addrs=192.168.0.122-9618&alias=node122.di.rm1&noUDP&sock=startd_2134_5331>
...
006 (275312.000.000) 2025-01-24 02:11:45 Image size of job updated: 27816
	24  -  MemoryUsage of job (MB)
	23844  -  ResidentSetSize of job (KB)
...
004 (275312.000.000) 2025-01-24 02:13:38 Job was evicted.
	(0) CPU times
		Usr 0 00:02:01, Sys 0 00:00:00  -  Run Remote Usage
		Usr 0 00:00:00, Sys 0 00:00:00  -  Run Local Usage
	0  -  Run Bytes Sent By Job
	0  -  Run Bytes Received By Job
	Partitionable Resources :    Usage  Request Allocated 
	   Cpus                 :     1.00        1         1 
	   Disk (KB)            :    27          27    499915 
	   Gpus (Average)       :                 0         0 
	   Memory (MB)          :    24           1       128 
...
009 (275312.000.000) 2025-01-24 02:13:38 Job was aborted.
	via condor_rm (by user calzona_2046920)
...
