000 (263284.000.000) 2025-01-17 11:20:46 Job submitted from host: <192.168.0.102:9618?addrs=192.168.0.102-9618&alias=submitter&noUDP&sock=schedd_2032_5c88>
...
001 (263284.000.000) 2025-01-17 11:20:55 Job executing on host: <192.168.0.114:9618?addrs=192.168.0.114-9618&alias=node114.di.rm1&noUDP&sock=startd_2075_db1b>
...
006 (263284.000.000) 2025-01-17 11:21:03 Image size of job updated: 1462536
	415  -  MemoryUsage of job (MB)
	424908  -  ResidentSetSize of job (KB)
...
006 (263284.000.000) 2025-01-17 11:26:03 Image size of job updated: 12990932
	11794  -  MemoryUsage of job (MB)
	12076812  -  ResidentSetSize of job (KB)
...
006 (263284.000.000) 2025-01-17 11:31:04 Image size of job updated: 24451696
	23121  -  MemoryUsage of job (MB)
	23675520  -  ResidentSetSize of job (KB)
...
006 (263284.000.000) 2025-01-17 11:33:18 Image size of job updated: 29688384
	23121  -  MemoryUsage of job (MB)
	23675520  -  ResidentSetSize of job (KB)
...
004 (263284.000.000) 2025-01-17 11:33:18 Job was evicted.
	(0) CPU times
		Usr 0 00:11:48, Sys 0 00:00:17  -  Run Remote Usage
		Usr 0 00:00:00, Sys 0 00:00:00  -  Run Local Usage
	0  -  Run Bytes Sent By Job
	0  -  Run Bytes Received By Job
	Partitionable Resources :    Usage  Request Allocated 
	   Cpus                 :     0.99        1         1 
	   Disk (KB)            :    27          27    195565 
	   Memory (MB)          : 23121           1       128 
...
009 (263284.000.000) 2025-01-17 11:33:18 Job was aborted.
	via condor_rm (by user calzona_2046920)
...
