000 (272941.000.000) 2025-01-23 10:16:02 Job submitted from host: <192.168.0.102:9618?addrs=192.168.0.102-9618&alias=submitter&noUDP&sock=schedd_2032_5c88>
...
014 (272941.000.000) 2025-01-23 10:16:35 Node 0 executing on host: <192.168.0.105:9618?addrs=192.168.0.105-9618&alias=node105.di.rm1&noUDP&sock=startd_1951_cd5c>
...
014 (272941.000.001) 2025-01-23 10:16:35 Node 1 executing on host: <192.168.0.137:9618?addrs=192.168.0.137-9618&alias=node137.di.rm1&noUDP&sock=startd_1934_2440>
...
001 (272941.000.000) 2025-01-23 10:16:35 Job executing on host: MPI_job
...
008 (272941.000.000) 2025-01-23 10:16:37 Launching orted on Node 0 of 2
...
008 (272941.000.000) 2025-01-23 10:16:37 Launching orted on Node 1 of 2
...
008 (272941.000.000) 2025-01-23 10:16:42 orted exited on Node 1 of 2
...
008 (272941.000.000) 2025-01-23 10:16:42 orted exited on Node 0 of 2
...
015 (272941.000.000) 2025-01-23 10:16:42 Node 0 terminated.
	(1) Normal termination (return value 0)
		Usr 0 00:00:00, Sys 0 00:00:00  -  Run Remote Usage
		Usr 0 00:00:00, Sys 0 00:00:00  -  Run Local Usage
		Usr 0 00:00:00, Sys 0 00:00:00  -  Total Remote Usage
		Usr 0 00:00:00, Sys 0 00:00:00  -  Total Local Usage
	3256  -  Run Bytes Sent By Node
	33639  -  Run Bytes Received By Node
	3256  -  Total Bytes Sent By Node
	33639  -  Total Bytes Received By Node
...
005 (272941.000.000) 2025-01-23 10:16:42 Job terminated.
	(1) Normal termination (return value 0)
		Usr 0 00:00:04, Sys 0 00:00:00  -  Run Remote Usage
		Usr 0 00:00:00, Sys 0 00:00:00  -  Run Local Usage
		Usr 0 00:00:00, Sys 0 00:00:00  -  Total Remote Usage
		Usr 0 00:00:00, Sys 0 00:00:00  -  Total Local Usage
	3256  -  Run Bytes Sent By Job
	67278  -  Run Bytes Received By Job
	3256  -  Total Bytes Sent By Job
	67278  -  Total Bytes Received By Job
	Partitionable Resources :    Usage  Request Allocated 
	   Cpus                 :                 1         2 
	   Disk (KB)            :       49       35 102901527 
	   Memory (MB)          :        1    11741    100096 

	Job terminated of its own accord at 2025-01-23T10:16:42Z with exit-code 0.
...
000 (272982.000.000) 2025-01-23 10:19:40 Job submitted from host: <192.168.0.102:9618?addrs=192.168.0.102-9618&alias=submitter&noUDP&sock=schedd_2032_5c88>
...
014 (272982.000.000) 2025-01-23 10:19:48 Node 0 executing on host: <192.168.0.135:9618?addrs=192.168.0.135-9618&alias=node135.di.rm1&noUDP&sock=startd_2000_6980>
...
014 (272982.000.001) 2025-01-23 10:19:48 Node 1 executing on host: <192.168.0.123:9618?addrs=192.168.0.123-9618&alias=node123.di.rm1&noUDP&sock=startd_2149_9d1d>
...
001 (272982.000.000) 2025-01-23 10:19:48 Job executing on host: MPI_job
...
008 (272982.000.000) 2025-01-23 10:19:50 Launching orted on Node 0 of 2
...
008 (272982.000.000) 2025-01-23 10:19:50 Launching orted on Node 1 of 2
...
008 (272982.000.000) 2025-01-23 10:19:55 orted exited on Node 0 of 2
...
008 (272982.000.000) 2025-01-23 10:19:55 orted exited on Node 1 of 2
...
015 (272982.000.000) 2025-01-23 10:19:55 Node 0 terminated.
	(1) Normal termination (return value 0)
		Usr 0 00:00:05, Sys 0 00:00:01  -  Run Remote Usage
		Usr 0 00:00:00, Sys 0 00:00:00  -  Run Local Usage
		Usr 0 00:00:05, Sys 0 00:00:01  -  Total Remote Usage
		Usr 0 00:00:00, Sys 0 00:00:00  -  Total Local Usage
	3253  -  Run Bytes Sent By Node
	33639  -  Run Bytes Received By Node
	3253  -  Total Bytes Sent By Node
	33639  -  Total Bytes Received By Node
...
005 (272982.000.000) 2025-01-23 10:19:55 Job terminated.
	(1) Normal termination (return value 0)
		Usr 0 00:00:09, Sys 0 00:00:01  -  Run Remote Usage
		Usr 0 00:00:00, Sys 0 00:00:00  -  Run Local Usage
		Usr 0 00:00:05, Sys 0 00:00:01  -  Total Remote Usage
		Usr 0 00:00:00, Sys 0 00:00:00  -  Total Local Usage
	3253  -  Run Bytes Sent By Job
	67278  -  Run Bytes Received By Job
	3253  -  Total Bytes Sent By Job
	67278  -  Total Bytes Received By Job
	Partitionable Resources :    Usage  Request Allocated 
	   Cpus                 :                 1         2 
	   Disk (KB)            :       49       35 102650546 
	   Memory (MB)          :        1        1    100096 

	Job terminated of its own accord at 2025-01-23T10:19:55Z with exit-code 0.
...
000 (273340.000.000) 2025-01-23 10:54:43 Job submitted from host: <192.168.0.102:9618?addrs=192.168.0.102-9618&alias=submitter&noUDP&sock=schedd_2032_5c88>
...
009 (273340.000.000) 2025-01-23 10:55:24 Job was aborted.
	via condor_rm (by user calzona_2046920)
...
