000 (270634.000.000) 2025-01-22 00:06:19 Job submitted from host: <192.168.0.102:9618?addrs=192.168.0.102-9618&alias=submitter&noUDP&sock=schedd_2032_5c88>
...
001 (270634.000.000) 2025-01-22 00:06:22 Job executing on host: <192.168.0.147:9618?addrs=192.168.0.147-9618&alias=node147.di.rm1&noUDP&sock=startd_1513_5ee1>
...
006 (270634.000.000) 2025-01-22 00:06:31 Image size of job updated: 470712
	460  -  MemoryUsage of job (MB)
	470712  -  ResidentSetSize of job (KB)
...
006 (270634.000.000) 2025-01-22 00:07:05 Image size of job updated: 2077680
	461  -  MemoryUsage of job (MB)
	472032  -  ResidentSetSize of job (KB)
...
005 (270634.000.000) 2025-01-22 00:07:05 Job terminated.
	(1) Normal termination (return value 0)
		Usr 0 00:00:42, Sys 0 00:00:02  -  Run Remote Usage
		Usr 0 00:00:00, Sys 0 00:00:00  -  Run Local Usage
		Usr 0 00:00:42, Sys 0 00:00:02  -  Total Remote Usage
		Usr 0 00:00:00, Sys 0 00:00:00  -  Total Local Usage
	0  -  Run Bytes Sent By Job
	0  -  Run Bytes Received By Job
	0  -  Total Bytes Sent By Job
	0  -  Total Bytes Received By Job
	Partitionable Resources :    Usage  Request Allocated 
	   Cpus                 :                 1         1 
	   Disk (KB)            :       27       27    469805 
	   Memory (MB)          :      461        1       128 

	Job terminated of its own accord at 2025-01-22T00:07:05Z with exit-code 0.
...
