000 (270057.000.000) 2025-01-21 23:24:41 Job submitted from host: <192.168.0.102:9618?addrs=192.168.0.102-9618&alias=submitter&noUDP&sock=schedd_2032_5c88>
...
001 (270057.000.000) 2025-01-21 23:25:00 Job executing on host: <192.168.0.109:9618?addrs=192.168.0.109-9618&alias=node109.di.rm1&noUDP&sock=startd_1627_90ad>
...
006 (270057.000.000) 2025-01-21 23:25:09 Image size of job updated: 620596
	606  -  MemoryUsage of job (MB)
	619672  -  ResidentSetSize of job (KB)
...
006 (270057.000.000) 2025-01-21 23:25:41 Image size of job updated: 2683500
	606  -  MemoryUsage of job (MB)
	620200  -  ResidentSetSize of job (KB)
...
004 (270057.000.000) 2025-01-21 23:25:41 Job was evicted.
	(0) CPU times
		Usr 0 00:00:40, Sys 0 00:00:01  -  Run Remote Usage
		Usr 0 00:00:00, Sys 0 00:00:00  -  Run Local Usage
	0  -  Run Bytes Sent By Job
	0  -  Run Bytes Received By Job
	Partitionable Resources :    Usage  Request Allocated 
	   Cpus                 :                 1         1 
	   Disk (KB)            :       27       27    468160 
	   Memory (MB)          :      606        1       128 
...
009 (270057.000.000) 2025-01-21 23:25:42 Job was aborted.
	via condor_rm (by user calzona_2046920)
...
000 (276215.000.000) 2025-01-24 04:07:41 Job submitted from host: <192.168.0.102:9618?addrs=192.168.0.102-9618&alias=submitter&noUDP&sock=schedd_2032_5c88>
...
001 (276215.000.000) 2025-01-24 04:07:42 Job executing on host: <192.168.0.149:9618?addrs=192.168.0.149-9618&alias=node149.di.rm1&noUDP&sock=startd_1551_6f7a>
...
006 (276215.000.000) 2025-01-24 04:07:50 Image size of job updated: 551528
	539  -  MemoryUsage of job (MB)
	551000  -  ResidentSetSize of job (KB)
...
006 (276215.000.000) 2025-01-24 04:09:43 Image size of job updated: 6764356
	539  -  MemoryUsage of job (MB)
	551132  -  ResidentSetSize of job (KB)
...
004 (276215.000.000) 2025-01-24 04:09:43 Job was evicted.
	(0) CPU times
		Usr 0 00:03:14, Sys 0 00:00:03  -  Run Remote Usage
		Usr 0 00:00:00, Sys 0 00:00:00  -  Run Local Usage
	0  -  Run Bytes Sent By Job
	0  -  Run Bytes Received By Job
	Partitionable Resources :    Usage  Request Allocated 
	   Cpus                 :                 1         1 
	   Disk (KB)            :       27       27    471944 
	   Memory (MB)          :      539        1       128 
...
009 (276215.000.000) 2025-01-24 04:09:43 Job was aborted.
	via condor_rm (by user calzona_2046920)
...
