000 (270810.000.000) 2025-01-22 00:16:34 Job submitted from host: <192.168.0.102:9618?addrs=192.168.0.102-9618&alias=submitter&noUDP&sock=schedd_2032_5c88>
...
001 (270810.000.000) 2025-01-22 00:16:55 Job executing on host: <192.168.0.120:9618?addrs=192.168.0.120-9618&alias=node120.di.rm1&noUDP&sock=startd_2096_4298>
...
006 (270810.000.000) 2025-01-22 00:17:04 Image size of job updated: 436524
	427  -  MemoryUsage of job (MB)
	436524  -  ResidentSetSize of job (KB)
...
006 (270810.000.000) 2025-01-22 00:17:36 Image size of job updated: 625620
	428  -  MemoryUsage of job (MB)
	437316  -  ResidentSetSize of job (KB)
...
004 (270810.000.000) 2025-01-22 00:17:36 Job was evicted.
	(0) CPU times
		Usr 0 00:03:59, Sys 0 00:00:01  -  Run Remote Usage
		Usr 0 00:00:00, Sys 0 00:00:00  -  Run Local Usage
	0  -  Run Bytes Sent By Job
	0  -  Run Bytes Received By Job
	Partitionable Resources :    Usage  Request Allocated 
	   Cpus                 :                 1         1 
	   Disk (KB)            :       27       27    459052 
	   Gpus (Average)       :                 0         0 
	   Memory (MB)          :      428        1       128 
...
009 (270810.000.000) 2025-01-22 00:17:36 Job was aborted.
	via condor_rm (by user calzona_2046920)
...
000 (276964.000.000) 2025-01-24 05:30:52 Job submitted from host: <192.168.0.102:9618?addrs=192.168.0.102-9618&alias=submitter&noUDP&sock=schedd_2032_5c88>
...
001 (276964.000.000) 2025-01-24 05:31:12 Job executing on host: <192.168.0.147:9618?addrs=192.168.0.147-9618&alias=node147.di.rm1&noUDP&sock=startd_1513_5ee1>
...
006 (276964.000.000) 2025-01-24 05:31:21 Image size of job updated: 438768
	429  -  MemoryUsage of job (MB)
	438768  -  ResidentSetSize of job (KB)
...
006 (276964.000.000) 2025-01-24 05:31:57 Image size of job updated: 625620
	429  -  MemoryUsage of job (MB)
	438900  -  ResidentSetSize of job (KB)
...
005 (276964.000.000) 2025-01-24 05:31:57 Job terminated.
	(1) Normal termination (return value 0)
		Usr 0 00:04:33, Sys 0 00:00:01  -  Run Remote Usage
		Usr 0 00:00:00, Sys 0 00:00:00  -  Run Local Usage
		Usr 0 00:04:33, Sys 0 00:00:01  -  Total Remote Usage
		Usr 0 00:00:00, Sys 0 00:00:00  -  Total Local Usage
	0  -  Run Bytes Sent By Job
	0  -  Run Bytes Received By Job
	0  -  Total Bytes Sent By Job
	0  -  Total Bytes Received By Job
	Partitionable Resources :    Usage  Request Allocated 
	   Cpus                 :     8.00        1         1 
	   Disk (KB)            :    27          27    469805 
	   Memory (MB)          :   429           1       128 

	Job terminated of its own accord at 2025-01-24T05:31:57Z with exit-code 0.
...
