000 (272954.000.000) 2025-01-23 10:17:15 Job submitted from host: <192.168.0.102:9618?addrs=192.168.0.102-9618&alias=submitter&noUDP&sock=schedd_2032_5c88>
...
014 (272954.000.002) 2025-01-23 10:17:17 Node 2 executing on host: <192.168.0.134:9618?addrs=192.168.0.134-9618&alias=node134.di.rm1&noUDP&sock=startd_2073_7bea>
...
014 (272954.000.000) 2025-01-23 10:17:17 Node 0 executing on host: <192.168.0.149:9618?addrs=192.168.0.149-9618&alias=node149.di.rm1&noUDP&sock=startd_1551_6f7a>
...
014 (272954.000.001) 2025-01-23 10:17:17 Node 1 executing on host: <192.168.0.123:9618?addrs=192.168.0.123-9618&alias=node123.di.rm1&noUDP&sock=startd_2149_9d1d>
...
014 (272954.000.004) 2025-01-23 10:17:17 Node 4 executing on host: <192.168.0.105:9618?addrs=192.168.0.105-9618&alias=node105.di.rm1&noUDP&sock=startd_1951_cd5c>
...
014 (272954.000.003) 2025-01-23 10:17:17 Node 3 executing on host: <192.168.0.123:9618?addrs=192.168.0.123-9618&alias=node123.di.rm1&noUDP&sock=startd_2149_9d1d>
...
014 (272954.000.007) 2025-01-23 10:17:17 Node 7 executing on host: <192.168.0.149:9618?addrs=192.168.0.149-9618&alias=node149.di.rm1&noUDP&sock=startd_1551_6f7a>
...
014 (272954.000.006) 2025-01-23 10:17:17 Node 6 executing on host: <192.168.0.105:9618?addrs=192.168.0.105-9618&alias=node105.di.rm1&noUDP&sock=startd_1951_cd5c>
...
014 (272954.000.005) 2025-01-23 10:17:17 Node 5 executing on host: <192.168.0.124:9618?addrs=192.168.0.124-9618&alias=node124.di.rm1&noUDP&sock=startd_2143_7f8b>
...
001 (272954.000.000) 2025-01-23 10:17:17 Job executing on host: MPI_job
...
008 (272954.000.000) 2025-01-23 10:17:19 Launching orted on Node 0 of 8
...
008 (272954.000.000) 2025-01-23 10:17:19 Launching orted on Node 7 of 8
...
008 (272954.000.000) 2025-01-23 10:17:19 Launching orted on Node 1 of 8
...
008 (272954.000.000) 2025-01-23 10:17:19 Launching orted on Node 2 of 8
...
008 (272954.000.000) 2025-01-23 10:17:19 Launching orted on Node 3 of 8
...
008 (272954.000.000) 2025-01-23 10:17:19 Launching orted on Node 6 of 8
...
008 (272954.000.000) 2025-01-23 10:17:19 Launching orted on Node 4 of 8
...
008 (272954.000.000) 2025-01-23 10:17:19 Launching orted on Node 5 of 8
...
008 (272954.000.000) 2025-01-23 10:17:21 orted exited on Node 2 of 8
...
008 (272954.000.000) 2025-01-23 10:17:21 orted exited on Node 0 of 8
...
008 (272954.000.000) 2025-01-23 10:17:21 orted exited on Node 1 of 8
...
008 (272954.000.000) 2025-01-23 10:17:21 orted exited on Node 3 of 8
...
008 (272954.000.000) 2025-01-23 10:17:21 orted exited on Node 5 of 8
...
008 (272954.000.000) 2025-01-23 10:17:21 orted exited on Node 7 of 8
...
008 (272954.000.000) 2025-01-23 10:17:21 orted exited on Node 4 of 8
...
008 (272954.000.000) 2025-01-23 10:17:21 orted exited on Node 6 of 8
...
015 (272954.000.007) 2025-01-23 10:17:21 Node 7 terminated.
	(1) Normal termination (return value 0)
		Usr 0 00:00:01, Sys 0 00:00:00  -  Run Remote Usage
		Usr 0 00:00:00, Sys 0 00:00:00  -  Run Local Usage
		Usr 0 00:00:01, Sys 0 00:00:00  -  Total Remote Usage
		Usr 0 00:00:00, Sys 0 00:00:00  -  Total Local Usage
	0  -  Run Bytes Sent By Node
	33639  -  Run Bytes Received By Node
	0  -  Total Bytes Sent By Node
	33639  -  Total Bytes Received By Node
...
015 (272954.000.000) 2025-01-23 10:17:21 Node 0 terminated.
	(1) Normal termination (return value 0)
		Usr 0 00:00:00, Sys 0 00:00:00  -  Run Remote Usage
		Usr 0 00:00:00, Sys 0 00:00:00  -  Run Local Usage
		Usr 0 00:00:00, Sys 0 00:00:00  -  Total Remote Usage
		Usr 0 00:00:00, Sys 0 00:00:00  -  Total Local Usage
	3262  -  Run Bytes Sent By Node
	33639  -  Run Bytes Received By Node
	3262  -  Total Bytes Sent By Node
	33639  -  Total Bytes Received By Node
...
005 (272954.000.000) 2025-01-23 10:17:21 Job terminated.
	(1) Normal termination (return value 0)
		Usr 0 00:00:12, Sys 0 00:00:00  -  Run Remote Usage
		Usr 0 00:00:00, Sys 0 00:00:00  -  Run Local Usage
		Usr 0 00:00:00, Sys 0 00:00:00  -  Total Remote Usage
		Usr 0 00:00:00, Sys 0 00:00:00  -  Total Local Usage
	3262  -  Run Bytes Sent By Job
	269112  -  Run Bytes Received By Job
	3262  -  Total Bytes Sent By Job
	269112  -  Total Bytes Received By Job
	Partitionable Resources :    Usage  Request Allocated 
	   Cpus                 :                 1         2 
	   Disk (KB)            :       50       35 102883670 
	   Memory (MB)          :        0        0    100096 

	Job terminated of its own accord at 2025-01-23T10:17:21Z with exit-code 0.
...
000 (273062.000.000) 2025-01-23 10:24:52 Job submitted from host: <192.168.0.102:9618?addrs=192.168.0.102-9618&alias=submitter&noUDP&sock=schedd_2032_5c88>
...
014 (273062.000.003) 2025-01-23 10:24:54 Node 3 executing on host: <192.168.0.134:9618?addrs=192.168.0.134-9618&alias=node134.di.rm1&noUDP&sock=startd_2073_7bea>
...
014 (273062.000.001) 2025-01-23 10:24:54 Node 1 executing on host: <192.168.0.123:9618?addrs=192.168.0.123-9618&alias=node123.di.rm1&noUDP&sock=startd_2149_9d1d>
...
014 (273062.000.002) 2025-01-23 10:24:54 Node 2 executing on host: <192.168.0.124:9618?addrs=192.168.0.124-9618&alias=node124.di.rm1&noUDP&sock=startd_2143_7f8b>
...
014 (273062.000.006) 2025-01-23 10:24:55 Node 6 executing on host: <192.168.0.139:9618?addrs=192.168.0.139-9618&alias=node139.di.rm1&noUDP&sock=startd_1966_1748>
...
014 (273062.000.005) 2025-01-23 10:24:55 Node 5 executing on host: <192.168.0.123:9618?addrs=192.168.0.123-9618&alias=node123.di.rm1&noUDP&sock=startd_2149_9d1d>
...
014 (273062.000.000) 2025-01-23 10:24:55 Node 0 executing on host: <192.168.0.149:9618?addrs=192.168.0.149-9618&alias=node149.di.rm1&noUDP&sock=startd_1551_6f7a>
...
014 (273062.000.007) 2025-01-23 10:24:55 Node 7 executing on host: <192.168.0.104:9618?addrs=192.168.0.104-9618&alias=node104.di.rm1&noUDP&sock=startd_1987_7ec5>
...
014 (273062.000.004) 2025-01-23 10:24:55 Node 4 executing on host: <192.168.0.143:9618?addrs=192.168.0.143-9618&alias=node143.di.rm1&noUDP&sock=startd_2061_40c7>
...
001 (273062.000.000) 2025-01-23 10:24:55 Job executing on host: MPI_job
...
008 (273062.000.000) 2025-01-23 10:24:57 Launching orted on Node 3 of 8
...
008 (273062.000.000) 2025-01-23 10:24:57 Launching orted on Node 1 of 8
...
008 (273062.000.000) 2025-01-23 10:24:57 Launching orted on Node 2 of 8
...
008 (273062.000.000) 2025-01-23 10:24:57 Launching orted on Node 5 of 8
...
008 (273062.000.000) 2025-01-23 10:24:57 Launching orted on Node 6 of 8
...
008 (273062.000.000) 2025-01-23 10:24:57 Launching orted on Node 7 of 8
...
008 (273062.000.000) 2025-01-23 10:24:57 Launching orted on Node 0 of 8
...
008 (273062.000.000) 2025-01-23 10:24:57 Launching orted on Node 4 of 8
...
008 (273062.000.000) 2025-01-23 10:24:59 orted exited on Node 3 of 8
...
008 (273062.000.000) 2025-01-23 10:24:59 orted exited on Node 7 of 8
...
008 (273062.000.000) 2025-01-23 10:24:59 orted exited on Node 0 of 8
...
008 (273062.000.000) 2025-01-23 10:24:59 orted exited on Node 5 of 8
...
008 (273062.000.000) 2025-01-23 10:24:59 orted exited on Node 6 of 8
...
008 (273062.000.000) 2025-01-23 10:24:59 orted exited on Node 2 of 8
...
008 (273062.000.000) 2025-01-23 10:24:59 orted exited on Node 1 of 8
...
008 (273062.000.000) 2025-01-23 10:24:59 orted exited on Node 4 of 8
...
015 (273062.000.003) 2025-01-23 10:24:59 Node 3 terminated.
	(1) Normal termination (return value 0)
		Usr 0 00:00:02, Sys 0 00:00:00  -  Run Remote Usage
		Usr 0 00:00:00, Sys 0 00:00:00  -  Run Local Usage
		Usr 0 00:00:02, Sys 0 00:00:00  -  Total Remote Usage
		Usr 0 00:00:00, Sys 0 00:00:00  -  Total Local Usage
	2165  -  Run Bytes Sent By Node
	33639  -  Run Bytes Received By Node
	2165  -  Total Bytes Sent By Node
	33639  -  Total Bytes Received By Node
...
015 (273062.000.007) 2025-01-23 10:24:59 Node 7 terminated.
	(1) Normal termination (return value 0)
		Usr 0 00:00:01, Sys 0 00:00:00  -  Run Remote Usage
		Usr 0 00:00:00, Sys 0 00:00:00  -  Run Local Usage
		Usr 0 00:00:01, Sys 0 00:00:00  -  Total Remote Usage
		Usr 0 00:00:00, Sys 0 00:00:00  -  Total Local Usage
	2165  -  Run Bytes Sent By Node
	33639  -  Run Bytes Received By Node
	2165  -  Total Bytes Sent By Node
	33639  -  Total Bytes Received By Node
...
015 (273062.000.002) 2025-01-23 10:24:59 Node 2 terminated.
	(1) Normal termination (return value 0)
		Usr 0 00:00:01, Sys 0 00:00:00  -  Run Remote Usage
		Usr 0 00:00:00, Sys 0 00:00:00  -  Run Local Usage
		Usr 0 00:00:01, Sys 0 00:00:00  -  Total Remote Usage
		Usr 0 00:00:00, Sys 0 00:00:00  -  Total Local Usage
	2187  -  Run Bytes Sent By Node
	33639  -  Run Bytes Received By Node
	2187  -  Total Bytes Sent By Node
	33639  -  Total Bytes Received By Node
...
015 (273062.000.006) 2025-01-23 10:24:59 Node 6 terminated.
	(1) Normal termination (return value 0)
		Usr 0 00:00:01, Sys 0 00:00:00  -  Run Remote Usage
		Usr 0 00:00:00, Sys 0 00:00:00  -  Run Local Usage
		Usr 0 00:00:01, Sys 0 00:00:00  -  Total Remote Usage
		Usr 0 00:00:00, Sys 0 00:00:00  -  Total Local Usage
	2165  -  Run Bytes Sent By Node
	33639  -  Run Bytes Received By Node
	2165  -  Total Bytes Sent By Node
	33639  -  Total Bytes Received By Node
...
015 (273062.000.005) 2025-01-23 10:24:59 Node 5 terminated.
	(1) Normal termination (return value 0)
		Usr 0 00:00:01, Sys 0 00:00:00  -  Run Remote Usage
		Usr 0 00:00:00, Sys 0 00:00:00  -  Run Local Usage
		Usr 0 00:00:01, Sys 0 00:00:00  -  Total Remote Usage
		Usr 0 00:00:00, Sys 0 00:00:00  -  Total Local Usage
	2187  -  Run Bytes Sent By Node
	33639  -  Run Bytes Received By Node
	2187  -  Total Bytes Sent By Node
	33639  -  Total Bytes Received By Node
...
015 (273062.000.001) 2025-01-23 10:24:59 Node 1 terminated.
	(1) Normal termination (return value 0)
		Usr 0 00:00:02, Sys 0 00:00:01  -  Run Remote Usage
		Usr 0 00:00:00, Sys 0 00:00:00  -  Run Local Usage
		Usr 0 00:00:02, Sys 0 00:00:01  -  Total Remote Usage
		Usr 0 00:00:00, Sys 0 00:00:00  -  Total Local Usage
	2187  -  Run Bytes Sent By Node
	33639  -  Run Bytes Received By Node
	2187  -  Total Bytes Sent By Node
	33639  -  Total Bytes Received By Node
...
015 (273062.000.004) 2025-01-23 10:24:59 Node 4 terminated.
	(1) Normal termination (return value 0)
		Usr 0 00:00:01, Sys 0 00:00:00  -  Run Remote Usage
		Usr 0 00:00:00, Sys 0 00:00:00  -  Run Local Usage
		Usr 0 00:00:01, Sys 0 00:00:00  -  Total Remote Usage
		Usr 0 00:00:00, Sys 0 00:00:00  -  Total Local Usage
	2165  -  Run Bytes Sent By Node
	33639  -  Run Bytes Received By Node
	2165  -  Total Bytes Sent By Node
	33639  -  Total Bytes Received By Node
...
015 (273062.000.000) 2025-01-23 10:24:59 Node 0 terminated.
	(1) Normal termination (return value 0)
		Usr 0 00:00:00, Sys 0 00:00:00  -  Run Remote Usage
		Usr 0 00:00:00, Sys 0 00:00:00  -  Run Local Usage
		Usr 0 00:00:00, Sys 0 00:00:00  -  Total Remote Usage
		Usr 0 00:00:00, Sys 0 00:00:00  -  Total Local Usage
	3262  -  Run Bytes Sent By Node
	33639  -  Run Bytes Received By Node
	3262  -  Total Bytes Sent By Node
	33639  -  Total Bytes Received By Node
...
005 (273062.000.000) 2025-01-23 10:24:59 Job terminated.
	(1) Normal termination (return value 0)
		Usr 0 00:00:09, Sys 0 00:00:01  -  Run Remote Usage
		Usr 0 00:00:00, Sys 0 00:00:00  -  Run Local Usage
		Usr 0 00:00:00, Sys 0 00:00:00  -  Total Remote Usage
		Usr 0 00:00:00, Sys 0 00:00:00  -  Total Local Usage
	18483  -  Run Bytes Sent By Job
	269112  -  Run Bytes Received By Job
	18483  -  Total Bytes Sent By Job
	269112  -  Total Bytes Received By Job
	Partitionable Resources :    Usage  Request Allocated 
	   Cpus                 :                 1         2 
	   Disk (KB)            :       50       35 102883670 
	   Memory (MB)          :        1        1    100096 

	Job terminated of its own accord at 2025-01-23T10:24:59Z with exit-code 0.
...
000 (279347.000.000) 2025-01-24 10:34:27 Job submitted from host: <192.168.0.102:9618?addrs=192.168.0.102-9618&alias=submitter&noUDP&sock=schedd_2032_5c88>
...
014 (279347.000.000) 2025-01-24 10:34:30 Node 0 executing on host: <192.168.0.149:9618?addrs=192.168.0.149-9618&alias=node149.di.rm1&noUDP&sock=startd_1551_6f7a>
...
014 (279347.000.003) 2025-01-24 10:34:30 Node 3 executing on host: <192.168.0.141:9618?addrs=192.168.0.141-9618&alias=node141.di.rm1&noUDP&sock=startd_2077_3a4b>
...
014 (279347.000.007) 2025-01-24 10:34:30 Node 7 executing on host: <192.168.0.139:9618?addrs=192.168.0.139-9618&alias=node139.di.rm1&noUDP&sock=startd_1966_1748>
...
014 (279347.000.004) 2025-01-24 10:34:30 Node 4 executing on host: <192.168.0.124:9618?addrs=192.168.0.124-9618&alias=node124.di.rm1&noUDP&sock=startd_2143_7f8b>
...
014 (279347.000.001) 2025-01-24 10:34:30 Node 1 executing on host: <192.168.0.114:9618?addrs=192.168.0.114-9618&alias=node114.di.rm1&noUDP&sock=startd_2075_db1b>
...
014 (279347.000.006) 2025-01-24 10:34:30 Node 6 executing on host: <192.168.0.109:9618?addrs=192.168.0.109-9618&alias=node109.di.rm1&noUDP&sock=startd_1627_90ad>
...
014 (279347.000.005) 2025-01-24 10:34:30 Node 5 executing on host: <192.168.0.133:9618?addrs=192.168.0.133-9618&alias=node133.di.rm1&noUDP&sock=startd_1941_f16a>
...
014 (279347.000.002) 2025-01-24 10:34:30 Node 2 executing on host: <192.168.0.123:9618?addrs=192.168.0.123-9618&alias=node123.di.rm1&noUDP&sock=startd_2149_9d1d>
...
001 (279347.000.000) 2025-01-24 10:34:30 Job executing on host: MPI_job
...
008 (279347.000.000) 2025-01-24 10:34:32 Launching orted on Node 0 of 8
...
008 (279347.000.000) 2025-01-24 10:34:32 Launching orted on Node 3 of 8
...
008 (279347.000.000) 2025-01-24 10:34:32 Launching orted on Node 7 of 8
...
008 (279347.000.000) 2025-01-24 10:34:32 Launching orted on Node 4 of 8
...
008 (279347.000.000) 2025-01-24 10:34:32 Launching orted on Node 6 of 8
...
008 (279347.000.000) 2025-01-24 10:34:32 Launching orted on Node 1 of 8
...
008 (279347.000.000) 2025-01-24 10:34:32 Launching orted on Node 5 of 8
...
008 (279347.000.000) 2025-01-24 10:34:32 Launching orted on Node 2 of 8
...
008 (279347.000.000) 2025-01-24 10:34:34 orted exited on Node 2 of 8
...
008 (279347.000.000) 2025-01-24 10:34:34 orted exited on Node 1 of 8
...
008 (279347.000.000) 2025-01-24 10:34:34 orted exited on Node 4 of 8
...
008 (279347.000.000) 2025-01-24 10:34:34 orted exited on Node 5 of 8
...
008 (279347.000.000) 2025-01-24 10:34:34 orted exited on Node 7 of 8
...
008 (279347.000.000) 2025-01-24 10:34:34 orted exited on Node 0 of 8
...
008 (279347.000.000) 2025-01-24 10:34:34 orted exited on Node 6 of 8
...
008 (279347.000.000) 2025-01-24 10:34:34 orted exited on Node 3 of 8
...
015 (279347.000.000) 2025-01-24 10:34:34 Node 0 terminated.
	(1) Normal termination (return value 0)
		Usr 0 00:00:00, Sys 0 00:00:00  -  Run Remote Usage
		Usr 0 00:00:00, Sys 0 00:00:00  -  Run Local Usage
		Usr 0 00:00:00, Sys 0 00:00:00  -  Total Remote Usage
		Usr 0 00:00:00, Sys 0 00:00:00  -  Total Local Usage
	3262  -  Run Bytes Sent By Node
	33639  -  Run Bytes Received By Node
	3262  -  Total Bytes Sent By Node
	33639  -  Total Bytes Received By Node
...
005 (279347.000.000) 2025-01-24 10:34:34 Job terminated.
	(1) Normal termination (return value 0)
		Usr 0 00:00:09, Sys 0 00:00:00  -  Run Remote Usage
		Usr 0 00:00:00, Sys 0 00:00:00  -  Run Local Usage
		Usr 0 00:00:00, Sys 0 00:00:00  -  Total Remote Usage
		Usr 0 00:00:00, Sys 0 00:00:00  -  Total Local Usage
	3262  -  Run Bytes Sent By Job
	269112  -  Run Bytes Received By Job
	3262  -  Total Bytes Sent By Job
	269112  -  Total Bytes Received By Job
	Partitionable Resources :    Usage  Request Allocated 
	   Cpus                 :                 1         2 
	   Disk (KB)            :       50       35 102883670 
	   Memory (MB)          :        1        0    100096 

	Job terminated of its own accord at 2025-01-24T10:34:34Z with exit-code 0.
...
000 (287668.000.000) 2025-01-28 17:32:33 Job submitted from host: <192.168.0.102:9618?addrs=192.168.0.102-9618&alias=submitter&noUDP&sock=schedd_2032_5c88>
...
014 (287668.000.000) 2025-01-28 17:32:49 Node 0 executing on host: <192.168.0.149:9618?addrs=192.168.0.149-9618&alias=node149.di.rm1&noUDP&sock=startd_1551_6f7a>
...
014 (287668.000.005) 2025-01-28 17:32:49 Node 5 executing on host: <192.168.0.134:9618?addrs=192.168.0.134-9618&alias=node134.di.rm1&noUDP&sock=startd_2073_7bea>
...
014 (287668.000.006) 2025-01-28 17:32:49 Node 6 executing on host: <192.168.0.143:9618?addrs=192.168.0.143-9618&alias=node143.di.rm1&noUDP&sock=startd_2061_40c7>
...
014 (287668.000.002) 2025-01-28 17:32:49 Node 2 executing on host: <192.168.0.124:9618?addrs=192.168.0.124-9618&alias=node124.di.rm1&noUDP&sock=startd_2143_7f8b>
...
014 (287668.000.003) 2025-01-28 17:32:49 Node 3 executing on host: <192.168.0.139:9618?addrs=192.168.0.139-9618&alias=node139.di.rm1&noUDP&sock=startd_1966_1748>
...
014 (287668.000.007) 2025-01-28 17:32:49 Node 7 executing on host: <192.168.0.124:9618?addrs=192.168.0.124-9618&alias=node124.di.rm1&noUDP&sock=startd_2143_7f8b>
...
014 (287668.000.001) 2025-01-28 17:32:49 Node 1 executing on host: <192.168.0.123:9618?addrs=192.168.0.123-9618&alias=node123.di.rm1&noUDP&sock=startd_2149_9d1d>
...
014 (287668.000.004) 2025-01-28 17:32:51 Node 4 executing on host: <192.168.0.104:9618?addrs=192.168.0.104-9618&alias=node104.di.rm1&noUDP&sock=startd_1987_7ec5>
...
001 (287668.000.000) 2025-01-28 17:32:51 Job executing on host: MPI_job
...
008 (287668.000.000) 2025-01-28 17:32:51 Launching orted on Node 0 of 8
...
008 (287668.000.000) 2025-01-28 17:32:51 Launching orted on Node 5 of 8
...
008 (287668.000.000) 2025-01-28 17:32:51 Launching orted on Node 6 of 8
...
008 (287668.000.000) 2025-01-28 17:32:51 Launching orted on Node 2 of 8
...
008 (287668.000.000) 2025-01-28 17:32:51 Launching orted on Node 7 of 8
...
008 (287668.000.000) 2025-01-28 17:32:51 Launching orted on Node 3 of 8
...
008 (287668.000.000) 2025-01-28 17:32:51 Launching orted on Node 1 of 8
...
008 (287668.000.000) 2025-01-28 17:32:53 Launching orted on Node 4 of 8
...
008 (287668.000.000) 2025-01-28 17:32:55 orted exited on Node 2 of 8
...
008 (287668.000.000) 2025-01-28 17:32:55 orted exited on Node 0 of 8
...
008 (287668.000.000) 2025-01-28 17:32:55 orted exited on Node 4 of 8
...
008 (287668.000.000) 2025-01-28 17:32:55 orted exited on Node 7 of 8
...
008 (287668.000.000) 2025-01-28 17:32:55 orted exited on Node 3 of 8
...
008 (287668.000.000) 2025-01-28 17:32:55 orted exited on Node 5 of 8
...
008 (287668.000.000) 2025-01-28 17:32:55 orted exited on Node 6 of 8
...
008 (287668.000.000) 2025-01-28 17:32:55 orted exited on Node 1 of 8
...
015 (287668.000.000) 2025-01-28 17:32:55 Node 0 terminated.
	(1) Normal termination (return value 0)
		Usr 0 00:00:00, Sys 0 00:00:00  -  Run Remote Usage
		Usr 0 00:00:00, Sys 0 00:00:00  -  Run Local Usage
		Usr 0 00:00:00, Sys 0 00:00:00  -  Total Remote Usage
		Usr 0 00:00:00, Sys 0 00:00:00  -  Total Local Usage
	3262  -  Run Bytes Sent By Node
	33591  -  Run Bytes Received By Node
	3262  -  Total Bytes Sent By Node
	33591  -  Total Bytes Received By Node
...
005 (287668.000.000) 2025-01-28 17:32:55 Job terminated.
	(1) Normal termination (return value 0)
		Usr 0 00:00:10, Sys 0 00:00:00  -  Run Remote Usage
		Usr 0 00:00:00, Sys 0 00:00:00  -  Run Local Usage
		Usr 0 00:00:00, Sys 0 00:00:00  -  Total Remote Usage
		Usr 0 00:00:00, Sys 0 00:00:00  -  Total Local Usage
	3262  -  Run Bytes Sent By Job
	268728  -  Run Bytes Received By Job
	3262  -  Total Bytes Sent By Job
	268728  -  Total Bytes Received By Job
	Partitionable Resources :    Usage  Request Allocated 
	   Cpus                 :                 1         2 
	   Disk (KB)            :       51       35 102883670 
	   Memory (MB)          :        0        1    100096 

	Job terminated of its own accord at 2025-01-28T17:32:55Z with exit-code 0.
...
