000 (270485.000.000) 2025-01-21 23:58:35 Job submitted from host: <192.168.0.102:9618?addrs=192.168.0.102-9618&alias=submitter&noUDP&sock=schedd_2032_5c88>
...
001 (270485.000.000) 2025-01-21 23:58:35 Job executing on host: <192.168.0.147:9618?addrs=192.168.0.147-9618&alias=node147.di.rm1&noUDP&sock=startd_1513_5ee1>
...
006 (270485.000.000) 2025-01-21 23:58:44 Image size of job updated: 1526784
	496  -  MemoryUsage of job (MB)
	507672  -  ResidentSetSize of job (KB)
...
006 (270485.000.000) 2025-01-21 23:59:36 Image size of job updated: 3766296
	497  -  MemoryUsage of job (MB)
	508464  -  ResidentSetSize of job (KB)
...
004 (270485.000.000) 2025-01-21 23:59:36 Job was evicted.
	(0) CPU times
		Usr 0 00:00:59, Sys 0 00:00:01  -  Run Remote Usage
		Usr 0 00:00:00, Sys 0 00:00:00  -  Run Local Usage
	0  -  Run Bytes Sent By Job
	0  -  Run Bytes Received By Job
	Partitionable Resources :    Usage  Request Allocated 
	   Cpus                 :                 1         1 
	   Disk (KB)            :       27       27    469805 
	   Memory (MB)          :      497        1       128 
...
009 (270485.000.000) 2025-01-21 23:59:36 Job was aborted.
	via condor_rm (by user calzona_2046920)
...
000 (276639.000.000) 2025-01-24 05:04:23 Job submitted from host: <192.168.0.102:9618?addrs=192.168.0.102-9618&alias=submitter&noUDP&sock=schedd_2032_5c88>
...
001 (276639.000.000) 2025-01-24 05:04:24 Job executing on host: <192.168.0.148:9618?addrs=192.168.0.148-9618&alias=node148.di.rm1&noUDP&sock=startd_1547_b119>
...
006 (276639.000.000) 2025-01-24 05:04:32 Image size of job updated: 1119960
	444  -  MemoryUsage of job (MB)
	454212  -  ResidentSetSize of job (KB)
...
006 (276639.000.000) 2025-01-24 05:06:25 Image size of job updated: 6972312
	444  -  MemoryUsage of job (MB)
	454344  -  ResidentSetSize of job (KB)
...
004 (276639.000.000) 2025-01-24 05:06:25 Job was evicted.
	(0) CPU times
		Usr 0 00:01:58, Sys 0 00:00:02  -  Run Remote Usage
		Usr 0 00:00:00, Sys 0 00:00:00  -  Run Local Usage
	0  -  Run Bytes Sent By Job
	0  -  Run Bytes Received By Job
	Partitionable Resources :    Usage  Request Allocated 
	   Cpus                 :                 1         1 
	   Disk (KB)            :       27       27    467548 
	   Memory (MB)          :      444        1       128 
...
009 (276639.000.000) 2025-01-24 05:06:25 Job was aborted.
	via condor_rm (by user calzona_2046920)
...
