000 (273945.000.000) 2025-01-23 11:28:06 Job submitted from host: <192.168.0.102:9618?addrs=192.168.0.102-9618&alias=submitter&noUDP&sock=schedd_2032_5c88>
...
014 (273945.000.001) 2025-01-23 11:28:10 Node 1 executing on host: <192.168.0.137:9618?addrs=192.168.0.137-9618&alias=node137.di.rm1&noUDP&sock=startd_1934_2440>
...
014 (273945.000.000) 2025-01-23 11:28:10 Node 0 executing on host: <192.168.0.151:9618?addrs=192.168.0.151-9618&alias=node151.di.rm1&noUDP&sock=startd_1528_a8cd>
...
014 (273945.000.002) 2025-01-23 11:28:10 Node 2 executing on host: <192.168.0.146:9618?addrs=192.168.0.146-9618&alias=node146.di.rm1&noUDP&sock=startd_1984_6ffc>
...
014 (273945.000.003) 2025-01-23 11:28:10 Node 3 executing on host: <192.168.0.111:9618?addrs=192.168.0.111-9618&alias=node111.di.rm1&noUDP&sock=startd_2044_97ab>
...
001 (273945.000.000) 2025-01-23 11:28:10 Job executing on host: MPI_job
...
008 (273945.000.000) 2025-01-23 11:28:12 Launching orted on Node 1 of 4
...
008 (273945.000.000) 2025-01-23 11:28:13 Launching orted on Node 2 of 4
...
008 (273945.000.000) 2025-01-23 11:28:13 Launching orted on Node 0 of 4
...
008 (273945.000.000) 2025-01-23 11:28:13 Launching orted on Node 3 of 4
...
008 (273945.000.000) 2025-01-23 11:28:13 orted exited on Node 1 of 4
...
008 (273945.000.000) 2025-01-23 11:28:13 orted exited on Node 0 of 4
...
008 (273945.000.000) 2025-01-23 11:28:13 orted exited on Node 2 of 4
...
008 (273945.000.000) 2025-01-23 11:28:13 orted exited on Node 3 of 4
...
015 (273945.000.002) 2025-01-23 11:28:13 Node 2 terminated.
	(1) Normal termination (return value 0)
		Usr 0 00:00:00, Sys 0 00:00:00  -  Run Remote Usage
		Usr 0 00:00:00, Sys 0 00:00:00  -  Run Local Usage
		Usr 0 00:00:00, Sys 0 00:00:00  -  Total Remote Usage
		Usr 0 00:00:00, Sys 0 00:00:00  -  Total Local Usage
	2165  -  Run Bytes Sent By Node
	33639  -  Run Bytes Received By Node
	2165  -  Total Bytes Sent By Node
	33639  -  Total Bytes Received By Node
...
015 (273945.000.000) 2025-01-23 11:28:13 Node 0 terminated.
	(1) Normal termination (return value 0)
		Usr 0 00:00:00, Sys 0 00:00:00  -  Run Remote Usage
		Usr 0 00:00:00, Sys 0 00:00:00  -  Run Local Usage
		Usr 0 00:00:00, Sys 0 00:00:00  -  Total Remote Usage
		Usr 0 00:00:00, Sys 0 00:00:00  -  Total Local Usage
	3260  -  Run Bytes Sent By Node
	33639  -  Run Bytes Received By Node
	3260  -  Total Bytes Sent By Node
	33639  -  Total Bytes Received By Node
...
005 (273945.000.000) 2025-01-23 11:28:14 Job terminated.
	(1) Normal termination (return value 0)
		Usr 0 00:00:00, Sys 0 00:00:00  -  Run Remote Usage
		Usr 0 00:00:00, Sys 0 00:00:00  -  Run Local Usage
		Usr 0 00:00:00, Sys 0 00:00:00  -  Total Remote Usage
		Usr 0 00:00:00, Sys 0 00:00:00  -  Total Local Usage
	5425  -  Run Bytes Sent By Job
	134556  -  Run Bytes Received By Job
	5425  -  Total Bytes Sent By Job
	134556  -  Total Bytes Received By Job
	Partitionable Resources :    Usage  Request Allocated 
	   Cpus                 :                 1         2 
	   Disk (KB)            :       49       35 103029645 
	   Memory (MB)          :        0        0    100096 

	Job terminated of its own accord at 2025-01-23T11:28:13Z with exit-code 0.
...
000 (278691.000.000) 2025-01-24 09:18:09 Job submitted from host: <192.168.0.102:9618?addrs=192.168.0.102-9618&alias=submitter&noUDP&sock=schedd_2032_5c88>
...
014 (278691.000.001) 2025-01-24 09:18:16 Node 1 executing on host: <192.168.0.109:9618?addrs=192.168.0.109-9618&alias=node109.di.rm1&noUDP&sock=startd_1627_90ad>
...
014 (278691.000.003) 2025-01-24 09:18:16 Node 3 executing on host: <192.168.0.113:9618?addrs=192.168.0.113-9618&alias=node113.di.rm1&noUDP&sock=startd_3668932_c305>
...
014 (278691.000.000) 2025-01-24 09:18:16 Node 0 executing on host: <192.168.0.151:9618?addrs=192.168.0.151-9618&alias=node151.di.rm1&noUDP&sock=startd_1528_a8cd>
...
014 (278691.000.002) 2025-01-24 09:18:16 Node 2 executing on host: <192.168.0.148:9618?addrs=192.168.0.148-9618&alias=node148.di.rm1&noUDP&sock=startd_1547_b119>
...
001 (278691.000.000) 2025-01-24 09:18:16 Job executing on host: MPI_job
...
008 (278691.000.000) 2025-01-24 09:18:18 Launching orted on Node 3 of 4
...
008 (278691.000.000) 2025-01-24 09:18:18 Launching orted on Node 1 of 4
...
008 (278691.000.000) 2025-01-24 09:18:19 Launching orted on Node 2 of 4
...
008 (278691.000.000) 2025-01-24 09:18:19 Launching orted on Node 0 of 4
...
008 (278691.000.000) 2025-01-24 09:18:19 orted exited on Node 3 of 4
...
008 (278691.000.000) 2025-01-24 09:18:19 orted exited on Node 2 of 4
...
008 (278691.000.000) 2025-01-24 09:18:19 orted exited on Node 1 of 4
...
008 (278691.000.000) 2025-01-24 09:18:19 orted exited on Node 0 of 4
...
015 (278691.000.003) 2025-01-24 09:18:20 Node 3 terminated.
	(1) Normal termination (return value 0)
		Usr 0 00:00:00, Sys 0 00:00:00  -  Run Remote Usage
		Usr 0 00:00:00, Sys 0 00:00:00  -  Run Local Usage
		Usr 0 00:00:00, Sys 0 00:00:00  -  Total Remote Usage
		Usr 0 00:00:00, Sys 0 00:00:00  -  Total Local Usage
	2187  -  Run Bytes Sent By Node
	33639  -  Run Bytes Received By Node
	2187  -  Total Bytes Sent By Node
	33639  -  Total Bytes Received By Node
...
015 (278691.000.001) 2025-01-24 09:18:20 Node 1 terminated.
	(1) Normal termination (return value 0)
		Usr 0 00:00:01, Sys 0 00:00:01  -  Run Remote Usage
		Usr 0 00:00:00, Sys 0 00:00:00  -  Run Local Usage
		Usr 0 00:00:01, Sys 0 00:00:01  -  Total Remote Usage
		Usr 0 00:00:00, Sys 0 00:00:00  -  Total Local Usage
	2165  -  Run Bytes Sent By Node
	33639  -  Run Bytes Received By Node
	2165  -  Total Bytes Sent By Node
	33639  -  Total Bytes Received By Node
...
015 (278691.000.000) 2025-01-24 09:18:20 Node 0 terminated.
	(1) Normal termination (return value 0)
		Usr 0 00:00:00, Sys 0 00:00:00  -  Run Remote Usage
		Usr 0 00:00:00, Sys 0 00:00:00  -  Run Local Usage
		Usr 0 00:00:00, Sys 0 00:00:00  -  Total Remote Usage
		Usr 0 00:00:00, Sys 0 00:00:00  -  Total Local Usage
	3254  -  Run Bytes Sent By Node
	33639  -  Run Bytes Received By Node
	3254  -  Total Bytes Sent By Node
	33639  -  Total Bytes Received By Node
...
005 (278691.000.000) 2025-01-24 09:18:20 Job terminated.
	(1) Normal termination (return value 0)
		Usr 0 00:00:01, Sys 0 00:00:01  -  Run Remote Usage
		Usr 0 00:00:00, Sys 0 00:00:00  -  Run Local Usage
		Usr 0 00:00:00, Sys 0 00:00:00  -  Total Remote Usage
		Usr 0 00:00:00, Sys 0 00:00:00  -  Total Local Usage
	7606  -  Run Bytes Sent By Job
	134556  -  Run Bytes Received By Job
	7606  -  Total Bytes Sent By Job
	134556  -  Total Bytes Received By Job
	Partitionable Resources :    Usage  Request Allocated 
	   Cpus                 :                 1         1 
	   Disk (KB)            :       49       35    474791 
	   Memory (MB)          :        1        1     40960 

	Job terminated of its own accord at 2025-01-24T09:18:19Z with exit-code 0.
...
000 (286962.000.000) 2025-01-28 16:12:47 Job submitted from host: <192.168.0.102:9618?addrs=192.168.0.102-9618&alias=submitter&noUDP&sock=schedd_2032_5c88>
...
014 (286962.000.000) 2025-01-28 16:12:56 Node 0 executing on host: <192.168.0.115:9618?addrs=192.168.0.115-9618&alias=node115.di.rm1&noUDP&sock=startd_1101621_f4a0>
...
014 (286962.000.001) 2025-01-28 16:12:56 Node 1 executing on host: <192.168.0.145:9618?addrs=192.168.0.145-9618&alias=node145.di.rm1&noUDP&sock=startd_1869_8e98>
...
014 (286962.000.002) 2025-01-28 16:12:56 Node 2 executing on host: <192.168.0.120:9618?addrs=192.168.0.120-9618&alias=node120.di.rm1&noUDP&sock=startd_2096_4298>
...
014 (286962.000.003) 2025-01-28 16:12:56 Node 3 executing on host: <192.168.0.135:9618?addrs=192.168.0.135-9618&alias=node135.di.rm1&noUDP&sock=startd_2000_6980>
...
001 (286962.000.000) 2025-01-28 16:12:56 Job executing on host: MPI_job
...
008 (286962.000.000) 2025-01-28 16:12:58 Launching orted on Node 0 of 4
...
008 (286962.000.000) 2025-01-28 16:12:58 Launching orted on Node 1 of 4
...
008 (286962.000.000) 2025-01-28 16:12:58 Launching orted on Node 2 of 4
...
008 (286962.000.000) 2025-01-28 16:12:58 Launching orted on Node 3 of 4
...
008 (286962.000.000) 2025-01-28 16:12:59 orted exited on Node 3 of 4
...
008 (286962.000.000) 2025-01-28 16:12:59 orted exited on Node 2 of 4
...
008 (286962.000.000) 2025-01-28 16:12:59 orted exited on Node 0 of 4
...
008 (286962.000.000) 2025-01-28 16:12:59 orted exited on Node 1 of 4
...
015 (286962.000.001) 2025-01-28 16:12:59 Node 1 terminated.
	(1) Normal termination (return value 0)
		Usr 0 00:00:00, Sys 0 00:00:00  -  Run Remote Usage
		Usr 0 00:00:00, Sys 0 00:00:00  -  Run Local Usage
		Usr 0 00:00:00, Sys 0 00:00:00  -  Total Remote Usage
		Usr 0 00:00:00, Sys 0 00:00:00  -  Total Local Usage
	2165  -  Run Bytes Sent By Node
	33591  -  Run Bytes Received By Node
	2165  -  Total Bytes Sent By Node
	33591  -  Total Bytes Received By Node
...
015 (286962.000.002) 2025-01-28 16:12:59 Node 2 terminated.
	(1) Normal termination (return value 0)
		Usr 0 00:00:00, Sys 0 00:00:00  -  Run Remote Usage
		Usr 0 00:00:00, Sys 0 00:00:00  -  Run Local Usage
		Usr 0 00:00:00, Sys 0 00:00:00  -  Total Remote Usage
		Usr 0 00:00:00, Sys 0 00:00:00  -  Total Local Usage
	2187  -  Run Bytes Sent By Node
	33591  -  Run Bytes Received By Node
	2187  -  Total Bytes Sent By Node
	33591  -  Total Bytes Received By Node
...
015 (286962.000.000) 2025-01-28 16:12:59 Node 0 terminated.
	(1) Normal termination (return value 0)
		Usr 0 00:00:00, Sys 0 00:00:00  -  Run Remote Usage
		Usr 0 00:00:00, Sys 0 00:00:00  -  Run Local Usage
		Usr 0 00:00:00, Sys 0 00:00:00  -  Total Remote Usage
		Usr 0 00:00:00, Sys 0 00:00:00  -  Total Local Usage
	3726  -  Run Bytes Sent By Node
	33591  -  Run Bytes Received By Node
	3726  -  Total Bytes Sent By Node
	33591  -  Total Bytes Received By Node
...
005 (286962.000.000) 2025-01-28 16:12:59 Job terminated.
	(1) Normal termination (return value 0)
		Usr 0 00:00:01, Sys 0 00:00:00  -  Run Remote Usage
		Usr 0 00:00:00, Sys 0 00:00:00  -  Run Local Usage
		Usr 0 00:00:00, Sys 0 00:00:00  -  Total Remote Usage
		Usr 0 00:00:00, Sys 0 00:00:00  -  Total Local Usage
	8078  -  Run Bytes Sent By Job
	134364  -  Run Bytes Received By Job
	8078  -  Total Bytes Sent By Job
	134364  -  Total Bytes Received By Job
	Partitionable Resources :    Usage  Request Allocated 
	   Cpus                 :                 1         2 
	   Disk (KB)            :       51       35 103010115 
	   Memory (MB)          :        0        0    100096 

	Job terminated of its own accord at 2025-01-28T16:12:59Z with exit-code 0.
...
