000 (270998.000.000) 2025-01-22 00:32:27 Job submitted from host: <192.168.0.102:9618?addrs=192.168.0.102-9618&alias=submitter&noUDP&sock=schedd_2032_5c88>
...
001 (270998.000.000) 2025-01-22 00:32:29 Job executing on host: <192.168.0.147:9618?addrs=192.168.0.147-9618&alias=node147.di.rm1&noUDP&sock=startd_1513_5ee1>
...
006 (270998.000.000) 2025-01-22 00:32:37 Image size of job updated: 403920
	395  -  MemoryUsage of job (MB)
	403920  -  ResidentSetSize of job (KB)
...
006 (270998.000.000) 2025-01-22 00:33:30 Image size of job updated: 2856876
	397  -  MemoryUsage of job (MB)
	405636  -  ResidentSetSize of job (KB)
...
004 (270998.000.000) 2025-01-22 00:33:30 Job was evicted.
	(0) CPU times
		Usr 0 00:00:58, Sys 0 00:00:01  -  Run Remote Usage
		Usr 0 00:00:00, Sys 0 00:00:00  -  Run Local Usage
	0  -  Run Bytes Sent By Job
	0  -  Run Bytes Received By Job
	Partitionable Resources :    Usage  Request Allocated 
	   Cpus                 :                 1         1 
	   Disk (KB)            :       27       27    469805 
	   Memory (MB)          :      397        1       128 
...
009 (270998.000.000) 2025-01-22 00:33:30 Job was aborted.
	via condor_rm (by user calzona_2046920)
...
000 (277152.000.000) 2025-01-24 05:54:21 Job submitted from host: <192.168.0.102:9618?addrs=192.168.0.102-9618&alias=submitter&noUDP&sock=schedd_2032_5c88>
...
001 (277152.000.000) 2025-01-24 05:54:41 Job executing on host: <192.168.0.149:9618?addrs=192.168.0.149-9618&alias=node149.di.rm1&noUDP&sock=startd_1551_6f7a>
...
006 (277152.000.000) 2025-01-24 05:54:50 Image size of job updated: 453432
	443  -  MemoryUsage of job (MB)
	452904  -  ResidentSetSize of job (KB)
...
006 (277152.000.000) 2025-01-24 05:56:22 Image size of job updated: 4910676
	443  -  MemoryUsage of job (MB)
	453036  -  ResidentSetSize of job (KB)
...
004 (277152.000.000) 2025-01-24 05:56:22 Job was evicted.
	(0) CPU times
		Usr 0 00:01:38, Sys 0 00:00:02  -  Run Remote Usage
		Usr 0 00:00:00, Sys 0 00:00:00  -  Run Local Usage
	0  -  Run Bytes Sent By Job
	0  -  Run Bytes Received By Job
	Partitionable Resources :    Usage  Request Allocated 
	   Cpus                 :                 1         1 
	   Disk (KB)            :       27       27    471944 
	   Memory (MB)          :      443        1       128 
...
009 (277152.000.000) 2025-01-24 05:56:22 Job was aborted.
	via condor_rm (by user calzona_2046920)
...
