000 (264685.000.000) 2025-01-17 11:21:30 Job submitted from host: <192.168.0.102:9618?addrs=192.168.0.102-9618&alias=submitter&noUDP&sock=schedd_2032_5c88>
...
001 (264685.000.000) 2025-01-17 11:21:35 Job executing on host: <192.168.0.142:9618?addrs=192.168.0.142-9618&alias=node142.di.rm1&noUDP&sock=startd_1996_ab1f>
...
006 (264685.000.000) 2025-01-17 11:21:44 Image size of job updated: 1343188
	336  -  MemoryUsage of job (MB)
	343068  -  ResidentSetSize of job (KB)
...
006 (264685.000.000) 2025-01-17 11:26:44 Image size of job updated: 8483520
	8252  -  MemoryUsage of job (MB)
	8449276  -  ResidentSetSize of job (KB)
...
006 (264685.000.000) 2025-01-17 11:31:45 Image size of job updated: 8483520
	8259  -  MemoryUsage of job (MB)
	8457064  -  ResidentSetSize of job (KB)
...
004 (264685.000.000) 2025-01-17 11:33:17 Job was evicted.
	(0) CPU times
		Usr 0 00:26:57, Sys 0 00:00:09  -  Run Remote Usage
		Usr 0 00:00:00, Sys 0 00:00:00  -  Run Local Usage
	0  -  Run Bytes Sent By Job
	0  -  Run Bytes Received By Job
	Partitionable Resources :    Usage  Request Allocated 
	   Cpus                 :     3.05        1         1 
	   Disk (KB)            :    27          27    459874 
	   Memory (MB)          :  8259           1       128 
...
009 (264685.000.000) 2025-01-17 11:33:17 Job was aborted.
	via condor_rm (by user calzona_2046920)
...
