000 (271066.000.000) 2025-01-22 00:39:41 Job submitted from host: <192.168.0.102:9618?addrs=192.168.0.102-9618&alias=submitter&noUDP&sock=schedd_2032_5c88>
...
001 (271066.000.000) 2025-01-22 00:39:45 Job executing on host: <192.168.0.151:9618?addrs=192.168.0.151-9618&alias=node151.di.rm1&noUDP&sock=startd_1528_a8cd>
...
006 (271066.000.000) 2025-01-22 00:39:55 Image size of job updated: 480876
	470  -  MemoryUsage of job (MB)
	480876  -  ResidentSetSize of job (KB)
...
006 (271066.000.000) 2025-01-22 00:40:44 Image size of job updated: 3299924
	472  -  MemoryUsage of job (MB)
	482856  -  ResidentSetSize of job (KB)
...
004 (271066.000.000) 2025-01-22 00:40:44 Job was evicted.
	(0) CPU times
		Usr 0 00:00:55, Sys 0 00:00:01  -  Run Remote Usage
		Usr 0 00:00:00, Sys 0 00:00:00  -  Run Local Usage
	0  -  Run Bytes Sent By Job
	0  -  Run Bytes Received By Job
	Partitionable Resources :    Usage  Request Allocated 
	   Cpus                 :                 1         1 
	   Disk (KB)            :       27       27    474791 
	   Memory (MB)          :      472        1       128 
...
009 (271066.000.000) 2025-01-22 00:40:44 Job was aborted.
	via condor_rm (by user calzona_2046920)
...
000 (277220.000.000) 2025-01-24 06:08:30 Job submitted from host: <192.168.0.102:9618?addrs=192.168.0.102-9618&alias=submitter&noUDP&sock=schedd_2032_5c88>
...
001 (277220.000.000) 2025-01-24 06:08:31 Job executing on host: <192.168.0.149:9618?addrs=192.168.0.149-9618&alias=node149.di.rm1&noUDP&sock=startd_1551_6f7a>
...
006 (277220.000.000) 2025-01-24 06:08:40 Image size of job updated: 1145868
	474  -  MemoryUsage of job (MB)
	485232  -  ResidentSetSize of job (KB)
...
006 (277220.000.000) 2025-01-24 06:10:32 Image size of job updated: 6488412
	474  -  MemoryUsage of job (MB)
	485232  -  ResidentSetSize of job (KB)
...
004 (277220.000.000) 2025-01-24 06:10:32 Job was evicted.
	(0) CPU times
		Usr 0 00:01:57, Sys 0 00:00:03  -  Run Remote Usage
		Usr 0 00:00:00, Sys 0 00:00:00  -  Run Local Usage
	0  -  Run Bytes Sent By Job
	0  -  Run Bytes Received By Job
	Partitionable Resources :    Usage  Request Allocated 
	   Cpus                 :                 1         1 
	   Disk (KB)            :       27       27    471944 
	   Memory (MB)          :      474        1       128 
...
009 (277220.000.000) 2025-01-24 06:10:32 Job was aborted.
	via condor_rm (by user calzona_2046920)
...
