000 (264618.000.000) 2025-01-17 11:21:28 Job submitted from host: <192.168.0.102:9618?addrs=192.168.0.102-9618&alias=submitter&noUDP&sock=schedd_2032_5c88>
...
001 (264618.000.000) 2025-01-17 11:21:35 Job executing on host: <192.168.0.116:9618?addrs=192.168.0.116-9618&alias=node116.di.rm1&noUDP&sock=startd_1847_7783>
...
006 (264618.000.000) 2025-01-17 11:21:44 Image size of job updated: 273240
	267  -  MemoryUsage of job (MB)
	273240  -  ResidentSetSize of job (KB)
...
006 (264618.000.000) 2025-01-17 11:27:36 Image size of job updated: 7238456
	6729  -  MemoryUsage of job (MB)
	6890376  -  ResidentSetSize of job (KB)
...
006 (264618.000.000) 2025-01-17 11:33:08 Image size of job updated: 7984916
	7518  -  MemoryUsage of job (MB)
	7698256  -  ResidentSetSize of job (KB)
...
006 (264618.000.000) 2025-01-17 11:33:20 Image size of job updated: 8402284
	7540  -  MemoryUsage of job (MB)
	7720696  -  ResidentSetSize of job (KB)
...
004 (264618.000.000) 2025-01-17 11:33:20 Job was evicted.
	(0) CPU times
		Usr 0 00:03:45, Sys 0 00:02:05  -  Run Remote Usage
		Usr 0 00:00:00, Sys 0 00:00:00  -  Run Local Usage
	0  -  Run Bytes Sent By Job
	0  -  Run Bytes Received By Job
	Partitionable Resources :    Usage  Request Allocated 
	   Cpus                 :     0.43        1         1 
	   Disk (KB)            :    27          27    474557 
	   Memory (MB)          :  7540           1       128 
...
009 (264618.000.000) 2025-01-17 11:33:20 Job was aborted.
	via condor_rm (by user calzona_2046920)
...
