000 (264474.000.000) 2025-01-17 11:21:24 Job submitted from host: <192.168.0.102:9618?addrs=192.168.0.102-9618&alias=submitter&noUDP&sock=schedd_2032_5c88>
...
001 (264474.000.000) 2025-01-17 11:21:33 Job executing on host: <192.168.0.146:9618?addrs=192.168.0.146-9618&alias=node146.di.rm1&noUDP&sock=startd_1984_6ffc>
...
006 (264474.000.000) 2025-01-17 11:21:42 Image size of job updated: 1396236
	341  -  MemoryUsage of job (MB)
	349140  -  ResidentSetSize of job (KB)
...
006 (264474.000.000) 2025-01-17 11:28:22 Image size of job updated: 8608320
	7318  -  MemoryUsage of job (MB)
	7492676  -  ResidentSetSize of job (KB)
...
006 (264474.000.000) 2025-01-17 11:33:26 Image size of job updated: 9265944
	7928  -  MemoryUsage of job (MB)
	8117548  -  ResidentSetSize of job (KB)
...
006 (264474.000.000) 2025-01-17 11:33:27 Image size of job updated: 9265944
	7973  -  MemoryUsage of job (MB)
	8164012  -  ResidentSetSize of job (KB)
...
004 (264474.000.000) 2025-01-17 11:33:27 Job was evicted.
	(0) CPU times
		Usr 0 00:03:35, Sys 0 00:02:23  -  Run Remote Usage
		Usr 0 00:00:00, Sys 0 00:00:00  -  Run Local Usage
	0  -  Run Bytes Sent By Job
	0  -  Run Bytes Received By Job
	Partitionable Resources :    Usage  Request Allocated 
	   Cpus                 :     0.43        1         1 
	   Disk (KB)            :    27          27    466414 
	   Memory (MB)          :  7973           1       128 
...
009 (264474.000.000) 2025-01-17 11:33:27 Job was aborted.
	via condor_rm (by user calzona_2046920)
...
