000 (274280.000.000) 2025-01-23 11:47:23 Job submitted from host: <192.168.0.102:9618?addrs=192.168.0.102-9618&alias=submitter&noUDP&sock=schedd_2032_5c88>
...
014 (274280.000.000) 2025-01-23 11:47:31 Node 0 executing on host: <192.168.0.142:9618?addrs=192.168.0.142-9618&alias=node142.di.rm1&noUDP&sock=startd_1996_ab1f>
...
014 (274280.000.001) 2025-01-23 11:47:31 Node 1 executing on host: <192.168.0.139:9618?addrs=192.168.0.139-9618&alias=node139.di.rm1&noUDP&sock=startd_1966_1748>
...
014 (274280.000.004) 2025-01-23 11:47:31 Node 4 executing on host: <192.168.0.135:9618?addrs=192.168.0.135-9618&alias=node135.di.rm1&noUDP&sock=startd_2000_6980>
...
014 (274280.000.002) 2025-01-23 11:47:31 Node 2 executing on host: <192.168.0.143:9618?addrs=192.168.0.143-9618&alias=node143.di.rm1&noUDP&sock=startd_2061_40c7>
...
014 (274280.000.005) 2025-01-23 11:47:31 Node 5 executing on host: <192.168.0.115:9618?addrs=192.168.0.115-9618&alias=node115.di.rm1&noUDP&sock=startd_1101621_f4a0>
...
014 (274280.000.003) 2025-01-23 11:47:31 Node 3 executing on host: <192.168.0.104:9618?addrs=192.168.0.104-9618&alias=node104.di.rm1&noUDP&sock=startd_1987_7ec5>
...
014 (274280.000.006) 2025-01-23 11:47:31 Node 6 executing on host: <192.168.0.139:9618?addrs=192.168.0.139-9618&alias=node139.di.rm1&noUDP&sock=startd_1966_1748>
...
014 (274280.000.007) 2025-01-23 11:47:31 Node 7 executing on host: <192.168.0.134:9618?addrs=192.168.0.134-9618&alias=node134.di.rm1&noUDP&sock=startd_2073_7bea>
...
001 (274280.000.000) 2025-01-23 11:47:31 Job executing on host: MPI_job
...
008 (274280.000.000) 2025-01-23 11:47:33 Launching orted on Node 0 of 8
...
008 (274280.000.000) 2025-01-23 11:47:34 Launching orted on Node 1 of 8
...
008 (274280.000.000) 2025-01-23 11:47:34 Launching orted on Node 4 of 8
...
008 (274280.000.000) 2025-01-23 11:47:34 Launching orted on Node 3 of 8
...
008 (274280.000.000) 2025-01-23 11:47:34 Launching orted on Node 6 of 8
...
008 (274280.000.000) 2025-01-23 11:47:34 Launching orted on Node 5 of 8
...
008 (274280.000.000) 2025-01-23 11:47:34 Launching orted on Node 7 of 8
...
008 (274280.000.000) 2025-01-23 11:47:34 Launching orted on Node 2 of 8
...
008 (274280.000.000) 2025-01-23 11:48:04 Node 0 caught SIGTERM, cleaning up mpirun
...
004 (274280.000.000) 2025-01-23 11:48:05 Job was evicted.
	(0) CPU times
		Usr 0 00:01:01, Sys 0 00:00:00  -  Run Remote Usage
		Usr 0 00:00:00, Sys 0 00:00:00  -  Run Local Usage
	0  -  Run Bytes Sent By Job
	269112  -  Run Bytes Received By Job
	Partitionable Resources :    Usage  Request Allocated 
	   Cpus                 :                 1         1 
	   Disk (KB)            :     8561       35    459874 
	   Memory (MB)          :       36       21       128 
...
009 (274280.000.000) 2025-01-23 11:48:05 Job was aborted.
	via condor_rm (by user calzona_2046920)
...
000 (279585.000.000) 2025-01-24 11:02:07 Job submitted from host: <192.168.0.102:9618?addrs=192.168.0.102-9618&alias=submitter&noUDP&sock=schedd_2032_5c88>
...
014 (279585.000.000) 2025-01-24 11:02:14 Node 0 executing on host: <192.168.0.143:9618?addrs=192.168.0.143-9618&alias=node143.di.rm1&noUDP&sock=startd_2061_40c7>
...
014 (279585.000.001) 2025-01-24 11:02:14 Node 1 executing on host: <192.168.0.105:9618?addrs=192.168.0.105-9618&alias=node105.di.rm1&noUDP&sock=startd_1951_cd5c>
...
014 (279585.000.002) 2025-01-24 11:02:14 Node 2 executing on host: <192.168.0.121:9618?addrs=192.168.0.121-9618&alias=node121.di.rm1&noUDP&sock=startd_2146_8e54>
...
014 (279585.000.004) 2025-01-24 11:02:14 Node 4 executing on host: <192.168.0.147:9618?addrs=192.168.0.147-9618&alias=node147.di.rm1&noUDP&sock=startd_1513_5ee1>
...
014 (279585.000.006) 2025-01-24 11:02:14 Node 6 executing on host: <192.168.0.110:9618?addrs=192.168.0.110-9618&alias=node110.di.rm1&noUDP&sock=startd_2185_4e86>
...
014 (279585.000.003) 2025-01-24 11:02:14 Node 3 executing on host: <192.168.0.151:9618?addrs=192.168.0.151-9618&alias=node151.di.rm1&noUDP&sock=startd_1528_a8cd>
...
014 (279585.000.005) 2025-01-24 11:02:14 Node 5 executing on host: <192.168.0.145:9618?addrs=192.168.0.145-9618&alias=node145.di.rm1&noUDP&sock=startd_1869_8e98>
...
014 (279585.000.007) 2025-01-24 11:02:14 Node 7 executing on host: <192.168.0.140:9618?addrs=192.168.0.140-9618&alias=node140.di.rm1&noUDP&sock=startd_1890_f615>
...
001 (279585.000.000) 2025-01-24 11:02:14 Job executing on host: MPI_job
...
008 (279585.000.000) 2025-01-24 11:02:16 Launching orted on Node 2 of 8
...
008 (279585.000.000) 2025-01-24 11:02:16 Launching orted on Node 4 of 8
...
008 (279585.000.000) 2025-01-24 11:02:16 Launching orted on Node 6 of 8
...
008 (279585.000.000) 2025-01-24 11:02:16 Launching orted on Node 1 of 8
...
008 (279585.000.000) 2025-01-24 11:02:16 Launching orted on Node 7 of 8
...
008 (279585.000.000) 2025-01-24 11:02:16 Launching orted on Node 3 of 8
...
008 (279585.000.000) 2025-01-24 11:02:17 Launching orted on Node 5 of 8
...
008 (279585.000.000) 2025-01-24 11:02:17 Launching orted on Node 0 of 8
...
008 (279585.000.000) 2025-01-24 11:02:57 orted exited on Node 1 of 8
...
008 (279585.000.000) 2025-01-24 11:02:57 orted exited on Node 2 of 8
...
008 (279585.000.000) 2025-01-24 11:02:57 orted exited on Node 3 of 8
...
008 (279585.000.000) 2025-01-24 11:02:57 orted exited on Node 6 of 8
...
008 (279585.000.000) 2025-01-24 11:02:57 orted exited on Node 7 of 8
...
008 (279585.000.000) 2025-01-24 11:02:57 orted exited on Node 0 of 8
...
008 (279585.000.000) 2025-01-24 11:02:57 orted exited on Node 4 of 8
...
008 (279585.000.000) 2025-01-24 11:02:57 orted exited on Node 5 of 8
...
015 (279585.000.004) 2025-01-24 11:02:57 Node 4 terminated.
	(1) Normal termination (return value 0)
		Usr 0 00:00:34, Sys 0 00:00:05  -  Run Remote Usage
		Usr 0 00:00:00, Sys 0 00:00:00  -  Run Local Usage
		Usr 0 00:00:34, Sys 0 00:00:05  -  Total Remote Usage
		Usr 0 00:00:00, Sys 0 00:00:00  -  Total Local Usage
	2165  -  Run Bytes Sent By Node
	33639  -  Run Bytes Received By Node
	2165  -  Total Bytes Sent By Node
	33639  -  Total Bytes Received By Node
...
015 (279585.000.002) 2025-01-24 11:02:57 Node 2 terminated.
	(1) Normal termination (return value 0)
		Usr 0 00:00:35, Sys 0 00:00:06  -  Run Remote Usage
		Usr 0 00:00:00, Sys 0 00:00:00  -  Run Local Usage
		Usr 0 00:00:35, Sys 0 00:00:06  -  Total Remote Usage
		Usr 0 00:00:00, Sys 0 00:00:00  -  Total Local Usage
	2165  -  Run Bytes Sent By Node
	33639  -  Run Bytes Received By Node
	2165  -  Total Bytes Sent By Node
	33639  -  Total Bytes Received By Node
...
015 (279585.000.006) 2025-01-24 11:02:57 Node 6 terminated.
	(1) Normal termination (return value 0)
		Usr 0 00:00:34, Sys 0 00:00:05  -  Run Remote Usage
		Usr 0 00:00:00, Sys 0 00:00:00  -  Run Local Usage
		Usr 0 00:00:34, Sys 0 00:00:05  -  Total Remote Usage
		Usr 0 00:00:00, Sys 0 00:00:00  -  Total Local Usage
	2187  -  Run Bytes Sent By Node
	33639  -  Run Bytes Received By Node
	2187  -  Total Bytes Sent By Node
	33639  -  Total Bytes Received By Node
...
015 (279585.000.003) 2025-01-24 11:02:58 Node 3 terminated.
	(1) Normal termination (return value 0)
		Usr 0 00:00:34, Sys 0 00:00:05  -  Run Remote Usage
		Usr 0 00:00:00, Sys 0 00:00:00  -  Run Local Usage
		Usr 0 00:00:34, Sys 0 00:00:05  -  Total Remote Usage
		Usr 0 00:00:00, Sys 0 00:00:00  -  Total Local Usage
	2165  -  Run Bytes Sent By Node
	33639  -  Run Bytes Received By Node
	2165  -  Total Bytes Sent By Node
	33639  -  Total Bytes Received By Node
...
015 (279585.000.007) 2025-01-24 11:02:58 Node 7 terminated.
	(1) Normal termination (return value 0)
		Usr 0 00:00:34, Sys 0 00:00:05  -  Run Remote Usage
		Usr 0 00:00:00, Sys 0 00:00:00  -  Run Local Usage
		Usr 0 00:00:34, Sys 0 00:00:05  -  Total Remote Usage
		Usr 0 00:00:00, Sys 0 00:00:00  -  Total Local Usage
	2165  -  Run Bytes Sent By Node
	33639  -  Run Bytes Received By Node
	2165  -  Total Bytes Sent By Node
	33639  -  Total Bytes Received By Node
...
015 (279585.000.000) 2025-01-24 11:02:58 Node 0 terminated.
	(1) Normal termination (return value 0)
		Usr 0 00:00:00, Sys 0 00:00:00  -  Run Remote Usage
		Usr 0 00:00:00, Sys 0 00:00:00  -  Run Local Usage
		Usr 0 00:00:00, Sys 0 00:00:00  -  Total Remote Usage
		Usr 0 00:00:00, Sys 0 00:00:00  -  Total Local Usage
	3726  -  Run Bytes Sent By Node
	33639  -  Run Bytes Received By Node
	3726  -  Total Bytes Sent By Node
	33639  -  Total Bytes Received By Node
...
015 (279585.000.001) 2025-01-24 11:02:58 Node 1 terminated.
	(1) Normal termination (return value 0)
		Usr 0 00:00:34, Sys 0 00:00:05  -  Run Remote Usage
		Usr 0 00:00:00, Sys 0 00:00:00  -  Run Local Usage
		Usr 0 00:00:34, Sys 0 00:00:05  -  Total Remote Usage
		Usr 0 00:00:00, Sys 0 00:00:00  -  Total Local Usage
	2165  -  Run Bytes Sent By Node
	33639  -  Run Bytes Received By Node
	2165  -  Total Bytes Sent By Node
	33639  -  Total Bytes Received By Node
...
015 (279585.000.005) 2025-01-24 11:02:58 Node 5 terminated.
	(1) Normal termination (return value 0)
		Usr 0 00:00:37, Sys 0 00:00:02  -  Run Remote Usage
		Usr 0 00:00:00, Sys 0 00:00:00  -  Run Local Usage
		Usr 0 00:00:37, Sys 0 00:00:02  -  Total Remote Usage
		Usr 0 00:00:00, Sys 0 00:00:00  -  Total Local Usage
	2165  -  Run Bytes Sent By Node
	33639  -  Run Bytes Received By Node
	2165  -  Total Bytes Sent By Node
	33639  -  Total Bytes Received By Node
...
005 (279585.000.000) 2025-01-24 11:02:58 Job terminated.
	(1) Normal termination (return value 0)
		Usr 0 00:04:02, Sys 0 00:00:33  -  Run Remote Usage
		Usr 0 00:00:00, Sys 0 00:00:00  -  Run Local Usage
		Usr 0 00:00:00, Sys 0 00:00:00  -  Total Remote Usage
		Usr 0 00:00:00, Sys 0 00:00:00  -  Total Local Usage
	18903  -  Run Bytes Sent By Job
	269112  -  Run Bytes Received By Job
	18903  -  Total Bytes Sent By Job
	269112  -  Total Bytes Received By Job
	Partitionable Resources :    Usage  Request Allocated 
	   Cpus                 :     1.00        1         1 
	   Disk (KB)            :    56          35    459633 
	   Memory (MB)          :    37          22     20480 

	Job terminated of its own accord at 2025-01-24T11:02:57Z with exit-code 0.
...
000 (287921.000.000) 2025-01-28 17:58:05 Job submitted from host: <192.168.0.102:9618?addrs=192.168.0.102-9618&alias=submitter&noUDP&sock=schedd_2032_5c88>
...
014 (287921.000.000) 2025-01-28 17:58:14 Node 0 executing on host: <192.168.0.132:9618?addrs=192.168.0.132-9618&alias=node132.di.rm1&noUDP&sock=startd_1999_b9e8>
...
014 (287921.000.001) 2025-01-28 17:58:14 Node 1 executing on host: <192.168.0.141:9618?addrs=192.168.0.141-9618&alias=node141.di.rm1&noUDP&sock=startd_2077_3a4b>
...
014 (287921.000.002) 2025-01-28 17:58:14 Node 2 executing on host: <192.168.0.108:9618?addrs=192.168.0.108-9618&alias=node108.di.rm1&noUDP&sock=startd_1979_0203>
...
014 (287921.000.003) 2025-01-28 17:58:14 Node 3 executing on host: <192.168.0.147:9618?addrs=192.168.0.147-9618&alias=node147.di.rm1&noUDP&sock=startd_1513_5ee1>
...
014 (287921.000.004) 2025-01-28 17:58:14 Node 4 executing on host: <192.168.0.142:9618?addrs=192.168.0.142-9618&alias=node142.di.rm1&noUDP&sock=startd_1996_ab1f>
...
014 (287921.000.006) 2025-01-28 17:58:14 Node 6 executing on host: <192.168.0.132:9618?addrs=192.168.0.132-9618&alias=node132.di.rm1&noUDP&sock=startd_1999_b9e8>
...
014 (287921.000.005) 2025-01-28 17:58:14 Node 5 executing on host: <192.168.0.137:9618?addrs=192.168.0.137-9618&alias=node137.di.rm1&noUDP&sock=startd_1934_2440>
...
014 (287921.000.007) 2025-01-28 17:58:14 Node 7 executing on host: <192.168.0.141:9618?addrs=192.168.0.141-9618&alias=node141.di.rm1&noUDP&sock=startd_2077_3a4b>
...
001 (287921.000.000) 2025-01-28 17:58:14 Job executing on host: MPI_job
...
008 (287921.000.000) 2025-01-28 17:58:16 Launching orted on Node 0 of 8
...
008 (287921.000.000) 2025-01-28 17:58:16 Launching orted on Node 1 of 8
...
008 (287921.000.000) 2025-01-28 17:58:16 Launching orted on Node 2 of 8
...
008 (287921.000.000) 2025-01-28 17:58:16 Launching orted on Node 3 of 8
...
008 (287921.000.000) 2025-01-28 17:58:16 Launching orted on Node 6 of 8
...
008 (287921.000.000) 2025-01-28 17:58:16 Launching orted on Node 7 of 8
...
008 (287921.000.000) 2025-01-28 17:58:16 Launching orted on Node 4 of 8
...
008 (287921.000.000) 2025-01-28 17:58:16 Launching orted on Node 5 of 8
...
008 (287921.000.000) 2025-01-28 17:58:49 orted exited on Node 2 of 8
...
008 (287921.000.000) 2025-01-28 17:58:49 orted exited on Node 3 of 8
...
008 (287921.000.000) 2025-01-28 17:58:49 orted exited on Node 4 of 8
...
008 (287921.000.000) 2025-01-28 17:58:49 orted exited on Node 5 of 8
...
008 (287921.000.000) 2025-01-28 17:58:49 orted exited on Node 1 of 8
...
008 (287921.000.000) 2025-01-28 17:58:49 orted exited on Node 7 of 8
...
008 (287921.000.000) 2025-01-28 17:58:49 orted exited on Node 0 of 8
...
008 (287921.000.000) 2025-01-28 17:58:49 orted exited on Node 6 of 8
...
015 (287921.000.003) 2025-01-28 17:58:49 Node 3 terminated.
	(1) Normal termination (return value 0)
		Usr 0 00:00:33, Sys 0 00:00:00  -  Run Remote Usage
		Usr 0 00:00:00, Sys 0 00:00:00  -  Run Local Usage
		Usr 0 00:00:33, Sys 0 00:00:00  -  Total Remote Usage
		Usr 0 00:00:00, Sys 0 00:00:00  -  Total Local Usage
	2165  -  Run Bytes Sent By Node
	33591  -  Run Bytes Received By Node
	2165  -  Total Bytes Sent By Node
	33591  -  Total Bytes Received By Node
...
015 (287921.000.002) 2025-01-28 17:58:49 Node 2 terminated.
	(1) Normal termination (return value 0)
		Usr 0 00:00:32, Sys 0 00:00:00  -  Run Remote Usage
		Usr 0 00:00:00, Sys 0 00:00:00  -  Run Local Usage
		Usr 0 00:00:32, Sys 0 00:00:00  -  Total Remote Usage
		Usr 0 00:00:00, Sys 0 00:00:00  -  Total Local Usage
	2165  -  Run Bytes Sent By Node
	33591  -  Run Bytes Received By Node
	2165  -  Total Bytes Sent By Node
	33591  -  Total Bytes Received By Node
...
015 (287921.000.005) 2025-01-28 17:58:49 Node 5 terminated.
	(1) Normal termination (return value 0)
		Usr 0 00:00:32, Sys 0 00:00:00  -  Run Remote Usage
		Usr 0 00:00:00, Sys 0 00:00:00  -  Run Local Usage
		Usr 0 00:00:32, Sys 0 00:00:00  -  Total Remote Usage
		Usr 0 00:00:00, Sys 0 00:00:00  -  Total Local Usage
	2165  -  Run Bytes Sent By Node
	33591  -  Run Bytes Received By Node
	2165  -  Total Bytes Sent By Node
	33591  -  Total Bytes Received By Node
...
015 (287921.000.004) 2025-01-28 17:58:49 Node 4 terminated.
	(1) Normal termination (return value 0)
		Usr 0 00:00:33, Sys 0 00:00:01  -  Run Remote Usage
		Usr 0 00:00:00, Sys 0 00:00:00  -  Run Local Usage
		Usr 0 00:00:33, Sys 0 00:00:01  -  Total Remote Usage
		Usr 0 00:00:00, Sys 0 00:00:00  -  Total Local Usage
	2165  -  Run Bytes Sent By Node
	33591  -  Run Bytes Received By Node
	2165  -  Total Bytes Sent By Node
	33591  -  Total Bytes Received By Node
...
015 (287921.000.006) 2025-01-28 17:58:49 Node 6 terminated.
	(1) Normal termination (return value 0)
		Usr 0 00:00:33, Sys 0 00:00:01  -  Run Remote Usage
		Usr 0 00:00:00, Sys 0 00:00:00  -  Run Local Usage
		Usr 0 00:00:33, Sys 0 00:00:01  -  Total Remote Usage
		Usr 0 00:00:00, Sys 0 00:00:00  -  Total Local Usage
	0  -  Run Bytes Sent By Node
	33591  -  Run Bytes Received By Node
	0  -  Total Bytes Sent By Node
	33591  -  Total Bytes Received By Node
...
015 (287921.000.000) 2025-01-28 17:58:49 Node 0 terminated.
	(1) Normal termination (return value 0)
		Usr 0 00:00:05, Sys 0 00:00:01  -  Run Remote Usage
		Usr 0 00:00:00, Sys 0 00:00:00  -  Run Local Usage
		Usr 0 00:00:05, Sys 0 00:00:01  -  Total Remote Usage
		Usr 0 00:00:00, Sys 0 00:00:00  -  Total Local Usage
	3260  -  Run Bytes Sent By Node
	33591  -  Run Bytes Received By Node
	3260  -  Total Bytes Sent By Node
	33591  -  Total Bytes Received By Node
...
015 (287921.000.001) 2025-01-28 17:58:49 Node 1 terminated.
	(1) Normal termination (return value 0)
		Usr 0 00:00:32, Sys 0 00:00:00  -  Run Remote Usage
		Usr 0 00:00:00, Sys 0 00:00:00  -  Run Local Usage
		Usr 0 00:00:32, Sys 0 00:00:00  -  Total Remote Usage
		Usr 0 00:00:00, Sys 0 00:00:00  -  Total Local Usage
	2165  -  Run Bytes Sent By Node
	33591  -  Run Bytes Received By Node
	2165  -  Total Bytes Sent By Node
	33591  -  Total Bytes Received By Node
...
005 (287921.000.000) 2025-01-28 17:58:49 Job terminated.
	(1) Normal termination (return value 0)
		Usr 0 00:03:52, Sys 0 00:00:03  -  Run Remote Usage
		Usr 0 00:00:00, Sys 0 00:00:00  -  Run Local Usage
		Usr 0 00:00:05, Sys 0 00:00:01  -  Total Remote Usage
		Usr 0 00:00:00, Sys 0 00:00:00  -  Total Local Usage
	16250  -  Run Bytes Sent By Job
	268728  -  Run Bytes Received By Job
	16250  -  Total Bytes Sent By Job
	268728  -  Total Bytes Received By Job
	Partitionable Resources :    Usage  Request Allocated 
	   Cpus                 :                 1         2 
	   Disk (KB)            :       51       35 103028807 
	   Memory (MB)          :       36       21    100096 

	Job terminated of its own accord at 2025-01-28T17:58:49Z with exit-code 0.
...
