000 (273983.000.000) 2025-01-23 11:29:39 Job submitted from host: <192.168.0.102:9618?addrs=192.168.0.102-9618&alias=submitter&noUDP&sock=schedd_2032_5c88>
...
014 (273983.000.000) 2025-01-23 11:29:47 Node 0 executing on host: <192.168.0.114:9618?addrs=192.168.0.114-9618&alias=node114.di.rm1&noUDP&sock=startd_2075_db1b>
...
014 (273983.000.003) 2025-01-23 11:29:47 Node 3 executing on host: <192.168.0.113:9618?addrs=192.168.0.113-9618&alias=node113.di.rm1&noUDP&sock=startd_3668932_c305>
...
014 (273983.000.002) 2025-01-23 11:29:47 Node 2 executing on host: <192.168.0.124:9618?addrs=192.168.0.124-9618&alias=node124.di.rm1&noUDP&sock=startd_2143_7f8b>
...
014 (273983.000.001) 2025-01-23 11:29:47 Node 1 executing on host: <192.168.0.141:9618?addrs=192.168.0.141-9618&alias=node141.di.rm1&noUDP&sock=startd_2077_3a4b>
...
001 (273983.000.000) 2025-01-23 11:29:47 Job executing on host: MPI_job
...
008 (273983.000.000) 2025-01-23 11:29:49 Launching orted on Node 0 of 4
...
008 (273983.000.000) 2025-01-23 11:29:49 Launching orted on Node 3 of 4
...
008 (273983.000.000) 2025-01-23 11:29:49 Launching orted on Node 2 of 4
...
008 (273983.000.000) 2025-01-23 11:29:50 Launching orted on Node 1 of 4
...
008 (273983.000.000) 2025-01-23 11:29:54 orted exited on Node 2 of 4
...
008 (273983.000.000) 2025-01-23 11:29:54 orted exited on Node 0 of 4
...
008 (273983.000.000) 2025-01-23 11:29:54 orted exited on Node 1 of 4
...
008 (273983.000.000) 2025-01-23 11:29:54 orted exited on Node 3 of 4
...
015 (273983.000.000) 2025-01-23 11:29:54 Node 0 terminated.
	(1) Normal termination (return value 0)
		Usr 0 00:00:00, Sys 0 00:00:00  -  Run Remote Usage
		Usr 0 00:00:00, Sys 0 00:00:00  -  Run Local Usage
		Usr 0 00:00:00, Sys 0 00:00:00  -  Total Remote Usage
		Usr 0 00:00:00, Sys 0 00:00:00  -  Total Local Usage
	3263  -  Run Bytes Sent By Node
	33639  -  Run Bytes Received By Node
	3263  -  Total Bytes Sent By Node
	33639  -  Total Bytes Received By Node
...
005 (273983.000.000) 2025-01-23 11:29:54 Job terminated.
	(1) Normal termination (return value 0)
		Usr 0 00:00:09, Sys 0 00:00:01  -  Run Remote Usage
		Usr 0 00:00:00, Sys 0 00:00:00  -  Run Local Usage
		Usr 0 00:00:00, Sys 0 00:00:00  -  Total Remote Usage
		Usr 0 00:00:00, Sys 0 00:00:00  -  Total Local Usage
	3263  -  Run Bytes Sent By Job
	134556  -  Run Bytes Received By Job
	3263  -  Total Bytes Sent By Job
	134556  -  Total Bytes Received By Job
	Partitionable Resources :    Usage  Request Allocated 
	   Cpus                 :                 1         2 
	   Disk (KB)            :       49       35 102671250 
	   Memory (MB)          :        0        1    100096 

	Job terminated of its own accord at 2025-01-23T11:29:54Z with exit-code 0.
...
000 (278728.000.000) 2025-01-24 09:19:36 Job submitted from host: <192.168.0.102:9618?addrs=192.168.0.102-9618&alias=submitter&noUDP&sock=schedd_2032_5c88>
...
014 (278728.000.000) 2025-01-24 09:19:38 Node 0 executing on host: <192.168.0.109:9618?addrs=192.168.0.109-9618&alias=node109.di.rm1&noUDP&sock=startd_1627_90ad>
...
014 (278728.000.001) 2025-01-24 09:19:38 Node 1 executing on host: <192.168.0.149:9618?addrs=192.168.0.149-9618&alias=node149.di.rm1&noUDP&sock=startd_1551_6f7a>
...
014 (278728.000.002) 2025-01-24 09:19:38 Node 2 executing on host: <192.168.0.124:9618?addrs=192.168.0.124-9618&alias=node124.di.rm1&noUDP&sock=startd_2143_7f8b>
...
014 (278728.000.003) 2025-01-24 09:19:38 Node 3 executing on host: <192.168.0.104:9618?addrs=192.168.0.104-9618&alias=node104.di.rm1&noUDP&sock=startd_1987_7ec5>
...
001 (278728.000.000) 2025-01-24 09:19:38 Job executing on host: MPI_job
...
008 (278728.000.000) 2025-01-24 09:19:40 Launching orted on Node 0 of 4
...
008 (278728.000.000) 2025-01-24 09:19:40 Launching orted on Node 1 of 4
...
008 (278728.000.000) 2025-01-24 09:19:40 Launching orted on Node 2 of 4
...
008 (278728.000.000) 2025-01-24 09:19:41 Launching orted on Node 3 of 4
...
008 (278728.000.000) 2025-01-24 09:19:45 orted exited on Node 1 of 4
...
008 (278728.000.000) 2025-01-24 09:19:45 orted exited on Node 3 of 4
...
008 (278728.000.000) 2025-01-24 09:19:45 orted exited on Node 0 of 4
...
008 (278728.000.000) 2025-01-24 09:19:45 orted exited on Node 2 of 4
...
015 (278728.000.000) 2025-01-24 09:19:45 Node 0 terminated.
	(1) Normal termination (return value 0)
		Usr 0 00:00:00, Sys 0 00:00:00  -  Run Remote Usage
		Usr 0 00:00:00, Sys 0 00:00:00  -  Run Local Usage
		Usr 0 00:00:00, Sys 0 00:00:00  -  Total Remote Usage
		Usr 0 00:00:00, Sys 0 00:00:00  -  Total Local Usage
	3257  -  Run Bytes Sent By Node
	33639  -  Run Bytes Received By Node
	3257  -  Total Bytes Sent By Node
	33639  -  Total Bytes Received By Node
...
005 (278728.000.000) 2025-01-24 09:19:45 Job terminated.
	(1) Normal termination (return value 0)
		Usr 0 00:00:10, Sys 0 00:00:00  -  Run Remote Usage
		Usr 0 00:00:00, Sys 0 00:00:00  -  Run Local Usage
		Usr 0 00:00:00, Sys 0 00:00:00  -  Total Remote Usage
		Usr 0 00:00:00, Sys 0 00:00:00  -  Total Local Usage
	3257  -  Run Bytes Sent By Job
	134556  -  Run Bytes Received By Job
	3257  -  Total Bytes Sent By Job
	134556  -  Total Bytes Received By Job
	Partitionable Resources :    Usage  Request Allocated 
	   Cpus                 :                 1         1 
	   Disk (KB)            :       49       35    468160 
	   Memory (MB)          :        0        0     40960 

	Job terminated of its own accord at 2025-01-24T09:19:45Z with exit-code 0.
...
