000 (268583.000.000) 2025-01-21 21:54:33 Job submitted from host: <192.168.0.102:9618?addrs=192.168.0.102-9618&alias=submitter&noUDP&sock=schedd_2032_5c88>
...
001 (268583.000.000) 2025-01-21 21:54:48 Job executing on host: <192.168.0.147:9618?addrs=192.168.0.147-9618&alias=node147.di.rm1&noUDP&sock=startd_1513_5ee1>
...
006 (268583.000.000) 2025-01-21 21:54:56 Image size of job updated: 212828
	208  -  MemoryUsage of job (MB)
	212828  -  ResidentSetSize of job (KB)
...
006 (268583.000.000) 2025-01-21 21:55:29 Image size of job updated: 216732
	208  -  MemoryUsage of job (MB)
	212828  -  ResidentSetSize of job (KB)
...
004 (268583.000.000) 2025-01-21 21:55:29 Job was evicted.
	(0) CPU times
		Usr 0 00:00:41, Sys 0 00:00:00  -  Run Remote Usage
		Usr 0 00:00:00, Sys 0 00:00:00  -  Run Local Usage
	0  -  Run Bytes Sent By Job
	0  -  Run Bytes Received By Job
	Partitionable Resources :    Usage  Request Allocated 
	   Cpus                 :                 1         1 
	   Disk (KB)            :       27       27    469805 
	   Memory (MB)          :      208        1       128 
...
009 (268583.000.000) 2025-01-21 21:55:29 Job was aborted.
	via condor_rm (by user calzona_2046920)
...
000 (268733.000.000) 2025-01-21 22:02:41 Job submitted from host: <192.168.0.102:9618?addrs=192.168.0.102-9618&alias=submitter&noUDP&sock=schedd_2032_5c88>
...
001 (268733.000.000) 2025-01-21 22:02:43 Job executing on host: <192.168.0.107:9618?addrs=192.168.0.107-9618&alias=node107.di.rm1&noUDP&sock=startd_1981_6134>
...
006 (268733.000.000) 2025-01-21 22:02:46 Image size of job updated: 150480
	0  -  MemoryUsage of job (MB)
	0  -  ResidentSetSize of job (KB)
...
004 (268733.000.000) 2025-01-21 22:02:46 Job was evicted.
	(0) CPU times
		Usr 0 00:00:02, Sys 0 00:00:00  -  Run Remote Usage
		Usr 0 00:00:00, Sys 0 00:00:00  -  Run Local Usage
	0  -  Run Bytes Sent By Job
	0  -  Run Bytes Received By Job
	Partitionable Resources :    Usage  Request Allocated 
	   Cpus                 :                 1         1 
	   Disk (KB)            :       27       27    471963 
	   Memory (MB)          :        0        1       128 
...
009 (268733.000.000) 2025-01-21 22:02:46 Job was aborted.
	via condor_rm (by user calzona_2046920)
...
