000 (265130.000.000) 2025-01-17 11:21:45 Job submitted from host: <192.168.0.102:9618?addrs=192.168.0.102-9618&alias=submitter&noUDP&sock=schedd_2032_5c88>
...
001 (265130.000.000) 2025-01-17 11:21:52 Job executing on host: <192.168.0.114:9618?addrs=192.168.0.114-9618&alias=node114.di.rm1&noUDP&sock=startd_2075_db1b>
...
006 (265130.000.000) 2025-01-17 11:22:01 Image size of job updated: 109660
	6  -  MemoryUsage of job (MB)
	6072  -  ResidentSetSize of job (KB)
...
005 (265130.000.000) 2025-01-17 11:22:06 Job terminated.
	(1) Normal termination (return value 0)
		Usr 0 00:00:11, Sys 0 00:00:00  -  Run Remote Usage
		Usr 0 00:00:00, Sys 0 00:00:00  -  Run Local Usage
		Usr 0 00:00:11, Sys 0 00:00:00  -  Total Remote Usage
		Usr 0 00:00:00, Sys 0 00:00:00  -  Total Local Usage
	0  -  Run Bytes Sent By Job
	0  -  Run Bytes Received By Job
	0  -  Total Bytes Sent By Job
	0  -  Total Bytes Received By Job
	Partitionable Resources :    Usage  Request Allocated 
	   Cpus                 :                 1         1 
	   Disk (KB)            :       27       27    195565 
	   Memory (MB)          :        6        1       128 

	Job terminated of its own accord at 2025-01-17T11:22:06Z with exit-code 0.
...
