000 (274023.000.000) 2025-01-23 11:31:01 Job submitted from host: <192.168.0.102:9618?addrs=192.168.0.102-9618&alias=submitter&noUDP&sock=schedd_2032_5c88>
...
014 (274023.000.000) 2025-01-23 11:31:09 Node 0 executing on host: <192.168.0.108:9618?addrs=192.168.0.108-9618&alias=node108.di.rm1&noUDP&sock=startd_1979_0203>
...
014 (274023.000.002) 2025-01-23 11:31:09 Node 2 executing on host: <192.168.0.122:9618?addrs=192.168.0.122-9618&alias=node122.di.rm1&noUDP&sock=startd_2134_5331>
...
014 (274023.000.001) 2025-01-23 11:31:09 Node 1 executing on host: <192.168.0.148:9618?addrs=192.168.0.148-9618&alias=node148.di.rm1&noUDP&sock=startd_1547_b119>
...
014 (274023.000.003) 2025-01-23 11:31:09 Node 3 executing on host: <192.168.0.122:9618?addrs=192.168.0.122-9618&alias=node122.di.rm1&noUDP&sock=startd_2134_5331>
...
001 (274023.000.000) 2025-01-23 11:31:09 Job executing on host: MPI_job
...
008 (274023.000.000) 2025-01-23 11:31:11 Launching orted on Node 2 of 4
...
008 (274023.000.000) 2025-01-23 11:31:11 Launching orted on Node 0 of 4
...
008 (274023.000.000) 2025-01-23 11:31:11 Launching orted on Node 3 of 4
...
008 (274023.000.000) 2025-01-23 11:31:11 Launching orted on Node 1 of 4
...
008 (274023.000.000) 2025-01-23 11:31:42 Node 0 caught SIGTERM, cleaning up mpirun
...
004 (274023.000.000) 2025-01-23 11:31:42 Job was evicted.
	(0) CPU times
		Usr 0 00:01:05, Sys 0 00:00:00  -  Run Remote Usage
		Usr 0 00:00:00, Sys 0 00:00:00  -  Run Local Usage
	0  -  Run Bytes Sent By Job
	134556  -  Run Bytes Received By Job
	Partitionable Resources :    Usage  Request Allocated 
	   Cpus                 :                 1         1 
	   Disk (KB)            :     8560       35    474134 
	   Memory (MB)          :      221      707     40960 
...
009 (274023.000.000) 2025-01-23 11:31:42 Job was aborted.
	via condor_rm (by user calzona_2046920)
...
000 (278767.000.000) 2025-01-24 09:22:14 Job submitted from host: <192.168.0.102:9618?addrs=192.168.0.102-9618&alias=submitter&noUDP&sock=schedd_2032_5c88>
...
014 (278767.000.000) 2025-01-24 09:22:21 Node 0 executing on host: <192.168.0.134:9618?addrs=192.168.0.134-9618&alias=node134.di.rm1&noUDP&sock=startd_2073_7bea>
...
014 (278767.000.001) 2025-01-24 09:22:22 Node 1 executing on host: <192.168.0.149:9618?addrs=192.168.0.149-9618&alias=node149.di.rm1&noUDP&sock=startd_1551_6f7a>
...
014 (278767.000.002) 2025-01-24 09:22:22 Node 2 executing on host: <192.168.0.124:9618?addrs=192.168.0.124-9618&alias=node124.di.rm1&noUDP&sock=startd_2143_7f8b>
...
014 (278767.000.003) 2025-01-24 09:22:22 Node 3 executing on host: <192.168.0.135:9618?addrs=192.168.0.135-9618&alias=node135.di.rm1&noUDP&sock=startd_2000_6980>
...
001 (278767.000.000) 2025-01-24 09:22:22 Job executing on host: MPI_job
...
008 (278767.000.000) 2025-01-24 09:22:24 Launching orted on Node 0 of 4
...
008 (278767.000.000) 2025-01-24 09:22:24 Launching orted on Node 1 of 4
...
008 (278767.000.000) 2025-01-24 09:22:24 Launching orted on Node 2 of 4
...
008 (278767.000.000) 2025-01-24 09:22:24 Launching orted on Node 3 of 4
...
008 (278767.000.000) 2025-01-24 09:23:35 orted exited on Node 2 of 4
...
008 (278767.000.000) 2025-01-24 09:23:35 orted exited on Node 0 of 4
...
008 (278767.000.000) 2025-01-24 09:23:35 orted exited on Node 1 of 4
...
008 (278767.000.000) 2025-01-24 09:23:35 orted exited on Node 3 of 4
...
015 (278767.000.000) 2025-01-24 09:23:35 Node 0 terminated.
	(1) Normal termination (return value 0)
		Usr 0 00:00:05, Sys 0 00:00:00  -  Run Remote Usage
		Usr 0 00:00:00, Sys 0 00:00:00  -  Run Local Usage
		Usr 0 00:00:05, Sys 0 00:00:00  -  Total Remote Usage
		Usr 0 00:00:00, Sys 0 00:00:00  -  Total Local Usage
	3260  -  Run Bytes Sent By Node
	33639  -  Run Bytes Received By Node
	3260  -  Total Bytes Sent By Node
	33639  -  Total Bytes Received By Node
...
005 (278767.000.000) 2025-01-24 09:23:36 Job terminated.
	(1) Normal termination (return value 0)
		Usr 0 00:03:37, Sys 0 00:00:01  -  Run Remote Usage
		Usr 0 00:00:00, Sys 0 00:00:00  -  Run Local Usage
		Usr 0 00:00:05, Sys 0 00:00:00  -  Total Remote Usage
		Usr 0 00:00:00, Sys 0 00:00:00  -  Total Local Usage
	3260  -  Run Bytes Sent By Job
	134556  -  Run Bytes Received By Job
	3260  -  Total Bytes Sent By Job
	134556  -  Total Bytes Received By Job
	Partitionable Resources :    Usage  Request Allocated 
	   Cpus                 :                 1         2 
	   Disk (KB)            :       49       35 102912899 
	   Memory (MB)          :      221      266    100096 

	Job terminated of its own accord at 2025-01-24T09:23:35Z with exit-code 0.
...
000 (287038.000.000) 2025-01-28 16:17:18 Job submitted from host: <192.168.0.102:9618?addrs=192.168.0.102-9618&alias=submitter&noUDP&sock=schedd_2032_5c88>
...
014 (287038.000.003) 2025-01-28 16:17:25 Node 3 executing on host: <192.168.0.109:9618?addrs=192.168.0.109-9618&alias=node109.di.rm1&noUDP&sock=startd_1627_90ad>
...
014 (287038.000.001) 2025-01-28 16:17:25 Node 1 executing on host: <192.168.0.109:9618?addrs=192.168.0.109-9618&alias=node109.di.rm1&noUDP&sock=startd_1627_90ad>
...
014 (287038.000.000) 2025-01-28 16:17:25 Node 0 executing on host: <192.168.0.133:9618?addrs=192.168.0.133-9618&alias=node133.di.rm1&noUDP&sock=startd_1941_f16a>
...
014 (287038.000.002) 2025-01-28 16:17:25 Node 2 executing on host: <192.168.0.123:9618?addrs=192.168.0.123-9618&alias=node123.di.rm1&noUDP&sock=startd_2149_9d1d>
...
001 (287038.000.000) 2025-01-28 16:17:25 Job executing on host: MPI_job
...
008 (287038.000.000) 2025-01-28 16:17:27 Launching orted on Node 1 of 4
...
008 (287038.000.000) 2025-01-28 16:17:27 Launching orted on Node 3 of 4
...
008 (287038.000.000) 2025-01-28 16:17:27 Launching orted on Node 0 of 4
...
008 (287038.000.000) 2025-01-28 16:17:27 Launching orted on Node 2 of 4
...
008 (287038.000.000) 2025-01-28 16:18:36 orted exited on Node 3 of 4
...
008 (287038.000.000) 2025-01-28 16:18:36 orted exited on Node 0 of 4
...
008 (287038.000.000) 2025-01-28 16:18:36 orted exited on Node 1 of 4
...
008 (287038.000.000) 2025-01-28 16:18:36 orted exited on Node 2 of 4
...
015 (287038.000.003) 2025-01-28 16:18:36 Node 3 terminated.
	(1) Normal termination (return value 0)
		Usr 0 00:01:09, Sys 0 00:00:00  -  Run Remote Usage
		Usr 0 00:00:00, Sys 0 00:00:00  -  Run Local Usage
		Usr 0 00:01:09, Sys 0 00:00:00  -  Total Remote Usage
		Usr 0 00:00:00, Sys 0 00:00:00  -  Total Local Usage
	2165  -  Run Bytes Sent By Node
	33591  -  Run Bytes Received By Node
	2165  -  Total Bytes Sent By Node
	33591  -  Total Bytes Received By Node
...
015 (287038.000.001) 2025-01-28 16:18:36 Node 1 terminated.
	(1) Normal termination (return value 0)
		Usr 0 00:01:09, Sys 0 00:00:01  -  Run Remote Usage
		Usr 0 00:00:00, Sys 0 00:00:00  -  Run Local Usage
		Usr 0 00:01:09, Sys 0 00:00:01  -  Total Remote Usage
		Usr 0 00:00:00, Sys 0 00:00:00  -  Total Local Usage
	2165  -  Run Bytes Sent By Node
	33591  -  Run Bytes Received By Node
	2165  -  Total Bytes Sent By Node
	33591  -  Total Bytes Received By Node
...
015 (287038.000.000) 2025-01-28 16:18:36 Node 0 terminated.
	(1) Normal termination (return value 0)
		Usr 0 00:00:00, Sys 0 00:00:00  -  Run Remote Usage
		Usr 0 00:00:00, Sys 0 00:00:00  -  Run Local Usage
		Usr 0 00:00:00, Sys 0 00:00:00  -  Total Remote Usage
		Usr 0 00:00:00, Sys 0 00:00:00  -  Total Local Usage
	3263  -  Run Bytes Sent By Node
	33591  -  Run Bytes Received By Node
	3263  -  Total Bytes Sent By Node
	33591  -  Total Bytes Received By Node
...
005 (287038.000.000) 2025-01-28 16:18:36 Job terminated.
	(1) Normal termination (return value 0)
		Usr 0 00:03:27, Sys 0 00:00:02  -  Run Remote Usage
		Usr 0 00:00:00, Sys 0 00:00:00  -  Run Local Usage
		Usr 0 00:00:00, Sys 0 00:00:00  -  Total Remote Usage
		Usr 0 00:00:00, Sys 0 00:00:00  -  Total Local Usage
	7593  -  Run Bytes Sent By Job
	134364  -  Run Bytes Received By Job
	7593  -  Total Bytes Sent By Job
	134364  -  Total Bytes Received By Job
	Partitionable Resources :    Usage  Request Allocated 
	   Cpus                 :                 1         2 
	   Disk (KB)            :       50       35 102738992 
	   Memory (MB)          :      222      279    100096 

	Job terminated of its own accord at 2025-01-28T16:18:36Z with exit-code 0.
...
