000 (271235.000.000) 2025-01-22 00:49:32 Job submitted from host: <192.168.0.102:9618?addrs=192.168.0.102-9618&alias=submitter&noUDP&sock=schedd_2032_5c88>
...
001 (271235.000.000) 2025-01-22 00:49:33 Job executing on host: <192.168.0.148:9618?addrs=192.168.0.148-9618&alias=node148.di.rm1&noUDP&sock=startd_1547_b119>
...
006 (271235.000.000) 2025-01-22 00:49:41 Image size of job updated: 422436
	410  -  MemoryUsage of job (MB)
	419664  -  ResidentSetSize of job (KB)
...
006 (271235.000.000) 2025-01-22 00:50:14 Image size of job updated: 2096988
	410  -  MemoryUsage of job (MB)
	419796  -  ResidentSetSize of job (KB)
...
005 (271235.000.000) 2025-01-22 00:50:15 Job terminated.
	(1) Normal termination (return value 0)
		Usr 0 00:00:44, Sys 0 00:00:01  -  Run Remote Usage
		Usr 0 00:00:00, Sys 0 00:00:00  -  Run Local Usage
		Usr 0 00:00:44, Sys 0 00:00:01  -  Total Remote Usage
		Usr 0 00:00:00, Sys 0 00:00:00  -  Total Local Usage
	0  -  Run Bytes Sent By Job
	0  -  Run Bytes Received By Job
	0  -  Total Bytes Sent By Job
	0  -  Total Bytes Received By Job
	Partitionable Resources :    Usage  Request Allocated 
	   Cpus                 :                 1         1 
	   Disk (KB)            :       27       27    467548 
	   Memory (MB)          :      410        1       128 

	Job terminated of its own accord at 2025-01-22T00:50:14Z with exit-code 0.
...
