000 (264657.000.000) 2025-01-17 11:21:29 Job submitted from host: <192.168.0.102:9618?addrs=192.168.0.102-9618&alias=submitter&noUDP&sock=schedd_2032_5c88>
...
001 (264657.000.000) 2025-01-17 11:21:35 Job executing on host: <192.168.0.140:9618?addrs=192.168.0.140-9618&alias=node140.di.rm1&noUDP&sock=startd_1890_f615>
...
006 (264657.000.000) 2025-01-17 11:21:43 Image size of job updated: 342064
	304  -  MemoryUsage of job (MB)
	310332  -  ResidentSetSize of job (KB)
...
006 (264657.000.000) 2025-01-17 11:26:44 Image size of job updated: 6155184
	5834  -  MemoryUsage of job (MB)
	5973076  -  ResidentSetSize of job (KB)
...
006 (264657.000.000) 2025-01-17 11:33:44 Image size of job updated: 7481168
	7122  -  MemoryUsage of job (MB)
	7292616  -  ResidentSetSize of job (KB)
...
006 (264657.000.000) 2025-01-17 11:33:48 Image size of job updated: 7481168
	7182  -  MemoryUsage of job (MB)
	7354348  -  ResidentSetSize of job (KB)
...
004 (264657.000.000) 2025-01-17 11:33:48 Job was evicted.
	(0) CPU times
		Usr 0 00:03:12, Sys 0 00:04:43  -  Run Remote Usage
		Usr 0 00:00:00, Sys 0 00:00:00  -  Run Local Usage
	0  -  Run Bytes Sent By Job
	0  -  Run Bytes Received By Job
	Partitionable Resources :    Usage  Request Allocated 
	   Cpus                 :     0.68        1         1 
	   Disk (KB)            :    27          27    468367 
	   Memory (MB)          :  7182           1       128 
...
009 (264657.000.000) 2025-01-17 11:33:48 Job was aborted.
	via condor_rm (by user calzona_2046920)
...
