000 (264520.000.000) 2025-01-17 11:21:25 Job submitted from host: <192.168.0.102:9618?addrs=192.168.0.102-9618&alias=submitter&noUDP&sock=schedd_2032_5c88>
...
001 (264520.000.000) 2025-01-17 11:21:33 Job executing on host: <192.168.0.138:9618?addrs=192.168.0.138-9618&alias=node138.di.rm1&noUDP&sock=startd_2998744_89a3>
...
006 (264520.000.000) 2025-01-17 11:21:42 Image size of job updated: 58860
	4  -  MemoryUsage of job (MB)
	3168  -  ResidentSetSize of job (KB)
...
005 (264520.000.000) 2025-01-17 11:21:47 Job terminated.
	(1) Normal termination (return value 0)
		Usr 0 00:00:11, Sys 0 00:00:00  -  Run Remote Usage
		Usr 0 00:00:00, Sys 0 00:00:00  -  Run Local Usage
		Usr 0 00:00:11, Sys 0 00:00:00  -  Total Remote Usage
		Usr 0 00:00:00, Sys 0 00:00:00  -  Total Local Usage
	0  -  Run Bytes Sent By Job
	0  -  Run Bytes Received By Job
	0  -  Total Bytes Sent By Job
	0  -  Total Bytes Received By Job
	Partitionable Resources :    Usage  Request Allocated 
	   Cpus                 :                 1         1 
	   Disk (KB)            :       27       27    474244 
	   Memory (MB)          :        4        1       128 

	Job terminated of its own accord at 2025-01-17T11:21:46Z with exit-code 0.
...
