000 (270868.000.000) 2025-01-22 00:22:47 Job submitted from host: <192.168.0.102:9618?addrs=192.168.0.102-9618&alias=submitter&noUDP&sock=schedd_2032_5c88>
...
001 (270868.000.000) 2025-01-22 00:22:49 Job executing on host: <192.168.0.151:9618?addrs=192.168.0.151-9618&alias=node151.di.rm1&noUDP&sock=startd_1528_a8cd>
...
006 (270868.000.000) 2025-01-22 00:22:59 Image size of job updated: 490884
	480  -  MemoryUsage of job (MB)
	490884  -  ResidentSetSize of job (KB)
...
006 (270868.000.000) 2025-01-22 00:23:49 Image size of job updated: 3407124
	481  -  MemoryUsage of job (MB)
	491676  -  ResidentSetSize of job (KB)
...
004 (270868.000.000) 2025-01-22 00:23:49 Job was evicted.
	(0) CPU times
		Usr 0 00:00:57, Sys 0 00:00:01  -  Run Remote Usage
		Usr 0 00:00:00, Sys 0 00:00:00  -  Run Local Usage
	0  -  Run Bytes Sent By Job
	0  -  Run Bytes Received By Job
	Partitionable Resources :    Usage  Request Allocated 
	   Cpus                 :     1.00        1         1 
	   Disk (KB)            :    27          27    474791 
	   Memory (MB)          :   481           1       128 
...
009 (270868.000.000) 2025-01-22 00:23:49 Job was aborted.
	via condor_rm (by user calzona_2046920)
...
