000 (264706.000.000) 2025-01-17 11:21:30 Job submitted from host: <192.168.0.102:9618?addrs=192.168.0.102-9618&alias=submitter&noUDP&sock=schedd_2032_5c88>
...
001 (264706.000.000) 2025-01-17 11:21:36 Job executing on host: <192.168.0.110:9618?addrs=192.168.0.110-9618&alias=node110.di.rm1&noUDP&sock=startd_2185_4e86>
...
006 (264706.000.000) 2025-01-17 11:21:44 Image size of job updated: 1364952
	322  -  MemoryUsage of job (MB)
	329208  -  ResidentSetSize of job (KB)
...
006 (264706.000.000) 2025-01-17 11:26:58 Image size of job updated: 7609476
	6328  -  MemoryUsage of job (MB)
	6479452  -  ResidentSetSize of job (KB)
...
006 (264706.000.000) 2025-01-17 11:33:27 Image size of job updated: 8712336
	7470  -  MemoryUsage of job (MB)
	7648616  -  ResidentSetSize of job (KB)
...
006 (264706.000.000) 2025-01-17 11:33:30 Image size of job updated: 8712336
	7492  -  MemoryUsage of job (MB)
	7671320  -  ResidentSetSize of job (KB)
...
004 (264706.000.000) 2025-01-17 11:33:30 Job was evicted.
	(0) CPU times
		Usr 0 00:03:14, Sys 0 00:04:13  -  Run Remote Usage
		Usr 0 00:00:00, Sys 0 00:00:00  -  Run Local Usage
	0  -  Run Bytes Sent By Job
	0  -  Run Bytes Received By Job
	Partitionable Resources :    Usage  Request Allocated 
	   Cpus                 :     0.59        1         1 
	   Disk (KB)            :    27          27    468087 
	   Gpus (Average)       :                 0         0 
	   Memory (MB)          :  7492           1       128 
...
009 (264706.000.000) 2025-01-17 11:33:30 Job was aborted.
	via condor_rm (by user calzona_2046920)
...
