000 (279505.000.000) 2025-01-24 10:54:30 Job submitted from host: <192.168.0.102:9618?addrs=192.168.0.102-9618&alias=submitter&noUDP&sock=schedd_2032_5c88>
...
014 (279505.000.000) 2025-01-24 10:54:38 Node 0 executing on host: <192.168.0.140:9618?addrs=192.168.0.140-9618&alias=node140.di.rm1&noUDP&sock=startd_1890_f615>
...
014 (279505.000.002) 2025-01-24 10:54:38 Node 2 executing on host: <192.168.0.146:9618?addrs=192.168.0.146-9618&alias=node146.di.rm1&noUDP&sock=startd_1984_6ffc>
...
014 (279505.000.003) 2025-01-24 10:54:38 Node 3 executing on host: <192.168.0.111:9618?addrs=192.168.0.111-9618&alias=node111.di.rm1&noUDP&sock=startd_2044_97ab>
...
014 (279505.000.004) 2025-01-24 10:54:38 Node 4 executing on host: <192.168.0.148:9618?addrs=192.168.0.148-9618&alias=node148.di.rm1&noUDP&sock=startd_1547_b119>
...
014 (279505.000.001) 2025-01-24 10:54:38 Node 1 executing on host: <192.168.0.145:9618?addrs=192.168.0.145-9618&alias=node145.di.rm1&noUDP&sock=startd_1869_8e98>
...
014 (279505.000.007) 2025-01-24 10:54:38 Node 7 executing on host: <192.168.0.145:9618?addrs=192.168.0.145-9618&alias=node145.di.rm1&noUDP&sock=startd_1869_8e98>
...
014 (279505.000.006) 2025-01-24 10:54:38 Node 6 executing on host: <192.168.0.130:9618?addrs=192.168.0.130-9618&alias=node130.di.rm1&noUDP&sock=startd_2751195_838e>
...
014 (279505.000.005) 2025-01-24 10:54:39 Node 5 executing on host: <192.168.0.143:9618?addrs=192.168.0.143-9618&alias=node143.di.rm1&noUDP&sock=startd_2061_40c7>
...
001 (279505.000.000) 2025-01-24 10:54:40 Job executing on host: MPI_job
...
008 (279505.000.000) 2025-01-24 10:54:40 Launching orted on Node 2 of 8
...
008 (279505.000.000) 2025-01-24 10:54:40 Launching orted on Node 4 of 8
...
008 (279505.000.000) 2025-01-24 10:54:40 Launching orted on Node 0 of 8
...
008 (279505.000.000) 2025-01-24 10:54:40 Launching orted on Node 3 of 8
...
008 (279505.000.000) 2025-01-24 10:54:41 Launching orted on Node 7 of 8
...
008 (279505.000.000) 2025-01-24 10:54:41 Launching orted on Node 1 of 8
...
008 (279505.000.000) 2025-01-24 10:54:41 Launching orted on Node 6 of 8
...
008 (279505.000.000) 2025-01-24 10:54:44 Launching orted on Node 5 of 8
...
008 (279505.000.000) 2025-01-24 10:54:46 orted exited on Node 6 of 8
...
008 (279505.000.000) 2025-01-24 10:54:46 orted exited on Node 2 of 8
...
008 (279505.000.000) 2025-01-24 10:54:46 orted exited on Node 3 of 8
...
008 (279505.000.000) 2025-01-24 10:54:46 orted exited on Node 0 of 8
...
008 (279505.000.000) 2025-01-24 10:54:46 orted exited on Node 4 of 8
...
008 (279505.000.000) 2025-01-24 10:54:46 orted exited on Node 7 of 8
...
008 (279505.000.000) 2025-01-24 10:54:46 orted exited on Node 1 of 8
...
008 (279505.000.000) 2025-01-24 10:54:46 orted exited on Node 5 of 8
...
015 (279505.000.002) 2025-01-24 10:54:46 Node 2 terminated.
	(1) Normal termination (return value 0)
		Usr 0 00:00:02, Sys 0 00:00:00  -  Run Remote Usage
		Usr 0 00:00:00, Sys 0 00:00:00  -  Run Local Usage
		Usr 0 00:00:02, Sys 0 00:00:00  -  Total Remote Usage
		Usr 0 00:00:00, Sys 0 00:00:00  -  Total Local Usage
	2165  -  Run Bytes Sent By Node
	33639  -  Run Bytes Received By Node
	2165  -  Total Bytes Sent By Node
	33639  -  Total Bytes Received By Node
...
015 (279505.000.004) 2025-01-24 10:54:46 Node 4 terminated.
	(1) Normal termination (return value 0)
		Usr 0 00:00:01, Sys 0 00:00:00  -  Run Remote Usage
		Usr 0 00:00:00, Sys 0 00:00:00  -  Run Local Usage
		Usr 0 00:00:01, Sys 0 00:00:00  -  Total Remote Usage
		Usr 0 00:00:00, Sys 0 00:00:00  -  Total Local Usage
	2165  -  Run Bytes Sent By Node
	33639  -  Run Bytes Received By Node
	2165  -  Total Bytes Sent By Node
	33639  -  Total Bytes Received By Node
...
015 (279505.000.003) 2025-01-24 10:54:46 Node 3 terminated.
	(1) Normal termination (return value 0)
		Usr 0 00:00:01, Sys 0 00:00:00  -  Run Remote Usage
		Usr 0 00:00:00, Sys 0 00:00:00  -  Run Local Usage
		Usr 0 00:00:01, Sys 0 00:00:00  -  Total Remote Usage
		Usr 0 00:00:00, Sys 0 00:00:00  -  Total Local Usage
	2187  -  Run Bytes Sent By Node
	33639  -  Run Bytes Received By Node
	2187  -  Total Bytes Sent By Node
	33639  -  Total Bytes Received By Node
...
015 (279505.000.006) 2025-01-24 10:54:46 Node 6 terminated.
	(1) Normal termination (return value 0)
		Usr 0 00:00:01, Sys 0 00:00:01  -  Run Remote Usage
		Usr 0 00:00:00, Sys 0 00:00:00  -  Run Local Usage
		Usr 0 00:00:01, Sys 0 00:00:01  -  Total Remote Usage
		Usr 0 00:00:00, Sys 0 00:00:00  -  Total Local Usage
	2165  -  Run Bytes Sent By Node
	33639  -  Run Bytes Received By Node
	2165  -  Total Bytes Sent By Node
	33639  -  Total Bytes Received By Node
...
015 (279505.000.000) 2025-01-24 10:54:46 Node 0 terminated.
	(1) Normal termination (return value 0)
		Usr 0 00:00:00, Sys 0 00:00:00  -  Run Remote Usage
		Usr 0 00:00:00, Sys 0 00:00:00  -  Run Local Usage
		Usr 0 00:00:00, Sys 0 00:00:00  -  Total Remote Usage
		Usr 0 00:00:00, Sys 0 00:00:00  -  Total Local Usage
	3262  -  Run Bytes Sent By Node
	33639  -  Run Bytes Received By Node
	3262  -  Total Bytes Sent By Node
	33639  -  Total Bytes Received By Node
...
005 (279505.000.000) 2025-01-24 10:54:46 Job terminated.
	(1) Normal termination (return value 0)
		Usr 0 00:00:08, Sys 0 00:00:01  -  Run Remote Usage
		Usr 0 00:00:00, Sys 0 00:00:00  -  Run Local Usage
		Usr 0 00:00:00, Sys 0 00:00:00  -  Total Remote Usage
		Usr 0 00:00:00, Sys 0 00:00:00  -  Total Local Usage
	11944  -  Run Bytes Sent By Job
	269112  -  Run Bytes Received By Job
	11944  -  Total Bytes Sent By Job
	269112  -  Total Bytes Received By Job
	Partitionable Resources :    Usage  Request Allocated 
	   Cpus                 :                 1         1 
	   Disk (KB)            :       50       35    468367 
	   Memory (MB)          :        0      253     20480 

	Job terminated of its own accord at 2025-01-24T10:54:46Z with exit-code 0.
...
