000 (270273.000.000) 2025-01-21 23:40:20 Job submitted from host: <192.168.0.102:9618?addrs=192.168.0.102-9618&alias=submitter&noUDP&sock=schedd_2032_5c88>
...
001 (270273.000.000) 2025-01-21 23:40:21 Job executing on host: <192.168.0.120:9618?addrs=192.168.0.120-9618&alias=node120.di.rm1&noUDP&sock=startd_2096_4298>
...
006 (270273.000.000) 2025-01-21 23:40:30 Image size of job updated: 1329604
	415  -  MemoryUsage of job (MB)
	424908  -  ResidentSetSize of job (KB)
...
006 (270273.000.000) 2025-01-21 23:41:22 Image size of job updated: 3532736
	416  -  MemoryUsage of job (MB)
	425832  -  ResidentSetSize of job (KB)
...
004 (270273.000.000) 2025-01-21 23:41:22 Job was evicted.
	(0) CPU times
		Usr 0 00:00:58, Sys 0 00:00:01  -  Run Remote Usage
		Usr 0 00:00:00, Sys 0 00:00:00  -  Run Local Usage
	0  -  Run Bytes Sent By Job
	0  -  Run Bytes Received By Job
	Partitionable Resources :    Usage  Request Allocated 
	   Cpus                 :                 1         1 
	   Disk (KB)            :       27       27    459052 
	   Gpus (Average)       :                 0         0 
	   Memory (MB)          :      416        1       128 
...
009 (270273.000.000) 2025-01-21 23:41:22 Job was aborted.
	via condor_rm (by user calzona_2046920)
...
000 (276430.000.000) 2025-01-24 04:34:06 Job submitted from host: <192.168.0.102:9618?addrs=192.168.0.102-9618&alias=submitter&noUDP&sock=schedd_2032_5c88>
...
001 (276430.000.000) 2025-01-24 04:34:08 Job executing on host: <192.168.0.148:9618?addrs=192.168.0.148-9618&alias=node148.di.rm1&noUDP&sock=startd_1547_b119>
...
006 (276430.000.000) 2025-01-24 04:34:16 Image size of job updated: 1141616
	416  -  MemoryUsage of job (MB)
	425568  -  ResidentSetSize of job (KB)
...
006 (276430.000.000) 2025-01-24 04:36:08 Image size of job updated: 6271832
	416  -  MemoryUsage of job (MB)
	425568  -  ResidentSetSize of job (KB)
...
004 (276430.000.000) 2025-01-24 04:36:08 Job was evicted.
	(0) CPU times
		Usr 0 00:01:57, Sys 0 00:00:02  -  Run Remote Usage
		Usr 0 00:00:00, Sys 0 00:00:00  -  Run Local Usage
	0  -  Run Bytes Sent By Job
	0  -  Run Bytes Received By Job
	Partitionable Resources :    Usage  Request Allocated 
	   Cpus                 :                 1         1 
	   Disk (KB)            :       27       27    467548 
	   Memory (MB)          :      416        1       128 
...
009 (276430.000.000) 2025-01-24 04:36:08 Job was aborted.
	via condor_rm (by user calzona_2046920)
...
