000 (279157.000.000) 2025-01-24 10:19:15 Job submitted from host: <192.168.0.102:9618?addrs=192.168.0.102-9618&alias=submitter&noUDP&sock=schedd_2032_5c88>
...
014 (279157.000.000) 2025-01-24 10:19:27 Node 0 executing on host: <192.168.0.149:9618?addrs=192.168.0.149-9618&alias=node149.di.rm1&noUDP&sock=startd_1551_6f7a>
...
014 (279157.000.004) 2025-01-24 10:19:27 Node 4 executing on host: <192.168.0.133:9618?addrs=192.168.0.133-9618&alias=node133.di.rm1&noUDP&sock=startd_1941_f16a>
...
014 (279157.000.007) 2025-01-24 10:19:27 Node 7 executing on host: <192.168.0.148:9618?addrs=192.168.0.148-9618&alias=node148.di.rm1&noUDP&sock=startd_1547_b119>
...
014 (279157.000.001) 2025-01-24 10:19:27 Node 1 executing on host: <192.168.0.123:9618?addrs=192.168.0.123-9618&alias=node123.di.rm1&noUDP&sock=startd_2149_9d1d>
...
014 (279157.000.005) 2025-01-24 10:19:27 Node 5 executing on host: <192.168.0.139:9618?addrs=192.168.0.139-9618&alias=node139.di.rm1&noUDP&sock=startd_1966_1748>
...
014 (279157.000.006) 2025-01-24 10:19:27 Node 6 executing on host: <192.168.0.104:9618?addrs=192.168.0.104-9618&alias=node104.di.rm1&noUDP&sock=startd_1987_7ec5>
...
014 (279157.000.003) 2025-01-24 10:19:27 Node 3 executing on host: <192.168.0.124:9618?addrs=192.168.0.124-9618&alias=node124.di.rm1&noUDP&sock=startd_2143_7f8b>
...
014 (279157.000.002) 2025-01-24 10:19:27 Node 2 executing on host: <192.168.0.141:9618?addrs=192.168.0.141-9618&alias=node141.di.rm1&noUDP&sock=startd_2077_3a4b>
...
001 (279157.000.000) 2025-01-24 10:19:27 Job executing on host: MPI_job
...
008 (279157.000.000) 2025-01-24 10:19:29 Launching orted on Node 0 of 8
...
008 (279157.000.000) 2025-01-24 10:19:29 Launching orted on Node 4 of 8
...
008 (279157.000.000) 2025-01-24 10:19:29 Launching orted on Node 7 of 8
...
008 (279157.000.000) 2025-01-24 10:19:29 Launching orted on Node 5 of 8
...
008 (279157.000.000) 2025-01-24 10:19:29 Launching orted on Node 1 of 8
...
008 (279157.000.000) 2025-01-24 10:19:29 Launching orted on Node 6 of 8
...
008 (279157.000.000) 2025-01-24 10:19:29 Launching orted on Node 3 of 8
...
008 (279157.000.000) 2025-01-24 10:19:29 Launching orted on Node 2 of 8
...
008 (279157.000.000) 2025-01-24 10:19:30 orted exited on Node 1 of 8
...
008 (279157.000.000) 2025-01-24 10:19:30 orted exited on Node 6 of 8
...
008 (279157.000.000) 2025-01-24 10:19:30 orted exited on Node 7 of 8
...
008 (279157.000.000) 2025-01-24 10:19:30 orted exited on Node 5 of 8
...
008 (279157.000.000) 2025-01-24 10:19:30 orted exited on Node 4 of 8
...
008 (279157.000.000) 2025-01-24 10:19:30 orted exited on Node 0 of 8
...
008 (279157.000.000) 2025-01-24 10:19:30 orted exited on Node 3 of 8
...
008 (279157.000.000) 2025-01-24 10:19:30 orted exited on Node 2 of 8
...
015 (279157.000.000) 2025-01-24 10:19:30 Node 0 terminated.
	(1) Normal termination (return value 0)
		Usr 0 00:00:00, Sys 0 00:00:00  -  Run Remote Usage
		Usr 0 00:00:00, Sys 0 00:00:00  -  Run Local Usage
		Usr 0 00:00:00, Sys 0 00:00:00  -  Total Remote Usage
		Usr 0 00:00:00, Sys 0 00:00:00  -  Total Local Usage
	3263  -  Run Bytes Sent By Node
	33639  -  Run Bytes Received By Node
	3263  -  Total Bytes Sent By Node
	33639  -  Total Bytes Received By Node
...
015 (279157.000.004) 2025-01-24 10:19:30 Node 4 terminated.
	(1) Normal termination (return value 0)
		Usr 0 00:00:00, Sys 0 00:00:00  -  Run Remote Usage
		Usr 0 00:00:00, Sys 0 00:00:00  -  Run Local Usage
		Usr 0 00:00:00, Sys 0 00:00:00  -  Total Remote Usage
		Usr 0 00:00:00, Sys 0 00:00:00  -  Total Local Usage
	2165  -  Run Bytes Sent By Node
	33639  -  Run Bytes Received By Node
	2165  -  Total Bytes Sent By Node
	33639  -  Total Bytes Received By Node
...
015 (279157.000.007) 2025-01-24 10:19:30 Node 7 terminated.
	(1) Normal termination (return value 0)
		Usr 0 00:00:00, Sys 0 00:00:00  -  Run Remote Usage
		Usr 0 00:00:00, Sys 0 00:00:00  -  Run Local Usage
		Usr 0 00:00:00, Sys 0 00:00:00  -  Total Remote Usage
		Usr 0 00:00:00, Sys 0 00:00:00  -  Total Local Usage
	2165  -  Run Bytes Sent By Node
	33639  -  Run Bytes Received By Node
	2165  -  Total Bytes Sent By Node
	33639  -  Total Bytes Received By Node
...
005 (279157.000.000) 2025-01-24 10:19:30 Job terminated.
	(1) Normal termination (return value 0)
		Usr 0 00:00:00, Sys 0 00:00:00  -  Run Remote Usage
		Usr 0 00:00:00, Sys 0 00:00:00  -  Run Local Usage
		Usr 0 00:00:00, Sys 0 00:00:00  -  Total Remote Usage
		Usr 0 00:00:00, Sys 0 00:00:00  -  Total Local Usage
	7593  -  Run Bytes Sent By Job
	269112  -  Run Bytes Received By Job
	7593  -  Total Bytes Sent By Job
	269112  -  Total Bytes Received By Job
	Partitionable Resources :    Usage  Request Allocated 
	   Cpus                 :                 1         2 
	   Disk (KB)            :       50       35 102883670 
	   Memory (MB)          :        1        1    100096 

	Job terminated of its own accord at 2025-01-24T10:19:30Z with exit-code 0.
...
000 (287472.000.000) 2025-01-28 17:16:25 Job submitted from host: <192.168.0.102:9618?addrs=192.168.0.102-9618&alias=submitter&noUDP&sock=schedd_2032_5c88>
...
014 (287472.000.000) 2025-01-28 17:16:32 Node 0 executing on host: <192.168.0.130:9618?addrs=192.168.0.130-9618&alias=node130.di.rm1&noUDP&sock=startd_2751195_838e>
...
014 (287472.000.002) 2025-01-28 17:16:32 Node 2 executing on host: <192.168.0.146:9618?addrs=192.168.0.146-9618&alias=node146.di.rm1&noUDP&sock=startd_1984_6ffc>
...
014 (287472.000.003) 2025-01-28 17:16:32 Node 3 executing on host: <192.168.0.111:9618?addrs=192.168.0.111-9618&alias=node111.di.rm1&noUDP&sock=startd_2044_97ab>
...
014 (287472.000.001) 2025-01-28 17:16:32 Node 1 executing on host: <192.168.0.107:9618?addrs=192.168.0.107-9618&alias=node107.di.rm1&noUDP&sock=startd_1981_6134>
...
014 (287472.000.006) 2025-01-28 17:16:33 Node 6 executing on host: <192.168.0.137:9618?addrs=192.168.0.137-9618&alias=node137.di.rm1&noUDP&sock=startd_1934_2440>
...
014 (287472.000.005) 2025-01-28 17:16:33 Node 5 executing on host: <192.168.0.151:9618?addrs=192.168.0.151-9618&alias=node151.di.rm1&noUDP&sock=startd_1528_a8cd>
...
014 (287472.000.007) 2025-01-28 17:16:33 Node 7 executing on host: <192.168.0.147:9618?addrs=192.168.0.147-9618&alias=node147.di.rm1&noUDP&sock=startd_1513_5ee1>
...
014 (287472.000.004) 2025-01-28 17:16:33 Node 4 executing on host: <192.168.0.141:9618?addrs=192.168.0.141-9618&alias=node141.di.rm1&noUDP&sock=startd_2077_3a4b>
...
001 (287472.000.000) 2025-01-28 17:16:33 Job executing on host: MPI_job
...
008 (287472.000.000) 2025-01-28 17:16:35 Launching orted on Node 0 of 8
...
008 (287472.000.000) 2025-01-28 17:16:35 Launching orted on Node 2 of 8
...
008 (287472.000.000) 2025-01-28 17:16:35 Launching orted on Node 3 of 8
...
008 (287472.000.000) 2025-01-28 17:16:35 Launching orted on Node 7 of 8
...
008 (287472.000.000) 2025-01-28 17:16:35 Launching orted on Node 6 of 8
...
008 (287472.000.000) 2025-01-28 17:16:35 Launching orted on Node 1 of 8
...
008 (287472.000.000) 2025-01-28 17:16:35 Launching orted on Node 5 of 8
...
008 (287472.000.000) 2025-01-28 17:16:35 Launching orted on Node 4 of 8
...
008 (287472.000.000) 2025-01-28 17:16:36 orted exited on Node 2 of 8
...
008 (287472.000.000) 2025-01-28 17:16:36 orted exited on Node 0 of 8
...
008 (287472.000.000) 2025-01-28 17:16:36 orted exited on Node 7 of 8
...
008 (287472.000.000) 2025-01-28 17:16:36 orted exited on Node 4 of 8
...
008 (287472.000.000) 2025-01-28 17:16:36 orted exited on Node 5 of 8
...
008 (287472.000.000) 2025-01-28 17:16:36 orted exited on Node 6 of 8
...
008 (287472.000.000) 2025-01-28 17:16:36 orted exited on Node 3 of 8
...
008 (287472.000.000) 2025-01-28 17:16:36 orted exited on Node 1 of 8
...
015 (287472.000.007) 2025-01-28 17:16:36 Node 7 terminated.
	(1) Normal termination (return value 0)
		Usr 0 00:00:00, Sys 0 00:00:00  -  Run Remote Usage
		Usr 0 00:00:00, Sys 0 00:00:00  -  Run Local Usage
		Usr 0 00:00:00, Sys 0 00:00:00  -  Total Remote Usage
		Usr 0 00:00:00, Sys 0 00:00:00  -  Total Local Usage
	2165  -  Run Bytes Sent By Node
	33591  -  Run Bytes Received By Node
	2165  -  Total Bytes Sent By Node
	33591  -  Total Bytes Received By Node
...
015 (287472.000.002) 2025-01-28 17:16:36 Node 2 terminated.
	(1) Normal termination (return value 0)
		Usr 0 00:00:00, Sys 0 00:00:00  -  Run Remote Usage
		Usr 0 00:00:00, Sys 0 00:00:00  -  Run Local Usage
		Usr 0 00:00:00, Sys 0 00:00:00  -  Total Remote Usage
		Usr 0 00:00:00, Sys 0 00:00:00  -  Total Local Usage
	2165  -  Run Bytes Sent By Node
	33591  -  Run Bytes Received By Node
	2165  -  Total Bytes Sent By Node
	33591  -  Total Bytes Received By Node
...
015 (287472.000.006) 2025-01-28 17:16:36 Node 6 terminated.
	(1) Normal termination (return value 0)
		Usr 0 00:00:00, Sys 0 00:00:01  -  Run Remote Usage
		Usr 0 00:00:00, Sys 0 00:00:00  -  Run Local Usage
		Usr 0 00:00:00, Sys 0 00:00:01  -  Total Remote Usage
		Usr 0 00:00:00, Sys 0 00:00:00  -  Total Local Usage
	2165  -  Run Bytes Sent By Node
	33591  -  Run Bytes Received By Node
	2165  -  Total Bytes Sent By Node
	33591  -  Total Bytes Received By Node
...
015 (287472.000.000) 2025-01-28 17:16:36 Node 0 terminated.
	(1) Normal termination (return value 0)
		Usr 0 00:00:00, Sys 0 00:00:00  -  Run Remote Usage
		Usr 0 00:00:00, Sys 0 00:00:00  -  Run Local Usage
		Usr 0 00:00:00, Sys 0 00:00:00  -  Total Remote Usage
		Usr 0 00:00:00, Sys 0 00:00:00  -  Total Local Usage
	3260  -  Run Bytes Sent By Node
	33591  -  Run Bytes Received By Node
	3260  -  Total Bytes Sent By Node
	33591  -  Total Bytes Received By Node
...
005 (287472.000.000) 2025-01-28 17:16:36 Job terminated.
	(1) Normal termination (return value 0)
		Usr 0 00:00:01, Sys 0 00:00:01  -  Run Remote Usage
		Usr 0 00:00:00, Sys 0 00:00:00  -  Run Local Usage
		Usr 0 00:00:00, Sys 0 00:00:00  -  Total Remote Usage
		Usr 0 00:00:00, Sys 0 00:00:00  -  Total Local Usage
	9755  -  Run Bytes Sent By Job
	268728  -  Run Bytes Received By Job
	9755  -  Total Bytes Sent By Job
	268728  -  Total Bytes Received By Job
	Partitionable Resources :    Usage  Request Allocated 
	   Cpus                 :                 1         2 
	   Disk (KB)            :       51       35 102964203 
	   Memory (MB)          :        0        0    100096 

	Job terminated of its own accord at 2025-01-28T17:16:36Z with exit-code 0.
...
