000 (273203.000.000) 2025-01-23 10:46:32 Job submitted from host: <192.168.0.102:9618?addrs=192.168.0.102-9618&alias=submitter&noUDP&sock=schedd_2032_5c88>
...
014 (273203.000.000) 2025-01-23 10:46:39 Node 0 executing on host: <192.168.0.140:9618?addrs=192.168.0.140-9618&alias=node140.di.rm1&noUDP&sock=startd_1890_f615>
...
014 (273203.000.001) 2025-01-23 10:46:39 Node 1 executing on host: <192.168.0.116:9618?addrs=192.168.0.116-9618&alias=node116.di.rm1&noUDP&sock=startd_1847_7783>
...
001 (273203.000.000) 2025-01-23 10:46:39 Job executing on host: MPI_job
...
008 (273203.000.000) 2025-01-23 10:46:41 Launching orted on Node 1 of 2
...
008 (273203.000.000) 2025-01-23 10:46:41 Launching orted on Node 0 of 2
...
008 (273203.000.000) 2025-01-23 10:46:56 orted exited on Node 1 of 2
...
008 (273203.000.000) 2025-01-23 10:46:56 orted exited on Node 0 of 2
...
015 (273203.000.001) 2025-01-23 10:46:56 Node 1 terminated.
	(1) Normal termination (return value 0)
		Usr 0 00:00:14, Sys 0 00:00:01  -  Run Remote Usage
		Usr 0 00:00:00, Sys 0 00:00:00  -  Run Local Usage
		Usr 0 00:00:14, Sys 0 00:00:01  -  Total Remote Usage
		Usr 0 00:00:00, Sys 0 00:00:00  -  Total Local Usage
	2165  -  Run Bytes Sent By Node
	33639  -  Run Bytes Received By Node
	2165  -  Total Bytes Sent By Node
	33639  -  Total Bytes Received By Node
...
015 (273203.000.000) 2025-01-23 10:46:56 Node 0 terminated.
	(1) Normal termination (return value 0)
		Usr 0 00:00:00, Sys 0 00:00:01  -  Run Remote Usage
		Usr 0 00:00:00, Sys 0 00:00:00  -  Run Local Usage
		Usr 0 00:00:00, Sys 0 00:00:01  -  Total Remote Usage
		Usr 0 00:00:00, Sys 0 00:00:00  -  Total Local Usage
	3258  -  Run Bytes Sent By Node
	33639  -  Run Bytes Received By Node
	3258  -  Total Bytes Sent By Node
	33639  -  Total Bytes Received By Node
...
005 (273203.000.000) 2025-01-23 10:46:56 Job terminated.
	(1) Normal termination (return value 0)
		Usr 0 00:00:14, Sys 0 00:00:02  -  Run Remote Usage
		Usr 0 00:00:00, Sys 0 00:00:00  -  Run Local Usage
		Usr 0 00:00:00, Sys 0 00:00:01  -  Total Remote Usage
		Usr 0 00:00:00, Sys 0 00:00:00  -  Total Local Usage
	5423  -  Run Bytes Sent By Job
	67278  -  Run Bytes Received By Job
	5423  -  Total Bytes Sent By Job
	67278  -  Total Bytes Received By Job
	Partitionable Resources :    Usage  Request Allocated 
	   Cpus                 :                 1         2 
	   Disk (KB)            :       49       35 103040641 
	   Memory (MB)          :      368      219    100096 

	Job terminated of its own accord at 2025-01-23T10:46:56Z with exit-code 0.
...
000 (277981.000.000) 2025-01-24 07:31:48 Job submitted from host: <192.168.0.102:9618?addrs=192.168.0.102-9618&alias=submitter&noUDP&sock=schedd_2032_5c88>
...
014 (277981.000.000) 2025-01-24 07:31:55 Node 0 executing on host: <192.168.0.147:9618?addrs=192.168.0.147-9618&alias=node147.di.rm1&noUDP&sock=startd_1513_5ee1>
...
014 (277981.000.001) 2025-01-24 07:31:55 Node 1 executing on host: <192.168.0.148:9618?addrs=192.168.0.148-9618&alias=node148.di.rm1&noUDP&sock=startd_1547_b119>
...
001 (277981.000.000) 2025-01-24 07:31:55 Job executing on host: MPI_job
...
008 (277981.000.000) 2025-01-24 07:31:57 Launching orted on Node 0 of 2
...
008 (277981.000.000) 2025-01-24 07:31:57 Launching orted on Node 1 of 2
...
008 (277981.000.000) 2025-01-24 07:32:12 orted exited on Node 0 of 2
...
008 (277981.000.000) 2025-01-24 07:32:12 orted exited on Node 1 of 2
...
015 (277981.000.000) 2025-01-24 07:32:13 Node 0 terminated.
	(1) Normal termination (return value 0)
		Usr 0 00:00:14, Sys 0 00:00:00  -  Run Remote Usage
		Usr 0 00:00:00, Sys 0 00:00:00  -  Run Local Usage
		Usr 0 00:00:14, Sys 0 00:00:00  -  Total Remote Usage
		Usr 0 00:00:00, Sys 0 00:00:00  -  Total Local Usage
	3255  -  Run Bytes Sent By Node
	33639  -  Run Bytes Received By Node
	3255  -  Total Bytes Sent By Node
	33639  -  Total Bytes Received By Node
...
005 (277981.000.000) 2025-01-24 07:32:13 Job terminated.
	(1) Normal termination (return value 0)
		Usr 0 00:00:29, Sys 0 00:00:00  -  Run Remote Usage
		Usr 0 00:00:00, Sys 0 00:00:00  -  Run Local Usage
		Usr 0 00:00:07, Sys 0 00:00:00  -  Total Remote Usage
		Usr 0 00:00:00, Sys 0 00:00:00  -  Total Local Usage
	3255  -  Run Bytes Sent By Job
	67278  -  Run Bytes Received By Job
	3255  -  Total Bytes Sent By Job
	67278  -  Total Bytes Received By Job
	Partitionable Resources :    Usage  Request Allocated 
	   Cpus                 :                 1         1 
	   Disk (KB)            :       49       35    469805 
	   Memory (MB)          :      299      218     40960 

	Job terminated of its own accord at 2025-01-24T07:32:12Z with exit-code 0.
...
