000 (273782.000.000) 2025-01-23 11:19:42 Job submitted from host: <192.168.0.102:9618?addrs=192.168.0.102-9618&alias=submitter&noUDP&sock=schedd_2032_5c88>
...
014 (273782.000.000) 2025-01-23 11:19:58 Node 0 executing on host: <192.168.0.137:9618?addrs=192.168.0.137-9618&alias=node137.di.rm1&noUDP&sock=startd_1934_2440>
...
014 (273782.000.001) 2025-01-23 11:19:58 Node 1 executing on host: <192.168.0.111:9618?addrs=192.168.0.111-9618&alias=node111.di.rm1&noUDP&sock=startd_2044_97ab>
...
014 (273782.000.002) 2025-01-23 11:19:58 Node 2 executing on host: <192.168.0.141:9618?addrs=192.168.0.141-9618&alias=node141.di.rm1&noUDP&sock=startd_2077_3a4b>
...
014 (273782.000.003) 2025-01-23 11:19:58 Node 3 executing on host: <192.168.0.141:9618?addrs=192.168.0.141-9618&alias=node141.di.rm1&noUDP&sock=startd_2077_3a4b>
...
001 (273782.000.000) 2025-01-23 11:19:58 Job executing on host: MPI_job
...
008 (273782.000.000) 2025-01-23 11:20:00 Launching orted on Node 0 of 4
...
008 (273782.000.000) 2025-01-23 11:20:00 Launching orted on Node 1 of 4
...
008 (273782.000.000) 2025-01-23 11:20:00 Launching orted on Node 2 of 4
...
008 (273782.000.000) 2025-01-23 11:20:00 Launching orted on Node 3 of 4
...
008 (273782.000.000) 2025-01-23 11:20:01 orted exited on Node 0 of 4
...
008 (273782.000.000) 2025-01-23 11:20:01 orted exited on Node 1 of 4
...
008 (273782.000.000) 2025-01-23 11:20:01 orted exited on Node 2 of 4
...
008 (273782.000.000) 2025-01-23 11:20:01 orted exited on Node 3 of 4
...
015 (273782.000.000) 2025-01-23 11:20:01 Node 0 terminated.
	(1) Normal termination (return value 0)
		Usr 0 00:00:00, Sys 0 00:00:00  -  Run Remote Usage
		Usr 0 00:00:00, Sys 0 00:00:00  -  Run Local Usage
		Usr 0 00:00:00, Sys 0 00:00:00  -  Total Remote Usage
		Usr 0 00:00:00, Sys 0 00:00:00  -  Total Local Usage
	3263  -  Run Bytes Sent By Node
	33639  -  Run Bytes Received By Node
	3263  -  Total Bytes Sent By Node
	33639  -  Total Bytes Received By Node
...
005 (273782.000.000) 2025-01-23 11:20:01 Job terminated.
	(1) Normal termination (return value 0)
		Usr 0 00:00:03, Sys 0 00:00:01  -  Run Remote Usage
		Usr 0 00:00:00, Sys 0 00:00:00  -  Run Local Usage
		Usr 0 00:00:00, Sys 0 00:00:00  -  Total Remote Usage
		Usr 0 00:00:00, Sys 0 00:00:00  -  Total Local Usage
	3263  -  Run Bytes Sent By Job
	134556  -  Run Bytes Received By Job
	3263  -  Total Bytes Sent By Job
	134556  -  Total Bytes Received By Job
	Partitionable Resources :    Usage  Request Allocated 
	   Cpus                 :                 1         2 
	   Disk (KB)            :       49       35 102846057 
	   Memory (MB)          :        0        0    100096 

	Job terminated of its own accord at 2025-01-23T11:20:01Z with exit-code 0.
...
