000 (270245.000.000) 2025-01-21 23:37:15 Job submitted from host: <192.168.0.102:9618?addrs=192.168.0.102-9618&alias=submitter&noUDP&sock=schedd_2032_5c88>
...
001 (270245.000.000) 2025-01-21 23:37:35 Job executing on host: <192.168.0.120:9618?addrs=192.168.0.120-9618&alias=node120.di.rm1&noUDP&sock=startd_2096_4298>
...
006 (270245.000.000) 2025-01-21 23:37:44 Image size of job updated: 1139100
	580  -  MemoryUsage of job (MB)
	593736  -  ResidentSetSize of job (KB)
...
006 (270245.000.000) 2025-01-21 23:38:16 Image size of job updated: 2765016
	581  -  MemoryUsage of job (MB)
	594660  -  ResidentSetSize of job (KB)
...
004 (270245.000.000) 2025-01-21 23:38:16 Job was evicted.
	(0) CPU times
		Usr 0 00:00:39, Sys 0 00:00:01  -  Run Remote Usage
		Usr 0 00:00:00, Sys 0 00:00:00  -  Run Local Usage
	0  -  Run Bytes Sent By Job
	0  -  Run Bytes Received By Job
	Partitionable Resources :    Usage  Request Allocated 
	   Cpus                 :                 1         1 
	   Disk (KB)            :       27       27    459052 
	   Gpus (Average)       :                 0         0 
	   Memory (MB)          :      581        1       128 
...
009 (270245.000.000) 2025-01-21 23:38:16 Job was aborted.
	via condor_rm (by user calzona_2046920)
...
