000 (274020.000.000) 2025-01-23 11:31:01 Job submitted from host: <192.168.0.102:9618?addrs=192.168.0.102-9618&alias=submitter&noUDP&sock=schedd_2032_5c88>
...
014 (274020.000.001) 2025-01-23 11:31:09 Node 1 executing on host: <192.168.0.132:9618?addrs=192.168.0.132-9618&alias=node132.di.rm1&noUDP&sock=startd_1999_b9e8>
...
014 (274020.000.000) 2025-01-23 11:31:09 Node 0 executing on host: <192.168.0.137:9618?addrs=192.168.0.137-9618&alias=node137.di.rm1&noUDP&sock=startd_1934_2440>
...
014 (274020.000.002) 2025-01-23 11:31:09 Node 2 executing on host: <192.168.0.147:9618?addrs=192.168.0.147-9618&alias=node147.di.rm1&noUDP&sock=startd_1513_5ee1>
...
014 (274020.000.003) 2025-01-23 11:31:09 Node 3 executing on host: <192.168.0.141:9618?addrs=192.168.0.141-9618&alias=node141.di.rm1&noUDP&sock=startd_2077_3a4b>
...
001 (274020.000.000) 2025-01-23 11:31:09 Job executing on host: MPI_job
...
008 (274020.000.000) 2025-01-23 11:31:11 Launching orted on Node 2 of 4
...
008 (274020.000.000) 2025-01-23 11:31:11 Launching orted on Node 0 of 4
...
008 (274020.000.000) 2025-01-23 11:31:11 Launching orted on Node 1 of 4
...
008 (274020.000.000) 2025-01-23 11:31:12 Launching orted on Node 3 of 4
...
008 (274020.000.000) 2025-01-23 11:31:42 Node 0 caught SIGTERM, cleaning up mpirun
...
004 (274020.000.000) 2025-01-23 11:31:42 Job was evicted.
	(0) CPU times
		Usr 0 00:00:40, Sys 0 00:00:01  -  Run Remote Usage
		Usr 0 00:00:00, Sys 0 00:00:00  -  Run Local Usage
	0  -  Run Bytes Sent By Job
	134556  -  Run Bytes Received By Job
	Partitionable Resources :    Usage  Request Allocated 
	   Cpus                 :                 1         2 
	   Disk (KB)            :     8560       35 102846057 
	   Memory (MB)          :      221     1483    100096 
...
009 (274020.000.000) 2025-01-23 11:31:42 Job was aborted.
	via condor_rm (by user calzona_2046920)
...
000 (278764.000.000) 2025-01-24 09:22:14 Job submitted from host: <192.168.0.102:9618?addrs=192.168.0.102-9618&alias=submitter&noUDP&sock=schedd_2032_5c88>
...
014 (278764.000.003) 2025-01-24 09:22:21 Node 3 executing on host: <192.168.0.121:9618?addrs=192.168.0.121-9618&alias=node121.di.rm1&noUDP&sock=startd_2146_8e54>
...
014 (278764.000.001) 2025-01-24 09:22:21 Node 1 executing on host: <192.168.0.116:9618?addrs=192.168.0.116-9618&alias=node116.di.rm1&noUDP&sock=startd_1847_7783>
...
014 (278764.000.000) 2025-01-24 09:22:21 Node 0 executing on host: <192.168.0.140:9618?addrs=192.168.0.140-9618&alias=node140.di.rm1&noUDP&sock=startd_1890_f615>
...
014 (278764.000.002) 2025-01-24 09:22:22 Node 2 executing on host: <192.168.0.135:9618?addrs=192.168.0.135-9618&alias=node135.di.rm1&noUDP&sock=startd_2000_6980>
...
001 (278764.000.000) 2025-01-24 09:22:22 Job executing on host: MPI_job
...
008 (278764.000.000) 2025-01-24 09:22:24 Launching orted on Node 3 of 4
...
008 (278764.000.000) 2025-01-24 09:22:24 Launching orted on Node 1 of 4
...
008 (278764.000.000) 2025-01-24 09:22:24 Launching orted on Node 0 of 4
...
008 (278764.000.000) 2025-01-24 09:22:24 Launching orted on Node 2 of 4
...
008 (278764.000.000) 2025-01-24 09:23:36 orted exited on Node 1 of 4
...
008 (278764.000.000) 2025-01-24 09:23:36 orted exited on Node 2 of 4
...
008 (278764.000.000) 2025-01-24 09:23:36 orted exited on Node 3 of 4
...
008 (278764.000.000) 2025-01-24 09:23:36 orted exited on Node 0 of 4
...
015 (278764.000.003) 2025-01-24 09:23:36 Node 3 terminated.
	(1) Normal termination (return value 0)
		Usr 0 00:01:11, Sys 0 00:00:02  -  Run Remote Usage
		Usr 0 00:00:00, Sys 0 00:00:00  -  Run Local Usage
		Usr 0 00:01:11, Sys 0 00:00:02  -  Total Remote Usage
		Usr 0 00:00:00, Sys 0 00:00:00  -  Total Local Usage
	2165  -  Run Bytes Sent By Node
	33639  -  Run Bytes Received By Node
	2165  -  Total Bytes Sent By Node
	33639  -  Total Bytes Received By Node
...
015 (278764.000.001) 2025-01-24 09:23:36 Node 1 terminated.
	(1) Normal termination (return value 0)
		Usr 0 00:01:11, Sys 0 00:00:02  -  Run Remote Usage
		Usr 0 00:00:00, Sys 0 00:00:00  -  Run Local Usage
		Usr 0 00:01:11, Sys 0 00:00:02  -  Total Remote Usage
		Usr 0 00:00:00, Sys 0 00:00:00  -  Total Local Usage
	2165  -  Run Bytes Sent By Node
	33639  -  Run Bytes Received By Node
	2165  -  Total Bytes Sent By Node
	33639  -  Total Bytes Received By Node
...
015 (278764.000.000) 2025-01-24 09:23:36 Node 0 terminated.
	(1) Normal termination (return value 0)
		Usr 0 00:00:00, Sys 0 00:00:00  -  Run Remote Usage
		Usr 0 00:00:00, Sys 0 00:00:00  -  Run Local Usage
		Usr 0 00:00:00, Sys 0 00:00:00  -  Total Remote Usage
		Usr 0 00:00:00, Sys 0 00:00:00  -  Total Local Usage
	3266  -  Run Bytes Sent By Node
	33639  -  Run Bytes Received By Node
	3266  -  Total Bytes Sent By Node
	33639  -  Total Bytes Received By Node
...
005 (278764.000.000) 2025-01-24 09:23:36 Job terminated.
	(1) Normal termination (return value 0)
		Usr 0 00:03:32, Sys 0 00:00:05  -  Run Remote Usage
		Usr 0 00:00:00, Sys 0 00:00:00  -  Run Local Usage
		Usr 0 00:00:00, Sys 0 00:00:00  -  Total Remote Usage
		Usr 0 00:00:00, Sys 0 00:00:00  -  Total Local Usage
	7596  -  Run Bytes Sent By Job
	134556  -  Run Bytes Received By Job
	7596  -  Total Bytes Sent By Job
	134556  -  Total Bytes Received By Job
	Partitionable Resources :    Usage  Request Allocated 
	   Cpus                 :                 1         1 
	   Disk (KB)            :       49       35    468367 
	   Memory (MB)          :      219     5165     20480 

	Job terminated of its own accord at 2025-01-24T09:23:36Z with exit-code 0.
...
000 (287035.000.000) 2025-01-28 16:17:18 Job submitted from host: <192.168.0.102:9618?addrs=192.168.0.102-9618&alias=submitter&noUDP&sock=schedd_2032_5c88>
...
014 (287035.000.003) 2025-01-28 16:17:25 Node 3 executing on host: <192.168.0.151:9618?addrs=192.168.0.151-9618&alias=node151.di.rm1&noUDP&sock=startd_1528_a8cd>
...
014 (287035.000.001) 2025-01-28 16:17:25 Node 1 executing on host: <192.168.0.120:9618?addrs=192.168.0.120-9618&alias=node120.di.rm1&noUDP&sock=startd_2096_4298>
...
014 (287035.000.002) 2025-01-28 16:17:25 Node 2 executing on host: <192.168.0.121:9618?addrs=192.168.0.121-9618&alias=node121.di.rm1&noUDP&sock=startd_2146_8e54>
...
014 (287035.000.000) 2025-01-28 16:17:25 Node 0 executing on host: <192.168.0.141:9618?addrs=192.168.0.141-9618&alias=node141.di.rm1&noUDP&sock=startd_2077_3a4b>
...
001 (287035.000.000) 2025-01-28 16:17:25 Job executing on host: MPI_job
...
008 (287035.000.000) 2025-01-28 16:17:27 Launching orted on Node 1 of 4
...
008 (287035.000.000) 2025-01-28 16:17:27 Launching orted on Node 3 of 4
...
008 (287035.000.000) 2025-01-28 16:17:27 Launching orted on Node 2 of 4
...
008 (287035.000.000) 2025-01-28 16:17:28 Launching orted on Node 0 of 4
...
008 (287035.000.000) 2025-01-28 16:18:37 orted exited on Node 1 of 4
...
008 (287035.000.000) 2025-01-28 16:18:37 orted exited on Node 3 of 4
...
008 (287035.000.000) 2025-01-28 16:18:37 orted exited on Node 2 of 4
...
008 (287035.000.000) 2025-01-28 16:18:37 orted exited on Node 0 of 4
...
015 (287035.000.001) 2025-01-28 16:18:37 Node 1 terminated.
	(1) Normal termination (return value 0)
		Usr 0 00:01:08, Sys 0 00:00:00  -  Run Remote Usage
		Usr 0 00:00:00, Sys 0 00:00:00  -  Run Local Usage
		Usr 0 00:01:08, Sys 0 00:00:00  -  Total Remote Usage
		Usr 0 00:00:00, Sys 0 00:00:00  -  Total Local Usage
	2187  -  Run Bytes Sent By Node
	33591  -  Run Bytes Received By Node
	2187  -  Total Bytes Sent By Node
	33591  -  Total Bytes Received By Node
...
015 (287035.000.002) 2025-01-28 16:18:37 Node 2 terminated.
	(1) Normal termination (return value 0)
		Usr 0 00:01:09, Sys 0 00:00:01  -  Run Remote Usage
		Usr 0 00:00:00, Sys 0 00:00:00  -  Run Local Usage
		Usr 0 00:01:09, Sys 0 00:00:01  -  Total Remote Usage
		Usr 0 00:00:00, Sys 0 00:00:00  -  Total Local Usage
	2165  -  Run Bytes Sent By Node
	33591  -  Run Bytes Received By Node
	2165  -  Total Bytes Sent By Node
	33591  -  Total Bytes Received By Node
...
015 (287035.000.003) 2025-01-28 16:18:37 Node 3 terminated.
	(1) Normal termination (return value 0)
		Usr 0 00:01:09, Sys 0 00:00:01  -  Run Remote Usage
		Usr 0 00:00:00, Sys 0 00:00:00  -  Run Local Usage
		Usr 0 00:01:09, Sys 0 00:00:01  -  Total Remote Usage
		Usr 0 00:00:00, Sys 0 00:00:00  -  Total Local Usage
	2165  -  Run Bytes Sent By Node
	33591  -  Run Bytes Received By Node
	2165  -  Total Bytes Sent By Node
	33591  -  Total Bytes Received By Node
...
015 (287035.000.000) 2025-01-28 16:18:37 Node 0 terminated.
	(1) Normal termination (return value 0)
		Usr 0 00:00:06, Sys 0 00:00:00  -  Run Remote Usage
		Usr 0 00:00:00, Sys 0 00:00:00  -  Run Local Usage
		Usr 0 00:00:06, Sys 0 00:00:00  -  Total Remote Usage
		Usr 0 00:00:00, Sys 0 00:00:00  -  Total Local Usage
	3732  -  Run Bytes Sent By Node
	33591  -  Run Bytes Received By Node
	3732  -  Total Bytes Sent By Node
	33591  -  Total Bytes Received By Node
...
005 (287035.000.000) 2025-01-28 16:18:37 Job terminated.
	(1) Normal termination (return value 0)
		Usr 0 00:03:32, Sys 0 00:00:02  -  Run Remote Usage
		Usr 0 00:00:00, Sys 0 00:00:00  -  Run Local Usage
		Usr 0 00:00:06, Sys 0 00:00:00  -  Total Remote Usage
		Usr 0 00:00:00, Sys 0 00:00:00  -  Total Local Usage
	10249  -  Run Bytes Sent By Job
	134364  -  Run Bytes Received By Job
	10249  -  Total Bytes Sent By Job
	134364  -  Total Bytes Received By Job
	Partitionable Resources :    Usage  Request Allocated 
	   Cpus                 :                 1         2 
	   Disk (KB)            :       51       35 103002119 
	   Memory (MB)          :      221     5352    100096 

	Job terminated of its own accord at 2025-01-28T16:18:37Z with exit-code 0.
...
