000 (271609.000.000) 2025-01-22 01:15:14 Job submitted from host: <192.168.0.102:9618?addrs=192.168.0.102-9618&alias=submitter&noUDP&sock=schedd_2032_5c88>
...
001 (271609.000.000) 2025-01-22 01:15:35 Job executing on host: <192.168.0.147:9618?addrs=192.168.0.147-9618&alias=node147.di.rm1&noUDP&sock=startd_1513_5ee1>
...
006 (271609.000.000) 2025-01-22 01:15:43 Image size of job updated: 400356
	391  -  MemoryUsage of job (MB)
	400356  -  ResidentSetSize of job (KB)
...
006 (271609.000.000) 2025-01-22 01:16:15 Image size of job updated: 1994256
	393  -  MemoryUsage of job (MB)
	401412  -  ResidentSetSize of job (KB)
...
004 (271609.000.000) 2025-01-22 01:16:15 Job was evicted.
	(0) CPU times
		Usr 0 00:00:39, Sys 0 00:00:00  -  Run Remote Usage
		Usr 0 00:00:00, Sys 0 00:00:00  -  Run Local Usage
	0  -  Run Bytes Sent By Job
	0  -  Run Bytes Received By Job
	Partitionable Resources :    Usage  Request Allocated 
	   Cpus                 :     1.00        1         1 
	   Disk (KB)            :    27          27    469805 
	   Memory (MB)          :   393           1       128 
...
009 (271609.000.000) 2025-01-22 01:16:16 Job was aborted.
	via condor_rm (by user calzona_2046920)
...
000 (277763.000.000) 2025-01-24 07:04:15 Job submitted from host: <192.168.0.102:9618?addrs=192.168.0.102-9618&alias=submitter&noUDP&sock=schedd_2032_5c88>
...
001 (277763.000.000) 2025-01-24 07:04:15 Job executing on host: <192.168.0.149:9618?addrs=192.168.0.149-9618&alias=node149.di.rm1&noUDP&sock=startd_1551_6f7a>
...
006 (277763.000.000) 2025-01-24 07:04:25 Image size of job updated: 448904
	438  -  MemoryUsage of job (MB)
	448376  -  ResidentSetSize of job (KB)
...
006 (277763.000.000) 2025-01-24 07:06:16 Image size of job updated: 6048796
	438  -  MemoryUsage of job (MB)
	448508  -  ResidentSetSize of job (KB)
...
004 (277763.000.000) 2025-01-24 07:06:16 Job was evicted.
	(0) CPU times
		Usr 0 00:01:58, Sys 0 00:00:03  -  Run Remote Usage
		Usr 0 00:00:00, Sys 0 00:00:00  -  Run Local Usage
	0  -  Run Bytes Sent By Job
	0  -  Run Bytes Received By Job
	Partitionable Resources :    Usage  Request Allocated 
	   Cpus                 :                 1         1 
	   Disk (KB)            :       27       27    471944 
	   Memory (MB)          :      438        1       128 
...
009 (277763.000.000) 2025-01-24 07:06:16 Job was aborted.
	via condor_rm (by user calzona_2046920)
...
