000 (273511.000.000) 2025-01-23 11:04:37 Job submitted from host: <192.168.0.102:9618?addrs=192.168.0.102-9618&alias=submitter&noUDP&sock=schedd_2032_5c88>
...
014 (273511.000.000) 2025-01-23 11:04:43 Node 0 executing on host: <192.168.0.137:9618?addrs=192.168.0.137-9618&alias=node137.di.rm1&noUDP&sock=startd_1934_2440>
...
014 (273511.000.001) 2025-01-23 11:04:43 Node 1 executing on host: <192.168.0.111:9618?addrs=192.168.0.111-9618&alias=node111.di.rm1&noUDP&sock=startd_2044_97ab>
...
001 (273511.000.000) 2025-01-23 11:04:43 Job executing on host: MPI_job
...
008 (273511.000.000) 2025-01-23 11:04:45 Launching orted on Node 0 of 2
...
008 (273511.000.000) 2025-01-23 11:04:45 Launching orted on Node 1 of 2
...
008 (273511.000.000) 2025-01-23 11:04:50 orted exited on Node 0 of 2
...
008 (273511.000.000) 2025-01-23 11:04:50 orted exited on Node 1 of 2
...
015 (273511.000.000) 2025-01-23 11:04:50 Node 0 terminated.
	(1) Normal termination (return value 0)
		Usr 0 00:00:04, Sys 0 00:00:00  -  Run Remote Usage
		Usr 0 00:00:00, Sys 0 00:00:00  -  Run Local Usage
		Usr 0 00:00:04, Sys 0 00:00:00  -  Total Remote Usage
		Usr 0 00:00:00, Sys 0 00:00:00  -  Total Local Usage
	3256  -  Run Bytes Sent By Node
	33639  -  Run Bytes Received By Node
	3256  -  Total Bytes Sent By Node
	33639  -  Total Bytes Received By Node
...
005 (273511.000.000) 2025-01-23 11:04:50 Job terminated.
	(1) Normal termination (return value 0)
		Usr 0 00:00:09, Sys 0 00:00:00  -  Run Remote Usage
		Usr 0 00:00:00, Sys 0 00:00:00  -  Run Local Usage
		Usr 0 00:00:04, Sys 0 00:00:00  -  Total Remote Usage
		Usr 0 00:00:00, Sys 0 00:00:00  -  Total Local Usage
	3256  -  Run Bytes Sent By Job
	67278  -  Run Bytes Received By Job
	3256  -  Total Bytes Sent By Job
	67278  -  Total Bytes Received By Job
	Partitionable Resources :    Usage  Request Allocated 
	   Cpus                 :                 1         2 
	   Disk (KB)            :       49       35 102846057 
	   Memory (MB)          :        0        0    100096 

	Job terminated of its own accord at 2025-01-23T11:04:50Z with exit-code 0.
...
000 (278272.000.000) 2025-01-24 08:15:32 Job submitted from host: <192.168.0.102:9618?addrs=192.168.0.102-9618&alias=submitter&noUDP&sock=schedd_2032_5c88>
...
014 (278272.000.001) 2025-01-24 08:15:39 Node 1 executing on host: <192.168.0.132:9618?addrs=192.168.0.132-9618&alias=node132.di.rm1&noUDP&sock=startd_1999_b9e8>
...
014 (278272.000.000) 2025-01-24 08:15:39 Node 0 executing on host: <192.168.0.137:9618?addrs=192.168.0.137-9618&alias=node137.di.rm1&noUDP&sock=startd_1934_2440>
...
001 (278272.000.000) 2025-01-24 08:15:39 Job executing on host: MPI_job
...
008 (278272.000.000) 2025-01-24 08:15:41 Launching orted on Node 1 of 2
...
008 (278272.000.000) 2025-01-24 08:15:41 Launching orted on Node 0 of 2
...
008 (278272.000.000) 2025-01-24 08:15:46 orted exited on Node 0 of 2
...
008 (278272.000.000) 2025-01-24 08:15:46 orted exited on Node 1 of 2
...
015 (278272.000.001) 2025-01-24 08:15:46 Node 1 terminated.
	(1) Normal termination (return value 0)
		Usr 0 00:00:04, Sys 0 00:00:00  -  Run Remote Usage
		Usr 0 00:00:00, Sys 0 00:00:00  -  Run Local Usage
		Usr 0 00:00:04, Sys 0 00:00:00  -  Total Remote Usage
		Usr 0 00:00:00, Sys 0 00:00:00  -  Total Local Usage
	2165  -  Run Bytes Sent By Node
	33639  -  Run Bytes Received By Node
	2165  -  Total Bytes Sent By Node
	33639  -  Total Bytes Received By Node
...
015 (278272.000.000) 2025-01-24 08:15:46 Node 0 terminated.
	(1) Normal termination (return value 0)
		Usr 0 00:00:05, Sys 0 00:00:00  -  Run Remote Usage
		Usr 0 00:00:00, Sys 0 00:00:00  -  Run Local Usage
		Usr 0 00:00:05, Sys 0 00:00:00  -  Total Remote Usage
		Usr 0 00:00:00, Sys 0 00:00:00  -  Total Local Usage
	3256  -  Run Bytes Sent By Node
	33639  -  Run Bytes Received By Node
	3256  -  Total Bytes Sent By Node
	33639  -  Total Bytes Received By Node
...
005 (278272.000.000) 2025-01-24 08:15:46 Job terminated.
	(1) Normal termination (return value 0)
		Usr 0 00:00:09, Sys 0 00:00:00  -  Run Remote Usage
		Usr 0 00:00:00, Sys 0 00:00:00  -  Run Local Usage
		Usr 0 00:00:01, Sys 0 00:00:00  -  Total Remote Usage
		Usr 0 00:00:00, Sys 0 00:00:00  -  Total Local Usage
	5421  -  Run Bytes Sent By Job
	67278  -  Run Bytes Received By Job
	5421  -  Total Bytes Sent By Job
	67278  -  Total Bytes Received By Job
	Partitionable Resources :    Usage  Request Allocated 
	   Cpus                 :                 1         2 
	   Disk (KB)            :       49       35 102846057 
	   Memory (MB)          :        0        0    100096 

	Job terminated of its own accord at 2025-01-24T08:15:46Z with exit-code 0.
...
000 (286425.000.000) 2025-01-28 15:20:05 Job submitted from host: <192.168.0.102:9618?addrs=192.168.0.102-9618&alias=submitter&noUDP&sock=schedd_2032_5c88>
...
014 (286425.000.001) 2025-01-28 15:20:12 Node 1 executing on host: <192.168.0.142:9618?addrs=192.168.0.142-9618&alias=node142.di.rm1&noUDP&sock=startd_1996_ab1f>
...
014 (286425.000.000) 2025-01-28 15:20:12 Node 0 executing on host: <192.168.0.133:9618?addrs=192.168.0.133-9618&alias=node133.di.rm1&noUDP&sock=startd_1941_f16a>
...
001 (286425.000.000) 2025-01-28 15:20:12 Job executing on host: MPI_job
...
008 (286425.000.000) 2025-01-28 15:20:14 Launching orted on Node 1 of 2
...
008 (286425.000.000) 2025-01-28 15:20:14 Launching orted on Node 0 of 2
...
008 (286425.000.000) 2025-01-28 15:20:19 orted exited on Node 1 of 2
...
008 (286425.000.000) 2025-01-28 15:20:19 orted exited on Node 0 of 2
...
015 (286425.000.000) 2025-01-28 15:20:19 Node 0 terminated.
	(1) Normal termination (return value 0)
		Usr 0 00:00:04, Sys 0 00:00:00  -  Run Remote Usage
		Usr 0 00:00:00, Sys 0 00:00:00  -  Run Local Usage
		Usr 0 00:00:04, Sys 0 00:00:00  -  Total Remote Usage
		Usr 0 00:00:00, Sys 0 00:00:00  -  Total Local Usage
	3253  -  Run Bytes Sent By Node
	33591  -  Run Bytes Received By Node
	3253  -  Total Bytes Sent By Node
	33591  -  Total Bytes Received By Node
...
005 (286425.000.000) 2025-01-28 15:20:19 Job terminated.
	(1) Normal termination (return value 0)
		Usr 0 00:00:08, Sys 0 00:00:00  -  Run Remote Usage
		Usr 0 00:00:00, Sys 0 00:00:00  -  Run Local Usage
		Usr 0 00:00:04, Sys 0 00:00:00  -  Total Remote Usage
		Usr 0 00:00:00, Sys 0 00:00:00  -  Total Local Usage
	5418  -  Run Bytes Sent By Job
	67182  -  Run Bytes Received By Job
	5418  -  Total Bytes Sent By Job
	67182  -  Total Bytes Received By Job
	Partitionable Resources :    Usage  Request Allocated 
	   Cpus                 :                 1         2 
	   Disk (KB)            :       50       35 102738992 
	   Memory (MB)          :        0        1    100096 

	Job terminated of its own accord at 2025-01-28T15:20:19Z with exit-code 0.
...
