000 (271595.000.000) 2025-01-22 01:14:12 Job submitted from host: <192.168.0.102:9618?addrs=192.168.0.102-9618&alias=submitter&noUDP&sock=schedd_2032_5c88>
...
001 (271595.000.000) 2025-01-22 01:14:32 Job executing on host: <192.168.0.151:9618?addrs=192.168.0.151-9618&alias=node151.di.rm1&noUDP&sock=startd_1528_a8cd>
...
006 (271595.000.000) 2025-01-22 01:14:41 Image size of job updated: 442596
	433  -  MemoryUsage of job (MB)
	442596  -  ResidentSetSize of job (KB)
...
006 (271595.000.000) 2025-01-22 01:15:14 Image size of job updated: 1918884
	433  -  MemoryUsage of job (MB)
	443124  -  ResidentSetSize of job (KB)
...
004 (271595.000.000) 2025-01-22 01:15:14 Job was evicted.
	(0) CPU times
		Usr 0 00:00:39, Sys 0 00:00:01  -  Run Remote Usage
		Usr 0 00:00:00, Sys 0 00:00:00  -  Run Local Usage
	0  -  Run Bytes Sent By Job
	0  -  Run Bytes Received By Job
	Partitionable Resources :    Usage  Request Allocated 
	   Cpus                 :                 1         1 
	   Disk (KB)            :       27       27    474791 
	   Memory (MB)          :      433        1       128 
...
009 (271595.000.000) 2025-01-22 01:15:14 Job was aborted.
	via condor_rm (by user calzona_2046920)
...
000 (277749.000.000) 2025-01-24 07:02:13 Job submitted from host: <192.168.0.102:9618?addrs=192.168.0.102-9618&alias=submitter&noUDP&sock=schedd_2032_5c88>
...
001 (277749.000.000) 2025-01-24 07:02:13 Job executing on host: <192.168.0.151:9618?addrs=192.168.0.151-9618&alias=node151.di.rm1&noUDP&sock=startd_1528_a8cd>
...
006 (277749.000.000) 2025-01-24 07:02:22 Image size of job updated: 398504
	389  -  MemoryUsage of job (MB)
	398108  -  ResidentSetSize of job (KB)
...
006 (277749.000.000) 2025-01-24 07:04:15 Image size of job updated: 5831360
	389  -  MemoryUsage of job (MB)
	398108  -  ResidentSetSize of job (KB)
...
004 (277749.000.000) 2025-01-24 07:04:15 Job was evicted.
	(0) CPU times
		Usr 0 00:01:59, Sys 0 00:00:02  -  Run Remote Usage
		Usr 0 00:00:00, Sys 0 00:00:00  -  Run Local Usage
	0  -  Run Bytes Sent By Job
	0  -  Run Bytes Received By Job
	Partitionable Resources :    Usage  Request Allocated 
	   Cpus                 :                 1         1 
	   Disk (KB)            :       27       27    474791 
	   Memory (MB)          :      389        1       128 
...
009 (277749.000.000) 2025-01-24 07:04:15 Job was aborted.
	via condor_rm (by user calzona_2046920)
...
