000 (270049.000.000) 2025-01-21 23:24:40 Job submitted from host: <192.168.0.102:9618?addrs=192.168.0.102-9618&alias=submitter&noUDP&sock=schedd_2032_5c88>
...
001 (270049.000.000) 2025-01-21 23:24:40 Job executing on host: <192.168.0.148:9618?addrs=192.168.0.148-9618&alias=node148.di.rm1&noUDP&sock=startd_1547_b119>
...
006 (270049.000.000) 2025-01-21 23:24:49 Image size of job updated: 621524
	606  -  MemoryUsage of job (MB)
	619940  -  ResidentSetSize of job (KB)
...
006 (270049.000.000) 2025-01-21 23:25:41 Image size of job updated: 4335348
	607  -  MemoryUsage of job (MB)
	620600  -  ResidentSetSize of job (KB)
...
004 (270049.000.000) 2025-01-21 23:25:42 Job was evicted.
	(0) CPU times
		Usr 0 00:00:59, Sys 0 00:00:01  -  Run Remote Usage
		Usr 0 00:00:00, Sys 0 00:00:00  -  Run Local Usage
	0  -  Run Bytes Sent By Job
	0  -  Run Bytes Received By Job
	Partitionable Resources :    Usage  Request Allocated 
	   Cpus                 :                 1         1 
	   Disk (KB)            :       27       27    467548 
	   Memory (MB)          :      607        1       128 
...
009 (270049.000.000) 2025-01-21 23:25:42 Job was aborted.
	via condor_rm (by user calzona_2046920)
...
000 (276207.000.000) 2025-01-24 04:07:41 Job submitted from host: <192.168.0.102:9618?addrs=192.168.0.102-9618&alias=submitter&noUDP&sock=schedd_2032_5c88>
...
001 (276207.000.000) 2025-01-24 04:07:41 Job executing on host: <192.168.0.149:9618?addrs=192.168.0.149-9618&alias=node149.di.rm1&noUDP&sock=startd_1551_6f7a>
...
006 (276207.000.000) 2025-01-24 04:07:50 Image size of job updated: 1118112
	604  -  MemoryUsage of job (MB)
	617628  -  ResidentSetSize of job (KB)
...
006 (276207.000.000) 2025-01-24 04:09:43 Image size of job updated: 6764356
	604  -  MemoryUsage of job (MB)
	617760  -  ResidentSetSize of job (KB)
...
004 (276207.000.000) 2025-01-24 04:09:43 Job was evicted.
	(0) CPU times
		Usr 0 00:03:12, Sys 0 00:00:05  -  Run Remote Usage
		Usr 0 00:00:00, Sys 0 00:00:00  -  Run Local Usage
	0  -  Run Bytes Sent By Job
	0  -  Run Bytes Received By Job
	Partitionable Resources :    Usage  Request Allocated 
	   Cpus                 :                 1         1 
	   Disk (KB)            :       27       27    471944 
	   Memory (MB)          :      604        1       128 
...
009 (276207.000.000) 2025-01-24 04:09:43 Job was aborted.
	via condor_rm (by user calzona_2046920)
...
