000 (263281.000.000) 2025-01-17 11:20:46 Job submitted from host: <192.168.0.102:9618?addrs=192.168.0.102-9618&alias=submitter&noUDP&sock=schedd_2032_5c88>
...
001 (263281.000.000) 2025-01-17 11:20:55 Job executing on host: <192.168.0.141:9618?addrs=192.168.0.141-9618&alias=node141.di.rm1&noUDP&sock=startd_2077_3a4b>
...
006 (263281.000.000) 2025-01-17 11:21:04 Image size of job updated: 1515484
	454  -  MemoryUsage of job (MB)
	464160  -  ResidentSetSize of job (KB)
...
006 (263281.000.000) 2025-01-17 11:26:05 Image size of job updated: 12799508
	11544  -  MemoryUsage of job (MB)
	11820384  -  ResidentSetSize of job (KB)
...
006 (263281.000.000) 2025-01-17 11:31:05 Image size of job updated: 22990128
	21357  -  MemoryUsage of job (MB)
	21869400  -  ResidentSetSize of job (KB)
...
006 (263281.000.000) 2025-01-17 11:33:21 Image size of job updated: 27479608
	21357  -  MemoryUsage of job (MB)
	21869532  -  ResidentSetSize of job (KB)
...
004 (263281.000.000) 2025-01-17 11:33:21 Job was evicted.
	(0) CPU times
		Usr 0 00:11:28, Sys 0 00:00:24  -  Run Remote Usage
		Usr 0 00:00:00, Sys 0 00:00:00  -  Run Local Usage
	0  -  Run Bytes Sent By Job
	0  -  Run Bytes Received By Job
	Partitionable Resources :    Usage  Request Allocated 
	   Cpus                 :     0.99        1         1 
	   Disk (KB)            :    27          27    459831 
	   Memory (MB)          : 21357           1       128 
...
009 (263281.000.000) 2025-01-17 11:33:21 Job was aborted.
	via condor_rm (by user calzona_2046920)
...
