000 (264443.000.000) 2025-01-17 11:21:24 Job submitted from host: <192.168.0.102:9618?addrs=192.168.0.102-9618&alias=submitter&noUDP&sock=schedd_2032_5c88>
...
001 (264443.000.000) 2025-01-17 11:21:34 Job executing on host: <192.168.0.143:9618?addrs=192.168.0.143-9618&alias=node143.di.rm1&noUDP&sock=startd_2061_40c7>
...
006 (264443.000.000) 2025-01-17 11:21:43 Image size of job updated: 1387424
	367  -  MemoryUsage of job (MB)
	375276  -  ResidentSetSize of job (KB)
...
006 (264443.000.000) 2025-01-17 11:26:44 Image size of job updated: 11199568
	10298  -  MemoryUsage of job (MB)
	10544556  -  ResidentSetSize of job (KB)
...
006 (264443.000.000) 2025-01-17 11:31:45 Image size of job updated: 22077400
	20795  -  MemoryUsage of job (MB)
	21293580  -  ResidentSetSize of job (KB)
...
006 (264443.000.000) 2025-01-17 11:33:19 Image size of job updated: 25253428
	20795  -  MemoryUsage of job (MB)
	21293580  -  ResidentSetSize of job (KB)
...
004 (264443.000.000) 2025-01-17 11:33:19 Job was evicted.
	(0) CPU times
		Usr 0 00:10:45, Sys 0 00:00:17  -  Run Remote Usage
		Usr 0 00:00:00, Sys 0 00:00:00  -  Run Local Usage
	0  -  Run Bytes Sent By Job
	0  -  Run Bytes Received By Job
	Partitionable Resources :    Usage  Request Allocated 
	   Cpus                 :     0.98        1         1 
	   Disk (KB)            :    27          27    459633 
	   Memory (MB)          : 20795           1       128 
...
009 (264443.000.000) 2025-01-17 11:33:19 Job was aborted.
	via condor_rm (by user calzona_2046920)
...
