000 (263073.000.000) 2025-01-17 11:20:41 Job submitted from host: <192.168.0.102:9618?addrs=192.168.0.102-9618&alias=submitter&noUDP&sock=schedd_2032_5c88>
...
001 (263073.000.000) 2025-01-17 11:20:53 Job executing on host: <192.168.0.142:9618?addrs=192.168.0.142-9618&alias=node142.di.rm1&noUDP&sock=startd_1996_ab1f>
...
006 (263073.000.000) 2025-01-17 11:21:01 Image size of job updated: 1485600
	446  -  MemoryUsage of job (MB)
	456456  -  ResidentSetSize of job (KB)
...
006 (263073.000.000) 2025-01-17 11:26:01 Image size of job updated: 12106848
	11549  -  MemoryUsage of job (MB)
	11825484  -  ResidentSetSize of job (KB)
...
006 (263073.000.000) 2025-01-17 11:31:02 Image size of job updated: 19341172
	18878  -  MemoryUsage of job (MB)
	19330868  -  ResidentSetSize of job (KB)
...
005 (263073.000.000) 2025-01-17 11:32:45 Job terminated.
	(1) Normal termination (return value 0)
		Usr 0 00:12:22, Sys 0 00:00:26  -  Run Remote Usage
		Usr 0 00:00:00, Sys 0 00:00:00  -  Run Local Usage
		Usr 0 00:12:22, Sys 0 00:00:26  -  Total Remote Usage
		Usr 0 00:00:00, Sys 0 00:00:00  -  Total Local Usage
	0  -  Run Bytes Sent By Job
	0  -  Run Bytes Received By Job
	0  -  Total Bytes Sent By Job
	0  -  Total Bytes Received By Job
	Partitionable Resources :    Usage  Request Allocated 
	   Cpus                 :     0.96        1         1 
	   Disk (KB)            :    27          27    459874 
	   Memory (MB)          : 18878           1       128 

	Job terminated of its own accord at 2025-01-17T11:32:44Z with exit-code 0.
...
