000 (282141.000.000) 2025-01-26 16:19:37 Job submitted from host: <192.168.0.102:9618?addrs=192.168.0.102-9618&alias=submitter&noUDP&sock=schedd_2032_5c88>
...
014 (282141.000.001) 2025-01-26 16:19:40 Node 1 executing on host: <192.168.0.149:9618?addrs=192.168.0.149-9618&alias=node149.di.rm1&noUDP&sock=startd_1551_6f7a>
...
014 (282141.000.002) 2025-01-26 16:19:40 Node 2 executing on host: <192.168.0.130:9618?addrs=192.168.0.130-9618&alias=node130.di.rm1&noUDP&sock=startd_2751195_838e>
...
014 (282141.000.000) 2025-01-26 16:19:40 Node 0 executing on host: <192.168.0.124:9618?addrs=192.168.0.124-9618&alias=node124.di.rm1&noUDP&sock=startd_2143_7f8b>
...
014 (282141.000.003) 2025-01-26 16:19:41 Node 3 executing on host: <192.168.0.145:9618?addrs=192.168.0.145-9618&alias=node145.di.rm1&noUDP&sock=startd_1869_8e98>
...
001 (282141.000.000) 2025-01-26 16:19:41 Job executing on host: MPI_job
...
008 (282141.000.000) 2025-01-26 16:19:43 Launching orted on Node 2 of 4
...
008 (282141.000.000) 2025-01-26 16:19:43 Launching orted on Node 1 of 4
...
008 (282141.000.000) 2025-01-26 16:19:43 Launching orted on Node 0 of 4
...
008 (282141.000.000) 2025-01-26 16:19:43 Launching orted on Node 3 of 4
...
008 (282141.000.000) 2025-01-26 16:20:49 orted exited on Node 1 of 4
...
008 (282141.000.000) 2025-01-26 16:20:49 orted exited on Node 0 of 4
...
008 (282141.000.000) 2025-01-26 16:20:49 orted exited on Node 2 of 4
...
008 (282141.000.000) 2025-01-26 16:20:49 orted exited on Node 3 of 4
...
015 (282141.000.002) 2025-01-26 16:20:49 Node 2 terminated.
	(1) Normal termination (return value 0)
		Usr 0 00:01:04, Sys 0 00:00:00  -  Run Remote Usage
		Usr 0 00:00:00, Sys 0 00:00:00  -  Run Local Usage
		Usr 0 00:01:04, Sys 0 00:00:00  -  Total Remote Usage
		Usr 0 00:00:00, Sys 0 00:00:00  -  Total Local Usage
	2165  -  Run Bytes Sent By Node
	33711  -  Run Bytes Received By Node
	2165  -  Total Bytes Sent By Node
	33711  -  Total Bytes Received By Node
...
015 (282141.000.001) 2025-01-26 16:20:49 Node 1 terminated.
	(1) Normal termination (return value 0)
		Usr 0 00:01:05, Sys 0 00:00:01  -  Run Remote Usage
		Usr 0 00:00:00, Sys 0 00:00:00  -  Run Local Usage
		Usr 0 00:01:05, Sys 0 00:00:01  -  Total Remote Usage
		Usr 0 00:00:00, Sys 0 00:00:00  -  Total Local Usage
	2165  -  Run Bytes Sent By Node
	33711  -  Run Bytes Received By Node
	2165  -  Total Bytes Sent By Node
	33711  -  Total Bytes Received By Node
...
015 (282141.000.000) 2025-01-26 16:20:49 Node 0 terminated.
	(1) Normal termination (return value 0)
		Usr 0 00:00:00, Sys 0 00:00:01  -  Run Remote Usage
		Usr 0 00:00:00, Sys 0 00:00:00  -  Run Local Usage
		Usr 0 00:00:00, Sys 0 00:00:01  -  Total Remote Usage
		Usr 0 00:00:00, Sys 0 00:00:00  -  Total Local Usage
	3308  -  Run Bytes Sent By Node
	33711  -  Run Bytes Received By Node
	3308  -  Total Bytes Sent By Node
	33711  -  Total Bytes Received By Node
...
005 (282141.000.000) 2025-01-26 16:20:49 Job terminated.
	(1) Normal termination (return value 0)
		Usr 0 00:03:13, Sys 0 00:00:02  -  Run Remote Usage
		Usr 0 00:00:00, Sys 0 00:00:00  -  Run Local Usage
		Usr 0 00:00:00, Sys 0 00:00:01  -  Total Remote Usage
		Usr 0 00:00:00, Sys 0 00:00:00  -  Total Local Usage
	7638  -  Run Bytes Sent By Job
	134844  -  Run Bytes Received By Job
	7638  -  Total Bytes Sent By Job
	134844  -  Total Bytes Received By Job
	Partitionable Resources :    Usage  Request Allocated 
	   Cpus                 :                 1         1 
	   Disk (KB)            :       50       35    499302 
	   GPUs                 :                           0 
	   Memory (MB)          :       86       38     53248 

	Job terminated of its own accord at 2025-01-26T16:20:49Z with exit-code 0.
...
000 (289017.000.000) 2025-01-28 22:07:10 Job submitted from host: <192.168.0.102:9618?addrs=192.168.0.102-9618&alias=submitter&noUDP&sock=schedd_2032_5c88>
...
014 (289017.000.000) 2025-01-28 22:07:16 Node 0 executing on host: <192.168.0.137:9618?addrs=192.168.0.137-9618&alias=node137.di.rm1&noUDP&sock=startd_1934_2440>
...
014 (289017.000.002) 2025-01-28 22:07:16 Node 2 executing on host: <192.168.0.148:9618?addrs=192.168.0.148-9618&alias=node148.di.rm1&noUDP&sock=startd_1547_b119>
...
014 (289017.000.001) 2025-01-28 22:07:17 Node 1 executing on host: <192.168.0.132:9618?addrs=192.168.0.132-9618&alias=node132.di.rm1&noUDP&sock=startd_1999_b9e8>
...
014 (289017.000.003) 2025-01-28 22:07:17 Node 3 executing on host: <192.168.0.113:9618?addrs=192.168.0.113-9618&alias=node113.di.rm1&noUDP&sock=startd_3668932_c305>
...
001 (289017.000.000) 2025-01-28 22:07:17 Job executing on host: MPI_job
...
008 (289017.000.000) 2025-01-28 22:07:19 Launching orted on Node 2 of 4
...
008 (289017.000.000) 2025-01-28 22:07:19 Launching orted on Node 0 of 4
...
008 (289017.000.000) 2025-01-28 22:07:19 Launching orted on Node 1 of 4
...
008 (289017.000.000) 2025-01-28 22:07:19 Launching orted on Node 3 of 4
...
008 (289017.000.000) 2025-01-28 22:08:26 orted exited on Node 2 of 4
...
008 (289017.000.000) 2025-01-28 22:08:26 orted exited on Node 0 of 4
...
008 (289017.000.000) 2025-01-28 22:08:26 orted exited on Node 1 of 4
...
008 (289017.000.000) 2025-01-28 22:08:26 orted exited on Node 3 of 4
...
015 (289017.000.002) 2025-01-28 22:08:27 Node 2 terminated.
	(1) Normal termination (return value 0)
		Usr 0 00:01:07, Sys 0 00:00:00  -  Run Remote Usage
		Usr 0 00:00:00, Sys 0 00:00:00  -  Run Local Usage
		Usr 0 00:01:07, Sys 0 00:00:00  -  Total Remote Usage
		Usr 0 00:00:00, Sys 0 00:00:00  -  Total Local Usage
	2165  -  Run Bytes Sent By Node
	33711  -  Run Bytes Received By Node
	2165  -  Total Bytes Sent By Node
	33711  -  Total Bytes Received By Node
...
015 (289017.000.001) 2025-01-28 22:08:27 Node 1 terminated.
	(1) Normal termination (return value 0)
		Usr 0 00:01:07, Sys 0 00:00:00  -  Run Remote Usage
		Usr 0 00:00:00, Sys 0 00:00:00  -  Run Local Usage
		Usr 0 00:01:07, Sys 0 00:00:00  -  Total Remote Usage
		Usr 0 00:00:00, Sys 0 00:00:00  -  Total Local Usage
	2165  -  Run Bytes Sent By Node
	33711  -  Run Bytes Received By Node
	2165  -  Total Bytes Sent By Node
	33711  -  Total Bytes Received By Node
...
015 (289017.000.000) 2025-01-28 22:08:27 Node 0 terminated.
	(1) Normal termination (return value 0)
		Usr 0 00:00:06, Sys 0 00:00:01  -  Run Remote Usage
		Usr 0 00:00:00, Sys 0 00:00:00  -  Run Local Usage
		Usr 0 00:00:06, Sys 0 00:00:01  -  Total Remote Usage
		Usr 0 00:00:00, Sys 0 00:00:00  -  Total Local Usage
	3261  -  Run Bytes Sent By Node
	33711  -  Run Bytes Received By Node
	3261  -  Total Bytes Sent By Node
	33711  -  Total Bytes Received By Node
...
005 (289017.000.000) 2025-01-28 22:08:27 Job terminated.
	(1) Normal termination (return value 0)
		Usr 0 00:03:27, Sys 0 00:00:02  -  Run Remote Usage
		Usr 0 00:00:00, Sys 0 00:00:00  -  Run Local Usage
		Usr 0 00:00:01, Sys 0 00:00:01  -  Total Remote Usage
		Usr 0 00:00:00, Sys 0 00:00:00  -  Total Local Usage
	7591  -  Run Bytes Sent By Job
	134844  -  Run Bytes Received By Job
	7591  -  Total Bytes Sent By Job
	134844  -  Total Bytes Received By Job
	Partitionable Resources :    Usage  Request Allocated 
	   Cpus                 :                 1         2 
	   Disk (KB)            :       51       35 102846057 
	   Memory (MB)          :       85       36    100096 

	Job terminated of its own accord at 2025-01-28T22:08:26Z with exit-code 0.
...
