000 (260897.000.000) 2025-01-12 10:21:28 Job submitted from host: <192.168.0.102:9618?addrs=192.168.0.102-9618&alias=submitter&noUDP&sock=schedd_2032_5c88>
...
001 (260897.000.000) 2025-01-12 10:21:29 Job executing on host: <192.168.0.149:9618?addrs=192.168.0.149-9618&alias=node149.di.rm1&noUDP&sock=startd_1551_6f7a>
...
006 (260897.000.000) 2025-01-12 10:21:29 Image size of job updated: 4876
	1  -  MemoryUsage of job (MB)
	196  -  ResidentSetSize of job (KB)
...
005 (260897.000.000) 2025-01-12 10:21:29 Job terminated.
	(1) Normal termination (return value 0)
		Usr 0 00:00:00, Sys 0 00:00:00  -  Run Remote Usage
		Usr 0 00:00:00, Sys 0 00:00:00  -  Run Local Usage
		Usr 0 00:00:00, Sys 0 00:00:00  -  Total Remote Usage
		Usr 0 00:00:00, Sys 0 00:00:00  -  Total Local Usage
	0  -  Run Bytes Sent By Job
	0  -  Run Bytes Received By Job
	0  -  Total Bytes Sent By Job
	0  -  Total Bytes Received By Job
	Partitionable Resources :    Usage  Request Allocated 
	   Cpus                 :                 1         1 
	   Disk (KB)            :       27       27    471944 
	   Memory (MB)          :        1        1       128 

	Job terminated of its own accord at 2025-01-12T10:21:29Z with exit-code 0.
...
000 (260909.000.000) 2025-01-12 10:49:47 Job submitted from host: <192.168.0.102:9618?addrs=192.168.0.102-9618&alias=submitter&noUDP&sock=schedd_2032_5c88>
...
001 (260909.000.000) 2025-01-12 10:49:49 Job executing on host: <192.168.0.151:9618?addrs=192.168.0.151-9618&alias=node151.di.rm1&noUDP&sock=startd_1528_a8cd>
...
006 (260909.000.000) 2025-01-12 10:49:49 Image size of job updated: 19960
	0  -  MemoryUsage of job (MB)
	0  -  ResidentSetSize of job (KB)
...
005 (260909.000.000) 2025-01-12 10:49:49 Job terminated.
	(1) Normal termination (return value 1)
		Usr 0 00:00:00, Sys 0 00:00:00  -  Run Remote Usage
		Usr 0 00:00:00, Sys 0 00:00:00  -  Run Local Usage
		Usr 0 00:00:00, Sys 0 00:00:00  -  Total Remote Usage
		Usr 0 00:00:00, Sys 0 00:00:00  -  Total Local Usage
	0  -  Run Bytes Sent By Job
	0  -  Run Bytes Received By Job
	0  -  Total Bytes Sent By Job
	0  -  Total Bytes Received By Job
	Partitionable Resources :    Usage  Request Allocated 
	   Cpus                 :                 1         1 
	   Disk (KB)            :       27       27    474791 
	   Memory (MB)          :        0        1       128 

	Job terminated of its own accord at 2025-01-12T10:49:49Z with exit-code 1.
...
000 (260924.000.000) 2025-01-12 11:04:52 Job submitted from host: <192.168.0.102:9618?addrs=192.168.0.102-9618&alias=submitter&noUDP&sock=schedd_2032_5c88>
...
001 (260924.000.000) 2025-01-12 11:05:03 Job executing on host: <192.168.0.122:9618?addrs=192.168.0.122-9618&alias=node122.di.rm1&noUDP&sock=startd_2134_5331>
...
006 (260924.000.000) 2025-01-12 11:05:12 Image size of job updated: 167828
	161  -  MemoryUsage of job (MB)
	164076  -  ResidentSetSize of job (KB)
...
005 (260924.000.000) 2025-01-12 11:09:29 Job terminated.
	(1) Normal termination (return value 0)
		Usr 0 00:04:24, Sys 0 00:00:00  -  Run Remote Usage
		Usr 0 00:00:00, Sys 0 00:00:00  -  Run Local Usage
		Usr 0 00:04:24, Sys 0 00:00:00  -  Total Remote Usage
		Usr 0 00:00:00, Sys 0 00:00:00  -  Total Local Usage
	0  -  Run Bytes Sent By Job
	0  -  Run Bytes Received By Job
	0  -  Total Bytes Sent By Job
	0  -  Total Bytes Received By Job
	Partitionable Resources :    Usage  Request Allocated 
	   Cpus                 :     1.00        1         1 
	   Disk (KB)            :    27          27    499915 
	   Gpus (Average)       :                 0         0 
	   Memory (MB)          :   161           1       128 

	Job terminated of its own accord at 2025-01-12T11:09:29Z with exit-code 0.
...
