000 (269128.000.000) 2025-01-21 22:21:58 Job submitted from host: <192.168.0.102:9618?addrs=192.168.0.102-9618&alias=submitter&noUDP&sock=schedd_2032_5c88>
...
001 (269128.000.000) 2025-01-21 22:22:03 Job executing on host: <192.168.0.151:9618?addrs=192.168.0.151-9618&alias=node151.di.rm1&noUDP&sock=startd_1528_a8cd>
...
006 (269128.000.000) 2025-01-21 22:22:13 Image size of job updated: 788544
	771  -  MemoryUsage of job (MB)
	788544  -  ResidentSetSize of job (KB)
...
006 (269128.000.000) 2025-01-21 22:22:42 Image size of job updated: 3711116
	771  -  MemoryUsage of job (MB)
	789468  -  ResidentSetSize of job (KB)
...
004 (269128.000.000) 2025-01-21 22:22:42 Job was evicted.
	(0) CPU times
		Usr 0 00:00:35, Sys 0 00:00:01  -  Run Remote Usage
		Usr 0 00:00:00, Sys 0 00:00:00  -  Run Local Usage
	0  -  Run Bytes Sent By Job
	0  -  Run Bytes Received By Job
	Partitionable Resources :    Usage  Request Allocated 
	   Cpus                 :                 1         1 
	   Disk (KB)            :       27       27    474791 
	   Memory (MB)          :      771        1       128 
...
009 (269128.000.000) 2025-01-21 22:22:43 Job was aborted.
	via condor_rm (by user calzona_2046920)
...
000 (269262.000.000) 2025-01-21 22:29:12 Job submitted from host: <192.168.0.102:9618?addrs=192.168.0.102-9618&alias=submitter&noUDP&sock=schedd_2032_5c88>
...
001 (269262.000.000) 2025-01-21 22:29:31 Job executing on host: <192.168.0.109:9618?addrs=192.168.0.109-9618&alias=node109.di.rm1&noUDP&sock=startd_1627_90ad>
...
006 (269262.000.000) 2025-01-21 22:29:39 Image size of job updated: 717904
	701  -  MemoryUsage of job (MB)
	716980  -  ResidentSetSize of job (KB)
...
006 (269262.000.000) 2025-01-21 22:30:13 Image size of job updated: 3666912
	702  -  MemoryUsage of job (MB)
	718696  -  ResidentSetSize of job (KB)
...
004 (269262.000.000) 2025-01-21 22:30:13 Job was evicted.
	(0) CPU times
		Usr 0 00:00:41, Sys 0 00:00:01  -  Run Remote Usage
		Usr 0 00:00:00, Sys 0 00:00:00  -  Run Local Usage
	0  -  Run Bytes Sent By Job
	0  -  Run Bytes Received By Job
	Partitionable Resources :    Usage  Request Allocated 
	   Cpus                 :                 1         1 
	   Disk (KB)            :       27       27    468160 
	   Memory (MB)          :      702        1       128 
...
009 (269262.000.000) 2025-01-21 22:30:13 Job was aborted.
	via condor_rm (by user calzona_2046920)
...
