000 (279152.000.000) 2025-01-24 10:19:00 Job submitted from host: <192.168.0.102:9618?addrs=192.168.0.102-9618&alias=submitter&noUDP&sock=schedd_2032_5c88>
...
014 (279152.000.000) 2025-01-24 10:19:10 Node 0 executing on host: <192.168.0.114:9618?addrs=192.168.0.114-9618&alias=node114.di.rm1&noUDP&sock=startd_2075_db1b>
...
014 (279152.000.001) 2025-01-24 10:19:10 Node 1 executing on host: <192.168.0.123:9618?addrs=192.168.0.123-9618&alias=node123.di.rm1&noUDP&sock=startd_2149_9d1d>
...
014 (279152.000.005) 2025-01-24 10:19:10 Node 5 executing on host: <192.168.0.139:9618?addrs=192.168.0.139-9618&alias=node139.di.rm1&noUDP&sock=startd_1966_1748>
...
014 (279152.000.006) 2025-01-24 10:19:10 Node 6 executing on host: <192.168.0.104:9618?addrs=192.168.0.104-9618&alias=node104.di.rm1&noUDP&sock=startd_1987_7ec5>
...
014 (279152.000.002) 2025-01-24 10:19:10 Node 2 executing on host: <192.168.0.124:9618?addrs=192.168.0.124-9618&alias=node124.di.rm1&noUDP&sock=startd_2143_7f8b>
...
014 (279152.000.007) 2025-01-24 10:19:10 Node 7 executing on host: <192.168.0.148:9618?addrs=192.168.0.148-9618&alias=node148.di.rm1&noUDP&sock=startd_1547_b119>
...
014 (279152.000.003) 2025-01-24 10:19:10 Node 3 executing on host: <192.168.0.151:9618?addrs=192.168.0.151-9618&alias=node151.di.rm1&noUDP&sock=startd_1528_a8cd>
...
014 (279152.000.004) 2025-01-24 10:19:10 Node 4 executing on host: <192.168.0.109:9618?addrs=192.168.0.109-9618&alias=node109.di.rm1&noUDP&sock=startd_1627_90ad>
...
001 (279152.000.000) 2025-01-24 10:19:10 Job executing on host: MPI_job
...
008 (279152.000.000) 2025-01-24 10:19:12 Launching orted on Node 0 of 8
...
008 (279152.000.000) 2025-01-24 10:19:12 Launching orted on Node 1 of 8
...
008 (279152.000.000) 2025-01-24 10:19:12 Launching orted on Node 7 of 8
...
008 (279152.000.000) 2025-01-24 10:19:12 Launching orted on Node 5 of 8
...
008 (279152.000.000) 2025-01-24 10:19:12 Launching orted on Node 6 of 8
...
008 (279152.000.000) 2025-01-24 10:19:12 Launching orted on Node 2 of 8
...
008 (279152.000.000) 2025-01-24 10:19:13 Launching orted on Node 3 of 8
...
008 (279152.000.000) 2025-01-24 10:19:13 Launching orted on Node 4 of 8
...
008 (279152.000.000) 2025-01-24 10:19:13 orted exited on Node 7 of 8
...
008 (279152.000.000) 2025-01-24 10:19:13 orted exited on Node 1 of 8
...
008 (279152.000.000) 2025-01-24 10:19:13 orted exited on Node 4 of 8
...
008 (279152.000.000) 2025-01-24 10:19:13 orted exited on Node 6 of 8
...
008 (279152.000.000) 2025-01-24 10:19:13 orted exited on Node 0 of 8
...
008 (279152.000.000) 2025-01-24 10:19:13 orted exited on Node 2 of 8
...
008 (279152.000.000) 2025-01-24 10:19:13 orted exited on Node 3 of 8
...
008 (279152.000.000) 2025-01-24 10:19:13 orted exited on Node 5 of 8
...
015 (279152.000.007) 2025-01-24 10:19:13 Node 7 terminated.
	(1) Normal termination (return value 0)
		Usr 0 00:00:00, Sys 0 00:00:00  -  Run Remote Usage
		Usr 0 00:00:00, Sys 0 00:00:00  -  Run Local Usage
		Usr 0 00:00:00, Sys 0 00:00:00  -  Total Remote Usage
		Usr 0 00:00:00, Sys 0 00:00:00  -  Total Local Usage
	2165  -  Run Bytes Sent By Node
	33639  -  Run Bytes Received By Node
	2165  -  Total Bytes Sent By Node
	33639  -  Total Bytes Received By Node
...
015 (279152.000.000) 2025-01-24 10:19:13 Node 0 terminated.
	(1) Normal termination (return value 0)
		Usr 0 00:00:00, Sys 0 00:00:00  -  Run Remote Usage
		Usr 0 00:00:00, Sys 0 00:00:00  -  Run Local Usage
		Usr 0 00:00:00, Sys 0 00:00:00  -  Total Remote Usage
		Usr 0 00:00:00, Sys 0 00:00:00  -  Total Local Usage
	3263  -  Run Bytes Sent By Node
	33639  -  Run Bytes Received By Node
	3263  -  Total Bytes Sent By Node
	33639  -  Total Bytes Received By Node
...
015 (279152.000.001) 2025-01-24 10:19:13 Node 1 terminated.
	(1) Normal termination (return value 0)
		Usr 0 00:00:00, Sys 0 00:00:00  -  Run Remote Usage
		Usr 0 00:00:00, Sys 0 00:00:00  -  Run Local Usage
		Usr 0 00:00:00, Sys 0 00:00:00  -  Total Remote Usage
		Usr 0 00:00:00, Sys 0 00:00:00  -  Total Local Usage
	2187  -  Run Bytes Sent By Node
	33639  -  Run Bytes Received By Node
	2187  -  Total Bytes Sent By Node
	33639  -  Total Bytes Received By Node
...
005 (279152.000.000) 2025-01-24 10:19:13 Job terminated.
	(1) Normal termination (return value 0)
		Usr 0 00:00:01, Sys 0 00:00:00  -  Run Remote Usage
		Usr 0 00:00:00, Sys 0 00:00:00  -  Run Local Usage
		Usr 0 00:00:00, Sys 0 00:00:00  -  Total Remote Usage
		Usr 0 00:00:00, Sys 0 00:00:00  -  Total Local Usage
	9780  -  Run Bytes Sent By Job
	269112  -  Run Bytes Received By Job
	9780  -  Total Bytes Sent By Job
	269112  -  Total Bytes Received By Job
	Partitionable Resources :    Usage  Request Allocated 
	   Cpus                 :                 1         2 
	   Disk (KB)            :       50       35 102671250 
	   Memory (MB)          :        0        0    100096 

	Job terminated of its own accord at 2025-01-24T10:19:13Z with exit-code 0.
...
