000 (274021.000.000) 2025-01-23 11:31:01 Job submitted from host: <192.168.0.102:9618?addrs=192.168.0.102-9618&alias=submitter&noUDP&sock=schedd_2032_5c88>
...
014 (274021.000.001) 2025-01-23 11:31:09 Node 1 executing on host: <192.168.0.142:9618?addrs=192.168.0.142-9618&alias=node142.di.rm1&noUDP&sock=startd_1996_ab1f>
...
014 (274021.000.000) 2025-01-23 11:31:09 Node 0 executing on host: <192.168.0.112:9618?addrs=192.168.0.112-9618&alias=node112.di.rm1&noUDP&sock=startd_2169_5502>
...
014 (274021.000.003) 2025-01-23 11:31:09 Node 3 executing on host: <192.168.0.132:9618?addrs=192.168.0.132-9618&alias=node132.di.rm1&noUDP&sock=startd_1999_b9e8>
...
014 (274021.000.002) 2025-01-23 11:31:09 Node 2 executing on host: <192.168.0.143:9618?addrs=192.168.0.143-9618&alias=node143.di.rm1&noUDP&sock=startd_2061_40c7>
...
001 (274021.000.000) 2025-01-23 11:31:09 Job executing on host: MPI_job
...
008 (274021.000.000) 2025-01-23 11:31:11 Launching orted on Node 3 of 4
...
008 (274021.000.000) 2025-01-23 11:31:11 Launching orted on Node 0 of 4
...
008 (274021.000.000) 2025-01-23 11:31:11 Launching orted on Node 1 of 4
...
008 (274021.000.000) 2025-01-23 11:31:12 Launching orted on Node 2 of 4
...
008 (274021.000.000) 2025-01-23 11:31:42 Node 0 caught SIGTERM, cleaning up mpirun
...
004 (274021.000.000) 2025-01-23 11:31:42 Job was evicted.
	(0) CPU times
		Usr 0 00:00:40, Sys 0 00:00:01  -  Run Remote Usage
		Usr 0 00:00:00, Sys 0 00:00:00  -  Run Local Usage
	0  -  Run Bytes Sent By Job
	134556  -  Run Bytes Received By Job
	Partitionable Resources :    Usage  Request Allocated 
	   Cpus                 :                 1         1 
	   Disk (KB)            :     8569       35    437925 
	   GPUs                 :                           0 
	   Memory (MB)          :      221     1581     40960 
...
009 (274021.000.000) 2025-01-23 11:31:42 Job was aborted.
	via condor_rm (by user calzona_2046920)
...
000 (278765.000.000) 2025-01-24 09:22:14 Job submitted from host: <192.168.0.102:9618?addrs=192.168.0.102-9618&alias=submitter&noUDP&sock=schedd_2032_5c88>
...
014 (278765.000.002) 2025-01-24 09:22:22 Node 2 executing on host: <192.168.0.130:9618?addrs=192.168.0.130-9618&alias=node130.di.rm1&noUDP&sock=startd_2751195_838e>
...
014 (278765.000.000) 2025-01-24 09:22:22 Node 0 executing on host: <192.168.0.120:9618?addrs=192.168.0.120-9618&alias=node120.di.rm1&noUDP&sock=startd_2096_4298>
...
014 (278765.000.003) 2025-01-24 09:22:22 Node 3 executing on host: <192.168.0.106:9618?addrs=192.168.0.106-9618&alias=node106.di.rm1&noUDP&sock=startd_1970_d5a9>
...
014 (278765.000.001) 2025-01-24 09:22:22 Node 1 executing on host: <192.168.0.135:9618?addrs=192.168.0.135-9618&alias=node135.di.rm1&noUDP&sock=startd_2000_6980>
...
001 (278765.000.000) 2025-01-24 09:22:22 Job executing on host: MPI_job
...
008 (278765.000.000) 2025-01-24 09:22:24 Launching orted on Node 2 of 4
...
008 (278765.000.000) 2025-01-24 09:22:24 Launching orted on Node 0 of 4
...
008 (278765.000.000) 2025-01-24 09:22:24 Launching orted on Node 3 of 4
...
008 (278765.000.000) 2025-01-24 09:22:24 Launching orted on Node 1 of 4
...
008 (278765.000.000) 2025-01-24 09:23:35 orted exited on Node 2 of 4
...
008 (278765.000.000) 2025-01-24 09:23:35 orted exited on Node 1 of 4
...
008 (278765.000.000) 2025-01-24 09:23:35 orted exited on Node 3 of 4
...
008 (278765.000.000) 2025-01-24 09:23:35 orted exited on Node 0 of 4
...
015 (278765.000.002) 2025-01-24 09:23:35 Node 2 terminated.
	(1) Normal termination (return value 0)
		Usr 0 00:01:11, Sys 0 00:00:00  -  Run Remote Usage
		Usr 0 00:00:00, Sys 0 00:00:00  -  Run Local Usage
		Usr 0 00:01:11, Sys 0 00:00:00  -  Total Remote Usage
		Usr 0 00:00:00, Sys 0 00:00:00  -  Total Local Usage
	2165  -  Run Bytes Sent By Node
	33639  -  Run Bytes Received By Node
	2165  -  Total Bytes Sent By Node
	33639  -  Total Bytes Received By Node
...
015 (278765.000.001) 2025-01-24 09:23:35 Node 1 terminated.
	(1) Normal termination (return value 0)
		Usr 0 00:01:10, Sys 0 00:00:00  -  Run Remote Usage
		Usr 0 00:00:00, Sys 0 00:00:00  -  Run Local Usage
		Usr 0 00:01:10, Sys 0 00:00:00  -  Total Remote Usage
		Usr 0 00:00:00, Sys 0 00:00:00  -  Total Local Usage
	2165  -  Run Bytes Sent By Node
	33639  -  Run Bytes Received By Node
	2165  -  Total Bytes Sent By Node
	33639  -  Total Bytes Received By Node
...
015 (278765.000.003) 2025-01-24 09:23:35 Node 3 terminated.
	(1) Normal termination (return value 0)
		Usr 0 00:01:10, Sys 0 00:00:01  -  Run Remote Usage
		Usr 0 00:00:00, Sys 0 00:00:00  -  Run Local Usage
		Usr 0 00:01:10, Sys 0 00:00:01  -  Total Remote Usage
		Usr 0 00:00:00, Sys 0 00:00:00  -  Total Local Usage
	2165  -  Run Bytes Sent By Node
	33639  -  Run Bytes Received By Node
	2165  -  Total Bytes Sent By Node
	33639  -  Total Bytes Received By Node
...
015 (278765.000.000) 2025-01-24 09:23:35 Node 0 terminated.
	(1) Normal termination (return value 0)
		Usr 0 00:00:00, Sys 0 00:00:01  -  Run Remote Usage
		Usr 0 00:00:00, Sys 0 00:00:00  -  Run Local Usage
		Usr 0 00:00:00, Sys 0 00:00:01  -  Total Remote Usage
		Usr 0 00:00:00, Sys 0 00:00:00  -  Total Local Usage
	3773  -  Run Bytes Sent By Node
	33639  -  Run Bytes Received By Node
	3773  -  Total Bytes Sent By Node
	33639  -  Total Bytes Received By Node
...
005 (278765.000.000) 2025-01-24 09:23:35 Job terminated.
	(1) Normal termination (return value 0)
		Usr 0 00:03:31, Sys 0 00:00:02  -  Run Remote Usage
		Usr 0 00:00:00, Sys 0 00:00:00  -  Run Local Usage
		Usr 0 00:00:00, Sys 0 00:00:01  -  Total Remote Usage
		Usr 0 00:00:00, Sys 0 00:00:00  -  Total Local Usage
	10268  -  Run Bytes Sent By Job
	134556  -  Run Bytes Received By Job
	10268  -  Total Bytes Sent By Job
	134556  -  Total Bytes Received By Job
	Partitionable Resources :    Usage  Request Allocated 
	   Cpus                 :                 1         1 
	   Disk (KB)            :       50       35    459052 
	   GPUs                 :                           0 
	   Memory (MB)          :      223     5243     20480 

	Job terminated of its own accord at 2025-01-24T09:23:35Z with exit-code 0.
...
000 (287036.000.000) 2025-01-28 16:17:18 Job submitted from host: <192.168.0.102:9618?addrs=192.168.0.102-9618&alias=submitter&noUDP&sock=schedd_2032_5c88>
...
014 (287036.000.000) 2025-01-28 16:17:25 Node 0 executing on host: <192.168.0.107:9618?addrs=192.168.0.107-9618&alias=node107.di.rm1&noUDP&sock=startd_1981_6134>
...
014 (287036.000.001) 2025-01-28 16:17:25 Node 1 executing on host: <192.168.0.137:9618?addrs=192.168.0.137-9618&alias=node137.di.rm1&noUDP&sock=startd_1934_2440>
...
014 (287036.000.003) 2025-01-28 16:17:25 Node 3 executing on host: <192.168.0.147:9618?addrs=192.168.0.147-9618&alias=node147.di.rm1&noUDP&sock=startd_1513_5ee1>
...
014 (287036.000.002) 2025-01-28 16:17:25 Node 2 executing on host: <192.168.0.141:9618?addrs=192.168.0.141-9618&alias=node141.di.rm1&noUDP&sock=startd_2077_3a4b>
...
001 (287036.000.000) 2025-01-28 16:17:25 Job executing on host: MPI_job
...
008 (287036.000.000) 2025-01-28 16:17:27 Launching orted on Node 0 of 4
...
008 (287036.000.000) 2025-01-28 16:17:27 Launching orted on Node 1 of 4
...
008 (287036.000.000) 2025-01-28 16:17:27 Launching orted on Node 3 of 4
...
008 (287036.000.000) 2025-01-28 16:17:28 Launching orted on Node 2 of 4
...
008 (287036.000.000) 2025-01-28 16:18:37 orted exited on Node 0 of 4
...
008 (287036.000.000) 2025-01-28 16:18:37 orted exited on Node 1 of 4
...
008 (287036.000.000) 2025-01-28 16:18:37 orted exited on Node 2 of 4
...
008 (287036.000.000) 2025-01-28 16:18:37 orted exited on Node 3 of 4
...
015 (287036.000.003) 2025-01-28 16:18:37 Node 3 terminated.
	(1) Normal termination (return value 0)
		Usr 0 00:01:08, Sys 0 00:00:01  -  Run Remote Usage
		Usr 0 00:00:00, Sys 0 00:00:00  -  Run Local Usage
		Usr 0 00:01:08, Sys 0 00:00:01  -  Total Remote Usage
		Usr 0 00:00:00, Sys 0 00:00:00  -  Total Local Usage
	2165  -  Run Bytes Sent By Node
	33591  -  Run Bytes Received By Node
	2165  -  Total Bytes Sent By Node
	33591  -  Total Bytes Received By Node
...
015 (287036.000.001) 2025-01-28 16:18:37 Node 1 terminated.
	(1) Normal termination (return value 0)
		Usr 0 00:01:08, Sys 0 00:00:00  -  Run Remote Usage
		Usr 0 00:00:00, Sys 0 00:00:00  -  Run Local Usage
		Usr 0 00:01:08, Sys 0 00:00:00  -  Total Remote Usage
		Usr 0 00:00:00, Sys 0 00:00:00  -  Total Local Usage
	2165  -  Run Bytes Sent By Node
	33591  -  Run Bytes Received By Node
	2165  -  Total Bytes Sent By Node
	33591  -  Total Bytes Received By Node
...
015 (287036.000.000) 2025-01-28 16:18:37 Node 0 terminated.
	(1) Normal termination (return value 0)
		Usr 0 00:00:00, Sys 0 00:00:00  -  Run Remote Usage
		Usr 0 00:00:00, Sys 0 00:00:00  -  Run Local Usage
		Usr 0 00:00:00, Sys 0 00:00:00  -  Total Remote Usage
		Usr 0 00:00:00, Sys 0 00:00:00  -  Total Local Usage
	3263  -  Run Bytes Sent By Node
	33591  -  Run Bytes Received By Node
	3263  -  Total Bytes Sent By Node
	33591  -  Total Bytes Received By Node
...
005 (287036.000.000) 2025-01-28 16:18:37 Job terminated.
	(1) Normal termination (return value 0)
		Usr 0 00:02:22, Sys 0 00:00:01  -  Run Remote Usage
		Usr 0 00:00:00, Sys 0 00:00:00  -  Run Local Usage
		Usr 0 00:00:00, Sys 0 00:00:00  -  Total Remote Usage
		Usr 0 00:00:00, Sys 0 00:00:00  -  Total Local Usage
	7593  -  Run Bytes Sent By Job
	134364  -  Run Bytes Received By Job
	7593  -  Total Bytes Sent By Job
	134364  -  Total Bytes Received By Job
	Partitionable Resources :    Usage  Request Allocated 
	   Cpus                 :                 1         2 
	   Disk (KB)            :       50       35 102887858 
	   Memory (MB)          :      221     5374    100096 

	Job terminated of its own accord at 2025-01-28T16:18:37Z with exit-code 0.
...
