000 (288994.000.000) 2025-01-28 22:00:50 Job submitted from host: <192.168.0.102:9618?addrs=192.168.0.102-9618&alias=submitter&noUDP&sock=schedd_2032_5c88>
...
014 (288994.000.001) 2025-01-28 22:00:57 Node 1 executing on host: <192.168.0.140:9618?addrs=192.168.0.140-9618&alias=node140.di.rm1&noUDP&sock=startd_1890_f615>
...
014 (288994.000.000) 2025-01-28 22:00:57 Node 0 executing on host: <192.168.0.110:9618?addrs=192.168.0.110-9618&alias=node110.di.rm1&noUDP&sock=startd_2185_4e86>
...
014 (288994.000.003) 2025-01-28 22:00:57 Node 3 executing on host: <192.168.0.140:9618?addrs=192.168.0.140-9618&alias=node140.di.rm1&noUDP&sock=startd_1890_f615>
...
014 (288994.000.002) 2025-01-28 22:00:57 Node 2 executing on host: <192.168.0.110:9618?addrs=192.168.0.110-9618&alias=node110.di.rm1&noUDP&sock=startd_2185_4e86>
...
001 (288994.000.000) 2025-01-28 22:00:57 Job executing on host: MPI_job
...
008 (288994.000.000) 2025-01-28 22:00:59 Launching orted on Node 1 of 4
...
008 (288994.000.000) 2025-01-28 22:00:59 Launching orted on Node 3 of 4
...
008 (288994.000.000) 2025-01-28 22:00:59 Launching orted on Node 0 of 4
...
008 (288994.000.000) 2025-01-28 22:00:59 Launching orted on Node 2 of 4
...
008 (288994.000.000) 2025-01-28 22:01:02 orted exited on Node 1 of 4
...
008 (288994.000.000) 2025-01-28 22:01:02 orted exited on Node 3 of 4
...
008 (288994.000.000) 2025-01-28 22:01:02 orted exited on Node 0 of 4
...
008 (288994.000.000) 2025-01-28 22:01:02 orted exited on Node 2 of 4
...
015 (288994.000.003) 2025-01-28 22:01:02 Node 3 terminated.
	(1) Normal termination (return value 0)
		Usr 0 00:00:02, Sys 0 00:00:00  -  Run Remote Usage
		Usr 0 00:00:00, Sys 0 00:00:00  -  Run Local Usage
		Usr 0 00:00:02, Sys 0 00:00:00  -  Total Remote Usage
		Usr 0 00:00:00, Sys 0 00:00:00  -  Total Local Usage
	2165  -  Run Bytes Sent By Node
	33711  -  Run Bytes Received By Node
	2165  -  Total Bytes Sent By Node
	33711  -  Total Bytes Received By Node
...
015 (288994.000.000) 2025-01-28 22:01:02 Node 0 terminated.
	(1) Normal termination (return value 0)
		Usr 0 00:00:00, Sys 0 00:00:00  -  Run Remote Usage
		Usr 0 00:00:00, Sys 0 00:00:00  -  Run Local Usage
		Usr 0 00:00:00, Sys 0 00:00:00  -  Total Remote Usage
		Usr 0 00:00:00, Sys 0 00:00:00  -  Total Local Usage
	3303  -  Run Bytes Sent By Node
	33711  -  Run Bytes Received By Node
	3303  -  Total Bytes Sent By Node
	33711  -  Total Bytes Received By Node
...
015 (288994.000.001) 2025-01-28 22:01:02 Node 1 terminated.
	(1) Normal termination (return value 0)
		Usr 0 00:00:03, Sys 0 00:00:01  -  Run Remote Usage
		Usr 0 00:00:00, Sys 0 00:00:00  -  Run Local Usage
		Usr 0 00:00:03, Sys 0 00:00:01  -  Total Remote Usage
		Usr 0 00:00:00, Sys 0 00:00:00  -  Total Local Usage
	2165  -  Run Bytes Sent By Node
	33711  -  Run Bytes Received By Node
	2165  -  Total Bytes Sent By Node
	33711  -  Total Bytes Received By Node
...
015 (288994.000.002) 2025-01-28 22:01:02 Node 2 terminated.
	(1) Normal termination (return value 0)
		Usr 0 00:00:02, Sys 0 00:00:00  -  Run Remote Usage
		Usr 0 00:00:00, Sys 0 00:00:00  -  Run Local Usage
		Usr 0 00:00:02, Sys 0 00:00:00  -  Total Remote Usage
		Usr 0 00:00:00, Sys 0 00:00:00  -  Total Local Usage
	22  -  Run Bytes Sent By Node
	33711  -  Run Bytes Received By Node
	22  -  Total Bytes Sent By Node
	33711  -  Total Bytes Received By Node
...
005 (288994.000.000) 2025-01-28 22:01:02 Job terminated.
	(1) Normal termination (return value 0)
		Usr 0 00:00:07, Sys 0 00:00:01  -  Run Remote Usage
		Usr 0 00:00:00, Sys 0 00:00:00  -  Run Local Usage
		Usr 0 00:00:00, Sys 0 00:00:00  -  Total Remote Usage
		Usr 0 00:00:00, Sys 0 00:00:00  -  Total Local Usage
	7655  -  Run Bytes Sent By Job
	134844  -  Run Bytes Received By Job
	7655  -  Total Bytes Sent By Job
	134844  -  Total Bytes Received By Job
	Partitionable Resources :    Usage  Request Allocated 
	   Cpus                 :                 1         2 
	   Disk (KB)            :       51       35 102979030 
	   GPUs                 :                           0 
	   Memory (MB)          :        0        0    100096 

	Job terminated of its own accord at 2025-01-28T22:01:02Z with exit-code 0.
...
