000 (271002.000.000) 2025-01-22 00:32:28 Job submitted from host: <192.168.0.102:9618?addrs=192.168.0.102-9618&alias=submitter&noUDP&sock=schedd_2032_5c88>
...
001 (271002.000.000) 2025-01-22 00:32:47 Job executing on host: <192.168.0.148:9618?addrs=192.168.0.148-9618&alias=node148.di.rm1&noUDP&sock=startd_1547_b119>
...
006 (271002.000.000) 2025-01-22 00:32:56 Image size of job updated: 458088
	445  -  MemoryUsage of job (MB)
	455052  -  ResidentSetSize of job (KB)
...
006 (271002.000.000) 2025-01-22 00:33:29 Image size of job updated: 2026644
	445  -  MemoryUsage of job (MB)
	455580  -  ResidentSetSize of job (KB)
...
004 (271002.000.000) 2025-01-22 00:33:29 Job was evicted.
	(0) CPU times
		Usr 0 00:00:41, Sys 0 00:00:00  -  Run Remote Usage
		Usr 0 00:00:00, Sys 0 00:00:00  -  Run Local Usage
	0  -  Run Bytes Sent By Job
	0  -  Run Bytes Received By Job
	Partitionable Resources :    Usage  Request Allocated 
	   Cpus                 :                 1         1 
	   Disk (KB)            :       27       27    467548 
	   Memory (MB)          :      445        1       128 
...
009 (271002.000.000) 2025-01-22 00:33:29 Job was aborted.
	via condor_rm (by user calzona_2046920)
...
000 (277156.000.000) 2025-01-24 05:54:21 Job submitted from host: <192.168.0.102:9618?addrs=192.168.0.102-9618&alias=submitter&noUDP&sock=schedd_2032_5c88>
...
001 (277156.000.000) 2025-01-24 05:54:41 Job executing on host: <192.168.0.123:9618?addrs=192.168.0.123-9618&alias=node123.di.rm1&noUDP&sock=startd_2149_9d1d>
...
006 (277156.000.000) 2025-01-24 05:54:50 Image size of job updated: 381876
	373  -  MemoryUsage of job (MB)
	381876  -  ResidentSetSize of job (KB)
...
006 (277156.000.000) 2025-01-24 05:56:22 Image size of job updated: 4691808
	374  -  MemoryUsage of job (MB)
	382008  -  ResidentSetSize of job (KB)
...
004 (277156.000.000) 2025-01-24 05:56:22 Job was evicted.
	(0) CPU times
		Usr 0 00:01:36, Sys 0 00:00:03  -  Run Remote Usage
		Usr 0 00:00:00, Sys 0 00:00:00  -  Run Local Usage
	0  -  Run Bytes Sent By Job
	0  -  Run Bytes Received By Job
	Partitionable Resources :    Usage  Request Allocated 
	   Cpus                 :                 1         1 
	   Disk (KB)            :       27       27    499900 
	   Gpus (Average)       :                 0         0 
	   Memory (MB)          :      374        1       128 
...
009 (277156.000.000) 2025-01-24 05:56:22 Job was aborted.
	via condor_rm (by user calzona_2046920)
...
