000 (289947.000.000) 2025-01-29 11:59:10 Job submitted from host: <192.168.0.102:9618?addrs=192.168.0.102-9618&alias=submitter&noUDP&sock=schedd_2032_5c88>
...
014 (289947.000.002) 2025-01-29 11:59:16 Node 2 executing on host: <192.168.0.139:9618?addrs=192.168.0.139-9618&alias=node139.di.rm1&noUDP&sock=startd_1966_1748>
...
014 (289947.000.000) 2025-01-29 11:59:16 Node 0 executing on host: <192.168.0.114:9618?addrs=192.168.0.114-9618&alias=node114.di.rm1&noUDP&sock=startd_2075_db1b>
...
014 (289947.000.003) 2025-01-29 11:59:16 Node 3 executing on host: <192.168.0.115:9618?addrs=192.168.0.115-9618&alias=node115.di.rm1&noUDP&sock=startd_1101621_f4a0>
...
014 (289947.000.001) 2025-01-29 11:59:16 Node 1 executing on host: <192.168.0.148:9618?addrs=192.168.0.148-9618&alias=node148.di.rm1&noUDP&sock=startd_1547_b119>
...
001 (289947.000.000) 2025-01-29 11:59:16 Job executing on host: MPI_job
...
008 (289947.000.000) 2025-01-29 11:59:18 Launching orted on Node 2 of 4
...
008 (289947.000.000) 2025-01-29 11:59:19 Launching orted on Node 3 of 4
...
008 (289947.000.000) 2025-01-29 11:59:19 Launching orted on Node 0 of 4
...
008 (289947.000.000) 2025-01-29 11:59:19 Launching orted on Node 1 of 4
...
008 (289947.000.000) 2025-01-29 11:59:20 orted exited on Node 3 of 4
...
008 (289947.000.000) 2025-01-29 11:59:20 orted exited on Node 0 of 4
...
008 (289947.000.000) 2025-01-29 11:59:20 orted exited on Node 1 of 4
...
008 (289947.000.000) 2025-01-29 11:59:20 orted exited on Node 2 of 4
...
015 (289947.000.003) 2025-01-29 11:59:20 Node 3 terminated.
	(1) Normal termination (return value 0)
		Usr 0 00:00:04, Sys 0 00:00:03  -  Run Remote Usage
		Usr 0 00:00:00, Sys 0 00:00:00  -  Run Local Usage
		Usr 0 00:00:04, Sys 0 00:00:03  -  Total Remote Usage
		Usr 0 00:00:00, Sys 0 00:00:00  -  Total Local Usage
	2341  -  Run Bytes Sent By Node
	33791  -  Run Bytes Received By Node
	2341  -  Total Bytes Sent By Node
	33791  -  Total Bytes Received By Node
...
015 (289947.000.000) 2025-01-29 11:59:20 Node 0 terminated.
	(1) Normal termination (return value 0)
		Usr 0 00:00:00, Sys 0 00:00:00  -  Run Remote Usage
		Usr 0 00:00:00, Sys 0 00:00:00  -  Run Local Usage
		Usr 0 00:00:00, Sys 0 00:00:00  -  Total Remote Usage
		Usr 0 00:00:00, Sys 0 00:00:00  -  Total Local Usage
	3440  -  Run Bytes Sent By Node
	33791  -  Run Bytes Received By Node
	3440  -  Total Bytes Sent By Node
	33791  -  Total Bytes Received By Node
...
005 (289947.000.000) 2025-01-29 11:59:20 Job terminated.
	(1) Normal termination (return value 0)
		Usr 0 00:00:09, Sys 0 00:00:07  -  Run Remote Usage
		Usr 0 00:00:00, Sys 0 00:00:00  -  Run Local Usage
		Usr 0 00:00:00, Sys 0 00:00:00  -  Total Remote Usage
		Usr 0 00:00:00, Sys 0 00:00:00  -  Total Local Usage
	5781  -  Run Bytes Sent By Job
	135164  -  Run Bytes Received By Job
	5781  -  Total Bytes Sent By Job
	135164  -  Total Bytes Received By Job
	Partitionable Resources :    Usage  Request Allocated 
	   Cpus                 :                 8         8 
	   Disk (KB)            :       51       35    195565 
	   Memory (MB)          :        0        1       128 

	Job terminated of its own accord at 2025-01-29T11:59:20Z with exit-code 0.
...
