000 (264876.000.000) 2025-01-17 11:21:37 Job submitted from host: <192.168.0.102:9618?addrs=192.168.0.102-9618&alias=submitter&noUDP&sock=schedd_2032_5c88>
...
001 (264876.000.000) 2025-01-17 11:21:40 Job executing on host: <192.168.0.113:9618?addrs=192.168.0.113-9618&alias=node113.di.rm1&noUDP&sock=startd_3668932_c305>
...
006 (264876.000.000) 2025-01-17 11:21:50 Image size of job updated: 1389900
	404  -  MemoryUsage of job (MB)
	413160  -  ResidentSetSize of job (KB)
...
006 (264876.000.000) 2025-01-17 11:28:46 Image size of job updated: 9046560
	8022  -  MemoryUsage of job (MB)
	8214444  -  ResidentSetSize of job (KB)
...
006 (264876.000.000) 2025-01-17 11:33:51 Image size of job updated: 9739824
	8737  -  MemoryUsage of job (MB)
	8946516  -  ResidentSetSize of job (KB)
...
006 (264876.000.000) 2025-01-17 11:33:57 Image size of job updated: 9739824
	8766  -  MemoryUsage of job (MB)
	8975684  -  ResidentSetSize of job (KB)
...
004 (264876.000.000) 2025-01-17 11:33:57 Job was evicted.
	(0) CPU times
		Usr 0 00:03:43, Sys 0 00:02:26  -  Run Remote Usage
		Usr 0 00:00:00, Sys 0 00:00:00  -  Run Local Usage
	0  -  Run Bytes Sent By Job
	0  -  Run Bytes Received By Job
	Partitionable Resources :    Usage  Request Allocated 
	   Cpus                 :     0.39        1         1 
	   Disk (KB)            :    27          27    459754 
	   Gpus (Average)       :                 0         0 
	   Memory (MB)          :  8766           1       128 
...
009 (264876.000.000) 2025-01-17 11:33:57 Job was aborted.
	via condor_rm (by user calzona_2046920)
...
