000 (269457.000.000) 2025-01-21 22:42:07 Job submitted from host: <192.168.0.102:9618?addrs=192.168.0.102-9618&alias=submitter&noUDP&sock=schedd_2032_5c88>
...
001 (269457.000.000) 2025-01-21 22:42:07 Job executing on host: <192.168.0.109:9618?addrs=192.168.0.109-9618&alias=node109.di.rm1&noUDP&sock=startd_1627_90ad>
...
006 (269457.000.000) 2025-01-21 22:42:16 Image size of job updated: 1185828
	513  -  MemoryUsage of job (MB)
	524888  -  ResidentSetSize of job (KB)
...
006 (269457.000.000) 2025-01-21 22:43:09 Image size of job updated: 3502428
	514  -  MemoryUsage of job (MB)
	525812  -  ResidentSetSize of job (KB)
...
004 (269457.000.000) 2025-01-21 22:43:09 Job was evicted.
	(0) CPU times
		Usr 0 00:01:00, Sys 0 00:00:01  -  Run Remote Usage
		Usr 0 00:00:00, Sys 0 00:00:00  -  Run Local Usage
	0  -  Run Bytes Sent By Job
	0  -  Run Bytes Received By Job
	Partitionable Resources :    Usage  Request Allocated 
	   Cpus                 :                 1         1 
	   Disk (KB)            :       27       27    468160 
	   Memory (MB)          :      514        1       128 
...
009 (269457.000.000) 2025-01-21 22:43:09 Job was aborted.
	via condor_rm (by user calzona_2046920)
...
000 (275612.000.000) 2025-01-24 02:54:25 Job submitted from host: <192.168.0.102:9618?addrs=192.168.0.102-9618&alias=submitter&noUDP&sock=schedd_2032_5c88>
...
001 (275612.000.000) 2025-01-24 02:54:26 Job executing on host: <192.168.0.148:9618?addrs=192.168.0.148-9618&alias=node148.di.rm1&noUDP&sock=startd_1547_b119>
...
006 (275612.000.000) 2025-01-24 02:54:34 Image size of job updated: 1211964
	457  -  MemoryUsage of job (MB)
	467412  -  ResidentSetSize of job (KB)
...
006 (275612.000.000) 2025-01-24 02:56:27 Image size of job updated: 6616044
	457  -  MemoryUsage of job (MB)
	467412  -  ResidentSetSize of job (KB)
...
004 (275612.000.000) 2025-01-24 02:56:27 Job was evicted.
	(0) CPU times
		Usr 0 00:01:57, Sys 0 00:00:02  -  Run Remote Usage
		Usr 0 00:00:00, Sys 0 00:00:00  -  Run Local Usage
	0  -  Run Bytes Sent By Job
	0  -  Run Bytes Received By Job
	Partitionable Resources :    Usage  Request Allocated 
	   Cpus                 :                 1         1 
	   Disk (KB)            :       27       27    467548 
	   Memory (MB)          :      457        1       128 
...
009 (275612.000.000) 2025-01-24 02:56:27 Job was aborted.
	via condor_rm (by user calzona_2046920)
...
