000 (269088.000.000) 2025-01-21 22:19:55 Job submitted from host: <192.168.0.102:9618?addrs=192.168.0.102-9618&alias=submitter&noUDP&sock=schedd_2032_5c88>
...
001 (269088.000.000) 2025-01-21 22:19:58 Job executing on host: <192.168.0.151:9618?addrs=192.168.0.151-9618&alias=node151.di.rm1&noUDP&sock=startd_1528_a8cd>
...
006 (269088.000.000) 2025-01-21 22:20:07 Image size of job updated: 848764
	801  -  MemoryUsage of job (MB)
	819984  -  ResidentSetSize of job (KB)
...
006 (269088.000.000) 2025-01-21 22:20:40 Image size of job updated: 3508120
	804  -  MemoryUsage of job (MB)
	822492  -  ResidentSetSize of job (KB)
...
004 (269088.000.000) 2025-01-21 22:20:40 Job was evicted.
	(0) CPU times
		Usr 0 00:00:38, Sys 0 00:00:01  -  Run Remote Usage
		Usr 0 00:00:00, Sys 0 00:00:00  -  Run Local Usage
	0  -  Run Bytes Sent By Job
	0  -  Run Bytes Received By Job
	Partitionable Resources :    Usage  Request Allocated 
	   Cpus                 :                 1         1 
	   Disk (KB)            :       27       27    474791 
	   Memory (MB)          :      804        1       128 
...
009 (269088.000.000) 2025-01-21 22:20:40 Job was aborted.
	via condor_rm (by user calzona_2046920)
...
000 (269241.000.000) 2025-01-21 22:27:49 Job submitted from host: <192.168.0.102:9618?addrs=192.168.0.102-9618&alias=submitter&noUDP&sock=schedd_2032_5c88>
...
001 (269241.000.000) 2025-01-21 22:27:51 Job executing on host: <192.168.0.151:9618?addrs=192.168.0.151-9618&alias=node151.di.rm1&noUDP&sock=startd_1528_a8cd>
...
006 (269241.000.000) 2025-01-21 22:28:00 Image size of job updated: 825528
	807  -  MemoryUsage of job (MB)
	825528  -  ResidentSetSize of job (KB)
...
006 (269241.000.000) 2025-01-21 22:28:08 Image size of job updated: 1366288
	808  -  MemoryUsage of job (MB)
	826452  -  ResidentSetSize of job (KB)
...
004 (269241.000.000) 2025-01-21 22:28:08 Job was evicted.
	(0) CPU times
		Usr 0 00:00:14, Sys 0 00:00:00  -  Run Remote Usage
		Usr 0 00:00:00, Sys 0 00:00:00  -  Run Local Usage
	0  -  Run Bytes Sent By Job
	0  -  Run Bytes Received By Job
	Partitionable Resources :    Usage  Request Allocated 
	   Cpus                 :                 1         1 
	   Disk (KB)            :       27       27    474791 
	   Memory (MB)          :      808        1       128 
...
009 (269241.000.000) 2025-01-21 22:28:08 Job was aborted.
	via condor_rm (by user calzona_2046920)
...
