000 (280492.000.000) 2025-01-25 16:43:25 Job submitted from host: <192.168.0.102:9618?addrs=192.168.0.102-9618&alias=submitter&noUDP&sock=schedd_2032_5c88>
...
009 (280492.000.000) 2025-01-25 16:44:30 Job was aborted.
	via condor_rm (by user calzona_2046920)
...
000 (281340.000.000) 2025-01-25 19:54:13 Job submitted from host: <192.168.0.102:9618?addrs=192.168.0.102-9618&alias=submitter&noUDP&sock=schedd_2032_5c88>
...
014 (281340.000.000) 2025-01-25 19:54:22 Node 0 executing on host: <192.168.0.114:9618?addrs=192.168.0.114-9618&alias=node114.di.rm1&noUDP&sock=startd_2075_db1b>
...
014 (281340.000.003) 2025-01-25 19:54:22 Node 3 executing on host: <192.168.0.107:9618?addrs=192.168.0.107-9618&alias=node107.di.rm1&noUDP&sock=startd_1981_6134>
...
014 (281340.000.001) 2025-01-25 19:54:22 Node 1 executing on host: <192.168.0.114:9618?addrs=192.168.0.114-9618&alias=node114.di.rm1&noUDP&sock=startd_2075_db1b>
...
014 (281340.000.005) 2025-01-25 19:54:22 Node 5 executing on host: <192.168.0.116:9618?addrs=192.168.0.116-9618&alias=node116.di.rm1&noUDP&sock=startd_1847_7783>
...
014 (281340.000.007) 2025-01-25 19:54:22 Node 7 executing on host: <192.168.0.141:9618?addrs=192.168.0.141-9618&alias=node141.di.rm1&noUDP&sock=startd_2077_3a4b>
...
014 (281340.000.002) 2025-01-25 19:54:22 Node 2 executing on host: <192.168.0.140:9618?addrs=192.168.0.140-9618&alias=node140.di.rm1&noUDP&sock=startd_1890_f615>
...
014 (281340.000.004) 2025-01-25 19:54:22 Node 4 executing on host: <192.168.0.137:9618?addrs=192.168.0.137-9618&alias=node137.di.rm1&noUDP&sock=startd_1934_2440>
...
014 (281340.000.006) 2025-01-25 19:54:22 Node 6 executing on host: <192.168.0.111:9618?addrs=192.168.0.111-9618&alias=node111.di.rm1&noUDP&sock=startd_2044_97ab>
...
001 (281340.000.000) 2025-01-25 19:54:22 Job executing on host: MPI_job
...
008 (281340.000.000) 2025-01-25 19:54:24 Launching orted on Node 3 of 8
...
008 (281340.000.000) 2025-01-25 19:54:24 Launching orted on Node 5 of 8
...
008 (281340.000.000) 2025-01-25 19:54:24 Launching orted on Node 0 of 8
...
008 (281340.000.000) 2025-01-25 19:54:24 Launching orted on Node 1 of 8
...
008 (281340.000.000) 2025-01-25 19:54:24 Launching orted on Node 7 of 8
...
008 (281340.000.000) 2025-01-25 19:54:24 Launching orted on Node 6 of 8
...
008 (281340.000.000) 2025-01-25 19:54:24 Launching orted on Node 4 of 8
...
008 (281340.000.000) 2025-01-25 19:54:24 Launching orted on Node 2 of 8
...
008 (281340.000.000) 2025-01-25 19:54:31 orted exited on Node 5 of 8
...
008 (281340.000.000) 2025-01-25 19:54:31 orted exited on Node 6 of 8
...
008 (281340.000.000) 2025-01-25 19:54:31 orted exited on Node 7 of 8
...
008 (281340.000.000) 2025-01-25 19:54:31 orted exited on Node 3 of 8
...
008 (281340.000.000) 2025-01-25 19:54:31 orted exited on Node 4 of 8
...
008 (281340.000.000) 2025-01-25 19:54:31 orted exited on Node 2 of 8
...
008 (281340.000.000) 2025-01-25 19:54:31 orted exited on Node 0 of 8
...
008 (281340.000.000) 2025-01-25 19:54:31 orted exited on Node 1 of 8
...
015 (281340.000.003) 2025-01-25 19:54:31 Node 3 terminated.
	(1) Normal termination (return value 0)
		Usr 0 00:00:07, Sys 0 00:00:01  -  Run Remote Usage
		Usr 0 00:00:00, Sys 0 00:00:00  -  Run Local Usage
		Usr 0 00:00:07, Sys 0 00:00:01  -  Total Remote Usage
		Usr 0 00:00:00, Sys 0 00:00:00  -  Total Local Usage
	2165  -  Run Bytes Sent By Node
	33639  -  Run Bytes Received By Node
	2165  -  Total Bytes Sent By Node
	33639  -  Total Bytes Received By Node
...
015 (281340.000.007) 2025-01-25 19:54:31 Node 7 terminated.
	(1) Normal termination (return value 0)
		Usr 0 00:00:07, Sys 0 00:00:00  -  Run Remote Usage
		Usr 0 00:00:00, Sys 0 00:00:00  -  Run Local Usage
		Usr 0 00:00:07, Sys 0 00:00:00  -  Total Remote Usage
		Usr 0 00:00:00, Sys 0 00:00:00  -  Total Local Usage
	2165  -  Run Bytes Sent By Node
	33639  -  Run Bytes Received By Node
	2165  -  Total Bytes Sent By Node
	33639  -  Total Bytes Received By Node
...
015 (281340.000.005) 2025-01-25 19:54:31 Node 5 terminated.
	(1) Normal termination (return value 0)
		Usr 0 00:00:06, Sys 0 00:00:00  -  Run Remote Usage
		Usr 0 00:00:00, Sys 0 00:00:00  -  Run Local Usage
		Usr 0 00:00:06, Sys 0 00:00:00  -  Total Remote Usage
		Usr 0 00:00:00, Sys 0 00:00:00  -  Total Local Usage
	2165  -  Run Bytes Sent By Node
	33639  -  Run Bytes Received By Node
	2165  -  Total Bytes Sent By Node
	33639  -  Total Bytes Received By Node
...
015 (281340.000.006) 2025-01-25 19:54:31 Node 6 terminated.
	(1) Normal termination (return value 0)
		Usr 0 00:00:07, Sys 0 00:00:01  -  Run Remote Usage
		Usr 0 00:00:00, Sys 0 00:00:00  -  Run Local Usage
		Usr 0 00:00:07, Sys 0 00:00:01  -  Total Remote Usage
		Usr 0 00:00:00, Sys 0 00:00:00  -  Total Local Usage
	2187  -  Run Bytes Sent By Node
	33639  -  Run Bytes Received By Node
	2187  -  Total Bytes Sent By Node
	33639  -  Total Bytes Received By Node
...
015 (281340.000.004) 2025-01-25 19:54:31 Node 4 terminated.
	(1) Normal termination (return value 0)
		Usr 0 00:00:06, Sys 0 00:00:01  -  Run Remote Usage
		Usr 0 00:00:00, Sys 0 00:00:00  -  Run Local Usage
		Usr 0 00:00:06, Sys 0 00:00:01  -  Total Remote Usage
		Usr 0 00:00:00, Sys 0 00:00:00  -  Total Local Usage
	2165  -  Run Bytes Sent By Node
	33639  -  Run Bytes Received By Node
	2165  -  Total Bytes Sent By Node
	33639  -  Total Bytes Received By Node
...
015 (281340.000.001) 2025-01-25 19:54:31 Node 1 terminated.
	(1) Normal termination (return value 0)
		Usr 0 00:00:06, Sys 0 00:00:00  -  Run Remote Usage
		Usr 0 00:00:00, Sys 0 00:00:00  -  Run Local Usage
		Usr 0 00:00:06, Sys 0 00:00:00  -  Total Remote Usage
		Usr 0 00:00:00, Sys 0 00:00:00  -  Total Local Usage
	0  -  Run Bytes Sent By Node
	33639  -  Run Bytes Received By Node
	0  -  Total Bytes Sent By Node
	33639  -  Total Bytes Received By Node
...
015 (281340.000.000) 2025-01-25 19:54:31 Node 0 terminated.
	(1) Normal termination (return value 0)
		Usr 0 00:00:00, Sys 0 00:00:00  -  Run Remote Usage
		Usr 0 00:00:00, Sys 0 00:00:00  -  Run Local Usage
		Usr 0 00:00:00, Sys 0 00:00:00  -  Total Remote Usage
		Usr 0 00:00:00, Sys 0 00:00:00  -  Total Local Usage
	3262  -  Run Bytes Sent By Node
	33639  -  Run Bytes Received By Node
	3262  -  Total Bytes Sent By Node
	33639  -  Total Bytes Received By Node
...
005 (281340.000.000) 2025-01-25 19:54:32 Job terminated.
	(1) Normal termination (return value 0)
		Usr 0 00:00:45, Sys 0 00:00:03  -  Run Remote Usage
		Usr 0 00:00:00, Sys 0 00:00:00  -  Run Local Usage
		Usr 0 00:00:00, Sys 0 00:00:00  -  Total Remote Usage
		Usr 0 00:00:00, Sys 0 00:00:00  -  Total Local Usage
	14109  -  Run Bytes Sent By Job
	269112  -  Run Bytes Received By Job
	14109  -  Total Bytes Sent By Job
	269112  -  Total Bytes Received By Job
	Partitionable Resources :    Usage  Request Allocated 
	   Cpus                 :                 1         1 
	   Disk (KB)            :       50       35    391129 
	   Memory (MB)          :      265      294     40960 

	Job terminated of its own accord at 2025-01-25T19:54:31Z with exit-code 0.
...
000 (288563.000.000) 2025-01-28 20:17:22 Job submitted from host: <192.168.0.102:9618?addrs=192.168.0.102-9618&alias=submitter&noUDP&sock=schedd_2032_5c88>
...
014 (288563.000.001) 2025-01-28 20:17:27 Node 1 executing on host: <192.168.0.111:9618?addrs=192.168.0.111-9618&alias=node111.di.rm1&noUDP&sock=startd_2044_97ab>
...
014 (288563.000.000) 2025-01-28 20:17:27 Node 0 executing on host: <192.168.0.146:9618?addrs=192.168.0.146-9618&alias=node146.di.rm1&noUDP&sock=startd_1984_6ffc>
...
014 (288563.000.002) 2025-01-28 20:17:27 Node 2 executing on host: <192.168.0.151:9618?addrs=192.168.0.151-9618&alias=node151.di.rm1&noUDP&sock=startd_1528_a8cd>
...
014 (288563.000.003) 2025-01-28 20:17:27 Node 3 executing on host: <192.168.0.137:9618?addrs=192.168.0.137-9618&alias=node137.di.rm1&noUDP&sock=startd_1934_2440>
...
014 (288563.000.006) 2025-01-28 20:17:27 Node 6 executing on host: <192.168.0.151:9618?addrs=192.168.0.151-9618&alias=node151.di.rm1&noUDP&sock=startd_1528_a8cd>
...
014 (288563.000.007) 2025-01-28 20:17:27 Node 7 executing on host: <192.168.0.122:9618?addrs=192.168.0.122-9618&alias=node122.di.rm1&noUDP&sock=startd_2134_5331>
...
014 (288563.000.005) 2025-01-28 20:17:27 Node 5 executing on host: <192.168.0.147:9618?addrs=192.168.0.147-9618&alias=node147.di.rm1&noUDP&sock=startd_1513_5ee1>
...
014 (288563.000.004) 2025-01-28 20:17:27 Node 4 executing on host: <192.168.0.141:9618?addrs=192.168.0.141-9618&alias=node141.di.rm1&noUDP&sock=startd_2077_3a4b>
...
001 (288563.000.000) 2025-01-28 20:17:27 Job executing on host: MPI_job
...
008 (288563.000.000) 2025-01-28 20:17:29 Launching orted on Node 0 of 8
...
008 (288563.000.000) 2025-01-28 20:17:29 Launching orted on Node 3 of 8
...
008 (288563.000.000) 2025-01-28 20:17:29 Launching orted on Node 1 of 8
...
008 (288563.000.000) 2025-01-28 20:17:29 Launching orted on Node 2 of 8
...
008 (288563.000.000) 2025-01-28 20:17:29 Launching orted on Node 7 of 8
...
008 (288563.000.000) 2025-01-28 20:17:29 Launching orted on Node 6 of 8
...
008 (288563.000.000) 2025-01-28 20:17:29 Launching orted on Node 5 of 8
...
008 (288563.000.000) 2025-01-28 20:17:29 Launching orted on Node 4 of 8
...
008 (288563.000.000) 2025-01-28 20:17:37 orted exited on Node 3 of 8
...
008 (288563.000.000) 2025-01-28 20:17:37 orted exited on Node 0 of 8
...
008 (288563.000.000) 2025-01-28 20:17:37 orted exited on Node 5 of 8
...
008 (288563.000.000) 2025-01-28 20:17:37 orted exited on Node 1 of 8
...
008 (288563.000.000) 2025-01-28 20:17:37 orted exited on Node 6 of 8
...
008 (288563.000.000) 2025-01-28 20:17:37 orted exited on Node 7 of 8
...
008 (288563.000.000) 2025-01-28 20:17:37 orted exited on Node 4 of 8
...
008 (288563.000.000) 2025-01-28 20:17:37 orted exited on Node 2 of 8
...
015 (288563.000.000) 2025-01-28 20:17:37 Node 0 terminated.
	(1) Normal termination (return value 0)
		Usr 0 00:00:05, Sys 0 00:00:00  -  Run Remote Usage
		Usr 0 00:00:00, Sys 0 00:00:00  -  Run Local Usage
		Usr 0 00:00:05, Sys 0 00:00:00  -  Total Remote Usage
		Usr 0 00:00:00, Sys 0 00:00:00  -  Total Local Usage
	3262  -  Run Bytes Sent By Node
	33631  -  Run Bytes Received By Node
	3262  -  Total Bytes Sent By Node
	33631  -  Total Bytes Received By Node
...
005 (288563.000.000) 2025-01-28 20:17:37 Job terminated.
	(1) Normal termination (return value 0)
		Usr 0 00:00:52, Sys 0 00:00:04  -  Run Remote Usage
		Usr 0 00:00:00, Sys 0 00:00:00  -  Run Local Usage
		Usr 0 00:00:05, Sys 0 00:00:00  -  Total Remote Usage
		Usr 0 00:00:00, Sys 0 00:00:00  -  Total Local Usage
	5449  -  Run Bytes Sent By Job
	269048  -  Run Bytes Received By Job
	5449  -  Total Bytes Sent By Job
	269048  -  Total Bytes Received By Job
	Partitionable Resources :    Usage  Request Allocated 
	   Cpus                 :                 1         2 
	   Disk (KB)            :       51       35 103077319 
	   Memory (MB)          :      259      293    100096 

	Job terminated of its own accord at 2025-01-28T20:17:37Z with exit-code 0.
...
