000 (271607.000.000) 2025-01-22 01:15:14 Job submitted from host: <192.168.0.102:9618?addrs=192.168.0.102-9618&alias=submitter&noUDP&sock=schedd_2032_5c88>
...
001 (271607.000.000) 2025-01-22 01:15:14 Job executing on host: <192.168.0.110:9618?addrs=192.168.0.110-9618&alias=node110.di.rm1&noUDP&sock=startd_2185_4e86>
...
006 (271607.000.000) 2025-01-22 01:15:23 Image size of job updated: 391776
	383  -  MemoryUsage of job (MB)
	391776  -  ResidentSetSize of job (KB)
...
006 (271607.000.000) 2025-01-22 01:16:15 Image size of job updated: 2759328
	384  -  MemoryUsage of job (MB)
	392832  -  ResidentSetSize of job (KB)
...
004 (271607.000.000) 2025-01-22 01:16:15 Job was evicted.
	(0) CPU times
		Usr 0 00:00:59, Sys 0 00:00:01  -  Run Remote Usage
		Usr 0 00:00:00, Sys 0 00:00:00  -  Run Local Usage
	0  -  Run Bytes Sent By Job
	0  -  Run Bytes Received By Job
	Partitionable Resources :    Usage  Request Allocated 
	   Cpus                 :        0        1         1 
	   Disk (KB)            :       27       27    468087 
	   Gpus (Average)       :                 0         0 
	   Memory (MB)          :      384        1       128 
...
009 (271607.000.000) 2025-01-22 01:16:16 Job was aborted.
	via condor_rm (by user calzona_2046920)
...
000 (277761.000.000) 2025-01-24 07:04:15 Job submitted from host: <192.168.0.102:9618?addrs=192.168.0.102-9618&alias=submitter&noUDP&sock=schedd_2032_5c88>
...
001 (277761.000.000) 2025-01-24 07:04:16 Job executing on host: <192.168.0.148:9618?addrs=192.168.0.148-9618&alias=node148.di.rm1&noUDP&sock=startd_1547_b119>
...
006 (277761.000.000) 2025-01-24 07:04:25 Image size of job updated: 449460
	439  -  MemoryUsage of job (MB)
	449460  -  ResidentSetSize of job (KB)
...
006 (277761.000.000) 2025-01-24 07:06:17 Image size of job updated: 5771436
	440  -  MemoryUsage of job (MB)
	449592  -  ResidentSetSize of job (KB)
...
004 (277761.000.000) 2025-01-24 07:06:17 Job was evicted.
	(0) CPU times
		Usr 0 00:01:56, Sys 0 00:00:03  -  Run Remote Usage
		Usr 0 00:00:00, Sys 0 00:00:00  -  Run Local Usage
	0  -  Run Bytes Sent By Job
	0  -  Run Bytes Received By Job
	Partitionable Resources :    Usage  Request Allocated 
	   Cpus                 :                 1         1 
	   Disk (KB)            :       27       27    467548 
	   Memory (MB)          :      440        1       128 
...
009 (277761.000.000) 2025-01-24 07:06:17 Job was aborted.
	via condor_rm (by user calzona_2046920)
...
