000 (270981.000.000) 2025-01-22 00:30:24 Job submitted from host: <192.168.0.102:9618?addrs=192.168.0.102-9618&alias=submitter&noUDP&sock=schedd_2032_5c88>
...
001 (270981.000.000) 2025-01-22 00:30:25 Job executing on host: <192.168.0.147:9618?addrs=192.168.0.147-9618&alias=node147.di.rm1&noUDP&sock=startd_1513_5ee1>
...
006 (270981.000.000) 2025-01-22 00:30:34 Image size of job updated: 126408
	77  -  MemoryUsage of job (MB)
	78144  -  ResidentSetSize of job (KB)
...
006 (270981.000.000) 2025-01-22 00:31:26 Image size of job updated: 126408
	77  -  MemoryUsage of job (MB)
	78276  -  ResidentSetSize of job (KB)
...
004 (270981.000.000) 2025-01-22 00:31:26 Job was evicted.
	(0) CPU times
		Usr 0 00:02:10, Sys 0 00:00:00  -  Run Remote Usage
		Usr 0 00:00:00, Sys 0 00:00:00  -  Run Local Usage
	0  -  Run Bytes Sent By Job
	0  -  Run Bytes Received By Job
	Partitionable Resources :    Usage  Request Allocated 
	   Cpus                 :     2.05        1         1 
	   Disk (KB)            :    27          27    469805 
	   Memory (MB)          :    77           1       128 
...
009 (270981.000.000) 2025-01-22 00:31:26 Job was aborted.
	via condor_rm (by user calzona_2046920)
...
