000 (273126.000.000) 2025-01-23 10:41:02 Job submitted from host: <192.168.0.102:9618?addrs=192.168.0.102-9618&alias=submitter&noUDP&sock=schedd_2032_5c88>
...
014 (273126.000.000) 2025-01-23 10:41:17 Node 0 executing on host: <192.168.0.149:9618?addrs=192.168.0.149-9618&alias=node149.di.rm1&noUDP&sock=startd_1551_6f7a>
...
014 (273126.000.001) 2025-01-23 10:41:17 Node 1 executing on host: <192.168.0.141:9618?addrs=192.168.0.141-9618&alias=node141.di.rm1&noUDP&sock=startd_2077_3a4b>
...
001 (273126.000.000) 2025-01-23 10:41:17 Job executing on host: MPI_job
...
008 (273126.000.000) 2025-01-23 10:41:19 Launching orted on Node 1 of 2
...
008 (273126.000.000) 2025-01-23 10:41:19 Launching orted on Node 0 of 2
...
008 (273126.000.000) 2025-01-23 10:41:20 orted exited on Node 0 of 2
...
008 (273126.000.000) 2025-01-23 10:41:20 orted exited on Node 1 of 2
...
015 (273126.000.001) 2025-01-23 10:41:20 Node 1 terminated.
	(1) Normal termination (return value 0)
		Usr 0 00:00:00, Sys 0 00:00:00  -  Run Remote Usage
		Usr 0 00:00:00, Sys 0 00:00:00  -  Run Local Usage
		Usr 0 00:00:00, Sys 0 00:00:00  -  Total Remote Usage
		Usr 0 00:00:00, Sys 0 00:00:00  -  Total Local Usage
	2165  -  Run Bytes Sent By Node
	33639  -  Run Bytes Received By Node
	2165  -  Total Bytes Sent By Node
	33639  -  Total Bytes Received By Node
...
015 (273126.000.000) 2025-01-23 10:41:20 Node 0 terminated.
	(1) Normal termination (return value 0)
		Usr 0 00:00:01, Sys 0 00:00:01  -  Run Remote Usage
		Usr 0 00:00:00, Sys 0 00:00:00  -  Run Local Usage
		Usr 0 00:00:01, Sys 0 00:00:01  -  Total Remote Usage
		Usr 0 00:00:00, Sys 0 00:00:00  -  Total Local Usage
	3256  -  Run Bytes Sent By Node
	33639  -  Run Bytes Received By Node
	3256  -  Total Bytes Sent By Node
	33639  -  Total Bytes Received By Node
...
005 (273126.000.000) 2025-01-23 10:41:20 Job terminated.
	(1) Normal termination (return value 0)
		Usr 0 00:00:01, Sys 0 00:00:01  -  Run Remote Usage
		Usr 0 00:00:00, Sys 0 00:00:00  -  Run Local Usage
		Usr 0 00:00:01, Sys 0 00:00:01  -  Total Remote Usage
		Usr 0 00:00:00, Sys 0 00:00:00  -  Total Local Usage
	5421  -  Run Bytes Sent By Job
	67278  -  Run Bytes Received By Job
	5421  -  Total Bytes Sent By Job
	67278  -  Total Bytes Received By Job
	Partitionable Resources :    Usage  Request Allocated 
	   Cpus                 :                 1         2 
	   Disk (KB)            :       49       35 102883670 
	   Memory (MB)          :        0        0    100096 

	Job terminated of its own accord at 2025-01-23T10:41:20Z with exit-code 0.
...
000 (277905.000.000) 2025-01-24 07:29:28 Job submitted from host: <192.168.0.102:9618?addrs=192.168.0.102-9618&alias=submitter&noUDP&sock=schedd_2032_5c88>
...
014 (277905.000.000) 2025-01-24 07:29:35 Node 0 executing on host: <192.168.0.110:9618?addrs=192.168.0.110-9618&alias=node110.di.rm1&noUDP&sock=startd_2185_4e86>
...
014 (277905.000.001) 2025-01-24 07:29:35 Node 1 executing on host: <192.168.0.145:9618?addrs=192.168.0.145-9618&alias=node145.di.rm1&noUDP&sock=startd_1869_8e98>
...
001 (277905.000.000) 2025-01-24 07:29:35 Job executing on host: MPI_job
...
008 (277905.000.000) 2025-01-24 07:29:37 Launching orted on Node 0 of 2
...
008 (277905.000.000) 2025-01-24 07:29:37 Launching orted on Node 1 of 2
...
008 (277905.000.000) 2025-01-24 07:29:38 orted exited on Node 1 of 2
...
008 (277905.000.000) 2025-01-24 07:29:38 orted exited on Node 0 of 2
...
015 (277905.000.000) 2025-01-24 07:29:38 Node 0 terminated.
	(1) Normal termination (return value 0)
		Usr 0 00:00:00, Sys 0 00:00:00  -  Run Remote Usage
		Usr 0 00:00:00, Sys 0 00:00:00  -  Run Local Usage
		Usr 0 00:00:00, Sys 0 00:00:00  -  Total Remote Usage
		Usr 0 00:00:00, Sys 0 00:00:00  -  Total Local Usage
	3666  -  Run Bytes Sent By Node
	33639  -  Run Bytes Received By Node
	3666  -  Total Bytes Sent By Node
	33639  -  Total Bytes Received By Node
...
005 (277905.000.000) 2025-01-24 07:29:38 Job terminated.
	(1) Normal termination (return value 0)
		Usr 0 00:00:00, Sys 0 00:00:00  -  Run Remote Usage
		Usr 0 00:00:00, Sys 0 00:00:00  -  Run Local Usage
		Usr 0 00:00:00, Sys 0 00:00:00  -  Total Remote Usage
		Usr 0 00:00:00, Sys 0 00:00:00  -  Total Local Usage
	3666  -  Run Bytes Sent By Job
	67278  -  Run Bytes Received By Job
	3666  -  Total Bytes Sent By Job
	67278  -  Total Bytes Received By Job
	Partitionable Resources :    Usage  Request Allocated 
	   Cpus                 :                 1         1 
	   Disk (KB)            :       50       35  21531979 
	   GPUs                 :                           1 
	   Memory (MB)          :        0        0     65536 

	Job terminated of its own accord at 2025-01-24T07:29:38Z with exit-code 0.
...
000 (286013.000.000) 2025-01-28 14:43:32 Job submitted from host: <192.168.0.102:9618?addrs=192.168.0.102-9618&alias=submitter&noUDP&sock=schedd_2032_5c88>
...
014 (286013.000.000) 2025-01-28 14:43:38 Node 0 executing on host: <192.168.0.112:9618?addrs=192.168.0.112-9618&alias=node112.di.rm1&noUDP&sock=startd_2169_5502>
...
014 (286013.000.001) 2025-01-28 14:43:38 Node 1 executing on host: <192.168.0.141:9618?addrs=192.168.0.141-9618&alias=node141.di.rm1&noUDP&sock=startd_2077_3a4b>
...
001 (286013.000.000) 2025-01-28 14:43:38 Job executing on host: MPI_job
...
008 (286013.000.000) 2025-01-28 14:43:40 Launching orted on Node 0 of 2
...
008 (286013.000.000) 2025-01-28 14:43:40 Launching orted on Node 1 of 2
...
008 (286013.000.000) 2025-01-28 14:43:41 orted exited on Node 0 of 2
...
008 (286013.000.000) 2025-01-28 14:43:41 orted exited on Node 1 of 2
...
015 (286013.000.000) 2025-01-28 14:43:41 Node 0 terminated.
	(1) Normal termination (return value 0)
		Usr 0 00:00:00, Sys 0 00:00:00  -  Run Remote Usage
		Usr 0 00:00:00, Sys 0 00:00:00  -  Run Local Usage
		Usr 0 00:00:00, Sys 0 00:00:00  -  Total Remote Usage
		Usr 0 00:00:00, Sys 0 00:00:00  -  Total Local Usage
	3300  -  Run Bytes Sent By Node
	33591  -  Run Bytes Received By Node
	3300  -  Total Bytes Sent By Node
	33591  -  Total Bytes Received By Node
...
005 (286013.000.000) 2025-01-28 14:43:41 Job terminated.
	(1) Normal termination (return value 0)
		Usr 0 00:00:00, Sys 0 00:00:00  -  Run Remote Usage
		Usr 0 00:00:00, Sys 0 00:00:00  -  Run Local Usage
		Usr 0 00:00:00, Sys 0 00:00:00  -  Total Remote Usage
		Usr 0 00:00:00, Sys 0 00:00:00  -  Total Local Usage
	3300  -  Run Bytes Sent By Job
	67182  -  Run Bytes Received By Job
	3300  -  Total Bytes Sent By Job
	67182  -  Total Bytes Received By Job
	Partitionable Resources :    Usage  Request Allocated 
	   Cpus                 :                 1         1 
	   Disk (KB)            :       51       35  21458321 
	   GPUs                 :                           1 
	   Memory (MB)          :        0        0     20480 

	Job terminated of its own accord at 2025-01-28T14:43:41Z with exit-code 0.
...
