000 (270194.000.000) 2025-01-21 23:32:04 Job submitted from host: <192.168.0.102:9618?addrs=192.168.0.102-9618&alias=submitter&noUDP&sock=schedd_2032_5c88>
...
001 (270194.000.000) 2025-01-21 23:32:24 Job executing on host: <192.168.0.149:9618?addrs=192.168.0.149-9618&alias=node149.di.rm1&noUDP&sock=startd_1551_6f7a>
...
006 (270194.000.000) 2025-01-21 23:32:32 Image size of job updated: 212748
	208  -  MemoryUsage of job (MB)
	212140  -  ResidentSetSize of job (KB)
...
006 (270194.000.000) 2025-01-21 23:33:05 Image size of job updated: 225592
	208  -  MemoryUsage of job (MB)
	212140  -  ResidentSetSize of job (KB)
...
004 (270194.000.000) 2025-01-21 23:33:05 Job was evicted.
	(0) CPU times
		Usr 0 00:02:35, Sys 0 00:00:00  -  Run Remote Usage
		Usr 0 00:00:00, Sys 0 00:00:00  -  Run Local Usage
	0  -  Run Bytes Sent By Job
	0  -  Run Bytes Received By Job
	Partitionable Resources :    Usage  Request Allocated 
	   Cpus                 :                 1         1 
	   Disk (KB)            :       27       27    471944 
	   Memory (MB)          :      208        1       128 
...
009 (270194.000.000) 2025-01-21 23:33:05 Job was aborted.
	via condor_rm (by user calzona_2046920)
...
000 (276352.000.000) 2025-01-24 04:18:56 Job submitted from host: <192.168.0.102:9618?addrs=192.168.0.102-9618&alias=submitter&noUDP&sock=schedd_2032_5c88>
...
001 (276352.000.000) 2025-01-24 04:18:57 Job executing on host: <192.168.0.151:9618?addrs=192.168.0.151-9618&alias=node151.di.rm1&noUDP&sock=startd_1528_a8cd>
...
006 (276352.000.000) 2025-01-24 04:19:05 Image size of job updated: 212900
	208  -  MemoryUsage of job (MB)
	212240  -  ResidentSetSize of job (KB)
...
006 (276352.000.000) 2025-01-24 04:20:05 Image size of job updated: 225592
	208  -  MemoryUsage of job (MB)
	212240  -  ResidentSetSize of job (KB)
...
005 (276352.000.000) 2025-01-24 04:20:05 Job terminated.
	(1) Normal termination (return value 0)
		Usr 0 00:04:21, Sys 0 00:00:01  -  Run Remote Usage
		Usr 0 00:00:00, Sys 0 00:00:00  -  Run Local Usage
		Usr 0 00:04:21, Sys 0 00:00:01  -  Total Remote Usage
		Usr 0 00:00:00, Sys 0 00:00:00  -  Total Local Usage
	0  -  Run Bytes Sent By Job
	0  -  Run Bytes Received By Job
	0  -  Total Bytes Sent By Job
	0  -  Total Bytes Received By Job
	Partitionable Resources :    Usage  Request Allocated 
	   Cpus                 :                 1         1 
	   Disk (KB)            :       27       27    474791 
	   Memory (MB)          :      208        1       128 

	Job terminated of its own accord at 2025-01-24T04:20:05Z with exit-code 0.
...
