000 (270478.000.000) 2025-01-21 23:57:33 Job submitted from host: <192.168.0.102:9618?addrs=192.168.0.102-9618&alias=submitter&noUDP&sock=schedd_2032_5c88>
...
001 (270478.000.000) 2025-01-21 23:57:36 Job executing on host: <192.168.0.120:9618?addrs=192.168.0.120-9618&alias=node120.di.rm1&noUDP&sock=startd_2096_4298>
...
006 (270478.000.000) 2025-01-21 23:57:45 Image size of job updated: 1209104
	546  -  MemoryUsage of job (MB)
	558888  -  ResidentSetSize of job (KB)
...
006 (270478.000.000) 2025-01-21 23:58:35 Image size of job updated: 3555916
	547  -  MemoryUsage of job (MB)
	559944  -  ResidentSetSize of job (KB)
...
004 (270478.000.000) 2025-01-21 23:58:35 Job was evicted.
	(0) CPU times
		Usr 0 00:00:56, Sys 0 00:00:01  -  Run Remote Usage
		Usr 0 00:00:00, Sys 0 00:00:00  -  Run Local Usage
	0  -  Run Bytes Sent By Job
	0  -  Run Bytes Received By Job
	Partitionable Resources :    Usage  Request Allocated 
	   Cpus                 :     1.00        1         1 
	   Disk (KB)            :    27          27    459052 
	   Gpus (Average)       :                 0         0 
	   Memory (MB)          :   547           1       128 
...
009 (270478.000.000) 2025-01-21 23:58:35 Job was aborted.
	via condor_rm (by user calzona_2046920)
...
000 (276632.000.000) 2025-01-24 05:02:22 Job submitted from host: <192.168.0.102:9618?addrs=192.168.0.102-9618&alias=submitter&noUDP&sock=schedd_2032_5c88>
...
001 (276632.000.000) 2025-01-24 05:02:23 Job executing on host: <192.168.0.124:9618?addrs=192.168.0.124-9618&alias=node124.di.rm1&noUDP&sock=startd_2143_7f8b>
...
006 (276632.000.000) 2025-01-24 05:02:31 Image size of job updated: 1184672
	490  -  MemoryUsage of job (MB)
	501720  -  ResidentSetSize of job (KB)
...
006 (276632.000.000) 2025-01-24 05:04:24 Image size of job updated: 7006284
	491  -  MemoryUsage of job (MB)
	501852  -  ResidentSetSize of job (KB)
...
004 (276632.000.000) 2025-01-24 05:04:24 Job was evicted.
	(0) CPU times
		Usr 0 00:01:57, Sys 0 00:00:03  -  Run Remote Usage
		Usr 0 00:00:00, Sys 0 00:00:00  -  Run Local Usage
	0  -  Run Bytes Sent By Job
	0  -  Run Bytes Received By Job
	Partitionable Resources :    Usage  Request Allocated 
	   Cpus                 :     1.00        1         1 
	   Disk (KB)            :    27          27    499302 
	   Gpus (Average)       :                 0         0 
	   Memory (MB)          :   491           1       128 
...
009 (276632.000.000) 2025-01-24 05:04:24 Job was aborted.
	via condor_rm (by user calzona_2046920)
...
