000 (281972.000.000) 2025-01-26 15:30:15 Job submitted from host: <192.168.0.102:9618?addrs=192.168.0.102-9618&alias=submitter&noUDP&sock=schedd_2032_5c88>
...
014 (281972.000.001) 2025-01-26 15:30:21 Node 1 executing on host: <192.168.0.122:9618?addrs=192.168.0.122-9618&alias=node122.di.rm1&noUDP&sock=startd_2134_5331>
...
014 (281972.000.000) 2025-01-26 15:30:21 Node 0 executing on host: <192.168.0.130:9618?addrs=192.168.0.130-9618&alias=node130.di.rm1&noUDP&sock=startd_2751195_838e>
...
001 (281972.000.000) 2025-01-26 15:30:21 Job executing on host: MPI_job
...
008 (281972.000.000) 2025-01-26 15:30:23 Launching orted on Node 1 of 2
...
008 (281972.000.000) 2025-01-26 15:30:23 Launching orted on Node 0 of 2
...
008 (281972.000.000) 2025-01-26 15:30:28 orted exited on Node 0 of 2
...
008 (281972.000.000) 2025-01-26 15:30:28 orted exited on Node 1 of 2
...
015 (281972.000.001) 2025-01-26 15:30:28 Node 1 terminated.
	(1) Normal termination (return value 0)
		Usr 0 00:00:04, Sys 0 00:00:00  -  Run Remote Usage
		Usr 0 00:00:00, Sys 0 00:00:00  -  Run Local Usage
		Usr 0 00:00:04, Sys 0 00:00:00  -  Total Remote Usage
		Usr 0 00:00:00, Sys 0 00:00:00  -  Total Local Usage
	2187  -  Run Bytes Sent By Node
	33711  -  Run Bytes Received By Node
	2187  -  Total Bytes Sent By Node
	33711  -  Total Bytes Received By Node
...
015 (281972.000.000) 2025-01-26 15:30:28 Node 0 terminated.
	(1) Normal termination (return value 0)
		Usr 0 00:00:04, Sys 0 00:00:00  -  Run Remote Usage
		Usr 0 00:00:00, Sys 0 00:00:00  -  Run Local Usage
		Usr 0 00:00:04, Sys 0 00:00:00  -  Total Remote Usage
		Usr 0 00:00:00, Sys 0 00:00:00  -  Total Local Usage
	3256  -  Run Bytes Sent By Node
	33711  -  Run Bytes Received By Node
	3256  -  Total Bytes Sent By Node
	33711  -  Total Bytes Received By Node
...
005 (281972.000.000) 2025-01-26 15:30:28 Job terminated.
	(1) Normal termination (return value 0)
		Usr 0 00:00:08, Sys 0 00:00:00  -  Run Remote Usage
		Usr 0 00:00:00, Sys 0 00:00:00  -  Run Local Usage
		Usr 0 00:00:04, Sys 0 00:00:00  -  Total Remote Usage
		Usr 0 00:00:00, Sys 0 00:00:00  -  Total Local Usage
	5443  -  Run Bytes Sent By Job
	67422  -  Run Bytes Received By Job
	5443  -  Total Bytes Sent By Job
	67422  -  Total Bytes Received By Job
	Partitionable Resources :    Usage  Request Allocated 
	   Cpus                 :                 1         1 
	   Disk (KB)            :       49       35    472313 
	   Memory (MB)          :        0        0     40960 

	Job terminated of its own accord at 2025-01-26T15:30:28Z with exit-code 0.
...
000 (288808.000.000) 2025-01-28 21:06:17 Job submitted from host: <192.168.0.102:9618?addrs=192.168.0.102-9618&alias=submitter&noUDP&sock=schedd_2032_5c88>
...
014 (288808.000.000) 2025-01-28 21:06:24 Node 0 executing on host: <192.168.0.135:9618?addrs=192.168.0.135-9618&alias=node135.di.rm1&noUDP&sock=startd_2000_6980>
...
014 (288808.000.001) 2025-01-28 21:06:24 Node 1 executing on host: <192.168.0.115:9618?addrs=192.168.0.115-9618&alias=node115.di.rm1&noUDP&sock=startd_1101621_f4a0>
...
001 (288808.000.000) 2025-01-28 21:06:24 Job executing on host: MPI_job
...
008 (288808.000.000) 2025-01-28 21:06:26 Launching orted on Node 0 of 2
...
008 (288808.000.000) 2025-01-28 21:06:26 Launching orted on Node 1 of 2
...
008 (288808.000.000) 2025-01-28 21:06:31 orted exited on Node 0 of 2
...
008 (288808.000.000) 2025-01-28 21:06:31 orted exited on Node 1 of 2
...
015 (288808.000.000) 2025-01-28 21:06:31 Node 0 terminated.
	(1) Normal termination (return value 0)
		Usr 0 00:00:00, Sys 0 00:00:01  -  Run Remote Usage
		Usr 0 00:00:00, Sys 0 00:00:00  -  Run Local Usage
		Usr 0 00:00:00, Sys 0 00:00:01  -  Total Remote Usage
		Usr 0 00:00:00, Sys 0 00:00:00  -  Total Local Usage
	3256  -  Run Bytes Sent By Node
	33711  -  Run Bytes Received By Node
	3256  -  Total Bytes Sent By Node
	33711  -  Total Bytes Received By Node
...
005 (288808.000.000) 2025-01-28 21:06:31 Job terminated.
	(1) Normal termination (return value 0)
		Usr 0 00:00:05, Sys 0 00:00:01  -  Run Remote Usage
		Usr 0 00:00:00, Sys 0 00:00:00  -  Run Local Usage
		Usr 0 00:00:00, Sys 0 00:00:01  -  Total Remote Usage
		Usr 0 00:00:00, Sys 0 00:00:00  -  Total Local Usage
	3256  -  Run Bytes Sent By Job
	67422  -  Run Bytes Received By Job
	3256  -  Total Bytes Sent By Job
	67422  -  Total Bytes Received By Job
	Partitionable Resources :    Usage  Request Allocated 
	   Cpus                 :     0.02        1         2 
	   Disk (KB)            :    56          35 102650546 
	   Memory (MB)          :     0           0    100096 

	Job terminated of its own accord at 2025-01-28T21:06:31Z with exit-code 0.
...
