000 (281234.000.000) 2025-01-25 19:30:47 Job submitted from host: <192.168.0.102:9618?addrs=192.168.0.102-9618&alias=submitter&noUDP&sock=schedd_2032_5c88>
...
014 (281234.000.003) 2025-01-25 19:30:57 Node 3 executing on host: <192.168.0.135:9618?addrs=192.168.0.135-9618&alias=node135.di.rm1&noUDP&sock=startd_2000_6980>
...
014 (281234.000.005) 2025-01-25 19:30:57 Node 5 executing on host: <192.168.0.114:9618?addrs=192.168.0.114-9618&alias=node114.di.rm1&noUDP&sock=startd_2075_db1b>
...
014 (281234.000.004) 2025-01-25 19:30:57 Node 4 executing on host: <192.168.0.114:9618?addrs=192.168.0.114-9618&alias=node114.di.rm1&noUDP&sock=startd_2075_db1b>
...
014 (281234.000.000) 2025-01-25 19:30:57 Node 0 executing on host: <192.168.0.123:9618?addrs=192.168.0.123-9618&alias=node123.di.rm1&noUDP&sock=startd_2149_9d1d>
...
014 (281234.000.002) 2025-01-25 19:30:57 Node 2 executing on host: <192.168.0.114:9618?addrs=192.168.0.114-9618&alias=node114.di.rm1&noUDP&sock=startd_2075_db1b>
...
014 (281234.000.001) 2025-01-25 19:30:57 Node 1 executing on host: <192.168.0.132:9618?addrs=192.168.0.132-9618&alias=node132.di.rm1&noUDP&sock=startd_1999_b9e8>
...
014 (281234.000.006) 2025-01-25 19:30:57 Node 6 executing on host: <192.168.0.145:9618?addrs=192.168.0.145-9618&alias=node145.di.rm1&noUDP&sock=startd_1869_8e98>
...
014 (281234.000.007) 2025-01-25 19:30:57 Node 7 executing on host: <192.168.0.110:9618?addrs=192.168.0.110-9618&alias=node110.di.rm1&noUDP&sock=startd_2185_4e86>
...
001 (281234.000.000) 2025-01-25 19:30:57 Job executing on host: MPI_job
...
008 (281234.000.000) 2025-01-25 19:30:59 Launching orted on Node 3 of 8
...
008 (281234.000.000) 2025-01-25 19:31:00 Launching orted on Node 1 of 8
...
008 (281234.000.000) 2025-01-25 19:31:00 Launching orted on Node 6 of 8
...
008 (281234.000.000) 2025-01-25 19:31:00 Launching orted on Node 5 of 8
...
008 (281234.000.000) 2025-01-25 19:31:00 Launching orted on Node 4 of 8
...
008 (281234.000.000) 2025-01-25 19:31:00 Launching orted on Node 2 of 8
...
008 (281234.000.000) 2025-01-25 19:31:00 Launching orted on Node 0 of 8
...
008 (281234.000.000) 2025-01-25 19:31:00 Launching orted on Node 7 of 8
...
008 (281234.000.000) 2025-01-25 19:31:01 orted exited on Node 3 of 8
...
008 (281234.000.000) 2025-01-25 19:31:01 orted exited on Node 4 of 8
...
008 (281234.000.000) 2025-01-25 19:31:01 orted exited on Node 6 of 8
...
008 (281234.000.000) 2025-01-25 19:31:01 orted exited on Node 1 of 8
...
008 (281234.000.000) 2025-01-25 19:31:01 orted exited on Node 2 of 8
...
008 (281234.000.000) 2025-01-25 19:31:01 orted exited on Node 7 of 8
...
008 (281234.000.000) 2025-01-25 19:31:01 orted exited on Node 5 of 8
...
008 (281234.000.000) 2025-01-25 19:31:01 orted exited on Node 0 of 8
...
015 (281234.000.003) 2025-01-25 19:31:01 Node 3 terminated.
	(1) Normal termination (return value 0)
		Usr 0 00:00:01, Sys 0 00:00:00  -  Run Remote Usage
		Usr 0 00:00:00, Sys 0 00:00:00  -  Run Local Usage
		Usr 0 00:00:01, Sys 0 00:00:00  -  Total Remote Usage
		Usr 0 00:00:00, Sys 0 00:00:00  -  Total Local Usage
	2165  -  Run Bytes Sent By Node
	33639  -  Run Bytes Received By Node
	2165  -  Total Bytes Sent By Node
	33639  -  Total Bytes Received By Node
...
015 (281234.000.001) 2025-01-25 19:31:01 Node 1 terminated.
	(1) Normal termination (return value 0)
		Usr 0 00:00:01, Sys 0 00:00:00  -  Run Remote Usage
		Usr 0 00:00:00, Sys 0 00:00:00  -  Run Local Usage
		Usr 0 00:00:01, Sys 0 00:00:00  -  Total Remote Usage
		Usr 0 00:00:00, Sys 0 00:00:00  -  Total Local Usage
	2165  -  Run Bytes Sent By Node
	33639  -  Run Bytes Received By Node
	2165  -  Total Bytes Sent By Node
	33639  -  Total Bytes Received By Node
...
015 (281234.000.007) 2025-01-25 19:31:01 Node 7 terminated.
	(1) Normal termination (return value 0)
		Usr 0 00:00:00, Sys 0 00:00:00  -  Run Remote Usage
		Usr 0 00:00:00, Sys 0 00:00:00  -  Run Local Usage
		Usr 0 00:00:00, Sys 0 00:00:00  -  Total Remote Usage
		Usr 0 00:00:00, Sys 0 00:00:00  -  Total Local Usage
	2187  -  Run Bytes Sent By Node
	33639  -  Run Bytes Received By Node
	2187  -  Total Bytes Sent By Node
	33639  -  Total Bytes Received By Node
...
015 (281234.000.006) 2025-01-25 19:31:01 Node 6 terminated.
	(1) Normal termination (return value 0)
		Usr 0 00:00:00, Sys 0 00:00:01  -  Run Remote Usage
		Usr 0 00:00:00, Sys 0 00:00:00  -  Run Local Usage
		Usr 0 00:00:00, Sys 0 00:00:01  -  Total Remote Usage
		Usr 0 00:00:00, Sys 0 00:00:00  -  Total Local Usage
	2165  -  Run Bytes Sent By Node
	33639  -  Run Bytes Received By Node
	2165  -  Total Bytes Sent By Node
	33639  -  Total Bytes Received By Node
...
015 (281234.000.004) 2025-01-25 19:31:01 Node 4 terminated.
	(1) Normal termination (return value 0)
		Usr 0 00:00:01, Sys 0 00:00:00  -  Run Remote Usage
		Usr 0 00:00:00, Sys 0 00:00:00  -  Run Local Usage
		Usr 0 00:00:01, Sys 0 00:00:00  -  Total Remote Usage
		Usr 0 00:00:00, Sys 0 00:00:00  -  Total Local Usage
	2165  -  Run Bytes Sent By Node
	33639  -  Run Bytes Received By Node
	2165  -  Total Bytes Sent By Node
	33639  -  Total Bytes Received By Node
...
015 (281234.000.002) 2025-01-25 19:31:01 Node 2 terminated.
	(1) Normal termination (return value 0)
		Usr 0 00:00:00, Sys 0 00:00:00  -  Run Remote Usage
		Usr 0 00:00:00, Sys 0 00:00:00  -  Run Local Usage
		Usr 0 00:00:00, Sys 0 00:00:00  -  Total Remote Usage
		Usr 0 00:00:00, Sys 0 00:00:00  -  Total Local Usage
	2165  -  Run Bytes Sent By Node
	33639  -  Run Bytes Received By Node
	2165  -  Total Bytes Sent By Node
	33639  -  Total Bytes Received By Node
...
015 (281234.000.005) 2025-01-25 19:31:01 Node 5 terminated.
	(1) Normal termination (return value 0)
		Usr 0 00:00:00, Sys 0 00:00:00  -  Run Remote Usage
		Usr 0 00:00:00, Sys 0 00:00:00  -  Run Local Usage
		Usr 0 00:00:00, Sys 0 00:00:00  -  Total Remote Usage
		Usr 0 00:00:00, Sys 0 00:00:00  -  Total Local Usage
	2165  -  Run Bytes Sent By Node
	33639  -  Run Bytes Received By Node
	2165  -  Total Bytes Sent By Node
	33639  -  Total Bytes Received By Node
...
015 (281234.000.000) 2025-01-25 19:31:01 Node 0 terminated.
	(1) Normal termination (return value 0)
		Usr 0 00:00:00, Sys 0 00:00:00  -  Run Remote Usage
		Usr 0 00:00:00, Sys 0 00:00:00  -  Run Local Usage
		Usr 0 00:00:00, Sys 0 00:00:00  -  Total Remote Usage
		Usr 0 00:00:00, Sys 0 00:00:00  -  Total Local Usage
	3771  -  Run Bytes Sent By Node
	33639  -  Run Bytes Received By Node
	3771  -  Total Bytes Sent By Node
	33639  -  Total Bytes Received By Node
...
005 (281234.000.000) 2025-01-25 19:31:01 Job terminated.
	(1) Normal termination (return value 0)
		Usr 0 00:00:03, Sys 0 00:00:01  -  Run Remote Usage
		Usr 0 00:00:00, Sys 0 00:00:00  -  Run Local Usage
		Usr 0 00:00:00, Sys 0 00:00:00  -  Total Remote Usage
		Usr 0 00:00:00, Sys 0 00:00:00  -  Total Local Usage
	18948  -  Run Bytes Sent By Job
	269112  -  Run Bytes Received By Job
	18948  -  Total Bytes Sent By Job
	269112  -  Total Bytes Received By Job
	Partitionable Resources :    Usage  Request Allocated 
	   Cpus                 :                 1         1 
	   Disk (KB)            :       52       35  21495658 
	   GPUs                 :                           1 
	   Memory (MB)          :        0      346     20480 

	Job terminated of its own accord at 2025-01-25T19:31:01Z with exit-code 0.
...
000 (288438.000.000) 2025-01-28 19:55:57 Job submitted from host: <192.168.0.102:9618?addrs=192.168.0.102-9618&alias=submitter&noUDP&sock=schedd_2032_5c88>
...
014 (288438.000.000) 2025-01-28 19:56:04 Node 0 executing on host: <192.168.0.114:9618?addrs=192.168.0.114-9618&alias=node114.di.rm1&noUDP&sock=startd_2075_db1b>
...
014 (288438.000.001) 2025-01-28 19:56:04 Node 1 executing on host: <192.168.0.130:9618?addrs=192.168.0.130-9618&alias=node130.di.rm1&noUDP&sock=startd_2751195_838e>
...
014 (288438.000.005) 2025-01-28 19:56:04 Node 5 executing on host: <192.168.0.140:9618?addrs=192.168.0.140-9618&alias=node140.di.rm1&noUDP&sock=startd_1890_f615>
...
014 (288438.000.002) 2025-01-28 19:56:04 Node 2 executing on host: <192.168.0.106:9618?addrs=192.168.0.106-9618&alias=node106.di.rm1&noUDP&sock=startd_1970_d5a9>
...
014 (288438.000.006) 2025-01-28 19:56:04 Node 6 executing on host: <192.168.0.116:9618?addrs=192.168.0.116-9618&alias=node116.di.rm1&noUDP&sock=startd_1847_7783>
...
014 (288438.000.004) 2025-01-28 19:56:04 Node 4 executing on host: <192.168.0.110:9618?addrs=192.168.0.110-9618&alias=node110.di.rm1&noUDP&sock=startd_2185_4e86>
...
014 (288438.000.003) 2025-01-28 19:56:04 Node 3 executing on host: <192.168.0.145:9618?addrs=192.168.0.145-9618&alias=node145.di.rm1&noUDP&sock=startd_1869_8e98>
...
014 (288438.000.007) 2025-01-28 19:56:04 Node 7 executing on host: <192.168.0.120:9618?addrs=192.168.0.120-9618&alias=node120.di.rm1&noUDP&sock=startd_2096_4298>
...
001 (288438.000.000) 2025-01-28 19:56:04 Job executing on host: MPI_job
...
008 (288438.000.000) 2025-01-28 19:56:06 Launching orted on Node 0 of 8
...
008 (288438.000.000) 2025-01-28 19:56:06 Launching orted on Node 5 of 8
...
008 (288438.000.000) 2025-01-28 19:56:06 Launching orted on Node 1 of 8
...
008 (288438.000.000) 2025-01-28 19:56:06 Launching orted on Node 2 of 8
...
008 (288438.000.000) 2025-01-28 19:56:06 Launching orted on Node 6 of 8
...
008 (288438.000.000) 2025-01-28 19:56:06 Launching orted on Node 4 of 8
...
008 (288438.000.000) 2025-01-28 19:56:06 Launching orted on Node 7 of 8
...
008 (288438.000.000) 2025-01-28 19:56:06 Launching orted on Node 3 of 8
...
008 (288438.000.000) 2025-01-28 19:56:07 orted exited on Node 6 of 8
...
008 (288438.000.000) 2025-01-28 19:56:07 orted exited on Node 5 of 8
...
008 (288438.000.000) 2025-01-28 19:56:07 orted exited on Node 2 of 8
...
008 (288438.000.000) 2025-01-28 19:56:07 orted exited on Node 1 of 8
...
008 (288438.000.000) 2025-01-28 19:56:07 orted exited on Node 3 of 8
...
008 (288438.000.000) 2025-01-28 19:56:07 orted exited on Node 7 of 8
...
008 (288438.000.000) 2025-01-28 19:56:07 orted exited on Node 0 of 8
...
008 (288438.000.000) 2025-01-28 19:56:07 orted exited on Node 4 of 8
...
015 (288438.000.001) 2025-01-28 19:56:07 Node 1 terminated.
	(1) Normal termination (return value 0)
		Usr 0 00:00:00, Sys 0 00:00:00  -  Run Remote Usage
		Usr 0 00:00:00, Sys 0 00:00:00  -  Run Local Usage
		Usr 0 00:00:00, Sys 0 00:00:00  -  Total Remote Usage
		Usr 0 00:00:00, Sys 0 00:00:00  -  Total Local Usage
	2165  -  Run Bytes Sent By Node
	33631  -  Run Bytes Received By Node
	2165  -  Total Bytes Sent By Node
	33631  -  Total Bytes Received By Node
...
015 (288438.000.000) 2025-01-28 19:56:07 Node 0 terminated.
	(1) Normal termination (return value 0)
		Usr 0 00:00:00, Sys 0 00:00:00  -  Run Remote Usage
		Usr 0 00:00:00, Sys 0 00:00:00  -  Run Local Usage
		Usr 0 00:00:00, Sys 0 00:00:00  -  Total Remote Usage
		Usr 0 00:00:00, Sys 0 00:00:00  -  Total Local Usage
	3261  -  Run Bytes Sent By Node
	33631  -  Run Bytes Received By Node
	3261  -  Total Bytes Sent By Node
	33631  -  Total Bytes Received By Node
...
005 (288438.000.000) 2025-01-28 19:56:07 Job terminated.
	(1) Normal termination (return value 0)
		Usr 0 00:00:02, Sys 0 00:00:01  -  Run Remote Usage
		Usr 0 00:00:00, Sys 0 00:00:00  -  Run Local Usage
		Usr 0 00:00:00, Sys 0 00:00:00  -  Total Remote Usage
		Usr 0 00:00:00, Sys 0 00:00:00  -  Total Local Usage
	7613  -  Run Bytes Sent By Job
	269048  -  Run Bytes Received By Job
	7613  -  Total Bytes Sent By Job
	269048  -  Total Bytes Received By Job
	Partitionable Resources :    Usage  Request Allocated 
	   Cpus                 :                 1         2 
	   Disk (KB)            :       51       35 102671250 
	   Memory (MB)          :        0        1    100096 

	Job terminated of its own accord at 2025-01-28T19:56:07Z with exit-code 0.
...
