000 (281168.000.000) 2025-01-25 19:19:06 Job submitted from host: <192.168.0.102:9618?addrs=192.168.0.102-9618&alias=submitter&noUDP&sock=schedd_2032_5c88>
...
014 (281168.000.000) 2025-01-25 19:19:13 Node 0 executing on host: <192.168.0.107:9618?addrs=192.168.0.107-9618&alias=node107.di.rm1&noUDP&sock=startd_1981_6134>
...
014 (281168.000.002) 2025-01-25 19:19:13 Node 2 executing on host: <192.168.0.121:9618?addrs=192.168.0.121-9618&alias=node121.di.rm1&noUDP&sock=startd_2146_8e54>
...
014 (281168.000.003) 2025-01-25 19:19:13 Node 3 executing on host: <192.168.0.146:9618?addrs=192.168.0.146-9618&alias=node146.di.rm1&noUDP&sock=startd_1984_6ffc>
...
014 (281168.000.004) 2025-01-25 19:19:13 Node 4 executing on host: <192.168.0.121:9618?addrs=192.168.0.121-9618&alias=node121.di.rm1&noUDP&sock=startd_2146_8e54>
...
014 (281168.000.005) 2025-01-25 19:19:13 Node 5 executing on host: <192.168.0.141:9618?addrs=192.168.0.141-9618&alias=node141.di.rm1&noUDP&sock=startd_2077_3a4b>
...
014 (281168.000.001) 2025-01-25 19:19:14 Node 1 executing on host: <192.168.0.143:9618?addrs=192.168.0.143-9618&alias=node143.di.rm1&noUDP&sock=startd_2061_40c7>
...
014 (281168.000.006) 2025-01-25 19:19:14 Node 6 executing on host: <192.168.0.142:9618?addrs=192.168.0.142-9618&alias=node142.di.rm1&noUDP&sock=startd_1996_ab1f>
...
014 (281168.000.007) 2025-01-25 19:19:14 Node 7 executing on host: <192.168.0.151:9618?addrs=192.168.0.151-9618&alias=node151.di.rm1&noUDP&sock=startd_1528_a8cd>
...
001 (281168.000.000) 2025-01-25 19:19:14 Job executing on host: MPI_job
...
008 (281168.000.000) 2025-01-25 19:19:15 Launching orted on Node 0 of 8
...
008 (281168.000.000) 2025-01-25 19:19:15 Launching orted on Node 4 of 8
...
008 (281168.000.000) 2025-01-25 19:19:15 Launching orted on Node 3 of 8
...
008 (281168.000.000) 2025-01-25 19:19:15 Launching orted on Node 2 of 8
...
008 (281168.000.000) 2025-01-25 19:19:16 Launching orted on Node 5 of 8
...
008 (281168.000.000) 2025-01-25 19:19:16 Launching orted on Node 6 of 8
...
008 (281168.000.000) 2025-01-25 19:19:16 Launching orted on Node 1 of 8
...
008 (281168.000.000) 2025-01-25 19:19:16 Launching orted on Node 7 of 8
...
008 (281168.000.000) 2025-01-25 19:19:17 orted exited on Node 3 of 8
...
008 (281168.000.000) 2025-01-25 19:19:17 orted exited on Node 1 of 8
...
008 (281168.000.000) 2025-01-25 19:19:17 orted exited on Node 2 of 8
...
008 (281168.000.000) 2025-01-25 19:19:17 orted exited on Node 4 of 8
...
008 (281168.000.000) 2025-01-25 19:19:17 orted exited on Node 5 of 8
...
008 (281168.000.000) 2025-01-25 19:19:17 orted exited on Node 6 of 8
...
008 (281168.000.000) 2025-01-25 19:19:17 orted exited on Node 0 of 8
...
008 (281168.000.000) 2025-01-25 19:19:17 orted exited on Node 7 of 8
...
015 (281168.000.003) 2025-01-25 19:19:17 Node 3 terminated.
	(1) Normal termination (return value 0)
		Usr 0 00:00:00, Sys 0 00:00:00  -  Run Remote Usage
		Usr 0 00:00:00, Sys 0 00:00:00  -  Run Local Usage
		Usr 0 00:00:00, Sys 0 00:00:00  -  Total Remote Usage
		Usr 0 00:00:00, Sys 0 00:00:00  -  Total Local Usage
	2165  -  Run Bytes Sent By Node
	33639  -  Run Bytes Received By Node
	2165  -  Total Bytes Sent By Node
	33639  -  Total Bytes Received By Node
...
015 (281168.000.000) 2025-01-25 19:19:17 Node 0 terminated.
	(1) Normal termination (return value 0)
		Usr 0 00:00:00, Sys 0 00:00:01  -  Run Remote Usage
		Usr 0 00:00:00, Sys 0 00:00:00  -  Run Local Usage
		Usr 0 00:00:00, Sys 0 00:00:01  -  Total Remote Usage
		Usr 0 00:00:00, Sys 0 00:00:00  -  Total Local Usage
	3263  -  Run Bytes Sent By Node
	33639  -  Run Bytes Received By Node
	3263  -  Total Bytes Sent By Node
	33639  -  Total Bytes Received By Node
...
005 (281168.000.000) 2025-01-25 19:19:17 Job terminated.
	(1) Normal termination (return value 0)
		Usr 0 00:00:03, Sys 0 00:00:01  -  Run Remote Usage
		Usr 0 00:00:00, Sys 0 00:00:00  -  Run Local Usage
		Usr 0 00:00:00, Sys 0 00:00:01  -  Total Remote Usage
		Usr 0 00:00:00, Sys 0 00:00:00  -  Total Local Usage
	5428  -  Run Bytes Sent By Job
	269112  -  Run Bytes Received By Job
	5428  -  Total Bytes Sent By Job
	269112  -  Total Bytes Received By Job
	Partitionable Resources :    Usage  Request Allocated 
	   Cpus                 :                 1         1 
	   Disk (KB)            :       50       35    471963 
	   Memory (MB)          :        0        1     40960 

	Job terminated of its own accord at 2025-01-25T19:19:17Z with exit-code 0.
...
000 (288375.000.000) 2025-01-28 19:45:03 Job submitted from host: <192.168.0.102:9618?addrs=192.168.0.102-9618&alias=submitter&noUDP&sock=schedd_2032_5c88>
...
014 (288375.000.002) 2025-01-28 19:45:10 Node 2 executing on host: <192.168.0.132:9618?addrs=192.168.0.132-9618&alias=node132.di.rm1&noUDP&sock=startd_1999_b9e8>
...
014 (288375.000.003) 2025-01-28 19:45:10 Node 3 executing on host: <192.168.0.108:9618?addrs=192.168.0.108-9618&alias=node108.di.rm1&noUDP&sock=startd_1979_0203>
...
014 (288375.000.001) 2025-01-28 19:45:10 Node 1 executing on host: <192.168.0.122:9618?addrs=192.168.0.122-9618&alias=node122.di.rm1&noUDP&sock=startd_2134_5331>
...
014 (288375.000.000) 2025-01-28 19:45:11 Node 0 executing on host: <192.168.0.112:9618?addrs=192.168.0.112-9618&alias=node112.di.rm1&noUDP&sock=startd_2169_5502>
...
014 (288375.000.005) 2025-01-28 19:45:11 Node 5 executing on host: <192.168.0.148:9618?addrs=192.168.0.148-9618&alias=node148.di.rm1&noUDP&sock=startd_1547_b119>
...
014 (288375.000.004) 2025-01-28 19:45:11 Node 4 executing on host: <192.168.0.112:9618?addrs=192.168.0.112-9618&alias=node112.di.rm1&noUDP&sock=startd_2169_5502>
...
014 (288375.000.007) 2025-01-28 19:45:11 Node 7 executing on host: <192.168.0.133:9618?addrs=192.168.0.133-9618&alias=node133.di.rm1&noUDP&sock=startd_1941_f16a>
...
014 (288375.000.006) 2025-01-28 19:45:11 Node 6 executing on host: <192.168.0.113:9618?addrs=192.168.0.113-9618&alias=node113.di.rm1&noUDP&sock=startd_3668932_c305>
...
001 (288375.000.000) 2025-01-28 19:45:11 Job executing on host: MPI_job
...
008 (288375.000.000) 2025-01-28 19:45:13 Launching orted on Node 2 of 8
...
008 (288375.000.000) 2025-01-28 19:45:13 Launching orted on Node 3 of 8
...
008 (288375.000.000) 2025-01-28 19:45:13 Launching orted on Node 1 of 8
...
008 (288375.000.000) 2025-01-28 19:45:13 Launching orted on Node 0 of 8
...
008 (288375.000.000) 2025-01-28 19:45:13 Launching orted on Node 4 of 8
...
008 (288375.000.000) 2025-01-28 19:45:13 Launching orted on Node 5 of 8
...
008 (288375.000.000) 2025-01-28 19:45:13 Launching orted on Node 7 of 8
...
008 (288375.000.000) 2025-01-28 19:45:13 Launching orted on Node 6 of 8
...
008 (288375.000.000) 2025-01-28 19:45:14 orted exited on Node 2 of 8
...
008 (288375.000.000) 2025-01-28 19:45:14 orted exited on Node 5 of 8
...
008 (288375.000.000) 2025-01-28 19:45:14 orted exited on Node 6 of 8
...
008 (288375.000.000) 2025-01-28 19:45:14 orted exited on Node 3 of 8
...
008 (288375.000.000) 2025-01-28 19:45:14 orted exited on Node 7 of 8
...
008 (288375.000.000) 2025-01-28 19:45:14 orted exited on Node 1 of 8
...
008 (288375.000.000) 2025-01-28 19:45:14 orted exited on Node 0 of 8
...
008 (288375.000.000) 2025-01-28 19:45:14 orted exited on Node 4 of 8
...
015 (288375.000.002) 2025-01-28 19:45:14 Node 2 terminated.
	(1) Normal termination (return value 0)
		Usr 0 00:00:00, Sys 0 00:00:00  -  Run Remote Usage
		Usr 0 00:00:00, Sys 0 00:00:00  -  Run Local Usage
		Usr 0 00:00:00, Sys 0 00:00:00  -  Total Remote Usage
		Usr 0 00:00:00, Sys 0 00:00:00  -  Total Local Usage
	2165  -  Run Bytes Sent By Node
	33631  -  Run Bytes Received By Node
	2165  -  Total Bytes Sent By Node
	33631  -  Total Bytes Received By Node
...
015 (288375.000.003) 2025-01-28 19:45:14 Node 3 terminated.
	(1) Normal termination (return value 0)
		Usr 0 00:00:01, Sys 0 00:00:00  -  Run Remote Usage
		Usr 0 00:00:00, Sys 0 00:00:00  -  Run Local Usage
		Usr 0 00:00:01, Sys 0 00:00:00  -  Total Remote Usage
		Usr 0 00:00:00, Sys 0 00:00:00  -  Total Local Usage
	2165  -  Run Bytes Sent By Node
	33631  -  Run Bytes Received By Node
	2165  -  Total Bytes Sent By Node
	33631  -  Total Bytes Received By Node
...
015 (288375.000.001) 2025-01-28 19:45:14 Node 1 terminated.
	(1) Normal termination (return value 0)
		Usr 0 00:00:01, Sys 0 00:00:00  -  Run Remote Usage
		Usr 0 00:00:00, Sys 0 00:00:00  -  Run Local Usage
		Usr 0 00:00:01, Sys 0 00:00:00  -  Total Remote Usage
		Usr 0 00:00:00, Sys 0 00:00:00  -  Total Local Usage
	2187  -  Run Bytes Sent By Node
	33631  -  Run Bytes Received By Node
	2187  -  Total Bytes Sent By Node
	33631  -  Total Bytes Received By Node
...
015 (288375.000.004) 2025-01-28 19:45:14 Node 4 terminated.
	(1) Normal termination (return value 0)
		Usr 0 00:00:01, Sys 0 00:00:00  -  Run Remote Usage
		Usr 0 00:00:00, Sys 0 00:00:00  -  Run Local Usage
		Usr 0 00:00:01, Sys 0 00:00:00  -  Total Remote Usage
		Usr 0 00:00:00, Sys 0 00:00:00  -  Total Local Usage
	22  -  Run Bytes Sent By Node
	33631  -  Run Bytes Received By Node
	22  -  Total Bytes Sent By Node
	33631  -  Total Bytes Received By Node
...
015 (288375.000.000) 2025-01-28 19:45:14 Node 0 terminated.
	(1) Normal termination (return value 0)
		Usr 0 00:00:00, Sys 0 00:00:00  -  Run Remote Usage
		Usr 0 00:00:00, Sys 0 00:00:00  -  Run Local Usage
		Usr 0 00:00:00, Sys 0 00:00:00  -  Total Remote Usage
		Usr 0 00:00:00, Sys 0 00:00:00  -  Total Local Usage
	3307  -  Run Bytes Sent By Node
	33631  -  Run Bytes Received By Node
	3307  -  Total Bytes Sent By Node
	33631  -  Total Bytes Received By Node
...
005 (288375.000.000) 2025-01-28 19:45:14 Job terminated.
	(1) Normal termination (return value 0)
		Usr 0 00:00:04, Sys 0 00:00:00  -  Run Remote Usage
		Usr 0 00:00:00, Sys 0 00:00:00  -  Run Local Usage
		Usr 0 00:00:00, Sys 0 00:00:00  -  Total Remote Usage
		Usr 0 00:00:00, Sys 0 00:00:00  -  Total Local Usage
	9846  -  Run Bytes Sent By Job
	269048  -  Run Bytes Received By Job
	9846  -  Total Bytes Sent By Job
	269048  -  Total Bytes Received By Job
	Partitionable Resources :    Usage  Request Allocated 
	   Cpus                 :                 1         2 
	   Disk (KB)            :       52       35 102912356 
	   GPUs                 :                           0 
	   Memory (MB)          :        0        0    100096 

	Job terminated of its own accord at 2025-01-28T19:45:14Z with exit-code 0.
...
