000 (289692.000.000) 2025-01-29 11:28:18 Job submitted from host: <192.168.0.102:9618?addrs=192.168.0.102-9618&alias=submitter&noUDP&sock=schedd_2032_5c88>
...
014 (289692.000.002) 2025-01-29 11:28:22 Node 2 executing on host: <192.168.0.106:9618?addrs=192.168.0.106-9618&alias=node106.di.rm1&noUDP&sock=startd_1970_d5a9>
...
014 (289692.000.000) 2025-01-29 11:28:22 Node 0 executing on host: <192.168.0.115:9618?addrs=192.168.0.115-9618&alias=node115.di.rm1&noUDP&sock=startd_1101621_f4a0>
...
014 (289692.000.003) 2025-01-29 11:28:22 Node 3 executing on host: <192.168.0.110:9618?addrs=192.168.0.110-9618&alias=node110.di.rm1&noUDP&sock=startd_2185_4e86>
...
014 (289692.000.001) 2025-01-29 11:28:22 Node 1 executing on host: <192.168.0.145:9618?addrs=192.168.0.145-9618&alias=node145.di.rm1&noUDP&sock=startd_1869_8e98>
...
001 (289692.000.000) 2025-01-29 11:28:22 Job executing on host: MPI_job
...
008 (289692.000.000) 2025-01-29 11:28:25 Launching orted on Node 2 of 4
...
008 (289692.000.000) 2025-01-29 11:28:25 Launching orted on Node 0 of 4
...
008 (289692.000.000) 2025-01-29 11:28:25 Launching orted on Node 3 of 4
...
008 (289692.000.000) 2025-01-29 11:28:25 Launching orted on Node 1 of 4
...
008 (289692.000.000) 2025-01-29 11:28:32 orted exited on Node 0 of 4
...
008 (289692.000.000) 2025-01-29 11:28:32 orted exited on Node 2 of 4
...
008 (289692.000.000) 2025-01-29 11:28:32 orted exited on Node 3 of 4
...
008 (289692.000.000) 2025-01-29 11:28:32 orted exited on Node 1 of 4
...
015 (289692.000.002) 2025-01-29 11:28:32 Node 2 terminated.
	(1) Normal termination (return value 0)
		Usr 0 00:00:12, Sys 0 00:00:01  -  Run Remote Usage
		Usr 0 00:00:00, Sys 0 00:00:00  -  Run Local Usage
		Usr 0 00:00:12, Sys 0 00:00:01  -  Total Remote Usage
		Usr 0 00:00:00, Sys 0 00:00:00  -  Total Local Usage
	2341  -  Run Bytes Sent By Node
	33791  -  Run Bytes Received By Node
	2341  -  Total Bytes Sent By Node
	33791  -  Total Bytes Received By Node
...
015 (289692.000.000) 2025-01-29 11:28:32 Node 0 terminated.
	(1) Normal termination (return value 0)
		Usr 0 00:00:11, Sys 0 00:00:01  -  Run Remote Usage
		Usr 0 00:00:00, Sys 0 00:00:00  -  Run Local Usage
		Usr 0 00:00:11, Sys 0 00:00:01  -  Total Remote Usage
		Usr 0 00:00:00, Sys 0 00:00:00  -  Total Local Usage
	3431  -  Run Bytes Sent By Node
	33791  -  Run Bytes Received By Node
	3431  -  Total Bytes Sent By Node
	33791  -  Total Bytes Received By Node
...
005 (289692.000.000) 2025-01-29 11:28:32 Job terminated.
	(1) Normal termination (return value 0)
		Usr 0 00:00:49, Sys 0 00:00:05  -  Run Remote Usage
		Usr 0 00:00:00, Sys 0 00:00:00  -  Run Local Usage
		Usr 0 00:00:01, Sys 0 00:00:01  -  Total Remote Usage
		Usr 0 00:00:00, Sys 0 00:00:00  -  Total Local Usage
	5772  -  Run Bytes Sent By Job
	135164  -  Run Bytes Received By Job
	5772  -  Total Bytes Sent By Job
	135164  -  Total Bytes Received By Job
	Partitionable Resources :    Usage  Request Allocated 
	   Cpus                 :                 2         2 
	   Disk (KB)            :       51       35 103010115 
	   Memory (MB)          :      516      559    100096 

	Job terminated of its own accord at 2025-01-29T11:28:32Z with exit-code 0.
...
