000 (263403.000.000) 2025-01-17 11:20:49 Job submitted from host: <192.168.0.102:9618?addrs=192.168.0.102-9618&alias=submitter&noUDP&sock=schedd_2032_5c88>
...
001 (263403.000.000) 2025-01-17 11:20:54 Job executing on host: <192.168.0.138:9618?addrs=192.168.0.138-9618&alias=node138.di.rm1&noUDP&sock=startd_2998744_89a3>
...
006 (263403.000.000) 2025-01-17 11:21:03 Image size of job updated: 395524
	384  -  MemoryUsage of job (MB)
	392700  -  ResidentSetSize of job (KB)
...
006 (263403.000.000) 2025-01-17 11:26:19 Image size of job updated: 7109536
	6712  -  MemoryUsage of job (MB)
	6872324  -  ResidentSetSize of job (KB)
...
006 (263403.000.000) 2025-01-17 11:29:02 Image size of job updated: 7754920
	6719  -  MemoryUsage of job (MB)
	6879848  -  ResidentSetSize of job (KB)
...
005 (263403.000.000) 2025-01-17 11:29:02 Job terminated.
	(0) Abnormal termination (signal 9)
	(0) No core file
		Usr 0 00:03:14, Sys 0 00:02:18  -  Run Remote Usage
		Usr 0 00:00:00, Sys 0 00:00:00  -  Run Local Usage
		Usr 0 00:03:14, Sys 0 00:02:18  -  Total Remote Usage
		Usr 0 00:00:00, Sys 0 00:00:00  -  Total Local Usage
	0  -  Run Bytes Sent By Job
	0  -  Run Bytes Received By Job
	0  -  Total Bytes Sent By Job
	0  -  Total Bytes Received By Job
	Partitionable Resources :    Usage  Request Allocated 
	   Cpus                 :     0.70        1         1 
	   Disk (KB)            :    27          27    474244 
	   Memory (MB)          :  6719           1       128 

	Job terminated of its own accord at 2025-01-17T11:29:02Z with signal 9.
...
