000 (262869.000.000) 2025-01-17 11:14:22 Job submitted from host: <192.168.0.102:9618?addrs=192.168.0.102-9618&alias=submitter&noUDP&sock=schedd_2032_5c88>
...
001 (262869.000.000) 2025-01-17 11:14:34 Job executing on host: <192.168.0.104:9618?addrs=192.168.0.104-9618&alias=node104.di.rm1&noUDP&sock=startd_1987_7ec5>
...
006 (262869.000.000) 2025-01-17 11:14:44 Image size of job updated: 860816
	813  -  MemoryUsage of job (MB)
	832128  -  ResidentSetSize of job (KB)
...
006 (262869.000.000) 2025-01-17 11:19:43 Image size of job updated: 28554372
	27886  -  MemoryUsage of job (MB)
	28554372  -  ResidentSetSize of job (KB)
...
006 (262869.000.000) 2025-01-17 11:20:13 Image size of job updated: 31106592
	27886  -  MemoryUsage of job (MB)
	28554372  -  ResidentSetSize of job (KB)
...
004 (262869.000.000) 2025-01-17 11:20:13 Job was evicted.
	(0) CPU times
		Usr 0 00:05:27, Sys 0 00:00:10  -  Run Remote Usage
		Usr 0 00:00:00, Sys 0 00:00:00  -  Run Local Usage
	0  -  Run Bytes Sent By Job
	0  -  Run Bytes Received By Job
	Partitionable Resources :    Usage  Request Allocated 
	   Cpus                 :     1.00        1         1 
	   Disk (KB)            :    27          27    465175 
	   Memory (MB)          : 27886           1       128 
...
009 (262869.000.000) 2025-01-17 11:20:13 Job was aborted.
	via condor_rm (by user calzona_2046920)
...
