000 (271539.000.000) 2025-01-22 01:09:04 Job submitted from host: <192.168.0.102:9618?addrs=192.168.0.102-9618&alias=submitter&noUDP&sock=schedd_2032_5c88>
...
001 (271539.000.000) 2025-01-22 01:09:17 Job executing on host: <192.168.0.110:9618?addrs=192.168.0.110-9618&alias=node110.di.rm1&noUDP&sock=startd_2185_4e86>
...
006 (271539.000.000) 2025-01-22 01:09:26 Image size of job updated: 438504
	429  -  MemoryUsage of job (MB)
	438504  -  ResidentSetSize of job (KB)
...
006 (271539.000.000) 2025-01-22 01:10:01 Image size of job updated: 2051940
	429  -  MemoryUsage of job (MB)
	438768  -  ResidentSetSize of job (KB)
...
005 (271539.000.000) 2025-01-22 01:10:01 Job terminated.
	(1) Normal termination (return value 0)
		Usr 0 00:00:45, Sys 0 00:00:03  -  Run Remote Usage
		Usr 0 00:00:00, Sys 0 00:00:00  -  Run Local Usage
		Usr 0 00:00:45, Sys 0 00:00:03  -  Total Remote Usage
		Usr 0 00:00:00, Sys 0 00:00:00  -  Total Local Usage
	0  -  Run Bytes Sent By Job
	0  -  Run Bytes Received By Job
	0  -  Total Bytes Sent By Job
	0  -  Total Bytes Received By Job
	Partitionable Resources :    Usage  Request Allocated 
	   Cpus                 :                 1         1 
	   Disk (KB)            :       27       27    468087 
	   Gpus (Average)       :                 0         0 
	   Memory (MB)          :      429        1       128 

	Job terminated of its own accord at 2025-01-22T01:10:01Z with exit-code 0.
...
