000 (263289.000.000) 2025-01-17 11:20:46 Job submitted from host: <192.168.0.102:9618?addrs=192.168.0.102-9618&alias=submitter&noUDP&sock=schedd_2032_5c88>
...
001 (263289.000.000) 2025-01-17 11:20:55 Job executing on host: <192.168.0.139:9618?addrs=192.168.0.139-9618&alias=node139.di.rm1&noUDP&sock=startd_1966_1748>
...
006 (263289.000.000) 2025-01-17 11:21:03 Image size of job updated: 1451844
	417  -  MemoryUsage of job (MB)
	426360  -  ResidentSetSize of job (KB)
...
006 (263289.000.000) 2025-01-17 11:27:15 Image size of job updated: 8062112
	6606  -  MemoryUsage of job (MB)
	6763524  -  ResidentSetSize of job (KB)
...
006 (263289.000.000) 2025-01-17 11:30:32 Image size of job updated: 8546612
	6607  -  MemoryUsage of job (MB)
	6765108  -  ResidentSetSize of job (KB)
...
005 (263289.000.000) 2025-01-17 11:30:32 Job terminated.
	(0) Abnormal termination (signal 9)
	(0) No core file
		Usr 0 00:03:13, Sys 0 00:02:33  -  Run Remote Usage
		Usr 0 00:00:00, Sys 0 00:00:00  -  Run Local Usage
		Usr 0 00:03:13, Sys 0 00:02:33  -  Total Remote Usage
		Usr 0 00:00:00, Sys 0 00:00:00  -  Total Local Usage
	0  -  Run Bytes Sent By Job
	0  -  Run Bytes Received By Job
	0  -  Total Bytes Sent By Job
	0  -  Total Bytes Received By Job
	Partitionable Resources :    Usage  Request Allocated 
	   Cpus                 :     0.48        1         1 
	   Disk (KB)            :    27          27    460637 
	   Memory (MB)          :  6607           1       128 

	Job terminated of its own accord at 2025-01-17T11:30:32Z with signal 9.
...
