000 (295609.000.000) 2025-01-31 02:34:09 Job submitted from host: <192.168.0.102:9618?addrs=192.168.0.102-9618&alias=submitter&noUDP&sock=schedd_4045053_7bc0>
...
014 (295609.000.002) 2025-01-31 02:34:16 Node 2 executing on host: <192.168.0.133:9618?addrs=192.168.0.133-9618&alias=node133.di.rm1&noUDP&sock=startd_1941_f16a>
...
014 (295609.000.000) 2025-01-31 02:34:17 Node 0 executing on host: <192.168.0.142:9618?addrs=192.168.0.142-9618&alias=node142.di.rm1&noUDP&sock=startd_1996_ab1f>
...
014 (295609.000.001) 2025-01-31 02:34:17 Node 1 executing on host: <192.168.0.151:9618?addrs=192.168.0.151-9618&alias=node151.di.rm1&noUDP&sock=startd_1528_a8cd>
...
014 (295609.000.003) 2025-01-31 02:34:17 Node 3 executing on host: <192.168.0.132:9618?addrs=192.168.0.132-9618&alias=node132.di.rm1&noUDP&sock=startd_1999_b9e8>
...
014 (295609.000.004) 2025-01-31 02:34:17 Node 4 executing on host: <192.168.0.147:9618?addrs=192.168.0.147-9618&alias=node147.di.rm1&noUDP&sock=startd_1513_5ee1>
...
014 (295609.000.005) 2025-01-31 02:34:17 Node 5 executing on host: <192.168.0.112:9618?addrs=192.168.0.112-9618&alias=node112.di.rm1&noUDP&sock=startd_2169_5502>
...
014 (295609.000.006) 2025-01-31 02:34:17 Node 6 executing on host: <192.168.0.151:9618?addrs=192.168.0.151-9618&alias=node151.di.rm1&noUDP&sock=startd_1528_a8cd>
...
014 (295609.000.007) 2025-01-31 02:34:17 Node 7 executing on host: <192.168.0.113:9618?addrs=192.168.0.113-9618&alias=node113.di.rm1&noUDP&sock=startd_3668932_c305>
...
001 (295609.000.000) 2025-01-31 02:34:17 Job executing on host: MPI_job
...
008 (295609.000.000) 2025-01-31 02:34:19 Launching orted on Node 2 of 8
...
008 (295609.000.000) 2025-01-31 02:34:19 Launching orted on Node 4 of 8
...
008 (295609.000.000) 2025-01-31 02:34:19 Launching orted on Node 7 of 8
...
008 (295609.000.000) 2025-01-31 02:34:19 Launching orted on Node 5 of 8
...
008 (295609.000.000) 2025-01-31 02:34:19 Launching orted on Node 3 of 8
...
008 (295609.000.000) 2025-01-31 02:34:20 Launching orted on Node 6 of 8
...
008 (295609.000.000) 2025-01-31 02:34:20 Launching orted on Node 1 of 8
...
008 (295609.000.000) 2025-01-31 02:34:20 Launching orted on Node 0 of 8
...
008 (295609.000.000) 2025-01-31 02:34:51 orted exited on Node 6 of 8
...
008 (295609.000.000) 2025-01-31 02:34:51 orted exited on Node 1 of 8
...
008 (295609.000.000) 2025-01-31 02:34:51 orted exited on Node 3 of 8
...
008 (295609.000.000) 2025-01-31 02:34:51 orted exited on Node 4 of 8
...
008 (295609.000.000) 2025-01-31 02:34:51 orted exited on Node 5 of 8
...
008 (295609.000.000) 2025-01-31 02:34:51 orted exited on Node 2 of 8
...
008 (295609.000.000) 2025-01-31 02:34:51 orted exited on Node 0 of 8
...
008 (295609.000.000) 2025-01-31 02:34:51 orted exited on Node 7 of 8
...
015 (295609.000.004) 2025-01-31 02:34:51 Node 4 terminated.
	(1) Normal termination (return value 0)
		Usr 0 00:00:40, Sys 0 00:00:03  -  Run Remote Usage
		Usr 0 00:00:00, Sys 0 00:00:00  -  Run Local Usage
		Usr 0 00:00:40, Sys 0 00:00:03  -  Total Remote Usage
		Usr 0 00:00:00, Sys 0 00:00:00  -  Total Local Usage
	2333  -  Run Bytes Sent By Node
	33831  -  Run Bytes Received By Node
	2333  -  Total Bytes Sent By Node
	33831  -  Total Bytes Received By Node
...
015 (295609.000.002) 2025-01-31 02:34:51 Node 2 terminated.
	(1) Normal termination (return value 0)
		Usr 0 00:00:40, Sys 0 00:00:03  -  Run Remote Usage
		Usr 0 00:00:00, Sys 0 00:00:00  -  Run Local Usage
		Usr 0 00:00:40, Sys 0 00:00:03  -  Total Remote Usage
		Usr 0 00:00:00, Sys 0 00:00:00  -  Total Local Usage
	2333  -  Run Bytes Sent By Node
	33831  -  Run Bytes Received By Node
	2333  -  Total Bytes Sent By Node
	33831  -  Total Bytes Received By Node
...
015 (295609.000.005) 2025-01-31 02:34:51 Node 5 terminated.
	(1) Normal termination (return value 0)
		Usr 0 00:00:41, Sys 0 00:00:03  -  Run Remote Usage
		Usr 0 00:00:00, Sys 0 00:00:00  -  Run Local Usage
		Usr 0 00:00:41, Sys 0 00:00:03  -  Total Remote Usage
		Usr 0 00:00:00, Sys 0 00:00:00  -  Total Local Usage
	2355  -  Run Bytes Sent By Node
	33831  -  Run Bytes Received By Node
	2355  -  Total Bytes Sent By Node
	33831  -  Total Bytes Received By Node
...
015 (295609.000.003) 2025-01-31 02:34:51 Node 3 terminated.
	(1) Normal termination (return value 0)
		Usr 0 00:00:41, Sys 0 00:00:03  -  Run Remote Usage
		Usr 0 00:00:00, Sys 0 00:00:00  -  Run Local Usage
		Usr 0 00:00:41, Sys 0 00:00:03  -  Total Remote Usage
		Usr 0 00:00:00, Sys 0 00:00:00  -  Total Local Usage
	2333  -  Run Bytes Sent By Node
	33831  -  Run Bytes Received By Node
	2333  -  Total Bytes Sent By Node
	33831  -  Total Bytes Received By Node
...
015 (295609.000.007) 2025-01-31 02:34:51 Node 7 terminated.
	(1) Normal termination (return value 0)
		Usr 0 00:00:41, Sys 0 00:00:03  -  Run Remote Usage
		Usr 0 00:00:00, Sys 0 00:00:00  -  Run Local Usage
		Usr 0 00:00:41, Sys 0 00:00:03  -  Total Remote Usage
		Usr 0 00:00:00, Sys 0 00:00:00  -  Total Local Usage
	2355  -  Run Bytes Sent By Node
	33831  -  Run Bytes Received By Node
	2355  -  Total Bytes Sent By Node
	33831  -  Total Bytes Received By Node
...
015 (295609.000.001) 2025-01-31 02:34:51 Node 1 terminated.
	(1) Normal termination (return value 0)
		Usr 0 00:00:41, Sys 0 00:00:03  -  Run Remote Usage
		Usr 0 00:00:00, Sys 0 00:00:00  -  Run Local Usage
		Usr 0 00:00:41, Sys 0 00:00:03  -  Total Remote Usage
		Usr 0 00:00:00, Sys 0 00:00:00  -  Total Local Usage
	2333  -  Run Bytes Sent By Node
	33831  -  Run Bytes Received By Node
	2333  -  Total Bytes Sent By Node
	33831  -  Total Bytes Received By Node
...
015 (295609.000.006) 2025-01-31 02:34:51 Node 6 terminated.
	(1) Normal termination (return value 0)
		Usr 0 00:00:40, Sys 0 00:00:03  -  Run Remote Usage
		Usr 0 00:00:00, Sys 0 00:00:00  -  Run Local Usage
		Usr 0 00:00:40, Sys 0 00:00:03  -  Total Remote Usage
		Usr 0 00:00:00, Sys 0 00:00:00  -  Total Local Usage
	2333  -  Run Bytes Sent By Node
	33831  -  Run Bytes Received By Node
	2333  -  Total Bytes Sent By Node
	33831  -  Total Bytes Received By Node
...
015 (295609.000.000) 2025-01-31 02:34:51 Node 0 terminated.
	(1) Normal termination (return value 0)
		Usr 0 00:00:00, Sys 0 00:00:01  -  Run Remote Usage
		Usr 0 00:00:00, Sys 0 00:00:00  -  Run Local Usage
		Usr 0 00:00:00, Sys 0 00:00:01  -  Total Remote Usage
		Usr 0 00:00:00, Sys 0 00:00:00  -  Total Local Usage
	3895  -  Run Bytes Sent By Node
	33831  -  Run Bytes Received By Node
	3895  -  Total Bytes Sent By Node
	33831  -  Total Bytes Received By Node
...
005 (295609.000.000) 2025-01-31 02:34:51 Job terminated.
	(1) Normal termination (return value 0)
		Usr 0 00:04:44, Sys 0 00:00:22  -  Run Remote Usage
		Usr 0 00:00:00, Sys 0 00:00:00  -  Run Local Usage
		Usr 0 00:00:00, Sys 0 00:00:01  -  Total Remote Usage
		Usr 0 00:00:00, Sys 0 00:00:00  -  Total Local Usage
	20270  -  Run Bytes Sent By Job
	270648  -  Run Bytes Received By Job
	20270  -  Total Bytes Sent By Job
	270648  -  Total Bytes Received By Job
	Partitionable Resources :    Usage  Request Allocated 
	   Cpus                 :     0.01        1         2 
	   Disk (KB)            :    58          35 103011620 
	   Memory (MB)          :   263         254    100096 

	Job terminated of its own accord at 2025-01-31T02:34:51Z with exit-code 0.
...
