000 (263504.000.000) 2025-01-17 11:20:56 Job submitted from host: <192.168.0.102:9618?addrs=192.168.0.102-9618&alias=submitter&noUDP&sock=schedd_2032_5c88>
...
001 (263504.000.000) 2025-01-17 11:20:59 Job executing on host: <192.168.0.143:9618?addrs=192.168.0.143-9618&alias=node143.di.rm1&noUDP&sock=startd_2061_40c7>
...
006 (263504.000.000) 2025-01-17 11:21:07 Image size of job updated: 1367724
	406  -  MemoryUsage of job (MB)
	415404  -  ResidentSetSize of job (KB)
...
006 (263504.000.000) 2025-01-17 11:26:07 Image size of job updated: 11038836
	10053  -  MemoryUsage of job (MB)
	10293492  -  ResidentSetSize of job (KB)
...
006 (263504.000.000) 2025-01-17 11:31:08 Image size of job updated: 20383644
	19600  -  MemoryUsage of job (MB)
	20070072  -  ResidentSetSize of job (KB)
...
006 (263504.000.000) 2025-01-17 11:33:20 Image size of job updated: 25111620
	19600  -  MemoryUsage of job (MB)
	20070072  -  ResidentSetSize of job (KB)
...
004 (263504.000.000) 2025-01-17 11:33:20 Job was evicted.
	(0) CPU times
		Usr 0 00:10:32, Sys 0 00:00:17  -  Run Remote Usage
		Usr 0 00:00:00, Sys 0 00:00:00  -  Run Local Usage
	0  -  Run Bytes Sent By Job
	0  -  Run Bytes Received By Job
	Partitionable Resources :    Usage  Request Allocated 
	   Cpus                 :     0.89        1         1 
	   Disk (KB)            :    27          27    459633 
	   Memory (MB)          : 19600           1       128 
...
009 (263504.000.000) 2025-01-17 11:33:20 Job was aborted.
	via condor_rm (by user calzona_2046920)
...
