000 (281176.000.000) 2025-01-25 19:19:21 Job submitted from host: <192.168.0.102:9618?addrs=192.168.0.102-9618&alias=submitter&noUDP&sock=schedd_2032_5c88>
...
014 (281176.000.003) 2025-01-25 19:19:29 Node 3 executing on host: <192.168.0.121:9618?addrs=192.168.0.121-9618&alias=node121.di.rm1&noUDP&sock=startd_2146_8e54>
...
014 (281176.000.001) 2025-01-25 19:19:29 Node 1 executing on host: <192.168.0.141:9618?addrs=192.168.0.141-9618&alias=node141.di.rm1&noUDP&sock=startd_2077_3a4b>
...
014 (281176.000.002) 2025-01-25 19:19:29 Node 2 executing on host: <192.168.0.135:9618?addrs=192.168.0.135-9618&alias=node135.di.rm1&noUDP&sock=startd_2000_6980>
...
014 (281176.000.004) 2025-01-25 19:19:29 Node 4 executing on host: <192.168.0.114:9618?addrs=192.168.0.114-9618&alias=node114.di.rm1&noUDP&sock=startd_2075_db1b>
...
014 (281176.000.005) 2025-01-25 19:19:29 Node 5 executing on host: <192.168.0.130:9618?addrs=192.168.0.130-9618&alias=node130.di.rm1&noUDP&sock=startd_2751195_838e>
...
014 (281176.000.007) 2025-01-25 19:19:29 Node 7 executing on host: <192.168.0.106:9618?addrs=192.168.0.106-9618&alias=node106.di.rm1&noUDP&sock=startd_1970_d5a9>
...
014 (281176.000.000) 2025-01-25 19:19:29 Node 0 executing on host: <192.168.0.143:9618?addrs=192.168.0.143-9618&alias=node143.di.rm1&noUDP&sock=startd_2061_40c7>
...
014 (281176.000.006) 2025-01-25 19:19:29 Node 6 executing on host: <192.168.0.143:9618?addrs=192.168.0.143-9618&alias=node143.di.rm1&noUDP&sock=startd_2061_40c7>
...
001 (281176.000.000) 2025-01-25 19:19:29 Job executing on host: MPI_job
...
008 (281176.000.000) 2025-01-25 19:19:31 Launching orted on Node 5 of 8
...
008 (281176.000.000) 2025-01-25 19:19:31 Launching orted on Node 3 of 8
...
008 (281176.000.000) 2025-01-25 19:19:31 Launching orted on Node 7 of 8
...
008 (281176.000.000) 2025-01-25 19:19:31 Launching orted on Node 2 of 8
...
008 (281176.000.000) 2025-01-25 19:19:31 Launching orted on Node 1 of 8
...
008 (281176.000.000) 2025-01-25 19:19:31 Launching orted on Node 4 of 8
...
008 (281176.000.000) 2025-01-25 19:19:31 Launching orted on Node 0 of 8
...
008 (281176.000.000) 2025-01-25 19:19:31 Launching orted on Node 6 of 8
...
008 (281176.000.000) 2025-01-25 19:19:32 orted exited on Node 2 of 8
...
008 (281176.000.000) 2025-01-25 19:19:32 orted exited on Node 5 of 8
...
008 (281176.000.000) 2025-01-25 19:19:32 orted exited on Node 1 of 8
...
008 (281176.000.000) 2025-01-25 19:19:32 orted exited on Node 3 of 8
...
008 (281176.000.000) 2025-01-25 19:19:32 orted exited on Node 7 of 8
...
008 (281176.000.000) 2025-01-25 19:19:32 orted exited on Node 6 of 8
...
008 (281176.000.000) 2025-01-25 19:19:32 orted exited on Node 4 of 8
...
008 (281176.000.000) 2025-01-25 19:19:32 orted exited on Node 0 of 8
...
015 (281176.000.005) 2025-01-25 19:19:32 Node 5 terminated.
	(1) Normal termination (return value 0)
		Usr 0 00:00:01, Sys 0 00:00:00  -  Run Remote Usage
		Usr 0 00:00:00, Sys 0 00:00:00  -  Run Local Usage
		Usr 0 00:00:01, Sys 0 00:00:00  -  Total Remote Usage
		Usr 0 00:00:00, Sys 0 00:00:00  -  Total Local Usage
	2165  -  Run Bytes Sent By Node
	33639  -  Run Bytes Received By Node
	2165  -  Total Bytes Sent By Node
	33639  -  Total Bytes Received By Node
...
015 (281176.000.003) 2025-01-25 19:19:32 Node 3 terminated.
	(1) Normal termination (return value 0)
		Usr 0 00:00:00, Sys 0 00:00:00  -  Run Remote Usage
		Usr 0 00:00:00, Sys 0 00:00:00  -  Run Local Usage
		Usr 0 00:00:00, Sys 0 00:00:00  -  Total Remote Usage
		Usr 0 00:00:00, Sys 0 00:00:00  -  Total Local Usage
	2165  -  Run Bytes Sent By Node
	33639  -  Run Bytes Received By Node
	2165  -  Total Bytes Sent By Node
	33639  -  Total Bytes Received By Node
...
015 (281176.000.007) 2025-01-25 19:19:32 Node 7 terminated.
	(1) Normal termination (return value 0)
		Usr 0 00:00:00, Sys 0 00:00:00  -  Run Remote Usage
		Usr 0 00:00:00, Sys 0 00:00:00  -  Run Local Usage
		Usr 0 00:00:00, Sys 0 00:00:00  -  Total Remote Usage
		Usr 0 00:00:00, Sys 0 00:00:00  -  Total Local Usage
	2165  -  Run Bytes Sent By Node
	33639  -  Run Bytes Received By Node
	2165  -  Total Bytes Sent By Node
	33639  -  Total Bytes Received By Node
...
015 (281176.000.004) 2025-01-25 19:19:32 Node 4 terminated.
	(1) Normal termination (return value 0)
		Usr 0 00:00:00, Sys 0 00:00:00  -  Run Remote Usage
		Usr 0 00:00:00, Sys 0 00:00:00  -  Run Local Usage
		Usr 0 00:00:00, Sys 0 00:00:00  -  Total Remote Usage
		Usr 0 00:00:00, Sys 0 00:00:00  -  Total Local Usage
	2165  -  Run Bytes Sent By Node
	33639  -  Run Bytes Received By Node
	2165  -  Total Bytes Sent By Node
	33639  -  Total Bytes Received By Node
...
015 (281176.000.001) 2025-01-25 19:19:32 Node 1 terminated.
	(1) Normal termination (return value 0)
		Usr 0 00:00:00, Sys 0 00:00:00  -  Run Remote Usage
		Usr 0 00:00:00, Sys 0 00:00:00  -  Run Local Usage
		Usr 0 00:00:00, Sys 0 00:00:00  -  Total Remote Usage
		Usr 0 00:00:00, Sys 0 00:00:00  -  Total Local Usage
	2165  -  Run Bytes Sent By Node
	33639  -  Run Bytes Received By Node
	2165  -  Total Bytes Sent By Node
	33639  -  Total Bytes Received By Node
...
015 (281176.000.002) 2025-01-25 19:19:32 Node 2 terminated.
	(1) Normal termination (return value 0)
		Usr 0 00:00:00, Sys 0 00:00:00  -  Run Remote Usage
		Usr 0 00:00:00, Sys 0 00:00:00  -  Run Local Usage
		Usr 0 00:00:00, Sys 0 00:00:00  -  Total Remote Usage
		Usr 0 00:00:00, Sys 0 00:00:00  -  Total Local Usage
	2165  -  Run Bytes Sent By Node
	33639  -  Run Bytes Received By Node
	2165  -  Total Bytes Sent By Node
	33639  -  Total Bytes Received By Node
...
015 (281176.000.006) 2025-01-25 19:19:32 Node 6 terminated.
	(1) Normal termination (return value 0)
		Usr 0 00:00:00, Sys 0 00:00:00  -  Run Remote Usage
		Usr 0 00:00:00, Sys 0 00:00:00  -  Run Local Usage
		Usr 0 00:00:00, Sys 0 00:00:00  -  Total Remote Usage
		Usr 0 00:00:00, Sys 0 00:00:00  -  Total Local Usage
	0  -  Run Bytes Sent By Node
	33639  -  Run Bytes Received By Node
	0  -  Total Bytes Sent By Node
	33639  -  Total Bytes Received By Node
...
015 (281176.000.000) 2025-01-25 19:19:32 Node 0 terminated.
	(1) Normal termination (return value 0)
		Usr 0 00:00:00, Sys 0 00:00:00  -  Run Remote Usage
		Usr 0 00:00:00, Sys 0 00:00:00  -  Run Local Usage
		Usr 0 00:00:00, Sys 0 00:00:00  -  Total Remote Usage
		Usr 0 00:00:00, Sys 0 00:00:00  -  Total Local Usage
	3263  -  Run Bytes Sent By Node
	33639  -  Run Bytes Received By Node
	3263  -  Total Bytes Sent By Node
	33639  -  Total Bytes Received By Node
...
005 (281176.000.000) 2025-01-25 19:19:33 Job terminated.
	(1) Normal termination (return value 0)
		Usr 0 00:00:01, Sys 0 00:00:00  -  Run Remote Usage
		Usr 0 00:00:00, Sys 0 00:00:00  -  Run Local Usage
		Usr 0 00:00:00, Sys 0 00:00:00  -  Total Remote Usage
		Usr 0 00:00:00, Sys 0 00:00:00  -  Total Local Usage
	16253  -  Run Bytes Sent By Job
	269112  -  Run Bytes Received By Job
	16253  -  Total Bytes Sent By Job
	269112  -  Total Bytes Received By Job
	Partitionable Resources :    Usage  Request Allocated 
	   Cpus                 :                 1         1 
	   Disk (KB)            :       50       35    459633 
	   Memory (MB)          :        0        0     40960 

	Job terminated of its own accord at 2025-01-25T19:19:32Z with exit-code 0.
...
000 (288383.000.000) 2025-01-28 19:45:18 Job submitted from host: <192.168.0.102:9618?addrs=192.168.0.102-9618&alias=submitter&noUDP&sock=schedd_2032_5c88>
...
014 (288383.000.007) 2025-01-28 19:45:22 Node 7 executing on host: <192.168.0.106:9618?addrs=192.168.0.106-9618&alias=node106.di.rm1&noUDP&sock=startd_1970_d5a9>
...
014 (288383.000.004) 2025-01-28 19:45:22 Node 4 executing on host: <192.168.0.120:9618?addrs=192.168.0.120-9618&alias=node120.di.rm1&noUDP&sock=startd_2096_4298>
...
014 (288383.000.006) 2025-01-28 19:45:22 Node 6 executing on host: <192.168.0.130:9618?addrs=192.168.0.130-9618&alias=node130.di.rm1&noUDP&sock=startd_2751195_838e>
...
014 (288383.000.003) 2025-01-28 19:45:22 Node 3 executing on host: <192.168.0.115:9618?addrs=192.168.0.115-9618&alias=node115.di.rm1&noUDP&sock=startd_1101621_f4a0>
...
014 (288383.000.000) 2025-01-28 19:45:22 Node 0 executing on host: <192.168.0.149:9618?addrs=192.168.0.149-9618&alias=node149.di.rm1&noUDP&sock=startd_1551_6f7a>
...
014 (288383.000.002) 2025-01-28 19:45:22 Node 2 executing on host: <192.168.0.105:9618?addrs=192.168.0.105-9618&alias=node105.di.rm1&noUDP&sock=startd_1951_cd5c>
...
014 (288383.000.005) 2025-01-28 19:45:22 Node 5 executing on host: <192.168.0.135:9618?addrs=192.168.0.135-9618&alias=node135.di.rm1&noUDP&sock=startd_2000_6980>
...
014 (288383.000.001) 2025-01-28 19:45:22 Node 1 executing on host: <192.168.0.123:9618?addrs=192.168.0.123-9618&alias=node123.di.rm1&noUDP&sock=startd_2149_9d1d>
...
001 (288383.000.000) 2025-01-28 19:45:22 Job executing on host: MPI_job
...
008 (288383.000.000) 2025-01-28 19:45:24 Launching orted on Node 7 of 8
...
008 (288383.000.000) 2025-01-28 19:45:24 Launching orted on Node 6 of 8
...
008 (288383.000.000) 2025-01-28 19:45:24 Launching orted on Node 4 of 8
...
008 (288383.000.000) 2025-01-28 19:45:24 Launching orted on Node 3 of 8
...
008 (288383.000.000) 2025-01-28 19:45:24 Launching orted on Node 0 of 8
...
008 (288383.000.000) 2025-01-28 19:45:24 Launching orted on Node 2 of 8
...
008 (288383.000.000) 2025-01-28 19:45:24 Launching orted on Node 5 of 8
...
008 (288383.000.000) 2025-01-28 19:45:24 Launching orted on Node 1 of 8
...
008 (288383.000.000) 2025-01-28 19:45:25 orted exited on Node 4 of 8
...
008 (288383.000.000) 2025-01-28 19:45:25 orted exited on Node 5 of 8
...
008 (288383.000.000) 2025-01-28 19:45:25 orted exited on Node 1 of 8
...
008 (288383.000.000) 2025-01-28 19:45:25 orted exited on Node 2 of 8
...
008 (288383.000.000) 2025-01-28 19:45:25 orted exited on Node 3 of 8
...
008 (288383.000.000) 2025-01-28 19:45:25 orted exited on Node 6 of 8
...
008 (288383.000.000) 2025-01-28 19:45:25 orted exited on Node 7 of 8
...
008 (288383.000.000) 2025-01-28 19:45:25 orted exited on Node 0 of 8
...
015 (288383.000.006) 2025-01-28 19:45:25 Node 6 terminated.
	(1) Normal termination (return value 0)
		Usr 0 00:00:00, Sys 0 00:00:00  -  Run Remote Usage
		Usr 0 00:00:00, Sys 0 00:00:00  -  Run Local Usage
		Usr 0 00:00:00, Sys 0 00:00:00  -  Total Remote Usage
		Usr 0 00:00:00, Sys 0 00:00:00  -  Total Local Usage
	2165  -  Run Bytes Sent By Node
	33631  -  Run Bytes Received By Node
	2165  -  Total Bytes Sent By Node
	33631  -  Total Bytes Received By Node
...
015 (288383.000.004) 2025-01-28 19:45:25 Node 4 terminated.
	(1) Normal termination (return value 0)
		Usr 0 00:00:00, Sys 0 00:00:00  -  Run Remote Usage
		Usr 0 00:00:00, Sys 0 00:00:00  -  Run Local Usage
		Usr 0 00:00:00, Sys 0 00:00:00  -  Total Remote Usage
		Usr 0 00:00:00, Sys 0 00:00:00  -  Total Local Usage
	2187  -  Run Bytes Sent By Node
	33631  -  Run Bytes Received By Node
	2187  -  Total Bytes Sent By Node
	33631  -  Total Bytes Received By Node
...
015 (288383.000.007) 2025-01-28 19:45:25 Node 7 terminated.
	(1) Normal termination (return value 0)
		Usr 0 00:00:00, Sys 0 00:00:00  -  Run Remote Usage
		Usr 0 00:00:00, Sys 0 00:00:00  -  Run Local Usage
		Usr 0 00:00:00, Sys 0 00:00:00  -  Total Remote Usage
		Usr 0 00:00:00, Sys 0 00:00:00  -  Total Local Usage
	2165  -  Run Bytes Sent By Node
	33631  -  Run Bytes Received By Node
	2165  -  Total Bytes Sent By Node
	33631  -  Total Bytes Received By Node
...
015 (288383.000.003) 2025-01-28 19:45:25 Node 3 terminated.
	(1) Normal termination (return value 0)
		Usr 0 00:00:00, Sys 0 00:00:00  -  Run Remote Usage
		Usr 0 00:00:00, Sys 0 00:00:00  -  Run Local Usage
		Usr 0 00:00:00, Sys 0 00:00:00  -  Total Remote Usage
		Usr 0 00:00:00, Sys 0 00:00:00  -  Total Local Usage
	2165  -  Run Bytes Sent By Node
	33631  -  Run Bytes Received By Node
	2165  -  Total Bytes Sent By Node
	33631  -  Total Bytes Received By Node
...
015 (288383.000.000) 2025-01-28 19:45:25 Node 0 terminated.
	(1) Normal termination (return value 0)
		Usr 0 00:00:00, Sys 0 00:00:00  -  Run Remote Usage
		Usr 0 00:00:00, Sys 0 00:00:00  -  Run Local Usage
		Usr 0 00:00:00, Sys 0 00:00:00  -  Total Remote Usage
		Usr 0 00:00:00, Sys 0 00:00:00  -  Total Local Usage
	3263  -  Run Bytes Sent By Node
	33631  -  Run Bytes Received By Node
	3263  -  Total Bytes Sent By Node
	33631  -  Total Bytes Received By Node
...
005 (288383.000.000) 2025-01-28 19:45:25 Job terminated.
	(1) Normal termination (return value 0)
		Usr 0 00:00:01, Sys 0 00:00:00  -  Run Remote Usage
		Usr 0 00:00:00, Sys 0 00:00:00  -  Run Local Usage
		Usr 0 00:00:00, Sys 0 00:00:00  -  Total Remote Usage
		Usr 0 00:00:00, Sys 0 00:00:00  -  Total Local Usage
	11945  -  Run Bytes Sent By Job
	269048  -  Run Bytes Received By Job
	11945  -  Total Bytes Sent By Job
	269048  -  Total Bytes Received By Job
	Partitionable Resources :    Usage  Request Allocated 
	   Cpus                 :                 1         2 
	   Disk (KB)            :       51       35 102883670 
	   Memory (MB)          :        1        0    100096 

	Job terminated of its own accord at 2025-01-28T19:45:25Z with exit-code 0.
...
