000 (265090.000.000) 2025-01-17 11:21:44 Job submitted from host: <192.168.0.102:9618?addrs=192.168.0.102-9618&alias=submitter&noUDP&sock=schedd_2032_5c88>
...
001 (265090.000.000) 2025-01-17 11:21:50 Job executing on host: <192.168.0.140:9618?addrs=192.168.0.140-9618&alias=node140.di.rm1&noUDP&sock=startd_1890_f615>
...
006 (265090.000.000) 2025-01-17 11:21:58 Image size of job updated: 1323004
	316  -  MemoryUsage of job (MB)
	322608  -  ResidentSetSize of job (KB)
...
006 (265090.000.000) 2025-01-17 11:28:19 Image size of job updated: 7105792
	5684  -  MemoryUsage of job (MB)
	5820272  -  ResidentSetSize of job (KB)
...
006 (265090.000.000) 2025-01-17 11:33:44 Image size of job updated: 8219208
	6765  -  MemoryUsage of job (MB)
	6926724  -  ResidentSetSize of job (KB)
...
006 (265090.000.000) 2025-01-17 11:33:48 Image size of job updated: 8219208
	6817  -  MemoryUsage of job (MB)
	6980056  -  ResidentSetSize of job (KB)
...
004 (265090.000.000) 2025-01-17 11:33:48 Job was evicted.
	(0) CPU times
		Usr 0 00:03:01, Sys 0 00:04:43  -  Run Remote Usage
		Usr 0 00:00:00, Sys 0 00:00:00  -  Run Local Usage
	0  -  Run Bytes Sent By Job
	0  -  Run Bytes Received By Job
	Partitionable Resources :    Usage  Request Allocated 
	   Cpus                 :     0.62        1         1 
	   Disk (KB)            :    27          27    468367 
	   Memory (MB)          :  6817           1       128 
...
009 (265090.000.000) 2025-01-17 11:33:48 Job was aborted.
	via condor_rm (by user calzona_2046920)
...
