000 (270355.000.000) 2025-01-21 23:45:11 Job submitted from host: <192.168.0.102:9618?addrs=192.168.0.102-9618&alias=submitter&noUDP&sock=schedd_2032_5c88>
...
001 (270355.000.000) 2025-01-21 23:45:12 Job executing on host: <192.168.0.151:9618?addrs=192.168.0.151-9618&alias=node151.di.rm1&noUDP&sock=startd_1528_a8cd>
...
006 (270355.000.000) 2025-01-21 23:45:21 Image size of job updated: 41316
	17  -  MemoryUsage of job (MB)
	16764  -  ResidentSetSize of job (KB)
...
006 (270355.000.000) 2025-01-21 23:46:13 Image size of job updated: 41316
	17  -  MemoryUsage of job (MB)
	16896  -  ResidentSetSize of job (KB)
...
004 (270355.000.000) 2025-01-21 23:46:13 Job was evicted.
	(0) CPU times
		Usr 0 00:04:00, Sys 0 00:00:00  -  Run Remote Usage
		Usr 0 00:00:00, Sys 0 00:00:00  -  Run Local Usage
	0  -  Run Bytes Sent By Job
	0  -  Run Bytes Received By Job
	Partitionable Resources :    Usage  Request Allocated 
	   Cpus                 :                 1         1 
	   Disk (KB)            :       27       27    474791 
	   Memory (MB)          :       17        1       128 
...
009 (270355.000.000) 2025-01-21 23:46:13 Job was aborted.
	via condor_rm (by user calzona_2046920)
...
