000 (273353.000.000) 2025-01-23 10:55:50 Job submitted from host: <192.168.0.102:9618?addrs=192.168.0.102-9618&alias=submitter&noUDP&sock=schedd_2032_5c88>
...
014 (273353.000.000) 2025-01-23 10:55:53 Node 0 executing on host: <192.168.0.149:9618?addrs=192.168.0.149-9618&alias=node149.di.rm1&noUDP&sock=startd_1551_6f7a>
...
014 (273353.000.001) 2025-01-23 10:55:54 Node 1 executing on host: <192.168.0.141:9618?addrs=192.168.0.141-9618&alias=node141.di.rm1&noUDP&sock=startd_2077_3a4b>
...
001 (273353.000.000) 2025-01-23 10:55:54 Job executing on host: MPI_job
...
008 (273353.000.000) 2025-01-23 10:55:56 Launching orted on Node 0 of 2
...
008 (273353.000.000) 2025-01-23 10:55:56 Launching orted on Node 1 of 2
...
008 (273353.000.000) 2025-01-23 10:56:10 orted exited on Node 0 of 2
...
008 (273353.000.000) 2025-01-23 10:56:10 orted exited on Node 1 of 2
...
015 (273353.000.000) 2025-01-23 10:56:10 Node 0 terminated.
	(1) Normal termination (return value 0)
		Usr 0 00:00:05, Sys 0 00:00:03  -  Run Remote Usage
		Usr 0 00:00:00, Sys 0 00:00:00  -  Run Local Usage
		Usr 0 00:00:05, Sys 0 00:00:03  -  Total Remote Usage
		Usr 0 00:00:00, Sys 0 00:00:00  -  Total Local Usage
	3257  -  Run Bytes Sent By Node
	33639  -  Run Bytes Received By Node
	3257  -  Total Bytes Sent By Node
	33639  -  Total Bytes Received By Node
...
005 (273353.000.000) 2025-01-23 10:56:10 Job terminated.
	(1) Normal termination (return value 0)
		Usr 0 00:00:11, Sys 0 00:00:03  -  Run Remote Usage
		Usr 0 00:00:00, Sys 0 00:00:00  -  Run Local Usage
		Usr 0 00:00:05, Sys 0 00:00:03  -  Total Remote Usage
		Usr 0 00:00:00, Sys 0 00:00:00  -  Total Local Usage
	3257  -  Run Bytes Sent By Job
	67278  -  Run Bytes Received By Job
	3257  -  Total Bytes Sent By Job
	67278  -  Total Bytes Received By Job
	Partitionable Resources :    Usage  Request Allocated 
	   Cpus                 :                 1         2 
	   Disk (KB)            :       49       35 102883670 
	   Memory (MB)          :      238       81    100096 

	Job terminated of its own accord at 2025-01-23T10:56:10Z with exit-code 0.
...
000 (278127.000.000) 2025-01-24 07:44:06 Job submitted from host: <192.168.0.102:9618?addrs=192.168.0.102-9618&alias=submitter&noUDP&sock=schedd_2032_5c88>
...
014 (278127.000.000) 2025-01-24 07:44:08 Node 0 executing on host: <192.168.0.149:9618?addrs=192.168.0.149-9618&alias=node149.di.rm1&noUDP&sock=startd_1551_6f7a>
...
014 (278127.000.001) 2025-01-24 07:44:08 Node 1 executing on host: <192.168.0.109:9618?addrs=192.168.0.109-9618&alias=node109.di.rm1&noUDP&sock=startd_1627_90ad>
...
001 (278127.000.000) 2025-01-24 07:44:08 Job executing on host: MPI_job
...
008 (278127.000.000) 2025-01-24 07:44:10 Launching orted on Node 0 of 2
...
008 (278127.000.000) 2025-01-24 07:44:10 Launching orted on Node 1 of 2
...
008 (278127.000.000) 2025-01-24 07:44:20 orted exited on Node 1 of 2
...
008 (278127.000.000) 2025-01-24 07:44:20 orted exited on Node 0 of 2
...
015 (278127.000.000) 2025-01-24 07:44:20 Node 0 terminated.
	(1) Normal termination (return value 0)
		Usr 0 00:00:05, Sys 0 00:00:00  -  Run Remote Usage
		Usr 0 00:00:00, Sys 0 00:00:00  -  Run Local Usage
		Usr 0 00:00:05, Sys 0 00:00:00  -  Total Remote Usage
		Usr 0 00:00:00, Sys 0 00:00:00  -  Total Local Usage
	3257  -  Run Bytes Sent By Node
	33639  -  Run Bytes Received By Node
	3257  -  Total Bytes Sent By Node
	33639  -  Total Bytes Received By Node
...
005 (278127.000.000) 2025-01-24 07:44:20 Job terminated.
	(1) Normal termination (return value 0)
		Usr 0 00:00:14, Sys 0 00:00:01  -  Run Remote Usage
		Usr 0 00:00:00, Sys 0 00:00:00  -  Run Local Usage
		Usr 0 00:00:05, Sys 0 00:00:00  -  Total Remote Usage
		Usr 0 00:00:00, Sys 0 00:00:00  -  Total Local Usage
	3257  -  Run Bytes Sent By Job
	67278  -  Run Bytes Received By Job
	3257  -  Total Bytes Sent By Job
	67278  -  Total Bytes Received By Job
	Partitionable Resources :    Usage  Request Allocated 
	   Cpus                 :                 1         2 
	   Disk (KB)            :       49       35 102883670 
	   Memory (MB)          :      270        1    100096 

	Job terminated of its own accord at 2025-01-24T07:44:20Z with exit-code 0.
...
000 (286257.000.000) 2025-01-28 14:58:33 Job submitted from host: <192.168.0.102:9618?addrs=192.168.0.102-9618&alias=submitter&noUDP&sock=schedd_2032_5c88>
...
014 (286257.000.001) 2025-01-28 14:58:35 Node 1 executing on host: <192.168.0.105:9618?addrs=192.168.0.105-9618&alias=node105.di.rm1&noUDP&sock=startd_1951_cd5c>
...
014 (286257.000.000) 2025-01-28 14:58:35 Node 0 executing on host: <192.168.0.123:9618?addrs=192.168.0.123-9618&alias=node123.di.rm1&noUDP&sock=startd_2149_9d1d>
...
001 (286257.000.000) 2025-01-28 14:58:35 Job executing on host: MPI_job
...
008 (286257.000.000) 2025-01-28 14:58:37 Launching orted on Node 1 of 2
...
008 (286257.000.000) 2025-01-28 14:58:37 Launching orted on Node 0 of 2
...
008 (286257.000.000) 2025-01-28 14:58:47 orted exited on Node 1 of 2
...
008 (286257.000.000) 2025-01-28 14:58:47 orted exited on Node 0 of 2
...
015 (286257.000.001) 2025-01-28 14:58:47 Node 1 terminated.
	(1) Normal termination (return value 0)
		Usr 0 00:00:09, Sys 0 00:00:00  -  Run Remote Usage
		Usr 0 00:00:00, Sys 0 00:00:00  -  Run Local Usage
		Usr 0 00:00:09, Sys 0 00:00:00  -  Total Remote Usage
		Usr 0 00:00:00, Sys 0 00:00:00  -  Total Local Usage
	2165  -  Run Bytes Sent By Node
	33591  -  Run Bytes Received By Node
	2165  -  Total Bytes Sent By Node
	33591  -  Total Bytes Received By Node
...
015 (286257.000.000) 2025-01-28 14:58:47 Node 0 terminated.
	(1) Normal termination (return value 0)
		Usr 0 00:00:06, Sys 0 00:00:00  -  Run Remote Usage
		Usr 0 00:00:00, Sys 0 00:00:00  -  Run Local Usage
		Usr 0 00:00:06, Sys 0 00:00:00  -  Total Remote Usage
		Usr 0 00:00:00, Sys 0 00:00:00  -  Total Local Usage
	3301  -  Run Bytes Sent By Node
	33591  -  Run Bytes Received By Node
	3301  -  Total Bytes Sent By Node
	33591  -  Total Bytes Received By Node
...
005 (286257.000.000) 2025-01-28 14:58:47 Job terminated.
	(1) Normal termination (return value 0)
		Usr 0 00:00:15, Sys 0 00:00:00  -  Run Remote Usage
		Usr 0 00:00:00, Sys 0 00:00:00  -  Run Local Usage
		Usr 0 00:00:01, Sys 0 00:00:00  -  Total Remote Usage
		Usr 0 00:00:00, Sys 0 00:00:00  -  Total Local Usage
	5466  -  Run Bytes Sent By Job
	67182  -  Run Bytes Received By Job
	5466  -  Total Bytes Sent By Job
	67182  -  Total Bytes Received By Job
	Partitionable Resources :    Usage  Request Allocated 
	   Cpus                 :                 1         1 
	   Disk (KB)            :       51       35    499900 
	   GPUs                 :                           1 
	   Memory (MB)          :      273        0       128 

	Job terminated of its own accord at 2025-01-28T14:58:47Z with exit-code 0.
...
