000 (271392.000.000) 2025-01-22 00:57:39 Job submitted from host: <192.168.0.102:9618?addrs=192.168.0.102-9618&alias=submitter&noUDP&sock=schedd_2032_5c88>
...
001 (271392.000.000) 2025-01-22 00:57:48 Job executing on host: <192.168.0.111:9618?addrs=192.168.0.111-9618&alias=node111.di.rm1&noUDP&sock=startd_2044_97ab>
...
006 (271392.000.000) 2025-01-22 00:57:57 Image size of job updated: 452756
	440  -  MemoryUsage of job (MB)
	449624  -  ResidentSetSize of job (KB)
...
006 (271392.000.000) 2025-01-22 00:58:40 Image size of job updated: 2576504
	440  -  MemoryUsage of job (MB)
	450020  -  ResidentSetSize of job (KB)
...
004 (271392.000.000) 2025-01-22 00:58:40 Job was evicted.
	(0) CPU times
		Usr 0 00:00:51, Sys 0 00:00:01  -  Run Remote Usage
		Usr 0 00:00:00, Sys 0 00:00:00  -  Run Local Usage
	0  -  Run Bytes Sent By Job
	0  -  Run Bytes Received By Job
	Partitionable Resources :    Usage  Request Allocated 
	   Cpus                 :     1.00        1         1 
	   Disk (KB)            :    27          27    468058 
	   Gpus (Average)       :                 0         0 
	   Memory (MB)          :   440           1       128 
...
009 (271392.000.000) 2025-01-22 00:58:40 Job was aborted.
	via condor_rm (by user calzona_2046920)
...
