000 (273535.000.000) 2025-01-23 11:05:23 Job submitted from host: <192.168.0.102:9618?addrs=192.168.0.102-9618&alias=submitter&noUDP&sock=schedd_2032_5c88>
...
014 (273535.000.001) 2025-01-23 11:05:31 Node 1 executing on host: <192.168.0.141:9618?addrs=192.168.0.141-9618&alias=node141.di.rm1&noUDP&sock=startd_2077_3a4b>
...
014 (273535.000.000) 2025-01-23 11:05:31 Node 0 executing on host: <192.168.0.111:9618?addrs=192.168.0.111-9618&alias=node111.di.rm1&noUDP&sock=startd_2044_97ab>
...
001 (273535.000.000) 2025-01-23 11:05:31 Job executing on host: MPI_job
...
008 (273535.000.000) 2025-01-23 11:05:33 Launching orted on Node 1 of 2
...
008 (273535.000.000) 2025-01-23 11:05:34 Launching orted on Node 0 of 2
...
008 (273535.000.000) 2025-01-23 11:06:04 Node 0 caught SIGTERM, cleaning up mpirun
...
004 (273535.000.000) 2025-01-23 11:06:04 Job was evicted.
	(0) CPU times
		Usr 0 00:00:34, Sys 0 00:00:00  -  Run Remote Usage
		Usr 0 00:00:00, Sys 0 00:00:00  -  Run Local Usage
	0  -  Run Bytes Sent By Job
	67278  -  Run Bytes Received By Job
	Partitionable Resources :    Usage  Request Allocated 
	   Cpus                 :                 1         1 
	   Disk (KB)            :     8568       35    468058 
	   GPUs                 :                           0 
	   Memory (MB)          :      280        0     40960 
...
009 (273535.000.000) 2025-01-23 11:06:04 Job was aborted.
	via condor_rm (by user calzona_2046920)
...
000 (278296.000.000) 2025-01-24 08:16:18 Job submitted from host: <192.168.0.102:9618?addrs=192.168.0.102-9618&alias=submitter&noUDP&sock=schedd_2032_5c88>
...
014 (278296.000.000) 2025-01-24 08:16:25 Node 0 executing on host: <192.168.0.149:9618?addrs=192.168.0.149-9618&alias=node149.di.rm1&noUDP&sock=startd_1551_6f7a>
...
014 (278296.000.001) 2025-01-24 08:16:25 Node 1 executing on host: <192.168.0.110:9618?addrs=192.168.0.110-9618&alias=node110.di.rm1&noUDP&sock=startd_2185_4e86>
...
001 (278296.000.000) 2025-01-24 08:16:25 Job executing on host: MPI_job
...
008 (278296.000.000) 2025-01-24 08:16:27 Launching orted on Node 0 of 2
...
008 (278296.000.000) 2025-01-24 08:16:28 Launching orted on Node 1 of 2
...
008 (278296.000.000) 2025-01-24 08:17:12 orted exited on Node 0 of 2
...
008 (278296.000.000) 2025-01-24 08:17:12 orted exited on Node 1 of 2
...
015 (278296.000.000) 2025-01-24 08:17:12 Node 0 terminated.
	(1) Normal termination (return value 0)
		Usr 0 00:00:07, Sys 0 00:00:01  -  Run Remote Usage
		Usr 0 00:00:00, Sys 0 00:00:00  -  Run Local Usage
		Usr 0 00:00:07, Sys 0 00:00:01  -  Total Remote Usage
		Usr 0 00:00:00, Sys 0 00:00:00  -  Total Local Usage
	3254  -  Run Bytes Sent By Node
	33639  -  Run Bytes Received By Node
	3254  -  Total Bytes Sent By Node
	33639  -  Total Bytes Received By Node
...
005 (278296.000.000) 2025-01-24 08:17:12 Job terminated.
	(1) Normal termination (return value 0)
		Usr 0 00:00:49, Sys 0 00:00:02  -  Run Remote Usage
		Usr 0 00:00:00, Sys 0 00:00:00  -  Run Local Usage
		Usr 0 00:00:02, Sys 0 00:00:01  -  Total Remote Usage
		Usr 0 00:00:00, Sys 0 00:00:00  -  Total Local Usage
	3254  -  Run Bytes Sent By Job
	67278  -  Run Bytes Received By Job
	3254  -  Total Bytes Sent By Job
	67278  -  Total Bytes Received By Job
	Partitionable Resources :    Usage  Request Allocated 
	   Cpus                 :                 1         1 
	   Disk (KB)            :       49       35    471944 
	   Memory (MB)          :      321        0     40960 

	Job terminated of its own accord at 2025-01-24T08:17:12Z with exit-code 0.
...
