000 (273699.000.000) 2025-01-23 11:15:36 Job submitted from host: <192.168.0.102:9618?addrs=192.168.0.102-9618&alias=submitter&noUDP&sock=schedd_2032_5c88>
...
004 (273699.000.000) 2025-01-23 11:17:36 Job was evicted.
	(0) CPU times
		Usr 0 00:00:00, Sys 0 00:00:00  -  Run Remote Usage
		Usr 0 00:00:00, Sys 0 00:00:00  -  Run Local Usage
	0  -  Run Bytes Sent By Job
	0  -  Run Bytes Received By Job
	Partitionable Resources :    Usage  Request Allocated 
	   Cpus                 :                 1         1 
	   Disk (KB)            :       35       35  21608416 
	   GPUs                 :                           1 
	   Memory (MB)          :                 1     20480 
...
009 (273699.000.000) 2025-01-23 11:17:36 Job was aborted.
	via condor_rm (by user calzona_2046920)
...
000 (278447.000.000) 2025-01-24 08:55:20 Job submitted from host: <192.168.0.102:9618?addrs=192.168.0.102-9618&alias=submitter&noUDP&sock=schedd_2032_5c88>
...
014 (278447.000.000) 2025-01-24 08:55:28 Node 0 executing on host: <192.168.0.149:9618?addrs=192.168.0.149-9618&alias=node149.di.rm1&noUDP&sock=startd_1551_6f7a>
...
014 (278447.000.001) 2025-01-24 08:55:28 Node 1 executing on host: <192.168.0.109:9618?addrs=192.168.0.109-9618&alias=node109.di.rm1&noUDP&sock=startd_1627_90ad>
...
001 (278447.000.000) 2025-01-24 08:55:28 Job executing on host: MPI_job
...
008 (278447.000.000) 2025-01-24 08:55:30 Launching orted on Node 1 of 2
...
008 (278447.000.000) 2025-01-24 08:55:30 Launching orted on Node 0 of 2
...
008 (278447.000.000) 2025-01-24 08:57:21 Node 0 caught SIGTERM, cleaning up mpirun
...
004 (278447.000.000) 2025-01-24 08:57:21 Job was evicted.
	(0) CPU times
		Usr 0 00:01:49, Sys 0 00:00:02  -  Run Remote Usage
		Usr 0 00:00:00, Sys 0 00:00:00  -  Run Local Usage
	0  -  Run Bytes Sent By Job
	67278  -  Run Bytes Received By Job
	Partitionable Resources :    Usage  Request Allocated 
	   Cpus                 :                 1         2 
	   Disk (KB)            :     8520       35 102883670 
	   Memory (MB)          :      334      428    100096 
...
009 (278447.000.000) 2025-01-24 08:57:21 Job was aborted.
	via condor_rm (by user calzona_2046920)
...
000 (286704.000.000) 2025-01-28 15:49:56 Job submitted from host: <192.168.0.102:9618?addrs=192.168.0.102-9618&alias=submitter&noUDP&sock=schedd_2032_5c88>
...
014 (286704.000.001) 2025-01-28 15:50:16 Node 1 executing on host: <192.168.0.110:9618?addrs=192.168.0.110-9618&alias=node110.di.rm1&noUDP&sock=startd_2185_4e86>
...
014 (286704.000.000) 2025-01-28 15:50:16 Node 0 executing on host: <192.168.0.124:9618?addrs=192.168.0.124-9618&alias=node124.di.rm1&noUDP&sock=startd_2143_7f8b>
...
001 (286704.000.000) 2025-01-28 15:50:16 Job executing on host: MPI_job
...
008 (286704.000.000) 2025-01-28 15:50:18 Launching orted on Node 1 of 2
...
008 (286704.000.000) 2025-01-28 15:50:18 Launching orted on Node 0 of 2
...
008 (286704.000.000) 2025-01-28 15:51:58 Node 0 caught SIGTERM, cleaning up mpirun
...
004 (286704.000.000) 2025-01-28 15:51:58 Job was evicted.
	(0) CPU times
		Usr 0 00:01:38, Sys 0 00:00:01  -  Run Remote Usage
		Usr 0 00:00:00, Sys 0 00:00:00  -  Run Local Usage
	0  -  Run Bytes Sent By Job
	67182  -  Run Bytes Received By Job
	Partitionable Resources :    Usage  Request Allocated 
	   Cpus                 :                 1         1 
	   Disk (KB)            :     8570       35  21469963 
	   GPUs                 :                           1 
	   Memory (MB)          :      390     1364     20480 
...
009 (286704.000.000) 2025-01-28 15:51:58 Job was aborted.
	via condor_rm (by user calzona_2046920)
...
