000 (269090.000.000) 2025-01-21 22:19:55 Job submitted from host: <192.168.0.102:9618?addrs=192.168.0.102-9618&alias=submitter&noUDP&sock=schedd_2032_5c88>
...
001 (269090.000.000) 2025-01-21 22:19:59 Job executing on host: <192.168.0.151:9618?addrs=192.168.0.151-9618&alias=node151.di.rm1&noUDP&sock=startd_1528_a8cd>
...
006 (269090.000.000) 2025-01-21 22:20:09 Image size of job updated: 695772
	680  -  MemoryUsage of job (MB)
	695772  -  ResidentSetSize of job (KB)
...
006 (269090.000.000) 2025-01-21 22:20:40 Image size of job updated: 3208312
	683  -  MemoryUsage of job (MB)
	698676  -  ResidentSetSize of job (KB)
...
004 (269090.000.000) 2025-01-21 22:20:40 Job was evicted.
	(0) CPU times
		Usr 0 00:00:35, Sys 0 00:00:01  -  Run Remote Usage
		Usr 0 00:00:00, Sys 0 00:00:00  -  Run Local Usage
	0  -  Run Bytes Sent By Job
	0  -  Run Bytes Received By Job
	Partitionable Resources :    Usage  Request Allocated 
	   Cpus                 :                 1         1 
	   Disk (KB)            :       27       27    474791 
	   Memory (MB)          :      683        1       128 
...
009 (269090.000.000) 2025-01-21 22:20:40 Job was aborted.
	via condor_rm (by user calzona_2046920)
...
000 (269243.000.000) 2025-01-21 22:27:49 Job submitted from host: <192.168.0.102:9618?addrs=192.168.0.102-9618&alias=submitter&noUDP&sock=schedd_2032_5c88>
...
001 (269243.000.000) 2025-01-21 22:27:51 Job executing on host: <192.168.0.120:9618?addrs=192.168.0.120-9618&alias=node120.di.rm1&noUDP&sock=startd_2096_4298>
...
006 (269243.000.000) 2025-01-21 22:28:00 Image size of job updated: 732600
	716  -  MemoryUsage of job (MB)
	732600  -  ResidentSetSize of job (KB)
...
006 (269243.000.000) 2025-01-21 22:28:07 Image size of job updated: 1063392
	717  -  MemoryUsage of job (MB)
	733920  -  ResidentSetSize of job (KB)
...
004 (269243.000.000) 2025-01-21 22:28:07 Job was evicted.
	(0) CPU times
		Usr 0 00:00:14, Sys 0 00:00:00  -  Run Remote Usage
		Usr 0 00:00:00, Sys 0 00:00:00  -  Run Local Usage
	0  -  Run Bytes Sent By Job
	0  -  Run Bytes Received By Job
	Partitionable Resources :    Usage  Request Allocated 
	   Cpus                 :                 1         1 
	   Disk (KB)            :       27       27    459052 
	   Gpus (Average)       :                 0         0 
	   Memory (MB)          :      717        1       128 
...
009 (269243.000.000) 2025-01-21 22:28:07 Job was aborted.
	via condor_rm (by user calzona_2046920)
...
000 (275401.000.000) 2025-01-24 02:27:55 Job submitted from host: <192.168.0.102:9618?addrs=192.168.0.102-9618&alias=submitter&noUDP&sock=schedd_2032_5c88>
...
001 (275401.000.000) 2025-01-24 02:28:14 Job executing on host: <192.168.0.149:9618?addrs=192.168.0.149-9618&alias=node149.di.rm1&noUDP&sock=startd_1551_6f7a>
...
006 (275401.000.000) 2025-01-24 02:28:23 Image size of job updated: 832844
	813  -  MemoryUsage of job (MB)
	832316  -  ResidentSetSize of job (KB)
...
006 (275401.000.000) 2025-01-24 02:29:57 Image size of job updated: 8473000
	815  -  MemoryUsage of job (MB)
	833768  -  ResidentSetSize of job (KB)
...
004 (275401.000.000) 2025-01-24 02:29:57 Job was evicted.
	(0) CPU times
		Usr 0 00:01:39, Sys 0 00:00:03  -  Run Remote Usage
		Usr 0 00:00:00, Sys 0 00:00:00  -  Run Local Usage
	0  -  Run Bytes Sent By Job
	0  -  Run Bytes Received By Job
	Partitionable Resources :    Usage  Request Allocated 
	   Cpus                 :                 1         1 
	   Disk (KB)            :       27       27    471944 
	   Memory (MB)          :      815        1       128 
...
009 (275401.000.000) 2025-01-24 02:29:57 Job was aborted.
	via condor_rm (by user calzona_2046920)
...
