000 (268883.000.000) 2025-01-21 22:09:59 Job submitted from host: <192.168.0.102:9618?addrs=192.168.0.102-9618&alias=submitter&noUDP&sock=schedd_2032_5c88>
...
001 (268883.000.000) 2025-01-21 22:10:01 Job executing on host: <192.168.0.151:9618?addrs=192.168.0.151-9618&alias=node151.di.rm1&noUDP&sock=startd_1528_a8cd>
...
006 (268883.000.000) 2025-01-21 22:10:09 Image size of job updated: 698412
	683  -  MemoryUsage of job (MB)
	698412  -  ResidentSetSize of job (KB)
...
006 (268883.000.000) 2025-01-21 22:10:23 Image size of job updated: 1887996
	684  -  MemoryUsage of job (MB)
	700128  -  ResidentSetSize of job (KB)
...
004 (268883.000.000) 2025-01-21 22:10:23 Job was evicted.
	(0) CPU times
		Usr 0 00:00:20, Sys 0 00:00:00  -  Run Remote Usage
		Usr 0 00:00:00, Sys 0 00:00:00  -  Run Local Usage
	0  -  Run Bytes Sent By Job
	0  -  Run Bytes Received By Job
	Partitionable Resources :    Usage  Request Allocated 
	   Cpus                 :                 1         1 
	   Disk (KB)            :       27       27    474791 
	   Memory (MB)          :      684        1       128 
...
009 (268883.000.000) 2025-01-21 22:10:23 Job was aborted.
	via condor_rm (by user calzona_2046920)
...
000 (269034.000.000) 2025-01-21 22:17:34 Job submitted from host: <192.168.0.102:9618?addrs=192.168.0.102-9618&alias=submitter&noUDP&sock=schedd_2032_5c88>
...
001 (269034.000.000) 2025-01-21 22:17:34 Job executing on host: <192.168.0.130:9618?addrs=192.168.0.130-9618&alias=node130.di.rm1&noUDP&sock=startd_2751195_838e>
...
006 (269034.000.000) 2025-01-21 22:17:43 Image size of job updated: 788964
	771  -  MemoryUsage of job (MB)
	788964  -  ResidentSetSize of job (KB)
...
006 (269034.000.000) 2025-01-21 22:17:51 Image size of job updated: 1429952
	771  -  MemoryUsage of job (MB)
	789360  -  ResidentSetSize of job (KB)
...
004 (269034.000.000) 2025-01-21 22:17:51 Job was evicted.
	(0) CPU times
		Usr 0 00:00:15, Sys 0 00:00:00  -  Run Remote Usage
		Usr 0 00:00:00, Sys 0 00:00:00  -  Run Local Usage
	0  -  Run Bytes Sent By Job
	0  -  Run Bytes Received By Job
	Partitionable Resources :    Usage  Request Allocated 
	   Cpus                 :                 1         1 
	   Disk (KB)            :       27       27    472313 
	   Memory (MB)          :      771        1       128 
...
009 (269034.000.000) 2025-01-21 22:17:51 Job was aborted.
	via condor_rm (by user calzona_2046920)
...
000 (275295.000.000) 2025-01-24 02:07:32 Job submitted from host: <192.168.0.102:9618?addrs=192.168.0.102-9618&alias=submitter&noUDP&sock=schedd_2032_5c88>
...
001 (275295.000.000) 2025-01-24 02:07:52 Job executing on host: <192.168.0.149:9618?addrs=192.168.0.149-9618&alias=node149.di.rm1&noUDP&sock=startd_1551_6f7a>
...
006 (275295.000.000) 2025-01-24 02:08:00 Image size of job updated: 710976
	694  -  MemoryUsage of job (MB)
	710448  -  ResidentSetSize of job (KB)
...
006 (275295.000.000) 2025-01-24 02:09:34 Image size of job updated: 9312624
	695  -  MemoryUsage of job (MB)
	710844  -  ResidentSetSize of job (KB)
...
004 (275295.000.000) 2025-01-24 02:09:34 Job was evicted.
	(0) CPU times
		Usr 0 00:01:38, Sys 0 00:00:03  -  Run Remote Usage
		Usr 0 00:00:00, Sys 0 00:00:00  -  Run Local Usage
	0  -  Run Bytes Sent By Job
	0  -  Run Bytes Received By Job
	Partitionable Resources :    Usage  Request Allocated 
	   Cpus                 :                 1         1 
	   Disk (KB)            :       27       27    471944 
	   Memory (MB)          :      695        1       128 
...
009 (275295.000.000) 2025-01-24 02:09:34 Job was aborted.
	via condor_rm (by user calzona_2046920)
...
