000 (271037.000.000) 2025-01-22 00:36:35 Job submitted from host: <192.168.0.102:9618?addrs=192.168.0.102-9618&alias=submitter&noUDP&sock=schedd_2032_5c88>
...
001 (271037.000.000) 2025-01-22 00:36:37 Job executing on host: <192.168.0.151:9618?addrs=192.168.0.151-9618&alias=node151.di.rm1&noUDP&sock=startd_1528_a8cd>
...
006 (271037.000.000) 2025-01-22 00:36:46 Image size of job updated: 405768
	397  -  MemoryUsage of job (MB)
	405768  -  ResidentSetSize of job (KB)
...
006 (271037.000.000) 2025-01-22 00:37:38 Image size of job updated: 2235392
	398  -  MemoryUsage of job (MB)
	406560  -  ResidentSetSize of job (KB)
...
004 (271037.000.000) 2025-01-22 00:37:38 Job was evicted.
	(0) CPU times
		Usr 0 00:02:23, Sys 0 00:00:01  -  Run Remote Usage
		Usr 0 00:00:00, Sys 0 00:00:00  -  Run Local Usage
	0  -  Run Bytes Sent By Job
	0  -  Run Bytes Received By Job
	Partitionable Resources :    Usage  Request Allocated 
	   Cpus                 :                 1         1 
	   Disk (KB)            :       27       27    474791 
	   Memory (MB)          :      398        1       128 
...
009 (271037.000.000) 2025-01-22 00:37:38 Job was aborted.
	via condor_rm (by user calzona_2046920)
...
