000 (270956.000.000) 2025-01-22 00:28:20 Job submitted from host: <192.168.0.102:9618?addrs=192.168.0.102-9618&alias=submitter&noUDP&sock=schedd_2032_5c88>
...
001 (270956.000.000) 2025-01-22 00:28:41 Job executing on host: <192.168.0.147:9618?addrs=192.168.0.147-9618&alias=node147.di.rm1&noUDP&sock=startd_1513_5ee1>
...
006 (270956.000.000) 2025-01-22 00:28:49 Image size of job updated: 65924
	24  -  MemoryUsage of job (MB)
	24288  -  ResidentSetSize of job (KB)
...
005 (270956.000.000) 2025-01-22 00:29:14 Job terminated.
	(1) Normal termination (return value 0)
		Usr 0 00:04:19, Sys 0 00:00:00  -  Run Remote Usage
		Usr 0 00:00:00, Sys 0 00:00:00  -  Run Local Usage
		Usr 0 00:04:19, Sys 0 00:00:00  -  Total Remote Usage
		Usr 0 00:00:00, Sys 0 00:00:00  -  Total Local Usage
	0  -  Run Bytes Sent By Job
	0  -  Run Bytes Received By Job
	0  -  Total Bytes Sent By Job
	0  -  Total Bytes Received By Job
	Partitionable Resources :    Usage  Request Allocated 
	   Cpus                 :                 1         1 
	   Disk (KB)            :       27       27    469805 
	   Memory (MB)          :       24        1       128 

	Job terminated of its own accord at 2025-01-22T00:29:13Z with exit-code 0.
...
000 (277110.000.000) 2025-01-24 05:50:27 Job submitted from host: <192.168.0.102:9618?addrs=192.168.0.102-9618&alias=submitter&noUDP&sock=schedd_2032_5c88>
...
001 (277110.000.000) 2025-01-24 05:50:27 Job executing on host: <192.168.0.109:9618?addrs=192.168.0.109-9618&alias=node109.di.rm1&noUDP&sock=startd_1627_90ad>
...
006 (277110.000.000) 2025-01-24 05:50:36 Image size of job updated: 25256
	24  -  MemoryUsage of job (MB)
	24068  -  ResidentSetSize of job (KB)
...
006 (277110.000.000) 2025-01-24 05:51:00 Image size of job updated: 65924
	24  -  MemoryUsage of job (MB)
	24068  -  ResidentSetSize of job (KB)
...
005 (277110.000.000) 2025-01-24 05:51:00 Job terminated.
	(1) Normal termination (return value 0)
		Usr 0 00:04:19, Sys 0 00:00:00  -  Run Remote Usage
		Usr 0 00:00:00, Sys 0 00:00:00  -  Run Local Usage
		Usr 0 00:04:19, Sys 0 00:00:00  -  Total Remote Usage
		Usr 0 00:00:00, Sys 0 00:00:00  -  Total Local Usage
	0  -  Run Bytes Sent By Job
	0  -  Run Bytes Received By Job
	0  -  Total Bytes Sent By Job
	0  -  Total Bytes Received By Job
	Partitionable Resources :    Usage  Request Allocated 
	   Cpus                 :                 1         1 
	   Disk (KB)            :       27       27    468160 
	   Memory (MB)          :       24        1       128 

	Job terminated of its own accord at 2025-01-24T05:51:00Z with exit-code 0.
...
