000 (269535.000.000) 2025-01-21 22:45:36 Job submitted from host: <192.168.0.102:9618?addrs=192.168.0.102-9618&alias=submitter&noUDP&sock=schedd_2032_5c88>
...
001 (269535.000.000) 2025-01-21 22:45:50 Job executing on host: <192.168.0.139:9618?addrs=192.168.0.139-9618&alias=node139.di.rm1&noUDP&sock=startd_1966_1748>
...
006 (269535.000.000) 2025-01-21 22:45:59 Image size of job updated: 317456
	301  -  MemoryUsage of job (MB)
	308136  -  ResidentSetSize of job (KB)
...
005 (269535.000.000) 2025-01-21 22:46:00 Job terminated.
	(1) Normal termination (return value 0)
		Usr 0 00:00:12, Sys 0 00:00:00  -  Run Remote Usage
		Usr 0 00:00:00, Sys 0 00:00:00  -  Run Local Usage
		Usr 0 00:00:12, Sys 0 00:00:00  -  Total Remote Usage
		Usr 0 00:00:00, Sys 0 00:00:00  -  Total Local Usage
	0  -  Run Bytes Sent By Job
	0  -  Run Bytes Received By Job
	0  -  Total Bytes Sent By Job
	0  -  Total Bytes Received By Job
	Partitionable Resources :    Usage  Request Allocated 
	   Cpus                 :                 1         1 
	   Disk (KB)            :       27       27    460637 
	   Memory (MB)          :      301        1       128 

	Job terminated of its own accord at 2025-01-21T22:46:00Z with exit-code 0.
...
000 (275690.000.000) 2025-01-24 02:59:55 Job submitted from host: <192.168.0.102:9618?addrs=192.168.0.102-9618&alias=submitter&noUDP&sock=schedd_2032_5c88>
...
001 (275690.000.000) 2025-01-24 03:00:09 Job executing on host: <192.168.0.133:9618?addrs=192.168.0.133-9618&alias=node133.di.rm1&noUDP&sock=startd_1941_f16a>
...
006 (275690.000.000) 2025-01-24 03:00:18 Image size of job updated: 308880
	302  -  MemoryUsage of job (MB)
	308880  -  ResidentSetSize of job (KB)
...
005 (275690.000.000) 2025-01-24 03:00:19 Job terminated.
	(1) Normal termination (return value 0)
		Usr 0 00:00:12, Sys 0 00:00:00  -  Run Remote Usage
		Usr 0 00:00:00, Sys 0 00:00:00  -  Run Local Usage
		Usr 0 00:00:12, Sys 0 00:00:00  -  Total Remote Usage
		Usr 0 00:00:00, Sys 0 00:00:00  -  Total Local Usage
	0  -  Run Bytes Sent By Job
	0  -  Run Bytes Received By Job
	0  -  Total Bytes Sent By Job
	0  -  Total Bytes Received By Job
	Partitionable Resources :    Usage  Request Allocated 
	   Cpus                 :                 1         1 
	   Disk (KB)            :       27       27    473452 
	   Memory (MB)          :      302        1       128 

	Job terminated of its own accord at 2025-01-24T03:00:19Z with exit-code 0.
...
