000 (262441.000.000) 2025-01-17 11:14:12 Job submitted from host: <192.168.0.102:9618?addrs=192.168.0.102-9618&alias=submitter&noUDP&sock=schedd_2032_5c88>
...
001 (262441.000.000) 2025-01-17 11:14:30 Job executing on host: <192.168.0.111:9618?addrs=192.168.0.111-9618&alias=node111.di.rm1&noUDP&sock=startd_2044_97ab>
...
006 (262441.000.000) 2025-01-17 11:14:38 Image size of job updated: 748720
	731  -  MemoryUsage of job (MB)
	748456  -  ResidentSetSize of job (KB)
...
006 (262441.000.000) 2025-01-17 11:14:54 Image size of job updated: 2087104
	732  -  MemoryUsage of job (MB)
	748588  -  ResidentSetSize of job (KB)
...
005 (262441.000.000) 2025-01-17 11:14:54 Job terminated.
	(1) Normal termination (return value 0)
		Usr 0 00:00:23, Sys 0 00:00:01  -  Run Remote Usage
		Usr 0 00:00:00, Sys 0 00:00:00  -  Run Local Usage
		Usr 0 00:00:23, Sys 0 00:00:01  -  Total Remote Usage
		Usr 0 00:00:00, Sys 0 00:00:00  -  Total Local Usage
	0  -  Run Bytes Sent By Job
	0  -  Run Bytes Received By Job
	0  -  Total Bytes Sent By Job
	0  -  Total Bytes Received By Job
	Partitionable Resources :    Usage  Request Allocated 
	   Cpus                 :                 1         1 
	   Disk (KB)            :       27       27    468058 
	   Gpus (Average)       :                 0         0 
	   Memory (MB)          :      732        1       128 

	Job terminated of its own accord at 2025-01-17T11:14:54Z with exit-code 0.
...
