000 (269877.000.000) 2025-01-21 23:14:03 Job submitted from host: <192.168.0.102:9618?addrs=192.168.0.102-9618&alias=submitter&noUDP&sock=schedd_2032_5c88>
...
001 (269877.000.000) 2025-01-21 23:14:08 Job executing on host: <192.168.0.151:9618?addrs=192.168.0.151-9618&alias=node151.di.rm1&noUDP&sock=startd_1528_a8cd>
...
006 (269877.000.000) 2025-01-21 23:14:18 Image size of job updated: 555060
	543  -  MemoryUsage of job (MB)
	555060  -  ResidentSetSize of job (KB)
...
006 (269877.000.000) 2025-01-21 23:15:06 Image size of job updated: 3172060
	544  -  MemoryUsage of job (MB)
	556248  -  ResidentSetSize of job (KB)
...
004 (269877.000.000) 2025-01-21 23:15:06 Job was evicted.
	(0) CPU times
		Usr 0 00:00:53, Sys 0 00:00:01  -  Run Remote Usage
		Usr 0 00:00:00, Sys 0 00:00:00  -  Run Local Usage
	0  -  Run Bytes Sent By Job
	0  -  Run Bytes Received By Job
	Partitionable Resources :    Usage  Request Allocated 
	   Cpus                 :                 1         1 
	   Disk (KB)            :       27       27    474791 
	   Memory (MB)          :      544        1       128 
...
009 (269877.000.000) 2025-01-21 23:15:06 Job was aborted.
	via condor_rm (by user calzona_2046920)
...
000 (276035.000.000) 2025-01-24 03:51:02 Job submitted from host: <192.168.0.102:9618?addrs=192.168.0.102-9618&alias=submitter&noUDP&sock=schedd_2032_5c88>
...
001 (276035.000.000) 2025-01-24 03:51:03 Job executing on host: <192.168.0.151:9618?addrs=192.168.0.151-9618&alias=node151.di.rm1&noUDP&sock=startd_1528_a8cd>
...
006 (276035.000.000) 2025-01-24 03:51:12 Image size of job updated: 1500704
	554  -  MemoryUsage of job (MB)
	566940  -  ResidentSetSize of job (KB)
...
006 (276035.000.000) 2025-01-24 03:53:04 Image size of job updated: 7181196
	554  -  MemoryUsage of job (MB)
	567072  -  ResidentSetSize of job (KB)
...
004 (276035.000.000) 2025-01-24 03:53:04 Job was evicted.
	(0) CPU times
		Usr 0 00:01:57, Sys 0 00:00:02  -  Run Remote Usage
		Usr 0 00:00:00, Sys 0 00:00:00  -  Run Local Usage
	0  -  Run Bytes Sent By Job
	0  -  Run Bytes Received By Job
	Partitionable Resources :    Usage  Request Allocated 
	   Cpus                 :     1.00        1         1 
	   Disk (KB)            :    27          27    474791 
	   Memory (MB)          :   554           1       128 
...
009 (276035.000.000) 2025-01-24 03:53:04 Job was aborted.
	via condor_rm (by user calzona_2046920)
...
