000 (281889.000.000) 2025-01-26 15:16:52 Job submitted from host: <192.168.0.102:9618?addrs=192.168.0.102-9618&alias=submitter&noUDP&sock=schedd_2032_5c88>
...
014 (281889.000.000) 2025-01-26 15:16:59 Node 0 executing on host: <192.168.0.114:9618?addrs=192.168.0.114-9618&alias=node114.di.rm1&noUDP&sock=startd_2075_db1b>
...
014 (281889.000.001) 2025-01-26 15:16:59 Node 1 executing on host: <192.168.0.114:9618?addrs=192.168.0.114-9618&alias=node114.di.rm1&noUDP&sock=startd_2075_db1b>
...
001 (281889.000.000) 2025-01-26 15:16:59 Job executing on host: MPI_job
...
008 (281889.000.000) 2025-01-26 15:17:01 Launching orted on Node 0 of 2
...
008 (281889.000.000) 2025-01-26 15:17:01 Launching orted on Node 1 of 2
...
008 (281889.000.000) 2025-01-26 15:17:03 orted exited on Node 0 of 2
...
008 (281889.000.000) 2025-01-26 15:17:03 orted exited on Node 1 of 2
...
015 (281889.000.001) 2025-01-26 15:17:04 Node 1 terminated.
	(1) Normal termination (return value 0)
		Usr 0 00:00:01, Sys 0 00:00:00  -  Run Remote Usage
		Usr 0 00:00:00, Sys 0 00:00:00  -  Run Local Usage
		Usr 0 00:00:01, Sys 0 00:00:00  -  Total Remote Usage
		Usr 0 00:00:00, Sys 0 00:00:00  -  Total Local Usage
	0  -  Run Bytes Sent By Node
	33711  -  Run Bytes Received By Node
	0  -  Total Bytes Sent By Node
	33711  -  Total Bytes Received By Node
...
015 (281889.000.000) 2025-01-26 15:17:04 Node 0 terminated.
	(1) Normal termination (return value 0)
		Usr 0 00:00:00, Sys 0 00:00:00  -  Run Remote Usage
		Usr 0 00:00:00, Sys 0 00:00:00  -  Run Local Usage
		Usr 0 00:00:00, Sys 0 00:00:00  -  Total Remote Usage
		Usr 0 00:00:00, Sys 0 00:00:00  -  Total Local Usage
	3261  -  Run Bytes Sent By Node
	33711  -  Run Bytes Received By Node
	3261  -  Total Bytes Sent By Node
	33711  -  Total Bytes Received By Node
...
005 (281889.000.000) 2025-01-26 15:17:04 Job terminated.
	(1) Normal termination (return value 0)
		Usr 0 00:00:01, Sys 0 00:00:00  -  Run Remote Usage
		Usr 0 00:00:00, Sys 0 00:00:00  -  Run Local Usage
		Usr 0 00:00:00, Sys 0 00:00:00  -  Total Remote Usage
		Usr 0 00:00:00, Sys 0 00:00:00  -  Total Local Usage
	3261  -  Run Bytes Sent By Job
	67422  -  Run Bytes Received By Job
	3261  -  Total Bytes Sent By Job
	67422  -  Total Bytes Received By Job
	Partitionable Resources :    Usage  Request Allocated 
	   Cpus                 :                 1         1 
	   Disk (KB)            :       49       35    391129 
	   Memory (MB)          :        0        0     53248 

	Job terminated of its own accord at 2025-01-26T15:17:03Z with exit-code 0.
...
000 (288726.000.000) 2025-01-28 20:53:52 Job submitted from host: <192.168.0.102:9618?addrs=192.168.0.102-9618&alias=submitter&noUDP&sock=schedd_2032_5c88>
...
014 (288726.000.000) 2025-01-28 20:53:57 Node 0 executing on host: <192.168.0.135:9618?addrs=192.168.0.135-9618&alias=node135.di.rm1&noUDP&sock=startd_2000_6980>
...
014 (288726.000.001) 2025-01-28 20:53:57 Node 1 executing on host: <192.168.0.115:9618?addrs=192.168.0.115-9618&alias=node115.di.rm1&noUDP&sock=startd_1101621_f4a0>
...
001 (288726.000.000) 2025-01-28 20:53:57 Job executing on host: MPI_job
...
008 (288726.000.000) 2025-01-28 20:53:59 Launching orted on Node 0 of 2
...
008 (288726.000.000) 2025-01-28 20:53:59 Launching orted on Node 1 of 2
...
008 (288726.000.000) 2025-01-28 20:54:01 orted exited on Node 0 of 2
...
008 (288726.000.000) 2025-01-28 20:54:01 orted exited on Node 1 of 2
...
015 (288726.000.000) 2025-01-28 20:54:01 Node 0 terminated.
	(1) Normal termination (return value 0)
		Usr 0 00:00:00, Sys 0 00:00:00  -  Run Remote Usage
		Usr 0 00:00:00, Sys 0 00:00:00  -  Run Local Usage
		Usr 0 00:00:00, Sys 0 00:00:00  -  Total Remote Usage
		Usr 0 00:00:00, Sys 0 00:00:00  -  Total Local Usage
	3257  -  Run Bytes Sent By Node
	33711  -  Run Bytes Received By Node
	3257  -  Total Bytes Sent By Node
	33711  -  Total Bytes Received By Node
...
005 (288726.000.000) 2025-01-28 20:54:01 Job terminated.
	(1) Normal termination (return value 0)
		Usr 0 00:00:02, Sys 0 00:00:00  -  Run Remote Usage
		Usr 0 00:00:00, Sys 0 00:00:00  -  Run Local Usage
		Usr 0 00:00:00, Sys 0 00:00:00  -  Total Remote Usage
		Usr 0 00:00:00, Sys 0 00:00:00  -  Total Local Usage
	3257  -  Run Bytes Sent By Job
	67422  -  Run Bytes Received By Job
	3257  -  Total Bytes Sent By Job
	67422  -  Total Bytes Received By Job
	Partitionable Resources :    Usage  Request Allocated 
	   Cpus                 :                 1         2 
	   Disk (KB)            :       50       35 102650546 
	   Memory (MB)          :        0        0    100096 

	Job terminated of its own accord at 2025-01-28T20:54:01Z with exit-code 0.
...
