000 (265032.000.000) 2025-01-17 11:21:42 Job submitted from host: <192.168.0.102:9618?addrs=192.168.0.102-9618&alias=submitter&noUDP&sock=schedd_2032_5c88>
...
001 (265032.000.000) 2025-01-17 11:21:45 Job executing on host: <192.168.0.143:9618?addrs=192.168.0.143-9618&alias=node143.di.rm1&noUDP&sock=startd_2061_40c7>
...
006 (265032.000.000) 2025-01-17 11:21:53 Image size of job updated: 307736
	277  -  MemoryUsage of job (MB)
	282876  -  ResidentSetSize of job (KB)
...
006 (265032.000.000) 2025-01-17 11:26:53 Image size of job updated: 8507500
	8272  -  MemoryUsage of job (MB)
	8470336  -  ResidentSetSize of job (KB)
...
005 (265032.000.000) 2025-01-17 11:29:40 Job terminated.
	(1) Normal termination (return value 0)
		Usr 0 00:09:37, Sys 0 00:00:07  -  Run Remote Usage
		Usr 0 00:00:00, Sys 0 00:00:00  -  Run Local Usage
		Usr 0 00:09:37, Sys 0 00:00:07  -  Total Remote Usage
		Usr 0 00:00:00, Sys 0 00:00:00  -  Total Local Usage
	0  -  Run Bytes Sent By Job
	0  -  Run Bytes Received By Job
	0  -  Total Bytes Sent By Job
	0  -  Total Bytes Received By Job
	Partitionable Resources :    Usage  Request Allocated 
	   Cpus                 :     1.17        1         1 
	   Disk (KB)            :    27          27    459633 
	   Memory (MB)          :  8272           1       128 

	Job terminated of its own accord at 2025-01-17T11:29:40Z with exit-code 0.
...
