000 (268661.000.000) 2025-01-21 21:58:39 Job submitted from host: <192.168.0.102:9618?addrs=192.168.0.102-9618&alias=submitter&noUDP&sock=schedd_2032_5c88>
...
001 (268661.000.000) 2025-01-21 21:58:40 Job executing on host: <192.168.0.130:9618?addrs=192.168.0.130-9618&alias=node130.di.rm1&noUDP&sock=startd_2751195_838e>
...
006 (268661.000.000) 2025-01-21 21:58:49 Image size of job updated: 1402980
	676  -  MemoryUsage of job (MB)
	691428  -  ResidentSetSize of job (KB)
...
006 (268661.000.000) 2025-01-21 21:59:36 Image size of job updated: 4978176
	677  -  MemoryUsage of job (MB)
	692616  -  ResidentSetSize of job (KB)
...
004 (268661.000.000) 2025-01-21 21:59:36 Job was evicted.
	(0) CPU times
		Usr 0 00:00:54, Sys 0 00:00:02  -  Run Remote Usage
		Usr 0 00:00:00, Sys 0 00:00:00  -  Run Local Usage
	0  -  Run Bytes Sent By Job
	0  -  Run Bytes Received By Job
	Partitionable Resources :    Usage  Request Allocated 
	   Cpus                 :                 1         1 
	   Disk (KB)            :       27       27    472313 
	   Memory (MB)          :      677        1       128 
...
009 (268661.000.000) 2025-01-21 21:59:37 Job was aborted.
	via condor_rm (by user calzona_2046920)
...
000 (268812.000.000) 2025-01-21 22:06:16 Job submitted from host: <192.168.0.102:9618?addrs=192.168.0.102-9618&alias=submitter&noUDP&sock=schedd_2032_5c88>
...
001 (268812.000.000) 2025-01-21 22:06:18 Job executing on host: <192.168.0.151:9618?addrs=192.168.0.151-9618&alias=node151.di.rm1&noUDP&sock=startd_1528_a8cd>
...
006 (268812.000.000) 2025-01-21 22:06:27 Image size of job updated: 1163292
	812  -  MemoryUsage of job (MB)
	830544  -  ResidentSetSize of job (KB)
...
006 (268812.000.000) 2025-01-21 22:06:53 Image size of job updated: 3952480
	813  -  MemoryUsage of job (MB)
	832260  -  ResidentSetSize of job (KB)
...
004 (268812.000.000) 2025-01-21 22:06:53 Job was evicted.
	(0) CPU times
		Usr 0 00:00:32, Sys 0 00:00:01  -  Run Remote Usage
		Usr 0 00:00:00, Sys 0 00:00:00  -  Run Local Usage
	0  -  Run Bytes Sent By Job
	0  -  Run Bytes Received By Job
	Partitionable Resources :    Usage  Request Allocated 
	   Cpus                 :                 1         1 
	   Disk (KB)            :       27       27    474791 
	   Memory (MB)          :      813        1       128 
...
009 (268812.000.000) 2025-01-21 22:06:53 Job was aborted.
	via condor_rm (by user calzona_2046920)
...
000 (275185.000.000) 2025-01-24 01:55:13 Job submitted from host: <192.168.0.102:9618?addrs=192.168.0.102-9618&alias=submitter&noUDP&sock=schedd_2032_5c88>
...
001 (275185.000.000) 2025-01-24 01:55:14 Job executing on host: <192.168.0.149:9618?addrs=192.168.0.149-9618&alias=node149.di.rm1&noUDP&sock=startd_1551_6f7a>
...
006 (275185.000.000) 2025-01-24 01:55:23 Image size of job updated: 836352
	817  -  MemoryUsage of job (MB)
	836352  -  ResidentSetSize of job (KB)
...
006 (275185.000.000) 2025-01-24 01:57:16 Image size of job updated: 11904288
	819  -  MemoryUsage of job (MB)
	837672  -  ResidentSetSize of job (KB)
...
004 (275185.000.000) 2025-01-24 01:57:16 Job was evicted.
	(0) CPU times
		Usr 0 00:01:56, Sys 0 00:00:05  -  Run Remote Usage
		Usr 0 00:00:00, Sys 0 00:00:00  -  Run Local Usage
	0  -  Run Bytes Sent By Job
	0  -  Run Bytes Received By Job
	Partitionable Resources :    Usage  Request Allocated 
	   Cpus                 :                 1         1 
	   Disk (KB)            :       27       27    471944 
	   Memory (MB)          :      819        1       128 
...
009 (275185.000.000) 2025-01-24 01:57:16 Job was aborted.
	via condor_rm (by user calzona_2046920)
...
