000 (273956.000.000) 2025-01-23 11:28:32 Job submitted from host: <192.168.0.102:9618?addrs=192.168.0.102-9618&alias=submitter&noUDP&sock=schedd_2032_5c88>
...
014 (273956.000.001) 2025-01-23 11:28:39 Node 1 executing on host: <192.168.0.137:9618?addrs=192.168.0.137-9618&alias=node137.di.rm1&noUDP&sock=startd_1934_2440>
...
014 (273956.000.000) 2025-01-23 11:28:39 Node 0 executing on host: <192.168.0.151:9618?addrs=192.168.0.151-9618&alias=node151.di.rm1&noUDP&sock=startd_1528_a8cd>
...
014 (273956.000.002) 2025-01-23 11:28:39 Node 2 executing on host: <192.168.0.146:9618?addrs=192.168.0.146-9618&alias=node146.di.rm1&noUDP&sock=startd_1984_6ffc>
...
014 (273956.000.003) 2025-01-23 11:28:39 Node 3 executing on host: <192.168.0.111:9618?addrs=192.168.0.111-9618&alias=node111.di.rm1&noUDP&sock=startd_2044_97ab>
...
001 (273956.000.000) 2025-01-23 11:28:39 Job executing on host: MPI_job
...
008 (273956.000.000) 2025-01-23 11:28:41 Launching orted on Node 1 of 4
...
008 (273956.000.000) 2025-01-23 11:28:41 Launching orted on Node 2 of 4
...
008 (273956.000.000) 2025-01-23 11:28:41 Launching orted on Node 0 of 4
...
008 (273956.000.000) 2025-01-23 11:28:42 Launching orted on Node 3 of 4
...
008 (273956.000.000) 2025-01-23 11:28:50 orted exited on Node 1 of 4
...
008 (273956.000.000) 2025-01-23 11:28:50 orted exited on Node 2 of 4
...
008 (273956.000.000) 2025-01-23 11:28:50 orted exited on Node 0 of 4
...
008 (273956.000.000) 2025-01-23 11:28:50 orted exited on Node 3 of 4
...
015 (273956.000.002) 2025-01-23 11:28:50 Node 2 terminated.
	(1) Normal termination (return value 0)
		Usr 0 00:00:07, Sys 0 00:00:00  -  Run Remote Usage
		Usr 0 00:00:00, Sys 0 00:00:00  -  Run Local Usage
		Usr 0 00:00:07, Sys 0 00:00:00  -  Total Remote Usage
		Usr 0 00:00:00, Sys 0 00:00:00  -  Total Local Usage
	2165  -  Run Bytes Sent By Node
	33639  -  Run Bytes Received By Node
	2165  -  Total Bytes Sent By Node
	33639  -  Total Bytes Received By Node
...
015 (273956.000.001) 2025-01-23 11:28:50 Node 1 terminated.
	(1) Normal termination (return value 0)
		Usr 0 00:00:08, Sys 0 00:00:00  -  Run Remote Usage
		Usr 0 00:00:00, Sys 0 00:00:00  -  Run Local Usage
		Usr 0 00:00:08, Sys 0 00:00:00  -  Total Remote Usage
		Usr 0 00:00:00, Sys 0 00:00:00  -  Total Local Usage
	2165  -  Run Bytes Sent By Node
	33639  -  Run Bytes Received By Node
	2165  -  Total Bytes Sent By Node
	33639  -  Total Bytes Received By Node
...
015 (273956.000.000) 2025-01-23 11:28:50 Node 0 terminated.
	(1) Normal termination (return value 0)
		Usr 0 00:00:00, Sys 0 00:00:00  -  Run Remote Usage
		Usr 0 00:00:00, Sys 0 00:00:00  -  Run Local Usage
		Usr 0 00:00:00, Sys 0 00:00:00  -  Total Remote Usage
		Usr 0 00:00:00, Sys 0 00:00:00  -  Total Local Usage
	3263  -  Run Bytes Sent By Node
	33639  -  Run Bytes Received By Node
	3263  -  Total Bytes Sent By Node
	33639  -  Total Bytes Received By Node
...
005 (273956.000.000) 2025-01-23 11:28:50 Job terminated.
	(1) Normal termination (return value 0)
		Usr 0 00:00:23, Sys 0 00:00:00  -  Run Remote Usage
		Usr 0 00:00:00, Sys 0 00:00:00  -  Run Local Usage
		Usr 0 00:00:00, Sys 0 00:00:00  -  Total Remote Usage
		Usr 0 00:00:00, Sys 0 00:00:00  -  Total Local Usage
	7593  -  Run Bytes Sent By Job
	134556  -  Run Bytes Received By Job
	7593  -  Total Bytes Sent By Job
	134556  -  Total Bytes Received By Job
	Partitionable Resources :    Usage  Request Allocated 
	   Cpus                 :                 1         2 
	   Disk (KB)            :       49       35 103029645 
	   Memory (MB)          :      305        0    100096 

	Job terminated of its own accord at 2025-01-23T11:28:50Z with exit-code 0.
...
000 (278702.000.000) 2025-01-24 09:18:29 Job submitted from host: <192.168.0.102:9618?addrs=192.168.0.102-9618&alias=submitter&noUDP&sock=schedd_2032_5c88>
...
014 (278702.000.000) 2025-01-24 09:18:33 Node 0 executing on host: <192.168.0.147:9618?addrs=192.168.0.147-9618&alias=node147.di.rm1&noUDP&sock=startd_1513_5ee1>
...
014 (278702.000.001) 2025-01-24 09:18:33 Node 1 executing on host: <192.168.0.151:9618?addrs=192.168.0.151-9618&alias=node151.di.rm1&noUDP&sock=startd_1528_a8cd>
...
014 (278702.000.003) 2025-01-24 09:18:33 Node 3 executing on host: <192.168.0.113:9618?addrs=192.168.0.113-9618&alias=node113.di.rm1&noUDP&sock=startd_3668932_c305>
...
014 (278702.000.002) 2025-01-24 09:18:33 Node 2 executing on host: <192.168.0.148:9618?addrs=192.168.0.148-9618&alias=node148.di.rm1&noUDP&sock=startd_1547_b119>
...
001 (278702.000.000) 2025-01-24 09:18:33 Job executing on host: MPI_job
...
008 (278702.000.000) 2025-01-24 09:18:35 Launching orted on Node 0 of 4
...
008 (278702.000.000) 2025-01-24 09:18:35 Launching orted on Node 3 of 4
...
008 (278702.000.000) 2025-01-24 09:18:35 Launching orted on Node 2 of 4
...
008 (278702.000.000) 2025-01-24 09:18:35 Launching orted on Node 1 of 4
...
008 (278702.000.000) 2025-01-24 09:18:44 orted exited on Node 1 of 4
...
008 (278702.000.000) 2025-01-24 09:18:44 orted exited on Node 2 of 4
...
008 (278702.000.000) 2025-01-24 09:18:44 orted exited on Node 3 of 4
...
008 (278702.000.000) 2025-01-24 09:18:44 orted exited on Node 0 of 4
...
015 (278702.000.003) 2025-01-24 09:18:44 Node 3 terminated.
	(1) Normal termination (return value 0)
		Usr 0 00:00:08, Sys 0 00:00:01  -  Run Remote Usage
		Usr 0 00:00:00, Sys 0 00:00:00  -  Run Local Usage
		Usr 0 00:00:08, Sys 0 00:00:01  -  Total Remote Usage
		Usr 0 00:00:00, Sys 0 00:00:00  -  Total Local Usage
	2187  -  Run Bytes Sent By Node
	33639  -  Run Bytes Received By Node
	2187  -  Total Bytes Sent By Node
	33639  -  Total Bytes Received By Node
...
015 (278702.000.000) 2025-01-24 09:18:44 Node 0 terminated.
	(1) Normal termination (return value 0)
		Usr 0 00:00:05, Sys 0 00:00:00  -  Run Remote Usage
		Usr 0 00:00:00, Sys 0 00:00:00  -  Run Local Usage
		Usr 0 00:00:05, Sys 0 00:00:00  -  Total Remote Usage
		Usr 0 00:00:00, Sys 0 00:00:00  -  Total Local Usage
	3260  -  Run Bytes Sent By Node
	33639  -  Run Bytes Received By Node
	3260  -  Total Bytes Sent By Node
	33639  -  Total Bytes Received By Node
...
005 (278702.000.000) 2025-01-24 09:18:44 Job terminated.
	(1) Normal termination (return value 0)
		Usr 0 00:00:25, Sys 0 00:00:01  -  Run Remote Usage
		Usr 0 00:00:00, Sys 0 00:00:00  -  Run Local Usage
		Usr 0 00:00:05, Sys 0 00:00:00  -  Total Remote Usage
		Usr 0 00:00:00, Sys 0 00:00:00  -  Total Local Usage
	5447  -  Run Bytes Sent By Job
	134556  -  Run Bytes Received By Job
	5447  -  Total Bytes Sent By Job
	134556  -  Total Bytes Received By Job
	Partitionable Resources :    Usage  Request Allocated 
	   Cpus                 :                 1         2 
	   Disk (KB)            :       49       35 102887082 
	   Memory (MB)          :      263        0    100096 

	Job terminated of its own accord at 2025-01-24T09:18:44Z with exit-code 0.
...
000 (286973.000.000) 2025-01-28 16:13:08 Job submitted from host: <192.168.0.102:9618?addrs=192.168.0.102-9618&alias=submitter&noUDP&sock=schedd_2032_5c88>
...
014 (286973.000.002) 2025-01-28 16:13:25 Node 2 executing on host: <192.168.0.105:9618?addrs=192.168.0.105-9618&alias=node105.di.rm1&noUDP&sock=startd_1951_cd5c>
...
014 (286973.000.001) 2025-01-28 16:13:25 Node 1 executing on host: <192.168.0.113:9618?addrs=192.168.0.113-9618&alias=node113.di.rm1&noUDP&sock=startd_3668932_c305>
...
014 (286973.000.003) 2025-01-28 16:13:25 Node 3 executing on host: <192.168.0.115:9618?addrs=192.168.0.115-9618&alias=node115.di.rm1&noUDP&sock=startd_1101621_f4a0>
...
014 (286973.000.000) 2025-01-28 16:13:26 Node 0 executing on host: <192.168.0.149:9618?addrs=192.168.0.149-9618&alias=node149.di.rm1&noUDP&sock=startd_1551_6f7a>
...
001 (286973.000.000) 2025-01-28 16:13:26 Job executing on host: MPI_job
...
008 (286973.000.000) 2025-01-28 16:13:28 Launching orted on Node 2 of 4
...
008 (286973.000.000) 2025-01-28 16:13:28 Launching orted on Node 3 of 4
...
008 (286973.000.000) 2025-01-28 16:13:28 Launching orted on Node 1 of 4
...
008 (286973.000.000) 2025-01-28 16:13:28 Launching orted on Node 0 of 4
...
008 (286973.000.000) 2025-01-28 16:13:36 orted exited on Node 2 of 4
...
008 (286973.000.000) 2025-01-28 16:13:36 orted exited on Node 0 of 4
...
008 (286973.000.000) 2025-01-28 16:13:36 orted exited on Node 1 of 4
...
008 (286973.000.000) 2025-01-28 16:13:36 orted exited on Node 3 of 4
...
015 (286973.000.002) 2025-01-28 16:13:36 Node 2 terminated.
	(1) Normal termination (return value 0)
		Usr 0 00:00:08, Sys 0 00:00:01  -  Run Remote Usage
		Usr 0 00:00:00, Sys 0 00:00:00  -  Run Local Usage
		Usr 0 00:00:08, Sys 0 00:00:01  -  Total Remote Usage
		Usr 0 00:00:00, Sys 0 00:00:00  -  Total Local Usage
	2165  -  Run Bytes Sent By Node
	33591  -  Run Bytes Received By Node
	2165  -  Total Bytes Sent By Node
	33591  -  Total Bytes Received By Node
...
015 (286973.000.003) 2025-01-28 16:13:36 Node 3 terminated.
	(1) Normal termination (return value 0)
		Usr 0 00:00:08, Sys 0 00:00:00  -  Run Remote Usage
		Usr 0 00:00:00, Sys 0 00:00:00  -  Run Local Usage
		Usr 0 00:00:08, Sys 0 00:00:00  -  Total Remote Usage
		Usr 0 00:00:00, Sys 0 00:00:00  -  Total Local Usage
	2165  -  Run Bytes Sent By Node
	33591  -  Run Bytes Received By Node
	2165  -  Total Bytes Sent By Node
	33591  -  Total Bytes Received By Node
...
015 (286973.000.001) 2025-01-28 16:13:36 Node 1 terminated.
	(1) Normal termination (return value 0)
		Usr 0 00:00:08, Sys 0 00:00:00  -  Run Remote Usage
		Usr 0 00:00:00, Sys 0 00:00:00  -  Run Local Usage
		Usr 0 00:00:08, Sys 0 00:00:00  -  Total Remote Usage
		Usr 0 00:00:00, Sys 0 00:00:00  -  Total Local Usage
	2187  -  Run Bytes Sent By Node
	33591  -  Run Bytes Received By Node
	2187  -  Total Bytes Sent By Node
	33591  -  Total Bytes Received By Node
...
015 (286973.000.000) 2025-01-28 16:13:36 Node 0 terminated.
	(1) Normal termination (return value 0)
		Usr 0 00:00:00, Sys 0 00:00:00  -  Run Remote Usage
		Usr 0 00:00:00, Sys 0 00:00:00  -  Run Local Usage
		Usr 0 00:00:00, Sys 0 00:00:00  -  Total Remote Usage
		Usr 0 00:00:00, Sys 0 00:00:00  -  Total Local Usage
	3263  -  Run Bytes Sent By Node
	33591  -  Run Bytes Received By Node
	3263  -  Total Bytes Sent By Node
	33591  -  Total Bytes Received By Node
...
005 (286973.000.000) 2025-01-28 16:13:36 Job terminated.
	(1) Normal termination (return value 0)
		Usr 0 00:00:24, Sys 0 00:00:01  -  Run Remote Usage
		Usr 0 00:00:00, Sys 0 00:00:00  -  Run Local Usage
		Usr 0 00:00:00, Sys 0 00:00:00  -  Total Remote Usage
		Usr 0 00:00:00, Sys 0 00:00:00  -  Total Local Usage
	9780  -  Run Bytes Sent By Job
	134364  -  Run Bytes Received By Job
	9780  -  Total Bytes Sent By Job
	134364  -  Total Bytes Received By Job
	Partitionable Resources :    Usage  Request Allocated 
	   Cpus                 :                 1         1 
	   Disk (KB)            :       51       35 105243387 
	   Memory (MB)          :      285      315    102400 

	Job terminated of its own accord at 2025-01-28T16:13:36Z with exit-code 0.
...
