000 (274204.000.000) 2025-01-23 11:41:59 Job submitted from host: <192.168.0.102:9618?addrs=192.168.0.102-9618&alias=submitter&noUDP&sock=schedd_2032_5c88>
...
014 (274204.000.000) 2025-01-23 11:42:04 Node 0 executing on host: <192.168.0.123:9618?addrs=192.168.0.123-9618&alias=node123.di.rm1&noUDP&sock=startd_2149_9d1d>
...
014 (274204.000.002) 2025-01-23 11:42:04 Node 2 executing on host: <192.168.0.124:9618?addrs=192.168.0.124-9618&alias=node124.di.rm1&noUDP&sock=startd_2143_7f8b>
...
014 (274204.000.003) 2025-01-23 11:42:04 Node 3 executing on host: <192.168.0.142:9618?addrs=192.168.0.142-9618&alias=node142.di.rm1&noUDP&sock=startd_1996_ab1f>
...
014 (274204.000.001) 2025-01-23 11:42:04 Node 1 executing on host: <192.168.0.141:9618?addrs=192.168.0.141-9618&alias=node141.di.rm1&noUDP&sock=startd_2077_3a4b>
...
001 (274204.000.000) 2025-01-23 11:42:04 Job executing on host: MPI_job
...
008 (274204.000.000) 2025-01-23 11:42:06 Launching orted on Node 0 of 4
...
008 (274204.000.000) 2025-01-23 11:42:06 Launching orted on Node 3 of 4
...
008 (274204.000.000) 2025-01-23 11:42:06 Launching orted on Node 2 of 4
...
008 (274204.000.000) 2025-01-23 11:42:07 Launching orted on Node 1 of 4
...
008 (274204.000.000) 2025-01-23 11:42:40 Node 0 caught SIGTERM, cleaning up mpirun
...
004 (274204.000.000) 2025-01-23 11:42:40 Job was evicted.
	(0) CPU times
		Usr 0 00:00:49, Sys 0 00:00:00  -  Run Remote Usage
		Usr 0 00:00:00, Sys 0 00:00:00  -  Run Local Usage
	0  -  Run Bytes Sent By Job
	134556  -  Run Bytes Received By Job
	Partitionable Resources :    Usage  Request Allocated 
	   Cpus                 :                 1         2 
	   Disk (KB)            :     8568       35 102979196 
	   GPUs                 :                           0 
	   Memory (MB)          :       86       38    100096 
...
009 (274204.000.000) 2025-01-23 11:42:40 Job was aborted.
	via condor_rm (by user calzona_2046920)
...
000 (278939.000.000) 2025-01-24 09:47:17 Job submitted from host: <192.168.0.102:9618?addrs=192.168.0.102-9618&alias=submitter&noUDP&sock=schedd_2032_5c88>
...
014 (278939.000.000) 2025-01-24 09:47:19 Node 0 executing on host: <192.168.0.147:9618?addrs=192.168.0.147-9618&alias=node147.di.rm1&noUDP&sock=startd_1513_5ee1>
...
014 (278939.000.003) 2025-01-24 09:47:19 Node 3 executing on host: <192.168.0.134:9618?addrs=192.168.0.134-9618&alias=node134.di.rm1&noUDP&sock=startd_2073_7bea>
...
014 (278939.000.002) 2025-01-24 09:47:19 Node 2 executing on host: <192.168.0.151:9618?addrs=192.168.0.151-9618&alias=node151.di.rm1&noUDP&sock=startd_1528_a8cd>
...
014 (278939.000.001) 2025-01-24 09:47:19 Node 1 executing on host: <192.168.0.133:9618?addrs=192.168.0.133-9618&alias=node133.di.rm1&noUDP&sock=startd_1941_f16a>
...
001 (278939.000.000) 2025-01-24 09:47:19 Job executing on host: MPI_job
...
008 (278939.000.000) 2025-01-24 09:47:21 Launching orted on Node 0 of 4
...
008 (278939.000.000) 2025-01-24 09:47:21 Launching orted on Node 3 of 4
...
008 (278939.000.000) 2025-01-24 09:47:21 Launching orted on Node 2 of 4
...
008 (278939.000.000) 2025-01-24 09:47:21 Launching orted on Node 1 of 4
...
008 (278939.000.000) 2025-01-24 09:48:30 orted exited on Node 3 of 4
...
008 (278939.000.000) 2025-01-24 09:48:30 orted exited on Node 1 of 4
...
008 (278939.000.000) 2025-01-24 09:48:30 orted exited on Node 2 of 4
...
008 (278939.000.000) 2025-01-24 09:48:30 orted exited on Node 0 of 4
...
015 (278939.000.000) 2025-01-24 09:48:30 Node 0 terminated.
	(1) Normal termination (return value 0)
		Usr 0 00:00:05, Sys 0 00:00:00  -  Run Remote Usage
		Usr 0 00:00:00, Sys 0 00:00:00  -  Run Local Usage
		Usr 0 00:00:05, Sys 0 00:00:00  -  Total Remote Usage
		Usr 0 00:00:00, Sys 0 00:00:00  -  Total Local Usage
	3261  -  Run Bytes Sent By Node
	33639  -  Run Bytes Received By Node
	3261  -  Total Bytes Sent By Node
	33639  -  Total Bytes Received By Node
...
005 (278939.000.000) 2025-01-24 09:48:30 Job terminated.
	(1) Normal termination (return value 0)
		Usr 0 00:03:29, Sys 0 00:00:01  -  Run Remote Usage
		Usr 0 00:00:00, Sys 0 00:00:00  -  Run Local Usage
		Usr 0 00:00:05, Sys 0 00:00:00  -  Total Remote Usage
		Usr 0 00:00:00, Sys 0 00:00:00  -  Total Local Usage
	3261  -  Run Bytes Sent By Job
	134556  -  Run Bytes Received By Job
	3261  -  Total Bytes Sent By Job
	134556  -  Total Bytes Received By Job
	Partitionable Resources :    Usage  Request Allocated 
	   Cpus                 :                 1         1 
	   Disk (KB)            :       49       35    469805 
	   Memory (MB)          :       85       38     20480 

	Job terminated of its own accord at 2025-01-24T09:48:30Z with exit-code 0.
...
000 (287241.000.000) 2025-01-28 16:42:48 Job submitted from host: <192.168.0.102:9618?addrs=192.168.0.102-9618&alias=submitter&noUDP&sock=schedd_2032_5c88>
...
014 (287241.000.000) 2025-01-28 16:42:52 Node 0 executing on host: <192.168.0.145:9618?addrs=192.168.0.145-9618&alias=node145.di.rm1&noUDP&sock=startd_1869_8e98>
...
014 (287241.000.002) 2025-01-28 16:42:52 Node 2 executing on host: <192.168.0.135:9618?addrs=192.168.0.135-9618&alias=node135.di.rm1&noUDP&sock=startd_2000_6980>
...
014 (287241.000.003) 2025-01-28 16:42:52 Node 3 executing on host: <192.168.0.130:9618?addrs=192.168.0.130-9618&alias=node130.di.rm1&noUDP&sock=startd_2751195_838e>
...
014 (287241.000.001) 2025-01-28 16:42:52 Node 1 executing on host: <192.168.0.120:9618?addrs=192.168.0.120-9618&alias=node120.di.rm1&noUDP&sock=startd_2096_4298>
...
001 (287241.000.000) 2025-01-28 16:42:52 Job executing on host: MPI_job
...
008 (287241.000.000) 2025-01-28 16:42:54 Launching orted on Node 0 of 4
...
008 (287241.000.000) 2025-01-28 16:42:54 Launching orted on Node 2 of 4
...
008 (287241.000.000) 2025-01-28 16:42:54 Launching orted on Node 3 of 4
...
008 (287241.000.000) 2025-01-28 16:42:54 Launching orted on Node 1 of 4
...
008 (287241.000.000) 2025-01-28 16:44:01 orted exited on Node 2 of 4
...
008 (287241.000.000) 2025-01-28 16:44:01 orted exited on Node 1 of 4
...
008 (287241.000.000) 2025-01-28 16:44:01 orted exited on Node 3 of 4
...
008 (287241.000.000) 2025-01-28 16:44:01 orted exited on Node 0 of 4
...
015 (287241.000.002) 2025-01-28 16:44:01 Node 2 terminated.
	(1) Normal termination (return value 0)
		Usr 0 00:01:06, Sys 0 00:00:00  -  Run Remote Usage
		Usr 0 00:00:00, Sys 0 00:00:00  -  Run Local Usage
		Usr 0 00:01:06, Sys 0 00:00:00  -  Total Remote Usage
		Usr 0 00:00:00, Sys 0 00:00:00  -  Total Local Usage
	2165  -  Run Bytes Sent By Node
	33591  -  Run Bytes Received By Node
	2165  -  Total Bytes Sent By Node
	33591  -  Total Bytes Received By Node
...
015 (287241.000.000) 2025-01-28 16:44:01 Node 0 terminated.
	(1) Normal termination (return value 0)
		Usr 0 00:00:07, Sys 0 00:00:01  -  Run Remote Usage
		Usr 0 00:00:00, Sys 0 00:00:00  -  Run Local Usage
		Usr 0 00:00:07, Sys 0 00:00:01  -  Total Remote Usage
		Usr 0 00:00:00, Sys 0 00:00:00  -  Total Local Usage
	3264  -  Run Bytes Sent By Node
	33591  -  Run Bytes Received By Node
	3264  -  Total Bytes Sent By Node
	33591  -  Total Bytes Received By Node
...
015 (287241.000.001) 2025-01-28 16:44:01 Node 1 terminated.
	(1) Normal termination (return value 0)
		Usr 0 00:01:06, Sys 0 00:00:00  -  Run Remote Usage
		Usr 0 00:00:00, Sys 0 00:00:00  -  Run Local Usage
		Usr 0 00:01:06, Sys 0 00:00:00  -  Total Remote Usage
		Usr 0 00:00:00, Sys 0 00:00:00  -  Total Local Usage
	2187  -  Run Bytes Sent By Node
	33591  -  Run Bytes Received By Node
	2187  -  Total Bytes Sent By Node
	33591  -  Total Bytes Received By Node
...
005 (287241.000.000) 2025-01-28 16:44:01 Job terminated.
	(1) Normal termination (return value 0)
		Usr 0 00:03:25, Sys 0 00:00:02  -  Run Remote Usage
		Usr 0 00:00:00, Sys 0 00:00:00  -  Run Local Usage
		Usr 0 00:00:07, Sys 0 00:00:01  -  Total Remote Usage
		Usr 0 00:00:00, Sys 0 00:00:00  -  Total Local Usage
	7616  -  Run Bytes Sent By Job
	134364  -  Run Bytes Received By Job
	7616  -  Total Bytes Sent By Job
	134364  -  Total Bytes Received By Job
	Partitionable Resources :    Usage  Request Allocated 
	   Cpus                 :     1.00        1         2 
	   Disk (KB)            :    56          35 102711052 
	   Memory (MB)          :    84          35    100096 

	Job terminated of its own accord at 2025-01-28T16:44:01Z with exit-code 0.
...
