000 (265248.000.000) 2025-01-17 11:21:49 Job submitted from host: <192.168.0.102:9618?addrs=192.168.0.102-9618&alias=submitter&noUDP&sock=schedd_2032_5c88>
...
001 (265248.000.000) 2025-01-17 11:21:54 Job executing on host: <192.168.0.114:9618?addrs=192.168.0.114-9618&alias=node114.di.rm1&noUDP&sock=startd_2075_db1b>
...
006 (265248.000.000) 2025-01-17 11:22:03 Image size of job updated: 313904
	307  -  MemoryUsage of job (MB)
	313632  -  ResidentSetSize of job (KB)
...
006 (265248.000.000) 2025-01-17 11:27:04 Image size of job updated: 2284608
	2187  -  MemoryUsage of job (MB)
	2239124  -  ResidentSetSize of job (KB)
...
006 (265248.000.000) 2025-01-17 11:32:05 Image size of job updated: 2284608
	2191  -  MemoryUsage of job (MB)
	2242688  -  ResidentSetSize of job (KB)
...
004 (265248.000.000) 2025-01-17 11:33:16 Job was evicted.
	(0) CPU times
		Usr 0 00:28:44, Sys 0 00:00:02  -  Run Remote Usage
		Usr 0 00:00:00, Sys 0 00:00:00  -  Run Local Usage
	0  -  Run Bytes Sent By Job
	0  -  Run Bytes Received By Job
	Partitionable Resources :    Usage  Request Allocated 
	   Cpus                 :     2.41        1         1 
	   Disk (KB)            :    27          27    195565 
	   Memory (MB)          :  2191           1       128 
...
009 (265248.000.000) 2025-01-17 11:33:16 Job was aborted.
	via condor_rm (by user calzona_2046920)
...
