000 (280483.000.000) 2025-01-25 16:42:09 Job submitted from host: <192.168.0.102:9618?addrs=192.168.0.102-9618&alias=submitter&noUDP&sock=schedd_2032_5c88>
...
014 (280483.000.000) 2025-01-25 16:42:30 Node 0 executing on host: <192.168.0.148:9618?addrs=192.168.0.148-9618&alias=node148.di.rm1&noUDP&sock=startd_1547_b119>
...
014 (280483.000.001) 2025-01-25 16:42:30 Node 1 executing on host: <192.168.0.120:9618?addrs=192.168.0.120-9618&alias=node120.di.rm1&noUDP&sock=startd_2096_4298>
...
001 (280483.000.000) 2025-01-25 16:42:30 Job executing on host: MPI_job
...
008 (280483.000.000) 2025-01-25 16:42:32 Launching orted on Node 0 of 2
...
008 (280483.000.000) 2025-01-25 16:42:32 Launching orted on Node 1 of 2
...
008 (280483.000.000) 2025-01-25 16:42:42 orted exited on Node 0 of 2
...
008 (280483.000.000) 2025-01-25 16:42:42 orted exited on Node 1 of 2
...
015 (280483.000.000) 2025-01-25 16:42:42 Node 0 terminated.
	(1) Normal termination (return value 0)
		Usr 0 00:00:06, Sys 0 00:00:01  -  Run Remote Usage
		Usr 0 00:00:00, Sys 0 00:00:00  -  Run Local Usage
		Usr 0 00:00:06, Sys 0 00:00:01  -  Total Remote Usage
		Usr 0 00:00:00, Sys 0 00:00:00  -  Total Local Usage
	3620  -  Run Bytes Sent By Node
	33639  -  Run Bytes Received By Node
	3620  -  Total Bytes Sent By Node
	33639  -  Total Bytes Received By Node
...
005 (280483.000.000) 2025-01-25 16:42:42 Job terminated.
	(1) Normal termination (return value 0)
		Usr 0 00:00:14, Sys 0 00:00:01  -  Run Remote Usage
		Usr 0 00:00:00, Sys 0 00:00:00  -  Run Local Usage
		Usr 0 00:00:06, Sys 0 00:00:01  -  Total Remote Usage
		Usr 0 00:00:00, Sys 0 00:00:00  -  Total Local Usage
	3620  -  Run Bytes Sent By Job
	67278  -  Run Bytes Received By Job
	3620  -  Total Bytes Sent By Job
	67278  -  Total Bytes Received By Job
	Partitionable Resources :    Usage  Request Allocated 
	   Cpus                 :                 1         1 
	   Disk (KB)            :       49       35    467548 
	   Memory (MB)          :      289        1     40960 

	Job terminated of its own accord at 2025-01-25T16:42:42Z with exit-code 0.
...
000 (280701.000.000) 2025-01-25 17:27:52 Job submitted from host: <192.168.0.102:9618?addrs=192.168.0.102-9618&alias=submitter&noUDP&sock=schedd_2032_5c88>
...
014 (280701.000.000) 2025-01-25 17:27:59 Node 0 executing on host: <192.168.0.104:9618?addrs=192.168.0.104-9618&alias=node104.di.rm1&noUDP&sock=startd_1987_7ec5>
...
014 (280701.000.001) 2025-01-25 17:27:59 Node 1 executing on host: <192.168.0.145:9618?addrs=192.168.0.145-9618&alias=node145.di.rm1&noUDP&sock=startd_1869_8e98>
...
001 (280701.000.000) 2025-01-25 17:27:59 Job executing on host: MPI_job
...
008 (280701.000.000) 2025-01-25 17:28:01 Launching orted on Node 0 of 2
...
008 (280701.000.000) 2025-01-25 17:28:01 Launching orted on Node 1 of 2
...
008 (280701.000.000) 2025-01-25 17:28:10 orted exited on Node 0 of 2
...
008 (280701.000.000) 2025-01-25 17:28:10 orted exited on Node 1 of 2
...
015 (280701.000.000) 2025-01-25 17:28:10 Node 0 terminated.
	(1) Normal termination (return value 0)
		Usr 0 00:00:07, Sys 0 00:00:00  -  Run Remote Usage
		Usr 0 00:00:00, Sys 0 00:00:00  -  Run Local Usage
		Usr 0 00:00:07, Sys 0 00:00:00  -  Total Remote Usage
		Usr 0 00:00:00, Sys 0 00:00:00  -  Total Local Usage
	3253  -  Run Bytes Sent By Node
	33639  -  Run Bytes Received By Node
	3253  -  Total Bytes Sent By Node
	33639  -  Total Bytes Received By Node
...
005 (280701.000.000) 2025-01-25 17:28:10 Job terminated.
	(1) Normal termination (return value 0)
		Usr 0 00:00:16, Sys 0 00:00:00  -  Run Remote Usage
		Usr 0 00:00:00, Sys 0 00:00:00  -  Run Local Usage
		Usr 0 00:00:07, Sys 0 00:00:00  -  Total Remote Usage
		Usr 0 00:00:00, Sys 0 00:00:00  -  Total Local Usage
	5418  -  Run Bytes Sent By Job
	67278  -  Run Bytes Received By Job
	5418  -  Total Bytes Sent By Job
	67278  -  Total Bytes Received By Job
	Partitionable Resources :    Usage  Request Allocated 
	   Cpus                 :                 1         1 
	   Disk (KB)            :       49       35    465124 
	   Memory (MB)          :      288     5372     40960 

	Job terminated of its own accord at 2025-01-25T17:28:10Z with exit-code 0.
...
