000 (268286.000.000) 2025-01-21 21:42:18 Job submitted from host: <192.168.0.102:9618?addrs=192.168.0.102-9618&alias=submitter&noUDP&sock=schedd_2032_5c88>
...
001 (268286.000.000) 2025-01-21 21:42:26 Job executing on host: <192.168.0.151:9618?addrs=192.168.0.151-9618&alias=node151.di.rm1&noUDP&sock=startd_1528_a8cd>
...
006 (268286.000.000) 2025-01-21 21:42:35 Image size of job updated: 886644
	866  -  MemoryUsage of job (MB)
	886644  -  ResidentSetSize of job (KB)
...
006 (268286.000.000) 2025-01-21 21:43:14 Image size of job updated: 5166676
	869  -  MemoryUsage of job (MB)
	889812  -  ResidentSetSize of job (KB)
...
004 (268286.000.000) 2025-01-21 21:43:14 Job was evicted.
	(0) CPU times
		Usr 0 00:00:45, Sys 0 00:00:01  -  Run Remote Usage
		Usr 0 00:00:00, Sys 0 00:00:00  -  Run Local Usage
	0  -  Run Bytes Sent By Job
	0  -  Run Bytes Received By Job
	Partitionable Resources :    Usage  Request Allocated 
	   Cpus                 :                 1         1 
	   Disk (KB)            :       27       27    474791 
	   Memory (MB)          :      869        1       128 
...
009 (268286.000.000) 2025-01-21 21:43:14 Job was aborted.
	via condor_rm (by user calzona_2046920)
...
000 (268448.000.000) 2025-01-21 21:49:02 Job submitted from host: <192.168.0.102:9618?addrs=192.168.0.102-9618&alias=submitter&noUDP&sock=schedd_2032_5c88>
...
001 (268448.000.000) 2025-01-21 21:49:03 Job executing on host: <192.168.0.130:9618?addrs=192.168.0.130-9618&alias=node130.di.rm1&noUDP&sock=startd_2751195_838e>
...
006 (268448.000.000) 2025-01-21 21:49:12 Image size of job updated: 1316500
	750  -  MemoryUsage of job (MB)
	767316  -  ResidentSetSize of job (KB)
...
006 (268448.000.000) 2025-01-21 21:50:05 Image size of job updated: 5270824
	751  -  MemoryUsage of job (MB)
	768636  -  ResidentSetSize of job (KB)
...
004 (268448.000.000) 2025-01-21 21:50:05 Job was evicted.
	(0) CPU times
		Usr 0 00:00:58, Sys 0 00:00:02  -  Run Remote Usage
		Usr 0 00:00:00, Sys 0 00:00:00  -  Run Local Usage
	0  -  Run Bytes Sent By Job
	0  -  Run Bytes Received By Job
	Partitionable Resources :    Usage  Request Allocated 
	   Cpus                 :                 1         1 
	   Disk (KB)            :       27       27    472313 
	   Memory (MB)          :      751        1       128 
...
009 (268448.000.000) 2025-01-21 21:50:05 Job was aborted.
	via condor_rm (by user calzona_2046920)
...
000 (275002.000.000) 2025-01-24 01:35:41 Job submitted from host: <192.168.0.102:9618?addrs=192.168.0.102-9618&alias=submitter&noUDP&sock=schedd_2032_5c88>
...
001 (275002.000.000) 2025-01-24 01:35:42 Job executing on host: <192.168.0.148:9618?addrs=192.168.0.148-9618&alias=node148.di.rm1&noUDP&sock=startd_1547_b119>
...
006 (275002.000.000) 2025-01-24 01:35:51 Image size of job updated: 1191628
	982  -  MemoryUsage of job (MB)
	1005048  -  ResidentSetSize of job (KB)
...
006 (275002.000.000) 2025-01-24 01:37:45 Image size of job updated: 6755876
	983  -  MemoryUsage of job (MB)
	1005576  -  ResidentSetSize of job (KB)
...
004 (275002.000.000) 2025-01-24 01:37:45 Job was evicted.
	(0) CPU times
		Usr 0 00:01:58, Sys 0 00:00:02  -  Run Remote Usage
		Usr 0 00:00:00, Sys 0 00:00:00  -  Run Local Usage
	0  -  Run Bytes Sent By Job
	0  -  Run Bytes Received By Job
	Partitionable Resources :    Usage  Request Allocated 
	   Cpus                 :     1.00        1         1 
	   Disk (KB)            :    27          27    467548 
	   Memory (MB)          :   983           1       128 
...
009 (275002.000.000) 2025-01-24 01:37:45 Job was aborted.
	via condor_rm (by user calzona_2046920)
...
