000 (270027.000.000) 2025-01-21 23:22:22 Job submitted from host: <192.168.0.102:9618?addrs=192.168.0.102-9618&alias=submitter&noUDP&sock=schedd_2032_5c88>
...
001 (270027.000.000) 2025-01-21 23:22:30 Job executing on host: <192.168.0.111:9618?addrs=192.168.0.111-9618&alias=node111.di.rm1&noUDP&sock=startd_2044_97ab>
...
006 (270027.000.000) 2025-01-21 23:22:39 Image size of job updated: 496412
	482  -  MemoryUsage of job (MB)
	493412  -  ResidentSetSize of job (KB)
...
006 (270027.000.000) 2025-01-21 23:22:44 Image size of job updated: 556548
	487  -  MemoryUsage of job (MB)
	497900  -  ResidentSetSize of job (KB)
...
005 (270027.000.000) 2025-01-21 23:22:44 Job terminated.
	(1) Normal termination (return value 0)
		Usr 0 00:00:18, Sys 0 00:00:01  -  Run Remote Usage
		Usr 0 00:00:00, Sys 0 00:00:00  -  Run Local Usage
		Usr 0 00:00:18, Sys 0 00:00:01  -  Total Remote Usage
		Usr 0 00:00:00, Sys 0 00:00:00  -  Total Local Usage
	0  -  Run Bytes Sent By Job
	0  -  Run Bytes Received By Job
	0  -  Total Bytes Sent By Job
	0  -  Total Bytes Received By Job
	Partitionable Resources :    Usage  Request Allocated 
	   Cpus                 :                 1         1 
	   Disk (KB)            :       27       27    468058 
	   Gpus (Average)       :                 0         0 
	   Memory (MB)          :      487        1       128 

	Job terminated of its own accord at 2025-01-21T23:22:44Z with exit-code 0.
...
000 (276185.000.000) 2025-01-24 04:04:18 Job submitted from host: <192.168.0.102:9618?addrs=192.168.0.102-9618&alias=submitter&noUDP&sock=schedd_2032_5c88>
...
001 (276185.000.000) 2025-01-24 04:04:30 Job executing on host: <192.168.0.124:9618?addrs=192.168.0.124-9618&alias=node124.di.rm1&noUDP&sock=startd_2143_7f8b>
...
006 (276185.000.000) 2025-01-24 04:04:39 Image size of job updated: 489980
	477  -  MemoryUsage of job (MB)
	487736  -  ResidentSetSize of job (KB)
...
006 (276185.000.000) 2025-01-24 04:04:44 Image size of job updated: 555320
	477  -  MemoryUsage of job (MB)
	487736  -  ResidentSetSize of job (KB)
...
005 (276185.000.000) 2025-01-24 04:04:44 Job terminated.
	(1) Normal termination (return value 0)
		Usr 0 00:00:18, Sys 0 00:00:02  -  Run Remote Usage
		Usr 0 00:00:00, Sys 0 00:00:00  -  Run Local Usage
		Usr 0 00:00:18, Sys 0 00:00:02  -  Total Remote Usage
		Usr 0 00:00:00, Sys 0 00:00:00  -  Total Local Usage
	0  -  Run Bytes Sent By Job
	0  -  Run Bytes Received By Job
	0  -  Total Bytes Sent By Job
	0  -  Total Bytes Received By Job
	Partitionable Resources :    Usage  Request Allocated 
	   Cpus                 :                 1         1 
	   Disk (KB)            :       27       27    499302 
	   Gpus (Average)       :                 0         0 
	   Memory (MB)          :      477        1       128 

	Job terminated of its own accord at 2025-01-24T04:04:44Z with exit-code 0.
...
