000 (273908.000.000) 2025-01-23 11:26:03 Job submitted from host: <192.168.0.102:9618?addrs=192.168.0.102-9618&alias=submitter&noUDP&sock=schedd_2032_5c88>
...
014 (273908.000.000) 2025-01-23 11:26:10 Node 0 executing on host: <192.168.0.132:9618?addrs=192.168.0.132-9618&alias=node132.di.rm1&noUDP&sock=startd_1999_b9e8>
...
014 (273908.000.003) 2025-01-23 11:26:10 Node 3 executing on host: <192.168.0.137:9618?addrs=192.168.0.137-9618&alias=node137.di.rm1&noUDP&sock=startd_1934_2440>
...
014 (273908.000.001) 2025-01-23 11:26:10 Node 1 executing on host: <192.168.0.108:9618?addrs=192.168.0.108-9618&alias=node108.di.rm1&noUDP&sock=startd_1979_0203>
...
014 (273908.000.002) 2025-01-23 11:26:10 Node 2 executing on host: <192.168.0.113:9618?addrs=192.168.0.113-9618&alias=node113.di.rm1&noUDP&sock=startd_3668932_c305>
...
001 (273908.000.000) 2025-01-23 11:26:10 Job executing on host: MPI_job
...
008 (273908.000.000) 2025-01-23 11:26:12 Launching orted on Node 0 of 4
...
008 (273908.000.000) 2025-01-23 11:26:13 Launching orted on Node 3 of 4
...
008 (273908.000.000) 2025-01-23 11:26:13 Launching orted on Node 2 of 4
...
008 (273908.000.000) 2025-01-23 11:26:13 Launching orted on Node 1 of 4
...
008 (273908.000.000) 2025-01-23 11:26:13 orted exited on Node 1 of 4
...
008 (273908.000.000) 2025-01-23 11:26:13 orted exited on Node 0 of 4
...
008 (273908.000.000) 2025-01-23 11:26:13 orted exited on Node 2 of 4
...
008 (273908.000.000) 2025-01-23 11:26:13 orted exited on Node 3 of 4
...
015 (273908.000.002) 2025-01-23 11:26:13 Node 2 terminated.
	(1) Normal termination (return value 0)
		Usr 0 00:00:00, Sys 0 00:00:00  -  Run Remote Usage
		Usr 0 00:00:00, Sys 0 00:00:00  -  Run Local Usage
		Usr 0 00:00:00, Sys 0 00:00:00  -  Total Remote Usage
		Usr 0 00:00:00, Sys 0 00:00:00  -  Total Local Usage
	2187  -  Run Bytes Sent By Node
	33639  -  Run Bytes Received By Node
	2187  -  Total Bytes Sent By Node
	33639  -  Total Bytes Received By Node
...
015 (273908.000.000) 2025-01-23 11:26:13 Node 0 terminated.
	(1) Normal termination (return value 0)
		Usr 0 00:00:00, Sys 0 00:00:00  -  Run Remote Usage
		Usr 0 00:00:00, Sys 0 00:00:00  -  Run Local Usage
		Usr 0 00:00:00, Sys 0 00:00:00  -  Total Remote Usage
		Usr 0 00:00:00, Sys 0 00:00:00  -  Total Local Usage
	3261  -  Run Bytes Sent By Node
	33639  -  Run Bytes Received By Node
	3261  -  Total Bytes Sent By Node
	33639  -  Total Bytes Received By Node
...
015 (273908.000.003) 2025-01-23 11:26:13 Node 3 terminated.
	(1) Normal termination (return value 0)
		Usr 0 00:00:00, Sys 0 00:00:00  -  Run Remote Usage
		Usr 0 00:00:00, Sys 0 00:00:00  -  Run Local Usage
		Usr 0 00:00:00, Sys 0 00:00:00  -  Total Remote Usage
		Usr 0 00:00:00, Sys 0 00:00:00  -  Total Local Usage
	2165  -  Run Bytes Sent By Node
	33639  -  Run Bytes Received By Node
	2165  -  Total Bytes Sent By Node
	33639  -  Total Bytes Received By Node
...
005 (273908.000.000) 2025-01-23 11:26:13 Job terminated.
	(1) Normal termination (return value 0)
		Usr 0 00:00:01, Sys 0 00:00:01  -  Run Remote Usage
		Usr 0 00:00:00, Sys 0 00:00:00  -  Run Local Usage
		Usr 0 00:00:00, Sys 0 00:00:00  -  Total Remote Usage
		Usr 0 00:00:00, Sys 0 00:00:00  -  Total Local Usage
	7613  -  Run Bytes Sent By Job
	134556  -  Run Bytes Received By Job
	7613  -  Total Bytes Sent By Job
	134556  -  Total Bytes Received By Job
	Partitionable Resources :    Usage  Request Allocated 
	   Cpus                 :                 1         2 
	   Disk (KB)            :       49       35 103028807 
	   Memory (MB)          :        0     1256    100096 

	Job terminated of its own accord at 2025-01-23T11:26:13Z with exit-code 0.
...
000 (278654.000.000) 2025-01-24 09:16:51 Job submitted from host: <192.168.0.102:9618?addrs=192.168.0.102-9618&alias=submitter&noUDP&sock=schedd_2032_5c88>
...
014 (278654.000.000) 2025-01-24 09:16:58 Node 0 executing on host: <192.168.0.130:9618?addrs=192.168.0.130-9618&alias=node130.di.rm1&noUDP&sock=startd_2751195_838e>
...
014 (278654.000.002) 2025-01-24 09:16:58 Node 2 executing on host: <192.168.0.130:9618?addrs=192.168.0.130-9618&alias=node130.di.rm1&noUDP&sock=startd_2751195_838e>
...
014 (278654.000.001) 2025-01-24 09:16:58 Node 1 executing on host: <192.168.0.116:9618?addrs=192.168.0.116-9618&alias=node116.di.rm1&noUDP&sock=startd_1847_7783>
...
014 (278654.000.003) 2025-01-24 09:16:58 Node 3 executing on host: <192.168.0.111:9618?addrs=192.168.0.111-9618&alias=node111.di.rm1&noUDP&sock=startd_2044_97ab>
...
001 (278654.000.000) 2025-01-24 09:16:58 Job executing on host: MPI_job
...
008 (278654.000.000) 2025-01-24 09:17:00 Launching orted on Node 2 of 4
...
008 (278654.000.000) 2025-01-24 09:17:00 Launching orted on Node 0 of 4
...
008 (278654.000.000) 2025-01-24 09:17:00 Launching orted on Node 1 of 4
...
008 (278654.000.000) 2025-01-24 09:17:00 Launching orted on Node 3 of 4
...
008 (278654.000.000) 2025-01-24 09:17:01 orted exited on Node 1 of 4
...
008 (278654.000.000) 2025-01-24 09:17:01 orted exited on Node 3 of 4
...
008 (278654.000.000) 2025-01-24 09:17:01 orted exited on Node 2 of 4
...
008 (278654.000.000) 2025-01-24 09:17:01 orted exited on Node 0 of 4
...
015 (278654.000.002) 2025-01-24 09:17:01 Node 2 terminated.
	(1) Normal termination (return value 0)
		Usr 0 00:00:01, Sys 0 00:00:00  -  Run Remote Usage
		Usr 0 00:00:00, Sys 0 00:00:00  -  Run Local Usage
		Usr 0 00:00:01, Sys 0 00:00:00  -  Total Remote Usage
		Usr 0 00:00:00, Sys 0 00:00:00  -  Total Local Usage
	0  -  Run Bytes Sent By Node
	33639  -  Run Bytes Received By Node
	0  -  Total Bytes Sent By Node
	33639  -  Total Bytes Received By Node
...
015 (278654.000.000) 2025-01-24 09:17:01 Node 0 terminated.
	(1) Normal termination (return value 0)
		Usr 0 00:00:00, Sys 0 00:00:00  -  Run Remote Usage
		Usr 0 00:00:00, Sys 0 00:00:00  -  Run Local Usage
		Usr 0 00:00:00, Sys 0 00:00:00  -  Total Remote Usage
		Usr 0 00:00:00, Sys 0 00:00:00  -  Total Local Usage
	3261  -  Run Bytes Sent By Node
	33639  -  Run Bytes Received By Node
	3261  -  Total Bytes Sent By Node
	33639  -  Total Bytes Received By Node
...
005 (278654.000.000) 2025-01-24 09:17:01 Job terminated.
	(1) Normal termination (return value 0)
		Usr 0 00:00:02, Sys 0 00:00:01  -  Run Remote Usage
		Usr 0 00:00:00, Sys 0 00:00:00  -  Run Local Usage
		Usr 0 00:00:00, Sys 0 00:00:00  -  Total Remote Usage
		Usr 0 00:00:00, Sys 0 00:00:00  -  Total Local Usage
	3261  -  Run Bytes Sent By Job
	134556  -  Run Bytes Received By Job
	3261  -  Total Bytes Sent By Job
	134556  -  Total Bytes Received By Job
	Partitionable Resources :    Usage  Request Allocated 
	   Cpus                 :                 1         2 
	   Disk (KB)            :       49       35 102964203 
	   Memory (MB)          :        0     5626    100096 

	Job terminated of its own accord at 2025-01-24T09:17:01Z with exit-code 0.
...
000 (286926.000.000) 2025-01-28 16:11:40 Job submitted from host: <192.168.0.102:9618?addrs=192.168.0.102-9618&alias=submitter&noUDP&sock=schedd_2032_5c88>
...
014 (286926.000.000) 2025-01-28 16:11:47 Node 0 executing on host: <192.168.0.106:9618?addrs=192.168.0.106-9618&alias=node106.di.rm1&noUDP&sock=startd_1970_d5a9>
...
014 (286926.000.001) 2025-01-28 16:11:48 Node 1 executing on host: <192.168.0.110:9618?addrs=192.168.0.110-9618&alias=node110.di.rm1&noUDP&sock=startd_2185_4e86>
...
014 (286926.000.002) 2025-01-28 16:11:48 Node 2 executing on host: <192.168.0.120:9618?addrs=192.168.0.120-9618&alias=node120.di.rm1&noUDP&sock=startd_2096_4298>
...
014 (286926.000.003) 2025-01-28 16:11:48 Node 3 executing on host: <192.168.0.107:9618?addrs=192.168.0.107-9618&alias=node107.di.rm1&noUDP&sock=startd_1981_6134>
...
001 (286926.000.000) 2025-01-28 16:11:48 Job executing on host: MPI_job
...
008 (286926.000.000) 2025-01-28 16:11:50 Launching orted on Node 0 of 4
...
008 (286926.000.000) 2025-01-28 16:11:50 Launching orted on Node 1 of 4
...
008 (286926.000.000) 2025-01-28 16:11:50 Launching orted on Node 2 of 4
...
008 (286926.000.000) 2025-01-28 16:11:50 Launching orted on Node 3 of 4
...
008 (286926.000.000) 2025-01-28 16:11:51 orted exited on Node 3 of 4
...
008 (286926.000.000) 2025-01-28 16:11:51 orted exited on Node 2 of 4
...
008 (286926.000.000) 2025-01-28 16:11:51 orted exited on Node 0 of 4
...
008 (286926.000.000) 2025-01-28 16:11:51 orted exited on Node 1 of 4
...
015 (286926.000.002) 2025-01-28 16:11:51 Node 2 terminated.
	(1) Normal termination (return value 0)
		Usr 0 00:00:01, Sys 0 00:00:00  -  Run Remote Usage
		Usr 0 00:00:00, Sys 0 00:00:00  -  Run Local Usage
		Usr 0 00:00:01, Sys 0 00:00:00  -  Total Remote Usage
		Usr 0 00:00:00, Sys 0 00:00:00  -  Total Local Usage
	2187  -  Run Bytes Sent By Node
	33591  -  Run Bytes Received By Node
	2187  -  Total Bytes Sent By Node
	33591  -  Total Bytes Received By Node
...
015 (286926.000.000) 2025-01-28 16:11:51 Node 0 terminated.
	(1) Normal termination (return value 0)
		Usr 0 00:00:00, Sys 0 00:00:00  -  Run Remote Usage
		Usr 0 00:00:00, Sys 0 00:00:00  -  Run Local Usage
		Usr 0 00:00:00, Sys 0 00:00:00  -  Total Remote Usage
		Usr 0 00:00:00, Sys 0 00:00:00  -  Total Local Usage
	3261  -  Run Bytes Sent By Node
	33591  -  Run Bytes Received By Node
	3261  -  Total Bytes Sent By Node
	33591  -  Total Bytes Received By Node
...
015 (286926.000.001) 2025-01-28 16:11:51 Node 1 terminated.
	(1) Normal termination (return value 0)
		Usr 0 00:00:01, Sys 0 00:00:01  -  Run Remote Usage
		Usr 0 00:00:00, Sys 0 00:00:00  -  Run Local Usage
		Usr 0 00:00:01, Sys 0 00:00:01  -  Total Remote Usage
		Usr 0 00:00:00, Sys 0 00:00:00  -  Total Local Usage
	2187  -  Run Bytes Sent By Node
	33591  -  Run Bytes Received By Node
	2187  -  Total Bytes Sent By Node
	33591  -  Total Bytes Received By Node
...
005 (286926.000.000) 2025-01-28 16:11:51 Job terminated.
	(1) Normal termination (return value 0)
		Usr 0 00:00:03, Sys 0 00:00:01  -  Run Remote Usage
		Usr 0 00:00:00, Sys 0 00:00:00  -  Run Local Usage
		Usr 0 00:00:00, Sys 0 00:00:00  -  Total Remote Usage
		Usr 0 00:00:00, Sys 0 00:00:00  -  Total Local Usage
	7635  -  Run Bytes Sent By Job
	134364  -  Run Bytes Received By Job
	7635  -  Total Bytes Sent By Job
	134364  -  Total Bytes Received By Job
	Partitionable Resources :    Usage  Request Allocated 
	   Cpus                 :                 1         2 
	   Disk (KB)            :       50       35 102706401 
	   Memory (MB)          :        0     5633    100096 

	Job terminated of its own accord at 2025-01-28T16:11:51Z with exit-code 0.
...
