000 (279362.000.000) 2025-01-24 10:34:42 Job submitted from host: <192.168.0.102:9618?addrs=192.168.0.102-9618&alias=submitter&noUDP&sock=schedd_2032_5c88>
...
014 (279362.000.001) 2025-01-24 10:34:50 Node 1 executing on host: <192.168.0.141:9618?addrs=192.168.0.141-9618&alias=node141.di.rm1&noUDP&sock=startd_2077_3a4b>
...
014 (279362.000.000) 2025-01-24 10:34:50 Node 0 executing on host: <192.168.0.146:9618?addrs=192.168.0.146-9618&alias=node146.di.rm1&noUDP&sock=startd_1984_6ffc>
...
014 (279362.000.004) 2025-01-24 10:34:50 Node 4 executing on host: <192.168.0.141:9618?addrs=192.168.0.141-9618&alias=node141.di.rm1&noUDP&sock=startd_2077_3a4b>
...
014 (279362.000.005) 2025-01-24 10:34:50 Node 5 executing on host: <192.168.0.121:9618?addrs=192.168.0.121-9618&alias=node121.di.rm1&noUDP&sock=startd_2146_8e54>
...
014 (279362.000.002) 2025-01-24 10:34:50 Node 2 executing on host: <192.168.0.120:9618?addrs=192.168.0.120-9618&alias=node120.di.rm1&noUDP&sock=startd_2096_4298>
...
014 (279362.000.006) 2025-01-24 10:34:50 Node 6 executing on host: <192.168.0.151:9618?addrs=192.168.0.151-9618&alias=node151.di.rm1&noUDP&sock=startd_1528_a8cd>
...
014 (279362.000.007) 2025-01-24 10:34:50 Node 7 executing on host: <192.168.0.130:9618?addrs=192.168.0.130-9618&alias=node130.di.rm1&noUDP&sock=startd_2751195_838e>
...
014 (279362.000.003) 2025-01-24 10:34:50 Node 3 executing on host: <192.168.0.143:9618?addrs=192.168.0.143-9618&alias=node143.di.rm1&noUDP&sock=startd_2061_40c7>
...
001 (279362.000.000) 2025-01-24 10:34:50 Job executing on host: MPI_job
...
008 (279362.000.000) 2025-01-24 10:34:52 Launching orted on Node 0 of 8
...
008 (279362.000.000) 2025-01-24 10:34:52 Launching orted on Node 1 of 8
...
008 (279362.000.000) 2025-01-24 10:34:52 Launching orted on Node 4 of 8
...
008 (279362.000.000) 2025-01-24 10:34:52 Launching orted on Node 5 of 8
...
008 (279362.000.000) 2025-01-24 10:34:53 Launching orted on Node 2 of 8
...
008 (279362.000.000) 2025-01-24 10:34:53 Launching orted on Node 7 of 8
...
008 (279362.000.000) 2025-01-24 10:34:53 Launching orted on Node 6 of 8
...
008 (279362.000.000) 2025-01-24 10:34:53 Launching orted on Node 3 of 8
...
008 (279362.000.000) 2025-01-24 10:34:56 orted exited on Node 7 of 8
...
008 (279362.000.000) 2025-01-24 10:34:56 orted exited on Node 0 of 8
...
008 (279362.000.000) 2025-01-24 10:34:56 orted exited on Node 5 of 8
...
008 (279362.000.000) 2025-01-24 10:34:56 orted exited on Node 1 of 8
...
008 (279362.000.000) 2025-01-24 10:34:56 orted exited on Node 2 of 8
...
008 (279362.000.000) 2025-01-24 10:34:56 orted exited on Node 3 of 8
...
008 (279362.000.000) 2025-01-24 10:34:56 orted exited on Node 4 of 8
...
008 (279362.000.000) 2025-01-24 10:34:56 orted exited on Node 6 of 8
...
015 (279362.000.000) 2025-01-24 10:34:56 Node 0 terminated.
	(1) Normal termination (return value 0)
		Usr 0 00:00:02, Sys 0 00:00:01  -  Run Remote Usage
		Usr 0 00:00:00, Sys 0 00:00:00  -  Run Local Usage
		Usr 0 00:00:02, Sys 0 00:00:01  -  Total Remote Usage
		Usr 0 00:00:00, Sys 0 00:00:00  -  Total Local Usage
	3263  -  Run Bytes Sent By Node
	33639  -  Run Bytes Received By Node
	3263  -  Total Bytes Sent By Node
	33639  -  Total Bytes Received By Node
...
005 (279362.000.000) 2025-01-24 10:34:56 Job terminated.
	(1) Normal termination (return value 0)
		Usr 0 00:00:17, Sys 0 00:00:02  -  Run Remote Usage
		Usr 0 00:00:00, Sys 0 00:00:00  -  Run Local Usage
		Usr 0 00:00:02, Sys 0 00:00:01  -  Total Remote Usage
		Usr 0 00:00:00, Sys 0 00:00:00  -  Total Local Usage
	5428  -  Run Bytes Sent By Job
	269112  -  Run Bytes Received By Job
	5428  -  Total Bytes Sent By Job
	269112  -  Total Bytes Received By Job
	Partitionable Resources :    Usage  Request Allocated 
	   Cpus                 :                 1         2 
	   Disk (KB)            :       50       35 103077319 
	   Memory (MB)          :        0        0    100096 

	Job terminated of its own accord at 2025-01-24T10:34:56Z with exit-code 0.
...
000 (287683.000.000) 2025-01-28 17:32:59 Job submitted from host: <192.168.0.102:9618?addrs=192.168.0.102-9618&alias=submitter&noUDP&sock=schedd_2032_5c88>
...
014 (287683.000.000) 2025-01-28 17:33:03 Node 0 executing on host: <192.168.0.137:9618?addrs=192.168.0.137-9618&alias=node137.di.rm1&noUDP&sock=startd_1934_2440>
...
014 (287683.000.002) 2025-01-28 17:33:03 Node 2 executing on host: <192.168.0.141:9618?addrs=192.168.0.141-9618&alias=node141.di.rm1&noUDP&sock=startd_2077_3a4b>
...
014 (287683.000.001) 2025-01-28 17:33:03 Node 1 executing on host: <192.168.0.132:9618?addrs=192.168.0.132-9618&alias=node132.di.rm1&noUDP&sock=startd_1999_b9e8>
...
014 (287683.000.004) 2025-01-28 17:33:03 Node 4 executing on host: <192.168.0.147:9618?addrs=192.168.0.147-9618&alias=node147.di.rm1&noUDP&sock=startd_1513_5ee1>
...
014 (287683.000.003) 2025-01-28 17:33:04 Node 3 executing on host: <192.168.0.108:9618?addrs=192.168.0.108-9618&alias=node108.di.rm1&noUDP&sock=startd_1979_0203>
...
014 (287683.000.007) 2025-01-28 17:33:04 Node 7 executing on host: <192.168.0.132:9618?addrs=192.168.0.132-9618&alias=node132.di.rm1&noUDP&sock=startd_1999_b9e8>
...
014 (287683.000.006) 2025-01-28 17:33:04 Node 6 executing on host: <192.168.0.122:9618?addrs=192.168.0.122-9618&alias=node122.di.rm1&noUDP&sock=startd_2134_5331>
...
014 (287683.000.005) 2025-01-28 17:33:04 Node 5 executing on host: <192.168.0.142:9618?addrs=192.168.0.142-9618&alias=node142.di.rm1&noUDP&sock=startd_1996_ab1f>
...
001 (287683.000.000) 2025-01-28 17:33:04 Job executing on host: MPI_job
...
008 (287683.000.000) 2025-01-28 17:33:06 Launching orted on Node 0 of 8
...
008 (287683.000.000) 2025-01-28 17:33:06 Launching orted on Node 1 of 8
...
008 (287683.000.000) 2025-01-28 17:33:06 Launching orted on Node 2 of 8
...
008 (287683.000.000) 2025-01-28 17:33:06 Launching orted on Node 4 of 8
...
008 (287683.000.000) 2025-01-28 17:33:06 Launching orted on Node 3 of 8
...
008 (287683.000.000) 2025-01-28 17:33:06 Launching orted on Node 7 of 8
...
008 (287683.000.000) 2025-01-28 17:33:06 Launching orted on Node 6 of 8
...
008 (287683.000.000) 2025-01-28 17:33:06 Launching orted on Node 5 of 8
...
008 (287683.000.000) 2025-01-28 17:33:09 orted exited on Node 1 of 8
...
008 (287683.000.000) 2025-01-28 17:33:09 orted exited on Node 5 of 8
...
008 (287683.000.000) 2025-01-28 17:33:09 orted exited on Node 4 of 8
...
008 (287683.000.000) 2025-01-28 17:33:09 orted exited on Node 3 of 8
...
008 (287683.000.000) 2025-01-28 17:33:09 orted exited on Node 0 of 8
...
008 (287683.000.000) 2025-01-28 17:33:09 orted exited on Node 2 of 8
...
008 (287683.000.000) 2025-01-28 17:33:09 orted exited on Node 6 of 8
...
008 (287683.000.000) 2025-01-28 17:33:09 orted exited on Node 7 of 8
...
015 (287683.000.004) 2025-01-28 17:33:09 Node 4 terminated.
	(1) Normal termination (return value 0)
		Usr 0 00:00:02, Sys 0 00:00:00  -  Run Remote Usage
		Usr 0 00:00:00, Sys 0 00:00:00  -  Run Local Usage
		Usr 0 00:00:02, Sys 0 00:00:00  -  Total Remote Usage
		Usr 0 00:00:00, Sys 0 00:00:00  -  Total Local Usage
	2165  -  Run Bytes Sent By Node
	33591  -  Run Bytes Received By Node
	2165  -  Total Bytes Sent By Node
	33591  -  Total Bytes Received By Node
...
015 (287683.000.002) 2025-01-28 17:33:09 Node 2 terminated.
	(1) Normal termination (return value 0)
		Usr 0 00:00:02, Sys 0 00:00:00  -  Run Remote Usage
		Usr 0 00:00:00, Sys 0 00:00:00  -  Run Local Usage
		Usr 0 00:00:02, Sys 0 00:00:00  -  Total Remote Usage
		Usr 0 00:00:00, Sys 0 00:00:00  -  Total Local Usage
	2165  -  Run Bytes Sent By Node
	33591  -  Run Bytes Received By Node
	2165  -  Total Bytes Sent By Node
	33591  -  Total Bytes Received By Node
...
015 (287683.000.003) 2025-01-28 17:33:09 Node 3 terminated.
	(1) Normal termination (return value 0)
		Usr 0 00:00:02, Sys 0 00:00:00  -  Run Remote Usage
		Usr 0 00:00:00, Sys 0 00:00:00  -  Run Local Usage
		Usr 0 00:00:02, Sys 0 00:00:00  -  Total Remote Usage
		Usr 0 00:00:00, Sys 0 00:00:00  -  Total Local Usage
	2165  -  Run Bytes Sent By Node
	33591  -  Run Bytes Received By Node
	2165  -  Total Bytes Sent By Node
	33591  -  Total Bytes Received By Node
...
015 (287683.000.000) 2025-01-28 17:33:09 Node 0 terminated.
	(1) Normal termination (return value 0)
		Usr 0 00:00:00, Sys 0 00:00:00  -  Run Remote Usage
		Usr 0 00:00:00, Sys 0 00:00:00  -  Run Local Usage
		Usr 0 00:00:00, Sys 0 00:00:00  -  Total Remote Usage
		Usr 0 00:00:00, Sys 0 00:00:00  -  Total Local Usage
	3263  -  Run Bytes Sent By Node
	33591  -  Run Bytes Received By Node
	3263  -  Total Bytes Sent By Node
	33591  -  Total Bytes Received By Node
...
015 (287683.000.006) 2025-01-28 17:33:09 Node 6 terminated.
	(1) Normal termination (return value 0)
		Usr 0 00:00:03, Sys 0 00:00:00  -  Run Remote Usage
		Usr 0 00:00:00, Sys 0 00:00:00  -  Run Local Usage
		Usr 0 00:00:03, Sys 0 00:00:00  -  Total Remote Usage
		Usr 0 00:00:00, Sys 0 00:00:00  -  Total Local Usage
	2187  -  Run Bytes Sent By Node
	33591  -  Run Bytes Received By Node
	2187  -  Total Bytes Sent By Node
	33591  -  Total Bytes Received By Node
...
005 (287683.000.000) 2025-01-28 17:33:09 Job terminated.
	(1) Normal termination (return value 0)
		Usr 0 00:00:15, Sys 0 00:00:00  -  Run Remote Usage
		Usr 0 00:00:00, Sys 0 00:00:00  -  Run Local Usage
		Usr 0 00:00:00, Sys 0 00:00:00  -  Total Remote Usage
		Usr 0 00:00:00, Sys 0 00:00:00  -  Total Local Usage
	16275  -  Run Bytes Sent By Job
	268728  -  Run Bytes Received By Job
	16275  -  Total Bytes Sent By Job
	268728  -  Total Bytes Received By Job
	Partitionable Resources :    Usage  Request Allocated 
	   Cpus                 :                 1         2 
	   Disk (KB)            :       51       35 102846057 
	   Memory (MB)          :        0        0    100096 

	Job terminated of its own accord at 2025-01-28T17:33:09Z with exit-code 0.
...
