000 (270497.000.000) 2025-01-21 23:59:37 Job submitted from host: <192.168.0.102:9618?addrs=192.168.0.102-9618&alias=submitter&noUDP&sock=schedd_2032_5c88>
...
001 (270497.000.000) 2025-01-21 23:59:39 Job executing on host: <192.168.0.120:9618?addrs=192.168.0.120-9618&alias=node120.di.rm1&noUDP&sock=startd_2096_4298>
...
006 (270497.000.000) 2025-01-21 23:59:48 Image size of job updated: 1353996
	420  -  MemoryUsage of job (MB)
	430056  -  ResidentSetSize of job (KB)
...
006 (270497.000.000) 2025-01-22 00:00:38 Image size of job updated: 3527772
	422  -  MemoryUsage of job (MB)
	431112  -  ResidentSetSize of job (KB)
...
004 (270497.000.000) 2025-01-22 00:00:38 Job was evicted.
	(0) CPU times
		Usr 0 00:00:56, Sys 0 00:00:01  -  Run Remote Usage
		Usr 0 00:00:00, Sys 0 00:00:00  -  Run Local Usage
	0  -  Run Bytes Sent By Job
	0  -  Run Bytes Received By Job
	Partitionable Resources :    Usage  Request Allocated 
	   Cpus                 :                 1         1 
	   Disk (KB)            :       27       27    459052 
	   Gpus (Average)       :                 0         0 
	   Memory (MB)          :      422        1       128 
...
009 (270497.000.000) 2025-01-22 00:00:39 Job was aborted.
	via condor_rm (by user calzona_2046920)
...
000 (276651.000.000) 2025-01-24 05:06:25 Job submitted from host: <192.168.0.102:9618?addrs=192.168.0.102-9618&alias=submitter&noUDP&sock=schedd_2032_5c88>
...
009 (276651.000.000) 2025-01-24 05:08:26 Job was aborted.
	via condor_rm (by user calzona_2046920)
...
