000 (274191.000.000) 2025-01-23 11:40:37 Job submitted from host: <192.168.0.102:9618?addrs=192.168.0.102-9618&alias=submitter&noUDP&sock=schedd_2032_5c88>
...
014 (274191.000.002) 2025-01-23 11:40:44 Node 2 executing on host: <192.168.0.108:9618?addrs=192.168.0.108-9618&alias=node108.di.rm1&noUDP&sock=startd_1979_0203>
...
014 (274191.000.000) 2025-01-23 11:40:44 Node 0 executing on host: <192.168.0.148:9618?addrs=192.168.0.148-9618&alias=node148.di.rm1&noUDP&sock=startd_1547_b119>
...
014 (274191.000.003) 2025-01-23 11:40:44 Node 3 executing on host: <192.168.0.148:9618?addrs=192.168.0.148-9618&alias=node148.di.rm1&noUDP&sock=startd_1547_b119>
...
014 (274191.000.001) 2025-01-23 11:40:44 Node 1 executing on host: <192.168.0.143:9618?addrs=192.168.0.143-9618&alias=node143.di.rm1&noUDP&sock=startd_2061_40c7>
...
001 (274191.000.000) 2025-01-23 11:40:44 Job executing on host: MPI_job
...
008 (274191.000.000) 2025-01-23 11:40:46 Launching orted on Node 2 of 4
...
008 (274191.000.000) 2025-01-23 11:40:46 Launching orted on Node 3 of 4
...
008 (274191.000.000) 2025-01-23 11:40:46 Launching orted on Node 0 of 4
...
008 (274191.000.000) 2025-01-23 11:40:47 Launching orted on Node 1 of 4
...
008 (274191.000.000) 2025-01-23 11:41:17 Node 0 caught SIGTERM, cleaning up mpirun
...
004 (274191.000.000) 2025-01-23 11:41:18 Job was evicted.
	(0) CPU times
		Usr 0 00:00:39, Sys 0 00:00:00  -  Run Remote Usage
		Usr 0 00:00:00, Sys 0 00:00:00  -  Run Local Usage
	0  -  Run Bytes Sent By Job
	134556  -  Run Bytes Received By Job
	Partitionable Resources :    Usage  Request Allocated 
	   Cpus                 :                 1         2 
	   Disk (KB)            :     8520       35 102860533 
	   Memory (MB)          :       26      306    100096 
...
009 (274191.000.000) 2025-01-23 11:41:18 Job was aborted.
	via condor_rm (by user calzona_2046920)
...
000 (278928.000.000) 2025-01-24 09:44:19 Job submitted from host: <192.168.0.102:9618?addrs=192.168.0.102-9618&alias=submitter&noUDP&sock=schedd_2032_5c88>
...
014 (278928.000.003) 2025-01-24 09:44:27 Node 3 executing on host: <192.168.0.133:9618?addrs=192.168.0.133-9618&alias=node133.di.rm1&noUDP&sock=startd_1941_f16a>
...
014 (278928.000.002) 2025-01-24 09:44:27 Node 2 executing on host: <192.168.0.124:9618?addrs=192.168.0.124-9618&alias=node124.di.rm1&noUDP&sock=startd_2143_7f8b>
...
014 (278928.000.001) 2025-01-24 09:44:27 Node 1 executing on host: <192.168.0.123:9618?addrs=192.168.0.123-9618&alias=node123.di.rm1&noUDP&sock=startd_2149_9d1d>
...
014 (278928.000.000) 2025-01-24 09:44:27 Node 0 executing on host: <192.168.0.149:9618?addrs=192.168.0.149-9618&alias=node149.di.rm1&noUDP&sock=startd_1551_6f7a>
...
001 (278928.000.000) 2025-01-24 09:44:27 Job executing on host: MPI_job
...
008 (278928.000.000) 2025-01-24 09:44:29 Launching orted on Node 3 of 4
...
008 (278928.000.000) 2025-01-24 09:44:29 Launching orted on Node 2 of 4
...
008 (278928.000.000) 2025-01-24 09:44:29 Launching orted on Node 1 of 4
...
008 (278928.000.000) 2025-01-24 09:44:30 Launching orted on Node 0 of 4
...
008 (278928.000.000) 2025-01-24 09:45:39 orted exited on Node 3 of 4
...
008 (278928.000.000) 2025-01-24 09:45:39 orted exited on Node 2 of 4
...
008 (278928.000.000) 2025-01-24 09:45:39 orted exited on Node 1 of 4
...
008 (278928.000.000) 2025-01-24 09:45:39 orted exited on Node 0 of 4
...
015 (278928.000.003) 2025-01-24 09:45:39 Node 3 terminated.
	(1) Normal termination (return value 0)
		Usr 0 00:01:07, Sys 0 00:00:02  -  Run Remote Usage
		Usr 0 00:00:00, Sys 0 00:00:00  -  Run Local Usage
		Usr 0 00:01:07, Sys 0 00:00:02  -  Total Remote Usage
		Usr 0 00:00:00, Sys 0 00:00:00  -  Total Local Usage
	2165  -  Run Bytes Sent By Node
	33639  -  Run Bytes Received By Node
	2165  -  Total Bytes Sent By Node
	33639  -  Total Bytes Received By Node
...
015 (278928.000.002) 2025-01-24 09:45:39 Node 2 terminated.
	(1) Normal termination (return value 0)
		Usr 0 00:01:07, Sys 0 00:00:03  -  Run Remote Usage
		Usr 0 00:00:00, Sys 0 00:00:00  -  Run Local Usage
		Usr 0 00:01:07, Sys 0 00:00:03  -  Total Remote Usage
		Usr 0 00:00:00, Sys 0 00:00:00  -  Total Local Usage
	2187  -  Run Bytes Sent By Node
	33639  -  Run Bytes Received By Node
	2187  -  Total Bytes Sent By Node
	33639  -  Total Bytes Received By Node
...
015 (278928.000.000) 2025-01-24 09:45:40 Node 0 terminated.
	(1) Normal termination (return value 0)
		Usr 0 00:00:06, Sys 0 00:00:00  -  Run Remote Usage
		Usr 0 00:00:00, Sys 0 00:00:00  -  Run Local Usage
		Usr 0 00:00:06, Sys 0 00:00:00  -  Total Remote Usage
		Usr 0 00:00:00, Sys 0 00:00:00  -  Total Local Usage
	3264  -  Run Bytes Sent By Node
	33639  -  Run Bytes Received By Node
	3264  -  Total Bytes Sent By Node
	33639  -  Total Bytes Received By Node
...
005 (278928.000.000) 2025-01-24 09:45:40 Job terminated.
	(1) Normal termination (return value 0)
		Usr 0 00:03:29, Sys 0 00:00:05  -  Run Remote Usage
		Usr 0 00:00:00, Sys 0 00:00:00  -  Run Local Usage
		Usr 0 00:00:06, Sys 0 00:00:00  -  Total Remote Usage
		Usr 0 00:00:00, Sys 0 00:00:00  -  Total Local Usage
	7616  -  Run Bytes Sent By Job
	134556  -  Run Bytes Received By Job
	7616  -  Total Bytes Sent By Job
	134556  -  Total Bytes Received By Job
	Partitionable Resources :    Usage  Request Allocated 
	   Cpus                 :     0.01        1         1 
	   Disk (KB)            :    55          35    471944 
	   Memory (MB)          :    26         276     20480 

	Job terminated of its own accord at 2025-01-24T09:45:39Z with exit-code 0.
...
