000 (262191.000.000) 2025-01-16 18:01:03 Job submitted from host: <192.168.0.102:9618?addrs=192.168.0.102-9618&alias=submitter&noUDP&sock=schedd_2032_5c88>
...
001 (262191.000.000) 2025-01-16 18:01:19 Job executing on host: <192.168.0.121:9618?addrs=192.168.0.121-9618&alias=node121.di.rm1&noUDP&sock=startd_2146_8e54>
...
006 (262191.000.000) 2025-01-16 18:01:28 Image size of job updated: 597432
	584  -  MemoryUsage of job (MB)
	597432  -  ResidentSetSize of job (KB)
...
006 (262191.000.000) 2025-01-16 18:03:33 Image size of job updated: 6788980
	584  -  MemoryUsage of job (MB)
	597564  -  ResidentSetSize of job (KB)
...
005 (262191.000.000) 2025-01-16 18:03:33 Job terminated.
	(1) Normal termination (return value 0)
		Usr 0 00:07:56, Sys 0 00:00:23  -  Run Remote Usage
		Usr 0 00:00:00, Sys 0 00:00:00  -  Run Local Usage
		Usr 0 00:07:56, Sys 0 00:00:23  -  Total Remote Usage
		Usr 0 00:00:00, Sys 0 00:00:00  -  Total Local Usage
	0  -  Run Bytes Sent By Job
	0  -  Run Bytes Received By Job
	0  -  Total Bytes Sent By Job
	0  -  Total Bytes Received By Job
	Partitionable Resources :    Usage  Request Allocated 
	   Cpus                 :     0.99        1         1 
	   Disk (KB)            :    27          27    467232 
	   Memory (MB)          :   584           1       128 

	Job terminated of its own accord at 2025-01-16T18:03:33Z with exit-code 0.
...
