000 (273785.000.000) 2025-01-23 11:20:03 Job submitted from host: <192.168.0.102:9618?addrs=192.168.0.102-9618&alias=submitter&noUDP&sock=schedd_2032_5c88>
...
014 (273785.000.000) 2025-01-23 11:20:10 Node 0 executing on host: <192.168.0.113:9618?addrs=192.168.0.113-9618&alias=node113.di.rm1&noUDP&sock=startd_3668932_c305>
...
014 (273785.000.002) 2025-01-23 11:20:11 Node 2 executing on host: <192.168.0.105:9618?addrs=192.168.0.105-9618&alias=node105.di.rm1&noUDP&sock=startd_1951_cd5c>
...
014 (273785.000.001) 2025-01-23 11:20:11 Node 1 executing on host: <192.168.0.143:9618?addrs=192.168.0.143-9618&alias=node143.di.rm1&noUDP&sock=startd_2061_40c7>
...
014 (273785.000.003) 2025-01-23 11:20:11 Node 3 executing on host: <192.168.0.120:9618?addrs=192.168.0.120-9618&alias=node120.di.rm1&noUDP&sock=startd_2096_4298>
...
001 (273785.000.000) 2025-01-23 11:20:11 Job executing on host: MPI_job
...
008 (273785.000.000) 2025-01-23 11:20:12 Launching orted on Node 0 of 4
...
008 (273785.000.000) 2025-01-23 11:20:13 Launching orted on Node 2 of 4
...
008 (273785.000.000) 2025-01-23 11:20:13 Launching orted on Node 3 of 4
...
008 (273785.000.000) 2025-01-23 11:20:13 Launching orted on Node 1 of 4
...
008 (273785.000.000) 2025-01-23 11:20:14 orted exited on Node 2 of 4
...
008 (273785.000.000) 2025-01-23 11:20:14 orted exited on Node 3 of 4
...
008 (273785.000.000) 2025-01-23 11:20:14 orted exited on Node 0 of 4
...
008 (273785.000.000) 2025-01-23 11:20:14 orted exited on Node 1 of 4
...
015 (273785.000.000) 2025-01-23 11:20:14 Node 0 terminated.
	(1) Normal termination (return value 0)
		Usr 0 00:00:00, Sys 0 00:00:00  -  Run Remote Usage
		Usr 0 00:00:00, Sys 0 00:00:00  -  Run Local Usage
		Usr 0 00:00:00, Sys 0 00:00:00  -  Total Remote Usage
		Usr 0 00:00:00, Sys 0 00:00:00  -  Total Local Usage
	3307  -  Run Bytes Sent By Node
	33639  -  Run Bytes Received By Node
	3307  -  Total Bytes Sent By Node
	33639  -  Total Bytes Received By Node
...
005 (273785.000.000) 2025-01-23 11:20:14 Job terminated.
	(1) Normal termination (return value 0)
		Usr 0 00:00:01, Sys 0 00:00:01  -  Run Remote Usage
		Usr 0 00:00:00, Sys 0 00:00:00  -  Run Local Usage
		Usr 0 00:00:00, Sys 0 00:00:00  -  Total Remote Usage
		Usr 0 00:00:00, Sys 0 00:00:00  -  Total Local Usage
	3307  -  Run Bytes Sent By Job
	134556  -  Run Bytes Received By Job
	3307  -  Total Bytes Sent By Job
	134556  -  Total Bytes Received By Job
	Partitionable Resources :    Usage  Request Allocated 
	   Cpus                 :                 1         1 
	   Disk (KB)            :       50       35    459754 
	   GPUs                 :                           0 
	   Memory (MB)          :        0        0       128 

	Job terminated of its own accord at 2025-01-23T11:20:14Z with exit-code 0.
...
000 (278531.000.000) 2025-01-24 09:04:49 Job submitted from host: <192.168.0.102:9618?addrs=192.168.0.102-9618&alias=submitter&noUDP&sock=schedd_2032_5c88>
...
014 (278531.000.001) 2025-01-24 09:04:56 Node 1 executing on host: <192.168.0.113:9618?addrs=192.168.0.113-9618&alias=node113.di.rm1&noUDP&sock=startd_3668932_c305>
...
014 (278531.000.003) 2025-01-24 09:04:56 Node 3 executing on host: <192.168.0.139:9618?addrs=192.168.0.139-9618&alias=node139.di.rm1&noUDP&sock=startd_1966_1748>
...
014 (278531.000.002) 2025-01-24 09:04:56 Node 2 executing on host: <192.168.0.109:9618?addrs=192.168.0.109-9618&alias=node109.di.rm1&noUDP&sock=startd_1627_90ad>
...
014 (278531.000.000) 2025-01-24 09:04:56 Node 0 executing on host: <192.168.0.133:9618?addrs=192.168.0.133-9618&alias=node133.di.rm1&noUDP&sock=startd_1941_f16a>
...
001 (278531.000.000) 2025-01-24 09:04:56 Job executing on host: MPI_job
...
008 (278531.000.000) 2025-01-24 09:04:59 Launching orted on Node 1 of 4
...
008 (278531.000.000) 2025-01-24 09:04:59 Launching orted on Node 3 of 4
...
008 (278531.000.000) 2025-01-24 09:04:59 Launching orted on Node 2 of 4
...
008 (278531.000.000) 2025-01-24 09:04:59 Launching orted on Node 0 of 4
...
008 (278531.000.000) 2025-01-24 09:04:59 orted exited on Node 3 of 4
...
008 (278531.000.000) 2025-01-24 09:04:59 orted exited on Node 2 of 4
...
008 (278531.000.000) 2025-01-24 09:04:59 orted exited on Node 1 of 4
...
008 (278531.000.000) 2025-01-24 09:04:59 orted exited on Node 0 of 4
...
015 (278531.000.001) 2025-01-24 09:04:59 Node 1 terminated.
	(1) Normal termination (return value 0)
		Usr 0 00:00:00, Sys 0 00:00:00  -  Run Remote Usage
		Usr 0 00:00:00, Sys 0 00:00:00  -  Run Local Usage
		Usr 0 00:00:00, Sys 0 00:00:00  -  Total Remote Usage
		Usr 0 00:00:00, Sys 0 00:00:00  -  Total Local Usage
	2187  -  Run Bytes Sent By Node
	33639  -  Run Bytes Received By Node
	2187  -  Total Bytes Sent By Node
	33639  -  Total Bytes Received By Node
...
015 (278531.000.000) 2025-01-24 09:04:59 Node 0 terminated.
	(1) Normal termination (return value 0)
		Usr 0 00:00:00, Sys 0 00:00:00  -  Run Remote Usage
		Usr 0 00:00:00, Sys 0 00:00:00  -  Run Local Usage
		Usr 0 00:00:00, Sys 0 00:00:00  -  Total Remote Usage
		Usr 0 00:00:00, Sys 0 00:00:00  -  Total Local Usage
	3263  -  Run Bytes Sent By Node
	33639  -  Run Bytes Received By Node
	3263  -  Total Bytes Sent By Node
	33639  -  Total Bytes Received By Node
...
005 (278531.000.000) 2025-01-24 09:04:59 Job terminated.
	(1) Normal termination (return value 0)
		Usr 0 00:00:01, Sys 0 00:00:00  -  Run Remote Usage
		Usr 0 00:00:00, Sys 0 00:00:00  -  Run Local Usage
		Usr 0 00:00:00, Sys 0 00:00:00  -  Total Remote Usage
		Usr 0 00:00:00, Sys 0 00:00:00  -  Total Local Usage
	9780  -  Run Bytes Sent By Job
	134556  -  Run Bytes Received By Job
	9780  -  Total Bytes Sent By Job
	134556  -  Total Bytes Received By Job
	Partitionable Resources :    Usage  Request Allocated 
	   Cpus                 :                 1         2 
	   Disk (KB)            :       49       35 102738992 
	   Memory (MB)          :        0        0    100096 

	Job terminated of its own accord at 2025-01-24T09:04:59Z with exit-code 0.
...
