000 (267968.000.000) 2025-01-21 21:07:13 Job submitted from host: <192.168.0.102:9618?addrs=192.168.0.102-9618&alias=submitter&noUDP&sock=schedd_2032_5c88>
...
001 (267968.000.000) 2025-01-21 21:07:14 Job executing on host: <192.168.0.108:9618?addrs=192.168.0.108-9618&alias=node108.di.rm1&noUDP&sock=startd_1979_0203>
...
006 (267968.000.000) 2025-01-21 21:07:23 Image size of job updated: 538956
	527  -  MemoryUsage of job (MB)
	538956  -  ResidentSetSize of job (KB)
...
006 (267968.000.000) 2025-01-21 21:07:54 Image size of job updated: 2555592
	527  -  MemoryUsage of job (MB)
	539088  -  ResidentSetSize of job (KB)
...
004 (267968.000.000) 2025-01-21 21:07:54 Job was evicted.
	(0) CPU times
		Usr 0 00:00:38, Sys 0 00:00:00  -  Run Remote Usage
		Usr 0 00:00:00, Sys 0 00:00:00  -  Run Local Usage
	0  -  Run Bytes Sent By Job
	0  -  Run Bytes Received By Job
	Partitionable Resources :    Usage  Request Allocated 
	   Cpus                 :                 1         1 
	   Disk (KB)            :       27       27    474134 
	   Memory (MB)          :      527        1       128 
...
009 (267968.000.000) 2025-01-21 21:07:54 Job was aborted.
	via condor_rm (by user calzona_2046920)
...
000 (269443.000.000) 2025-01-21 22:40:04 Job submitted from host: <192.168.0.102:9618?addrs=192.168.0.102-9618&alias=submitter&noUDP&sock=schedd_2032_5c88>
...
001 (269443.000.000) 2025-01-21 22:40:24 Job executing on host: <192.168.0.148:9618?addrs=192.168.0.148-9618&alias=node148.di.rm1&noUDP&sock=startd_1547_b119>
...
006 (269443.000.000) 2025-01-21 22:40:33 Image size of job updated: 543708
	530  -  MemoryUsage of job (MB)
	542124  -  ResidentSetSize of job (KB)
...
006 (269443.000.000) 2025-01-21 22:41:05 Image size of job updated: 2559024
	530  -  MemoryUsage of job (MB)
	542388  -  ResidentSetSize of job (KB)
...
004 (269443.000.000) 2025-01-21 22:41:05 Job was evicted.
	(0) CPU times
		Usr 0 00:00:40, Sys 0 00:00:01  -  Run Remote Usage
		Usr 0 00:00:00, Sys 0 00:00:00  -  Run Local Usage
	0  -  Run Bytes Sent By Job
	0  -  Run Bytes Received By Job
	Partitionable Resources :    Usage  Request Allocated 
	   Cpus                 :     1.00        1         1 
	   Disk (KB)            :    27          27    467548 
	   Memory (MB)          :   530           1       128 
...
009 (269443.000.000) 2025-01-21 22:41:05 Job was aborted.
	via condor_rm (by user calzona_2046920)
...
000 (275598.000.000) 2025-01-24 02:50:23 Job submitted from host: <192.168.0.102:9618?addrs=192.168.0.102-9618&alias=submitter&noUDP&sock=schedd_2032_5c88>
...
001 (275598.000.000) 2025-01-24 02:50:42 Job executing on host: <192.168.0.147:9618?addrs=192.168.0.147-9618&alias=node147.di.rm1&noUDP&sock=startd_1513_5ee1>
...
006 (275598.000.000) 2025-01-24 02:50:51 Image size of job updated: 1291560
	528  -  MemoryUsage of job (MB)
	540144  -  ResidentSetSize of job (KB)
...
006 (275598.000.000) 2025-01-24 02:52:24 Image size of job updated: 5970300
	528  -  MemoryUsage of job (MB)
	540276  -  ResidentSetSize of job (KB)
...
004 (275598.000.000) 2025-01-24 02:52:24 Job was evicted.
	(0) CPU times
		Usr 0 00:01:39, Sys 0 00:00:02  -  Run Remote Usage
		Usr 0 00:00:00, Sys 0 00:00:00  -  Run Local Usage
	0  -  Run Bytes Sent By Job
	0  -  Run Bytes Received By Job
	Partitionable Resources :    Usage  Request Allocated 
	   Cpus                 :     1.00        1         1 
	   Disk (KB)            :    27          27    469805 
	   Memory (MB)          :   528           1       128 
...
009 (275598.000.000) 2025-01-24 02:52:24 Job was aborted.
	via condor_rm (by user calzona_2046920)
...
