000 (265225.000.000) 2025-01-17 11:21:48 Job submitted from host: <192.168.0.102:9618?addrs=192.168.0.102-9618&alias=submitter&noUDP&sock=schedd_2032_5c88>
...
001 (265225.000.000) 2025-01-17 11:21:53 Job executing on host: <192.168.0.145:9618?addrs=192.168.0.145-9618&alias=node145.di.rm1&noUDP&sock=startd_1869_8e98>
...
006 (265225.000.000) 2025-01-17 11:22:02 Image size of job updated: 372976
	261  -  MemoryUsage of job (MB)
	266768  -  ResidentSetSize of job (KB)
...
006 (265225.000.000) 2025-01-17 11:27:02 Image size of job updated: 372976
	319  -  MemoryUsage of job (MB)
	325640  -  ResidentSetSize of job (KB)
...
006 (265225.000.000) 2025-01-17 11:32:02 Image size of job updated: 372976
	324  -  MemoryUsage of job (MB)
	330772  -  ResidentSetSize of job (KB)
...
004 (265225.000.000) 2025-01-17 11:33:16 Job was evicted.
	(0) CPU times
		Usr 0 00:37:07, Sys 0 00:00:00  -  Run Remote Usage
		Usr 0 00:00:00, Sys 0 00:00:00  -  Run Local Usage
	0  -  Run Bytes Sent By Job
	0  -  Run Bytes Received By Job
	Partitionable Resources :    Usage  Request Allocated 
	   Cpus                 :     4.10        1         1 
	   Disk (KB)            :    27          27    462663 
	   Memory (MB)          :   324           1       128 
...
009 (265225.000.000) 2025-01-17 11:33:16 Job was aborted.
	via condor_rm (by user calzona_2046920)
...
