000 (282346.000.000) 2025-01-26 17:06:01 Job submitted from host: <192.168.0.102:9618?addrs=192.168.0.102-9618&alias=submitter&noUDP&sock=schedd_2032_5c88>
...
014 (282346.000.004) 2025-01-26 17:06:10 Node 4 executing on host: <192.168.0.116:9618?addrs=192.168.0.116-9618&alias=node116.di.rm1&noUDP&sock=startd_1847_7783>
...
014 (282346.000.001) 2025-01-26 17:06:10 Node 1 executing on host: <192.168.0.151:9618?addrs=192.168.0.151-9618&alias=node151.di.rm1&noUDP&sock=startd_1528_a8cd>
...
014 (282346.000.002) 2025-01-26 17:06:10 Node 2 executing on host: <192.168.0.145:9618?addrs=192.168.0.145-9618&alias=node145.di.rm1&noUDP&sock=startd_1869_8e98>
...
014 (282346.000.003) 2025-01-26 17:06:10 Node 3 executing on host: <192.168.0.140:9618?addrs=192.168.0.140-9618&alias=node140.di.rm1&noUDP&sock=startd_1890_f615>
...
014 (282346.000.005) 2025-01-26 17:06:10 Node 5 executing on host: <192.168.0.146:9618?addrs=192.168.0.146-9618&alias=node146.di.rm1&noUDP&sock=startd_1984_6ffc>
...
014 (282346.000.007) 2025-01-26 17:06:10 Node 7 executing on host: <192.168.0.111:9618?addrs=192.168.0.111-9618&alias=node111.di.rm1&noUDP&sock=startd_2044_97ab>
...
014 (282346.000.006) 2025-01-26 17:06:10 Node 6 executing on host: <192.168.0.145:9618?addrs=192.168.0.145-9618&alias=node145.di.rm1&noUDP&sock=startd_1869_8e98>
...
014 (282346.000.000) 2025-01-26 17:06:11 Node 0 executing on host: <192.168.0.141:9618?addrs=192.168.0.141-9618&alias=node141.di.rm1&noUDP&sock=startd_2077_3a4b>
...
001 (282346.000.000) 2025-01-26 17:06:11 Job executing on host: MPI_job
...
008 (282346.000.000) 2025-01-26 17:06:14 Launching orted on Node 4 of 8
...
008 (282346.000.000) 2025-01-26 17:06:14 Launching orted on Node 1 of 8
...
008 (282346.000.000) 2025-01-26 17:06:14 Launching orted on Node 2 of 8
...
008 (282346.000.000) 2025-01-26 17:06:14 Launching orted on Node 5 of 8
...
008 (282346.000.000) 2025-01-26 17:06:14 Launching orted on Node 3 of 8
...
008 (282346.000.000) 2025-01-26 17:06:14 Launching orted on Node 6 of 8
...
008 (282346.000.000) 2025-01-26 17:06:14 Launching orted on Node 0 of 8
...
008 (282346.000.000) 2025-01-26 17:06:14 Launching orted on Node 7 of 8
...
008 (282346.000.000) 2025-01-26 17:06:17 orted exited on Node 1 of 8
...
008 (282346.000.000) 2025-01-26 17:06:17 orted exited on Node 4 of 8
...
008 (282346.000.000) 2025-01-26 17:06:17 orted exited on Node 0 of 8
...
008 (282346.000.000) 2025-01-26 17:06:17 orted exited on Node 5 of 8
...
008 (282346.000.000) 2025-01-26 17:06:17 orted exited on Node 3 of 8
...
008 (282346.000.000) 2025-01-26 17:06:17 orted exited on Node 2 of 8
...
008 (282346.000.000) 2025-01-26 17:06:17 orted exited on Node 6 of 8
...
008 (282346.000.000) 2025-01-26 17:06:17 orted exited on Node 7 of 8
...
015 (282346.000.004) 2025-01-26 17:06:17 Node 4 terminated.
	(1) Normal termination (return value 0)
		Usr 0 00:00:02, Sys 0 00:00:00  -  Run Remote Usage
		Usr 0 00:00:00, Sys 0 00:00:00  -  Run Local Usage
		Usr 0 00:00:02, Sys 0 00:00:00  -  Total Remote Usage
		Usr 0 00:00:00, Sys 0 00:00:00  -  Total Local Usage
	2165  -  Run Bytes Sent By Node
	33711  -  Run Bytes Received By Node
	2165  -  Total Bytes Sent By Node
	33711  -  Total Bytes Received By Node
...
015 (282346.000.003) 2025-01-26 17:06:17 Node 3 terminated.
	(1) Normal termination (return value 0)
		Usr 0 00:00:02, Sys 0 00:00:00  -  Run Remote Usage
		Usr 0 00:00:00, Sys 0 00:00:00  -  Run Local Usage
		Usr 0 00:00:02, Sys 0 00:00:00  -  Total Remote Usage
		Usr 0 00:00:00, Sys 0 00:00:00  -  Total Local Usage
	2165  -  Run Bytes Sent By Node
	33711  -  Run Bytes Received By Node
	2165  -  Total Bytes Sent By Node
	33711  -  Total Bytes Received By Node
...
015 (282346.000.005) 2025-01-26 17:06:17 Node 5 terminated.
	(1) Normal termination (return value 0)
		Usr 0 00:00:02, Sys 0 00:00:00  -  Run Remote Usage
		Usr 0 00:00:00, Sys 0 00:00:00  -  Run Local Usage
		Usr 0 00:00:02, Sys 0 00:00:00  -  Total Remote Usage
		Usr 0 00:00:00, Sys 0 00:00:00  -  Total Local Usage
	2165  -  Run Bytes Sent By Node
	33711  -  Run Bytes Received By Node
	2165  -  Total Bytes Sent By Node
	33711  -  Total Bytes Received By Node
...
015 (282346.000.001) 2025-01-26 17:06:17 Node 1 terminated.
	(1) Normal termination (return value 0)
		Usr 0 00:00:02, Sys 0 00:00:00  -  Run Remote Usage
		Usr 0 00:00:00, Sys 0 00:00:00  -  Run Local Usage
		Usr 0 00:00:02, Sys 0 00:00:00  -  Total Remote Usage
		Usr 0 00:00:00, Sys 0 00:00:00  -  Total Local Usage
	2165  -  Run Bytes Sent By Node
	33711  -  Run Bytes Received By Node
	2165  -  Total Bytes Sent By Node
	33711  -  Total Bytes Received By Node
...
015 (282346.000.007) 2025-01-26 17:06:18 Node 7 terminated.
	(1) Normal termination (return value 0)
		Usr 0 00:00:03, Sys 0 00:00:01  -  Run Remote Usage
		Usr 0 00:00:00, Sys 0 00:00:00  -  Run Local Usage
		Usr 0 00:00:03, Sys 0 00:00:01  -  Total Remote Usage
		Usr 0 00:00:00, Sys 0 00:00:00  -  Total Local Usage
	2187  -  Run Bytes Sent By Node
	33711  -  Run Bytes Received By Node
	2187  -  Total Bytes Sent By Node
	33711  -  Total Bytes Received By Node
...
015 (282346.000.002) 2025-01-26 17:06:18 Node 2 terminated.
	(1) Normal termination (return value 0)
		Usr 0 00:00:02, Sys 0 00:00:00  -  Run Remote Usage
		Usr 0 00:00:00, Sys 0 00:00:00  -  Run Local Usage
		Usr 0 00:00:02, Sys 0 00:00:00  -  Total Remote Usage
		Usr 0 00:00:00, Sys 0 00:00:00  -  Total Local Usage
	2165  -  Run Bytes Sent By Node
	33711  -  Run Bytes Received By Node
	2165  -  Total Bytes Sent By Node
	33711  -  Total Bytes Received By Node
...
015 (282346.000.006) 2025-01-26 17:06:18 Node 6 terminated.
	(1) Normal termination (return value 0)
		Usr 0 00:00:02, Sys 0 00:00:00  -  Run Remote Usage
		Usr 0 00:00:00, Sys 0 00:00:00  -  Run Local Usage
		Usr 0 00:00:02, Sys 0 00:00:00  -  Total Remote Usage
		Usr 0 00:00:00, Sys 0 00:00:00  -  Total Local Usage
	2165  -  Run Bytes Sent By Node
	33711  -  Run Bytes Received By Node
	2165  -  Total Bytes Sent By Node
	33711  -  Total Bytes Received By Node
...
015 (282346.000.000) 2025-01-26 17:06:19 Node 0 terminated.
	(1) Normal termination (return value 0)
		Usr 0 00:00:00, Sys 0 00:00:00  -  Run Remote Usage
		Usr 0 00:00:00, Sys 0 00:00:00  -  Run Local Usage
		Usr 0 00:00:00, Sys 0 00:00:00  -  Total Remote Usage
		Usr 0 00:00:00, Sys 0 00:00:00  -  Total Local Usage
	3263  -  Run Bytes Sent By Node
	33711  -  Run Bytes Received By Node
	3263  -  Total Bytes Sent By Node
	33711  -  Total Bytes Received By Node
...
005 (282346.000.000) 2025-01-26 17:06:20 Job terminated.
	(1) Normal termination (return value 0)
		Usr 0 00:00:15, Sys 0 00:00:01  -  Run Remote Usage
		Usr 0 00:00:00, Sys 0 00:00:00  -  Run Local Usage
		Usr 0 00:00:00, Sys 0 00:00:00  -  Total Remote Usage
		Usr 0 00:00:00, Sys 0 00:00:00  -  Total Local Usage
	18440  -  Run Bytes Sent By Job
	269688  -  Run Bytes Received By Job
	18440  -  Total Bytes Sent By Job
	269688  -  Total Bytes Received By Job
	Partitionable Resources :    Usage  Request Allocated 
	   Cpus                 :                 1         1 
	   Disk (KB)            :       50       35    459831 
	   Memory (MB)          :        0        0     53248 

	Job terminated of its own accord at 2025-01-26T17:06:17Z with exit-code 0.
...
000 (289214.000.000) 2025-01-28 22:52:01 Job submitted from host: <192.168.0.102:9618?addrs=192.168.0.102-9618&alias=submitter&noUDP&sock=schedd_2032_5c88>
...
014 (289214.000.000) 2025-01-28 22:52:08 Node 0 executing on host: <192.168.0.132:9618?addrs=192.168.0.132-9618&alias=node132.di.rm1&noUDP&sock=startd_1999_b9e8>
...
014 (289214.000.002) 2025-01-28 22:52:08 Node 2 executing on host: <192.168.0.108:9618?addrs=192.168.0.108-9618&alias=node108.di.rm1&noUDP&sock=startd_1979_0203>
...
014 (289214.000.005) 2025-01-28 22:52:08 Node 5 executing on host: <192.168.0.148:9618?addrs=192.168.0.148-9618&alias=node148.di.rm1&noUDP&sock=startd_1547_b119>
...
014 (289214.000.004) 2025-01-28 22:52:08 Node 4 executing on host: <192.168.0.142:9618?addrs=192.168.0.142-9618&alias=node142.di.rm1&noUDP&sock=startd_1996_ab1f>
...
014 (289214.000.007) 2025-01-28 22:52:09 Node 7 executing on host: <192.168.0.142:9618?addrs=192.168.0.142-9618&alias=node142.di.rm1&noUDP&sock=startd_1996_ab1f>
...
014 (289214.000.003) 2025-01-28 22:52:09 Node 3 executing on host: <192.168.0.112:9618?addrs=192.168.0.112-9618&alias=node112.di.rm1&noUDP&sock=startd_2169_5502>
...
014 (289214.000.006) 2025-01-28 22:52:09 Node 6 executing on host: <192.168.0.133:9618?addrs=192.168.0.133-9618&alias=node133.di.rm1&noUDP&sock=startd_1941_f16a>
...
014 (289214.000.001) 2025-01-28 22:52:09 Node 1 executing on host: <192.168.0.141:9618?addrs=192.168.0.141-9618&alias=node141.di.rm1&noUDP&sock=startd_2077_3a4b>
...
001 (289214.000.000) 2025-01-28 22:52:09 Job executing on host: MPI_job
...
008 (289214.000.000) 2025-01-28 22:52:11 Launching orted on Node 0 of 8
...
008 (289214.000.000) 2025-01-28 22:52:11 Launching orted on Node 5 of 8
...
008 (289214.000.000) 2025-01-28 22:52:11 Launching orted on Node 2 of 8
...
008 (289214.000.000) 2025-01-28 22:52:11 Launching orted on Node 4 of 8
...
008 (289214.000.000) 2025-01-28 22:52:11 Launching orted on Node 7 of 8
...
008 (289214.000.000) 2025-01-28 22:52:11 Launching orted on Node 3 of 8
...
008 (289214.000.000) 2025-01-28 22:52:11 Launching orted on Node 6 of 8
...
008 (289214.000.000) 2025-01-28 22:52:11 Launching orted on Node 1 of 8
...
008 (289214.000.000) 2025-01-28 22:52:14 orted exited on Node 5 of 8
...
008 (289214.000.000) 2025-01-28 22:52:14 orted exited on Node 0 of 8
...
008 (289214.000.000) 2025-01-28 22:52:14 orted exited on Node 1 of 8
...
008 (289214.000.000) 2025-01-28 22:52:14 orted exited on Node 2 of 8
...
008 (289214.000.000) 2025-01-28 22:52:14 orted exited on Node 3 of 8
...
008 (289214.000.000) 2025-01-28 22:52:14 orted exited on Node 4 of 8
...
008 (289214.000.000) 2025-01-28 22:52:14 orted exited on Node 6 of 8
...
008 (289214.000.000) 2025-01-28 22:52:14 orted exited on Node 7 of 8
...
015 (289214.000.005) 2025-01-28 22:52:14 Node 5 terminated.
	(1) Normal termination (return value 0)
		Usr 0 00:00:02, Sys 0 00:00:00  -  Run Remote Usage
		Usr 0 00:00:00, Sys 0 00:00:00  -  Run Local Usage
		Usr 0 00:00:02, Sys 0 00:00:00  -  Total Remote Usage
		Usr 0 00:00:00, Sys 0 00:00:00  -  Total Local Usage
	2165  -  Run Bytes Sent By Node
	33711  -  Run Bytes Received By Node
	2165  -  Total Bytes Sent By Node
	33711  -  Total Bytes Received By Node
...
015 (289214.000.002) 2025-01-28 22:52:15 Node 2 terminated.
	(1) Normal termination (return value 0)
		Usr 0 00:00:02, Sys 0 00:00:00  -  Run Remote Usage
		Usr 0 00:00:00, Sys 0 00:00:00  -  Run Local Usage
		Usr 0 00:00:02, Sys 0 00:00:00  -  Total Remote Usage
		Usr 0 00:00:00, Sys 0 00:00:00  -  Total Local Usage
	2165  -  Run Bytes Sent By Node
	33711  -  Run Bytes Received By Node
	2165  -  Total Bytes Sent By Node
	33711  -  Total Bytes Received By Node
...
015 (289214.000.006) 2025-01-28 22:52:15 Node 6 terminated.
	(1) Normal termination (return value 0)
		Usr 0 00:00:02, Sys 0 00:00:00  -  Run Remote Usage
		Usr 0 00:00:00, Sys 0 00:00:00  -  Run Local Usage
		Usr 0 00:00:02, Sys 0 00:00:00  -  Total Remote Usage
		Usr 0 00:00:00, Sys 0 00:00:00  -  Total Local Usage
	2165  -  Run Bytes Sent By Node
	33711  -  Run Bytes Received By Node
	2165  -  Total Bytes Sent By Node
	33711  -  Total Bytes Received By Node
...
015 (289214.000.000) 2025-01-28 22:52:15 Node 0 terminated.
	(1) Normal termination (return value 0)
		Usr 0 00:00:03, Sys 0 00:00:00  -  Run Remote Usage
		Usr 0 00:00:00, Sys 0 00:00:00  -  Run Local Usage
		Usr 0 00:00:03, Sys 0 00:00:00  -  Total Remote Usage
		Usr 0 00:00:00, Sys 0 00:00:00  -  Total Local Usage
	3726  -  Run Bytes Sent By Node
	33711  -  Run Bytes Received By Node
	3726  -  Total Bytes Sent By Node
	33711  -  Total Bytes Received By Node
...
015 (289214.000.003) 2025-01-28 22:52:15 Node 3 terminated.
	(1) Normal termination (return value 0)
		Usr 0 00:00:02, Sys 0 00:00:00  -  Run Remote Usage
		Usr 0 00:00:00, Sys 0 00:00:00  -  Run Local Usage
		Usr 0 00:00:02, Sys 0 00:00:00  -  Total Remote Usage
		Usr 0 00:00:00, Sys 0 00:00:00  -  Total Local Usage
	2187  -  Run Bytes Sent By Node
	33711  -  Run Bytes Received By Node
	2187  -  Total Bytes Sent By Node
	33711  -  Total Bytes Received By Node
...
005 (289214.000.000) 2025-01-28 22:52:15 Job terminated.
	(1) Normal termination (return value 0)
		Usr 0 00:00:18, Sys 0 00:00:00  -  Run Remote Usage
		Usr 0 00:00:00, Sys 0 00:00:00  -  Run Local Usage
		Usr 0 00:00:01, Sys 0 00:00:00  -  Total Remote Usage
		Usr 0 00:00:00, Sys 0 00:00:00  -  Total Local Usage
	16738  -  Run Bytes Sent By Job
	269688  -  Run Bytes Received By Job
	16738  -  Total Bytes Sent By Job
	269688  -  Total Bytes Received By Job
	Partitionable Resources :    Usage  Request Allocated 
	   Cpus                 :                 1         2 
	   Disk (KB)            :       52       35 103028807 
	   Memory (MB)          :        0        0    100096 

	Job terminated of its own accord at 2025-01-28T22:52:14Z with exit-code 0.
...
