000 (290247.000.000) 2025-01-29 12:36:52 Job submitted from host: <192.168.0.102:9618?addrs=192.168.0.102-9618&alias=submitter&noUDP&sock=schedd_2032_5c88>
...
014 (290247.000.005) 2025-01-29 12:36:57 Node 5 executing on host: <192.168.0.137:9618?addrs=192.168.0.137-9618&alias=node137.di.rm1&noUDP&sock=startd_1934_2440>
...
014 (290247.000.006) 2025-01-29 12:36:57 Node 6 executing on host: <192.168.0.145:9618?addrs=192.168.0.145-9618&alias=node145.di.rm1&noUDP&sock=startd_1869_8e98>
...
014 (290247.000.003) 2025-01-29 12:36:57 Node 3 executing on host: <192.168.0.112:9618?addrs=192.168.0.112-9618&alias=node112.di.rm1&noUDP&sock=startd_2169_5502>
...
014 (290247.000.001) 2025-01-29 12:36:57 Node 1 executing on host: <192.168.0.106:9618?addrs=192.168.0.106-9618&alias=node106.di.rm1&noUDP&sock=startd_1970_d5a9>
...
014 (290247.000.004) 2025-01-29 12:36:57 Node 4 executing on host: <192.168.0.132:9618?addrs=192.168.0.132-9618&alias=node132.di.rm1&noUDP&sock=startd_1999_b9e8>
...
014 (290247.000.000) 2025-01-29 12:36:57 Node 0 executing on host: <192.168.0.123:9618?addrs=192.168.0.123-9618&alias=node123.di.rm1&noUDP&sock=startd_2149_9d1d>
...
014 (290247.000.002) 2025-01-29 12:36:57 Node 2 executing on host: <192.168.0.110:9618?addrs=192.168.0.110-9618&alias=node110.di.rm1&noUDP&sock=startd_2185_4e86>
...
014 (290247.000.007) 2025-01-29 12:36:57 Node 7 executing on host: <192.168.0.140:9618?addrs=192.168.0.140-9618&alias=node140.di.rm1&noUDP&sock=startd_1890_f615>
...
001 (290247.000.000) 2025-01-29 12:36:57 Job executing on host: MPI_job
...
008 (290247.000.000) 2025-01-29 12:36:59 Launching orted on Node 5 of 8
...
008 (290247.000.000) 2025-01-29 12:37:00 Launching orted on Node 6 of 8
...
008 (290247.000.000) 2025-01-29 12:37:00 Launching orted on Node 3 of 8
...
008 (290247.000.000) 2025-01-29 12:37:00 Launching orted on Node 4 of 8
...
008 (290247.000.000) 2025-01-29 12:37:00 Launching orted on Node 1 of 8
...
008 (290247.000.000) 2025-01-29 12:37:00 Launching orted on Node 0 of 8
...
008 (290247.000.000) 2025-01-29 12:37:00 Launching orted on Node 7 of 8
...
008 (290247.000.000) 2025-01-29 12:37:00 Launching orted on Node 2 of 8
...
008 (290247.000.000) 2025-01-29 12:37:01 orted exited on Node 4 of 8
...
008 (290247.000.000) 2025-01-29 12:37:01 orted exited on Node 2 of 8
...
008 (290247.000.000) 2025-01-29 12:37:01 orted exited on Node 3 of 8
...
008 (290247.000.000) 2025-01-29 12:37:01 orted exited on Node 6 of 8
...
008 (290247.000.000) 2025-01-29 12:37:01 orted exited on Node 0 of 8
...
008 (290247.000.000) 2025-01-29 12:37:01 orted exited on Node 1 of 8
...
008 (290247.000.000) 2025-01-29 12:37:01 orted exited on Node 7 of 8
...
008 (290247.000.000) 2025-01-29 12:37:01 orted exited on Node 5 of 8
...
015 (290247.000.005) 2025-01-29 12:37:01 Node 5 terminated.
	(1) Normal termination (return value 0)
		Usr 0 00:00:00, Sys 0 00:00:01  -  Run Remote Usage
		Usr 0 00:00:00, Sys 0 00:00:00  -  Run Local Usage
		Usr 0 00:00:00, Sys 0 00:00:01  -  Total Remote Usage
		Usr 0 00:00:00, Sys 0 00:00:00  -  Total Local Usage
	2341  -  Run Bytes Sent By Node
	33791  -  Run Bytes Received By Node
	2341  -  Total Bytes Sent By Node
	33791  -  Total Bytes Received By Node
...
015 (290247.000.003) 2025-01-29 12:37:01 Node 3 terminated.
	(1) Normal termination (return value 0)
		Usr 0 00:00:00, Sys 0 00:00:02  -  Run Remote Usage
		Usr 0 00:00:00, Sys 0 00:00:00  -  Run Local Usage
		Usr 0 00:00:00, Sys 0 00:00:02  -  Total Remote Usage
		Usr 0 00:00:00, Sys 0 00:00:00  -  Total Local Usage
	2363  -  Run Bytes Sent By Node
	33791  -  Run Bytes Received By Node
	2363  -  Total Bytes Sent By Node
	33791  -  Total Bytes Received By Node
...
015 (290247.000.006) 2025-01-29 12:37:01 Node 6 terminated.
	(1) Normal termination (return value 0)
		Usr 0 00:00:01, Sys 0 00:00:02  -  Run Remote Usage
		Usr 0 00:00:00, Sys 0 00:00:00  -  Run Local Usage
		Usr 0 00:00:01, Sys 0 00:00:02  -  Total Remote Usage
		Usr 0 00:00:00, Sys 0 00:00:00  -  Total Local Usage
	2341  -  Run Bytes Sent By Node
	33791  -  Run Bytes Received By Node
	2341  -  Total Bytes Sent By Node
	33791  -  Total Bytes Received By Node
...
015 (290247.000.004) 2025-01-29 12:37:01 Node 4 terminated.
	(1) Normal termination (return value 0)
		Usr 0 00:00:00, Sys 0 00:00:01  -  Run Remote Usage
		Usr 0 00:00:00, Sys 0 00:00:00  -  Run Local Usage
		Usr 0 00:00:00, Sys 0 00:00:01  -  Total Remote Usage
		Usr 0 00:00:00, Sys 0 00:00:00  -  Total Local Usage
	2341  -  Run Bytes Sent By Node
	33791  -  Run Bytes Received By Node
	2341  -  Total Bytes Sent By Node
	33791  -  Total Bytes Received By Node
...
015 (290247.000.000) 2025-01-29 12:37:01 Node 0 terminated.
	(1) Normal termination (return value 0)
		Usr 0 00:00:01, Sys 0 00:00:02  -  Run Remote Usage
		Usr 0 00:00:00, Sys 0 00:00:00  -  Run Local Usage
		Usr 0 00:00:01, Sys 0 00:00:02  -  Total Remote Usage
		Usr 0 00:00:00, Sys 0 00:00:00  -  Total Local Usage
	3946  -  Run Bytes Sent By Node
	33791  -  Run Bytes Received By Node
	3946  -  Total Bytes Sent By Node
	33791  -  Total Bytes Received By Node
...
005 (290247.000.000) 2025-01-29 12:37:01 Job terminated.
	(1) Normal termination (return value 0)
		Usr 0 00:00:05, Sys 0 00:00:11  -  Run Remote Usage
		Usr 0 00:00:00, Sys 0 00:00:00  -  Run Local Usage
		Usr 0 00:00:01, Sys 0 00:00:01  -  Total Remote Usage
		Usr 0 00:00:00, Sys 0 00:00:00  -  Total Local Usage
	13332  -  Run Bytes Sent By Job
	270328  -  Run Bytes Received By Job
	13332  -  Total Bytes Sent By Job
	270328  -  Total Bytes Received By Job
	Partitionable Resources :    Usage  Request Allocated 
	   Cpus                 :                 8         8 
	   Disk (KB)            :       52       35    499900 
	   GPUs                 :                           0 
	   Memory (MB)          :        0        0       128 

	Job terminated of its own accord at 2025-01-29T12:37:01Z with exit-code 0.
...
