000 (263436.000.000) 2025-01-17 11:20:50 Job submitted from host: <192.168.0.102:9618?addrs=192.168.0.102-9618&alias=submitter&noUDP&sock=schedd_2032_5c88>
...
001 (263436.000.000) 2025-01-17 11:20:56 Job executing on host: <192.168.0.149:9618?addrs=192.168.0.149-9618&alias=node149.di.rm1&noUDP&sock=startd_1551_6f7a>
...
006 (263436.000.000) 2025-01-17 11:21:05 Image size of job updated: 477312
	467  -  MemoryUsage of job (MB)
	477312  -  ResidentSetSize of job (KB)
...
006 (263436.000.000) 2025-01-17 11:26:06 Image size of job updated: 625572
	599  -  MemoryUsage of job (MB)
	613264  -  ResidentSetSize of job (KB)
...
004 (263436.000.000) 2025-01-17 11:33:16 Job was evicted.
	(0) CPU times
		Usr 0 00:21:40, Sys 0 00:00:01  -  Run Remote Usage
		Usr 0 00:00:00, Sys 0 00:00:00  -  Run Local Usage
	0  -  Run Bytes Sent By Job
	0  -  Run Bytes Received By Job
	Partitionable Resources :    Usage  Request Allocated 
	   Cpus                 :     2.00        1         1 
	   Disk (KB)            :    27          27    471944 
	   Memory (MB)          :   599           1       128 
...
009 (263436.000.000) 2025-01-17 11:33:16 Job was aborted.
	via condor_rm (by user calzona_2046920)
...
