000 (270240.000.000) 2025-01-21 23:37:14 Job submitted from host: <192.168.0.102:9618?addrs=192.168.0.102-9618&alias=submitter&noUDP&sock=schedd_2032_5c88>
...
001 (270240.000.000) 2025-01-21 23:37:35 Job executing on host: <192.168.0.151:9618?addrs=192.168.0.151-9618&alias=node151.di.rm1&noUDP&sock=startd_1528_a8cd>
...
006 (270240.000.000) 2025-01-21 23:37:43 Image size of job updated: 534468
	522  -  MemoryUsage of job (MB)
	534468  -  ResidentSetSize of job (KB)
...
006 (270240.000.000) 2025-01-21 23:38:16 Image size of job updated: 3206080
	524  -  MemoryUsage of job (MB)
	535656  -  ResidentSetSize of job (KB)
...
004 (270240.000.000) 2025-01-21 23:38:16 Job was evicted.
	(0) CPU times
		Usr 0 00:00:39, Sys 0 00:00:01  -  Run Remote Usage
		Usr 0 00:00:00, Sys 0 00:00:00  -  Run Local Usage
	0  -  Run Bytes Sent By Job
	0  -  Run Bytes Received By Job
	Partitionable Resources :    Usage  Request Allocated 
	   Cpus                 :                 1         1 
	   Disk (KB)            :       27       27    474791 
	   Memory (MB)          :      524        1       128 
...
009 (270240.000.000) 2025-01-21 23:38:16 Job was aborted.
	via condor_rm (by user calzona_2046920)
...
