000 (262209.000.000) 2025-01-16 18:01:03 Job submitted from host: <192.168.0.102:9618?addrs=192.168.0.102-9618&alias=submitter&noUDP&sock=schedd_2032_5c88>
...
001 (262209.000.000) 2025-01-16 18:01:19 Job executing on host: <192.168.0.141:9618?addrs=192.168.0.141-9618&alias=node141.di.rm1&noUDP&sock=startd_2077_3a4b>
...
006 (262209.000.000) 2025-01-16 18:01:27 Image size of job updated: 1139584
	423  -  MemoryUsage of job (MB)
	432960  -  ResidentSetSize of job (KB)
...
006 (262209.000.000) 2025-01-16 18:06:27 Image size of job updated: 16170988
	15073  -  MemoryUsage of job (MB)
	15434232  -  ResidentSetSize of job (KB)
...
006 (262209.000.000) 2025-01-16 18:11:28 Image size of job updated: 31137820
	29635  -  MemoryUsage of job (MB)
	30345480  -  ResidentSetSize of job (KB)
...
006 (262209.000.000) 2025-01-16 18:16:26 Image size of job updated: 45312596
	29635  -  MemoryUsage of job (MB)
	30345480  -  ResidentSetSize of job (KB)
...
004 (262209.000.000) 2025-01-16 18:16:26 Job was evicted.
	(0) CPU times
		Usr 0 00:14:45, Sys 0 00:00:20  -  Run Remote Usage
		Usr 0 00:00:00, Sys 0 00:00:00  -  Run Local Usage
	0  -  Run Bytes Sent By Job
	0  -  Run Bytes Received By Job
	Partitionable Resources :    Usage  Request Allocated 
	   Cpus                 :     1.00        1         1 
	   Disk (KB)            :    27          27    459831 
	   Memory (MB)          : 29635           1       128 
...
009 (262209.000.000) 2025-01-16 18:16:26 Job was aborted.
	via condor_rm (by user calzona_2046920)
...
