000 (274143.000.000) 2025-01-23 11:38:28 Job submitted from host: <192.168.0.102:9618?addrs=192.168.0.102-9618&alias=submitter&noUDP&sock=schedd_2032_5c88>
...
014 (274143.000.001) 2025-01-23 11:38:35 Node 1 executing on host: <192.168.0.106:9618?addrs=192.168.0.106-9618&alias=node106.di.rm1&noUDP&sock=startd_1970_d5a9>
...
014 (274143.000.003) 2025-01-23 11:38:36 Node 3 executing on host: <192.168.0.135:9618?addrs=192.168.0.135-9618&alias=node135.di.rm1&noUDP&sock=startd_2000_6980>
...
014 (274143.000.000) 2025-01-23 11:38:36 Node 0 executing on host: <192.168.0.143:9618?addrs=192.168.0.143-9618&alias=node143.di.rm1&noUDP&sock=startd_2061_40c7>
...
014 (274143.000.002) 2025-01-23 11:38:36 Node 2 executing on host: <192.168.0.143:9618?addrs=192.168.0.143-9618&alias=node143.di.rm1&noUDP&sock=startd_2061_40c7>
...
001 (274143.000.000) 2025-01-23 11:38:36 Job executing on host: MPI_job
...
008 (274143.000.000) 2025-01-23 11:38:38 Launching orted on Node 1 of 4
...
008 (274143.000.000) 2025-01-23 11:38:38 Launching orted on Node 3 of 4
...
008 (274143.000.000) 2025-01-23 11:38:38 Launching orted on Node 0 of 4
...
008 (274143.000.000) 2025-01-23 11:38:39 Launching orted on Node 2 of 4
...
008 (274143.000.000) 2025-01-23 11:38:42 orted exited on Node 1 of 4
...
008 (274143.000.000) 2025-01-23 11:38:42 orted exited on Node 0 of 4
...
008 (274143.000.000) 2025-01-23 11:38:42 orted exited on Node 2 of 4
...
008 (274143.000.000) 2025-01-23 11:38:42 orted exited on Node 3 of 4
...
015 (274143.000.001) 2025-01-23 11:38:42 Node 1 terminated.
	(1) Normal termination (return value 0)
		Usr 0 00:00:03, Sys 0 00:00:00  -  Run Remote Usage
		Usr 0 00:00:00, Sys 0 00:00:00  -  Run Local Usage
		Usr 0 00:00:03, Sys 0 00:00:00  -  Total Remote Usage
		Usr 0 00:00:00, Sys 0 00:00:00  -  Total Local Usage
	2165  -  Run Bytes Sent By Node
	33639  -  Run Bytes Received By Node
	2165  -  Total Bytes Sent By Node
	33639  -  Total Bytes Received By Node
...
015 (274143.000.003) 2025-01-23 11:38:42 Node 3 terminated.
	(1) Normal termination (return value 0)
		Usr 0 00:00:02, Sys 0 00:00:00  -  Run Remote Usage
		Usr 0 00:00:00, Sys 0 00:00:00  -  Run Local Usage
		Usr 0 00:00:02, Sys 0 00:00:00  -  Total Remote Usage
		Usr 0 00:00:00, Sys 0 00:00:00  -  Total Local Usage
	2165  -  Run Bytes Sent By Node
	33639  -  Run Bytes Received By Node
	2165  -  Total Bytes Sent By Node
	33639  -  Total Bytes Received By Node
...
015 (274143.000.002) 2025-01-23 11:38:42 Node 2 terminated.
	(1) Normal termination (return value 0)
		Usr 0 00:00:02, Sys 0 00:00:00  -  Run Remote Usage
		Usr 0 00:00:00, Sys 0 00:00:00  -  Run Local Usage
		Usr 0 00:00:02, Sys 0 00:00:00  -  Total Remote Usage
		Usr 0 00:00:00, Sys 0 00:00:00  -  Total Local Usage
	0  -  Run Bytes Sent By Node
	33639  -  Run Bytes Received By Node
	0  -  Total Bytes Sent By Node
	33639  -  Total Bytes Received By Node
...
015 (274143.000.000) 2025-01-23 11:38:42 Node 0 terminated.
	(1) Normal termination (return value 0)
		Usr 0 00:00:00, Sys 0 00:00:00  -  Run Remote Usage
		Usr 0 00:00:00, Sys 0 00:00:00  -  Run Local Usage
		Usr 0 00:00:00, Sys 0 00:00:00  -  Total Remote Usage
		Usr 0 00:00:00, Sys 0 00:00:00  -  Total Local Usage
	3262  -  Run Bytes Sent By Node
	33639  -  Run Bytes Received By Node
	3262  -  Total Bytes Sent By Node
	33639  -  Total Bytes Received By Node
...
005 (274143.000.000) 2025-01-23 11:38:43 Job terminated.
	(1) Normal termination (return value 0)
		Usr 0 00:00:07, Sys 0 00:00:00  -  Run Remote Usage
		Usr 0 00:00:00, Sys 0 00:00:00  -  Run Local Usage
		Usr 0 00:00:00, Sys 0 00:00:00  -  Total Remote Usage
		Usr 0 00:00:00, Sys 0 00:00:00  -  Total Local Usage
	7592  -  Run Bytes Sent By Job
	134556  -  Run Bytes Received By Job
	7592  -  Total Bytes Sent By Job
	134556  -  Total Bytes Received By Job
	Partitionable Resources :    Usage  Request Allocated 
	   Cpus                 :                 1         1 
	   Disk (KB)            :       50       35    459633 
	   Memory (MB)          :        0        0     40960 

	Job terminated of its own accord at 2025-01-23T11:38:42Z with exit-code 0.
...
000 (278882.000.000) 2025-01-24 09:40:40 Job submitted from host: <192.168.0.102:9618?addrs=192.168.0.102-9618&alias=submitter&noUDP&sock=schedd_2032_5c88>
...
014 (278882.000.000) 2025-01-24 09:40:48 Node 0 executing on host: <192.168.0.135:9618?addrs=192.168.0.135-9618&alias=node135.di.rm1&noUDP&sock=startd_2000_6980>
...
014 (278882.000.001) 2025-01-24 09:40:48 Node 1 executing on host: <192.168.0.124:9618?addrs=192.168.0.124-9618&alias=node124.di.rm1&noUDP&sock=startd_2143_7f8b>
...
014 (278882.000.002) 2025-01-24 09:40:48 Node 2 executing on host: <192.168.0.105:9618?addrs=192.168.0.105-9618&alias=node105.di.rm1&noUDP&sock=startd_1951_cd5c>
...
014 (278882.000.003) 2025-01-24 09:40:48 Node 3 executing on host: <192.168.0.105:9618?addrs=192.168.0.105-9618&alias=node105.di.rm1&noUDP&sock=startd_1951_cd5c>
...
001 (278882.000.000) 2025-01-24 09:40:48 Job executing on host: MPI_job
...
008 (278882.000.000) 2025-01-24 09:40:50 Launching orted on Node 0 of 4
...
008 (278882.000.000) 2025-01-24 09:40:50 Launching orted on Node 1 of 4
...
008 (278882.000.000) 2025-01-24 09:40:51 Launching orted on Node 3 of 4
...
008 (278882.000.000) 2025-01-24 09:40:51 Launching orted on Node 2 of 4
...
008 (278882.000.000) 2025-01-24 09:40:54 orted exited on Node 0 of 4
...
008 (278882.000.000) 2025-01-24 09:40:54 orted exited on Node 3 of 4
...
008 (278882.000.000) 2025-01-24 09:40:54 orted exited on Node 1 of 4
...
008 (278882.000.000) 2025-01-24 09:40:54 orted exited on Node 2 of 4
...
015 (278882.000.001) 2025-01-24 09:40:54 Node 1 terminated.
	(1) Normal termination (return value 0)
		Usr 0 00:00:02, Sys 0 00:00:00  -  Run Remote Usage
		Usr 0 00:00:00, Sys 0 00:00:00  -  Run Local Usage
		Usr 0 00:00:02, Sys 0 00:00:00  -  Total Remote Usage
		Usr 0 00:00:00, Sys 0 00:00:00  -  Total Local Usage
	2187  -  Run Bytes Sent By Node
	33639  -  Run Bytes Received By Node
	2187  -  Total Bytes Sent By Node
	33639  -  Total Bytes Received By Node
...
015 (278882.000.000) 2025-01-24 09:40:54 Node 0 terminated.
	(1) Normal termination (return value 0)
		Usr 0 00:00:03, Sys 0 00:00:01  -  Run Remote Usage
		Usr 0 00:00:00, Sys 0 00:00:00  -  Run Local Usage
		Usr 0 00:00:03, Sys 0 00:00:01  -  Total Remote Usage
		Usr 0 00:00:00, Sys 0 00:00:00  -  Total Local Usage
	3262  -  Run Bytes Sent By Node
	33639  -  Run Bytes Received By Node
	3262  -  Total Bytes Sent By Node
	33639  -  Total Bytes Received By Node
...
005 (278882.000.000) 2025-01-24 09:40:54 Job terminated.
	(1) Normal termination (return value 0)
		Usr 0 00:00:09, Sys 0 00:00:01  -  Run Remote Usage
		Usr 0 00:00:00, Sys 0 00:00:00  -  Run Local Usage
		Usr 0 00:00:03, Sys 0 00:00:01  -  Total Remote Usage
		Usr 0 00:00:00, Sys 0 00:00:00  -  Total Local Usage
	5449  -  Run Bytes Sent By Job
	134556  -  Run Bytes Received By Job
	5449  -  Total Bytes Sent By Job
	134556  -  Total Bytes Received By Job
	Partitionable Resources :    Usage  Request Allocated 
	   Cpus                 :                 1         1 
	   Disk (KB)            :       49       35    470875 
	   Memory (MB)          :        0        0     20480 

	Job terminated of its own accord at 2025-01-24T09:40:54Z with exit-code 0.
...
000 (287178.000.000) 2025-01-28 16:36:17 Job submitted from host: <192.168.0.102:9618?addrs=192.168.0.102-9618&alias=submitter&noUDP&sock=schedd_2032_5c88>
...
014 (287178.000.000) 2025-01-28 16:36:24 Node 0 executing on host: <192.168.0.137:9618?addrs=192.168.0.137-9618&alias=node137.di.rm1&noUDP&sock=startd_1934_2440>
...
014 (287178.000.003) 2025-01-28 16:36:24 Node 3 executing on host: <192.168.0.147:9618?addrs=192.168.0.147-9618&alias=node147.di.rm1&noUDP&sock=startd_1513_5ee1>
...
014 (287178.000.002) 2025-01-28 16:36:24 Node 2 executing on host: <192.168.0.141:9618?addrs=192.168.0.141-9618&alias=node141.di.rm1&noUDP&sock=startd_2077_3a4b>
...
014 (287178.000.001) 2025-01-28 16:36:24 Node 1 executing on host: <192.168.0.111:9618?addrs=192.168.0.111-9618&alias=node111.di.rm1&noUDP&sock=startd_2044_97ab>
...
001 (287178.000.000) 2025-01-28 16:36:24 Job executing on host: MPI_job
...
008 (287178.000.000) 2025-01-28 16:36:26 Launching orted on Node 0 of 4
...
008 (287178.000.000) 2025-01-28 16:36:27 Launching orted on Node 3 of 4
...
008 (287178.000.000) 2025-01-28 16:36:27 Launching orted on Node 2 of 4
...
008 (287178.000.000) 2025-01-28 16:36:27 Launching orted on Node 1 of 4
...
008 (287178.000.000) 2025-01-28 16:36:30 orted exited on Node 3 of 4
...
008 (287178.000.000) 2025-01-28 16:36:30 orted exited on Node 0 of 4
...
008 (287178.000.000) 2025-01-28 16:36:30 orted exited on Node 2 of 4
...
008 (287178.000.000) 2025-01-28 16:36:30 orted exited on Node 1 of 4
...
015 (287178.000.000) 2025-01-28 16:36:30 Node 0 terminated.
	(1) Normal termination (return value 0)
		Usr 0 00:00:00, Sys 0 00:00:01  -  Run Remote Usage
		Usr 0 00:00:00, Sys 0 00:00:00  -  Run Local Usage
		Usr 0 00:00:00, Sys 0 00:00:01  -  Total Remote Usage
		Usr 0 00:00:00, Sys 0 00:00:00  -  Total Local Usage
	3728  -  Run Bytes Sent By Node
	33591  -  Run Bytes Received By Node
	3728  -  Total Bytes Sent By Node
	33591  -  Total Bytes Received By Node
...
015 (287178.000.002) 2025-01-28 16:36:30 Node 2 terminated.
	(1) Normal termination (return value 0)
		Usr 0 00:00:02, Sys 0 00:00:00  -  Run Remote Usage
		Usr 0 00:00:00, Sys 0 00:00:00  -  Run Local Usage
		Usr 0 00:00:02, Sys 0 00:00:00  -  Total Remote Usage
		Usr 0 00:00:00, Sys 0 00:00:00  -  Total Local Usage
	2165  -  Run Bytes Sent By Node
	33591  -  Run Bytes Received By Node
	2165  -  Total Bytes Sent By Node
	33591  -  Total Bytes Received By Node
...
015 (287178.000.003) 2025-01-28 16:36:30 Node 3 terminated.
	(1) Normal termination (return value 0)
		Usr 0 00:00:02, Sys 0 00:00:00  -  Run Remote Usage
		Usr 0 00:00:00, Sys 0 00:00:00  -  Run Local Usage
		Usr 0 00:00:02, Sys 0 00:00:00  -  Total Remote Usage
		Usr 0 00:00:00, Sys 0 00:00:00  -  Total Local Usage
	2165  -  Run Bytes Sent By Node
	33591  -  Run Bytes Received By Node
	2165  -  Total Bytes Sent By Node
	33591  -  Total Bytes Received By Node
...
015 (287178.000.001) 2025-01-28 16:36:30 Node 1 terminated.
	(1) Normal termination (return value 0)
		Usr 0 00:00:03, Sys 0 00:00:00  -  Run Remote Usage
		Usr 0 00:00:00, Sys 0 00:00:00  -  Run Local Usage
		Usr 0 00:00:03, Sys 0 00:00:00  -  Total Remote Usage
		Usr 0 00:00:00, Sys 0 00:00:00  -  Total Local Usage
	2187  -  Run Bytes Sent By Node
	33591  -  Run Bytes Received By Node
	2187  -  Total Bytes Sent By Node
	33591  -  Total Bytes Received By Node
...
005 (287178.000.000) 2025-01-28 16:36:31 Job terminated.
	(1) Normal termination (return value 0)
		Usr 0 00:00:07, Sys 0 00:00:01  -  Run Remote Usage
		Usr 0 00:00:00, Sys 0 00:00:00  -  Run Local Usage
		Usr 0 00:00:00, Sys 0 00:00:01  -  Total Remote Usage
		Usr 0 00:00:00, Sys 0 00:00:00  -  Total Local Usage
	10245  -  Run Bytes Sent By Job
	134364  -  Run Bytes Received By Job
	10245  -  Total Bytes Sent By Job
	134364  -  Total Bytes Received By Job
	Partitionable Resources :    Usage  Request Allocated 
	   Cpus                 :                 1         2 
	   Disk (KB)            :       51       35 102846057 
	   Memory (MB)          :        0        0    100096 

	Job terminated of its own accord at 2025-01-28T16:36:30Z with exit-code 0.
...
