000 (290288.000.000) 2025-01-29 12:41:44 Job submitted from host: <192.168.0.102:9618?addrs=192.168.0.102-9618&alias=submitter&noUDP&sock=schedd_2032_5c88>
...
014 (290288.000.003) 2025-01-29 12:41:52 Node 3 executing on host: <192.168.0.130:9618?addrs=192.168.0.130-9618&alias=node130.di.rm1&noUDP&sock=startd_2751195_838e>
...
014 (290288.000.000) 2025-01-29 12:41:52 Node 0 executing on host: <192.168.0.115:9618?addrs=192.168.0.115-9618&alias=node115.di.rm1&noUDP&sock=startd_1101621_f4a0>
...
014 (290288.000.001) 2025-01-29 12:41:52 Node 1 executing on host: <192.168.0.112:9618?addrs=192.168.0.112-9618&alias=node112.di.rm1&noUDP&sock=startd_2169_5502>
...
014 (290288.000.005) 2025-01-29 12:41:52 Node 5 executing on host: <192.168.0.123:9618?addrs=192.168.0.123-9618&alias=node123.di.rm1&noUDP&sock=startd_2149_9d1d>
...
014 (290288.000.006) 2025-01-29 12:41:52 Node 6 executing on host: <192.168.0.116:9618?addrs=192.168.0.116-9618&alias=node116.di.rm1&noUDP&sock=startd_1847_7783>
...
014 (290288.000.007) 2025-01-29 12:41:52 Node 7 executing on host: <192.168.0.134:9618?addrs=192.168.0.134-9618&alias=node134.di.rm1&noUDP&sock=startd_2073_7bea>
...
014 (290288.000.002) 2025-01-29 12:41:52 Node 2 executing on host: <192.168.0.109:9618?addrs=192.168.0.109-9618&alias=node109.di.rm1&noUDP&sock=startd_1627_90ad>
...
014 (290288.000.004) 2025-01-29 12:41:52 Node 4 executing on host: <192.168.0.124:9618?addrs=192.168.0.124-9618&alias=node124.di.rm1&noUDP&sock=startd_2143_7f8b>
...
001 (290288.000.000) 2025-01-29 12:41:52 Job executing on host: MPI_job
...
008 (290288.000.000) 2025-01-29 12:41:54 Launching orted on Node 3 of 8
...
008 (290288.000.000) 2025-01-29 12:41:54 Launching orted on Node 0 of 8
...
008 (290288.000.000) 2025-01-29 12:41:54 Launching orted on Node 1 of 8
...
008 (290288.000.000) 2025-01-29 12:41:54 Launching orted on Node 5 of 8
...
008 (290288.000.000) 2025-01-29 12:41:54 Launching orted on Node 7 of 8
...
008 (290288.000.000) 2025-01-29 12:41:54 Launching orted on Node 2 of 8
...
008 (290288.000.000) 2025-01-29 12:41:54 Launching orted on Node 6 of 8
...
008 (290288.000.000) 2025-01-29 12:41:54 Launching orted on Node 4 of 8
...
008 (290288.000.000) 2025-01-29 12:41:56 orted exited on Node 2 of 8
...
008 (290288.000.000) 2025-01-29 12:41:56 orted exited on Node 0 of 8
...
008 (290288.000.000) 2025-01-29 12:41:56 orted exited on Node 5 of 8
...
008 (290288.000.000) 2025-01-29 12:41:56 orted exited on Node 3 of 8
...
008 (290288.000.000) 2025-01-29 12:41:56 orted exited on Node 1 of 8
...
008 (290288.000.000) 2025-01-29 12:41:56 orted exited on Node 6 of 8
...
008 (290288.000.000) 2025-01-29 12:41:56 orted exited on Node 7 of 8
...
008 (290288.000.000) 2025-01-29 12:41:56 orted exited on Node 4 of 8
...
015 (290288.000.003) 2025-01-29 12:41:56 Node 3 terminated.
	(1) Normal termination (return value 0)
		Usr 0 00:00:03, Sys 0 00:00:03  -  Run Remote Usage
		Usr 0 00:00:00, Sys 0 00:00:00  -  Run Local Usage
		Usr 0 00:00:03, Sys 0 00:00:03  -  Total Remote Usage
		Usr 0 00:00:00, Sys 0 00:00:00  -  Total Local Usage
	2341  -  Run Bytes Sent By Node
	33791  -  Run Bytes Received By Node
	2341  -  Total Bytes Sent By Node
	33791  -  Total Bytes Received By Node
...
015 (290288.000.001) 2025-01-29 12:41:56 Node 1 terminated.
	(1) Normal termination (return value 0)
		Usr 0 00:00:02, Sys 0 00:00:03  -  Run Remote Usage
		Usr 0 00:00:00, Sys 0 00:00:00  -  Run Local Usage
		Usr 0 00:00:02, Sys 0 00:00:03  -  Total Remote Usage
		Usr 0 00:00:00, Sys 0 00:00:00  -  Total Local Usage
	2363  -  Run Bytes Sent By Node
	33791  -  Run Bytes Received By Node
	2363  -  Total Bytes Sent By Node
	33791  -  Total Bytes Received By Node
...
015 (290288.000.000) 2025-01-29 12:41:56 Node 0 terminated.
	(1) Normal termination (return value 0)
		Usr 0 00:00:03, Sys 0 00:00:00  -  Run Remote Usage
		Usr 0 00:00:00, Sys 0 00:00:00  -  Run Local Usage
		Usr 0 00:00:03, Sys 0 00:00:00  -  Total Remote Usage
		Usr 0 00:00:00, Sys 0 00:00:00  -  Total Local Usage
	3435  -  Run Bytes Sent By Node
	33791  -  Run Bytes Received By Node
	3435  -  Total Bytes Sent By Node
	33791  -  Total Bytes Received By Node
...
005 (290288.000.000) 2025-01-29 12:41:56 Job terminated.
	(1) Normal termination (return value 0)
		Usr 0 00:00:19, Sys 0 00:00:18  -  Run Remote Usage
		Usr 0 00:00:00, Sys 0 00:00:00  -  Run Local Usage
		Usr 0 00:00:01, Sys 0 00:00:00  -  Total Remote Usage
		Usr 0 00:00:00, Sys 0 00:00:00  -  Total Local Usage
	8139  -  Run Bytes Sent By Job
	270328  -  Run Bytes Received By Job
	8139  -  Total Bytes Sent By Job
	270328  -  Total Bytes Received By Job
	Partitionable Resources :    Usage  Request Allocated 
	   Cpus                 :                 8         8 
	   Disk (KB)            :       51       35    472524 
	   Memory (MB)          :        0        1       128 

	Job terminated of its own accord at 2025-01-29T12:41:56Z with exit-code 0.
...
