000 (270679.000.000) 2025-01-22 00:10:17 Job submitted from host: <192.168.0.102:9618?addrs=192.168.0.102-9618&alias=submitter&noUDP&sock=schedd_2032_5c88>
...
001 (270679.000.000) 2025-01-22 00:10:21 Job executing on host: <192.168.0.120:9618?addrs=192.168.0.120-9618&alias=node120.di.rm1&noUDP&sock=startd_2096_4298>
...
006 (270679.000.000) 2025-01-22 00:10:31 Image size of job updated: 480612
	470  -  MemoryUsage of job (MB)
	480612  -  ResidentSetSize of job (KB)
...
006 (270679.000.000) 2025-01-22 00:11:20 Image size of job updated: 3191172
	471  -  MemoryUsage of job (MB)
	481404  -  ResidentSetSize of job (KB)
...
004 (270679.000.000) 2025-01-22 00:11:20 Job was evicted.
	(0) CPU times
		Usr 0 00:00:56, Sys 0 00:00:01  -  Run Remote Usage
		Usr 0 00:00:00, Sys 0 00:00:00  -  Run Local Usage
	0  -  Run Bytes Sent By Job
	0  -  Run Bytes Received By Job
	Partitionable Resources :    Usage  Request Allocated 
	   Cpus                 :                 1         1 
	   Disk (KB)            :       27       27    459052 
	   Gpus (Average)       :                 0         0 
	   Memory (MB)          :      471        1       128 
...
009 (270679.000.000) 2025-01-22 00:11:20 Job was aborted.
	via condor_rm (by user calzona_2046920)
...
000 (276833.000.000) 2025-01-24 05:22:59 Job submitted from host: <192.168.0.102:9618?addrs=192.168.0.102-9618&alias=submitter&noUDP&sock=schedd_2032_5c88>
...
001 (276833.000.000) 2025-01-24 05:23:00 Job executing on host: <192.168.0.147:9618?addrs=192.168.0.147-9618&alias=node147.di.rm1&noUDP&sock=startd_1513_5ee1>
...
006 (276833.000.000) 2025-01-24 05:23:09 Image size of job updated: 1289184
	440  -  MemoryUsage of job (MB)
	449592  -  ResidentSetSize of job (KB)
...
006 (276833.000.000) 2025-01-24 05:25:01 Image size of job updated: 6703428
	440  -  MemoryUsage of job (MB)
	449724  -  ResidentSetSize of job (KB)
...
004 (276833.000.000) 2025-01-24 05:25:01 Job was evicted.
	(0) CPU times
		Usr 0 00:01:57, Sys 0 00:00:02  -  Run Remote Usage
		Usr 0 00:00:00, Sys 0 00:00:00  -  Run Local Usage
	0  -  Run Bytes Sent By Job
	0  -  Run Bytes Received By Job
	Partitionable Resources :    Usage  Request Allocated 
	   Cpus                 :                 1         1 
	   Disk (KB)            :       27       27    469805 
	   Memory (MB)          :      440        1       128 
...
009 (276833.000.000) 2025-01-24 05:25:01 Job was aborted.
	via condor_rm (by user calzona_2046920)
...
