000 (271043.000.000) 2025-01-22 00:37:37 Job submitted from host: <192.168.0.102:9618?addrs=192.168.0.102-9618&alias=submitter&noUDP&sock=schedd_2032_5c88>
...
001 (271043.000.000) 2025-01-22 00:37:37 Job executing on host: <192.168.0.148:9618?addrs=192.168.0.148-9618&alias=node148.di.rm1&noUDP&sock=startd_1547_b119>
...
006 (271043.000.000) 2025-01-22 00:37:46 Image size of job updated: 458084
	446  -  MemoryUsage of job (MB)
	456500  -  ResidentSetSize of job (KB)
...
006 (271043.000.000) 2025-01-22 00:38:39 Image size of job updated: 3087656
	447  -  MemoryUsage of job (MB)
	456764  -  ResidentSetSize of job (KB)
...
004 (271043.000.000) 2025-01-22 00:38:39 Job was evicted.
	(0) CPU times
		Usr 0 00:01:00, Sys 0 00:00:01  -  Run Remote Usage
		Usr 0 00:00:00, Sys 0 00:00:00  -  Run Local Usage
	0  -  Run Bytes Sent By Job
	0  -  Run Bytes Received By Job
	Partitionable Resources :    Usage  Request Allocated 
	   Cpus                 :                 1         1 
	   Disk (KB)            :       27       27    467548 
	   Memory (MB)          :      447        1       128 
...
009 (271043.000.000) 2025-01-22 00:38:39 Job was aborted.
	via condor_rm (by user calzona_2046920)
...
000 (277197.000.000) 2025-01-24 06:04:28 Job submitted from host: <192.168.0.102:9618?addrs=192.168.0.102-9618&alias=submitter&noUDP&sock=schedd_2032_5c88>
...
001 (277197.000.000) 2025-01-24 06:04:29 Job executing on host: <192.168.0.148:9618?addrs=192.168.0.148-9618&alias=node148.di.rm1&noUDP&sock=startd_1547_b119>
...
006 (277197.000.000) 2025-01-24 06:04:38 Image size of job updated: 488084
	445  -  MemoryUsage of job (MB)
	455400  -  ResidentSetSize of job (KB)
...
006 (277197.000.000) 2025-01-24 06:06:29 Image size of job updated: 5891556
	445  -  MemoryUsage of job (MB)
	455532  -  ResidentSetSize of job (KB)
...
004 (277197.000.000) 2025-01-24 06:06:29 Job was evicted.
	(0) CPU times
		Usr 0 00:01:57, Sys 0 00:00:02  -  Run Remote Usage
		Usr 0 00:00:00, Sys 0 00:00:00  -  Run Local Usage
	0  -  Run Bytes Sent By Job
	0  -  Run Bytes Received By Job
	Partitionable Resources :    Usage  Request Allocated 
	   Cpus                 :                 1         1 
	   Disk (KB)            :       27       27    467548 
	   Memory (MB)          :      445        1       128 
...
009 (277197.000.000) 2025-01-24 06:06:29 Job was aborted.
	via condor_rm (by user calzona_2046920)
...
