000 (268545.000.000) 2025-01-21 21:52:50 Job submitted from host: <192.168.0.102:9618?addrs=192.168.0.102-9618&alias=submitter&noUDP&sock=schedd_2032_5c88>
...
001 (268545.000.000) 2025-01-21 21:53:09 Job executing on host: <192.168.0.105:9618?addrs=192.168.0.105-9618&alias=node105.di.rm1&noUDP&sock=startd_1951_cd5c>
...
006 (268545.000.000) 2025-01-21 21:53:17 Image size of job updated: 268632
	259  -  MemoryUsage of job (MB)
	264792  -  ResidentSetSize of job (KB)
...
005 (268545.000.000) 2025-01-21 21:53:25 Job terminated.
	(1) Normal termination (return value 0)
		Usr 0 00:00:15, Sys 0 00:00:00  -  Run Remote Usage
		Usr 0 00:00:00, Sys 0 00:00:00  -  Run Local Usage
		Usr 0 00:00:15, Sys 0 00:00:00  -  Total Remote Usage
		Usr 0 00:00:00, Sys 0 00:00:00  -  Total Local Usage
	0  -  Run Bytes Sent By Job
	0  -  Run Bytes Received By Job
	0  -  Total Bytes Sent By Job
	0  -  Total Bytes Received By Job
	Partitionable Resources :    Usage  Request Allocated 
	   Cpus                 :                 1         1 
	   Disk (KB)            :       27       27    472026 
	   Memory (MB)          :      259        1       128 

	Job terminated of its own accord at 2025-01-21T21:53:24Z with exit-code 0.
...
000 (268695.000.000) 2025-01-21 22:00:38 Job submitted from host: <192.168.0.102:9618?addrs=192.168.0.102-9618&alias=submitter&noUDP&sock=schedd_2032_5c88>
...
001 (268695.000.000) 2025-01-21 22:00:40 Job executing on host: <192.168.0.130:9618?addrs=192.168.0.130-9618&alias=node130.di.rm1&noUDP&sock=startd_2751195_838e>
...
006 (268695.000.000) 2025-01-21 22:00:43 Image size of job updated: 19960
	0  -  MemoryUsage of job (MB)
	0  -  ResidentSetSize of job (KB)
...
004 (268695.000.000) 2025-01-21 22:00:43 Job was evicted.
	(0) CPU times
		Usr 0 00:00:02, Sys 0 00:00:00  -  Run Remote Usage
		Usr 0 00:00:00, Sys 0 00:00:00  -  Run Local Usage
	0  -  Run Bytes Sent By Job
	0  -  Run Bytes Received By Job
	Partitionable Resources :    Usage  Request Allocated 
	   Cpus                 :                 1         1 
	   Disk (KB)            :       27       27    472313 
	   Memory (MB)          :        0        1       128 
...
009 (268695.000.000) 2025-01-21 22:00:43 Job was aborted.
	via condor_rm (by user calzona_2046920)
...
