000 (269804.000.000) 2025-01-21 23:06:52 Job submitted from host: <192.168.0.102:9618?addrs=192.168.0.102-9618&alias=submitter&noUDP&sock=schedd_2032_5c88>
...
001 (269804.000.000) 2025-01-21 23:06:56 Job executing on host: <192.168.0.151:9618?addrs=192.168.0.151-9618&alias=node151.di.rm1&noUDP&sock=startd_1528_a8cd>
...
006 (269804.000.000) 2025-01-21 23:07:06 Image size of job updated: 436088
	426  -  MemoryUsage of job (MB)
	436088  -  ResidentSetSize of job (KB)
...
006 (269804.000.000) 2025-01-21 23:07:55 Image size of job updated: 2603792
	427  -  MemoryUsage of job (MB)
	436352  -  ResidentSetSize of job (KB)
...
004 (269804.000.000) 2025-01-21 23:07:55 Job was evicted.
	(0) CPU times
		Usr 0 00:00:54, Sys 0 00:00:01  -  Run Remote Usage
		Usr 0 00:00:00, Sys 0 00:00:00  -  Run Local Usage
	0  -  Run Bytes Sent By Job
	0  -  Run Bytes Received By Job
	Partitionable Resources :    Usage  Request Allocated 
	   Cpus                 :                 1         1 
	   Disk (KB)            :       27       27    474791 
	   Memory (MB)          :      427        1       128 
...
009 (269804.000.000) 2025-01-21 23:07:55 Job was aborted.
	via condor_rm (by user calzona_2046920)
...
000 (275960.000.000) 2025-01-24 03:36:53 Job submitted from host: <192.168.0.102:9618?addrs=192.168.0.102-9618&alias=submitter&noUDP&sock=schedd_2032_5c88>
...
001 (275960.000.000) 2025-01-24 03:36:54 Job executing on host: <192.168.0.149:9618?addrs=192.168.0.149-9618&alias=node149.di.rm1&noUDP&sock=startd_1551_6f7a>
...
006 (275960.000.000) 2025-01-24 03:37:02 Image size of job updated: 393756
	385  -  MemoryUsage of job (MB)
	393756  -  ResidentSetSize of job (KB)
...
006 (275960.000.000) 2025-01-24 03:38:54 Image size of job updated: 5788332
	385  -  MemoryUsage of job (MB)
	393888  -  ResidentSetSize of job (KB)
...
004 (275960.000.000) 2025-01-24 03:38:54 Job was evicted.
	(0) CPU times
		Usr 0 00:01:57, Sys 0 00:00:02  -  Run Remote Usage
		Usr 0 00:00:00, Sys 0 00:00:00  -  Run Local Usage
	0  -  Run Bytes Sent By Job
	0  -  Run Bytes Received By Job
	Partitionable Resources :    Usage  Request Allocated 
	   Cpus                 :     1.00        1         1 
	   Disk (KB)            :    27          27    471944 
	   Memory (MB)          :   385           1       128 
...
009 (275960.000.000) 2025-01-24 03:38:54 Job was aborted.
	via condor_rm (by user calzona_2046920)
...
