000 (274041.000.000) 2025-01-23 11:32:23 Job submitted from host: <192.168.0.102:9618?addrs=192.168.0.102-9618&alias=submitter&noUDP&sock=schedd_2032_5c88>
...
014 (274041.000.003) 2025-01-23 11:32:28 Node 3 executing on host: <192.168.0.132:9618?addrs=192.168.0.132-9618&alias=node132.di.rm1&noUDP&sock=startd_1999_b9e8>
...
014 (274041.000.000) 2025-01-23 11:32:28 Node 0 executing on host: <192.168.0.112:9618?addrs=192.168.0.112-9618&alias=node112.di.rm1&noUDP&sock=startd_2169_5502>
...
014 (274041.000.001) 2025-01-23 11:32:28 Node 1 executing on host: <192.168.0.142:9618?addrs=192.168.0.142-9618&alias=node142.di.rm1&noUDP&sock=startd_1996_ab1f>
...
014 (274041.000.002) 2025-01-23 11:32:29 Node 2 executing on host: <192.168.0.143:9618?addrs=192.168.0.143-9618&alias=node143.di.rm1&noUDP&sock=startd_2061_40c7>
...
001 (274041.000.000) 2025-01-23 11:32:29 Job executing on host: MPI_job
...
008 (274041.000.000) 2025-01-23 11:32:30 Launching orted on Node 3 of 4
...
008 (274041.000.000) 2025-01-23 11:32:30 Launching orted on Node 0 of 4
...
008 (274041.000.000) 2025-01-23 11:32:30 Launching orted on Node 1 of 4
...
008 (274041.000.000) 2025-01-23 11:32:32 Launching orted on Node 2 of 4
...
008 (274041.000.000) 2025-01-23 11:33:03 Node 0 caught SIGTERM, cleaning up mpirun
...
004 (274041.000.000) 2025-01-23 11:33:03 Job was evicted.
	(0) CPU times
		Usr 0 00:00:46, Sys 0 00:00:01  -  Run Remote Usage
		Usr 0 00:00:00, Sys 0 00:00:00  -  Run Local Usage
	0  -  Run Bytes Sent By Job
	134556  -  Run Bytes Received By Job
	Partitionable Resources :    Usage  Request Allocated 
	   Cpus                 :                 1         1 
	   Disk (KB)            :     8569       35    437925 
	   GPUs                 :                           0 
	   Memory (MB)          :      266      304     40960 
...
009 (274041.000.000) 2025-01-23 11:33:03 Job was aborted.
	via condor_rm (by user calzona_2046920)
...
000 (278782.000.000) 2025-01-24 09:25:17 Job submitted from host: <192.168.0.102:9618?addrs=192.168.0.102-9618&alias=submitter&noUDP&sock=schedd_2032_5c88>
...
014 (278782.000.002) 2025-01-24 09:25:24 Node 2 executing on host: <192.168.0.147:9618?addrs=192.168.0.147-9618&alias=node147.di.rm1&noUDP&sock=startd_1513_5ee1>
...
014 (278782.000.001) 2025-01-24 09:25:24 Node 1 executing on host: <192.168.0.148:9618?addrs=192.168.0.148-9618&alias=node148.di.rm1&noUDP&sock=startd_1547_b119>
...
014 (278782.000.003) 2025-01-24 09:25:24 Node 3 executing on host: <192.168.0.151:9618?addrs=192.168.0.151-9618&alias=node151.di.rm1&noUDP&sock=startd_1528_a8cd>
...
014 (278782.000.000) 2025-01-24 09:25:24 Node 0 executing on host: <192.168.0.112:9618?addrs=192.168.0.112-9618&alias=node112.di.rm1&noUDP&sock=startd_2169_5502>
...
001 (278782.000.000) 2025-01-24 09:25:24 Job executing on host: MPI_job
...
008 (278782.000.000) 2025-01-24 09:25:26 Launching orted on Node 2 of 4
...
008 (278782.000.000) 2025-01-24 09:25:27 Launching orted on Node 3 of 4
...
008 (278782.000.000) 2025-01-24 09:25:27 Launching orted on Node 1 of 4
...
008 (278782.000.000) 2025-01-24 09:25:27 Launching orted on Node 0 of 4
...
008 (278782.000.000) 2025-01-24 09:27:18 Node 0 caught SIGTERM, cleaning up mpirun
...
004 (278782.000.000) 2025-01-24 09:27:18 Job was evicted.
	(0) CPU times
		Usr 0 00:01:58, Sys 0 00:00:02  -  Run Remote Usage
		Usr 0 00:00:00, Sys 0 00:00:00  -  Run Local Usage
	0  -  Run Bytes Sent By Job
	134556  -  Run Bytes Received By Job
	Partitionable Resources :    Usage  Request Allocated 
	   Cpus                 :                 1         1 
	   Disk (KB)            :     8569       35    437925 
	   GPUs                 :                           0 
	   Memory (MB)          :      279      336     20480 
...
009 (278782.000.000) 2025-01-24 09:27:18 Job was aborted.
	via condor_rm (by user calzona_2046920)
...
000 (287055.000.000) 2025-01-28 16:21:01 Job submitted from host: <192.168.0.102:9618?addrs=192.168.0.102-9618&alias=submitter&noUDP&sock=schedd_2032_5c88>
...
014 (287055.000.000) 2025-01-28 16:21:05 Node 0 executing on host: <192.168.0.145:9618?addrs=192.168.0.145-9618&alias=node145.di.rm1&noUDP&sock=startd_1869_8e98>
...
014 (287055.000.003) 2025-01-28 16:21:05 Node 3 executing on host: <192.168.0.106:9618?addrs=192.168.0.106-9618&alias=node106.di.rm1&noUDP&sock=startd_1970_d5a9>
...
014 (287055.000.002) 2025-01-28 16:21:05 Node 2 executing on host: <192.168.0.116:9618?addrs=192.168.0.116-9618&alias=node116.di.rm1&noUDP&sock=startd_1847_7783>
...
014 (287055.000.001) 2025-01-28 16:21:05 Node 1 executing on host: <192.168.0.110:9618?addrs=192.168.0.110-9618&alias=node110.di.rm1&noUDP&sock=startd_2185_4e86>
...
001 (287055.000.000) 2025-01-28 16:21:05 Job executing on host: MPI_job
...
008 (287055.000.000) 2025-01-28 16:21:07 Launching orted on Node 0 of 4
...
008 (287055.000.000) 2025-01-28 16:21:07 Launching orted on Node 3 of 4
...
008 (287055.000.000) 2025-01-28 16:21:07 Launching orted on Node 2 of 4
...
008 (287055.000.000) 2025-01-28 16:21:07 Launching orted on Node 1 of 4
...
008 (287055.000.000) 2025-01-28 16:22:56 orted exited on Node 2 of 4
...
008 (287055.000.000) 2025-01-28 16:22:56 orted exited on Node 3 of 4
...
008 (287055.000.000) 2025-01-28 16:22:56 orted exited on Node 1 of 4
...
008 (287055.000.000) 2025-01-28 16:22:56 orted exited on Node 0 of 4
...
015 (287055.000.001) 2025-01-28 16:22:56 Node 1 terminated.
	(1) Normal termination (return value 0)
		Usr 0 00:01:47, Sys 0 00:00:01  -  Run Remote Usage
		Usr 0 00:00:00, Sys 0 00:00:00  -  Run Local Usage
		Usr 0 00:01:47, Sys 0 00:00:01  -  Total Remote Usage
		Usr 0 00:00:00, Sys 0 00:00:00  -  Total Local Usage
	2187  -  Run Bytes Sent By Node
	33591  -  Run Bytes Received By Node
	2187  -  Total Bytes Sent By Node
	33591  -  Total Bytes Received By Node
...
015 (287055.000.002) 2025-01-28 16:22:56 Node 2 terminated.
	(1) Normal termination (return value 0)
		Usr 0 00:01:48, Sys 0 00:00:01  -  Run Remote Usage
		Usr 0 00:00:00, Sys 0 00:00:00  -  Run Local Usage
		Usr 0 00:01:48, Sys 0 00:00:01  -  Total Remote Usage
		Usr 0 00:00:00, Sys 0 00:00:00  -  Total Local Usage
	2165  -  Run Bytes Sent By Node
	33591  -  Run Bytes Received By Node
	2165  -  Total Bytes Sent By Node
	33591  -  Total Bytes Received By Node
...
015 (287055.000.003) 2025-01-28 16:22:56 Node 3 terminated.
	(1) Normal termination (return value 0)
		Usr 0 00:01:47, Sys 0 00:00:02  -  Run Remote Usage
		Usr 0 00:00:00, Sys 0 00:00:00  -  Run Local Usage
		Usr 0 00:01:47, Sys 0 00:00:02  -  Total Remote Usage
		Usr 0 00:00:00, Sys 0 00:00:00  -  Total Local Usage
	2165  -  Run Bytes Sent By Node
	33591  -  Run Bytes Received By Node
	2165  -  Total Bytes Sent By Node
	33591  -  Total Bytes Received By Node
...
015 (287055.000.000) 2025-01-28 16:22:56 Node 0 terminated.
	(1) Normal termination (return value 0)
		Usr 0 00:00:06, Sys 0 00:00:00  -  Run Remote Usage
		Usr 0 00:00:00, Sys 0 00:00:00  -  Run Local Usage
		Usr 0 00:00:06, Sys 0 00:00:00  -  Total Remote Usage
		Usr 0 00:00:00, Sys 0 00:00:00  -  Total Local Usage
	3266  -  Run Bytes Sent By Node
	33591  -  Run Bytes Received By Node
	3266  -  Total Bytes Sent By Node
	33591  -  Total Bytes Received By Node
...
005 (287055.000.000) 2025-01-28 16:22:56 Job terminated.
	(1) Normal termination (return value 0)
		Usr 0 00:05:28, Sys 0 00:00:04  -  Run Remote Usage
		Usr 0 00:00:00, Sys 0 00:00:00  -  Run Local Usage
		Usr 0 00:00:06, Sys 0 00:00:00  -  Total Remote Usage
		Usr 0 00:00:00, Sys 0 00:00:00  -  Total Local Usage
	9783  -  Run Bytes Sent By Job
	134364  -  Run Bytes Received By Job
	9783  -  Total Bytes Sent By Job
	134364  -  Total Bytes Received By Job
	Partitionable Resources :    Usage  Request Allocated 
	   Cpus                 :     1.00        1         2 
	   Disk (KB)            :    56          35 102711052 
	   Memory (MB)          :   282         305    100096 

	Job terminated of its own accord at 2025-01-28T16:22:56Z with exit-code 0.
...
