000 (264003.000.000) 2025-01-17 11:21:09 Job submitted from host: <192.168.0.102:9618?addrs=192.168.0.102-9618&alias=submitter&noUDP&sock=schedd_2032_5c88>
...
001 (264003.000.000) 2025-01-17 11:21:13 Job executing on host: <192.168.0.140:9618?addrs=192.168.0.140-9618&alias=node140.di.rm1&noUDP&sock=startd_1890_f615>
...
006 (264003.000.000) 2025-01-17 11:21:22 Image size of job updated: 412764
	404  -  MemoryUsage of job (MB)
	412764  -  ResidentSetSize of job (KB)
...
006 (264003.000.000) 2025-01-17 11:26:45 Image size of job updated: 7507232
	7213  -  MemoryUsage of job (MB)
	7385276  -  ResidentSetSize of job (KB)
...
006 (264003.000.000) 2025-01-17 11:33:44 Image size of job updated: 8900816
	8467  -  MemoryUsage of job (MB)
	8669940  -  ResidentSetSize of job (KB)
...
004 (264003.000.000) 2025-01-17 11:33:45 Job was evicted.
	(0) CPU times
		Usr 0 00:03:41, Sys 0 00:04:52  -  Run Remote Usage
		Usr 0 00:00:00, Sys 0 00:00:00  -  Run Local Usage
	0  -  Run Bytes Sent By Job
	0  -  Run Bytes Received By Job
	Partitionable Resources :    Usage  Request Allocated 
	   Cpus                 :     0.58        1         1 
	   Disk (KB)            :    27          27    468367 
	   Memory (MB)          :  8467           1       128 
...
009 (264003.000.000) 2025-01-17 11:33:45 Job was aborted.
	via condor_rm (by user calzona_2046920)
...
