000 (268602.000.000) 2025-01-21 21:55:34 Job submitted from host: <192.168.0.102:9618?addrs=192.168.0.102-9618&alias=submitter&noUDP&sock=schedd_2032_5c88>
...
001 (268602.000.000) 2025-01-21 21:55:49 Job executing on host: <192.168.0.147:9618?addrs=192.168.0.147-9618&alias=node147.di.rm1&noUDP&sock=startd_1513_5ee1>
...
006 (268602.000.000) 2025-01-21 21:55:58 Image size of job updated: 604288
	591  -  MemoryUsage of job (MB)
	604288  -  ResidentSetSize of job (KB)
...
006 (268602.000.000) 2025-01-21 21:56:31 Image size of job updated: 608164
	591  -  MemoryUsage of job (MB)
	604288  -  ResidentSetSize of job (KB)
...
004 (268602.000.000) 2025-01-21 21:56:31 Job was evicted.
	(0) CPU times
		Usr 0 00:00:40, Sys 0 00:00:00  -  Run Remote Usage
		Usr 0 00:00:00, Sys 0 00:00:00  -  Run Local Usage
	0  -  Run Bytes Sent By Job
	0  -  Run Bytes Received By Job
	Partitionable Resources :    Usage  Request Allocated 
	   Cpus                 :     1.00        1         1 
	   Disk (KB)            :    27          27    469805 
	   Memory (MB)          :   591           1       128 
...
009 (268602.000.000) 2025-01-21 21:56:31 Job was aborted.
	via condor_rm (by user calzona_2046920)
...
000 (268753.000.000) 2025-01-21 22:03:42 Job submitted from host: <192.168.0.102:9618?addrs=192.168.0.102-9618&alias=submitter&noUDP&sock=schedd_2032_5c88>
...
001 (268753.000.000) 2025-01-21 22:03:43 Job executing on host: <192.168.0.130:9618?addrs=192.168.0.130-9618&alias=node130.di.rm1&noUDP&sock=startd_2751195_838e>
...
006 (268753.000.000) 2025-01-21 22:03:47 Image size of job updated: 51712
	0  -  MemoryUsage of job (MB)
	0  -  ResidentSetSize of job (KB)
...
004 (268753.000.000) 2025-01-21 22:03:47 Job was evicted.
	(0) CPU times
		Usr 0 00:00:03, Sys 0 00:00:00  -  Run Remote Usage
		Usr 0 00:00:00, Sys 0 00:00:00  -  Run Local Usage
	0  -  Run Bytes Sent By Job
	0  -  Run Bytes Received By Job
	Partitionable Resources :    Usage  Request Allocated 
	   Cpus                 :                 1         1 
	   Disk (KB)            :       27       27    472313 
	   Memory (MB)          :        0        1       128 
...
009 (268753.000.000) 2025-01-21 22:03:48 Job was aborted.
	via condor_rm (by user calzona_2046920)
...
000 (275156.000.000) 2025-01-24 01:49:06 Job submitted from host: <192.168.0.102:9618?addrs=192.168.0.102-9618&alias=submitter&noUDP&sock=schedd_2032_5c88>
...
001 (275156.000.000) 2025-01-24 01:49:26 Job executing on host: <192.168.0.148:9618?addrs=192.168.0.148-9618&alias=node148.di.rm1&noUDP&sock=startd_1547_b119>
...
006 (275156.000.000) 2025-01-24 01:49:35 Image size of job updated: 604256
	591  -  MemoryUsage of job (MB)
	604256  -  ResidentSetSize of job (KB)
...
006 (275156.000.000) 2025-01-24 01:51:08 Image size of job updated: 608164
	591  -  MemoryUsage of job (MB)
	604256  -  ResidentSetSize of job (KB)
...
004 (275156.000.000) 2025-01-24 01:51:08 Job was evicted.
	(0) CPU times
		Usr 0 00:01:41, Sys 0 00:00:00  -  Run Remote Usage
		Usr 0 00:00:00, Sys 0 00:00:00  -  Run Local Usage
	0  -  Run Bytes Sent By Job
	0  -  Run Bytes Received By Job
	Partitionable Resources :    Usage  Request Allocated 
	   Cpus                 :                 1         1 
	   Disk (KB)            :       27       27    467548 
	   Memory (MB)          :      591        1       128 
...
009 (275156.000.000) 2025-01-24 01:51:08 Job was aborted.
	via condor_rm (by user calzona_2046920)
...
