000 (269101.000.000) 2025-01-21 22:20:56 Job submitted from host: <192.168.0.102:9618?addrs=192.168.0.102-9618&alias=submitter&noUDP&sock=schedd_2032_5c88>
...
001 (269101.000.000) 2025-01-21 22:20:56 Job executing on host: <192.168.0.148:9618?addrs=192.168.0.148-9618&alias=node148.di.rm1&noUDP&sock=startd_1547_b119>
...
006 (269101.000.000) 2025-01-21 22:21:04 Image size of job updated: 749028
	730  -  MemoryUsage of job (MB)
	746520  -  ResidentSetSize of job (KB)
...
006 (269101.000.000) 2025-01-21 22:21:39 Image size of job updated: 3956268
	730  -  MemoryUsage of job (MB)
	746652  -  ResidentSetSize of job (KB)
...
004 (269101.000.000) 2025-01-21 22:21:39 Job was evicted.
	(0) CPU times
		Usr 0 00:00:42, Sys 0 00:00:01  -  Run Remote Usage
		Usr 0 00:00:00, Sys 0 00:00:00  -  Run Local Usage
	0  -  Run Bytes Sent By Job
	0  -  Run Bytes Received By Job
	Partitionable Resources :    Usage  Request Allocated 
	   Cpus                 :        0        1         1 
	   Disk (KB)            :       27       27    467548 
	   Memory (MB)          :      730        1       128 
...
009 (269101.000.000) 2025-01-21 22:21:39 Job was aborted.
	via condor_rm (by user calzona_2046920)
...
000 (269245.000.000) 2025-01-21 22:28:10 Job submitted from host: <192.168.0.102:9618?addrs=192.168.0.102-9618&alias=submitter&noUDP&sock=schedd_2032_5c88>
...
001 (269245.000.000) 2025-01-21 22:28:30 Job executing on host: <192.168.0.151:9618?addrs=192.168.0.151-9618&alias=node151.di.rm1&noUDP&sock=startd_1528_a8cd>
...
006 (269245.000.000) 2025-01-21 22:28:39 Image size of job updated: 820228
	802  -  MemoryUsage of job (MB)
	820228  -  ResidentSetSize of job (KB)
...
006 (269245.000.000) 2025-01-21 22:29:11 Image size of job updated: 3373636
	803  -  MemoryUsage of job (MB)
	821812  -  ResidentSetSize of job (KB)
...
004 (269245.000.000) 2025-01-21 22:29:11 Job was evicted.
	(0) CPU times
		Usr 0 00:00:39, Sys 0 00:00:02  -  Run Remote Usage
		Usr 0 00:00:00, Sys 0 00:00:00  -  Run Local Usage
	0  -  Run Bytes Sent By Job
	0  -  Run Bytes Received By Job
	Partitionable Resources :    Usage  Request Allocated 
	   Cpus                 :                 1         1 
	   Disk (KB)            :       27       27    474791 
	   Memory (MB)          :      803        1       128 
...
009 (269245.000.000) 2025-01-21 22:29:12 Job was aborted.
	via condor_rm (by user calzona_2046920)
...
000 (275402.000.000) 2025-01-24 02:29:56 Job submitted from host: <192.168.0.102:9618?addrs=192.168.0.102-9618&alias=submitter&noUDP&sock=schedd_2032_5c88>
...
001 (275402.000.000) 2025-01-24 02:29:57 Job executing on host: <192.168.0.148:9618?addrs=192.168.0.148-9618&alias=node148.di.rm1&noUDP&sock=startd_1547_b119>
...
006 (275402.000.000) 2025-01-24 02:30:06 Image size of job updated: 736692
	720  -  MemoryUsage of job (MB)
	736692  -  ResidentSetSize of job (KB)
...
006 (275402.000.000) 2025-01-24 02:32:00 Image size of job updated: 10809876
	720  -  MemoryUsage of job (MB)
	736956  -  ResidentSetSize of job (KB)
...
004 (275402.000.000) 2025-01-24 02:32:00 Job was evicted.
	(0) CPU times
		Usr 0 00:01:56, Sys 0 00:00:04  -  Run Remote Usage
		Usr 0 00:00:00, Sys 0 00:00:00  -  Run Local Usage
	0  -  Run Bytes Sent By Job
	0  -  Run Bytes Received By Job
	Partitionable Resources :    Usage  Request Allocated 
	   Cpus                 :     1.00        1         1 
	   Disk (KB)            :    27          27    467548 
	   Memory (MB)          :   720           1       128 
...
009 (275402.000.000) 2025-01-24 02:32:00 Job was aborted.
	via condor_rm (by user calzona_2046920)
...
