000 (265294.000.000) 2025-01-17 11:21:50 Job submitted from host: <192.168.0.102:9618?addrs=192.168.0.102-9618&alias=submitter&noUDP&sock=schedd_2032_5c88>
...
001 (265294.000.000) 2025-01-17 11:21:55 Job executing on host: <192.168.0.120:9618?addrs=192.168.0.120-9618&alias=node120.di.rm1&noUDP&sock=startd_2096_4298>
...
006 (265294.000.000) 2025-01-17 11:22:03 Image size of job updated: 1390560
	347  -  MemoryUsage of job (MB)
	354420  -  ResidentSetSize of job (KB)
...
006 (265294.000.000) 2025-01-17 11:27:26 Image size of job updated: 6377784
	5359  -  MemoryUsage of job (MB)
	5486944  -  ResidentSetSize of job (KB)
...
006 (265294.000.000) 2025-01-17 11:32:27 Image size of job updated: 7406460
	6510  -  MemoryUsage of job (MB)
	6666008  -  ResidentSetSize of job (KB)
...
006 (265294.000.000) 2025-01-17 11:33:24 Image size of job updated: 7541892
	6510  -  MemoryUsage of job (MB)
	6666008  -  ResidentSetSize of job (KB)
...
004 (265294.000.000) 2025-01-17 11:33:24 Job was evicted.
	(0) CPU times
		Usr 0 00:02:40, Sys 0 00:03:50  -  Run Remote Usage
		Usr 0 00:00:00, Sys 0 00:00:00  -  Run Local Usage
	0  -  Run Bytes Sent By Job
	0  -  Run Bytes Received By Job
	Partitionable Resources :    Usage  Request Allocated 
	   Cpus                 :     0.57        1         1 
	   Disk (KB)            :    27          27    459052 
	   Gpus (Average)       :                 0         0 
	   Memory (MB)          :  6510           1       128 
...
009 (265294.000.000) 2025-01-17 11:33:24 Job was aborted.
	via condor_rm (by user calzona_2046920)
...
