000 (262460.000.000) 2025-01-17 11:14:12 Job submitted from host: <192.168.0.102:9618?addrs=192.168.0.102-9618&alias=submitter&noUDP&sock=schedd_2032_5c88>
...
001 (262460.000.000) 2025-01-17 11:14:30 Job executing on host: <192.168.0.132:9618?addrs=192.168.0.132-9618&alias=node132.di.rm1&noUDP&sock=startd_1999_b9e8>
...
006 (262460.000.000) 2025-01-17 11:14:39 Image size of job updated: 1778896
	900  -  MemoryUsage of job (MB)
	921096  -  ResidentSetSize of job (KB)
...
006 (262460.000.000) 2025-01-17 11:19:40 Image size of job updated: 13557704
	13237  -  MemoryUsage of job (MB)
	13553776  -  ResidentSetSize of job (KB)
...
005 (262460.000.000) 2025-01-17 11:20:08 Job terminated.
	(1) Normal termination (return value 0)
		Usr 0 00:05:31, Sys 0 00:00:06  -  Run Remote Usage
		Usr 0 00:00:00, Sys 0 00:00:00  -  Run Local Usage
		Usr 0 00:05:31, Sys 0 00:00:06  -  Total Remote Usage
		Usr 0 00:00:00, Sys 0 00:00:00  -  Total Local Usage
	0  -  Run Bytes Sent By Job
	0  -  Run Bytes Received By Job
	0  -  Total Bytes Sent By Job
	0  -  Total Bytes Received By Job
	Partitionable Resources :    Usage  Request Allocated 
	   Cpus                 :     1.00        1         1 
	   Disk (KB)            :    27          27    474788 
	   Memory (MB)          : 13237           1       128 

	Job terminated of its own accord at 2025-01-17T11:20:08Z with exit-code 0.
...
