000 (271664.000.000) 2025-01-22 01:21:24 Job submitted from host: <192.168.0.102:9618?addrs=192.168.0.102-9618&alias=submitter&noUDP&sock=schedd_2032_5c88>
...
001 (271664.000.000) 2025-01-22 01:21:24 Job executing on host: <192.168.0.147:9618?addrs=192.168.0.147-9618&alias=node147.di.rm1&noUDP&sock=startd_1513_5ee1>
...
006 (271664.000.000) 2025-01-22 01:21:33 Image size of job updated: 1532396
	472  -  MemoryUsage of job (MB)
	482460  -  ResidentSetSize of job (KB)
...
006 (271664.000.000) 2025-01-22 01:22:25 Image size of job updated: 3795552
	472  -  MemoryUsage of job (MB)
	482856  -  ResidentSetSize of job (KB)
...
004 (271664.000.000) 2025-01-22 01:22:25 Job was evicted.
	(0) CPU times
		Usr 0 00:00:59, Sys 0 00:00:01  -  Run Remote Usage
		Usr 0 00:00:00, Sys 0 00:00:00  -  Run Local Usage
	0  -  Run Bytes Sent By Job
	0  -  Run Bytes Received By Job
	Partitionable Resources :    Usage  Request Allocated 
	   Cpus                 :                 1         1 
	   Disk (KB)            :       27       27    469805 
	   Memory (MB)          :      472        1       128 
...
009 (271664.000.000) 2025-01-22 01:22:26 Job was aborted.
	via condor_rm (by user calzona_2046920)
...
000 (277818.000.000) 2025-01-24 07:16:23 Job submitted from host: <192.168.0.102:9618?addrs=192.168.0.102-9618&alias=submitter&noUDP&sock=schedd_2032_5c88>
...
001 (277818.000.000) 2025-01-24 07:16:23 Job executing on host: <192.168.0.147:9618?addrs=192.168.0.147-9618&alias=node147.di.rm1&noUDP&sock=startd_1513_5ee1>
...
006 (277818.000.000) 2025-01-24 07:16:32 Image size of job updated: 1149980
	470  -  MemoryUsage of job (MB)
	480744  -  ResidentSetSize of job (KB)
...
006 (277818.000.000) 2025-01-24 07:18:25 Image size of job updated: 6940864
	470  -  MemoryUsage of job (MB)
	480876  -  ResidentSetSize of job (KB)
...
004 (277818.000.000) 2025-01-24 07:18:25 Job was evicted.
	(0) CPU times
		Usr 0 00:01:58, Sys 0 00:00:02  -  Run Remote Usage
		Usr 0 00:00:00, Sys 0 00:00:00  -  Run Local Usage
	0  -  Run Bytes Sent By Job
	0  -  Run Bytes Received By Job
	Partitionable Resources :    Usage  Request Allocated 
	   Cpus                 :     1.00        1         1 
	   Disk (KB)            :    27          27    469805 
	   Memory (MB)          :   470           1       128 
...
009 (277818.000.000) 2025-01-24 07:18:25 Job was aborted.
	via condor_rm (by user calzona_2046920)
...
