000 (280493.000.000) 2025-01-25 16:43:25 Job submitted from host: <192.168.0.102:9618?addrs=192.168.0.102-9618&alias=submitter&noUDP&sock=schedd_2032_5c88>
...
014 (280493.000.000) 2025-01-25 16:43:47 Node 0 executing on host: <192.168.0.116:9618?addrs=192.168.0.116-9618&alias=node116.di.rm1&noUDP&sock=startd_1847_7783>
...
014 (280493.000.002) 2025-01-25 16:43:47 Node 2 executing on host: <192.168.0.130:9618?addrs=192.168.0.130-9618&alias=node130.di.rm1&noUDP&sock=startd_2751195_838e>
...
014 (280493.000.001) 2025-01-25 16:43:47 Node 1 executing on host: <192.168.0.120:9618?addrs=192.168.0.120-9618&alias=node120.di.rm1&noUDP&sock=startd_2096_4298>
...
014 (280493.000.003) 2025-01-25 16:43:47 Node 3 executing on host: <192.168.0.120:9618?addrs=192.168.0.120-9618&alias=node120.di.rm1&noUDP&sock=startd_2096_4298>
...
014 (280493.000.004) 2025-01-25 16:43:47 Node 4 executing on host: <192.168.0.120:9618?addrs=192.168.0.120-9618&alias=node120.di.rm1&noUDP&sock=startd_2096_4298>
...
014 (280493.000.006) 2025-01-25 16:43:47 Node 6 executing on host: <192.168.0.113:9618?addrs=192.168.0.113-9618&alias=node113.di.rm1&noUDP&sock=startd_3668932_c305>
...
014 (280493.000.005) 2025-01-25 16:43:47 Node 5 executing on host: <192.168.0.142:9618?addrs=192.168.0.142-9618&alias=node142.di.rm1&noUDP&sock=startd_1996_ab1f>
...
014 (280493.000.007) 2025-01-25 16:43:47 Node 7 executing on host: <192.168.0.123:9618?addrs=192.168.0.123-9618&alias=node123.di.rm1&noUDP&sock=startd_2149_9d1d>
...
001 (280493.000.000) 2025-01-25 16:43:47 Job executing on host: MPI_job
...
008 (280493.000.000) 2025-01-25 16:43:49 Launching orted on Node 2 of 8
...
008 (280493.000.000) 2025-01-25 16:43:49 Launching orted on Node 0 of 8
...
008 (280493.000.000) 2025-01-25 16:43:49 Launching orted on Node 3 of 8
...
008 (280493.000.000) 2025-01-25 16:43:49 Launching orted on Node 4 of 8
...
008 (280493.000.000) 2025-01-25 16:43:49 Launching orted on Node 1 of 8
...
008 (280493.000.000) 2025-01-25 16:43:49 Launching orted on Node 6 of 8
...
008 (280493.000.000) 2025-01-25 16:43:49 Launching orted on Node 7 of 8
...
008 (280493.000.000) 2025-01-25 16:43:52 Launching orted on Node 5 of 8
...
008 (280493.000.000) 2025-01-25 16:43:59 orted exited on Node 2 of 8
...
008 (280493.000.000) 2025-01-25 16:43:59 orted exited on Node 0 of 8
...
008 (280493.000.000) 2025-01-25 16:43:59 orted exited on Node 5 of 8
...
008 (280493.000.000) 2025-01-25 16:43:59 orted exited on Node 6 of 8
...
008 (280493.000.000) 2025-01-25 16:43:59 orted exited on Node 1 of 8
...
008 (280493.000.000) 2025-01-25 16:43:59 orted exited on Node 7 of 8
...
008 (280493.000.000) 2025-01-25 16:43:59 orted exited on Node 3 of 8
...
008 (280493.000.000) 2025-01-25 16:43:59 orted exited on Node 4 of 8
...
015 (280493.000.002) 2025-01-25 16:43:59 Node 2 terminated.
	(1) Normal termination (return value 0)
		Usr 0 00:00:07, Sys 0 00:00:00  -  Run Remote Usage
		Usr 0 00:00:00, Sys 0 00:00:00  -  Run Local Usage
		Usr 0 00:00:07, Sys 0 00:00:00  -  Total Remote Usage
		Usr 0 00:00:00, Sys 0 00:00:00  -  Total Local Usage
	2165  -  Run Bytes Sent By Node
	33639  -  Run Bytes Received By Node
	2165  -  Total Bytes Sent By Node
	33639  -  Total Bytes Received By Node
...
015 (280493.000.001) 2025-01-25 16:43:59 Node 1 terminated.
	(1) Normal termination (return value 0)
		Usr 0 00:00:06, Sys 0 00:00:00  -  Run Remote Usage
		Usr 0 00:00:00, Sys 0 00:00:00  -  Run Local Usage
		Usr 0 00:00:06, Sys 0 00:00:00  -  Total Remote Usage
		Usr 0 00:00:00, Sys 0 00:00:00  -  Total Local Usage
	2187  -  Run Bytes Sent By Node
	33639  -  Run Bytes Received By Node
	2187  -  Total Bytes Sent By Node
	33639  -  Total Bytes Received By Node
...
015 (280493.000.003) 2025-01-25 16:43:59 Node 3 terminated.
	(1) Normal termination (return value 0)
		Usr 0 00:00:06, Sys 0 00:00:00  -  Run Remote Usage
		Usr 0 00:00:00, Sys 0 00:00:00  -  Run Local Usage
		Usr 0 00:00:06, Sys 0 00:00:00  -  Total Remote Usage
		Usr 0 00:00:00, Sys 0 00:00:00  -  Total Local Usage
	2187  -  Run Bytes Sent By Node
	33639  -  Run Bytes Received By Node
	2187  -  Total Bytes Sent By Node
	33639  -  Total Bytes Received By Node
...
015 (280493.000.004) 2025-01-25 16:43:59 Node 4 terminated.
	(1) Normal termination (return value 0)
		Usr 0 00:00:06, Sys 0 00:00:00  -  Run Remote Usage
		Usr 0 00:00:00, Sys 0 00:00:00  -  Run Local Usage
		Usr 0 00:00:06, Sys 0 00:00:00  -  Total Remote Usage
		Usr 0 00:00:00, Sys 0 00:00:00  -  Total Local Usage
	2187  -  Run Bytes Sent By Node
	33639  -  Run Bytes Received By Node
	2187  -  Total Bytes Sent By Node
	33639  -  Total Bytes Received By Node
...
015 (280493.000.000) 2025-01-25 16:43:59 Node 0 terminated.
	(1) Normal termination (return value 0)
		Usr 0 00:00:00, Sys 0 00:00:00  -  Run Remote Usage
		Usr 0 00:00:00, Sys 0 00:00:00  -  Run Local Usage
		Usr 0 00:00:00, Sys 0 00:00:00  -  Total Remote Usage
		Usr 0 00:00:00, Sys 0 00:00:00  -  Total Local Usage
	3831  -  Run Bytes Sent By Node
	33639  -  Run Bytes Received By Node
	3831  -  Total Bytes Sent By Node
	33639  -  Total Bytes Received By Node
...
005 (280493.000.000) 2025-01-25 16:43:59 Job terminated.
	(1) Normal termination (return value 0)
		Usr 0 00:00:44, Sys 0 00:00:01  -  Run Remote Usage
		Usr 0 00:00:00, Sys 0 00:00:00  -  Run Local Usage
		Usr 0 00:00:00, Sys 0 00:00:00  -  Total Remote Usage
		Usr 0 00:00:00, Sys 0 00:00:00  -  Total Local Usage
	12557  -  Run Bytes Sent By Job
	269112  -  Run Bytes Received By Job
	12557  -  Total Bytes Sent By Job
	269112  -  Total Bytes Received By Job
	Partitionable Resources :    Usage  Request Allocated 
	   Cpus                 :                 1         2 
	   Disk (KB)            :       51       35 102978738 
	   Memory (MB)          :      201      264    100096 

	Job terminated of its own accord at 2025-01-25T16:43:59Z with exit-code 0.
...
