000 (271263.000.000) 2025-01-22 00:52:22 Job submitted from host: <192.168.0.102:9618?addrs=192.168.0.102-9618&alias=submitter&noUDP&sock=schedd_2032_5c88>
...
001 (271263.000.000) 2025-01-22 00:52:23 Job executing on host: <192.168.0.109:9618?addrs=192.168.0.109-9618&alias=node109.di.rm1&noUDP&sock=startd_1627_90ad>
...
006 (271263.000.000) 2025-01-22 00:52:31 Image size of job updated: 1184376
	467  -  MemoryUsage of job (MB)
	477972  -  ResidentSetSize of job (KB)
...
006 (271263.000.000) 2025-01-22 00:53:24 Image size of job updated: 3592452
	469  -  MemoryUsage of job (MB)
	479820  -  ResidentSetSize of job (KB)
...
004 (271263.000.000) 2025-01-22 00:53:24 Job was evicted.
	(0) CPU times
		Usr 0 00:01:00, Sys 0 00:00:01  -  Run Remote Usage
		Usr 0 00:00:00, Sys 0 00:00:00  -  Run Local Usage
	0  -  Run Bytes Sent By Job
	0  -  Run Bytes Received By Job
	Partitionable Resources :    Usage  Request Allocated 
	   Cpus                 :                 1         1 
	   Disk (KB)            :       27       27    468160 
	   Memory (MB)          :      469        1       128 
...
009 (271263.000.000) 2025-01-22 00:53:25 Job was aborted.
	via condor_rm (by user calzona_2046920)
...
000 (277417.000.000) 2025-01-24 06:30:49 Job submitted from host: <192.168.0.102:9618?addrs=192.168.0.102-9618&alias=submitter&noUDP&sock=schedd_2032_5c88>
...
001 (277417.000.000) 2025-01-24 06:30:50 Job executing on host: <192.168.0.149:9618?addrs=192.168.0.149-9618&alias=node149.di.rm1&noUDP&sock=startd_1551_6f7a>
...
006 (277417.000.000) 2025-01-24 06:30:59 Image size of job updated: 1157052
	467  -  MemoryUsage of job (MB)
	477444  -  ResidentSetSize of job (KB)
...
006 (277417.000.000) 2025-01-24 06:32:52 Image size of job updated: 7443420
	467  -  MemoryUsage of job (MB)
	477576  -  ResidentSetSize of job (KB)
...
004 (277417.000.000) 2025-01-24 06:32:52 Job was evicted.
	(0) CPU times
		Usr 0 00:01:58, Sys 0 00:00:02  -  Run Remote Usage
		Usr 0 00:00:00, Sys 0 00:00:00  -  Run Local Usage
	0  -  Run Bytes Sent By Job
	0  -  Run Bytes Received By Job
	Partitionable Resources :    Usage  Request Allocated 
	   Cpus                 :     1.00        1         1 
	   Disk (KB)            :    27          27    471944 
	   Memory (MB)          :   467           1       128 
...
009 (277417.000.000) 2025-01-24 06:32:52 Job was aborted.
	via condor_rm (by user calzona_2046920)
...
