000 (279124.000.000) 2025-01-24 10:17:36 Job submitted from host: <192.168.0.102:9618?addrs=192.168.0.102-9618&alias=submitter&noUDP&sock=schedd_2032_5c88>
...
014 (279124.000.000) 2025-01-24 10:17:43 Node 0 executing on host: <192.168.0.116:9618?addrs=192.168.0.116-9618&alias=node116.di.rm1&noUDP&sock=startd_1847_7783>
...
014 (279124.000.006) 2025-01-24 10:17:43 Node 6 executing on host: <192.168.0.147:9618?addrs=192.168.0.147-9618&alias=node147.di.rm1&noUDP&sock=startd_1513_5ee1>
...
014 (279124.000.004) 2025-01-24 10:17:43 Node 4 executing on host: <192.168.0.107:9618?addrs=192.168.0.107-9618&alias=node107.di.rm1&noUDP&sock=startd_1981_6134>
...
014 (279124.000.007) 2025-01-24 10:17:43 Node 7 executing on host: <192.168.0.151:9618?addrs=192.168.0.151-9618&alias=node151.di.rm1&noUDP&sock=startd_1528_a8cd>
...
014 (279124.000.002) 2025-01-24 10:17:43 Node 2 executing on host: <192.168.0.120:9618?addrs=192.168.0.120-9618&alias=node120.di.rm1&noUDP&sock=startd_2096_4298>
...
014 (279124.000.005) 2025-01-24 10:17:43 Node 5 executing on host: <192.168.0.111:9618?addrs=192.168.0.111-9618&alias=node111.di.rm1&noUDP&sock=startd_2044_97ab>
...
014 (279124.000.001) 2025-01-24 10:17:43 Node 1 executing on host: <192.168.0.141:9618?addrs=192.168.0.141-9618&alias=node141.di.rm1&noUDP&sock=startd_2077_3a4b>
...
014 (279124.000.003) 2025-01-24 10:17:43 Node 3 executing on host: <192.168.0.122:9618?addrs=192.168.0.122-9618&alias=node122.di.rm1&noUDP&sock=startd_2134_5331>
...
001 (279124.000.000) 2025-01-24 10:17:43 Job executing on host: MPI_job
...
008 (279124.000.000) 2025-01-24 10:17:45 Launching orted on Node 0 of 8
...
008 (279124.000.000) 2025-01-24 10:17:45 Launching orted on Node 6 of 8
...
008 (279124.000.000) 2025-01-24 10:17:45 Launching orted on Node 4 of 8
...
008 (279124.000.000) 2025-01-24 10:17:45 Launching orted on Node 2 of 8
...
008 (279124.000.000) 2025-01-24 10:17:45 Launching orted on Node 5 of 8
...
008 (279124.000.000) 2025-01-24 10:17:45 Launching orted on Node 7 of 8
...
008 (279124.000.000) 2025-01-24 10:17:45 Launching orted on Node 3 of 8
...
008 (279124.000.000) 2025-01-24 10:17:45 Launching orted on Node 1 of 8
...
008 (279124.000.000) 2025-01-24 10:17:46 orted exited on Node 4 of 8
...
008 (279124.000.000) 2025-01-24 10:17:46 orted exited on Node 0 of 8
...
008 (279124.000.000) 2025-01-24 10:17:46 orted exited on Node 3 of 8
...
008 (279124.000.000) 2025-01-24 10:17:46 orted exited on Node 1 of 8
...
008 (279124.000.000) 2025-01-24 10:17:46 orted exited on Node 2 of 8
...
008 (279124.000.000) 2025-01-24 10:17:46 orted exited on Node 6 of 8
...
008 (279124.000.000) 2025-01-24 10:17:46 orted exited on Node 7 of 8
...
008 (279124.000.000) 2025-01-24 10:17:46 orted exited on Node 5 of 8
...
015 (279124.000.004) 2025-01-24 10:17:46 Node 4 terminated.
	(1) Normal termination (return value 0)
		Usr 0 00:00:00, Sys 0 00:00:00  -  Run Remote Usage
		Usr 0 00:00:00, Sys 0 00:00:00  -  Run Local Usage
		Usr 0 00:00:00, Sys 0 00:00:00  -  Total Remote Usage
		Usr 0 00:00:00, Sys 0 00:00:00  -  Total Local Usage
	2165  -  Run Bytes Sent By Node
	33639  -  Run Bytes Received By Node
	2165  -  Total Bytes Sent By Node
	33639  -  Total Bytes Received By Node
...
015 (279124.000.006) 2025-01-24 10:17:46 Node 6 terminated.
	(1) Normal termination (return value 0)
		Usr 0 00:00:01, Sys 0 00:00:01  -  Run Remote Usage
		Usr 0 00:00:00, Sys 0 00:00:00  -  Run Local Usage
		Usr 0 00:00:01, Sys 0 00:00:01  -  Total Remote Usage
		Usr 0 00:00:00, Sys 0 00:00:00  -  Total Local Usage
	2165  -  Run Bytes Sent By Node
	33639  -  Run Bytes Received By Node
	2165  -  Total Bytes Sent By Node
	33639  -  Total Bytes Received By Node
...
015 (279124.000.000) 2025-01-24 10:17:46 Node 0 terminated.
	(1) Normal termination (return value 0)
		Usr 0 00:00:00, Sys 0 00:00:00  -  Run Remote Usage
		Usr 0 00:00:00, Sys 0 00:00:00  -  Run Local Usage
		Usr 0 00:00:00, Sys 0 00:00:00  -  Total Remote Usage
		Usr 0 00:00:00, Sys 0 00:00:00  -  Total Local Usage
	3728  -  Run Bytes Sent By Node
	33639  -  Run Bytes Received By Node
	3728  -  Total Bytes Sent By Node
	33639  -  Total Bytes Received By Node
...
015 (279124.000.003) 2025-01-24 10:17:46 Node 3 terminated.
	(1) Normal termination (return value 0)
		Usr 0 00:00:00, Sys 0 00:00:00  -  Run Remote Usage
		Usr 0 00:00:00, Sys 0 00:00:00  -  Run Local Usage
		Usr 0 00:00:00, Sys 0 00:00:00  -  Total Remote Usage
		Usr 0 00:00:00, Sys 0 00:00:00  -  Total Local Usage
	2187  -  Run Bytes Sent By Node
	33639  -  Run Bytes Received By Node
	2187  -  Total Bytes Sent By Node
	33639  -  Total Bytes Received By Node
...
005 (279124.000.000) 2025-01-24 10:17:46 Job terminated.
	(1) Normal termination (return value 0)
		Usr 0 00:00:01, Sys 0 00:00:01  -  Run Remote Usage
		Usr 0 00:00:00, Sys 0 00:00:00  -  Run Local Usage
		Usr 0 00:00:00, Sys 0 00:00:00  -  Total Remote Usage
		Usr 0 00:00:00, Sys 0 00:00:00  -  Total Local Usage
	16784  -  Run Bytes Sent By Job
	269112  -  Run Bytes Received By Job
	16784  -  Total Bytes Sent By Job
	269112  -  Total Bytes Received By Job
	Partitionable Resources :    Usage  Request Allocated 
	   Cpus                 :                 1         2 
	   Disk (KB)            :       50       35 102978738 
	   Memory (MB)          :        0        1    100096 

	Job terminated of its own accord at 2025-01-24T10:17:46Z with exit-code 0.
...
000 (287437.000.000) 2025-01-28 17:12:31 Job submitted from host: <192.168.0.102:9618?addrs=192.168.0.102-9618&alias=submitter&noUDP&sock=schedd_2032_5c88>
...
014 (287437.000.000) 2025-01-28 17:12:47 Node 0 executing on host: <192.168.0.115:9618?addrs=192.168.0.115-9618&alias=node115.di.rm1&noUDP&sock=startd_1101621_f4a0>
...
014 (287437.000.001) 2025-01-28 17:12:47 Node 1 executing on host: <192.168.0.145:9618?addrs=192.168.0.145-9618&alias=node145.di.rm1&noUDP&sock=startd_1869_8e98>
...
014 (287437.000.005) 2025-01-28 17:12:47 Node 5 executing on host: <192.168.0.106:9618?addrs=192.168.0.106-9618&alias=node106.di.rm1&noUDP&sock=startd_1970_d5a9>
...
014 (287437.000.003) 2025-01-28 17:12:47 Node 3 executing on host: <192.168.0.120:9618?addrs=192.168.0.120-9618&alias=node120.di.rm1&noUDP&sock=startd_2096_4298>
...
014 (287437.000.006) 2025-01-28 17:12:47 Node 6 executing on host: <192.168.0.110:9618?addrs=192.168.0.110-9618&alias=node110.di.rm1&noUDP&sock=startd_2185_4e86>
...
014 (287437.000.004) 2025-01-28 17:12:47 Node 4 executing on host: <192.168.0.130:9618?addrs=192.168.0.130-9618&alias=node130.di.rm1&noUDP&sock=startd_2751195_838e>
...
014 (287437.000.007) 2025-01-28 17:12:47 Node 7 executing on host: <192.168.0.140:9618?addrs=192.168.0.140-9618&alias=node140.di.rm1&noUDP&sock=startd_1890_f615>
...
014 (287437.000.002) 2025-01-28 17:12:47 Node 2 executing on host: <192.168.0.124:9618?addrs=192.168.0.124-9618&alias=node124.di.rm1&noUDP&sock=startd_2143_7f8b>
...
001 (287437.000.000) 2025-01-28 17:12:47 Job executing on host: MPI_job
...
008 (287437.000.000) 2025-01-28 17:12:49 Launching orted on Node 0 of 8
...
008 (287437.000.000) 2025-01-28 17:12:49 Launching orted on Node 1 of 8
...
008 (287437.000.000) 2025-01-28 17:12:49 Launching orted on Node 5 of 8
...
008 (287437.000.000) 2025-01-28 17:12:49 Launching orted on Node 6 of 8
...
008 (287437.000.000) 2025-01-28 17:12:49 Launching orted on Node 3 of 8
...
008 (287437.000.000) 2025-01-28 17:12:49 Launching orted on Node 4 of 8
...
008 (287437.000.000) 2025-01-28 17:12:49 Launching orted on Node 7 of 8
...
008 (287437.000.000) 2025-01-28 17:12:49 Launching orted on Node 2 of 8
...
008 (287437.000.000) 2025-01-28 17:12:50 orted exited on Node 7 of 8
...
008 (287437.000.000) 2025-01-28 17:12:50 orted exited on Node 0 of 8
...
008 (287437.000.000) 2025-01-28 17:12:50 orted exited on Node 1 of 8
...
008 (287437.000.000) 2025-01-28 17:12:50 orted exited on Node 2 of 8
...
008 (287437.000.000) 2025-01-28 17:12:50 orted exited on Node 3 of 8
...
008 (287437.000.000) 2025-01-28 17:12:50 orted exited on Node 4 of 8
...
008 (287437.000.000) 2025-01-28 17:12:50 orted exited on Node 5 of 8
...
008 (287437.000.000) 2025-01-28 17:12:50 orted exited on Node 6 of 8
...
015 (287437.000.001) 2025-01-28 17:12:50 Node 1 terminated.
	(1) Normal termination (return value 0)
		Usr 0 00:00:00, Sys 0 00:00:00  -  Run Remote Usage
		Usr 0 00:00:00, Sys 0 00:00:00  -  Run Local Usage
		Usr 0 00:00:00, Sys 0 00:00:00  -  Total Remote Usage
		Usr 0 00:00:00, Sys 0 00:00:00  -  Total Local Usage
	2165  -  Run Bytes Sent By Node
	33591  -  Run Bytes Received By Node
	2165  -  Total Bytes Sent By Node
	33591  -  Total Bytes Received By Node
...
015 (287437.000.000) 2025-01-28 17:12:50 Node 0 terminated.
	(1) Normal termination (return value 0)
		Usr 0 00:00:00, Sys 0 00:00:00  -  Run Remote Usage
		Usr 0 00:00:00, Sys 0 00:00:00  -  Run Local Usage
		Usr 0 00:00:00, Sys 0 00:00:00  -  Total Remote Usage
		Usr 0 00:00:00, Sys 0 00:00:00  -  Total Local Usage
	3262  -  Run Bytes Sent By Node
	33591  -  Run Bytes Received By Node
	3262  -  Total Bytes Sent By Node
	33591  -  Total Bytes Received By Node
...
005 (287437.000.000) 2025-01-28 17:12:50 Job terminated.
	(1) Normal termination (return value 0)
		Usr 0 00:00:00, Sys 0 00:00:02  -  Run Remote Usage
		Usr 0 00:00:00, Sys 0 00:00:00  -  Run Local Usage
		Usr 0 00:00:00, Sys 0 00:00:00  -  Total Remote Usage
		Usr 0 00:00:00, Sys 0 00:00:00  -  Total Local Usage
	5427  -  Run Bytes Sent By Job
	268728  -  Run Bytes Received By Job
	5427  -  Total Bytes Sent By Job
	268728  -  Total Bytes Received By Job
	Partitionable Resources :    Usage  Request Allocated 
	   Cpus                 :                 1         2 
	   Disk (KB)            :       51       35 103010115 
	   Memory (MB)          :        0        0    100096 

	Job terminated of its own accord at 2025-01-28T17:12:50Z with exit-code 0.
...
