000 (282119.000.000) 2025-01-26 16:12:51 Job submitted from host: <192.168.0.102:9618?addrs=192.168.0.102-9618&alias=submitter&noUDP&sock=schedd_2032_5c88>
...
014 (282119.000.000) 2025-01-26 16:13:10 Node 0 executing on host: <192.168.0.111:9618?addrs=192.168.0.111-9618&alias=node111.di.rm1&noUDP&sock=startd_2044_97ab>
...
014 (282119.000.001) 2025-01-26 16:13:10 Node 1 executing on host: <192.168.0.122:9618?addrs=192.168.0.122-9618&alias=node122.di.rm1&noUDP&sock=startd_2134_5331>
...
014 (282119.000.002) 2025-01-26 16:13:10 Node 2 executing on host: <192.168.0.151:9618?addrs=192.168.0.151-9618&alias=node151.di.rm1&noUDP&sock=startd_1528_a8cd>
...
014 (282119.000.003) 2025-01-26 16:13:10 Node 3 executing on host: <192.168.0.142:9618?addrs=192.168.0.142-9618&alias=node142.di.rm1&noUDP&sock=startd_1996_ab1f>
...
001 (282119.000.000) 2025-01-26 16:13:10 Job executing on host: MPI_job
...
008 (282119.000.000) 2025-01-26 16:13:12 Launching orted on Node 1 of 4
...
008 (282119.000.000) 2025-01-26 16:13:12 Launching orted on Node 2 of 4
...
008 (282119.000.000) 2025-01-26 16:13:12 Launching orted on Node 0 of 4
...
008 (282119.000.000) 2025-01-26 16:13:13 Launching orted on Node 3 of 4
...
008 (282119.000.000) 2025-01-26 16:14:01 orted exited on Node 2 of 4
...
008 (282119.000.000) 2025-01-26 16:14:01 orted exited on Node 1 of 4
...
008 (282119.000.000) 2025-01-26 16:14:01 orted exited on Node 3 of 4
...
008 (282119.000.000) 2025-01-26 16:14:01 orted exited on Node 0 of 4
...
015 (282119.000.001) 2025-01-26 16:14:01 Node 1 terminated.
	(1) Normal termination (return value 0)
		Usr 0 00:00:44, Sys 0 00:00:04  -  Run Remote Usage
		Usr 0 00:00:00, Sys 0 00:00:00  -  Run Local Usage
		Usr 0 00:00:44, Sys 0 00:00:04  -  Total Remote Usage
		Usr 0 00:00:00, Sys 0 00:00:00  -  Total Local Usage
	2187  -  Run Bytes Sent By Node
	33711  -  Run Bytes Received By Node
	2187  -  Total Bytes Sent By Node
	33711  -  Total Bytes Received By Node
...
015 (282119.000.002) 2025-01-26 16:14:01 Node 2 terminated.
	(1) Normal termination (return value 0)
		Usr 0 00:00:43, Sys 0 00:00:04  -  Run Remote Usage
		Usr 0 00:00:00, Sys 0 00:00:00  -  Run Local Usage
		Usr 0 00:00:43, Sys 0 00:00:04  -  Total Remote Usage
		Usr 0 00:00:00, Sys 0 00:00:00  -  Total Local Usage
	2165  -  Run Bytes Sent By Node
	33711  -  Run Bytes Received By Node
	2165  -  Total Bytes Sent By Node
	33711  -  Total Bytes Received By Node
...
015 (282119.000.003) 2025-01-26 16:14:01 Node 3 terminated.
	(1) Normal termination (return value 0)
		Usr 0 00:00:46, Sys 0 00:00:01  -  Run Remote Usage
		Usr 0 00:00:00, Sys 0 00:00:00  -  Run Local Usage
		Usr 0 00:00:46, Sys 0 00:00:01  -  Total Remote Usage
		Usr 0 00:00:00, Sys 0 00:00:00  -  Total Local Usage
	2165  -  Run Bytes Sent By Node
	33711  -  Run Bytes Received By Node
	2165  -  Total Bytes Sent By Node
	33711  -  Total Bytes Received By Node
...
015 (282119.000.000) 2025-01-26 16:14:01 Node 0 terminated.
	(1) Normal termination (return value 0)
		Usr 0 00:00:00, Sys 0 00:00:00  -  Run Remote Usage
		Usr 0 00:00:00, Sys 0 00:00:00  -  Run Local Usage
		Usr 0 00:00:00, Sys 0 00:00:00  -  Total Remote Usage
		Usr 0 00:00:00, Sys 0 00:00:00  -  Total Local Usage
	3304  -  Run Bytes Sent By Node
	33711  -  Run Bytes Received By Node
	3304  -  Total Bytes Sent By Node
	33711  -  Total Bytes Received By Node
...
005 (282119.000.000) 2025-01-26 16:14:01 Job terminated.
	(1) Normal termination (return value 0)
		Usr 0 00:02:13, Sys 0 00:00:09  -  Run Remote Usage
		Usr 0 00:00:00, Sys 0 00:00:00  -  Run Local Usage
		Usr 0 00:00:00, Sys 0 00:00:00  -  Total Remote Usage
		Usr 0 00:00:00, Sys 0 00:00:00  -  Total Local Usage
	9821  -  Run Bytes Sent By Job
	134844  -  Run Bytes Received By Job
	9821  -  Total Bytes Sent By Job
	134844  -  Total Bytes Received By Job
	Partitionable Resources :    Usage  Request Allocated 
	   Cpus                 :                 1         1 
	   Disk (KB)            :       50       35    468058 
	   GPUs                 :                           0 
	   Memory (MB)          :      292        1     53248 

	Job terminated of its own accord at 2025-01-26T16:14:01Z with exit-code 0.
...
000 (288995.000.000) 2025-01-28 22:01:10 Job submitted from host: <192.168.0.102:9618?addrs=192.168.0.102-9618&alias=submitter&noUDP&sock=schedd_2032_5c88>
...
014 (288995.000.003) 2025-01-28 22:01:12 Node 3 executing on host: <192.168.0.105:9618?addrs=192.168.0.105-9618&alias=node105.di.rm1&noUDP&sock=startd_1951_cd5c>
...
014 (288995.000.000) 2025-01-28 22:01:12 Node 0 executing on host: <192.168.0.149:9618?addrs=192.168.0.149-9618&alias=node149.di.rm1&noUDP&sock=startd_1551_6f7a>
...
014 (288995.000.001) 2025-01-28 22:01:12 Node 1 executing on host: <192.168.0.123:9618?addrs=192.168.0.123-9618&alias=node123.di.rm1&noUDP&sock=startd_2149_9d1d>
...
014 (288995.000.002) 2025-01-28 22:01:12 Node 2 executing on host: <192.168.0.124:9618?addrs=192.168.0.124-9618&alias=node124.di.rm1&noUDP&sock=startd_2143_7f8b>
...
001 (288995.000.000) 2025-01-28 22:01:12 Job executing on host: MPI_job
...
008 (288995.000.000) 2025-01-28 22:01:14 Launching orted on Node 3 of 4
...
008 (288995.000.000) 2025-01-28 22:01:15 Launching orted on Node 0 of 4
...
008 (288995.000.000) 2025-01-28 22:01:15 Launching orted on Node 1 of 4
...
008 (288995.000.000) 2025-01-28 22:01:15 Launching orted on Node 2 of 4
...
008 (288995.000.000) 2025-01-28 22:02:00 orted exited on Node 0 of 4
...
008 (288995.000.000) 2025-01-28 22:02:00 orted exited on Node 1 of 4
...
008 (288995.000.000) 2025-01-28 22:02:00 orted exited on Node 3 of 4
...
008 (288995.000.000) 2025-01-28 22:02:00 orted exited on Node 2 of 4
...
015 (288995.000.003) 2025-01-28 22:02:00 Node 3 terminated.
	(1) Normal termination (return value 0)
		Usr 0 00:00:43, Sys 0 00:00:01  -  Run Remote Usage
		Usr 0 00:00:00, Sys 0 00:00:00  -  Run Local Usage
		Usr 0 00:00:43, Sys 0 00:00:01  -  Total Remote Usage
		Usr 0 00:00:00, Sys 0 00:00:00  -  Total Local Usage
	2165  -  Run Bytes Sent By Node
	33711  -  Run Bytes Received By Node
	2165  -  Total Bytes Sent By Node
	33711  -  Total Bytes Received By Node
...
015 (288995.000.001) 2025-01-28 22:02:00 Node 1 terminated.
	(1) Normal termination (return value 0)
		Usr 0 00:00:44, Sys 0 00:00:01  -  Run Remote Usage
		Usr 0 00:00:00, Sys 0 00:00:00  -  Run Local Usage
		Usr 0 00:00:44, Sys 0 00:00:01  -  Total Remote Usage
		Usr 0 00:00:00, Sys 0 00:00:00  -  Total Local Usage
	2187  -  Run Bytes Sent By Node
	33711  -  Run Bytes Received By Node
	2187  -  Total Bytes Sent By Node
	33711  -  Total Bytes Received By Node
...
015 (288995.000.000) 2025-01-28 22:02:00 Node 0 terminated.
	(1) Normal termination (return value 0)
		Usr 0 00:00:43, Sys 0 00:00:02  -  Run Remote Usage
		Usr 0 00:00:00, Sys 0 00:00:00  -  Run Local Usage
		Usr 0 00:00:43, Sys 0 00:00:02  -  Total Remote Usage
		Usr 0 00:00:00, Sys 0 00:00:00  -  Total Local Usage
	3260  -  Run Bytes Sent By Node
	33711  -  Run Bytes Received By Node
	3260  -  Total Bytes Sent By Node
	33711  -  Total Bytes Received By Node
...
005 (288995.000.000) 2025-01-28 22:02:00 Job terminated.
	(1) Normal termination (return value 0)
		Usr 0 00:02:53, Sys 0 00:00:05  -  Run Remote Usage
		Usr 0 00:00:00, Sys 0 00:00:00  -  Run Local Usage
		Usr 0 00:00:26, Sys 0 00:00:02  -  Total Remote Usage
		Usr 0 00:00:00, Sys 0 00:00:00  -  Total Local Usage
	7612  -  Run Bytes Sent By Job
	134844  -  Run Bytes Received By Job
	7612  -  Total Bytes Sent By Job
	134844  -  Total Bytes Received By Job
	Partitionable Resources :    Usage  Request Allocated 
	   Cpus                 :                 1         2 
	   Disk (KB)            :       51       35 102883670 
	   Memory (MB)          :      273        1    100096 

	Job terminated of its own accord at 2025-01-28T22:02:00Z with exit-code 0.
...
