000 (279287.000.000) 2025-01-24 10:32:29 Job submitted from host: <192.168.0.102:9618?addrs=192.168.0.102-9618&alias=submitter&noUDP&sock=schedd_2032_5c88>
...
014 (279287.000.001) 2025-01-24 10:32:36 Node 1 executing on host: <192.168.0.106:9618?addrs=192.168.0.106-9618&alias=node106.di.rm1&noUDP&sock=startd_1970_d5a9>
...
014 (279287.000.000) 2025-01-24 10:32:36 Node 0 executing on host: <192.168.0.114:9618?addrs=192.168.0.114-9618&alias=node114.di.rm1&noUDP&sock=startd_2075_db1b>
...
014 (279287.000.004) 2025-01-24 10:32:36 Node 4 executing on host: <192.168.0.110:9618?addrs=192.168.0.110-9618&alias=node110.di.rm1&noUDP&sock=startd_2185_4e86>
...
014 (279287.000.002) 2025-01-24 10:32:36 Node 2 executing on host: <192.168.0.115:9618?addrs=192.168.0.115-9618&alias=node115.di.rm1&noUDP&sock=startd_1101621_f4a0>
...
014 (279287.000.007) 2025-01-24 10:32:36 Node 7 executing on host: <192.168.0.146:9618?addrs=192.168.0.146-9618&alias=node146.di.rm1&noUDP&sock=startd_1984_6ffc>
...
014 (279287.000.005) 2025-01-24 10:32:36 Node 5 executing on host: <192.168.0.140:9618?addrs=192.168.0.140-9618&alias=node140.di.rm1&noUDP&sock=startd_1890_f615>
...
014 (279287.000.003) 2025-01-24 10:32:36 Node 3 executing on host: <192.168.0.145:9618?addrs=192.168.0.145-9618&alias=node145.di.rm1&noUDP&sock=startd_1869_8e98>
...
014 (279287.000.006) 2025-01-24 10:32:36 Node 6 executing on host: <192.168.0.116:9618?addrs=192.168.0.116-9618&alias=node116.di.rm1&noUDP&sock=startd_1847_7783>
...
001 (279287.000.000) 2025-01-24 10:32:36 Job executing on host: MPI_job
...
008 (279287.000.000) 2025-01-24 10:32:38 Launching orted on Node 1 of 8
...
008 (279287.000.000) 2025-01-24 10:32:38 Launching orted on Node 0 of 8
...
008 (279287.000.000) 2025-01-24 10:32:38 Launching orted on Node 4 of 8
...
008 (279287.000.000) 2025-01-24 10:32:38 Launching orted on Node 7 of 8
...
008 (279287.000.000) 2025-01-24 10:32:38 Launching orted on Node 2 of 8
...
008 (279287.000.000) 2025-01-24 10:32:38 Launching orted on Node 5 of 8
...
008 (279287.000.000) 2025-01-24 10:32:39 Launching orted on Node 6 of 8
...
008 (279287.000.000) 2025-01-24 10:32:39 Launching orted on Node 3 of 8
...
008 (279287.000.000) 2025-01-24 10:32:39 orted exited on Node 7 of 8
...
008 (279287.000.000) 2025-01-24 10:32:39 orted exited on Node 0 of 8
...
008 (279287.000.000) 2025-01-24 10:32:39 orted exited on Node 1 of 8
...
008 (279287.000.000) 2025-01-24 10:32:39 orted exited on Node 4 of 8
...
008 (279287.000.000) 2025-01-24 10:32:39 orted exited on Node 5 of 8
...
008 (279287.000.000) 2025-01-24 10:32:39 orted exited on Node 6 of 8
...
008 (279287.000.000) 2025-01-24 10:32:39 orted exited on Node 2 of 8
...
008 (279287.000.000) 2025-01-24 10:32:39 orted exited on Node 3 of 8
...
015 (279287.000.007) 2025-01-24 10:32:39 Node 7 terminated.
	(1) Normal termination (return value 0)
		Usr 0 00:00:01, Sys 0 00:00:00  -  Run Remote Usage
		Usr 0 00:00:00, Sys 0 00:00:00  -  Run Local Usage
		Usr 0 00:00:01, Sys 0 00:00:00  -  Total Remote Usage
		Usr 0 00:00:00, Sys 0 00:00:00  -  Total Local Usage
	2165  -  Run Bytes Sent By Node
	33639  -  Run Bytes Received By Node
	2165  -  Total Bytes Sent By Node
	33639  -  Total Bytes Received By Node
...
015 (279287.000.001) 2025-01-24 10:32:39 Node 1 terminated.
	(1) Normal termination (return value 0)
		Usr 0 00:00:01, Sys 0 00:00:00  -  Run Remote Usage
		Usr 0 00:00:00, Sys 0 00:00:00  -  Run Local Usage
		Usr 0 00:00:01, Sys 0 00:00:00  -  Total Remote Usage
		Usr 0 00:00:00, Sys 0 00:00:00  -  Total Local Usage
	2165  -  Run Bytes Sent By Node
	33639  -  Run Bytes Received By Node
	2165  -  Total Bytes Sent By Node
	33639  -  Total Bytes Received By Node
...
015 (279287.000.004) 2025-01-24 10:32:39 Node 4 terminated.
	(1) Normal termination (return value 0)
		Usr 0 00:00:00, Sys 0 00:00:00  -  Run Remote Usage
		Usr 0 00:00:00, Sys 0 00:00:00  -  Run Local Usage
		Usr 0 00:00:00, Sys 0 00:00:00  -  Total Remote Usage
		Usr 0 00:00:00, Sys 0 00:00:00  -  Total Local Usage
	2187  -  Run Bytes Sent By Node
	33639  -  Run Bytes Received By Node
	2187  -  Total Bytes Sent By Node
	33639  -  Total Bytes Received By Node
...
015 (279287.000.005) 2025-01-24 10:32:40 Node 5 terminated.
	(1) Normal termination (return value 0)
		Usr 0 00:00:00, Sys 0 00:00:00  -  Run Remote Usage
		Usr 0 00:00:00, Sys 0 00:00:00  -  Run Local Usage
		Usr 0 00:00:00, Sys 0 00:00:00  -  Total Remote Usage
		Usr 0 00:00:00, Sys 0 00:00:00  -  Total Local Usage
	2165  -  Run Bytes Sent By Node
	33639  -  Run Bytes Received By Node
	2165  -  Total Bytes Sent By Node
	33639  -  Total Bytes Received By Node
...
015 (279287.000.000) 2025-01-24 10:32:40 Node 0 terminated.
	(1) Normal termination (return value 0)
		Usr 0 00:00:00, Sys 0 00:00:00  -  Run Remote Usage
		Usr 0 00:00:00, Sys 0 00:00:00  -  Run Local Usage
		Usr 0 00:00:00, Sys 0 00:00:00  -  Total Remote Usage
		Usr 0 00:00:00, Sys 0 00:00:00  -  Total Local Usage
	3262  -  Run Bytes Sent By Node
	33639  -  Run Bytes Received By Node
	3262  -  Total Bytes Sent By Node
	33639  -  Total Bytes Received By Node
...
015 (279287.000.003) 2025-01-24 10:32:40 Node 3 terminated.
	(1) Normal termination (return value 0)
		Usr 0 00:00:00, Sys 0 00:00:00  -  Run Remote Usage
		Usr 0 00:00:00, Sys 0 00:00:00  -  Run Local Usage
		Usr 0 00:00:00, Sys 0 00:00:00  -  Total Remote Usage
		Usr 0 00:00:00, Sys 0 00:00:00  -  Total Local Usage
	2165  -  Run Bytes Sent By Node
	33639  -  Run Bytes Received By Node
	2165  -  Total Bytes Sent By Node
	33639  -  Total Bytes Received By Node
...
005 (279287.000.000) 2025-01-24 10:32:40 Job terminated.
	(1) Normal termination (return value 0)
		Usr 0 00:00:03, Sys 0 00:00:00  -  Run Remote Usage
		Usr 0 00:00:00, Sys 0 00:00:00  -  Run Local Usage
		Usr 0 00:00:00, Sys 0 00:00:00  -  Total Remote Usage
		Usr 0 00:00:00, Sys 0 00:00:00  -  Total Local Usage
	16274  -  Run Bytes Sent By Job
	269112  -  Run Bytes Received By Job
	16274  -  Total Bytes Sent By Job
	269112  -  Total Bytes Received By Job
	Partitionable Resources :    Usage  Request Allocated 
	   Cpus                 :                 1         1 
	   Disk (KB)            :       50       35    391129 
	   Memory (MB)          :        1        0     20480 

	Job terminated of its own accord at 2025-01-24T10:32:39Z with exit-code 0.
...
000 (287609.000.000) 2025-01-28 17:30:28 Job submitted from host: <192.168.0.102:9618?addrs=192.168.0.102-9618&alias=submitter&noUDP&sock=schedd_2032_5c88>
...
014 (287609.000.000) 2025-01-28 17:30:51 Node 0 executing on host: <192.168.0.148:9618?addrs=192.168.0.148-9618&alias=node148.di.rm1&noUDP&sock=startd_1547_b119>
...
014 (287609.000.001) 2025-01-28 17:30:51 Node 1 executing on host: <192.168.0.134:9618?addrs=192.168.0.134-9618&alias=node134.di.rm1&noUDP&sock=startd_2073_7bea>
...
014 (287609.000.003) 2025-01-28 17:30:51 Node 3 executing on host: <192.168.0.105:9618?addrs=192.168.0.105-9618&alias=node105.di.rm1&noUDP&sock=startd_1951_cd5c>
...
014 (287609.000.002) 2025-01-28 17:30:51 Node 2 executing on host: <192.168.0.143:9618?addrs=192.168.0.143-9618&alias=node143.di.rm1&noUDP&sock=startd_2061_40c7>
...
014 (287609.000.004) 2025-01-28 17:30:51 Node 4 executing on host: <192.168.0.149:9618?addrs=192.168.0.149-9618&alias=node149.di.rm1&noUDP&sock=startd_1551_6f7a>
...
014 (287609.000.005) 2025-01-28 17:30:51 Node 5 executing on host: <192.168.0.114:9618?addrs=192.168.0.114-9618&alias=node114.di.rm1&noUDP&sock=startd_2075_db1b>
...
014 (287609.000.007) 2025-01-28 17:30:51 Node 7 executing on host: <192.168.0.141:9618?addrs=192.168.0.141-9618&alias=node141.di.rm1&noUDP&sock=startd_2077_3a4b>
...
014 (287609.000.006) 2025-01-28 17:30:51 Node 6 executing on host: <192.168.0.123:9618?addrs=192.168.0.123-9618&alias=node123.di.rm1&noUDP&sock=startd_2149_9d1d>
...
001 (287609.000.000) 2025-01-28 17:30:51 Job executing on host: MPI_job
...
008 (287609.000.000) 2025-01-28 17:30:53 Launching orted on Node 0 of 8
...
008 (287609.000.000) 2025-01-28 17:30:53 Launching orted on Node 3 of 8
...
008 (287609.000.000) 2025-01-28 17:30:53 Launching orted on Node 1 of 8
...
008 (287609.000.000) 2025-01-28 17:30:53 Launching orted on Node 4 of 8
...
008 (287609.000.000) 2025-01-28 17:30:53 Launching orted on Node 2 of 8
...
008 (287609.000.000) 2025-01-28 17:30:53 Launching orted on Node 7 of 8
...
008 (287609.000.000) 2025-01-28 17:30:53 Launching orted on Node 5 of 8
...
008 (287609.000.000) 2025-01-28 17:30:53 Launching orted on Node 6 of 8
...
008 (287609.000.000) 2025-01-28 17:30:54 orted exited on Node 4 of 8
...
008 (287609.000.000) 2025-01-28 17:30:54 orted exited on Node 3 of 8
...
008 (287609.000.000) 2025-01-28 17:30:54 orted exited on Node 0 of 8
...
008 (287609.000.000) 2025-01-28 17:30:54 orted exited on Node 5 of 8
...
008 (287609.000.000) 2025-01-28 17:30:54 orted exited on Node 1 of 8
...
008 (287609.000.000) 2025-01-28 17:30:54 orted exited on Node 2 of 8
...
008 (287609.000.000) 2025-01-28 17:30:54 orted exited on Node 7 of 8
...
008 (287609.000.000) 2025-01-28 17:30:54 orted exited on Node 6 of 8
...
015 (287609.000.000) 2025-01-28 17:30:54 Node 0 terminated.
	(1) Normal termination (return value 0)
		Usr 0 00:00:00, Sys 0 00:00:00  -  Run Remote Usage
		Usr 0 00:00:00, Sys 0 00:00:00  -  Run Local Usage
		Usr 0 00:00:00, Sys 0 00:00:00  -  Total Remote Usage
		Usr 0 00:00:00, Sys 0 00:00:00  -  Total Local Usage
	3262  -  Run Bytes Sent By Node
	33591  -  Run Bytes Received By Node
	3262  -  Total Bytes Sent By Node
	33591  -  Total Bytes Received By Node
...
015 (287609.000.003) 2025-01-28 17:30:54 Node 3 terminated.
	(1) Normal termination (return value 0)
		Usr 0 00:00:00, Sys 0 00:00:00  -  Run Remote Usage
		Usr 0 00:00:00, Sys 0 00:00:00  -  Run Local Usage
		Usr 0 00:00:00, Sys 0 00:00:00  -  Total Remote Usage
		Usr 0 00:00:00, Sys 0 00:00:00  -  Total Local Usage
	2165  -  Run Bytes Sent By Node
	33591  -  Run Bytes Received By Node
	2165  -  Total Bytes Sent By Node
	33591  -  Total Bytes Received By Node
...
005 (287609.000.000) 2025-01-28 17:30:54 Job terminated.
	(1) Normal termination (return value 0)
		Usr 0 00:00:00, Sys 0 00:00:01  -  Run Remote Usage
		Usr 0 00:00:00, Sys 0 00:00:00  -  Run Local Usage
		Usr 0 00:00:00, Sys 0 00:00:00  -  Total Remote Usage
		Usr 0 00:00:00, Sys 0 00:00:00  -  Total Local Usage
	5427  -  Run Bytes Sent By Job
	268728  -  Run Bytes Received By Job
	5427  -  Total Bytes Sent By Job
	268728  -  Total Bytes Received By Job
	Partitionable Resources :    Usage  Request Allocated 
	   Cpus                 :                 1         2 
	   Disk (KB)            :       51       35 102860533 
	   Memory (MB)          :        0        0    100096 

	Job terminated of its own accord at 2025-01-28T17:30:54Z with exit-code 0.
...
