000 (281194.000.000) 2025-01-25 19:20:49 Job submitted from host: <192.168.0.102:9618?addrs=192.168.0.102-9618&alias=submitter&noUDP&sock=schedd_2032_5c88>
...
014 (281194.000.000) 2025-01-25 19:20:56 Node 0 executing on host: <192.168.0.146:9618?addrs=192.168.0.146-9618&alias=node146.di.rm1&noUDP&sock=startd_1984_6ffc>
...
014 (281194.000.001) 2025-01-25 19:20:56 Node 1 executing on host: <192.168.0.111:9618?addrs=192.168.0.111-9618&alias=node111.di.rm1&noUDP&sock=startd_2044_97ab>
...
014 (281194.000.002) 2025-01-25 19:20:56 Node 2 executing on host: <192.168.0.120:9618?addrs=192.168.0.120-9618&alias=node120.di.rm1&noUDP&sock=startd_2096_4298>
...
014 (281194.000.004) 2025-01-25 19:20:56 Node 4 executing on host: <192.168.0.114:9618?addrs=192.168.0.114-9618&alias=node114.di.rm1&noUDP&sock=startd_2075_db1b>
...
014 (281194.000.005) 2025-01-25 19:20:56 Node 5 executing on host: <192.168.0.130:9618?addrs=192.168.0.130-9618&alias=node130.di.rm1&noUDP&sock=startd_2751195_838e>
...
014 (281194.000.003) 2025-01-25 19:20:56 Node 3 executing on host: <192.168.0.121:9618?addrs=192.168.0.121-9618&alias=node121.di.rm1&noUDP&sock=startd_2146_8e54>
...
014 (281194.000.006) 2025-01-25 19:20:56 Node 6 executing on host: <192.168.0.114:9618?addrs=192.168.0.114-9618&alias=node114.di.rm1&noUDP&sock=startd_2075_db1b>
...
014 (281194.000.007) 2025-01-25 19:20:56 Node 7 executing on host: <192.168.0.141:9618?addrs=192.168.0.141-9618&alias=node141.di.rm1&noUDP&sock=startd_2077_3a4b>
...
001 (281194.000.000) 2025-01-25 19:20:56 Job executing on host: MPI_job
...
008 (281194.000.000) 2025-01-25 19:20:58 Launching orted on Node 0 of 8
...
008 (281194.000.000) 2025-01-25 19:20:58 Launching orted on Node 1 of 8
...
008 (281194.000.000) 2025-01-25 19:20:58 Launching orted on Node 3 of 8
...
008 (281194.000.000) 2025-01-25 19:20:58 Launching orted on Node 5 of 8
...
008 (281194.000.000) 2025-01-25 19:20:58 Launching orted on Node 7 of 8
...
008 (281194.000.000) 2025-01-25 19:20:58 Launching orted on Node 4 of 8
...
008 (281194.000.000) 2025-01-25 19:20:58 Launching orted on Node 6 of 8
...
008 (281194.000.000) 2025-01-25 19:20:58 Launching orted on Node 2 of 8
...
008 (281194.000.000) 2025-01-25 19:21:03 orted exited on Node 3 of 8
...
008 (281194.000.000) 2025-01-25 19:21:03 orted exited on Node 5 of 8
...
008 (281194.000.000) 2025-01-25 19:21:03 orted exited on Node 1 of 8
...
008 (281194.000.000) 2025-01-25 19:21:03 orted exited on Node 0 of 8
...
008 (281194.000.000) 2025-01-25 19:21:03 orted exited on Node 6 of 8
...
008 (281194.000.000) 2025-01-25 19:21:03 orted exited on Node 4 of 8
...
008 (281194.000.000) 2025-01-25 19:21:03 orted exited on Node 2 of 8
...
008 (281194.000.000) 2025-01-25 19:21:03 orted exited on Node 7 of 8
...
015 (281194.000.005) 2025-01-25 19:21:03 Node 5 terminated.
	(1) Normal termination (return value 0)
		Usr 0 00:00:04, Sys 0 00:00:00  -  Run Remote Usage
		Usr 0 00:00:00, Sys 0 00:00:00  -  Run Local Usage
		Usr 0 00:00:04, Sys 0 00:00:00  -  Total Remote Usage
		Usr 0 00:00:00, Sys 0 00:00:00  -  Total Local Usage
	2165  -  Run Bytes Sent By Node
	33639  -  Run Bytes Received By Node
	2165  -  Total Bytes Sent By Node
	33639  -  Total Bytes Received By Node
...
015 (281194.000.003) 2025-01-25 19:21:03 Node 3 terminated.
	(1) Normal termination (return value 0)
		Usr 0 00:00:04, Sys 0 00:00:00  -  Run Remote Usage
		Usr 0 00:00:00, Sys 0 00:00:00  -  Run Local Usage
		Usr 0 00:00:04, Sys 0 00:00:00  -  Total Remote Usage
		Usr 0 00:00:00, Sys 0 00:00:00  -  Total Local Usage
	2165  -  Run Bytes Sent By Node
	33639  -  Run Bytes Received By Node
	2165  -  Total Bytes Sent By Node
	33639  -  Total Bytes Received By Node
...
015 (281194.000.000) 2025-01-25 19:21:03 Node 0 terminated.
	(1) Normal termination (return value 0)
		Usr 0 00:00:00, Sys 0 00:00:00  -  Run Remote Usage
		Usr 0 00:00:00, Sys 0 00:00:00  -  Run Local Usage
		Usr 0 00:00:00, Sys 0 00:00:00  -  Total Remote Usage
		Usr 0 00:00:00, Sys 0 00:00:00  -  Total Local Usage
	3730  -  Run Bytes Sent By Node
	33639  -  Run Bytes Received By Node
	3730  -  Total Bytes Sent By Node
	33639  -  Total Bytes Received By Node
...
005 (281194.000.000) 2025-01-25 19:21:03 Job terminated.
	(1) Normal termination (return value 0)
		Usr 0 00:00:28, Sys 0 00:00:00  -  Run Remote Usage
		Usr 0 00:00:00, Sys 0 00:00:00  -  Run Local Usage
		Usr 0 00:00:00, Sys 0 00:00:00  -  Total Remote Usage
		Usr 0 00:00:00, Sys 0 00:00:00  -  Total Local Usage
	10247  -  Run Bytes Sent By Job
	269112  -  Run Bytes Received By Job
	10247  -  Total Bytes Sent By Job
	269112  -  Total Bytes Received By Job
	Partitionable Resources :    Usage  Request Allocated 
	   Cpus                 :                 1         1 
	   Disk (KB)            :       50       35    466414 
	   Memory (MB)          :        1      357     40960 

	Job terminated of its own accord at 2025-01-25T19:21:03Z with exit-code 0.
...
000 (288401.000.000) 2025-01-28 19:46:20 Job submitted from host: <192.168.0.102:9618?addrs=192.168.0.102-9618&alias=submitter&noUDP&sock=schedd_2032_5c88>
...
014 (288401.000.000) 2025-01-28 19:46:23 Node 0 executing on host: <192.168.0.146:9618?addrs=192.168.0.146-9618&alias=node146.di.rm1&noUDP&sock=startd_1984_6ffc>
...
014 (288401.000.004) 2025-01-28 19:46:23 Node 4 executing on host: <192.168.0.146:9618?addrs=192.168.0.146-9618&alias=node146.di.rm1&noUDP&sock=startd_1984_6ffc>
...
014 (288401.000.002) 2025-01-28 19:46:23 Node 2 executing on host: <192.168.0.121:9618?addrs=192.168.0.121-9618&alias=node121.di.rm1&noUDP&sock=startd_2146_8e54>
...
014 (288401.000.001) 2025-01-28 19:46:23 Node 1 executing on host: <192.168.0.111:9618?addrs=192.168.0.111-9618&alias=node111.di.rm1&noUDP&sock=startd_2044_97ab>
...
014 (288401.000.006) 2025-01-28 19:46:23 Node 6 executing on host: <192.168.0.121:9618?addrs=192.168.0.121-9618&alias=node121.di.rm1&noUDP&sock=startd_2146_8e54>
...
014 (288401.000.007) 2025-01-28 19:46:23 Node 7 executing on host: <192.168.0.151:9618?addrs=192.168.0.151-9618&alias=node151.di.rm1&noUDP&sock=startd_1528_a8cd>
...
014 (288401.000.003) 2025-01-28 19:46:23 Node 3 executing on host: <192.168.0.107:9618?addrs=192.168.0.107-9618&alias=node107.di.rm1&noUDP&sock=startd_1981_6134>
...
014 (288401.000.005) 2025-01-28 19:46:23 Node 5 executing on host: <192.168.0.111:9618?addrs=192.168.0.111-9618&alias=node111.di.rm1&noUDP&sock=startd_2044_97ab>
...
001 (288401.000.000) 2025-01-28 19:46:23 Job executing on host: MPI_job
...
008 (288401.000.000) 2025-01-28 19:46:25 Launching orted on Node 4 of 8
...
008 (288401.000.000) 2025-01-28 19:46:25 Launching orted on Node 0 of 8
...
008 (288401.000.000) 2025-01-28 19:46:25 Launching orted on Node 2 of 8
...
008 (288401.000.000) 2025-01-28 19:46:25 Launching orted on Node 6 of 8
...
008 (288401.000.000) 2025-01-28 19:46:25 Launching orted on Node 1 of 8
...
008 (288401.000.000) 2025-01-28 19:46:26 Launching orted on Node 5 of 8
...
008 (288401.000.000) 2025-01-28 19:46:26 Launching orted on Node 7 of 8
...
008 (288401.000.000) 2025-01-28 19:46:26 Launching orted on Node 3 of 8
...
008 (288401.000.000) 2025-01-28 19:46:31 orted exited on Node 3 of 8
...
008 (288401.000.000) 2025-01-28 19:46:31 orted exited on Node 1 of 8
...
008 (288401.000.000) 2025-01-28 19:46:31 orted exited on Node 4 of 8
...
008 (288401.000.000) 2025-01-28 19:46:31 orted exited on Node 7 of 8
...
008 (288401.000.000) 2025-01-28 19:46:31 orted exited on Node 0 of 8
...
008 (288401.000.000) 2025-01-28 19:46:31 orted exited on Node 2 of 8
...
008 (288401.000.000) 2025-01-28 19:46:31 orted exited on Node 6 of 8
...
008 (288401.000.000) 2025-01-28 19:46:31 orted exited on Node 5 of 8
...
015 (288401.000.004) 2025-01-28 19:46:31 Node 4 terminated.
	(1) Normal termination (return value 0)
		Usr 0 00:00:04, Sys 0 00:00:01  -  Run Remote Usage
		Usr 0 00:00:00, Sys 0 00:00:00  -  Run Local Usage
		Usr 0 00:00:04, Sys 0 00:00:01  -  Total Remote Usage
		Usr 0 00:00:00, Sys 0 00:00:00  -  Total Local Usage
	0  -  Run Bytes Sent By Node
	33631  -  Run Bytes Received By Node
	0  -  Total Bytes Sent By Node
	33631  -  Total Bytes Received By Node
...
015 (288401.000.000) 2025-01-28 19:46:31 Node 0 terminated.
	(1) Normal termination (return value 0)
		Usr 0 00:00:00, Sys 0 00:00:00  -  Run Remote Usage
		Usr 0 00:00:00, Sys 0 00:00:00  -  Run Local Usage
		Usr 0 00:00:00, Sys 0 00:00:00  -  Total Remote Usage
		Usr 0 00:00:00, Sys 0 00:00:00  -  Total Local Usage
	3833  -  Run Bytes Sent By Node
	33631  -  Run Bytes Received By Node
	3833  -  Total Bytes Sent By Node
	33631  -  Total Bytes Received By Node
...
005 (288401.000.000) 2025-01-28 19:46:31 Job terminated.
	(1) Normal termination (return value 0)
		Usr 0 00:00:28, Sys 0 00:00:02  -  Run Remote Usage
		Usr 0 00:00:00, Sys 0 00:00:00  -  Run Local Usage
		Usr 0 00:00:00, Sys 0 00:00:00  -  Total Remote Usage
		Usr 0 00:00:00, Sys 0 00:00:00  -  Total Local Usage
	3833  -  Run Bytes Sent By Job
	269048  -  Run Bytes Received By Job
	3833  -  Total Bytes Sent By Job
	269048  -  Total Bytes Received By Job
	Partitionable Resources :    Usage  Request Allocated 
	   Cpus                 :                 1         2 
	   Disk (KB)            :       52       35 103077319 
	   Memory (MB)          :        0      310    100096 

	Job terminated of its own accord at 2025-01-28T19:46:31Z with exit-code 0.
...
