000 (289919.000.000) 2025-01-29 11:55:51 Job submitted from host: <192.168.0.102:9618?addrs=192.168.0.102-9618&alias=submitter&noUDP&sock=schedd_2032_5c88>
...
014 (289919.000.000) 2025-01-29 11:55:53 Node 0 executing on host: <192.168.0.134:9618?addrs=192.168.0.134-9618&alias=node134.di.rm1&noUDP&sock=startd_2073_7bea>
...
014 (289919.000.001) 2025-01-29 11:55:53 Node 1 executing on host: <192.168.0.130:9618?addrs=192.168.0.130-9618&alias=node130.di.rm1&noUDP&sock=startd_2751195_838e>
...
014 (289919.000.002) 2025-01-29 11:55:53 Node 2 executing on host: <192.168.0.145:9618?addrs=192.168.0.145-9618&alias=node145.di.rm1&noUDP&sock=startd_1869_8e98>
...
014 (289919.000.003) 2025-01-29 11:55:53 Node 3 executing on host: <192.168.0.143:9618?addrs=192.168.0.143-9618&alias=node143.di.rm1&noUDP&sock=startd_2061_40c7>
...
001 (289919.000.000) 2025-01-29 11:55:53 Job executing on host: MPI_job
...
008 (289919.000.000) 2025-01-29 11:55:55 Launching orted on Node 1 of 4
...
008 (289919.000.000) 2025-01-29 11:55:55 Launching orted on Node 0 of 4
...
008 (289919.000.000) 2025-01-29 11:55:55 Launching orted on Node 2 of 4
...
008 (289919.000.000) 2025-01-29 11:55:56 Launching orted on Node 3 of 4
...
008 (289919.000.000) 2025-01-29 11:55:59 orted exited on Node 1 of 4
...
008 (289919.000.000) 2025-01-29 11:55:59 orted exited on Node 0 of 4
...
008 (289919.000.000) 2025-01-29 11:55:59 orted exited on Node 2 of 4
...
008 (289919.000.000) 2025-01-29 11:55:59 orted exited on Node 3 of 4
...
015 (289919.000.001) 2025-01-29 11:55:59 Node 1 terminated.
	(1) Normal termination (return value 0)
		Usr 0 00:00:14, Sys 0 00:00:04  -  Run Remote Usage
		Usr 0 00:00:00, Sys 0 00:00:00  -  Run Local Usage
		Usr 0 00:00:14, Sys 0 00:00:04  -  Total Remote Usage
		Usr 0 00:00:00, Sys 0 00:00:00  -  Total Local Usage
	2341  -  Run Bytes Sent By Node
	33791  -  Run Bytes Received By Node
	2341  -  Total Bytes Sent By Node
	33791  -  Total Bytes Received By Node
...
015 (289919.000.002) 2025-01-29 11:55:59 Node 2 terminated.
	(1) Normal termination (return value 0)
		Usr 0 00:00:16, Sys 0 00:00:04  -  Run Remote Usage
		Usr 0 00:00:00, Sys 0 00:00:00  -  Run Local Usage
		Usr 0 00:00:16, Sys 0 00:00:04  -  Total Remote Usage
		Usr 0 00:00:00, Sys 0 00:00:00  -  Total Local Usage
	2341  -  Run Bytes Sent By Node
	33791  -  Run Bytes Received By Node
	2341  -  Total Bytes Sent By Node
	33791  -  Total Bytes Received By Node
...
015 (289919.000.000) 2025-01-29 11:55:59 Node 0 terminated.
	(1) Normal termination (return value 0)
		Usr 0 00:00:00, Sys 0 00:00:05  -  Run Remote Usage
		Usr 0 00:00:00, Sys 0 00:00:00  -  Run Local Usage
		Usr 0 00:00:00, Sys 0 00:00:05  -  Total Remote Usage
		Usr 0 00:00:00, Sys 0 00:00:00  -  Total Local Usage
	3438  -  Run Bytes Sent By Node
	33791  -  Run Bytes Received By Node
	3438  -  Total Bytes Sent By Node
	33791  -  Total Bytes Received By Node
...
005 (289919.000.000) 2025-01-29 11:55:59 Job terminated.
	(1) Normal termination (return value 0)
		Usr 0 00:00:47, Sys 0 00:00:16  -  Run Remote Usage
		Usr 0 00:00:00, Sys 0 00:00:00  -  Run Local Usage
		Usr 0 00:00:00, Sys 0 00:00:01  -  Total Remote Usage
		Usr 0 00:00:00, Sys 0 00:00:00  -  Total Local Usage
	8120  -  Run Bytes Sent By Job
	135164  -  Run Bytes Received By Job
	8120  -  Total Bytes Sent By Job
	135164  -  Total Bytes Received By Job
	Partitionable Resources :    Usage  Request Allocated 
	   Cpus                 :                 8         8 
	   Disk (KB)            :       51       35    474253 
	   Memory (MB)          :        0        0       128 

	Job terminated of its own accord at 2025-01-29T11:55:59Z with exit-code 0.
...
