000 (264231.000.000) 2025-01-17 11:21:17 Job submitted from host: <192.168.0.102:9618?addrs=192.168.0.102-9618&alias=submitter&noUDP&sock=schedd_2032_5c88>
...
001 (264231.000.000) 2025-01-17 11:21:21 Job executing on host: <192.168.0.134:9618?addrs=192.168.0.134-9618&alias=node134.di.rm1&noUDP&sock=startd_2073_7bea>
...
006 (264231.000.000) 2025-01-17 11:21:30 Image size of job updated: 505956
	495  -  MemoryUsage of job (MB)
	505956  -  ResidentSetSize of job (KB)
...
006 (264231.000.000) 2025-01-17 11:21:34 Image size of job updated: 624496
	495  -  MemoryUsage of job (MB)
	506088  -  ResidentSetSize of job (KB)
...
005 (264231.000.000) 2025-01-17 11:21:36 Job terminated.
	(1) Normal termination (return value 0)
		Usr 0 00:00:20, Sys 0 00:00:01  -  Run Remote Usage
		Usr 0 00:00:00, Sys 0 00:00:00  -  Run Local Usage
		Usr 0 00:00:20, Sys 0 00:00:01  -  Total Remote Usage
		Usr 0 00:00:00, Sys 0 00:00:00  -  Total Local Usage
	0  -  Run Bytes Sent By Job
	0  -  Run Bytes Received By Job
	0  -  Total Bytes Sent By Job
	0  -  Total Bytes Received By Job
	Partitionable Resources :    Usage  Request Allocated 
	   Cpus                 :                 1         1 
	   Disk (KB)            :       27       27    474253 
	   Memory (MB)          :      495        1       128 

	Job terminated of its own accord at 2025-01-17T11:21:34Z with exit-code 0.
...
