000 (273174.000.000) 2025-01-23 10:44:27 Job submitted from host: <192.168.0.102:9618?addrs=192.168.0.102-9618&alias=submitter&noUDP&sock=schedd_2032_5c88>
...
014 (273174.000.001) 2025-01-23 10:44:34 Node 1 executing on host: <192.168.0.142:9618?addrs=192.168.0.142-9618&alias=node142.di.rm1&noUDP&sock=startd_1996_ab1f>
...
014 (273174.000.000) 2025-01-23 10:44:34 Node 0 executing on host: <192.168.0.111:9618?addrs=192.168.0.111-9618&alias=node111.di.rm1&noUDP&sock=startd_2044_97ab>
...
001 (273174.000.000) 2025-01-23 10:44:34 Job executing on host: MPI_job
...
008 (273174.000.000) 2025-01-23 10:44:37 Launching orted on Node 0 of 2
...
008 (273174.000.000) 2025-01-23 10:44:37 Launching orted on Node 1 of 2
...
008 (273174.000.000) 2025-01-23 10:44:39 orted exited on Node 1 of 2
...
008 (273174.000.000) 2025-01-23 10:44:39 orted exited on Node 0 of 2
...
015 (273174.000.000) 2025-01-23 10:44:39 Node 0 terminated.
	(1) Normal termination (return value 0)
		Usr 0 00:00:02, Sys 0 00:00:00  -  Run Remote Usage
		Usr 0 00:00:00, Sys 0 00:00:00  -  Run Local Usage
		Usr 0 00:00:02, Sys 0 00:00:00  -  Total Remote Usage
		Usr 0 00:00:00, Sys 0 00:00:00  -  Total Local Usage
	3301  -  Run Bytes Sent By Node
	33639  -  Run Bytes Received By Node
	3301  -  Total Bytes Sent By Node
	33639  -  Total Bytes Received By Node
...
005 (273174.000.000) 2025-01-23 10:44:39 Job terminated.
	(1) Normal termination (return value 0)
		Usr 0 00:00:03, Sys 0 00:00:01  -  Run Remote Usage
		Usr 0 00:00:00, Sys 0 00:00:00  -  Run Local Usage
		Usr 0 00:00:01, Sys 0 00:00:00  -  Total Remote Usage
		Usr 0 00:00:00, Sys 0 00:00:00  -  Total Local Usage
	3301  -  Run Bytes Sent By Job
	67278  -  Run Bytes Received By Job
	3301  -  Total Bytes Sent By Job
	67278  -  Total Bytes Received By Job
	Partitionable Resources :    Usage  Request Allocated 
	   Cpus                 :                 1         1 
	   Disk (KB)            :       50       35  21530639 
	   GPUs                 :                           1 
	   Memory (MB)          :        1        1     20480 

	Job terminated of its own accord at 2025-01-23T10:44:39Z with exit-code 0.
...
000 (277952.000.000) 2025-01-24 07:30:46 Job submitted from host: <192.168.0.102:9618?addrs=192.168.0.102-9618&alias=submitter&noUDP&sock=schedd_2032_5c88>
...
014 (277952.000.001) 2025-01-24 07:30:53 Node 1 executing on host: <192.168.0.147:9618?addrs=192.168.0.147-9618&alias=node147.di.rm1&noUDP&sock=startd_1513_5ee1>
...
014 (277952.000.000) 2025-01-24 07:30:53 Node 0 executing on host: <192.168.0.141:9618?addrs=192.168.0.141-9618&alias=node141.di.rm1&noUDP&sock=startd_2077_3a4b>
...
001 (277952.000.000) 2025-01-24 07:30:53 Job executing on host: MPI_job
...
008 (277952.000.000) 2025-01-24 07:30:55 Launching orted on Node 1 of 2
...
008 (277952.000.000) 2025-01-24 07:30:56 Launching orted on Node 0 of 2
...
008 (277952.000.000) 2025-01-24 07:30:58 orted exited on Node 1 of 2
...
008 (277952.000.000) 2025-01-24 07:30:58 orted exited on Node 0 of 2
...
015 (277952.000.001) 2025-01-24 07:30:58 Node 1 terminated.
	(1) Normal termination (return value 0)
		Usr 0 00:00:01, Sys 0 00:00:00  -  Run Remote Usage
		Usr 0 00:00:00, Sys 0 00:00:00  -  Run Local Usage
		Usr 0 00:00:01, Sys 0 00:00:00  -  Total Remote Usage
		Usr 0 00:00:00, Sys 0 00:00:00  -  Total Local Usage
	2165  -  Run Bytes Sent By Node
	33639  -  Run Bytes Received By Node
	2165  -  Total Bytes Sent By Node
	33639  -  Total Bytes Received By Node
...
015 (277952.000.000) 2025-01-24 07:30:58 Node 0 terminated.
	(1) Normal termination (return value 0)
		Usr 0 00:00:02, Sys 0 00:00:01  -  Run Remote Usage
		Usr 0 00:00:00, Sys 0 00:00:00  -  Run Local Usage
		Usr 0 00:00:02, Sys 0 00:00:01  -  Total Remote Usage
		Usr 0 00:00:00, Sys 0 00:00:00  -  Total Local Usage
	3257  -  Run Bytes Sent By Node
	33639  -  Run Bytes Received By Node
	3257  -  Total Bytes Sent By Node
	33639  -  Total Bytes Received By Node
...
005 (277952.000.000) 2025-01-24 07:30:58 Job terminated.
	(1) Normal termination (return value 0)
		Usr 0 00:00:03, Sys 0 00:00:01  -  Run Remote Usage
		Usr 0 00:00:00, Sys 0 00:00:00  -  Run Local Usage
		Usr 0 00:00:01, Sys 0 00:00:01  -  Total Remote Usage
		Usr 0 00:00:00, Sys 0 00:00:00  -  Total Local Usage
	5422  -  Run Bytes Sent By Job
	67278  -  Run Bytes Received By Job
	5422  -  Total Bytes Sent By Job
	67278  -  Total Bytes Received By Job
	Partitionable Resources :    Usage  Request Allocated 
	   Cpus                 :                 1         2 
	   Disk (KB)            :       49       35 103002119 
	   Memory (MB)          :        0        0    100096 

	Job terminated of its own accord at 2025-01-24T07:30:58Z with exit-code 0.
...
