000 (262488.000.000) 2025-01-17 11:14:13 Job submitted from host: <192.168.0.102:9618?addrs=192.168.0.102-9618&alias=submitter&noUDP&sock=schedd_2032_5c88>
...
001 (262488.000.000) 2025-01-17 11:14:30 Job executing on host: <192.168.0.143:9618?addrs=192.168.0.143-9618&alias=node143.di.rm1&noUDP&sock=startd_2061_40c7>
...
006 (262488.000.000) 2025-01-17 11:14:42 Image size of job updated: 1643332
	1075  -  MemoryUsage of job (MB)
	1100616  -  ResidentSetSize of job (KB)
...
006 (262488.000.000) 2025-01-17 11:19:40 Image size of job updated: 28068744
	27411  -  MemoryUsage of job (MB)
	28068744  -  ResidentSetSize of job (KB)
...
006 (262488.000.000) 2025-01-17 11:20:13 Image size of job updated: 30739104
	27412  -  MemoryUsage of job (MB)
	28068876  -  ResidentSetSize of job (KB)
...
004 (262488.000.000) 2025-01-17 11:20:13 Job was evicted.
	(0) CPU times
		Usr 0 00:05:27, Sys 0 00:00:14  -  Run Remote Usage
		Usr 0 00:00:00, Sys 0 00:00:00  -  Run Local Usage
	0  -  Run Bytes Sent By Job
	0  -  Run Bytes Received By Job
	Partitionable Resources :    Usage  Request Allocated 
	   Cpus                 :     1.00        1         1 
	   Disk (KB)            :    27          27    459633 
	   Memory (MB)          : 27412           1       128 
...
009 (262488.000.000) 2025-01-17 11:20:13 Job was aborted.
	via condor_rm (by user calzona_2046920)
...
