000 (282457.000.000) 2025-01-26 17:32:09 Job submitted from host: <192.168.0.102:9618?addrs=192.168.0.102-9618&alias=submitter&noUDP&sock=schedd_2032_5c88>
...
014 (282457.000.001) 2025-01-26 17:32:19 Node 1 executing on host: <192.168.0.112:9618?addrs=192.168.0.112-9618&alias=node112.di.rm1&noUDP&sock=startd_2169_5502>
...
014 (282457.000.002) 2025-01-26 17:32:19 Node 2 executing on host: <192.168.0.122:9618?addrs=192.168.0.122-9618&alias=node122.di.rm1&noUDP&sock=startd_2134_5331>
...
014 (282457.000.003) 2025-01-26 17:32:19 Node 3 executing on host: <192.168.0.137:9618?addrs=192.168.0.137-9618&alias=node137.di.rm1&noUDP&sock=startd_1934_2440>
...
014 (282457.000.006) 2025-01-26 17:32:19 Node 6 executing on host: <192.168.0.139:9618?addrs=192.168.0.139-9618&alias=node139.di.rm1&noUDP&sock=startd_1966_1748>
...
014 (282457.000.005) 2025-01-26 17:32:19 Node 5 executing on host: <192.168.0.142:9618?addrs=192.168.0.142-9618&alias=node142.di.rm1&noUDP&sock=startd_1996_ab1f>
...
014 (282457.000.004) 2025-01-26 17:32:19 Node 4 executing on host: <192.168.0.141:9618?addrs=192.168.0.141-9618&alias=node141.di.rm1&noUDP&sock=startd_2077_3a4b>
...
014 (282457.000.000) 2025-01-26 17:32:20 Node 0 executing on host: <192.168.0.143:9618?addrs=192.168.0.143-9618&alias=node143.di.rm1&noUDP&sock=startd_2061_40c7>
...
014 (282457.000.007) 2025-01-26 17:32:20 Node 7 executing on host: <192.168.0.143:9618?addrs=192.168.0.143-9618&alias=node143.di.rm1&noUDP&sock=startd_2061_40c7>
...
001 (282457.000.000) 2025-01-26 17:32:20 Job executing on host: MPI_job
...
008 (282457.000.000) 2025-01-26 17:32:22 Launching orted on Node 5 of 8
...
008 (282457.000.000) 2025-01-26 17:32:22 Launching orted on Node 4 of 8
...
008 (282457.000.000) 2025-01-26 17:32:22 Launching orted on Node 0 of 8
...
008 (282457.000.000) 2025-01-26 17:32:22 Launching orted on Node 7 of 8
...
008 (282457.000.000) 2025-01-26 17:32:22 Launching orted on Node 1 of 8
...
008 (282457.000.000) 2025-01-26 17:32:22 Launching orted on Node 3 of 8
...
008 (282457.000.000) 2025-01-26 17:32:22 Launching orted on Node 6 of 8
...
008 (282457.000.000) 2025-01-26 17:32:22 Launching orted on Node 2 of 8
...
008 (282457.000.000) 2025-01-26 17:33:07 orted exited on Node 1 of 8
...
008 (282457.000.000) 2025-01-26 17:33:07 orted exited on Node 4 of 8
...
008 (282457.000.000) 2025-01-26 17:33:07 orted exited on Node 3 of 8
...
008 (282457.000.000) 2025-01-26 17:33:07 orted exited on Node 6 of 8
...
008 (282457.000.000) 2025-01-26 17:33:07 orted exited on Node 5 of 8
...
008 (282457.000.000) 2025-01-26 17:33:07 orted exited on Node 2 of 8
...
008 (282457.000.000) 2025-01-26 17:33:07 orted exited on Node 7 of 8
...
008 (282457.000.000) 2025-01-26 17:33:07 orted exited on Node 0 of 8
...
015 (282457.000.003) 2025-01-26 17:33:07 Node 3 terminated.
	(1) Normal termination (return value 0)
		Usr 0 00:00:34, Sys 0 00:00:10  -  Run Remote Usage
		Usr 0 00:00:00, Sys 0 00:00:00  -  Run Local Usage
		Usr 0 00:00:34, Sys 0 00:00:10  -  Total Remote Usage
		Usr 0 00:00:00, Sys 0 00:00:00  -  Total Local Usage
	2165  -  Run Bytes Sent By Node
	33711  -  Run Bytes Received By Node
	2165  -  Total Bytes Sent By Node
	33711  -  Total Bytes Received By Node
...
015 (282457.000.001) 2025-01-26 17:33:07 Node 1 terminated.
	(1) Normal termination (return value 0)
		Usr 0 00:00:34, Sys 0 00:00:10  -  Run Remote Usage
		Usr 0 00:00:00, Sys 0 00:00:00  -  Run Local Usage
		Usr 0 00:00:34, Sys 0 00:00:10  -  Total Remote Usage
		Usr 0 00:00:00, Sys 0 00:00:00  -  Total Local Usage
	2187  -  Run Bytes Sent By Node
	33711  -  Run Bytes Received By Node
	2187  -  Total Bytes Sent By Node
	33711  -  Total Bytes Received By Node
...
015 (282457.000.002) 2025-01-26 17:33:07 Node 2 terminated.
	(1) Normal termination (return value 0)
		Usr 0 00:00:34, Sys 0 00:00:10  -  Run Remote Usage
		Usr 0 00:00:00, Sys 0 00:00:00  -  Run Local Usage
		Usr 0 00:00:34, Sys 0 00:00:10  -  Total Remote Usage
		Usr 0 00:00:00, Sys 0 00:00:00  -  Total Local Usage
	2187  -  Run Bytes Sent By Node
	33711  -  Run Bytes Received By Node
	2187  -  Total Bytes Sent By Node
	33711  -  Total Bytes Received By Node
...
015 (282457.000.006) 2025-01-26 17:33:07 Node 6 terminated.
	(1) Normal termination (return value 0)
		Usr 0 00:00:34, Sys 0 00:00:10  -  Run Remote Usage
		Usr 0 00:00:00, Sys 0 00:00:00  -  Run Local Usage
		Usr 0 00:00:34, Sys 0 00:00:10  -  Total Remote Usage
		Usr 0 00:00:00, Sys 0 00:00:00  -  Total Local Usage
	2165  -  Run Bytes Sent By Node
	33711  -  Run Bytes Received By Node
	2165  -  Total Bytes Sent By Node
	33711  -  Total Bytes Received By Node
...
015 (282457.000.005) 2025-01-26 17:33:07 Node 5 terminated.
	(1) Normal termination (return value 0)
		Usr 0 00:00:38, Sys 0 00:00:06  -  Run Remote Usage
		Usr 0 00:00:00, Sys 0 00:00:00  -  Run Local Usage
		Usr 0 00:00:38, Sys 0 00:00:06  -  Total Remote Usage
		Usr 0 00:00:00, Sys 0 00:00:00  -  Total Local Usage
	2165  -  Run Bytes Sent By Node
	33711  -  Run Bytes Received By Node
	2165  -  Total Bytes Sent By Node
	33711  -  Total Bytes Received By Node
...
015 (282457.000.004) 2025-01-26 17:33:08 Node 4 terminated.
	(1) Normal termination (return value 0)
		Usr 0 00:00:34, Sys 0 00:00:09  -  Run Remote Usage
		Usr 0 00:00:00, Sys 0 00:00:00  -  Run Local Usage
		Usr 0 00:00:34, Sys 0 00:00:09  -  Total Remote Usage
		Usr 0 00:00:00, Sys 0 00:00:00  -  Total Local Usage
	2165  -  Run Bytes Sent By Node
	33711  -  Run Bytes Received By Node
	2165  -  Total Bytes Sent By Node
	33711  -  Total Bytes Received By Node
...
015 (282457.000.007) 2025-01-26 17:33:08 Node 7 terminated.
	(1) Normal termination (return value 0)
		Usr 0 00:00:43, Sys 0 00:00:00  -  Run Remote Usage
		Usr 0 00:00:00, Sys 0 00:00:00  -  Run Local Usage
		Usr 0 00:00:43, Sys 0 00:00:00  -  Total Remote Usage
		Usr 0 00:00:00, Sys 0 00:00:00  -  Total Local Usage
	0  -  Run Bytes Sent By Node
	33711  -  Run Bytes Received By Node
	0  -  Total Bytes Sent By Node
	33711  -  Total Bytes Received By Node
...
015 (282457.000.000) 2025-01-26 17:33:08 Node 0 terminated.
	(1) Normal termination (return value 0)
		Usr 0 00:00:00, Sys 0 00:00:00  -  Run Remote Usage
		Usr 0 00:00:00, Sys 0 00:00:00  -  Run Local Usage
		Usr 0 00:00:00, Sys 0 00:00:00  -  Total Remote Usage
		Usr 0 00:00:00, Sys 0 00:00:00  -  Total Local Usage
	3264  -  Run Bytes Sent By Node
	33711  -  Run Bytes Received By Node
	3264  -  Total Bytes Sent By Node
	33711  -  Total Bytes Received By Node
...
005 (282457.000.000) 2025-01-26 17:33:09 Job terminated.
	(1) Normal termination (return value 0)
		Usr 0 00:04:11, Sys 0 00:00:55  -  Run Remote Usage
		Usr 0 00:00:00, Sys 0 00:00:00  -  Run Local Usage
		Usr 0 00:00:00, Sys 0 00:00:00  -  Total Remote Usage
		Usr 0 00:00:00, Sys 0 00:00:00  -  Total Local Usage
	16298  -  Run Bytes Sent By Job
	269688  -  Run Bytes Received By Job
	16298  -  Total Bytes Sent By Job
	269688  -  Total Bytes Received By Job
	Partitionable Resources :    Usage  Request Allocated 
	   Cpus                 :                 1        32 
	   Disk (KB)            :       50       35    459633 
	   Memory (MB)          :       85       26       128 

	Job terminated of its own accord at 2025-01-26T17:33:07Z with exit-code 0.
...
000 (289319.000.000) 2025-01-28 23:17:39 Job submitted from host: <192.168.0.102:9618?addrs=192.168.0.102-9618&alias=submitter&noUDP&sock=schedd_2032_5c88>
...
014 (289319.000.000) 2025-01-28 23:17:46 Node 0 executing on host: <192.168.0.132:9618?addrs=192.168.0.132-9618&alias=node132.di.rm1&noUDP&sock=startd_1999_b9e8>
...
014 (289319.000.002) 2025-01-28 23:17:46 Node 2 executing on host: <192.168.0.108:9618?addrs=192.168.0.108-9618&alias=node108.di.rm1&noUDP&sock=startd_1979_0203>
...
014 (289319.000.005) 2025-01-28 23:17:46 Node 5 executing on host: <192.168.0.148:9618?addrs=192.168.0.148-9618&alias=node148.di.rm1&noUDP&sock=startd_1547_b119>
...
014 (289319.000.004) 2025-01-28 23:17:46 Node 4 executing on host: <192.168.0.142:9618?addrs=192.168.0.142-9618&alias=node142.di.rm1&noUDP&sock=startd_1996_ab1f>
...
014 (289319.000.007) 2025-01-28 23:17:46 Node 7 executing on host: <192.168.0.142:9618?addrs=192.168.0.142-9618&alias=node142.di.rm1&noUDP&sock=startd_1996_ab1f>
...
014 (289319.000.003) 2025-01-28 23:17:46 Node 3 executing on host: <192.168.0.112:9618?addrs=192.168.0.112-9618&alias=node112.di.rm1&noUDP&sock=startd_2169_5502>
...
014 (289319.000.006) 2025-01-28 23:17:46 Node 6 executing on host: <192.168.0.133:9618?addrs=192.168.0.133-9618&alias=node133.di.rm1&noUDP&sock=startd_1941_f16a>
...
014 (289319.000.001) 2025-01-28 23:17:47 Node 1 executing on host: <192.168.0.141:9618?addrs=192.168.0.141-9618&alias=node141.di.rm1&noUDP&sock=startd_2077_3a4b>
...
001 (289319.000.000) 2025-01-28 23:17:47 Job executing on host: MPI_job
...
008 (289319.000.000) 2025-01-28 23:17:48 Launching orted on Node 5 of 8
...
008 (289319.000.000) 2025-01-28 23:17:49 Launching orted on Node 2 of 8
...
008 (289319.000.000) 2025-01-28 23:17:49 Launching orted on Node 0 of 8
...
008 (289319.000.000) 2025-01-28 23:17:49 Launching orted on Node 7 of 8
...
008 (289319.000.000) 2025-01-28 23:17:49 Launching orted on Node 4 of 8
...
008 (289319.000.000) 2025-01-28 23:17:49 Launching orted on Node 3 of 8
...
008 (289319.000.000) 2025-01-28 23:17:49 Launching orted on Node 6 of 8
...
008 (289319.000.000) 2025-01-28 23:17:49 Launching orted on Node 1 of 8
...
008 (289319.000.000) 2025-01-28 23:18:25 orted exited on Node 5 of 8
...
008 (289319.000.000) 2025-01-28 23:18:25 orted exited on Node 0 of 8
...
008 (289319.000.000) 2025-01-28 23:18:25 orted exited on Node 1 of 8
...
008 (289319.000.000) 2025-01-28 23:18:25 orted exited on Node 2 of 8
...
008 (289319.000.000) 2025-01-28 23:18:25 orted exited on Node 3 of 8
...
008 (289319.000.000) 2025-01-28 23:18:25 orted exited on Node 4 of 8
...
008 (289319.000.000) 2025-01-28 23:18:25 orted exited on Node 6 of 8
...
008 (289319.000.000) 2025-01-28 23:18:25 orted exited on Node 7 of 8
...
015 (289319.000.002) 2025-01-28 23:18:25 Node 2 terminated.
	(1) Normal termination (return value 0)
		Usr 0 00:00:35, Sys 0 00:00:01  -  Run Remote Usage
		Usr 0 00:00:00, Sys 0 00:00:00  -  Run Local Usage
		Usr 0 00:00:35, Sys 0 00:00:01  -  Total Remote Usage
		Usr 0 00:00:00, Sys 0 00:00:00  -  Total Local Usage
	2165  -  Run Bytes Sent By Node
	33711  -  Run Bytes Received By Node
	2165  -  Total Bytes Sent By Node
	33711  -  Total Bytes Received By Node
...
015 (289319.000.006) 2025-01-28 23:18:25 Node 6 terminated.
	(1) Normal termination (return value 0)
		Usr 0 00:00:34, Sys 0 00:00:01  -  Run Remote Usage
		Usr 0 00:00:00, Sys 0 00:00:00  -  Run Local Usage
		Usr 0 00:00:34, Sys 0 00:00:01  -  Total Remote Usage
		Usr 0 00:00:00, Sys 0 00:00:00  -  Total Local Usage
	2165  -  Run Bytes Sent By Node
	33711  -  Run Bytes Received By Node
	2165  -  Total Bytes Sent By Node
	33711  -  Total Bytes Received By Node
...
015 (289319.000.003) 2025-01-28 23:18:25 Node 3 terminated.
	(1) Normal termination (return value 0)
		Usr 0 00:00:34, Sys 0 00:00:01  -  Run Remote Usage
		Usr 0 00:00:00, Sys 0 00:00:00  -  Run Local Usage
		Usr 0 00:00:34, Sys 0 00:00:01  -  Total Remote Usage
		Usr 0 00:00:00, Sys 0 00:00:00  -  Total Local Usage
	2187  -  Run Bytes Sent By Node
	33711  -  Run Bytes Received By Node
	2187  -  Total Bytes Sent By Node
	33711  -  Total Bytes Received By Node
...
015 (289319.000.005) 2025-01-28 23:18:25 Node 5 terminated.
	(1) Normal termination (return value 0)
		Usr 0 00:00:35, Sys 0 00:00:01  -  Run Remote Usage
		Usr 0 00:00:00, Sys 0 00:00:00  -  Run Local Usage
		Usr 0 00:00:35, Sys 0 00:00:01  -  Total Remote Usage
		Usr 0 00:00:00, Sys 0 00:00:00  -  Total Local Usage
	2165  -  Run Bytes Sent By Node
	33711  -  Run Bytes Received By Node
	2165  -  Total Bytes Sent By Node
	33711  -  Total Bytes Received By Node
...
015 (289319.000.004) 2025-01-28 23:18:25 Node 4 terminated.
	(1) Normal termination (return value 0)
		Usr 0 00:00:34, Sys 0 00:00:01  -  Run Remote Usage
		Usr 0 00:00:00, Sys 0 00:00:00  -  Run Local Usage
		Usr 0 00:00:34, Sys 0 00:00:01  -  Total Remote Usage
		Usr 0 00:00:00, Sys 0 00:00:00  -  Total Local Usage
	2165  -  Run Bytes Sent By Node
	33711  -  Run Bytes Received By Node
	2165  -  Total Bytes Sent By Node
	33711  -  Total Bytes Received By Node
...
015 (289319.000.007) 2025-01-28 23:18:25 Node 7 terminated.
	(1) Normal termination (return value 0)
		Usr 0 00:00:34, Sys 0 00:00:01  -  Run Remote Usage
		Usr 0 00:00:00, Sys 0 00:00:00  -  Run Local Usage
		Usr 0 00:00:34, Sys 0 00:00:01  -  Total Remote Usage
		Usr 0 00:00:00, Sys 0 00:00:00  -  Total Local Usage
	2165  -  Run Bytes Sent By Node
	33711  -  Run Bytes Received By Node
	2165  -  Total Bytes Sent By Node
	33711  -  Total Bytes Received By Node
...
015 (289319.000.001) 2025-01-28 23:18:25 Node 1 terminated.
	(1) Normal termination (return value 0)
		Usr 0 00:00:35, Sys 0 00:00:00  -  Run Remote Usage
		Usr 0 00:00:00, Sys 0 00:00:00  -  Run Local Usage
		Usr 0 00:00:35, Sys 0 00:00:00  -  Total Remote Usage
		Usr 0 00:00:00, Sys 0 00:00:00  -  Total Local Usage
	2165  -  Run Bytes Sent By Node
	33711  -  Run Bytes Received By Node
	2165  -  Total Bytes Sent By Node
	33711  -  Total Bytes Received By Node
...
015 (289319.000.000) 2025-01-28 23:18:25 Node 0 terminated.
	(1) Normal termination (return value 0)
		Usr 0 00:00:00, Sys 0 00:00:00  -  Run Remote Usage
		Usr 0 00:00:00, Sys 0 00:00:00  -  Run Local Usage
		Usr 0 00:00:00, Sys 0 00:00:00  -  Total Remote Usage
		Usr 0 00:00:00, Sys 0 00:00:00  -  Total Local Usage
	3261  -  Run Bytes Sent By Node
	33711  -  Run Bytes Received By Node
	3261  -  Total Bytes Sent By Node
	33711  -  Total Bytes Received By Node
...
005 (289319.000.000) 2025-01-28 23:18:26 Job terminated.
	(1) Normal termination (return value 0)
		Usr 0 00:04:01, Sys 0 00:00:06  -  Run Remote Usage
		Usr 0 00:00:00, Sys 0 00:00:00  -  Run Local Usage
		Usr 0 00:00:00, Sys 0 00:00:00  -  Total Remote Usage
		Usr 0 00:00:00, Sys 0 00:00:00  -  Total Local Usage
	18438  -  Run Bytes Sent By Job
	269688  -  Run Bytes Received By Job
	18438  -  Total Bytes Sent By Job
	269688  -  Total Bytes Received By Job
	Partitionable Resources :    Usage  Request Allocated 
	   Cpus                 :                 1         2 
	   Disk (KB)            :       51       35 103028807 
	   Memory (MB)          :       85       37    100096 

	Job terminated of its own accord at 2025-01-28T23:18:25Z with exit-code 0.
...
