000 (268086.000.000) 2025-01-21 21:12:02 Job submitted from host: <192.168.0.102:9618?addrs=192.168.0.102-9618&alias=submitter&noUDP&sock=schedd_2032_5c88>
...
001 (268086.000.000) 2025-01-21 21:12:06 Job executing on host: <192.168.0.147:9618?addrs=192.168.0.147-9618&alias=node147.di.rm1&noUDP&sock=startd_1513_5ee1>
...
006 (268086.000.000) 2025-01-21 21:12:15 Image size of job updated: 540408
	528  -  MemoryUsage of job (MB)
	540408  -  ResidentSetSize of job (KB)
...
006 (268086.000.000) 2025-01-21 21:12:43 Image size of job updated: 2644296
	528  -  MemoryUsage of job (MB)
	540408  -  ResidentSetSize of job (KB)
...
004 (268086.000.000) 2025-01-21 21:12:43 Job was evicted.
	(0) CPU times
		Usr 0 00:00:35, Sys 0 00:00:00  -  Run Remote Usage
		Usr 0 00:00:00, Sys 0 00:00:00  -  Run Local Usage
	0  -  Run Bytes Sent By Job
	0  -  Run Bytes Received By Job
	Partitionable Resources :    Usage  Request Allocated 
	   Cpus                 :                 1         1 
	   Disk (KB)            :       27       27    469805 
	   Memory (MB)          :      528        1       128 
...
009 (268086.000.000) 2025-01-21 21:12:43 Job was aborted.
	via condor_rm (by user calzona_2046920)
...
000 (271247.000.000) 2025-01-22 00:50:18 Job submitted from host: <192.168.0.102:9618?addrs=192.168.0.102-9618&alias=submitter&noUDP&sock=schedd_2032_5c88>
...
001 (271247.000.000) 2025-01-22 00:50:38 Job executing on host: <192.168.0.148:9618?addrs=192.168.0.148-9618&alias=node148.di.rm1&noUDP&sock=startd_1547_b119>
...
006 (271247.000.000) 2025-01-22 00:50:47 Image size of job updated: 555544
	540  -  MemoryUsage of job (MB)
	552640  -  ResidentSetSize of job (KB)
...
006 (271247.000.000) 2025-01-22 00:51:20 Image size of job updated: 2696040
	540  -  MemoryUsage of job (MB)
	552772  -  ResidentSetSize of job (KB)
...
004 (271247.000.000) 2025-01-22 00:51:20 Job was evicted.
	(0) CPU times
		Usr 0 00:00:40, Sys 0 00:00:01  -  Run Remote Usage
		Usr 0 00:00:00, Sys 0 00:00:00  -  Run Local Usage
	0  -  Run Bytes Sent By Job
	0  -  Run Bytes Received By Job
	Partitionable Resources :    Usage  Request Allocated 
	   Cpus                 :     1.00        1         1 
	   Disk (KB)            :    27          27    467548 
	   Memory (MB)          :   540           1       128 
...
009 (271247.000.000) 2025-01-22 00:51:20 Job was aborted.
	via condor_rm (by user calzona_2046920)
...
000 (277401.000.000) 2025-01-24 06:26:47 Job submitted from host: <192.168.0.102:9618?addrs=192.168.0.102-9618&alias=submitter&noUDP&sock=schedd_2032_5c88>
...
001 (277401.000.000) 2025-01-24 06:27:07 Job executing on host: <192.168.0.148:9618?addrs=192.168.0.148-9618&alias=node148.di.rm1&noUDP&sock=startd_1547_b119>
...
006 (277401.000.000) 2025-01-24 06:27:16 Image size of job updated: 548064
	536  -  MemoryUsage of job (MB)
	548064  -  ResidentSetSize of job (KB)
...
006 (277401.000.000) 2025-01-24 06:28:49 Image size of job updated: 5785500
	536  -  MemoryUsage of job (MB)
	548196  -  ResidentSetSize of job (KB)
...
004 (277401.000.000) 2025-01-24 06:28:49 Job was evicted.
	(0) CPU times
		Usr 0 00:01:38, Sys 0 00:00:02  -  Run Remote Usage
		Usr 0 00:00:00, Sys 0 00:00:00  -  Run Local Usage
	0  -  Run Bytes Sent By Job
	0  -  Run Bytes Received By Job
	Partitionable Resources :    Usage  Request Allocated 
	   Cpus                 :                 1         1 
	   Disk (KB)            :       27       27    467548 
	   Memory (MB)          :      536        1       128 
...
009 (277401.000.000) 2025-01-24 06:28:49 Job was aborted.
	via condor_rm (by user calzona_2046920)
...
