000 (268942.000.000) 2025-01-21 22:12:43 Job submitted from host: <192.168.0.102:9618?addrs=192.168.0.102-9618&alias=submitter&noUDP&sock=schedd_2032_5c88>
...
001 (268942.000.000) 2025-01-21 22:12:45 Job executing on host: <192.168.0.151:9618?addrs=192.168.0.151-9618&alias=node151.di.rm1&noUDP&sock=startd_1528_a8cd>
...
006 (268942.000.000) 2025-01-21 22:12:54 Image size of job updated: 77052
	72  -  MemoryUsage of job (MB)
	73260  -  ResidentSetSize of job (KB)
...
004 (268942.000.000) 2025-01-21 22:13:27 Job was evicted.
	(0) CPU times
		Usr 0 00:00:40, Sys 0 00:00:00  -  Run Remote Usage
		Usr 0 00:00:00, Sys 0 00:00:00  -  Run Local Usage
	0  -  Run Bytes Sent By Job
	0  -  Run Bytes Received By Job
	Partitionable Resources :    Usage  Request Allocated 
	   Cpus                 :     1.00        1         1 
	   Disk (KB)            :    27          27    474791 
	   Memory (MB)          :    72           1       128 
...
009 (268942.000.000) 2025-01-21 22:13:27 Job was aborted.
	via condor_rm (by user calzona_2046920)
...
000 (269093.000.000) 2025-01-21 22:20:38 Job submitted from host: <192.168.0.102:9618?addrs=192.168.0.102-9618&alias=submitter&noUDP&sock=schedd_2032_5c88>
...
001 (269093.000.000) 2025-01-21 22:20:38 Job executing on host: <192.168.0.148:9618?addrs=192.168.0.148-9618&alias=node148.di.rm1&noUDP&sock=startd_1547_b119>
...
006 (269093.000.000) 2025-01-21 22:20:47 Image size of job updated: 77428
	74  -  MemoryUsage of job (MB)
	74788  -  ResidentSetSize of job (KB)
...
004 (269093.000.000) 2025-01-21 22:20:56 Job was evicted.
	(0) CPU times
		Usr 0 00:00:18, Sys 0 00:00:00  -  Run Remote Usage
		Usr 0 00:00:00, Sys 0 00:00:00  -  Run Local Usage
	0  -  Run Bytes Sent By Job
	0  -  Run Bytes Received By Job
	Partitionable Resources :    Usage  Request Allocated 
	   Cpus                 :                 1         1 
	   Disk (KB)            :       27       27    467548 
	   Memory (MB)          :       74        1       128 
...
009 (269093.000.000) 2025-01-21 22:20:56 Job was aborted.
	via condor_rm (by user calzona_2046920)
...
