000 (264078.000.000) 2025-01-17 11:21:14 Job submitted from host: <192.168.0.102:9618?addrs=192.168.0.102-9618&alias=submitter&noUDP&sock=schedd_2032_5c88>
...
001 (264078.000.000) 2025-01-17 11:21:15 Job executing on host: <192.168.0.116:9618?addrs=192.168.0.116-9618&alias=node116.di.rm1&noUDP&sock=startd_1847_7783>
...
006 (264078.000.000) 2025-01-17 11:21:24 Image size of job updated: 1417260
	357  -  MemoryUsage of job (MB)
	364980  -  ResidentSetSize of job (KB)
...
006 (264078.000.000) 2025-01-17 11:27:36 Image size of job updated: 9066268
	7595  -  MemoryUsage of job (MB)
	7776448  -  ResidentSetSize of job (KB)
...
006 (264078.000.000) 2025-01-17 11:33:08 Image size of job updated: 9809644
	8376  -  MemoryUsage of job (MB)
	8576508  -  ResidentSetSize of job (KB)
...
006 (264078.000.000) 2025-01-17 11:33:20 Image size of job updated: 10188080
	8397  -  MemoryUsage of job (MB)
	8597588  -  ResidentSetSize of job (KB)
...
004 (264078.000.000) 2025-01-17 11:33:20 Job was evicted.
	(0) CPU times
		Usr 0 00:04:05, Sys 0 00:02:05  -  Run Remote Usage
		Usr 0 00:00:00, Sys 0 00:00:00  -  Run Local Usage
	0  -  Run Bytes Sent By Job
	0  -  Run Bytes Received By Job
	Partitionable Resources :    Usage  Request Allocated 
	   Cpus                 :     0.39        1         1 
	   Disk (KB)            :    27          27    474557 
	   Memory (MB)          :  8397           1       128 
...
009 (264078.000.000) 2025-01-17 11:33:20 Job was aborted.
	via condor_rm (by user calzona_2046920)
...
