000 (262645.000.000) 2025-01-17 11:14:17 Job submitted from host: <192.168.0.102:9618?addrs=192.168.0.102-9618&alias=submitter&noUDP&sock=schedd_2032_5c88>
...
001 (262645.000.000) 2025-01-17 11:14:32 Job executing on host: <192.168.0.149:9618?addrs=192.168.0.149-9618&alias=node149.di.rm1&noUDP&sock=startd_1551_6f7a>
...
006 (262645.000.000) 2025-01-17 11:14:40 Image size of job updated: 1771192
	727  -  MemoryUsage of job (MB)
	743556  -  ResidentSetSize of job (KB)
...
006 (262645.000.000) 2025-01-17 11:19:40 Image size of job updated: 28416012
	26295  -  MemoryUsage of job (MB)
	26925228  -  ResidentSetSize of job (KB)
...
006 (262645.000.000) 2025-01-17 11:20:13 Image size of job updated: 31010988
	26297  -  MemoryUsage of job (MB)
	26928000  -  ResidentSetSize of job (KB)
...
004 (262645.000.000) 2025-01-17 11:20:13 Job was evicted.
	(0) CPU times
		Usr 0 00:05:23, Sys 0 00:00:14  -  Run Remote Usage
		Usr 0 00:00:00, Sys 0 00:00:00  -  Run Local Usage
	0  -  Run Bytes Sent By Job
	0  -  Run Bytes Received By Job
	Partitionable Resources :    Usage  Request Allocated 
	   Cpus                 :     1.00        1         1 
	   Disk (KB)            :    27          27    471944 
	   Memory (MB)          : 26297           1       128 
...
009 (262645.000.000) 2025-01-17 11:20:13 Job was aborted.
	via condor_rm (by user calzona_2046920)
...
