000 (281204.000.000) 2025-01-25 19:21:40 Job submitted from host: <192.168.0.102:9618?addrs=192.168.0.102-9618&alias=submitter&noUDP&sock=schedd_2032_5c88>
...
014 (281204.000.004) 2025-01-25 19:21:47 Node 4 executing on host: <192.168.0.114:9618?addrs=192.168.0.114-9618&alias=node114.di.rm1&noUDP&sock=startd_2075_db1b>
...
014 (281204.000.005) 2025-01-25 19:21:47 Node 5 executing on host: <192.168.0.130:9618?addrs=192.168.0.130-9618&alias=node130.di.rm1&noUDP&sock=startd_2751195_838e>
...
014 (281204.000.000) 2025-01-25 19:21:47 Node 0 executing on host: <192.168.0.146:9618?addrs=192.168.0.146-9618&alias=node146.di.rm1&noUDP&sock=startd_1984_6ffc>
...
014 (281204.000.001) 2025-01-25 19:21:47 Node 1 executing on host: <192.168.0.111:9618?addrs=192.168.0.111-9618&alias=node111.di.rm1&noUDP&sock=startd_2044_97ab>
...
014 (281204.000.003) 2025-01-25 19:21:47 Node 3 executing on host: <192.168.0.121:9618?addrs=192.168.0.121-9618&alias=node121.di.rm1&noUDP&sock=startd_2146_8e54>
...
014 (281204.000.002) 2025-01-25 19:21:47 Node 2 executing on host: <192.168.0.120:9618?addrs=192.168.0.120-9618&alias=node120.di.rm1&noUDP&sock=startd_2096_4298>
...
014 (281204.000.007) 2025-01-25 19:21:47 Node 7 executing on host: <192.168.0.141:9618?addrs=192.168.0.141-9618&alias=node141.di.rm1&noUDP&sock=startd_2077_3a4b>
...
014 (281204.000.006) 2025-01-25 19:21:47 Node 6 executing on host: <192.168.0.114:9618?addrs=192.168.0.114-9618&alias=node114.di.rm1&noUDP&sock=startd_2075_db1b>
...
001 (281204.000.000) 2025-01-25 19:21:47 Job executing on host: MPI_job
...
008 (281204.000.000) 2025-01-25 19:21:50 Launching orted on Node 5 of 8
...
008 (281204.000.000) 2025-01-25 19:21:50 Launching orted on Node 0 of 8
...
008 (281204.000.000) 2025-01-25 19:21:50 Launching orted on Node 1 of 8
...
008 (281204.000.000) 2025-01-25 19:21:50 Launching orted on Node 3 of 8
...
008 (281204.000.000) 2025-01-25 19:21:50 Launching orted on Node 4 of 8
...
008 (281204.000.000) 2025-01-25 19:21:50 Launching orted on Node 7 of 8
...
008 (281204.000.000) 2025-01-25 19:21:50 Launching orted on Node 2 of 8
...
008 (281204.000.000) 2025-01-25 19:21:50 Launching orted on Node 6 of 8
...
008 (281204.000.000) 2025-01-25 19:22:34 orted exited on Node 1 of 8
...
008 (281204.000.000) 2025-01-25 19:22:34 orted exited on Node 0 of 8
...
008 (281204.000.000) 2025-01-25 19:22:34 orted exited on Node 2 of 8
...
008 (281204.000.000) 2025-01-25 19:22:34 orted exited on Node 3 of 8
...
008 (281204.000.000) 2025-01-25 19:22:34 orted exited on Node 4 of 8
...
008 (281204.000.000) 2025-01-25 19:22:34 orted exited on Node 5 of 8
...
008 (281204.000.000) 2025-01-25 19:22:34 orted exited on Node 6 of 8
...
008 (281204.000.000) 2025-01-25 19:22:34 orted exited on Node 7 of 8
...
015 (281204.000.003) 2025-01-25 19:22:34 Node 3 terminated.
	(1) Normal termination (return value 0)
		Usr 0 00:00:43, Sys 0 00:00:01  -  Run Remote Usage
		Usr 0 00:00:00, Sys 0 00:00:00  -  Run Local Usage
		Usr 0 00:00:43, Sys 0 00:00:01  -  Total Remote Usage
		Usr 0 00:00:00, Sys 0 00:00:00  -  Total Local Usage
	2165  -  Run Bytes Sent By Node
	33639  -  Run Bytes Received By Node
	2165  -  Total Bytes Sent By Node
	33639  -  Total Bytes Received By Node
...
015 (281204.000.000) 2025-01-25 19:22:34 Node 0 terminated.
	(1) Normal termination (return value 0)
		Usr 0 00:00:00, Sys 0 00:00:00  -  Run Remote Usage
		Usr 0 00:00:00, Sys 0 00:00:00  -  Run Local Usage
		Usr 0 00:00:00, Sys 0 00:00:00  -  Total Remote Usage
		Usr 0 00:00:00, Sys 0 00:00:00  -  Total Local Usage
	3731  -  Run Bytes Sent By Node
	33639  -  Run Bytes Received By Node
	3731  -  Total Bytes Sent By Node
	33639  -  Total Bytes Received By Node
...
015 (281204.000.001) 2025-01-25 19:22:34 Node 1 terminated.
	(1) Normal termination (return value 0)
		Usr 0 00:00:43, Sys 0 00:00:01  -  Run Remote Usage
		Usr 0 00:00:00, Sys 0 00:00:00  -  Run Local Usage
		Usr 0 00:00:43, Sys 0 00:00:01  -  Total Remote Usage
		Usr 0 00:00:00, Sys 0 00:00:00  -  Total Local Usage
	2187  -  Run Bytes Sent By Node
	33639  -  Run Bytes Received By Node
	2187  -  Total Bytes Sent By Node
	33639  -  Total Bytes Received By Node
...
015 (281204.000.005) 2025-01-25 19:22:34 Node 5 terminated.
	(1) Normal termination (return value 0)
		Usr 0 00:00:43, Sys 0 00:00:01  -  Run Remote Usage
		Usr 0 00:00:00, Sys 0 00:00:00  -  Run Local Usage
		Usr 0 00:00:43, Sys 0 00:00:01  -  Total Remote Usage
		Usr 0 00:00:00, Sys 0 00:00:00  -  Total Local Usage
	2165  -  Run Bytes Sent By Node
	33639  -  Run Bytes Received By Node
	2165  -  Total Bytes Sent By Node
	33639  -  Total Bytes Received By Node
...
005 (281204.000.000) 2025-01-25 19:22:34 Job terminated.
	(1) Normal termination (return value 0)
		Usr 0 00:05:01, Sys 0 00:00:07  -  Run Remote Usage
		Usr 0 00:00:00, Sys 0 00:00:00  -  Run Local Usage
		Usr 0 00:00:00, Sys 0 00:00:00  -  Total Remote Usage
		Usr 0 00:00:00, Sys 0 00:00:00  -  Total Local Usage
	10248  -  Run Bytes Sent By Job
	269112  -  Run Bytes Received By Job
	10248  -  Total Bytes Sent By Job
	269112  -  Total Bytes Received By Job
	Partitionable Resources :    Usage  Request Allocated 
	   Cpus                 :                 1         1 
	   Disk (KB)            :       50       35    466414 
	   Memory (MB)          :      275      293     40960 

	Job terminated of its own accord at 2025-01-25T19:22:34Z with exit-code 0.
...
000 (288411.000.000) 2025-01-28 19:46:55 Job submitted from host: <192.168.0.102:9618?addrs=192.168.0.102-9618&alias=submitter&noUDP&sock=schedd_2032_5c88>
...
014 (288411.000.002) 2025-01-28 19:47:00 Node 2 executing on host: <192.168.0.121:9618?addrs=192.168.0.121-9618&alias=node121.di.rm1&noUDP&sock=startd_2146_8e54>
...
014 (288411.000.000) 2025-01-28 19:47:00 Node 0 executing on host: <192.168.0.146:9618?addrs=192.168.0.146-9618&alias=node146.di.rm1&noUDP&sock=startd_1984_6ffc>
...
014 (288411.000.004) 2025-01-28 19:47:00 Node 4 executing on host: <192.168.0.146:9618?addrs=192.168.0.146-9618&alias=node146.di.rm1&noUDP&sock=startd_1984_6ffc>
...
014 (288411.000.001) 2025-01-28 19:47:00 Node 1 executing on host: <192.168.0.111:9618?addrs=192.168.0.111-9618&alias=node111.di.rm1&noUDP&sock=startd_2044_97ab>
...
014 (288411.000.006) 2025-01-28 19:47:00 Node 6 executing on host: <192.168.0.121:9618?addrs=192.168.0.121-9618&alias=node121.di.rm1&noUDP&sock=startd_2146_8e54>
...
014 (288411.000.005) 2025-01-28 19:47:00 Node 5 executing on host: <192.168.0.111:9618?addrs=192.168.0.111-9618&alias=node111.di.rm1&noUDP&sock=startd_2044_97ab>
...
014 (288411.000.007) 2025-01-28 19:47:00 Node 7 executing on host: <192.168.0.151:9618?addrs=192.168.0.151-9618&alias=node151.di.rm1&noUDP&sock=startd_1528_a8cd>
...
014 (288411.000.003) 2025-01-28 19:47:00 Node 3 executing on host: <192.168.0.107:9618?addrs=192.168.0.107-9618&alias=node107.di.rm1&noUDP&sock=startd_1981_6134>
...
001 (288411.000.000) 2025-01-28 19:47:00 Job executing on host: MPI_job
...
008 (288411.000.000) 2025-01-28 19:47:02 Launching orted on Node 2 of 8
...
008 (288411.000.000) 2025-01-28 19:47:02 Launching orted on Node 4 of 8
...
008 (288411.000.000) 2025-01-28 19:47:02 Launching orted on Node 0 of 8
...
008 (288411.000.000) 2025-01-28 19:47:02 Launching orted on Node 1 of 8
...
008 (288411.000.000) 2025-01-28 19:47:02 Launching orted on Node 6 of 8
...
008 (288411.000.000) 2025-01-28 19:47:02 Launching orted on Node 5 of 8
...
008 (288411.000.000) 2025-01-28 19:47:02 Launching orted on Node 7 of 8
...
008 (288411.000.000) 2025-01-28 19:47:02 Launching orted on Node 3 of 8
...
008 (288411.000.000) 2025-01-28 19:47:46 orted exited on Node 7 of 8
...
008 (288411.000.000) 2025-01-28 19:47:46 orted exited on Node 0 of 8
...
008 (288411.000.000) 2025-01-28 19:47:46 orted exited on Node 4 of 8
...
008 (288411.000.000) 2025-01-28 19:47:46 orted exited on Node 1 of 8
...
008 (288411.000.000) 2025-01-28 19:47:46 orted exited on Node 3 of 8
...
008 (288411.000.000) 2025-01-28 19:47:46 orted exited on Node 5 of 8
...
008 (288411.000.000) 2025-01-28 19:47:46 orted exited on Node 6 of 8
...
008 (288411.000.000) 2025-01-28 19:47:46 orted exited on Node 2 of 8
...
015 (288411.000.001) 2025-01-28 19:47:46 Node 1 terminated.
	(1) Normal termination (return value 0)
		Usr 0 00:00:41, Sys 0 00:00:01  -  Run Remote Usage
		Usr 0 00:00:00, Sys 0 00:00:00  -  Run Local Usage
		Usr 0 00:00:41, Sys 0 00:00:01  -  Total Remote Usage
		Usr 0 00:00:00, Sys 0 00:00:00  -  Total Local Usage
	2187  -  Run Bytes Sent By Node
	33631  -  Run Bytes Received By Node
	2187  -  Total Bytes Sent By Node
	33631  -  Total Bytes Received By Node
...
015 (288411.000.000) 2025-01-28 19:47:46 Node 0 terminated.
	(1) Normal termination (return value 0)
		Usr 0 00:00:00, Sys 0 00:00:00  -  Run Remote Usage
		Usr 0 00:00:00, Sys 0 00:00:00  -  Run Local Usage
		Usr 0 00:00:00, Sys 0 00:00:00  -  Total Remote Usage
		Usr 0 00:00:00, Sys 0 00:00:00  -  Total Local Usage
	3834  -  Run Bytes Sent By Node
	33631  -  Run Bytes Received By Node
	3834  -  Total Bytes Sent By Node
	33631  -  Total Bytes Received By Node
...
005 (288411.000.000) 2025-01-28 19:47:46 Job terminated.
	(1) Normal termination (return value 0)
		Usr 0 00:04:51, Sys 0 00:00:08  -  Run Remote Usage
		Usr 0 00:00:00, Sys 0 00:00:00  -  Run Local Usage
		Usr 0 00:00:00, Sys 0 00:00:00  -  Total Remote Usage
		Usr 0 00:00:00, Sys 0 00:00:00  -  Total Local Usage
	10351  -  Run Bytes Sent By Job
	269048  -  Run Bytes Received By Job
	10351  -  Total Bytes Sent By Job
	269048  -  Total Bytes Received By Job
	Partitionable Resources :    Usage  Request Allocated 
	   Cpus                 :                 1         2 
	   Disk (KB)            :       52       35 103077319 
	   Memory (MB)          :      280      298    100096 

	Job terminated of its own accord at 2025-01-28T19:47:46Z with exit-code 0.
...
