000 (273197.000.000) 2025-01-23 10:45:49 Job submitted from host: <192.168.0.102:9618?addrs=192.168.0.102-9618&alias=submitter&noUDP&sock=schedd_2032_5c88>
...
014 (273197.000.000) 2025-01-23 10:46:05 Node 0 executing on host: <192.168.0.149:9618?addrs=192.168.0.149-9618&alias=node149.di.rm1&noUDP&sock=startd_1551_6f7a>
...
014 (273197.000.001) 2025-01-23 10:46:05 Node 1 executing on host: <192.168.0.141:9618?addrs=192.168.0.141-9618&alias=node141.di.rm1&noUDP&sock=startd_2077_3a4b>
...
001 (273197.000.000) 2025-01-23 10:46:05 Job executing on host: MPI_job
...
008 (273197.000.000) 2025-01-23 10:46:07 Launching orted on Node 0 of 2
...
008 (273197.000.000) 2025-01-23 10:46:07 Launching orted on Node 1 of 2
...
008 (273197.000.000) 2025-01-23 10:46:15 orted exited on Node 0 of 2
...
008 (273197.000.000) 2025-01-23 10:46:15 orted exited on Node 1 of 2
...
015 (273197.000.000) 2025-01-23 10:46:15 Node 0 terminated.
	(1) Normal termination (return value 0)
		Usr 0 00:00:05, Sys 0 00:00:01  -  Run Remote Usage
		Usr 0 00:00:00, Sys 0 00:00:00  -  Run Local Usage
		Usr 0 00:00:05, Sys 0 00:00:01  -  Total Remote Usage
		Usr 0 00:00:00, Sys 0 00:00:00  -  Total Local Usage
	3258  -  Run Bytes Sent By Node
	33639  -  Run Bytes Received By Node
	3258  -  Total Bytes Sent By Node
	33639  -  Total Bytes Received By Node
...
005 (273197.000.000) 2025-01-23 10:46:15 Job terminated.
	(1) Normal termination (return value 0)
		Usr 0 00:00:12, Sys 0 00:00:01  -  Run Remote Usage
		Usr 0 00:00:00, Sys 0 00:00:00  -  Run Local Usage
		Usr 0 00:00:05, Sys 0 00:00:01  -  Total Remote Usage
		Usr 0 00:00:00, Sys 0 00:00:00  -  Total Local Usage
	3258  -  Run Bytes Sent By Job
	67278  -  Run Bytes Received By Job
	3258  -  Total Bytes Sent By Job
	67278  -  Total Bytes Received By Job
	Partitionable Resources :    Usage  Request Allocated 
	   Cpus                 :                 1         2 
	   Disk (KB)            :       49       35 102883670 
	   Memory (MB)          :      219      219    100096 

	Job terminated of its own accord at 2025-01-23T10:46:15Z with exit-code 0.
...
000 (277975.000.000) 2025-01-24 07:31:27 Job submitted from host: <192.168.0.102:9618?addrs=192.168.0.102-9618&alias=submitter&noUDP&sock=schedd_2032_5c88>
...
014 (277975.000.000) 2025-01-24 07:31:34 Node 0 executing on host: <192.168.0.149:9618?addrs=192.168.0.149-9618&alias=node149.di.rm1&noUDP&sock=startd_1551_6f7a>
...
014 (277975.000.001) 2025-01-24 07:31:34 Node 1 executing on host: <192.168.0.110:9618?addrs=192.168.0.110-9618&alias=node110.di.rm1&noUDP&sock=startd_2185_4e86>
...
001 (277975.000.000) 2025-01-24 07:31:34 Job executing on host: MPI_job
...
008 (277975.000.000) 2025-01-24 07:31:36 Launching orted on Node 0 of 2
...
008 (277975.000.000) 2025-01-24 07:31:37 Launching orted on Node 1 of 2
...
008 (277975.000.000) 2025-01-24 07:31:44 orted exited on Node 0 of 2
...
008 (277975.000.000) 2025-01-24 07:31:44 orted exited on Node 1 of 2
...
015 (277975.000.000) 2025-01-24 07:31:45 Node 0 terminated.
	(1) Normal termination (return value 0)
		Usr 0 00:00:07, Sys 0 00:00:00  -  Run Remote Usage
		Usr 0 00:00:00, Sys 0 00:00:00  -  Run Local Usage
		Usr 0 00:00:07, Sys 0 00:00:00  -  Total Remote Usage
		Usr 0 00:00:00, Sys 0 00:00:00  -  Total Local Usage
	3622  -  Run Bytes Sent By Node
	33639  -  Run Bytes Received By Node
	3622  -  Total Bytes Sent By Node
	33639  -  Total Bytes Received By Node
...
005 (277975.000.000) 2025-01-24 07:31:45 Job terminated.
	(1) Normal termination (return value 0)
		Usr 0 00:00:14, Sys 0 00:00:00  -  Run Remote Usage
		Usr 0 00:00:00, Sys 0 00:00:00  -  Run Local Usage
		Usr 0 00:00:02, Sys 0 00:00:00  -  Total Remote Usage
		Usr 0 00:00:00, Sys 0 00:00:00  -  Total Local Usage
	3622  -  Run Bytes Sent By Job
	67278  -  Run Bytes Received By Job
	3622  -  Total Bytes Sent By Job
	67278  -  Total Bytes Received By Job
	Partitionable Resources :    Usage  Request Allocated 
	   Cpus                 :                 1         1 
	   Disk (KB)            :       49       35    471944 
	   Memory (MB)          :      220      310     40960 

	Job terminated of its own accord at 2025-01-24T07:31:44Z with exit-code 0.
...
