000 (280521.000.000) 2025-01-25 16:51:44 Job submitted from host: <192.168.0.102:9618?addrs=192.168.0.102-9618&alias=submitter&noUDP&sock=schedd_2032_5c88>
...
014 (280521.000.001) 2025-01-25 16:51:50 Node 1 executing on host: <192.168.0.130:9618?addrs=192.168.0.130-9618&alias=node130.di.rm1&noUDP&sock=startd_2751195_838e>
...
014 (280521.000.000) 2025-01-25 16:51:50 Node 0 executing on host: <192.168.0.120:9618?addrs=192.168.0.120-9618&alias=node120.di.rm1&noUDP&sock=startd_2096_4298>
...
001 (280521.000.000) 2025-01-25 16:51:50 Job executing on host: MPI_job
...
008 (280521.000.000) 2025-01-25 16:51:52 Launching orted on Node 1 of 2
...
008 (280521.000.000) 2025-01-25 16:51:52 Launching orted on Node 0 of 2
...
008 (280521.000.000) 2025-01-25 16:51:53 orted exited on Node 1 of 2
...
008 (280521.000.000) 2025-01-25 16:51:53 orted exited on Node 0 of 2
...
015 (280521.000.001) 2025-01-25 16:51:53 Node 1 terminated.
	(1) Normal termination (return value 0)
		Usr 0 00:00:01, Sys 0 00:00:00  -  Run Remote Usage
		Usr 0 00:00:00, Sys 0 00:00:00  -  Run Local Usage
		Usr 0 00:00:01, Sys 0 00:00:00  -  Total Remote Usage
		Usr 0 00:00:00, Sys 0 00:00:00  -  Total Local Usage
	2165  -  Run Bytes Sent By Node
	33639  -  Run Bytes Received By Node
	2165  -  Total Bytes Sent By Node
	33639  -  Total Bytes Received By Node
...
015 (280521.000.000) 2025-01-25 16:51:53 Node 0 terminated.
	(1) Normal termination (return value 0)
		Usr 0 00:00:00, Sys 0 00:00:00  -  Run Remote Usage
		Usr 0 00:00:00, Sys 0 00:00:00  -  Run Local Usage
		Usr 0 00:00:00, Sys 0 00:00:00  -  Total Remote Usage
		Usr 0 00:00:00, Sys 0 00:00:00  -  Total Local Usage
	3301  -  Run Bytes Sent By Node
	33639  -  Run Bytes Received By Node
	3301  -  Total Bytes Sent By Node
	33639  -  Total Bytes Received By Node
...
005 (280521.000.000) 2025-01-25 16:51:53 Job terminated.
	(1) Normal termination (return value 0)
		Usr 0 00:00:01, Sys 0 00:00:00  -  Run Remote Usage
		Usr 0 00:00:00, Sys 0 00:00:00  -  Run Local Usage
		Usr 0 00:00:00, Sys 0 00:00:00  -  Total Remote Usage
		Usr 0 00:00:00, Sys 0 00:00:00  -  Total Local Usage
	5466  -  Run Bytes Sent By Job
	67278  -  Run Bytes Received By Job
	5466  -  Total Bytes Sent By Job
	67278  -  Total Bytes Received By Job
	Partitionable Resources :    Usage  Request Allocated 
	   Cpus                 :                 1         2 
	   Disk (KB)            :       50       35 102827553 
	   GPUs                 :                           0 
	   Memory (MB)          :        0        0    100096 

	Job terminated of its own accord at 2025-01-25T16:51:53Z with exit-code 0.
...
