000 (262070.000.000) 2025-01-16 18:01:00 Job submitted from host: <192.168.0.102:9618?addrs=192.168.0.102-9618&alias=submitter&noUDP&sock=schedd_2032_5c88>
...
001 (262070.000.000) 2025-01-16 18:01:07 Job executing on host: <192.168.0.147:9618?addrs=192.168.0.147-9618&alias=node147.di.rm1&noUDP&sock=startd_1513_5ee1>
...
006 (262070.000.000) 2025-01-16 18:01:15 Image size of job updated: 1398612
	475  -  MemoryUsage of job (MB)
	485988  -  ResidentSetSize of job (KB)
...
006 (262070.000.000) 2025-01-16 18:06:01 Image size of job updated: 13566052
	475  -  MemoryUsage of job (MB)
	485988  -  ResidentSetSize of job (KB)
...
005 (262070.000.000) 2025-01-16 18:06:01 Job terminated.
	(1) Normal termination (return value 0)
		Usr 0 00:07:15, Sys 0 00:00:29  -  Run Remote Usage
		Usr 0 00:00:00, Sys 0 00:00:00  -  Run Local Usage
		Usr 0 00:07:15, Sys 0 00:00:29  -  Total Remote Usage
		Usr 0 00:00:00, Sys 0 00:00:00  -  Total Local Usage
	0  -  Run Bytes Sent By Job
	0  -  Run Bytes Received By Job
	0  -  Total Bytes Sent By Job
	0  -  Total Bytes Received By Job
	Partitionable Resources :    Usage  Request Allocated 
	   Cpus                 :     1.63        1         1 
	   Disk (KB)            :    27          27    469805 
	   Memory (MB)          :   475           1       128 

	Job terminated of its own accord at 2025-01-16T18:06:01Z with exit-code 0.
...
