000 (280851.000.000) 2025-01-25 18:07:45 Job submitted from host: <192.168.0.102:9618?addrs=192.168.0.102-9618&alias=submitter&noUDP&sock=schedd_2032_5c88>
...
014 (280851.000.001) 2025-01-25 18:07:52 Node 1 executing on host: <192.168.0.137:9618?addrs=192.168.0.137-9618&alias=node137.di.rm1&noUDP&sock=startd_1934_2440>
...
014 (280851.000.002) 2025-01-25 18:07:53 Node 2 executing on host: <192.168.0.147:9618?addrs=192.168.0.147-9618&alias=node147.di.rm1&noUDP&sock=startd_1513_5ee1>
...
014 (280851.000.003) 2025-01-25 18:07:53 Node 3 executing on host: <192.168.0.137:9618?addrs=192.168.0.137-9618&alias=node137.di.rm1&noUDP&sock=startd_1934_2440>
...
014 (280851.000.000) 2025-01-25 18:07:53 Node 0 executing on host: <192.168.0.122:9618?addrs=192.168.0.122-9618&alias=node122.di.rm1&noUDP&sock=startd_2134_5331>
...
001 (280851.000.000) 2025-01-25 18:07:53 Job executing on host: MPI_job
...
008 (280851.000.000) 2025-01-25 18:07:55 Launching orted on Node 2 of 4
...
008 (280851.000.000) 2025-01-25 18:07:55 Launching orted on Node 1 of 4
...
008 (280851.000.000) 2025-01-25 18:07:55 Launching orted on Node 3 of 4
...
008 (280851.000.000) 2025-01-25 18:07:55 Launching orted on Node 0 of 4
...
008 (280851.000.000) 2025-01-25 18:07:55 orted exited on Node 2 of 4
...
008 (280851.000.000) 2025-01-25 18:07:55 orted exited on Node 3 of 4
...
008 (280851.000.000) 2025-01-25 18:07:55 orted exited on Node 1 of 4
...
008 (280851.000.000) 2025-01-25 18:07:55 orted exited on Node 0 of 4
...
015 (280851.000.002) 2025-01-25 18:07:55 Node 2 terminated.
	(1) Normal termination (return value 0)
		Usr 0 00:00:00, Sys 0 00:00:00  -  Run Remote Usage
		Usr 0 00:00:00, Sys 0 00:00:00  -  Run Local Usage
		Usr 0 00:00:00, Sys 0 00:00:00  -  Total Remote Usage
		Usr 0 00:00:00, Sys 0 00:00:00  -  Total Local Usage
	2165  -  Run Bytes Sent By Node
	33639  -  Run Bytes Received By Node
	2165  -  Total Bytes Sent By Node
	33639  -  Total Bytes Received By Node
...
015 (280851.000.000) 2025-01-25 18:07:55 Node 0 terminated.
	(1) Normal termination (return value 0)
		Usr 0 00:00:00, Sys 0 00:00:00  -  Run Remote Usage
		Usr 0 00:00:00, Sys 0 00:00:00  -  Run Local Usage
		Usr 0 00:00:00, Sys 0 00:00:00  -  Total Remote Usage
		Usr 0 00:00:00, Sys 0 00:00:00  -  Total Local Usage
	3306  -  Run Bytes Sent By Node
	33639  -  Run Bytes Received By Node
	3306  -  Total Bytes Sent By Node
	33639  -  Total Bytes Received By Node
...
005 (280851.000.000) 2025-01-25 18:07:55 Job terminated.
	(1) Normal termination (return value 0)
		Usr 0 00:00:00, Sys 0 00:00:00  -  Run Remote Usage
		Usr 0 00:00:00, Sys 0 00:00:00  -  Run Local Usage
		Usr 0 00:00:00, Sys 0 00:00:00  -  Total Remote Usage
		Usr 0 00:00:00, Sys 0 00:00:00  -  Total Local Usage
	5471  -  Run Bytes Sent By Job
	134556  -  Run Bytes Received By Job
	5471  -  Total Bytes Sent By Job
	134556  -  Total Bytes Received By Job
	Partitionable Resources :    Usage  Request Allocated 
	   Cpus                 :                 1         2 
	   Disk (KB)            :       50       35 102982364 
	   GPUs                 :                           0 
	   Memory (MB)          :        0        0    100096 

	Job terminated of its own accord at 2025-01-25T18:07:55Z with exit-code 0.
...
000 (288055.000.000) 2025-01-28 18:31:03 Job submitted from host: <192.168.0.102:9618?addrs=192.168.0.102-9618&alias=submitter&noUDP&sock=schedd_2032_5c88>
...
014 (288055.000.001) 2025-01-28 18:31:10 Node 1 executing on host: <192.168.0.137:9618?addrs=192.168.0.137-9618&alias=node137.di.rm1&noUDP&sock=startd_1934_2440>
...
014 (288055.000.000) 2025-01-28 18:31:10 Node 0 executing on host: <192.168.0.151:9618?addrs=192.168.0.151-9618&alias=node151.di.rm1&noUDP&sock=startd_1528_a8cd>
...
014 (288055.000.003) 2025-01-28 18:31:10 Node 3 executing on host: <192.168.0.108:9618?addrs=192.168.0.108-9618&alias=node108.di.rm1&noUDP&sock=startd_1979_0203>
...
014 (288055.000.002) 2025-01-28 18:31:10 Node 2 executing on host: <192.168.0.141:9618?addrs=192.168.0.141-9618&alias=node141.di.rm1&noUDP&sock=startd_2077_3a4b>
...
001 (288055.000.000) 2025-01-28 18:31:10 Job executing on host: MPI_job
...
008 (288055.000.000) 2025-01-28 18:31:12 Launching orted on Node 1 of 4
...
008 (288055.000.000) 2025-01-28 18:31:12 Launching orted on Node 0 of 4
...
008 (288055.000.000) 2025-01-28 18:31:12 Launching orted on Node 3 of 4
...
008 (288055.000.000) 2025-01-28 18:31:12 Launching orted on Node 2 of 4
...
008 (288055.000.000) 2025-01-28 18:31:13 orted exited on Node 0 of 4
...
008 (288055.000.000) 2025-01-28 18:31:13 orted exited on Node 1 of 4
...
008 (288055.000.000) 2025-01-28 18:31:13 orted exited on Node 3 of 4
...
008 (288055.000.000) 2025-01-28 18:31:13 orted exited on Node 2 of 4
...
015 (288055.000.001) 2025-01-28 18:31:13 Node 1 terminated.
	(1) Normal termination (return value 0)
		Usr 0 00:00:00, Sys 0 00:00:01  -  Run Remote Usage
		Usr 0 00:00:00, Sys 0 00:00:00  -  Run Local Usage
		Usr 0 00:00:00, Sys 0 00:00:01  -  Total Remote Usage
		Usr 0 00:00:00, Sys 0 00:00:00  -  Total Local Usage
	2165  -  Run Bytes Sent By Node
	33631  -  Run Bytes Received By Node
	2165  -  Total Bytes Sent By Node
	33631  -  Total Bytes Received By Node
...
015 (288055.000.000) 2025-01-28 18:31:13 Node 0 terminated.
	(1) Normal termination (return value 0)
		Usr 0 00:00:00, Sys 0 00:00:00  -  Run Remote Usage
		Usr 0 00:00:00, Sys 0 00:00:00  -  Run Local Usage
		Usr 0 00:00:00, Sys 0 00:00:00  -  Total Remote Usage
		Usr 0 00:00:00, Sys 0 00:00:00  -  Total Local Usage
	3262  -  Run Bytes Sent By Node
	33631  -  Run Bytes Received By Node
	3262  -  Total Bytes Sent By Node
	33631  -  Total Bytes Received By Node
...
005 (288055.000.000) 2025-01-28 18:31:13 Job terminated.
	(1) Normal termination (return value 0)
		Usr 0 00:00:00, Sys 0 00:00:01  -  Run Remote Usage
		Usr 0 00:00:00, Sys 0 00:00:00  -  Run Local Usage
		Usr 0 00:00:00, Sys 0 00:00:00  -  Total Remote Usage
		Usr 0 00:00:00, Sys 0 00:00:00  -  Total Local Usage
	5427  -  Run Bytes Sent By Job
	134524  -  Run Bytes Received By Job
	5427  -  Total Bytes Sent By Job
	134524  -  Total Bytes Received By Job
	Partitionable Resources :    Usage  Request Allocated 
	   Cpus                 :                 1         2 
	   Disk (KB)            :       51       35 103029645 
	   Memory (MB)          :        0        0    100096 

	Job terminated of its own accord at 2025-01-28T18:31:13Z with exit-code 0.
...
