000 (279418.000.000) 2025-01-24 10:39:58 Job submitted from host: <192.168.0.102:9618?addrs=192.168.0.102-9618&alias=submitter&noUDP&sock=schedd_2032_5c88>
...
014 (279418.000.003) 2025-01-24 10:40:05 Node 3 executing on host: <192.168.0.107:9618?addrs=192.168.0.107-9618&alias=node107.di.rm1&noUDP&sock=startd_1981_6134>
...
014 (279418.000.005) 2025-01-24 10:40:05 Node 5 executing on host: <192.168.0.146:9618?addrs=192.168.0.146-9618&alias=node146.di.rm1&noUDP&sock=startd_1984_6ffc>
...
014 (279418.000.002) 2025-01-24 10:40:05 Node 2 executing on host: <192.168.0.140:9618?addrs=192.168.0.140-9618&alias=node140.di.rm1&noUDP&sock=startd_1890_f615>
...
014 (279418.000.004) 2025-01-24 10:40:05 Node 4 executing on host: <192.168.0.137:9618?addrs=192.168.0.137-9618&alias=node137.di.rm1&noUDP&sock=startd_1934_2440>
...
014 (279418.000.001) 2025-01-24 10:40:05 Node 1 executing on host: <192.168.0.145:9618?addrs=192.168.0.145-9618&alias=node145.di.rm1&noUDP&sock=startd_1869_8e98>
...
014 (279418.000.006) 2025-01-24 10:40:05 Node 6 executing on host: <192.168.0.145:9618?addrs=192.168.0.145-9618&alias=node145.di.rm1&noUDP&sock=startd_1869_8e98>
...
014 (279418.000.007) 2025-01-24 10:40:05 Node 7 executing on host: <192.168.0.111:9618?addrs=192.168.0.111-9618&alias=node111.di.rm1&noUDP&sock=startd_2044_97ab>
...
014 (279418.000.000) 2025-01-24 10:40:06 Node 0 executing on host: <192.168.0.142:9618?addrs=192.168.0.142-9618&alias=node142.di.rm1&noUDP&sock=startd_1996_ab1f>
...
001 (279418.000.000) 2025-01-24 10:40:06 Job executing on host: MPI_job
...
008 (279418.000.000) 2025-01-24 10:40:09 Launching orted on Node 7 of 8
...
008 (279418.000.000) 2025-01-24 10:40:09 Launching orted on Node 1 of 8
...
008 (279418.000.000) 2025-01-24 10:40:09 Launching orted on Node 6 of 8
...
008 (279418.000.000) 2025-01-24 10:40:09 Launching orted on Node 0 of 8
...
008 (279418.000.000) 2025-01-24 10:40:09 Launching orted on Node 3 of 8
...
008 (279418.000.000) 2025-01-24 10:40:09 Launching orted on Node 5 of 8
...
008 (279418.000.000) 2025-01-24 10:40:09 Launching orted on Node 4 of 8
...
008 (279418.000.000) 2025-01-24 10:40:10 Launching orted on Node 2 of 8
...
008 (279418.000.000) 2025-01-24 10:41:36 orted exited on Node 3 of 8
...
008 (279418.000.000) 2025-01-24 10:41:36 orted exited on Node 2 of 8
...
008 (279418.000.000) 2025-01-24 10:41:36 orted exited on Node 4 of 8
...
008 (279418.000.000) 2025-01-24 10:41:36 orted exited on Node 5 of 8
...
008 (279418.000.000) 2025-01-24 10:41:36 orted exited on Node 7 of 8
...
008 (279418.000.000) 2025-01-24 10:41:36 orted exited on Node 1 of 8
...
008 (279418.000.000) 2025-01-24 10:41:36 orted exited on Node 0 of 8
...
008 (279418.000.000) 2025-01-24 10:41:36 orted exited on Node 6 of 8
...
015 (279418.000.003) 2025-01-24 10:41:36 Node 3 terminated.
	(1) Normal termination (return value 0)
		Usr 0 00:01:18, Sys 0 00:00:10  -  Run Remote Usage
		Usr 0 00:00:00, Sys 0 00:00:00  -  Run Local Usage
		Usr 0 00:01:18, Sys 0 00:00:10  -  Total Remote Usage
		Usr 0 00:00:00, Sys 0 00:00:00  -  Total Local Usage
	2165  -  Run Bytes Sent By Node
	33639  -  Run Bytes Received By Node
	2165  -  Total Bytes Sent By Node
	33639  -  Total Bytes Received By Node
...
015 (279418.000.004) 2025-01-24 10:41:36 Node 4 terminated.
	(1) Normal termination (return value 0)
		Usr 0 00:01:18, Sys 0 00:00:09  -  Run Remote Usage
		Usr 0 00:00:00, Sys 0 00:00:00  -  Run Local Usage
		Usr 0 00:01:18, Sys 0 00:00:09  -  Total Remote Usage
		Usr 0 00:00:00, Sys 0 00:00:00  -  Total Local Usage
	2165  -  Run Bytes Sent By Node
	33639  -  Run Bytes Received By Node
	2165  -  Total Bytes Sent By Node
	33639  -  Total Bytes Received By Node
...
015 (279418.000.005) 2025-01-24 10:41:36 Node 5 terminated.
	(1) Normal termination (return value 0)
		Usr 0 00:01:17, Sys 0 00:00:09  -  Run Remote Usage
		Usr 0 00:00:00, Sys 0 00:00:00  -  Run Local Usage
		Usr 0 00:01:17, Sys 0 00:00:09  -  Total Remote Usage
		Usr 0 00:00:00, Sys 0 00:00:00  -  Total Local Usage
	2165  -  Run Bytes Sent By Node
	33639  -  Run Bytes Received By Node
	2165  -  Total Bytes Sent By Node
	33639  -  Total Bytes Received By Node
...
015 (279418.000.002) 2025-01-24 10:41:37 Node 2 terminated.
	(1) Normal termination (return value 0)
		Usr 0 00:01:17, Sys 0 00:00:09  -  Run Remote Usage
		Usr 0 00:00:00, Sys 0 00:00:00  -  Run Local Usage
		Usr 0 00:01:17, Sys 0 00:00:09  -  Total Remote Usage
		Usr 0 00:00:00, Sys 0 00:00:00  -  Total Local Usage
	2165  -  Run Bytes Sent By Node
	33639  -  Run Bytes Received By Node
	2165  -  Total Bytes Sent By Node
	33639  -  Total Bytes Received By Node
...
015 (279418.000.007) 2025-01-24 10:41:37 Node 7 terminated.
	(1) Normal termination (return value 0)
		Usr 0 00:01:19, Sys 0 00:00:09  -  Run Remote Usage
		Usr 0 00:00:00, Sys 0 00:00:00  -  Run Local Usage
		Usr 0 00:01:19, Sys 0 00:00:09  -  Total Remote Usage
		Usr 0 00:00:00, Sys 0 00:00:00  -  Total Local Usage
	2187  -  Run Bytes Sent By Node
	33639  -  Run Bytes Received By Node
	2187  -  Total Bytes Sent By Node
	33639  -  Total Bytes Received By Node
...
015 (279418.000.001) 2025-01-24 10:41:37 Node 1 terminated.
	(1) Normal termination (return value 0)
		Usr 0 00:01:24, Sys 0 00:00:02  -  Run Remote Usage
		Usr 0 00:00:00, Sys 0 00:00:00  -  Run Local Usage
		Usr 0 00:01:24, Sys 0 00:00:02  -  Total Remote Usage
		Usr 0 00:00:00, Sys 0 00:00:00  -  Total Local Usage
	2165  -  Run Bytes Sent By Node
	33639  -  Run Bytes Received By Node
	2165  -  Total Bytes Sent By Node
	33639  -  Total Bytes Received By Node
...
015 (279418.000.006) 2025-01-24 10:41:37 Node 6 terminated.
	(1) Normal termination (return value 0)
		Usr 0 00:01:18, Sys 0 00:00:08  -  Run Remote Usage
		Usr 0 00:00:00, Sys 0 00:00:00  -  Run Local Usage
		Usr 0 00:01:18, Sys 0 00:00:08  -  Total Remote Usage
		Usr 0 00:00:00, Sys 0 00:00:00  -  Total Local Usage
	2165  -  Run Bytes Sent By Node
	33639  -  Run Bytes Received By Node
	2165  -  Total Bytes Sent By Node
	33639  -  Total Bytes Received By Node
...
015 (279418.000.000) 2025-01-24 10:41:37 Node 0 terminated.
	(1) Normal termination (return value 0)
		Usr 0 00:00:00, Sys 0 00:00:00  -  Run Remote Usage
		Usr 0 00:00:00, Sys 0 00:00:00  -  Run Local Usage
		Usr 0 00:00:00, Sys 0 00:00:00  -  Total Remote Usage
		Usr 0 00:00:00, Sys 0 00:00:00  -  Total Local Usage
	3266  -  Run Bytes Sent By Node
	33639  -  Run Bytes Received By Node
	3266  -  Total Bytes Sent By Node
	33639  -  Total Bytes Received By Node
...
005 (279418.000.000) 2025-01-24 10:41:37 Job terminated.
	(1) Normal termination (return value 0)
		Usr 0 00:09:11, Sys 0 00:00:56  -  Run Remote Usage
		Usr 0 00:00:00, Sys 0 00:00:00  -  Run Local Usage
		Usr 0 00:00:00, Sys 0 00:00:00  -  Total Remote Usage
		Usr 0 00:00:00, Sys 0 00:00:00  -  Total Local Usage
	18443  -  Run Bytes Sent By Job
	269112  -  Run Bytes Received By Job
	18443  -  Total Bytes Sent By Job
	269112  -  Total Bytes Received By Job
	Partitionable Resources :    Usage  Request Allocated 
	   Cpus                 :     0.92        1         1 
	   Disk (KB)            :    56          35    459874 
	   Memory (MB)          :   322         323     20480 

	Job terminated of its own accord at 2025-01-24T10:41:36Z with exit-code 0.
...
000 (287754.000.000) 2025-01-28 17:37:58 Job submitted from host: <192.168.0.102:9618?addrs=192.168.0.102-9618&alias=submitter&noUDP&sock=schedd_2032_5c88>
...
014 (287754.000.000) 2025-01-28 17:38:06 Node 0 executing on host: <192.168.0.149:9618?addrs=192.168.0.149-9618&alias=node149.di.rm1&noUDP&sock=startd_1551_6f7a>
...
014 (287754.000.002) 2025-01-28 17:38:06 Node 2 executing on host: <192.168.0.109:9618?addrs=192.168.0.109-9618&alias=node109.di.rm1&noUDP&sock=startd_1627_90ad>
...
014 (287754.000.003) 2025-01-28 17:38:06 Node 3 executing on host: <192.168.0.134:9618?addrs=192.168.0.134-9618&alias=node134.di.rm1&noUDP&sock=startd_2073_7bea>
...
014 (287754.000.004) 2025-01-28 17:38:06 Node 4 executing on host: <192.168.0.143:9618?addrs=192.168.0.143-9618&alias=node143.di.rm1&noUDP&sock=startd_2061_40c7>
...
014 (287754.000.005) 2025-01-28 17:38:06 Node 5 executing on host: <192.168.0.105:9618?addrs=192.168.0.105-9618&alias=node105.di.rm1&noUDP&sock=startd_1951_cd5c>
...
014 (287754.000.001) 2025-01-28 17:38:06 Node 1 executing on host: <192.168.0.124:9618?addrs=192.168.0.124-9618&alias=node124.di.rm1&noUDP&sock=startd_2143_7f8b>
...
014 (287754.000.006) 2025-01-28 17:38:06 Node 6 executing on host: <192.168.0.115:9618?addrs=192.168.0.115-9618&alias=node115.di.rm1&noUDP&sock=startd_1101621_f4a0>
...
014 (287754.000.007) 2025-01-28 17:38:06 Node 7 executing on host: <192.168.0.124:9618?addrs=192.168.0.124-9618&alias=node124.di.rm1&noUDP&sock=startd_2143_7f8b>
...
001 (287754.000.000) 2025-01-28 17:38:06 Job executing on host: MPI_job
...
008 (287754.000.000) 2025-01-28 17:38:08 Launching orted on Node 0 of 8
...
008 (287754.000.000) 2025-01-28 17:38:08 Launching orted on Node 2 of 8
...
008 (287754.000.000) 2025-01-28 17:38:08 Launching orted on Node 3 of 8
...
008 (287754.000.000) 2025-01-28 17:38:08 Launching orted on Node 4 of 8
...
008 (287754.000.000) 2025-01-28 17:38:08 Launching orted on Node 5 of 8
...
008 (287754.000.000) 2025-01-28 17:38:08 Launching orted on Node 6 of 8
...
008 (287754.000.000) 2025-01-28 17:38:08 Launching orted on Node 7 of 8
...
008 (287754.000.000) 2025-01-28 17:38:08 Launching orted on Node 1 of 8
...
008 (287754.000.000) 2025-01-28 17:39:25 orted exited on Node 2 of 8
...
008 (287754.000.000) 2025-01-28 17:39:25 orted exited on Node 1 of 8
...
008 (287754.000.000) 2025-01-28 17:39:25 orted exited on Node 5 of 8
...
008 (287754.000.000) 2025-01-28 17:39:25 orted exited on Node 6 of 8
...
008 (287754.000.000) 2025-01-28 17:39:25 orted exited on Node 7 of 8
...
008 (287754.000.000) 2025-01-28 17:39:25 orted exited on Node 0 of 8
...
008 (287754.000.000) 2025-01-28 17:39:25 orted exited on Node 3 of 8
...
008 (287754.000.000) 2025-01-28 17:39:25 orted exited on Node 4 of 8
...
015 (287754.000.002) 2025-01-28 17:39:25 Node 2 terminated.
	(1) Normal termination (return value 0)
		Usr 0 00:01:15, Sys 0 00:00:01  -  Run Remote Usage
		Usr 0 00:00:00, Sys 0 00:00:00  -  Run Local Usage
		Usr 0 00:01:15, Sys 0 00:00:01  -  Total Remote Usage
		Usr 0 00:00:00, Sys 0 00:00:00  -  Total Local Usage
	2165  -  Run Bytes Sent By Node
	33591  -  Run Bytes Received By Node
	2165  -  Total Bytes Sent By Node
	33591  -  Total Bytes Received By Node
...
015 (287754.000.000) 2025-01-28 17:39:25 Node 0 terminated.
	(1) Normal termination (return value 0)
		Usr 0 00:00:05, Sys 0 00:00:01  -  Run Remote Usage
		Usr 0 00:00:00, Sys 0 00:00:00  -  Run Local Usage
		Usr 0 00:00:05, Sys 0 00:00:01  -  Total Remote Usage
		Usr 0 00:00:00, Sys 0 00:00:00  -  Total Local Usage
	3266  -  Run Bytes Sent By Node
	33591  -  Run Bytes Received By Node
	3266  -  Total Bytes Sent By Node
	33591  -  Total Bytes Received By Node
...
005 (287754.000.000) 2025-01-28 17:39:25 Job terminated.
	(1) Normal termination (return value 0)
		Usr 0 00:08:48, Sys 0 00:00:09  -  Run Remote Usage
		Usr 0 00:00:00, Sys 0 00:00:00  -  Run Local Usage
		Usr 0 00:00:05, Sys 0 00:00:01  -  Total Remote Usage
		Usr 0 00:00:00, Sys 0 00:00:00  -  Total Local Usage
	7596  -  Run Bytes Sent By Job
	268728  -  Run Bytes Received By Job
	7596  -  Total Bytes Sent By Job
	268728  -  Total Bytes Received By Job
	Partitionable Resources :    Usage  Request Allocated 
	   Cpus                 :                 1         2 
	   Disk (KB)            :       51       35 102883670 
	   Memory (MB)          :      272      283    100096 

	Job terminated of its own accord at 2025-01-28T17:39:25Z with exit-code 0.
...
