000 (262644.000.000) 2025-01-17 11:14:17 Job submitted from host: <192.168.0.102:9618?addrs=192.168.0.102-9618&alias=submitter&noUDP&sock=schedd_2032_5c88>
...
001 (262644.000.000) 2025-01-17 11:14:32 Job executing on host: <192.168.0.138:9618?addrs=192.168.0.138-9618&alias=node138.di.rm1&noUDP&sock=startd_2998744_89a3>
...
006 (262644.000.000) 2025-01-17 11:14:40 Image size of job updated: 1239760
	726  -  MemoryUsage of job (MB)
	742500  -  ResidentSetSize of job (KB)
...
006 (262644.000.000) 2025-01-17 11:19:40 Image size of job updated: 28286052
	27596  -  MemoryUsage of job (MB)
	28258068  -  ResidentSetSize of job (KB)
...
006 (262644.000.000) 2025-01-17 11:20:14 Image size of job updated: 31034932
	27596  -  MemoryUsage of job (MB)
	28258200  -  ResidentSetSize of job (KB)
...
004 (262644.000.000) 2025-01-17 11:20:14 Job was evicted.
	(0) CPU times
		Usr 0 00:05:25, Sys 0 00:00:15  -  Run Remote Usage
		Usr 0 00:00:00, Sys 0 00:00:00  -  Run Local Usage
	0  -  Run Bytes Sent By Job
	0  -  Run Bytes Received By Job
	Partitionable Resources :    Usage  Request Allocated 
	   Cpus                 :     1.00        1         1 
	   Disk (KB)            :    27          27    474244 
	   Memory (MB)          : 27596           1       128 
...
009 (262644.000.000) 2025-01-17 11:20:14 Job was aborted.
	via condor_rm (by user calzona_2046920)
...
