000 (273841.000.000) 2025-01-23 11:21:57 Job submitted from host: <192.168.0.102:9618?addrs=192.168.0.102-9618&alias=submitter&noUDP&sock=schedd_2032_5c88>
...
014 (273841.000.000) 2025-01-23 11:22:04 Node 0 executing on host: <192.168.0.141:9618?addrs=192.168.0.141-9618&alias=node141.di.rm1&noUDP&sock=startd_2077_3a4b>
...
014 (273841.000.002) 2025-01-23 11:22:04 Node 2 executing on host: <192.168.0.106:9618?addrs=192.168.0.106-9618&alias=node106.di.rm1&noUDP&sock=startd_1970_d5a9>
...
014 (273841.000.003) 2025-01-23 11:22:04 Node 3 executing on host: <192.168.0.132:9618?addrs=192.168.0.132-9618&alias=node132.di.rm1&noUDP&sock=startd_1999_b9e8>
...
014 (273841.000.001) 2025-01-23 11:22:04 Node 1 executing on host: <192.168.0.151:9618?addrs=192.168.0.151-9618&alias=node151.di.rm1&noUDP&sock=startd_1528_a8cd>
...
001 (273841.000.000) 2025-01-23 11:22:04 Job executing on host: MPI_job
...
008 (273841.000.000) 2025-01-23 11:22:06 Launching orted on Node 0 of 4
...
008 (273841.000.000) 2025-01-23 11:22:06 Launching orted on Node 2 of 4
...
008 (273841.000.000) 2025-01-23 11:22:06 Launching orted on Node 3 of 4
...
008 (273841.000.000) 2025-01-23 11:22:06 Launching orted on Node 1 of 4
...
008 (273841.000.000) 2025-01-23 11:22:20 orted exited on Node 3 of 4
...
008 (273841.000.000) 2025-01-23 11:22:20 orted exited on Node 1 of 4
...
008 (273841.000.000) 2025-01-23 11:22:20 orted exited on Node 2 of 4
...
008 (273841.000.000) 2025-01-23 11:22:20 orted exited on Node 0 of 4
...
015 (273841.000.003) 2025-01-23 11:22:20 Node 3 terminated.
	(1) Normal termination (return value 0)
		Usr 0 00:00:13, Sys 0 00:00:01  -  Run Remote Usage
		Usr 0 00:00:00, Sys 0 00:00:00  -  Run Local Usage
		Usr 0 00:00:13, Sys 0 00:00:01  -  Total Remote Usage
		Usr 0 00:00:00, Sys 0 00:00:00  -  Total Local Usage
	2165  -  Run Bytes Sent By Node
	33639  -  Run Bytes Received By Node
	2165  -  Total Bytes Sent By Node
	33639  -  Total Bytes Received By Node
...
015 (273841.000.002) 2025-01-23 11:22:20 Node 2 terminated.
	(1) Normal termination (return value 0)
		Usr 0 00:00:12, Sys 0 00:00:00  -  Run Remote Usage
		Usr 0 00:00:00, Sys 0 00:00:00  -  Run Local Usage
		Usr 0 00:00:12, Sys 0 00:00:00  -  Total Remote Usage
		Usr 0 00:00:00, Sys 0 00:00:00  -  Total Local Usage
	2165  -  Run Bytes Sent By Node
	33639  -  Run Bytes Received By Node
	2165  -  Total Bytes Sent By Node
	33639  -  Total Bytes Received By Node
...
015 (273841.000.000) 2025-01-23 11:22:20 Node 0 terminated.
	(1) Normal termination (return value 0)
		Usr 0 00:00:06, Sys 0 00:00:00  -  Run Remote Usage
		Usr 0 00:00:00, Sys 0 00:00:00  -  Run Local Usage
		Usr 0 00:00:06, Sys 0 00:00:00  -  Total Remote Usage
		Usr 0 00:00:00, Sys 0 00:00:00  -  Total Local Usage
	3264  -  Run Bytes Sent By Node
	33639  -  Run Bytes Received By Node
	3264  -  Total Bytes Sent By Node
	33639  -  Total Bytes Received By Node
...
005 (273841.000.000) 2025-01-23 11:22:20 Job terminated.
	(1) Normal termination (return value 0)
		Usr 0 00:00:44, Sys 0 00:00:02  -  Run Remote Usage
		Usr 0 00:00:00, Sys 0 00:00:00  -  Run Local Usage
		Usr 0 00:00:06, Sys 0 00:00:00  -  Total Remote Usage
		Usr 0 00:00:00, Sys 0 00:00:00  -  Total Local Usage
	7594  -  Run Bytes Sent By Job
	134556  -  Run Bytes Received By Job
	7594  -  Total Bytes Sent By Job
	134556  -  Total Bytes Received By Job
	Partitionable Resources :    Usage  Request Allocated 
	   Cpus                 :                 1         1 
	   Disk (KB)            :       50       35    459831 
	   Memory (MB)          :      307        0     40960 

	Job terminated of its own accord at 2025-01-23T11:22:20Z with exit-code 0.
...
000 (278585.000.000) 2025-01-24 09:06:47 Job submitted from host: <192.168.0.102:9618?addrs=192.168.0.102-9618&alias=submitter&noUDP&sock=schedd_2032_5c88>
...
014 (278585.000.001) 2025-01-24 09:06:55 Node 1 executing on host: <192.168.0.147:9618?addrs=192.168.0.147-9618&alias=node147.di.rm1&noUDP&sock=startd_1513_5ee1>
...
014 (278585.000.000) 2025-01-24 09:06:55 Node 0 executing on host: <192.168.0.137:9618?addrs=192.168.0.137-9618&alias=node137.di.rm1&noUDP&sock=startd_1934_2440>
...
014 (278585.000.002) 2025-01-24 09:06:55 Node 2 executing on host: <192.168.0.122:9618?addrs=192.168.0.122-9618&alias=node122.di.rm1&noUDP&sock=startd_2134_5331>
...
014 (278585.000.003) 2025-01-24 09:06:55 Node 3 executing on host: <192.168.0.132:9618?addrs=192.168.0.132-9618&alias=node132.di.rm1&noUDP&sock=startd_1999_b9e8>
...
001 (278585.000.000) 2025-01-24 09:06:55 Job executing on host: MPI_job
...
008 (278585.000.000) 2025-01-24 09:06:57 Launching orted on Node 1 of 4
...
008 (278585.000.000) 2025-01-24 09:06:57 Launching orted on Node 2 of 4
...
008 (278585.000.000) 2025-01-24 09:06:57 Launching orted on Node 0 of 4
...
008 (278585.000.000) 2025-01-24 09:06:57 Launching orted on Node 3 of 4
...
008 (278585.000.000) 2025-01-24 09:07:11 orted exited on Node 3 of 4
...
008 (278585.000.000) 2025-01-24 09:07:11 orted exited on Node 2 of 4
...
008 (278585.000.000) 2025-01-24 09:07:11 orted exited on Node 1 of 4
...
008 (278585.000.000) 2025-01-24 09:07:11 orted exited on Node 0 of 4
...
015 (278585.000.001) 2025-01-24 09:07:11 Node 1 terminated.
	(1) Normal termination (return value 0)
		Usr 0 00:00:12, Sys 0 00:00:00  -  Run Remote Usage
		Usr 0 00:00:00, Sys 0 00:00:00  -  Run Local Usage
		Usr 0 00:00:12, Sys 0 00:00:00  -  Total Remote Usage
		Usr 0 00:00:00, Sys 0 00:00:00  -  Total Local Usage
	2165  -  Run Bytes Sent By Node
	33639  -  Run Bytes Received By Node
	2165  -  Total Bytes Sent By Node
	33639  -  Total Bytes Received By Node
...
015 (278585.000.002) 2025-01-24 09:07:11 Node 2 terminated.
	(1) Normal termination (return value 0)
		Usr 0 00:00:12, Sys 0 00:00:00  -  Run Remote Usage
		Usr 0 00:00:00, Sys 0 00:00:00  -  Run Local Usage
		Usr 0 00:00:12, Sys 0 00:00:00  -  Total Remote Usage
		Usr 0 00:00:00, Sys 0 00:00:00  -  Total Local Usage
	2187  -  Run Bytes Sent By Node
	33639  -  Run Bytes Received By Node
	2187  -  Total Bytes Sent By Node
	33639  -  Total Bytes Received By Node
...
015 (278585.000.000) 2025-01-24 09:07:11 Node 0 terminated.
	(1) Normal termination (return value 0)
		Usr 0 00:00:00, Sys 0 00:00:01  -  Run Remote Usage
		Usr 0 00:00:00, Sys 0 00:00:00  -  Run Local Usage
		Usr 0 00:00:00, Sys 0 00:00:01  -  Total Remote Usage
		Usr 0 00:00:00, Sys 0 00:00:00  -  Total Local Usage
	3264  -  Run Bytes Sent By Node
	33639  -  Run Bytes Received By Node
	3264  -  Total Bytes Sent By Node
	33639  -  Total Bytes Received By Node
...
005 (278585.000.000) 2025-01-24 09:07:11 Job terminated.
	(1) Normal termination (return value 0)
		Usr 0 00:00:37, Sys 0 00:00:01  -  Run Remote Usage
		Usr 0 00:00:00, Sys 0 00:00:00  -  Run Local Usage
		Usr 0 00:00:00, Sys 0 00:00:01  -  Total Remote Usage
		Usr 0 00:00:00, Sys 0 00:00:00  -  Total Local Usage
	7616  -  Run Bytes Sent By Job
	134556  -  Run Bytes Received By Job
	7616  -  Total Bytes Sent By Job
	134556  -  Total Bytes Received By Job
	Partitionable Resources :    Usage  Request Allocated 
	   Cpus                 :                 1         2 
	   Disk (KB)            :       49       35 102846057 
	   Memory (MB)          :      366        0    100096 

	Job terminated of its own accord at 2025-01-24T09:07:11Z with exit-code 0.
...
