000 (294785.000.000) 2025-01-31 00:43:32 Job submitted from host: <192.168.0.102:9618?addrs=192.168.0.102-9618&alias=submitter&noUDP&sock=schedd_4045053_7bc0>
...
014 (294785.000.002) 2025-01-31 00:43:39 Node 2 executing on host: <192.168.0.132:9618?addrs=192.168.0.132-9618&alias=node132.di.rm1&noUDP&sock=startd_1999_b9e8>
...
014 (294785.000.001) 2025-01-31 00:43:39 Node 1 executing on host: <192.168.0.112:9618?addrs=192.168.0.112-9618&alias=node112.di.rm1&noUDP&sock=startd_2169_5502>
...
014 (294785.000.000) 2025-01-31 00:43:40 Node 0 executing on host: <192.168.0.147:9618?addrs=192.168.0.147-9618&alias=node147.di.rm1&noUDP&sock=startd_1513_5ee1>
...
014 (294785.000.003) 2025-01-31 00:43:40 Node 3 executing on host: <192.168.0.147:9618?addrs=192.168.0.147-9618&alias=node147.di.rm1&noUDP&sock=startd_1513_5ee1>
...
001 (294785.000.000) 2025-01-31 00:43:40 Job executing on host: MPI_job
...
008 (294785.000.000) 2025-01-31 00:43:42 Launching orted on Node 1 of 4
...
008 (294785.000.000) 2025-01-31 00:43:42 Launching orted on Node 2 of 4
...
008 (294785.000.000) 2025-01-31 00:43:42 Launching orted on Node 3 of 4
...
008 (294785.000.000) 2025-01-31 00:43:42 Launching orted on Node 0 of 4
...
008 (294785.000.000) 2025-01-31 00:44:14 orted exited on Node 2 of 4
...
008 (294785.000.000) 2025-01-31 00:44:14 orted exited on Node 0 of 4
...
008 (294785.000.000) 2025-01-31 00:44:14 orted exited on Node 3 of 4
...
008 (294785.000.000) 2025-01-31 00:44:14 orted exited on Node 1 of 4
...
015 (294785.000.001) 2025-01-31 00:44:14 Node 1 terminated.
	(1) Normal termination (return value 0)
		Usr 0 00:00:58, Sys 0 00:00:00  -  Run Remote Usage
		Usr 0 00:00:00, Sys 0 00:00:00  -  Run Local Usage
		Usr 0 00:00:58, Sys 0 00:00:00  -  Total Remote Usage
		Usr 0 00:00:00, Sys 0 00:00:00  -  Total Local Usage
	2355  -  Run Bytes Sent By Node
	33831  -  Run Bytes Received By Node
	2355  -  Total Bytes Sent By Node
	33831  -  Total Bytes Received By Node
...
015 (294785.000.002) 2025-01-31 00:44:14 Node 2 terminated.
	(1) Normal termination (return value 0)
		Usr 0 00:00:59, Sys 0 00:00:00  -  Run Remote Usage
		Usr 0 00:00:00, Sys 0 00:00:00  -  Run Local Usage
		Usr 0 00:00:59, Sys 0 00:00:00  -  Total Remote Usage
		Usr 0 00:00:00, Sys 0 00:00:00  -  Total Local Usage
	2333  -  Run Bytes Sent By Node
	33831  -  Run Bytes Received By Node
	2333  -  Total Bytes Sent By Node
	33831  -  Total Bytes Received By Node
...
015 (294785.000.003) 2025-01-31 00:44:14 Node 3 terminated.
	(1) Normal termination (return value 0)
		Usr 0 00:00:59, Sys 0 00:00:00  -  Run Remote Usage
		Usr 0 00:00:00, Sys 0 00:00:00  -  Run Local Usage
		Usr 0 00:00:59, Sys 0 00:00:00  -  Total Remote Usage
		Usr 0 00:00:00, Sys 0 00:00:00  -  Total Local Usage
	0  -  Run Bytes Sent By Node
	33831  -  Run Bytes Received By Node
	0  -  Total Bytes Sent By Node
	33831  -  Total Bytes Received By Node
...
015 (294785.000.000) 2025-01-31 00:44:14 Node 0 terminated.
	(1) Normal termination (return value 0)
		Usr 0 00:00:00, Sys 0 00:00:01  -  Run Remote Usage
		Usr 0 00:00:00, Sys 0 00:00:00  -  Run Local Usage
		Usr 0 00:00:00, Sys 0 00:00:01  -  Total Remote Usage
		Usr 0 00:00:00, Sys 0 00:00:00  -  Total Local Usage
	3432  -  Run Bytes Sent By Node
	33831  -  Run Bytes Received By Node
	3432  -  Total Bytes Sent By Node
	33831  -  Total Bytes Received By Node
...
005 (294785.000.000) 2025-01-31 00:44:14 Job terminated.
	(1) Normal termination (return value 0)
		Usr 0 00:02:56, Sys 0 00:00:01  -  Run Remote Usage
		Usr 0 00:00:00, Sys 0 00:00:00  -  Run Local Usage
		Usr 0 00:00:00, Sys 0 00:00:01  -  Total Remote Usage
		Usr 0 00:00:00, Sys 0 00:00:00  -  Total Local Usage
	8120  -  Run Bytes Sent By Job
	135324  -  Run Bytes Received By Job
	8120  -  Total Bytes Sent By Job
	135324  -  Total Bytes Received By Job
	Partitionable Resources :    Usage  Request Allocated 
	   Cpus                 :     1.19        1         1 
	   Disk (KB)            :    57          35    469805 
	   Memory (MB)          :    85          37     40960 

	Job terminated of its own accord at 2025-01-31T00:44:14Z with exit-code 0.
...
