000 (269022.000.000) 2025-01-21 22:16:49 Job submitted from host: <192.168.0.102:9618?addrs=192.168.0.102-9618&alias=submitter&noUDP&sock=schedd_2032_5c88>
...
001 (269022.000.000) 2025-01-21 22:16:53 Job executing on host: <192.168.0.151:9618?addrs=192.168.0.151-9618&alias=node151.di.rm1&noUDP&sock=startd_1528_a8cd>
...
006 (269022.000.000) 2025-01-21 22:17:02 Image size of job updated: 270300
	264  -  MemoryUsage of job (MB)
	270300  -  ResidentSetSize of job (KB)
...
006 (269022.000.000) 2025-01-21 22:17:34 Image size of job updated: 274324
	264  -  MemoryUsage of job (MB)
	270300  -  ResidentSetSize of job (KB)
...
004 (269022.000.000) 2025-01-21 22:17:35 Job was evicted.
	(0) CPU times
		Usr 0 00:00:39, Sys 0 00:00:00  -  Run Remote Usage
		Usr 0 00:00:00, Sys 0 00:00:00  -  Run Local Usage
	0  -  Run Bytes Sent By Job
	0  -  Run Bytes Received By Job
	Partitionable Resources :    Usage  Request Allocated 
	   Cpus                 :                 1         1 
	   Disk (KB)            :       27       27    474791 
	   Memory (MB)          :      264        1       128 
...
009 (269022.000.000) 2025-01-21 22:17:35 Job was aborted.
	via condor_rm (by user calzona_2046920)
...
000 (269174.000.000) 2025-01-21 22:24:44 Job submitted from host: <192.168.0.102:9618?addrs=192.168.0.102-9618&alias=submitter&noUDP&sock=schedd_2032_5c88>
...
001 (269174.000.000) 2025-01-21 22:24:44 Job executing on host: <192.168.0.148:9618?addrs=192.168.0.148-9618&alias=node148.di.rm1&noUDP&sock=startd_1547_b119>
...
006 (269174.000.000) 2025-01-21 22:24:53 Image size of job updated: 274520
	266  -  MemoryUsage of job (MB)
	271748  -  ResidentSetSize of job (KB)
...
004 (269174.000.000) 2025-01-21 22:25:02 Job was evicted.
	(0) CPU times
		Usr 0 00:00:18, Sys 0 00:00:00  -  Run Remote Usage
		Usr 0 00:00:00, Sys 0 00:00:00  -  Run Local Usage
	0  -  Run Bytes Sent By Job
	0  -  Run Bytes Received By Job
	Partitionable Resources :    Usage  Request Allocated 
	   Cpus                 :                 1         1 
	   Disk (KB)            :       27       27    467548 
	   Memory (MB)          :      266        1       128 
...
009 (269174.000.000) 2025-01-21 22:25:02 Job was aborted.
	via condor_rm (by user calzona_2046920)
...
000 (275364.000.000) 2025-01-24 02:21:47 Job submitted from host: <192.168.0.102:9618?addrs=192.168.0.102-9618&alias=submitter&noUDP&sock=schedd_2032_5c88>
...
001 (275364.000.000) 2025-01-24 02:21:48 Job executing on host: <192.168.0.147:9618?addrs=192.168.0.147-9618&alias=node147.di.rm1&noUDP&sock=startd_1513_5ee1>
...
006 (275364.000.000) 2025-01-24 02:21:56 Image size of job updated: 270396
	265  -  MemoryUsage of job (MB)
	270396  -  ResidentSetSize of job (KB)
...
006 (275364.000.000) 2025-01-24 02:23:49 Image size of job updated: 274324
	265  -  MemoryUsage of job (MB)
	270396  -  ResidentSetSize of job (KB)
...
004 (275364.000.000) 2025-01-24 02:23:49 Job was evicted.
	(0) CPU times
		Usr 0 00:02:01, Sys 0 00:00:00  -  Run Remote Usage
		Usr 0 00:00:00, Sys 0 00:00:00  -  Run Local Usage
	0  -  Run Bytes Sent By Job
	0  -  Run Bytes Received By Job
	Partitionable Resources :    Usage  Request Allocated 
	   Cpus                 :        0        1         1 
	   Disk (KB)            :       27       27    469805 
	   Memory (MB)          :      265        1       128 
...
009 (275364.000.000) 2025-01-24 02:23:49 Job was aborted.
	via condor_rm (by user calzona_2046920)
...
