000 (265320.000.000) 2025-01-17 11:21:51 Job submitted from host: <192.168.0.102:9618?addrs=192.168.0.102-9618&alias=submitter&noUDP&sock=schedd_2032_5c88>
...
001 (265320.000.000) 2025-01-17 11:21:56 Job executing on host: <192.168.0.141:9618?addrs=192.168.0.141-9618&alias=node141.di.rm1&noUDP&sock=startd_2077_3a4b>
...
006 (265320.000.000) 2025-01-17 11:22:05 Image size of job updated: 1275352
	363  -  MemoryUsage of job (MB)
	370788  -  ResidentSetSize of job (KB)
...
006 (265320.000.000) 2025-01-17 11:27:06 Image size of job updated: 12587376
	11382  -  MemoryUsage of job (MB)
	11654252  -  ResidentSetSize of job (KB)
...
006 (265320.000.000) 2025-01-17 11:32:06 Image size of job updated: 22985016
	21653  -  MemoryUsage of job (MB)
	22171720  -  ResidentSetSize of job (KB)
...
006 (265320.000.000) 2025-01-17 11:33:20 Image size of job updated: 25845824
	21653  -  MemoryUsage of job (MB)
	22171852  -  ResidentSetSize of job (KB)
...
004 (265320.000.000) 2025-01-17 11:33:20 Job was evicted.
	(0) CPU times
		Usr 0 00:10:41, Sys 0 00:00:20  -  Run Remote Usage
		Usr 0 00:00:00, Sys 0 00:00:00  -  Run Local Usage
	0  -  Run Bytes Sent By Job
	0  -  Run Bytes Received By Job
	Partitionable Resources :    Usage  Request Allocated 
	   Cpus                 :     0.97        1         1 
	   Disk (KB)            :    27          27    459831 
	   Memory (MB)          : 21653           1       128 
...
009 (265320.000.000) 2025-01-17 11:33:20 Job was aborted.
	via condor_rm (by user calzona_2046920)
...
