000 (282343.000.000) 2025-01-26 17:05:40 Job submitted from host: <192.168.0.102:9618?addrs=192.168.0.102-9618&alias=submitter&noUDP&sock=schedd_2032_5c88>
...
014 (282343.000.001) 2025-01-26 17:05:48 Node 1 executing on host: <192.168.0.135:9618?addrs=192.168.0.135-9618&alias=node135.di.rm1&noUDP&sock=startd_2000_6980>
...
014 (282343.000.005) 2025-01-26 17:05:48 Node 5 executing on host: <192.168.0.116:9618?addrs=192.168.0.116-9618&alias=node116.di.rm1&noUDP&sock=startd_1847_7783>
...
014 (282343.000.004) 2025-01-26 17:05:48 Node 4 executing on host: <192.168.0.110:9618?addrs=192.168.0.110-9618&alias=node110.di.rm1&noUDP&sock=startd_2185_4e86>
...
014 (282343.000.003) 2025-01-26 17:05:48 Node 3 executing on host: <192.168.0.106:9618?addrs=192.168.0.106-9618&alias=node106.di.rm1&noUDP&sock=startd_1970_d5a9>
...
014 (282343.000.002) 2025-01-26 17:05:49 Node 2 executing on host: <192.168.0.114:9618?addrs=192.168.0.114-9618&alias=node114.di.rm1&noUDP&sock=startd_2075_db1b>
...
014 (282343.000.007) 2025-01-26 17:05:49 Node 7 executing on host: <192.168.0.114:9618?addrs=192.168.0.114-9618&alias=node114.di.rm1&noUDP&sock=startd_2075_db1b>
...
014 (282343.000.000) 2025-01-26 17:05:49 Node 0 executing on host: <192.168.0.143:9618?addrs=192.168.0.143-9618&alias=node143.di.rm1&noUDP&sock=startd_2061_40c7>
...
014 (282343.000.006) 2025-01-26 17:05:49 Node 6 executing on host: <192.168.0.143:9618?addrs=192.168.0.143-9618&alias=node143.di.rm1&noUDP&sock=startd_2061_40c7>
...
001 (282343.000.000) 2025-01-26 17:05:49 Job executing on host: MPI_job
...
008 (282343.000.000) 2025-01-26 17:05:51 Launching orted on Node 2 of 8
...
008 (282343.000.000) 2025-01-26 17:05:51 Launching orted on Node 7 of 8
...
008 (282343.000.000) 2025-01-26 17:05:52 Launching orted on Node 5 of 8
...
008 (282343.000.000) 2025-01-26 17:05:52 Launching orted on Node 1 of 8
...
008 (282343.000.000) 2025-01-26 17:05:52 Launching orted on Node 4 of 8
...
008 (282343.000.000) 2025-01-26 17:05:52 Launching orted on Node 0 of 8
...
008 (282343.000.000) 2025-01-26 17:05:52 Launching orted on Node 3 of 8
...
008 (282343.000.000) 2025-01-26 17:05:52 Launching orted on Node 6 of 8
...
008 (282343.000.000) 2025-01-26 17:05:54 orted exited on Node 1 of 8
...
008 (282343.000.000) 2025-01-26 17:05:54 orted exited on Node 4 of 8
...
008 (282343.000.000) 2025-01-26 17:05:54 orted exited on Node 5 of 8
...
008 (282343.000.000) 2025-01-26 17:05:54 orted exited on Node 2 of 8
...
008 (282343.000.000) 2025-01-26 17:05:54 orted exited on Node 3 of 8
...
008 (282343.000.000) 2025-01-26 17:05:54 orted exited on Node 6 of 8
...
008 (282343.000.000) 2025-01-26 17:05:54 orted exited on Node 7 of 8
...
008 (282343.000.000) 2025-01-26 17:05:54 orted exited on Node 0 of 8
...
015 (282343.000.001) 2025-01-26 17:05:54 Node 1 terminated.
	(1) Normal termination (return value 0)
		Usr 0 00:00:01, Sys 0 00:00:00  -  Run Remote Usage
		Usr 0 00:00:00, Sys 0 00:00:00  -  Run Local Usage
		Usr 0 00:00:01, Sys 0 00:00:00  -  Total Remote Usage
		Usr 0 00:00:00, Sys 0 00:00:00  -  Total Local Usage
	2165  -  Run Bytes Sent By Node
	33711  -  Run Bytes Received By Node
	2165  -  Total Bytes Sent By Node
	33711  -  Total Bytes Received By Node
...
015 (282343.000.004) 2025-01-26 17:05:54 Node 4 terminated.
	(1) Normal termination (return value 0)
		Usr 0 00:00:01, Sys 0 00:00:00  -  Run Remote Usage
		Usr 0 00:00:00, Sys 0 00:00:00  -  Run Local Usage
		Usr 0 00:00:01, Sys 0 00:00:00  -  Total Remote Usage
		Usr 0 00:00:00, Sys 0 00:00:00  -  Total Local Usage
	2187  -  Run Bytes Sent By Node
	33711  -  Run Bytes Received By Node
	2187  -  Total Bytes Sent By Node
	33711  -  Total Bytes Received By Node
...
015 (282343.000.003) 2025-01-26 17:05:54 Node 3 terminated.
	(1) Normal termination (return value 0)
		Usr 0 00:00:02, Sys 0 00:00:00  -  Run Remote Usage
		Usr 0 00:00:00, Sys 0 00:00:00  -  Run Local Usage
		Usr 0 00:00:02, Sys 0 00:00:00  -  Total Remote Usage
		Usr 0 00:00:00, Sys 0 00:00:00  -  Total Local Usage
	2165  -  Run Bytes Sent By Node
	33711  -  Run Bytes Received By Node
	2165  -  Total Bytes Sent By Node
	33711  -  Total Bytes Received By Node
...
015 (282343.000.005) 2025-01-26 17:05:54 Node 5 terminated.
	(1) Normal termination (return value 0)
		Usr 0 00:00:01, Sys 0 00:00:00  -  Run Remote Usage
		Usr 0 00:00:00, Sys 0 00:00:00  -  Run Local Usage
		Usr 0 00:00:01, Sys 0 00:00:00  -  Total Remote Usage
		Usr 0 00:00:00, Sys 0 00:00:00  -  Total Local Usage
	2165  -  Run Bytes Sent By Node
	33711  -  Run Bytes Received By Node
	2165  -  Total Bytes Sent By Node
	33711  -  Total Bytes Received By Node
...
015 (282343.000.002) 2025-01-26 17:05:54 Node 2 terminated.
	(1) Normal termination (return value 0)
		Usr 0 00:00:01, Sys 0 00:00:00  -  Run Remote Usage
		Usr 0 00:00:00, Sys 0 00:00:00  -  Run Local Usage
		Usr 0 00:00:01, Sys 0 00:00:00  -  Total Remote Usage
		Usr 0 00:00:00, Sys 0 00:00:00  -  Total Local Usage
	2165  -  Run Bytes Sent By Node
	33711  -  Run Bytes Received By Node
	2165  -  Total Bytes Sent By Node
	33711  -  Total Bytes Received By Node
...
015 (282343.000.007) 2025-01-26 17:05:54 Node 7 terminated.
	(1) Normal termination (return value 0)
		Usr 0 00:00:01, Sys 0 00:00:00  -  Run Remote Usage
		Usr 0 00:00:00, Sys 0 00:00:00  -  Run Local Usage
		Usr 0 00:00:01, Sys 0 00:00:00  -  Total Remote Usage
		Usr 0 00:00:00, Sys 0 00:00:00  -  Total Local Usage
	2165  -  Run Bytes Sent By Node
	33711  -  Run Bytes Received By Node
	2165  -  Total Bytes Sent By Node
	33711  -  Total Bytes Received By Node
...
015 (282343.000.006) 2025-01-26 17:05:54 Node 6 terminated.
	(1) Normal termination (return value 0)
		Usr 0 00:00:01, Sys 0 00:00:00  -  Run Remote Usage
		Usr 0 00:00:00, Sys 0 00:00:00  -  Run Local Usage
		Usr 0 00:00:01, Sys 0 00:00:00  -  Total Remote Usage
		Usr 0 00:00:00, Sys 0 00:00:00  -  Total Local Usage
	0  -  Run Bytes Sent By Node
	33711  -  Run Bytes Received By Node
	0  -  Total Bytes Sent By Node
	33711  -  Total Bytes Received By Node
...
015 (282343.000.000) 2025-01-26 17:05:55 Node 0 terminated.
	(1) Normal termination (return value 0)
		Usr 0 00:00:00, Sys 0 00:00:00  -  Run Remote Usage
		Usr 0 00:00:00, Sys 0 00:00:00  -  Run Local Usage
		Usr 0 00:00:00, Sys 0 00:00:00  -  Total Remote Usage
		Usr 0 00:00:00, Sys 0 00:00:00  -  Total Local Usage
	3262  -  Run Bytes Sent By Node
	33711  -  Run Bytes Received By Node
	3262  -  Total Bytes Sent By Node
	33711  -  Total Bytes Received By Node
...
005 (282343.000.000) 2025-01-26 17:05:55 Job terminated.
	(1) Normal termination (return value 0)
		Usr 0 00:00:08, Sys 0 00:00:00  -  Run Remote Usage
		Usr 0 00:00:00, Sys 0 00:00:00  -  Run Local Usage
		Usr 0 00:00:00, Sys 0 00:00:00  -  Total Remote Usage
		Usr 0 00:00:00, Sys 0 00:00:00  -  Total Local Usage
	16274  -  Run Bytes Sent By Job
	269688  -  Run Bytes Received By Job
	16274  -  Total Bytes Sent By Job
	269688  -  Total Bytes Received By Job
	Partitionable Resources :    Usage  Request Allocated 
	   Cpus                 :                 1         1 
	   Disk (KB)            :       50       35    459633 
	   Memory (MB)          :        0        0     53248 

	Job terminated of its own accord at 2025-01-26T17:05:54Z with exit-code 0.
...
000 (289211.000.000) 2025-01-28 22:51:46 Job submitted from host: <192.168.0.102:9618?addrs=192.168.0.102-9618&alias=submitter&noUDP&sock=schedd_2032_5c88>
...
014 (289211.000.000) 2025-01-28 22:51:53 Node 0 executing on host: <192.168.0.148:9618?addrs=192.168.0.148-9618&alias=node148.di.rm1&noUDP&sock=startd_1547_b119>
...
014 (289211.000.002) 2025-01-28 22:51:53 Node 2 executing on host: <192.168.0.142:9618?addrs=192.168.0.142-9618&alias=node142.di.rm1&noUDP&sock=startd_1996_ab1f>
...
014 (289211.000.003) 2025-01-28 22:51:53 Node 3 executing on host: <192.168.0.109:9618?addrs=192.168.0.109-9618&alias=node109.di.rm1&noUDP&sock=startd_1627_90ad>
...
014 (289211.000.006) 2025-01-28 22:51:53 Node 6 executing on host: <192.168.0.113:9618?addrs=192.168.0.113-9618&alias=node113.di.rm1&noUDP&sock=startd_3668932_c305>
...
014 (289211.000.001) 2025-01-28 22:51:53 Node 1 executing on host: <192.168.0.143:9618?addrs=192.168.0.143-9618&alias=node143.di.rm1&noUDP&sock=startd_2061_40c7>
...
014 (289211.000.004) 2025-01-28 22:51:53 Node 4 executing on host: <192.168.0.139:9618?addrs=192.168.0.139-9618&alias=node139.di.rm1&noUDP&sock=startd_1966_1748>
...
014 (289211.000.005) 2025-01-28 22:51:53 Node 5 executing on host: <192.168.0.104:9618?addrs=192.168.0.104-9618&alias=node104.di.rm1&noUDP&sock=startd_1987_7ec5>
...
014 (289211.000.007) 2025-01-28 22:51:53 Node 7 executing on host: <192.168.0.143:9618?addrs=192.168.0.143-9618&alias=node143.di.rm1&noUDP&sock=startd_2061_40c7>
...
001 (289211.000.000) 2025-01-28 22:51:53 Job executing on host: MPI_job
...
008 (289211.000.000) 2025-01-28 22:51:55 Launching orted on Node 0 of 8
...
008 (289211.000.000) 2025-01-28 22:51:55 Launching orted on Node 2 of 8
...
008 (289211.000.000) 2025-01-28 22:51:55 Launching orted on Node 3 of 8
...
008 (289211.000.000) 2025-01-28 22:51:55 Launching orted on Node 6 of 8
...
008 (289211.000.000) 2025-01-28 22:51:55 Launching orted on Node 4 of 8
...
008 (289211.000.000) 2025-01-28 22:51:55 Launching orted on Node 5 of 8
...
008 (289211.000.000) 2025-01-28 22:51:55 Launching orted on Node 1 of 8
...
008 (289211.000.000) 2025-01-28 22:51:55 Launching orted on Node 7 of 8
...
008 (289211.000.000) 2025-01-28 22:51:57 orted exited on Node 3 of 8
...
008 (289211.000.000) 2025-01-28 22:51:57 orted exited on Node 0 of 8
...
008 (289211.000.000) 2025-01-28 22:51:57 orted exited on Node 1 of 8
...
008 (289211.000.000) 2025-01-28 22:51:57 orted exited on Node 2 of 8
...
008 (289211.000.000) 2025-01-28 22:51:57 orted exited on Node 4 of 8
...
008 (289211.000.000) 2025-01-28 22:51:57 orted exited on Node 5 of 8
...
008 (289211.000.000) 2025-01-28 22:51:57 orted exited on Node 6 of 8
...
008 (289211.000.000) 2025-01-28 22:51:57 orted exited on Node 7 of 8
...
015 (289211.000.002) 2025-01-28 22:51:58 Node 2 terminated.
	(1) Normal termination (return value 0)
		Usr 0 00:00:01, Sys 0 00:00:00  -  Run Remote Usage
		Usr 0 00:00:00, Sys 0 00:00:00  -  Run Local Usage
		Usr 0 00:00:01, Sys 0 00:00:00  -  Total Remote Usage
		Usr 0 00:00:00, Sys 0 00:00:00  -  Total Local Usage
	2165  -  Run Bytes Sent By Node
	33711  -  Run Bytes Received By Node
	2165  -  Total Bytes Sent By Node
	33711  -  Total Bytes Received By Node
...
015 (289211.000.000) 2025-01-28 22:51:58 Node 0 terminated.
	(1) Normal termination (return value 0)
		Usr 0 00:00:00, Sys 0 00:00:01  -  Run Remote Usage
		Usr 0 00:00:00, Sys 0 00:00:00  -  Run Local Usage
		Usr 0 00:00:00, Sys 0 00:00:01  -  Total Remote Usage
		Usr 0 00:00:00, Sys 0 00:00:00  -  Total Local Usage
	3259  -  Run Bytes Sent By Node
	33711  -  Run Bytes Received By Node
	3259  -  Total Bytes Sent By Node
	33711  -  Total Bytes Received By Node
...
005 (289211.000.000) 2025-01-28 22:51:58 Job terminated.
	(1) Normal termination (return value 0)
		Usr 0 00:00:10, Sys 0 00:00:02  -  Run Remote Usage
		Usr 0 00:00:00, Sys 0 00:00:00  -  Run Local Usage
		Usr 0 00:00:00, Sys 0 00:00:01  -  Total Remote Usage
		Usr 0 00:00:00, Sys 0 00:00:00  -  Total Local Usage
	5424  -  Run Bytes Sent By Job
	269688  -  Run Bytes Received By Job
	5424  -  Total Bytes Sent By Job
	269688  -  Total Bytes Received By Job
	Partitionable Resources :    Usage  Request Allocated 
	   Cpus                 :                 1         2 
	   Disk (KB)            :       51       35 102860533 
	   Memory (MB)          :        0        0    100096 

	Job terminated of its own accord at 2025-01-28T22:51:57Z with exit-code 0.
...
