000 (282276.000.000) 2025-01-26 16:53:57 Job submitted from host: <192.168.0.102:9618?addrs=192.168.0.102-9618&alias=submitter&noUDP&sock=schedd_2032_5c88>
...
014 (282276.000.002) 2025-01-26 16:54:00 Node 2 executing on host: <192.168.0.124:9618?addrs=192.168.0.124-9618&alias=node124.di.rm1&noUDP&sock=startd_2143_7f8b>
...
014 (282276.000.000) 2025-01-26 16:54:00 Node 0 executing on host: <192.168.0.141:9618?addrs=192.168.0.141-9618&alias=node141.di.rm1&noUDP&sock=startd_2077_3a4b>
...
014 (282276.000.003) 2025-01-26 16:54:00 Node 3 executing on host: <192.168.0.104:9618?addrs=192.168.0.104-9618&alias=node104.di.rm1&noUDP&sock=startd_1987_7ec5>
...
014 (282276.000.004) 2025-01-26 16:54:00 Node 4 executing on host: <192.168.0.149:9618?addrs=192.168.0.149-9618&alias=node149.di.rm1&noUDP&sock=startd_1551_6f7a>
...
014 (282276.000.007) 2025-01-26 16:54:00 Node 7 executing on host: <192.168.0.130:9618?addrs=192.168.0.130-9618&alias=node130.di.rm1&noUDP&sock=startd_2751195_838e>
...
014 (282276.000.001) 2025-01-26 16:54:00 Node 1 executing on host: <192.168.0.145:9618?addrs=192.168.0.145-9618&alias=node145.di.rm1&noUDP&sock=startd_1869_8e98>
...
014 (282276.000.005) 2025-01-26 16:54:00 Node 5 executing on host: <192.168.0.145:9618?addrs=192.168.0.145-9618&alias=node145.di.rm1&noUDP&sock=startd_1869_8e98>
...
014 (282276.000.006) 2025-01-26 16:54:00 Node 6 executing on host: <192.168.0.143:9618?addrs=192.168.0.143-9618&alias=node143.di.rm1&noUDP&sock=startd_2061_40c7>
...
001 (282276.000.000) 2025-01-26 16:54:00 Job executing on host: MPI_job
...
008 (282276.000.000) 2025-01-26 16:54:02 Launching orted on Node 7 of 8
...
008 (282276.000.000) 2025-01-26 16:54:02 Launching orted on Node 4 of 8
...
008 (282276.000.000) 2025-01-26 16:54:02 Launching orted on Node 3 of 8
...
008 (282276.000.000) 2025-01-26 16:54:02 Launching orted on Node 2 of 8
...
008 (282276.000.000) 2025-01-26 16:54:03 Launching orted on Node 0 of 8
...
008 (282276.000.000) 2025-01-26 16:54:03 Launching orted on Node 5 of 8
...
008 (282276.000.000) 2025-01-26 16:54:03 Launching orted on Node 1 of 8
...
008 (282276.000.000) 2025-01-26 16:54:03 Launching orted on Node 6 of 8
...
008 (282276.000.000) 2025-01-26 16:54:59 orted exited on Node 2 of 8
...
008 (282276.000.000) 2025-01-26 16:54:59 orted exited on Node 3 of 8
...
008 (282276.000.000) 2025-01-26 16:54:59 orted exited on Node 4 of 8
...
008 (282276.000.000) 2025-01-26 16:54:59 orted exited on Node 7 of 8
...
008 (282276.000.000) 2025-01-26 16:54:59 orted exited on Node 0 of 8
...
008 (282276.000.000) 2025-01-26 16:54:59 orted exited on Node 5 of 8
...
008 (282276.000.000) 2025-01-26 16:54:59 orted exited on Node 1 of 8
...
008 (282276.000.000) 2025-01-26 16:54:59 orted exited on Node 6 of 8
...
015 (282276.000.007) 2025-01-26 16:54:59 Node 7 terminated.
	(1) Normal termination (return value 0)
		Usr 0 00:00:45, Sys 0 00:00:10  -  Run Remote Usage
		Usr 0 00:00:00, Sys 0 00:00:00  -  Run Local Usage
		Usr 0 00:00:45, Sys 0 00:00:10  -  Total Remote Usage
		Usr 0 00:00:00, Sys 0 00:00:00  -  Total Local Usage
	2165  -  Run Bytes Sent By Node
	33711  -  Run Bytes Received By Node
	2165  -  Total Bytes Sent By Node
	33711  -  Total Bytes Received By Node
...
015 (282276.000.004) 2025-01-26 16:54:59 Node 4 terminated.
	(1) Normal termination (return value 0)
		Usr 0 00:00:44, Sys 0 00:00:10  -  Run Remote Usage
		Usr 0 00:00:00, Sys 0 00:00:00  -  Run Local Usage
		Usr 0 00:00:44, Sys 0 00:00:10  -  Total Remote Usage
		Usr 0 00:00:00, Sys 0 00:00:00  -  Total Local Usage
	2165  -  Run Bytes Sent By Node
	33711  -  Run Bytes Received By Node
	2165  -  Total Bytes Sent By Node
	33711  -  Total Bytes Received By Node
...
015 (282276.000.003) 2025-01-26 16:54:59 Node 3 terminated.
	(1) Normal termination (return value 0)
		Usr 0 00:00:45, Sys 0 00:00:09  -  Run Remote Usage
		Usr 0 00:00:00, Sys 0 00:00:00  -  Run Local Usage
		Usr 0 00:00:45, Sys 0 00:00:09  -  Total Remote Usage
		Usr 0 00:00:00, Sys 0 00:00:00  -  Total Local Usage
	2165  -  Run Bytes Sent By Node
	33711  -  Run Bytes Received By Node
	2165  -  Total Bytes Sent By Node
	33711  -  Total Bytes Received By Node
...
015 (282276.000.002) 2025-01-26 16:54:59 Node 2 terminated.
	(1) Normal termination (return value 0)
		Usr 0 00:00:45, Sys 0 00:00:10  -  Run Remote Usage
		Usr 0 00:00:00, Sys 0 00:00:00  -  Run Local Usage
		Usr 0 00:00:45, Sys 0 00:00:10  -  Total Remote Usage
		Usr 0 00:00:00, Sys 0 00:00:00  -  Total Local Usage
	2187  -  Run Bytes Sent By Node
	33711  -  Run Bytes Received By Node
	2187  -  Total Bytes Sent By Node
	33711  -  Total Bytes Received By Node
...
015 (282276.000.000) 2025-01-26 16:54:59 Node 0 terminated.
	(1) Normal termination (return value 0)
		Usr 0 00:00:00, Sys 0 00:00:00  -  Run Remote Usage
		Usr 0 00:00:00, Sys 0 00:00:00  -  Run Local Usage
		Usr 0 00:00:00, Sys 0 00:00:00  -  Total Remote Usage
		Usr 0 00:00:00, Sys 0 00:00:00  -  Total Local Usage
	3265  -  Run Bytes Sent By Node
	33711  -  Run Bytes Received By Node
	3265  -  Total Bytes Sent By Node
	33711  -  Total Bytes Received By Node
...
005 (282276.000.000) 2025-01-26 16:55:00 Job terminated.
	(1) Normal termination (return value 0)
		Usr 0 00:05:22, Sys 0 00:00:59  -  Run Remote Usage
		Usr 0 00:00:00, Sys 0 00:00:00  -  Run Local Usage
		Usr 0 00:00:00, Sys 0 00:00:00  -  Total Remote Usage
		Usr 0 00:00:00, Sys 0 00:00:00  -  Total Local Usage
	11947  -  Run Bytes Sent By Job
	269688  -  Run Bytes Received By Job
	11947  -  Total Bytes Sent By Job
	269688  -  Total Bytes Received By Job
	Partitionable Resources :    Usage  Request Allocated 
	   Cpus                 :                 1         1 
	   Disk (KB)            :       50       35    459831 
	   Memory (MB)          :      273      336     53248 

	Job terminated of its own accord at 2025-01-26T16:54:59Z with exit-code 0.
...
000 (289147.000.000) 2025-01-28 22:40:31 Job submitted from host: <192.168.0.102:9618?addrs=192.168.0.102-9618&alias=submitter&noUDP&sock=schedd_2032_5c88>
...
014 (289147.000.000) 2025-01-28 22:40:37 Node 0 executing on host: <192.168.0.132:9618?addrs=192.168.0.132-9618&alias=node132.di.rm1&noUDP&sock=startd_1999_b9e8>
...
014 (289147.000.001) 2025-01-28 22:40:37 Node 1 executing on host: <192.168.0.108:9618?addrs=192.168.0.108-9618&alias=node108.di.rm1&noUDP&sock=startd_1979_0203>
...
014 (289147.000.005) 2025-01-28 22:40:37 Node 5 executing on host: <192.168.0.122:9618?addrs=192.168.0.122-9618&alias=node122.di.rm1&noUDP&sock=startd_2134_5331>
...
014 (289147.000.007) 2025-01-28 22:40:37 Node 7 executing on host: <192.168.0.108:9618?addrs=192.168.0.108-9618&alias=node108.di.rm1&noUDP&sock=startd_1979_0203>
...
014 (289147.000.006) 2025-01-28 22:40:37 Node 6 executing on host: <192.168.0.132:9618?addrs=192.168.0.132-9618&alias=node132.di.rm1&noUDP&sock=startd_1999_b9e8>
...
014 (289147.000.003) 2025-01-28 22:40:37 Node 3 executing on host: <192.168.0.112:9618?addrs=192.168.0.112-9618&alias=node112.di.rm1&noUDP&sock=startd_2169_5502>
...
014 (289147.000.002) 2025-01-28 22:40:37 Node 2 executing on host: <192.168.0.147:9618?addrs=192.168.0.147-9618&alias=node147.di.rm1&noUDP&sock=startd_1513_5ee1>
...
014 (289147.000.004) 2025-01-28 22:40:37 Node 4 executing on host: <192.168.0.142:9618?addrs=192.168.0.142-9618&alias=node142.di.rm1&noUDP&sock=startd_1996_ab1f>
...
001 (289147.000.000) 2025-01-28 22:40:37 Job executing on host: MPI_job
...
008 (289147.000.000) 2025-01-28 22:40:39 Launching orted on Node 0 of 8
...
008 (289147.000.000) 2025-01-28 22:40:39 Launching orted on Node 1 of 8
...
008 (289147.000.000) 2025-01-28 22:40:39 Launching orted on Node 7 of 8
...
008 (289147.000.000) 2025-01-28 22:40:39 Launching orted on Node 5 of 8
...
008 (289147.000.000) 2025-01-28 22:40:39 Launching orted on Node 6 of 8
...
008 (289147.000.000) 2025-01-28 22:40:39 Launching orted on Node 3 of 8
...
008 (289147.000.000) 2025-01-28 22:40:39 Launching orted on Node 2 of 8
...
008 (289147.000.000) 2025-01-28 22:40:39 Launching orted on Node 4 of 8
...
008 (289147.000.000) 2025-01-28 22:41:24 orted exited on Node 2 of 8
...
008 (289147.000.000) 2025-01-28 22:41:24 orted exited on Node 0 of 8
...
008 (289147.000.000) 2025-01-28 22:41:24 orted exited on Node 1 of 8
...
008 (289147.000.000) 2025-01-28 22:41:24 orted exited on Node 3 of 8
...
008 (289147.000.000) 2025-01-28 22:41:24 orted exited on Node 4 of 8
...
008 (289147.000.000) 2025-01-28 22:41:24 orted exited on Node 5 of 8
...
008 (289147.000.000) 2025-01-28 22:41:24 orted exited on Node 6 of 8
...
008 (289147.000.000) 2025-01-28 22:41:24 orted exited on Node 7 of 8
...
015 (289147.000.002) 2025-01-28 22:41:25 Node 2 terminated.
	(1) Normal termination (return value 0)
		Usr 0 00:00:43, Sys 0 00:00:02  -  Run Remote Usage
		Usr 0 00:00:00, Sys 0 00:00:00  -  Run Local Usage
		Usr 0 00:00:43, Sys 0 00:00:02  -  Total Remote Usage
		Usr 0 00:00:00, Sys 0 00:00:00  -  Total Local Usage
	2165  -  Run Bytes Sent By Node
	33711  -  Run Bytes Received By Node
	2165  -  Total Bytes Sent By Node
	33711  -  Total Bytes Received By Node
...
015 (289147.000.006) 2025-01-28 22:41:25 Node 6 terminated.
	(1) Normal termination (return value 0)
		Usr 0 00:00:43, Sys 0 00:00:02  -  Run Remote Usage
		Usr 0 00:00:00, Sys 0 00:00:00  -  Run Local Usage
		Usr 0 00:00:43, Sys 0 00:00:02  -  Total Remote Usage
		Usr 0 00:00:00, Sys 0 00:00:00  -  Total Local Usage
	0  -  Run Bytes Sent By Node
	33711  -  Run Bytes Received By Node
	0  -  Total Bytes Sent By Node
	33711  -  Total Bytes Received By Node
...
015 (289147.000.003) 2025-01-28 22:41:25 Node 3 terminated.
	(1) Normal termination (return value 0)
		Usr 0 00:00:43, Sys 0 00:00:01  -  Run Remote Usage
		Usr 0 00:00:00, Sys 0 00:00:00  -  Run Local Usage
		Usr 0 00:00:43, Sys 0 00:00:01  -  Total Remote Usage
		Usr 0 00:00:00, Sys 0 00:00:00  -  Total Local Usage
	2187  -  Run Bytes Sent By Node
	33711  -  Run Bytes Received By Node
	2187  -  Total Bytes Sent By Node
	33711  -  Total Bytes Received By Node
...
015 (289147.000.007) 2025-01-28 22:41:25 Node 7 terminated.
	(1) Normal termination (return value 0)
		Usr 0 00:00:43, Sys 0 00:00:02  -  Run Remote Usage
		Usr 0 00:00:00, Sys 0 00:00:00  -  Run Local Usage
		Usr 0 00:00:43, Sys 0 00:00:02  -  Total Remote Usage
		Usr 0 00:00:00, Sys 0 00:00:00  -  Total Local Usage
	2165  -  Run Bytes Sent By Node
	33711  -  Run Bytes Received By Node
	2165  -  Total Bytes Sent By Node
	33711  -  Total Bytes Received By Node
...
015 (289147.000.004) 2025-01-28 22:41:25 Node 4 terminated.
	(1) Normal termination (return value 0)
		Usr 0 00:00:44, Sys 0 00:00:01  -  Run Remote Usage
		Usr 0 00:00:00, Sys 0 00:00:00  -  Run Local Usage
		Usr 0 00:00:44, Sys 0 00:00:01  -  Total Remote Usage
		Usr 0 00:00:00, Sys 0 00:00:00  -  Total Local Usage
	2165  -  Run Bytes Sent By Node
	33711  -  Run Bytes Received By Node
	2165  -  Total Bytes Sent By Node
	33711  -  Total Bytes Received By Node
...
015 (289147.000.001) 2025-01-28 22:41:25 Node 1 terminated.
	(1) Normal termination (return value 0)
		Usr 0 00:00:43, Sys 0 00:00:01  -  Run Remote Usage
		Usr 0 00:00:00, Sys 0 00:00:00  -  Run Local Usage
		Usr 0 00:00:43, Sys 0 00:00:01  -  Total Remote Usage
		Usr 0 00:00:00, Sys 0 00:00:00  -  Total Local Usage
	2165  -  Run Bytes Sent By Node
	33711  -  Run Bytes Received By Node
	2165  -  Total Bytes Sent By Node
	33711  -  Total Bytes Received By Node
...
015 (289147.000.000) 2025-01-28 22:41:25 Node 0 terminated.
	(1) Normal termination (return value 0)
		Usr 0 00:00:05, Sys 0 00:00:01  -  Run Remote Usage
		Usr 0 00:00:00, Sys 0 00:00:00  -  Run Local Usage
		Usr 0 00:00:05, Sys 0 00:00:01  -  Total Remote Usage
		Usr 0 00:00:00, Sys 0 00:00:00  -  Total Local Usage
	3262  -  Run Bytes Sent By Node
	33711  -  Run Bytes Received By Node
	3262  -  Total Bytes Sent By Node
	33711  -  Total Bytes Received By Node
...
005 (289147.000.000) 2025-01-28 22:41:25 Job terminated.
	(1) Normal termination (return value 0)
		Usr 0 00:05:07, Sys 0 00:00:12  -  Run Remote Usage
		Usr 0 00:00:00, Sys 0 00:00:00  -  Run Local Usage
		Usr 0 00:00:05, Sys 0 00:00:01  -  Total Remote Usage
		Usr 0 00:00:00, Sys 0 00:00:00  -  Total Local Usage
	16296  -  Run Bytes Sent By Job
	269688  -  Run Bytes Received By Job
	16296  -  Total Bytes Sent By Job
	269688  -  Total Bytes Received By Job
	Partitionable Resources :    Usage  Request Allocated 
	   Cpus                 :     1.00        1         2 
	   Disk (KB)            :    57          35 103028807 
	   Memory (MB)          :   270         290    100096 

	Job terminated of its own accord at 2025-01-28T22:41:24Z with exit-code 0.
...
