000 (295702.000.000) 2025-01-31 02:47:17 Job submitted from host: <192.168.0.102:9618?addrs=192.168.0.102-9618&alias=submitter&noUDP&sock=schedd_4045053_7bc0>
...
014 (295702.000.000) 2025-01-31 02:47:24 Node 0 executing on host: <192.168.0.110:9618?addrs=192.168.0.110-9618&alias=node110.di.rm1&noUDP&sock=startd_2154_0b16>
...
014 (295702.000.001) 2025-01-31 02:47:24 Node 1 executing on host: <192.168.0.120:9618?addrs=192.168.0.120-9618&alias=node120.di.rm1&noUDP&sock=startd_2096_4298>
...
014 (295702.000.003) 2025-01-31 02:47:24 Node 3 executing on host: <192.168.0.140:9618?addrs=192.168.0.140-9618&alias=node140.di.rm1&noUDP&sock=startd_1890_f615>
...
014 (295702.000.002) 2025-01-31 02:47:24 Node 2 executing on host: <192.168.0.145:9618?addrs=192.168.0.145-9618&alias=node145.di.rm1&noUDP&sock=startd_1869_8e98>
...
014 (295702.000.007) 2025-01-31 02:47:24 Node 7 executing on host: <192.168.0.111:9618?addrs=192.168.0.111-9618&alias=node111.di.rm1&noUDP&sock=startd_2044_97ab>
...
014 (295702.000.005) 2025-01-31 02:47:24 Node 5 executing on host: <192.168.0.116:9618?addrs=192.168.0.116-9618&alias=node116.di.rm1&noUDP&sock=startd_1847_7783>
...
014 (295702.000.004) 2025-01-31 02:47:24 Node 4 executing on host: <192.168.0.145:9618?addrs=192.168.0.145-9618&alias=node145.di.rm1&noUDP&sock=startd_1869_8e98>
...
014 (295702.000.006) 2025-01-31 02:47:24 Node 6 executing on host: <192.168.0.122:9618?addrs=192.168.0.122-9618&alias=node122.di.rm1&noUDP&sock=startd_2134_5331>
...
001 (295702.000.000) 2025-01-31 02:47:24 Job executing on host: MPI_job
...
008 (295702.000.000) 2025-01-31 02:47:26 Launching orted on Node 1 of 8
...
008 (295702.000.000) 2025-01-31 02:47:26 Launching orted on Node 7 of 8
...
008 (295702.000.000) 2025-01-31 02:47:26 Launching orted on Node 0 of 8
...
008 (295702.000.000) 2025-01-31 02:47:26 Launching orted on Node 3 of 8
...
008 (295702.000.000) 2025-01-31 02:47:27 Launching orted on Node 5 of 8
...
008 (295702.000.000) 2025-01-31 02:47:27 Launching orted on Node 6 of 8
...
008 (295702.000.000) 2025-01-31 02:47:27 Launching orted on Node 2 of 8
...
008 (295702.000.000) 2025-01-31 02:47:27 Launching orted on Node 4 of 8
...
008 (295702.000.000) 2025-01-31 02:47:48 orted exited on Node 3 of 8
...
008 (295702.000.000) 2025-01-31 02:47:48 orted exited on Node 4 of 8
...
008 (295702.000.000) 2025-01-31 02:47:48 orted exited on Node 5 of 8
...
008 (295702.000.000) 2025-01-31 02:47:48 orted exited on Node 6 of 8
...
008 (295702.000.000) 2025-01-31 02:47:48 orted exited on Node 1 of 8
...
008 (295702.000.000) 2025-01-31 02:47:48 orted exited on Node 0 of 8
...
008 (295702.000.000) 2025-01-31 02:47:48 orted exited on Node 7 of 8
...
008 (295702.000.000) 2025-01-31 02:47:48 orted exited on Node 2 of 8
...
015 (295702.000.007) 2025-01-31 02:47:48 Node 7 terminated.
	(1) Normal termination (return value 0)
		Usr 0 00:00:34, Sys 0 00:00:00  -  Run Remote Usage
		Usr 0 00:00:00, Sys 0 00:00:00  -  Run Local Usage
		Usr 0 00:00:34, Sys 0 00:00:00  -  Total Remote Usage
		Usr 0 00:00:00, Sys 0 00:00:00  -  Total Local Usage
	2355  -  Run Bytes Sent By Node
	33831  -  Run Bytes Received By Node
	2355  -  Total Bytes Sent By Node
	33831  -  Total Bytes Received By Node
...
015 (295702.000.001) 2025-01-31 02:47:48 Node 1 terminated.
	(1) Normal termination (return value 0)
		Usr 0 00:00:34, Sys 0 00:00:00  -  Run Remote Usage
		Usr 0 00:00:00, Sys 0 00:00:00  -  Run Local Usage
		Usr 0 00:00:34, Sys 0 00:00:00  -  Total Remote Usage
		Usr 0 00:00:00, Sys 0 00:00:00  -  Total Local Usage
	2355  -  Run Bytes Sent By Node
	33831  -  Run Bytes Received By Node
	2355  -  Total Bytes Sent By Node
	33831  -  Total Bytes Received By Node
...
015 (295702.000.000) 2025-01-31 02:47:48 Node 0 terminated.
	(1) Normal termination (return value 0)
		Usr 0 00:00:00, Sys 0 00:00:00  -  Run Remote Usage
		Usr 0 00:00:00, Sys 0 00:00:00  -  Run Local Usage
		Usr 0 00:00:00, Sys 0 00:00:00  -  Total Remote Usage
		Usr 0 00:00:00, Sys 0 00:00:00  -  Total Local Usage
	3942  -  Run Bytes Sent By Node
	33831  -  Run Bytes Received By Node
	3942  -  Total Bytes Sent By Node
	33831  -  Total Bytes Received By Node
...
015 (295702.000.005) 2025-01-31 02:47:48 Node 5 terminated.
	(1) Normal termination (return value 0)
		Usr 0 00:00:35, Sys 0 00:00:01  -  Run Remote Usage
		Usr 0 00:00:00, Sys 0 00:00:00  -  Run Local Usage
		Usr 0 00:00:35, Sys 0 00:00:01  -  Total Remote Usage
		Usr 0 00:00:00, Sys 0 00:00:00  -  Total Local Usage
	2333  -  Run Bytes Sent By Node
	33831  -  Run Bytes Received By Node
	2333  -  Total Bytes Sent By Node
	33831  -  Total Bytes Received By Node
...
005 (295702.000.000) 2025-01-31 02:47:48 Job terminated.
	(1) Normal termination (return value 0)
		Usr 0 00:03:31, Sys 0 00:00:02  -  Run Remote Usage
		Usr 0 00:00:00, Sys 0 00:00:00  -  Run Local Usage
		Usr 0 00:00:00, Sys 0 00:00:00  -  Total Remote Usage
		Usr 0 00:00:00, Sys 0 00:00:00  -  Total Local Usage
	13318  -  Run Bytes Sent By Job
	270648  -  Run Bytes Received By Job
	13318  -  Total Bytes Sent By Job
	270648  -  Total Bytes Received By Job
	Partitionable Resources :    Usage  Request Allocated 
	   Cpus                 :                 1         1 
	   Disk (KB)            :       53       35  21531460 
	   GPUs                 :                           1 
	   Memory (MB)          :      282       89     65536 

	Job terminated of its own accord at 2025-01-31T02:47:48Z with exit-code 0.
...
