000 (273914.000.000) 2025-01-23 11:26:19 Job submitted from host: <192.168.0.102:9618?addrs=192.168.0.102-9618&alias=submitter&noUDP&sock=schedd_2032_5c88>
...
014 (273914.000.000) 2025-01-23 11:26:27 Node 0 executing on host: <192.168.0.106:9618?addrs=192.168.0.106-9618&alias=node106.di.rm1&noUDP&sock=startd_1970_d5a9>
...
014 (273914.000.002) 2025-01-23 11:26:27 Node 2 executing on host: <192.168.0.135:9618?addrs=192.168.0.135-9618&alias=node135.di.rm1&noUDP&sock=startd_2000_6980>
...
014 (273914.000.003) 2025-01-23 11:26:27 Node 3 executing on host: <192.168.0.111:9618?addrs=192.168.0.111-9618&alias=node111.di.rm1&noUDP&sock=startd_2044_97ab>
...
014 (273914.000.001) 2025-01-23 11:26:28 Node 1 executing on host: <192.168.0.143:9618?addrs=192.168.0.143-9618&alias=node143.di.rm1&noUDP&sock=startd_2061_40c7>
...
001 (273914.000.000) 2025-01-23 11:26:28 Job executing on host: MPI_job
...
008 (273914.000.000) 2025-01-23 11:26:29 Launching orted on Node 0 of 4
...
008 (273914.000.000) 2025-01-23 11:26:30 Launching orted on Node 2 of 4
...
008 (273914.000.000) 2025-01-23 11:26:30 Launching orted on Node 3 of 4
...
008 (273914.000.000) 2025-01-23 11:26:31 Launching orted on Node 1 of 4
...
008 (273914.000.000) 2025-01-23 11:26:31 orted exited on Node 0 of 4
...
008 (273914.000.000) 2025-01-23 11:26:31 orted exited on Node 3 of 4
...
008 (273914.000.000) 2025-01-23 11:26:31 orted exited on Node 2 of 4
...
008 (273914.000.000) 2025-01-23 11:26:31 orted exited on Node 1 of 4
...
015 (273914.000.002) 2025-01-23 11:26:31 Node 2 terminated.
	(1) Normal termination (return value 0)
		Usr 0 00:00:00, Sys 0 00:00:00  -  Run Remote Usage
		Usr 0 00:00:00, Sys 0 00:00:00  -  Run Local Usage
		Usr 0 00:00:00, Sys 0 00:00:00  -  Total Remote Usage
		Usr 0 00:00:00, Sys 0 00:00:00  -  Total Local Usage
	2165  -  Run Bytes Sent By Node
	33639  -  Run Bytes Received By Node
	2165  -  Total Bytes Sent By Node
	33639  -  Total Bytes Received By Node
...
015 (273914.000.000) 2025-01-23 11:26:31 Node 0 terminated.
	(1) Normal termination (return value 0)
		Usr 0 00:00:01, Sys 0 00:00:00  -  Run Remote Usage
		Usr 0 00:00:00, Sys 0 00:00:00  -  Run Local Usage
		Usr 0 00:00:01, Sys 0 00:00:00  -  Total Remote Usage
		Usr 0 00:00:00, Sys 0 00:00:00  -  Total Local Usage
	3262  -  Run Bytes Sent By Node
	33639  -  Run Bytes Received By Node
	3262  -  Total Bytes Sent By Node
	33639  -  Total Bytes Received By Node
...
005 (273914.000.000) 2025-01-23 11:26:31 Job terminated.
	(1) Normal termination (return value 0)
		Usr 0 00:00:01, Sys 0 00:00:00  -  Run Remote Usage
		Usr 0 00:00:00, Sys 0 00:00:00  -  Run Local Usage
		Usr 0 00:00:01, Sys 0 00:00:00  -  Total Remote Usage
		Usr 0 00:00:00, Sys 0 00:00:00  -  Total Local Usage
	5427  -  Run Bytes Sent By Job
	134556  -  Run Bytes Received By Job
	5427  -  Total Bytes Sent By Job
	134556  -  Total Bytes Received By Job
	Partitionable Resources :    Usage  Request Allocated 
	   Cpus                 :                 1         2 
	   Disk (KB)            :       50       35 102706401 
	   Memory (MB)          :        0        0    100096 

	Job terminated of its own accord at 2025-01-23T11:26:31Z with exit-code 0.
...
000 (278661.000.000) 2025-01-24 09:17:07 Job submitted from host: <192.168.0.102:9618?addrs=192.168.0.102-9618&alias=submitter&noUDP&sock=schedd_2032_5c88>
...
014 (278661.000.000) 2025-01-24 09:17:19 Node 0 executing on host: <192.168.0.109:9618?addrs=192.168.0.109-9618&alias=node109.di.rm1&noUDP&sock=startd_1627_90ad>
...
014 (278661.000.001) 2025-01-24 09:17:19 Node 1 executing on host: <192.168.0.149:9618?addrs=192.168.0.149-9618&alias=node149.di.rm1&noUDP&sock=startd_1551_6f7a>
...
014 (278661.000.002) 2025-01-24 09:17:19 Node 2 executing on host: <192.168.0.124:9618?addrs=192.168.0.124-9618&alias=node124.di.rm1&noUDP&sock=startd_2143_7f8b>
...
014 (278661.000.003) 2025-01-24 09:17:19 Node 3 executing on host: <192.168.0.104:9618?addrs=192.168.0.104-9618&alias=node104.di.rm1&noUDP&sock=startd_1987_7ec5>
...
001 (278661.000.000) 2025-01-24 09:17:19 Job executing on host: MPI_job
...
008 (278661.000.000) 2025-01-24 09:17:21 Launching orted on Node 0 of 4
...
008 (278661.000.000) 2025-01-24 09:17:21 Launching orted on Node 2 of 4
...
008 (278661.000.000) 2025-01-24 09:17:21 Launching orted on Node 1 of 4
...
008 (278661.000.000) 2025-01-24 09:17:21 Launching orted on Node 3 of 4
...
008 (278661.000.000) 2025-01-24 09:17:22 orted exited on Node 0 of 4
...
008 (278661.000.000) 2025-01-24 09:17:22 orted exited on Node 2 of 4
...
008 (278661.000.000) 2025-01-24 09:17:22 orted exited on Node 3 of 4
...
008 (278661.000.000) 2025-01-24 09:17:22 orted exited on Node 1 of 4
...
015 (278661.000.000) 2025-01-24 09:17:22 Node 0 terminated.
	(1) Normal termination (return value 0)
		Usr 0 00:00:00, Sys 0 00:00:00  -  Run Remote Usage
		Usr 0 00:00:00, Sys 0 00:00:00  -  Run Local Usage
		Usr 0 00:00:00, Sys 0 00:00:00  -  Total Remote Usage
		Usr 0 00:00:00, Sys 0 00:00:00  -  Total Local Usage
	3256  -  Run Bytes Sent By Node
	33639  -  Run Bytes Received By Node
	3256  -  Total Bytes Sent By Node
	33639  -  Total Bytes Received By Node
...
005 (278661.000.000) 2025-01-24 09:17:22 Job terminated.
	(1) Normal termination (return value 0)
		Usr 0 00:00:00, Sys 0 00:00:00  -  Run Remote Usage
		Usr 0 00:00:00, Sys 0 00:00:00  -  Run Local Usage
		Usr 0 00:00:00, Sys 0 00:00:00  -  Total Remote Usage
		Usr 0 00:00:00, Sys 0 00:00:00  -  Total Local Usage
	3256  -  Run Bytes Sent By Job
	134556  -  Run Bytes Received By Job
	3256  -  Total Bytes Sent By Job
	134556  -  Total Bytes Received By Job
	Partitionable Resources :    Usage  Request Allocated 
	   Cpus                 :                 1         1 
	   Disk (KB)            :       50       35    468160 
	   Memory (MB)          :        1        1     40960 

	Job terminated of its own accord at 2025-01-24T09:17:22Z with exit-code 0.
...
000 (286932.000.000) 2025-01-28 16:11:55 Job submitted from host: <192.168.0.102:9618?addrs=192.168.0.102-9618&alias=submitter&noUDP&sock=schedd_2032_5c88>
...
014 (286932.000.000) 2025-01-28 16:11:59 Node 0 executing on host: <192.168.0.137:9618?addrs=192.168.0.137-9618&alias=node137.di.rm1&noUDP&sock=startd_1934_2440>
...
014 (286932.000.003) 2025-01-28 16:11:59 Node 3 executing on host: <192.168.0.147:9618?addrs=192.168.0.147-9618&alias=node147.di.rm1&noUDP&sock=startd_1513_5ee1>
...
014 (286932.000.002) 2025-01-28 16:11:59 Node 2 executing on host: <192.168.0.141:9618?addrs=192.168.0.141-9618&alias=node141.di.rm1&noUDP&sock=startd_2077_3a4b>
...
014 (286932.000.001) 2025-01-28 16:11:59 Node 1 executing on host: <192.168.0.111:9618?addrs=192.168.0.111-9618&alias=node111.di.rm1&noUDP&sock=startd_2044_97ab>
...
001 (286932.000.000) 2025-01-28 16:11:59 Job executing on host: MPI_job
...
008 (286932.000.000) 2025-01-28 16:12:01 Launching orted on Node 0 of 4
...
008 (286932.000.000) 2025-01-28 16:12:01 Launching orted on Node 3 of 4
...
008 (286932.000.000) 2025-01-28 16:12:01 Launching orted on Node 2 of 4
...
008 (286932.000.000) 2025-01-28 16:12:02 Launching orted on Node 1 of 4
...
008 (286932.000.000) 2025-01-28 16:12:02 orted exited on Node 3 of 4
...
008 (286932.000.000) 2025-01-28 16:12:02 orted exited on Node 2 of 4
...
008 (286932.000.000) 2025-01-28 16:12:02 orted exited on Node 0 of 4
...
008 (286932.000.000) 2025-01-28 16:12:02 orted exited on Node 1 of 4
...
015 (286932.000.003) 2025-01-28 16:12:03 Node 3 terminated.
	(1) Normal termination (return value 0)
		Usr 0 00:00:00, Sys 0 00:00:00  -  Run Remote Usage
		Usr 0 00:00:00, Sys 0 00:00:00  -  Run Local Usage
		Usr 0 00:00:00, Sys 0 00:00:00  -  Total Remote Usage
		Usr 0 00:00:00, Sys 0 00:00:00  -  Total Local Usage
	2165  -  Run Bytes Sent By Node
	33591  -  Run Bytes Received By Node
	2165  -  Total Bytes Sent By Node
	33591  -  Total Bytes Received By Node
...
015 (286932.000.000) 2025-01-28 16:12:03 Node 0 terminated.
	(1) Normal termination (return value 0)
		Usr 0 00:00:00, Sys 0 00:00:00  -  Run Remote Usage
		Usr 0 00:00:00, Sys 0 00:00:00  -  Run Local Usage
		Usr 0 00:00:00, Sys 0 00:00:00  -  Total Remote Usage
		Usr 0 00:00:00, Sys 0 00:00:00  -  Total Local Usage
	3728  -  Run Bytes Sent By Node
	33591  -  Run Bytes Received By Node
	3728  -  Total Bytes Sent By Node
	33591  -  Total Bytes Received By Node
...
005 (286932.000.000) 2025-01-28 16:12:03 Job terminated.
	(1) Normal termination (return value 0)
		Usr 0 00:00:00, Sys 0 00:00:01  -  Run Remote Usage
		Usr 0 00:00:00, Sys 0 00:00:00  -  Run Local Usage
		Usr 0 00:00:00, Sys 0 00:00:00  -  Total Remote Usage
		Usr 0 00:00:00, Sys 0 00:00:00  -  Total Local Usage
	5893  -  Run Bytes Sent By Job
	134364  -  Run Bytes Received By Job
	5893  -  Total Bytes Sent By Job
	134364  -  Total Bytes Received By Job
	Partitionable Resources :    Usage  Request Allocated 
	   Cpus                 :                 1         2 
	   Disk (KB)            :       51       35 102846057 
	   Memory (MB)          :        0        0    100096 

	Job terminated of its own accord at 2025-01-28T16:12:02Z with exit-code 0.
...
