000 (274184.000.000) 2025-01-23 11:40:36 Job submitted from host: <192.168.0.102:9618?addrs=192.168.0.102-9618&alias=submitter&noUDP&sock=schedd_2032_5c88>
...
014 (274184.000.001) 2025-01-23 11:40:43 Node 1 executing on host: <192.168.0.120:9618?addrs=192.168.0.120-9618&alias=node120.di.rm1&noUDP&sock=startd_2096_4298>
...
014 (274184.000.003) 2025-01-23 11:40:43 Node 3 executing on host: <192.168.0.106:9618?addrs=192.168.0.106-9618&alias=node106.di.rm1&noUDP&sock=startd_1970_d5a9>
...
014 (274184.000.000) 2025-01-23 11:40:43 Node 0 executing on host: <192.168.0.124:9618?addrs=192.168.0.124-9618&alias=node124.di.rm1&noUDP&sock=startd_2143_7f8b>
...
014 (274184.000.002) 2025-01-23 11:40:43 Node 2 executing on host: <192.168.0.135:9618?addrs=192.168.0.135-9618&alias=node135.di.rm1&noUDP&sock=startd_2000_6980>
...
001 (274184.000.000) 2025-01-23 11:40:43 Job executing on host: MPI_job
...
008 (274184.000.000) 2025-01-23 11:40:45 Launching orted on Node 1 of 4
...
008 (274184.000.000) 2025-01-23 11:40:46 Launching orted on Node 3 of 4
...
008 (274184.000.000) 2025-01-23 11:40:46 Launching orted on Node 0 of 4
...
008 (274184.000.000) 2025-01-23 11:40:46 Launching orted on Node 2 of 4
...
008 (274184.000.000) 2025-01-23 11:41:17 Node 0 caught SIGTERM, cleaning up mpirun
...
004 (274184.000.000) 2025-01-23 11:41:17 Job was evicted.
	(0) CPU times
		Usr 0 00:00:43, Sys 0 00:00:00  -  Run Remote Usage
		Usr 0 00:00:00, Sys 0 00:00:00  -  Run Local Usage
	0  -  Run Bytes Sent By Job
	134556  -  Run Bytes Received By Job
	Partitionable Resources :    Usage  Request Allocated 
	   Cpus                 :                 1         1 
	   Disk (KB)            :     8569       35    499302 
	   GPUs                 :                           0 
	   Memory (MB)          :       27     1595     40960 
...
009 (274184.000.000) 2025-01-23 11:41:18 Job was aborted.
	via condor_rm (by user calzona_2046920)
...
000 (278921.000.000) 2025-01-24 09:44:19 Job submitted from host: <192.168.0.102:9618?addrs=192.168.0.102-9618&alias=submitter&noUDP&sock=schedd_2032_5c88>
...
014 (278921.000.000) 2025-01-24 09:44:27 Node 0 executing on host: <192.168.0.137:9618?addrs=192.168.0.137-9618&alias=node137.di.rm1&noUDP&sock=startd_1934_2440>
...
014 (278921.000.003) 2025-01-24 09:44:27 Node 3 executing on host: <192.168.0.147:9618?addrs=192.168.0.147-9618&alias=node147.di.rm1&noUDP&sock=startd_1513_5ee1>
...
014 (278921.000.002) 2025-01-24 09:44:27 Node 2 executing on host: <192.168.0.108:9618?addrs=192.168.0.108-9618&alias=node108.di.rm1&noUDP&sock=startd_1979_0203>
...
014 (278921.000.001) 2025-01-24 09:44:27 Node 1 executing on host: <192.168.0.141:9618?addrs=192.168.0.141-9618&alias=node141.di.rm1&noUDP&sock=startd_2077_3a4b>
...
001 (278921.000.000) 2025-01-24 09:44:27 Job executing on host: MPI_job
...
008 (278921.000.000) 2025-01-24 09:44:29 Launching orted on Node 0 of 4
...
008 (278921.000.000) 2025-01-24 09:44:29 Launching orted on Node 3 of 4
...
008 (278921.000.000) 2025-01-24 09:44:29 Launching orted on Node 2 of 4
...
008 (278921.000.000) 2025-01-24 09:44:30 Launching orted on Node 1 of 4
...
008 (278921.000.000) 2025-01-24 09:45:38 orted exited on Node 0 of 4
...
008 (278921.000.000) 2025-01-24 09:45:38 orted exited on Node 2 of 4
...
008 (278921.000.000) 2025-01-24 09:45:38 orted exited on Node 3 of 4
...
008 (278921.000.000) 2025-01-24 09:45:38 orted exited on Node 1 of 4
...
015 (278921.000.003) 2025-01-24 09:45:38 Node 3 terminated.
	(1) Normal termination (return value 0)
		Usr 0 00:01:07, Sys 0 00:00:00  -  Run Remote Usage
		Usr 0 00:00:00, Sys 0 00:00:00  -  Run Local Usage
		Usr 0 00:01:07, Sys 0 00:00:00  -  Total Remote Usage
		Usr 0 00:00:00, Sys 0 00:00:00  -  Total Local Usage
	2165  -  Run Bytes Sent By Node
	33639  -  Run Bytes Received By Node
	2165  -  Total Bytes Sent By Node
	33639  -  Total Bytes Received By Node
...
015 (278921.000.000) 2025-01-24 09:45:38 Node 0 terminated.
	(1) Normal termination (return value 0)
		Usr 0 00:00:05, Sys 0 00:00:01  -  Run Remote Usage
		Usr 0 00:00:00, Sys 0 00:00:00  -  Run Local Usage
		Usr 0 00:00:05, Sys 0 00:00:01  -  Total Remote Usage
		Usr 0 00:00:00, Sys 0 00:00:00  -  Total Local Usage
	3264  -  Run Bytes Sent By Node
	33639  -  Run Bytes Received By Node
	3264  -  Total Bytes Sent By Node
	33639  -  Total Bytes Received By Node
...
005 (278921.000.000) 2025-01-24 09:45:38 Job terminated.
	(1) Normal termination (return value 0)
		Usr 0 00:03:26, Sys 0 00:00:02  -  Run Remote Usage
		Usr 0 00:00:00, Sys 0 00:00:00  -  Run Local Usage
		Usr 0 00:00:05, Sys 0 00:00:01  -  Total Remote Usage
		Usr 0 00:00:00, Sys 0 00:00:00  -  Total Local Usage
	5429  -  Run Bytes Sent By Job
	134556  -  Run Bytes Received By Job
	5429  -  Total Bytes Sent By Job
	134556  -  Total Bytes Received By Job
	Partitionable Resources :    Usage  Request Allocated 
	   Cpus                 :     1.00        1         1 
	   Disk (KB)            :    55          35    391050 
	   Memory (MB)          :    25        5246     20480 

	Job terminated of its own accord at 2025-01-24T09:45:38Z with exit-code 0.
...
