000 (263984.000.000) 2025-01-17 11:21:09 Job submitted from host: <192.168.0.102:9618?addrs=192.168.0.102-9618&alias=submitter&noUDP&sock=schedd_2032_5c88>
...
001 (263984.000.000) 2025-01-17 11:21:13 Job executing on host: <192.168.0.146:9618?addrs=192.168.0.146-9618&alias=node146.di.rm1&noUDP&sock=startd_1984_6ffc>
...
006 (263984.000.000) 2025-01-17 11:21:22 Image size of job updated: 101800
	77  -  MemoryUsage of job (MB)
	78276  -  ResidentSetSize of job (KB)
...
005 (263984.000.000) 2025-01-17 11:23:27 Job terminated.
	(1) Normal termination (return value 0)
		Usr 0 00:05:36, Sys 0 00:00:00  -  Run Remote Usage
		Usr 0 00:00:00, Sys 0 00:00:00  -  Run Local Usage
		Usr 0 00:05:36, Sys 0 00:00:00  -  Total Remote Usage
		Usr 0 00:00:00, Sys 0 00:00:00  -  Total Local Usage
	0  -  Run Bytes Sent By Job
	0  -  Run Bytes Received By Job
	0  -  Total Bytes Sent By Job
	0  -  Total Bytes Received By Job
	Partitionable Resources :    Usage  Request Allocated 
	   Cpus                 :     3.97        1         1 
	   Disk (KB)            :    27          27    466414 
	   Memory (MB)          :    77           1       128 

	Job terminated of its own accord at 2025-01-17T11:23:27Z with exit-code 0.
...
