000 (262482.000.000) 2025-01-17 11:14:13 Job submitted from host: <192.168.0.102:9618?addrs=192.168.0.102-9618&alias=submitter&noUDP&sock=schedd_2032_5c88>
...
001 (262482.000.000) 2025-01-17 11:14:31 Job executing on host: <192.168.0.107:9618?addrs=192.168.0.107-9618&alias=node107.di.rm1&noUDP&sock=startd_1981_6134>
...
006 (262482.000.000) 2025-01-17 11:14:40 Image size of job updated: 1421704
	686  -  MemoryUsage of job (MB)
	702240  -  ResidentSetSize of job (KB)
...
006 (262482.000.000) 2025-01-17 11:19:40 Image size of job updated: 28283044
	27527  -  MemoryUsage of job (MB)
	28187544  -  ResidentSetSize of job (KB)
...
006 (262482.000.000) 2025-01-17 11:20:13 Image size of job updated: 31010560
	27528  -  MemoryUsage of job (MB)
	28187676  -  ResidentSetSize of job (KB)
...
004 (262482.000.000) 2025-01-17 11:20:13 Job was evicted.
	(0) CPU times
		Usr 0 00:05:26, Sys 0 00:00:15  -  Run Remote Usage
		Usr 0 00:00:00, Sys 0 00:00:00  -  Run Local Usage
	0  -  Run Bytes Sent By Job
	0  -  Run Bytes Received By Job
	Partitionable Resources :    Usage  Request Allocated 
	   Cpus                 :     1.00        1         1 
	   Disk (KB)            :    27          27    471963 
	   Memory (MB)          : 27528           1       128 
...
009 (262482.000.000) 2025-01-17 11:20:13 Job was aborted.
	via condor_rm (by user calzona_2046920)
...
