000 (267968.000.000) 2025-01-21 21:07:13 Job submitted from host: <192.168.0.102:9618?addrs=192.168.0.102-9618&alias=submitter&noUDP&sock=schedd_2032_5c88>
...
001 (267968.000.000) 2025-01-21 21:07:14 Job executing on host: <192.168.0.108:9618?addrs=192.168.0.108-9618&alias=node108.di.rm1&noUDP&sock=startd_1979_0203>
...
006 (267968.000.000) 2025-01-21 21:07:23 Image size of job updated: 538956
	527  -  MemoryUsage of job (MB)
	538956  -  ResidentSetSize of job (KB)
...
006 (267968.000.000) 2025-01-21 21:07:54 Image size of job updated: 2555592
	527  -  MemoryUsage of job (MB)
	539088  -  ResidentSetSize of job (KB)
...
004 (267968.000.000) 2025-01-21 21:07:54 Job was evicted.
	(0) CPU times
		Usr 0 00:00:38, Sys 0 00:00:00  -  Run Remote Usage
		Usr 0 00:00:00, Sys 0 00:00:00  -  Run Local Usage
	0  -  Run Bytes Sent By Job
	0  -  Run Bytes Received By Job
	Partitionable Resources :    Usage  Request Allocated 
	   Cpus                 :                 1         1 
	   Disk (KB)            :       27       27    474134 
	   Memory (MB)          :      527        1       128 
...
009 (267968.000.000) 2025-01-21 21:07:54 Job was aborted.
	via condor_rm (by user calzona_2046920)
...
