000 (263864.000.000) 2025-01-17 11:21:06 Job submitted from host: <192.168.0.102:9618?addrs=192.168.0.102-9618&alias=submitter&noUDP&sock=schedd_2032_5c88>
...
001 (263864.000.000) 2025-01-17 11:21:12 Job executing on host: <192.168.0.114:9618?addrs=192.168.0.114-9618&alias=node114.di.rm1&noUDP&sock=startd_2075_db1b>
...
006 (263864.000.000) 2025-01-17 11:21:21 Image size of job updated: 1516092
	497  -  MemoryUsage of job (MB)
	508200  -  ResidentSetSize of job (KB)
...
006 (263864.000.000) 2025-01-17 11:26:22 Image size of job updated: 13076388
	12473  -  MemoryUsage of job (MB)
	12771660  -  ResidentSetSize of job (KB)
...
006 (263864.000.000) 2025-01-17 11:31:22 Image size of job updated: 19345936
	18880  -  MemoryUsage of job (MB)
	19333032  -  ResidentSetSize of job (KB)
...
004 (263864.000.000) 2025-01-17 11:33:17 Job was evicted.
	(0) CPU times
		Usr 0 00:19:43, Sys 0 00:00:18  -  Run Remote Usage
		Usr 0 00:00:00, Sys 0 00:00:00  -  Run Local Usage
	0  -  Run Bytes Sent By Job
	0  -  Run Bytes Received By Job
	Partitionable Resources :    Usage  Request Allocated 
	   Cpus                 :     2.22        1         1 
	   Disk (KB)            :    27          27    195565 
	   Memory (MB)          : 18880           1       128 
...
009 (263864.000.000) 2025-01-17 11:33:17 Job was aborted.
	via condor_rm (by user calzona_2046920)
...
