000 (271578.000.000) 2025-01-22 01:12:34 Job submitted from host: <192.168.0.102:9618?addrs=192.168.0.102-9618&alias=submitter&noUDP&sock=schedd_2032_5c88>
...
001 (271578.000.000) 2025-01-22 01:12:54 Job executing on host: <192.168.0.149:9618?addrs=192.168.0.149-9618&alias=node149.di.rm1&noUDP&sock=startd_1551_6f7a>
...
006 (271578.000.000) 2025-01-22 01:13:03 Image size of job updated: 117736
	113  -  MemoryUsage of job (MB)
	115448  -  ResidentSetSize of job (KB)
...
006 (271578.000.000) 2025-01-22 01:13:12 Image size of job updated: 175624
	113  -  MemoryUsage of job (MB)
	115580  -  ResidentSetSize of job (KB)
...
005 (271578.000.000) 2025-01-22 01:13:12 Job terminated.
	(1) Normal termination (return value 0)
		Usr 0 00:04:13, Sys 0 00:00:00  -  Run Remote Usage
		Usr 0 00:00:00, Sys 0 00:00:00  -  Run Local Usage
		Usr 0 00:04:13, Sys 0 00:00:00  -  Total Remote Usage
		Usr 0 00:00:00, Sys 0 00:00:00  -  Total Local Usage
	0  -  Run Bytes Sent By Job
	0  -  Run Bytes Received By Job
	0  -  Total Bytes Sent By Job
	0  -  Total Bytes Received By Job
	Partitionable Resources :    Usage  Request Allocated 
	   Cpus                 :                 1         1 
	   Disk (KB)            :       27       27    471944 
	   Memory (MB)          :      113        1       128 

	Job terminated of its own accord at 2025-01-22T01:13:12Z with exit-code 0.
...
