000 (269579.000.000) 2025-01-21 22:47:32 Job submitted from host: <192.168.0.102:9618?addrs=192.168.0.102-9618&alias=submitter&noUDP&sock=schedd_2032_5c88>
...
001 (269579.000.000) 2025-01-21 22:47:53 Job executing on host: <192.168.0.151:9618?addrs=192.168.0.151-9618&alias=node151.di.rm1&noUDP&sock=startd_1528_a8cd>
...
006 (269579.000.000) 2025-01-21 22:48:02 Image size of job updated: 442200
	432  -  MemoryUsage of job (MB)
	442200  -  ResidentSetSize of job (KB)
...
006 (269579.000.000) 2025-01-21 22:48:33 Image size of job updated: 1868064
	433  -  MemoryUsage of job (MB)
	442860  -  ResidentSetSize of job (KB)
...
004 (269579.000.000) 2025-01-21 22:48:34 Job was evicted.
	(0) CPU times
		Usr 0 00:00:39, Sys 0 00:00:00  -  Run Remote Usage
		Usr 0 00:00:00, Sys 0 00:00:00  -  Run Local Usage
	0  -  Run Bytes Sent By Job
	0  -  Run Bytes Received By Job
	Partitionable Resources :    Usage  Request Allocated 
	   Cpus                 :     1.00        1         1 
	   Disk (KB)            :    27          27    474791 
	   Memory (MB)          :   433           1       128 
...
009 (269579.000.000) 2025-01-21 22:48:34 Job was aborted.
	via condor_rm (by user calzona_2046920)
...
