000 (274017.000.000) 2025-01-23 11:31:01 Job submitted from host: <192.168.0.102:9618?addrs=192.168.0.102-9618&alias=submitter&noUDP&sock=schedd_2032_5c88>
...
014 (274017.000.001) 2025-01-23 11:31:09 Node 1 executing on host: <192.168.0.135:9618?addrs=192.168.0.135-9618&alias=node135.di.rm1&noUDP&sock=startd_2000_6980>
...
014 (274017.000.003) 2025-01-23 11:31:09 Node 3 executing on host: <192.168.0.151:9618?addrs=192.168.0.151-9618&alias=node151.di.rm1&noUDP&sock=startd_1528_a8cd>
...
014 (274017.000.002) 2025-01-23 11:31:09 Node 2 executing on host: <192.168.0.111:9618?addrs=192.168.0.111-9618&alias=node111.di.rm1&noUDP&sock=startd_2044_97ab>
...
014 (274017.000.000) 2025-01-23 11:31:09 Node 0 executing on host: <192.168.0.143:9618?addrs=192.168.0.143-9618&alias=node143.di.rm1&noUDP&sock=startd_2061_40c7>
...
001 (274017.000.000) 2025-01-23 11:31:09 Job executing on host: MPI_job
...
008 (274017.000.000) 2025-01-23 11:31:12 Launching orted on Node 3 of 4
...
008 (274017.000.000) 2025-01-23 11:31:12 Launching orted on Node 1 of 4
...
008 (274017.000.000) 2025-01-23 11:31:12 Launching orted on Node 2 of 4
...
008 (274017.000.000) 2025-01-23 11:31:12 Launching orted on Node 0 of 4
...
008 (274017.000.000) 2025-01-23 11:31:42 Node 0 caught SIGTERM, cleaning up mpirun
...
004 (274017.000.000) 2025-01-23 11:31:42 Job was evicted.
	(0) CPU times
		Usr 0 00:01:00, Sys 0 00:00:00  -  Run Remote Usage
		Usr 0 00:00:00, Sys 0 00:00:00  -  Run Local Usage
	0  -  Run Bytes Sent By Job
	134556  -  Run Bytes Received By Job
	Partitionable Resources :    Usage  Request Allocated 
	   Cpus                 :                 1         2 
	   Disk (KB)            :     8568       35 102957766 
	   Memory (MB)          :      221     1426    100096 
...
009 (274017.000.000) 2025-01-23 11:31:42 Job was aborted.
	via condor_rm (by user calzona_2046920)
...
000 (278761.000.000) 2025-01-24 09:22:14 Job submitted from host: <192.168.0.102:9618?addrs=192.168.0.102-9618&alias=submitter&noUDP&sock=schedd_2032_5c88>
...
014 (278761.000.000) 2025-01-24 09:22:21 Node 0 executing on host: <192.168.0.147:9618?addrs=192.168.0.147-9618&alias=node147.di.rm1&noUDP&sock=startd_1513_5ee1>
...
014 (278761.000.003) 2025-01-24 09:22:21 Node 3 executing on host: <192.168.0.147:9618?addrs=192.168.0.147-9618&alias=node147.di.rm1&noUDP&sock=startd_1513_5ee1>
...
014 (278761.000.002) 2025-01-24 09:22:21 Node 2 executing on host: <192.168.0.132:9618?addrs=192.168.0.132-9618&alias=node132.di.rm1&noUDP&sock=startd_1999_b9e8>
...
014 (278761.000.001) 2025-01-24 09:22:22 Node 1 executing on host: <192.168.0.151:9618?addrs=192.168.0.151-9618&alias=node151.di.rm1&noUDP&sock=startd_1528_a8cd>
...
001 (278761.000.000) 2025-01-24 09:22:22 Job executing on host: MPI_job
...
008 (278761.000.000) 2025-01-24 09:22:23 Launching orted on Node 0 of 4
...
008 (278761.000.000) 2025-01-24 09:22:24 Launching orted on Node 3 of 4
...
008 (278761.000.000) 2025-01-24 09:22:24 Launching orted on Node 2 of 4
...
008 (278761.000.000) 2025-01-24 09:22:24 Launching orted on Node 1 of 4
...
008 (278761.000.000) 2025-01-24 09:23:35 orted exited on Node 1 of 4
...
008 (278761.000.000) 2025-01-24 09:23:35 orted exited on Node 0 of 4
...
008 (278761.000.000) 2025-01-24 09:23:35 orted exited on Node 2 of 4
...
008 (278761.000.000) 2025-01-24 09:23:35 orted exited on Node 3 of 4
...
015 (278761.000.002) 2025-01-24 09:23:35 Node 2 terminated.
	(1) Normal termination (return value 0)
		Usr 0 00:01:10, Sys 0 00:00:01  -  Run Remote Usage
		Usr 0 00:00:00, Sys 0 00:00:00  -  Run Local Usage
		Usr 0 00:01:10, Sys 0 00:00:01  -  Total Remote Usage
		Usr 0 00:00:00, Sys 0 00:00:00  -  Total Local Usage
	2165  -  Run Bytes Sent By Node
	33639  -  Run Bytes Received By Node
	2165  -  Total Bytes Sent By Node
	33639  -  Total Bytes Received By Node
...
015 (278761.000.003) 2025-01-24 09:23:35 Node 3 terminated.
	(1) Normal termination (return value 0)
		Usr 0 00:01:10, Sys 0 00:00:00  -  Run Remote Usage
		Usr 0 00:00:00, Sys 0 00:00:00  -  Run Local Usage
		Usr 0 00:01:10, Sys 0 00:00:00  -  Total Remote Usage
		Usr 0 00:00:00, Sys 0 00:00:00  -  Total Local Usage
	0  -  Run Bytes Sent By Node
	33639  -  Run Bytes Received By Node
	0  -  Total Bytes Sent By Node
	33639  -  Total Bytes Received By Node
...
015 (278761.000.000) 2025-01-24 09:23:35 Node 0 terminated.
	(1) Normal termination (return value 0)
		Usr 0 00:00:00, Sys 0 00:00:00  -  Run Remote Usage
		Usr 0 00:00:00, Sys 0 00:00:00  -  Run Local Usage
		Usr 0 00:00:00, Sys 0 00:00:00  -  Total Remote Usage
		Usr 0 00:00:00, Sys 0 00:00:00  -  Total Local Usage
	3263  -  Run Bytes Sent By Node
	33639  -  Run Bytes Received By Node
	3263  -  Total Bytes Sent By Node
	33639  -  Total Bytes Received By Node
...
005 (278761.000.000) 2025-01-24 09:23:35 Job terminated.
	(1) Normal termination (return value 0)
		Usr 0 00:03:31, Sys 0 00:00:01  -  Run Remote Usage
		Usr 0 00:00:00, Sys 0 00:00:00  -  Run Local Usage
		Usr 0 00:00:00, Sys 0 00:00:00  -  Total Remote Usage
		Usr 0 00:00:00, Sys 0 00:00:00  -  Total Local Usage
	5428  -  Run Bytes Sent By Job
	134556  -  Run Bytes Received By Job
	5428  -  Total Bytes Sent By Job
	134556  -  Total Bytes Received By Job
	Partitionable Resources :    Usage  Request Allocated 
	   Cpus                 :     0.94        1         1 
	   Disk (KB)            :    55          35    469805 
	   Memory (MB)          :   222        5316     40960 

	Job terminated of its own accord at 2025-01-24T09:23:35Z with exit-code 0.
...
000 (287032.000.000) 2025-01-28 16:17:17 Job submitted from host: <192.168.0.102:9618?addrs=192.168.0.102-9618&alias=submitter&noUDP&sock=schedd_2032_5c88>
...
014 (287032.000.000) 2025-01-28 16:17:25 Node 0 executing on host: <192.168.0.116:9618?addrs=192.168.0.116-9618&alias=node116.di.rm1&noUDP&sock=startd_1847_7783>
...
014 (287032.000.003) 2025-01-28 16:17:25 Node 3 executing on host: <192.168.0.107:9618?addrs=192.168.0.107-9618&alias=node107.di.rm1&noUDP&sock=startd_1981_6134>
...
014 (287032.000.001) 2025-01-28 16:17:25 Node 1 executing on host: <192.168.0.146:9618?addrs=192.168.0.146-9618&alias=node146.di.rm1&noUDP&sock=startd_1984_6ffc>
...
014 (287032.000.002) 2025-01-28 16:17:25 Node 2 executing on host: <192.168.0.120:9618?addrs=192.168.0.120-9618&alias=node120.di.rm1&noUDP&sock=startd_2096_4298>
...
001 (287032.000.000) 2025-01-28 16:17:25 Job executing on host: MPI_job
...
008 (287032.000.000) 2025-01-28 16:17:27 Launching orted on Node 0 of 4
...
008 (287032.000.000) 2025-01-28 16:17:27 Launching orted on Node 3 of 4
...
008 (287032.000.000) 2025-01-28 16:17:27 Launching orted on Node 2 of 4
...
008 (287032.000.000) 2025-01-28 16:17:27 Launching orted on Node 1 of 4
...
008 (287032.000.000) 2025-01-28 16:18:37 orted exited on Node 1 of 4
...
008 (287032.000.000) 2025-01-28 16:18:37 orted exited on Node 2 of 4
...
008 (287032.000.000) 2025-01-28 16:18:37 orted exited on Node 3 of 4
...
008 (287032.000.000) 2025-01-28 16:18:37 orted exited on Node 0 of 4
...
015 (287032.000.003) 2025-01-28 16:18:37 Node 3 terminated.
	(1) Normal termination (return value 0)
		Usr 0 00:01:09, Sys 0 00:00:02  -  Run Remote Usage
		Usr 0 00:00:00, Sys 0 00:00:00  -  Run Local Usage
		Usr 0 00:01:09, Sys 0 00:00:02  -  Total Remote Usage
		Usr 0 00:00:00, Sys 0 00:00:00  -  Total Local Usage
	2165  -  Run Bytes Sent By Node
	33591  -  Run Bytes Received By Node
	2165  -  Total Bytes Sent By Node
	33591  -  Total Bytes Received By Node
...
015 (287032.000.000) 2025-01-28 16:18:37 Node 0 terminated.
	(1) Normal termination (return value 0)
		Usr 0 00:00:05, Sys 0 00:00:01  -  Run Remote Usage
		Usr 0 00:00:00, Sys 0 00:00:00  -  Run Local Usage
		Usr 0 00:00:05, Sys 0 00:00:01  -  Total Remote Usage
		Usr 0 00:00:00, Sys 0 00:00:00  -  Total Local Usage
	3732  -  Run Bytes Sent By Node
	33591  -  Run Bytes Received By Node
	3732  -  Total Bytes Sent By Node
	33591  -  Total Bytes Received By Node
...
005 (287032.000.000) 2025-01-28 16:18:37 Job terminated.
	(1) Normal termination (return value 0)
		Usr 0 00:03:31, Sys 0 00:00:05  -  Run Remote Usage
		Usr 0 00:00:00, Sys 0 00:00:00  -  Run Local Usage
		Usr 0 00:00:05, Sys 0 00:00:01  -  Total Remote Usage
		Usr 0 00:00:00, Sys 0 00:00:00  -  Total Local Usage
	5897  -  Run Bytes Sent By Job
	134364  -  Run Bytes Received By Job
	5897  -  Total Bytes Sent By Job
	134364  -  Total Bytes Received By Job
	Partitionable Resources :    Usage  Request Allocated 
	   Cpus                 :                 1         2 
	   Disk (KB)            :       51       35 102978738 
	   Memory (MB)          :      220     4148    100096 

	Job terminated of its own accord at 2025-01-28T16:18:37Z with exit-code 0.
...
