000 (293988.000.000) 2025-01-30 15:10:05 Job submitted from host: <192.168.0.102:9618?addrs=192.168.0.102-9618&alias=submitter&noUDP&sock=schedd_4045053_7bc0>
...
001 (293988.000.000) 2025-01-30 15:10:05 Job executing on host: <192.168.0.123:9618?addrs=192.168.0.123-9618&alias=node123.di.rm1&noUDP&sock=startd_2149_9d1d>
...
006 (293988.000.000) 2025-01-30 15:10:14 Image size of job updated: 400224
	391  -  MemoryUsage of job (MB)
	400224  -  ResidentSetSize of job (KB)
...
006 (293988.000.000) 2025-01-30 15:11:06 Image size of job updated: 12596964
	391  -  MemoryUsage of job (MB)
	400356  -  ResidentSetSize of job (KB)
...
004 (293988.000.000) 2025-01-30 15:11:06 Job was evicted.
	(0) CPU times
		Usr 0 00:00:57, Sys 0 00:00:03  -  Run Remote Usage
		Usr 0 00:00:00, Sys 0 00:00:00  -  Run Local Usage
	0  -  Run Bytes Sent By Job
	0  -  Run Bytes Received By Job
	Partitionable Resources :    Usage  Request Allocated Assigned
	   Cpus                 :     1.00        1         1 
	   Disk (KB)            :   750         750    499900 
	   Gpus (Average)       :     0           1         1 "GPU-94808f3e"
	   GpusMemory (MB)      :   349                       
	   Memory (MB)          :   391           1       128 
...
009 (293988.000.000) 2025-01-30 15:11:06 Job was aborted.
	via condor_rm (by user calzona_2046920)
...
