000 (280950.000.000) 2025-01-25 18:21:07 Job submitted from host: <192.168.0.102:9618?addrs=192.168.0.102-9618&alias=submitter&noUDP&sock=schedd_2032_5c88>
...
014 (280950.000.001) 2025-01-25 18:21:16 Node 1 executing on host: <192.168.0.147:9618?addrs=192.168.0.147-9618&alias=node147.di.rm1&noUDP&sock=startd_1513_5ee1>
...
014 (280950.000.000) 2025-01-25 18:21:16 Node 0 executing on host: <192.168.0.111:9618?addrs=192.168.0.111-9618&alias=node111.di.rm1&noUDP&sock=startd_2044_97ab>
...
014 (280950.000.003) 2025-01-25 18:21:16 Node 3 executing on host: <192.168.0.123:9618?addrs=192.168.0.123-9618&alias=node123.di.rm1&noUDP&sock=startd_2149_9d1d>
...
014 (280950.000.002) 2025-01-25 18:21:16 Node 2 executing on host: <192.168.0.142:9618?addrs=192.168.0.142-9618&alias=node142.di.rm1&noUDP&sock=startd_1996_ab1f>
...
001 (280950.000.000) 2025-01-25 18:21:16 Job executing on host: MPI_job
...
008 (280950.000.000) 2025-01-25 18:21:18 Launching orted on Node 1 of 4
...
008 (280950.000.000) 2025-01-25 18:21:18 Launching orted on Node 0 of 4
...
008 (280950.000.000) 2025-01-25 18:21:18 Launching orted on Node 3 of 4
...
008 (280950.000.000) 2025-01-25 18:21:18 Launching orted on Node 2 of 4
...
008 (280950.000.000) 2025-01-25 18:21:21 orted exited on Node 1 of 4
...
008 (280950.000.000) 2025-01-25 18:21:21 orted exited on Node 2 of 4
...
008 (280950.000.000) 2025-01-25 18:21:21 orted exited on Node 0 of 4
...
008 (280950.000.000) 2025-01-25 18:21:21 orted exited on Node 3 of 4
...
015 (280950.000.001) 2025-01-25 18:21:21 Node 1 terminated.
	(1) Normal termination (return value 0)
		Usr 0 00:00:02, Sys 0 00:00:00  -  Run Remote Usage
		Usr 0 00:00:00, Sys 0 00:00:00  -  Run Local Usage
		Usr 0 00:00:02, Sys 0 00:00:00  -  Total Remote Usage
		Usr 0 00:00:00, Sys 0 00:00:00  -  Total Local Usage
	2165  -  Run Bytes Sent By Node
	33639  -  Run Bytes Received By Node
	2165  -  Total Bytes Sent By Node
	33639  -  Total Bytes Received By Node
...
015 (280950.000.000) 2025-01-25 18:21:21 Node 0 terminated.
	(1) Normal termination (return value 0)
		Usr 0 00:00:00, Sys 0 00:00:00  -  Run Remote Usage
		Usr 0 00:00:00, Sys 0 00:00:00  -  Run Local Usage
		Usr 0 00:00:00, Sys 0 00:00:00  -  Total Remote Usage
		Usr 0 00:00:00, Sys 0 00:00:00  -  Total Local Usage
	3307  -  Run Bytes Sent By Node
	33639  -  Run Bytes Received By Node
	3307  -  Total Bytes Sent By Node
	33639  -  Total Bytes Received By Node
...
005 (280950.000.000) 2025-01-25 18:21:21 Job terminated.
	(1) Normal termination (return value 0)
		Usr 0 00:00:06, Sys 0 00:00:00  -  Run Remote Usage
		Usr 0 00:00:00, Sys 0 00:00:00  -  Run Local Usage
		Usr 0 00:00:00, Sys 0 00:00:00  -  Total Remote Usage
		Usr 0 00:00:00, Sys 0 00:00:00  -  Total Local Usage
	5472  -  Run Bytes Sent By Job
	134556  -  Run Bytes Received By Job
	5472  -  Total Bytes Sent By Job
	134556  -  Total Bytes Received By Job
	Partitionable Resources :    Usage  Request Allocated 
	   Cpus                 :                 1         2 
	   Disk (KB)            :       50       35 102972620 
	   GPUs                 :                           0 
	   Memory (MB)          :        0      260    100096 

	Job terminated of its own accord at 2025-01-25T18:21:21Z with exit-code 0.
...
000 (288156.000.000) 2025-01-28 18:45:42 Job submitted from host: <192.168.0.102:9618?addrs=192.168.0.102-9618&alias=submitter&noUDP&sock=schedd_2032_5c88>
...
014 (288156.000.000) 2025-01-28 18:45:51 Node 0 executing on host: <192.168.0.121:9618?addrs=192.168.0.121-9618&alias=node121.di.rm1&noUDP&sock=startd_2146_8e54>
...
014 (288156.000.001) 2025-01-28 18:45:51 Node 1 executing on host: <192.168.0.132:9618?addrs=192.168.0.132-9618&alias=node132.di.rm1&noUDP&sock=startd_1999_b9e8>
...
014 (288156.000.003) 2025-01-28 18:45:51 Node 3 executing on host: <192.168.0.133:9618?addrs=192.168.0.133-9618&alias=node133.di.rm1&noUDP&sock=startd_1941_f16a>
...
014 (288156.000.002) 2025-01-28 18:45:51 Node 2 executing on host: <192.168.0.113:9618?addrs=192.168.0.113-9618&alias=node113.di.rm1&noUDP&sock=startd_3668932_c305>
...
001 (288156.000.000) 2025-01-28 18:45:51 Job executing on host: MPI_job
...
008 (288156.000.000) 2025-01-28 18:45:53 Launching orted on Node 0 of 4
...
008 (288156.000.000) 2025-01-28 18:45:53 Launching orted on Node 1 of 4
...
008 (288156.000.000) 2025-01-28 18:45:53 Launching orted on Node 3 of 4
...
008 (288156.000.000) 2025-01-28 18:45:53 Launching orted on Node 2 of 4
...
008 (288156.000.000) 2025-01-28 18:45:56 orted exited on Node 1 of 4
...
008 (288156.000.000) 2025-01-28 18:45:56 orted exited on Node 0 of 4
...
008 (288156.000.000) 2025-01-28 18:45:56 orted exited on Node 3 of 4
...
008 (288156.000.000) 2025-01-28 18:45:56 orted exited on Node 2 of 4
...
015 (288156.000.001) 2025-01-28 18:45:56 Node 1 terminated.
	(1) Normal termination (return value 0)
		Usr 0 00:00:02, Sys 0 00:00:00  -  Run Remote Usage
		Usr 0 00:00:00, Sys 0 00:00:00  -  Run Local Usage
		Usr 0 00:00:02, Sys 0 00:00:00  -  Total Remote Usage
		Usr 0 00:00:00, Sys 0 00:00:00  -  Total Local Usage
	2165  -  Run Bytes Sent By Node
	33631  -  Run Bytes Received By Node
	2165  -  Total Bytes Sent By Node
	33631  -  Total Bytes Received By Node
...
015 (288156.000.000) 2025-01-28 18:45:56 Node 0 terminated.
	(1) Normal termination (return value 0)
		Usr 0 00:00:00, Sys 0 00:00:00  -  Run Remote Usage
		Usr 0 00:00:00, Sys 0 00:00:00  -  Run Local Usage
		Usr 0 00:00:00, Sys 0 00:00:00  -  Total Remote Usage
		Usr 0 00:00:00, Sys 0 00:00:00  -  Total Local Usage
	3263  -  Run Bytes Sent By Node
	33631  -  Run Bytes Received By Node
	3263  -  Total Bytes Sent By Node
	33631  -  Total Bytes Received By Node
...
005 (288156.000.000) 2025-01-28 18:45:56 Job terminated.
	(1) Normal termination (return value 0)
		Usr 0 00:00:06, Sys 0 00:00:00  -  Run Remote Usage
		Usr 0 00:00:00, Sys 0 00:00:00  -  Run Local Usage
		Usr 0 00:00:00, Sys 0 00:00:00  -  Total Remote Usage
		Usr 0 00:00:00, Sys 0 00:00:00  -  Total Local Usage
	5428  -  Run Bytes Sent By Job
	134524  -  Run Bytes Received By Job
	5428  -  Total Bytes Sent By Job
	134524  -  Total Bytes Received By Job
	Partitionable Resources :    Usage  Request Allocated 
	   Cpus                 :                 1         2 
	   Disk (KB)            :       50       35 102790918 
	   Memory (MB)          :        0      312    100096 

	Job terminated of its own accord at 2025-01-28T18:45:56Z with exit-code 0.
...
