000 (270815.000.000) 2025-01-22 00:17:36 Job submitted from host: <192.168.0.102:9618?addrs=192.168.0.102-9618&alias=submitter&noUDP&sock=schedd_2032_5c88>
...
001 (270815.000.000) 2025-01-22 00:17:37 Job executing on host: <192.168.0.120:9618?addrs=192.168.0.120-9618&alias=node120.di.rm1&noUDP&sock=startd_2096_4298>
...
006 (270815.000.000) 2025-01-22 00:17:46 Image size of job updated: 458040
	448  -  MemoryUsage of job (MB)
	458040  -  ResidentSetSize of job (KB)
...
006 (270815.000.000) 2025-01-22 00:18:38 Image size of job updated: 2198528
	448  -  MemoryUsage of job (MB)
	458568  -  ResidentSetSize of job (KB)
...
004 (270815.000.000) 2025-01-22 00:18:38 Job was evicted.
	(0) CPU times
		Usr 0 00:03:00, Sys 0 00:00:02  -  Run Remote Usage
		Usr 0 00:00:00, Sys 0 00:00:00  -  Run Local Usage
	0  -  Run Bytes Sent By Job
	0  -  Run Bytes Received By Job
	Partitionable Resources :    Usage  Request Allocated 
	   Cpus                 :     1.00        1         1 
	   Disk (KB)            :    27          27    459052 
	   Gpus (Average)       :                 0         0 
	   Memory (MB)          :   448           1       128 
...
009 (270815.000.000) 2025-01-22 00:18:38 Job was aborted.
	via condor_rm (by user calzona_2046920)
...
000 (276969.000.000) 2025-01-24 05:32:03 Job submitted from host: <192.168.0.102:9618?addrs=192.168.0.102-9618&alias=submitter&noUDP&sock=schedd_2032_5c88>
...
001 (276969.000.000) 2025-01-24 05:32:23 Job executing on host: <192.168.0.148:9618?addrs=192.168.0.148-9618&alias=node148.di.rm1&noUDP&sock=startd_1547_b119>
...
006 (276969.000.000) 2025-01-24 05:32:32 Image size of job updated: 490652
	453  -  MemoryUsage of job (MB)
	463584  -  ResidentSetSize of job (KB)
...
006 (276969.000.000) 2025-01-24 05:33:41 Image size of job updated: 2198528
	453  -  MemoryUsage of job (MB)
	463584  -  ResidentSetSize of job (KB)
...
005 (276969.000.000) 2025-01-24 05:33:41 Job terminated.
	(1) Normal termination (return value 0)
		Usr 0 00:05:04, Sys 0 00:00:04  -  Run Remote Usage
		Usr 0 00:00:00, Sys 0 00:00:00  -  Run Local Usage
		Usr 0 00:05:04, Sys 0 00:00:04  -  Total Remote Usage
		Usr 0 00:00:00, Sys 0 00:00:00  -  Total Local Usage
	0  -  Run Bytes Sent By Job
	0  -  Run Bytes Received By Job
	0  -  Total Bytes Sent By Job
	0  -  Total Bytes Received By Job
	Partitionable Resources :    Usage  Request Allocated 
	   Cpus                 :                 1         1 
	   Disk (KB)            :       27       27    467548 
	   Memory (MB)          :      453        1       128 

	Job terminated of its own accord at 2025-01-24T05:33:41Z with exit-code 0.
...
