000 (265280.000.000) 2025-01-17 11:21:49 Job submitted from host: <192.168.0.102:9618?addrs=192.168.0.102-9618&alias=submitter&noUDP&sock=schedd_2032_5c88>
...
001 (265280.000.000) 2025-01-17 11:21:54 Job executing on host: <192.168.0.145:9618?addrs=192.168.0.145-9618&alias=node145.di.rm1&noUDP&sock=startd_1869_8e98>
...
006 (265280.000.000) 2025-01-17 11:22:03 Image size of job updated: 1357636
	331  -  MemoryUsage of job (MB)
	338844  -  ResidentSetSize of job (KB)
...
006 (265280.000.000) 2025-01-17 11:27:03 Image size of job updated: 12828512
	11502  -  MemoryUsage of job (MB)
	11777832  -  ResidentSetSize of job (KB)
...
006 (265280.000.000) 2025-01-17 11:32:03 Image size of job updated: 24410412
	22875  -  MemoryUsage of job (MB)
	23423264  -  ResidentSetSize of job (KB)
...
006 (265280.000.000) 2025-01-17 11:33:19 Image size of job updated: 27458064
	22876  -  MemoryUsage of job (MB)
	23424188  -  ResidentSetSize of job (KB)
...
004 (265280.000.000) 2025-01-17 11:33:19 Job was evicted.
	(0) CPU times
		Usr 0 00:10:56, Sys 0 00:00:18  -  Run Remote Usage
		Usr 0 00:00:00, Sys 0 00:00:00  -  Run Local Usage
	0  -  Run Bytes Sent By Job
	0  -  Run Bytes Received By Job
	Partitionable Resources :    Usage  Request Allocated 
	   Cpus                 :     1.00        1         1 
	   Disk (KB)            :    27          27    462663 
	   Memory (MB)          : 22876           1       128 
...
009 (265280.000.000) 2025-01-17 11:33:19 Job was aborted.
	via condor_rm (by user calzona_2046920)
...
