000 (262883.000.000) 2025-01-17 11:14:23 Job submitted from host: <192.168.0.102:9618?addrs=192.168.0.102-9618&alias=submitter&noUDP&sock=schedd_2032_5c88>
...
001 (262883.000.000) 2025-01-17 11:14:33 Job executing on host: <192.168.0.123:9618?addrs=192.168.0.123-9618&alias=node123.di.rm1&noUDP&sock=startd_2149_9d1d>
...
006 (262883.000.000) 2025-01-17 11:14:42 Image size of job updated: 1788908
	918  -  MemoryUsage of job (MB)
	939312  -  ResidentSetSize of job (KB)
...
006 (262883.000.000) 2025-01-17 11:19:43 Image size of job updated: 8434164
	8233  -  MemoryUsage of job (MB)
	8430360  -  ResidentSetSize of job (KB)
...
004 (262883.000.000) 2025-01-17 11:20:12 Job was evicted.
	(0) CPU times
		Usr 0 00:05:34, Sys 0 00:00:04  -  Run Remote Usage
		Usr 0 00:00:00, Sys 0 00:00:00  -  Run Local Usage
	0  -  Run Bytes Sent By Job
	0  -  Run Bytes Received By Job
	Partitionable Resources :    Usage  Request Allocated 
	   Cpus                 :     1.00        1         1 
	   Disk (KB)            :    27          27    499900 
	   Gpus (Average)       :                 0         0 
	   Memory (MB)          :  8233           1       128 
...
009 (262883.000.000) 2025-01-17 11:20:12 Job was aborted.
	via condor_rm (by user calzona_2046920)
...
