000 (295291.000.000) 2025-01-31 01:50:51 Job submitted from host: <192.168.0.102:9618?addrs=192.168.0.102-9618&alias=submitter&noUDP&sock=schedd_4045053_7bc0>
...
014 (295291.000.000) 2025-01-31 01:50:58 Node 0 executing on host: <192.168.0.120:9618?addrs=192.168.0.120-9618&alias=node120.di.rm1&noUDP&sock=startd_2096_4298>
...
014 (295291.000.001) 2025-01-31 01:50:58 Node 1 executing on host: <192.168.0.146:9618?addrs=192.168.0.146-9618&alias=node146.di.rm1&noUDP&sock=startd_1984_6ffc>
...
014 (295291.000.002) 2025-01-31 01:50:58 Node 2 executing on host: <192.168.0.111:9618?addrs=192.168.0.111-9618&alias=node111.di.rm1&noUDP&sock=startd_2044_97ab>
...
014 (295291.000.003) 2025-01-31 01:50:58 Node 3 executing on host: <192.168.0.111:9618?addrs=192.168.0.111-9618&alias=node111.di.rm1&noUDP&sock=startd_2044_97ab>
...
001 (295291.000.000) 2025-01-31 01:50:58 Job executing on host: MPI_job
...
008 (295291.000.000) 2025-01-31 01:51:00 Launching orted on Node 0 of 4
...
008 (295291.000.000) 2025-01-31 01:51:00 Launching orted on Node 1 of 4
...
008 (295291.000.000) 2025-01-31 01:51:00 Launching orted on Node 2 of 4
...
008 (295291.000.000) 2025-01-31 01:51:00 Launching orted on Node 3 of 4
...
008 (295291.000.000) 2025-01-31 01:51:03 orted exited on Node 3 of 4
...
008 (295291.000.000) 2025-01-31 01:51:03 orted exited on Node 0 of 4
...
008 (295291.000.000) 2025-01-31 01:51:03 orted exited on Node 1 of 4
...
008 (295291.000.000) 2025-01-31 01:51:03 orted exited on Node 2 of 4
...
015 (295291.000.000) 2025-01-31 01:51:03 Node 0 terminated.
	(1) Normal termination (return value 0)
		Usr 0 00:00:00, Sys 0 00:00:00  -  Run Remote Usage
		Usr 0 00:00:00, Sys 0 00:00:00  -  Run Local Usage
		Usr 0 00:00:00, Sys 0 00:00:00  -  Total Remote Usage
		Usr 0 00:00:00, Sys 0 00:00:00  -  Total Local Usage
	3941  -  Run Bytes Sent By Node
	33831  -  Run Bytes Received By Node
	3941  -  Total Bytes Sent By Node
	33831  -  Total Bytes Received By Node
...
005 (295291.000.000) 2025-01-31 01:51:03 Job terminated.
	(1) Normal termination (return value 0)
		Usr 0 00:00:10, Sys 0 00:00:00  -  Run Remote Usage
		Usr 0 00:00:00, Sys 0 00:00:00  -  Run Local Usage
		Usr 0 00:00:00, Sys 0 00:00:00  -  Total Remote Usage
		Usr 0 00:00:00, Sys 0 00:00:00  -  Total Local Usage
	3941  -  Run Bytes Sent By Job
	135324  -  Run Bytes Received By Job
	3941  -  Total Bytes Sent By Job
	135324  -  Total Bytes Received By Job
	Partitionable Resources :    Usage  Request Allocated 
	   Cpus                 :                 1         1 
	   Disk (KB)            :       52       35  21575424 
	   GPUs                 :                           1 
	   Memory (MB)          :        0        0     65536 

	Job terminated of its own accord at 2025-01-31T01:51:03Z with exit-code 0.
...
