000 (268705.000.000) 2025-01-21 22:00:43 Job submitted from host: <192.168.0.102:9618?addrs=192.168.0.102-9618&alias=submitter&noUDP&sock=schedd_2032_5c88>
...
001 (268705.000.000) 2025-01-21 22:00:44 Job executing on host: <192.168.0.130:9618?addrs=192.168.0.130-9618&alias=node130.di.rm1&noUDP&sock=startd_2751195_838e>
...
006 (268705.000.000) 2025-01-21 22:00:53 Image size of job updated: 1159420
	734  -  MemoryUsage of job (MB)
	751344  -  ResidentSetSize of job (KB)
...
006 (268705.000.000) 2025-01-21 22:01:40 Image size of job updated: 4480608
	735  -  MemoryUsage of job (MB)
	752400  -  ResidentSetSize of job (KB)
...
004 (268705.000.000) 2025-01-21 22:01:40 Job was evicted.
	(0) CPU times
		Usr 0 00:00:52, Sys 0 00:00:02  -  Run Remote Usage
		Usr 0 00:00:00, Sys 0 00:00:00  -  Run Local Usage
	0  -  Run Bytes Sent By Job
	0  -  Run Bytes Received By Job
	Partitionable Resources :    Usage  Request Allocated 
	   Cpus                 :                 1         1 
	   Disk (KB)            :       27       27    472313 
	   Memory (MB)          :      735        1       128 
...
009 (268705.000.000) 2025-01-21 22:01:40 Job was aborted.
	via condor_rm (by user calzona_2046920)
...
000 (268856.000.000) 2025-01-21 22:08:19 Job submitted from host: <192.168.0.102:9618?addrs=192.168.0.102-9618&alias=submitter&noUDP&sock=schedd_2032_5c88>
...
001 (268856.000.000) 2025-01-21 22:08:34 Job executing on host: <192.168.0.147:9618?addrs=192.168.0.147-9618&alias=node147.di.rm1&noUDP&sock=startd_1513_5ee1>
...
006 (268856.000.000) 2025-01-21 22:08:43 Image size of job updated: 1232020
	856  -  MemoryUsage of job (MB)
	876084  -  ResidentSetSize of job (KB)
...
006 (268856.000.000) 2025-01-21 22:08:56 Image size of job updated: 2625280
	856  -  MemoryUsage of job (MB)
	876480  -  ResidentSetSize of job (KB)
...
004 (268856.000.000) 2025-01-21 22:08:56 Job was evicted.
	(0) CPU times
		Usr 0 00:00:21, Sys 0 00:00:00  -  Run Remote Usage
		Usr 0 00:00:00, Sys 0 00:00:00  -  Run Local Usage
	0  -  Run Bytes Sent By Job
	0  -  Run Bytes Received By Job
	Partitionable Resources :    Usage  Request Allocated 
	   Cpus                 :                 1         1 
	   Disk (KB)            :       27       27    469805 
	   Memory (MB)          :      856        1       128 
...
009 (268856.000.000) 2025-01-21 22:08:57 Job was aborted.
	via condor_rm (by user calzona_2046920)
...
000 (275209.000.000) 2025-01-24 01:59:18 Job submitted from host: <192.168.0.102:9618?addrs=192.168.0.102-9618&alias=submitter&noUDP&sock=schedd_2032_5c88>
...
001 (275209.000.000) 2025-01-24 01:59:38 Job executing on host: <192.168.0.148:9618?addrs=192.168.0.148-9618&alias=node148.di.rm1&noUDP&sock=startd_1547_b119>
...
006 (275209.000.000) 2025-01-24 01:59:47 Image size of job updated: 785532
	768  -  MemoryUsage of job (MB)
	785532  -  ResidentSetSize of job (KB)
...
006 (275209.000.000) 2025-01-24 02:01:21 Image size of job updated: 9593496
	769  -  MemoryUsage of job (MB)
	786984  -  ResidentSetSize of job (KB)
...
004 (275209.000.000) 2025-01-24 02:01:21 Job was evicted.
	(0) CPU times
		Usr 0 00:01:38, Sys 0 00:00:03  -  Run Remote Usage
		Usr 0 00:00:00, Sys 0 00:00:00  -  Run Local Usage
	0  -  Run Bytes Sent By Job
	0  -  Run Bytes Received By Job
	Partitionable Resources :    Usage  Request Allocated 
	   Cpus                 :                 1         1 
	   Disk (KB)            :       27       27    467548 
	   Memory (MB)          :      769        1       128 
...
009 (275209.000.000) 2025-01-24 02:01:21 Job was aborted.
	via condor_rm (by user calzona_2046920)
...
