000 (262031.000.000) 2025-01-16 18:00:59 Job submitted from host: <192.168.0.102:9618?addrs=192.168.0.102-9618&alias=submitter&noUDP&sock=schedd_2032_5c88>
...
001 (262031.000.000) 2025-01-16 18:01:00 Job executing on host: <192.168.0.149:9618?addrs=192.168.0.149-9618&alias=node149.di.rm1&noUDP&sock=startd_1551_6f7a>
...
006 (262031.000.000) 2025-01-16 18:01:08 Image size of job updated: 1434912
	446  -  MemoryUsage of job (MB)
	456612  -  ResidentSetSize of job (KB)
...
006 (262031.000.000) 2025-01-16 18:06:08 Image size of job updated: 16395468
	16009  -  MemoryUsage of job (MB)
	16393104  -  ResidentSetSize of job (KB)
...
006 (262031.000.000) 2025-01-16 18:11:08 Image size of job updated: 19341568
	18880  -  MemoryUsage of job (MB)
	19332872  -  ResidentSetSize of job (KB)
...
004 (262031.000.000) 2025-01-16 18:16:24 Job was evicted.
	(0) CPU times
		Usr 0 00:24:35, Sys 0 00:00:19  -  Run Remote Usage
		Usr 0 00:00:00, Sys 0 00:00:00  -  Run Local Usage
	0  -  Run Bytes Sent By Job
	0  -  Run Bytes Received By Job
	Partitionable Resources :    Usage  Request Allocated 
	   Cpus                 :     2.00        1         1 
	   Disk (KB)            :    27          27    471944 
	   Memory (MB)          : 18880           1       128 
...
009 (262031.000.000) 2025-01-16 18:16:24 Job was aborted.
	via condor_rm (by user calzona_2046920)
...
