000 (279397.000.000) 2025-01-24 10:37:21 Job submitted from host: <192.168.0.102:9618?addrs=192.168.0.102-9618&alias=submitter&noUDP&sock=schedd_2032_5c88>
...
014 (279397.000.001) 2025-01-24 10:37:28 Node 1 executing on host: <192.168.0.112:9618?addrs=192.168.0.112-9618&alias=node112.di.rm1&noUDP&sock=startd_2169_5502>
...
014 (279397.000.000) 2025-01-24 10:37:28 Node 0 executing on host: <192.168.0.147:9618?addrs=192.168.0.147-9618&alias=node147.di.rm1&noUDP&sock=startd_1513_5ee1>
...
014 (279397.000.004) 2025-01-24 10:37:28 Node 4 executing on host: <192.168.0.148:9618?addrs=192.168.0.148-9618&alias=node148.di.rm1&noUDP&sock=startd_1547_b119>
...
014 (279397.000.002) 2025-01-24 10:37:29 Node 2 executing on host: <192.168.0.141:9618?addrs=192.168.0.141-9618&alias=node141.di.rm1&noUDP&sock=startd_2077_3a4b>
...
014 (279397.000.003) 2025-01-24 10:37:29 Node 3 executing on host: <192.168.0.151:9618?addrs=192.168.0.151-9618&alias=node151.di.rm1&noUDP&sock=startd_1528_a8cd>
...
014 (279397.000.005) 2025-01-24 10:37:29 Node 5 executing on host: <192.168.0.145:9618?addrs=192.168.0.145-9618&alias=node145.di.rm1&noUDP&sock=startd_1869_8e98>
...
014 (279397.000.006) 2025-01-24 10:37:29 Node 6 executing on host: <192.168.0.137:9618?addrs=192.168.0.137-9618&alias=node137.di.rm1&noUDP&sock=startd_1934_2440>
...
014 (279397.000.007) 2025-01-24 10:37:29 Node 7 executing on host: <192.168.0.132:9618?addrs=192.168.0.132-9618&alias=node132.di.rm1&noUDP&sock=startd_1999_b9e8>
...
001 (279397.000.000) 2025-01-24 10:37:29 Job executing on host: MPI_job
...
008 (279397.000.000) 2025-01-24 10:37:31 Launching orted on Node 0 of 8
...
008 (279397.000.000) 2025-01-24 10:37:31 Launching orted on Node 4 of 8
...
008 (279397.000.000) 2025-01-24 10:37:31 Launching orted on Node 1 of 8
...
008 (279397.000.000) 2025-01-24 10:37:31 Launching orted on Node 2 of 8
...
008 (279397.000.000) 2025-01-24 10:37:31 Launching orted on Node 6 of 8
...
008 (279397.000.000) 2025-01-24 10:37:31 Launching orted on Node 7 of 8
...
008 (279397.000.000) 2025-01-24 10:37:31 Launching orted on Node 5 of 8
...
008 (279397.000.000) 2025-01-24 10:37:31 Launching orted on Node 3 of 8
...
008 (279397.000.000) 2025-01-24 10:38:11 orted exited on Node 6 of 8
...
008 (279397.000.000) 2025-01-24 10:38:11 orted exited on Node 2 of 8
...
008 (279397.000.000) 2025-01-24 10:38:11 orted exited on Node 3 of 8
...
008 (279397.000.000) 2025-01-24 10:38:11 orted exited on Node 7 of 8
...
008 (279397.000.000) 2025-01-24 10:38:11 orted exited on Node 1 of 8
...
008 (279397.000.000) 2025-01-24 10:38:11 orted exited on Node 4 of 8
...
008 (279397.000.000) 2025-01-24 10:38:11 orted exited on Node 5 of 8
...
008 (279397.000.000) 2025-01-24 10:38:11 orted exited on Node 0 of 8
...
015 (279397.000.004) 2025-01-24 10:38:11 Node 4 terminated.
	(1) Normal termination (return value 0)
		Usr 0 00:00:38, Sys 0 00:00:02  -  Run Remote Usage
		Usr 0 00:00:00, Sys 0 00:00:00  -  Run Local Usage
		Usr 0 00:00:38, Sys 0 00:00:02  -  Total Remote Usage
		Usr 0 00:00:00, Sys 0 00:00:00  -  Total Local Usage
	2165  -  Run Bytes Sent By Node
	33639  -  Run Bytes Received By Node
	2165  -  Total Bytes Sent By Node
	33639  -  Total Bytes Received By Node
...
015 (279397.000.006) 2025-01-24 10:38:11 Node 6 terminated.
	(1) Normal termination (return value 0)
		Usr 0 00:00:37, Sys 0 00:00:03  -  Run Remote Usage
		Usr 0 00:00:00, Sys 0 00:00:00  -  Run Local Usage
		Usr 0 00:00:37, Sys 0 00:00:03  -  Total Remote Usage
		Usr 0 00:00:00, Sys 0 00:00:00  -  Total Local Usage
	2165  -  Run Bytes Sent By Node
	33639  -  Run Bytes Received By Node
	2165  -  Total Bytes Sent By Node
	33639  -  Total Bytes Received By Node
...
015 (279397.000.000) 2025-01-24 10:38:11 Node 0 terminated.
	(1) Normal termination (return value 0)
		Usr 0 00:00:05, Sys 0 00:00:00  -  Run Remote Usage
		Usr 0 00:00:00, Sys 0 00:00:00  -  Run Local Usage
		Usr 0 00:00:05, Sys 0 00:00:00  -  Total Remote Usage
		Usr 0 00:00:00, Sys 0 00:00:00  -  Total Local Usage
	3263  -  Run Bytes Sent By Node
	33639  -  Run Bytes Received By Node
	3263  -  Total Bytes Sent By Node
	33639  -  Total Bytes Received By Node
...
005 (279397.000.000) 2025-01-24 10:38:11 Job terminated.
	(1) Normal termination (return value 0)
		Usr 0 00:03:58, Sys 0 00:00:12  -  Run Remote Usage
		Usr 0 00:00:00, Sys 0 00:00:00  -  Run Local Usage
		Usr 0 00:00:05, Sys 0 00:00:00  -  Total Remote Usage
		Usr 0 00:00:00, Sys 0 00:00:00  -  Total Local Usage
	9758  -  Run Bytes Sent By Job
	269112  -  Run Bytes Received By Job
	9758  -  Total Bytes Sent By Job
	269112  -  Total Bytes Received By Job
	Partitionable Resources :    Usage  Request Allocated 
	   Cpus                 :     0.76        1         1 
	   Disk (KB)            :    56          35    469805 
	   Memory (MB)          :   222           1     20480 

	Job terminated of its own accord at 2025-01-24T10:38:11Z with exit-code 0.
...
