000 (270633.000.000) 2025-01-22 00:06:19 Job submitted from host: <192.168.0.102:9618?addrs=192.168.0.102-9618&alias=submitter&noUDP&sock=schedd_2032_5c88>
...
001 (270633.000.000) 2025-01-22 00:06:22 Job executing on host: <192.168.0.151:9618?addrs=192.168.0.151-9618&alias=node151.di.rm1&noUDP&sock=startd_1528_a8cd>
...
006 (270633.000.000) 2025-01-22 00:06:31 Image size of job updated: 466484
	456  -  MemoryUsage of job (MB)
	466484  -  ResidentSetSize of job (KB)
...
006 (270633.000.000) 2025-01-22 00:07:05 Image size of job updated: 1982504
	457  -  MemoryUsage of job (MB)
	467936  -  ResidentSetSize of job (KB)
...
005 (270633.000.000) 2025-01-22 00:07:05 Job terminated.
	(1) Normal termination (return value 0)
		Usr 0 00:00:42, Sys 0 00:00:02  -  Run Remote Usage
		Usr 0 00:00:00, Sys 0 00:00:00  -  Run Local Usage
		Usr 0 00:00:42, Sys 0 00:00:02  -  Total Remote Usage
		Usr 0 00:00:00, Sys 0 00:00:00  -  Total Local Usage
	0  -  Run Bytes Sent By Job
	0  -  Run Bytes Received By Job
	0  -  Total Bytes Sent By Job
	0  -  Total Bytes Received By Job
	Partitionable Resources :    Usage  Request Allocated 
	   Cpus                 :                 1         1 
	   Disk (KB)            :       27       27    474791 
	   Memory (MB)          :      457        1       128 

	Job terminated of its own accord at 2025-01-22T00:07:05Z with exit-code 0.
...
000 (276787.000.000) 2025-01-24 05:16:04 Job submitted from host: <192.168.0.102:9618?addrs=192.168.0.102-9618&alias=submitter&noUDP&sock=schedd_2032_5c88>
...
001 (276787.000.000) 2025-01-24 05:16:09 Job executing on host: <192.168.0.148:9618?addrs=192.168.0.148-9618&alias=node148.di.rm1&noUDP&sock=startd_1547_b119>
...
006 (276787.000.000) 2025-01-24 05:16:18 Image size of job updated: 471636
	461  -  MemoryUsage of job (MB)
	471636  -  ResidentSetSize of job (KB)
...
006 (276787.000.000) 2025-01-24 05:16:52 Image size of job updated: 2102100
	461  -  MemoryUsage of job (MB)
	471636  -  ResidentSetSize of job (KB)
...
005 (276787.000.000) 2025-01-24 05:16:53 Job terminated.
	(1) Normal termination (return value 0)
		Usr 0 00:00:42, Sys 0 00:00:05  -  Run Remote Usage
		Usr 0 00:00:00, Sys 0 00:00:00  -  Run Local Usage
		Usr 0 00:00:42, Sys 0 00:00:05  -  Total Remote Usage
		Usr 0 00:00:00, Sys 0 00:00:00  -  Total Local Usage
	0  -  Run Bytes Sent By Job
	0  -  Run Bytes Received By Job
	0  -  Total Bytes Sent By Job
	0  -  Total Bytes Received By Job
	Partitionable Resources :    Usage  Request Allocated 
	   Cpus                 :     1.00        1         1 
	   Disk (KB)            :    27          27    467548 
	   Memory (MB)          :   461           1       128 

	Job terminated of its own accord at 2025-01-24T05:16:52Z with exit-code 0.
...
