000 (265313.000.000) 2025-01-17 11:21:51 Job submitted from host: <192.168.0.102:9618?addrs=192.168.0.102-9618&alias=submitter&noUDP&sock=schedd_2032_5c88>
...
001 (265313.000.000) 2025-01-17 11:21:55 Job executing on host: <192.168.0.116:9618?addrs=192.168.0.116-9618&alias=node116.di.rm1&noUDP&sock=startd_1847_7783>
...
006 (265313.000.000) 2025-01-17 11:22:04 Image size of job updated: 1343472
	286  -  MemoryUsage of job (MB)
	292512  -  ResidentSetSize of job (KB)
...
006 (265313.000.000) 2025-01-17 11:27:36 Image size of job updated: 7438580
	6022  -  MemoryUsage of job (MB)
	6166476  -  ResidentSetSize of job (KB)
...
006 (265313.000.000) 2025-01-17 11:33:08 Image size of job updated: 8142492
	6775  -  MemoryUsage of job (MB)
	6937512  -  ResidentSetSize of job (KB)
...
006 (265313.000.000) 2025-01-17 11:33:20 Image size of job updated: 8532212
	6796  -  MemoryUsage of job (MB)
	6958672  -  ResidentSetSize of job (KB)
...
004 (265313.000.000) 2025-01-17 11:33:20 Job was evicted.
	(0) CPU times
		Usr 0 00:03:19, Sys 0 00:01:59  -  Run Remote Usage
		Usr 0 00:00:00, Sys 0 00:00:00  -  Run Local Usage
	0  -  Run Bytes Sent By Job
	0  -  Run Bytes Received By Job
	Partitionable Resources :    Usage  Request Allocated 
	   Cpus                 :     0.39        1         1 
	   Disk (KB)            :    27          27    474557 
	   Memory (MB)          :  6796           1       128 
...
009 (265313.000.000) 2025-01-17 11:33:20 Job was aborted.
	via condor_rm (by user calzona_2046920)
...
