000 (269853.000.000) 2025-01-21 23:12:00 Job submitted from host: <192.168.0.102:9618?addrs=192.168.0.102-9618&alias=submitter&noUDP&sock=schedd_2032_5c88>
...
001 (269853.000.000) 2025-01-21 23:12:05 Job executing on host: <192.168.0.151:9618?addrs=192.168.0.151-9618&alias=node151.di.rm1&noUDP&sock=startd_1528_a8cd>
...
006 (269853.000.000) 2025-01-21 23:12:15 Image size of job updated: 379212
	371  -  MemoryUsage of job (MB)
	379212  -  ResidentSetSize of job (KB)
...
006 (269853.000.000) 2025-01-21 23:13:03 Image size of job updated: 2420856
	376  -  MemoryUsage of job (MB)
	385020  -  ResidentSetSize of job (KB)
...
004 (269853.000.000) 2025-01-21 23:13:03 Job was evicted.
	(0) CPU times
		Usr 0 00:00:53, Sys 0 00:00:01  -  Run Remote Usage
		Usr 0 00:00:00, Sys 0 00:00:00  -  Run Local Usage
	0  -  Run Bytes Sent By Job
	0  -  Run Bytes Received By Job
	Partitionable Resources :    Usage  Request Allocated 
	   Cpus                 :                 1         1 
	   Disk (KB)            :       27       27    474791 
	   Memory (MB)          :      376        1       128 
...
009 (269853.000.000) 2025-01-21 23:13:03 Job was aborted.
	via condor_rm (by user calzona_2046920)
...
000 (276011.000.000) 2025-01-24 03:46:59 Job submitted from host: <192.168.0.102:9618?addrs=192.168.0.102-9618&alias=submitter&noUDP&sock=schedd_2032_5c88>
...
001 (276011.000.000) 2025-01-24 03:47:00 Job executing on host: <192.168.0.148:9618?addrs=192.168.0.148-9618&alias=node148.di.rm1&noUDP&sock=startd_1547_b119>
...
006 (276011.000.000) 2025-01-24 03:47:09 Image size of job updated: 393492
	385  -  MemoryUsage of job (MB)
	393492  -  ResidentSetSize of job (KB)
...
006 (276011.000.000) 2025-01-24 03:49:01 Image size of job updated: 5713796
	385  -  MemoryUsage of job (MB)
	393492  -  ResidentSetSize of job (KB)
...
004 (276011.000.000) 2025-01-24 03:49:01 Job was evicted.
	(0) CPU times
		Usr 0 00:01:56, Sys 0 00:00:03  -  Run Remote Usage
		Usr 0 00:00:00, Sys 0 00:00:00  -  Run Local Usage
	0  -  Run Bytes Sent By Job
	0  -  Run Bytes Received By Job
	Partitionable Resources :    Usage  Request Allocated 
	   Cpus                 :                 1         1 
	   Disk (KB)            :       27       27    467548 
	   Memory (MB)          :      385        1       128 
...
009 (276011.000.000) 2025-01-24 03:49:01 Job was aborted.
	via condor_rm (by user calzona_2046920)
...
