000 (264447.000.000) 2025-01-17 11:21:24 Job submitted from host: <192.168.0.102:9618?addrs=192.168.0.102-9618&alias=submitter&noUDP&sock=schedd_2032_5c88>
...
001 (264447.000.000) 2025-01-17 11:21:33 Job executing on host: <192.168.0.110:9618?addrs=192.168.0.110-9618&alias=node110.di.rm1&noUDP&sock=startd_2185_4e86>
...
006 (264447.000.000) 2025-01-17 11:21:42 Image size of job updated: 1389100
	356  -  MemoryUsage of job (MB)
	364452  -  ResidentSetSize of job (KB)
...
006 (264447.000.000) 2025-01-17 11:26:58 Image size of job updated: 7752816
	6301  -  MemoryUsage of job (MB)
	6451648  -  ResidentSetSize of job (KB)
...
006 (264447.000.000) 2025-01-17 11:33:27 Image size of job updated: 8830556
	7384  -  MemoryUsage of job (MB)
	7560844  -  ResidentSetSize of job (KB)
...
006 (264447.000.000) 2025-01-17 11:33:31 Image size of job updated: 8830556
	7402  -  MemoryUsage of job (MB)
	7579588  -  ResidentSetSize of job (KB)
...
004 (264447.000.000) 2025-01-17 11:33:31 Job was evicted.
	(0) CPU times
		Usr 0 00:03:25, Sys 0 00:04:05  -  Run Remote Usage
		Usr 0 00:00:00, Sys 0 00:00:00  -  Run Local Usage
	0  -  Run Bytes Sent By Job
	0  -  Run Bytes Received By Job
	Partitionable Resources :    Usage  Request Allocated 
	   Cpus                 :     0.70        1         1 
	   Disk (KB)            :    27          27    468087 
	   Gpus (Average)       :                 0         0 
	   Memory (MB)          :  7402           1       128 
...
009 (264447.000.000) 2025-01-17 11:33:31 Job was aborted.
	via condor_rm (by user calzona_2046920)
...
