000 (263446.000.000) 2025-01-17 11:20:51 Job submitted from host: <192.168.0.102:9618?addrs=192.168.0.102-9618&alias=submitter&noUDP&sock=schedd_2032_5c88>
...
001 (263446.000.000) 2025-01-17 11:20:52 Job executing on host: <192.168.0.149:9618?addrs=192.168.0.149-9618&alias=node149.di.rm1&noUDP&sock=startd_1551_6f7a>
...
006 (263446.000.000) 2025-01-17 11:21:01 Image size of job updated: 450912
	441  -  MemoryUsage of job (MB)
	450912  -  ResidentSetSize of job (KB)
...
006 (263446.000.000) 2025-01-17 11:26:02 Image size of job updated: 2198480
	2135  -  MemoryUsage of job (MB)
	2185984  -  ResidentSetSize of job (KB)
...
004 (263446.000.000) 2025-01-17 11:33:16 Job was evicted.
	(0) CPU times
		Usr 0 00:21:35, Sys 0 00:00:02  -  Run Remote Usage
		Usr 0 00:00:00, Sys 0 00:00:00  -  Run Local Usage
	0  -  Run Bytes Sent By Job
	0  -  Run Bytes Received By Job
	Partitionable Resources :    Usage  Request Allocated 
	   Cpus                 :     2.00        1         1 
	   Disk (KB)            :    27          27    471944 
	   Memory (MB)          :  2135           1       128 
...
009 (263446.000.000) 2025-01-17 11:33:16 Job was aborted.
	via condor_rm (by user calzona_2046920)
...
