000 (274270.000.000) 2025-01-23 11:46:42 Job submitted from host: <192.168.0.102:9618?addrs=192.168.0.102-9618&alias=submitter&noUDP&sock=schedd_2032_5c88>
...
014 (274270.000.000) 2025-01-23 11:46:50 Node 0 executing on host: <192.168.0.130:9618?addrs=192.168.0.130-9618&alias=node130.di.rm1&noUDP&sock=startd_2751195_838e>
...
014 (274270.000.001) 2025-01-23 11:46:50 Node 1 executing on host: <192.168.0.106:9618?addrs=192.168.0.106-9618&alias=node106.di.rm1&noUDP&sock=startd_1970_d5a9>
...
014 (274270.000.003) 2025-01-23 11:46:50 Node 3 executing on host: <192.168.0.146:9618?addrs=192.168.0.146-9618&alias=node146.di.rm1&noUDP&sock=startd_1984_6ffc>
...
014 (274270.000.004) 2025-01-23 11:46:50 Node 4 executing on host: <192.168.0.130:9618?addrs=192.168.0.130-9618&alias=node130.di.rm1&noUDP&sock=startd_2751195_838e>
...
014 (274270.000.002) 2025-01-23 11:46:50 Node 2 executing on host: <192.168.0.145:9618?addrs=192.168.0.145-9618&alias=node145.di.rm1&noUDP&sock=startd_1869_8e98>
...
014 (274270.000.005) 2025-01-23 11:46:50 Node 5 executing on host: <192.168.0.145:9618?addrs=192.168.0.145-9618&alias=node145.di.rm1&noUDP&sock=startd_1869_8e98>
...
014 (274270.000.007) 2025-01-23 11:46:50 Node 7 executing on host: <192.168.0.143:9618?addrs=192.168.0.143-9618&alias=node143.di.rm1&noUDP&sock=startd_2061_40c7>
...
014 (274270.000.006) 2025-01-23 11:46:50 Node 6 executing on host: <192.168.0.120:9618?addrs=192.168.0.120-9618&alias=node120.di.rm1&noUDP&sock=startd_2096_4298>
...
001 (274270.000.000) 2025-01-23 11:46:50 Job executing on host: MPI_job
...
008 (274270.000.000) 2025-01-23 11:46:52 Launching orted on Node 0 of 8
...
008 (274270.000.000) 2025-01-23 11:46:52 Launching orted on Node 4 of 8
...
008 (274270.000.000) 2025-01-23 11:46:52 Launching orted on Node 1 of 8
...
008 (274270.000.000) 2025-01-23 11:46:52 Launching orted on Node 3 of 8
...
008 (274270.000.000) 2025-01-23 11:46:52 Launching orted on Node 5 of 8
...
008 (274270.000.000) 2025-01-23 11:46:52 Launching orted on Node 2 of 8
...
008 (274270.000.000) 2025-01-23 11:46:52 Launching orted on Node 6 of 8
...
008 (274270.000.000) 2025-01-23 11:46:52 Launching orted on Node 7 of 8
...
008 (274270.000.000) 2025-01-23 11:47:23 Node 0 caught SIGTERM, cleaning up mpirun
...
004 (274270.000.000) 2025-01-23 11:47:23 Job was evicted.
	(0) CPU times
		Usr 0 00:01:39, Sys 0 00:00:00  -  Run Remote Usage
		Usr 0 00:00:00, Sys 0 00:00:00  -  Run Local Usage
	0  -  Run Bytes Sent By Job
	269112  -  Run Bytes Received By Job
	Partitionable Resources :    Usage  Request Allocated 
	   Cpus                 :     0.01        1        10 
	   Disk (KB)            :  8567          35  10863196 
	   Memory (MB)          :    24         653    131072 
...
009 (274270.000.000) 2025-01-23 11:47:23 Job was aborted.
	via condor_rm (by user calzona_2046920)
...
000 (279575.000.000) 2025-01-24 11:01:06 Job submitted from host: <192.168.0.102:9618?addrs=192.168.0.102-9618&alias=submitter&noUDP&sock=schedd_2032_5c88>
...
014 (279575.000.002) 2025-01-24 11:01:13 Node 2 executing on host: <192.168.0.151:9618?addrs=192.168.0.151-9618&alias=node151.di.rm1&noUDP&sock=startd_1528_a8cd>
...
014 (279575.000.003) 2025-01-24 11:01:13 Node 3 executing on host: <192.168.0.147:9618?addrs=192.168.0.147-9618&alias=node147.di.rm1&noUDP&sock=startd_1513_5ee1>
...
014 (279575.000.000) 2025-01-24 11:01:13 Node 0 executing on host: <192.168.0.105:9618?addrs=192.168.0.105-9618&alias=node105.di.rm1&noUDP&sock=startd_1951_cd5c>
...
014 (279575.000.001) 2025-01-24 11:01:13 Node 1 executing on host: <192.168.0.121:9618?addrs=192.168.0.121-9618&alias=node121.di.rm1&noUDP&sock=startd_2146_8e54>
...
014 (279575.000.007) 2025-01-24 11:01:13 Node 7 executing on host: <192.168.0.107:9618?addrs=192.168.0.107-9618&alias=node107.di.rm1&noUDP&sock=startd_1981_6134>
...
014 (279575.000.005) 2025-01-24 11:01:13 Node 5 executing on host: <192.168.0.110:9618?addrs=192.168.0.110-9618&alias=node110.di.rm1&noUDP&sock=startd_2185_4e86>
...
014 (279575.000.006) 2025-01-24 11:01:13 Node 6 executing on host: <192.168.0.140:9618?addrs=192.168.0.140-9618&alias=node140.di.rm1&noUDP&sock=startd_1890_f615>
...
014 (279575.000.004) 2025-01-24 11:01:13 Node 4 executing on host: <192.168.0.145:9618?addrs=192.168.0.145-9618&alias=node145.di.rm1&noUDP&sock=startd_1869_8e98>
...
001 (279575.000.000) 2025-01-24 11:01:13 Job executing on host: MPI_job
...
008 (279575.000.000) 2025-01-24 11:01:15 Launching orted on Node 3 of 8
...
008 (279575.000.000) 2025-01-24 11:01:16 Launching orted on Node 1 of 8
...
008 (279575.000.000) 2025-01-24 11:01:16 Launching orted on Node 7 of 8
...
008 (279575.000.000) 2025-01-24 11:01:16 Launching orted on Node 5 of 8
...
008 (279575.000.000) 2025-01-24 11:01:16 Launching orted on Node 0 of 8
...
008 (279575.000.000) 2025-01-24 11:01:16 Launching orted on Node 2 of 8
...
008 (279575.000.000) 2025-01-24 11:01:16 Launching orted on Node 6 of 8
...
008 (279575.000.000) 2025-01-24 11:01:16 Launching orted on Node 4 of 8
...
008 (279575.000.000) 2025-01-24 11:01:50 orted exited on Node 7 of 8
...
008 (279575.000.000) 2025-01-24 11:01:50 orted exited on Node 0 of 8
...
008 (279575.000.000) 2025-01-24 11:01:50 orted exited on Node 6 of 8
...
008 (279575.000.000) 2025-01-24 11:01:50 orted exited on Node 2 of 8
...
008 (279575.000.000) 2025-01-24 11:01:50 orted exited on Node 4 of 8
...
008 (279575.000.000) 2025-01-24 11:01:50 orted exited on Node 5 of 8
...
008 (279575.000.000) 2025-01-24 11:01:50 orted exited on Node 1 of 8
...
008 (279575.000.000) 2025-01-24 11:01:50 orted exited on Node 3 of 8
...
015 (279575.000.007) 2025-01-24 11:01:50 Node 7 terminated.
	(1) Normal termination (return value 0)
		Usr 0 00:00:34, Sys 0 00:00:00  -  Run Remote Usage
		Usr 0 00:00:00, Sys 0 00:00:00  -  Run Local Usage
		Usr 0 00:00:34, Sys 0 00:00:00  -  Total Remote Usage
		Usr 0 00:00:00, Sys 0 00:00:00  -  Total Local Usage
	2165  -  Run Bytes Sent By Node
	33639  -  Run Bytes Received By Node
	2165  -  Total Bytes Sent By Node
	33639  -  Total Bytes Received By Node
...
015 (279575.000.003) 2025-01-24 11:01:50 Node 3 terminated.
	(1) Normal termination (return value 0)
		Usr 0 00:00:33, Sys 0 00:00:00  -  Run Remote Usage
		Usr 0 00:00:00, Sys 0 00:00:00  -  Run Local Usage
		Usr 0 00:00:33, Sys 0 00:00:00  -  Total Remote Usage
		Usr 0 00:00:00, Sys 0 00:00:00  -  Total Local Usage
	2165  -  Run Bytes Sent By Node
	33639  -  Run Bytes Received By Node
	2165  -  Total Bytes Sent By Node
	33639  -  Total Bytes Received By Node
...
015 (279575.000.001) 2025-01-24 11:01:50 Node 1 terminated.
	(1) Normal termination (return value 0)
		Usr 0 00:00:34, Sys 0 00:00:00  -  Run Remote Usage
		Usr 0 00:00:00, Sys 0 00:00:00  -  Run Local Usage
		Usr 0 00:00:34, Sys 0 00:00:00  -  Total Remote Usage
		Usr 0 00:00:00, Sys 0 00:00:00  -  Total Local Usage
	2165  -  Run Bytes Sent By Node
	33639  -  Run Bytes Received By Node
	2165  -  Total Bytes Sent By Node
	33639  -  Total Bytes Received By Node
...
015 (279575.000.005) 2025-01-24 11:01:50 Node 5 terminated.
	(1) Normal termination (return value 0)
		Usr 0 00:00:33, Sys 0 00:00:00  -  Run Remote Usage
		Usr 0 00:00:00, Sys 0 00:00:00  -  Run Local Usage
		Usr 0 00:00:33, Sys 0 00:00:00  -  Total Remote Usage
		Usr 0 00:00:00, Sys 0 00:00:00  -  Total Local Usage
	2187  -  Run Bytes Sent By Node
	33639  -  Run Bytes Received By Node
	2187  -  Total Bytes Sent By Node
	33639  -  Total Bytes Received By Node
...
015 (279575.000.004) 2025-01-24 11:01:50 Node 4 terminated.
	(1) Normal termination (return value 0)
		Usr 0 00:00:33, Sys 0 00:00:00  -  Run Remote Usage
		Usr 0 00:00:00, Sys 0 00:00:00  -  Run Local Usage
		Usr 0 00:00:33, Sys 0 00:00:00  -  Total Remote Usage
		Usr 0 00:00:00, Sys 0 00:00:00  -  Total Local Usage
	2165  -  Run Bytes Sent By Node
	33639  -  Run Bytes Received By Node
	2165  -  Total Bytes Sent By Node
	33639  -  Total Bytes Received By Node
...
015 (279575.000.006) 2025-01-24 11:01:50 Node 6 terminated.
	(1) Normal termination (return value 0)
		Usr 0 00:00:33, Sys 0 00:00:00  -  Run Remote Usage
		Usr 0 00:00:00, Sys 0 00:00:00  -  Run Local Usage
		Usr 0 00:00:33, Sys 0 00:00:00  -  Total Remote Usage
		Usr 0 00:00:00, Sys 0 00:00:00  -  Total Local Usage
	2165  -  Run Bytes Sent By Node
	33639  -  Run Bytes Received By Node
	2165  -  Total Bytes Sent By Node
	33639  -  Total Bytes Received By Node
...
015 (279575.000.000) 2025-01-24 11:01:50 Node 0 terminated.
	(1) Normal termination (return value 0)
		Usr 0 00:00:00, Sys 0 00:00:00  -  Run Remote Usage
		Usr 0 00:00:00, Sys 0 00:00:00  -  Run Local Usage
		Usr 0 00:00:00, Sys 0 00:00:00  -  Total Remote Usage
		Usr 0 00:00:00, Sys 0 00:00:00  -  Total Local Usage
	3264  -  Run Bytes Sent By Node
	33639  -  Run Bytes Received By Node
	3264  -  Total Bytes Sent By Node
	33639  -  Total Bytes Received By Node
...
005 (279575.000.000) 2025-01-24 11:01:50 Job terminated.
	(1) Normal termination (return value 0)
		Usr 0 00:03:53, Sys 0 00:00:00  -  Run Remote Usage
		Usr 0 00:00:00, Sys 0 00:00:00  -  Run Local Usage
		Usr 0 00:00:00, Sys 0 00:00:00  -  Total Remote Usage
		Usr 0 00:00:00, Sys 0 00:00:00  -  Total Local Usage
	16276  -  Run Bytes Sent By Job
	269112  -  Run Bytes Received By Job
	16276  -  Total Bytes Sent By Job
	269112  -  Total Bytes Received By Job
	Partitionable Resources :    Usage  Request Allocated 
	   Cpus                 :                 1         1 
	   Disk (KB)            :       50       35    472026 
	   Memory (MB)          :       26      277     20480 

	Job terminated of its own accord at 2025-01-24T11:01:50Z with exit-code 0.
...
000 (287910.000.000) 2025-01-28 17:56:19 Job submitted from host: <192.168.0.102:9618?addrs=192.168.0.102-9618&alias=submitter&noUDP&sock=schedd_2032_5c88>
...
014 (287910.000.002) 2025-01-28 17:57:21 Node 2 executing on host: <192.168.0.113:9618?addrs=192.168.0.113-9618&alias=node113.di.rm1&noUDP&sock=startd_3668932_c305>
...
014 (287910.000.000) 2025-01-28 17:57:21 Node 0 executing on host: <192.168.0.114:9618?addrs=192.168.0.114-9618&alias=node114.di.rm1&noUDP&sock=startd_2075_db1b>
...
014 (287910.000.003) 2025-01-28 17:57:21 Node 3 executing on host: <192.168.0.143:9618?addrs=192.168.0.143-9618&alias=node143.di.rm1&noUDP&sock=startd_2061_40c7>
...
014 (287910.000.007) 2025-01-28 17:57:22 Node 7 executing on host: <192.168.0.148:9618?addrs=192.168.0.148-9618&alias=node148.di.rm1&noUDP&sock=startd_1547_b119>
...
014 (287910.000.001) 2025-01-28 17:57:22 Node 1 executing on host: <192.168.0.124:9618?addrs=192.168.0.124-9618&alias=node124.di.rm1&noUDP&sock=startd_2143_7f8b>
...
014 (287910.000.004) 2025-01-28 17:57:22 Node 4 executing on host: <192.168.0.123:9618?addrs=192.168.0.123-9618&alias=node123.di.rm1&noUDP&sock=startd_2149_9d1d>
...
014 (287910.000.005) 2025-01-28 17:57:22 Node 5 executing on host: <192.168.0.105:9618?addrs=192.168.0.105-9618&alias=node105.di.rm1&noUDP&sock=startd_1951_cd5c>
...
014 (287910.000.006) 2025-01-28 17:57:22 Node 6 executing on host: <192.168.0.115:9618?addrs=192.168.0.115-9618&alias=node115.di.rm1&noUDP&sock=startd_1101621_f4a0>
...
001 (287910.000.000) 2025-01-28 17:57:22 Job executing on host: MPI_job
...
008 (287910.000.000) 2025-01-28 17:57:24 Launching orted on Node 2 of 8
...
008 (287910.000.000) 2025-01-28 17:57:24 Launching orted on Node 3 of 8
...
008 (287910.000.000) 2025-01-28 17:57:24 Launching orted on Node 0 of 8
...
008 (287910.000.000) 2025-01-28 17:57:24 Launching orted on Node 4 of 8
...
008 (287910.000.000) 2025-01-28 17:57:24 Launching orted on Node 7 of 8
...
008 (287910.000.000) 2025-01-28 17:57:24 Launching orted on Node 6 of 8
...
008 (287910.000.000) 2025-01-28 17:57:24 Launching orted on Node 1 of 8
...
008 (287910.000.000) 2025-01-28 17:57:24 Launching orted on Node 5 of 8
...
008 (287910.000.000) 2025-01-28 17:57:58 orted exited on Node 3 of 8
...
008 (287910.000.000) 2025-01-28 17:57:58 orted exited on Node 5 of 8
...
008 (287910.000.000) 2025-01-28 17:57:58 orted exited on Node 2 of 8
...
008 (287910.000.000) 2025-01-28 17:57:58 orted exited on Node 4 of 8
...
008 (287910.000.000) 2025-01-28 17:57:58 orted exited on Node 6 of 8
...
008 (287910.000.000) 2025-01-28 17:57:58 orted exited on Node 7 of 8
...
008 (287910.000.000) 2025-01-28 17:57:58 orted exited on Node 1 of 8
...
008 (287910.000.000) 2025-01-28 17:57:58 orted exited on Node 0 of 8
...
015 (287910.000.007) 2025-01-28 17:57:58 Node 7 terminated.
	(1) Normal termination (return value 0)
		Usr 0 00:00:32, Sys 0 00:00:01  -  Run Remote Usage
		Usr 0 00:00:00, Sys 0 00:00:00  -  Run Local Usage
		Usr 0 00:00:32, Sys 0 00:00:01  -  Total Remote Usage
		Usr 0 00:00:00, Sys 0 00:00:00  -  Total Local Usage
	2165  -  Run Bytes Sent By Node
	33591  -  Run Bytes Received By Node
	2165  -  Total Bytes Sent By Node
	33591  -  Total Bytes Received By Node
...
015 (287910.000.000) 2025-01-28 17:57:58 Node 0 terminated.
	(1) Normal termination (return value 0)
		Usr 0 00:00:00, Sys 0 00:00:00  -  Run Remote Usage
		Usr 0 00:00:00, Sys 0 00:00:00  -  Run Local Usage
		Usr 0 00:00:00, Sys 0 00:00:00  -  Total Remote Usage
		Usr 0 00:00:00, Sys 0 00:00:00  -  Total Local Usage
	3264  -  Run Bytes Sent By Node
	33591  -  Run Bytes Received By Node
	3264  -  Total Bytes Sent By Node
	33591  -  Total Bytes Received By Node
...
005 (287910.000.000) 2025-01-28 17:57:58 Job terminated.
	(1) Normal termination (return value 0)
		Usr 0 00:03:48, Sys 0 00:00:05  -  Run Remote Usage
		Usr 0 00:00:00, Sys 0 00:00:00  -  Run Local Usage
		Usr 0 00:00:00, Sys 0 00:00:00  -  Total Remote Usage
		Usr 0 00:00:00, Sys 0 00:00:00  -  Total Local Usage
	9803  -  Run Bytes Sent By Job
	268728  -  Run Bytes Received By Job
	9803  -  Total Bytes Sent By Job
	268728  -  Total Bytes Received By Job
	Partitionable Resources :    Usage  Request Allocated 
	   Cpus                 :                 1         2 
	   Disk (KB)            :       52       35 102671250 
	   Memory (MB)          :       26       26    100096 

	Job terminated of its own accord at 2025-01-28T17:57:58Z with exit-code 0.
...
