000 (269612.000.000) 2025-01-21 22:50:38 Job submitted from host: <192.168.0.102:9618?addrs=192.168.0.102-9618&alias=submitter&noUDP&sock=schedd_2032_5c88>
...
001 (269612.000.000) 2025-01-21 22:50:40 Job executing on host: <192.168.0.151:9618?addrs=192.168.0.151-9618&alias=node151.di.rm1&noUDP&sock=startd_1528_a8cd>
...
006 (269612.000.000) 2025-01-21 22:50:49 Image size of job updated: 394548
	386  -  MemoryUsage of job (MB)
	394548  -  ResidentSetSize of job (KB)
...
006 (269612.000.000) 2025-01-21 22:51:40 Image size of job updated: 2185572
	387  -  MemoryUsage of job (MB)
	395736  -  ResidentSetSize of job (KB)
...
004 (269612.000.000) 2025-01-21 22:51:41 Job was evicted.
	(0) CPU times
		Usr 0 00:01:11, Sys 0 00:00:01  -  Run Remote Usage
		Usr 0 00:00:00, Sys 0 00:00:00  -  Run Local Usage
	0  -  Run Bytes Sent By Job
	0  -  Run Bytes Received By Job
	Partitionable Resources :    Usage  Request Allocated 
	   Cpus                 :                 1         1 
	   Disk (KB)            :       27       27    474791 
	   Memory (MB)          :      387        1       128 
...
009 (269612.000.000) 2025-01-21 22:51:41 Job was aborted.
	via condor_rm (by user calzona_2046920)
...
000 (275766.000.000) 2025-01-24 03:07:47 Job submitted from host: <192.168.0.102:9618?addrs=192.168.0.102-9618&alias=submitter&noUDP&sock=schedd_2032_5c88>
...
001 (275766.000.000) 2025-01-24 03:07:48 Job executing on host: <192.168.0.148:9618?addrs=192.168.0.148-9618&alias=node148.di.rm1&noUDP&sock=startd_1547_b119>
...
006 (275766.000.000) 2025-01-24 03:07:57 Image size of job updated: 451176
	441  -  MemoryUsage of job (MB)
	451176  -  ResidentSetSize of job (KB)
...
006 (275766.000.000) 2025-01-24 03:09:49 Image size of job updated: 2185572
	441  -  MemoryUsage of job (MB)
	451308  -  ResidentSetSize of job (KB)
...
004 (275766.000.000) 2025-01-24 03:09:49 Job was evicted.
	(0) CPU times
		Usr 0 00:03:13, Sys 0 00:00:02  -  Run Remote Usage
		Usr 0 00:00:00, Sys 0 00:00:00  -  Run Local Usage
	0  -  Run Bytes Sent By Job
	0  -  Run Bytes Received By Job
	Partitionable Resources :    Usage  Request Allocated 
	   Cpus                 :                 1         1 
	   Disk (KB)            :       27       27    467548 
	   Memory (MB)          :      441        1       128 
...
009 (275766.000.000) 2025-01-24 03:09:49 Job was aborted.
	via condor_rm (by user calzona_2046920)
...
