000 (263416.000.000) 2025-01-17 11:20:49 Job submitted from host: <192.168.0.102:9618?addrs=192.168.0.102-9618&alias=submitter&noUDP&sock=schedd_2032_5c88>
...
001 (263416.000.000) 2025-01-17 11:20:54 Job executing on host: <192.168.0.120:9618?addrs=192.168.0.120-9618&alias=node120.di.rm1&noUDP&sock=startd_2096_4298>
...
006 (263416.000.000) 2025-01-17 11:21:03 Image size of job updated: 430484
	385  -  MemoryUsage of job (MB)
	393492  -  ResidentSetSize of job (KB)
...
006 (263416.000.000) 2025-01-17 11:26:24 Image size of job updated: 7786380
	7379  -  MemoryUsage of job (MB)
	7555436  -  ResidentSetSize of job (KB)
...
006 (263416.000.000) 2025-01-17 11:32:21 Image size of job updated: 8988376
	7391  -  MemoryUsage of job (MB)
	7568108  -  ResidentSetSize of job (KB)
...
005 (263416.000.000) 2025-01-17 11:32:21 Job terminated.
	(0) Abnormal termination (signal 9)
	(0) No core file
		Usr 0 00:03:45, Sys 0 00:02:11  -  Run Remote Usage
		Usr 0 00:00:00, Sys 0 00:00:00  -  Run Local Usage
		Usr 0 00:03:45, Sys 0 00:02:11  -  Total Remote Usage
		Usr 0 00:00:00, Sys 0 00:00:00  -  Total Local Usage
	0  -  Run Bytes Sent By Job
	0  -  Run Bytes Received By Job
	0  -  Total Bytes Sent By Job
	0  -  Total Bytes Received By Job
	Partitionable Resources :    Usage  Request Allocated 
	   Cpus                 :     0.56        1         1 
	   Disk (KB)            :    27          27    459052 
	   Gpus (Average)       :                 0         0 
	   Memory (MB)          :  7391           1       128 

	Job terminated of its own accord at 2025-01-17T11:31:16Z with signal 9.
...
