000 (265219.000.000) 2025-01-17 11:21:47 Job submitted from host: <192.168.0.102:9618?addrs=192.168.0.102-9618&alias=submitter&noUDP&sock=schedd_2032_5c88>
...
001 (265219.000.000) 2025-01-17 11:21:53 Job executing on host: <192.168.0.110:9618?addrs=192.168.0.110-9618&alias=node110.di.rm1&noUDP&sock=startd_2185_4e86>
...
006 (265219.000.000) 2025-01-17 11:22:02 Image size of job updated: 364692
	325  -  MemoryUsage of job (MB)
	332244  -  ResidentSetSize of job (KB)
...
006 (265219.000.000) 2025-01-17 11:27:03 Image size of job updated: 6116644
	5829  -  MemoryUsage of job (MB)
	5968396  -  ResidentSetSize of job (KB)
...
006 (265219.000.000) 2025-01-17 11:33:27 Image size of job updated: 6991604
	6708  -  MemoryUsage of job (MB)
	6868864  -  ResidentSetSize of job (KB)
...
006 (265219.000.000) 2025-01-17 11:33:30 Image size of job updated: 6991604
	6735  -  MemoryUsage of job (MB)
	6895924  -  ResidentSetSize of job (KB)
...
004 (265219.000.000) 2025-01-17 11:33:30 Job was evicted.
	(0) CPU times
		Usr 0 00:03:04, Sys 0 00:04:35  -  Run Remote Usage
		Usr 0 00:00:00, Sys 0 00:00:00  -  Run Local Usage
	0  -  Run Bytes Sent By Job
	0  -  Run Bytes Received By Job
	Partitionable Resources :    Usage  Request Allocated 
	   Cpus                 :     0.66        1         1 
	   Disk (KB)            :    27          27    468087 
	   Gpus (Average)       :                 0         0 
	   Memory (MB)          :  6735           1       128 
...
009 (265219.000.000) 2025-01-17 11:33:30 Job was aborted.
	via condor_rm (by user calzona_2046920)
...
