000 (295101.000.000) 2025-01-31 01:25:31 Job submitted from host: <192.168.0.102:9618?addrs=192.168.0.102-9618&alias=submitter&noUDP&sock=schedd_4045053_7bc0>
...
014 (295101.000.000) 2025-01-31 01:25:39 Node 0 executing on host: <192.168.0.137:9618?addrs=192.168.0.137-9618&alias=node137.di.rm1&noUDP&sock=startd_1934_2440>
...
014 (295101.000.002) 2025-01-31 01:25:39 Node 2 executing on host: <192.168.0.112:9618?addrs=192.168.0.112-9618&alias=node112.di.rm1&noUDP&sock=startd_2169_5502>
...
014 (295101.000.003) 2025-01-31 01:25:39 Node 3 executing on host: <192.168.0.122:9618?addrs=192.168.0.122-9618&alias=node122.di.rm1&noUDP&sock=startd_2134_5331>
...
014 (295101.000.001) 2025-01-31 01:25:39 Node 1 executing on host: <192.168.0.111:9618?addrs=192.168.0.111-9618&alias=node111.di.rm1&noUDP&sock=startd_2044_97ab>
...
001 (295101.000.000) 2025-01-31 01:25:39 Job executing on host: MPI_job
...
008 (295101.000.000) 2025-01-31 01:25:41 Launching orted on Node 2 of 4
...
008 (295101.000.000) 2025-01-31 01:25:41 Launching orted on Node 0 of 4
...
008 (295101.000.000) 2025-01-31 01:25:41 Launching orted on Node 1 of 4
...
008 (295101.000.000) 2025-01-31 01:25:41 Launching orted on Node 3 of 4
...
008 (295101.000.000) 2025-01-31 01:26:02 orted exited on Node 3 of 4
...
008 (295101.000.000) 2025-01-31 01:26:02 orted exited on Node 0 of 4
...
008 (295101.000.000) 2025-01-31 01:26:02 orted exited on Node 1 of 4
...
008 (295101.000.000) 2025-01-31 01:26:02 orted exited on Node 2 of 4
...
015 (295101.000.002) 2025-01-31 01:26:02 Node 2 terminated.
	(1) Normal termination (return value 0)
		Usr 0 00:01:02, Sys 0 00:00:00  -  Run Remote Usage
		Usr 0 00:00:00, Sys 0 00:00:00  -  Run Local Usage
		Usr 0 00:01:02, Sys 0 00:00:00  -  Total Remote Usage
		Usr 0 00:00:00, Sys 0 00:00:00  -  Total Local Usage
	2355  -  Run Bytes Sent By Node
	33831  -  Run Bytes Received By Node
	2355  -  Total Bytes Sent By Node
	33831  -  Total Bytes Received By Node
...
015 (295101.000.000) 2025-01-31 01:26:02 Node 0 terminated.
	(1) Normal termination (return value 0)
		Usr 0 00:00:06, Sys 0 00:00:01  -  Run Remote Usage
		Usr 0 00:00:00, Sys 0 00:00:00  -  Run Local Usage
		Usr 0 00:00:06, Sys 0 00:00:01  -  Total Remote Usage
		Usr 0 00:00:00, Sys 0 00:00:00  -  Total Local Usage
	3432  -  Run Bytes Sent By Node
	33831  -  Run Bytes Received By Node
	3432  -  Total Bytes Sent By Node
	33831  -  Total Bytes Received By Node
...
005 (295101.000.000) 2025-01-31 01:26:02 Job terminated.
	(1) Normal termination (return value 0)
		Usr 0 00:03:13, Sys 0 00:00:01  -  Run Remote Usage
		Usr 0 00:00:00, Sys 0 00:00:00  -  Run Local Usage
		Usr 0 00:00:01, Sys 0 00:00:01  -  Total Remote Usage
		Usr 0 00:00:00, Sys 0 00:00:00  -  Total Local Usage
	5787  -  Run Bytes Sent By Job
	135324  -  Run Bytes Received By Job
	5787  -  Total Bytes Sent By Job
	135324  -  Total Bytes Received By Job
	Partitionable Resources :    Usage  Request Allocated 
	   Cpus                 :                 1         1 
	   Disk (KB)            :       51       35    391050 
	   Memory (MB)          :      272       86     40960 

	Job terminated of its own accord at 2025-01-31T01:26:02Z with exit-code 0.
...
