000 (281836.000.000) 2025-01-26 15:09:00 Job submitted from host: <192.168.0.102:9618?addrs=192.168.0.102-9618&alias=submitter&noUDP&sock=schedd_2032_5c88>
...
014 (281836.000.002) 2025-01-26 15:09:02 Node 2 executing on host: <192.168.0.106:9618?addrs=192.168.0.106-9618&alias=node106.di.rm1&noUDP&sock=startd_1970_d5a9>
...
014 (281836.000.001) 2025-01-26 15:09:02 Node 1 executing on host: <192.168.0.114:9618?addrs=192.168.0.114-9618&alias=node114.di.rm1&noUDP&sock=startd_2075_db1b>
...
014 (281836.000.003) 2025-01-26 15:09:02 Node 3 executing on host: <192.168.0.111:9618?addrs=192.168.0.111-9618&alias=node111.di.rm1&noUDP&sock=startd_2044_97ab>
...
014 (281836.000.000) 2025-01-26 15:09:02 Node 0 executing on host: <192.168.0.145:9618?addrs=192.168.0.145-9618&alias=node145.di.rm1&noUDP&sock=startd_1869_8e98>
...
001 (281836.000.000) 2025-01-26 15:09:02 Job executing on host: MPI_job
...
008 (281836.000.000) 2025-01-26 15:09:04 Launching orted on Node 2 of 4
...
008 (281836.000.000) 2025-01-26 15:09:04 Launching orted on Node 3 of 4
...
008 (281836.000.000) 2025-01-26 15:09:04 Launching orted on Node 1 of 4
...
008 (281836.000.000) 2025-01-26 15:09:05 Launching orted on Node 0 of 4
...
008 (281836.000.000) 2025-01-26 15:09:12 orted exited on Node 2 of 4
...
008 (281836.000.000) 2025-01-26 15:09:12 orted exited on Node 1 of 4
...
008 (281836.000.000) 2025-01-26 15:09:12 orted exited on Node 0 of 4
...
008 (281836.000.000) 2025-01-26 15:09:12 orted exited on Node 3 of 4
...
015 (281836.000.002) 2025-01-26 15:09:13 Node 2 terminated.
	(1) Normal termination (return value 0)
		Usr 0 00:00:07, Sys 0 00:00:00  -  Run Remote Usage
		Usr 0 00:00:00, Sys 0 00:00:00  -  Run Local Usage
		Usr 0 00:00:07, Sys 0 00:00:00  -  Total Remote Usage
		Usr 0 00:00:00, Sys 0 00:00:00  -  Total Local Usage
	2165  -  Run Bytes Sent By Node
	33711  -  Run Bytes Received By Node
	2165  -  Total Bytes Sent By Node
	33711  -  Total Bytes Received By Node
...
015 (281836.000.001) 2025-01-26 15:09:13 Node 1 terminated.
	(1) Normal termination (return value 0)
		Usr 0 00:00:07, Sys 0 00:00:00  -  Run Remote Usage
		Usr 0 00:00:00, Sys 0 00:00:00  -  Run Local Usage
		Usr 0 00:00:07, Sys 0 00:00:00  -  Total Remote Usage
		Usr 0 00:00:00, Sys 0 00:00:00  -  Total Local Usage
	2165  -  Run Bytes Sent By Node
	33711  -  Run Bytes Received By Node
	2165  -  Total Bytes Sent By Node
	33711  -  Total Bytes Received By Node
...
015 (281836.000.003) 2025-01-26 15:09:13 Node 3 terminated.
	(1) Normal termination (return value 0)
		Usr 0 00:00:08, Sys 0 00:00:00  -  Run Remote Usage
		Usr 0 00:00:00, Sys 0 00:00:00  -  Run Local Usage
		Usr 0 00:00:08, Sys 0 00:00:00  -  Total Remote Usage
		Usr 0 00:00:00, Sys 0 00:00:00  -  Total Local Usage
	2187  -  Run Bytes Sent By Node
	33711  -  Run Bytes Received By Node
	2187  -  Total Bytes Sent By Node
	33711  -  Total Bytes Received By Node
...
015 (281836.000.000) 2025-01-26 15:09:13 Node 0 terminated.
	(1) Normal termination (return value 0)
		Usr 0 00:00:05, Sys 0 00:00:00  -  Run Remote Usage
		Usr 0 00:00:00, Sys 0 00:00:00  -  Run Local Usage
		Usr 0 00:00:05, Sys 0 00:00:00  -  Total Remote Usage
		Usr 0 00:00:00, Sys 0 00:00:00  -  Total Local Usage
	3259  -  Run Bytes Sent By Node
	33711  -  Run Bytes Received By Node
	3259  -  Total Bytes Sent By Node
	33711  -  Total Bytes Received By Node
...
005 (281836.000.000) 2025-01-26 15:09:13 Job terminated.
	(1) Normal termination (return value 0)
		Usr 0 00:00:27, Sys 0 00:00:00  -  Run Remote Usage
		Usr 0 00:00:00, Sys 0 00:00:00  -  Run Local Usage
		Usr 0 00:00:05, Sys 0 00:00:00  -  Total Remote Usage
		Usr 0 00:00:00, Sys 0 00:00:00  -  Total Local Usage
	9776  -  Run Bytes Sent By Job
	134844  -  Run Bytes Received By Job
	9776  -  Total Bytes Sent By Job
	134844  -  Total Bytes Received By Job
	Partitionable Resources :    Usage  Request Allocated 
	   Cpus                 :                 1         1 
	   Disk (KB)            :       50       35    462663 
	   Memory (MB)          :      269      270     53248 

	Job terminated of its own accord at 2025-01-26T15:09:13Z with exit-code 0.
...
