000 (289906.000.000) 2025-01-29 11:54:03 Job submitted from host: <192.168.0.102:9618?addrs=192.168.0.102-9618&alias=submitter&noUDP&sock=schedd_2032_5c88>
...
014 (289906.000.001) 2025-01-29 11:54:10 Node 1 executing on host: <192.168.0.112:9618?addrs=192.168.0.112-9618&alias=node112.di.rm1&noUDP&sock=startd_2169_5502>
...
014 (289906.000.000) 2025-01-29 11:54:10 Node 0 executing on host: <192.168.0.141:9618?addrs=192.168.0.141-9618&alias=node141.di.rm1&noUDP&sock=startd_2077_3a4b>
...
014 (289906.000.003) 2025-01-29 11:54:10 Node 3 executing on host: <192.168.0.142:9618?addrs=192.168.0.142-9618&alias=node142.di.rm1&noUDP&sock=startd_1996_ab1f>
...
014 (289906.000.002) 2025-01-29 11:54:10 Node 2 executing on host: <192.168.0.143:9618?addrs=192.168.0.143-9618&alias=node143.di.rm1&noUDP&sock=startd_2061_40c7>
...
001 (289906.000.000) 2025-01-29 11:54:10 Job executing on host: MPI_job
...
008 (289906.000.000) 2025-01-29 11:54:12 Launching orted on Node 1 of 4
...
008 (289906.000.000) 2025-01-29 11:54:12 Launching orted on Node 0 of 4
...
008 (289906.000.000) 2025-01-29 11:54:12 Launching orted on Node 3 of 4
...
008 (289906.000.000) 2025-01-29 11:54:13 Launching orted on Node 2 of 4
...
008 (289906.000.000) 2025-01-29 11:54:14 orted exited on Node 1 of 4
...
008 (289906.000.000) 2025-01-29 11:54:14 orted exited on Node 0 of 4
...
008 (289906.000.000) 2025-01-29 11:54:14 orted exited on Node 3 of 4
...
008 (289906.000.000) 2025-01-29 11:54:14 orted exited on Node 2 of 4
...
015 (289906.000.001) 2025-01-29 11:54:14 Node 1 terminated.
	(1) Normal termination (return value 0)
		Usr 0 00:00:00, Sys 0 00:00:01  -  Run Remote Usage
		Usr 0 00:00:00, Sys 0 00:00:00  -  Run Local Usage
		Usr 0 00:00:00, Sys 0 00:00:01  -  Total Remote Usage
		Usr 0 00:00:00, Sys 0 00:00:00  -  Total Local Usage
	2363  -  Run Bytes Sent By Node
	33791  -  Run Bytes Received By Node
	2363  -  Total Bytes Sent By Node
	33791  -  Total Bytes Received By Node
...
015 (289906.000.003) 2025-01-29 11:54:14 Node 3 terminated.
	(1) Normal termination (return value 0)
		Usr 0 00:00:00, Sys 0 00:00:01  -  Run Remote Usage
		Usr 0 00:00:00, Sys 0 00:00:00  -  Run Local Usage
		Usr 0 00:00:00, Sys 0 00:00:01  -  Total Remote Usage
		Usr 0 00:00:00, Sys 0 00:00:00  -  Total Local Usage
	2341  -  Run Bytes Sent By Node
	33791  -  Run Bytes Received By Node
	2341  -  Total Bytes Sent By Node
	33791  -  Total Bytes Received By Node
...
015 (289906.000.000) 2025-01-29 11:54:14 Node 0 terminated.
	(1) Normal termination (return value 0)
		Usr 0 00:00:00, Sys 0 00:00:00  -  Run Remote Usage
		Usr 0 00:00:00, Sys 0 00:00:00  -  Run Local Usage
		Usr 0 00:00:00, Sys 0 00:00:00  -  Total Remote Usage
		Usr 0 00:00:00, Sys 0 00:00:00  -  Total Local Usage
	4008  -  Run Bytes Sent By Node
	33791  -  Run Bytes Received By Node
	4008  -  Total Bytes Sent By Node
	33791  -  Total Bytes Received By Node
...
005 (289906.000.000) 2025-01-29 11:54:14 Job terminated.
	(1) Normal termination (return value 0)
		Usr 0 00:00:00, Sys 0 00:00:04  -  Run Remote Usage
		Usr 0 00:00:00, Sys 0 00:00:00  -  Run Local Usage
		Usr 0 00:00:00, Sys 0 00:00:00  -  Total Remote Usage
		Usr 0 00:00:00, Sys 0 00:00:00  -  Total Local Usage
	8712  -  Run Bytes Sent By Job
	135164  -  Run Bytes Received By Job
	8712  -  Total Bytes Sent By Job
	135164  -  Total Bytes Received By Job
	Partitionable Resources :    Usage  Request Allocated 
	   Cpus                 :                 8         8 
	   Disk (KB)            :       51       35    459831 
	   Memory (MB)          :        0        0       128 

	Job terminated of its own accord at 2025-01-29T11:54:14Z with exit-code 0.
...
