000 (271027.000.000) 2025-01-22 00:35:34 Job submitted from host: <192.168.0.102:9618?addrs=192.168.0.102-9618&alias=submitter&noUDP&sock=schedd_2032_5c88>
...
001 (271027.000.000) 2025-01-22 00:35:35 Job executing on host: <192.168.0.151:9618?addrs=192.168.0.151-9618&alias=node151.di.rm1&noUDP&sock=startd_1528_a8cd>
...
006 (271027.000.000) 2025-01-22 00:35:43 Image size of job updated: 377224
	369  -  MemoryUsage of job (MB)
	377224  -  ResidentSetSize of job (KB)
...
006 (271027.000.000) 2025-01-22 00:36:36 Image size of job updated: 662484
	369  -  MemoryUsage of job (MB)
	377620  -  ResidentSetSize of job (KB)
...
004 (271027.000.000) 2025-01-22 00:36:36 Job was evicted.
	(0) CPU times
		Usr 0 00:06:26, Sys 0 00:00:01  -  Run Remote Usage
		Usr 0 00:00:00, Sys 0 00:00:00  -  Run Local Usage
	0  -  Run Bytes Sent By Job
	0  -  Run Bytes Received By Job
	Partitionable Resources :    Usage  Request Allocated 
	   Cpus                 :                 1         1 
	   Disk (KB)            :       27       27    474791 
	   Memory (MB)          :      369        1       128 
...
009 (271027.000.000) 2025-01-22 00:36:36 Job was aborted.
	via condor_rm (by user calzona_2046920)
...
