000 (268203.000.000) 2025-01-21 21:39:33 Job submitted from host: <192.168.0.102:9618?addrs=192.168.0.102-9618&alias=submitter&noUDP&sock=schedd_2032_5c88>
...
009 (268203.000.000) 2025-01-21 21:39:41 Job was aborted.
	via condor_rm (by user calzona_2046920)
...
000 (268384.000.000) 2025-01-21 21:45:41 Job submitted from host: <192.168.0.102:9618?addrs=192.168.0.102-9618&alias=submitter&noUDP&sock=schedd_2032_5c88>
...
001 (268384.000.000) 2025-01-21 21:45:45 Job executing on host: <192.168.0.112:9618?addrs=192.168.0.112-9618&alias=node112.di.rm1&noUDP&sock=startd_2169_5502>
...
006 (268384.000.000) 2025-01-21 21:45:54 Image size of job updated: 214844
	204  -  MemoryUsage of job (MB)
	208020  -  ResidentSetSize of job (KB)
...
005 (268384.000.000) 2025-01-21 21:45:56 Job terminated.
	(1) Normal termination (return value 0)
		Usr 0 00:00:10, Sys 0 00:00:00  -  Run Remote Usage
		Usr 0 00:00:00, Sys 0 00:00:00  -  Run Local Usage
		Usr 0 00:00:10, Sys 0 00:00:00  -  Total Remote Usage
		Usr 0 00:00:00, Sys 0 00:00:00  -  Total Local Usage
	0  -  Run Bytes Sent By Job
	0  -  Run Bytes Received By Job
	0  -  Total Bytes Sent By Job
	0  -  Total Bytes Received By Job
	Partitionable Resources :    Usage  Request Allocated 
	   Cpus                 :                 1         1 
	   Disk (KB)            :       27       27    437925 
	   Gpus (Average)       :                 0         0 
	   Memory (MB)          :      204        1       128 

	Job terminated of its own accord at 2025-01-21T21:45:56Z with exit-code 0.
...
