000 (280984.000.000) 2025-01-25 18:27:12 Job submitted from host: <192.168.0.102:9618?addrs=192.168.0.102-9618&alias=submitter&noUDP&sock=schedd_2032_5c88>
...
014 (280984.000.001) 2025-01-25 18:27:14 Node 1 executing on host: <192.168.0.109:9618?addrs=192.168.0.109-9618&alias=node109.di.rm1&noUDP&sock=startd_1627_90ad>
...
014 (280984.000.002) 2025-01-25 18:27:14 Node 2 executing on host: <192.168.0.149:9618?addrs=192.168.0.149-9618&alias=node149.di.rm1&noUDP&sock=startd_1551_6f7a>
...
014 (280984.000.000) 2025-01-25 18:27:14 Node 0 executing on host: <192.168.0.124:9618?addrs=192.168.0.124-9618&alias=node124.di.rm1&noUDP&sock=startd_2143_7f8b>
...
014 (280984.000.003) 2025-01-25 18:27:15 Node 3 executing on host: <192.168.0.113:9618?addrs=192.168.0.113-9618&alias=node113.di.rm1&noUDP&sock=startd_3668932_c305>
...
001 (280984.000.000) 2025-01-25 18:27:15 Job executing on host: MPI_job
...
008 (280984.000.000) 2025-01-25 18:27:17 Launching orted on Node 1 of 4
...
008 (280984.000.000) 2025-01-25 18:27:17 Launching orted on Node 2 of 4
...
008 (280984.000.000) 2025-01-25 18:27:17 Launching orted on Node 0 of 4
...
008 (280984.000.000) 2025-01-25 18:27:17 Launching orted on Node 3 of 4
...
008 (280984.000.000) 2025-01-25 18:29:11 orted exited on Node 2 of 4
...
008 (280984.000.000) 2025-01-25 18:29:11 orted exited on Node 0 of 4
...
008 (280984.000.000) 2025-01-25 18:29:11 orted exited on Node 3 of 4
...
008 (280984.000.000) 2025-01-25 18:29:11 orted exited on Node 1 of 4
...
015 (280984.000.001) 2025-01-25 18:29:11 Node 1 terminated.
	(1) Normal termination (return value 0)
		Usr 0 00:01:50, Sys 0 00:00:04  -  Run Remote Usage
		Usr 0 00:00:00, Sys 0 00:00:00  -  Run Local Usage
		Usr 0 00:01:50, Sys 0 00:00:04  -  Total Remote Usage
		Usr 0 00:00:00, Sys 0 00:00:00  -  Total Local Usage
	2165  -  Run Bytes Sent By Node
	33639  -  Run Bytes Received By Node
	2165  -  Total Bytes Sent By Node
	33639  -  Total Bytes Received By Node
...
015 (280984.000.000) 2025-01-25 18:29:11 Node 0 terminated.
	(1) Normal termination (return value 0)
		Usr 0 00:00:00, Sys 0 00:00:00  -  Run Remote Usage
		Usr 0 00:00:00, Sys 0 00:00:00  -  Run Local Usage
		Usr 0 00:00:00, Sys 0 00:00:00  -  Total Remote Usage
		Usr 0 00:00:00, Sys 0 00:00:00  -  Total Local Usage
	3310  -  Run Bytes Sent By Node
	33639  -  Run Bytes Received By Node
	3310  -  Total Bytes Sent By Node
	33639  -  Total Bytes Received By Node
...
005 (280984.000.000) 2025-01-25 18:29:11 Job terminated.
	(1) Normal termination (return value 0)
		Usr 0 00:05:31, Sys 0 00:00:09  -  Run Remote Usage
		Usr 0 00:00:00, Sys 0 00:00:00  -  Run Local Usage
		Usr 0 00:00:00, Sys 0 00:00:00  -  Total Remote Usage
		Usr 0 00:00:00, Sys 0 00:00:00  -  Total Local Usage
	5475  -  Run Bytes Sent By Job
	134556  -  Run Bytes Received By Job
	5475  -  Total Bytes Sent By Job
	134556  -  Total Bytes Received By Job
	Partitionable Resources :    Usage  Request Allocated 
	   Cpus                 :                 1         2 
	   Disk (KB)            :       50       35 102856100 
	   GPUs                 :                           0 
	   Memory (MB)          :      269      284    100096 

	Job terminated of its own accord at 2025-01-25T18:29:11Z with exit-code 0.
...
000 (288193.000.000) 2025-01-28 18:52:22 Job submitted from host: <192.168.0.102:9618?addrs=192.168.0.102-9618&alias=submitter&noUDP&sock=schedd_2032_5c88>
...
014 (288193.000.002) 2025-01-28 18:52:26 Node 2 executing on host: <192.168.0.104:9618?addrs=192.168.0.104-9618&alias=node104.di.rm1&noUDP&sock=startd_1987_7ec5>
...
014 (288193.000.001) 2025-01-28 18:52:26 Node 1 executing on host: <192.168.0.139:9618?addrs=192.168.0.139-9618&alias=node139.di.rm1&noUDP&sock=startd_1966_1748>
...
014 (288193.000.003) 2025-01-28 18:52:26 Node 3 executing on host: <192.168.0.134:9618?addrs=192.168.0.134-9618&alias=node134.di.rm1&noUDP&sock=startd_2073_7bea>
...
014 (288193.000.000) 2025-01-28 18:52:26 Node 0 executing on host: <192.168.0.123:9618?addrs=192.168.0.123-9618&alias=node123.di.rm1&noUDP&sock=startd_2149_9d1d>
...
001 (288193.000.000) 2025-01-28 18:52:26 Job executing on host: MPI_job
...
008 (288193.000.000) 2025-01-28 18:52:28 Launching orted on Node 2 of 4
...
008 (288193.000.000) 2025-01-28 18:52:28 Launching orted on Node 3 of 4
...
008 (288193.000.000) 2025-01-28 18:52:28 Launching orted on Node 1 of 4
...
008 (288193.000.000) 2025-01-28 18:52:28 Launching orted on Node 0 of 4
...
008 (288193.000.000) 2025-01-28 18:54:19 orted exited on Node 0 of 4
...
008 (288193.000.000) 2025-01-28 18:54:19 orted exited on Node 2 of 4
...
008 (288193.000.000) 2025-01-28 18:54:19 orted exited on Node 1 of 4
...
008 (288193.000.000) 2025-01-28 18:54:19 orted exited on Node 3 of 4
...
015 (288193.000.003) 2025-01-28 18:54:19 Node 3 terminated.
	(1) Normal termination (return value 0)
		Usr 0 00:01:49, Sys 0 00:00:02  -  Run Remote Usage
		Usr 0 00:00:00, Sys 0 00:00:00  -  Run Local Usage
		Usr 0 00:01:49, Sys 0 00:00:02  -  Total Remote Usage
		Usr 0 00:00:00, Sys 0 00:00:00  -  Total Local Usage
	2165  -  Run Bytes Sent By Node
	33631  -  Run Bytes Received By Node
	2165  -  Total Bytes Sent By Node
	33631  -  Total Bytes Received By Node
...
015 (288193.000.000) 2025-01-28 18:54:19 Node 0 terminated.
	(1) Normal termination (return value 0)
		Usr 0 00:00:00, Sys 0 00:00:01  -  Run Remote Usage
		Usr 0 00:00:00, Sys 0 00:00:00  -  Run Local Usage
		Usr 0 00:00:00, Sys 0 00:00:01  -  Total Remote Usage
		Usr 0 00:00:00, Sys 0 00:00:00  -  Total Local Usage
	3310  -  Run Bytes Sent By Node
	33631  -  Run Bytes Received By Node
	3310  -  Total Bytes Sent By Node
	33631  -  Total Bytes Received By Node
...
005 (288193.000.000) 2025-01-28 18:54:19 Job terminated.
	(1) Normal termination (return value 0)
		Usr 0 00:05:25, Sys 0 00:00:09  -  Run Remote Usage
		Usr 0 00:00:00, Sys 0 00:00:00  -  Run Local Usage
		Usr 0 00:00:00, Sys 0 00:00:01  -  Total Remote Usage
		Usr 0 00:00:00, Sys 0 00:00:00  -  Total Local Usage
	5475  -  Run Bytes Sent By Job
	134524  -  Run Bytes Received By Job
	5475  -  Total Bytes Sent By Job
	134524  -  Total Bytes Received By Job
	Partitionable Resources :    Usage  Request Allocated 
	   Cpus                 :                 1         2 
	   Disk (KB)            :       51       35 102979196 
	   GPUs                 :                           0 
	   Memory (MB)          :      284      300    100096 

	Job terminated of its own accord at 2025-01-28T18:54:19Z with exit-code 0.
...
