000 (270506.000.000) 2025-01-22 00:00:38 Job submitted from host: <192.168.0.102:9618?addrs=192.168.0.102-9618&alias=submitter&noUDP&sock=schedd_2032_5c88>
...
001 (270506.000.000) 2025-01-22 00:00:40 Job executing on host: <192.168.0.120:9618?addrs=192.168.0.120-9618&alias=node120.di.rm1&noUDP&sock=startd_2096_4298>
...
006 (270506.000.000) 2025-01-22 00:00:48 Image size of job updated: 1458852
	414  -  MemoryUsage of job (MB)
	423720  -  ResidentSetSize of job (KB)
...
006 (270506.000.000) 2025-01-22 00:01:40 Image size of job updated: 3693644
	415  -  MemoryUsage of job (MB)
	424512  -  ResidentSetSize of job (KB)
...
004 (270506.000.000) 2025-01-22 00:01:40 Job was evicted.
	(0) CPU times
		Usr 0 00:00:58, Sys 0 00:00:00  -  Run Remote Usage
		Usr 0 00:00:00, Sys 0 00:00:00  -  Run Local Usage
	0  -  Run Bytes Sent By Job
	0  -  Run Bytes Received By Job
	Partitionable Resources :    Usage  Request Allocated 
	   Cpus                 :                 1         1 
	   Disk (KB)            :       27       27    459052 
	   Gpus (Average)       :                 0         0 
	   Memory (MB)          :      415        1       128 
...
009 (270506.000.000) 2025-01-22 00:01:40 Job was aborted.
	via condor_rm (by user calzona_2046920)
...
000 (276660.000.000) 2025-01-24 05:08:26 Job submitted from host: <192.168.0.102:9618?addrs=192.168.0.102-9618&alias=submitter&noUDP&sock=schedd_2032_5c88>
...
001 (276660.000.000) 2025-01-24 05:08:27 Job executing on host: <192.168.0.148:9618?addrs=192.168.0.148-9618&alias=node148.di.rm1&noUDP&sock=startd_1547_b119>
...
006 (276660.000.000) 2025-01-24 05:08:36 Image size of job updated: 1118112
	415  -  MemoryUsage of job (MB)
	424644  -  ResidentSetSize of job (KB)
...
006 (276660.000.000) 2025-01-24 05:10:28 Image size of job updated: 6202136
	415  -  MemoryUsage of job (MB)
	424644  -  ResidentSetSize of job (KB)
...
004 (276660.000.000) 2025-01-24 05:10:28 Job was evicted.
	(0) CPU times
		Usr 0 00:01:57, Sys 0 00:00:02  -  Run Remote Usage
		Usr 0 00:00:00, Sys 0 00:00:00  -  Run Local Usage
	0  -  Run Bytes Sent By Job
	0  -  Run Bytes Received By Job
	Partitionable Resources :    Usage  Request Allocated 
	   Cpus                 :                 1         1 
	   Disk (KB)            :       27       27    467548 
	   Memory (MB)          :      415        1       128 
...
009 (276660.000.000) 2025-01-24 05:10:28 Job was aborted.
	via condor_rm (by user calzona_2046920)
...
