000 (264130.000.000) 2025-01-17 11:21:15 Job submitted from host: <192.168.0.102:9618?addrs=192.168.0.102-9618&alias=submitter&noUDP&sock=schedd_2032_5c88>
...
001 (264130.000.000) 2025-01-17 11:21:17 Job executing on host: <192.168.0.135:9618?addrs=192.168.0.135-9618&alias=node135.di.rm1&noUDP&sock=startd_2000_6980>
...
006 (264130.000.000) 2025-01-17 11:21:26 Image size of job updated: 1361668
	394  -  MemoryUsage of job (MB)
	402864  -  ResidentSetSize of job (KB)
...
006 (264130.000.000) 2025-01-17 11:26:36 Image size of job updated: 10447580
	9088  -  MemoryUsage of job (MB)
	9305280  -  ResidentSetSize of job (KB)
...
006 (264130.000.000) 2025-01-17 11:31:35 Image size of job updated: 12175124
	10586  -  MemoryUsage of job (MB)
	10840012  -  ResidentSetSize of job (KB)
...
006 (264130.000.000) 2025-01-17 11:33:32 Image size of job updated: 12673572
	10587  -  MemoryUsage of job (MB)
	10840144  -  ResidentSetSize of job (KB)
...
004 (264130.000.000) 2025-01-17 11:33:32 Job was evicted.
	(0) CPU times
		Usr 0 00:04:57, Sys 0 00:02:54  -  Run Remote Usage
		Usr 0 00:00:00, Sys 0 00:00:00  -  Run Local Usage
	0  -  Run Bytes Sent By Job
	0  -  Run Bytes Received By Job
	Partitionable Resources :    Usage  Request Allocated 
	   Cpus                 :     1.00        1         1 
	   Disk (KB)            :    27          27    470875 
	   Memory (MB)          : 10587           1       128 
...
009 (264130.000.000) 2025-01-17 11:33:32 Job was aborted.
	via condor_rm (by user calzona_2046920)
...
