000 (270380.000.000) 2025-01-21 23:47:16 Job submitted from host: <192.168.0.102:9618?addrs=192.168.0.102-9618&alias=submitter&noUDP&sock=schedd_2032_5c88>
...
001 (270380.000.000) 2025-01-21 23:47:36 Job executing on host: <192.168.0.151:9618?addrs=192.168.0.151-9618&alias=node151.di.rm1&noUDP&sock=startd_1528_a8cd>
...
006 (270380.000.000) 2025-01-21 23:47:44 Image size of job updated: 79464
	78  -  MemoryUsage of job (MB)
	79464  -  ResidentSetSize of job (KB)
...
006 (270380.000.000) 2025-01-21 23:48:17 Image size of job updated: 101800
	78  -  MemoryUsage of job (MB)
	79464  -  ResidentSetSize of job (KB)
...
004 (270380.000.000) 2025-01-21 23:48:17 Job was evicted.
	(0) CPU times
		Usr 0 00:02:35, Sys 0 00:00:00  -  Run Remote Usage
		Usr 0 00:00:00, Sys 0 00:00:00  -  Run Local Usage
	0  -  Run Bytes Sent By Job
	0  -  Run Bytes Received By Job
	Partitionable Resources :    Usage  Request Allocated 
	   Cpus                 :                 1         1 
	   Disk (KB)            :       27       27    474791 
	   Memory (MB)          :       78        1       128 
...
009 (270380.000.000) 2025-01-21 23:48:18 Job was aborted.
	via condor_rm (by user calzona_2046920)
...
000 (276534.000.000) 2025-01-24 04:43:24 Job submitted from host: <192.168.0.102:9618?addrs=192.168.0.102-9618&alias=submitter&noUDP&sock=schedd_2032_5c88>
...
001 (276534.000.000) 2025-01-24 04:43:34 Job executing on host: <192.168.0.122:9618?addrs=192.168.0.122-9618&alias=node122.di.rm1&noUDP&sock=startd_2134_5331>
...
006 (276534.000.000) 2025-01-24 04:43:42 Image size of job updated: 82400
	77  -  MemoryUsage of job (MB)
	78308  -  ResidentSetSize of job (KB)
...
006 (276534.000.000) 2025-01-24 04:44:40 Image size of job updated: 101800
	77  -  MemoryUsage of job (MB)
	78308  -  ResidentSetSize of job (KB)
...
005 (276534.000.000) 2025-01-24 04:44:40 Job terminated.
	(1) Normal termination (return value 0)
		Usr 0 00:04:18, Sys 0 00:00:00  -  Run Remote Usage
		Usr 0 00:00:00, Sys 0 00:00:00  -  Run Local Usage
		Usr 0 00:04:18, Sys 0 00:00:00  -  Total Remote Usage
		Usr 0 00:00:00, Sys 0 00:00:00  -  Total Local Usage
	0  -  Run Bytes Sent By Job
	0  -  Run Bytes Received By Job
	0  -  Total Bytes Sent By Job
	0  -  Total Bytes Received By Job
	Partitionable Resources :    Usage  Request Allocated 
	   Cpus                 :                 1         1 
	   Disk (KB)            :       27       27    499915 
	   Gpus (Average)       :                 0         0 
	   Memory (MB)          :       77        1       128 

	Job terminated of its own accord at 2025-01-24T04:44:40Z with exit-code 0.
...
