000 (280720.000.000) 2025-01-25 17:29:08 Job submitted from host: <192.168.0.102:9618?addrs=192.168.0.102-9618&alias=submitter&noUDP&sock=schedd_2032_5c88>
...
014 (280720.000.000) 2025-01-25 17:29:11 Node 0 executing on host: <192.168.0.109:9618?addrs=192.168.0.109-9618&alias=node109.di.rm1&noUDP&sock=startd_1627_90ad>
...
014 (280720.000.001) 2025-01-25 17:29:11 Node 1 executing on host: <192.168.0.109:9618?addrs=192.168.0.109-9618&alias=node109.di.rm1&noUDP&sock=startd_1627_90ad>
...
001 (280720.000.000) 2025-01-25 17:29:11 Job executing on host: MPI_job
...
008 (280720.000.000) 2025-01-25 17:29:13 Launching orted on Node 1 of 2
...
008 (280720.000.000) 2025-01-25 17:29:13 Launching orted on Node 0 of 2
...
008 (280720.000.000) 2025-01-25 17:29:18 orted exited on Node 1 of 2
...
008 (280720.000.000) 2025-01-25 17:29:18 orted exited on Node 0 of 2
...
015 (280720.000.001) 2025-01-25 17:29:18 Node 1 terminated.
	(1) Normal termination (return value 0)
		Usr 0 00:00:04, Sys 0 00:00:00  -  Run Remote Usage
		Usr 0 00:00:00, Sys 0 00:00:00  -  Run Local Usage
		Usr 0 00:00:04, Sys 0 00:00:00  -  Total Remote Usage
		Usr 0 00:00:00, Sys 0 00:00:00  -  Total Local Usage
	0  -  Run Bytes Sent By Node
	33639  -  Run Bytes Received By Node
	0  -  Total Bytes Sent By Node
	33639  -  Total Bytes Received By Node
...
015 (280720.000.000) 2025-01-25 17:29:18 Node 0 terminated.
	(1) Normal termination (return value 0)
		Usr 0 00:00:00, Sys 0 00:00:01  -  Run Remote Usage
		Usr 0 00:00:00, Sys 0 00:00:00  -  Run Local Usage
		Usr 0 00:00:00, Sys 0 00:00:01  -  Total Remote Usage
		Usr 0 00:00:00, Sys 0 00:00:00  -  Total Local Usage
	3256  -  Run Bytes Sent By Node
	33639  -  Run Bytes Received By Node
	3256  -  Total Bytes Sent By Node
	33639  -  Total Bytes Received By Node
...
005 (280720.000.000) 2025-01-25 17:29:18 Job terminated.
	(1) Normal termination (return value 0)
		Usr 0 00:00:04, Sys 0 00:00:01  -  Run Remote Usage
		Usr 0 00:00:00, Sys 0 00:00:00  -  Run Local Usage
		Usr 0 00:00:00, Sys 0 00:00:01  -  Total Remote Usage
		Usr 0 00:00:00, Sys 0 00:00:00  -  Total Local Usage
	3256  -  Run Bytes Sent By Job
	67278  -  Run Bytes Received By Job
	3256  -  Total Bytes Sent By Job
	67278  -  Total Bytes Received By Job
	Partitionable Resources :    Usage  Request Allocated 
	   Cpus                 :                 1         1 
	   Disk (KB)            :       49       35    468160 
	   Memory (MB)          :        0        0     40960 

	Job terminated of its own accord at 2025-01-25T17:29:18Z with exit-code 0.
...
