000 (295185.000.000) 2025-01-31 01:40:12 Job submitted from host: <192.168.0.102:9618?addrs=192.168.0.102-9618&alias=submitter&noUDP&sock=schedd_4045053_7bc0>
...
014 (295185.000.001) 2025-01-31 01:40:19 Node 1 executing on host: <192.168.0.151:9618?addrs=192.168.0.151-9618&alias=node151.di.rm1&noUDP&sock=startd_1528_a8cd>
...
014 (295185.000.000) 2025-01-31 01:40:19 Node 0 executing on host: <192.168.0.112:9618?addrs=192.168.0.112-9618&alias=node112.di.rm1&noUDP&sock=startd_2169_5502>
...
014 (295185.000.003) 2025-01-31 01:40:19 Node 3 executing on host: <192.168.0.112:9618?addrs=192.168.0.112-9618&alias=node112.di.rm1&noUDP&sock=startd_2169_5502>
...
014 (295185.000.002) 2025-01-31 01:40:19 Node 2 executing on host: <192.168.0.147:9618?addrs=192.168.0.147-9618&alias=node147.di.rm1&noUDP&sock=startd_1513_5ee1>
...
001 (295185.000.000) 2025-01-31 01:40:19 Job executing on host: MPI_job
...
008 (295185.000.000) 2025-01-31 01:40:21 Launching orted on Node 3 of 4
...
008 (295185.000.000) 2025-01-31 01:40:21 Launching orted on Node 0 of 4
...
008 (295185.000.000) 2025-01-31 01:40:21 Launching orted on Node 1 of 4
...
008 (295185.000.000) 2025-01-31 01:40:21 Launching orted on Node 2 of 4
...
008 (295185.000.000) 2025-01-31 01:40:22 orted exited on Node 3 of 4
...
008 (295185.000.000) 2025-01-31 01:40:22 orted exited on Node 0 of 4
...
008 (295185.000.000) 2025-01-31 01:40:22 orted exited on Node 1 of 4
...
008 (295185.000.000) 2025-01-31 01:40:22 orted exited on Node 2 of 4
...
015 (295185.000.003) 2025-01-31 01:40:22 Node 3 terminated.
	(1) Normal termination (return value 0)
		Usr 0 00:00:01, Sys 0 00:00:00  -  Run Remote Usage
		Usr 0 00:00:00, Sys 0 00:00:00  -  Run Local Usage
		Usr 0 00:00:01, Sys 0 00:00:00  -  Total Remote Usage
		Usr 0 00:00:00, Sys 0 00:00:00  -  Total Local Usage
	22  -  Run Bytes Sent By Node
	33831  -  Run Bytes Received By Node
	22  -  Total Bytes Sent By Node
	33831  -  Total Bytes Received By Node
...
015 (295185.000.000) 2025-01-31 01:40:22 Node 0 terminated.
	(1) Normal termination (return value 0)
		Usr 0 00:00:00, Sys 0 00:00:00  -  Run Remote Usage
		Usr 0 00:00:00, Sys 0 00:00:00  -  Run Local Usage
		Usr 0 00:00:00, Sys 0 00:00:00  -  Total Remote Usage
		Usr 0 00:00:00, Sys 0 00:00:00  -  Total Local Usage
	3473  -  Run Bytes Sent By Node
	33831  -  Run Bytes Received By Node
	3473  -  Total Bytes Sent By Node
	33831  -  Total Bytes Received By Node
...
015 (295185.000.002) 2025-01-31 01:40:22 Node 2 terminated.
	(1) Normal termination (return value 0)
		Usr 0 00:00:00, Sys 0 00:00:00  -  Run Remote Usage
		Usr 0 00:00:00, Sys 0 00:00:00  -  Run Local Usage
		Usr 0 00:00:00, Sys 0 00:00:00  -  Total Remote Usage
		Usr 0 00:00:00, Sys 0 00:00:00  -  Total Local Usage
	2333  -  Run Bytes Sent By Node
	33831  -  Run Bytes Received By Node
	2333  -  Total Bytes Sent By Node
	33831  -  Total Bytes Received By Node
...
015 (295185.000.001) 2025-01-31 01:40:22 Node 1 terminated.
	(1) Normal termination (return value 0)
		Usr 0 00:00:00, Sys 0 00:00:00  -  Run Remote Usage
		Usr 0 00:00:00, Sys 0 00:00:00  -  Run Local Usage
		Usr 0 00:00:00, Sys 0 00:00:00  -  Total Remote Usage
		Usr 0 00:00:00, Sys 0 00:00:00  -  Total Local Usage
	2333  -  Run Bytes Sent By Node
	33831  -  Run Bytes Received By Node
	2333  -  Total Bytes Sent By Node
	33831  -  Total Bytes Received By Node
...
005 (295185.000.000) 2025-01-31 01:40:23 Job terminated.
	(1) Normal termination (return value 0)
		Usr 0 00:00:01, Sys 0 00:00:00  -  Run Remote Usage
		Usr 0 00:00:00, Sys 0 00:00:00  -  Run Local Usage
		Usr 0 00:00:00, Sys 0 00:00:00  -  Total Remote Usage
		Usr 0 00:00:00, Sys 0 00:00:00  -  Total Local Usage
	8161  -  Run Bytes Sent By Job
	135324  -  Run Bytes Received By Job
	8161  -  Total Bytes Sent By Job
	135324  -  Total Bytes Received By Job
	Partitionable Resources :    Usage  Request Allocated 
	   Cpus                 :                 1         1 
	   Disk (KB)            :       52       35  21458321 
	   GPUs                 :                           1 
	   Memory (MB)          :        0        0     65536 

	Job terminated of its own accord at 2025-01-31T01:40:22Z with exit-code 0.
...
