000 (271704.000.000) 2025-01-22 01:25:30 Job submitted from host: <192.168.0.102:9618?addrs=192.168.0.102-9618&alias=submitter&noUDP&sock=schedd_2032_5c88>
...
001 (271704.000.000) 2025-01-22 01:25:31 Job executing on host: <192.168.0.147:9618?addrs=192.168.0.147-9618&alias=node147.di.rm1&noUDP&sock=startd_1513_5ee1>
...
006 (271704.000.000) 2025-01-22 01:25:39 Image size of job updated: 1411592
	423  -  MemoryUsage of job (MB)
	432564  -  ResidentSetSize of job (KB)
...
006 (271704.000.000) 2025-01-22 01:26:32 Image size of job updated: 3694040
	423  -  MemoryUsage of job (MB)
	432960  -  ResidentSetSize of job (KB)
...
004 (271704.000.000) 2025-01-22 01:26:33 Job was evicted.
	(0) CPU times
		Usr 0 00:00:59, Sys 0 00:00:01  -  Run Remote Usage
		Usr 0 00:00:00, Sys 0 00:00:00  -  Run Local Usage
	0  -  Run Bytes Sent By Job
	0  -  Run Bytes Received By Job
	Partitionable Resources :    Usage  Request Allocated 
	   Cpus                 :     1.00        1         1 
	   Disk (KB)            :    27          27    469805 
	   Memory (MB)          :   423           1       128 
...
009 (271704.000.000) 2025-01-22 01:26:33 Job was aborted.
	via condor_rm (by user calzona_2046920)
...
000 (277858.000.000) 2025-01-24 07:24:28 Job submitted from host: <192.168.0.102:9618?addrs=192.168.0.102-9618&alias=submitter&noUDP&sock=schedd_2032_5c88>
...
001 (277858.000.000) 2025-01-24 07:24:29 Job executing on host: <192.168.0.151:9618?addrs=192.168.0.151-9618&alias=node151.di.rm1&noUDP&sock=startd_1528_a8cd>
...
006 (277858.000.000) 2025-01-24 07:24:38 Image size of job updated: 1131312
	423  -  MemoryUsage of job (MB)
	432960  -  ResidentSetSize of job (KB)
...
006 (277858.000.000) 2025-01-24 07:26:30 Image size of job updated: 6729388
	429  -  MemoryUsage of job (MB)
	439164  -  ResidentSetSize of job (KB)
...
004 (277858.000.000) 2025-01-24 07:26:30 Job was evicted.
	(0) CPU times
		Usr 0 00:01:58, Sys 0 00:00:02  -  Run Remote Usage
		Usr 0 00:00:00, Sys 0 00:00:00  -  Run Local Usage
	0  -  Run Bytes Sent By Job
	0  -  Run Bytes Received By Job
	Partitionable Resources :    Usage  Request Allocated 
	   Cpus                 :                 1         1 
	   Disk (KB)            :       27       27    474791 
	   Memory (MB)          :      429        1       128 
...
009 (277858.000.000) 2025-01-24 07:26:30 Job was aborted.
	via condor_rm (by user calzona_2046920)
...
