000 (273522.000.000) 2025-01-23 11:05:03 Job submitted from host: <192.168.0.102:9618?addrs=192.168.0.102-9618&alias=submitter&noUDP&sock=schedd_2032_5c88>
...
014 (273522.000.001) 2025-01-23 11:05:09 Node 1 executing on host: <192.168.0.141:9618?addrs=192.168.0.141-9618&alias=node141.di.rm1&noUDP&sock=startd_2077_3a4b>
...
014 (273522.000.000) 2025-01-23 11:05:09 Node 0 executing on host: <192.168.0.111:9618?addrs=192.168.0.111-9618&alias=node111.di.rm1&noUDP&sock=startd_2044_97ab>
...
001 (273522.000.000) 2025-01-23 11:05:09 Job executing on host: MPI_job
...
008 (273522.000.000) 2025-01-23 11:05:11 Launching orted on Node 1 of 2
...
008 (273522.000.000) 2025-01-23 11:05:12 Launching orted on Node 0 of 2
...
008 (273522.000.000) 2025-01-23 11:05:16 orted exited on Node 1 of 2
...
008 (273522.000.000) 2025-01-23 11:05:16 orted exited on Node 0 of 2
...
015 (273522.000.001) 2025-01-23 11:05:17 Node 1 terminated.
	(1) Normal termination (return value 0)
		Usr 0 00:00:04, Sys 0 00:00:00  -  Run Remote Usage
		Usr 0 00:00:00, Sys 0 00:00:00  -  Run Local Usage
		Usr 0 00:00:04, Sys 0 00:00:00  -  Total Remote Usage
		Usr 0 00:00:00, Sys 0 00:00:00  -  Total Local Usage
	2165  -  Run Bytes Sent By Node
	33639  -  Run Bytes Received By Node
	2165  -  Total Bytes Sent By Node
	33639  -  Total Bytes Received By Node
...
015 (273522.000.000) 2025-01-23 11:05:17 Node 0 terminated.
	(1) Normal termination (return value 0)
		Usr 0 00:00:00, Sys 0 00:00:00  -  Run Remote Usage
		Usr 0 00:00:00, Sys 0 00:00:00  -  Run Local Usage
		Usr 0 00:00:00, Sys 0 00:00:00  -  Total Remote Usage
		Usr 0 00:00:00, Sys 0 00:00:00  -  Total Local Usage
	3300  -  Run Bytes Sent By Node
	33639  -  Run Bytes Received By Node
	3300  -  Total Bytes Sent By Node
	33639  -  Total Bytes Received By Node
...
005 (273522.000.000) 2025-01-23 11:05:17 Job terminated.
	(1) Normal termination (return value 0)
		Usr 0 00:00:04, Sys 0 00:00:00  -  Run Remote Usage
		Usr 0 00:00:00, Sys 0 00:00:00  -  Run Local Usage
		Usr 0 00:00:00, Sys 0 00:00:00  -  Total Remote Usage
		Usr 0 00:00:00, Sys 0 00:00:00  -  Total Local Usage
	5465  -  Run Bytes Sent By Job
	67278  -  Run Bytes Received By Job
	5465  -  Total Bytes Sent By Job
	67278  -  Total Bytes Received By Job
	Partitionable Resources :    Usage  Request Allocated 
	   Cpus                 :                 1         1 
	   Disk (KB)            :       51       35  21530639 
	   GPUs                 :                           1 
	   Memory (MB)          :        0        0     20480 

	Job terminated of its own accord at 2025-01-23T11:05:16Z with exit-code 0.
...
000 (278283.000.000) 2025-01-24 08:15:57 Job submitted from host: <192.168.0.102:9618?addrs=192.168.0.102-9618&alias=submitter&noUDP&sock=schedd_2032_5c88>
...
014 (278283.000.000) 2025-01-24 08:16:05 Node 0 executing on host: <192.168.0.111:9618?addrs=192.168.0.111-9618&alias=node111.di.rm1&noUDP&sock=startd_2044_97ab>
...
014 (278283.000.001) 2025-01-24 08:16:05 Node 1 executing on host: <192.168.0.147:9618?addrs=192.168.0.147-9618&alias=node147.di.rm1&noUDP&sock=startd_1513_5ee1>
...
001 (278283.000.000) 2025-01-24 08:16:05 Job executing on host: MPI_job
...
008 (278283.000.000) 2025-01-24 08:16:07 Launching orted on Node 0 of 2
...
008 (278283.000.000) 2025-01-24 08:16:07 Launching orted on Node 1 of 2
...
008 (278283.000.000) 2025-01-24 08:16:12 orted exited on Node 1 of 2
...
008 (278283.000.000) 2025-01-24 08:16:12 orted exited on Node 0 of 2
...
015 (278283.000.000) 2025-01-24 08:16:12 Node 0 terminated.
	(1) Normal termination (return value 0)
		Usr 0 00:00:05, Sys 0 00:00:01  -  Run Remote Usage
		Usr 0 00:00:00, Sys 0 00:00:00  -  Run Local Usage
		Usr 0 00:00:05, Sys 0 00:00:01  -  Total Remote Usage
		Usr 0 00:00:00, Sys 0 00:00:00  -  Total Local Usage
	3297  -  Run Bytes Sent By Node
	33639  -  Run Bytes Received By Node
	3297  -  Total Bytes Sent By Node
	33639  -  Total Bytes Received By Node
...
005 (278283.000.000) 2025-01-24 08:16:12 Job terminated.
	(1) Normal termination (return value 0)
		Usr 0 00:00:05, Sys 0 00:00:01  -  Run Remote Usage
		Usr 0 00:00:00, Sys 0 00:00:00  -  Run Local Usage
		Usr 0 00:00:05, Sys 0 00:00:01  -  Total Remote Usage
		Usr 0 00:00:00, Sys 0 00:00:00  -  Total Local Usage
	3297  -  Run Bytes Sent By Job
	67278  -  Run Bytes Received By Job
	3297  -  Total Bytes Sent By Job
	67278  -  Total Bytes Received By Job
	Partitionable Resources :    Usage  Request Allocated 
	   Cpus                 :                 1         1 
	   Disk (KB)            :       50       35  21530639 
	   GPUs                 :                           1 
	   Memory (MB)          :        0        0     65536 

	Job terminated of its own accord at 2025-01-24T08:16:12Z with exit-code 0.
...
