000 (296125.000.000) 2025-01-31 03:43:58 Job submitted from host: <192.168.0.102:9618?addrs=192.168.0.102-9618&alias=submitter&noUDP&sock=schedd_4045053_7bc0>
...
014 (296125.000.000) 2025-01-31 03:44:05 Node 0 executing on host: <192.168.0.107:9618?addrs=192.168.0.107-9618&alias=node107.di.rm1&noUDP&sock=startd_1981_6134>
...
014 (296125.000.001) 2025-01-31 03:44:05 Node 1 executing on host: <192.168.0.116:9618?addrs=192.168.0.116-9618&alias=node116.di.rm1&noUDP&sock=startd_1847_7783>
...
014 (296125.000.005) 2025-01-31 03:44:05 Node 5 executing on host: <192.168.0.107:9618?addrs=192.168.0.107-9618&alias=node107.di.rm1&noUDP&sock=startd_1981_6134>
...
014 (296125.000.004) 2025-01-31 03:44:05 Node 4 executing on host: <192.168.0.151:9618?addrs=192.168.0.151-9618&alias=node151.di.rm1&noUDP&sock=startd_1528_a8cd>
...
014 (296125.000.006) 2025-01-31 03:44:05 Node 6 executing on host: <192.168.0.137:9618?addrs=192.168.0.137-9618&alias=node137.di.rm1&noUDP&sock=startd_1934_2440>
...
014 (296125.000.003) 2025-01-31 03:44:05 Node 3 executing on host: <192.168.0.141:9618?addrs=192.168.0.141-9618&alias=node141.di.rm1&noUDP&sock=startd_2077_3a4b>
...
014 (296125.000.007) 2025-01-31 03:44:05 Node 7 executing on host: <192.168.0.112:9618?addrs=192.168.0.112-9618&alias=node112.di.rm1&noUDP&sock=startd_2169_5502>
...
014 (296125.000.002) 2025-01-31 03:44:05 Node 2 executing on host: <192.168.0.111:9618?addrs=192.168.0.111-9618&alias=node111.di.rm1&noUDP&sock=startd_2044_97ab>
...
001 (296125.000.000) 2025-01-31 03:44:05 Job executing on host: MPI_job
...
008 (296125.000.000) 2025-01-31 03:44:07 Launching orted on Node 5 of 8
...
008 (296125.000.000) 2025-01-31 03:44:07 Launching orted on Node 0 of 8
...
008 (296125.000.000) 2025-01-31 03:44:08 Launching orted on Node 4 of 8
...
008 (296125.000.000) 2025-01-31 03:44:08 Launching orted on Node 1 of 8
...
008 (296125.000.000) 2025-01-31 03:44:08 Launching orted on Node 7 of 8
...
008 (296125.000.000) 2025-01-31 03:44:08 Launching orted on Node 6 of 8
...
008 (296125.000.000) 2025-01-31 03:44:08 Launching orted on Node 3 of 8
...
008 (296125.000.000) 2025-01-31 03:44:08 Launching orted on Node 2 of 8
...
008 (296125.000.000) 2025-01-31 03:44:52 orted exited on Node 1 of 8
...
008 (296125.000.000) 2025-01-31 03:44:52 orted exited on Node 3 of 8
...
008 (296125.000.000) 2025-01-31 03:44:52 orted exited on Node 4 of 8
...
008 (296125.000.000) 2025-01-31 03:44:52 orted exited on Node 2 of 8
...
008 (296125.000.000) 2025-01-31 03:44:52 orted exited on Node 6 of 8
...
008 (296125.000.000) 2025-01-31 03:44:52 orted exited on Node 5 of 8
...
008 (296125.000.000) 2025-01-31 03:44:52 orted exited on Node 7 of 8
...
008 (296125.000.000) 2025-01-31 03:44:52 orted exited on Node 0 of 8
...
015 (296125.000.007) 2025-01-31 03:44:52 Node 7 terminated.
	(1) Normal termination (return value 0)
		Usr 0 00:00:42, Sys 0 00:00:01  -  Run Remote Usage
		Usr 0 00:00:00, Sys 0 00:00:00  -  Run Local Usage
		Usr 0 00:00:42, Sys 0 00:00:01  -  Total Remote Usage
		Usr 0 00:00:00, Sys 0 00:00:00  -  Total Local Usage
	2355  -  Run Bytes Sent By Node
	33831  -  Run Bytes Received By Node
	2355  -  Total Bytes Sent By Node
	33831  -  Total Bytes Received By Node
...
015 (296125.000.005) 2025-01-31 03:44:52 Node 5 terminated.
	(1) Normal termination (return value 0)
		Usr 0 00:00:42, Sys 0 00:00:02  -  Run Remote Usage
		Usr 0 00:00:00, Sys 0 00:00:00  -  Run Local Usage
		Usr 0 00:00:42, Sys 0 00:00:02  -  Total Remote Usage
		Usr 0 00:00:00, Sys 0 00:00:00  -  Total Local Usage
	0  -  Run Bytes Sent By Node
	33831  -  Run Bytes Received By Node
	0  -  Total Bytes Sent By Node
	33831  -  Total Bytes Received By Node
...
015 (296125.000.000) 2025-01-31 03:44:52 Node 0 terminated.
	(1) Normal termination (return value 0)
		Usr 0 00:00:00, Sys 0 00:00:00  -  Run Remote Usage
		Usr 0 00:00:00, Sys 0 00:00:00  -  Run Local Usage
		Usr 0 00:00:00, Sys 0 00:00:00  -  Total Remote Usage
		Usr 0 00:00:00, Sys 0 00:00:00  -  Total Local Usage
	3433  -  Run Bytes Sent By Node
	33831  -  Run Bytes Received By Node
	3433  -  Total Bytes Sent By Node
	33831  -  Total Bytes Received By Node
...
005 (296125.000.000) 2025-01-31 03:44:52 Job terminated.
	(1) Normal termination (return value 0)
		Usr 0 00:04:54, Sys 0 00:00:09  -  Run Remote Usage
		Usr 0 00:00:00, Sys 0 00:00:00  -  Run Local Usage
		Usr 0 00:00:00, Sys 0 00:00:00  -  Total Remote Usage
		Usr 0 00:00:00, Sys 0 00:00:00  -  Total Local Usage
	5788  -  Run Bytes Sent By Job
	270648  -  Run Bytes Received By Job
	5788  -  Total Bytes Sent By Job
	270648  -  Total Bytes Received By Job
	Partitionable Resources :    Usage  Request Allocated 
	   Cpus                 :                 1         2 
	   Disk (KB)            :       51       35 102887858 
	   Memory (MB)          :      324      296    100096 

	Job terminated of its own accord at 2025-01-31T03:44:52Z with exit-code 0.
...
