000 (264998.000.000) 2025-01-17 11:21:41 Job submitted from host: <192.168.0.102:9618?addrs=192.168.0.102-9618&alias=submitter&noUDP&sock=schedd_2032_5c88>
...
001 (264998.000.000) 2025-01-17 11:21:43 Job executing on host: <192.168.0.124:9618?addrs=192.168.0.124-9618&alias=node124.di.rm1&noUDP&sock=startd_2143_7f8b>
...
006 (264998.000.000) 2025-01-17 11:21:53 Image size of job updated: 385532
	344  -  MemoryUsage of job (MB)
	351384  -  ResidentSetSize of job (KB)
...
006 (264998.000.000) 2025-01-17 11:29:52 Image size of job updated: 8740356
	8415  -  MemoryUsage of job (MB)
	8616940  -  ResidentSetSize of job (KB)
...
006 (264998.000.000) 2025-01-17 11:33:58 Image size of job updated: 9297812
	8451  -  MemoryUsage of job (MB)
	8653636  -  ResidentSetSize of job (KB)
...
004 (264998.000.000) 2025-01-17 11:33:58 Job was evicted.
	(0) CPU times
		Usr 0 00:04:11, Sys 0 00:02:14  -  Run Remote Usage
		Usr 0 00:00:00, Sys 0 00:00:00  -  Run Local Usage
	0  -  Run Bytes Sent By Job
	0  -  Run Bytes Received By Job
	Partitionable Resources :    Usage  Request Allocated 
	   Cpus                 :     1.04        1         1 
	   Disk (KB)            :    27          27    499302 
	   Gpus (Average)       :                 0         0 
	   Memory (MB)          :  8451           1       128 
...
009 (264998.000.000) 2025-01-17 11:33:58 Job was aborted.
	via condor_rm (by user calzona_2046920)
...
