000 (268075.000.000) 2025-01-21 21:11:31 Job submitted from host: <192.168.0.102:9618?addrs=192.168.0.102-9618&alias=submitter&noUDP&sock=schedd_2032_5c88>
...
001 (268075.000.000) 2025-01-21 21:11:47 Job executing on host: <192.168.0.107:9618?addrs=192.168.0.107-9618&alias=node107.di.rm1&noUDP&sock=startd_1981_6134>
...
006 (268075.000.000) 2025-01-21 21:11:55 Image size of job updated: 375408
	367  -  MemoryUsage of job (MB)
	375408  -  ResidentSetSize of job (KB)
...
006 (268075.000.000) 2025-01-21 21:11:57 Image size of job updated: 423696
	367  -  MemoryUsage of job (MB)
	375408  -  ResidentSetSize of job (KB)
...
005 (268075.000.000) 2025-01-21 21:11:57 Job terminated.
	(1) Normal termination (return value 0)
		Usr 0 00:00:19, Sys 0 00:00:01  -  Run Remote Usage
		Usr 0 00:00:00, Sys 0 00:00:00  -  Run Local Usage
		Usr 0 00:00:19, Sys 0 00:00:01  -  Total Remote Usage
		Usr 0 00:00:00, Sys 0 00:00:00  -  Total Local Usage
	0  -  Run Bytes Sent By Job
	0  -  Run Bytes Received By Job
	0  -  Total Bytes Sent By Job
	0  -  Total Bytes Received By Job
	Partitionable Resources :    Usage  Request Allocated 
	   Cpus                 :                 1         1 
	   Disk (KB)            :       27       27    471963 
	   Memory (MB)          :      367        1       128 

	Job terminated of its own accord at 2025-01-21T21:11:57Z with exit-code 0.
...
