000 (262085.000.000) 2025-01-16 18:01:00 Job submitted from host: <192.168.0.102:9618?addrs=192.168.0.102-9618&alias=submitter&noUDP&sock=schedd_2032_5c88>
...
001 (262085.000.000) 2025-01-16 18:01:11 Job executing on host: <192.168.0.104:9618?addrs=192.168.0.104-9618&alias=node104.di.rm1&noUDP&sock=startd_1987_7ec5>
...
006 (262085.000.000) 2025-01-16 18:01:20 Image size of job updated: 225592
	209  -  MemoryUsage of job (MB)
	213168  -  ResidentSetSize of job (KB)
...
005 (262085.000.000) 2025-01-16 18:02:46 Job terminated.
	(1) Normal termination (return value 0)
		Usr 0 00:05:36, Sys 0 00:00:00  -  Run Remote Usage
		Usr 0 00:00:00, Sys 0 00:00:00  -  Run Local Usage
		Usr 0 00:05:36, Sys 0 00:00:00  -  Total Remote Usage
		Usr 0 00:00:00, Sys 0 00:00:00  -  Total Local Usage
	0  -  Run Bytes Sent By Job
	0  -  Run Bytes Received By Job
	0  -  Total Bytes Sent By Job
	0  -  Total Bytes Received By Job
	Partitionable Resources :    Usage  Request Allocated 
	   Cpus                 :     3.93        1         1 
	   Disk (KB)            :    27          27    465175 
	   Memory (MB)          :   209           1       128 

	Job terminated of its own accord at 2025-01-16T18:02:46Z with exit-code 0.
...
