000 (264583.000.000) 2025-01-17 11:21:27 Job submitted from host: <192.168.0.102:9618?addrs=192.168.0.102-9618&alias=submitter&noUDP&sock=schedd_2032_5c88>
...
001 (264583.000.000) 2025-01-17 11:21:35 Job executing on host: <192.168.0.111:9618?addrs=192.168.0.111-9618&alias=node111.di.rm1&noUDP&sock=startd_2044_97ab>
...
006 (264583.000.000) 2025-01-17 11:21:43 Image size of job updated: 126408
	74  -  MemoryUsage of job (MB)
	75636  -  ResidentSetSize of job (KB)
...
006 (264583.000.000) 2025-01-17 11:26:46 Image size of job updated: 126408
	82  -  MemoryUsage of job (MB)
	83452  -  ResidentSetSize of job (KB)
...
006 (264583.000.000) 2025-01-17 11:29:08 Image size of job updated: 126408
	82  -  MemoryUsage of job (MB)
	83716  -  ResidentSetSize of job (KB)
...
005 (264583.000.000) 2025-01-17 11:29:11 Job terminated.
	(1) Normal termination (return value 0)
		Usr 0 00:05:56, Sys 0 00:01:16  -  Run Remote Usage
		Usr 0 00:00:00, Sys 0 00:00:00  -  Run Local Usage
		Usr 0 00:05:56, Sys 0 00:01:16  -  Total Remote Usage
		Usr 0 00:00:00, Sys 0 00:00:00  -  Total Local Usage
	0  -  Run Bytes Sent By Job
	0  -  Run Bytes Received By Job
	0  -  Total Bytes Sent By Job
	0  -  Total Bytes Received By Job
	Partitionable Resources :    Usage  Request Allocated 
	   Cpus                 :        0        1         1 
	   Disk (KB)            :       27       27    468058 
	   Gpus (Average)       :                 0         0 
	   Memory (MB)          :       82        1       128 

	Job terminated of its own accord at 2025-01-17T11:29:08Z with exit-code 0.
...
