000 (290290.000.000) 2025-01-29 12:41:59 Job submitted from host: <192.168.0.102:9618?addrs=192.168.0.102-9618&alias=submitter&noUDP&sock=schedd_2032_5c88>
...
014 (290290.000.003) 2025-01-29 12:42:11 Node 3 executing on host: <192.168.0.139:9618?addrs=192.168.0.139-9618&alias=node139.di.rm1&noUDP&sock=startd_1966_1748>
...
014 (290290.000.000) 2025-01-29 12:42:11 Node 0 executing on host: <192.168.0.140:9618?addrs=192.168.0.140-9618&alias=node140.di.rm1&noUDP&sock=startd_1890_f615>
...
014 (290290.000.001) 2025-01-29 12:42:11 Node 1 executing on host: <192.168.0.107:9618?addrs=192.168.0.107-9618&alias=node107.di.rm1&noUDP&sock=startd_1981_6134>
...
014 (290290.000.002) 2025-01-29 12:42:11 Node 2 executing on host: <192.168.0.146:9618?addrs=192.168.0.146-9618&alias=node146.di.rm1&noUDP&sock=startd_1984_6ffc>
...
014 (290290.000.004) 2025-01-29 12:42:11 Node 4 executing on host: <192.168.0.104:9618?addrs=192.168.0.104-9618&alias=node104.di.rm1&noUDP&sock=startd_1987_7ec5>
...
014 (290290.000.005) 2025-01-29 12:42:11 Node 5 executing on host: <192.168.0.113:9618?addrs=192.168.0.113-9618&alias=node113.di.rm1&noUDP&sock=startd_3668932_c305>
...
014 (290290.000.006) 2025-01-29 12:42:11 Node 6 executing on host: <192.168.0.111:9618?addrs=192.168.0.111-9618&alias=node111.di.rm1&noUDP&sock=startd_2044_97ab>
...
014 (290290.000.007) 2025-01-29 12:42:11 Node 7 executing on host: <192.168.0.123:9618?addrs=192.168.0.123-9618&alias=node123.di.rm1&noUDP&sock=startd_2149_9d1d>
...
001 (290290.000.000) 2025-01-29 12:42:11 Job executing on host: MPI_job
...
008 (290290.000.000) 2025-01-29 12:42:13 Launching orted on Node 3 of 8
...
008 (290290.000.000) 2025-01-29 12:42:13 Launching orted on Node 1 of 8
...
008 (290290.000.000) 2025-01-29 12:42:13 Launching orted on Node 5 of 8
...
008 (290290.000.000) 2025-01-29 12:42:13 Launching orted on Node 0 of 8
...
008 (290290.000.000) 2025-01-29 12:42:13 Launching orted on Node 6 of 8
...
008 (290290.000.000) 2025-01-29 12:42:13 Launching orted on Node 2 of 8
...
008 (290290.000.000) 2025-01-29 12:42:13 Launching orted on Node 4 of 8
...
008 (290290.000.000) 2025-01-29 12:42:13 Launching orted on Node 7 of 8
...
008 (290290.000.000) 2025-01-29 12:42:14 orted exited on Node 7 of 8
...
008 (290290.000.000) 2025-01-29 12:42:14 orted exited on Node 0 of 8
...
008 (290290.000.000) 2025-01-29 12:42:14 orted exited on Node 6 of 8
...
008 (290290.000.000) 2025-01-29 12:42:14 orted exited on Node 5 of 8
...
008 (290290.000.000) 2025-01-29 12:42:14 orted exited on Node 3 of 8
...
008 (290290.000.000) 2025-01-29 12:42:14 orted exited on Node 1 of 8
...
008 (290290.000.000) 2025-01-29 12:42:14 orted exited on Node 4 of 8
...
008 (290290.000.000) 2025-01-29 12:42:14 orted exited on Node 2 of 8
...
015 (290290.000.003) 2025-01-29 12:42:15 Node 3 terminated.
	(1) Normal termination (return value 0)
		Usr 0 00:00:04, Sys 0 00:00:02  -  Run Remote Usage
		Usr 0 00:00:00, Sys 0 00:00:00  -  Run Local Usage
		Usr 0 00:00:04, Sys 0 00:00:02  -  Total Remote Usage
		Usr 0 00:00:00, Sys 0 00:00:00  -  Total Local Usage
	2341  -  Run Bytes Sent By Node
	33791  -  Run Bytes Received By Node
	2341  -  Total Bytes Sent By Node
	33791  -  Total Bytes Received By Node
...
015 (290290.000.005) 2025-01-29 12:42:15 Node 5 terminated.
	(1) Normal termination (return value 0)
		Usr 0 00:00:04, Sys 0 00:00:02  -  Run Remote Usage
		Usr 0 00:00:00, Sys 0 00:00:00  -  Run Local Usage
		Usr 0 00:00:04, Sys 0 00:00:02  -  Total Remote Usage
		Usr 0 00:00:00, Sys 0 00:00:00  -  Total Local Usage
	2363  -  Run Bytes Sent By Node
	33791  -  Run Bytes Received By Node
	2363  -  Total Bytes Sent By Node
	33791  -  Total Bytes Received By Node
...
015 (290290.000.001) 2025-01-29 12:42:15 Node 1 terminated.
	(1) Normal termination (return value 0)
		Usr 0 00:00:05, Sys 0 00:00:03  -  Run Remote Usage
		Usr 0 00:00:00, Sys 0 00:00:00  -  Run Local Usage
		Usr 0 00:00:05, Sys 0 00:00:03  -  Total Remote Usage
		Usr 0 00:00:00, Sys 0 00:00:00  -  Total Local Usage
	2341  -  Run Bytes Sent By Node
	33791  -  Run Bytes Received By Node
	2341  -  Total Bytes Sent By Node
	33791  -  Total Bytes Received By Node
...
015 (290290.000.007) 2025-01-29 12:42:15 Node 7 terminated.
	(1) Normal termination (return value 0)
		Usr 0 00:00:04, Sys 0 00:00:02  -  Run Remote Usage
		Usr 0 00:00:00, Sys 0 00:00:00  -  Run Local Usage
		Usr 0 00:00:04, Sys 0 00:00:02  -  Total Remote Usage
		Usr 0 00:00:00, Sys 0 00:00:00  -  Total Local Usage
	2363  -  Run Bytes Sent By Node
	33791  -  Run Bytes Received By Node
	2363  -  Total Bytes Sent By Node
	33791  -  Total Bytes Received By Node
...
015 (290290.000.006) 2025-01-29 12:42:15 Node 6 terminated.
	(1) Normal termination (return value 0)
		Usr 0 00:00:05, Sys 0 00:00:03  -  Run Remote Usage
		Usr 0 00:00:00, Sys 0 00:00:00  -  Run Local Usage
		Usr 0 00:00:05, Sys 0 00:00:03  -  Total Remote Usage
		Usr 0 00:00:00, Sys 0 00:00:00  -  Total Local Usage
	2363  -  Run Bytes Sent By Node
	33791  -  Run Bytes Received By Node
	2363  -  Total Bytes Sent By Node
	33791  -  Total Bytes Received By Node
...
015 (290290.000.004) 2025-01-29 12:42:15 Node 4 terminated.
	(1) Normal termination (return value 0)
		Usr 0 00:00:04, Sys 0 00:00:02  -  Run Remote Usage
		Usr 0 00:00:00, Sys 0 00:00:00  -  Run Local Usage
		Usr 0 00:00:04, Sys 0 00:00:02  -  Total Remote Usage
		Usr 0 00:00:00, Sys 0 00:00:00  -  Total Local Usage
	2341  -  Run Bytes Sent By Node
	33791  -  Run Bytes Received By Node
	2341  -  Total Bytes Sent By Node
	33791  -  Total Bytes Received By Node
...
015 (290290.000.002) 2025-01-29 12:42:15 Node 2 terminated.
	(1) Normal termination (return value 0)
		Usr 0 00:00:04, Sys 0 00:00:02  -  Run Remote Usage
		Usr 0 00:00:00, Sys 0 00:00:00  -  Run Local Usage
		Usr 0 00:00:04, Sys 0 00:00:02  -  Total Remote Usage
		Usr 0 00:00:00, Sys 0 00:00:00  -  Total Local Usage
	2341  -  Run Bytes Sent By Node
	33791  -  Run Bytes Received By Node
	2341  -  Total Bytes Sent By Node
	33791  -  Total Bytes Received By Node
...
015 (290290.000.000) 2025-01-29 12:42:15 Node 0 terminated.
	(1) Normal termination (return value 0)
		Usr 0 00:00:00, Sys 0 00:00:00  -  Run Remote Usage
		Usr 0 00:00:00, Sys 0 00:00:00  -  Run Local Usage
		Usr 0 00:00:00, Sys 0 00:00:00  -  Total Remote Usage
		Usr 0 00:00:00, Sys 0 00:00:00  -  Total Local Usage
	4013  -  Run Bytes Sent By Node
	33791  -  Run Bytes Received By Node
	4013  -  Total Bytes Sent By Node
	33791  -  Total Bytes Received By Node
...
005 (290290.000.000) 2025-01-29 12:42:15 Job terminated.
	(1) Normal termination (return value 0)
		Usr 0 00:00:30, Sys 0 00:00:16  -  Run Remote Usage
		Usr 0 00:00:00, Sys 0 00:00:00  -  Run Local Usage
		Usr 0 00:00:00, Sys 0 00:00:00  -  Total Remote Usage
		Usr 0 00:00:00, Sys 0 00:00:00  -  Total Local Usage
	20466  -  Run Bytes Sent By Job
	270328  -  Run Bytes Received By Job
	20466  -  Total Bytes Sent By Job
	270328  -  Total Bytes Received By Job
	Partitionable Resources :    Usage  Request Allocated 
	   Cpus                 :                 8         8 
	   Disk (KB)            :       52       35    468367 
	   Memory (MB)          :        0        1       128 

	Job terminated of its own accord at 2025-01-29T12:42:14Z with exit-code 0.
...
