000 (296120.000.000) 2025-01-31 03:43:32 Job submitted from host: <192.168.0.102:9618?addrs=192.168.0.102-9618&alias=submitter&noUDP&sock=schedd_4045053_7bc0>
...
014 (296120.000.005) 2025-01-31 03:43:40 Node 5 executing on host: <192.168.0.107:9618?addrs=192.168.0.107-9618&alias=node107.di.rm1&noUDP&sock=startd_1981_6134>
...
014 (296120.000.002) 2025-01-31 03:43:40 Node 2 executing on host: <192.168.0.111:9618?addrs=192.168.0.111-9618&alias=node111.di.rm1&noUDP&sock=startd_2044_97ab>
...
014 (296120.000.001) 2025-01-31 03:43:40 Node 1 executing on host: <192.168.0.116:9618?addrs=192.168.0.116-9618&alias=node116.di.rm1&noUDP&sock=startd_1847_7783>
...
014 (296120.000.000) 2025-01-31 03:43:40 Node 0 executing on host: <192.168.0.107:9618?addrs=192.168.0.107-9618&alias=node107.di.rm1&noUDP&sock=startd_1981_6134>
...
014 (296120.000.004) 2025-01-31 03:43:40 Node 4 executing on host: <192.168.0.151:9618?addrs=192.168.0.151-9618&alias=node151.di.rm1&noUDP&sock=startd_1528_a8cd>
...
014 (296120.000.003) 2025-01-31 03:43:40 Node 3 executing on host: <192.168.0.141:9618?addrs=192.168.0.141-9618&alias=node141.di.rm1&noUDP&sock=startd_2077_3a4b>
...
014 (296120.000.006) 2025-01-31 03:43:40 Node 6 executing on host: <192.168.0.137:9618?addrs=192.168.0.137-9618&alias=node137.di.rm1&noUDP&sock=startd_1934_2440>
...
014 (296120.000.007) 2025-01-31 03:43:40 Node 7 executing on host: <192.168.0.112:9618?addrs=192.168.0.112-9618&alias=node112.di.rm1&noUDP&sock=startd_2169_5502>
...
001 (296120.000.000) 2025-01-31 03:43:40 Job executing on host: MPI_job
...
008 (296120.000.000) 2025-01-31 03:43:42 Launching orted on Node 5 of 8
...
008 (296120.000.000) 2025-01-31 03:43:42 Launching orted on Node 0 of 8
...
008 (296120.000.000) 2025-01-31 03:43:42 Launching orted on Node 2 of 8
...
008 (296120.000.000) 2025-01-31 03:43:42 Launching orted on Node 4 of 8
...
008 (296120.000.000) 2025-01-31 03:43:42 Launching orted on Node 7 of 8
...
008 (296120.000.000) 2025-01-31 03:43:42 Launching orted on Node 6 of 8
...
008 (296120.000.000) 2025-01-31 03:43:42 Launching orted on Node 1 of 8
...
008 (296120.000.000) 2025-01-31 03:43:42 Launching orted on Node 3 of 8
...
008 (296120.000.000) 2025-01-31 03:43:54 orted exited on Node 1 of 8
...
008 (296120.000.000) 2025-01-31 03:43:54 orted exited on Node 0 of 8
...
008 (296120.000.000) 2025-01-31 03:43:54 orted exited on Node 2 of 8
...
008 (296120.000.000) 2025-01-31 03:43:54 orted exited on Node 4 of 8
...
008 (296120.000.000) 2025-01-31 03:43:54 orted exited on Node 5 of 8
...
008 (296120.000.000) 2025-01-31 03:43:54 orted exited on Node 6 of 8
...
008 (296120.000.000) 2025-01-31 03:43:54 orted exited on Node 7 of 8
...
008 (296120.000.000) 2025-01-31 03:43:54 orted exited on Node 3 of 8
...
015 (296120.000.005) 2025-01-31 03:43:55 Node 5 terminated.
	(1) Normal termination (return value 0)
		Usr 0 00:00:12, Sys 0 00:00:00  -  Run Remote Usage
		Usr 0 00:00:00, Sys 0 00:00:00  -  Run Local Usage
		Usr 0 00:00:12, Sys 0 00:00:00  -  Total Remote Usage
		Usr 0 00:00:00, Sys 0 00:00:00  -  Total Local Usage
	0  -  Run Bytes Sent By Node
	33831  -  Run Bytes Received By Node
	0  -  Total Bytes Sent By Node
	33831  -  Total Bytes Received By Node
...
015 (296120.000.000) 2025-01-31 03:43:55 Node 0 terminated.
	(1) Normal termination (return value 0)
		Usr 0 00:00:00, Sys 0 00:00:01  -  Run Remote Usage
		Usr 0 00:00:00, Sys 0 00:00:00  -  Run Local Usage
		Usr 0 00:00:00, Sys 0 00:00:01  -  Total Remote Usage
		Usr 0 00:00:00, Sys 0 00:00:00  -  Total Local Usage
	3432  -  Run Bytes Sent By Node
	33831  -  Run Bytes Received By Node
	3432  -  Total Bytes Sent By Node
	33831  -  Total Bytes Received By Node
...
005 (296120.000.000) 2025-01-31 03:43:55 Job terminated.
	(1) Normal termination (return value 0)
		Usr 0 00:01:21, Sys 0 00:00:01  -  Run Remote Usage
		Usr 0 00:00:00, Sys 0 00:00:00  -  Run Local Usage
		Usr 0 00:00:00, Sys 0 00:00:01  -  Total Remote Usage
		Usr 0 00:00:00, Sys 0 00:00:00  -  Total Local Usage
	3432  -  Run Bytes Sent By Job
	270648  -  Run Bytes Received By Job
	3432  -  Total Bytes Sent By Job
	270648  -  Total Bytes Received By Job
	Partitionable Resources :    Usage  Request Allocated 
	   Cpus                 :                 1         2 
	   Disk (KB)            :       51       35 102887858 
	   Memory (MB)          :      296        0    100096 

	Job terminated of its own accord at 2025-01-31T03:43:54Z with exit-code 0.
...
