000 (262631.000.000) 2025-01-17 11:14:16 Job submitted from host: <192.168.0.102:9618?addrs=192.168.0.102-9618&alias=submitter&noUDP&sock=schedd_2032_5c88>
...
001 (262631.000.000) 2025-01-17 11:14:32 Job executing on host: <192.168.0.146:9618?addrs=192.168.0.146-9618&alias=node146.di.rm1&noUDP&sock=startd_1984_6ffc>
...
006 (262631.000.000) 2025-01-17 11:14:41 Image size of job updated: 735108
	718  -  MemoryUsage of job (MB)
	735108  -  ResidentSetSize of job (KB)
...
006 (262631.000.000) 2025-01-17 11:19:41 Image size of job updated: 8472472
	8271  -  MemoryUsage of job (MB)
	8468492  -  ResidentSetSize of job (KB)
...
004 (262631.000.000) 2025-01-17 11:20:12 Job was evicted.
	(0) CPU times
		Usr 0 00:05:34, Sys 0 00:00:04  -  Run Remote Usage
		Usr 0 00:00:00, Sys 0 00:00:00  -  Run Local Usage
	0  -  Run Bytes Sent By Job
	0  -  Run Bytes Received By Job
	Partitionable Resources :    Usage  Request Allocated 
	   Cpus                 :     1.00        1         1 
	   Disk (KB)            :    27          27    466414 
	   Memory (MB)          :  8271           1       128 
...
009 (262631.000.000) 2025-01-17 11:20:12 Job was aborted.
	via condor_rm (by user calzona_2046920)
...
