000 (268943.000.000) 2025-01-21 22:12:43 Job submitted from host: <192.168.0.102:9618?addrs=192.168.0.102-9618&alias=submitter&noUDP&sock=schedd_2032_5c88>
...
001 (268943.000.000) 2025-01-21 22:12:45 Job executing on host: <192.168.0.130:9618?addrs=192.168.0.130-9618&alias=node130.di.rm1&noUDP&sock=startd_2751195_838e>
...
006 (268943.000.000) 2025-01-21 22:12:54 Image size of job updated: 73260
	72  -  MemoryUsage of job (MB)
	73260  -  ResidentSetSize of job (KB)
...
006 (268943.000.000) 2025-01-21 22:13:27 Image size of job updated: 77052
	72  -  MemoryUsage of job (MB)
	73260  -  ResidentSetSize of job (KB)
...
004 (268943.000.000) 2025-01-21 22:13:27 Job was evicted.
	(0) CPU times
		Usr 0 00:00:40, Sys 0 00:00:00  -  Run Remote Usage
		Usr 0 00:00:00, Sys 0 00:00:00  -  Run Local Usage
	0  -  Run Bytes Sent By Job
	0  -  Run Bytes Received By Job
	Partitionable Resources :    Usage  Request Allocated 
	   Cpus                 :                 1         1 
	   Disk (KB)            :       27       27    472313 
	   Memory (MB)          :       72        1       128 
...
009 (268943.000.000) 2025-01-21 22:13:27 Job was aborted.
	via condor_rm (by user calzona_2046920)
...
000 (269094.000.000) 2025-01-21 22:20:38 Job submitted from host: <192.168.0.102:9618?addrs=192.168.0.102-9618&alias=submitter&noUDP&sock=schedd_2032_5c88>
...
001 (269094.000.000) 2025-01-21 22:20:38 Job executing on host: <192.168.0.137:9618?addrs=192.168.0.137-9618&alias=node137.di.rm1&noUDP&sock=startd_1934_2440>
...
006 (269094.000.000) 2025-01-21 22:20:47 Image size of job updated: 77052
	72  -  MemoryUsage of job (MB)
	73128  -  ResidentSetSize of job (KB)
...
004 (269094.000.000) 2025-01-21 22:20:56 Job was evicted.
	(0) CPU times
		Usr 0 00:00:17, Sys 0 00:00:00  -  Run Remote Usage
		Usr 0 00:00:00, Sys 0 00:00:00  -  Run Local Usage
	0  -  Run Bytes Sent By Job
	0  -  Run Bytes Received By Job
	Partitionable Resources :    Usage  Request Allocated 
	   Cpus                 :                 1         1 
	   Disk (KB)            :       27       27    391050 
	   Memory (MB)          :       72        1       128 
...
009 (269094.000.000) 2025-01-21 22:20:56 Job was aborted.
	via condor_rm (by user calzona_2046920)
...
