000 (263508.000.000) 2025-01-17 11:20:56 Job submitted from host: <192.168.0.102:9618?addrs=192.168.0.102-9618&alias=submitter&noUDP&sock=schedd_2032_5c88>
...
001 (263508.000.000) 2025-01-17 11:20:59 Job executing on host: <192.168.0.123:9618?addrs=192.168.0.123-9618&alias=node123.di.rm1&noUDP&sock=startd_2149_9d1d>
...
006 (263508.000.000) 2025-01-17 11:21:07 Image size of job updated: 1118112
	422  -  MemoryUsage of job (MB)
	432036  -  ResidentSetSize of job (KB)
...
006 (263508.000.000) 2025-01-17 11:26:07 Image size of job updated: 12918120
	11799  -  MemoryUsage of job (MB)
	12081384  -  ResidentSetSize of job (KB)
...
006 (263508.000.000) 2025-01-17 11:32:40 Image size of job updated: 18572868
	17217  -  MemoryUsage of job (MB)
	17629324  -  ResidentSetSize of job (KB)
...
006 (263508.000.000) 2025-01-17 11:33:23 Image size of job updated: 18778128
	17217  -  MemoryUsage of job (MB)
	17629456  -  ResidentSetSize of job (KB)
...
004 (263508.000.000) 2025-01-17 11:33:23 Job was evicted.
	(0) CPU times
		Usr 0 00:07:33, Sys 0 00:03:33  -  Run Remote Usage
		Usr 0 00:00:00, Sys 0 00:00:00  -  Run Local Usage
	0  -  Run Bytes Sent By Job
	0  -  Run Bytes Received By Job
	Partitionable Resources :    Usage  Request Allocated 
	   Cpus                 :     0.88        1         1 
	   Disk (KB)            :    27          27    499900 
	   Gpus (Average)       :                 0         0 
	   Memory (MB)          : 17217           1       128 
...
009 (263508.000.000) 2025-01-17 11:33:23 Job was aborted.
	via condor_rm (by user calzona_2046920)
...
