000 (264275.000.000) 2025-01-17 11:21:19 Job submitted from host: <192.168.0.102:9618?addrs=192.168.0.102-9618&alias=submitter&noUDP&sock=schedd_2032_5c88>
...
001 (264275.000.000) 2025-01-17 11:21:31 Job executing on host: <192.168.0.140:9618?addrs=192.168.0.140-9618&alias=node140.di.rm1&noUDP&sock=startd_1890_f615>
...
006 (264275.000.000) 2025-01-17 11:21:39 Image size of job updated: 1404816
	362  -  MemoryUsage of job (MB)
	370260  -  ResidentSetSize of job (KB)
...
006 (264275.000.000) 2025-01-17 11:26:44 Image size of job updated: 7489884
	6348  -  MemoryUsage of job (MB)
	6500280  -  ResidentSetSize of job (KB)
...
006 (264275.000.000) 2025-01-17 11:32:10 Image size of job updated: 8562120
	7558  -  MemoryUsage of job (MB)
	7739248  -  ResidentSetSize of job (KB)
...
006 (264275.000.000) 2025-01-17 11:33:49 Image size of job updated: 8691084
	7565  -  MemoryUsage of job (MB)
	7745660  -  ResidentSetSize of job (KB)
...
004 (264275.000.000) 2025-01-17 11:33:49 Job was evicted.
	(0) CPU times
		Usr 0 00:03:05, Sys 0 00:04:44  -  Run Remote Usage
		Usr 0 00:00:00, Sys 0 00:00:00  -  Run Local Usage
	0  -  Run Bytes Sent By Job
	0  -  Run Bytes Received By Job
	Partitionable Resources :    Usage  Request Allocated 
	   Cpus                 :     0.56        1         1 
	   Disk (KB)            :    27          27    468367 
	   Memory (MB)          :  7565           1       128 
...
009 (264275.000.000) 2025-01-17 11:33:49 Job was aborted.
	via condor_rm (by user calzona_2046920)
...
