000 (281962.000.000) 2025-01-26 15:28:49 Job submitted from host: <192.168.0.102:9618?addrs=192.168.0.102-9618&alias=submitter&noUDP&sock=schedd_2032_5c88>
...
014 (281962.000.001) 2025-01-26 15:28:57 Node 1 executing on host: <192.168.0.142:9618?addrs=192.168.0.142-9618&alias=node142.di.rm1&noUDP&sock=startd_1996_ab1f>
...
014 (281962.000.000) 2025-01-26 15:28:57 Node 0 executing on host: <192.168.0.124:9618?addrs=192.168.0.124-9618&alias=node124.di.rm1&noUDP&sock=startd_2143_7f8b>
...
001 (281962.000.000) 2025-01-26 15:28:57 Job executing on host: MPI_job
...
008 (281962.000.000) 2025-01-26 15:28:59 Launching orted on Node 1 of 2
...
008 (281962.000.000) 2025-01-26 15:28:59 Launching orted on Node 0 of 2
...
008 (281962.000.000) 2025-01-26 15:29:09 orted exited on Node 0 of 2
...
008 (281962.000.000) 2025-01-26 15:29:09 orted exited on Node 1 of 2
...
015 (281962.000.000) 2025-01-26 15:29:09 Node 0 terminated.
	(1) Normal termination (return value 0)
		Usr 0 00:00:07, Sys 0 00:00:00  -  Run Remote Usage
		Usr 0 00:00:00, Sys 0 00:00:00  -  Run Local Usage
		Usr 0 00:00:07, Sys 0 00:00:00  -  Total Remote Usage
		Usr 0 00:00:00, Sys 0 00:00:00  -  Total Local Usage
	3301  -  Run Bytes Sent By Node
	33711  -  Run Bytes Received By Node
	3301  -  Total Bytes Sent By Node
	33711  -  Total Bytes Received By Node
...
005 (281962.000.000) 2025-01-26 15:29:09 Job terminated.
	(1) Normal termination (return value 0)
		Usr 0 00:00:16, Sys 0 00:00:00  -  Run Remote Usage
		Usr 0 00:00:00, Sys 0 00:00:00  -  Run Local Usage
		Usr 0 00:00:01, Sys 0 00:00:00  -  Total Remote Usage
		Usr 0 00:00:00, Sys 0 00:00:00  -  Total Local Usage
	3301  -  Run Bytes Sent By Job
	67422  -  Run Bytes Received By Job
	3301  -  Total Bytes Sent By Job
	67422  -  Total Bytes Received By Job
	Partitionable Resources :    Usage  Request Allocated 
	   Cpus                 :                 1         1 
	   Disk (KB)            :       50       35    499302 
	   GPUs                 :                           0 
	   Memory (MB)          :      315        0     53248 

	Job terminated of its own accord at 2025-01-26T15:29:09Z with exit-code 0.
...
000 (288798.000.000) 2025-01-28 21:05:36 Job submitted from host: <192.168.0.102:9618?addrs=192.168.0.102-9618&alias=submitter&noUDP&sock=schedd_2032_5c88>
...
014 (288798.000.000) 2025-01-28 21:05:43 Node 0 executing on host: <192.168.0.135:9618?addrs=192.168.0.135-9618&alias=node135.di.rm1&noUDP&sock=startd_2000_6980>
...
014 (288798.000.001) 2025-01-28 21:05:43 Node 1 executing on host: <192.168.0.115:9618?addrs=192.168.0.115-9618&alias=node115.di.rm1&noUDP&sock=startd_1101621_f4a0>
...
001 (288798.000.000) 2025-01-28 21:05:43 Job executing on host: MPI_job
...
008 (288798.000.000) 2025-01-28 21:05:45 Launching orted on Node 0 of 2
...
008 (288798.000.000) 2025-01-28 21:05:45 Launching orted on Node 1 of 2
...
008 (288798.000.000) 2025-01-28 21:05:55 orted exited on Node 0 of 2
...
008 (288798.000.000) 2025-01-28 21:05:55 orted exited on Node 1 of 2
...
015 (288798.000.000) 2025-01-28 21:05:55 Node 0 terminated.
	(1) Normal termination (return value 0)
		Usr 0 00:00:07, Sys 0 00:00:00  -  Run Remote Usage
		Usr 0 00:00:00, Sys 0 00:00:00  -  Run Local Usage
		Usr 0 00:00:07, Sys 0 00:00:00  -  Total Remote Usage
		Usr 0 00:00:00, Sys 0 00:00:00  -  Total Local Usage
	3257  -  Run Bytes Sent By Node
	33711  -  Run Bytes Received By Node
	3257  -  Total Bytes Sent By Node
	33711  -  Total Bytes Received By Node
...
005 (288798.000.000) 2025-01-28 21:05:55 Job terminated.
	(1) Normal termination (return value 0)
		Usr 0 00:00:16, Sys 0 00:00:00  -  Run Remote Usage
		Usr 0 00:00:00, Sys 0 00:00:00  -  Run Local Usage
		Usr 0 00:00:07, Sys 0 00:00:00  -  Total Remote Usage
		Usr 0 00:00:00, Sys 0 00:00:00  -  Total Local Usage
	3257  -  Run Bytes Sent By Job
	67422  -  Run Bytes Received By Job
	3257  -  Total Bytes Sent By Job
	67422  -  Total Bytes Received By Job
	Partitionable Resources :    Usage  Request Allocated 
	   Cpus                 :                 1         2 
	   Disk (KB)            :       50       35 102650546 
	   Memory (MB)          :      314        0    100096 

	Job terminated of its own accord at 2025-01-28T21:05:55Z with exit-code 0.
...
