000 (264101.000.000) 2025-01-17 11:21:14 Job submitted from host: <192.168.0.102:9618?addrs=192.168.0.102-9618&alias=submitter&noUDP&sock=schedd_2032_5c88>
...
001 (264101.000.000) 2025-01-17 11:21:16 Job executing on host: <192.168.0.146:9618?addrs=192.168.0.146-9618&alias=node146.di.rm1&noUDP&sock=startd_1984_6ffc>
...
006 (264101.000.000) 2025-01-17 11:21:24 Image size of job updated: 1312680
	340  -  MemoryUsage of job (MB)
	347292  -  ResidentSetSize of job (KB)
...
006 (264101.000.000) 2025-01-17 11:28:21 Image size of job updated: 9137772
	7869  -  MemoryUsage of job (MB)
	8057024  -  ResidentSetSize of job (KB)
...
006 (264101.000.000) 2025-01-17 11:33:26 Image size of job updated: 9774012
	8490  -  MemoryUsage of job (MB)
	8693480  -  ResidentSetSize of job (KB)
...
006 (264101.000.000) 2025-01-17 11:33:30 Image size of job updated: 9931884
	8538  -  MemoryUsage of job (MB)
	8742452  -  ResidentSetSize of job (KB)
...
004 (264101.000.000) 2025-01-17 11:33:30 Job was evicted.
	(0) CPU times
		Usr 0 00:03:56, Sys 0 00:02:23  -  Run Remote Usage
		Usr 0 00:00:00, Sys 0 00:00:00  -  Run Local Usage
	0  -  Run Bytes Sent By Job
	0  -  Run Bytes Received By Job
	Partitionable Resources :    Usage  Request Allocated 
	   Cpus                 :     0.48        1         1 
	   Disk (KB)            :    27          27    466414 
	   Memory (MB)          :  8538           1       128 
...
009 (264101.000.000) 2025-01-17 11:33:30 Job was aborted.
	via condor_rm (by user calzona_2046920)
...
