000 (295204.000.000) 2025-01-31 01:41:19 Job submitted from host: <192.168.0.102:9618?addrs=192.168.0.102-9618&alias=submitter&noUDP&sock=schedd_4045053_7bc0>
...
014 (295204.000.001) 2025-01-31 01:41:32 Node 1 executing on host: <192.168.0.139:9618?addrs=192.168.0.139-9618&alias=node139.di.rm1&noUDP&sock=startd_1966_1748>
...
014 (295204.000.002) 2025-01-31 01:41:32 Node 2 executing on host: <192.168.0.149:9618?addrs=192.168.0.149-9618&alias=node149.di.rm1&noUDP&sock=startd_1551_6f7a>
...
014 (295204.000.003) 2025-01-31 01:41:32 Node 3 executing on host: <192.168.0.104:9618?addrs=192.168.0.104-9618&alias=node104.di.rm1&noUDP&sock=startd_1987_7ec5>
...
014 (295204.000.000) 2025-01-31 01:41:32 Node 0 executing on host: <192.168.0.124:9618?addrs=192.168.0.124-9618&alias=node124.di.rm1&noUDP&sock=startd_2143_7f8b>
...
001 (295204.000.000) 2025-01-31 01:41:32 Job executing on host: MPI_job
...
008 (295204.000.000) 2025-01-31 01:41:34 Launching orted on Node 1 of 4
...
008 (295204.000.000) 2025-01-31 01:41:34 Launching orted on Node 2 of 4
...
008 (295204.000.000) 2025-01-31 01:41:34 Launching orted on Node 3 of 4
...
008 (295204.000.000) 2025-01-31 01:41:34 Launching orted on Node 0 of 4
...
008 (295204.000.000) 2025-01-31 01:41:36 orted exited on Node 2 of 4
...
008 (295204.000.000) 2025-01-31 01:41:36 orted exited on Node 0 of 4
...
008 (295204.000.000) 2025-01-31 01:41:36 orted exited on Node 1 of 4
...
008 (295204.000.000) 2025-01-31 01:41:36 orted exited on Node 3 of 4
...
015 (295204.000.001) 2025-01-31 01:41:36 Node 1 terminated.
	(1) Normal termination (return value 0)
		Usr 0 00:00:01, Sys 0 00:00:00  -  Run Remote Usage
		Usr 0 00:00:00, Sys 0 00:00:00  -  Run Local Usage
		Usr 0 00:00:01, Sys 0 00:00:00  -  Total Remote Usage
		Usr 0 00:00:00, Sys 0 00:00:00  -  Total Local Usage
	2333  -  Run Bytes Sent By Node
	33831  -  Run Bytes Received By Node
	2333  -  Total Bytes Sent By Node
	33831  -  Total Bytes Received By Node
...
015 (295204.000.002) 2025-01-31 01:41:36 Node 2 terminated.
	(1) Normal termination (return value 0)
		Usr 0 00:00:01, Sys 0 00:00:01  -  Run Remote Usage
		Usr 0 00:00:00, Sys 0 00:00:00  -  Run Local Usage
		Usr 0 00:00:01, Sys 0 00:00:01  -  Total Remote Usage
		Usr 0 00:00:00, Sys 0 00:00:00  -  Total Local Usage
	2333  -  Run Bytes Sent By Node
	33831  -  Run Bytes Received By Node
	2333  -  Total Bytes Sent By Node
	33831  -  Total Bytes Received By Node
...
015 (295204.000.000) 2025-01-31 01:41:36 Node 0 terminated.
	(1) Normal termination (return value 0)
		Usr 0 00:00:00, Sys 0 00:00:00  -  Run Remote Usage
		Usr 0 00:00:00, Sys 0 00:00:00  -  Run Local Usage
		Usr 0 00:00:00, Sys 0 00:00:00  -  Total Remote Usage
		Usr 0 00:00:00, Sys 0 00:00:00  -  Total Local Usage
	3941  -  Run Bytes Sent By Node
	33831  -  Run Bytes Received By Node
	3941  -  Total Bytes Sent By Node
	33831  -  Total Bytes Received By Node
...
005 (295204.000.000) 2025-01-31 01:41:37 Job terminated.
	(1) Normal termination (return value 0)
		Usr 0 00:00:03, Sys 0 00:00:01  -  Run Remote Usage
		Usr 0 00:00:00, Sys 0 00:00:00  -  Run Local Usage
		Usr 0 00:00:00, Sys 0 00:00:00  -  Total Remote Usage
		Usr 0 00:00:00, Sys 0 00:00:00  -  Total Local Usage
	10940  -  Run Bytes Sent By Job
	135324  -  Run Bytes Received By Job
	10940  -  Total Bytes Sent By Job
	135324  -  Total Bytes Received By Job
	Partitionable Resources :    Usage  Request Allocated 
	   Cpus                 :                 1         1 
	   Disk (KB)            :       53       35  21469963 
	   GPUs                 :                           1 
	   Memory (MB)          :        0        1     65536 

	Job terminated of its own accord at 2025-01-31T01:41:36Z with exit-code 0.
...
