000 (295497.000.000) 2025-01-31 02:22:12 Job submitted from host: <192.168.0.102:9618?addrs=192.168.0.102-9618&alias=submitter&noUDP&sock=schedd_4045053_7bc0>
...
014 (295497.000.004) 2025-01-31 02:22:19 Node 4 executing on host: <192.168.0.149:9618?addrs=192.168.0.149-9618&alias=node149.di.rm1&noUDP&sock=startd_1551_6f7a>
...
014 (295497.000.001) 2025-01-31 02:22:19 Node 1 executing on host: <192.168.0.110:9618?addrs=192.168.0.110-9618&alias=node110.di.rm1&noUDP&sock=startd_2154_0b16>
...
014 (295497.000.000) 2025-01-31 02:22:19 Node 0 executing on host: <192.168.0.124:9618?addrs=192.168.0.124-9618&alias=node124.di.rm1&noUDP&sock=startd_2143_7f8b>
...
014 (295497.000.002) 2025-01-31 02:22:19 Node 2 executing on host: <192.168.0.120:9618?addrs=192.168.0.120-9618&alias=node120.di.rm1&noUDP&sock=startd_2096_4298>
...
014 (295497.000.003) 2025-01-31 02:22:19 Node 3 executing on host: <192.168.0.120:9618?addrs=192.168.0.120-9618&alias=node120.di.rm1&noUDP&sock=startd_2096_4298>
...
014 (295497.000.005) 2025-01-31 02:22:19 Node 5 executing on host: <192.168.0.146:9618?addrs=192.168.0.146-9618&alias=node146.di.rm1&noUDP&sock=startd_1984_6ffc>
...
014 (295497.000.006) 2025-01-31 02:22:19 Node 6 executing on host: <192.168.0.111:9618?addrs=192.168.0.111-9618&alias=node111.di.rm1&noUDP&sock=startd_2044_97ab>
...
014 (295497.000.007) 2025-01-31 02:22:19 Node 7 executing on host: <192.168.0.111:9618?addrs=192.168.0.111-9618&alias=node111.di.rm1&noUDP&sock=startd_2044_97ab>
...
001 (295497.000.000) 2025-01-31 02:22:19 Job executing on host: MPI_job
...
008 (295497.000.000) 2025-01-31 02:22:21 Launching orted on Node 4 of 8
...
008 (295497.000.000) 2025-01-31 02:22:21 Launching orted on Node 0 of 8
...
008 (295497.000.000) 2025-01-31 02:22:21 Launching orted on Node 5 of 8
...
008 (295497.000.000) 2025-01-31 02:22:21 Launching orted on Node 1 of 8
...
008 (295497.000.000) 2025-01-31 02:22:21 Launching orted on Node 6 of 8
...
008 (295497.000.000) 2025-01-31 02:22:21 Launching orted on Node 2 of 8
...
008 (295497.000.000) 2025-01-31 02:22:21 Launching orted on Node 3 of 8
...
008 (295497.000.000) 2025-01-31 02:22:21 Launching orted on Node 7 of 8
...
008 (295497.000.000) 2025-01-31 02:22:22 orted exited on Node 4 of 8
...
008 (295497.000.000) 2025-01-31 02:22:22 orted exited on Node 0 of 8
...
008 (295497.000.000) 2025-01-31 02:22:22 orted exited on Node 1 of 8
...
008 (295497.000.000) 2025-01-31 02:22:22 orted exited on Node 2 of 8
...
008 (295497.000.000) 2025-01-31 02:22:22 orted exited on Node 3 of 8
...
008 (295497.000.000) 2025-01-31 02:22:22 orted exited on Node 5 of 8
...
008 (295497.000.000) 2025-01-31 02:22:22 orted exited on Node 6 of 8
...
008 (295497.000.000) 2025-01-31 02:22:22 orted exited on Node 7 of 8
...
015 (295497.000.004) 2025-01-31 02:22:22 Node 4 terminated.
	(1) Normal termination (return value 0)
		Usr 0 00:00:00, Sys 0 00:00:00  -  Run Remote Usage
		Usr 0 00:00:00, Sys 0 00:00:00  -  Run Local Usage
		Usr 0 00:00:00, Sys 0 00:00:00  -  Total Remote Usage
		Usr 0 00:00:00, Sys 0 00:00:00  -  Total Local Usage
	2333  -  Run Bytes Sent By Node
	33831  -  Run Bytes Received By Node
	2333  -  Total Bytes Sent By Node
	33831  -  Total Bytes Received By Node
...
015 (295497.000.001) 2025-01-31 02:22:23 Node 1 terminated.
	(1) Normal termination (return value 0)
		Usr 0 00:00:00, Sys 0 00:00:00  -  Run Remote Usage
		Usr 0 00:00:00, Sys 0 00:00:00  -  Run Local Usage
		Usr 0 00:00:00, Sys 0 00:00:00  -  Total Remote Usage
		Usr 0 00:00:00, Sys 0 00:00:00  -  Total Local Usage
	2355  -  Run Bytes Sent By Node
	33831  -  Run Bytes Received By Node
	2355  -  Total Bytes Sent By Node
	33831  -  Total Bytes Received By Node
...
015 (295497.000.000) 2025-01-31 02:22:23 Node 0 terminated.
	(1) Normal termination (return value 0)
		Usr 0 00:00:00, Sys 0 00:00:00  -  Run Remote Usage
		Usr 0 00:00:00, Sys 0 00:00:00  -  Run Local Usage
		Usr 0 00:00:00, Sys 0 00:00:00  -  Total Remote Usage
		Usr 0 00:00:00, Sys 0 00:00:00  -  Total Local Usage
	4044  -  Run Bytes Sent By Node
	33831  -  Run Bytes Received By Node
	4044  -  Total Bytes Sent By Node
	33831  -  Total Bytes Received By Node
...
005 (295497.000.000) 2025-01-31 02:22:23 Job terminated.
	(1) Normal termination (return value 0)
		Usr 0 00:00:01, Sys 0 00:00:00  -  Run Remote Usage
		Usr 0 00:00:00, Sys 0 00:00:00  -  Run Local Usage
		Usr 0 00:00:00, Sys 0 00:00:00  -  Total Remote Usage
		Usr 0 00:00:00, Sys 0 00:00:00  -  Total Local Usage
	11087  -  Run Bytes Sent By Job
	270648  -  Run Bytes Received By Job
	11087  -  Total Bytes Sent By Job
	270648  -  Total Bytes Received By Job
	Partitionable Resources :    Usage  Request Allocated 
	   Cpus                 :                 1         2 
	   Disk (KB)            :       52       35 102856100 
	   GPUs                 :                           0 
	   Memory (MB)          :        0        0    100096 

	Job terminated of its own accord at 2025-01-31T02:22:22Z with exit-code 0.
...
