000 (268622.000.000) 2025-01-21 21:56:36 Job submitted from host: <192.168.0.102:9618?addrs=192.168.0.102-9618&alias=submitter&noUDP&sock=schedd_2032_5c88>
...
001 (268622.000.000) 2025-01-21 21:56:51 Job executing on host: <192.168.0.137:9618?addrs=192.168.0.137-9618&alias=node137.di.rm1&noUDP&sock=startd_1934_2440>
...
006 (268622.000.000) 2025-01-21 21:57:00 Image size of job updated: 835956
	817  -  MemoryUsage of job (MB)
	835956  -  ResidentSetSize of job (KB)
...
006 (268622.000.000) 2025-01-21 21:57:32 Image size of job updated: 2181072
	819  -  MemoryUsage of job (MB)
	838596  -  ResidentSetSize of job (KB)
...
004 (268622.000.000) 2025-01-21 21:57:32 Job was evicted.
	(0) CPU times
		Usr 0 00:00:39, Sys 0 00:00:01  -  Run Remote Usage
		Usr 0 00:00:00, Sys 0 00:00:00  -  Run Local Usage
	0  -  Run Bytes Sent By Job
	0  -  Run Bytes Received By Job
	Partitionable Resources :    Usage  Request Allocated 
	   Cpus                 :                 1         1 
	   Disk (KB)            :       27       27    391050 
	   Memory (MB)          :      819        1       128 
...
009 (268622.000.000) 2025-01-21 21:57:33 Job was aborted.
	via condor_rm (by user calzona_2046920)
...
000 (268773.000.000) 2025-01-21 22:04:14 Job submitted from host: <192.168.0.102:9618?addrs=192.168.0.102-9618&alias=submitter&noUDP&sock=schedd_2032_5c88>
...
001 (268773.000.000) 2025-01-21 22:04:19 Job executing on host: <192.168.0.147:9618?addrs=192.168.0.147-9618&alias=node147.di.rm1&noUDP&sock=startd_1513_5ee1>
...
006 (268773.000.000) 2025-01-21 22:04:28 Image size of job updated: 837540
	818  -  MemoryUsage of job (MB)
	837540  -  ResidentSetSize of job (KB)
...
006 (268773.000.000) 2025-01-21 22:04:49 Image size of job updated: 2176140
	819  -  MemoryUsage of job (MB)
	838464  -  ResidentSetSize of job (KB)
...
004 (268773.000.000) 2025-01-21 22:04:49 Job was evicted.
	(0) CPU times
		Usr 0 00:00:29, Sys 0 00:00:00  -  Run Remote Usage
		Usr 0 00:00:00, Sys 0 00:00:00  -  Run Local Usage
	0  -  Run Bytes Sent By Job
	0  -  Run Bytes Received By Job
	Partitionable Resources :    Usage  Request Allocated 
	   Cpus                 :                 1         1 
	   Disk (KB)            :       27       27    469805 
	   Memory (MB)          :      819        1       128 
...
009 (268773.000.000) 2025-01-21 22:04:50 Job was aborted.
	via condor_rm (by user calzona_2046920)
...
000 (275166.000.000) 2025-01-24 01:51:08 Job submitted from host: <192.168.0.102:9618?addrs=192.168.0.102-9618&alias=submitter&noUDP&sock=schedd_2032_5c88>
...
001 (275166.000.000) 2025-01-24 01:51:09 Job executing on host: <192.168.0.148:9618?addrs=192.168.0.148-9618&alias=node148.di.rm1&noUDP&sock=startd_1547_b119>
...
006 (275166.000.000) 2025-01-24 01:51:18 Image size of job updated: 840972
	822  -  MemoryUsage of job (MB)
	840972  -  ResidentSetSize of job (KB)
...
006 (275166.000.000) 2025-01-24 01:53:11 Image size of job updated: 2181072
	823  -  MemoryUsage of job (MB)
	841764  -  ResidentSetSize of job (KB)
...
004 (275166.000.000) 2025-01-24 01:53:11 Job was evicted.
	(0) CPU times
		Usr 0 00:01:58, Sys 0 00:00:02  -  Run Remote Usage
		Usr 0 00:00:00, Sys 0 00:00:00  -  Run Local Usage
	0  -  Run Bytes Sent By Job
	0  -  Run Bytes Received By Job
	Partitionable Resources :    Usage  Request Allocated 
	   Cpus                 :     1.00        1         1 
	   Disk (KB)            :    27          27    467548 
	   Memory (MB)          :   823           1       128 
...
009 (275166.000.000) 2025-01-24 01:53:11 Job was aborted.
	via condor_rm (by user calzona_2046920)
...
