000 (270796.000.000) 2025-01-22 00:15:33 Job submitted from host: <192.168.0.102:9618?addrs=192.168.0.102-9618&alias=submitter&noUDP&sock=schedd_2032_5c88>
...
001 (270796.000.000) 2025-01-22 00:15:53 Job executing on host: <192.168.0.147:9618?addrs=192.168.0.147-9618&alias=node147.di.rm1&noUDP&sock=startd_1513_5ee1>
...
006 (270796.000.000) 2025-01-22 00:16:01 Image size of job updated: 213532
	209  -  MemoryUsage of job (MB)
	213532  -  ResidentSetSize of job (KB)
...
006 (270796.000.000) 2025-01-22 00:16:29 Image size of job updated: 234188
	209  -  MemoryUsage of job (MB)
	213532  -  ResidentSetSize of job (KB)
...
005 (270796.000.000) 2025-01-22 00:16:29 Job terminated.
	(1) Normal termination (return value 0)
		Usr 0 00:04:24, Sys 0 00:00:00  -  Run Remote Usage
		Usr 0 00:00:00, Sys 0 00:00:00  -  Run Local Usage
		Usr 0 00:04:24, Sys 0 00:00:00  -  Total Remote Usage
		Usr 0 00:00:00, Sys 0 00:00:00  -  Total Local Usage
	0  -  Run Bytes Sent By Job
	0  -  Run Bytes Received By Job
	0  -  Total Bytes Sent By Job
	0  -  Total Bytes Received By Job
	Partitionable Resources :    Usage  Request Allocated 
	   Cpus                 :        0        1         1 
	   Disk (KB)            :       27       27    469805 
	   Memory (MB)          :      209        1       128 

	Job terminated of its own accord at 2025-01-22T00:16:29Z with exit-code 0.
...
000 (276950.000.000) 2025-01-24 05:30:11 Job submitted from host: <192.168.0.102:9618?addrs=192.168.0.102-9618&alias=submitter&noUDP&sock=schedd_2032_5c88>
...
001 (276950.000.000) 2025-01-24 05:30:12 Job executing on host: <192.168.0.148:9618?addrs=192.168.0.148-9618&alias=node148.di.rm1&noUDP&sock=startd_1547_b119>
...
006 (276950.000.000) 2025-01-24 05:30:21 Image size of job updated: 213712
	209  -  MemoryUsage of job (MB)
	213712  -  ResidentSetSize of job (KB)
...
006 (276950.000.000) 2025-01-24 05:30:49 Image size of job updated: 234188
	209  -  MemoryUsage of job (MB)
	213712  -  ResidentSetSize of job (KB)
...
005 (276950.000.000) 2025-01-24 05:30:49 Job terminated.
	(1) Normal termination (return value 0)
		Usr 0 00:04:28, Sys 0 00:00:00  -  Run Remote Usage
		Usr 0 00:00:00, Sys 0 00:00:00  -  Run Local Usage
		Usr 0 00:04:28, Sys 0 00:00:00  -  Total Remote Usage
		Usr 0 00:00:00, Sys 0 00:00:00  -  Total Local Usage
	0  -  Run Bytes Sent By Job
	0  -  Run Bytes Received By Job
	0  -  Total Bytes Sent By Job
	0  -  Total Bytes Received By Job
	Partitionable Resources :    Usage  Request Allocated 
	   Cpus                 :                 1         1 
	   Disk (KB)            :       27       27    467548 
	   Memory (MB)          :      209        1       128 

	Job terminated of its own accord at 2025-01-24T05:30:49Z with exit-code 0.
...
