000 (263682.000.000) 2025-01-17 11:21:01 Job submitted from host: <192.168.0.102:9618?addrs=192.168.0.102-9618&alias=submitter&noUDP&sock=schedd_2032_5c88>
...
001 (263682.000.000) 2025-01-17 11:21:06 Job executing on host: <192.168.0.113:9618?addrs=192.168.0.113-9618&alias=node113.di.rm1&noUDP&sock=startd_3668932_c305>
...
006 (263682.000.000) 2025-01-17 11:21:16 Image size of job updated: 1519524
	464  -  MemoryUsage of job (MB)
	474144  -  ResidentSetSize of job (KB)
...
006 (263682.000.000) 2025-01-17 11:26:26 Image size of job updated: 10081440
	8615  -  MemoryUsage of job (MB)
	8821328  -  ResidentSetSize of job (KB)
...
006 (263682.000.000) 2025-01-17 11:33:51 Image size of job updated: 11144700
	9654  -  MemoryUsage of job (MB)
	9885044  -  ResidentSetSize of job (KB)
...
006 (263682.000.000) 2025-01-17 11:33:57 Image size of job updated: 11144700
	9700  -  MemoryUsage of job (MB)
	9932300  -  ResidentSetSize of job (KB)
...
004 (263682.000.000) 2025-01-17 11:33:57 Job was evicted.
	(0) CPU times
		Usr 0 00:04:25, Sys 0 00:02:30  -  Run Remote Usage
		Usr 0 00:00:00, Sys 0 00:00:00  -  Run Local Usage
	0  -  Run Bytes Sent By Job
	0  -  Run Bytes Received By Job
	Partitionable Resources :    Usage  Request Allocated 
	   Cpus                 :     0.43        1         1 
	   Disk (KB)            :    27          27    459754 
	   Gpus (Average)       :                 0         0 
	   Memory (MB)          :  9700           1       128 
...
009 (263682.000.000) 2025-01-17 11:33:57 Job was aborted.
	via condor_rm (by user calzona_2046920)
...
