000 (281044.000.000) 2025-01-25 18:42:44 Job submitted from host: <192.168.0.102:9618?addrs=192.168.0.102-9618&alias=submitter&noUDP&sock=schedd_2032_5c88>
...
014 (281044.000.003) 2025-01-25 18:42:50 Node 3 executing on host: <192.168.0.137:9618?addrs=192.168.0.137-9618&alias=node137.di.rm1&noUDP&sock=startd_1934_2440>
...
014 (281044.000.000) 2025-01-25 18:42:50 Node 0 executing on host: <192.168.0.112:9618?addrs=192.168.0.112-9618&alias=node112.di.rm1&noUDP&sock=startd_2169_5502>
...
014 (281044.000.001) 2025-01-25 18:42:50 Node 1 executing on host: <192.168.0.151:9618?addrs=192.168.0.151-9618&alias=node151.di.rm1&noUDP&sock=startd_1528_a8cd>
...
014 (281044.000.002) 2025-01-25 18:42:50 Node 2 executing on host: <192.168.0.113:9618?addrs=192.168.0.113-9618&alias=node113.di.rm1&noUDP&sock=startd_3668932_c305>
...
001 (281044.000.000) 2025-01-25 18:42:50 Job executing on host: MPI_job
...
008 (281044.000.000) 2025-01-25 18:42:53 Launching orted on Node 3 of 4
...
008 (281044.000.000) 2025-01-25 18:42:53 Launching orted on Node 0 of 4
...
008 (281044.000.000) 2025-01-25 18:42:53 Launching orted on Node 1 of 4
...
008 (281044.000.000) 2025-01-25 18:42:53 Launching orted on Node 2 of 4
...
008 (281044.000.000) 2025-01-25 18:43:38 orted exited on Node 0 of 4
...
008 (281044.000.000) 2025-01-25 18:43:38 orted exited on Node 3 of 4
...
008 (281044.000.000) 2025-01-25 18:43:38 orted exited on Node 1 of 4
...
008 (281044.000.000) 2025-01-25 18:43:38 orted exited on Node 2 of 4
...
015 (281044.000.003) 2025-01-25 18:43:38 Node 3 terminated.
	(1) Normal termination (return value 0)
		Usr 0 00:00:43, Sys 0 00:00:01  -  Run Remote Usage
		Usr 0 00:00:00, Sys 0 00:00:00  -  Run Local Usage
		Usr 0 00:00:43, Sys 0 00:00:01  -  Total Remote Usage
		Usr 0 00:00:00, Sys 0 00:00:00  -  Total Local Usage
	2165  -  Run Bytes Sent By Node
	33639  -  Run Bytes Received By Node
	2165  -  Total Bytes Sent By Node
	33639  -  Total Bytes Received By Node
...
015 (281044.000.000) 2025-01-25 18:43:38 Node 0 terminated.
	(1) Normal termination (return value 0)
		Usr 0 00:00:06, Sys 0 00:00:00  -  Run Remote Usage
		Usr 0 00:00:00, Sys 0 00:00:00  -  Run Local Usage
		Usr 0 00:00:06, Sys 0 00:00:00  -  Total Remote Usage
		Usr 0 00:00:00, Sys 0 00:00:00  -  Total Local Usage
	3770  -  Run Bytes Sent By Node
	33639  -  Run Bytes Received By Node
	3770  -  Total Bytes Sent By Node
	33639  -  Total Bytes Received By Node
...
005 (281044.000.000) 2025-01-25 18:43:38 Job terminated.
	(1) Normal termination (return value 0)
		Usr 0 00:02:16, Sys 0 00:00:03  -  Run Remote Usage
		Usr 0 00:00:00, Sys 0 00:00:00  -  Run Local Usage
		Usr 0 00:00:01, Sys 0 00:00:00  -  Total Remote Usage
		Usr 0 00:00:00, Sys 0 00:00:00  -  Total Local Usage
	5935  -  Run Bytes Sent By Job
	134556  -  Run Bytes Received By Job
	5935  -  Total Bytes Sent By Job
	134556  -  Total Bytes Received By Job
	Partitionable Resources :    Usage  Request Allocated 
	   Cpus                 :                 1         2 
	   Disk (KB)            :       51       35 102912356 
	   GPUs                 :                           0 
	   Memory (MB)          :      255        0    100096 

	Job terminated of its own accord at 2025-01-25T18:43:38Z with exit-code 0.
...
000 (288256.000.000) 2025-01-28 19:08:28 Job submitted from host: <192.168.0.102:9618?addrs=192.168.0.102-9618&alias=submitter&noUDP&sock=schedd_2032_5c88>
...
014 (288256.000.001) 2025-01-28 19:08:31 Node 1 executing on host: <192.168.0.130:9618?addrs=192.168.0.130-9618&alias=node130.di.rm1&noUDP&sock=startd_2751195_838e>
...
014 (288256.000.003) 2025-01-28 19:08:31 Node 3 executing on host: <192.168.0.130:9618?addrs=192.168.0.130-9618&alias=node130.di.rm1&noUDP&sock=startd_2751195_838e>
...
014 (288256.000.002) 2025-01-28 19:08:31 Node 2 executing on host: <192.168.0.110:9618?addrs=192.168.0.110-9618&alias=node110.di.rm1&noUDP&sock=startd_2185_4e86>
...
014 (288256.000.000) 2025-01-28 19:08:31 Node 0 executing on host: <192.168.0.123:9618?addrs=192.168.0.123-9618&alias=node123.di.rm1&noUDP&sock=startd_2149_9d1d>
...
001 (288256.000.000) 2025-01-28 19:08:31 Job executing on host: MPI_job
...
008 (288256.000.000) 2025-01-28 19:08:33 Launching orted on Node 3 of 4
...
008 (288256.000.000) 2025-01-28 19:08:33 Launching orted on Node 1 of 4
...
008 (288256.000.000) 2025-01-28 19:08:33 Launching orted on Node 2 of 4
...
008 (288256.000.000) 2025-01-28 19:08:33 Launching orted on Node 0 of 4
...
008 (288256.000.000) 2025-01-28 19:09:17 orted exited on Node 2 of 4
...
008 (288256.000.000) 2025-01-28 19:09:17 orted exited on Node 1 of 4
...
008 (288256.000.000) 2025-01-28 19:09:17 orted exited on Node 3 of 4
...
008 (288256.000.000) 2025-01-28 19:09:17 orted exited on Node 0 of 4
...
015 (288256.000.003) 2025-01-28 19:09:17 Node 3 terminated.
	(1) Normal termination (return value 0)
		Usr 0 00:00:42, Sys 0 00:00:01  -  Run Remote Usage
		Usr 0 00:00:00, Sys 0 00:00:00  -  Run Local Usage
		Usr 0 00:00:42, Sys 0 00:00:01  -  Total Remote Usage
		Usr 0 00:00:00, Sys 0 00:00:00  -  Total Local Usage
	2165  -  Run Bytes Sent By Node
	33631  -  Run Bytes Received By Node
	2165  -  Total Bytes Sent By Node
	33631  -  Total Bytes Received By Node
...
015 (288256.000.001) 2025-01-28 19:09:17 Node 1 terminated.
	(1) Normal termination (return value 0)
		Usr 0 00:00:42, Sys 0 00:00:01  -  Run Remote Usage
		Usr 0 00:00:00, Sys 0 00:00:00  -  Run Local Usage
		Usr 0 00:00:42, Sys 0 00:00:01  -  Total Remote Usage
		Usr 0 00:00:00, Sys 0 00:00:00  -  Total Local Usage
	2165  -  Run Bytes Sent By Node
	33631  -  Run Bytes Received By Node
	2165  -  Total Bytes Sent By Node
	33631  -  Total Bytes Received By Node
...
015 (288256.000.000) 2025-01-28 19:09:17 Node 0 terminated.
	(1) Normal termination (return value 0)
		Usr 0 00:00:00, Sys 0 00:00:00  -  Run Remote Usage
		Usr 0 00:00:00, Sys 0 00:00:00  -  Run Local Usage
		Usr 0 00:00:00, Sys 0 00:00:00  -  Total Remote Usage
		Usr 0 00:00:00, Sys 0 00:00:00  -  Total Local Usage
	3304  -  Run Bytes Sent By Node
	33631  -  Run Bytes Received By Node
	3304  -  Total Bytes Sent By Node
	33631  -  Total Bytes Received By Node
...
005 (288256.000.000) 2025-01-28 19:09:17 Job terminated.
	(1) Normal termination (return value 0)
		Usr 0 00:02:07, Sys 0 00:00:03  -  Run Remote Usage
		Usr 0 00:00:00, Sys 0 00:00:00  -  Run Local Usage
		Usr 0 00:00:00, Sys 0 00:00:00  -  Total Remote Usage
		Usr 0 00:00:00, Sys 0 00:00:00  -  Total Local Usage
	7634  -  Run Bytes Sent By Job
	134524  -  Run Bytes Received By Job
	7634  -  Total Bytes Sent By Job
	134524  -  Total Bytes Received By Job
	Partitionable Resources :    Usage  Request Allocated 
	   Cpus                 :                 1         2 
	   Disk (KB)            :       51       35 102979196 
	   GPUs                 :                           0 
	   Memory (MB)          :      283        0    100096 

	Job terminated of its own accord at 2025-01-28T19:09:17Z with exit-code 0.
...
