000 (269861.000.000) 2025-01-21 23:13:01 Job submitted from host: <192.168.0.102:9618?addrs=192.168.0.102-9618&alias=submitter&noUDP&sock=schedd_2032_5c88>
...
001 (269861.000.000) 2025-01-21 23:13:07 Job executing on host: <192.168.0.151:9618?addrs=192.168.0.151-9618&alias=node151.di.rm1&noUDP&sock=startd_1528_a8cd>
...
006 (269861.000.000) 2025-01-21 23:13:17 Image size of job updated: 1151008
	458  -  MemoryUsage of job (MB)
	468600  -  ResidentSetSize of job (KB)
...
006 (269861.000.000) 2025-01-21 23:14:04 Image size of job updated: 3424312
	459  -  MemoryUsage of job (MB)
	469128  -  ResidentSetSize of job (KB)
...
004 (269861.000.000) 2025-01-21 23:14:04 Job was evicted.
	(0) CPU times
		Usr 0 00:00:53, Sys 0 00:00:00  -  Run Remote Usage
		Usr 0 00:00:00, Sys 0 00:00:00  -  Run Local Usage
	0  -  Run Bytes Sent By Job
	0  -  Run Bytes Received By Job
	Partitionable Resources :    Usage  Request Allocated 
	   Cpus                 :     0.85        1         1 
	   Disk (KB)            :    27          27    474791 
	   Memory (MB)          :   459           1       128 
...
009 (269861.000.000) 2025-01-21 23:14:05 Job was aborted.
	via condor_rm (by user calzona_2046920)
...
000 (276019.000.000) 2025-01-24 03:49:01 Job submitted from host: <192.168.0.102:9618?addrs=192.168.0.102-9618&alias=submitter&noUDP&sock=schedd_2032_5c88>
...
001 (276019.000.000) 2025-01-24 03:49:01 Job executing on host: <192.168.0.147:9618?addrs=192.168.0.147-9618&alias=node147.di.rm1&noUDP&sock=startd_1513_5ee1>
...
006 (276019.000.000) 2025-01-24 03:49:09 Image size of job updated: 1118112
	416  -  MemoryUsage of job (MB)
	425832  -  ResidentSetSize of job (KB)
...
006 (276019.000.000) 2025-01-24 03:51:02 Image size of job updated: 6722928
	420  -  MemoryUsage of job (MB)
	430056  -  ResidentSetSize of job (KB)
...
004 (276019.000.000) 2025-01-24 03:51:02 Job was evicted.
	(0) CPU times
		Usr 0 00:01:58, Sys 0 00:00:02  -  Run Remote Usage
		Usr 0 00:00:00, Sys 0 00:00:00  -  Run Local Usage
	0  -  Run Bytes Sent By Job
	0  -  Run Bytes Received By Job
	Partitionable Resources :    Usage  Request Allocated 
	   Cpus                 :                 1         1 
	   Disk (KB)            :       27       27    469805 
	   Memory (MB)          :      420        1       128 
...
009 (276019.000.000) 2025-01-24 03:51:02 Job was aborted.
	via condor_rm (by user calzona_2046920)
...
