000 (282046.000.000) 2025-01-26 15:53:25 Job submitted from host: <192.168.0.102:9618?addrs=192.168.0.102-9618&alias=submitter&noUDP&sock=schedd_2032_5c88>
...
014 (282046.000.000) 2025-01-26 15:53:28 Node 0 executing on host: <192.168.0.133:9618?addrs=192.168.0.133-9618&alias=node133.di.rm1&noUDP&sock=startd_1941_f16a>
...
014 (282046.000.001) 2025-01-26 15:53:28 Node 1 executing on host: <192.168.0.141:9618?addrs=192.168.0.141-9618&alias=node141.di.rm1&noUDP&sock=startd_2077_3a4b>
...
001 (282046.000.000) 2025-01-26 15:53:28 Job executing on host: MPI_job
...
008 (282046.000.000) 2025-01-26 15:53:30 Launching orted on Node 0 of 2
...
008 (282046.000.000) 2025-01-26 15:53:31 Launching orted on Node 1 of 2
...
008 (282046.000.000) 2025-01-26 15:53:35 orted exited on Node 0 of 2
...
008 (282046.000.000) 2025-01-26 15:53:35 orted exited on Node 1 of 2
...
015 (282046.000.000) 2025-01-26 15:53:35 Node 0 terminated.
	(1) Normal termination (return value 0)
		Usr 0 00:00:04, Sys 0 00:00:00  -  Run Remote Usage
		Usr 0 00:00:00, Sys 0 00:00:00  -  Run Local Usage
		Usr 0 00:00:04, Sys 0 00:00:00  -  Total Remote Usage
		Usr 0 00:00:00, Sys 0 00:00:00  -  Total Local Usage
	3256  -  Run Bytes Sent By Node
	33711  -  Run Bytes Received By Node
	3256  -  Total Bytes Sent By Node
	33711  -  Total Bytes Received By Node
...
005 (282046.000.000) 2025-01-26 15:53:35 Job terminated.
	(1) Normal termination (return value 0)
		Usr 0 00:00:08, Sys 0 00:00:00  -  Run Remote Usage
		Usr 0 00:00:00, Sys 0 00:00:00  -  Run Local Usage
		Usr 0 00:00:04, Sys 0 00:00:00  -  Total Remote Usage
		Usr 0 00:00:00, Sys 0 00:00:00  -  Total Local Usage
	3256  -  Run Bytes Sent By Job
	67422  -  Run Bytes Received By Job
	3256  -  Total Bytes Sent By Job
	67422  -  Total Bytes Received By Job
	Partitionable Resources :    Usage  Request Allocated 
	   Cpus                 :                 1         1 
	   Disk (KB)            :       49       35    473452 
	   Memory (MB)          :        0        0     53248 

	Job terminated of its own accord at 2025-01-26T15:53:35Z with exit-code 0.
...
000 (288883.000.000) 2025-01-28 21:28:05 Job submitted from host: <192.168.0.102:9618?addrs=192.168.0.102-9618&alias=submitter&noUDP&sock=schedd_2032_5c88>
...
014 (288883.000.000) 2025-01-28 21:28:08 Node 0 executing on host: <192.168.0.145:9618?addrs=192.168.0.145-9618&alias=node145.di.rm1&noUDP&sock=startd_1869_8e98>
...
014 (288883.000.001) 2025-01-28 21:28:08 Node 1 executing on host: <192.168.0.106:9618?addrs=192.168.0.106-9618&alias=node106.di.rm1&noUDP&sock=startd_1970_d5a9>
...
001 (288883.000.000) 2025-01-28 21:28:08 Job executing on host: MPI_job
...
008 (288883.000.000) 2025-01-28 21:28:10 Launching orted on Node 1 of 2
...
008 (288883.000.000) 2025-01-28 21:28:10 Launching orted on Node 0 of 2
...
008 (288883.000.000) 2025-01-28 21:28:14 orted exited on Node 1 of 2
...
008 (288883.000.000) 2025-01-28 21:28:14 orted exited on Node 0 of 2
...
015 (288883.000.000) 2025-01-28 21:28:15 Node 0 terminated.
	(1) Normal termination (return value 0)
		Usr 0 00:00:05, Sys 0 00:00:00  -  Run Remote Usage
		Usr 0 00:00:00, Sys 0 00:00:00  -  Run Local Usage
		Usr 0 00:00:05, Sys 0 00:00:00  -  Total Remote Usage
		Usr 0 00:00:00, Sys 0 00:00:00  -  Total Local Usage
	3256  -  Run Bytes Sent By Node
	33711  -  Run Bytes Received By Node
	3256  -  Total Bytes Sent By Node
	33711  -  Total Bytes Received By Node
...
005 (288883.000.000) 2025-01-28 21:28:15 Job terminated.
	(1) Normal termination (return value 0)
		Usr 0 00:00:09, Sys 0 00:00:00  -  Run Remote Usage
		Usr 0 00:00:00, Sys 0 00:00:00  -  Run Local Usage
		Usr 0 00:00:05, Sys 0 00:00:00  -  Total Remote Usage
		Usr 0 00:00:00, Sys 0 00:00:00  -  Total Local Usage
	5421  -  Run Bytes Sent By Job
	67422  -  Run Bytes Received By Job
	5421  -  Total Bytes Sent By Job
	67422  -  Total Bytes Received By Job
	Partitionable Resources :    Usage  Request Allocated 
	   Cpus                 :                 1         2 
	   Disk (KB)            :       50       35 102711052 
	   Memory (MB)          :        0        0    100096 

	Job terminated of its own accord at 2025-01-28T21:28:14Z with exit-code 0.
...
