000 (270251.000.000) 2025-01-21 23:38:16 Job submitted from host: <192.168.0.102:9618?addrs=192.168.0.102-9618&alias=submitter&noUDP&sock=schedd_2032_5c88>
...
001 (270251.000.000) 2025-01-21 23:38:16 Job executing on host: <192.168.0.109:9618?addrs=192.168.0.109-9618&alias=node109.di.rm1&noUDP&sock=startd_1627_90ad>
...
006 (270251.000.000) 2025-01-21 23:38:25 Image size of job updated: 511676
	499  -  MemoryUsage of job (MB)
	510752  -  ResidentSetSize of job (KB)
...
006 (270251.000.000) 2025-01-21 23:39:18 Image size of job updated: 3917700
	500  -  MemoryUsage of job (MB)
	511148  -  ResidentSetSize of job (KB)
...
004 (270251.000.000) 2025-01-21 23:39:18 Job was evicted.
	(0) CPU times
		Usr 0 00:01:00, Sys 0 00:00:01  -  Run Remote Usage
		Usr 0 00:00:00, Sys 0 00:00:00  -  Run Local Usage
	0  -  Run Bytes Sent By Job
	0  -  Run Bytes Received By Job
	Partitionable Resources :    Usage  Request Allocated 
	   Cpus                 :                 1         1 
	   Disk (KB)            :       27       27    468160 
	   Memory (MB)          :      500        1       128 
...
009 (270251.000.000) 2025-01-21 23:39:18 Job was aborted.
	via condor_rm (by user calzona_2046920)
...
000 (276408.000.000) 2025-01-24 04:30:04 Job submitted from host: <192.168.0.102:9618?addrs=192.168.0.102-9618&alias=submitter&noUDP&sock=schedd_2032_5c88>
...
001 (276408.000.000) 2025-01-24 04:30:04 Job executing on host: <192.168.0.148:9618?addrs=192.168.0.148-9618&alias=node148.di.rm1&noUDP&sock=startd_1547_b119>
...
006 (276408.000.000) 2025-01-24 04:30:13 Image size of job updated: 1118112
	498  -  MemoryUsage of job (MB)
	509124  -  ResidentSetSize of job (KB)
...
006 (276408.000.000) 2025-01-24 04:32:05 Image size of job updated: 6431904
	498  -  MemoryUsage of job (MB)
	509256  -  ResidentSetSize of job (KB)
...
004 (276408.000.000) 2025-01-24 04:32:05 Job was evicted.
	(0) CPU times
		Usr 0 00:01:58, Sys 0 00:00:02  -  Run Remote Usage
		Usr 0 00:00:00, Sys 0 00:00:00  -  Run Local Usage
	0  -  Run Bytes Sent By Job
	0  -  Run Bytes Received By Job
	Partitionable Resources :    Usage  Request Allocated 
	   Cpus                 :     1.00        1         1 
	   Disk (KB)            :    27          27    467548 
	   Memory (MB)          :   498           1       128 
...
009 (276408.000.000) 2025-01-24 04:32:05 Job was aborted.
	via condor_rm (by user calzona_2046920)
...
