000 (270479.000.000) 2025-01-21 23:57:33 Job submitted from host: <192.168.0.102:9618?addrs=192.168.0.102-9618&alias=submitter&noUDP&sock=schedd_2032_5c88>
...
001 (270479.000.000) 2025-01-21 23:57:36 Job executing on host: <192.168.0.151:9618?addrs=192.168.0.151-9618&alias=node151.di.rm1&noUDP&sock=startd_1528_a8cd>
...
006 (270479.000.000) 2025-01-21 23:57:46 Image size of job updated: 555060
	543  -  MemoryUsage of job (MB)
	555060  -  ResidentSetSize of job (KB)
...
006 (270479.000.000) 2025-01-21 23:58:36 Image size of job updated: 3301016
	543  -  MemoryUsage of job (MB)
	555852  -  ResidentSetSize of job (KB)
...
004 (270479.000.000) 2025-01-21 23:58:36 Job was evicted.
	(0) CPU times
		Usr 0 00:00:56, Sys 0 00:00:01  -  Run Remote Usage
		Usr 0 00:00:00, Sys 0 00:00:00  -  Run Local Usage
	0  -  Run Bytes Sent By Job
	0  -  Run Bytes Received By Job
	Partitionable Resources :    Usage  Request Allocated 
	   Cpus                 :     1.00        1         1 
	   Disk (KB)            :    27          27    474791 
	   Memory (MB)          :   543           1       128 
...
009 (270479.000.000) 2025-01-21 23:58:36 Job was aborted.
	via condor_rm (by user calzona_2046920)
...
000 (276633.000.000) 2025-01-24 05:02:22 Job submitted from host: <192.168.0.102:9618?addrs=192.168.0.102-9618&alias=submitter&noUDP&sock=schedd_2032_5c88>
...
001 (276633.000.000) 2025-01-24 05:02:23 Job executing on host: <192.168.0.147:9618?addrs=192.168.0.147-9618&alias=node147.di.rm1&noUDP&sock=startd_1513_5ee1>
...
006 (276633.000.000) 2025-01-24 05:02:31 Image size of job updated: 1382244
	493  -  MemoryUsage of job (MB)
	504768  -  ResidentSetSize of job (KB)
...
006 (276633.000.000) 2025-01-24 05:04:24 Image size of job updated: 7223700
	493  -  MemoryUsage of job (MB)
	504768  -  ResidentSetSize of job (KB)
...
004 (276633.000.000) 2025-01-24 05:04:24 Job was evicted.
	(0) CPU times
		Usr 0 00:01:57, Sys 0 00:00:02  -  Run Remote Usage
		Usr 0 00:00:00, Sys 0 00:00:00  -  Run Local Usage
	0  -  Run Bytes Sent By Job
	0  -  Run Bytes Received By Job
	Partitionable Resources :    Usage  Request Allocated 
	   Cpus                 :                 1         1 
	   Disk (KB)            :       27       27    469805 
	   Memory (MB)          :      493        1       128 
...
009 (276633.000.000) 2025-01-24 05:04:24 Job was aborted.
	via condor_rm (by user calzona_2046920)
...
