000 (272951.000.000) 2025-01-23 10:16:54 Job submitted from host: <192.168.0.102:9618?addrs=192.168.0.102-9618&alias=submitter&noUDP&sock=schedd_2032_5c88>
...
014 (272951.000.003) 2025-01-23 10:17:05 Node 3 executing on host: <192.168.0.109:9618?addrs=192.168.0.109-9618&alias=node109.di.rm1&noUDP&sock=startd_1627_90ad>
...
014 (272951.000.000) 2025-01-23 10:17:05 Node 0 executing on host: <192.168.0.132:9618?addrs=192.168.0.132-9618&alias=node132.di.rm1&noUDP&sock=startd_1999_b9e8>
...
014 (272951.000.002) 2025-01-23 10:17:05 Node 2 executing on host: <192.168.0.133:9618?addrs=192.168.0.133-9618&alias=node133.di.rm1&noUDP&sock=startd_1941_f16a>
...
014 (272951.000.001) 2025-01-23 10:17:05 Node 1 executing on host: <192.168.0.130:9618?addrs=192.168.0.130-9618&alias=node130.di.rm1&noUDP&sock=startd_2751195_838e>
...
001 (272951.000.000) 2025-01-23 10:17:05 Job executing on host: MPI_job
...
008 (272951.000.000) 2025-01-23 10:17:07 Launching orted on Node 0 of 4
...
008 (272951.000.000) 2025-01-23 10:17:07 Launching orted on Node 3 of 4
...
008 (272951.000.000) 2025-01-23 10:17:08 Launching orted on Node 1 of 4
...
008 (272951.000.000) 2025-01-23 10:17:08 Launching orted on Node 2 of 4
...
008 (272951.000.000) 2025-01-23 10:17:11 orted exited on Node 0 of 4
...
008 (272951.000.000) 2025-01-23 10:17:11 orted exited on Node 1 of 4
...
008 (272951.000.000) 2025-01-23 10:17:11 orted exited on Node 2 of 4
...
008 (272951.000.000) 2025-01-23 10:17:11 orted exited on Node 3 of 4
...
015 (272951.000.003) 2025-01-23 10:17:11 Node 3 terminated.
	(1) Normal termination (return value 0)
		Usr 0 00:00:02, Sys 0 00:00:00  -  Run Remote Usage
		Usr 0 00:00:00, Sys 0 00:00:00  -  Run Local Usage
		Usr 0 00:00:02, Sys 0 00:00:00  -  Total Remote Usage
		Usr 0 00:00:00, Sys 0 00:00:00  -  Total Local Usage
	2165  -  Run Bytes Sent By Node
	33639  -  Run Bytes Received By Node
	2165  -  Total Bytes Sent By Node
	33639  -  Total Bytes Received By Node
...
015 (272951.000.000) 2025-01-23 10:17:11 Node 0 terminated.
	(1) Normal termination (return value 0)
		Usr 0 00:00:03, Sys 0 00:00:00  -  Run Remote Usage
		Usr 0 00:00:00, Sys 0 00:00:00  -  Run Local Usage
		Usr 0 00:00:03, Sys 0 00:00:00  -  Total Remote Usage
		Usr 0 00:00:00, Sys 0 00:00:00  -  Total Local Usage
	3259  -  Run Bytes Sent By Node
	33639  -  Run Bytes Received By Node
	3259  -  Total Bytes Sent By Node
	33639  -  Total Bytes Received By Node
...
005 (272951.000.000) 2025-01-23 10:17:11 Job terminated.
	(1) Normal termination (return value 0)
		Usr 0 00:00:09, Sys 0 00:00:00  -  Run Remote Usage
		Usr 0 00:00:00, Sys 0 00:00:00  -  Run Local Usage
		Usr 0 00:00:01, Sys 0 00:00:00  -  Total Remote Usage
		Usr 0 00:00:00, Sys 0 00:00:00  -  Total Local Usage
	5424  -  Run Bytes Sent By Job
	134556  -  Run Bytes Received By Job
	5424  -  Total Bytes Sent By Job
	134556  -  Total Bytes Received By Job
	Partitionable Resources :    Usage  Request Allocated 
	   Cpus                 :                 1         2 
	   Disk (KB)            :       49       35 103028807 
	   Memory (MB)          :        1        1    100096 

	Job terminated of its own accord at 2025-01-23T10:17:11Z with exit-code 0.
...
000 (273026.000.000) 2025-01-23 10:22:14 Job submitted from host: <192.168.0.102:9618?addrs=192.168.0.102-9618&alias=submitter&noUDP&sock=schedd_2032_5c88>
...
014 (273026.000.000) 2025-01-23 10:22:22 Node 0 executing on host: <192.168.0.106:9618?addrs=192.168.0.106-9618&alias=node106.di.rm1&noUDP&sock=startd_1970_d5a9>
...
014 (273026.000.002) 2025-01-23 10:22:22 Node 2 executing on host: <192.168.0.116:9618?addrs=192.168.0.116-9618&alias=node116.di.rm1&noUDP&sock=startd_1847_7783>
...
014 (273026.000.001) 2025-01-23 10:22:22 Node 1 executing on host: <192.168.0.140:9618?addrs=192.168.0.140-9618&alias=node140.di.rm1&noUDP&sock=startd_1890_f615>
...
014 (273026.000.003) 2025-01-23 10:22:22 Node 3 executing on host: <192.168.0.146:9618?addrs=192.168.0.146-9618&alias=node146.di.rm1&noUDP&sock=startd_1984_6ffc>
...
001 (273026.000.000) 2025-01-23 10:22:22 Job executing on host: MPI_job
...
008 (273026.000.000) 2025-01-23 10:22:24 Launching orted on Node 0 of 4
...
008 (273026.000.000) 2025-01-23 10:22:24 Launching orted on Node 2 of 4
...
008 (273026.000.000) 2025-01-23 10:22:24 Launching orted on Node 1 of 4
...
008 (273026.000.000) 2025-01-23 10:22:24 Launching orted on Node 3 of 4
...
008 (273026.000.000) 2025-01-23 10:22:27 orted exited on Node 2 of 4
...
008 (273026.000.000) 2025-01-23 10:22:27 orted exited on Node 1 of 4
...
008 (273026.000.000) 2025-01-23 10:22:27 orted exited on Node 3 of 4
...
008 (273026.000.000) 2025-01-23 10:22:27 orted exited on Node 0 of 4
...
015 (273026.000.002) 2025-01-23 10:22:27 Node 2 terminated.
	(1) Normal termination (return value 0)
		Usr 0 00:00:03, Sys 0 00:00:01  -  Run Remote Usage
		Usr 0 00:00:00, Sys 0 00:00:00  -  Run Local Usage
		Usr 0 00:00:03, Sys 0 00:00:01  -  Total Remote Usage
		Usr 0 00:00:00, Sys 0 00:00:00  -  Total Local Usage
	2165  -  Run Bytes Sent By Node
	33639  -  Run Bytes Received By Node
	2165  -  Total Bytes Sent By Node
	33639  -  Total Bytes Received By Node
...
015 (273026.000.001) 2025-01-23 10:22:27 Node 1 terminated.
	(1) Normal termination (return value 0)
		Usr 0 00:00:02, Sys 0 00:00:00  -  Run Remote Usage
		Usr 0 00:00:00, Sys 0 00:00:00  -  Run Local Usage
		Usr 0 00:00:02, Sys 0 00:00:00  -  Total Remote Usage
		Usr 0 00:00:00, Sys 0 00:00:00  -  Total Local Usage
	2165  -  Run Bytes Sent By Node
	33639  -  Run Bytes Received By Node
	2165  -  Total Bytes Sent By Node
	33639  -  Total Bytes Received By Node
...
015 (273026.000.003) 2025-01-23 10:22:27 Node 3 terminated.
	(1) Normal termination (return value 0)
		Usr 0 00:00:02, Sys 0 00:00:00  -  Run Remote Usage
		Usr 0 00:00:00, Sys 0 00:00:00  -  Run Local Usage
		Usr 0 00:00:02, Sys 0 00:00:00  -  Total Remote Usage
		Usr 0 00:00:00, Sys 0 00:00:00  -  Total Local Usage
	2165  -  Run Bytes Sent By Node
	33639  -  Run Bytes Received By Node
	2165  -  Total Bytes Sent By Node
	33639  -  Total Bytes Received By Node
...
015 (273026.000.000) 2025-01-23 10:22:27 Node 0 terminated.
	(1) Normal termination (return value 0)
		Usr 0 00:00:00, Sys 0 00:00:00  -  Run Remote Usage
		Usr 0 00:00:00, Sys 0 00:00:00  -  Run Local Usage
		Usr 0 00:00:00, Sys 0 00:00:00  -  Total Remote Usage
		Usr 0 00:00:00, Sys 0 00:00:00  -  Total Local Usage
	3262  -  Run Bytes Sent By Node
	33639  -  Run Bytes Received By Node
	3262  -  Total Bytes Sent By Node
	33639  -  Total Bytes Received By Node
...
005 (273026.000.000) 2025-01-23 10:22:27 Job terminated.
	(1) Normal termination (return value 0)
		Usr 0 00:00:07, Sys 0 00:00:01  -  Run Remote Usage
		Usr 0 00:00:00, Sys 0 00:00:00  -  Run Local Usage
		Usr 0 00:00:00, Sys 0 00:00:00  -  Total Remote Usage
		Usr 0 00:00:00, Sys 0 00:00:00  -  Total Local Usage
	9757  -  Run Bytes Sent By Job
	134556  -  Run Bytes Received By Job
	9757  -  Total Bytes Sent By Job
	134556  -  Total Bytes Received By Job
	Partitionable Resources :    Usage  Request Allocated 
	   Cpus                 :                 1        10 
	   Disk (KB)            :       49       35  10786517 
	   Memory (MB)          :        0        0    131072 

	Job terminated of its own accord at 2025-01-23T10:22:27Z with exit-code 0.
...
000 (273979.000.000) 2025-01-23 11:29:19 Job submitted from host: <192.168.0.102:9618?addrs=192.168.0.102-9618&alias=submitter&noUDP&sock=schedd_2032_5c88>
...
014 (273979.000.001) 2025-01-23 11:29:26 Node 1 executing on host: <192.168.0.147:9618?addrs=192.168.0.147-9618&alias=node147.di.rm1&noUDP&sock=startd_1513_5ee1>
...
014 (273979.000.003) 2025-01-23 11:29:26 Node 3 executing on host: <192.168.0.151:9618?addrs=192.168.0.151-9618&alias=node151.di.rm1&noUDP&sock=startd_1528_a8cd>
...
014 (273979.000.000) 2025-01-23 11:29:26 Node 0 executing on host: <192.168.0.141:9618?addrs=192.168.0.141-9618&alias=node141.di.rm1&noUDP&sock=startd_2077_3a4b>
...
014 (273979.000.002) 2025-01-23 11:29:26 Node 2 executing on host: <192.168.0.141:9618?addrs=192.168.0.141-9618&alias=node141.di.rm1&noUDP&sock=startd_2077_3a4b>
...
001 (273979.000.000) 2025-01-23 11:29:26 Job executing on host: MPI_job
...
008 (273979.000.000) 2025-01-23 11:29:28 Launching orted on Node 1 of 4
...
008 (273979.000.000) 2025-01-23 11:29:28 Launching orted on Node 3 of 4
...
008 (273979.000.000) 2025-01-23 11:29:29 Launching orted on Node 2 of 4
...
008 (273979.000.000) 2025-01-23 11:29:29 Launching orted on Node 0 of 4
...
008 (273979.000.000) 2025-01-23 11:29:32 orted exited on Node 3 of 4
...
008 (273979.000.000) 2025-01-23 11:29:32 orted exited on Node 1 of 4
...
008 (273979.000.000) 2025-01-23 11:29:32 orted exited on Node 2 of 4
...
008 (273979.000.000) 2025-01-23 11:29:32 orted exited on Node 0 of 4
...
015 (273979.000.001) 2025-01-23 11:29:32 Node 1 terminated.
	(1) Normal termination (return value 0)
		Usr 0 00:00:02, Sys 0 00:00:00  -  Run Remote Usage
		Usr 0 00:00:00, Sys 0 00:00:00  -  Run Local Usage
		Usr 0 00:00:02, Sys 0 00:00:00  -  Total Remote Usage
		Usr 0 00:00:00, Sys 0 00:00:00  -  Total Local Usage
	2165  -  Run Bytes Sent By Node
	33639  -  Run Bytes Received By Node
	2165  -  Total Bytes Sent By Node
	33639  -  Total Bytes Received By Node
...
015 (273979.000.003) 2025-01-23 11:29:32 Node 3 terminated.
	(1) Normal termination (return value 0)
		Usr 0 00:00:03, Sys 0 00:00:00  -  Run Remote Usage
		Usr 0 00:00:00, Sys 0 00:00:00  -  Run Local Usage
		Usr 0 00:00:03, Sys 0 00:00:00  -  Total Remote Usage
		Usr 0 00:00:00, Sys 0 00:00:00  -  Total Local Usage
	2165  -  Run Bytes Sent By Node
	33639  -  Run Bytes Received By Node
	2165  -  Total Bytes Sent By Node
	33639  -  Total Bytes Received By Node
...
015 (273979.000.002) 2025-01-23 11:29:32 Node 2 terminated.
	(1) Normal termination (return value 0)
		Usr 0 00:00:03, Sys 0 00:00:00  -  Run Remote Usage
		Usr 0 00:00:00, Sys 0 00:00:00  -  Run Local Usage
		Usr 0 00:00:03, Sys 0 00:00:00  -  Total Remote Usage
		Usr 0 00:00:00, Sys 0 00:00:00  -  Total Local Usage
	0  -  Run Bytes Sent By Node
	33639  -  Run Bytes Received By Node
	0  -  Total Bytes Sent By Node
	33639  -  Total Bytes Received By Node
...
015 (273979.000.000) 2025-01-23 11:29:32 Node 0 terminated.
	(1) Normal termination (return value 0)
		Usr 0 00:00:00, Sys 0 00:00:00  -  Run Remote Usage
		Usr 0 00:00:00, Sys 0 00:00:00  -  Run Local Usage
		Usr 0 00:00:00, Sys 0 00:00:00  -  Total Remote Usage
		Usr 0 00:00:00, Sys 0 00:00:00  -  Total Local Usage
	3262  -  Run Bytes Sent By Node
	33639  -  Run Bytes Received By Node
	3262  -  Total Bytes Sent By Node
	33639  -  Total Bytes Received By Node
...
005 (273979.000.000) 2025-01-23 11:29:33 Job terminated.
	(1) Normal termination (return value 0)
		Usr 0 00:00:08, Sys 0 00:00:00  -  Run Remote Usage
		Usr 0 00:00:00, Sys 0 00:00:00  -  Run Local Usage
		Usr 0 00:00:00, Sys 0 00:00:00  -  Total Remote Usage
		Usr 0 00:00:00, Sys 0 00:00:00  -  Total Local Usage
	7592  -  Run Bytes Sent By Job
	134556  -  Run Bytes Received By Job
	7592  -  Total Bytes Sent By Job
	134556  -  Total Bytes Received By Job
	Partitionable Resources :    Usage  Request Allocated 
	   Cpus                 :                 1         1 
	   Disk (KB)            :       50       35    459831 
	   Memory (MB)          :        0        1     40960 

	Job terminated of its own accord at 2025-01-23T11:29:32Z with exit-code 0.
...
000 (278725.000.000) 2025-01-24 09:19:21 Job submitted from host: <192.168.0.102:9618?addrs=192.168.0.102-9618&alias=submitter&noUDP&sock=schedd_2032_5c88>
...
014 (278725.000.000) 2025-01-24 09:19:28 Node 0 executing on host: <192.168.0.147:9618?addrs=192.168.0.147-9618&alias=node147.di.rm1&noUDP&sock=startd_1513_5ee1>
...
014 (278725.000.003) 2025-01-24 09:19:28 Node 3 executing on host: <192.168.0.113:9618?addrs=192.168.0.113-9618&alias=node113.di.rm1&noUDP&sock=startd_3668932_c305>
...
014 (278725.000.001) 2025-01-24 09:19:28 Node 1 executing on host: <192.168.0.151:9618?addrs=192.168.0.151-9618&alias=node151.di.rm1&noUDP&sock=startd_1528_a8cd>
...
014 (278725.000.002) 2025-01-24 09:19:28 Node 2 executing on host: <192.168.0.148:9618?addrs=192.168.0.148-9618&alias=node148.di.rm1&noUDP&sock=startd_1547_b119>
...
001 (278725.000.000) 2025-01-24 09:19:28 Job executing on host: MPI_job
...
008 (278725.000.000) 2025-01-24 09:19:30 Launching orted on Node 0 of 4
...
008 (278725.000.000) 2025-01-24 09:19:30 Launching orted on Node 3 of 4
...
008 (278725.000.000) 2025-01-24 09:19:30 Launching orted on Node 1 of 4
...
008 (278725.000.000) 2025-01-24 09:19:30 Launching orted on Node 2 of 4
...
008 (278725.000.000) 2025-01-24 09:19:33 orted exited on Node 2 of 4
...
008 (278725.000.000) 2025-01-24 09:19:33 orted exited on Node 3 of 4
...
008 (278725.000.000) 2025-01-24 09:19:33 orted exited on Node 0 of 4
...
008 (278725.000.000) 2025-01-24 09:19:33 orted exited on Node 1 of 4
...
015 (278725.000.000) 2025-01-24 09:19:33 Node 0 terminated.
	(1) Normal termination (return value 0)
		Usr 0 00:00:02, Sys 0 00:00:00  -  Run Remote Usage
		Usr 0 00:00:00, Sys 0 00:00:00  -  Run Local Usage
		Usr 0 00:00:02, Sys 0 00:00:00  -  Total Remote Usage
		Usr 0 00:00:00, Sys 0 00:00:00  -  Total Local Usage
	3259  -  Run Bytes Sent By Node
	33639  -  Run Bytes Received By Node
	3259  -  Total Bytes Sent By Node
	33639  -  Total Bytes Received By Node
...
005 (278725.000.000) 2025-01-24 09:19:33 Job terminated.
	(1) Normal termination (return value 0)
		Usr 0 00:00:07, Sys 0 00:00:00  -  Run Remote Usage
		Usr 0 00:00:00, Sys 0 00:00:00  -  Run Local Usage
		Usr 0 00:00:02, Sys 0 00:00:00  -  Total Remote Usage
		Usr 0 00:00:00, Sys 0 00:00:00  -  Total Local Usage
	3259  -  Run Bytes Sent By Job
	134556  -  Run Bytes Received By Job
	3259  -  Total Bytes Sent By Job
	134556  -  Total Bytes Received By Job
	Partitionable Resources :    Usage  Request Allocated 
	   Cpus                 :        0        1         2 
	   Disk (KB)            :       55       35 102887082 
	   Memory (MB)          :        0        1    100096 

	Job terminated of its own accord at 2025-01-24T09:19:33Z with exit-code 0.
...
