000 (263813.000.000) 2025-01-17 11:21:04 Job submitted from host: <192.168.0.102:9618?addrs=192.168.0.102-9618&alias=submitter&noUDP&sock=schedd_2032_5c88>
...
001 (263813.000.000) 2025-01-17 11:21:12 Job executing on host: <192.168.0.142:9618?addrs=192.168.0.142-9618&alias=node142.di.rm1&noUDP&sock=startd_1996_ab1f>
...
006 (263813.000.000) 2025-01-17 11:21:20 Image size of job updated: 355608
	348  -  MemoryUsage of job (MB)
	355608  -  ResidentSetSize of job (KB)
...
006 (263813.000.000) 2025-01-17 11:25:57 Image size of job updated: 617024
	352  -  MemoryUsage of job (MB)
	359436  -  ResidentSetSize of job (KB)
...
005 (263813.000.000) 2025-01-17 11:25:57 Job terminated.
	(1) Normal termination (return value 0)
		Usr 0 00:05:53, Sys 0 00:00:02  -  Run Remote Usage
		Usr 0 00:00:00, Sys 0 00:00:00  -  Run Local Usage
		Usr 0 00:05:53, Sys 0 00:00:02  -  Total Remote Usage
		Usr 0 00:00:00, Sys 0 00:00:00  -  Total Local Usage
	0  -  Run Bytes Sent By Job
	0  -  Run Bytes Received By Job
	0  -  Total Bytes Sent By Job
	0  -  Total Bytes Received By Job
	Partitionable Resources :    Usage  Request Allocated 
	   Cpus                 :     1.09        1         1 
	   Disk (KB)            :    27          27    459874 
	   Memory (MB)          :   352           1       128 

	Job terminated of its own accord at 2025-01-17T11:25:57Z with exit-code 0.
...
