000 (294737.000.000) 2025-01-31 00:37:28 Job submitted from host: <192.168.0.102:9618?addrs=192.168.0.102-9618&alias=submitter&noUDP&sock=schedd_4045053_7bc0>
...
014 (294737.000.001) 2025-01-31 00:37:49 Node 1 executing on host: <192.168.0.111:9618?addrs=192.168.0.111-9618&alias=node111.di.rm1&noUDP&sock=startd_2044_97ab>
...
014 (294737.000.000) 2025-01-31 00:37:49 Node 0 executing on host: <192.168.0.116:9618?addrs=192.168.0.116-9618&alias=node116.di.rm1&noUDP&sock=startd_1847_7783>
...
014 (294737.000.002) 2025-01-31 00:37:49 Node 2 executing on host: <192.168.0.116:9618?addrs=192.168.0.116-9618&alias=node116.di.rm1&noUDP&sock=startd_1847_7783>
...
014 (294737.000.003) 2025-01-31 00:37:49 Node 3 executing on host: <192.168.0.147:9618?addrs=192.168.0.147-9618&alias=node147.di.rm1&noUDP&sock=startd_1513_5ee1>
...
001 (294737.000.000) 2025-01-31 00:37:49 Job executing on host: MPI_job
...
008 (294737.000.000) 2025-01-31 00:37:51 Launching orted on Node 1 of 4
...
008 (294737.000.000) 2025-01-31 00:37:52 Launching orted on Node 2 of 4
...
008 (294737.000.000) 2025-01-31 00:37:52 Launching orted on Node 0 of 4
...
008 (294737.000.000) 2025-01-31 00:37:52 Launching orted on Node 3 of 4
...
008 (294737.000.000) 2025-01-31 00:37:59 orted exited on Node 2 of 4
...
008 (294737.000.000) 2025-01-31 00:37:59 orted exited on Node 0 of 4
...
008 (294737.000.000) 2025-01-31 00:37:59 orted exited on Node 1 of 4
...
008 (294737.000.000) 2025-01-31 00:37:59 orted exited on Node 3 of 4
...
015 (294737.000.001) 2025-01-31 00:37:59 Node 1 terminated.
	(1) Normal termination (return value 0)
		Usr 0 00:00:06, Sys 0 00:00:00  -  Run Remote Usage
		Usr 0 00:00:00, Sys 0 00:00:00  -  Run Local Usage
		Usr 0 00:00:06, Sys 0 00:00:00  -  Total Remote Usage
		Usr 0 00:00:00, Sys 0 00:00:00  -  Total Local Usage
	2355  -  Run Bytes Sent By Node
	33831  -  Run Bytes Received By Node
	2355  -  Total Bytes Sent By Node
	33831  -  Total Bytes Received By Node
...
015 (294737.000.003) 2025-01-31 00:37:59 Node 3 terminated.
	(1) Normal termination (return value 0)
		Usr 0 00:00:06, Sys 0 00:00:00  -  Run Remote Usage
		Usr 0 00:00:00, Sys 0 00:00:00  -  Run Local Usage
		Usr 0 00:00:06, Sys 0 00:00:00  -  Total Remote Usage
		Usr 0 00:00:00, Sys 0 00:00:00  -  Total Local Usage
	2333  -  Run Bytes Sent By Node
	33831  -  Run Bytes Received By Node
	2333  -  Total Bytes Sent By Node
	33831  -  Total Bytes Received By Node
...
015 (294737.000.002) 2025-01-31 00:37:59 Node 2 terminated.
	(1) Normal termination (return value 0)
		Usr 0 00:00:07, Sys 0 00:00:00  -  Run Remote Usage
		Usr 0 00:00:00, Sys 0 00:00:00  -  Run Local Usage
		Usr 0 00:00:07, Sys 0 00:00:00  -  Total Remote Usage
		Usr 0 00:00:00, Sys 0 00:00:00  -  Total Local Usage
	0  -  Run Bytes Sent By Node
	33831  -  Run Bytes Received By Node
	0  -  Total Bytes Sent By Node
	33831  -  Total Bytes Received By Node
...
015 (294737.000.000) 2025-01-31 00:37:59 Node 0 terminated.
	(1) Normal termination (return value 0)
		Usr 0 00:00:00, Sys 0 00:00:01  -  Run Remote Usage
		Usr 0 00:00:00, Sys 0 00:00:00  -  Run Local Usage
		Usr 0 00:00:00, Sys 0 00:00:01  -  Total Remote Usage
		Usr 0 00:00:00, Sys 0 00:00:00  -  Total Local Usage
	3896  -  Run Bytes Sent By Node
	33831  -  Run Bytes Received By Node
	3896  -  Total Bytes Sent By Node
	33831  -  Total Bytes Received By Node
...
005 (294737.000.000) 2025-01-31 00:37:59 Job terminated.
	(1) Normal termination (return value 0)
		Usr 0 00:00:19, Sys 0 00:00:01  -  Run Remote Usage
		Usr 0 00:00:00, Sys 0 00:00:00  -  Run Local Usage
		Usr 0 00:00:00, Sys 0 00:00:01  -  Total Remote Usage
		Usr 0 00:00:00, Sys 0 00:00:00  -  Total Local Usage
	8584  -  Run Bytes Sent By Job
	135324  -  Run Bytes Received By Job
	8584  -  Total Bytes Sent By Job
	135324  -  Total Bytes Received By Job
	Partitionable Resources :    Usage  Request Allocated 
	   Cpus                 :                 1         2 
	   Disk (KB)            :       51       35 102978738 
	   Memory (MB)          :      276        0    100096 

	Job terminated of its own accord at 2025-01-31T00:37:59Z with exit-code 0.
...
