000 (273136.000.000) 2025-01-23 10:41:43 Job submitted from host: <192.168.0.102:9618?addrs=192.168.0.102-9618&alias=submitter&noUDP&sock=schedd_2032_5c88>
...
014 (273136.000.000) 2025-01-23 10:41:58 Node 0 executing on host: <192.168.0.140:9618?addrs=192.168.0.140-9618&alias=node140.di.rm1&noUDP&sock=startd_1890_f615>
...
014 (273136.000.001) 2025-01-23 10:41:58 Node 1 executing on host: <192.168.0.116:9618?addrs=192.168.0.116-9618&alias=node116.di.rm1&noUDP&sock=startd_1847_7783>
...
001 (273136.000.000) 2025-01-23 10:41:58 Job executing on host: MPI_job
...
008 (273136.000.000) 2025-01-23 10:42:00 Launching orted on Node 0 of 2
...
008 (273136.000.000) 2025-01-23 10:42:00 Launching orted on Node 1 of 2
...
008 (273136.000.000) 2025-01-23 10:42:01 orted exited on Node 1 of 2
...
008 (273136.000.000) 2025-01-23 10:42:01 orted exited on Node 0 of 2
...
015 (273136.000.001) 2025-01-23 10:42:01 Node 1 terminated.
	(1) Normal termination (return value 0)
		Usr 0 00:00:01, Sys 0 00:00:00  -  Run Remote Usage
		Usr 0 00:00:00, Sys 0 00:00:00  -  Run Local Usage
		Usr 0 00:00:01, Sys 0 00:00:00  -  Total Remote Usage
		Usr 0 00:00:00, Sys 0 00:00:00  -  Total Local Usage
	2165  -  Run Bytes Sent By Node
	33639  -  Run Bytes Received By Node
	2165  -  Total Bytes Sent By Node
	33639  -  Total Bytes Received By Node
...
015 (273136.000.000) 2025-01-23 10:42:01 Node 0 terminated.
	(1) Normal termination (return value 0)
		Usr 0 00:00:00, Sys 0 00:00:00  -  Run Remote Usage
		Usr 0 00:00:00, Sys 0 00:00:00  -  Run Local Usage
		Usr 0 00:00:00, Sys 0 00:00:00  -  Total Remote Usage
		Usr 0 00:00:00, Sys 0 00:00:00  -  Total Local Usage
	3255  -  Run Bytes Sent By Node
	33639  -  Run Bytes Received By Node
	3255  -  Total Bytes Sent By Node
	33639  -  Total Bytes Received By Node
...
005 (273136.000.000) 2025-01-23 10:42:01 Job terminated.
	(1) Normal termination (return value 0)
		Usr 0 00:00:01, Sys 0 00:00:00  -  Run Remote Usage
		Usr 0 00:00:00, Sys 0 00:00:00  -  Run Local Usage
		Usr 0 00:00:00, Sys 0 00:00:00  -  Total Remote Usage
		Usr 0 00:00:00, Sys 0 00:00:00  -  Total Local Usage
	5420  -  Run Bytes Sent By Job
	67278  -  Run Bytes Received By Job
	5420  -  Total Bytes Sent By Job
	67278  -  Total Bytes Received By Job
	Partitionable Resources :    Usage  Request Allocated 
	   Cpus                 :                 1         2 
	   Disk (KB)            :       49       35 103040641 
	   Memory (MB)          :        1        1    100096 

	Job terminated of its own accord at 2025-01-23T10:42:01Z with exit-code 0.
...
000 (277915.000.000) 2025-01-24 07:29:49 Job submitted from host: <192.168.0.102:9618?addrs=192.168.0.102-9618&alias=submitter&noUDP&sock=schedd_2032_5c88>
...
014 (277915.000.001) 2025-01-24 07:29:57 Node 1 executing on host: <192.168.0.149:9618?addrs=192.168.0.149-9618&alias=node149.di.rm1&noUDP&sock=startd_1551_6f7a>
...
014 (277915.000.000) 2025-01-24 07:29:57 Node 0 executing on host: <192.168.0.124:9618?addrs=192.168.0.124-9618&alias=node124.di.rm1&noUDP&sock=startd_2143_7f8b>
...
001 (277915.000.000) 2025-01-24 07:29:57 Job executing on host: MPI_job
...
008 (277915.000.000) 2025-01-24 07:29:59 Launching orted on Node 1 of 2
...
008 (277915.000.000) 2025-01-24 07:29:59 Launching orted on Node 0 of 2
...
008 (277915.000.000) 2025-01-24 07:30:00 orted exited on Node 1 of 2
...
008 (277915.000.000) 2025-01-24 07:30:00 orted exited on Node 0 of 2
...
015 (277915.000.000) 2025-01-24 07:30:00 Node 0 terminated.
	(1) Normal termination (return value 0)
		Usr 0 00:00:00, Sys 0 00:00:00  -  Run Remote Usage
		Usr 0 00:00:00, Sys 0 00:00:00  -  Run Local Usage
		Usr 0 00:00:00, Sys 0 00:00:00  -  Total Remote Usage
		Usr 0 00:00:00, Sys 0 00:00:00  -  Total Local Usage
	3299  -  Run Bytes Sent By Node
	33639  -  Run Bytes Received By Node
	3299  -  Total Bytes Sent By Node
	33639  -  Total Bytes Received By Node
...
005 (277915.000.000) 2025-01-24 07:30:00 Job terminated.
	(1) Normal termination (return value 0)
		Usr 0 00:00:00, Sys 0 00:00:00  -  Run Remote Usage
		Usr 0 00:00:00, Sys 0 00:00:00  -  Run Local Usage
		Usr 0 00:00:00, Sys 0 00:00:00  -  Total Remote Usage
		Usr 0 00:00:00, Sys 0 00:00:00  -  Total Local Usage
	5464  -  Run Bytes Sent By Job
	67278  -  Run Bytes Received By Job
	5464  -  Total Bytes Sent By Job
	67278  -  Total Bytes Received By Job
	Partitionable Resources :    Usage  Request Allocated 
	   Cpus                 :                 1         2 
	   Disk (KB)            :       50       35 102856100 
	   GPUs                 :                           0 
	   Memory (MB)          :        0        1    100096 

	Job terminated of its own accord at 2025-01-24T07:30:00Z with exit-code 0.
...
