000 (271067.000.000) 2025-01-22 00:39:41 Job submitted from host: <192.168.0.102:9618?addrs=192.168.0.102-9618&alias=submitter&noUDP&sock=schedd_2032_5c88>
...
001 (271067.000.000) 2025-01-22 00:39:45 Job executing on host: <192.168.0.151:9618?addrs=192.168.0.151-9618&alias=node151.di.rm1&noUDP&sock=startd_1528_a8cd>
...
006 (271067.000.000) 2025-01-22 00:39:55 Image size of job updated: 476992
	466  -  MemoryUsage of job (MB)
	476992  -  ResidentSetSize of job (KB)
...
006 (271067.000.000) 2025-01-22 00:40:44 Image size of job updated: 3269084
	468  -  MemoryUsage of job (MB)
	479104  -  ResidentSetSize of job (KB)
...
004 (271067.000.000) 2025-01-22 00:40:44 Job was evicted.
	(0) CPU times
		Usr 0 00:00:56, Sys 0 00:00:01  -  Run Remote Usage
		Usr 0 00:00:00, Sys 0 00:00:00  -  Run Local Usage
	0  -  Run Bytes Sent By Job
	0  -  Run Bytes Received By Job
	Partitionable Resources :    Usage  Request Allocated 
	   Cpus                 :                 1         1 
	   Disk (KB)            :       27       27    474791 
	   Memory (MB)          :      468        1       128 
...
009 (271067.000.000) 2025-01-22 00:40:44 Job was aborted.
	via condor_rm (by user calzona_2046920)
...
000 (277221.000.000) 2025-01-24 06:08:30 Job submitted from host: <192.168.0.102:9618?addrs=192.168.0.102-9618&alias=submitter&noUDP&sock=schedd_2032_5c88>
...
001 (277221.000.000) 2025-01-24 06:08:31 Job executing on host: <192.168.0.147:9618?addrs=192.168.0.147-9618&alias=node147.di.rm1&noUDP&sock=startd_1513_5ee1>
...
006 (277221.000.000) 2025-01-24 06:08:40 Image size of job updated: 1389504
	476  -  MemoryUsage of job (MB)
	486552  -  ResidentSetSize of job (KB)
...
006 (277221.000.000) 2025-01-24 06:10:32 Image size of job updated: 6699284
	476  -  MemoryUsage of job (MB)
	486684  -  ResidentSetSize of job (KB)
...
004 (277221.000.000) 2025-01-24 06:10:32 Job was evicted.
	(0) CPU times
		Usr 0 00:01:57, Sys 0 00:00:03  -  Run Remote Usage
		Usr 0 00:00:00, Sys 0 00:00:00  -  Run Local Usage
	0  -  Run Bytes Sent By Job
	0  -  Run Bytes Received By Job
	Partitionable Resources :    Usage  Request Allocated 
	   Cpus                 :                 1         1 
	   Disk (KB)            :       27       27    469805 
	   Memory (MB)          :      476        1       128 
...
009 (277221.000.000) 2025-01-24 06:10:32 Job was aborted.
	via condor_rm (by user calzona_2046920)
...
