000 (268606.000.000) 2025-01-21 21:55:35 Job submitted from host: <192.168.0.102:9618?addrs=192.168.0.102-9618&alias=submitter&noUDP&sock=schedd_2032_5c88>
...
001 (268606.000.000) 2025-01-21 21:55:50 Job executing on host: <192.168.0.122:9618?addrs=192.168.0.122-9618&alias=node122.di.rm1&noUDP&sock=startd_2134_5331>
...
006 (268606.000.000) 2025-01-21 21:55:58 Image size of job updated: 604192
	591  -  MemoryUsage of job (MB)
	604192  -  ResidentSetSize of job (KB)
...
006 (268606.000.000) 2025-01-21 21:56:31 Image size of job updated: 608164
	591  -  MemoryUsage of job (MB)
	604192  -  ResidentSetSize of job (KB)
...
004 (268606.000.000) 2025-01-21 21:56:31 Job was evicted.
	(0) CPU times
		Usr 0 00:00:40, Sys 0 00:00:00  -  Run Remote Usage
		Usr 0 00:00:00, Sys 0 00:00:00  -  Run Local Usage
	0  -  Run Bytes Sent By Job
	0  -  Run Bytes Received By Job
	Partitionable Resources :    Usage  Request Allocated 
	   Cpus                 :                 1         1 
	   Disk (KB)            :       27       27    499915 
	   Gpus (Average)       :                 0         0 
	   Memory (MB)          :      591        1       128 
...
009 (268606.000.000) 2025-01-21 21:56:31 Job was aborted.
	via condor_rm (by user calzona_2046920)
...
000 (268757.000.000) 2025-01-21 22:03:42 Job submitted from host: <192.168.0.102:9618?addrs=192.168.0.102-9618&alias=submitter&noUDP&sock=schedd_2032_5c88>
...
001 (268757.000.000) 2025-01-21 22:03:44 Job executing on host: <192.168.0.107:9618?addrs=192.168.0.107-9618&alias=node107.di.rm1&noUDP&sock=startd_1981_6134>
...
006 (268757.000.000) 2025-01-21 22:03:48 Image size of job updated: 21252
	0  -  MemoryUsage of job (MB)
	0  -  ResidentSetSize of job (KB)
...
004 (268757.000.000) 2025-01-21 22:03:48 Job was evicted.
	(0) CPU times
		Usr 0 00:00:02, Sys 0 00:00:00  -  Run Remote Usage
		Usr 0 00:00:00, Sys 0 00:00:00  -  Run Local Usage
	0  -  Run Bytes Sent By Job
	0  -  Run Bytes Received By Job
	Partitionable Resources :    Usage  Request Allocated 
	   Cpus                 :                 1         1 
	   Disk (KB)            :       27       27    471963 
	   Memory (MB)          :        0        1       128 
...
009 (268757.000.000) 2025-01-21 22:03:48 Job was aborted.
	via condor_rm (by user calzona_2046920)
...
