000 (269738.000.000) 2025-01-21 23:00:41 Job submitted from host: <192.168.0.102:9618?addrs=192.168.0.102-9618&alias=submitter&noUDP&sock=schedd_2032_5c88>
...
001 (269738.000.000) 2025-01-21 23:00:41 Job executing on host: <192.168.0.151:9618?addrs=192.168.0.151-9618&alias=node151.di.rm1&noUDP&sock=startd_1528_a8cd>
...
006 (269738.000.000) 2025-01-21 23:00:50 Image size of job updated: 437996
	428  -  MemoryUsage of job (MB)
	437996  -  ResidentSetSize of job (KB)
...
006 (269738.000.000) 2025-01-21 23:01:43 Image size of job updated: 2951276
	429  -  MemoryUsage of job (MB)
	438788  -  ResidentSetSize of job (KB)
...
004 (269738.000.000) 2025-01-21 23:01:43 Job was evicted.
	(0) CPU times
		Usr 0 00:01:00, Sys 0 00:00:01  -  Run Remote Usage
		Usr 0 00:00:00, Sys 0 00:00:00  -  Run Local Usage
	0  -  Run Bytes Sent By Job
	0  -  Run Bytes Received By Job
	Partitionable Resources :    Usage  Request Allocated 
	   Cpus                 :                 1         1 
	   Disk (KB)            :       27       27    474791 
	   Memory (MB)          :      429        1       128 
...
009 (269738.000.000) 2025-01-21 23:01:43 Job was aborted.
	via condor_rm (by user calzona_2046920)
...
000 (275892.000.000) 2025-01-24 03:24:44 Job submitted from host: <192.168.0.102:9618?addrs=192.168.0.102-9618&alias=submitter&noUDP&sock=schedd_2032_5c88>
...
001 (275892.000.000) 2025-01-24 03:24:45 Job executing on host: <192.168.0.148:9618?addrs=192.168.0.148-9618&alias=node148.di.rm1&noUDP&sock=startd_1547_b119>
...
006 (275892.000.000) 2025-01-24 03:24:54 Image size of job updated: 441012
	431  -  MemoryUsage of job (MB)
	441012  -  ResidentSetSize of job (KB)
...
006 (275892.000.000) 2025-01-24 03:26:46 Image size of job updated: 5816712
	431  -  MemoryUsage of job (MB)
	441012  -  ResidentSetSize of job (KB)
...
004 (275892.000.000) 2025-01-24 03:26:46 Job was evicted.
	(0) CPU times
		Usr 0 00:01:57, Sys 0 00:00:03  -  Run Remote Usage
		Usr 0 00:00:00, Sys 0 00:00:00  -  Run Local Usage
	0  -  Run Bytes Sent By Job
	0  -  Run Bytes Received By Job
	Partitionable Resources :    Usage  Request Allocated 
	   Cpus                 :                 1         1 
	   Disk (KB)            :       27       27    467548 
	   Memory (MB)          :      431        1       128 
...
009 (275892.000.000) 2025-01-24 03:26:46 Job was aborted.
	via condor_rm (by user calzona_2046920)
...
