000 (263360.000.000) 2025-01-17 11:20:48 Job submitted from host: <192.168.0.102:9618?addrs=192.168.0.102-9618&alias=submitter&noUDP&sock=schedd_2032_5c88>
...
001 (263360.000.000) 2025-01-17 11:20:56 Job executing on host: <192.168.0.143:9618?addrs=192.168.0.143-9618&alias=node143.di.rm1&noUDP&sock=startd_2061_40c7>
...
006 (263360.000.000) 2025-01-17 11:21:05 Image size of job updated: 434148
	424  -  MemoryUsage of job (MB)
	434148  -  ResidentSetSize of job (KB)
...
006 (263360.000.000) 2025-01-17 11:26:06 Image size of job updated: 9738652
	9498  -  MemoryUsage of job (MB)
	9725628  -  ResidentSetSize of job (KB)
...
005 (263360.000.000) 2025-01-17 11:28:16 Job terminated.
	(1) Normal termination (return value 0)
		Usr 0 00:07:58, Sys 0 00:00:11  -  Run Remote Usage
		Usr 0 00:00:00, Sys 0 00:00:00  -  Run Local Usage
		Usr 0 00:07:58, Sys 0 00:00:11  -  Total Remote Usage
		Usr 0 00:00:00, Sys 0 00:00:00  -  Total Local Usage
	0  -  Run Bytes Sent By Job
	0  -  Run Bytes Received By Job
	0  -  Total Bytes Sent By Job
	0  -  Total Bytes Received By Job
	Partitionable Resources :    Usage  Request Allocated 
	   Cpus                 :     0.92        1         1 
	   Disk (KB)            :    27          27    459633 
	   Memory (MB)          :  9498           1       128 

	Job terminated of its own accord at 2025-01-17T11:28:16Z with exit-code 0.
...
