000 (289837.000.000) 2025-01-29 11:45:37 Job submitted from host: <192.168.0.102:9618?addrs=192.168.0.102-9618&alias=submitter&noUDP&sock=schedd_2032_5c88>
...
014 (289837.000.000) 2025-01-29 11:45:42 Node 0 executing on host: <192.168.0.142:9618?addrs=192.168.0.142-9618&alias=node142.di.rm1&noUDP&sock=startd_1996_ab1f>
...
014 (289837.000.001) 2025-01-29 11:45:42 Node 1 executing on host: <192.168.0.142:9618?addrs=192.168.0.142-9618&alias=node142.di.rm1&noUDP&sock=startd_1996_ab1f>
...
014 (289837.000.003) 2025-01-29 11:45:42 Node 3 executing on host: <192.168.0.113:9618?addrs=192.168.0.113-9618&alias=node113.di.rm1&noUDP&sock=startd_3668932_c305>
...
014 (289837.000.002) 2025-01-29 11:45:42 Node 2 executing on host: <192.168.0.141:9618?addrs=192.168.0.141-9618&alias=node141.di.rm1&noUDP&sock=startd_2077_3a4b>
...
001 (289837.000.000) 2025-01-29 11:45:42 Job executing on host: MPI_job
...
008 (289837.000.000) 2025-01-29 11:45:45 Launching orted on Node 3 of 4
...
008 (289837.000.000) 2025-01-29 11:45:45 Launching orted on Node 2 of 4
...
008 (289837.000.000) 2025-01-29 11:45:45 Launching orted on Node 0 of 4
...
008 (289837.000.000) 2025-01-29 11:45:45 Launching orted on Node 1 of 4
...
008 (289837.000.000) 2025-01-29 11:45:51 orted exited on Node 3 of 4
...
008 (289837.000.000) 2025-01-29 11:45:51 orted exited on Node 2 of 4
...
008 (289837.000.000) 2025-01-29 11:45:51 orted exited on Node 0 of 4
...
008 (289837.000.000) 2025-01-29 11:45:51 orted exited on Node 1 of 4
...
015 (289837.000.003) 2025-01-29 11:45:51 Node 3 terminated.
	(1) Normal termination (return value 0)
		Usr 0 00:01:00, Sys 0 00:00:04  -  Run Remote Usage
		Usr 0 00:00:00, Sys 0 00:00:00  -  Run Local Usage
		Usr 0 00:01:00, Sys 0 00:00:04  -  Total Remote Usage
		Usr 0 00:00:00, Sys 0 00:00:00  -  Total Local Usage
	2363  -  Run Bytes Sent By Node
	33791  -  Run Bytes Received By Node
	2363  -  Total Bytes Sent By Node
	33791  -  Total Bytes Received By Node
...
015 (289837.000.002) 2025-01-29 11:45:51 Node 2 terminated.
	(1) Normal termination (return value 0)
		Usr 0 00:01:01, Sys 0 00:00:03  -  Run Remote Usage
		Usr 0 00:00:00, Sys 0 00:00:00  -  Run Local Usage
		Usr 0 00:01:01, Sys 0 00:00:03  -  Total Remote Usage
		Usr 0 00:00:00, Sys 0 00:00:00  -  Total Local Usage
	2341  -  Run Bytes Sent By Node
	33791  -  Run Bytes Received By Node
	2341  -  Total Bytes Sent By Node
	33791  -  Total Bytes Received By Node
...
015 (289837.000.001) 2025-01-29 11:45:51 Node 1 terminated.
	(1) Normal termination (return value 0)
		Usr 0 00:01:09, Sys 0 00:00:01  -  Run Remote Usage
		Usr 0 00:00:00, Sys 0 00:00:00  -  Run Local Usage
		Usr 0 00:01:09, Sys 0 00:00:01  -  Total Remote Usage
		Usr 0 00:00:00, Sys 0 00:00:00  -  Total Local Usage
	0  -  Run Bytes Sent By Node
	33791  -  Run Bytes Received By Node
	0  -  Total Bytes Sent By Node
	33791  -  Total Bytes Received By Node
...
015 (289837.000.000) 2025-01-29 11:45:51 Node 0 terminated.
	(1) Normal termination (return value 0)
		Usr 0 00:00:00, Sys 0 00:00:00  -  Run Remote Usage
		Usr 0 00:00:00, Sys 0 00:00:00  -  Run Local Usage
		Usr 0 00:00:00, Sys 0 00:00:00  -  Total Remote Usage
		Usr 0 00:00:00, Sys 0 00:00:00  -  Total Local Usage
	3440  -  Run Bytes Sent By Node
	33791  -  Run Bytes Received By Node
	3440  -  Total Bytes Sent By Node
	33791  -  Total Bytes Received By Node
...
005 (289837.000.000) 2025-01-29 11:45:51 Job terminated.
	(1) Normal termination (return value 0)
		Usr 0 00:03:10, Sys 0 00:00:08  -  Run Remote Usage
		Usr 0 00:00:00, Sys 0 00:00:00  -  Run Local Usage
		Usr 0 00:00:00, Sys 0 00:00:00  -  Total Remote Usage
		Usr 0 00:00:00, Sys 0 00:00:00  -  Total Local Usage
	8144  -  Run Bytes Sent By Job
	135164  -  Run Bytes Received By Job
	8144  -  Total Bytes Sent By Job
	135164  -  Total Bytes Received By Job
	Partitionable Resources :    Usage  Request Allocated 
	   Cpus                 :                 4         4 
	   Disk (KB)            :       51       35    459874 
	   Memory (MB)          :        1        1       128 

	Job terminated of its own accord at 2025-01-29T11:45:51Z with exit-code 0.
...
