000 (262847.000.000) 2025-01-17 11:14:22 Job submitted from host: <192.168.0.102:9618?addrs=192.168.0.102-9618&alias=submitter&noUDP&sock=schedd_2032_5c88>
...
001 (262847.000.000) 2025-01-17 11:14:35 Job executing on host: <192.168.0.145:9618?addrs=192.168.0.145-9618&alias=node145.di.rm1&noUDP&sock=startd_1869_8e98>
...
006 (262847.000.000) 2025-01-17 11:14:43 Image size of job updated: 745480
	729  -  MemoryUsage of job (MB)
	745480  -  ResidentSetSize of job (KB)
...
006 (262847.000.000) 2025-01-17 11:19:43 Image size of job updated: 2185980
	2131  -  MemoryUsage of job (MB)
	2181148  -  ResidentSetSize of job (KB)
...
004 (262847.000.000) 2025-01-17 11:20:11 Job was evicted.
	(0) CPU times
		Usr 0 00:05:33, Sys 0 00:00:03  -  Run Remote Usage
		Usr 0 00:00:00, Sys 0 00:00:00  -  Run Local Usage
	0  -  Run Bytes Sent By Job
	0  -  Run Bytes Received By Job
	Partitionable Resources :    Usage  Request Allocated 
	   Cpus                 :     1.00        1         1 
	   Disk (KB)            :    27          27    462663 
	   Memory (MB)          :  2131           1       128 
...
009 (262847.000.000) 2025-01-17 11:20:11 Job was aborted.
	via condor_rm (by user calzona_2046920)
...
