000 (280841.000.000) 2025-01-25 18:06:54 Job submitted from host: <192.168.0.102:9618?addrs=192.168.0.102-9618&alias=submitter&noUDP&sock=schedd_2032_5c88>
...
014 (280841.000.003) 2025-01-25 18:07:18 Node 3 executing on host: <192.168.0.147:9618?addrs=192.168.0.147-9618&alias=node147.di.rm1&noUDP&sock=startd_1513_5ee1>
...
014 (280841.000.001) 2025-01-25 18:07:18 Node 1 executing on host: <192.168.0.121:9618?addrs=192.168.0.121-9618&alias=node121.di.rm1&noUDP&sock=startd_2146_8e54>
...
014 (280841.000.000) 2025-01-25 18:07:18 Node 0 executing on host: <192.168.0.124:9618?addrs=192.168.0.124-9618&alias=node124.di.rm1&noUDP&sock=startd_2143_7f8b>
...
014 (280841.000.002) 2025-01-25 18:07:18 Node 2 executing on host: <192.168.0.122:9618?addrs=192.168.0.122-9618&alias=node122.di.rm1&noUDP&sock=startd_2134_5331>
...
001 (280841.000.000) 2025-01-25 18:07:18 Job executing on host: MPI_job
...
008 (280841.000.000) 2025-01-25 18:07:20 Launching orted on Node 3 of 4
...
008 (280841.000.000) 2025-01-25 18:07:20 Launching orted on Node 1 of 4
...
008 (280841.000.000) 2025-01-25 18:07:20 Launching orted on Node 2 of 4
...
008 (280841.000.000) 2025-01-25 18:07:20 Launching orted on Node 0 of 4
...
008 (280841.000.000) 2025-01-25 18:07:20 orted exited on Node 1 of 4
...
008 (280841.000.000) 2025-01-25 18:07:20 orted exited on Node 3 of 4
...
008 (280841.000.000) 2025-01-25 18:07:20 orted exited on Node 0 of 4
...
008 (280841.000.000) 2025-01-25 18:07:20 orted exited on Node 2 of 4
...
015 (280841.000.003) 2025-01-25 18:07:20 Node 3 terminated.
	(1) Normal termination (return value 0)
		Usr 0 00:00:00, Sys 0 00:00:00  -  Run Remote Usage
		Usr 0 00:00:00, Sys 0 00:00:00  -  Run Local Usage
		Usr 0 00:00:00, Sys 0 00:00:00  -  Total Remote Usage
		Usr 0 00:00:00, Sys 0 00:00:00  -  Total Local Usage
	2165  -  Run Bytes Sent By Node
	33639  -  Run Bytes Received By Node
	2165  -  Total Bytes Sent By Node
	33639  -  Total Bytes Received By Node
...
015 (280841.000.001) 2025-01-25 18:07:20 Node 1 terminated.
	(1) Normal termination (return value 0)
		Usr 0 00:00:00, Sys 0 00:00:00  -  Run Remote Usage
		Usr 0 00:00:00, Sys 0 00:00:00  -  Run Local Usage
		Usr 0 00:00:00, Sys 0 00:00:00  -  Total Remote Usage
		Usr 0 00:00:00, Sys 0 00:00:00  -  Total Local Usage
	2165  -  Run Bytes Sent By Node
	33639  -  Run Bytes Received By Node
	2165  -  Total Bytes Sent By Node
	33639  -  Total Bytes Received By Node
...
015 (280841.000.002) 2025-01-25 18:07:20 Node 2 terminated.
	(1) Normal termination (return value 0)
		Usr 0 00:00:00, Sys 0 00:00:00  -  Run Remote Usage
		Usr 0 00:00:00, Sys 0 00:00:00  -  Run Local Usage
		Usr 0 00:00:00, Sys 0 00:00:00  -  Total Remote Usage
		Usr 0 00:00:00, Sys 0 00:00:00  -  Total Local Usage
	2187  -  Run Bytes Sent By Node
	33639  -  Run Bytes Received By Node
	2187  -  Total Bytes Sent By Node
	33639  -  Total Bytes Received By Node
...
015 (280841.000.000) 2025-01-25 18:07:20 Node 0 terminated.
	(1) Normal termination (return value 0)
		Usr 0 00:00:00, Sys 0 00:00:00  -  Run Remote Usage
		Usr 0 00:00:00, Sys 0 00:00:00  -  Run Local Usage
		Usr 0 00:00:00, Sys 0 00:00:00  -  Total Remote Usage
		Usr 0 00:00:00, Sys 0 00:00:00  -  Total Local Usage
	3304  -  Run Bytes Sent By Node
	33639  -  Run Bytes Received By Node
	3304  -  Total Bytes Sent By Node
	33639  -  Total Bytes Received By Node
...
005 (280841.000.000) 2025-01-25 18:07:20 Job terminated.
	(1) Normal termination (return value 0)
		Usr 0 00:00:00, Sys 0 00:00:00  -  Run Remote Usage
		Usr 0 00:00:00, Sys 0 00:00:00  -  Run Local Usage
		Usr 0 00:00:00, Sys 0 00:00:00  -  Total Remote Usage
		Usr 0 00:00:00, Sys 0 00:00:00  -  Total Local Usage
	9821  -  Run Bytes Sent By Job
	134556  -  Run Bytes Received By Job
	9821  -  Total Bytes Sent By Job
	134556  -  Total Bytes Received By Job
	Partitionable Resources :    Usage  Request Allocated 
	   Cpus                 :                 1         2 
	   Disk (KB)            :       50       35 102856100 
	   GPUs                 :                           0 
	   Memory (MB)          :        0    10641    100096 

	Job terminated of its own accord at 2025-01-25T18:07:20Z with exit-code 0.
...
000 (288046.000.000) 2025-01-28 18:30:23 Job submitted from host: <192.168.0.102:9618?addrs=192.168.0.102-9618&alias=submitter&noUDP&sock=schedd_2032_5c88>
...
014 (288046.000.001) 2025-01-28 18:30:38 Node 1 executing on host: <192.168.0.137:9618?addrs=192.168.0.137-9618&alias=node137.di.rm1&noUDP&sock=startd_1934_2440>
...
014 (288046.000.003) 2025-01-28 18:30:38 Node 3 executing on host: <192.168.0.147:9618?addrs=192.168.0.147-9618&alias=node147.di.rm1&noUDP&sock=startd_1513_5ee1>
...
014 (288046.000.000) 2025-01-28 18:30:38 Node 0 executing on host: <192.168.0.151:9618?addrs=192.168.0.151-9618&alias=node151.di.rm1&noUDP&sock=startd_1528_a8cd>
...
014 (288046.000.002) 2025-01-28 18:30:38 Node 2 executing on host: <192.168.0.141:9618?addrs=192.168.0.141-9618&alias=node141.di.rm1&noUDP&sock=startd_2077_3a4b>
...
001 (288046.000.000) 2025-01-28 18:30:38 Job executing on host: MPI_job
...
008 (288046.000.000) 2025-01-28 18:30:40 Launching orted on Node 3 of 4
...
008 (288046.000.000) 2025-01-28 18:30:40 Launching orted on Node 1 of 4
...
008 (288046.000.000) 2025-01-28 18:30:40 Launching orted on Node 0 of 4
...
008 (288046.000.000) 2025-01-28 18:30:40 Launching orted on Node 2 of 4
...
008 (288046.000.000) 2025-01-28 18:30:41 orted exited on Node 3 of 4
...
008 (288046.000.000) 2025-01-28 18:30:41 orted exited on Node 0 of 4
...
008 (288046.000.000) 2025-01-28 18:30:41 orted exited on Node 2 of 4
...
008 (288046.000.000) 2025-01-28 18:30:41 orted exited on Node 1 of 4
...
015 (288046.000.003) 2025-01-28 18:30:41 Node 3 terminated.
	(1) Normal termination (return value 0)
		Usr 0 00:00:00, Sys 0 00:00:00  -  Run Remote Usage
		Usr 0 00:00:00, Sys 0 00:00:00  -  Run Local Usage
		Usr 0 00:00:00, Sys 0 00:00:00  -  Total Remote Usage
		Usr 0 00:00:00, Sys 0 00:00:00  -  Total Local Usage
	2165  -  Run Bytes Sent By Node
	33631  -  Run Bytes Received By Node
	2165  -  Total Bytes Sent By Node
	33631  -  Total Bytes Received By Node
...
015 (288046.000.001) 2025-01-28 18:30:41 Node 1 terminated.
	(1) Normal termination (return value 0)
		Usr 0 00:00:00, Sys 0 00:00:00  -  Run Remote Usage
		Usr 0 00:00:00, Sys 0 00:00:00  -  Run Local Usage
		Usr 0 00:00:00, Sys 0 00:00:00  -  Total Remote Usage
		Usr 0 00:00:00, Sys 0 00:00:00  -  Total Local Usage
	2165  -  Run Bytes Sent By Node
	33631  -  Run Bytes Received By Node
	2165  -  Total Bytes Sent By Node
	33631  -  Total Bytes Received By Node
...
015 (288046.000.000) 2025-01-28 18:30:41 Node 0 terminated.
	(1) Normal termination (return value 0)
		Usr 0 00:00:00, Sys 0 00:00:00  -  Run Remote Usage
		Usr 0 00:00:00, Sys 0 00:00:00  -  Run Local Usage
		Usr 0 00:00:00, Sys 0 00:00:00  -  Total Remote Usage
		Usr 0 00:00:00, Sys 0 00:00:00  -  Total Local Usage
	3260  -  Run Bytes Sent By Node
	33631  -  Run Bytes Received By Node
	3260  -  Total Bytes Sent By Node
	33631  -  Total Bytes Received By Node
...
005 (288046.000.000) 2025-01-28 18:30:41 Job terminated.
	(1) Normal termination (return value 0)
		Usr 0 00:00:00, Sys 0 00:00:00  -  Run Remote Usage
		Usr 0 00:00:00, Sys 0 00:00:00  -  Run Local Usage
		Usr 0 00:00:00, Sys 0 00:00:00  -  Total Remote Usage
		Usr 0 00:00:00, Sys 0 00:00:00  -  Total Local Usage
	7590  -  Run Bytes Sent By Job
	134524  -  Run Bytes Received By Job
	7590  -  Total Bytes Sent By Job
	134524  -  Total Bytes Received By Job
	Partitionable Resources :    Usage  Request Allocated 
	   Cpus                 :                 1         2 
	   Disk (KB)            :       50       35 103029645 
	   Memory (MB)          :        1        1    100096 

	Job terminated of its own accord at 2025-01-28T18:30:41Z with exit-code 0.
...
