000 (273316.000.000) 2025-01-23 10:53:21 Job submitted from host: <192.168.0.102:9618?addrs=192.168.0.102-9618&alias=submitter&noUDP&sock=schedd_2032_5c88>
...
014 (273316.000.001) 2025-01-23 10:53:29 Node 1 executing on host: <192.168.0.111:9618?addrs=192.168.0.111-9618&alias=node111.di.rm1&noUDP&sock=startd_2044_97ab>
...
014 (273316.000.000) 2025-01-23 10:53:29 Node 0 executing on host: <192.168.0.141:9618?addrs=192.168.0.141-9618&alias=node141.di.rm1&noUDP&sock=startd_2077_3a4b>
...
001 (273316.000.000) 2025-01-23 10:53:29 Job executing on host: MPI_job
...
008 (273316.000.000) 2025-01-23 10:53:31 Launching orted on Node 1 of 2
...
008 (273316.000.000) 2025-01-23 10:53:31 Launching orted on Node 0 of 2
...
008 (273316.000.000) 2025-01-23 10:53:41 orted exited on Node 1 of 2
...
008 (273316.000.000) 2025-01-23 10:53:41 orted exited on Node 0 of 2
...
015 (273316.000.001) 2025-01-23 10:53:41 Node 1 terminated.
	(1) Normal termination (return value 0)
		Usr 0 00:00:10, Sys 0 00:00:01  -  Run Remote Usage
		Usr 0 00:00:00, Sys 0 00:00:00  -  Run Local Usage
		Usr 0 00:00:10, Sys 0 00:00:01  -  Total Remote Usage
		Usr 0 00:00:00, Sys 0 00:00:00  -  Total Local Usage
	2187  -  Run Bytes Sent By Node
	33639  -  Run Bytes Received By Node
	2187  -  Total Bytes Sent By Node
	33639  -  Total Bytes Received By Node
...
015 (273316.000.000) 2025-01-23 10:53:41 Node 0 terminated.
	(1) Normal termination (return value 0)
		Usr 0 00:00:00, Sys 0 00:00:00  -  Run Remote Usage
		Usr 0 00:00:00, Sys 0 00:00:00  -  Run Local Usage
		Usr 0 00:00:00, Sys 0 00:00:00  -  Total Remote Usage
		Usr 0 00:00:00, Sys 0 00:00:00  -  Total Local Usage
	3257  -  Run Bytes Sent By Node
	33639  -  Run Bytes Received By Node
	3257  -  Total Bytes Sent By Node
	33639  -  Total Bytes Received By Node
...
005 (273316.000.000) 2025-01-23 10:53:42 Job terminated.
	(1) Normal termination (return value 0)
		Usr 0 00:00:10, Sys 0 00:00:01  -  Run Remote Usage
		Usr 0 00:00:00, Sys 0 00:00:00  -  Run Local Usage
		Usr 0 00:00:00, Sys 0 00:00:00  -  Total Remote Usage
		Usr 0 00:00:00, Sys 0 00:00:00  -  Total Local Usage
	5444  -  Run Bytes Sent By Job
	67278  -  Run Bytes Received By Job
	5444  -  Total Bytes Sent By Job
	67278  -  Total Bytes Received By Job
	Partitionable Resources :    Usage  Request Allocated 
	   Cpus                 :                 1         2 
	   Disk (KB)            :       49       35 103002119 
	   Memory (MB)          :      315        0    100096 

	Job terminated of its own accord at 2025-01-23T10:53:41Z with exit-code 0.
...
