000 (282224.000.000) 2025-01-26 16:49:04 Job submitted from host: <192.168.0.102:9618?addrs=192.168.0.102-9618&alias=submitter&noUDP&sock=schedd_2032_5c88>
...
014 (282224.000.000) 2025-01-26 16:49:13 Node 0 executing on host: <192.168.0.149:9618?addrs=192.168.0.149-9618&alias=node149.di.rm1&noUDP&sock=startd_1551_6f7a>
...
014 (282224.000.004) 2025-01-26 16:49:13 Node 4 executing on host: <192.168.0.122:9618?addrs=192.168.0.122-9618&alias=node122.di.rm1&noUDP&sock=startd_2134_5331>
...
014 (282224.000.005) 2025-01-26 16:49:13 Node 5 executing on host: <192.168.0.147:9618?addrs=192.168.0.147-9618&alias=node147.di.rm1&noUDP&sock=startd_1513_5ee1>
...
014 (282224.000.006) 2025-01-26 16:49:13 Node 6 executing on host: <192.168.0.112:9618?addrs=192.168.0.112-9618&alias=node112.di.rm1&noUDP&sock=startd_2169_5502>
...
014 (282224.000.001) 2025-01-26 16:49:13 Node 1 executing on host: <192.168.0.143:9618?addrs=192.168.0.143-9618&alias=node143.di.rm1&noUDP&sock=startd_2061_40c7>
...
014 (282224.000.002) 2025-01-26 16:49:13 Node 2 executing on host: <192.168.0.145:9618?addrs=192.168.0.145-9618&alias=node145.di.rm1&noUDP&sock=startd_1869_8e98>
...
014 (282224.000.003) 2025-01-26 16:49:13 Node 3 executing on host: <192.168.0.145:9618?addrs=192.168.0.145-9618&alias=node145.di.rm1&noUDP&sock=startd_1869_8e98>
...
014 (282224.000.007) 2025-01-26 16:49:13 Node 7 executing on host: <192.168.0.142:9618?addrs=192.168.0.142-9618&alias=node142.di.rm1&noUDP&sock=startd_1996_ab1f>
...
001 (282224.000.000) 2025-01-26 16:49:13 Job executing on host: MPI_job
...
008 (282224.000.000) 2025-01-26 16:49:15 Launching orted on Node 5 of 8
...
008 (282224.000.000) 2025-01-26 16:49:15 Launching orted on Node 4 of 8
...
008 (282224.000.000) 2025-01-26 16:49:15 Launching orted on Node 6 of 8
...
008 (282224.000.000) 2025-01-26 16:49:15 Launching orted on Node 0 of 8
...
008 (282224.000.000) 2025-01-26 16:49:15 Launching orted on Node 7 of 8
...
008 (282224.000.000) 2025-01-26 16:49:16 Launching orted on Node 1 of 8
...
008 (282224.000.000) 2025-01-26 16:49:16 Launching orted on Node 2 of 8
...
008 (282224.000.000) 2025-01-26 16:49:16 Launching orted on Node 3 of 8
...
008 (282224.000.000) 2025-01-26 16:49:16 orted exited on Node 6 of 8
...
008 (282224.000.000) 2025-01-26 16:49:16 orted exited on Node 2 of 8
...
008 (282224.000.000) 2025-01-26 16:49:16 orted exited on Node 0 of 8
...
008 (282224.000.000) 2025-01-26 16:49:16 orted exited on Node 5 of 8
...
008 (282224.000.000) 2025-01-26 16:49:16 orted exited on Node 7 of 8
...
008 (282224.000.000) 2025-01-26 16:49:16 orted exited on Node 4 of 8
...
008 (282224.000.000) 2025-01-26 16:49:16 orted exited on Node 3 of 8
...
008 (282224.000.000) 2025-01-26 16:49:16 orted exited on Node 1 of 8
...
015 (282224.000.005) 2025-01-26 16:49:16 Node 5 terminated.
	(1) Normal termination (return value 0)
		Usr 0 00:00:00, Sys 0 00:00:00  -  Run Remote Usage
		Usr 0 00:00:00, Sys 0 00:00:00  -  Run Local Usage
		Usr 0 00:00:00, Sys 0 00:00:00  -  Total Remote Usage
		Usr 0 00:00:00, Sys 0 00:00:00  -  Total Local Usage
	2165  -  Run Bytes Sent By Node
	33711  -  Run Bytes Received By Node
	2165  -  Total Bytes Sent By Node
	33711  -  Total Bytes Received By Node
...
015 (282224.000.006) 2025-01-26 16:49:16 Node 6 terminated.
	(1) Normal termination (return value 0)
		Usr 0 00:00:00, Sys 0 00:00:00  -  Run Remote Usage
		Usr 0 00:00:00, Sys 0 00:00:00  -  Run Local Usage
		Usr 0 00:00:00, Sys 0 00:00:00  -  Total Remote Usage
		Usr 0 00:00:00, Sys 0 00:00:00  -  Total Local Usage
	2187  -  Run Bytes Sent By Node
	33711  -  Run Bytes Received By Node
	2187  -  Total Bytes Sent By Node
	33711  -  Total Bytes Received By Node
...
015 (282224.000.004) 2025-01-26 16:49:16 Node 4 terminated.
	(1) Normal termination (return value 0)
		Usr 0 00:00:00, Sys 0 00:00:00  -  Run Remote Usage
		Usr 0 00:00:00, Sys 0 00:00:00  -  Run Local Usage
		Usr 0 00:00:00, Sys 0 00:00:00  -  Total Remote Usage
		Usr 0 00:00:00, Sys 0 00:00:00  -  Total Local Usage
	2187  -  Run Bytes Sent By Node
	33711  -  Run Bytes Received By Node
	2187  -  Total Bytes Sent By Node
	33711  -  Total Bytes Received By Node
...
015 (282224.000.000) 2025-01-26 16:49:16 Node 0 terminated.
	(1) Normal termination (return value 0)
		Usr 0 00:00:00, Sys 0 00:00:00  -  Run Remote Usage
		Usr 0 00:00:00, Sys 0 00:00:00  -  Run Local Usage
		Usr 0 00:00:00, Sys 0 00:00:00  -  Total Remote Usage
		Usr 0 00:00:00, Sys 0 00:00:00  -  Total Local Usage
	3260  -  Run Bytes Sent By Node
	33711  -  Run Bytes Received By Node
	3260  -  Total Bytes Sent By Node
	33711  -  Total Bytes Received By Node
...
005 (282224.000.000) 2025-01-26 16:49:16 Job terminated.
	(1) Normal termination (return value 0)
		Usr 0 00:00:00, Sys 0 00:00:01  -  Run Remote Usage
		Usr 0 00:00:00, Sys 0 00:00:00  -  Run Local Usage
		Usr 0 00:00:00, Sys 0 00:00:00  -  Total Remote Usage
		Usr 0 00:00:00, Sys 0 00:00:00  -  Total Local Usage
	9799  -  Run Bytes Sent By Job
	269688  -  Run Bytes Received By Job
	9799  -  Total Bytes Sent By Job
	269688  -  Total Bytes Received By Job
	Partitionable Resources :    Usage  Request Allocated 
	   Cpus                 :                 1         1 
	   Disk (KB)            :       50       35  32092154 
	   Memory (MB)          :        0      326     30720 

	Job terminated of its own accord at 2025-01-26T16:49:16Z with exit-code 0.
...
000 (289096.000.000) 2025-01-28 22:36:21 Job submitted from host: <192.168.0.102:9618?addrs=192.168.0.102-9618&alias=submitter&noUDP&sock=schedd_2032_5c88>
...
014 (289096.000.001) 2025-01-28 22:36:31 Node 1 executing on host: <192.168.0.135:9618?addrs=192.168.0.135-9618&alias=node135.di.rm1&noUDP&sock=startd_2000_6980>
...
014 (289096.000.005) 2025-01-28 22:36:31 Node 5 executing on host: <192.168.0.135:9618?addrs=192.168.0.135-9618&alias=node135.di.rm1&noUDP&sock=startd_2000_6980>
...
014 (289096.000.003) 2025-01-28 22:36:31 Node 3 executing on host: <192.168.0.145:9618?addrs=192.168.0.145-9618&alias=node145.di.rm1&noUDP&sock=startd_1869_8e98>
...
014 (289096.000.006) 2025-01-28 22:36:31 Node 6 executing on host: <192.168.0.130:9618?addrs=192.168.0.130-9618&alias=node130.di.rm1&noUDP&sock=startd_2751195_838e>
...
014 (289096.000.000) 2025-01-28 22:36:31 Node 0 executing on host: <192.168.0.105:9618?addrs=192.168.0.105-9618&alias=node105.di.rm1&noUDP&sock=startd_1951_cd5c>
...
014 (289096.000.004) 2025-01-28 22:36:31 Node 4 executing on host: <192.168.0.120:9618?addrs=192.168.0.120-9618&alias=node120.di.rm1&noUDP&sock=startd_2096_4298>
...
014 (289096.000.002) 2025-01-28 22:36:32 Node 2 executing on host: <192.168.0.115:9618?addrs=192.168.0.115-9618&alias=node115.di.rm1&noUDP&sock=startd_1101621_f4a0>
...
014 (289096.000.007) 2025-01-28 22:36:32 Node 7 executing on host: <192.168.0.106:9618?addrs=192.168.0.106-9618&alias=node106.di.rm1&noUDP&sock=startd_1970_d5a9>
...
001 (289096.000.000) 2025-01-28 22:36:32 Job executing on host: MPI_job
...
008 (289096.000.000) 2025-01-28 22:36:34 Launching orted on Node 5 of 8
...
008 (289096.000.000) 2025-01-28 22:36:34 Launching orted on Node 6 of 8
...
008 (289096.000.000) 2025-01-28 22:36:34 Launching orted on Node 1 of 8
...
008 (289096.000.000) 2025-01-28 22:36:34 Launching orted on Node 3 of 8
...
008 (289096.000.000) 2025-01-28 22:36:34 Launching orted on Node 4 of 8
...
008 (289096.000.000) 2025-01-28 22:36:34 Launching orted on Node 0 of 8
...
008 (289096.000.000) 2025-01-28 22:36:34 Launching orted on Node 2 of 8
...
008 (289096.000.000) 2025-01-28 22:36:34 Launching orted on Node 7 of 8
...
008 (289096.000.000) 2025-01-28 22:36:34 orted exited on Node 6 of 8
...
008 (289096.000.000) 2025-01-28 22:36:34 orted exited on Node 0 of 8
...
008 (289096.000.000) 2025-01-28 22:36:34 orted exited on Node 1 of 8
...
008 (289096.000.000) 2025-01-28 22:36:34 orted exited on Node 2 of 8
...
008 (289096.000.000) 2025-01-28 22:36:34 orted exited on Node 3 of 8
...
008 (289096.000.000) 2025-01-28 22:36:34 orted exited on Node 4 of 8
...
008 (289096.000.000) 2025-01-28 22:36:34 orted exited on Node 5 of 8
...
008 (289096.000.000) 2025-01-28 22:36:34 orted exited on Node 7 of 8
...
015 (289096.000.004) 2025-01-28 22:36:35 Node 4 terminated.
	(1) Normal termination (return value 0)
		Usr 0 00:00:00, Sys 0 00:00:00  -  Run Remote Usage
		Usr 0 00:00:00, Sys 0 00:00:00  -  Run Local Usage
		Usr 0 00:00:00, Sys 0 00:00:00  -  Total Remote Usage
		Usr 0 00:00:00, Sys 0 00:00:00  -  Total Local Usage
	2187  -  Run Bytes Sent By Node
	33711  -  Run Bytes Received By Node
	2187  -  Total Bytes Sent By Node
	33711  -  Total Bytes Received By Node
...
015 (289096.000.005) 2025-01-28 22:36:35 Node 5 terminated.
	(1) Normal termination (return value 0)
		Usr 0 00:00:00, Sys 0 00:00:00  -  Run Remote Usage
		Usr 0 00:00:00, Sys 0 00:00:00  -  Run Local Usage
		Usr 0 00:00:00, Sys 0 00:00:00  -  Total Remote Usage
		Usr 0 00:00:00, Sys 0 00:00:00  -  Total Local Usage
	2165  -  Run Bytes Sent By Node
	33711  -  Run Bytes Received By Node
	2165  -  Total Bytes Sent By Node
	33711  -  Total Bytes Received By Node
...
015 (289096.000.006) 2025-01-28 22:36:35 Node 6 terminated.
	(1) Normal termination (return value 0)
		Usr 0 00:00:00, Sys 0 00:00:00  -  Run Remote Usage
		Usr 0 00:00:00, Sys 0 00:00:00  -  Run Local Usage
		Usr 0 00:00:00, Sys 0 00:00:00  -  Total Remote Usage
		Usr 0 00:00:00, Sys 0 00:00:00  -  Total Local Usage
	2165  -  Run Bytes Sent By Node
	33711  -  Run Bytes Received By Node
	2165  -  Total Bytes Sent By Node
	33711  -  Total Bytes Received By Node
...
015 (289096.000.001) 2025-01-28 22:36:35 Node 1 terminated.
	(1) Normal termination (return value 0)
		Usr 0 00:00:00, Sys 0 00:00:00  -  Run Remote Usage
		Usr 0 00:00:00, Sys 0 00:00:00  -  Run Local Usage
		Usr 0 00:00:00, Sys 0 00:00:00  -  Total Remote Usage
		Usr 0 00:00:00, Sys 0 00:00:00  -  Total Local Usage
	2165  -  Run Bytes Sent By Node
	33711  -  Run Bytes Received By Node
	2165  -  Total Bytes Sent By Node
	33711  -  Total Bytes Received By Node
...
015 (289096.000.000) 2025-01-28 22:36:35 Node 0 terminated.
	(1) Normal termination (return value 0)
		Usr 0 00:00:00, Sys 0 00:00:00  -  Run Remote Usage
		Usr 0 00:00:00, Sys 0 00:00:00  -  Run Local Usage
		Usr 0 00:00:00, Sys 0 00:00:00  -  Total Remote Usage
		Usr 0 00:00:00, Sys 0 00:00:00  -  Total Local Usage
	3260  -  Run Bytes Sent By Node
	33711  -  Run Bytes Received By Node
	3260  -  Total Bytes Sent By Node
	33711  -  Total Bytes Received By Node
...
015 (289096.000.003) 2025-01-28 22:36:35 Node 3 terminated.
	(1) Normal termination (return value 0)
		Usr 0 00:00:01, Sys 0 00:00:00  -  Run Remote Usage
		Usr 0 00:00:00, Sys 0 00:00:00  -  Run Local Usage
		Usr 0 00:00:01, Sys 0 00:00:00  -  Total Remote Usage
		Usr 0 00:00:00, Sys 0 00:00:00  -  Total Local Usage
	2165  -  Run Bytes Sent By Node
	33711  -  Run Bytes Received By Node
	2165  -  Total Bytes Sent By Node
	33711  -  Total Bytes Received By Node
...
015 (289096.000.007) 2025-01-28 22:36:35 Node 7 terminated.
	(1) Normal termination (return value 0)
		Usr 0 00:00:00, Sys 0 00:00:00  -  Run Remote Usage
		Usr 0 00:00:00, Sys 0 00:00:00  -  Run Local Usage
		Usr 0 00:00:00, Sys 0 00:00:00  -  Total Remote Usage
		Usr 0 00:00:00, Sys 0 00:00:00  -  Total Local Usage
	2165  -  Run Bytes Sent By Node
	33711  -  Run Bytes Received By Node
	2165  -  Total Bytes Sent By Node
	33711  -  Total Bytes Received By Node
...
005 (289096.000.000) 2025-01-28 22:36:35 Job terminated.
	(1) Normal termination (return value 0)
		Usr 0 00:00:01, Sys 0 00:00:00  -  Run Remote Usage
		Usr 0 00:00:00, Sys 0 00:00:00  -  Run Local Usage
		Usr 0 00:00:00, Sys 0 00:00:00  -  Total Remote Usage
		Usr 0 00:00:00, Sys 0 00:00:00  -  Total Local Usage
	16272  -  Run Bytes Sent By Job
	269688  -  Run Bytes Received By Job
	16272  -  Total Bytes Sent By Job
	269688  -  Total Bytes Received By Job
	Partitionable Resources :    Usage  Request Allocated 
	   Cpus                 :                 1         2 
	   Disk (KB)            :       52       35 102901527 
	   Memory (MB)          :        0        0    100096 

	Job terminated of its own accord at 2025-01-28T22:36:34Z with exit-code 0.
...
