000 (271639.000.000) 2025-01-22 01:18:19 Job submitted from host: <192.168.0.102:9618?addrs=192.168.0.102-9618&alias=submitter&noUDP&sock=schedd_2032_5c88>
...
001 (271639.000.000) 2025-01-22 01:18:23 Job executing on host: <192.168.0.151:9618?addrs=192.168.0.151-9618&alias=node151.di.rm1&noUDP&sock=startd_1528_a8cd>
...
006 (271639.000.000) 2025-01-22 01:18:32 Image size of job updated: 401480
	393  -  MemoryUsage of job (MB)
	401480  -  ResidentSetSize of job (KB)
...
006 (271639.000.000) 2025-01-22 01:19:22 Image size of job updated: 2284608
	393  -  MemoryUsage of job (MB)
	402008  -  ResidentSetSize of job (KB)
...
004 (271639.000.000) 2025-01-22 01:19:22 Job was evicted.
	(0) CPU times
		Usr 0 00:01:26, Sys 0 00:00:01  -  Run Remote Usage
		Usr 0 00:00:00, Sys 0 00:00:00  -  Run Local Usage
	0  -  Run Bytes Sent By Job
	0  -  Run Bytes Received By Job
	Partitionable Resources :    Usage  Request Allocated 
	   Cpus                 :                 1         1 
	   Disk (KB)            :       27       27    474791 
	   Memory (MB)          :      393        1       128 
...
009 (271639.000.000) 2025-01-22 01:19:22 Job was aborted.
	via condor_rm (by user calzona_2046920)
...
000 (277793.000.000) 2025-01-24 07:10:19 Job submitted from host: <192.168.0.102:9618?addrs=192.168.0.102-9618&alias=submitter&noUDP&sock=schedd_2032_5c88>
...
001 (277793.000.000) 2025-01-24 07:10:20 Job executing on host: <192.168.0.149:9618?addrs=192.168.0.149-9618&alias=node149.di.rm1&noUDP&sock=startd_1551_6f7a>
...
006 (277793.000.000) 2025-01-24 07:10:29 Image size of job updated: 408012
	399  -  MemoryUsage of job (MB)
	408012  -  ResidentSetSize of job (KB)
...
006 (277793.000.000) 2025-01-24 07:12:20 Image size of job updated: 2284608
	399  -  MemoryUsage of job (MB)
	408144  -  ResidentSetSize of job (KB)
...
004 (277793.000.000) 2025-01-24 07:12:20 Job was evicted.
	(0) CPU times
		Usr 0 00:14:26, Sys 0 00:00:02  -  Run Remote Usage
		Usr 0 00:00:00, Sys 0 00:00:00  -  Run Local Usage
	0  -  Run Bytes Sent By Job
	0  -  Run Bytes Received By Job
	Partitionable Resources :    Usage  Request Allocated 
	   Cpus                 :                 1         1 
	   Disk (KB)            :       27       27    471944 
	   Memory (MB)          :      399        1       128 
...
009 (277793.000.000) 2025-01-24 07:12:20 Job was aborted.
	via condor_rm (by user calzona_2046920)
...
