000 (282270.000.000) 2025-01-26 16:53:01 Job submitted from host: <192.168.0.102:9618?addrs=192.168.0.102-9618&alias=submitter&noUDP&sock=schedd_2032_5c88>
...
014 (282270.000.004) 2025-01-26 16:53:05 Node 4 executing on host: <192.168.0.149:9618?addrs=192.168.0.149-9618&alias=node149.di.rm1&noUDP&sock=startd_1551_6f7a>
...
014 (282270.000.003) 2025-01-26 16:53:05 Node 3 executing on host: <192.168.0.104:9618?addrs=192.168.0.104-9618&alias=node104.di.rm1&noUDP&sock=startd_1987_7ec5>
...
014 (282270.000.002) 2025-01-26 16:53:05 Node 2 executing on host: <192.168.0.124:9618?addrs=192.168.0.124-9618&alias=node124.di.rm1&noUDP&sock=startd_2143_7f8b>
...
014 (282270.000.007) 2025-01-26 16:53:06 Node 7 executing on host: <192.168.0.130:9618?addrs=192.168.0.130-9618&alias=node130.di.rm1&noUDP&sock=startd_2751195_838e>
...
014 (282270.000.001) 2025-01-26 16:53:06 Node 1 executing on host: <192.168.0.145:9618?addrs=192.168.0.145-9618&alias=node145.di.rm1&noUDP&sock=startd_1869_8e98>
...
014 (282270.000.006) 2025-01-26 16:53:06 Node 6 executing on host: <192.168.0.143:9618?addrs=192.168.0.143-9618&alias=node143.di.rm1&noUDP&sock=startd_2061_40c7>
...
014 (282270.000.000) 2025-01-26 16:53:06 Node 0 executing on host: <192.168.0.141:9618?addrs=192.168.0.141-9618&alias=node141.di.rm1&noUDP&sock=startd_2077_3a4b>
...
014 (282270.000.005) 2025-01-26 16:53:06 Node 5 executing on host: <192.168.0.145:9618?addrs=192.168.0.145-9618&alias=node145.di.rm1&noUDP&sock=startd_1869_8e98>
...
001 (282270.000.000) 2025-01-26 16:53:06 Job executing on host: MPI_job
...
008 (282270.000.000) 2025-01-26 16:53:08 Launching orted on Node 4 of 8
...
008 (282270.000.000) 2025-01-26 16:53:08 Launching orted on Node 3 of 8
...
008 (282270.000.000) 2025-01-26 16:53:08 Launching orted on Node 2 of 8
...
008 (282270.000.000) 2025-01-26 16:53:08 Launching orted on Node 7 of 8
...
008 (282270.000.000) 2025-01-26 16:53:08 Launching orted on Node 0 of 8
...
008 (282270.000.000) 2025-01-26 16:53:09 Launching orted on Node 6 of 8
...
008 (282270.000.000) 2025-01-26 16:53:10 Launching orted on Node 1 of 8
...
008 (282270.000.000) 2025-01-26 16:53:10 Launching orted on Node 5 of 8
...
008 (282270.000.000) 2025-01-26 16:53:20 orted exited on Node 3 of 8
...
008 (282270.000.000) 2025-01-26 16:53:20 orted exited on Node 2 of 8
...
008 (282270.000.000) 2025-01-26 16:53:20 orted exited on Node 4 of 8
...
008 (282270.000.000) 2025-01-26 16:53:20 orted exited on Node 7 of 8
...
008 (282270.000.000) 2025-01-26 16:53:20 orted exited on Node 5 of 8
...
008 (282270.000.000) 2025-01-26 16:53:20 orted exited on Node 1 of 8
...
008 (282270.000.000) 2025-01-26 16:53:20 orted exited on Node 0 of 8
...
008 (282270.000.000) 2025-01-26 16:53:20 orted exited on Node 6 of 8
...
015 (282270.000.007) 2025-01-26 16:53:20 Node 7 terminated.
	(1) Normal termination (return value 0)
		Usr 0 00:00:05, Sys 0 00:00:02  -  Run Remote Usage
		Usr 0 00:00:00, Sys 0 00:00:00  -  Run Local Usage
		Usr 0 00:00:05, Sys 0 00:00:02  -  Total Remote Usage
		Usr 0 00:00:00, Sys 0 00:00:00  -  Total Local Usage
	2165  -  Run Bytes Sent By Node
	33711  -  Run Bytes Received By Node
	2165  -  Total Bytes Sent By Node
	33711  -  Total Bytes Received By Node
...
015 (282270.000.004) 2025-01-26 16:53:20 Node 4 terminated.
	(1) Normal termination (return value 0)
		Usr 0 00:00:04, Sys 0 00:00:01  -  Run Remote Usage
		Usr 0 00:00:00, Sys 0 00:00:00  -  Run Local Usage
		Usr 0 00:00:04, Sys 0 00:00:01  -  Total Remote Usage
		Usr 0 00:00:00, Sys 0 00:00:00  -  Total Local Usage
	2165  -  Run Bytes Sent By Node
	33711  -  Run Bytes Received By Node
	2165  -  Total Bytes Sent By Node
	33711  -  Total Bytes Received By Node
...
015 (282270.000.003) 2025-01-26 16:53:20 Node 3 terminated.
	(1) Normal termination (return value 0)
		Usr 0 00:00:04, Sys 0 00:00:01  -  Run Remote Usage
		Usr 0 00:00:00, Sys 0 00:00:00  -  Run Local Usage
		Usr 0 00:00:04, Sys 0 00:00:01  -  Total Remote Usage
		Usr 0 00:00:00, Sys 0 00:00:00  -  Total Local Usage
	2165  -  Run Bytes Sent By Node
	33711  -  Run Bytes Received By Node
	2165  -  Total Bytes Sent By Node
	33711  -  Total Bytes Received By Node
...
015 (282270.000.002) 2025-01-26 16:53:20 Node 2 terminated.
	(1) Normal termination (return value 0)
		Usr 0 00:00:04, Sys 0 00:00:02  -  Run Remote Usage
		Usr 0 00:00:00, Sys 0 00:00:00  -  Run Local Usage
		Usr 0 00:00:04, Sys 0 00:00:02  -  Total Remote Usage
		Usr 0 00:00:00, Sys 0 00:00:00  -  Total Local Usage
	2187  -  Run Bytes Sent By Node
	33711  -  Run Bytes Received By Node
	2187  -  Total Bytes Sent By Node
	33711  -  Total Bytes Received By Node
...
015 (282270.000.000) 2025-01-26 16:53:20 Node 0 terminated.
	(1) Normal termination (return value 0)
		Usr 0 00:00:01, Sys 0 00:00:00  -  Run Remote Usage
		Usr 0 00:00:00, Sys 0 00:00:00  -  Run Local Usage
		Usr 0 00:00:01, Sys 0 00:00:00  -  Total Remote Usage
		Usr 0 00:00:00, Sys 0 00:00:00  -  Total Local Usage
	3264  -  Run Bytes Sent By Node
	33711  -  Run Bytes Received By Node
	3264  -  Total Bytes Sent By Node
	33711  -  Total Bytes Received By Node
...
005 (282270.000.000) 2025-01-26 16:53:20 Job terminated.
	(1) Normal termination (return value 0)
		Usr 0 00:00:31, Sys 0 00:00:08  -  Run Remote Usage
		Usr 0 00:00:00, Sys 0 00:00:00  -  Run Local Usage
		Usr 0 00:00:01, Sys 0 00:00:00  -  Total Remote Usage
		Usr 0 00:00:00, Sys 0 00:00:00  -  Total Local Usage
	11946  -  Run Bytes Sent By Job
	269688  -  Run Bytes Received By Job
	11946  -  Total Bytes Sent By Job
	269688  -  Total Bytes Received By Job
	Partitionable Resources :    Usage  Request Allocated 
	   Cpus                 :                 1         1 
	   Disk (KB)            :       50       35    459831 
	   Memory (MB)          :      153      332     53248 

	Job terminated of its own accord at 2025-01-26T16:53:20Z with exit-code 0.
...
000 (289141.000.000) 2025-01-28 22:39:44 Job submitted from host: <192.168.0.102:9618?addrs=192.168.0.102-9618&alias=submitter&noUDP&sock=schedd_2032_5c88>
...
014 (289141.000.000) 2025-01-28 22:39:51 Node 0 executing on host: <192.168.0.130:9618?addrs=192.168.0.130-9618&alias=node130.di.rm1&noUDP&sock=startd_2751195_838e>
...
014 (289141.000.001) 2025-01-28 22:39:52 Node 1 executing on host: <192.168.0.106:9618?addrs=192.168.0.106-9618&alias=node106.di.rm1&noUDP&sock=startd_1970_d5a9>
...
014 (289141.000.002) 2025-01-28 22:39:52 Node 2 executing on host: <192.168.0.110:9618?addrs=192.168.0.110-9618&alias=node110.di.rm1&noUDP&sock=startd_2185_4e86>
...
014 (289141.000.006) 2025-01-28 22:39:52 Node 6 executing on host: <192.168.0.130:9618?addrs=192.168.0.130-9618&alias=node130.di.rm1&noUDP&sock=startd_2751195_838e>
...
014 (289141.000.003) 2025-01-28 22:39:52 Node 3 executing on host: <192.168.0.140:9618?addrs=192.168.0.140-9618&alias=node140.di.rm1&noUDP&sock=startd_1890_f615>
...
014 (289141.000.004) 2025-01-28 22:39:52 Node 4 executing on host: <192.168.0.116:9618?addrs=192.168.0.116-9618&alias=node116.di.rm1&noUDP&sock=startd_1847_7783>
...
014 (289141.000.007) 2025-01-28 22:39:52 Node 7 executing on host: <192.168.0.106:9618?addrs=192.168.0.106-9618&alias=node106.di.rm1&noUDP&sock=startd_1970_d5a9>
...
014 (289141.000.005) 2025-01-28 22:39:52 Node 5 executing on host: <192.168.0.120:9618?addrs=192.168.0.120-9618&alias=node120.di.rm1&noUDP&sock=startd_2096_4298>
...
001 (289141.000.000) 2025-01-28 22:39:52 Job executing on host: MPI_job
...
008 (289141.000.000) 2025-01-28 22:39:54 Launching orted on Node 0 of 8
...
008 (289141.000.000) 2025-01-28 22:39:54 Launching orted on Node 6 of 8
...
008 (289141.000.000) 2025-01-28 22:39:54 Launching orted on Node 1 of 8
...
008 (289141.000.000) 2025-01-28 22:39:54 Launching orted on Node 2 of 8
...
008 (289141.000.000) 2025-01-28 22:39:54 Launching orted on Node 4 of 8
...
008 (289141.000.000) 2025-01-28 22:39:54 Launching orted on Node 7 of 8
...
008 (289141.000.000) 2025-01-28 22:39:54 Launching orted on Node 3 of 8
...
008 (289141.000.000) 2025-01-28 22:39:54 Launching orted on Node 5 of 8
...
008 (289141.000.000) 2025-01-28 22:39:59 orted exited on Node 3 of 8
...
008 (289141.000.000) 2025-01-28 22:39:59 orted exited on Node 0 of 8
...
008 (289141.000.000) 2025-01-28 22:39:59 orted exited on Node 1 of 8
...
008 (289141.000.000) 2025-01-28 22:39:59 orted exited on Node 2 of 8
...
008 (289141.000.000) 2025-01-28 22:39:59 orted exited on Node 4 of 8
...
008 (289141.000.000) 2025-01-28 22:39:59 orted exited on Node 5 of 8
...
008 (289141.000.000) 2025-01-28 22:39:59 orted exited on Node 6 of 8
...
008 (289141.000.000) 2025-01-28 22:39:59 orted exited on Node 7 of 8
...
015 (289141.000.002) 2025-01-28 22:39:59 Node 2 terminated.
	(1) Normal termination (return value 0)
		Usr 0 00:00:04, Sys 0 00:00:00  -  Run Remote Usage
		Usr 0 00:00:00, Sys 0 00:00:00  -  Run Local Usage
		Usr 0 00:00:04, Sys 0 00:00:00  -  Total Remote Usage
		Usr 0 00:00:00, Sys 0 00:00:00  -  Total Local Usage
	2187  -  Run Bytes Sent By Node
	33711  -  Run Bytes Received By Node
	2187  -  Total Bytes Sent By Node
	33711  -  Total Bytes Received By Node
...
015 (289141.000.004) 2025-01-28 22:39:59 Node 4 terminated.
	(1) Normal termination (return value 0)
		Usr 0 00:00:04, Sys 0 00:00:01  -  Run Remote Usage
		Usr 0 00:00:00, Sys 0 00:00:00  -  Run Local Usage
		Usr 0 00:00:04, Sys 0 00:00:01  -  Total Remote Usage
		Usr 0 00:00:00, Sys 0 00:00:00  -  Total Local Usage
	2165  -  Run Bytes Sent By Node
	33711  -  Run Bytes Received By Node
	2165  -  Total Bytes Sent By Node
	33711  -  Total Bytes Received By Node
...
015 (289141.000.007) 2025-01-28 22:39:59 Node 7 terminated.
	(1) Normal termination (return value 0)
		Usr 0 00:00:04, Sys 0 00:00:00  -  Run Remote Usage
		Usr 0 00:00:00, Sys 0 00:00:00  -  Run Local Usage
		Usr 0 00:00:04, Sys 0 00:00:00  -  Total Remote Usage
		Usr 0 00:00:00, Sys 0 00:00:00  -  Total Local Usage
	2165  -  Run Bytes Sent By Node
	33711  -  Run Bytes Received By Node
	2165  -  Total Bytes Sent By Node
	33711  -  Total Bytes Received By Node
...
015 (289141.000.000) 2025-01-28 22:39:59 Node 0 terminated.
	(1) Normal termination (return value 0)
		Usr 0 00:00:00, Sys 0 00:00:00  -  Run Remote Usage
		Usr 0 00:00:00, Sys 0 00:00:00  -  Run Local Usage
		Usr 0 00:00:00, Sys 0 00:00:00  -  Total Remote Usage
		Usr 0 00:00:00, Sys 0 00:00:00  -  Total Local Usage
	3261  -  Run Bytes Sent By Node
	33711  -  Run Bytes Received By Node
	3261  -  Total Bytes Sent By Node
	33711  -  Total Bytes Received By Node
...
005 (289141.000.000) 2025-01-28 22:39:59 Job terminated.
	(1) Normal termination (return value 0)
		Usr 0 00:00:28, Sys 0 00:00:03  -  Run Remote Usage
		Usr 0 00:00:00, Sys 0 00:00:00  -  Run Local Usage
		Usr 0 00:00:00, Sys 0 00:00:00  -  Total Remote Usage
		Usr 0 00:00:00, Sys 0 00:00:00  -  Total Local Usage
	9778  -  Run Bytes Sent By Job
	269688  -  Run Bytes Received By Job
	9778  -  Total Bytes Sent By Job
	269688  -  Total Bytes Received By Job
	Partitionable Resources :    Usage  Request Allocated 
	   Cpus                 :                 1         2 
	   Disk (KB)            :       51       35 102964203 
	   Memory (MB)          :        0      350    100096 

	Job terminated of its own accord at 2025-01-28T22:39:59Z with exit-code 0.
...
