000 (279316.000.000) 2025-01-24 10:33:20 Job submitted from host: <192.168.0.102:9618?addrs=192.168.0.102-9618&alias=submitter&noUDP&sock=schedd_2032_5c88>
...
014 (279316.000.001) 2025-01-24 10:33:27 Node 1 executing on host: <192.168.0.107:9618?addrs=192.168.0.107-9618&alias=node107.di.rm1&noUDP&sock=startd_1981_6134>
...
014 (279316.000.003) 2025-01-24 10:33:27 Node 3 executing on host: <192.168.0.146:9618?addrs=192.168.0.146-9618&alias=node146.di.rm1&noUDP&sock=startd_1984_6ffc>
...
014 (279316.000.000) 2025-01-24 10:33:27 Node 0 executing on host: <192.168.0.140:9618?addrs=192.168.0.140-9618&alias=node140.di.rm1&noUDP&sock=startd_1890_f615>
...
014 (279316.000.004) 2025-01-24 10:33:27 Node 4 executing on host: <192.168.0.141:9618?addrs=192.168.0.141-9618&alias=node141.di.rm1&noUDP&sock=startd_2077_3a4b>
...
014 (279316.000.002) 2025-01-24 10:33:27 Node 2 executing on host: <192.168.0.116:9618?addrs=192.168.0.116-9618&alias=node116.di.rm1&noUDP&sock=startd_1847_7783>
...
014 (279316.000.007) 2025-01-24 10:33:27 Node 7 executing on host: <192.168.0.141:9618?addrs=192.168.0.141-9618&alias=node141.di.rm1&noUDP&sock=startd_2077_3a4b>
...
014 (279316.000.005) 2025-01-24 10:33:27 Node 5 executing on host: <192.168.0.120:9618?addrs=192.168.0.120-9618&alias=node120.di.rm1&noUDP&sock=startd_2096_4298>
...
014 (279316.000.006) 2025-01-24 10:33:27 Node 6 executing on host: <192.168.0.143:9618?addrs=192.168.0.143-9618&alias=node143.di.rm1&noUDP&sock=startd_2061_40c7>
...
001 (279316.000.000) 2025-01-24 10:33:27 Job executing on host: MPI_job
...
008 (279316.000.000) 2025-01-24 10:33:29 Launching orted on Node 1 of 8
...
008 (279316.000.000) 2025-01-24 10:33:29 Launching orted on Node 3 of 8
...
008 (279316.000.000) 2025-01-24 10:33:30 Launching orted on Node 0 of 8
...
008 (279316.000.000) 2025-01-24 10:33:30 Launching orted on Node 4 of 8
...
008 (279316.000.000) 2025-01-24 10:33:30 Launching orted on Node 2 of 8
...
008 (279316.000.000) 2025-01-24 10:33:30 Launching orted on Node 7 of 8
...
008 (279316.000.000) 2025-01-24 10:33:30 Launching orted on Node 5 of 8
...
008 (279316.000.000) 2025-01-24 10:33:30 Launching orted on Node 6 of 8
...
008 (279316.000.000) 2025-01-24 10:33:31 orted exited on Node 1 of 8
...
008 (279316.000.000) 2025-01-24 10:33:31 orted exited on Node 3 of 8
...
008 (279316.000.000) 2025-01-24 10:33:31 orted exited on Node 0 of 8
...
008 (279316.000.000) 2025-01-24 10:33:31 orted exited on Node 6 of 8
...
008 (279316.000.000) 2025-01-24 10:33:31 orted exited on Node 2 of 8
...
008 (279316.000.000) 2025-01-24 10:33:31 orted exited on Node 5 of 8
...
008 (279316.000.000) 2025-01-24 10:33:31 orted exited on Node 4 of 8
...
008 (279316.000.000) 2025-01-24 10:33:31 orted exited on Node 7 of 8
...
015 (279316.000.001) 2025-01-24 10:33:31 Node 1 terminated.
	(1) Normal termination (return value 0)
		Usr 0 00:00:00, Sys 0 00:00:00  -  Run Remote Usage
		Usr 0 00:00:00, Sys 0 00:00:00  -  Run Local Usage
		Usr 0 00:00:00, Sys 0 00:00:00  -  Total Remote Usage
		Usr 0 00:00:00, Sys 0 00:00:00  -  Total Local Usage
	2165  -  Run Bytes Sent By Node
	33639  -  Run Bytes Received By Node
	2165  -  Total Bytes Sent By Node
	33639  -  Total Bytes Received By Node
...
015 (279316.000.003) 2025-01-24 10:33:31 Node 3 terminated.
	(1) Normal termination (return value 0)
		Usr 0 00:00:00, Sys 0 00:00:01  -  Run Remote Usage
		Usr 0 00:00:00, Sys 0 00:00:00  -  Run Local Usage
		Usr 0 00:00:00, Sys 0 00:00:01  -  Total Remote Usage
		Usr 0 00:00:00, Sys 0 00:00:00  -  Total Local Usage
	2165  -  Run Bytes Sent By Node
	33639  -  Run Bytes Received By Node
	2165  -  Total Bytes Sent By Node
	33639  -  Total Bytes Received By Node
...
015 (279316.000.000) 2025-01-24 10:33:31 Node 0 terminated.
	(1) Normal termination (return value 0)
		Usr 0 00:00:00, Sys 0 00:00:00  -  Run Remote Usage
		Usr 0 00:00:00, Sys 0 00:00:00  -  Run Local Usage
		Usr 0 00:00:00, Sys 0 00:00:00  -  Total Remote Usage
		Usr 0 00:00:00, Sys 0 00:00:00  -  Total Local Usage
	3728  -  Run Bytes Sent By Node
	33639  -  Run Bytes Received By Node
	3728  -  Total Bytes Sent By Node
	33639  -  Total Bytes Received By Node
...
005 (279316.000.000) 2025-01-24 10:33:31 Job terminated.
	(1) Normal termination (return value 0)
		Usr 0 00:00:01, Sys 0 00:00:01  -  Run Remote Usage
		Usr 0 00:00:00, Sys 0 00:00:00  -  Run Local Usage
		Usr 0 00:00:00, Sys 0 00:00:00  -  Total Remote Usage
		Usr 0 00:00:00, Sys 0 00:00:00  -  Total Local Usage
	12410  -  Run Bytes Sent By Job
	269112  -  Run Bytes Received By Job
	12410  -  Total Bytes Sent By Job
	269112  -  Total Bytes Received By Job
	Partitionable Resources :    Usage  Request Allocated 
	   Cpus                 :                 1         1 
	   Disk (KB)            :       50       35    468367 
	   Memory (MB)          :        0        0     20480 

	Job terminated of its own accord at 2025-01-24T10:33:31Z with exit-code 0.
...
