000 (274015.000.000) 2025-01-23 11:31:01 Job submitted from host: <192.168.0.102:9618?addrs=192.168.0.102-9618&alias=submitter&noUDP&sock=schedd_2032_5c88>
...
014 (274015.000.001) 2025-01-23 11:31:08 Node 1 executing on host: <192.168.0.139:9618?addrs=192.168.0.139-9618&alias=node139.di.rm1&noUDP&sock=startd_1966_1748>
...
014 (274015.000.003) 2025-01-23 11:31:09 Node 3 executing on host: <192.168.0.120:9618?addrs=192.168.0.120-9618&alias=node120.di.rm1&noUDP&sock=startd_2096_4298>
...
014 (274015.000.002) 2025-01-23 11:31:09 Node 2 executing on host: <192.168.0.124:9618?addrs=192.168.0.124-9618&alias=node124.di.rm1&noUDP&sock=startd_2143_7f8b>
...
014 (274015.000.000) 2025-01-23 11:31:09 Node 0 executing on host: <192.168.0.141:9618?addrs=192.168.0.141-9618&alias=node141.di.rm1&noUDP&sock=startd_2077_3a4b>
...
001 (274015.000.000) 2025-01-23 11:31:09 Job executing on host: MPI_job
...
008 (274015.000.000) 2025-01-23 11:31:12 Launching orted on Node 1 of 4
...
008 (274015.000.000) 2025-01-23 11:31:12 Launching orted on Node 3 of 4
...
008 (274015.000.000) 2025-01-23 11:31:12 Launching orted on Node 0 of 4
...
008 (274015.000.000) 2025-01-23 11:31:12 Launching orted on Node 2 of 4
...
008 (274015.000.000) 2025-01-23 11:31:42 Node 0 caught SIGTERM, cleaning up mpirun
...
004 (274015.000.000) 2025-01-23 11:31:42 Job was evicted.
	(0) CPU times
		Usr 0 00:00:37, Sys 0 00:00:00  -  Run Remote Usage
		Usr 0 00:00:00, Sys 0 00:00:00  -  Run Local Usage
	0  -  Run Bytes Sent By Job
	134556  -  Run Bytes Received By Job
	Partitionable Resources :    Usage  Request Allocated 
	   Cpus                 :                 1         1 
	   Disk (KB)            :     8560       35    459831 
	   Memory (MB)          :      220      271     40960 
...
009 (274015.000.000) 2025-01-23 11:31:42 Job was aborted.
	via condor_rm (by user calzona_2046920)
...
000 (278759.000.000) 2025-01-24 09:22:14 Job submitted from host: <192.168.0.102:9618?addrs=192.168.0.102-9618&alias=submitter&noUDP&sock=schedd_2032_5c88>
...
014 (278759.000.000) 2025-01-24 09:22:21 Node 0 executing on host: <192.168.0.147:9618?addrs=192.168.0.147-9618&alias=node147.di.rm1&noUDP&sock=startd_1513_5ee1>
...
014 (278759.000.001) 2025-01-24 09:22:22 Node 1 executing on host: <192.168.0.133:9618?addrs=192.168.0.133-9618&alias=node133.di.rm1&noUDP&sock=startd_1941_f16a>
...
014 (278759.000.003) 2025-01-24 09:22:22 Node 3 executing on host: <192.168.0.113:9618?addrs=192.168.0.113-9618&alias=node113.di.rm1&noUDP&sock=startd_3668932_c305>
...
014 (278759.000.002) 2025-01-24 09:22:22 Node 2 executing on host: <192.168.0.151:9618?addrs=192.168.0.151-9618&alias=node151.di.rm1&noUDP&sock=startd_1528_a8cd>
...
001 (278759.000.000) 2025-01-24 09:22:22 Job executing on host: MPI_job
...
008 (278759.000.000) 2025-01-24 09:22:24 Launching orted on Node 0 of 4
...
008 (278759.000.000) 2025-01-24 09:22:24 Launching orted on Node 1 of 4
...
008 (278759.000.000) 2025-01-24 09:22:24 Launching orted on Node 3 of 4
...
008 (278759.000.000) 2025-01-24 09:22:24 Launching orted on Node 2 of 4
...
008 (278759.000.000) 2025-01-24 09:23:35 orted exited on Node 3 of 4
...
008 (278759.000.000) 2025-01-24 09:23:35 orted exited on Node 1 of 4
...
008 (278759.000.000) 2025-01-24 09:23:35 orted exited on Node 2 of 4
...
008 (278759.000.000) 2025-01-24 09:23:35 orted exited on Node 0 of 4
...
015 (278759.000.000) 2025-01-24 09:23:35 Node 0 terminated.
	(1) Normal termination (return value 0)
		Usr 0 00:00:05, Sys 0 00:00:00  -  Run Remote Usage
		Usr 0 00:00:00, Sys 0 00:00:00  -  Run Local Usage
		Usr 0 00:00:05, Sys 0 00:00:00  -  Total Remote Usage
		Usr 0 00:00:00, Sys 0 00:00:00  -  Total Local Usage
	3263  -  Run Bytes Sent By Node
	33639  -  Run Bytes Received By Node
	3263  -  Total Bytes Sent By Node
	33639  -  Total Bytes Received By Node
...
005 (278759.000.000) 2025-01-24 09:23:35 Job terminated.
	(1) Normal termination (return value 0)
		Usr 0 00:03:37, Sys 0 00:00:01  -  Run Remote Usage
		Usr 0 00:00:00, Sys 0 00:00:00  -  Run Local Usage
		Usr 0 00:00:05, Sys 0 00:00:00  -  Total Remote Usage
		Usr 0 00:00:00, Sys 0 00:00:00  -  Total Local Usage
	3263  -  Run Bytes Sent By Job
	134556  -  Run Bytes Received By Job
	3263  -  Total Bytes Sent By Job
	134556  -  Total Bytes Received By Job
	Partitionable Resources :    Usage  Request Allocated 
	   Cpus                 :     0.94        1         1 
	   Disk (KB)            :    55          35    469805 
	   Memory (MB)          :   222         267     40960 

	Job terminated of its own accord at 2025-01-24T09:23:35Z with exit-code 0.
...
000 (287030.000.000) 2025-01-28 16:17:17 Job submitted from host: <192.168.0.102:9618?addrs=192.168.0.102-9618&alias=submitter&noUDP&sock=schedd_2032_5c88>
...
014 (287030.000.001) 2025-01-28 16:17:25 Node 1 executing on host: <192.168.0.145:9618?addrs=192.168.0.145-9618&alias=node145.di.rm1&noUDP&sock=startd_1869_8e98>
...
014 (287030.000.002) 2025-01-28 16:17:25 Node 2 executing on host: <192.168.0.130:9618?addrs=192.168.0.130-9618&alias=node130.di.rm1&noUDP&sock=startd_2751195_838e>
...
014 (287030.000.000) 2025-01-28 16:17:25 Node 0 executing on host: <192.168.0.115:9618?addrs=192.168.0.115-9618&alias=node115.di.rm1&noUDP&sock=startd_1101621_f4a0>
...
014 (287030.000.003) 2025-01-28 16:17:25 Node 3 executing on host: <192.168.0.106:9618?addrs=192.168.0.106-9618&alias=node106.di.rm1&noUDP&sock=startd_1970_d5a9>
...
001 (287030.000.000) 2025-01-28 16:17:25 Job executing on host: MPI_job
...
008 (287030.000.000) 2025-01-28 16:17:27 Launching orted on Node 1 of 4
...
008 (287030.000.000) 2025-01-28 16:17:27 Launching orted on Node 2 of 4
...
008 (287030.000.000) 2025-01-28 16:17:27 Launching orted on Node 3 of 4
...
008 (287030.000.000) 2025-01-28 16:17:27 Launching orted on Node 0 of 4
...
008 (287030.000.000) 2025-01-28 16:18:36 orted exited on Node 2 of 4
...
008 (287030.000.000) 2025-01-28 16:18:36 orted exited on Node 1 of 4
...
008 (287030.000.000) 2025-01-28 16:18:36 orted exited on Node 3 of 4
...
008 (287030.000.000) 2025-01-28 16:18:36 orted exited on Node 0 of 4
...
015 (287030.000.001) 2025-01-28 16:18:37 Node 1 terminated.
	(1) Normal termination (return value 0)
		Usr 0 00:01:09, Sys 0 00:00:00  -  Run Remote Usage
		Usr 0 00:00:00, Sys 0 00:00:00  -  Run Local Usage
		Usr 0 00:01:09, Sys 0 00:00:00  -  Total Remote Usage
		Usr 0 00:00:00, Sys 0 00:00:00  -  Total Local Usage
	2165  -  Run Bytes Sent By Node
	33591  -  Run Bytes Received By Node
	2165  -  Total Bytes Sent By Node
	33591  -  Total Bytes Received By Node
...
015 (287030.000.002) 2025-01-28 16:18:37 Node 2 terminated.
	(1) Normal termination (return value 0)
		Usr 0 00:01:08, Sys 0 00:00:00  -  Run Remote Usage
		Usr 0 00:00:00, Sys 0 00:00:00  -  Run Local Usage
		Usr 0 00:01:08, Sys 0 00:00:00  -  Total Remote Usage
		Usr 0 00:00:00, Sys 0 00:00:00  -  Total Local Usage
	2165  -  Run Bytes Sent By Node
	33591  -  Run Bytes Received By Node
	2165  -  Total Bytes Sent By Node
	33591  -  Total Bytes Received By Node
...
015 (287030.000.003) 2025-01-28 16:18:37 Node 3 terminated.
	(1) Normal termination (return value 0)
		Usr 0 00:01:08, Sys 0 00:00:00  -  Run Remote Usage
		Usr 0 00:00:00, Sys 0 00:00:00  -  Run Local Usage
		Usr 0 00:01:08, Sys 0 00:00:00  -  Total Remote Usage
		Usr 0 00:00:00, Sys 0 00:00:00  -  Total Local Usage
	2165  -  Run Bytes Sent By Node
	33591  -  Run Bytes Received By Node
	2165  -  Total Bytes Sent By Node
	33591  -  Total Bytes Received By Node
...
015 (287030.000.000) 2025-01-28 16:18:37 Node 0 terminated.
	(1) Normal termination (return value 0)
		Usr 0 00:00:00, Sys 0 00:00:01  -  Run Remote Usage
		Usr 0 00:00:00, Sys 0 00:00:00  -  Run Local Usage
		Usr 0 00:00:00, Sys 0 00:00:01  -  Total Remote Usage
		Usr 0 00:00:00, Sys 0 00:00:00  -  Total Local Usage
	3266  -  Run Bytes Sent By Node
	33591  -  Run Bytes Received By Node
	3266  -  Total Bytes Sent By Node
	33591  -  Total Bytes Received By Node
...
005 (287030.000.000) 2025-01-28 16:18:37 Job terminated.
	(1) Normal termination (return value 0)
		Usr 0 00:03:25, Sys 0 00:00:01  -  Run Remote Usage
		Usr 0 00:00:00, Sys 0 00:00:00  -  Run Local Usage
		Usr 0 00:00:00, Sys 0 00:00:01  -  Total Remote Usage
		Usr 0 00:00:00, Sys 0 00:00:00  -  Total Local Usage
	9761  -  Run Bytes Sent By Job
	134364  -  Run Bytes Received By Job
	9761  -  Total Bytes Sent By Job
	134364  -  Total Bytes Received By Job
	Partitionable Resources :    Usage  Request Allocated 
	   Cpus                 :                 1         2 
	   Disk (KB)            :       50       35 103010115 
	   Memory (MB)          :      220     5617    100096 

	Job terminated of its own accord at 2025-01-28T16:18:36Z with exit-code 0.
...
