000 (270831.000.000) 2025-01-22 00:18:39 Job submitted from host: <192.168.0.102:9618?addrs=192.168.0.102-9618&alias=submitter&noUDP&sock=schedd_2032_5c88>
...
001 (270831.000.000) 2025-01-22 00:19:01 Job executing on host: <192.168.0.110:9618?addrs=192.168.0.110-9618&alias=node110.di.rm1&noUDP&sock=startd_2185_4e86>
...
006 (270831.000.000) 2025-01-22 00:19:10 Image size of job updated: 436524
	427  -  MemoryUsage of job (MB)
	436524  -  ResidentSetSize of job (KB)
...
006 (270831.000.000) 2025-01-22 00:19:40 Image size of job updated: 1775928
	427  -  MemoryUsage of job (MB)
	436788  -  ResidentSetSize of job (KB)
...
004 (270831.000.000) 2025-01-22 00:19:40 Job was evicted.
	(0) CPU times
		Usr 0 00:00:37, Sys 0 00:00:00  -  Run Remote Usage
		Usr 0 00:00:00, Sys 0 00:00:00  -  Run Local Usage
	0  -  Run Bytes Sent By Job
	0  -  Run Bytes Received By Job
	Partitionable Resources :    Usage  Request Allocated 
	   Cpus                 :                 1         1 
	   Disk (KB)            :       27       27    468087 
	   Gpus (Average)       :                 0         0 
	   Memory (MB)          :      427        1       128 
...
009 (270831.000.000) 2025-01-22 00:19:40 Job was aborted.
	via condor_rm (by user calzona_2046920)
...
000 (276985.000.000) 2025-01-24 05:33:49 Job submitted from host: <192.168.0.102:9618?addrs=192.168.0.102-9618&alias=submitter&noUDP&sock=schedd_2032_5c88>
...
001 (276985.000.000) 2025-01-24 05:34:10 Job executing on host: <192.168.0.109:9618?addrs=192.168.0.109-9618&alias=node109.di.rm1&noUDP&sock=startd_1627_90ad>
...
006 (276985.000.000) 2025-01-24 05:34:18 Image size of job updated: 404744
	394  -  MemoryUsage of job (MB)
	403424  -  ResidentSetSize of job (KB)
...
006 (276985.000.000) 2025-01-24 05:35:51 Image size of job updated: 4891160
	395  -  MemoryUsage of job (MB)
	403556  -  ResidentSetSize of job (KB)
...
004 (276985.000.000) 2025-01-24 05:35:51 Job was evicted.
	(0) CPU times
		Usr 0 00:01:38, Sys 0 00:00:03  -  Run Remote Usage
		Usr 0 00:00:00, Sys 0 00:00:00  -  Run Local Usage
	0  -  Run Bytes Sent By Job
	0  -  Run Bytes Received By Job
	Partitionable Resources :    Usage  Request Allocated 
	   Cpus                 :        0        1         1 
	   Disk (KB)            :       27       27    468160 
	   Memory (MB)          :      395        1       128 
...
009 (276985.000.000) 2025-01-24 05:35:51 Job was aborted.
	via condor_rm (by user calzona_2046920)
...
