000 (281043.000.000) 2025-01-25 18:42:29 Job submitted from host: <192.168.0.102:9618?addrs=192.168.0.102-9618&alias=submitter&noUDP&sock=schedd_2032_5c88>
...
014 (281043.000.000) 2025-01-25 18:42:33 Node 0 executing on host: <192.168.0.145:9618?addrs=192.168.0.145-9618&alias=node145.di.rm1&noUDP&sock=startd_1869_8e98>
...
014 (281043.000.002) 2025-01-25 18:42:33 Node 2 executing on host: <192.168.0.130:9618?addrs=192.168.0.130-9618&alias=node130.di.rm1&noUDP&sock=startd_2751195_838e>
...
014 (281043.000.003) 2025-01-25 18:42:33 Node 3 executing on host: <192.168.0.106:9618?addrs=192.168.0.106-9618&alias=node106.di.rm1&noUDP&sock=startd_1970_d5a9>
...
014 (281043.000.001) 2025-01-25 18:42:33 Node 1 executing on host: <192.168.0.135:9618?addrs=192.168.0.135-9618&alias=node135.di.rm1&noUDP&sock=startd_2000_6980>
...
001 (281043.000.000) 2025-01-25 18:42:33 Job executing on host: MPI_job
...
008 (281043.000.000) 2025-01-25 18:42:35 Launching orted on Node 0 of 4
...
008 (281043.000.000) 2025-01-25 18:42:35 Launching orted on Node 2 of 4
...
008 (281043.000.000) 2025-01-25 18:42:35 Launching orted on Node 3 of 4
...
008 (281043.000.000) 2025-01-25 18:42:35 Launching orted on Node 1 of 4
...
008 (281043.000.000) 2025-01-25 18:42:38 orted exited on Node 2 of 4
...
008 (281043.000.000) 2025-01-25 18:42:38 orted exited on Node 1 of 4
...
008 (281043.000.000) 2025-01-25 18:42:38 orted exited on Node 3 of 4
...
008 (281043.000.000) 2025-01-25 18:42:38 orted exited on Node 0 of 4
...
015 (281043.000.002) 2025-01-25 18:42:38 Node 2 terminated.
	(1) Normal termination (return value 0)
		Usr 0 00:00:02, Sys 0 00:00:00  -  Run Remote Usage
		Usr 0 00:00:00, Sys 0 00:00:00  -  Run Local Usage
		Usr 0 00:00:02, Sys 0 00:00:00  -  Total Remote Usage
		Usr 0 00:00:00, Sys 0 00:00:00  -  Total Local Usage
	2165  -  Run Bytes Sent By Node
	33639  -  Run Bytes Received By Node
	2165  -  Total Bytes Sent By Node
	33639  -  Total Bytes Received By Node
...
015 (281043.000.000) 2025-01-25 18:42:38 Node 0 terminated.
	(1) Normal termination (return value 0)
		Usr 0 00:00:00, Sys 0 00:00:00  -  Run Remote Usage
		Usr 0 00:00:00, Sys 0 00:00:00  -  Run Local Usage
		Usr 0 00:00:00, Sys 0 00:00:00  -  Total Remote Usage
		Usr 0 00:00:00, Sys 0 00:00:00  -  Total Local Usage
	3262  -  Run Bytes Sent By Node
	33639  -  Run Bytes Received By Node
	3262  -  Total Bytes Sent By Node
	33639  -  Total Bytes Received By Node
...
005 (281043.000.000) 2025-01-25 18:42:38 Job terminated.
	(1) Normal termination (return value 0)
		Usr 0 00:00:07, Sys 0 00:00:01  -  Run Remote Usage
		Usr 0 00:00:00, Sys 0 00:00:00  -  Run Local Usage
		Usr 0 00:00:00, Sys 0 00:00:00  -  Total Remote Usage
		Usr 0 00:00:00, Sys 0 00:00:00  -  Total Local Usage
	5427  -  Run Bytes Sent By Job
	134556  -  Run Bytes Received By Job
	5427  -  Total Bytes Sent By Job
	134556  -  Total Bytes Received By Job
	Partitionable Resources :    Usage  Request Allocated 
	   Cpus                 :                 1         2 
	   Disk (KB)            :       49       35 102711052 
	   Memory (MB)          :        0        0    100096 

	Job terminated of its own accord at 2025-01-25T18:42:38Z with exit-code 0.
...
