000 (273953.000.000) 2025-01-23 11:28:31 Job submitted from host: <192.168.0.102:9618?addrs=192.168.0.102-9618&alias=submitter&noUDP&sock=schedd_2032_5c88>
...
014 (273953.000.001) 2025-01-23 11:28:39 Node 1 executing on host: <192.168.0.139:9618?addrs=192.168.0.139-9618&alias=node139.di.rm1&noUDP&sock=startd_1966_1748>
...
014 (273953.000.002) 2025-01-23 11:28:39 Node 2 executing on host: <192.168.0.113:9618?addrs=192.168.0.113-9618&alias=node113.di.rm1&noUDP&sock=startd_3668932_c305>
...
014 (273953.000.003) 2025-01-23 11:28:39 Node 3 executing on host: <192.168.0.124:9618?addrs=192.168.0.124-9618&alias=node124.di.rm1&noUDP&sock=startd_2143_7f8b>
...
014 (273953.000.000) 2025-01-23 11:28:39 Node 0 executing on host: <192.168.0.141:9618?addrs=192.168.0.141-9618&alias=node141.di.rm1&noUDP&sock=startd_2077_3a4b>
...
001 (273953.000.000) 2025-01-23 11:28:39 Job executing on host: MPI_job
...
008 (273953.000.000) 2025-01-23 11:28:41 Launching orted on Node 3 of 4
...
008 (273953.000.000) 2025-01-23 11:28:42 Launching orted on Node 0 of 4
...
008 (273953.000.000) 2025-01-23 11:28:42 Launching orted on Node 1 of 4
...
008 (273953.000.000) 2025-01-23 11:28:42 Launching orted on Node 2 of 4
...
008 (273953.000.000) 2025-01-23 11:28:51 orted exited on Node 2 of 4
...
008 (273953.000.000) 2025-01-23 11:28:51 orted exited on Node 0 of 4
...
008 (273953.000.000) 2025-01-23 11:28:51 orted exited on Node 3 of 4
...
008 (273953.000.000) 2025-01-23 11:28:51 orted exited on Node 1 of 4
...
015 (273953.000.001) 2025-01-23 11:28:51 Node 1 terminated.
	(1) Normal termination (return value 0)
		Usr 0 00:00:07, Sys 0 00:00:00  -  Run Remote Usage
		Usr 0 00:00:00, Sys 0 00:00:00  -  Run Local Usage
		Usr 0 00:00:07, Sys 0 00:00:00  -  Total Remote Usage
		Usr 0 00:00:00, Sys 0 00:00:00  -  Total Local Usage
	2165  -  Run Bytes Sent By Node
	33639  -  Run Bytes Received By Node
	2165  -  Total Bytes Sent By Node
	33639  -  Total Bytes Received By Node
...
015 (273953.000.002) 2025-01-23 11:28:51 Node 2 terminated.
	(1) Normal termination (return value 0)
		Usr 0 00:00:07, Sys 0 00:00:00  -  Run Remote Usage
		Usr 0 00:00:00, Sys 0 00:00:00  -  Run Local Usage
		Usr 0 00:00:07, Sys 0 00:00:00  -  Total Remote Usage
		Usr 0 00:00:00, Sys 0 00:00:00  -  Total Local Usage
	2187  -  Run Bytes Sent By Node
	33639  -  Run Bytes Received By Node
	2187  -  Total Bytes Sent By Node
	33639  -  Total Bytes Received By Node
...
015 (273953.000.003) 2025-01-23 11:28:51 Node 3 terminated.
	(1) Normal termination (return value 0)
		Usr 0 00:00:08, Sys 0 00:00:00  -  Run Remote Usage
		Usr 0 00:00:00, Sys 0 00:00:00  -  Run Local Usage
		Usr 0 00:00:08, Sys 0 00:00:00  -  Total Remote Usage
		Usr 0 00:00:00, Sys 0 00:00:00  -  Total Local Usage
	2187  -  Run Bytes Sent By Node
	33639  -  Run Bytes Received By Node
	2187  -  Total Bytes Sent By Node
	33639  -  Total Bytes Received By Node
...
015 (273953.000.000) 2025-01-23 11:28:51 Node 0 terminated.
	(1) Normal termination (return value 0)
		Usr 0 00:00:05, Sys 0 00:00:00  -  Run Remote Usage
		Usr 0 00:00:00, Sys 0 00:00:00  -  Run Local Usage
		Usr 0 00:00:05, Sys 0 00:00:00  -  Total Remote Usage
		Usr 0 00:00:00, Sys 0 00:00:00  -  Total Local Usage
	3263  -  Run Bytes Sent By Node
	33639  -  Run Bytes Received By Node
	3263  -  Total Bytes Sent By Node
	33639  -  Total Bytes Received By Node
...
005 (273953.000.000) 2025-01-23 11:28:51 Job terminated.
	(1) Normal termination (return value 0)
		Usr 0 00:00:27, Sys 0 00:00:00  -  Run Remote Usage
		Usr 0 00:00:00, Sys 0 00:00:00  -  Run Local Usage
		Usr 0 00:00:05, Sys 0 00:00:00  -  Total Remote Usage
		Usr 0 00:00:00, Sys 0 00:00:00  -  Total Local Usage
	9802  -  Run Bytes Sent By Job
	134556  -  Run Bytes Received By Job
	9802  -  Total Bytes Sent By Job
	134556  -  Total Bytes Received By Job
	Partitionable Resources :    Usage  Request Allocated 
	   Cpus                 :                 1         1 
	   Disk (KB)            :       49       35    459831 
	   Memory (MB)          :      275        0     40960 

	Job terminated of its own accord at 2025-01-23T11:28:51Z with exit-code 0.
...
000 (278699.000.000) 2025-01-24 09:18:29 Job submitted from host: <192.168.0.102:9618?addrs=192.168.0.102-9618&alias=submitter&noUDP&sock=schedd_2032_5c88>
...
014 (278699.000.000) 2025-01-24 09:18:48 Node 0 executing on host: <192.168.0.109:9618?addrs=192.168.0.109-9618&alias=node109.di.rm1&noUDP&sock=startd_1627_90ad>
...
014 (278699.000.002) 2025-01-24 09:18:48 Node 2 executing on host: <192.168.0.124:9618?addrs=192.168.0.124-9618&alias=node124.di.rm1&noUDP&sock=startd_2143_7f8b>
...
014 (278699.000.001) 2025-01-24 09:18:48 Node 1 executing on host: <192.168.0.149:9618?addrs=192.168.0.149-9618&alias=node149.di.rm1&noUDP&sock=startd_1551_6f7a>
...
014 (278699.000.003) 2025-01-24 09:18:48 Node 3 executing on host: <192.168.0.104:9618?addrs=192.168.0.104-9618&alias=node104.di.rm1&noUDP&sock=startd_1987_7ec5>
...
001 (278699.000.000) 2025-01-24 09:18:48 Job executing on host: MPI_job
...
008 (278699.000.000) 2025-01-24 09:18:50 Launching orted on Node 0 of 4
...
008 (278699.000.000) 2025-01-24 09:18:50 Launching orted on Node 2 of 4
...
008 (278699.000.000) 2025-01-24 09:18:50 Launching orted on Node 1 of 4
...
008 (278699.000.000) 2025-01-24 09:18:50 Launching orted on Node 3 of 4
...
008 (278699.000.000) 2025-01-24 09:18:59 orted exited on Node 3 of 4
...
008 (278699.000.000) 2025-01-24 09:18:59 orted exited on Node 1 of 4
...
008 (278699.000.000) 2025-01-24 09:18:59 orted exited on Node 0 of 4
...
008 (278699.000.000) 2025-01-24 09:18:59 orted exited on Node 2 of 4
...
015 (278699.000.000) 2025-01-24 09:18:59 Node 0 terminated.
	(1) Normal termination (return value 0)
		Usr 0 00:00:05, Sys 0 00:00:01  -  Run Remote Usage
		Usr 0 00:00:00, Sys 0 00:00:00  -  Run Local Usage
		Usr 0 00:00:05, Sys 0 00:00:01  -  Total Remote Usage
		Usr 0 00:00:00, Sys 0 00:00:00  -  Total Local Usage
	3257  -  Run Bytes Sent By Node
	33639  -  Run Bytes Received By Node
	3257  -  Total Bytes Sent By Node
	33639  -  Total Bytes Received By Node
...
005 (278699.000.000) 2025-01-24 09:18:59 Job terminated.
	(1) Normal termination (return value 0)
		Usr 0 00:00:28, Sys 0 00:00:01  -  Run Remote Usage
		Usr 0 00:00:00, Sys 0 00:00:00  -  Run Local Usage
		Usr 0 00:00:05, Sys 0 00:00:01  -  Total Remote Usage
		Usr 0 00:00:00, Sys 0 00:00:00  -  Total Local Usage
	3257  -  Run Bytes Sent By Job
	134556  -  Run Bytes Received By Job
	3257  -  Total Bytes Sent By Job
	134556  -  Total Bytes Received By Job
	Partitionable Resources :    Usage  Request Allocated 
	   Cpus                 :                 1         1 
	   Disk (KB)            :       49       35    468160 
	   Memory (MB)          :      267      265     40960 

	Job terminated of its own accord at 2025-01-24T09:18:59Z with exit-code 0.
...
