000 (269650.000.000) 2025-01-21 22:54:44 Job submitted from host: <192.168.0.102:9618?addrs=192.168.0.102-9618&alias=submitter&noUDP&sock=schedd_2032_5c88>
...
001 (269650.000.000) 2025-01-21 22:54:48 Job executing on host: <192.168.0.151:9618?addrs=192.168.0.151-9618&alias=node151.di.rm1&noUDP&sock=startd_1528_a8cd>
...
006 (269650.000.000) 2025-01-21 22:54:57 Image size of job updated: 1275456
	490  -  MemoryUsage of job (MB)
	501328  -  ResidentSetSize of job (KB)
...
006 (269650.000.000) 2025-01-21 22:55:47 Image size of job updated: 3623604
	491  -  MemoryUsage of job (MB)
	501988  -  ResidentSetSize of job (KB)
...
004 (269650.000.000) 2025-01-21 22:55:47 Job was evicted.
	(0) CPU times
		Usr 0 00:00:56, Sys 0 00:00:01  -  Run Remote Usage
		Usr 0 00:00:00, Sys 0 00:00:00  -  Run Local Usage
	0  -  Run Bytes Sent By Job
	0  -  Run Bytes Received By Job
	Partitionable Resources :    Usage  Request Allocated 
	   Cpus                 :                 1         1 
	   Disk (KB)            :       27       27    474791 
	   Memory (MB)          :      491        1       128 
...
009 (269650.000.000) 2025-01-21 22:55:47 Job was aborted.
	via condor_rm (by user calzona_2046920)
...
