000 (271022.000.000) 2025-01-22 00:34:32 Job submitted from host: <192.168.0.102:9618?addrs=192.168.0.102-9618&alias=submitter&noUDP&sock=schedd_2032_5c88>
...
001 (271022.000.000) 2025-01-22 00:34:52 Job executing on host: <192.168.0.120:9618?addrs=192.168.0.120-9618&alias=node120.di.rm1&noUDP&sock=startd_2096_4298>
...
006 (271022.000.000) 2025-01-22 00:35:01 Image size of job updated: 273772
	268  -  MemoryUsage of job (MB)
	273772  -  ResidentSetSize of job (KB)
...
006 (271022.000.000) 2025-01-22 00:35:33 Image size of job updated: 323760
	268  -  MemoryUsage of job (MB)
	273904  -  ResidentSetSize of job (KB)
...
004 (271022.000.000) 2025-01-22 00:35:33 Job was evicted.
	(0) CPU times
		Usr 0 00:04:52, Sys 0 00:00:00  -  Run Remote Usage
		Usr 0 00:00:00, Sys 0 00:00:00  -  Run Local Usage
	0  -  Run Bytes Sent By Job
	0  -  Run Bytes Received By Job
	Partitionable Resources :    Usage  Request Allocated 
	   Cpus                 :                 1         1 
	   Disk (KB)            :       27       27    459052 
	   Gpus (Average)       :                 0         0 
	   Memory (MB)          :      268        1       128 
...
009 (271022.000.000) 2025-01-22 00:35:33 Job was aborted.
	via condor_rm (by user calzona_2046920)
...
000 (277176.000.000) 2025-01-24 05:58:24 Job submitted from host: <192.168.0.102:9618?addrs=192.168.0.102-9618&alias=submitter&noUDP&sock=schedd_2032_5c88>
...
001 (277176.000.000) 2025-01-24 05:58:25 Job executing on host: <192.168.0.151:9618?addrs=192.168.0.151-9618&alias=node151.di.rm1&noUDP&sock=startd_1528_a8cd>
...
006 (277176.000.000) 2025-01-24 05:58:34 Image size of job updated: 274632
	269  -  MemoryUsage of job (MB)
	274632  -  ResidentSetSize of job (KB)
...
006 (277176.000.000) 2025-01-24 06:00:25 Image size of job updated: 323760
	269  -  MemoryUsage of job (MB)
	274632  -  ResidentSetSize of job (KB)
...
004 (277176.000.000) 2025-01-24 06:00:25 Job was evicted.
	(0) CPU times
		Usr 0 00:15:07, Sys 0 00:00:00  -  Run Remote Usage
		Usr 0 00:00:00, Sys 0 00:00:00  -  Run Local Usage
	0  -  Run Bytes Sent By Job
	0  -  Run Bytes Received By Job
	Partitionable Resources :    Usage  Request Allocated 
	   Cpus                 :                 1         1 
	   Disk (KB)            :       27       27    474791 
	   Memory (MB)          :      269        1       128 
...
009 (277176.000.000) 2025-01-24 06:00:25 Job was aborted.
	via condor_rm (by user calzona_2046920)
...
