000 (265263.000.000) 2025-01-17 11:21:49 Job submitted from host: <192.168.0.102:9618?addrs=192.168.0.102-9618&alias=submitter&noUDP&sock=schedd_2032_5c88>
...
001 (265263.000.000) 2025-01-17 11:21:54 Job executing on host: <192.168.0.141:9618?addrs=192.168.0.141-9618&alias=node141.di.rm1&noUDP&sock=startd_2077_3a4b>
...
006 (265263.000.000) 2025-01-17 11:22:03 Image size of job updated: 286308
	280  -  MemoryUsage of job (MB)
	286308  -  ResidentSetSize of job (KB)
...
006 (265263.000.000) 2025-01-17 11:27:03 Image size of job updated: 11539044
	11269  -  MemoryUsage of job (MB)
	11539044  -  ResidentSetSize of job (KB)
...
006 (265263.000.000) 2025-01-17 11:32:04 Image size of job updated: 23014512
	22476  -  MemoryUsage of job (MB)
	23014512  -  ResidentSetSize of job (KB)
...
006 (265263.000.000) 2025-01-17 11:33:19 Image size of job updated: 25679984
	22476  -  MemoryUsage of job (MB)
	23014644  -  ResidentSetSize of job (KB)
...
004 (265263.000.000) 2025-01-17 11:33:19 Job was evicted.
	(0) CPU times
		Usr 0 00:10:49, Sys 0 00:00:17  -  Run Remote Usage
		Usr 0 00:00:00, Sys 0 00:00:00  -  Run Local Usage
	0  -  Run Bytes Sent By Job
	0  -  Run Bytes Received By Job
	Partitionable Resources :    Usage  Request Allocated 
	   Cpus                 :     0.99        1         1 
	   Disk (KB)            :    27          27    459831 
	   Memory (MB)          : 22476           1       128 
...
009 (265263.000.000) 2025-01-17 11:33:19 Job was aborted.
	via condor_rm (by user calzona_2046920)
...
