000 (273488.000.000) 2025-01-23 11:03:46 Job submitted from host: <192.168.0.102:9618?addrs=192.168.0.102-9618&alias=submitter&noUDP&sock=schedd_2032_5c88>
...
014 (273488.000.000) 2025-01-23 11:03:53 Node 0 executing on host: <192.168.0.120:9618?addrs=192.168.0.120-9618&alias=node120.di.rm1&noUDP&sock=startd_2096_4298>
...
014 (273488.000.001) 2025-01-23 11:03:54 Node 1 executing on host: <192.168.0.143:9618?addrs=192.168.0.143-9618&alias=node143.di.rm1&noUDP&sock=startd_2061_40c7>
...
001 (273488.000.000) 2025-01-23 11:03:54 Job executing on host: MPI_job
...
008 (273488.000.000) 2025-01-23 11:03:56 Launching orted on Node 0 of 2
...
008 (273488.000.000) 2025-01-23 11:03:56 Launching orted on Node 1 of 2
...
008 (273488.000.000) 2025-01-23 11:04:01 orted exited on Node 0 of 2
...
008 (273488.000.000) 2025-01-23 11:04:01 orted exited on Node 1 of 2
...
015 (273488.000.000) 2025-01-23 11:04:01 Node 0 terminated.
	(1) Normal termination (return value 0)
		Usr 0 00:00:05, Sys 0 00:00:00  -  Run Remote Usage
		Usr 0 00:00:00, Sys 0 00:00:00  -  Run Local Usage
		Usr 0 00:00:05, Sys 0 00:00:00  -  Total Remote Usage
		Usr 0 00:00:00, Sys 0 00:00:00  -  Total Local Usage
	3297  -  Run Bytes Sent By Node
	33639  -  Run Bytes Received By Node
	3297  -  Total Bytes Sent By Node
	33639  -  Total Bytes Received By Node
...
005 (273488.000.000) 2025-01-23 11:04:01 Job terminated.
	(1) Normal termination (return value 0)
		Usr 0 00:00:09, Sys 0 00:00:00  -  Run Remote Usage
		Usr 0 00:00:00, Sys 0 00:00:00  -  Run Local Usage
		Usr 0 00:00:05, Sys 0 00:00:00  -  Total Remote Usage
		Usr 0 00:00:00, Sys 0 00:00:00  -  Total Local Usage
	3297  -  Run Bytes Sent By Job
	67278  -  Run Bytes Received By Job
	3297  -  Total Bytes Sent By Job
	67278  -  Total Bytes Received By Job
	Partitionable Resources :    Usage  Request Allocated 
	   Cpus                 :                 1         1 
	   Disk (KB)            :       50       35  21575424 
	   GPUs                 :                           1 
	   Memory (MB)          :        0      285     20480 

	Job terminated of its own accord at 2025-01-23T11:04:01Z with exit-code 0.
...
000 (278251.000.000) 2025-01-24 08:14:40 Job submitted from host: <192.168.0.102:9618?addrs=192.168.0.102-9618&alias=submitter&noUDP&sock=schedd_2032_5c88>
...
014 (278251.000.000) 2025-01-24 08:14:48 Node 0 executing on host: <192.168.0.147:9618?addrs=192.168.0.147-9618&alias=node147.di.rm1&noUDP&sock=startd_1513_5ee1>
...
014 (278251.000.001) 2025-01-24 08:14:48 Node 1 executing on host: <192.168.0.148:9618?addrs=192.168.0.148-9618&alias=node148.di.rm1&noUDP&sock=startd_1547_b119>
...
001 (278251.000.000) 2025-01-24 08:14:48 Job executing on host: MPI_job
...
008 (278251.000.000) 2025-01-24 08:14:50 Launching orted on Node 0 of 2
...
008 (278251.000.000) 2025-01-24 08:14:50 Launching orted on Node 1 of 2
...
008 (278251.000.000) 2025-01-24 08:14:55 orted exited on Node 1 of 2
...
008 (278251.000.000) 2025-01-24 08:14:55 orted exited on Node 0 of 2
...
015 (278251.000.000) 2025-01-24 08:14:55 Node 0 terminated.
	(1) Normal termination (return value 0)
		Usr 0 00:00:00, Sys 0 00:00:00  -  Run Remote Usage
		Usr 0 00:00:00, Sys 0 00:00:00  -  Run Local Usage
		Usr 0 00:00:00, Sys 0 00:00:00  -  Total Remote Usage
		Usr 0 00:00:00, Sys 0 00:00:00  -  Total Local Usage
	3253  -  Run Bytes Sent By Node
	33639  -  Run Bytes Received By Node
	3253  -  Total Bytes Sent By Node
	33639  -  Total Bytes Received By Node
...
005 (278251.000.000) 2025-01-24 08:14:55 Job terminated.
	(1) Normal termination (return value 0)
		Usr 0 00:00:05, Sys 0 00:00:00  -  Run Remote Usage
		Usr 0 00:00:00, Sys 0 00:00:00  -  Run Local Usage
		Usr 0 00:00:00, Sys 0 00:00:00  -  Total Remote Usage
		Usr 0 00:00:00, Sys 0 00:00:00  -  Total Local Usage
	3253  -  Run Bytes Sent By Job
	67278  -  Run Bytes Received By Job
	3253  -  Total Bytes Sent By Job
	67278  -  Total Bytes Received By Job
	Partitionable Resources :    Usage  Request Allocated 
	   Cpus                 :                 1         1 
	   Disk (KB)            :       49       35    469805 
	   Memory (MB)          :        0      288     40960 

	Job terminated of its own accord at 2025-01-24T08:14:55Z with exit-code 0.
...
