000 (268624.000.000) 2025-01-21 21:56:36 Job submitted from host: <192.168.0.102:9618?addrs=192.168.0.102-9618&alias=submitter&noUDP&sock=schedd_2032_5c88>
...
001 (268624.000.000) 2025-01-21 21:56:51 Job executing on host: <192.168.0.147:9618?addrs=192.168.0.147-9618&alias=node147.di.rm1&noUDP&sock=startd_1513_5ee1>
...
006 (268624.000.000) 2025-01-21 21:57:00 Image size of job updated: 830940
	812  -  MemoryUsage of job (MB)
	830940  -  ResidentSetSize of job (KB)
...
006 (268624.000.000) 2025-01-21 21:57:32 Image size of job updated: 2181072
	814  -  MemoryUsage of job (MB)
	833052  -  ResidentSetSize of job (KB)
...
004 (268624.000.000) 2025-01-21 21:57:32 Job was evicted.
	(0) CPU times
		Usr 0 00:00:39, Sys 0 00:00:01  -  Run Remote Usage
		Usr 0 00:00:00, Sys 0 00:00:00  -  Run Local Usage
	0  -  Run Bytes Sent By Job
	0  -  Run Bytes Received By Job
	Partitionable Resources :    Usage  Request Allocated 
	   Cpus                 :                 1         1 
	   Disk (KB)            :       27       27    469805 
	   Memory (MB)          :      814        1       128 
...
009 (268624.000.000) 2025-01-21 21:57:33 Job was aborted.
	via condor_rm (by user calzona_2046920)
...
000 (268775.000.000) 2025-01-21 22:04:14 Job submitted from host: <192.168.0.102:9618?addrs=192.168.0.102-9618&alias=submitter&noUDP&sock=schedd_2032_5c88>
...
001 (268775.000.000) 2025-01-21 22:04:19 Job executing on host: <192.168.0.108:9618?addrs=192.168.0.108-9618&alias=node108.di.rm1&noUDP&sock=startd_1979_0203>
...
006 (268775.000.000) 2025-01-21 22:04:28 Image size of job updated: 842952
	824  -  MemoryUsage of job (MB)
	842952  -  ResidentSetSize of job (KB)
...
006 (268775.000.000) 2025-01-21 22:04:49 Image size of job updated: 2181072
	825  -  MemoryUsage of job (MB)
	843876  -  ResidentSetSize of job (KB)
...
004 (268775.000.000) 2025-01-21 22:04:49 Job was evicted.
	(0) CPU times
		Usr 0 00:00:29, Sys 0 00:00:00  -  Run Remote Usage
		Usr 0 00:00:00, Sys 0 00:00:00  -  Run Local Usage
	0  -  Run Bytes Sent By Job
	0  -  Run Bytes Received By Job
	Partitionable Resources :    Usage  Request Allocated 
	   Cpus                 :        0        1         1 
	   Disk (KB)            :       27       27    474134 
	   Memory (MB)          :      825        1       128 
...
009 (268775.000.000) 2025-01-21 22:04:49 Job was aborted.
	via condor_rm (by user calzona_2046920)
...
000 (275168.000.000) 2025-01-24 01:51:09 Job submitted from host: <192.168.0.102:9618?addrs=192.168.0.102-9618&alias=submitter&noUDP&sock=schedd_2032_5c88>
...
001 (275168.000.000) 2025-01-24 01:51:28 Job executing on host: <192.168.0.147:9618?addrs=192.168.0.147-9618&alias=node147.di.rm1&noUDP&sock=startd_1513_5ee1>
...
006 (275168.000.000) 2025-01-24 01:51:37 Image size of job updated: 846516
	827  -  MemoryUsage of job (MB)
	846516  -  ResidentSetSize of job (KB)
...
006 (275168.000.000) 2025-01-24 01:53:10 Image size of job updated: 2181072
	828  -  MemoryUsage of job (MB)
	847704  -  ResidentSetSize of job (KB)
...
004 (275168.000.000) 2025-01-24 01:53:10 Job was evicted.
	(0) CPU times
		Usr 0 00:01:40, Sys 0 00:00:00  -  Run Remote Usage
		Usr 0 00:00:00, Sys 0 00:00:00  -  Run Local Usage
	0  -  Run Bytes Sent By Job
	0  -  Run Bytes Received By Job
	Partitionable Resources :    Usage  Request Allocated 
	   Cpus                 :     1.00        1         1 
	   Disk (KB)            :    27          27    469805 
	   Memory (MB)          :   828           1       128 
...
009 (275168.000.000) 2025-01-24 01:53:11 Job was aborted.
	via condor_rm (by user calzona_2046920)
...
