000 (296121.000.000) 2025-01-31 03:43:32 Job submitted from host: <192.168.0.102:9618?addrs=192.168.0.102-9618&alias=submitter&noUDP&sock=schedd_4045053_7bc0>
...
014 (296121.000.001) 2025-01-31 03:43:40 Node 1 executing on host: <192.168.0.140:9618?addrs=192.168.0.140-9618&alias=node140.di.rm1&noUDP&sock=startd_1890_f615>
...
014 (296121.000.000) 2025-01-31 03:43:40 Node 0 executing on host: <192.168.0.110:9618?addrs=192.168.0.110-9618&alias=node110.di.rm1&noUDP&sock=startd_2154_0b16>
...
014 (296121.000.002) 2025-01-31 03:43:40 Node 2 executing on host: <192.168.0.116:9618?addrs=192.168.0.116-9618&alias=node116.di.rm1&noUDP&sock=startd_1847_7783>
...
014 (296121.000.004) 2025-01-31 03:43:40 Node 4 executing on host: <192.168.0.106:9618?addrs=192.168.0.106-9618&alias=node106.di.rm1&noUDP&sock=startd_1970_d5a9>
...
014 (296121.000.005) 2025-01-31 03:43:40 Node 5 executing on host: <192.168.0.146:9618?addrs=192.168.0.146-9618&alias=node146.di.rm1&noUDP&sock=startd_1984_6ffc>
...
014 (296121.000.003) 2025-01-31 03:43:40 Node 3 executing on host: <192.168.0.120:9618?addrs=192.168.0.120-9618&alias=node120.di.rm1&noUDP&sock=startd_2096_4298>
...
014 (296121.000.006) 2025-01-31 03:43:40 Node 6 executing on host: <192.168.0.111:9618?addrs=192.168.0.111-9618&alias=node111.di.rm1&noUDP&sock=startd_2044_97ab>
...
014 (296121.000.007) 2025-01-31 03:43:40 Node 7 executing on host: <192.168.0.121:9618?addrs=192.168.0.121-9618&alias=node121.di.rm1&noUDP&sock=startd_2146_8e54>
...
001 (296121.000.000) 2025-01-31 03:43:40 Job executing on host: MPI_job
...
008 (296121.000.000) 2025-01-31 03:43:42 Launching orted on Node 0 of 8
...
008 (296121.000.000) 2025-01-31 03:43:42 Launching orted on Node 4 of 8
...
008 (296121.000.000) 2025-01-31 03:43:42 Launching orted on Node 5 of 8
...
008 (296121.000.000) 2025-01-31 03:43:42 Launching orted on Node 1 of 8
...
008 (296121.000.000) 2025-01-31 03:43:42 Launching orted on Node 2 of 8
...
008 (296121.000.000) 2025-01-31 03:43:42 Launching orted on Node 6 of 8
...
008 (296121.000.000) 2025-01-31 03:43:42 Launching orted on Node 3 of 8
...
008 (296121.000.000) 2025-01-31 03:43:42 Launching orted on Node 7 of 8
...
008 (296121.000.000) 2025-01-31 03:43:55 orted exited on Node 2 of 8
...
008 (296121.000.000) 2025-01-31 03:43:55 orted exited on Node 0 of 8
...
008 (296121.000.000) 2025-01-31 03:43:55 orted exited on Node 1 of 8
...
008 (296121.000.000) 2025-01-31 03:43:55 orted exited on Node 4 of 8
...
008 (296121.000.000) 2025-01-31 03:43:55 orted exited on Node 7 of 8
...
008 (296121.000.000) 2025-01-31 03:43:55 orted exited on Node 5 of 8
...
008 (296121.000.000) 2025-01-31 03:43:55 orted exited on Node 6 of 8
...
008 (296121.000.000) 2025-01-31 03:43:55 orted exited on Node 3 of 8
...
015 (296121.000.000) 2025-01-31 03:43:55 Node 0 terminated.
	(1) Normal termination (return value 0)
		Usr 0 00:00:05, Sys 0 00:00:00  -  Run Remote Usage
		Usr 0 00:00:00, Sys 0 00:00:00  -  Run Local Usage
		Usr 0 00:00:05, Sys 0 00:00:00  -  Total Remote Usage
		Usr 0 00:00:00, Sys 0 00:00:00  -  Total Local Usage
	3476  -  Run Bytes Sent By Node
	33831  -  Run Bytes Received By Node
	3476  -  Total Bytes Sent By Node
	33831  -  Total Bytes Received By Node
...
015 (296121.000.004) 2025-01-31 03:43:55 Node 4 terminated.
	(1) Normal termination (return value 0)
		Usr 0 00:00:11, Sys 0 00:00:01  -  Run Remote Usage
		Usr 0 00:00:00, Sys 0 00:00:00  -  Run Local Usage
		Usr 0 00:00:11, Sys 0 00:00:01  -  Total Remote Usage
		Usr 0 00:00:00, Sys 0 00:00:00  -  Total Local Usage
	2333  -  Run Bytes Sent By Node
	33831  -  Run Bytes Received By Node
	2333  -  Total Bytes Sent By Node
	33831  -  Total Bytes Received By Node
...
005 (296121.000.000) 2025-01-31 03:43:55 Job terminated.
	(1) Normal termination (return value 0)
		Usr 0 00:01:27, Sys 0 00:00:04  -  Run Remote Usage
		Usr 0 00:00:00, Sys 0 00:00:00  -  Run Local Usage
		Usr 0 00:00:05, Sys 0 00:00:00  -  Total Remote Usage
		Usr 0 00:00:00, Sys 0 00:00:00  -  Total Local Usage
	5809  -  Run Bytes Sent By Job
	270648  -  Run Bytes Received By Job
	5809  -  Total Bytes Sent By Job
	270648  -  Total Bytes Received By Job
	Partitionable Resources :    Usage  Request Allocated 
	   Cpus                 :                 1         2 
	   Disk (KB)            :       52       35 102976546 
	   GPUs                 :                           0 
	   Memory (MB)          :      293        0    100096 

	Job terminated of its own accord at 2025-01-31T03:43:55Z with exit-code 0.
...
