000 (269840.000.000) 2025-01-21 23:10:58 Job submitted from host: <192.168.0.102:9618?addrs=192.168.0.102-9618&alias=submitter&noUDP&sock=schedd_2032_5c88>
...
001 (269840.000.000) 2025-01-21 23:11:02 Job executing on host: <192.168.0.151:9618?addrs=192.168.0.151-9618&alias=node151.di.rm1&noUDP&sock=startd_1528_a8cd>
...
006 (269840.000.000) 2025-01-21 23:11:11 Image size of job updated: 431508
	422  -  MemoryUsage of job (MB)
	431508  -  ResidentSetSize of job (KB)
...
006 (269840.000.000) 2025-01-21 23:12:01 Image size of job updated: 2465100
	422  -  MemoryUsage of job (MB)
	431640  -  ResidentSetSize of job (KB)
...
004 (269840.000.000) 2025-01-21 23:12:01 Job was evicted.
	(0) CPU times
		Usr 0 00:00:55, Sys 0 00:00:01  -  Run Remote Usage
		Usr 0 00:00:00, Sys 0 00:00:00  -  Run Local Usage
	0  -  Run Bytes Sent By Job
	0  -  Run Bytes Received By Job
	Partitionable Resources :    Usage  Request Allocated 
	   Cpus                 :                 1         1 
	   Disk (KB)            :       27       27    474791 
	   Memory (MB)          :      422        1       128 
...
009 (269840.000.000) 2025-01-21 23:12:02 Job was aborted.
	via condor_rm (by user calzona_2046920)
...
000 (275998.000.000) 2025-01-24 03:44:58 Job submitted from host: <192.168.0.102:9618?addrs=192.168.0.102-9618&alias=submitter&noUDP&sock=schedd_2032_5c88>
...
001 (275998.000.000) 2025-01-24 03:44:59 Job executing on host: <192.168.0.148:9618?addrs=192.168.0.148-9618&alias=node148.di.rm1&noUDP&sock=startd_1547_b119>
...
006 (275998.000.000) 2025-01-24 03:45:07 Image size of job updated: 393624
	385  -  MemoryUsage of job (MB)
	393624  -  ResidentSetSize of job (KB)
...
006 (275998.000.000) 2025-01-24 03:47:00 Image size of job updated: 5791104
	385  -  MemoryUsage of job (MB)
	393624  -  ResidentSetSize of job (KB)
...
004 (275998.000.000) 2025-01-24 03:47:00 Job was evicted.
	(0) CPU times
		Usr 0 00:01:58, Sys 0 00:00:02  -  Run Remote Usage
		Usr 0 00:00:00, Sys 0 00:00:00  -  Run Local Usage
	0  -  Run Bytes Sent By Job
	0  -  Run Bytes Received By Job
	Partitionable Resources :    Usage  Request Allocated 
	   Cpus                 :     1.00        1         1 
	   Disk (KB)            :    27          27    467548 
	   Memory (MB)          :   385           1       128 
...
009 (275998.000.000) 2025-01-24 03:47:00 Job was aborted.
	via condor_rm (by user calzona_2046920)
...
