000 (273307.000.000) 2025-01-23 10:53:00 Job submitted from host: <192.168.0.102:9618?addrs=192.168.0.102-9618&alias=submitter&noUDP&sock=schedd_2032_5c88>
...
014 (273307.000.001) 2025-01-23 10:53:08 Node 1 executing on host: <192.168.0.142:9618?addrs=192.168.0.142-9618&alias=node142.di.rm1&noUDP&sock=startd_1996_ab1f>
...
014 (273307.000.000) 2025-01-23 10:53:08 Node 0 executing on host: <192.168.0.112:9618?addrs=192.168.0.112-9618&alias=node112.di.rm1&noUDP&sock=startd_2169_5502>
...
001 (273307.000.000) 2025-01-23 10:53:08 Job executing on host: MPI_job
...
008 (273307.000.000) 2025-01-23 10:53:10 Launching orted on Node 1 of 2
...
008 (273307.000.000) 2025-01-23 10:53:11 Launching orted on Node 0 of 2
...
008 (273307.000.000) 2025-01-23 10:53:11 orted exited on Node 0 of 2
...
008 (273307.000.000) 2025-01-23 10:53:11 orted exited on Node 1 of 2
...
015 (273307.000.001) 2025-01-23 10:53:11 Node 1 terminated.
	(1) Normal termination (return value 0)
		Usr 0 00:00:00, Sys 0 00:00:00  -  Run Remote Usage
		Usr 0 00:00:00, Sys 0 00:00:00  -  Run Local Usage
		Usr 0 00:00:00, Sys 0 00:00:00  -  Total Remote Usage
		Usr 0 00:00:00, Sys 0 00:00:00  -  Total Local Usage
	2165  -  Run Bytes Sent By Node
	33639  -  Run Bytes Received By Node
	2165  -  Total Bytes Sent By Node
	33639  -  Total Bytes Received By Node
...
015 (273307.000.000) 2025-01-23 10:53:12 Node 0 terminated.
	(1) Normal termination (return value 0)
		Usr 0 00:00:00, Sys 0 00:00:00  -  Run Remote Usage
		Usr 0 00:00:00, Sys 0 00:00:00  -  Run Local Usage
		Usr 0 00:00:00, Sys 0 00:00:00  -  Total Remote Usage
		Usr 0 00:00:00, Sys 0 00:00:00  -  Total Local Usage
	3662  -  Run Bytes Sent By Node
	33639  -  Run Bytes Received By Node
	3662  -  Total Bytes Sent By Node
	33639  -  Total Bytes Received By Node
...
005 (273307.000.000) 2025-01-23 10:53:12 Job terminated.
	(1) Normal termination (return value 0)
		Usr 0 00:00:00, Sys 0 00:00:00  -  Run Remote Usage
		Usr 0 00:00:00, Sys 0 00:00:00  -  Run Local Usage
		Usr 0 00:00:00, Sys 0 00:00:00  -  Total Remote Usage
		Usr 0 00:00:00, Sys 0 00:00:00  -  Total Local Usage
	5827  -  Run Bytes Sent By Job
	67278  -  Run Bytes Received By Job
	5827  -  Total Bytes Sent By Job
	67278  -  Total Bytes Received By Job
	Partitionable Resources :    Usage  Request Allocated 
	   Cpus                 :                 1         1 
	   Disk (KB)            :       51       35  21458321 
	   GPUs                 :                           1 
	   Memory (MB)          :        0        0     20480 

	Job terminated of its own accord at 2025-01-23T10:53:11Z with exit-code 0.
...
000 (278083.000.000) 2025-01-24 07:42:23 Job submitted from host: <192.168.0.102:9618?addrs=192.168.0.102-9618&alias=submitter&noUDP&sock=schedd_2032_5c88>
...
014 (278083.000.000) 2025-01-24 07:42:30 Node 0 executing on host: <192.168.0.147:9618?addrs=192.168.0.147-9618&alias=node147.di.rm1&noUDP&sock=startd_1513_5ee1>
...
014 (278083.000.001) 2025-01-24 07:42:30 Node 1 executing on host: <192.168.0.148:9618?addrs=192.168.0.148-9618&alias=node148.di.rm1&noUDP&sock=startd_1547_b119>
...
001 (278083.000.000) 2025-01-24 07:42:30 Job executing on host: MPI_job
...
008 (278083.000.000) 2025-01-24 07:42:32 Launching orted on Node 0 of 2
...
008 (278083.000.000) 2025-01-24 07:42:32 Launching orted on Node 1 of 2
...
008 (278083.000.000) 2025-01-24 07:42:33 orted exited on Node 0 of 2
...
008 (278083.000.000) 2025-01-24 07:42:33 orted exited on Node 1 of 2
...
015 (278083.000.000) 2025-01-24 07:42:33 Node 0 terminated.
	(1) Normal termination (return value 0)
		Usr 0 00:00:00, Sys 0 00:00:00  -  Run Remote Usage
		Usr 0 00:00:00, Sys 0 00:00:00  -  Run Local Usage
		Usr 0 00:00:00, Sys 0 00:00:00  -  Total Remote Usage
		Usr 0 00:00:00, Sys 0 00:00:00  -  Total Local Usage
	3251  -  Run Bytes Sent By Node
	33639  -  Run Bytes Received By Node
	3251  -  Total Bytes Sent By Node
	33639  -  Total Bytes Received By Node
...
005 (278083.000.000) 2025-01-24 07:42:33 Job terminated.
	(1) Normal termination (return value 0)
		Usr 0 00:00:00, Sys 0 00:00:01  -  Run Remote Usage
		Usr 0 00:00:00, Sys 0 00:00:00  -  Run Local Usage
		Usr 0 00:00:00, Sys 0 00:00:00  -  Total Remote Usage
		Usr 0 00:00:00, Sys 0 00:00:00  -  Total Local Usage
	3251  -  Run Bytes Sent By Job
	67278  -  Run Bytes Received By Job
	3251  -  Total Bytes Sent By Job
	67278  -  Total Bytes Received By Job
	Partitionable Resources :    Usage  Request Allocated 
	   Cpus                 :                 1         1 
	   Disk (KB)            :       49       35    469805 
	   Memory (MB)          :        1        0     40960 

	Job terminated of its own accord at 2025-01-24T07:42:33Z with exit-code 0.
...
