000 (270399.000.000) 2025-01-21 23:49:19 Job submitted from host: <192.168.0.102:9618?addrs=192.168.0.102-9618&alias=submitter&noUDP&sock=schedd_2032_5c88>
...
001 (270399.000.000) 2025-01-21 23:49:22 Job executing on host: <192.168.0.151:9618?addrs=192.168.0.151-9618&alias=node151.di.rm1&noUDP&sock=startd_1528_a8cd>
...
006 (270399.000.000) 2025-01-21 23:49:32 Image size of job updated: 435996
	426  -  MemoryUsage of job (MB)
	435996  -  ResidentSetSize of job (KB)
...
006 (270399.000.000) 2025-01-21 23:50:22 Image size of job updated: 2662308
	429  -  MemoryUsage of job (MB)
	438504  -  ResidentSetSize of job (KB)
...
004 (270399.000.000) 2025-01-21 23:50:22 Job was evicted.
	(0) CPU times
		Usr 0 00:00:56, Sys 0 00:00:01  -  Run Remote Usage
		Usr 0 00:00:00, Sys 0 00:00:00  -  Run Local Usage
	0  -  Run Bytes Sent By Job
	0  -  Run Bytes Received By Job
	Partitionable Resources :    Usage  Request Allocated 
	   Cpus                 :                 1         1 
	   Disk (KB)            :       27       27    474791 
	   Memory (MB)          :      429        1       128 
...
009 (270399.000.000) 2025-01-21 23:50:22 Job was aborted.
	via condor_rm (by user calzona_2046920)
...
000 (276553.000.000) 2025-01-24 04:46:11 Job submitted from host: <192.168.0.102:9618?addrs=192.168.0.102-9618&alias=submitter&noUDP&sock=schedd_2032_5c88>
...
001 (276553.000.000) 2025-01-24 04:46:13 Job executing on host: <192.168.0.121:9618?addrs=192.168.0.121-9618&alias=node121.di.rm1&noUDP&sock=startd_2146_8e54>
...
006 (276553.000.000) 2025-01-24 04:46:22 Image size of job updated: 389440
	377  -  MemoryUsage of job (MB)
	385384  -  ResidentSetSize of job (KB)
...
006 (276553.000.000) 2025-01-24 04:48:13 Image size of job updated: 5696104
	377  -  MemoryUsage of job (MB)
	385384  -  ResidentSetSize of job (KB)
...
004 (276553.000.000) 2025-01-24 04:48:13 Job was evicted.
	(0) CPU times
		Usr 0 00:01:56, Sys 0 00:00:03  -  Run Remote Usage
		Usr 0 00:00:00, Sys 0 00:00:00  -  Run Local Usage
	0  -  Run Bytes Sent By Job
	0  -  Run Bytes Received By Job
	Partitionable Resources :    Usage  Request Allocated 
	   Cpus                 :                 1         1 
	   Disk (KB)            :       27       27    467232 
	   Memory (MB)          :      377        1       128 
...
009 (276553.000.000) 2025-01-24 04:48:13 Job was aborted.
	via condor_rm (by user calzona_2046920)
...
