000 (263503.000.000) 2025-01-17 11:20:56 Job submitted from host: <192.168.0.102:9618?addrs=192.168.0.102-9618&alias=submitter&noUDP&sock=schedd_2032_5c88>
...
001 (263503.000.000) 2025-01-17 11:20:59 Job executing on host: <192.168.0.111:9618?addrs=192.168.0.111-9618&alias=node111.di.rm1&noUDP&sock=startd_2044_97ab>
...
006 (263503.000.000) 2025-01-17 11:21:07 Image size of job updated: 1471476
	420  -  MemoryUsage of job (MB)
	429264  -  ResidentSetSize of job (KB)
...
006 (263503.000.000) 2025-01-17 11:26:26 Image size of job updated: 9608748
	8293  -  MemoryUsage of job (MB)
	8491324  -  ResidentSetSize of job (KB)
...
006 (263503.000.000) 2025-01-17 11:26:48 Image size of job updated: 9747348
	8353  -  MemoryUsage of job (MB)
	8553092  -  ResidentSetSize of job (KB)
...
005 (263503.000.000) 2025-01-17 11:27:08 Job terminated.
	(0) Abnormal termination (signal 9)
	(0) No core file
		Usr 0 00:03:31, Sys 0 00:00:31  -  Run Remote Usage
		Usr 0 00:00:00, Sys 0 00:00:00  -  Run Local Usage
		Usr 0 00:03:31, Sys 0 00:00:31  -  Total Remote Usage
		Usr 0 00:00:00, Sys 0 00:00:00  -  Total Local Usage
	0  -  Run Bytes Sent By Job
	0  -  Run Bytes Received By Job
	0  -  Total Bytes Sent By Job
	0  -  Total Bytes Received By Job
	Partitionable Resources :    Usage  Request Allocated 
	   Cpus                 :     0.18        1         1 
	   Disk (KB)            :    27          27    468058 
	   Gpus (Average)       :                 0         0 
	   Memory (MB)          :  8353           1       128 

	Job terminated of its own accord at 2025-01-17T11:26:48Z with signal 9.
...
