000 (263222.000.000) 2025-01-17 11:20:45 Job submitted from host: <192.168.0.102:9618?addrs=192.168.0.102-9618&alias=submitter&noUDP&sock=schedd_2032_5c88>
...
001 (263222.000.000) 2025-01-17 11:20:54 Job executing on host: <192.168.0.120:9618?addrs=192.168.0.120-9618&alias=node120.di.rm1&noUDP&sock=startd_2096_4298>
...
006 (263222.000.000) 2025-01-17 11:21:02 Image size of job updated: 429668
	390  -  MemoryUsage of job (MB)
	398904  -  ResidentSetSize of job (KB)
...
006 (263222.000.000) 2025-01-17 11:26:24 Image size of job updated: 2185572
	2126  -  MemoryUsage of job (MB)
	2176024  -  ResidentSetSize of job (KB)
...
004 (263222.000.000) 2025-01-17 11:33:24 Job was evicted.
	(0) CPU times
		Usr 0 00:06:03, Sys 0 00:03:22  -  Run Remote Usage
		Usr 0 00:00:00, Sys 0 00:00:00  -  Run Local Usage
	0  -  Run Bytes Sent By Job
	0  -  Run Bytes Received By Job
	Partitionable Resources :    Usage  Request Allocated 
	   Cpus                 :     0.56        1         1 
	   Disk (KB)            :    27          27    459052 
	   Gpus (Average)       :                 0         0 
	   Memory (MB)          :  2126           1       128 
...
009 (263222.000.000) 2025-01-17 11:33:24 Job was aborted.
	via condor_rm (by user calzona_2046920)
...
