000 (279525.000.000) 2025-01-24 10:55:18 Job submitted from host: <192.168.0.102:9618?addrs=192.168.0.102-9618&alias=submitter&noUDP&sock=schedd_2032_5c88>
...
014 (279525.000.000) 2025-01-24 10:55:24 Node 0 executing on host: <192.168.0.149:9618?addrs=192.168.0.149-9618&alias=node149.di.rm1&noUDP&sock=startd_1551_6f7a>
...
014 (279525.000.005) 2025-01-24 10:55:24 Node 5 executing on host: <192.168.0.147:9618?addrs=192.168.0.147-9618&alias=node147.di.rm1&noUDP&sock=startd_1513_5ee1>
...
014 (279525.000.004) 2025-01-24 10:55:24 Node 4 executing on host: <192.168.0.123:9618?addrs=192.168.0.123-9618&alias=node123.di.rm1&noUDP&sock=startd_2149_9d1d>
...
014 (279525.000.002) 2025-01-24 10:55:24 Node 2 executing on host: <192.168.0.133:9618?addrs=192.168.0.133-9618&alias=node133.di.rm1&noUDP&sock=startd_1941_f16a>
...
014 (279525.000.006) 2025-01-24 10:55:24 Node 6 executing on host: <192.168.0.133:9618?addrs=192.168.0.133-9618&alias=node133.di.rm1&noUDP&sock=startd_1941_f16a>
...
014 (279525.000.007) 2025-01-24 10:55:24 Node 7 executing on host: <192.168.0.109:9618?addrs=192.168.0.109-9618&alias=node109.di.rm1&noUDP&sock=startd_1627_90ad>
...
014 (279525.000.003) 2025-01-24 10:55:24 Node 3 executing on host: <192.168.0.143:9618?addrs=192.168.0.143-9618&alias=node143.di.rm1&noUDP&sock=startd_2061_40c7>
...
014 (279525.000.001) 2025-01-24 10:55:24 Node 1 executing on host: <192.168.0.142:9618?addrs=192.168.0.142-9618&alias=node142.di.rm1&noUDP&sock=startd_1996_ab1f>
...
001 (279525.000.000) 2025-01-24 10:55:24 Job executing on host: MPI_job
...
008 (279525.000.000) 2025-01-24 10:55:26 Launching orted on Node 0 of 8
...
008 (279525.000.000) 2025-01-24 10:55:26 Launching orted on Node 5 of 8
...
008 (279525.000.000) 2025-01-24 10:55:26 Launching orted on Node 4 of 8
...
008 (279525.000.000) 2025-01-24 10:55:26 Launching orted on Node 7 of 8
...
008 (279525.000.000) 2025-01-24 10:55:26 Launching orted on Node 6 of 8
...
008 (279525.000.000) 2025-01-24 10:55:26 Launching orted on Node 2 of 8
...
008 (279525.000.000) 2025-01-24 10:55:26 Launching orted on Node 3 of 8
...
008 (279525.000.000) 2025-01-24 10:55:28 Launching orted on Node 1 of 8
...
008 (279525.000.000) 2025-01-24 10:55:29 orted exited on Node 5 of 8
...
008 (279525.000.000) 2025-01-24 10:55:29 orted exited on Node 6 of 8
...
008 (279525.000.000) 2025-01-24 10:55:29 orted exited on Node 3 of 8
...
008 (279525.000.000) 2025-01-24 10:55:29 orted exited on Node 7 of 8
...
008 (279525.000.000) 2025-01-24 10:55:29 orted exited on Node 2 of 8
...
008 (279525.000.000) 2025-01-24 10:55:29 orted exited on Node 0 of 8
...
008 (279525.000.000) 2025-01-24 10:55:29 orted exited on Node 4 of 8
...
008 (279525.000.000) 2025-01-24 10:55:29 orted exited on Node 1 of 8
...
015 (279525.000.005) 2025-01-24 10:55:29 Node 5 terminated.
	(1) Normal termination (return value 0)
		Usr 0 00:00:01, Sys 0 00:00:00  -  Run Remote Usage
		Usr 0 00:00:00, Sys 0 00:00:00  -  Run Local Usage
		Usr 0 00:00:01, Sys 0 00:00:00  -  Total Remote Usage
		Usr 0 00:00:00, Sys 0 00:00:00  -  Total Local Usage
	2165  -  Run Bytes Sent By Node
	33639  -  Run Bytes Received By Node
	2165  -  Total Bytes Sent By Node
	33639  -  Total Bytes Received By Node
...
015 (279525.000.000) 2025-01-24 10:55:29 Node 0 terminated.
	(1) Normal termination (return value 0)
		Usr 0 00:00:00, Sys 0 00:00:00  -  Run Remote Usage
		Usr 0 00:00:00, Sys 0 00:00:00  -  Run Local Usage
		Usr 0 00:00:00, Sys 0 00:00:00  -  Total Remote Usage
		Usr 0 00:00:00, Sys 0 00:00:00  -  Total Local Usage
	3262  -  Run Bytes Sent By Node
	33639  -  Run Bytes Received By Node
	3262  -  Total Bytes Sent By Node
	33639  -  Total Bytes Received By Node
...
005 (279525.000.000) 2025-01-24 10:55:29 Job terminated.
	(1) Normal termination (return value 0)
		Usr 0 00:00:05, Sys 0 00:00:00  -  Run Remote Usage
		Usr 0 00:00:00, Sys 0 00:00:00  -  Run Local Usage
		Usr 0 00:00:00, Sys 0 00:00:00  -  Total Remote Usage
		Usr 0 00:00:00, Sys 0 00:00:00  -  Total Local Usage
	5427  -  Run Bytes Sent By Job
	269112  -  Run Bytes Received By Job
	5427  -  Total Bytes Sent By Job
	269112  -  Total Bytes Received By Job
	Partitionable Resources :    Usage  Request Allocated 
	   Cpus                 :                 1         1 
	   Disk (KB)            :       50       35    471944 
	   Memory (MB)          :        1        1     20480 

	Job terminated of its own accord at 2025-01-24T10:55:29Z with exit-code 0.
...
