000 (265146.000.000) 2025-01-17 11:21:46 Job submitted from host: <192.168.0.102:9618?addrs=192.168.0.102-9618&alias=submitter&noUDP&sock=schedd_2032_5c88>
...
001 (265146.000.000) 2025-01-17 11:21:52 Job executing on host: <192.168.0.104:9618?addrs=192.168.0.104-9618&alias=node104.di.rm1&noUDP&sock=startd_1987_7ec5>
...
006 (265146.000.000) 2025-01-17 11:22:01 Image size of job updated: 335412
	328  -  MemoryUsage of job (MB)
	335412  -  ResidentSetSize of job (KB)
...
006 (265146.000.000) 2025-01-17 11:22:50 Image size of job updated: 2104604
	328  -  MemoryUsage of job (MB)
	335544  -  ResidentSetSize of job (KB)
...
005 (265146.000.000) 2025-01-17 11:22:50 Job terminated.
	(1) Normal termination (return value 0)
		Usr 0 00:00:54, Sys 0 00:00:01  -  Run Remote Usage
		Usr 0 00:00:00, Sys 0 00:00:00  -  Run Local Usage
		Usr 0 00:00:54, Sys 0 00:00:01  -  Total Remote Usage
		Usr 0 00:00:00, Sys 0 00:00:00  -  Total Local Usage
	0  -  Run Bytes Sent By Job
	0  -  Run Bytes Received By Job
	0  -  Total Bytes Sent By Job
	0  -  Total Bytes Received By Job
	Partitionable Resources :    Usage  Request Allocated 
	   Cpus                 :     0.91        1         1 
	   Disk (KB)            :    27          27    465175 
	   Memory (MB)          :   328           1       128 

	Job terminated of its own accord at 2025-01-17T11:22:50Z with exit-code 0.
...
