000 (271673.000.000) 2025-01-22 01:22:25 Job submitted from host: <192.168.0.102:9618?addrs=192.168.0.102-9618&alias=submitter&noUDP&sock=schedd_2032_5c88>
...
001 (271673.000.000) 2025-01-22 01:22:27 Job executing on host: <192.168.0.151:9618?addrs=192.168.0.151-9618&alias=node151.di.rm1&noUDP&sock=startd_1528_a8cd>
...
006 (271673.000.000) 2025-01-22 01:22:36 Image size of job updated: 1277636
	493  -  MemoryUsage of job (MB)
	503964  -  ResidentSetSize of job (KB)
...
006 (271673.000.000) 2025-01-22 01:23:28 Image size of job updated: 3573784
	493  -  MemoryUsage of job (MB)
	504624  -  ResidentSetSize of job (KB)
...
004 (271673.000.000) 2025-01-22 01:23:28 Job was evicted.
	(0) CPU times
		Usr 0 00:00:58, Sys 0 00:00:01  -  Run Remote Usage
		Usr 0 00:00:00, Sys 0 00:00:00  -  Run Local Usage
	0  -  Run Bytes Sent By Job
	0  -  Run Bytes Received By Job
	Partitionable Resources :    Usage  Request Allocated 
	   Cpus                 :     1.00        1         1 
	   Disk (KB)            :    27          27    474791 
	   Memory (MB)          :   493           1       128 
...
009 (271673.000.000) 2025-01-22 01:23:29 Job was aborted.
	via condor_rm (by user calzona_2046920)
...
000 (277827.000.000) 2025-01-24 07:18:24 Job submitted from host: <192.168.0.102:9618?addrs=192.168.0.102-9618&alias=submitter&noUDP&sock=schedd_2032_5c88>
...
001 (277827.000.000) 2025-01-24 07:18:25 Job executing on host: <192.168.0.149:9618?addrs=192.168.0.149-9618&alias=node149.di.rm1&noUDP&sock=startd_1551_6f7a>
...
006 (277827.000.000) 2025-01-24 07:18:33 Image size of job updated: 1156828
	500  -  MemoryUsage of job (MB)
	511164  -  ResidentSetSize of job (KB)
...
006 (277827.000.000) 2025-01-24 07:20:26 Image size of job updated: 7328436
	500  -  MemoryUsage of job (MB)
	511296  -  ResidentSetSize of job (KB)
...
004 (277827.000.000) 2025-01-24 07:20:26 Job was evicted.
	(0) CPU times
		Usr 0 00:01:58, Sys 0 00:00:03  -  Run Remote Usage
		Usr 0 00:00:00, Sys 0 00:00:00  -  Run Local Usage
	0  -  Run Bytes Sent By Job
	0  -  Run Bytes Received By Job
	Partitionable Resources :    Usage  Request Allocated 
	   Cpus                 :                 1         1 
	   Disk (KB)            :       27       27    471944 
	   Memory (MB)          :      500        1       128 
...
009 (277827.000.000) 2025-01-24 07:20:26 Job was aborted.
	via condor_rm (by user calzona_2046920)
...
