000 (280956.000.000) 2025-01-25 18:21:23 Job submitted from host: <192.168.0.102:9618?addrs=192.168.0.102-9618&alias=submitter&noUDP&sock=schedd_2032_5c88>
...
014 (280956.000.000) 2025-01-25 18:21:26 Node 0 executing on host: <192.168.0.146:9618?addrs=192.168.0.146-9618&alias=node146.di.rm1&noUDP&sock=startd_1984_6ffc>
...
014 (280956.000.001) 2025-01-25 18:21:26 Node 1 executing on host: <192.168.0.111:9618?addrs=192.168.0.111-9618&alias=node111.di.rm1&noUDP&sock=startd_2044_97ab>
...
014 (280956.000.003) 2025-01-25 18:21:26 Node 3 executing on host: <192.168.0.151:9618?addrs=192.168.0.151-9618&alias=node151.di.rm1&noUDP&sock=startd_1528_a8cd>
...
014 (280956.000.002) 2025-01-25 18:21:26 Node 2 executing on host: <192.168.0.112:9618?addrs=192.168.0.112-9618&alias=node112.di.rm1&noUDP&sock=startd_2169_5502>
...
001 (280956.000.000) 2025-01-25 18:21:26 Job executing on host: MPI_job
...
008 (280956.000.000) 2025-01-25 18:21:28 Launching orted on Node 0 of 4
...
008 (280956.000.000) 2025-01-25 18:21:28 Launching orted on Node 1 of 4
...
008 (280956.000.000) 2025-01-25 18:21:28 Launching orted on Node 3 of 4
...
008 (280956.000.000) 2025-01-25 18:21:28 Launching orted on Node 2 of 4
...
008 (280956.000.000) 2025-01-25 18:21:31 orted exited on Node 3 of 4
...
008 (280956.000.000) 2025-01-25 18:21:31 orted exited on Node 2 of 4
...
008 (280956.000.000) 2025-01-25 18:21:31 orted exited on Node 0 of 4
...
008 (280956.000.000) 2025-01-25 18:21:31 orted exited on Node 1 of 4
...
015 (280956.000.000) 2025-01-25 18:21:31 Node 0 terminated.
	(1) Normal termination (return value 0)
		Usr 0 00:00:00, Sys 0 00:00:00  -  Run Remote Usage
		Usr 0 00:00:00, Sys 0 00:00:00  -  Run Local Usage
		Usr 0 00:00:00, Sys 0 00:00:00  -  Total Remote Usage
		Usr 0 00:00:00, Sys 0 00:00:00  -  Total Local Usage
	3262  -  Run Bytes Sent By Node
	33639  -  Run Bytes Received By Node
	3262  -  Total Bytes Sent By Node
	33639  -  Total Bytes Received By Node
...
005 (280956.000.000) 2025-01-25 18:21:31 Job terminated.
	(1) Normal termination (return value 0)
		Usr 0 00:00:07, Sys 0 00:00:00  -  Run Remote Usage
		Usr 0 00:00:00, Sys 0 00:00:00  -  Run Local Usage
		Usr 0 00:00:00, Sys 0 00:00:00  -  Total Remote Usage
		Usr 0 00:00:00, Sys 0 00:00:00  -  Total Local Usage
	3262  -  Run Bytes Sent By Job
	134556  -  Run Bytes Received By Job
	3262  -  Total Bytes Sent By Job
	134556  -  Total Bytes Received By Job
	Partitionable Resources :    Usage  Request Allocated 
	   Cpus                 :                 1         2 
	   Disk (KB)            :       49       35 103077319 
	   Memory (MB)          :        0        0    100096 

	Job terminated of its own accord at 2025-01-25T18:21:31Z with exit-code 0.
...
000 (288162.000.000) 2025-01-28 18:46:03 Job submitted from host: <192.168.0.102:9618?addrs=192.168.0.102-9618&alias=submitter&noUDP&sock=schedd_2032_5c88>
...
014 (288162.000.001) 2025-01-28 18:46:10 Node 1 executing on host: <192.168.0.132:9618?addrs=192.168.0.132-9618&alias=node132.di.rm1&noUDP&sock=startd_1999_b9e8>
...
014 (288162.000.000) 2025-01-28 18:46:10 Node 0 executing on host: <192.168.0.121:9618?addrs=192.168.0.121-9618&alias=node121.di.rm1&noUDP&sock=startd_2146_8e54>
...
014 (288162.000.002) 2025-01-28 18:46:10 Node 2 executing on host: <192.168.0.113:9618?addrs=192.168.0.113-9618&alias=node113.di.rm1&noUDP&sock=startd_3668932_c305>
...
014 (288162.000.003) 2025-01-28 18:46:10 Node 3 executing on host: <192.168.0.133:9618?addrs=192.168.0.133-9618&alias=node133.di.rm1&noUDP&sock=startd_1941_f16a>
...
001 (288162.000.000) 2025-01-28 18:46:10 Job executing on host: MPI_job
...
008 (288162.000.000) 2025-01-28 18:46:12 Launching orted on Node 0 of 4
...
008 (288162.000.000) 2025-01-28 18:46:12 Launching orted on Node 1 of 4
...
008 (288162.000.000) 2025-01-28 18:46:12 Launching orted on Node 3 of 4
...
008 (288162.000.000) 2025-01-28 18:46:12 Launching orted on Node 2 of 4
...
008 (288162.000.000) 2025-01-28 18:46:15 orted exited on Node 1 of 4
...
008 (288162.000.000) 2025-01-28 18:46:15 orted exited on Node 2 of 4
...
008 (288162.000.000) 2025-01-28 18:46:15 orted exited on Node 3 of 4
...
008 (288162.000.000) 2025-01-28 18:46:15 orted exited on Node 0 of 4
...
015 (288162.000.001) 2025-01-28 18:46:15 Node 1 terminated.
	(1) Normal termination (return value 0)
		Usr 0 00:00:03, Sys 0 00:00:01  -  Run Remote Usage
		Usr 0 00:00:00, Sys 0 00:00:00  -  Run Local Usage
		Usr 0 00:00:03, Sys 0 00:00:01  -  Total Remote Usage
		Usr 0 00:00:00, Sys 0 00:00:00  -  Total Local Usage
	2165  -  Run Bytes Sent By Node
	33631  -  Run Bytes Received By Node
	2165  -  Total Bytes Sent By Node
	33631  -  Total Bytes Received By Node
...
015 (288162.000.000) 2025-01-28 18:46:15 Node 0 terminated.
	(1) Normal termination (return value 0)
		Usr 0 00:00:00, Sys 0 00:00:00  -  Run Remote Usage
		Usr 0 00:00:00, Sys 0 00:00:00  -  Run Local Usage
		Usr 0 00:00:00, Sys 0 00:00:00  -  Total Remote Usage
		Usr 0 00:00:00, Sys 0 00:00:00  -  Total Local Usage
	3262  -  Run Bytes Sent By Node
	33631  -  Run Bytes Received By Node
	3262  -  Total Bytes Sent By Node
	33631  -  Total Bytes Received By Node
...
005 (288162.000.000) 2025-01-28 18:46:15 Job terminated.
	(1) Normal termination (return value 0)
		Usr 0 00:00:07, Sys 0 00:00:01  -  Run Remote Usage
		Usr 0 00:00:00, Sys 0 00:00:00  -  Run Local Usage
		Usr 0 00:00:00, Sys 0 00:00:00  -  Total Remote Usage
		Usr 0 00:00:00, Sys 0 00:00:00  -  Total Local Usage
	5427  -  Run Bytes Sent By Job
	134524  -  Run Bytes Received By Job
	5427  -  Total Bytes Sent By Job
	134524  -  Total Bytes Received By Job
	Partitionable Resources :    Usage  Request Allocated 
	   Cpus                 :                 1         2 
	   Disk (KB)            :       50       35 102790918 
	   Memory (MB)          :        0        0    100096 

	Job terminated of its own accord at 2025-01-28T18:46:15Z with exit-code 0.
...
