000 (272972.000.000) 2025-01-23 10:19:25 Job submitted from host: <192.168.0.102:9618?addrs=192.168.0.102-9618&alias=submitter&noUDP&sock=schedd_2032_5c88>
...
014 (272972.000.000) 2025-01-23 10:19:32 Node 0 executing on host: <192.168.0.135:9618?addrs=192.168.0.135-9618&alias=node135.di.rm1&noUDP&sock=startd_2000_6980>
...
014 (272972.000.001) 2025-01-23 10:19:32 Node 1 executing on host: <192.168.0.123:9618?addrs=192.168.0.123-9618&alias=node123.di.rm1&noUDP&sock=startd_2149_9d1d>
...
001 (272972.000.000) 2025-01-23 10:19:32 Job executing on host: MPI_job
...
008 (272972.000.000) 2025-01-23 10:19:34 Launching orted on Node 0 of 2
...
008 (272972.000.000) 2025-01-23 10:19:34 Launching orted on Node 1 of 2
...
008 (272972.000.000) 2025-01-23 10:19:35 orted exited on Node 1 of 2
...
008 (272972.000.000) 2025-01-23 10:19:35 orted exited on Node 0 of 2
...
015 (272972.000.000) 2025-01-23 10:19:35 Node 0 terminated.
	(1) Normal termination (return value 0)
		Usr 0 00:00:00, Sys 0 00:00:00  -  Run Remote Usage
		Usr 0 00:00:00, Sys 0 00:00:00  -  Run Local Usage
		Usr 0 00:00:00, Sys 0 00:00:00  -  Total Remote Usage
		Usr 0 00:00:00, Sys 0 00:00:00  -  Total Local Usage
	3253  -  Run Bytes Sent By Node
	33639  -  Run Bytes Received By Node
	3253  -  Total Bytes Sent By Node
	33639  -  Total Bytes Received By Node
...
005 (272972.000.000) 2025-01-23 10:19:35 Job terminated.
	(1) Normal termination (return value 0)
		Usr 0 00:00:00, Sys 0 00:00:00  -  Run Remote Usage
		Usr 0 00:00:00, Sys 0 00:00:00  -  Run Local Usage
		Usr 0 00:00:00, Sys 0 00:00:00  -  Total Remote Usage
		Usr 0 00:00:00, Sys 0 00:00:00  -  Total Local Usage
	5440  -  Run Bytes Sent By Job
	67278  -  Run Bytes Received By Job
	5440  -  Total Bytes Sent By Job
	67278  -  Total Bytes Received By Job
	Partitionable Resources :    Usage  Request Allocated 
	   Cpus                 :                 1         2 
	   Disk (KB)            :       49       35 102650546 
	   Memory (MB)          :        1        1    100096 

	Job terminated of its own accord at 2025-01-23T10:19:35Z with exit-code 0.
...
