000 (262685.000.000) 2025-01-17 11:14:18 Job submitted from host: <192.168.0.102:9618?addrs=192.168.0.102-9618&alias=submitter&noUDP&sock=schedd_2032_5c88>
...
001 (262685.000.000) 2025-01-17 11:14:32 Job executing on host: <192.168.0.140:9618?addrs=192.168.0.140-9618&alias=node140.di.rm1&noUDP&sock=startd_1890_f615>
...
006 (262685.000.000) 2025-01-17 11:14:41 Image size of job updated: 1870348
	821  -  MemoryUsage of job (MB)
	840312  -  ResidentSetSize of job (KB)
...
006 (262685.000.000) 2025-01-17 11:19:42 Image size of job updated: 27060696
	26158  -  MemoryUsage of job (MB)
	26785676  -  ResidentSetSize of job (KB)
...
006 (262685.000.000) 2025-01-17 11:20:13 Image size of job updated: 29612632
	26159  -  MemoryUsage of job (MB)
	26785940  -  ResidentSetSize of job (KB)
...
004 (262685.000.000) 2025-01-17 11:20:13 Job was evicted.
	(0) CPU times
		Usr 0 00:05:11, Sys 0 00:00:13  -  Run Remote Usage
		Usr 0 00:00:00, Sys 0 00:00:00  -  Run Local Usage
	0  -  Run Bytes Sent By Job
	0  -  Run Bytes Received By Job
	Partitionable Resources :    Usage  Request Allocated 
	   Cpus                 :     1.00        1         1 
	   Disk (KB)            :    27          27    468367 
	   Memory (MB)          : 26159           1       128 
...
009 (262685.000.000) 2025-01-17 11:20:13 Job was aborted.
	via condor_rm (by user calzona_2046920)
...
