000 (263076.000.000) 2025-01-17 11:20:41 Job submitted from host: <192.168.0.102:9618?addrs=192.168.0.102-9618&alias=submitter&noUDP&sock=schedd_2032_5c88>
...
001 (263076.000.000) 2025-01-17 11:20:53 Job executing on host: <192.168.0.116:9618?addrs=192.168.0.116-9618&alias=node116.di.rm1&noUDP&sock=startd_1847_7783>
...
006 (263076.000.000) 2025-01-17 11:21:02 Image size of job updated: 1351488
	504  -  MemoryUsage of job (MB)
	515460  -  ResidentSetSize of job (KB)
...
006 (263076.000.000) 2025-01-17 11:26:13 Image size of job updated: 9966732
	8987  -  MemoryUsage of job (MB)
	9202352  -  ResidentSetSize of job (KB)
...
006 (263076.000.000) 2025-01-17 11:27:36 Image size of job updated: 10017288
	8987  -  MemoryUsage of job (MB)
	9202352  -  ResidentSetSize of job (KB)
...
005 (263076.000.000) 2025-01-17 11:27:37 Job terminated.
	(0) Abnormal termination (signal 9)
	(0) No core file
		Usr 0 00:03:40, Sys 0 00:00:33  -  Run Remote Usage
		Usr 0 00:00:00, Sys 0 00:00:00  -  Run Local Usage
		Usr 0 00:03:40, Sys 0 00:00:33  -  Total Remote Usage
		Usr 0 00:00:00, Sys 0 00:00:00  -  Total Local Usage
	0  -  Run Bytes Sent By Job
	0  -  Run Bytes Received By Job
	0  -  Total Bytes Sent By Job
	0  -  Total Bytes Received By Job
	Partitionable Resources :    Usage  Request Allocated 
	   Cpus                 :     0.91        1         1 
	   Disk (KB)            :    27          27    474557 
	   Memory (MB)          :  8987           1       128 

	Job terminated of its own accord at 2025-01-17T11:27:36Z with signal 9.
...
