000 (269768.000.000) 2025-01-21 23:03:46 Job submitted from host: <192.168.0.102:9618?addrs=192.168.0.102-9618&alias=submitter&noUDP&sock=schedd_2032_5c88>
...
001 (269768.000.000) 2025-01-21 23:03:46 Job executing on host: <192.168.0.148:9618?addrs=192.168.0.148-9618&alias=node148.di.rm1&noUDP&sock=startd_1547_b119>
...
006 (269768.000.000) 2025-01-21 23:03:55 Image size of job updated: 78376
	74  -  MemoryUsage of job (MB)
	75208  -  ResidentSetSize of job (KB)
...
006 (269768.000.000) 2025-01-21 23:04:48 Image size of job updated: 89496
	74  -  MemoryUsage of job (MB)
	75340  -  ResidentSetSize of job (KB)
...
004 (269768.000.000) 2025-01-21 23:04:48 Job was evicted.
	(0) CPU times
		Usr 0 00:02:01, Sys 0 00:00:00  -  Run Remote Usage
		Usr 0 00:00:00, Sys 0 00:00:00  -  Run Local Usage
	0  -  Run Bytes Sent By Job
	0  -  Run Bytes Received By Job
	Partitionable Resources :    Usage  Request Allocated 
	   Cpus                 :                 1         1 
	   Disk (KB)            :       27       27    467548 
	   Memory (MB)          :       74        1       128 
...
009 (269768.000.000) 2025-01-21 23:04:48 Job was aborted.
	via condor_rm (by user calzona_2046920)
...
000 (275924.000.000) 2025-01-24 03:30:48 Job submitted from host: <192.168.0.102:9618?addrs=192.168.0.102-9618&alias=submitter&noUDP&sock=schedd_2032_5c88>
...
001 (275924.000.000) 2025-01-24 03:30:49 Job executing on host: <192.168.0.109:9618?addrs=192.168.0.109-9618&alias=node109.di.rm1&noUDP&sock=startd_1627_90ad>
...
006 (275924.000.000) 2025-01-24 03:30:57 Image size of job updated: 89496
	72  -  MemoryUsage of job (MB)
	72952  -  ResidentSetSize of job (KB)
...
004 (275924.000.000) 2025-01-24 03:32:50 Job was evicted.
	(0) CPU times
		Usr 0 00:04:00, Sys 0 00:00:00  -  Run Remote Usage
		Usr 0 00:00:00, Sys 0 00:00:00  -  Run Local Usage
	0  -  Run Bytes Sent By Job
	0  -  Run Bytes Received By Job
	Partitionable Resources :    Usage  Request Allocated 
	   Cpus                 :                 1         1 
	   Disk (KB)            :       27       27    468160 
	   Memory (MB)          :       72        1       128 
...
009 (275924.000.000) 2025-01-24 03:32:50 Job was aborted.
	via condor_rm (by user calzona_2046920)
...
