000 (279339.000.000) 2025-01-24 10:34:11 Job submitted from host: <192.168.0.102:9618?addrs=192.168.0.102-9618&alias=submitter&noUDP&sock=schedd_2032_5c88>
...
014 (279339.000.000) 2025-01-24 10:34:20 Node 0 executing on host: <192.168.0.137:9618?addrs=192.168.0.137-9618&alias=node137.di.rm1&noUDP&sock=startd_1934_2440>
...
014 (279339.000.001) 2025-01-24 10:34:20 Node 1 executing on host: <192.168.0.146:9618?addrs=192.168.0.146-9618&alias=node146.di.rm1&noUDP&sock=startd_1984_6ffc>
...
014 (279339.000.005) 2025-01-24 10:34:20 Node 5 executing on host: <192.168.0.141:9618?addrs=192.168.0.141-9618&alias=node141.di.rm1&noUDP&sock=startd_2077_3a4b>
...
014 (279339.000.002) 2025-01-24 10:34:20 Node 2 executing on host: <192.168.0.132:9618?addrs=192.168.0.132-9618&alias=node132.di.rm1&noUDP&sock=startd_1999_b9e8>
...
014 (279339.000.003) 2025-01-24 10:34:20 Node 3 executing on host: <192.168.0.147:9618?addrs=192.168.0.147-9618&alias=node147.di.rm1&noUDP&sock=startd_1513_5ee1>
...
014 (279339.000.004) 2025-01-24 10:34:20 Node 4 executing on host: <192.168.0.112:9618?addrs=192.168.0.112-9618&alias=node112.di.rm1&noUDP&sock=startd_2169_5502>
...
014 (279339.000.007) 2025-01-24 10:34:20 Node 7 executing on host: <192.168.0.148:9618?addrs=192.168.0.148-9618&alias=node148.di.rm1&noUDP&sock=startd_1547_b119>
...
014 (279339.000.006) 2025-01-24 10:34:20 Node 6 executing on host: <192.168.0.151:9618?addrs=192.168.0.151-9618&alias=node151.di.rm1&noUDP&sock=startd_1528_a8cd>
...
001 (279339.000.000) 2025-01-24 10:34:20 Job executing on host: MPI_job
...
008 (279339.000.000) 2025-01-24 10:34:22 Launching orted on Node 0 of 8
...
008 (279339.000.000) 2025-01-24 10:34:22 Launching orted on Node 1 of 8
...
008 (279339.000.000) 2025-01-24 10:34:22 Launching orted on Node 5 of 8
...
008 (279339.000.000) 2025-01-24 10:34:23 Launching orted on Node 7 of 8
...
008 (279339.000.000) 2025-01-24 10:34:23 Launching orted on Node 3 of 8
...
008 (279339.000.000) 2025-01-24 10:34:23 Launching orted on Node 2 of 8
...
008 (279339.000.000) 2025-01-24 10:34:23 Launching orted on Node 4 of 8
...
008 (279339.000.000) 2025-01-24 10:34:23 Launching orted on Node 6 of 8
...
008 (279339.000.000) 2025-01-24 10:34:25 orted exited on Node 0 of 8
...
008 (279339.000.000) 2025-01-24 10:34:25 orted exited on Node 1 of 8
...
008 (279339.000.000) 2025-01-24 10:34:25 orted exited on Node 2 of 8
...
008 (279339.000.000) 2025-01-24 10:34:25 orted exited on Node 3 of 8
...
008 (279339.000.000) 2025-01-24 10:34:25 orted exited on Node 4 of 8
...
008 (279339.000.000) 2025-01-24 10:34:25 orted exited on Node 5 of 8
...
008 (279339.000.000) 2025-01-24 10:34:25 orted exited on Node 6 of 8
...
008 (279339.000.000) 2025-01-24 10:34:25 orted exited on Node 7 of 8
...
015 (279339.000.007) 2025-01-24 10:34:25 Node 7 terminated.
	(1) Normal termination (return value 0)
		Usr 0 00:00:02, Sys 0 00:00:00  -  Run Remote Usage
		Usr 0 00:00:00, Sys 0 00:00:00  -  Run Local Usage
		Usr 0 00:00:02, Sys 0 00:00:00  -  Total Remote Usage
		Usr 0 00:00:00, Sys 0 00:00:00  -  Total Local Usage
	2165  -  Run Bytes Sent By Node
	33639  -  Run Bytes Received By Node
	2165  -  Total Bytes Sent By Node
	33639  -  Total Bytes Received By Node
...
015 (279339.000.000) 2025-01-24 10:34:25 Node 0 terminated.
	(1) Normal termination (return value 0)
		Usr 0 00:00:00, Sys 0 00:00:01  -  Run Remote Usage
		Usr 0 00:00:00, Sys 0 00:00:00  -  Run Local Usage
		Usr 0 00:00:00, Sys 0 00:00:01  -  Total Remote Usage
		Usr 0 00:00:00, Sys 0 00:00:00  -  Total Local Usage
	3263  -  Run Bytes Sent By Node
	33639  -  Run Bytes Received By Node
	3263  -  Total Bytes Sent By Node
	33639  -  Total Bytes Received By Node
...
015 (279339.000.003) 2025-01-24 10:34:25 Node 3 terminated.
	(1) Normal termination (return value 0)
		Usr 0 00:00:01, Sys 0 00:00:01  -  Run Remote Usage
		Usr 0 00:00:00, Sys 0 00:00:00  -  Run Local Usage
		Usr 0 00:00:01, Sys 0 00:00:01  -  Total Remote Usage
		Usr 0 00:00:00, Sys 0 00:00:00  -  Total Local Usage
	2165  -  Run Bytes Sent By Node
	33639  -  Run Bytes Received By Node
	2165  -  Total Bytes Sent By Node
	33639  -  Total Bytes Received By Node
...
005 (279339.000.000) 2025-01-24 10:34:25 Job terminated.
	(1) Normal termination (return value 0)
		Usr 0 00:00:08, Sys 0 00:00:02  -  Run Remote Usage
		Usr 0 00:00:00, Sys 0 00:00:00  -  Run Local Usage
		Usr 0 00:00:00, Sys 0 00:00:01  -  Total Remote Usage
		Usr 0 00:00:00, Sys 0 00:00:00  -  Total Local Usage
	9758  -  Run Bytes Sent By Job
	269112  -  Run Bytes Received By Job
	9758  -  Total Bytes Sent By Job
	269112  -  Total Bytes Received By Job
	Partitionable Resources :    Usage  Request Allocated 
	   Cpus                 :                 1         2 
	   Disk (KB)            :       50       35 102846057 
	   Memory (MB)          :        0      250    100096 

	Job terminated of its own accord at 2025-01-24T10:34:25Z with exit-code 0.
...
