000 (281849.000.000) 2025-01-26 15:14:08 Job submitted from host: <192.168.0.102:9618?addrs=192.168.0.102-9618&alias=submitter&noUDP&sock=schedd_2032_5c88>
...
014 (281849.000.000) 2025-01-26 15:14:17 Node 0 executing on host: <192.168.0.114:9618?addrs=192.168.0.114-9618&alias=node114.di.rm1&noUDP&sock=startd_2075_db1b>
...
014 (281849.000.001) 2025-01-26 15:14:17 Node 1 executing on host: <192.168.0.114:9618?addrs=192.168.0.114-9618&alias=node114.di.rm1&noUDP&sock=startd_2075_db1b>
...
001 (281849.000.000) 2025-01-26 15:14:17 Job executing on host: MPI_job
...
008 (281849.000.000) 2025-01-26 15:14:18 Node 0 caught SIGTERM, cleaning up mpirun
...
004 (281849.000.000) 2025-01-26 15:14:18 Job was evicted.
	(0) CPU times
		Usr 0 00:00:00, Sys 0 00:00:00  -  Run Remote Usage
		Usr 0 00:00:00, Sys 0 00:00:00  -  Run Local Usage
	0  -  Run Bytes Sent By Job
	67422  -  Run Bytes Received By Job
	Partitionable Resources :    Usage  Request Allocated 
	   Cpus                 :                 1         1 
	   Disk (KB)            :       46       35    391129 
	   Memory (MB)          :               245     53248 
...
009 (281849.000.000) 2025-01-26 15:14:18 Job was aborted.
	via condor_rm (by user calzona_2046920)
...
000 (281854.000.000) 2025-01-26 15:15:04 Job submitted from host: <192.168.0.102:9618?addrs=192.168.0.102-9618&alias=submitter&noUDP&sock=schedd_2032_5c88>
...
014 (281854.000.000) 2025-01-26 15:15:11 Node 0 executing on host: <192.168.0.114:9618?addrs=192.168.0.114-9618&alias=node114.di.rm1&noUDP&sock=startd_2075_db1b>
...
014 (281854.000.001) 2025-01-26 15:15:11 Node 1 executing on host: <192.168.0.114:9618?addrs=192.168.0.114-9618&alias=node114.di.rm1&noUDP&sock=startd_2075_db1b>
...
001 (281854.000.000) 2025-01-26 15:15:11 Job executing on host: MPI_job
...
008 (281854.000.000) 2025-01-26 15:15:14 Launching orted on Node 1 of 2
...
008 (281854.000.000) 2025-01-26 15:15:14 Launching orted on Node 0 of 2
...
008 (281854.000.000) 2025-01-26 15:15:14 orted exited on Node 0 of 2
...
008 (281854.000.000) 2025-01-26 15:15:14 orted exited on Node 1 of 2
...
015 (281854.000.000) 2025-01-26 15:15:14 Node 0 terminated.
	(1) Normal termination (return value 0)
		Usr 0 00:00:00, Sys 0 00:00:00  -  Run Remote Usage
		Usr 0 00:00:00, Sys 0 00:00:00  -  Run Local Usage
		Usr 0 00:00:00, Sys 0 00:00:00  -  Total Remote Usage
		Usr 0 00:00:00, Sys 0 00:00:00  -  Total Local Usage
	3258  -  Run Bytes Sent By Node
	33711  -  Run Bytes Received By Node
	3258  -  Total Bytes Sent By Node
	33711  -  Total Bytes Received By Node
...
005 (281854.000.000) 2025-01-26 15:15:14 Job terminated.
	(1) Normal termination (return value 0)
		Usr 0 00:00:00, Sys 0 00:00:00  -  Run Remote Usage
		Usr 0 00:00:00, Sys 0 00:00:00  -  Run Local Usage
		Usr 0 00:00:00, Sys 0 00:00:00  -  Total Remote Usage
		Usr 0 00:00:00, Sys 0 00:00:00  -  Total Local Usage
	3258  -  Run Bytes Sent By Job
	67422  -  Run Bytes Received By Job
	3258  -  Total Bytes Sent By Job
	67422  -  Total Bytes Received By Job
	Partitionable Resources :    Usage  Request Allocated 
	   Cpus                 :                 1         1 
	   Disk (KB)            :       49       35    391129 
	   Memory (MB)          :        0        0     53248 

	Job terminated of its own accord at 2025-01-26T15:15:14Z with exit-code 0.
...
000 (288691.000.000) 2025-01-28 20:52:09 Job submitted from host: <192.168.0.102:9618?addrs=192.168.0.102-9618&alias=submitter&noUDP&sock=schedd_2032_5c88>
...
014 (288691.000.000) 2025-01-28 20:52:17 Node 0 executing on host: <192.168.0.145:9618?addrs=192.168.0.145-9618&alias=node145.di.rm1&noUDP&sock=startd_1869_8e98>
...
014 (288691.000.001) 2025-01-28 20:52:18 Node 1 executing on host: <192.168.0.120:9618?addrs=192.168.0.120-9618&alias=node120.di.rm1&noUDP&sock=startd_2096_4298>
...
001 (288691.000.000) 2025-01-28 20:52:18 Job executing on host: MPI_job
...
008 (288691.000.000) 2025-01-28 20:52:20 Launching orted on Node 0 of 2
...
008 (288691.000.000) 2025-01-28 20:52:20 Launching orted on Node 1 of 2
...
008 (288691.000.000) 2025-01-28 20:52:20 orted exited on Node 1 of 2
...
008 (288691.000.000) 2025-01-28 20:52:20 orted exited on Node 0 of 2
...
015 (288691.000.001) 2025-01-28 20:52:20 Node 1 terminated.
	(1) Normal termination (return value 0)
		Usr 0 00:00:00, Sys 0 00:00:00  -  Run Remote Usage
		Usr 0 00:00:00, Sys 0 00:00:00  -  Run Local Usage
		Usr 0 00:00:00, Sys 0 00:00:00  -  Total Remote Usage
		Usr 0 00:00:00, Sys 0 00:00:00  -  Total Local Usage
	2187  -  Run Bytes Sent By Node
	33711  -  Run Bytes Received By Node
	2187  -  Total Bytes Sent By Node
	33711  -  Total Bytes Received By Node
...
015 (288691.000.000) 2025-01-28 20:52:20 Node 0 terminated.
	(1) Normal termination (return value 0)
		Usr 0 00:00:00, Sys 0 00:00:01  -  Run Remote Usage
		Usr 0 00:00:00, Sys 0 00:00:00  -  Run Local Usage
		Usr 0 00:00:00, Sys 0 00:00:01  -  Total Remote Usage
		Usr 0 00:00:00, Sys 0 00:00:00  -  Total Local Usage
	3254  -  Run Bytes Sent By Node
	33711  -  Run Bytes Received By Node
	3254  -  Total Bytes Sent By Node
	33711  -  Total Bytes Received By Node
...
005 (288691.000.000) 2025-01-28 20:52:20 Job terminated.
	(1) Normal termination (return value 0)
		Usr 0 00:00:00, Sys 0 00:00:01  -  Run Remote Usage
		Usr 0 00:00:00, Sys 0 00:00:00  -  Run Local Usage
		Usr 0 00:00:00, Sys 0 00:00:01  -  Total Remote Usage
		Usr 0 00:00:00, Sys 0 00:00:00  -  Total Local Usage
	5441  -  Run Bytes Sent By Job
	67422  -  Run Bytes Received By Job
	5441  -  Total Bytes Sent By Job
	67422  -  Total Bytes Received By Job
	Partitionable Resources :    Usage  Request Allocated 
	   Cpus                 :                 1         2 
	   Disk (KB)            :       50       35 102711052 
	   Memory (MB)          :        0      393    100096 

	Job terminated of its own accord at 2025-01-28T20:52:20Z with exit-code 0.
...
