000 (271467.000.000) 2025-01-22 01:05:34 Job submitted from host: <192.168.0.102:9618?addrs=192.168.0.102-9618&alias=submitter&noUDP&sock=schedd_2032_5c88>
...
001 (271467.000.000) 2025-01-22 01:05:36 Job executing on host: <192.168.0.120:9618?addrs=192.168.0.120-9618&alias=node120.di.rm1&noUDP&sock=startd_2096_4298>
...
006 (271467.000.000) 2025-01-22 01:05:46 Image size of job updated: 484968
	474  -  MemoryUsage of job (MB)
	484968  -  ResidentSetSize of job (KB)
...
006 (271467.000.000) 2025-01-22 01:06:36 Image size of job updated: 3288324
	475  -  MemoryUsage of job (MB)
	486156  -  ResidentSetSize of job (KB)
...
004 (271467.000.000) 2025-01-22 01:06:36 Job was evicted.
	(0) CPU times
		Usr 0 00:00:56, Sys 0 00:00:01  -  Run Remote Usage
		Usr 0 00:00:00, Sys 0 00:00:00  -  Run Local Usage
	0  -  Run Bytes Sent By Job
	0  -  Run Bytes Received By Job
	Partitionable Resources :    Usage  Request Allocated 
	   Cpus                 :                 1         1 
	   Disk (KB)            :       27       27    459052 
	   Gpus (Average)       :                 0         0 
	   Memory (MB)          :      475        1       128 
...
009 (271467.000.000) 2025-01-22 01:06:36 Job was aborted.
	via condor_rm (by user calzona_2046920)
...
000 (277621.000.000) 2025-01-24 06:50:58 Job submitted from host: <192.168.0.102:9618?addrs=192.168.0.102-9618&alias=submitter&noUDP&sock=schedd_2032_5c88>
...
001 (277621.000.000) 2025-01-24 06:50:58 Job executing on host: <192.168.0.122:9618?addrs=192.168.0.122-9618&alias=node122.di.rm1&noUDP&sock=startd_2134_5331>
...
006 (277621.000.000) 2025-01-24 06:51:07 Image size of job updated: 1334460
	479  -  MemoryUsage of job (MB)
	490252  -  ResidentSetSize of job (KB)
...
006 (277621.000.000) 2025-01-24 06:52:59 Image size of job updated: 6508200
	479  -  MemoryUsage of job (MB)
	490252  -  ResidentSetSize of job (KB)
...
004 (277621.000.000) 2025-01-24 06:52:59 Job was evicted.
	(0) CPU times
		Usr 0 00:01:58, Sys 0 00:00:03  -  Run Remote Usage
		Usr 0 00:00:00, Sys 0 00:00:00  -  Run Local Usage
	0  -  Run Bytes Sent By Job
	0  -  Run Bytes Received By Job
	Partitionable Resources :    Usage  Request Allocated 
	   Cpus                 :     1.00        1         1 
	   Disk (KB)            :    27          27    499915 
	   Gpus (Average)       :                 0         0 
	   Memory (MB)          :   479           1       128 
...
009 (277621.000.000) 2025-01-24 06:52:59 Job was aborted.
	via condor_rm (by user calzona_2046920)
...
