000 (263275.000.000) 2025-01-17 11:20:46 Job submitted from host: <192.168.0.102:9618?addrs=192.168.0.102-9618&alias=submitter&noUDP&sock=schedd_2032_5c88>
...
001 (263275.000.000) 2025-01-17 11:20:54 Job executing on host: <192.168.0.138:9618?addrs=192.168.0.138-9618&alias=node138.di.rm1&noUDP&sock=startd_2998744_89a3>
...
006 (263275.000.000) 2025-01-17 11:21:02 Image size of job updated: 1369968
	423  -  MemoryUsage of job (MB)
	432696  -  ResidentSetSize of job (KB)
...
006 (263275.000.000) 2025-01-17 11:26:19 Image size of job updated: 8169816
	6962  -  MemoryUsage of job (MB)
	7129084  -  ResidentSetSize of job (KB)
...
006 (263275.000.000) 2025-01-17 11:28:25 Image size of job updated: 8356464
	6973  -  MemoryUsage of job (MB)
	7140040  -  ResidentSetSize of job (KB)
...
005 (263275.000.000) 2025-01-17 11:28:25 Job terminated.
	(0) Abnormal termination (signal 9)
	(0) No core file
		Usr 0 00:03:01, Sys 0 00:01:51  -  Run Remote Usage
		Usr 0 00:00:00, Sys 0 00:00:00  -  Run Local Usage
		Usr 0 00:03:01, Sys 0 00:01:51  -  Total Remote Usage
		Usr 0 00:00:00, Sys 0 00:00:00  -  Total Local Usage
	0  -  Run Bytes Sent By Job
	0  -  Run Bytes Received By Job
	0  -  Total Bytes Sent By Job
	0  -  Total Bytes Received By Job
	Partitionable Resources :    Usage  Request Allocated 
	   Cpus                 :     0.82        1         1 
	   Disk (KB)            :    27          27    474244 
	   Memory (MB)          :  6973           1       128 

	Job terminated of its own accord at 2025-01-17T11:28:25Z with signal 9.
...
