000 (273123.000.000) 2025-01-23 10:41:02 Job submitted from host: <192.168.0.102:9618?addrs=192.168.0.102-9618&alias=submitter&noUDP&sock=schedd_2032_5c88>
...
014 (273123.000.000) 2025-01-23 10:41:11 Node 0 executing on host: <192.168.0.141:9618?addrs=192.168.0.141-9618&alias=node141.di.rm1&noUDP&sock=startd_2077_3a4b>
...
008 (273123.000.000) 2025-01-23 10:41:13 Launching orted on Node 0 of 2
...
014 (273123.000.001) 2025-01-23 10:41:16 Node 1 executing on host: <192.168.0.106:9618?addrs=192.168.0.106-9618&alias=node106.di.rm1&noUDP&sock=startd_1970_d5a9>
...
001 (273123.000.000) 2025-01-23 10:41:16 Job executing on host: MPI_job
...
008 (273123.000.000) 2025-01-23 10:41:43 Node 0 caught SIGTERM, cleaning up mpirun
...
008 (273123.000.000) 2025-01-23 10:41:43 Node 0 caught SIGTERM, cleaning up orted
...
004 (273123.000.000) 2025-01-23 10:41:43 Job was evicted.
	(0) CPU times
		Usr 0 00:00:00, Sys 0 00:00:00  -  Run Remote Usage
		Usr 0 00:00:00, Sys 0 00:00:00  -  Run Local Usage
	0  -  Run Bytes Sent By Job
	67987  -  Run Bytes Received By Job
	Partitionable Resources :    Usage  Request Allocated 
	   Cpus                 :                 1         2 
	   Disk (KB)            :      335       35 103002119 
	   Memory (MB)          :       10        9    100096 
...
009 (273123.000.000) 2025-01-23 10:41:43 Job was aborted.
	via condor_rm (by user calzona_2046920)
...
000 (277902.000.000) 2025-01-24 07:29:28 Job submitted from host: <192.168.0.102:9618?addrs=192.168.0.102-9618&alias=submitter&noUDP&sock=schedd_2032_5c88>
...
014 (277902.000.000) 2025-01-24 07:29:35 Node 0 executing on host: <192.168.0.147:9618?addrs=192.168.0.147-9618&alias=node147.di.rm1&noUDP&sock=startd_1513_5ee1>
...
014 (277902.000.001) 2025-01-24 07:29:35 Node 1 executing on host: <192.168.0.122:9618?addrs=192.168.0.122-9618&alias=node122.di.rm1&noUDP&sock=startd_2134_5331>
...
001 (277902.000.000) 2025-01-24 07:29:35 Job executing on host: MPI_job
...
008 (277902.000.000) 2025-01-24 07:29:37 Launching orted on Node 0 of 2
...
008 (277902.000.000) 2025-01-24 07:29:37 Launching orted on Node 1 of 2
...
008 (277902.000.000) 2025-01-24 07:29:38 orted exited on Node 0 of 2
...
008 (277902.000.000) 2025-01-24 07:29:38 orted exited on Node 1 of 2
...
015 (277902.000.000) 2025-01-24 07:29:38 Node 0 terminated.
	(1) Normal termination (return value 0)
		Usr 0 00:00:00, Sys 0 00:00:00  -  Run Remote Usage
		Usr 0 00:00:00, Sys 0 00:00:00  -  Run Local Usage
		Usr 0 00:00:00, Sys 0 00:00:00  -  Total Remote Usage
		Usr 0 00:00:00, Sys 0 00:00:00  -  Total Local Usage
	3253  -  Run Bytes Sent By Node
	33639  -  Run Bytes Received By Node
	3253  -  Total Bytes Sent By Node
	33639  -  Total Bytes Received By Node
...
005 (277902.000.000) 2025-01-24 07:29:38 Job terminated.
	(1) Normal termination (return value 0)
		Usr 0 00:00:00, Sys 0 00:00:00  -  Run Remote Usage
		Usr 0 00:00:00, Sys 0 00:00:00  -  Run Local Usage
		Usr 0 00:00:00, Sys 0 00:00:00  -  Total Remote Usage
		Usr 0 00:00:00, Sys 0 00:00:00  -  Total Local Usage
	5440  -  Run Bytes Sent By Job
	67278  -  Run Bytes Received By Job
	5440  -  Total Bytes Sent By Job
	67278  -  Total Bytes Received By Job
	Partitionable Resources :    Usage  Request Allocated 
	   Cpus                 :                 1         2 
	   Disk (KB)            :       49       35 102887082 
	   Memory (MB)          :        1        0    100096 

	Job terminated of its own accord at 2025-01-24T07:29:38Z with exit-code 0.
...
