000 (274168.000.000) 2025-01-23 11:39:15 Job submitted from host: <192.168.0.102:9618?addrs=192.168.0.102-9618&alias=submitter&noUDP&sock=schedd_2032_5c88>
...
014 (274168.000.001) 2025-01-23 11:39:20 Node 1 executing on host: <192.168.0.142:9618?addrs=192.168.0.142-9618&alias=node142.di.rm1&noUDP&sock=startd_1996_ab1f>
...
014 (274168.000.002) 2025-01-23 11:39:20 Node 2 executing on host: <192.168.0.151:9618?addrs=192.168.0.151-9618&alias=node151.di.rm1&noUDP&sock=startd_1528_a8cd>
...
014 (274168.000.000) 2025-01-23 11:39:20 Node 0 executing on host: <192.168.0.141:9618?addrs=192.168.0.141-9618&alias=node141.di.rm1&noUDP&sock=startd_2077_3a4b>
...
014 (274168.000.003) 2025-01-23 11:39:20 Node 3 executing on host: <192.168.0.143:9618?addrs=192.168.0.143-9618&alias=node143.di.rm1&noUDP&sock=startd_2061_40c7>
...
001 (274168.000.000) 2025-01-23 11:39:20 Job executing on host: MPI_job
...
008 (274168.000.000) 2025-01-23 11:39:22 Launching orted on Node 2 of 4
...
008 (274168.000.000) 2025-01-23 11:39:22 Launching orted on Node 1 of 4
...
008 (274168.000.000) 2025-01-23 11:39:22 Launching orted on Node 0 of 4
...
008 (274168.000.000) 2025-01-23 11:39:23 Launching orted on Node 3 of 4
...
008 (274168.000.000) 2025-01-23 11:39:55 Node 0 caught SIGTERM, cleaning up mpirun
...
004 (274168.000.000) 2025-01-23 11:39:56 Job was evicted.
	(0) CPU times
		Usr 0 00:00:43, Sys 0 00:00:00  -  Run Remote Usage
		Usr 0 00:00:00, Sys 0 00:00:00  -  Run Local Usage
	0  -  Run Bytes Sent By Job
	134556  -  Run Bytes Received By Job
	Partitionable Resources :    Usage  Request Allocated 
	   Cpus                 :                 1         1 
	   Disk (KB)            :     8560       35    459831 
	   Memory (MB)          :      286        0     40960 
...
009 (274168.000.000) 2025-01-23 11:39:56 Job was aborted.
	via condor_rm (by user calzona_2046920)
...
000 (278906.000.000) 2025-01-24 09:41:17 Job submitted from host: <192.168.0.102:9618?addrs=192.168.0.102-9618&alias=submitter&noUDP&sock=schedd_2032_5c88>
...
014 (278906.000.000) 2025-01-24 09:41:24 Node 0 executing on host: <192.168.0.135:9618?addrs=192.168.0.135-9618&alias=node135.di.rm1&noUDP&sock=startd_2000_6980>
...
014 (278906.000.001) 2025-01-24 09:41:24 Node 1 executing on host: <192.168.0.124:9618?addrs=192.168.0.124-9618&alias=node124.di.rm1&noUDP&sock=startd_2143_7f8b>
...
014 (278906.000.002) 2025-01-24 09:41:24 Node 2 executing on host: <192.168.0.105:9618?addrs=192.168.0.105-9618&alias=node105.di.rm1&noUDP&sock=startd_1951_cd5c>
...
014 (278906.000.003) 2025-01-24 09:41:25 Node 3 executing on host: <192.168.0.105:9618?addrs=192.168.0.105-9618&alias=node105.di.rm1&noUDP&sock=startd_1951_cd5c>
...
001 (278906.000.000) 2025-01-24 09:41:25 Job executing on host: MPI_job
...
008 (278906.000.000) 2025-01-24 09:41:27 Launching orted on Node 0 of 4
...
008 (278906.000.000) 2025-01-24 09:41:27 Launching orted on Node 1 of 4
...
008 (278906.000.000) 2025-01-24 09:41:27 Launching orted on Node 3 of 4
...
008 (278906.000.000) 2025-01-24 09:41:27 Launching orted on Node 2 of 4
...
008 (278906.000.000) 2025-01-24 09:42:13 orted exited on Node 0 of 4
...
008 (278906.000.000) 2025-01-24 09:42:13 orted exited on Node 1 of 4
...
008 (278906.000.000) 2025-01-24 09:42:13 orted exited on Node 3 of 4
...
008 (278906.000.000) 2025-01-24 09:42:13 orted exited on Node 2 of 4
...
015 (278906.000.001) 2025-01-24 09:42:13 Node 1 terminated.
	(1) Normal termination (return value 0)
		Usr 0 00:00:43, Sys 0 00:00:02  -  Run Remote Usage
		Usr 0 00:00:00, Sys 0 00:00:00  -  Run Local Usage
		Usr 0 00:00:43, Sys 0 00:00:02  -  Total Remote Usage
		Usr 0 00:00:00, Sys 0 00:00:00  -  Total Local Usage
	2187  -  Run Bytes Sent By Node
	33639  -  Run Bytes Received By Node
	2187  -  Total Bytes Sent By Node
	33639  -  Total Bytes Received By Node
...
015 (278906.000.000) 2025-01-24 09:42:13 Node 0 terminated.
	(1) Normal termination (return value 0)
		Usr 0 00:00:06, Sys 0 00:00:01  -  Run Remote Usage
		Usr 0 00:00:00, Sys 0 00:00:00  -  Run Local Usage
		Usr 0 00:00:06, Sys 0 00:00:01  -  Total Remote Usage
		Usr 0 00:00:00, Sys 0 00:00:00  -  Total Local Usage
	3260  -  Run Bytes Sent By Node
	33639  -  Run Bytes Received By Node
	3260  -  Total Bytes Sent By Node
	33639  -  Total Bytes Received By Node
...
005 (278906.000.000) 2025-01-24 09:42:13 Job terminated.
	(1) Normal termination (return value 0)
		Usr 0 00:02:17, Sys 0 00:00:05  -  Run Remote Usage
		Usr 0 00:00:00, Sys 0 00:00:00  -  Run Local Usage
		Usr 0 00:00:06, Sys 0 00:00:01  -  Total Remote Usage
		Usr 0 00:00:00, Sys 0 00:00:00  -  Total Local Usage
	5447  -  Run Bytes Sent By Job
	134556  -  Run Bytes Received By Job
	5447  -  Total Bytes Sent By Job
	134556  -  Total Bytes Received By Job
	Partitionable Resources :    Usage  Request Allocated 
	   Cpus                 :                 1         1 
	   Disk (KB)            :       49       35    470875 
	   Memory (MB)          :      263        0     20480 

	Job terminated of its own accord at 2025-01-24T09:42:13Z with exit-code 0.
...
