000 (273968.000.000) 2025-01-23 11:28:58 Job submitted from host: <192.168.0.102:9618?addrs=192.168.0.102-9618&alias=submitter&noUDP&sock=schedd_2032_5c88>
...
014 (273968.000.003) 2025-01-23 11:29:05 Node 3 executing on host: <192.168.0.147:9618?addrs=192.168.0.147-9618&alias=node147.di.rm1&noUDP&sock=startd_1513_5ee1>
...
014 (273968.000.001) 2025-01-23 11:29:05 Node 1 executing on host: <192.168.0.137:9618?addrs=192.168.0.137-9618&alias=node137.di.rm1&noUDP&sock=startd_1934_2440>
...
014 (273968.000.002) 2025-01-23 11:29:05 Node 2 executing on host: <192.168.0.132:9618?addrs=192.168.0.132-9618&alias=node132.di.rm1&noUDP&sock=startd_1999_b9e8>
...
014 (273968.000.000) 2025-01-23 11:29:05 Node 0 executing on host: <192.168.0.106:9618?addrs=192.168.0.106-9618&alias=node106.di.rm1&noUDP&sock=startd_1970_d5a9>
...
001 (273968.000.000) 2025-01-23 11:29:05 Job executing on host: MPI_job
...
008 (273968.000.000) 2025-01-23 11:29:08 Launching orted on Node 3 of 4
...
008 (273968.000.000) 2025-01-23 11:29:08 Launching orted on Node 1 of 4
...
008 (273968.000.000) 2025-01-23 11:29:08 Launching orted on Node 2 of 4
...
008 (273968.000.000) 2025-01-23 11:29:08 Launching orted on Node 0 of 4
...
008 (273968.000.000) 2025-01-23 11:29:11 orted exited on Node 1 of 4
...
008 (273968.000.000) 2025-01-23 11:29:11 orted exited on Node 2 of 4
...
008 (273968.000.000) 2025-01-23 11:29:11 orted exited on Node 0 of 4
...
008 (273968.000.000) 2025-01-23 11:29:11 orted exited on Node 3 of 4
...
015 (273968.000.003) 2025-01-23 11:29:11 Node 3 terminated.
	(1) Normal termination (return value 0)
		Usr 0 00:00:02, Sys 0 00:00:00  -  Run Remote Usage
		Usr 0 00:00:00, Sys 0 00:00:00  -  Run Local Usage
		Usr 0 00:00:02, Sys 0 00:00:00  -  Total Remote Usage
		Usr 0 00:00:00, Sys 0 00:00:00  -  Total Local Usage
	2165  -  Run Bytes Sent By Node
	33639  -  Run Bytes Received By Node
	2165  -  Total Bytes Sent By Node
	33639  -  Total Bytes Received By Node
...
015 (273968.000.002) 2025-01-23 11:29:11 Node 2 terminated.
	(1) Normal termination (return value 0)
		Usr 0 00:00:02, Sys 0 00:00:00  -  Run Remote Usage
		Usr 0 00:00:00, Sys 0 00:00:00  -  Run Local Usage
		Usr 0 00:00:02, Sys 0 00:00:00  -  Total Remote Usage
		Usr 0 00:00:00, Sys 0 00:00:00  -  Total Local Usage
	2165  -  Run Bytes Sent By Node
	33639  -  Run Bytes Received By Node
	2165  -  Total Bytes Sent By Node
	33639  -  Total Bytes Received By Node
...
015 (273968.000.001) 2025-01-23 11:29:11 Node 1 terminated.
	(1) Normal termination (return value 0)
		Usr 0 00:00:02, Sys 0 00:00:01  -  Run Remote Usage
		Usr 0 00:00:00, Sys 0 00:00:00  -  Run Local Usage
		Usr 0 00:00:02, Sys 0 00:00:01  -  Total Remote Usage
		Usr 0 00:00:00, Sys 0 00:00:00  -  Total Local Usage
	2165  -  Run Bytes Sent By Node
	33639  -  Run Bytes Received By Node
	2165  -  Total Bytes Sent By Node
	33639  -  Total Bytes Received By Node
...
015 (273968.000.000) 2025-01-23 11:29:11 Node 0 terminated.
	(1) Normal termination (return value 0)
		Usr 0 00:00:00, Sys 0 00:00:00  -  Run Remote Usage
		Usr 0 00:00:00, Sys 0 00:00:00  -  Run Local Usage
		Usr 0 00:00:00, Sys 0 00:00:00  -  Total Remote Usage
		Usr 0 00:00:00, Sys 0 00:00:00  -  Total Local Usage
	3263  -  Run Bytes Sent By Node
	33639  -  Run Bytes Received By Node
	3263  -  Total Bytes Sent By Node
	33639  -  Total Bytes Received By Node
...
005 (273968.000.000) 2025-01-23 11:29:11 Job terminated.
	(1) Normal termination (return value 0)
		Usr 0 00:00:06, Sys 0 00:00:01  -  Run Remote Usage
		Usr 0 00:00:00, Sys 0 00:00:00  -  Run Local Usage
		Usr 0 00:00:00, Sys 0 00:00:00  -  Total Remote Usage
		Usr 0 00:00:00, Sys 0 00:00:00  -  Total Local Usage
	9758  -  Run Bytes Sent By Job
	134556  -  Run Bytes Received By Job
	9758  -  Total Bytes Sent By Job
	134556  -  Total Bytes Received By Job
	Partitionable Resources :    Usage  Request Allocated 
	   Cpus                 :                 1         1 
	   Disk (KB)            :       49       35    468979 
	   Memory (MB)          :        0      315     40960 

	Job terminated of its own accord at 2025-01-23T11:29:11Z with exit-code 0.
...
000 (278714.000.000) 2025-01-24 09:19:00 Job submitted from host: <192.168.0.102:9618?addrs=192.168.0.102-9618&alias=submitter&noUDP&sock=schedd_2032_5c88>
...
014 (278714.000.000) 2025-01-24 09:19:07 Node 0 executing on host: <192.168.0.137:9618?addrs=192.168.0.137-9618&alias=node137.di.rm1&noUDP&sock=startd_1934_2440>
...
014 (278714.000.001) 2025-01-24 09:19:07 Node 1 executing on host: <192.168.0.111:9618?addrs=192.168.0.111-9618&alias=node111.di.rm1&noUDP&sock=startd_2044_97ab>
...
014 (278714.000.002) 2025-01-24 09:19:07 Node 2 executing on host: <192.168.0.147:9618?addrs=192.168.0.147-9618&alias=node147.di.rm1&noUDP&sock=startd_1513_5ee1>
...
014 (278714.000.003) 2025-01-24 09:19:07 Node 3 executing on host: <192.168.0.151:9618?addrs=192.168.0.151-9618&alias=node151.di.rm1&noUDP&sock=startd_1528_a8cd>
...
001 (278714.000.000) 2025-01-24 09:19:07 Job executing on host: MPI_job
...
008 (278714.000.000) 2025-01-24 09:19:09 Launching orted on Node 0 of 4
...
008 (278714.000.000) 2025-01-24 09:19:09 Launching orted on Node 2 of 4
...
008 (278714.000.000) 2025-01-24 09:19:09 Launching orted on Node 1 of 4
...
008 (278714.000.000) 2025-01-24 09:19:09 Launching orted on Node 3 of 4
...
008 (278714.000.000) 2025-01-24 09:19:12 orted exited on Node 2 of 4
...
008 (278714.000.000) 2025-01-24 09:19:12 orted exited on Node 1 of 4
...
008 (278714.000.000) 2025-01-24 09:19:12 orted exited on Node 3 of 4
...
008 (278714.000.000) 2025-01-24 09:19:12 orted exited on Node 0 of 4
...
015 (278714.000.002) 2025-01-24 09:19:12 Node 2 terminated.
	(1) Normal termination (return value 0)
		Usr 0 00:00:02, Sys 0 00:00:00  -  Run Remote Usage
		Usr 0 00:00:00, Sys 0 00:00:00  -  Run Local Usage
		Usr 0 00:00:02, Sys 0 00:00:00  -  Total Remote Usage
		Usr 0 00:00:00, Sys 0 00:00:00  -  Total Local Usage
	2165  -  Run Bytes Sent By Node
	33639  -  Run Bytes Received By Node
	2165  -  Total Bytes Sent By Node
	33639  -  Total Bytes Received By Node
...
015 (278714.000.000) 2025-01-24 09:19:12 Node 0 terminated.
	(1) Normal termination (return value 0)
		Usr 0 00:00:03, Sys 0 00:00:00  -  Run Remote Usage
		Usr 0 00:00:00, Sys 0 00:00:00  -  Run Local Usage
		Usr 0 00:00:03, Sys 0 00:00:00  -  Total Remote Usage
		Usr 0 00:00:00, Sys 0 00:00:00  -  Total Local Usage
	3263  -  Run Bytes Sent By Node
	33639  -  Run Bytes Received By Node
	3263  -  Total Bytes Sent By Node
	33639  -  Total Bytes Received By Node
...
005 (278714.000.000) 2025-01-24 09:19:12 Job terminated.
	(1) Normal termination (return value 0)
		Usr 0 00:00:10, Sys 0 00:00:00  -  Run Remote Usage
		Usr 0 00:00:00, Sys 0 00:00:00  -  Run Local Usage
		Usr 0 00:00:01, Sys 0 00:00:00  -  Total Remote Usage
		Usr 0 00:00:00, Sys 0 00:00:00  -  Total Local Usage
	5428  -  Run Bytes Sent By Job
	134556  -  Run Bytes Received By Job
	5428  -  Total Bytes Sent By Job
	134556  -  Total Bytes Received By Job
	Partitionable Resources :    Usage  Request Allocated 
	   Cpus                 :                 1         2 
	   Disk (KB)            :       49       35 102846057 
	   Memory (MB)          :        0      266    100096 

	Job terminated of its own accord at 2025-01-24T09:19:12Z with exit-code 0.
...
000 (286985.000.000) 2025-01-28 16:13:39 Job submitted from host: <192.168.0.102:9618?addrs=192.168.0.102-9618&alias=submitter&noUDP&sock=schedd_2032_5c88>
...
007 (286985.000.000) 2025-01-28 16:13:45 Shadow exception!
	Assertion ERROR on (jobAdNumInProc == numInProc)
	0  -  Run Bytes Sent By Job
	0  -  Run Bytes Received By Job
...
014 (286985.000.000) 2025-01-28 16:13:50 Node 0 executing on host: <192.168.0.142:9618?addrs=192.168.0.142-9618&alias=node142.di.rm1&noUDP&sock=startd_1996_ab1f>
...
014 (286985.000.002) 2025-01-28 16:13:50 Node 2 executing on host: <192.168.0.148:9618?addrs=192.168.0.148-9618&alias=node148.di.rm1&noUDP&sock=startd_1547_b119>
...
014 (286985.000.003) 2025-01-28 16:13:50 Node 3 executing on host: <192.168.0.104:9618?addrs=192.168.0.104-9618&alias=node104.di.rm1&noUDP&sock=startd_1987_7ec5>
...
014 (286985.000.001) 2025-01-28 16:13:50 Node 1 executing on host: <192.168.0.112:9618?addrs=192.168.0.112-9618&alias=node112.di.rm1&noUDP&sock=startd_2169_5502>
...
001 (286985.000.000) 2025-01-28 16:13:50 Job executing on host: MPI_job
...
008 (286985.000.000) 2025-01-28 16:13:52 Launching orted on Node 0 of 4
...
008 (286985.000.000) 2025-01-28 16:13:52 Launching orted on Node 2 of 4
...
008 (286985.000.000) 2025-01-28 16:13:52 Launching orted on Node 3 of 4
...
008 (286985.000.000) 2025-01-28 16:13:52 Launching orted on Node 1 of 4
...
008 (286985.000.000) 2025-01-28 16:13:55 orted exited on Node 1 of 4
...
008 (286985.000.000) 2025-01-28 16:13:55 orted exited on Node 2 of 4
...
008 (286985.000.000) 2025-01-28 16:13:55 orted exited on Node 3 of 4
...
008 (286985.000.000) 2025-01-28 16:13:55 orted exited on Node 0 of 4
...
015 (286985.000.000) 2025-01-28 16:13:55 Node 0 terminated.
	(1) Normal termination (return value 0)
		Usr 0 00:00:03, Sys 0 00:00:00  -  Run Remote Usage
		Usr 0 00:00:00, Sys 0 00:00:00  -  Run Local Usage
		Usr 0 00:00:03, Sys 0 00:00:00  -  Total Remote Usage
		Usr 0 00:00:00, Sys 0 00:00:00  -  Total Local Usage
	3263  -  Run Bytes Sent By Node
	33591  -  Run Bytes Received By Node
	3263  -  Total Bytes Sent By Node
	33591  -  Total Bytes Received By Node
...
005 (286985.000.000) 2025-01-28 16:13:55 Job terminated.
	(1) Normal termination (return value 0)
		Usr 0 00:00:09, Sys 0 00:00:00  -  Run Remote Usage
		Usr 0 00:00:00, Sys 0 00:00:00  -  Run Local Usage
		Usr 0 00:00:01, Sys 0 00:00:00  -  Total Remote Usage
		Usr 0 00:00:00, Sys 0 00:00:00  -  Total Local Usage
	3263  -  Run Bytes Sent By Job
	134364  -  Run Bytes Received By Job
	3263  -  Total Bytes Sent By Job
	134364  -  Total Bytes Received By Job
	Partitionable Resources :    Usage  Request Allocated 
	   Cpus                 :                 1         2 
	   Disk (KB)            :       51       35 103011620 
	   Memory (MB)          :        0      270    100096 

	Job terminated of its own accord at 2025-01-28T16:13:55Z with exit-code 0.
...
