000 (289839.000.000) 2025-01-29 11:45:52 Job submitted from host: <192.168.0.102:9618?addrs=192.168.0.102-9618&alias=submitter&noUDP&sock=schedd_2032_5c88>
...
014 (289839.000.000) 2025-01-29 11:45:55 Node 0 executing on host: <192.168.0.112:9618?addrs=192.168.0.112-9618&alias=node112.di.rm1&noUDP&sock=startd_2169_5502>
...
014 (289839.000.001) 2025-01-29 11:45:55 Node 1 executing on host: <192.168.0.137:9618?addrs=192.168.0.137-9618&alias=node137.di.rm1&noUDP&sock=startd_1934_2440>
...
014 (289839.000.002) 2025-01-29 11:45:55 Node 2 executing on host: <192.168.0.134:9618?addrs=192.168.0.134-9618&alias=node134.di.rm1&noUDP&sock=startd_2073_7bea>
...
014 (289839.000.003) 2025-01-29 11:45:56 Node 3 executing on host: <192.168.0.124:9618?addrs=192.168.0.124-9618&alias=node124.di.rm1&noUDP&sock=startd_2143_7f8b>
...
001 (289839.000.000) 2025-01-29 11:45:56 Job executing on host: MPI_job
...
008 (289839.000.000) 2025-01-29 11:45:58 Launching orted on Node 0 of 4
...
008 (289839.000.000) 2025-01-29 11:45:58 Launching orted on Node 2 of 4
...
008 (289839.000.000) 2025-01-29 11:45:58 Launching orted on Node 1 of 4
...
008 (289839.000.000) 2025-01-29 11:45:58 Launching orted on Node 3 of 4
...
008 (289839.000.000) 2025-01-29 11:46:06 orted exited on Node 2 of 4
...
008 (289839.000.000) 2025-01-29 11:46:06 orted exited on Node 0 of 4
...
008 (289839.000.000) 2025-01-29 11:46:06 orted exited on Node 3 of 4
...
008 (289839.000.000) 2025-01-29 11:46:06 orted exited on Node 1 of 4
...
015 (289839.000.000) 2025-01-29 11:46:06 Node 0 terminated.
	(1) Normal termination (return value 0)
		Usr 0 00:01:00, Sys 0 00:00:02  -  Run Remote Usage
		Usr 0 00:00:00, Sys 0 00:00:00  -  Run Local Usage
		Usr 0 00:01:00, Sys 0 00:00:02  -  Total Remote Usage
		Usr 0 00:00:00, Sys 0 00:00:00  -  Total Local Usage
	3485  -  Run Bytes Sent By Node
	33791  -  Run Bytes Received By Node
	3485  -  Total Bytes Sent By Node
	33791  -  Total Bytes Received By Node
...
005 (289839.000.000) 2025-01-29 11:46:06 Job terminated.
	(1) Normal termination (return value 0)
		Usr 0 00:04:40, Sys 0 00:00:15  -  Run Remote Usage
		Usr 0 00:00:00, Sys 0 00:00:00  -  Run Local Usage
		Usr 0 00:01:00, Sys 0 00:00:02  -  Total Remote Usage
		Usr 0 00:00:00, Sys 0 00:00:00  -  Total Local Usage
	3485  -  Run Bytes Sent By Job
	135164  -  Run Bytes Received By Job
	3485  -  Total Bytes Sent By Job
	135164  -  Total Bytes Received By Job
	Partitionable Resources :    Usage  Request Allocated 
	   Cpus                 :                 4         4 
	   Disk (KB)            :       51       35    437925 
	   GPUs                 :                           0 
	   Memory (MB)          :      319        5       128 

	Job terminated of its own accord at 2025-01-29T11:46:06Z with exit-code 0.
...
