000 (271561.000.000) 2025-01-22 01:11:07 Job submitted from host: <192.168.0.102:9618?addrs=192.168.0.102-9618&alias=submitter&noUDP&sock=schedd_2032_5c88>
...
001 (271561.000.000) 2025-01-22 01:11:26 Job executing on host: <192.168.0.148:9618?addrs=192.168.0.148-9618&alias=node148.di.rm1&noUDP&sock=startd_1547_b119>
...
006 (271561.000.000) 2025-01-22 01:11:35 Image size of job updated: 44784
	43  -  MemoryUsage of job (MB)
	43200  -  ResidentSetSize of job (KB)
...
006 (271561.000.000) 2025-01-22 01:11:42 Image size of job updated: 115140
	43  -  MemoryUsage of job (MB)
	43200  -  ResidentSetSize of job (KB)
...
005 (271561.000.000) 2025-01-22 01:11:43 Job terminated.
	(1) Normal termination (return value 0)
		Usr 0 00:04:11, Sys 0 00:00:00  -  Run Remote Usage
		Usr 0 00:00:00, Sys 0 00:00:00  -  Run Local Usage
		Usr 0 00:04:11, Sys 0 00:00:00  -  Total Remote Usage
		Usr 0 00:00:00, Sys 0 00:00:00  -  Total Local Usage
	0  -  Run Bytes Sent By Job
	0  -  Run Bytes Received By Job
	0  -  Total Bytes Sent By Job
	0  -  Total Bytes Received By Job
	Partitionable Resources :    Usage  Request Allocated 
	   Cpus                 :                 1         1 
	   Disk (KB)            :       27       27    467548 
	   Memory (MB)          :       43        1       128 

	Job terminated of its own accord at 2025-01-22T01:11:42Z with exit-code 0.
...
000 (277715.000.000) 2025-01-24 06:59:31 Job submitted from host: <192.168.0.102:9618?addrs=192.168.0.102-9618&alias=submitter&noUDP&sock=schedd_2032_5c88>
...
001 (277715.000.000) 2025-01-24 06:59:31 Job executing on host: <192.168.0.123:9618?addrs=192.168.0.123-9618&alias=node123.di.rm1&noUDP&sock=startd_2149_9d1d>
...
006 (277715.000.000) 2025-01-24 06:59:40 Image size of job updated: 115140
	37  -  MemoryUsage of job (MB)
	37620  -  ResidentSetSize of job (KB)
...
005 (277715.000.000) 2025-01-24 06:59:52 Job terminated.
	(1) Normal termination (return value 0)
		Usr 0 00:05:12, Sys 0 00:00:00  -  Run Remote Usage
		Usr 0 00:00:00, Sys 0 00:00:00  -  Run Local Usage
		Usr 0 00:05:12, Sys 0 00:00:00  -  Total Remote Usage
		Usr 0 00:00:00, Sys 0 00:00:00  -  Total Local Usage
	0  -  Run Bytes Sent By Job
	0  -  Run Bytes Received By Job
	0  -  Total Bytes Sent By Job
	0  -  Total Bytes Received By Job
	Partitionable Resources :    Usage  Request Allocated 
	   Cpus                 :                 1         1 
	   Disk (KB)            :       27       27    499900 
	   Gpus (Average)       :                 0         0 
	   Memory (MB)          :       37        1       128 

	Job terminated of its own accord at 2025-01-24T06:59:52Z with exit-code 0.
...
