000 (271388.000.000) 2025-01-22 00:57:39 Job submitted from host: <192.168.0.102:9618?addrs=192.168.0.102-9618&alias=submitter&noUDP&sock=schedd_2032_5c88>
...
001 (271388.000.000) 2025-01-22 00:57:48 Job executing on host: <192.168.0.120:9618?addrs=192.168.0.120-9618&alias=node120.di.rm1&noUDP&sock=startd_2096_4298>
...
006 (271388.000.000) 2025-01-22 00:57:57 Image size of job updated: 392964
	384  -  MemoryUsage of job (MB)
	392964  -  ResidentSetSize of job (KB)
...
006 (271388.000.000) 2025-01-22 00:58:40 Image size of job updated: 2475112
	385  -  MemoryUsage of job (MB)
	393624  -  ResidentSetSize of job (KB)
...
004 (271388.000.000) 2025-01-22 00:58:40 Job was evicted.
	(0) CPU times
		Usr 0 00:00:50, Sys 0 00:00:00  -  Run Remote Usage
		Usr 0 00:00:00, Sys 0 00:00:00  -  Run Local Usage
	0  -  Run Bytes Sent By Job
	0  -  Run Bytes Received By Job
	Partitionable Resources :    Usage  Request Allocated 
	   Cpus                 :     1.00        1         1 
	   Disk (KB)            :    27          27    459052 
	   Gpus (Average)       :                 0         0 
	   Memory (MB)          :   385           1       128 
...
009 (271388.000.000) 2025-01-22 00:58:41 Job was aborted.
	via condor_rm (by user calzona_2046920)
...
000 (277542.000.000) 2025-01-24 06:38:03 Job submitted from host: <192.168.0.102:9618?addrs=192.168.0.102-9618&alias=submitter&noUDP&sock=schedd_2032_5c88>
...
001 (277542.000.000) 2025-01-24 06:38:15 Job executing on host: <192.168.0.123:9618?addrs=192.168.0.123-9618&alias=node123.di.rm1&noUDP&sock=startd_2149_9d1d>
...
006 (277542.000.000) 2025-01-24 06:38:24 Image size of job updated: 422796
	413  -  MemoryUsage of job (MB)
	422796  -  ResidentSetSize of job (KB)
...
006 (277542.000.000) 2025-01-24 06:40:05 Image size of job updated: 5204232
	413  -  MemoryUsage of job (MB)
	422796  -  ResidentSetSize of job (KB)
...
004 (277542.000.000) 2025-01-24 06:40:05 Job was evicted.
	(0) CPU times
		Usr 0 00:01:46, Sys 0 00:00:02  -  Run Remote Usage
		Usr 0 00:00:00, Sys 0 00:00:00  -  Run Local Usage
	0  -  Run Bytes Sent By Job
	0  -  Run Bytes Received By Job
	Partitionable Resources :    Usage  Request Allocated 
	   Cpus                 :                 1         1 
	   Disk (KB)            :       27       27    499900 
	   Gpus (Average)       :                 0         0 
	   Memory (MB)          :      413        1       128 
...
009 (277542.000.000) 2025-01-24 06:40:05 Job was aborted.
	via condor_rm (by user calzona_2046920)
...
