000 (265076.000.000) 2025-01-17 11:21:44 Job submitted from host: <192.168.0.102:9618?addrs=192.168.0.102-9618&alias=submitter&noUDP&sock=schedd_2032_5c88>
...
001 (265076.000.000) 2025-01-17 11:21:49 Job executing on host: <192.168.0.140:9618?addrs=192.168.0.140-9618&alias=node140.di.rm1&noUDP&sock=startd_1890_f615>
...
006 (265076.000.000) 2025-01-17 11:21:57 Image size of job updated: 1379340
	332  -  MemoryUsage of job (MB)
	339768  -  ResidentSetSize of job (KB)
...
006 (265076.000.000) 2025-01-17 11:28:19 Image size of job updated: 6587664
	5297  -  MemoryUsage of job (MB)
	5423832  -  ResidentSetSize of job (KB)
...
006 (265076.000.000) 2025-01-17 11:33:44 Image size of job updated: 7568160
	6254  -  MemoryUsage of job (MB)
	6403100  -  ResidentSetSize of job (KB)
...
006 (265076.000.000) 2025-01-17 11:33:48 Image size of job updated: 7568160
	6311  -  MemoryUsage of job (MB)
	6462196  -  ResidentSetSize of job (KB)
...
004 (265076.000.000) 2025-01-17 11:33:48 Job was evicted.
	(0) CPU times
		Usr 0 00:02:49, Sys 0 00:04:35  -  Run Remote Usage
		Usr 0 00:00:00, Sys 0 00:00:00  -  Run Local Usage
	0  -  Run Bytes Sent By Job
	0  -  Run Bytes Received By Job
	Partitionable Resources :    Usage  Request Allocated 
	   Cpus                 :     0.61        1         1 
	   Disk (KB)            :    27          27    468367 
	   Memory (MB)          :  6311           1       128 
...
009 (265076.000.000) 2025-01-17 11:33:48 Job was aborted.
	via condor_rm (by user calzona_2046920)
...
