000 (271086.000.000) 2025-01-22 00:41:45 Job submitted from host: <192.168.0.102:9618?addrs=192.168.0.102-9618&alias=submitter&noUDP&sock=schedd_2032_5c88>
...
001 (271086.000.000) 2025-01-22 00:41:49 Job executing on host: <192.168.0.151:9618?addrs=192.168.0.151-9618&alias=node151.di.rm1&noUDP&sock=startd_1528_a8cd>
...
006 (271086.000.000) 2025-01-22 00:41:58 Image size of job updated: 1207872
	496  -  MemoryUsage of job (MB)
	507804  -  ResidentSetSize of job (KB)
...
006 (271086.000.000) 2025-01-22 00:42:48 Image size of job updated: 3879948
	498  -  MemoryUsage of job (MB)
	508992  -  ResidentSetSize of job (KB)
...
004 (271086.000.000) 2025-01-22 00:42:48 Job was evicted.
	(0) CPU times
		Usr 0 00:00:56, Sys 0 00:00:01  -  Run Remote Usage
		Usr 0 00:00:00, Sys 0 00:00:00  -  Run Local Usage
	0  -  Run Bytes Sent By Job
	0  -  Run Bytes Received By Job
	Partitionable Resources :    Usage  Request Allocated 
	   Cpus                 :                 1         1 
	   Disk (KB)            :       27       27    474791 
	   Memory (MB)          :      498        1       128 
...
009 (271086.000.000) 2025-01-22 00:42:48 Job was aborted.
	via condor_rm (by user calzona_2046920)
...
