000 (295687.000.000) 2025-01-31 02:45:45 Job submitted from host: <192.168.0.102:9618?addrs=192.168.0.102-9618&alias=submitter&noUDP&sock=schedd_4045053_7bc0>
...
014 (295687.000.003) 2025-01-31 02:45:52 Node 3 executing on host: <192.168.0.145:9618?addrs=192.168.0.145-9618&alias=node145.di.rm1&noUDP&sock=startd_1869_8e98>
...
014 (295687.000.002) 2025-01-31 02:45:52 Node 2 executing on host: <192.168.0.106:9618?addrs=192.168.0.106-9618&alias=node106.di.rm1&noUDP&sock=startd_1970_d5a9>
...
014 (295687.000.000) 2025-01-31 02:45:52 Node 0 executing on host: <192.168.0.110:9618?addrs=192.168.0.110-9618&alias=node110.di.rm1&noUDP&sock=startd_2154_0b16>
...
014 (295687.000.001) 2025-01-31 02:45:52 Node 1 executing on host: <192.168.0.120:9618?addrs=192.168.0.120-9618&alias=node120.di.rm1&noUDP&sock=startd_2096_4298>
...
014 (295687.000.006) 2025-01-31 02:45:52 Node 6 executing on host: <192.168.0.106:9618?addrs=192.168.0.106-9618&alias=node106.di.rm1&noUDP&sock=startd_1970_d5a9>
...
014 (295687.000.005) 2025-01-31 02:45:52 Node 5 executing on host: <192.168.0.120:9618?addrs=192.168.0.120-9618&alias=node120.di.rm1&noUDP&sock=startd_2096_4298>
...
014 (295687.000.007) 2025-01-31 02:45:52 Node 7 executing on host: <192.168.0.145:9618?addrs=192.168.0.145-9618&alias=node145.di.rm1&noUDP&sock=startd_1869_8e98>
...
014 (295687.000.004) 2025-01-31 02:45:52 Node 4 executing on host: <192.168.0.140:9618?addrs=192.168.0.140-9618&alias=node140.di.rm1&noUDP&sock=startd_1890_f615>
...
001 (295687.000.000) 2025-01-31 02:45:52 Job executing on host: MPI_job
...
008 (295687.000.000) 2025-01-31 02:45:54 Launching orted on Node 2 of 8
...
008 (295687.000.000) 2025-01-31 02:45:54 Launching orted on Node 3 of 8
...
008 (295687.000.000) 2025-01-31 02:45:54 Launching orted on Node 6 of 8
...
008 (295687.000.000) 2025-01-31 02:45:54 Launching orted on Node 0 of 8
...
008 (295687.000.000) 2025-01-31 02:45:55 Launching orted on Node 1 of 8
...
008 (295687.000.000) 2025-01-31 02:45:55 Launching orted on Node 5 of 8
...
008 (295687.000.000) 2025-01-31 02:45:55 Launching orted on Node 7 of 8
...
008 (295687.000.000) 2025-01-31 02:45:55 Launching orted on Node 4 of 8
...
008 (295687.000.000) 2025-01-31 02:46:10 orted exited on Node 2 of 8
...
008 (295687.000.000) 2025-01-31 02:46:10 orted exited on Node 4 of 8
...
008 (295687.000.000) 2025-01-31 02:46:10 orted exited on Node 0 of 8
...
008 (295687.000.000) 2025-01-31 02:46:10 orted exited on Node 3 of 8
...
008 (295687.000.000) 2025-01-31 02:46:10 orted exited on Node 6 of 8
...
008 (295687.000.000) 2025-01-31 02:46:10 orted exited on Node 7 of 8
...
008 (295687.000.000) 2025-01-31 02:46:10 orted exited on Node 1 of 8
...
008 (295687.000.000) 2025-01-31 02:46:10 orted exited on Node 5 of 8
...
015 (295687.000.002) 2025-01-31 02:46:11 Node 2 terminated.
	(1) Normal termination (return value 0)
		Usr 0 00:00:29, Sys 0 00:00:01  -  Run Remote Usage
		Usr 0 00:00:00, Sys 0 00:00:00  -  Run Local Usage
		Usr 0 00:00:29, Sys 0 00:00:01  -  Total Remote Usage
		Usr 0 00:00:00, Sys 0 00:00:00  -  Total Local Usage
	2333  -  Run Bytes Sent By Node
	33831  -  Run Bytes Received By Node
	2333  -  Total Bytes Sent By Node
	33831  -  Total Bytes Received By Node
...
015 (295687.000.006) 2025-01-31 02:46:11 Node 6 terminated.
	(1) Normal termination (return value 0)
		Usr 0 00:00:29, Sys 0 00:00:00  -  Run Remote Usage
		Usr 0 00:00:00, Sys 0 00:00:00  -  Run Local Usage
		Usr 0 00:00:29, Sys 0 00:00:00  -  Total Remote Usage
		Usr 0 00:00:00, Sys 0 00:00:00  -  Total Local Usage
	2333  -  Run Bytes Sent By Node
	33831  -  Run Bytes Received By Node
	2333  -  Total Bytes Sent By Node
	33831  -  Total Bytes Received By Node
...
015 (295687.000.003) 2025-01-31 02:46:11 Node 3 terminated.
	(1) Normal termination (return value 0)
		Usr 0 00:00:29, Sys 0 00:00:01  -  Run Remote Usage
		Usr 0 00:00:00, Sys 0 00:00:00  -  Run Local Usage
		Usr 0 00:00:29, Sys 0 00:00:01  -  Total Remote Usage
		Usr 0 00:00:00, Sys 0 00:00:00  -  Total Local Usage
	2333  -  Run Bytes Sent By Node
	33831  -  Run Bytes Received By Node
	2333  -  Total Bytes Sent By Node
	33831  -  Total Bytes Received By Node
...
015 (295687.000.007) 2025-01-31 02:46:11 Node 7 terminated.
	(1) Normal termination (return value 0)
		Usr 0 00:00:30, Sys 0 00:00:00  -  Run Remote Usage
		Usr 0 00:00:00, Sys 0 00:00:00  -  Run Local Usage
		Usr 0 00:00:30, Sys 0 00:00:00  -  Total Remote Usage
		Usr 0 00:00:00, Sys 0 00:00:00  -  Total Local Usage
	2333  -  Run Bytes Sent By Node
	33831  -  Run Bytes Received By Node
	2333  -  Total Bytes Sent By Node
	33831  -  Total Bytes Received By Node
...
015 (295687.000.001) 2025-01-31 02:46:11 Node 1 terminated.
	(1) Normal termination (return value 0)
		Usr 0 00:00:29, Sys 0 00:00:00  -  Run Remote Usage
		Usr 0 00:00:00, Sys 0 00:00:00  -  Run Local Usage
		Usr 0 00:00:29, Sys 0 00:00:00  -  Total Remote Usage
		Usr 0 00:00:00, Sys 0 00:00:00  -  Total Local Usage
	2355  -  Run Bytes Sent By Node
	33831  -  Run Bytes Received By Node
	2355  -  Total Bytes Sent By Node
	33831  -  Total Bytes Received By Node
...
015 (295687.000.005) 2025-01-31 02:46:11 Node 5 terminated.
	(1) Normal termination (return value 0)
		Usr 0 00:00:29, Sys 0 00:00:01  -  Run Remote Usage
		Usr 0 00:00:00, Sys 0 00:00:00  -  Run Local Usage
		Usr 0 00:00:29, Sys 0 00:00:01  -  Total Remote Usage
		Usr 0 00:00:00, Sys 0 00:00:00  -  Total Local Usage
	2355  -  Run Bytes Sent By Node
	33831  -  Run Bytes Received By Node
	2355  -  Total Bytes Sent By Node
	33831  -  Total Bytes Received By Node
...
015 (295687.000.000) 2025-01-31 02:46:11 Node 0 terminated.
	(1) Normal termination (return value 0)
		Usr 0 00:00:00, Sys 0 00:00:00  -  Run Remote Usage
		Usr 0 00:00:00, Sys 0 00:00:00  -  Run Local Usage
		Usr 0 00:00:00, Sys 0 00:00:00  -  Total Remote Usage
		Usr 0 00:00:00, Sys 0 00:00:00  -  Total Local Usage
	3941  -  Run Bytes Sent By Node
	33831  -  Run Bytes Received By Node
	3941  -  Total Bytes Sent By Node
	33831  -  Total Bytes Received By Node
...
005 (295687.000.000) 2025-01-31 02:46:11 Job terminated.
	(1) Normal termination (return value 0)
		Usr 0 00:03:24, Sys 0 00:00:04  -  Run Remote Usage
		Usr 0 00:00:00, Sys 0 00:00:00  -  Run Local Usage
		Usr 0 00:00:00, Sys 0 00:00:00  -  Total Remote Usage
		Usr 0 00:00:00, Sys 0 00:00:00  -  Total Local Usage
	17983  -  Run Bytes Sent By Job
	270648  -  Run Bytes Received By Job
	17983  -  Total Bytes Sent By Job
	270648  -  Total Bytes Received By Job
	Partitionable Resources :    Usage  Request Allocated 
	   Cpus                 :                 1         1 
	   Disk (KB)            :       53       35  21531460 
	   GPUs                 :                           1 
	   Memory (MB)          :       31      328     65536 

	Job terminated of its own accord at 2025-01-31T02:46:10Z with exit-code 0.
...
