000 (269833.000.000) 2025-01-21 23:09:57 Job submitted from host: <192.168.0.102:9618?addrs=192.168.0.102-9618&alias=submitter&noUDP&sock=schedd_2032_5c88>
...
001 (269833.000.000) 2025-01-21 23:10:02 Job executing on host: <192.168.0.151:9618?addrs=192.168.0.151-9618&alias=node151.di.rm1&noUDP&sock=startd_1528_a8cd>
...
006 (269833.000.000) 2025-01-21 23:10:12 Image size of job updated: 387816
	379  -  MemoryUsage of job (MB)
	387816  -  ResidentSetSize of job (KB)
...
006 (269833.000.000) 2025-01-21 23:11:00 Image size of job updated: 2182888
	380  -  MemoryUsage of job (MB)
	388608  -  ResidentSetSize of job (KB)
...
004 (269833.000.000) 2025-01-21 23:11:00 Job was evicted.
	(0) CPU times
		Usr 0 00:01:02, Sys 0 00:00:00  -  Run Remote Usage
		Usr 0 00:00:00, Sys 0 00:00:00  -  Run Local Usage
	0  -  Run Bytes Sent By Job
	0  -  Run Bytes Received By Job
	Partitionable Resources :    Usage  Request Allocated 
	   Cpus                 :                 1         1 
	   Disk (KB)            :       27       27    474791 
	   Memory (MB)          :      380        1       128 
...
009 (269833.000.000) 2025-01-21 23:11:00 Job was aborted.
	via condor_rm (by user calzona_2046920)
...
000 (275990.000.000) 2025-01-24 03:42:57 Job submitted from host: <192.168.0.102:9618?addrs=192.168.0.102-9618&alias=submitter&noUDP&sock=schedd_2032_5c88>
...
001 (275990.000.000) 2025-01-24 03:42:57 Job executing on host: <192.168.0.151:9618?addrs=192.168.0.151-9618&alias=node151.di.rm1&noUDP&sock=startd_1528_a8cd>
...
006 (275990.000.000) 2025-01-24 03:43:06 Image size of job updated: 401544
	393  -  MemoryUsage of job (MB)
	401544  -  ResidentSetSize of job (KB)
...
006 (275990.000.000) 2025-01-24 03:44:58 Image size of job updated: 2198480
	393  -  MemoryUsage of job (MB)
	401544  -  ResidentSetSize of job (KB)
...
004 (275990.000.000) 2025-01-24 03:44:58 Job was evicted.
	(0) CPU times
		Usr 0 00:03:16, Sys 0 00:00:00  -  Run Remote Usage
		Usr 0 00:00:00, Sys 0 00:00:00  -  Run Local Usage
	0  -  Run Bytes Sent By Job
	0  -  Run Bytes Received By Job
	Partitionable Resources :    Usage  Request Allocated 
	   Cpus                 :                 1         1 
	   Disk (KB)            :       27       27    474791 
	   Memory (MB)          :      393        1       128 
...
009 (275990.000.000) 2025-01-24 03:44:58 Job was aborted.
	via condor_rm (by user calzona_2046920)
...
