000 (282419.000.000) 2025-01-26 17:26:13 Job submitted from host: <192.168.0.102:9618?addrs=192.168.0.102-9618&alias=submitter&noUDP&sock=schedd_2032_5c88>
...
014 (282419.000.000) 2025-01-26 17:26:21 Node 0 executing on host: <192.168.0.112:9618?addrs=192.168.0.112-9618&alias=node112.di.rm1&noUDP&sock=startd_2169_5502>
...
014 (282419.000.001) 2025-01-26 17:26:21 Node 1 executing on host: <192.168.0.122:9618?addrs=192.168.0.122-9618&alias=node122.di.rm1&noUDP&sock=startd_2134_5331>
...
014 (282419.000.002) 2025-01-26 17:26:21 Node 2 executing on host: <192.168.0.137:9618?addrs=192.168.0.137-9618&alias=node137.di.rm1&noUDP&sock=startd_1934_2440>
...
014 (282419.000.005) 2025-01-26 17:26:21 Node 5 executing on host: <192.168.0.139:9618?addrs=192.168.0.139-9618&alias=node139.di.rm1&noUDP&sock=startd_1966_1748>
...
014 (282419.000.006) 2025-01-26 17:26:21 Node 6 executing on host: <192.168.0.148:9618?addrs=192.168.0.148-9618&alias=node148.di.rm1&noUDP&sock=startd_1547_b119>
...
014 (282419.000.004) 2025-01-26 17:26:21 Node 4 executing on host: <192.168.0.142:9618?addrs=192.168.0.142-9618&alias=node142.di.rm1&noUDP&sock=startd_1996_ab1f>
...
014 (282419.000.003) 2025-01-26 17:26:21 Node 3 executing on host: <192.168.0.141:9618?addrs=192.168.0.141-9618&alias=node141.di.rm1&noUDP&sock=startd_2077_3a4b>
...
014 (282419.000.007) 2025-01-26 17:26:21 Node 7 executing on host: <192.168.0.143:9618?addrs=192.168.0.143-9618&alias=node143.di.rm1&noUDP&sock=startd_2061_40c7>
...
001 (282419.000.000) 2025-01-26 17:26:21 Job executing on host: MPI_job
...
008 (282419.000.000) 2025-01-26 17:26:23 Launching orted on Node 5 of 8
...
008 (282419.000.000) 2025-01-26 17:26:23 Launching orted on Node 0 of 8
...
008 (282419.000.000) 2025-01-26 17:26:23 Launching orted on Node 2 of 8
...
008 (282419.000.000) 2025-01-26 17:26:23 Launching orted on Node 1 of 8
...
008 (282419.000.000) 2025-01-26 17:26:23 Launching orted on Node 6 of 8
...
008 (282419.000.000) 2025-01-26 17:26:23 Launching orted on Node 4 of 8
...
008 (282419.000.000) 2025-01-26 17:26:24 Launching orted on Node 7 of 8
...
008 (282419.000.000) 2025-01-26 17:26:24 Launching orted on Node 3 of 8
...
008 (282419.000.000) 2025-01-26 17:26:26 orted exited on Node 6 of 8
...
008 (282419.000.000) 2025-01-26 17:26:26 orted exited on Node 0 of 8
...
008 (282419.000.000) 2025-01-26 17:26:26 orted exited on Node 2 of 8
...
008 (282419.000.000) 2025-01-26 17:26:26 orted exited on Node 4 of 8
...
008 (282419.000.000) 2025-01-26 17:26:26 orted exited on Node 5 of 8
...
008 (282419.000.000) 2025-01-26 17:26:26 orted exited on Node 1 of 8
...
008 (282419.000.000) 2025-01-26 17:26:26 orted exited on Node 3 of 8
...
008 (282419.000.000) 2025-01-26 17:26:26 orted exited on Node 7 of 8
...
015 (282419.000.002) 2025-01-26 17:26:26 Node 2 terminated.
	(1) Normal termination (return value 0)
		Usr 0 00:00:01, Sys 0 00:00:00  -  Run Remote Usage
		Usr 0 00:00:00, Sys 0 00:00:00  -  Run Local Usage
		Usr 0 00:00:01, Sys 0 00:00:00  -  Total Remote Usage
		Usr 0 00:00:00, Sys 0 00:00:00  -  Total Local Usage
	2165  -  Run Bytes Sent By Node
	33711  -  Run Bytes Received By Node
	2165  -  Total Bytes Sent By Node
	33711  -  Total Bytes Received By Node
...
015 (282419.000.000) 2025-01-26 17:26:26 Node 0 terminated.
	(1) Normal termination (return value 0)
		Usr 0 00:00:00, Sys 0 00:00:00  -  Run Remote Usage
		Usr 0 00:00:00, Sys 0 00:00:00  -  Run Local Usage
		Usr 0 00:00:00, Sys 0 00:00:00  -  Total Remote Usage
		Usr 0 00:00:00, Sys 0 00:00:00  -  Total Local Usage
	3306  -  Run Bytes Sent By Node
	33711  -  Run Bytes Received By Node
	3306  -  Total Bytes Sent By Node
	33711  -  Total Bytes Received By Node
...
015 (282419.000.001) 2025-01-26 17:26:26 Node 1 terminated.
	(1) Normal termination (return value 0)
		Usr 0 00:00:01, Sys 0 00:00:00  -  Run Remote Usage
		Usr 0 00:00:00, Sys 0 00:00:00  -  Run Local Usage
		Usr 0 00:00:01, Sys 0 00:00:00  -  Total Remote Usage
		Usr 0 00:00:00, Sys 0 00:00:00  -  Total Local Usage
	2187  -  Run Bytes Sent By Node
	33711  -  Run Bytes Received By Node
	2187  -  Total Bytes Sent By Node
	33711  -  Total Bytes Received By Node
...
015 (282419.000.005) 2025-01-26 17:26:26 Node 5 terminated.
	(1) Normal termination (return value 0)
		Usr 0 00:00:01, Sys 0 00:00:00  -  Run Remote Usage
		Usr 0 00:00:00, Sys 0 00:00:00  -  Run Local Usage
		Usr 0 00:00:01, Sys 0 00:00:00  -  Total Remote Usage
		Usr 0 00:00:00, Sys 0 00:00:00  -  Total Local Usage
	2165  -  Run Bytes Sent By Node
	33711  -  Run Bytes Received By Node
	2165  -  Total Bytes Sent By Node
	33711  -  Total Bytes Received By Node
...
005 (282419.000.000) 2025-01-26 17:26:26 Job terminated.
	(1) Normal termination (return value 0)
		Usr 0 00:00:07, Sys 0 00:00:01  -  Run Remote Usage
		Usr 0 00:00:00, Sys 0 00:00:00  -  Run Local Usage
		Usr 0 00:00:00, Sys 0 00:00:00  -  Total Remote Usage
		Usr 0 00:00:00, Sys 0 00:00:00  -  Total Local Usage
	9823  -  Run Bytes Sent By Job
	269688  -  Run Bytes Received By Job
	9823  -  Total Bytes Sent By Job
	269688  -  Total Bytes Received By Job
	Partitionable Resources :    Usage  Request Allocated 
	   Cpus                 :                 1         1 
	   Disk (KB)            :       51       35    437925 
	   GPUs                 :                           0 
	   Memory (MB)          :        0        1     53248 

	Job terminated of its own accord at 2025-01-26T17:26:26Z with exit-code 0.
...
000 (289283.000.000) 2025-01-28 23:11:26 Job submitted from host: <192.168.0.102:9618?addrs=192.168.0.102-9618&alias=submitter&noUDP&sock=schedd_2032_5c88>
...
014 (289283.000.002) 2025-01-28 23:11:32 Node 2 executing on host: <192.168.0.148:9618?addrs=192.168.0.148-9618&alias=node148.di.rm1&noUDP&sock=startd_1547_b119>
...
014 (289283.000.004) 2025-01-28 23:11:32 Node 4 executing on host: <192.168.0.148:9618?addrs=192.168.0.148-9618&alias=node148.di.rm1&noUDP&sock=startd_1547_b119>
...
014 (289283.000.003) 2025-01-28 23:11:32 Node 3 executing on host: <192.168.0.133:9618?addrs=192.168.0.133-9618&alias=node133.di.rm1&noUDP&sock=startd_1941_f16a>
...
014 (289283.000.000) 2025-01-28 23:11:32 Node 0 executing on host: <192.168.0.112:9618?addrs=192.168.0.112-9618&alias=node112.di.rm1&noUDP&sock=startd_2169_5502>
...
014 (289283.000.006) 2025-01-28 23:11:32 Node 6 executing on host: <192.168.0.109:9618?addrs=192.168.0.109-9618&alias=node109.di.rm1&noUDP&sock=startd_1627_90ad>
...
014 (289283.000.007) 2025-01-28 23:11:32 Node 7 executing on host: <192.168.0.139:9618?addrs=192.168.0.139-9618&alias=node139.di.rm1&noUDP&sock=startd_1966_1748>
...
014 (289283.000.001) 2025-01-28 23:11:32 Node 1 executing on host: <192.168.0.142:9618?addrs=192.168.0.142-9618&alias=node142.di.rm1&noUDP&sock=startd_1996_ab1f>
...
014 (289283.000.005) 2025-01-28 23:11:32 Node 5 executing on host: <192.168.0.143:9618?addrs=192.168.0.143-9618&alias=node143.di.rm1&noUDP&sock=startd_2061_40c7>
...
001 (289283.000.000) 2025-01-28 23:11:32 Job executing on host: MPI_job
...
008 (289283.000.000) 2025-01-28 23:11:34 Launching orted on Node 4 of 8
...
008 (289283.000.000) 2025-01-28 23:11:34 Launching orted on Node 2 of 8
...
008 (289283.000.000) 2025-01-28 23:11:34 Launching orted on Node 0 of 8
...
008 (289283.000.000) 2025-01-28 23:11:34 Launching orted on Node 3 of 8
...
008 (289283.000.000) 2025-01-28 23:11:34 Launching orted on Node 6 of 8
...
008 (289283.000.000) 2025-01-28 23:11:34 Launching orted on Node 7 of 8
...
008 (289283.000.000) 2025-01-28 23:11:34 Launching orted on Node 1 of 8
...
008 (289283.000.000) 2025-01-28 23:11:35 Launching orted on Node 5 of 8
...
008 (289283.000.000) 2025-01-28 23:11:36 orted exited on Node 4 of 8
...
008 (289283.000.000) 2025-01-28 23:11:36 orted exited on Node 0 of 8
...
008 (289283.000.000) 2025-01-28 23:11:36 orted exited on Node 1 of 8
...
008 (289283.000.000) 2025-01-28 23:11:36 orted exited on Node 2 of 8
...
008 (289283.000.000) 2025-01-28 23:11:36 orted exited on Node 3 of 8
...
008 (289283.000.000) 2025-01-28 23:11:36 orted exited on Node 5 of 8
...
008 (289283.000.000) 2025-01-28 23:11:36 orted exited on Node 6 of 8
...
008 (289283.000.000) 2025-01-28 23:11:36 orted exited on Node 7 of 8
...
015 (289283.000.002) 2025-01-28 23:11:37 Node 2 terminated.
	(1) Normal termination (return value 0)
		Usr 0 00:00:01, Sys 0 00:00:01  -  Run Remote Usage
		Usr 0 00:00:00, Sys 0 00:00:00  -  Run Local Usage
		Usr 0 00:00:01, Sys 0 00:00:01  -  Total Remote Usage
		Usr 0 00:00:00, Sys 0 00:00:00  -  Total Local Usage
	2165  -  Run Bytes Sent By Node
	33711  -  Run Bytes Received By Node
	2165  -  Total Bytes Sent By Node
	33711  -  Total Bytes Received By Node
...
015 (289283.000.001) 2025-01-28 23:11:37 Node 1 terminated.
	(1) Normal termination (return value 0)
		Usr 0 00:00:02, Sys 0 00:00:00  -  Run Remote Usage
		Usr 0 00:00:00, Sys 0 00:00:00  -  Run Local Usage
		Usr 0 00:00:02, Sys 0 00:00:00  -  Total Remote Usage
		Usr 0 00:00:00, Sys 0 00:00:00  -  Total Local Usage
	2165  -  Run Bytes Sent By Node
	33711  -  Run Bytes Received By Node
	2165  -  Total Bytes Sent By Node
	33711  -  Total Bytes Received By Node
...
015 (289283.000.004) 2025-01-28 23:11:37 Node 4 terminated.
	(1) Normal termination (return value 0)
		Usr 0 00:00:01, Sys 0 00:00:00  -  Run Remote Usage
		Usr 0 00:00:00, Sys 0 00:00:00  -  Run Local Usage
		Usr 0 00:00:01, Sys 0 00:00:00  -  Total Remote Usage
		Usr 0 00:00:00, Sys 0 00:00:00  -  Total Local Usage
	2165  -  Run Bytes Sent By Node
	33711  -  Run Bytes Received By Node
	2165  -  Total Bytes Sent By Node
	33711  -  Total Bytes Received By Node
...
015 (289283.000.007) 2025-01-28 23:11:37 Node 7 terminated.
	(1) Normal termination (return value 0)
		Usr 0 00:00:01, Sys 0 00:00:00  -  Run Remote Usage
		Usr 0 00:00:00, Sys 0 00:00:00  -  Run Local Usage
		Usr 0 00:00:01, Sys 0 00:00:00  -  Total Remote Usage
		Usr 0 00:00:00, Sys 0 00:00:00  -  Total Local Usage
	2165  -  Run Bytes Sent By Node
	33711  -  Run Bytes Received By Node
	2165  -  Total Bytes Sent By Node
	33711  -  Total Bytes Received By Node
...
015 (289283.000.000) 2025-01-28 23:11:37 Node 0 terminated.
	(1) Normal termination (return value 0)
		Usr 0 00:00:00, Sys 0 00:00:01  -  Run Remote Usage
		Usr 0 00:00:00, Sys 0 00:00:00  -  Run Local Usage
		Usr 0 00:00:00, Sys 0 00:00:01  -  Total Remote Usage
		Usr 0 00:00:00, Sys 0 00:00:00  -  Total Local Usage
	3306  -  Run Bytes Sent By Node
	33711  -  Run Bytes Received By Node
	3306  -  Total Bytes Sent By Node
	33711  -  Total Bytes Received By Node
...
005 (289283.000.000) 2025-01-28 23:11:37 Job terminated.
	(1) Normal termination (return value 0)
		Usr 0 00:00:08, Sys 0 00:00:02  -  Run Remote Usage
		Usr 0 00:00:00, Sys 0 00:00:00  -  Run Local Usage
		Usr 0 00:00:00, Sys 0 00:00:01  -  Total Remote Usage
		Usr 0 00:00:00, Sys 0 00:00:00  -  Total Local Usage
	16296  -  Run Bytes Sent By Job
	269688  -  Run Bytes Received By Job
	16296  -  Total Bytes Sent By Job
	269688  -  Total Bytes Received By Job
	Partitionable Resources :    Usage  Request Allocated 
	   Cpus                 :                 1         2 
	   Disk (KB)            :       52       35 102912356 
	   GPUs                 :                           0 
	   Memory (MB)          :        0        0    100096 

	Job terminated of its own accord at 2025-01-28T23:11:36Z with exit-code 0.
...
