000 (272572.000.000) 2025-01-23 09:13:25 Job submitted from host: <192.168.0.102:9618?addrs=192.168.0.102-9618&alias=submitter&noUDP&sock=schedd_2032_5c88>
...
014 (272572.000.000) 2025-01-23 09:13:49 Node 0 executing on host: <192.168.0.147:9618?addrs=192.168.0.147-9618&alias=node147.di.rm1&noUDP&sock=startd_1513_5ee1>
...
014 (272572.000.001) 2025-01-23 09:13:50 Node 1 executing on host: <192.168.0.123:9618?addrs=192.168.0.123-9618&alias=node123.di.rm1&noUDP&sock=startd_2149_9d1d>
...
001 (272572.000.000) 2025-01-23 09:13:50 Job executing on host: MPI_job
...
008 (272572.000.000) 2025-01-23 09:13:52 Launching orted on Node 0 of 2
...
008 (272572.000.000) 2025-01-23 09:13:52 Launching orted on Node 1 of 2
...
008 (272572.000.000) 2025-01-23 09:13:53 orted exited on Node 0 of 2
...
008 (272572.000.000) 2025-01-23 09:13:53 orted exited on Node 1 of 2
...
015 (272572.000.000) 2025-01-23 09:13:53 Node 0 terminated.
	(1) Normal termination (return value 0)
		Usr 0 00:00:00, Sys 0 00:00:00  -  Run Remote Usage
		Usr 0 00:00:00, Sys 0 00:00:00  -  Run Local Usage
		Usr 0 00:00:00, Sys 0 00:00:00  -  Total Remote Usage
		Usr 0 00:00:00, Sys 0 00:00:00  -  Total Local Usage
	3618  -  Run Bytes Sent By Node
	33639  -  Run Bytes Received By Node
	3618  -  Total Bytes Sent By Node
	33639  -  Total Bytes Received By Node
...
005 (272572.000.000) 2025-01-23 09:13:53 Job terminated.
	(1) Normal termination (return value 0)
		Usr 0 00:00:00, Sys 0 00:00:00  -  Run Remote Usage
		Usr 0 00:00:00, Sys 0 00:00:00  -  Run Local Usage
		Usr 0 00:00:00, Sys 0 00:00:00  -  Total Remote Usage
		Usr 0 00:00:00, Sys 0 00:00:00  -  Total Local Usage
	3618  -  Run Bytes Sent By Job
	67278  -  Run Bytes Received By Job
	3618  -  Total Bytes Sent By Job
	67278  -  Total Bytes Received By Job
	Partitionable Resources :    Usage  Request Allocated 
	   Cpus                 :                 1         1 
	   Disk (KB)            :       49       35    469805 
	   Memory (MB)          :        0        1     40960 

	Job terminated of its own accord at 2025-01-23T09:13:53Z with exit-code 0.
...
000 (273105.000.000) 2025-01-23 10:39:46 Job submitted from host: <192.168.0.102:9618?addrs=192.168.0.102-9618&alias=submitter&noUDP&sock=schedd_2032_5c88>
...
014 (273105.000.000) 2025-01-23 10:40:10 Node 0 executing on host: <192.168.0.141:9618?addrs=192.168.0.141-9618&alias=node141.di.rm1&noUDP&sock=startd_2077_3a4b>
...
014 (273105.000.001) 2025-01-23 10:40:10 Node 1 executing on host: <192.168.0.141:9618?addrs=192.168.0.141-9618&alias=node141.di.rm1&noUDP&sock=startd_2077_3a4b>
...
001 (273105.000.000) 2025-01-23 10:40:10 Job executing on host: MPI_job
...
008 (273105.000.000) 2025-01-23 10:40:13 Launching orted on Node 1 of 2
...
008 (273105.000.000) 2025-01-23 10:40:13 Launching orted on Node 0 of 2
...
008 (273105.000.000) 2025-01-23 10:40:13 orted exited on Node 0 of 2
...
008 (273105.000.000) 2025-01-23 10:40:13 orted exited on Node 1 of 2
...
015 (273105.000.001) 2025-01-23 10:40:13 Node 1 terminated.
	(1) Normal termination (return value 0)
		Usr 0 00:00:00, Sys 0 00:00:00  -  Run Remote Usage
		Usr 0 00:00:00, Sys 0 00:00:00  -  Run Local Usage
		Usr 0 00:00:00, Sys 0 00:00:00  -  Total Remote Usage
		Usr 0 00:00:00, Sys 0 00:00:00  -  Total Local Usage
	0  -  Run Bytes Sent By Node
	33639  -  Run Bytes Received By Node
	0  -  Total Bytes Sent By Node
	33639  -  Total Bytes Received By Node
...
015 (273105.000.000) 2025-01-23 10:40:13 Node 0 terminated.
	(1) Normal termination (return value 0)
		Usr 0 00:00:00, Sys 0 00:00:00  -  Run Remote Usage
		Usr 0 00:00:00, Sys 0 00:00:00  -  Run Local Usage
		Usr 0 00:00:00, Sys 0 00:00:00  -  Total Remote Usage
		Usr 0 00:00:00, Sys 0 00:00:00  -  Total Local Usage
	3254  -  Run Bytes Sent By Node
	33639  -  Run Bytes Received By Node
	3254  -  Total Bytes Sent By Node
	33639  -  Total Bytes Received By Node
...
005 (273105.000.000) 2025-01-23 10:40:13 Job terminated.
	(1) Normal termination (return value 0)
		Usr 0 00:00:00, Sys 0 00:00:00  -  Run Remote Usage
		Usr 0 00:00:00, Sys 0 00:00:00  -  Run Local Usage
		Usr 0 00:00:00, Sys 0 00:00:00  -  Total Remote Usage
		Usr 0 00:00:00, Sys 0 00:00:00  -  Total Local Usage
	3254  -  Run Bytes Sent By Job
	67278  -  Run Bytes Received By Job
	3254  -  Total Bytes Sent By Job
	67278  -  Total Bytes Received By Job
	Partitionable Resources :    Usage  Request Allocated 
	   Cpus                 :                 1         1 
	   Disk (KB)            :       49       35    459831 
	   Memory (MB)          :        0        1     40960 

	Job terminated of its own accord at 2025-01-23T10:40:13Z with exit-code 0.
...
000 (277884.000.000) 2025-01-24 07:28:32 Job submitted from host: <192.168.0.102:9618?addrs=192.168.0.102-9618&alias=submitter&noUDP&sock=schedd_2032_5c88>
...
014 (277884.000.000) 2025-01-24 07:29:02 Node 0 executing on host: <192.168.0.141:9618?addrs=192.168.0.141-9618&alias=node141.di.rm1&noUDP&sock=startd_2077_3a4b>
...
014 (277884.000.001) 2025-01-24 07:29:02 Node 1 executing on host: <192.168.0.141:9618?addrs=192.168.0.141-9618&alias=node141.di.rm1&noUDP&sock=startd_2077_3a4b>
...
001 (277884.000.000) 2025-01-24 07:29:02 Job executing on host: MPI_job
...
008 (277884.000.000) 2025-01-24 07:29:05 Launching orted on Node 1 of 2
...
008 (277884.000.000) 2025-01-24 07:29:05 Launching orted on Node 0 of 2
...
008 (277884.000.000) 2025-01-24 07:29:05 orted exited on Node 1 of 2
...
008 (277884.000.000) 2025-01-24 07:29:05 orted exited on Node 0 of 2
...
015 (277884.000.001) 2025-01-24 07:29:06 Node 1 terminated.
	(1) Normal termination (return value 0)
		Usr 0 00:00:00, Sys 0 00:00:00  -  Run Remote Usage
		Usr 0 00:00:00, Sys 0 00:00:00  -  Run Local Usage
		Usr 0 00:00:00, Sys 0 00:00:00  -  Total Remote Usage
		Usr 0 00:00:00, Sys 0 00:00:00  -  Total Local Usage
	0  -  Run Bytes Sent By Node
	33639  -  Run Bytes Received By Node
	0  -  Total Bytes Sent By Node
	33639  -  Total Bytes Received By Node
...
015 (277884.000.000) 2025-01-24 07:29:06 Node 0 terminated.
	(1) Normal termination (return value 0)
		Usr 0 00:00:00, Sys 0 00:00:00  -  Run Remote Usage
		Usr 0 00:00:00, Sys 0 00:00:00  -  Run Local Usage
		Usr 0 00:00:00, Sys 0 00:00:00  -  Total Remote Usage
		Usr 0 00:00:00, Sys 0 00:00:00  -  Total Local Usage
	3254  -  Run Bytes Sent By Node
	33639  -  Run Bytes Received By Node
	3254  -  Total Bytes Sent By Node
	33639  -  Total Bytes Received By Node
...
005 (277884.000.000) 2025-01-24 07:29:06 Job terminated.
	(1) Normal termination (return value 0)
		Usr 0 00:00:00, Sys 0 00:00:00  -  Run Remote Usage
		Usr 0 00:00:00, Sys 0 00:00:00  -  Run Local Usage
		Usr 0 00:00:00, Sys 0 00:00:00  -  Total Remote Usage
		Usr 0 00:00:00, Sys 0 00:00:00  -  Total Local Usage
	3254  -  Run Bytes Sent By Job
	67278  -  Run Bytes Received By Job
	3254  -  Total Bytes Sent By Job
	67278  -  Total Bytes Received By Job
	Partitionable Resources :    Usage  Request Allocated 
	   Cpus                 :                 1         2 
	   Disk (KB)            :       49       35 103002119 
	   Memory (MB)          :        0        1    100096 

	Job terminated of its own accord at 2025-01-24T07:29:05Z with exit-code 0.
...
000 (285992.000.000) 2025-01-28 14:43:01 Job submitted from host: <192.168.0.102:9618?addrs=192.168.0.102-9618&alias=submitter&noUDP&sock=schedd_2032_5c88>
...
014 (285992.000.001) 2025-01-28 14:43:05 Node 1 executing on host: <192.168.0.105:9618?addrs=192.168.0.105-9618&alias=node105.di.rm1&noUDP&sock=startd_1951_cd5c>
...
014 (285992.000.000) 2025-01-28 14:43:05 Node 0 executing on host: <192.168.0.123:9618?addrs=192.168.0.123-9618&alias=node123.di.rm1&noUDP&sock=startd_2149_9d1d>
...
001 (285992.000.000) 2025-01-28 14:43:05 Job executing on host: MPI_job
...
008 (285992.000.000) 2025-01-28 14:43:07 Launching orted on Node 1 of 2
...
008 (285992.000.000) 2025-01-28 14:43:08 Launching orted on Node 0 of 2
...
008 (285992.000.000) 2025-01-28 14:43:08 orted exited on Node 1 of 2
...
008 (285992.000.000) 2025-01-28 14:43:08 orted exited on Node 0 of 2
...
015 (285992.000.001) 2025-01-28 14:43:08 Node 1 terminated.
	(1) Normal termination (return value 0)
		Usr 0 00:00:00, Sys 0 00:00:01  -  Run Remote Usage
		Usr 0 00:00:00, Sys 0 00:00:00  -  Run Local Usage
		Usr 0 00:00:00, Sys 0 00:00:01  -  Total Remote Usage
		Usr 0 00:00:00, Sys 0 00:00:00  -  Total Local Usage
	2165  -  Run Bytes Sent By Node
	33591  -  Run Bytes Received By Node
	2165  -  Total Bytes Sent By Node
	33591  -  Total Bytes Received By Node
...
015 (285992.000.000) 2025-01-28 14:43:08 Node 0 terminated.
	(1) Normal termination (return value 0)
		Usr 0 00:00:00, Sys 0 00:00:00  -  Run Remote Usage
		Usr 0 00:00:00, Sys 0 00:00:00  -  Run Local Usage
		Usr 0 00:00:00, Sys 0 00:00:00  -  Total Remote Usage
		Usr 0 00:00:00, Sys 0 00:00:00  -  Total Local Usage
	3298  -  Run Bytes Sent By Node
	33591  -  Run Bytes Received By Node
	3298  -  Total Bytes Sent By Node
	33591  -  Total Bytes Received By Node
...
005 (285992.000.000) 2025-01-28 14:43:08 Job terminated.
	(1) Normal termination (return value 0)
		Usr 0 00:00:00, Sys 0 00:00:01  -  Run Remote Usage
		Usr 0 00:00:00, Sys 0 00:00:00  -  Run Local Usage
		Usr 0 00:00:00, Sys 0 00:00:00  -  Total Remote Usage
		Usr 0 00:00:00, Sys 0 00:00:00  -  Total Local Usage
	5463  -  Run Bytes Sent By Job
	67182  -  Run Bytes Received By Job
	5463  -  Total Bytes Sent By Job
	67182  -  Total Bytes Received By Job
	Partitionable Resources :    Usage  Request Allocated 
	   Cpus                 :                 1         1 
	   Disk (KB)            :       51       35  21495658 
	   GPUs                 :                           1 
	   Memory (MB)          :        0        0     20480 

	Job terminated of its own accord at 2025-01-28T14:43:08Z with exit-code 0.
...
