000 (282145.000.000) 2025-01-26 16:19:37 Job submitted from host: <192.168.0.102:9618?addrs=192.168.0.102-9618&alias=submitter&noUDP&sock=schedd_2032_5c88>
...
014 (282145.000.000) 2025-01-26 16:19:45 Node 0 executing on host: <192.168.0.106:9618?addrs=192.168.0.106-9618&alias=node106.di.rm1&noUDP&sock=startd_1970_d5a9>
...
014 (282145.000.001) 2025-01-26 16:19:45 Node 1 executing on host: <192.168.0.111:9618?addrs=192.168.0.111-9618&alias=node111.di.rm1&noUDP&sock=startd_2044_97ab>
...
008 (282145.000.000) 2025-01-26 16:19:47 Launching orted on Node 0 of 4
...
008 (282145.000.000) 2025-01-26 16:19:48 Launching orted on Node 1 of 4
...
014 (282145.000.002) 2025-01-26 16:19:52 Node 2 executing on host: <192.168.0.141:9618?addrs=192.168.0.141-9618&alias=node141.di.rm1&noUDP&sock=startd_2077_3a4b>
...
014 (282145.000.003) 2025-01-26 16:19:52 Node 3 executing on host: <192.168.0.141:9618?addrs=192.168.0.141-9618&alias=node141.di.rm1&noUDP&sock=startd_2077_3a4b>
...
001 (282145.000.000) 2025-01-26 16:19:52 Job executing on host: MPI_job
...
008 (282145.000.000) 2025-01-26 16:19:55 Launching orted on Node 3 of 4
...
008 (282145.000.000) 2025-01-26 16:19:55 Launching orted on Node 2 of 4
...
008 (282145.000.000) 2025-01-26 16:21:03 orted exited on Node 0 of 4
...
008 (282145.000.000) 2025-01-26 16:21:03 orted exited on Node 1 of 4
...
008 (282145.000.000) 2025-01-26 16:21:03 orted exited on Node 3 of 4
...
008 (282145.000.000) 2025-01-26 16:21:03 orted exited on Node 2 of 4
...
015 (282145.000.000) 2025-01-26 16:21:03 Node 0 terminated.
	(1) Normal termination (return value 0)
		Usr 0 00:01:04, Sys 0 00:00:02  -  Run Remote Usage
		Usr 0 00:00:00, Sys 0 00:00:00  -  Run Local Usage
		Usr 0 00:01:04, Sys 0 00:00:02  -  Total Remote Usage
		Usr 0 00:00:00, Sys 0 00:00:00  -  Total Local Usage
	3264  -  Run Bytes Sent By Node
	33711  -  Run Bytes Received By Node
	3264  -  Total Bytes Sent By Node
	33711  -  Total Bytes Received By Node
...
005 (282145.000.000) 2025-01-26 16:21:03 Job terminated.
	(1) Normal termination (return value 0)
		Usr 0 00:04:23, Sys 0 00:00:06  -  Run Remote Usage
		Usr 0 00:00:00, Sys 0 00:00:00  -  Run Local Usage
		Usr 0 00:00:51, Sys 0 00:00:02  -  Total Remote Usage
		Usr 0 00:00:00, Sys 0 00:00:00  -  Total Local Usage
	3264  -  Run Bytes Sent By Job
	134844  -  Run Bytes Received By Job
	3264  -  Total Bytes Sent By Job
	134844  -  Total Bytes Received By Job
	Partitionable Resources :    Usage  Request Allocated 
	   Cpus                 :     1.00        1         1 
	   Disk (KB)            :    55          35    468979 
	   Memory (MB)          :     9          36     61440 

	Job terminated of its own accord at 2025-01-26T16:21:03Z with exit-code 0.
...
000 (289021.000.000) 2025-01-28 22:07:10 Job submitted from host: <192.168.0.102:9618?addrs=192.168.0.102-9618&alias=submitter&noUDP&sock=schedd_2032_5c88>
...
014 (289021.000.003) 2025-01-28 22:07:16 Node 3 executing on host: <192.168.0.105:9618?addrs=192.168.0.105-9618&alias=node105.di.rm1&noUDP&sock=startd_1951_cd5c>
...
014 (289021.000.000) 2025-01-28 22:07:16 Node 0 executing on host: <192.168.0.149:9618?addrs=192.168.0.149-9618&alias=node149.di.rm1&noUDP&sock=startd_1551_6f7a>
...
014 (289021.000.001) 2025-01-28 22:07:17 Node 1 executing on host: <192.168.0.123:9618?addrs=192.168.0.123-9618&alias=node123.di.rm1&noUDP&sock=startd_2149_9d1d>
...
014 (289021.000.002) 2025-01-28 22:07:17 Node 2 executing on host: <192.168.0.124:9618?addrs=192.168.0.124-9618&alias=node124.di.rm1&noUDP&sock=startd_2143_7f8b>
...
001 (289021.000.000) 2025-01-28 22:07:17 Job executing on host: MPI_job
...
008 (289021.000.000) 2025-01-28 22:07:19 Launching orted on Node 3 of 4
...
008 (289021.000.000) 2025-01-28 22:07:19 Launching orted on Node 0 of 4
...
008 (289021.000.000) 2025-01-28 22:07:19 Launching orted on Node 1 of 4
...
008 (289021.000.000) 2025-01-28 22:07:19 Launching orted on Node 2 of 4
...
008 (289021.000.000) 2025-01-28 22:08:27 orted exited on Node 0 of 4
...
008 (289021.000.000) 2025-01-28 22:08:27 orted exited on Node 1 of 4
...
008 (289021.000.000) 2025-01-28 22:08:27 orted exited on Node 2 of 4
...
008 (289021.000.000) 2025-01-28 22:08:27 orted exited on Node 3 of 4
...
015 (289021.000.000) 2025-01-28 22:08:27 Node 0 terminated.
	(1) Normal termination (return value 0)
		Usr 0 00:01:07, Sys 0 00:00:00  -  Run Remote Usage
		Usr 0 00:00:00, Sys 0 00:00:00  -  Run Local Usage
		Usr 0 00:01:07, Sys 0 00:00:00  -  Total Remote Usage
		Usr 0 00:00:00, Sys 0 00:00:00  -  Total Local Usage
	3264  -  Run Bytes Sent By Node
	33711  -  Run Bytes Received By Node
	3264  -  Total Bytes Sent By Node
	33711  -  Total Bytes Received By Node
...
005 (289021.000.000) 2025-01-28 22:08:27 Job terminated.
	(1) Normal termination (return value 0)
		Usr 0 00:04:28, Sys 0 00:00:00  -  Run Remote Usage
		Usr 0 00:00:00, Sys 0 00:00:00  -  Run Local Usage
		Usr 0 00:00:46, Sys 0 00:00:00  -  Total Remote Usage
		Usr 0 00:00:00, Sys 0 00:00:00  -  Total Local Usage
	3264  -  Run Bytes Sent By Job
	134844  -  Run Bytes Received By Job
	3264  -  Total Bytes Sent By Job
	134844  -  Total Bytes Received By Job
	Partitionable Resources :    Usage  Request Allocated 
	   Cpus                 :                 1         2 
	   Disk (KB)            :       51       35 102883670 
	   Memory (MB)          :       85       37    100096 

	Job terminated of its own accord at 2025-01-28T22:08:27Z with exit-code 0.
...
