000 (270358.000.000) 2025-01-21 23:45:12 Job submitted from host: <192.168.0.102:9618?addrs=192.168.0.102-9618&alias=submitter&noUDP&sock=schedd_2032_5c88>
...
001 (270358.000.000) 2025-01-21 23:45:31 Job executing on host: <192.168.0.147:9618?addrs=192.168.0.147-9618&alias=node147.di.rm1&noUDP&sock=startd_1513_5ee1>
...
006 (270358.000.000) 2025-01-21 23:45:40 Image size of job updated: 41316
	18  -  MemoryUsage of job (MB)
	17424  -  ResidentSetSize of job (KB)
...
004 (270358.000.000) 2025-01-21 23:46:13 Job was evicted.
	(0) CPU times
		Usr 0 00:02:44, Sys 0 00:00:00  -  Run Remote Usage
		Usr 0 00:00:00, Sys 0 00:00:00  -  Run Local Usage
	0  -  Run Bytes Sent By Job
	0  -  Run Bytes Received By Job
	Partitionable Resources :    Usage  Request Allocated 
	   Cpus                 :     4.00        1         1 
	   Disk (KB)            :    27          27    469805 
	   Memory (MB)          :    18           1       128 
...
009 (270358.000.000) 2025-01-21 23:46:13 Job was aborted.
	via condor_rm (by user calzona_2046920)
...
000 (276512.000.000) 2025-01-24 04:40:42 Job submitted from host: <192.168.0.102:9618?addrs=192.168.0.102-9618&alias=submitter&noUDP&sock=schedd_2032_5c88>
...
001 (276512.000.000) 2025-01-24 04:40:43 Job executing on host: <192.168.0.147:9618?addrs=192.168.0.147-9618&alias=node147.di.rm1&noUDP&sock=startd_1513_5ee1>
...
006 (276512.000.000) 2025-01-24 04:40:52 Image size of job updated: 41316
	17  -  MemoryUsage of job (MB)
	17028  -  ResidentSetSize of job (KB)
...
005 (276512.000.000) 2025-01-24 04:41:47 Job terminated.
	(1) Normal termination (return value 0)
		Usr 0 00:04:14, Sys 0 00:00:00  -  Run Remote Usage
		Usr 0 00:00:00, Sys 0 00:00:00  -  Run Local Usage
		Usr 0 00:04:14, Sys 0 00:00:00  -  Total Remote Usage
		Usr 0 00:00:00, Sys 0 00:00:00  -  Total Local Usage
	0  -  Run Bytes Sent By Job
	0  -  Run Bytes Received By Job
	0  -  Total Bytes Sent By Job
	0  -  Total Bytes Received By Job
	Partitionable Resources :    Usage  Request Allocated 
	   Cpus                 :                 1         1 
	   Disk (KB)            :       27       27    469805 
	   Memory (MB)          :       17        1       128 

	Job terminated of its own accord at 2025-01-24T04:41:47Z with exit-code 0.
...
