000 (273346.000.000) 2025-01-23 10:55:24 Job submitted from host: <192.168.0.102:9618?addrs=192.168.0.102-9618&alias=submitter&noUDP&sock=schedd_2032_5c88>
...
014 (273346.000.000) 2025-01-23 10:55:32 Node 0 executing on host: <192.168.0.120:9618?addrs=192.168.0.120-9618&alias=node120.di.rm1&noUDP&sock=startd_2096_4298>
...
014 (273346.000.001) 2025-01-23 10:55:32 Node 1 executing on host: <192.168.0.143:9618?addrs=192.168.0.143-9618&alias=node143.di.rm1&noUDP&sock=startd_2061_40c7>
...
001 (273346.000.000) 2025-01-23 10:55:32 Job executing on host: MPI_job
...
008 (273346.000.000) 2025-01-23 10:55:34 Launching orted on Node 0 of 2
...
008 (273346.000.000) 2025-01-23 10:55:34 Launching orted on Node 1 of 2
...
008 (273346.000.000) 2025-01-23 10:55:42 orted exited on Node 0 of 2
...
008 (273346.000.000) 2025-01-23 10:55:42 orted exited on Node 1 of 2
...
015 (273346.000.000) 2025-01-23 10:55:42 Node 0 terminated.
	(1) Normal termination (return value 0)
		Usr 0 00:00:04, Sys 0 00:00:01  -  Run Remote Usage
		Usr 0 00:00:00, Sys 0 00:00:00  -  Run Local Usage
		Usr 0 00:00:04, Sys 0 00:00:01  -  Total Remote Usage
		Usr 0 00:00:00, Sys 0 00:00:00  -  Total Local Usage
	3298  -  Run Bytes Sent By Node
	33639  -  Run Bytes Received By Node
	3298  -  Total Bytes Sent By Node
	33639  -  Total Bytes Received By Node
...
005 (273346.000.000) 2025-01-23 10:55:42 Job terminated.
	(1) Normal termination (return value 0)
		Usr 0 00:00:11, Sys 0 00:00:01  -  Run Remote Usage
		Usr 0 00:00:00, Sys 0 00:00:00  -  Run Local Usage
		Usr 0 00:00:04, Sys 0 00:00:01  -  Total Remote Usage
		Usr 0 00:00:00, Sys 0 00:00:00  -  Total Local Usage
	3298  -  Run Bytes Sent By Job
	67278  -  Run Bytes Received By Job
	3298  -  Total Bytes Sent By Job
	67278  -  Total Bytes Received By Job
	Partitionable Resources :    Usage  Request Allocated 
	   Cpus                 :                 1         1 
	   Disk (KB)            :       50       35  21575424 
	   GPUs                 :                           1 
	   Memory (MB)          :       83       35     20480 

	Job terminated of its own accord at 2025-01-23T10:55:42Z with exit-code 0.
...
000 (278121.000.000) 2025-01-24 07:43:45 Job submitted from host: <192.168.0.102:9618?addrs=192.168.0.102-9618&alias=submitter&noUDP&sock=schedd_2032_5c88>
...
014 (278121.000.001) 2025-01-24 07:43:53 Node 1 executing on host: <192.168.0.147:9618?addrs=192.168.0.147-9618&alias=node147.di.rm1&noUDP&sock=startd_1513_5ee1>
...
014 (278121.000.000) 2025-01-24 07:43:53 Node 0 executing on host: <192.168.0.141:9618?addrs=192.168.0.141-9618&alias=node141.di.rm1&noUDP&sock=startd_2077_3a4b>
...
001 (278121.000.000) 2025-01-24 07:43:53 Job executing on host: MPI_job
...
008 (278121.000.000) 2025-01-24 07:43:55 Launching orted on Node 1 of 2
...
008 (278121.000.000) 2025-01-24 07:43:55 Launching orted on Node 0 of 2
...
008 (278121.000.000) 2025-01-24 07:44:01 orted exited on Node 1 of 2
...
008 (278121.000.000) 2025-01-24 07:44:01 orted exited on Node 0 of 2
...
015 (278121.000.001) 2025-01-24 07:44:02 Node 1 terminated.
	(1) Normal termination (return value 0)
		Usr 0 00:00:05, Sys 0 00:00:00  -  Run Remote Usage
		Usr 0 00:00:00, Sys 0 00:00:00  -  Run Local Usage
		Usr 0 00:00:05, Sys 0 00:00:00  -  Total Remote Usage
		Usr 0 00:00:00, Sys 0 00:00:00  -  Total Local Usage
	2165  -  Run Bytes Sent By Node
	33639  -  Run Bytes Received By Node
	2165  -  Total Bytes Sent By Node
	33639  -  Total Bytes Received By Node
...
015 (278121.000.000) 2025-01-24 07:44:02 Node 0 terminated.
	(1) Normal termination (return value 0)
		Usr 0 00:00:06, Sys 0 00:00:00  -  Run Remote Usage
		Usr 0 00:00:00, Sys 0 00:00:00  -  Run Local Usage
		Usr 0 00:00:06, Sys 0 00:00:00  -  Total Remote Usage
		Usr 0 00:00:00, Sys 0 00:00:00  -  Total Local Usage
	3257  -  Run Bytes Sent By Node
	33639  -  Run Bytes Received By Node
	3257  -  Total Bytes Sent By Node
	33639  -  Total Bytes Received By Node
...
005 (278121.000.000) 2025-01-24 07:44:02 Job terminated.
	(1) Normal termination (return value 0)
		Usr 0 00:00:11, Sys 0 00:00:00  -  Run Remote Usage
		Usr 0 00:00:00, Sys 0 00:00:00  -  Run Local Usage
		Usr 0 00:00:01, Sys 0 00:00:00  -  Total Remote Usage
		Usr 0 00:00:00, Sys 0 00:00:00  -  Total Local Usage
	5422  -  Run Bytes Sent By Job
	67278  -  Run Bytes Received By Job
	5422  -  Total Bytes Sent By Job
	67278  -  Total Bytes Received By Job
	Partitionable Resources :    Usage  Request Allocated 
	   Cpus                 :                 1         2 
	   Disk (KB)            :       49       35 103002119 
	   Memory (MB)          :        0        0    100096 

	Job terminated of its own accord at 2025-01-24T07:44:01Z with exit-code 0.
...
