000 (295998.000.000) 2025-01-31 03:26:56 Job submitted from host: <192.168.0.102:9618?addrs=192.168.0.102-9618&alias=submitter&noUDP&sock=schedd_4045053_7bc0>
...
014 (295998.000.000) 2025-01-31 03:26:58 Node 0 executing on host: <192.168.0.149:9618?addrs=192.168.0.149-9618&alias=node149.di.rm1&noUDP&sock=startd_1551_6f7a>
...
014 (295998.000.002) 2025-01-31 03:26:58 Node 2 executing on host: <192.168.0.149:9618?addrs=192.168.0.149-9618&alias=node149.di.rm1&noUDP&sock=startd_1551_6f7a>
...
014 (295998.000.004) 2025-01-31 03:26:58 Node 4 executing on host: <192.168.0.149:9618?addrs=192.168.0.149-9618&alias=node149.di.rm1&noUDP&sock=startd_1551_6f7a>
...
014 (295998.000.006) 2025-01-31 03:26:58 Node 6 executing on host: <192.168.0.149:9618?addrs=192.168.0.149-9618&alias=node149.di.rm1&noUDP&sock=startd_1551_6f7a>
...
014 (295998.000.001) 2025-01-31 03:26:58 Node 1 executing on host: <192.168.0.124:9618?addrs=192.168.0.124-9618&alias=node124.di.rm1&noUDP&sock=startd_2143_7f8b>
...
014 (295998.000.005) 2025-01-31 03:26:58 Node 5 executing on host: <192.168.0.105:9618?addrs=192.168.0.105-9618&alias=node105.di.rm1&noUDP&sock=startd_1951_cd5c>
...
014 (295998.000.003) 2025-01-31 03:26:58 Node 3 executing on host: <192.168.0.124:9618?addrs=192.168.0.124-9618&alias=node124.di.rm1&noUDP&sock=startd_2143_7f8b>
...
014 (295998.000.007) 2025-01-31 03:26:58 Node 7 executing on host: <192.168.0.135:9618?addrs=192.168.0.135-9618&alias=node135.di.rm1&noUDP&sock=startd_2000_6980>
...
001 (295998.000.000) 2025-01-31 03:26:58 Job executing on host: MPI_job
...
008 (295998.000.000) 2025-01-31 03:27:00 Launching orted on Node 0 of 8
...
008 (295998.000.000) 2025-01-31 03:27:00 Launching orted on Node 6 of 8
...
008 (295998.000.000) 2025-01-31 03:27:00 Launching orted on Node 4 of 8
...
008 (295998.000.000) 2025-01-31 03:27:00 Launching orted on Node 2 of 8
...
008 (295998.000.000) 2025-01-31 03:27:00 Launching orted on Node 7 of 8
...
008 (295998.000.000) 2025-01-31 03:27:00 Launching orted on Node 5 of 8
...
008 (295998.000.000) 2025-01-31 03:27:01 Launching orted on Node 3 of 8
...
008 (295998.000.000) 2025-01-31 03:27:01 Launching orted on Node 1 of 8
...
008 (295998.000.000) 2025-01-31 03:27:14 orted exited on Node 5 of 8
...
008 (295998.000.000) 2025-01-31 03:27:14 orted exited on Node 7 of 8
...
008 (295998.000.000) 2025-01-31 03:27:14 orted exited on Node 2 of 8
...
008 (295998.000.000) 2025-01-31 03:27:14 orted exited on Node 4 of 8
...
008 (295998.000.000) 2025-01-31 03:27:14 orted exited on Node 6 of 8
...
008 (295998.000.000) 2025-01-31 03:27:14 orted exited on Node 0 of 8
...
008 (295998.000.000) 2025-01-31 03:27:14 orted exited on Node 1 of 8
...
008 (295998.000.000) 2025-01-31 03:27:14 orted exited on Node 3 of 8
...
015 (295998.000.002) 2025-01-31 03:27:14 Node 2 terminated.
	(1) Normal termination (return value 0)
		Usr 0 00:00:34, Sys 0 00:00:00  -  Run Remote Usage
		Usr 0 00:00:00, Sys 0 00:00:00  -  Run Local Usage
		Usr 0 00:00:34, Sys 0 00:00:00  -  Total Remote Usage
		Usr 0 00:00:00, Sys 0 00:00:00  -  Total Local Usage
	0  -  Run Bytes Sent By Node
	33831  -  Run Bytes Received By Node
	0  -  Total Bytes Sent By Node
	33831  -  Total Bytes Received By Node
...
015 (295998.000.004) 2025-01-31 03:27:14 Node 4 terminated.
	(1) Normal termination (return value 0)
		Usr 0 00:00:33, Sys 0 00:00:00  -  Run Remote Usage
		Usr 0 00:00:00, Sys 0 00:00:00  -  Run Local Usage
		Usr 0 00:00:33, Sys 0 00:00:00  -  Total Remote Usage
		Usr 0 00:00:00, Sys 0 00:00:00  -  Total Local Usage
	0  -  Run Bytes Sent By Node
	33831  -  Run Bytes Received By Node
	0  -  Total Bytes Sent By Node
	33831  -  Total Bytes Received By Node
...
015 (295998.000.006) 2025-01-31 03:27:14 Node 6 terminated.
	(1) Normal termination (return value 0)
		Usr 0 00:00:35, Sys 0 00:00:00  -  Run Remote Usage
		Usr 0 00:00:00, Sys 0 00:00:00  -  Run Local Usage
		Usr 0 00:00:35, Sys 0 00:00:00  -  Total Remote Usage
		Usr 0 00:00:00, Sys 0 00:00:00  -  Total Local Usage
	0  -  Run Bytes Sent By Node
	33831  -  Run Bytes Received By Node
	0  -  Total Bytes Sent By Node
	33831  -  Total Bytes Received By Node
...
015 (295998.000.000) 2025-01-31 03:27:14 Node 0 terminated.
	(1) Normal termination (return value 0)
		Usr 0 00:00:00, Sys 0 00:00:00  -  Run Remote Usage
		Usr 0 00:00:00, Sys 0 00:00:00  -  Run Local Usage
		Usr 0 00:00:00, Sys 0 00:00:00  -  Total Remote Usage
		Usr 0 00:00:00, Sys 0 00:00:00  -  Total Local Usage
	3891  -  Run Bytes Sent By Node
	33831  -  Run Bytes Received By Node
	3891  -  Total Bytes Sent By Node
	33831  -  Total Bytes Received By Node
...
005 (295998.000.000) 2025-01-31 03:27:14 Job terminated.
	(1) Normal termination (return value 0)
		Usr 0 00:03:58, Sys 0 00:00:02  -  Run Remote Usage
		Usr 0 00:00:00, Sys 0 00:00:00  -  Run Local Usage
		Usr 0 00:00:00, Sys 0 00:00:00  -  Total Remote Usage
		Usr 0 00:00:00, Sys 0 00:00:00  -  Total Local Usage
	3891  -  Run Bytes Sent By Job
	270648  -  Run Bytes Received By Job
	3891  -  Total Bytes Sent By Job
	270648  -  Total Bytes Received By Job
	Partitionable Resources :    Usage  Request Allocated 
	   Cpus                 :                 1         2 
	   Disk (KB)            :       52       35 102883670 
	   Memory (MB)          :      280       87    100096 

	Job terminated of its own accord at 2025-01-31T03:27:14Z with exit-code 0.
...
