000 (281943.000.000) 2025-01-26 15:27:47 Job submitted from host: <192.168.0.102:9618?addrs=192.168.0.102-9618&alias=submitter&noUDP&sock=schedd_2032_5c88>
...
014 (281943.000.001) 2025-01-26 15:27:56 Node 1 executing on host: <192.168.0.123:9618?addrs=192.168.0.123-9618&alias=node123.di.rm1&noUDP&sock=startd_2149_9d1d>
...
014 (281943.000.000) 2025-01-26 15:27:56 Node 0 executing on host: <192.168.0.133:9618?addrs=192.168.0.133-9618&alias=node133.di.rm1&noUDP&sock=startd_1941_f16a>
...
001 (281943.000.000) 2025-01-26 15:27:56 Job executing on host: MPI_job
...
008 (281943.000.000) 2025-01-26 15:27:58 Launching orted on Node 1 of 2
...
008 (281943.000.000) 2025-01-26 15:27:58 Launching orted on Node 0 of 2
...
008 (281943.000.000) 2025-01-26 15:27:59 orted exited on Node 1 of 2
...
008 (281943.000.000) 2025-01-26 15:27:59 orted exited on Node 0 of 2
...
015 (281943.000.001) 2025-01-26 15:27:59 Node 1 terminated.
	(1) Normal termination (return value 0)
		Usr 0 00:00:00, Sys 0 00:00:00  -  Run Remote Usage
		Usr 0 00:00:00, Sys 0 00:00:00  -  Run Local Usage
		Usr 0 00:00:00, Sys 0 00:00:00  -  Total Remote Usage
		Usr 0 00:00:00, Sys 0 00:00:00  -  Total Local Usage
	2187  -  Run Bytes Sent By Node
	33711  -  Run Bytes Received By Node
	2187  -  Total Bytes Sent By Node
	33711  -  Total Bytes Received By Node
...
015 (281943.000.000) 2025-01-26 15:27:59 Node 0 terminated.
	(1) Normal termination (return value 0)
		Usr 0 00:00:00, Sys 0 00:00:00  -  Run Remote Usage
		Usr 0 00:00:00, Sys 0 00:00:00  -  Run Local Usage
		Usr 0 00:00:00, Sys 0 00:00:00  -  Total Remote Usage
		Usr 0 00:00:00, Sys 0 00:00:00  -  Total Local Usage
	3618  -  Run Bytes Sent By Node
	33711  -  Run Bytes Received By Node
	3618  -  Total Bytes Sent By Node
	33711  -  Total Bytes Received By Node
...
005 (281943.000.000) 2025-01-26 15:27:59 Job terminated.
	(1) Normal termination (return value 0)
		Usr 0 00:00:00, Sys 0 00:00:00  -  Run Remote Usage
		Usr 0 00:00:00, Sys 0 00:00:00  -  Run Local Usage
		Usr 0 00:00:00, Sys 0 00:00:00  -  Total Remote Usage
		Usr 0 00:00:00, Sys 0 00:00:00  -  Total Local Usage
	5805  -  Run Bytes Sent By Job
	67422  -  Run Bytes Received By Job
	5805  -  Total Bytes Sent By Job
	67422  -  Total Bytes Received By Job
	Partitionable Resources :    Usage  Request Allocated 
	   Cpus                 :                 1         1 
	   Disk (KB)            :       49       35    473452 
	   Memory (MB)          :        1        1     53248 

	Job terminated of its own accord at 2025-01-26T15:27:59Z with exit-code 0.
...
000 (288779.000.000) 2025-01-28 21:04:35 Job submitted from host: <192.168.0.102:9618?addrs=192.168.0.102-9618&alias=submitter&noUDP&sock=schedd_2032_5c88>
...
014 (288779.000.001) 2025-01-28 21:04:42 Node 1 executing on host: <192.168.0.120:9618?addrs=192.168.0.120-9618&alias=node120.di.rm1&noUDP&sock=startd_2096_4298>
...
014 (288779.000.000) 2025-01-28 21:04:42 Node 0 executing on host: <192.168.0.145:9618?addrs=192.168.0.145-9618&alias=node145.di.rm1&noUDP&sock=startd_1869_8e98>
...
001 (288779.000.000) 2025-01-28 21:04:42 Job executing on host: MPI_job
...
008 (288779.000.000) 2025-01-28 21:04:44 Launching orted on Node 1 of 2
...
008 (288779.000.000) 2025-01-28 21:04:44 Launching orted on Node 0 of 2
...
008 (288779.000.000) 2025-01-28 21:04:45 orted exited on Node 1 of 2
...
008 (288779.000.000) 2025-01-28 21:04:45 orted exited on Node 0 of 2
...
015 (288779.000.001) 2025-01-28 21:04:45 Node 1 terminated.
	(1) Normal termination (return value 0)
		Usr 0 00:00:00, Sys 0 00:00:00  -  Run Remote Usage
		Usr 0 00:00:00, Sys 0 00:00:00  -  Run Local Usage
		Usr 0 00:00:00, Sys 0 00:00:00  -  Total Remote Usage
		Usr 0 00:00:00, Sys 0 00:00:00  -  Total Local Usage
	2187  -  Run Bytes Sent By Node
	33711  -  Run Bytes Received By Node
	2187  -  Total Bytes Sent By Node
	33711  -  Total Bytes Received By Node
...
015 (288779.000.000) 2025-01-28 21:04:45 Node 0 terminated.
	(1) Normal termination (return value 0)
		Usr 0 00:00:00, Sys 0 00:00:00  -  Run Remote Usage
		Usr 0 00:00:00, Sys 0 00:00:00  -  Run Local Usage
		Usr 0 00:00:00, Sys 0 00:00:00  -  Total Remote Usage
		Usr 0 00:00:00, Sys 0 00:00:00  -  Total Local Usage
	3256  -  Run Bytes Sent By Node
	33711  -  Run Bytes Received By Node
	3256  -  Total Bytes Sent By Node
	33711  -  Total Bytes Received By Node
...
005 (288779.000.000) 2025-01-28 21:04:45 Job terminated.
	(1) Normal termination (return value 0)
		Usr 0 00:00:00, Sys 0 00:00:00  -  Run Remote Usage
		Usr 0 00:00:00, Sys 0 00:00:00  -  Run Local Usage
		Usr 0 00:00:00, Sys 0 00:00:00  -  Total Remote Usage
		Usr 0 00:00:00, Sys 0 00:00:00  -  Total Local Usage
	5443  -  Run Bytes Sent By Job
	67422  -  Run Bytes Received By Job
	5443  -  Total Bytes Sent By Job
	67422  -  Total Bytes Received By Job
	Partitionable Resources :    Usage  Request Allocated 
	   Cpus                 :                 1         2 
	   Disk (KB)            :       51       35 102711052 
	   Memory (MB)          :        0        0    100096 

	Job terminated of its own accord at 2025-01-28T21:04:45Z with exit-code 0.
...
