000 (269145.000.000) 2025-01-21 22:22:59 Job submitted from host: <192.168.0.102:9618?addrs=192.168.0.102-9618&alias=submitter&noUDP&sock=schedd_2032_5c88>
...
001 (269145.000.000) 2025-01-21 22:23:02 Job executing on host: <192.168.0.151:9618?addrs=192.168.0.151-9618&alias=node151.di.rm1&noUDP&sock=startd_1528_a8cd>
...
006 (269145.000.000) 2025-01-21 22:23:11 Image size of job updated: 1550604
	926  -  MemoryUsage of job (MB)
	947464  -  ResidentSetSize of job (KB)
...
006 (269145.000.000) 2025-01-21 22:23:43 Image size of job updated: 4349444
	927  -  MemoryUsage of job (MB)
	948652  -  ResidentSetSize of job (KB)
...
004 (269145.000.000) 2025-01-21 22:23:43 Job was evicted.
	(0) CPU times
		Usr 0 00:00:38, Sys 0 00:00:01  -  Run Remote Usage
		Usr 0 00:00:00, Sys 0 00:00:00  -  Run Local Usage
	0  -  Run Bytes Sent By Job
	0  -  Run Bytes Received By Job
	Partitionable Resources :    Usage  Request Allocated 
	   Cpus                 :     1.00        1         1 
	   Disk (KB)            :    27          27    474791 
	   Memory (MB)          :   927           1       128 
...
009 (269145.000.000) 2025-01-21 22:23:43 Job was aborted.
	via condor_rm (by user calzona_2046920)
...
000 (269269.000.000) 2025-01-21 22:30:13 Job submitted from host: <192.168.0.102:9618?addrs=192.168.0.102-9618&alias=submitter&noUDP&sock=schedd_2032_5c88>
...
001 (269269.000.000) 2025-01-21 22:30:13 Job executing on host: <192.168.0.109:9618?addrs=192.168.0.109-9618&alias=node109.di.rm1&noUDP&sock=startd_1627_90ad>
...
006 (269269.000.000) 2025-01-21 22:30:21 Image size of job updated: 1141300
	842  -  MemoryUsage of job (MB)
	861704  -  ResidentSetSize of job (KB)
...
006 (269269.000.000) 2025-01-21 22:31:14 Image size of job updated: 6474640
	843  -  MemoryUsage of job (MB)
	862364  -  ResidentSetSize of job (KB)
...
004 (269269.000.000) 2025-01-21 22:31:14 Job was evicted.
	(0) CPU times
		Usr 0 00:00:59, Sys 0 00:00:02  -  Run Remote Usage
		Usr 0 00:00:00, Sys 0 00:00:00  -  Run Local Usage
	0  -  Run Bytes Sent By Job
	0  -  Run Bytes Received By Job
	Partitionable Resources :    Usage  Request Allocated 
	   Cpus                 :                 1         1 
	   Disk (KB)            :       27       27    468160 
	   Memory (MB)          :      843        1       128 
...
009 (269269.000.000) 2025-01-21 22:31:14 Job was aborted.
	via condor_rm (by user calzona_2046920)
...
000 (275425.000.000) 2025-01-24 02:34:01 Job submitted from host: <192.168.0.102:9618?addrs=192.168.0.102-9618&alias=submitter&noUDP&sock=schedd_2032_5c88>
...
001 (275425.000.000) 2025-01-24 02:34:03 Job executing on host: <192.168.0.149:9618?addrs=192.168.0.149-9618&alias=node149.di.rm1&noUDP&sock=startd_1551_6f7a>
...
006 (275425.000.000) 2025-01-24 02:34:11 Image size of job updated: 1553744
	835  -  MemoryUsage of job (MB)
	854436  -  ResidentSetSize of job (KB)
...
006 (275425.000.000) 2025-01-24 02:36:03 Image size of job updated: 8434164
	836  -  MemoryUsage of job (MB)
	855624  -  ResidentSetSize of job (KB)
...
004 (275425.000.000) 2025-01-24 02:36:03 Job was evicted.
	(0) CPU times
		Usr 0 00:01:56, Sys 0 00:00:03  -  Run Remote Usage
		Usr 0 00:00:00, Sys 0 00:00:00  -  Run Local Usage
	0  -  Run Bytes Sent By Job
	0  -  Run Bytes Received By Job
	Partitionable Resources :    Usage  Request Allocated 
	   Cpus                 :                 1         1 
	   Disk (KB)            :       27       27    471944 
	   Memory (MB)          :      836        1       128 
...
009 (275425.000.000) 2025-01-24 02:36:04 Job was aborted.
	via condor_rm (by user calzona_2046920)
...
