000 (295984.000.000) 2025-01-31 03:24:54 Job submitted from host: <192.168.0.102:9618?addrs=192.168.0.102-9618&alias=submitter&noUDP&sock=schedd_4045053_7bc0>
...
014 (295984.000.001) 2025-01-31 03:25:01 Node 1 executing on host: <192.168.0.109:9618?addrs=192.168.0.109-9618&alias=node109.di.rm1&noUDP&sock=startd_1627_90ad>
...
014 (295984.000.005) 2025-01-31 03:25:01 Node 5 executing on host: <192.168.0.109:9618?addrs=192.168.0.109-9618&alias=node109.di.rm1&noUDP&sock=startd_1627_90ad>
...
014 (295984.000.003) 2025-01-31 03:25:01 Node 3 executing on host: <192.168.0.143:9618?addrs=192.168.0.143-9618&alias=node143.di.rm1&noUDP&sock=startd_2061_40c7>
...
014 (295984.000.002) 2025-01-31 03:25:01 Node 2 executing on host: <192.168.0.113:9618?addrs=192.168.0.113-9618&alias=node113.di.rm1&noUDP&sock=startd_3668932_c305>
...
014 (295984.000.007) 2025-01-31 03:25:01 Node 7 executing on host: <192.168.0.113:9618?addrs=192.168.0.113-9618&alias=node113.di.rm1&noUDP&sock=startd_3668932_c305>
...
014 (295984.000.006) 2025-01-31 03:25:01 Node 6 executing on host: <192.168.0.148:9618?addrs=192.168.0.148-9618&alias=node148.di.rm1&noUDP&sock=startd_1547_b119>
...
014 (295984.000.004) 2025-01-31 03:25:01 Node 4 executing on host: <192.168.0.133:9618?addrs=192.168.0.133-9618&alias=node133.di.rm1&noUDP&sock=startd_1941_f16a>
...
014 (295984.000.000) 2025-01-31 03:25:01 Node 0 executing on host: <192.168.0.142:9618?addrs=192.168.0.142-9618&alias=node142.di.rm1&noUDP&sock=startd_1996_ab1f>
...
001 (295984.000.000) 2025-01-31 03:25:01 Job executing on host: MPI_job
...
008 (295984.000.000) 2025-01-31 03:25:03 Launching orted on Node 5 of 8
...
008 (295984.000.000) 2025-01-31 03:25:03 Launching orted on Node 1 of 8
...
008 (295984.000.000) 2025-01-31 03:25:03 Launching orted on Node 3 of 8
...
008 (295984.000.000) 2025-01-31 03:25:03 Launching orted on Node 7 of 8
...
008 (295984.000.000) 2025-01-31 03:25:03 Launching orted on Node 2 of 8
...
008 (295984.000.000) 2025-01-31 03:25:04 Launching orted on Node 6 of 8
...
008 (295984.000.000) 2025-01-31 03:25:04 Launching orted on Node 4 of 8
...
008 (295984.000.000) 2025-01-31 03:25:04 Launching orted on Node 0 of 8
...
008 (295984.000.000) 2025-01-31 03:25:13 orted exited on Node 4 of 8
...
008 (295984.000.000) 2025-01-31 03:25:13 orted exited on Node 5 of 8
...
008 (295984.000.000) 2025-01-31 03:25:13 orted exited on Node 6 of 8
...
008 (295984.000.000) 2025-01-31 03:25:13 orted exited on Node 1 of 8
...
008 (295984.000.000) 2025-01-31 03:25:13 orted exited on Node 3 of 8
...
008 (295984.000.000) 2025-01-31 03:25:13 orted exited on Node 7 of 8
...
008 (295984.000.000) 2025-01-31 03:25:13 orted exited on Node 0 of 8
...
008 (295984.000.000) 2025-01-31 03:25:13 orted exited on Node 2 of 8
...
015 (295984.000.003) 2025-01-31 03:25:13 Node 3 terminated.
	(1) Normal termination (return value 0)
		Usr 0 00:00:29, Sys 0 00:00:01  -  Run Remote Usage
		Usr 0 00:00:00, Sys 0 00:00:00  -  Run Local Usage
		Usr 0 00:00:29, Sys 0 00:00:01  -  Total Remote Usage
		Usr 0 00:00:00, Sys 0 00:00:00  -  Total Local Usage
	2333  -  Run Bytes Sent By Node
	33831  -  Run Bytes Received By Node
	2333  -  Total Bytes Sent By Node
	33831  -  Total Bytes Received By Node
...
015 (295984.000.001) 2025-01-31 03:25:13 Node 1 terminated.
	(1) Normal termination (return value 0)
		Usr 0 00:00:29, Sys 0 00:00:01  -  Run Remote Usage
		Usr 0 00:00:00, Sys 0 00:00:00  -  Run Local Usage
		Usr 0 00:00:29, Sys 0 00:00:01  -  Total Remote Usage
		Usr 0 00:00:00, Sys 0 00:00:00  -  Total Local Usage
	2333  -  Run Bytes Sent By Node
	33831  -  Run Bytes Received By Node
	2333  -  Total Bytes Sent By Node
	33831  -  Total Bytes Received By Node
...
015 (295984.000.005) 2025-01-31 03:25:13 Node 5 terminated.
	(1) Normal termination (return value 0)
		Usr 0 00:00:29, Sys 0 00:00:01  -  Run Remote Usage
		Usr 0 00:00:00, Sys 0 00:00:00  -  Run Local Usage
		Usr 0 00:00:29, Sys 0 00:00:01  -  Total Remote Usage
		Usr 0 00:00:00, Sys 0 00:00:00  -  Total Local Usage
	2333  -  Run Bytes Sent By Node
	33831  -  Run Bytes Received By Node
	2333  -  Total Bytes Sent By Node
	33831  -  Total Bytes Received By Node
...
015 (295984.000.002) 2025-01-31 03:25:13 Node 2 terminated.
	(1) Normal termination (return value 0)
		Usr 0 00:00:29, Sys 0 00:00:01  -  Run Remote Usage
		Usr 0 00:00:00, Sys 0 00:00:00  -  Run Local Usage
		Usr 0 00:00:29, Sys 0 00:00:01  -  Total Remote Usage
		Usr 0 00:00:00, Sys 0 00:00:00  -  Total Local Usage
	2355  -  Run Bytes Sent By Node
	33831  -  Run Bytes Received By Node
	2355  -  Total Bytes Sent By Node
	33831  -  Total Bytes Received By Node
...
015 (295984.000.007) 2025-01-31 03:25:13 Node 7 terminated.
	(1) Normal termination (return value 0)
		Usr 0 00:00:29, Sys 0 00:00:01  -  Run Remote Usage
		Usr 0 00:00:00, Sys 0 00:00:00  -  Run Local Usage
		Usr 0 00:00:29, Sys 0 00:00:01  -  Total Remote Usage
		Usr 0 00:00:00, Sys 0 00:00:00  -  Total Local Usage
	2355  -  Run Bytes Sent By Node
	33831  -  Run Bytes Received By Node
	2355  -  Total Bytes Sent By Node
	33831  -  Total Bytes Received By Node
...
015 (295984.000.006) 2025-01-31 03:25:13 Node 6 terminated.
	(1) Normal termination (return value 0)
		Usr 0 00:00:29, Sys 0 00:00:01  -  Run Remote Usage
		Usr 0 00:00:00, Sys 0 00:00:00  -  Run Local Usage
		Usr 0 00:00:29, Sys 0 00:00:01  -  Total Remote Usage
		Usr 0 00:00:00, Sys 0 00:00:00  -  Total Local Usage
	2333  -  Run Bytes Sent By Node
	33831  -  Run Bytes Received By Node
	2333  -  Total Bytes Sent By Node
	33831  -  Total Bytes Received By Node
...
015 (295984.000.004) 2025-01-31 03:25:13 Node 4 terminated.
	(1) Normal termination (return value 0)
		Usr 0 00:00:29, Sys 0 00:00:00  -  Run Remote Usage
		Usr 0 00:00:00, Sys 0 00:00:00  -  Run Local Usage
		Usr 0 00:00:29, Sys 0 00:00:00  -  Total Remote Usage
		Usr 0 00:00:00, Sys 0 00:00:00  -  Total Local Usage
	2333  -  Run Bytes Sent By Node
	33831  -  Run Bytes Received By Node
	2333  -  Total Bytes Sent By Node
	33831  -  Total Bytes Received By Node
...
015 (295984.000.000) 2025-01-31 03:25:13 Node 0 terminated.
	(1) Normal termination (return value 0)
		Usr 0 00:00:00, Sys 0 00:00:00  -  Run Remote Usage
		Usr 0 00:00:00, Sys 0 00:00:00  -  Run Local Usage
		Usr 0 00:00:00, Sys 0 00:00:00  -  Total Remote Usage
		Usr 0 00:00:00, Sys 0 00:00:00  -  Total Local Usage
	3428  -  Run Bytes Sent By Node
	33831  -  Run Bytes Received By Node
	3428  -  Total Bytes Sent By Node
	33831  -  Total Bytes Received By Node
...
005 (295984.000.000) 2025-01-31 03:25:13 Job terminated.
	(1) Normal termination (return value 0)
		Usr 0 00:03:23, Sys 0 00:00:06  -  Run Remote Usage
		Usr 0 00:00:00, Sys 0 00:00:00  -  Run Local Usage
		Usr 0 00:00:00, Sys 0 00:00:00  -  Total Remote Usage
		Usr 0 00:00:00, Sys 0 00:00:00  -  Total Local Usage
	19803  -  Run Bytes Sent By Job
	270648  -  Run Bytes Received By Job
	19803  -  Total Bytes Sent By Job
	270648  -  Total Bytes Received By Job
	Partitionable Resources :    Usage  Request Allocated 
	   Cpus                 :                 1         2 
	   Disk (KB)            :       51       35 103011620 
	   Memory (MB)          :       29        1    100096 

	Job terminated of its own accord at 2025-01-31T03:25:13Z with exit-code 0.
...
