000 (279491.000.000) 2025-01-24 10:53:54 Job submitted from host: <192.168.0.102:9618?addrs=192.168.0.102-9618&alias=submitter&noUDP&sock=schedd_2032_5c88>
...
014 (279491.000.000) 2025-01-24 10:54:01 Node 0 executing on host: <192.168.0.149:9618?addrs=192.168.0.149-9618&alias=node149.di.rm1&noUDP&sock=startd_1551_6f7a>
...
014 (279491.000.005) 2025-01-24 10:54:01 Node 5 executing on host: <192.168.0.147:9618?addrs=192.168.0.147-9618&alias=node147.di.rm1&noUDP&sock=startd_1513_5ee1>
...
014 (279491.000.002) 2025-01-24 10:54:02 Node 2 executing on host: <192.168.0.133:9618?addrs=192.168.0.133-9618&alias=node133.di.rm1&noUDP&sock=startd_1941_f16a>
...
014 (279491.000.006) 2025-01-24 10:54:02 Node 6 executing on host: <192.168.0.133:9618?addrs=192.168.0.133-9618&alias=node133.di.rm1&noUDP&sock=startd_1941_f16a>
...
014 (279491.000.007) 2025-01-24 10:54:02 Node 7 executing on host: <192.168.0.109:9618?addrs=192.168.0.109-9618&alias=node109.di.rm1&noUDP&sock=startd_1627_90ad>
...
014 (279491.000.004) 2025-01-24 10:54:02 Node 4 executing on host: <192.168.0.123:9618?addrs=192.168.0.123-9618&alias=node123.di.rm1&noUDP&sock=startd_2149_9d1d>
...
014 (279491.000.003) 2025-01-24 10:54:03 Node 3 executing on host: <192.168.0.143:9618?addrs=192.168.0.143-9618&alias=node143.di.rm1&noUDP&sock=startd_2061_40c7>
...
008 (279491.000.000) 2025-01-24 10:54:04 Launching orted on Node 5 of 8
...
008 (279491.000.000) 2025-01-24 10:54:04 Launching orted on Node 0 of 8
...
014 (279491.000.001) 2025-01-24 10:54:04 Node 1 executing on host: <192.168.0.142:9618?addrs=192.168.0.142-9618&alias=node142.di.rm1&noUDP&sock=startd_1996_ab1f>
...
001 (279491.000.000) 2025-01-24 10:54:04 Job executing on host: MPI_job
...
008 (279491.000.000) 2025-01-24 10:54:04 Launching orted on Node 7 of 8
...
008 (279491.000.000) 2025-01-24 10:54:04 Launching orted on Node 6 of 8
...
008 (279491.000.000) 2025-01-24 10:54:04 Launching orted on Node 2 of 8
...
008 (279491.000.000) 2025-01-24 10:54:04 Launching orted on Node 4 of 8
...
008 (279491.000.000) 2025-01-24 10:54:05 Launching orted on Node 3 of 8
...
008 (279491.000.000) 2025-01-24 10:54:07 Launching orted on Node 1 of 8
...
008 (279491.000.000) 2025-01-24 10:54:15 orted exited on Node 0 of 8
...
008 (279491.000.000) 2025-01-24 10:54:15 orted exited on Node 4 of 8
...
008 (279491.000.000) 2025-01-24 10:54:15 orted exited on Node 5 of 8
...
008 (279491.000.000) 2025-01-24 10:54:15 orted exited on Node 6 of 8
...
008 (279491.000.000) 2025-01-24 10:54:15 orted exited on Node 7 of 8
...
008 (279491.000.000) 2025-01-24 10:54:15 orted exited on Node 2 of 8
...
008 (279491.000.000) 2025-01-24 10:54:15 orted exited on Node 1 of 8
...
008 (279491.000.000) 2025-01-24 10:54:15 orted exited on Node 3 of 8
...
015 (279491.000.005) 2025-01-24 10:54:15 Node 5 terminated.
	(1) Normal termination (return value 0)
		Usr 0 00:00:07, Sys 0 00:00:01  -  Run Remote Usage
		Usr 0 00:00:00, Sys 0 00:00:00  -  Run Local Usage
		Usr 0 00:00:07, Sys 0 00:00:01  -  Total Remote Usage
		Usr 0 00:00:00, Sys 0 00:00:00  -  Total Local Usage
	2165  -  Run Bytes Sent By Node
	33639  -  Run Bytes Received By Node
	2165  -  Total Bytes Sent By Node
	33639  -  Total Bytes Received By Node
...
015 (279491.000.004) 2025-01-24 10:54:15 Node 4 terminated.
	(1) Normal termination (return value 0)
		Usr 0 00:00:06, Sys 0 00:00:01  -  Run Remote Usage
		Usr 0 00:00:00, Sys 0 00:00:00  -  Run Local Usage
		Usr 0 00:00:06, Sys 0 00:00:01  -  Total Remote Usage
		Usr 0 00:00:00, Sys 0 00:00:00  -  Total Local Usage
	2187  -  Run Bytes Sent By Node
	33639  -  Run Bytes Received By Node
	2187  -  Total Bytes Sent By Node
	33639  -  Total Bytes Received By Node
...
015 (279491.000.000) 2025-01-24 10:54:15 Node 0 terminated.
	(1) Normal termination (return value 0)
		Usr 0 00:00:00, Sys 0 00:00:00  -  Run Remote Usage
		Usr 0 00:00:00, Sys 0 00:00:00  -  Run Local Usage
		Usr 0 00:00:00, Sys 0 00:00:00  -  Total Remote Usage
		Usr 0 00:00:00, Sys 0 00:00:00  -  Total Local Usage
	3262  -  Run Bytes Sent By Node
	33639  -  Run Bytes Received By Node
	3262  -  Total Bytes Sent By Node
	33639  -  Total Bytes Received By Node
...
005 (279491.000.000) 2025-01-24 10:54:15 Job terminated.
	(1) Normal termination (return value 0)
		Usr 0 00:00:45, Sys 0 00:00:04  -  Run Remote Usage
		Usr 0 00:00:00, Sys 0 00:00:00  -  Run Local Usage
		Usr 0 00:00:00, Sys 0 00:00:00  -  Total Remote Usage
		Usr 0 00:00:00, Sys 0 00:00:00  -  Total Local Usage
	7614  -  Run Bytes Sent By Job
	269112  -  Run Bytes Received By Job
	7614  -  Total Bytes Sent By Job
	269112  -  Total Bytes Received By Job
	Partitionable Resources :    Usage  Request Allocated 
	   Cpus                 :                 1         1 
	   Disk (KB)            :       51       35    471944 
	   Memory (MB)          :      120       15     20480 

	Job terminated of its own accord at 2025-01-24T10:54:15Z with exit-code 0.
...
000 (287835.000.000) 2025-01-28 17:51:38 Job submitted from host: <192.168.0.102:9618?addrs=192.168.0.102-9618&alias=submitter&noUDP&sock=schedd_2032_5c88>
...
014 (287835.000.000) 2025-01-28 17:51:42 Node 0 executing on host: <192.168.0.149:9618?addrs=192.168.0.149-9618&alias=node149.di.rm1&noUDP&sock=startd_1551_6f7a>
...
014 (287835.000.001) 2025-01-28 17:51:42 Node 1 executing on host: <192.168.0.114:9618?addrs=192.168.0.114-9618&alias=node114.di.rm1&noUDP&sock=startd_2075_db1b>
...
014 (287835.000.004) 2025-01-28 17:51:42 Node 4 executing on host: <192.168.0.139:9618?addrs=192.168.0.139-9618&alias=node139.di.rm1&noUDP&sock=startd_1966_1748>
...
014 (287835.000.006) 2025-01-28 17:51:42 Node 6 executing on host: <192.168.0.134:9618?addrs=192.168.0.134-9618&alias=node134.di.rm1&noUDP&sock=startd_2073_7bea>
...
014 (287835.000.005) 2025-01-28 17:51:42 Node 5 executing on host: <192.168.0.104:9618?addrs=192.168.0.104-9618&alias=node104.di.rm1&noUDP&sock=startd_1987_7ec5>
...
014 (287835.000.007) 2025-01-28 17:51:42 Node 7 executing on host: <192.168.0.113:9618?addrs=192.168.0.113-9618&alias=node113.di.rm1&noUDP&sock=startd_3668932_c305>
...
014 (287835.000.002) 2025-01-28 17:51:42 Node 2 executing on host: <192.168.0.123:9618?addrs=192.168.0.123-9618&alias=node123.di.rm1&noUDP&sock=startd_2149_9d1d>
...
014 (287835.000.003) 2025-01-28 17:51:42 Node 3 executing on host: <192.168.0.124:9618?addrs=192.168.0.124-9618&alias=node124.di.rm1&noUDP&sock=startd_2143_7f8b>
...
001 (287835.000.000) 2025-01-28 17:51:42 Job executing on host: MPI_job
...
008 (287835.000.000) 2025-01-28 17:51:44 Launching orted on Node 0 of 8
...
008 (287835.000.000) 2025-01-28 17:51:44 Launching orted on Node 1 of 8
...
008 (287835.000.000) 2025-01-28 17:51:44 Launching orted on Node 4 of 8
...
008 (287835.000.000) 2025-01-28 17:51:44 Launching orted on Node 6 of 8
...
008 (287835.000.000) 2025-01-28 17:51:44 Launching orted on Node 5 of 8
...
008 (287835.000.000) 2025-01-28 17:51:44 Launching orted on Node 2 of 8
...
008 (287835.000.000) 2025-01-28 17:51:44 Launching orted on Node 3 of 8
...
008 (287835.000.000) 2025-01-28 17:51:44 Launching orted on Node 7 of 8
...
008 (287835.000.000) 2025-01-28 17:51:51 orted exited on Node 5 of 8
...
008 (287835.000.000) 2025-01-28 17:51:51 orted exited on Node 4 of 8
...
008 (287835.000.000) 2025-01-28 17:51:51 orted exited on Node 0 of 8
...
008 (287835.000.000) 2025-01-28 17:51:51 orted exited on Node 7 of 8
...
008 (287835.000.000) 2025-01-28 17:51:51 orted exited on Node 1 of 8
...
008 (287835.000.000) 2025-01-28 17:51:51 orted exited on Node 2 of 8
...
008 (287835.000.000) 2025-01-28 17:51:51 orted exited on Node 6 of 8
...
008 (287835.000.000) 2025-01-28 17:51:51 orted exited on Node 3 of 8
...
015 (287835.000.000) 2025-01-28 17:51:51 Node 0 terminated.
	(1) Normal termination (return value 0)
		Usr 0 00:00:05, Sys 0 00:00:00  -  Run Remote Usage
		Usr 0 00:00:00, Sys 0 00:00:00  -  Run Local Usage
		Usr 0 00:00:05, Sys 0 00:00:00  -  Total Remote Usage
		Usr 0 00:00:00, Sys 0 00:00:00  -  Total Local Usage
	3728  -  Run Bytes Sent By Node
	33591  -  Run Bytes Received By Node
	3728  -  Total Bytes Sent By Node
	33591  -  Total Bytes Received By Node
...
015 (287835.000.005) 2025-01-28 17:51:51 Node 5 terminated.
	(1) Normal termination (return value 0)
		Usr 0 00:00:07, Sys 0 00:00:01  -  Run Remote Usage
		Usr 0 00:00:00, Sys 0 00:00:00  -  Run Local Usage
		Usr 0 00:00:07, Sys 0 00:00:01  -  Total Remote Usage
		Usr 0 00:00:00, Sys 0 00:00:00  -  Total Local Usage
	2165  -  Run Bytes Sent By Node
	33591  -  Run Bytes Received By Node
	2165  -  Total Bytes Sent By Node
	33591  -  Total Bytes Received By Node
...
005 (287835.000.000) 2025-01-28 17:51:51 Job terminated.
	(1) Normal termination (return value 0)
		Usr 0 00:00:50, Sys 0 00:00:04  -  Run Remote Usage
		Usr 0 00:00:00, Sys 0 00:00:00  -  Run Local Usage
		Usr 0 00:00:05, Sys 0 00:00:00  -  Total Remote Usage
		Usr 0 00:00:00, Sys 0 00:00:00  -  Total Local Usage
	10223  -  Run Bytes Sent By Job
	268728  -  Run Bytes Received By Job
	10223  -  Total Bytes Sent By Job
	268728  -  Total Bytes Received By Job
	Partitionable Resources :    Usage  Request Allocated 
	   Cpus                 :                 1         2 
	   Disk (KB)            :       51       35 102883670 
	   Memory (MB)          :      277      342    100096 

	Job terminated of its own accord at 2025-01-28T17:51:51Z with exit-code 0.
...
