000 (273362.000.000) 2025-01-23 10:55:50 Job submitted from host: <192.168.0.102:9618?addrs=192.168.0.102-9618&alias=submitter&noUDP&sock=schedd_2032_5c88>
...
014 (273362.000.001) 2025-01-23 10:56:09 Node 1 executing on host: <192.168.0.106:9618?addrs=192.168.0.106-9618&alias=node106.di.rm1&noUDP&sock=startd_1970_d5a9>
...
014 (273362.000.000) 2025-01-23 10:56:09 Node 0 executing on host: <192.168.0.148:9618?addrs=192.168.0.148-9618&alias=node148.di.rm1&noUDP&sock=startd_1547_b119>
...
001 (273362.000.000) 2025-01-23 10:56:09 Job executing on host: MPI_job
...
008 (273362.000.000) 2025-01-23 10:56:11 Launching orted on Node 1 of 2
...
008 (273362.000.000) 2025-01-23 10:56:12 Launching orted on Node 0 of 2
...
008 (273362.000.000) 2025-01-23 10:56:21 orted exited on Node 1 of 2
...
008 (273362.000.000) 2025-01-23 10:56:21 orted exited on Node 0 of 2
...
015 (273362.000.001) 2025-01-23 10:56:22 Node 1 terminated.
	(1) Normal termination (return value 0)
		Usr 0 00:00:09, Sys 0 00:00:00  -  Run Remote Usage
		Usr 0 00:00:00, Sys 0 00:00:00  -  Run Local Usage
		Usr 0 00:00:09, Sys 0 00:00:00  -  Total Remote Usage
		Usr 0 00:00:00, Sys 0 00:00:00  -  Total Local Usage
	2165  -  Run Bytes Sent By Node
	33639  -  Run Bytes Received By Node
	2165  -  Total Bytes Sent By Node
	33639  -  Total Bytes Received By Node
...
015 (273362.000.000) 2025-01-23 10:56:22 Node 0 terminated.
	(1) Normal termination (return value 0)
		Usr 0 00:00:05, Sys 0 00:00:00  -  Run Remote Usage
		Usr 0 00:00:00, Sys 0 00:00:00  -  Run Local Usage
		Usr 0 00:00:05, Sys 0 00:00:00  -  Total Remote Usage
		Usr 0 00:00:00, Sys 0 00:00:00  -  Total Local Usage
	3257  -  Run Bytes Sent By Node
	33639  -  Run Bytes Received By Node
	3257  -  Total Bytes Sent By Node
	33639  -  Total Bytes Received By Node
...
005 (273362.000.000) 2025-01-23 10:56:22 Job terminated.
	(1) Normal termination (return value 0)
		Usr 0 00:00:14, Sys 0 00:00:00  -  Run Remote Usage
		Usr 0 00:00:00, Sys 0 00:00:00  -  Run Local Usage
		Usr 0 00:00:05, Sys 0 00:00:00  -  Total Remote Usage
		Usr 0 00:00:00, Sys 0 00:00:00  -  Total Local Usage
	5422  -  Run Bytes Sent By Job
	67278  -  Run Bytes Received By Job
	5422  -  Total Bytes Sent By Job
	67278  -  Total Bytes Received By Job
	Partitionable Resources :    Usage  Request Allocated 
	   Cpus                 :                 1         1 
	   Disk (KB)            :       49       35    467548 
	   Memory (MB)          :      272        1       128 

	Job terminated of its own accord at 2025-01-23T10:56:21Z with exit-code 0.
...
