000 (262595.000.000) 2025-01-17 11:14:16 Job submitted from host: <192.168.0.102:9618?addrs=192.168.0.102-9618&alias=submitter&noUDP&sock=schedd_2032_5c88>
...
001 (262595.000.000) 2025-01-17 11:14:31 Job executing on host: <192.168.0.138:9618?addrs=192.168.0.138-9618&alias=node138.di.rm1&noUDP&sock=startd_2998744_89a3>
...
006 (262595.000.000) 2025-01-17 11:14:40 Image size of job updated: 866652
	814  -  MemoryUsage of job (MB)
	832788  -  ResidentSetSize of job (KB)
...
006 (262595.000.000) 2025-01-17 11:19:28 Image size of job updated: 9786444
	814  -  MemoryUsage of job (MB)
	832920  -  ResidentSetSize of job (KB)
...
005 (262595.000.000) 2025-01-17 11:19:28 Job terminated.
	(1) Normal termination (return value 0)
		Usr 0 00:04:52, Sys 0 00:00:03  -  Run Remote Usage
		Usr 0 00:00:00, Sys 0 00:00:00  -  Run Local Usage
		Usr 0 00:04:52, Sys 0 00:00:03  -  Total Remote Usage
		Usr 0 00:00:00, Sys 0 00:00:00  -  Total Local Usage
	0  -  Run Bytes Sent By Job
	0  -  Run Bytes Received By Job
	0  -  Total Bytes Sent By Job
	0  -  Total Bytes Received By Job
	Partitionable Resources :    Usage  Request Allocated 
	   Cpus                 :     1.00        1         1 
	   Disk (KB)            :    27          27    474244 
	   Memory (MB)          :   814           1       128 

	Job terminated of its own accord at 2025-01-17T11:19:28Z with exit-code 0.
...
