000 (265015.000.000) 2025-01-17 11:21:42 Job submitted from host: <192.168.0.102:9618?addrs=192.168.0.102-9618&alias=submitter&noUDP&sock=schedd_2032_5c88>
...
001 (265015.000.000) 2025-01-17 11:21:44 Job executing on host: <192.168.0.145:9618?addrs=192.168.0.145-9618&alias=node145.di.rm1&noUDP&sock=startd_1869_8e98>
...
006 (265015.000.000) 2025-01-17 11:21:52 Image size of job updated: 342284
	316  -  MemoryUsage of job (MB)
	323532  -  ResidentSetSize of job (KB)
...
006 (265015.000.000) 2025-01-17 11:24:49 Image size of job updated: 643192
	317  -  MemoryUsage of job (MB)
	323928  -  ResidentSetSize of job (KB)
...
005 (265015.000.000) 2025-01-17 11:24:49 Job terminated.
	(1) Normal termination (return value 0)
		Usr 0 00:06:21, Sys 0 00:00:00  -  Run Remote Usage
		Usr 0 00:00:00, Sys 0 00:00:00  -  Run Local Usage
		Usr 0 00:06:21, Sys 0 00:00:00  -  Total Remote Usage
		Usr 0 00:00:00, Sys 0 00:00:00  -  Total Local Usage
	0  -  Run Bytes Sent By Job
	0  -  Run Bytes Received By Job
	0  -  Total Bytes Sent By Job
	0  -  Total Bytes Received By Job
	Partitionable Resources :    Usage  Request Allocated 
	   Cpus                 :     1.46        1         1 
	   Disk (KB)            :    27          27    462663 
	   Memory (MB)          :   317           1       128 

	Job terminated of its own accord at 2025-01-17T11:24:49Z with exit-code 0.
...
