000 (280495.000.000) 2025-01-25 16:43:26 Job submitted from host: <192.168.0.102:9618?addrs=192.168.0.102-9618&alias=submitter&noUDP&sock=schedd_2032_5c88>
...
014 (280495.000.000) 2025-01-25 16:43:33 Node 0 executing on host: <192.168.0.116:9618?addrs=192.168.0.116-9618&alias=node116.di.rm1&noUDP&sock=startd_1847_7783>
...
014 (280495.000.002) 2025-01-25 16:43:33 Node 2 executing on host: <192.168.0.130:9618?addrs=192.168.0.130-9618&alias=node130.di.rm1&noUDP&sock=startd_2751195_838e>
...
014 (280495.000.001) 2025-01-25 16:43:33 Node 1 executing on host: <192.168.0.120:9618?addrs=192.168.0.120-9618&alias=node120.di.rm1&noUDP&sock=startd_2096_4298>
...
014 (280495.000.003) 2025-01-25 16:43:33 Node 3 executing on host: <192.168.0.120:9618?addrs=192.168.0.120-9618&alias=node120.di.rm1&noUDP&sock=startd_2096_4298>
...
014 (280495.000.004) 2025-01-25 16:43:33 Node 4 executing on host: <192.168.0.120:9618?addrs=192.168.0.120-9618&alias=node120.di.rm1&noUDP&sock=startd_2096_4298>
...
014 (280495.000.005) 2025-01-25 16:43:33 Node 5 executing on host: <192.168.0.142:9618?addrs=192.168.0.142-9618&alias=node142.di.rm1&noUDP&sock=startd_1996_ab1f>
...
014 (280495.000.006) 2025-01-25 16:43:33 Node 6 executing on host: <192.168.0.113:9618?addrs=192.168.0.113-9618&alias=node113.di.rm1&noUDP&sock=startd_3668932_c305>
...
014 (280495.000.007) 2025-01-25 16:43:33 Node 7 executing on host: <192.168.0.123:9618?addrs=192.168.0.123-9618&alias=node123.di.rm1&noUDP&sock=startd_2149_9d1d>
...
001 (280495.000.000) 2025-01-25 16:43:33 Job executing on host: MPI_job
...
008 (280495.000.000) 2025-01-25 16:43:35 Launching orted on Node 2 of 8
...
008 (280495.000.000) 2025-01-25 16:43:35 Launching orted on Node 0 of 8
...
008 (280495.000.000) 2025-01-25 16:43:35 Launching orted on Node 3 of 8
...
008 (280495.000.000) 2025-01-25 16:43:35 Launching orted on Node 4 of 8
...
008 (280495.000.000) 2025-01-25 16:43:35 Launching orted on Node 1 of 8
...
008 (280495.000.000) 2025-01-25 16:43:35 Launching orted on Node 5 of 8
...
008 (280495.000.000) 2025-01-25 16:43:35 Launching orted on Node 6 of 8
...
008 (280495.000.000) 2025-01-25 16:43:35 Launching orted on Node 7 of 8
...
008 (280495.000.000) 2025-01-25 16:43:42 orted exited on Node 6 of 8
...
008 (280495.000.000) 2025-01-25 16:43:42 orted exited on Node 5 of 8
...
008 (280495.000.000) 2025-01-25 16:43:42 orted exited on Node 0 of 8
...
008 (280495.000.000) 2025-01-25 16:43:42 orted exited on Node 2 of 8
...
008 (280495.000.000) 2025-01-25 16:43:42 orted exited on Node 7 of 8
...
008 (280495.000.000) 2025-01-25 16:43:42 orted exited on Node 1 of 8
...
008 (280495.000.000) 2025-01-25 16:43:42 orted exited on Node 4 of 8
...
008 (280495.000.000) 2025-01-25 16:43:42 orted exited on Node 3 of 8
...
015 (280495.000.002) 2025-01-25 16:43:42 Node 2 terminated.
	(1) Normal termination (return value 0)
		Usr 0 00:00:06, Sys 0 00:00:00  -  Run Remote Usage
		Usr 0 00:00:00, Sys 0 00:00:00  -  Run Local Usage
		Usr 0 00:00:06, Sys 0 00:00:00  -  Total Remote Usage
		Usr 0 00:00:00, Sys 0 00:00:00  -  Total Local Usage
	2165  -  Run Bytes Sent By Node
	33639  -  Run Bytes Received By Node
	2165  -  Total Bytes Sent By Node
	33639  -  Total Bytes Received By Node
...
015 (280495.000.001) 2025-01-25 16:43:42 Node 1 terminated.
	(1) Normal termination (return value 0)
		Usr 0 00:00:06, Sys 0 00:00:00  -  Run Remote Usage
		Usr 0 00:00:00, Sys 0 00:00:00  -  Run Local Usage
		Usr 0 00:00:06, Sys 0 00:00:00  -  Total Remote Usage
		Usr 0 00:00:00, Sys 0 00:00:00  -  Total Local Usage
	2187  -  Run Bytes Sent By Node
	33639  -  Run Bytes Received By Node
	2187  -  Total Bytes Sent By Node
	33639  -  Total Bytes Received By Node
...
015 (280495.000.003) 2025-01-25 16:43:42 Node 3 terminated.
	(1) Normal termination (return value 0)
		Usr 0 00:00:06, Sys 0 00:00:00  -  Run Remote Usage
		Usr 0 00:00:00, Sys 0 00:00:00  -  Run Local Usage
		Usr 0 00:00:06, Sys 0 00:00:00  -  Total Remote Usage
		Usr 0 00:00:00, Sys 0 00:00:00  -  Total Local Usage
	2187  -  Run Bytes Sent By Node
	33639  -  Run Bytes Received By Node
	2187  -  Total Bytes Sent By Node
	33639  -  Total Bytes Received By Node
...
015 (280495.000.004) 2025-01-25 16:43:42 Node 4 terminated.
	(1) Normal termination (return value 0)
		Usr 0 00:00:06, Sys 0 00:00:00  -  Run Remote Usage
		Usr 0 00:00:00, Sys 0 00:00:00  -  Run Local Usage
		Usr 0 00:00:06, Sys 0 00:00:00  -  Total Remote Usage
		Usr 0 00:00:00, Sys 0 00:00:00  -  Total Local Usage
	2187  -  Run Bytes Sent By Node
	33639  -  Run Bytes Received By Node
	2187  -  Total Bytes Sent By Node
	33639  -  Total Bytes Received By Node
...
015 (280495.000.000) 2025-01-25 16:43:42 Node 0 terminated.
	(1) Normal termination (return value 0)
		Usr 0 00:00:00, Sys 0 00:00:01  -  Run Remote Usage
		Usr 0 00:00:00, Sys 0 00:00:00  -  Run Local Usage
		Usr 0 00:00:00, Sys 0 00:00:01  -  Total Remote Usage
		Usr 0 00:00:00, Sys 0 00:00:00  -  Total Local Usage
	3728  -  Run Bytes Sent By Node
	33639  -  Run Bytes Received By Node
	3728  -  Total Bytes Sent By Node
	33639  -  Total Bytes Received By Node
...
005 (280495.000.000) 2025-01-25 16:43:43 Job terminated.
	(1) Normal termination (return value 0)
		Usr 0 00:00:43, Sys 0 00:00:02  -  Run Remote Usage
		Usr 0 00:00:00, Sys 0 00:00:00  -  Run Local Usage
		Usr 0 00:00:00, Sys 0 00:00:01  -  Total Remote Usage
		Usr 0 00:00:00, Sys 0 00:00:00  -  Total Local Usage
	12454  -  Run Bytes Sent By Job
	269112  -  Run Bytes Received By Job
	12454  -  Total Bytes Sent By Job
	269112  -  Total Bytes Received By Job
	Partitionable Resources :    Usage  Request Allocated 
	   Cpus                 :                 1         2 
	   Disk (KB)            :       50       35 102978738 
	   Memory (MB)          :      264      287    100096 

	Job terminated of its own accord at 2025-01-25T16:43:42Z with exit-code 0.
...
000 (281343.000.000) 2025-01-25 19:54:13 Job submitted from host: <192.168.0.102:9618?addrs=192.168.0.102-9618&alias=submitter&noUDP&sock=schedd_2032_5c88>
...
014 (281343.000.004) 2025-01-25 19:54:22 Node 4 executing on host: <192.168.0.114:9618?addrs=192.168.0.114-9618&alias=node114.di.rm1&noUDP&sock=startd_2075_db1b>
...
014 (281343.000.002) 2025-01-25 19:54:22 Node 2 executing on host: <192.168.0.120:9618?addrs=192.168.0.120-9618&alias=node120.di.rm1&noUDP&sock=startd_2096_4298>
...
014 (281343.000.006) 2025-01-25 19:54:22 Node 6 executing on host: <192.168.0.130:9618?addrs=192.168.0.130-9618&alias=node130.di.rm1&noUDP&sock=startd_2751195_838e>
...
014 (281343.000.003) 2025-01-25 19:54:22 Node 3 executing on host: <192.168.0.141:9618?addrs=192.168.0.141-9618&alias=node141.di.rm1&noUDP&sock=startd_2077_3a4b>
...
014 (281343.000.001) 2025-01-25 19:54:22 Node 1 executing on host: <192.168.0.116:9618?addrs=192.168.0.116-9618&alias=node116.di.rm1&noUDP&sock=startd_1847_7783>
...
014 (281343.000.005) 2025-01-25 19:54:22 Node 5 executing on host: <192.168.0.143:9618?addrs=192.168.0.143-9618&alias=node143.di.rm1&noUDP&sock=startd_2061_40c7>
...
014 (281343.000.000) 2025-01-25 19:54:22 Node 0 executing on host: <192.168.0.143:9618?addrs=192.168.0.143-9618&alias=node143.di.rm1&noUDP&sock=startd_2061_40c7>
...
014 (281343.000.007) 2025-01-25 19:54:22 Node 7 executing on host: <192.168.0.143:9618?addrs=192.168.0.143-9618&alias=node143.di.rm1&noUDP&sock=startd_2061_40c7>
...
001 (281343.000.000) 2025-01-25 19:54:22 Job executing on host: MPI_job
...
008 (281343.000.000) 2025-01-25 19:54:24 Launching orted on Node 1 of 8
...
008 (281343.000.000) 2025-01-25 19:54:24 Launching orted on Node 4 of 8
...
008 (281343.000.000) 2025-01-25 19:54:24 Launching orted on Node 3 of 8
...
008 (281343.000.000) 2025-01-25 19:54:24 Launching orted on Node 6 of 8
...
008 (281343.000.000) 2025-01-25 19:54:24 Launching orted on Node 2 of 8
...
008 (281343.000.000) 2025-01-25 19:54:24 Launching orted on Node 0 of 8
...
008 (281343.000.000) 2025-01-25 19:54:24 Launching orted on Node 7 of 8
...
008 (281343.000.000) 2025-01-25 19:54:24 Launching orted on Node 5 of 8
...
008 (281343.000.000) 2025-01-25 19:54:32 orted exited on Node 1 of 8
...
008 (281343.000.000) 2025-01-25 19:54:32 orted exited on Node 3 of 8
...
008 (281343.000.000) 2025-01-25 19:54:32 orted exited on Node 4 of 8
...
008 (281343.000.000) 2025-01-25 19:54:32 orted exited on Node 6 of 8
...
008 (281343.000.000) 2025-01-25 19:54:32 orted exited on Node 2 of 8
...
008 (281343.000.000) 2025-01-25 19:54:32 orted exited on Node 0 of 8
...
008 (281343.000.000) 2025-01-25 19:54:32 orted exited on Node 5 of 8
...
008 (281343.000.000) 2025-01-25 19:54:32 orted exited on Node 7 of 8
...
015 (281343.000.001) 2025-01-25 19:54:32 Node 1 terminated.
	(1) Normal termination (return value 0)
		Usr 0 00:00:06, Sys 0 00:00:01  -  Run Remote Usage
		Usr 0 00:00:00, Sys 0 00:00:00  -  Run Local Usage
		Usr 0 00:00:06, Sys 0 00:00:01  -  Total Remote Usage
		Usr 0 00:00:00, Sys 0 00:00:00  -  Total Local Usage
	2165  -  Run Bytes Sent By Node
	33639  -  Run Bytes Received By Node
	2165  -  Total Bytes Sent By Node
	33639  -  Total Bytes Received By Node
...
015 (281343.000.003) 2025-01-25 19:54:32 Node 3 terminated.
	(1) Normal termination (return value 0)
		Usr 0 00:00:06, Sys 0 00:00:01  -  Run Remote Usage
		Usr 0 00:00:00, Sys 0 00:00:00  -  Run Local Usage
		Usr 0 00:00:06, Sys 0 00:00:01  -  Total Remote Usage
		Usr 0 00:00:00, Sys 0 00:00:00  -  Total Local Usage
	2165  -  Run Bytes Sent By Node
	33639  -  Run Bytes Received By Node
	2165  -  Total Bytes Sent By Node
	33639  -  Total Bytes Received By Node
...
015 (281343.000.004) 2025-01-25 19:54:32 Node 4 terminated.
	(1) Normal termination (return value 0)
		Usr 0 00:00:07, Sys 0 00:00:00  -  Run Remote Usage
		Usr 0 00:00:00, Sys 0 00:00:00  -  Run Local Usage
		Usr 0 00:00:07, Sys 0 00:00:00  -  Total Remote Usage
		Usr 0 00:00:00, Sys 0 00:00:00  -  Total Local Usage
	2165  -  Run Bytes Sent By Node
	33639  -  Run Bytes Received By Node
	2165  -  Total Bytes Sent By Node
	33639  -  Total Bytes Received By Node
...
015 (281343.000.006) 2025-01-25 19:54:32 Node 6 terminated.
	(1) Normal termination (return value 0)
		Usr 0 00:00:06, Sys 0 00:00:00  -  Run Remote Usage
		Usr 0 00:00:00, Sys 0 00:00:00  -  Run Local Usage
		Usr 0 00:00:06, Sys 0 00:00:00  -  Total Remote Usage
		Usr 0 00:00:00, Sys 0 00:00:00  -  Total Local Usage
	2165  -  Run Bytes Sent By Node
	33639  -  Run Bytes Received By Node
	2165  -  Total Bytes Sent By Node
	33639  -  Total Bytes Received By Node
...
015 (281343.000.002) 2025-01-25 19:54:32 Node 2 terminated.
	(1) Normal termination (return value 0)
		Usr 0 00:00:07, Sys 0 00:00:00  -  Run Remote Usage
		Usr 0 00:00:00, Sys 0 00:00:00  -  Run Local Usage
		Usr 0 00:00:07, Sys 0 00:00:00  -  Total Remote Usage
		Usr 0 00:00:00, Sys 0 00:00:00  -  Total Local Usage
	2187  -  Run Bytes Sent By Node
	33639  -  Run Bytes Received By Node
	2187  -  Total Bytes Sent By Node
	33639  -  Total Bytes Received By Node
...
015 (281343.000.005) 2025-01-25 19:54:32 Node 5 terminated.
	(1) Normal termination (return value 0)
		Usr 0 00:00:06, Sys 0 00:00:00  -  Run Remote Usage
		Usr 0 00:00:00, Sys 0 00:00:00  -  Run Local Usage
		Usr 0 00:00:06, Sys 0 00:00:00  -  Total Remote Usage
		Usr 0 00:00:00, Sys 0 00:00:00  -  Total Local Usage
	0  -  Run Bytes Sent By Node
	33639  -  Run Bytes Received By Node
	0  -  Total Bytes Sent By Node
	33639  -  Total Bytes Received By Node
...
015 (281343.000.000) 2025-01-25 19:54:32 Node 0 terminated.
	(1) Normal termination (return value 0)
		Usr 0 00:00:00, Sys 0 00:00:00  -  Run Remote Usage
		Usr 0 00:00:00, Sys 0 00:00:00  -  Run Local Usage
		Usr 0 00:00:00, Sys 0 00:00:00  -  Total Remote Usage
		Usr 0 00:00:00, Sys 0 00:00:00  -  Total Local Usage
	3262  -  Run Bytes Sent By Node
	33639  -  Run Bytes Received By Node
	3262  -  Total Bytes Sent By Node
	33639  -  Total Bytes Received By Node
...
005 (281343.000.000) 2025-01-25 19:54:32 Job terminated.
	(1) Normal termination (return value 0)
		Usr 0 00:00:44, Sys 0 00:00:03  -  Run Remote Usage
		Usr 0 00:00:00, Sys 0 00:00:00  -  Run Local Usage
		Usr 0 00:00:00, Sys 0 00:00:00  -  Total Remote Usage
		Usr 0 00:00:00, Sys 0 00:00:00  -  Total Local Usage
	14109  -  Run Bytes Sent By Job
	269112  -  Run Bytes Received By Job
	14109  -  Total Bytes Sent By Job
	269112  -  Total Bytes Received By Job
	Partitionable Resources :    Usage  Request Allocated 
	   Cpus                 :                 1         1 
	   Disk (KB)            :       50       35  31714669 
	   Memory (MB)          :      287      185     30720 

	Job terminated of its own accord at 2025-01-25T19:54:32Z with exit-code 0.
...
