000 (273778.000.000) 2025-01-23 11:19:42 Job submitted from host: <192.168.0.102:9618?addrs=192.168.0.102-9618&alias=submitter&noUDP&sock=schedd_2032_5c88>
...
014 (273778.000.001) 2025-01-23 11:19:50 Node 1 executing on host: <192.168.0.141:9618?addrs=192.168.0.141-9618&alias=node141.di.rm1&noUDP&sock=startd_2077_3a4b>
...
014 (273778.000.003) 2025-01-23 11:19:50 Node 3 executing on host: <192.168.0.148:9618?addrs=192.168.0.148-9618&alias=node148.di.rm1&noUDP&sock=startd_1547_b119>
...
014 (273778.000.000) 2025-01-23 11:19:50 Node 0 executing on host: <192.168.0.111:9618?addrs=192.168.0.111-9618&alias=node111.di.rm1&noUDP&sock=startd_2044_97ab>
...
014 (273778.000.002) 2025-01-23 11:19:50 Node 2 executing on host: <192.168.0.132:9618?addrs=192.168.0.132-9618&alias=node132.di.rm1&noUDP&sock=startd_1999_b9e8>
...
001 (273778.000.000) 2025-01-23 11:19:50 Job executing on host: MPI_job
...
008 (273778.000.000) 2025-01-23 11:19:52 Launching orted on Node 1 of 4
...
008 (273778.000.000) 2025-01-23 11:19:52 Launching orted on Node 3 of 4
...
008 (273778.000.000) 2025-01-23 11:19:52 Launching orted on Node 2 of 4
...
008 (273778.000.000) 2025-01-23 11:19:52 Launching orted on Node 0 of 4
...
008 (273778.000.000) 2025-01-23 11:19:53 orted exited on Node 3 of 4
...
008 (273778.000.000) 2025-01-23 11:19:53 orted exited on Node 1 of 4
...
008 (273778.000.000) 2025-01-23 11:19:53 orted exited on Node 0 of 4
...
008 (273778.000.000) 2025-01-23 11:19:53 orted exited on Node 2 of 4
...
015 (273778.000.002) 2025-01-23 11:19:53 Node 2 terminated.
	(1) Normal termination (return value 0)
		Usr 0 00:00:00, Sys 0 00:00:00  -  Run Remote Usage
		Usr 0 00:00:00, Sys 0 00:00:00  -  Run Local Usage
		Usr 0 00:00:00, Sys 0 00:00:00  -  Total Remote Usage
		Usr 0 00:00:00, Sys 0 00:00:00  -  Total Local Usage
	2165  -  Run Bytes Sent By Node
	33639  -  Run Bytes Received By Node
	2165  -  Total Bytes Sent By Node
	33639  -  Total Bytes Received By Node
...
015 (273778.000.000) 2025-01-23 11:19:53 Node 0 terminated.
	(1) Normal termination (return value 0)
		Usr 0 00:00:00, Sys 0 00:00:00  -  Run Remote Usage
		Usr 0 00:00:00, Sys 0 00:00:00  -  Run Local Usage
		Usr 0 00:00:00, Sys 0 00:00:00  -  Total Remote Usage
		Usr 0 00:00:00, Sys 0 00:00:00  -  Total Local Usage
	3307  -  Run Bytes Sent By Node
	33639  -  Run Bytes Received By Node
	3307  -  Total Bytes Sent By Node
	33639  -  Total Bytes Received By Node
...
005 (273778.000.000) 2025-01-23 11:19:53 Job terminated.
	(1) Normal termination (return value 0)
		Usr 0 00:00:00, Sys 0 00:00:01  -  Run Remote Usage
		Usr 0 00:00:00, Sys 0 00:00:00  -  Run Local Usage
		Usr 0 00:00:00, Sys 0 00:00:00  -  Total Remote Usage
		Usr 0 00:00:00, Sys 0 00:00:00  -  Total Local Usage
	9802  -  Run Bytes Sent By Job
	134556  -  Run Bytes Received By Job
	9802  -  Total Bytes Sent By Job
	134556  -  Total Bytes Received By Job
	Partitionable Resources :    Usage  Request Allocated 
	   Cpus                 :                 1         1 
	   Disk (KB)            :       50       35    468058 
	   GPUs                 :                           0 
	   Memory (MB)          :        0        0     40960 

	Job terminated of its own accord at 2025-01-23T11:19:53Z with exit-code 0.
...
000 (278524.000.000) 2025-01-24 09:04:34 Job submitted from host: <192.168.0.102:9618?addrs=192.168.0.102-9618&alias=submitter&noUDP&sock=schedd_2032_5c88>
...
014 (278524.000.001) 2025-01-24 09:04:41 Node 1 executing on host: <192.168.0.113:9618?addrs=192.168.0.113-9618&alias=node113.di.rm1&noUDP&sock=startd_3668932_c305>
...
014 (278524.000.000) 2025-01-24 09:04:41 Node 0 executing on host: <192.168.0.133:9618?addrs=192.168.0.133-9618&alias=node133.di.rm1&noUDP&sock=startd_1941_f16a>
...
014 (278524.000.002) 2025-01-24 09:04:41 Node 2 executing on host: <192.168.0.109:9618?addrs=192.168.0.109-9618&alias=node109.di.rm1&noUDP&sock=startd_1627_90ad>
...
014 (278524.000.003) 2025-01-24 09:04:41 Node 3 executing on host: <192.168.0.139:9618?addrs=192.168.0.139-9618&alias=node139.di.rm1&noUDP&sock=startd_1966_1748>
...
001 (278524.000.000) 2025-01-24 09:04:41 Job executing on host: MPI_job
...
008 (278524.000.000) 2025-01-24 09:04:44 Launching orted on Node 1 of 4
...
008 (278524.000.000) 2025-01-24 09:04:44 Launching orted on Node 2 of 4
...
008 (278524.000.000) 2025-01-24 09:04:44 Launching orted on Node 0 of 4
...
008 (278524.000.000) 2025-01-24 09:04:44 Launching orted on Node 3 of 4
...
008 (278524.000.000) 2025-01-24 09:04:45 orted exited on Node 1 of 4
...
008 (278524.000.000) 2025-01-24 09:04:45 orted exited on Node 3 of 4
...
008 (278524.000.000) 2025-01-24 09:04:45 orted exited on Node 2 of 4
...
008 (278524.000.000) 2025-01-24 09:04:45 orted exited on Node 0 of 4
...
015 (278524.000.001) 2025-01-24 09:04:45 Node 1 terminated.
	(1) Normal termination (return value 0)
		Usr 0 00:00:00, Sys 0 00:00:00  -  Run Remote Usage
		Usr 0 00:00:00, Sys 0 00:00:00  -  Run Local Usage
		Usr 0 00:00:00, Sys 0 00:00:00  -  Total Remote Usage
		Usr 0 00:00:00, Sys 0 00:00:00  -  Total Local Usage
	2187  -  Run Bytes Sent By Node
	33639  -  Run Bytes Received By Node
	2187  -  Total Bytes Sent By Node
	33639  -  Total Bytes Received By Node
...
015 (278524.000.002) 2025-01-24 09:04:45 Node 2 terminated.
	(1) Normal termination (return value 0)
		Usr 0 00:00:00, Sys 0 00:00:00  -  Run Remote Usage
		Usr 0 00:00:00, Sys 0 00:00:00  -  Run Local Usage
		Usr 0 00:00:00, Sys 0 00:00:00  -  Total Remote Usage
		Usr 0 00:00:00, Sys 0 00:00:00  -  Total Local Usage
	2165  -  Run Bytes Sent By Node
	33639  -  Run Bytes Received By Node
	2165  -  Total Bytes Sent By Node
	33639  -  Total Bytes Received By Node
...
015 (278524.000.003) 2025-01-24 09:04:45 Node 3 terminated.
	(1) Normal termination (return value 0)
		Usr 0 00:00:00, Sys 0 00:00:00  -  Run Remote Usage
		Usr 0 00:00:00, Sys 0 00:00:00  -  Run Local Usage
		Usr 0 00:00:00, Sys 0 00:00:00  -  Total Remote Usage
		Usr 0 00:00:00, Sys 0 00:00:00  -  Total Local Usage
	2165  -  Run Bytes Sent By Node
	33639  -  Run Bytes Received By Node
	2165  -  Total Bytes Sent By Node
	33639  -  Total Bytes Received By Node
...
015 (278524.000.000) 2025-01-24 09:04:45 Node 0 terminated.
	(1) Normal termination (return value 0)
		Usr 0 00:00:00, Sys 0 00:00:00  -  Run Remote Usage
		Usr 0 00:00:00, Sys 0 00:00:00  -  Run Local Usage
		Usr 0 00:00:00, Sys 0 00:00:00  -  Total Remote Usage
		Usr 0 00:00:00, Sys 0 00:00:00  -  Total Local Usage
	3263  -  Run Bytes Sent By Node
	33639  -  Run Bytes Received By Node
	3263  -  Total Bytes Sent By Node
	33639  -  Total Bytes Received By Node
...
005 (278524.000.000) 2025-01-24 09:04:45 Job terminated.
	(1) Normal termination (return value 0)
		Usr 0 00:00:00, Sys 0 00:00:00  -  Run Remote Usage
		Usr 0 00:00:00, Sys 0 00:00:00  -  Run Local Usage
		Usr 0 00:00:00, Sys 0 00:00:00  -  Total Remote Usage
		Usr 0 00:00:00, Sys 0 00:00:00  -  Total Local Usage
	9780  -  Run Bytes Sent By Job
	134556  -  Run Bytes Received By Job
	9780  -  Total Bytes Sent By Job
	134556  -  Total Bytes Received By Job
	Partitionable Resources :    Usage  Request Allocated 
	   Cpus                 :                 1         2 
	   Disk (KB)            :       49       35 102738992 
	   Memory (MB)          :        0        0    100096 

	Job terminated of its own accord at 2025-01-24T09:04:45Z with exit-code 0.
...
000 (286796.000.000) 2025-01-28 15:59:24 Job submitted from host: <192.168.0.102:9618?addrs=192.168.0.102-9618&alias=submitter&noUDP&sock=schedd_2032_5c88>
...
014 (286796.000.001) 2025-01-28 15:59:31 Node 1 executing on host: <192.168.0.135:9618?addrs=192.168.0.135-9618&alias=node135.di.rm1&noUDP&sock=startd_2000_6980>
...
014 (286796.000.002) 2025-01-28 15:59:31 Node 2 executing on host: <192.168.0.130:9618?addrs=192.168.0.130-9618&alias=node130.di.rm1&noUDP&sock=startd_2751195_838e>
...
014 (286796.000.000) 2025-01-28 15:59:31 Node 0 executing on host: <192.168.0.120:9618?addrs=192.168.0.120-9618&alias=node120.di.rm1&noUDP&sock=startd_2096_4298>
...
014 (286796.000.003) 2025-01-28 15:59:31 Node 3 executing on host: <192.168.0.106:9618?addrs=192.168.0.106-9618&alias=node106.di.rm1&noUDP&sock=startd_1970_d5a9>
...
001 (286796.000.000) 2025-01-28 15:59:31 Job executing on host: MPI_job
...
008 (286796.000.000) 2025-01-28 15:59:33 Launching orted on Node 1 of 4
...
008 (286796.000.000) 2025-01-28 15:59:34 Launching orted on Node 0 of 4
...
008 (286796.000.000) 2025-01-28 15:59:34 Launching orted on Node 2 of 4
...
008 (286796.000.000) 2025-01-28 15:59:34 Launching orted on Node 3 of 4
...
008 (286796.000.000) 2025-01-28 15:59:34 orted exited on Node 2 of 4
...
008 (286796.000.000) 2025-01-28 15:59:34 orted exited on Node 3 of 4
...
008 (286796.000.000) 2025-01-28 15:59:34 orted exited on Node 1 of 4
...
008 (286796.000.000) 2025-01-28 15:59:34 orted exited on Node 0 of 4
...
015 (286796.000.001) 2025-01-28 15:59:34 Node 1 terminated.
	(1) Normal termination (return value 0)
		Usr 0 00:00:00, Sys 0 00:00:00  -  Run Remote Usage
		Usr 0 00:00:00, Sys 0 00:00:00  -  Run Local Usage
		Usr 0 00:00:00, Sys 0 00:00:00  -  Total Remote Usage
		Usr 0 00:00:00, Sys 0 00:00:00  -  Total Local Usage
	2165  -  Run Bytes Sent By Node
	33591  -  Run Bytes Received By Node
	2165  -  Total Bytes Sent By Node
	33591  -  Total Bytes Received By Node
...
015 (286796.000.000) 2025-01-28 15:59:34 Node 0 terminated.
	(1) Normal termination (return value 0)
		Usr 0 00:00:00, Sys 0 00:00:00  -  Run Remote Usage
		Usr 0 00:00:00, Sys 0 00:00:00  -  Run Local Usage
		Usr 0 00:00:00, Sys 0 00:00:00  -  Total Remote Usage
		Usr 0 00:00:00, Sys 0 00:00:00  -  Total Local Usage
	3773  -  Run Bytes Sent By Node
	33591  -  Run Bytes Received By Node
	3773  -  Total Bytes Sent By Node
	33591  -  Total Bytes Received By Node
...
005 (286796.000.000) 2025-01-28 15:59:34 Job terminated.
	(1) Normal termination (return value 0)
		Usr 0 00:00:01, Sys 0 00:00:00  -  Run Remote Usage
		Usr 0 00:00:00, Sys 0 00:00:00  -  Run Local Usage
		Usr 0 00:00:00, Sys 0 00:00:00  -  Total Remote Usage
		Usr 0 00:00:00, Sys 0 00:00:00  -  Total Local Usage
	5938  -  Run Bytes Sent By Job
	134364  -  Run Bytes Received By Job
	5938  -  Total Bytes Sent By Job
	134364  -  Total Bytes Received By Job
	Partitionable Resources :    Usage  Request Allocated 
	   Cpus                 :                 1         1 
	   Disk (KB)            :       52       35  21575424 
	   GPUs                 :                           1 
	   Memory (MB)          :        0        0     20480 

	Job terminated of its own accord at 2025-01-28T15:59:34Z with exit-code 0.
...
