000 (263742.000.000) 2025-01-17 11:21:02 Job submitted from host: <192.168.0.102:9618?addrs=192.168.0.102-9618&alias=submitter&noUDP&sock=schedd_2032_5c88>
...
001 (263742.000.000) 2025-01-17 11:21:10 Job executing on host: <192.168.0.123:9618?addrs=192.168.0.123-9618&alias=node123.di.rm1&noUDP&sock=startd_2149_9d1d>
...
006 (263742.000.000) 2025-01-17 11:21:19 Image size of job updated: 307208
	296  -  MemoryUsage of job (MB)
	302984  -  ResidentSetSize of job (KB)
...
006 (263742.000.000) 2025-01-17 11:21:24 Image size of job updated: 310640
	297  -  MemoryUsage of job (MB)
	303116  -  ResidentSetSize of job (KB)
...
005 (263742.000.000) 2025-01-17 11:21:24 Job terminated.
	(1) Normal termination (return value 0)
		Usr 0 00:00:16, Sys 0 00:00:00  -  Run Remote Usage
		Usr 0 00:00:00, Sys 0 00:00:00  -  Run Local Usage
		Usr 0 00:00:16, Sys 0 00:00:00  -  Total Remote Usage
		Usr 0 00:00:00, Sys 0 00:00:00  -  Total Local Usage
	0  -  Run Bytes Sent By Job
	0  -  Run Bytes Received By Job
	0  -  Total Bytes Sent By Job
	0  -  Total Bytes Received By Job
	Partitionable Resources :    Usage  Request Allocated 
	   Cpus                 :                 1         1 
	   Disk (KB)            :       27       27    499900 
	   Gpus (Average)       :                 0         0 
	   Memory (MB)          :      297        1       128 

	Job terminated of its own accord at 2025-01-17T11:21:24Z with exit-code 0.
...
