000 (270356.000.000) 2025-01-21 23:45:12 Job submitted from host: <192.168.0.102:9618?addrs=192.168.0.102-9618&alias=submitter&noUDP&sock=schedd_2032_5c88>
...
001 (270356.000.000) 2025-01-21 23:45:13 Job executing on host: <192.168.0.120:9618?addrs=192.168.0.120-9618&alias=node120.di.rm1&noUDP&sock=startd_2096_4298>
...
006 (270356.000.000) 2025-01-21 23:45:22 Image size of job updated: 41316
	17  -  MemoryUsage of job (MB)
	17292  -  ResidentSetSize of job (KB)
...
004 (270356.000.000) 2025-01-21 23:46:14 Job was evicted.
	(0) CPU times
		Usr 0 00:03:57, Sys 0 00:00:00  -  Run Remote Usage
		Usr 0 00:00:00, Sys 0 00:00:00  -  Run Local Usage
	0  -  Run Bytes Sent By Job
	0  -  Run Bytes Received By Job
	Partitionable Resources :    Usage  Request Allocated 
	   Cpus                 :                 1         1 
	   Disk (KB)            :       27       27    459052 
	   Gpus (Average)       :                 0         0 
	   Memory (MB)          :       17        1       128 
...
009 (270356.000.000) 2025-01-21 23:46:14 Job was aborted.
	via condor_rm (by user calzona_2046920)
...
000 (276510.000.000) 2025-01-24 04:40:42 Job submitted from host: <192.168.0.102:9618?addrs=192.168.0.102-9618&alias=submitter&noUDP&sock=schedd_2032_5c88>
...
001 (276510.000.000) 2025-01-24 04:40:44 Job executing on host: <192.168.0.148:9618?addrs=192.168.0.148-9618&alias=node148.di.rm1&noUDP&sock=startd_1547_b119>
...
006 (276510.000.000) 2025-01-24 04:40:52 Image size of job updated: 41316
	16  -  MemoryUsage of job (MB)
	16104  -  ResidentSetSize of job (KB)
...
005 (276510.000.000) 2025-01-24 04:41:49 Job terminated.
	(1) Normal termination (return value 0)
		Usr 0 00:04:17, Sys 0 00:00:00  -  Run Remote Usage
		Usr 0 00:00:00, Sys 0 00:00:00  -  Run Local Usage
		Usr 0 00:04:17, Sys 0 00:00:00  -  Total Remote Usage
		Usr 0 00:00:00, Sys 0 00:00:00  -  Total Local Usage
	0  -  Run Bytes Sent By Job
	0  -  Run Bytes Received By Job
	0  -  Total Bytes Sent By Job
	0  -  Total Bytes Received By Job
	Partitionable Resources :    Usage  Request Allocated 
	   Cpus                 :                 1         1 
	   Disk (KB)            :       27       27    467548 
	   Memory (MB)          :       16        1       128 

	Job terminated of its own accord at 2025-01-24T04:41:48Z with exit-code 0.
...
