000 (270341.000.000) 2025-01-21 23:43:08 Job submitted from host: <192.168.0.102:9618?addrs=192.168.0.102-9618&alias=submitter&noUDP&sock=schedd_2032_5c88>
...
001 (270341.000.000) 2025-01-21 23:43:23 Job executing on host: <192.168.0.111:9618?addrs=192.168.0.111-9618&alias=node111.di.rm1&noUDP&sock=startd_2044_97ab>
...
006 (270341.000.000) 2025-01-21 23:43:32 Image size of job updated: 442348
	430  -  MemoryUsage of job (MB)
	439348  -  ResidentSetSize of job (KB)
...
006 (270341.000.000) 2025-01-21 23:44:07 Image size of job updated: 2109740
	430  -  MemoryUsage of job (MB)
	440008  -  ResidentSetSize of job (KB)
...
005 (270341.000.000) 2025-01-21 23:44:07 Job terminated.
	(1) Normal termination (return value 0)
		Usr 0 00:00:44, Sys 0 00:00:01  -  Run Remote Usage
		Usr 0 00:00:00, Sys 0 00:00:00  -  Run Local Usage
		Usr 0 00:00:44, Sys 0 00:00:01  -  Total Remote Usage
		Usr 0 00:00:00, Sys 0 00:00:00  -  Total Local Usage
	0  -  Run Bytes Sent By Job
	0  -  Run Bytes Received By Job
	0  -  Total Bytes Sent By Job
	0  -  Total Bytes Received By Job
	Partitionable Resources :    Usage  Request Allocated 
	   Cpus                 :     1.00        1         1 
	   Disk (KB)            :    27          27    468058 
	   Gpus (Average)       :                 0         0 
	   Memory (MB)          :   430           1       128 

	Job terminated of its own accord at 2025-01-21T23:44:07Z with exit-code 0.
...
000 (276496.000.000) 2025-01-24 04:37:35 Job submitted from host: <192.168.0.102:9618?addrs=192.168.0.102-9618&alias=submitter&noUDP&sock=schedd_2032_5c88>
...
001 (276496.000.000) 2025-01-24 04:37:49 Job executing on host: <192.168.0.124:9618?addrs=192.168.0.124-9618&alias=node124.di.rm1&noUDP&sock=startd_2143_7f8b>
...
006 (276496.000.000) 2025-01-24 04:37:57 Image size of job updated: 390632
	380  -  MemoryUsage of job (MB)
	388124  -  ResidentSetSize of job (KB)
...
006 (276496.000.000) 2025-01-24 04:38:34 Image size of job updated: 2027168
	380  -  MemoryUsage of job (MB)
	388124  -  ResidentSetSize of job (KB)
...
005 (276496.000.000) 2025-01-24 04:38:34 Job terminated.
	(1) Normal termination (return value 0)
		Usr 0 00:00:44, Sys 0 00:00:03  -  Run Remote Usage
		Usr 0 00:00:00, Sys 0 00:00:00  -  Run Local Usage
		Usr 0 00:00:44, Sys 0 00:00:03  -  Total Remote Usage
		Usr 0 00:00:00, Sys 0 00:00:00  -  Total Local Usage
	0  -  Run Bytes Sent By Job
	0  -  Run Bytes Received By Job
	0  -  Total Bytes Sent By Job
	0  -  Total Bytes Received By Job
	Partitionable Resources :    Usage  Request Allocated 
	   Cpus                 :                 1         1 
	   Disk (KB)            :       27       27    499302 
	   Gpus (Average)       :                 0         0 
	   Memory (MB)          :      380        1       128 

	Job terminated of its own accord at 2025-01-24T04:38:34Z with exit-code 0.
...
