000 (279511.000.000) 2025-01-24 10:54:56 Job submitted from host: <192.168.0.102:9618?addrs=192.168.0.102-9618&alias=submitter&noUDP&sock=schedd_2032_5c88>
...
014 (279511.000.005) 2025-01-24 10:54:58 Node 5 executing on host: <192.168.0.147:9618?addrs=192.168.0.147-9618&alias=node147.di.rm1&noUDP&sock=startd_1513_5ee1>
...
014 (279511.000.000) 2025-01-24 10:54:58 Node 0 executing on host: <192.168.0.149:9618?addrs=192.168.0.149-9618&alias=node149.di.rm1&noUDP&sock=startd_1551_6f7a>
...
014 (279511.000.004) 2025-01-24 10:54:58 Node 4 executing on host: <192.168.0.123:9618?addrs=192.168.0.123-9618&alias=node123.di.rm1&noUDP&sock=startd_2149_9d1d>
...
014 (279511.000.007) 2025-01-24 10:54:59 Node 7 executing on host: <192.168.0.109:9618?addrs=192.168.0.109-9618&alias=node109.di.rm1&noUDP&sock=startd_1627_90ad>
...
014 (279511.000.002) 2025-01-24 10:54:59 Node 2 executing on host: <192.168.0.133:9618?addrs=192.168.0.133-9618&alias=node133.di.rm1&noUDP&sock=startd_1941_f16a>
...
014 (279511.000.006) 2025-01-24 10:54:59 Node 6 executing on host: <192.168.0.133:9618?addrs=192.168.0.133-9618&alias=node133.di.rm1&noUDP&sock=startd_1941_f16a>
...
014 (279511.000.001) 2025-01-24 10:54:59 Node 1 executing on host: <192.168.0.142:9618?addrs=192.168.0.142-9618&alias=node142.di.rm1&noUDP&sock=startd_1996_ab1f>
...
014 (279511.000.003) 2025-01-24 10:55:00 Node 3 executing on host: <192.168.0.143:9618?addrs=192.168.0.143-9618&alias=node143.di.rm1&noUDP&sock=startd_2061_40c7>
...
001 (279511.000.000) 2025-01-24 10:55:00 Job executing on host: MPI_job
...
008 (279511.000.000) 2025-01-24 10:55:01 Launching orted on Node 0 of 8
...
008 (279511.000.000) 2025-01-24 10:55:01 Launching orted on Node 5 of 8
...
008 (279511.000.000) 2025-01-24 10:55:01 Launching orted on Node 4 of 8
...
008 (279511.000.000) 2025-01-24 10:55:01 Launching orted on Node 7 of 8
...
008 (279511.000.000) 2025-01-24 10:55:01 Launching orted on Node 2 of 8
...
008 (279511.000.000) 2025-01-24 10:55:01 Launching orted on Node 6 of 8
...
008 (279511.000.000) 2025-01-24 10:55:01 Launching orted on Node 1 of 8
...
008 (279511.000.000) 2025-01-24 10:55:03 Launching orted on Node 3 of 8
...
008 (279511.000.000) 2025-01-24 10:55:04 orted exited on Node 3 of 8
...
008 (279511.000.000) 2025-01-24 10:55:04 orted exited on Node 2 of 8
...
008 (279511.000.000) 2025-01-24 10:55:04 orted exited on Node 5 of 8
...
008 (279511.000.000) 2025-01-24 10:55:04 orted exited on Node 1 of 8
...
008 (279511.000.000) 2025-01-24 10:55:04 orted exited on Node 6 of 8
...
008 (279511.000.000) 2025-01-24 10:55:04 orted exited on Node 7 of 8
...
008 (279511.000.000) 2025-01-24 10:55:04 orted exited on Node 0 of 8
...
008 (279511.000.000) 2025-01-24 10:55:04 orted exited on Node 4 of 8
...
015 (279511.000.005) 2025-01-24 10:55:04 Node 5 terminated.
	(1) Normal termination (return value 0)
		Usr 0 00:00:01, Sys 0 00:00:00  -  Run Remote Usage
		Usr 0 00:00:00, Sys 0 00:00:00  -  Run Local Usage
		Usr 0 00:00:01, Sys 0 00:00:00  -  Total Remote Usage
		Usr 0 00:00:00, Sys 0 00:00:00  -  Total Local Usage
	2165  -  Run Bytes Sent By Node
	33639  -  Run Bytes Received By Node
	2165  -  Total Bytes Sent By Node
	33639  -  Total Bytes Received By Node
...
015 (279511.000.000) 2025-01-24 10:55:04 Node 0 terminated.
	(1) Normal termination (return value 0)
		Usr 0 00:00:00, Sys 0 00:00:01  -  Run Remote Usage
		Usr 0 00:00:00, Sys 0 00:00:00  -  Run Local Usage
		Usr 0 00:00:00, Sys 0 00:00:01  -  Total Remote Usage
		Usr 0 00:00:00, Sys 0 00:00:00  -  Total Local Usage
	3262  -  Run Bytes Sent By Node
	33639  -  Run Bytes Received By Node
	3262  -  Total Bytes Sent By Node
	33639  -  Total Bytes Received By Node
...
005 (279511.000.000) 2025-01-24 10:55:06 Job terminated.
	(1) Normal termination (return value 0)
		Usr 0 00:00:05, Sys 0 00:00:01  -  Run Remote Usage
		Usr 0 00:00:00, Sys 0 00:00:00  -  Run Local Usage
		Usr 0 00:00:00, Sys 0 00:00:01  -  Total Remote Usage
		Usr 0 00:00:00, Sys 0 00:00:00  -  Total Local Usage
	5427  -  Run Bytes Sent By Job
	274768  -  Run Bytes Received By Job
	5427  -  Total Bytes Sent By Job
	274768  -  Total Bytes Received By Job
	Partitionable Resources :    Usage  Request Allocated 
	   Cpus                 :                 1         1 
	   Disk (KB)            :       50       35    471944 
	   Memory (MB)          :        1        0     20480 

	Job terminated of its own accord at 2025-01-24T10:55:04Z with exit-code 0.
...
000 (287856.000.000) 2025-01-28 17:52:34 Job submitted from host: <192.168.0.102:9618?addrs=192.168.0.102-9618&alias=submitter&noUDP&sock=schedd_2032_5c88>
...
014 (287856.000.000) 2025-01-28 17:52:37 Node 0 executing on host: <192.168.0.135:9618?addrs=192.168.0.135-9618&alias=node135.di.rm1&noUDP&sock=startd_2000_6980>
...
014 (287856.000.001) 2025-01-28 17:52:37 Node 1 executing on host: <192.168.0.130:9618?addrs=192.168.0.130-9618&alias=node130.di.rm1&noUDP&sock=startd_2751195_838e>
...
014 (287856.000.003) 2025-01-28 17:52:37 Node 3 executing on host: <192.168.0.145:9618?addrs=192.168.0.145-9618&alias=node145.di.rm1&noUDP&sock=startd_1869_8e98>
...
014 (287856.000.005) 2025-01-28 17:52:37 Node 5 executing on host: <192.168.0.140:9618?addrs=192.168.0.140-9618&alias=node140.di.rm1&noUDP&sock=startd_1890_f615>
...
014 (287856.000.002) 2025-01-28 17:52:37 Node 2 executing on host: <192.168.0.106:9618?addrs=192.168.0.106-9618&alias=node106.di.rm1&noUDP&sock=startd_1970_d5a9>
...
014 (287856.000.006) 2025-01-28 17:52:37 Node 6 executing on host: <192.168.0.116:9618?addrs=192.168.0.116-9618&alias=node116.di.rm1&noUDP&sock=startd_1847_7783>
...
014 (287856.000.004) 2025-01-28 17:52:37 Node 4 executing on host: <192.168.0.110:9618?addrs=192.168.0.110-9618&alias=node110.di.rm1&noUDP&sock=startd_2185_4e86>
...
014 (287856.000.007) 2025-01-28 17:52:37 Node 7 executing on host: <192.168.0.120:9618?addrs=192.168.0.120-9618&alias=node120.di.rm1&noUDP&sock=startd_2096_4298>
...
001 (287856.000.000) 2025-01-28 17:52:37 Job executing on host: MPI_job
...
008 (287856.000.000) 2025-01-28 17:52:39 Launching orted on Node 0 of 8
...
008 (287856.000.000) 2025-01-28 17:52:39 Launching orted on Node 1 of 8
...
008 (287856.000.000) 2025-01-28 17:52:39 Launching orted on Node 3 of 8
...
008 (287856.000.000) 2025-01-28 17:52:39 Launching orted on Node 5 of 8
...
008 (287856.000.000) 2025-01-28 17:52:39 Launching orted on Node 2 of 8
...
008 (287856.000.000) 2025-01-28 17:52:39 Launching orted on Node 6 of 8
...
008 (287856.000.000) 2025-01-28 17:52:39 Launching orted on Node 4 of 8
...
008 (287856.000.000) 2025-01-28 17:52:39 Launching orted on Node 7 of 8
...
008 (287856.000.000) 2025-01-28 17:52:41 orted exited on Node 1 of 8
...
008 (287856.000.000) 2025-01-28 17:52:41 orted exited on Node 5 of 8
...
008 (287856.000.000) 2025-01-28 17:52:41 orted exited on Node 0 of 8
...
008 (287856.000.000) 2025-01-28 17:52:41 orted exited on Node 2 of 8
...
008 (287856.000.000) 2025-01-28 17:52:41 orted exited on Node 3 of 8
...
008 (287856.000.000) 2025-01-28 17:52:41 orted exited on Node 4 of 8
...
008 (287856.000.000) 2025-01-28 17:52:41 orted exited on Node 6 of 8
...
008 (287856.000.000) 2025-01-28 17:52:41 orted exited on Node 7 of 8
...
015 (287856.000.001) 2025-01-28 17:52:41 Node 1 terminated.
	(1) Normal termination (return value 0)
		Usr 0 00:00:02, Sys 0 00:00:00  -  Run Remote Usage
		Usr 0 00:00:00, Sys 0 00:00:00  -  Run Local Usage
		Usr 0 00:00:02, Sys 0 00:00:00  -  Total Remote Usage
		Usr 0 00:00:00, Sys 0 00:00:00  -  Total Local Usage
	2165  -  Run Bytes Sent By Node
	33591  -  Run Bytes Received By Node
	2165  -  Total Bytes Sent By Node
	33591  -  Total Bytes Received By Node
...
015 (287856.000.002) 2025-01-28 17:52:41 Node 2 terminated.
	(1) Normal termination (return value 0)
		Usr 0 00:00:01, Sys 0 00:00:00  -  Run Remote Usage
		Usr 0 00:00:00, Sys 0 00:00:00  -  Run Local Usage
		Usr 0 00:00:01, Sys 0 00:00:00  -  Total Remote Usage
		Usr 0 00:00:00, Sys 0 00:00:00  -  Total Local Usage
	2165  -  Run Bytes Sent By Node
	33591  -  Run Bytes Received By Node
	2165  -  Total Bytes Sent By Node
	33591  -  Total Bytes Received By Node
...
015 (287856.000.005) 2025-01-28 17:52:41 Node 5 terminated.
	(1) Normal termination (return value 0)
		Usr 0 00:00:01, Sys 0 00:00:00  -  Run Remote Usage
		Usr 0 00:00:00, Sys 0 00:00:00  -  Run Local Usage
		Usr 0 00:00:01, Sys 0 00:00:00  -  Total Remote Usage
		Usr 0 00:00:00, Sys 0 00:00:00  -  Total Local Usage
	2165  -  Run Bytes Sent By Node
	33591  -  Run Bytes Received By Node
	2165  -  Total Bytes Sent By Node
	33591  -  Total Bytes Received By Node
...
015 (287856.000.000) 2025-01-28 17:52:41 Node 0 terminated.
	(1) Normal termination (return value 0)
		Usr 0 00:00:00, Sys 0 00:00:00  -  Run Remote Usage
		Usr 0 00:00:00, Sys 0 00:00:00  -  Run Local Usage
		Usr 0 00:00:00, Sys 0 00:00:00  -  Total Remote Usage
		Usr 0 00:00:00, Sys 0 00:00:00  -  Total Local Usage
	3262  -  Run Bytes Sent By Node
	33591  -  Run Bytes Received By Node
	3262  -  Total Bytes Sent By Node
	33591  -  Total Bytes Received By Node
...
005 (287856.000.000) 2025-01-28 17:52:41 Job terminated.
	(1) Normal termination (return value 0)
		Usr 0 00:00:08, Sys 0 00:00:01  -  Run Remote Usage
		Usr 0 00:00:00, Sys 0 00:00:00  -  Run Local Usage
		Usr 0 00:00:00, Sys 0 00:00:00  -  Total Remote Usage
		Usr 0 00:00:00, Sys 0 00:00:00  -  Total Local Usage
	16274  -  Run Bytes Sent By Job
	268728  -  Run Bytes Received By Job
	16274  -  Total Bytes Sent By Job
	268728  -  Total Bytes Received By Job
	Partitionable Resources :    Usage  Request Allocated 
	   Cpus                 :                 1         2 
	   Disk (KB)            :       51       35 102650546 
	   Memory (MB)          :        0        5    100096 

	Job terminated of its own accord at 2025-01-28T17:52:41Z with exit-code 0.
...
