000 (282258.000.000) 2025-01-26 16:52:05 Job submitted from host: <192.168.0.102:9618?addrs=192.168.0.102-9618&alias=submitter&noUDP&sock=schedd_2032_5c88>
...
014 (282258.000.000) 2025-01-26 16:52:15 Node 0 executing on host: <192.168.0.115:9618?addrs=192.168.0.115-9618&alias=node115.di.rm1&noUDP&sock=startd_1101621_f4a0>
...
014 (282258.000.003) 2025-01-26 16:52:15 Node 3 executing on host: <192.168.0.120:9618?addrs=192.168.0.120-9618&alias=node120.di.rm1&noUDP&sock=startd_2096_4298>
...
014 (282258.000.005) 2025-01-26 16:52:15 Node 5 executing on host: <192.168.0.135:9618?addrs=192.168.0.135-9618&alias=node135.di.rm1&noUDP&sock=startd_2000_6980>
...
014 (282258.000.007) 2025-01-26 16:52:15 Node 7 executing on host: <192.168.0.110:9618?addrs=192.168.0.110-9618&alias=node110.di.rm1&noUDP&sock=startd_2185_4e86>
...
014 (282258.000.002) 2025-01-26 16:52:15 Node 2 executing on host: <192.168.0.145:9618?addrs=192.168.0.145-9618&alias=node145.di.rm1&noUDP&sock=startd_1869_8e98>
...
014 (282258.000.001) 2025-01-26 16:52:15 Node 1 executing on host: <192.168.0.145:9618?addrs=192.168.0.145-9618&alias=node145.di.rm1&noUDP&sock=startd_1869_8e98>
...
014 (282258.000.006) 2025-01-26 16:52:15 Node 6 executing on host: <192.168.0.145:9618?addrs=192.168.0.145-9618&alias=node145.di.rm1&noUDP&sock=startd_1869_8e98>
...
014 (282258.000.004) 2025-01-26 16:52:16 Node 4 executing on host: <192.168.0.141:9618?addrs=192.168.0.141-9618&alias=node141.di.rm1&noUDP&sock=startd_2077_3a4b>
...
001 (282258.000.000) 2025-01-26 16:52:16 Job executing on host: MPI_job
...
008 (282258.000.000) 2025-01-26 16:52:17 Launching orted on Node 0 of 8
...
008 (282258.000.000) 2025-01-26 16:52:17 Launching orted on Node 3 of 8
...
008 (282258.000.000) 2025-01-26 16:52:17 Launching orted on Node 5 of 8
...
008 (282258.000.000) 2025-01-26 16:52:17 Launching orted on Node 7 of 8
...
008 (282258.000.000) 2025-01-26 16:52:18 Launching orted on Node 1 of 8
...
008 (282258.000.000) 2025-01-26 16:52:18 Launching orted on Node 6 of 8
...
008 (282258.000.000) 2025-01-26 16:52:18 Launching orted on Node 2 of 8
...
008 (282258.000.000) 2025-01-26 16:52:20 Launching orted on Node 4 of 8
...
008 (282258.000.000) 2025-01-26 16:52:22 orted exited on Node 3 of 8
...
008 (282258.000.000) 2025-01-26 16:52:22 orted exited on Node 5 of 8
...
008 (282258.000.000) 2025-01-26 16:52:22 orted exited on Node 7 of 8
...
008 (282258.000.000) 2025-01-26 16:52:22 orted exited on Node 0 of 8
...
008 (282258.000.000) 2025-01-26 16:52:22 orted exited on Node 2 of 8
...
008 (282258.000.000) 2025-01-26 16:52:22 orted exited on Node 4 of 8
...
008 (282258.000.000) 2025-01-26 16:52:22 orted exited on Node 1 of 8
...
008 (282258.000.000) 2025-01-26 16:52:22 orted exited on Node 6 of 8
...
015 (282258.000.005) 2025-01-26 16:52:22 Node 5 terminated.
	(1) Normal termination (return value 0)
		Usr 0 00:00:01, Sys 0 00:00:00  -  Run Remote Usage
		Usr 0 00:00:00, Sys 0 00:00:00  -  Run Local Usage
		Usr 0 00:00:01, Sys 0 00:00:00  -  Total Remote Usage
		Usr 0 00:00:00, Sys 0 00:00:00  -  Total Local Usage
	2165  -  Run Bytes Sent By Node
	33711  -  Run Bytes Received By Node
	2165  -  Total Bytes Sent By Node
	33711  -  Total Bytes Received By Node
...
015 (282258.000.007) 2025-01-26 16:52:22 Node 7 terminated.
	(1) Normal termination (return value 0)
		Usr 0 00:00:01, Sys 0 00:00:00  -  Run Remote Usage
		Usr 0 00:00:00, Sys 0 00:00:00  -  Run Local Usage
		Usr 0 00:00:01, Sys 0 00:00:00  -  Total Remote Usage
		Usr 0 00:00:00, Sys 0 00:00:00  -  Total Local Usage
	2187  -  Run Bytes Sent By Node
	33711  -  Run Bytes Received By Node
	2187  -  Total Bytes Sent By Node
	33711  -  Total Bytes Received By Node
...
015 (282258.000.003) 2025-01-26 16:52:22 Node 3 terminated.
	(1) Normal termination (return value 0)
		Usr 0 00:00:02, Sys 0 00:00:00  -  Run Remote Usage
		Usr 0 00:00:00, Sys 0 00:00:00  -  Run Local Usage
		Usr 0 00:00:02, Sys 0 00:00:00  -  Total Remote Usage
		Usr 0 00:00:00, Sys 0 00:00:00  -  Total Local Usage
	2187  -  Run Bytes Sent By Node
	33711  -  Run Bytes Received By Node
	2187  -  Total Bytes Sent By Node
	33711  -  Total Bytes Received By Node
...
015 (282258.000.000) 2025-01-26 16:52:22 Node 0 terminated.
	(1) Normal termination (return value 0)
		Usr 0 00:00:00, Sys 0 00:00:01  -  Run Remote Usage
		Usr 0 00:00:00, Sys 0 00:00:00  -  Run Local Usage
		Usr 0 00:00:00, Sys 0 00:00:01  -  Total Remote Usage
		Usr 0 00:00:00, Sys 0 00:00:00  -  Total Local Usage
	3263  -  Run Bytes Sent By Node
	33711  -  Run Bytes Received By Node
	3263  -  Total Bytes Sent By Node
	33711  -  Total Bytes Received By Node
...
005 (282258.000.000) 2025-01-26 16:52:24 Job terminated.
	(1) Normal termination (return value 0)
		Usr 0 00:00:04, Sys 0 00:00:01  -  Run Remote Usage
		Usr 0 00:00:00, Sys 0 00:00:00  -  Run Local Usage
		Usr 0 00:00:00, Sys 0 00:00:01  -  Total Remote Usage
		Usr 0 00:00:00, Sys 0 00:00:00  -  Total Local Usage
	9802  -  Run Bytes Sent By Job
	269688  -  Run Bytes Received By Job
	9802  -  Total Bytes Sent By Job
	269688  -  Total Bytes Received By Job
	Partitionable Resources :    Usage  Request Allocated 
	   Cpus                 :                 1         1 
	   Disk (KB)            :       50       35    472524 
	   Memory (MB)          :        0        0     53248 

	Job terminated of its own accord at 2025-01-26T16:52:22Z with exit-code 0.
...
000 (289130.000.000) 2025-01-28 22:38:42 Job submitted from host: <192.168.0.102:9618?addrs=192.168.0.102-9618&alias=submitter&noUDP&sock=schedd_2032_5c88>
...
014 (289130.000.000) 2025-01-28 22:38:48 Node 0 executing on host: <192.168.0.116:9618?addrs=192.168.0.116-9618&alias=node116.di.rm1&noUDP&sock=startd_1847_7783>
...
014 (289130.000.001) 2025-01-28 22:38:48 Node 1 executing on host: <192.168.0.146:9618?addrs=192.168.0.146-9618&alias=node146.di.rm1&noUDP&sock=startd_1984_6ffc>
...
014 (289130.000.002) 2025-01-28 22:38:49 Node 2 executing on host: <192.168.0.111:9618?addrs=192.168.0.111-9618&alias=node111.di.rm1&noUDP&sock=startd_2044_97ab>
...
014 (289130.000.003) 2025-01-28 22:38:49 Node 3 executing on host: <192.168.0.146:9618?addrs=192.168.0.146-9618&alias=node146.di.rm1&noUDP&sock=startd_1984_6ffc>
...
014 (289130.000.005) 2025-01-28 22:38:49 Node 5 executing on host: <192.168.0.122:9618?addrs=192.168.0.122-9618&alias=node122.di.rm1&noUDP&sock=startd_2134_5331>
...
014 (289130.000.004) 2025-01-28 22:38:49 Node 4 executing on host: <192.168.0.111:9618?addrs=192.168.0.111-9618&alias=node111.di.rm1&noUDP&sock=startd_2044_97ab>
...
014 (289130.000.006) 2025-01-28 22:38:49 Node 6 executing on host: <192.168.0.147:9618?addrs=192.168.0.147-9618&alias=node147.di.rm1&noUDP&sock=startd_1513_5ee1>
...
014 (289130.000.007) 2025-01-28 22:38:49 Node 7 executing on host: <192.168.0.112:9618?addrs=192.168.0.112-9618&alias=node112.di.rm1&noUDP&sock=startd_2169_5502>
...
001 (289130.000.000) 2025-01-28 22:38:49 Job executing on host: MPI_job
...
008 (289130.000.000) 2025-01-28 22:38:51 Launching orted on Node 0 of 8
...
008 (289130.000.000) 2025-01-28 22:38:51 Launching orted on Node 3 of 8
...
008 (289130.000.000) 2025-01-28 22:38:51 Launching orted on Node 1 of 8
...
008 (289130.000.000) 2025-01-28 22:38:51 Launching orted on Node 2 of 8
...
008 (289130.000.000) 2025-01-28 22:38:51 Launching orted on Node 4 of 8
...
008 (289130.000.000) 2025-01-28 22:38:51 Launching orted on Node 5 of 8
...
008 (289130.000.000) 2025-01-28 22:38:51 Launching orted on Node 6 of 8
...
008 (289130.000.000) 2025-01-28 22:38:51 Launching orted on Node 7 of 8
...
008 (289130.000.000) 2025-01-28 22:38:53 orted exited on Node 6 of 8
...
008 (289130.000.000) 2025-01-28 22:38:53 orted exited on Node 0 of 8
...
008 (289130.000.000) 2025-01-28 22:38:53 orted exited on Node 1 of 8
...
008 (289130.000.000) 2025-01-28 22:38:53 orted exited on Node 2 of 8
...
008 (289130.000.000) 2025-01-28 22:38:53 orted exited on Node 3 of 8
...
008 (289130.000.000) 2025-01-28 22:38:53 orted exited on Node 4 of 8
...
008 (289130.000.000) 2025-01-28 22:38:53 orted exited on Node 5 of 8
...
008 (289130.000.000) 2025-01-28 22:38:53 orted exited on Node 7 of 8
...
015 (289130.000.005) 2025-01-28 22:38:53 Node 5 terminated.
	(1) Normal termination (return value 0)
		Usr 0 00:00:01, Sys 0 00:00:00  -  Run Remote Usage
		Usr 0 00:00:00, Sys 0 00:00:00  -  Run Local Usage
		Usr 0 00:00:01, Sys 0 00:00:00  -  Total Remote Usage
		Usr 0 00:00:00, Sys 0 00:00:00  -  Total Local Usage
	2187  -  Run Bytes Sent By Node
	33711  -  Run Bytes Received By Node
	2187  -  Total Bytes Sent By Node
	33711  -  Total Bytes Received By Node
...
015 (289130.000.007) 2025-01-28 22:38:53 Node 7 terminated.
	(1) Normal termination (return value 0)
		Usr 0 00:00:01, Sys 0 00:00:00  -  Run Remote Usage
		Usr 0 00:00:00, Sys 0 00:00:00  -  Run Local Usage
		Usr 0 00:00:01, Sys 0 00:00:00  -  Total Remote Usage
		Usr 0 00:00:00, Sys 0 00:00:00  -  Total Local Usage
	2187  -  Run Bytes Sent By Node
	33711  -  Run Bytes Received By Node
	2187  -  Total Bytes Sent By Node
	33711  -  Total Bytes Received By Node
...
015 (289130.000.003) 2025-01-28 22:38:53 Node 3 terminated.
	(1) Normal termination (return value 0)
		Usr 0 00:00:01, Sys 0 00:00:00  -  Run Remote Usage
		Usr 0 00:00:00, Sys 0 00:00:00  -  Run Local Usage
		Usr 0 00:00:01, Sys 0 00:00:00  -  Total Remote Usage
		Usr 0 00:00:00, Sys 0 00:00:00  -  Total Local Usage
	2165  -  Run Bytes Sent By Node
	33711  -  Run Bytes Received By Node
	2165  -  Total Bytes Sent By Node
	33711  -  Total Bytes Received By Node
...
015 (289130.000.000) 2025-01-28 22:38:53 Node 0 terminated.
	(1) Normal termination (return value 0)
		Usr 0 00:00:02, Sys 0 00:00:00  -  Run Remote Usage
		Usr 0 00:00:00, Sys 0 00:00:00  -  Run Local Usage
		Usr 0 00:00:02, Sys 0 00:00:00  -  Total Remote Usage
		Usr 0 00:00:00, Sys 0 00:00:00  -  Total Local Usage
	3263  -  Run Bytes Sent By Node
	33711  -  Run Bytes Received By Node
	3263  -  Total Bytes Sent By Node
	33711  -  Total Bytes Received By Node
...
015 (289130.000.002) 2025-01-28 22:38:53 Node 2 terminated.
	(1) Normal termination (return value 0)
		Usr 0 00:00:01, Sys 0 00:00:00  -  Run Remote Usage
		Usr 0 00:00:00, Sys 0 00:00:00  -  Run Local Usage
		Usr 0 00:00:01, Sys 0 00:00:00  -  Total Remote Usage
		Usr 0 00:00:00, Sys 0 00:00:00  -  Total Local Usage
	2187  -  Run Bytes Sent By Node
	33711  -  Run Bytes Received By Node
	2187  -  Total Bytes Sent By Node
	33711  -  Total Bytes Received By Node
...
015 (289130.000.001) 2025-01-28 22:38:53 Node 1 terminated.
	(1) Normal termination (return value 0)
		Usr 0 00:00:02, Sys 0 00:00:00  -  Run Remote Usage
		Usr 0 00:00:00, Sys 0 00:00:00  -  Run Local Usage
		Usr 0 00:00:02, Sys 0 00:00:00  -  Total Remote Usage
		Usr 0 00:00:00, Sys 0 00:00:00  -  Total Local Usage
	2165  -  Run Bytes Sent By Node
	33711  -  Run Bytes Received By Node
	2165  -  Total Bytes Sent By Node
	33711  -  Total Bytes Received By Node
...
015 (289130.000.006) 2025-01-28 22:38:54 Node 6 terminated.
	(1) Normal termination (return value 0)
		Usr 0 00:00:01, Sys 0 00:00:00  -  Run Remote Usage
		Usr 0 00:00:00, Sys 0 00:00:00  -  Run Local Usage
		Usr 0 00:00:01, Sys 0 00:00:00  -  Total Remote Usage
		Usr 0 00:00:00, Sys 0 00:00:00  -  Total Local Usage
	2165  -  Run Bytes Sent By Node
	33711  -  Run Bytes Received By Node
	2165  -  Total Bytes Sent By Node
	33711  -  Total Bytes Received By Node
...
005 (289130.000.000) 2025-01-28 22:38:54 Job terminated.
	(1) Normal termination (return value 0)
		Usr 0 00:00:10, Sys 0 00:00:00  -  Run Remote Usage
		Usr 0 00:00:00, Sys 0 00:00:00  -  Run Local Usage
		Usr 0 00:00:01, Sys 0 00:00:00  -  Total Remote Usage
		Usr 0 00:00:00, Sys 0 00:00:00  -  Total Local Usage
	16319  -  Run Bytes Sent By Job
	269688  -  Run Bytes Received By Job
	16319  -  Total Bytes Sent By Job
	269688  -  Total Bytes Received By Job
	Partitionable Resources :    Usage  Request Allocated 
	   Cpus                 :                 1         2 
	   Disk (KB)            :       51       35 102978738 
	   Memory (MB)          :        0        1    100096 

	Job terminated of its own accord at 2025-01-28T22:38:53Z with exit-code 0.
...
