000 (269736.000.000) 2025-01-21 22:59:40 Job submitted from host: <192.168.0.102:9618?addrs=192.168.0.102-9618&alias=submitter&noUDP&sock=schedd_2032_5c88>
...
001 (269736.000.000) 2025-01-21 22:59:49 Job executing on host: <192.168.0.139:9618?addrs=192.168.0.139-9618&alias=node139.di.rm1&noUDP&sock=startd_1966_1748>
...
006 (269736.000.000) 2025-01-21 22:59:58 Image size of job updated: 436932
	424  -  MemoryUsage of job (MB)
	434028  -  ResidentSetSize of job (KB)
...
006 (269736.000.000) 2025-01-21 23:00:34 Image size of job updated: 2114388
	425  -  MemoryUsage of job (MB)
	434820  -  ResidentSetSize of job (KB)
...
005 (269736.000.000) 2025-01-21 23:00:34 Job terminated.
	(1) Normal termination (return value 0)
		Usr 0 00:00:44, Sys 0 00:00:01  -  Run Remote Usage
		Usr 0 00:00:00, Sys 0 00:00:00  -  Run Local Usage
		Usr 0 00:00:44, Sys 0 00:00:01  -  Total Remote Usage
		Usr 0 00:00:00, Sys 0 00:00:00  -  Total Local Usage
	0  -  Run Bytes Sent By Job
	0  -  Run Bytes Received By Job
	0  -  Total Bytes Sent By Job
	0  -  Total Bytes Received By Job
	Partitionable Resources :    Usage  Request Allocated 
	   Cpus                 :                 1         1 
	   Disk (KB)            :       27       27    460637 
	   Memory (MB)          :      425        1       128 

	Job terminated of its own accord at 2025-01-21T23:00:34Z with exit-code 0.
...
