000 (264581.000.000) 2025-01-17 11:21:27 Job submitted from host: <192.168.0.102:9618?addrs=192.168.0.102-9618&alias=submitter&noUDP&sock=schedd_2032_5c88>
...
001 (264581.000.000) 2025-01-17 11:21:35 Job executing on host: <192.168.0.134:9618?addrs=192.168.0.134-9618&alias=node134.di.rm1&noUDP&sock=startd_2073_7bea>
...
006 (264581.000.000) 2025-01-17 11:21:44 Image size of job updated: 126408
	79  -  MemoryUsage of job (MB)
	80388  -  ResidentSetSize of job (KB)
...
006 (264581.000.000) 2025-01-17 11:27:56 Image size of job updated: 126408
	95  -  MemoryUsage of job (MB)
	96632  -  ResidentSetSize of job (KB)
...
006 (264581.000.000) 2025-01-17 11:27:59 Image size of job updated: 126408
	95  -  MemoryUsage of job (MB)
	96764  -  ResidentSetSize of job (KB)
...
005 (264581.000.000) 2025-01-17 11:28:00 Job terminated.
	(1) Normal termination (return value 0)
		Usr 0 00:05:58, Sys 0 00:00:37  -  Run Remote Usage
		Usr 0 00:00:00, Sys 0 00:00:00  -  Run Local Usage
		Usr 0 00:05:58, Sys 0 00:00:37  -  Total Remote Usage
		Usr 0 00:00:00, Sys 0 00:00:00  -  Total Local Usage
	0  -  Run Bytes Sent By Job
	0  -  Run Bytes Received By Job
	0  -  Total Bytes Sent By Job
	0  -  Total Bytes Received By Job
	Partitionable Resources :    Usage  Request Allocated 
	   Cpus                 :     1.71        1         1 
	   Disk (KB)            :    27          27    474253 
	   Memory (MB)          :    95           1       128 

	Job terminated of its own accord at 2025-01-17T11:27:59Z with exit-code 0.
...
