000 (271701.000.000) 2025-01-22 01:24:29 Job submitted from host: <192.168.0.102:9618?addrs=192.168.0.102-9618&alias=submitter&noUDP&sock=schedd_2032_5c88>
...
001 (271701.000.000) 2025-01-22 01:24:32 Job executing on host: <192.168.0.151:9618?addrs=192.168.0.151-9618&alias=node151.di.rm1&noUDP&sock=startd_1528_a8cd>
...
006 (271701.000.000) 2025-01-22 01:24:42 Image size of job updated: 487476
	477  -  MemoryUsage of job (MB)
	487476  -  ResidentSetSize of job (KB)
...
006 (271701.000.000) 2025-01-22 01:25:31 Image size of job updated: 3241464
	478  -  MemoryUsage of job (MB)
	488664  -  ResidentSetSize of job (KB)
...
004 (271701.000.000) 2025-01-22 01:25:31 Job was evicted.
	(0) CPU times
		Usr 0 00:00:56, Sys 0 00:00:01  -  Run Remote Usage
		Usr 0 00:00:00, Sys 0 00:00:00  -  Run Local Usage
	0  -  Run Bytes Sent By Job
	0  -  Run Bytes Received By Job
	Partitionable Resources :    Usage  Request Allocated 
	   Cpus                 :                 1         1 
	   Disk (KB)            :       27       27    474791 
	   Memory (MB)          :      478        1       128 
...
009 (271701.000.000) 2025-01-22 01:25:32 Job was aborted.
	via condor_rm (by user calzona_2046920)
...
000 (277855.000.000) 2025-01-24 07:22:27 Job submitted from host: <192.168.0.102:9618?addrs=192.168.0.102-9618&alias=submitter&noUDP&sock=schedd_2032_5c88>
...
001 (277855.000.000) 2025-01-24 07:22:28 Job executing on host: <192.168.0.149:9618?addrs=192.168.0.149-9618&alias=node149.di.rm1&noUDP&sock=startd_1551_6f7a>
...
006 (277855.000.000) 2025-01-24 07:22:37 Image size of job updated: 1118112
	429  -  MemoryUsage of job (MB)
	438504  -  ResidentSetSize of job (KB)
...
006 (277855.000.000) 2025-01-24 07:24:29 Image size of job updated: 6788568
	429  -  MemoryUsage of job (MB)
	438636  -  ResidentSetSize of job (KB)
...
004 (277855.000.000) 2025-01-24 07:24:29 Job was evicted.
	(0) CPU times
		Usr 0 00:01:57, Sys 0 00:00:02  -  Run Remote Usage
		Usr 0 00:00:00, Sys 0 00:00:00  -  Run Local Usage
	0  -  Run Bytes Sent By Job
	0  -  Run Bytes Received By Job
	Partitionable Resources :    Usage  Request Allocated 
	   Cpus                 :                 1         1 
	   Disk (KB)            :       27       27    471944 
	   Memory (MB)          :      429        1       128 
...
009 (277855.000.000) 2025-01-24 07:24:29 Job was aborted.
	via condor_rm (by user calzona_2046920)
...
