000 (270842.000.000) 2025-01-22 00:19:41 Job submitted from host: <192.168.0.102:9618?addrs=192.168.0.102-9618&alias=submitter&noUDP&sock=schedd_2032_5c88>
...
001 (270842.000.000) 2025-01-22 00:20:01 Job executing on host: <192.168.0.104:9618?addrs=192.168.0.104-9618&alias=node104.di.rm1&noUDP&sock=startd_1987_7ec5>
...
006 (270842.000.000) 2025-01-22 00:20:10 Image size of job updated: 475268
	460  -  MemoryUsage of job (MB)
	470400  -  ResidentSetSize of job (KB)
...
006 (270842.000.000) 2025-01-22 00:20:42 Image size of job updated: 2412168
	460  -  MemoryUsage of job (MB)
	470928  -  ResidentSetSize of job (KB)
...
004 (270842.000.000) 2025-01-22 00:20:42 Job was evicted.
	(0) CPU times
		Usr 0 00:00:39, Sys 0 00:00:01  -  Run Remote Usage
		Usr 0 00:00:00, Sys 0 00:00:00  -  Run Local Usage
	0  -  Run Bytes Sent By Job
	0  -  Run Bytes Received By Job
	Partitionable Resources :    Usage  Request Allocated 
	   Cpus                 :        0        1         1 
	   Disk (KB)            :       27       27    465124 
	   Memory (MB)          :      460        1       128 
...
009 (270842.000.000) 2025-01-22 00:20:43 Job was aborted.
	via condor_rm (by user calzona_2046920)
...
