000 (263468.000.000) 2025-01-17 11:20:54 Job submitted from host: <192.168.0.102:9618?addrs=192.168.0.102-9618&alias=submitter&noUDP&sock=schedd_2032_5c88>
...
001 (263468.000.000) 2025-01-17 11:20:55 Job executing on host: <192.168.0.108:9618?addrs=192.168.0.108-9618&alias=node108.di.rm1&noUDP&sock=startd_1979_0203>
...
006 (263468.000.000) 2025-01-17 11:21:04 Image size of job updated: 469400
	425  -  MemoryUsage of job (MB)
	434940  -  ResidentSetSize of job (KB)
...
006 (263468.000.000) 2025-01-17 11:26:06 Image size of job updated: 12769944
	12471  -  MemoryUsage of job (MB)
	12769944  -  ResidentSetSize of job (KB)
...
006 (263468.000.000) 2025-01-17 11:31:06 Image size of job updated: 24608496
	24032  -  MemoryUsage of job (MB)
	24608496  -  ResidentSetSize of job (KB)
...
006 (263468.000.000) 2025-01-17 11:33:18 Image size of job updated: 29811088
	24032  -  MemoryUsage of job (MB)
	24608628  -  ResidentSetSize of job (KB)
...
004 (263468.000.000) 2025-01-17 11:33:18 Job was evicted.
	(0) CPU times
		Usr 0 00:11:55, Sys 0 00:00:26  -  Run Remote Usage
		Usr 0 00:00:00, Sys 0 00:00:00  -  Run Local Usage
	0  -  Run Bytes Sent By Job
	0  -  Run Bytes Received By Job
	Partitionable Resources :    Usage  Request Allocated 
	   Cpus                 :     1.00        1         1 
	   Disk (KB)            :    27          27    474134 
	   Memory (MB)          : 24032           1       128 
...
009 (263468.000.000) 2025-01-17 11:33:18 Job was aborted.
	via condor_rm (by user calzona_2046920)
...
