000 (263986.000.000) 2025-01-17 11:21:09 Job submitted from host: <192.168.0.102:9618?addrs=192.168.0.102-9618&alias=submitter&noUDP&sock=schedd_2032_5c88>
...
001 (263986.000.000) 2025-01-17 11:21:14 Job executing on host: <192.168.0.132:9618?addrs=192.168.0.132-9618&alias=node132.di.rm1&noUDP&sock=startd_1999_b9e8>
...
006 (263986.000.000) 2025-01-17 11:21:23 Image size of job updated: 101800
	79  -  MemoryUsage of job (MB)
	79992  -  ResidentSetSize of job (KB)
...
005 (263986.000.000) 2025-01-17 11:24:35 Job terminated.
	(1) Normal termination (return value 0)
		Usr 0 00:05:17, Sys 0 00:00:00  -  Run Remote Usage
		Usr 0 00:00:00, Sys 0 00:00:00  -  Run Local Usage
		Usr 0 00:05:17, Sys 0 00:00:00  -  Total Remote Usage
		Usr 0 00:00:00, Sys 0 00:00:00  -  Total Local Usage
	0  -  Run Bytes Sent By Job
	0  -  Run Bytes Received By Job
	0  -  Total Bytes Sent By Job
	0  -  Total Bytes Received By Job
	Partitionable Resources :    Usage  Request Allocated 
	   Cpus                 :                 1         1 
	   Disk (KB)            :       27       27    474788 
	   Memory (MB)          :       79        1       128 

	Job terminated of its own accord at 2025-01-17T11:24:32Z with exit-code 0.
...
