000 (281843.000.000) 2025-01-26 15:09:36 Job submitted from host: <192.168.0.102:9618?addrs=192.168.0.102-9618&alias=submitter&noUDP&sock=schedd_2032_5c88>
...
014 (281843.000.001) 2025-01-26 15:09:43 Node 1 executing on host: <192.168.0.122:9618?addrs=192.168.0.122-9618&alias=node122.di.rm1&noUDP&sock=startd_2134_5331>
...
014 (281843.000.002) 2025-01-26 15:09:43 Node 2 executing on host: <192.168.0.137:9618?addrs=192.168.0.137-9618&alias=node137.di.rm1&noUDP&sock=startd_1934_2440>
...
014 (281843.000.003) 2025-01-26 15:09:43 Node 3 executing on host: <192.168.0.147:9618?addrs=192.168.0.147-9618&alias=node147.di.rm1&noUDP&sock=startd_1513_5ee1>
...
014 (281843.000.004) 2025-01-26 15:09:43 Node 4 executing on host: <192.168.0.112:9618?addrs=192.168.0.112-9618&alias=node112.di.rm1&noUDP&sock=startd_2169_5502>
...
014 (281843.000.006) 2025-01-26 15:09:43 Node 6 executing on host: <192.168.0.147:9618?addrs=192.168.0.147-9618&alias=node147.di.rm1&noUDP&sock=startd_1513_5ee1>
...
014 (281843.000.007) 2025-01-26 15:09:43 Node 7 executing on host: <192.168.0.139:9618?addrs=192.168.0.139-9618&alias=node139.di.rm1&noUDP&sock=startd_1966_1748>
...
014 (281843.000.005) 2025-01-26 15:09:44 Node 5 executing on host: <192.168.0.141:9618?addrs=192.168.0.141-9618&alias=node141.di.rm1&noUDP&sock=startd_2077_3a4b>
...
014 (281843.000.000) 2025-01-26 15:09:44 Node 0 executing on host: <192.168.0.142:9618?addrs=192.168.0.142-9618&alias=node142.di.rm1&noUDP&sock=startd_1996_ab1f>
...
001 (281843.000.000) 2025-01-26 15:09:44 Job executing on host: MPI_job
...
008 (281843.000.000) 2025-01-26 15:09:45 Launching orted on Node 6 of 8
...
008 (281843.000.000) 2025-01-26 15:09:45 Launching orted on Node 7 of 8
...
008 (281843.000.000) 2025-01-26 15:09:45 Launching orted on Node 2 of 8
...
008 (281843.000.000) 2025-01-26 15:09:45 Launching orted on Node 4 of 8
...
008 (281843.000.000) 2025-01-26 15:09:45 Launching orted on Node 1 of 8
...
008 (281843.000.000) 2025-01-26 15:09:45 Launching orted on Node 3 of 8
...
008 (281843.000.000) 2025-01-26 15:09:46 Launching orted on Node 0 of 8
...
008 (281843.000.000) 2025-01-26 15:09:47 Launching orted on Node 5 of 8
...
008 (281843.000.000) 2025-01-26 15:09:54 orted exited on Node 2 of 8
...
008 (281843.000.000) 2025-01-26 15:09:54 orted exited on Node 6 of 8
...
008 (281843.000.000) 2025-01-26 15:09:54 orted exited on Node 1 of 8
...
008 (281843.000.000) 2025-01-26 15:09:54 orted exited on Node 3 of 8
...
008 (281843.000.000) 2025-01-26 15:09:54 orted exited on Node 7 of 8
...
008 (281843.000.000) 2025-01-26 15:09:54 orted exited on Node 5 of 8
...
008 (281843.000.000) 2025-01-26 15:09:54 orted exited on Node 4 of 8
...
008 (281843.000.000) 2025-01-26 15:09:54 orted exited on Node 0 of 8
...
015 (281843.000.002) 2025-01-26 15:09:54 Node 2 terminated.
	(1) Normal termination (return value 0)
		Usr 0 00:00:06, Sys 0 00:00:00  -  Run Remote Usage
		Usr 0 00:00:00, Sys 0 00:00:00  -  Run Local Usage
		Usr 0 00:00:06, Sys 0 00:00:00  -  Total Remote Usage
		Usr 0 00:00:00, Sys 0 00:00:00  -  Total Local Usage
	2165  -  Run Bytes Sent By Node
	33711  -  Run Bytes Received By Node
	2165  -  Total Bytes Sent By Node
	33711  -  Total Bytes Received By Node
...
015 (281843.000.007) 2025-01-26 15:09:54 Node 7 terminated.
	(1) Normal termination (return value 0)
		Usr 0 00:00:06, Sys 0 00:00:00  -  Run Remote Usage
		Usr 0 00:00:00, Sys 0 00:00:00  -  Run Local Usage
		Usr 0 00:00:06, Sys 0 00:00:00  -  Total Remote Usage
		Usr 0 00:00:00, Sys 0 00:00:00  -  Total Local Usage
	2165  -  Run Bytes Sent By Node
	33711  -  Run Bytes Received By Node
	2165  -  Total Bytes Sent By Node
	33711  -  Total Bytes Received By Node
...
015 (281843.000.001) 2025-01-26 15:09:54 Node 1 terminated.
	(1) Normal termination (return value 0)
		Usr 0 00:00:06, Sys 0 00:00:00  -  Run Remote Usage
		Usr 0 00:00:00, Sys 0 00:00:00  -  Run Local Usage
		Usr 0 00:00:06, Sys 0 00:00:00  -  Total Remote Usage
		Usr 0 00:00:00, Sys 0 00:00:00  -  Total Local Usage
	2187  -  Run Bytes Sent By Node
	33711  -  Run Bytes Received By Node
	2187  -  Total Bytes Sent By Node
	33711  -  Total Bytes Received By Node
...
015 (281843.000.003) 2025-01-26 15:09:54 Node 3 terminated.
	(1) Normal termination (return value 0)
		Usr 0 00:00:06, Sys 0 00:00:00  -  Run Remote Usage
		Usr 0 00:00:00, Sys 0 00:00:00  -  Run Local Usage
		Usr 0 00:00:06, Sys 0 00:00:00  -  Total Remote Usage
		Usr 0 00:00:00, Sys 0 00:00:00  -  Total Local Usage
	2165  -  Run Bytes Sent By Node
	33711  -  Run Bytes Received By Node
	2165  -  Total Bytes Sent By Node
	33711  -  Total Bytes Received By Node
...
015 (281843.000.004) 2025-01-26 15:09:54 Node 4 terminated.
	(1) Normal termination (return value 0)
		Usr 0 00:00:06, Sys 0 00:00:00  -  Run Remote Usage
		Usr 0 00:00:00, Sys 0 00:00:00  -  Run Local Usage
		Usr 0 00:00:06, Sys 0 00:00:00  -  Total Remote Usage
		Usr 0 00:00:00, Sys 0 00:00:00  -  Total Local Usage
	2187  -  Run Bytes Sent By Node
	33711  -  Run Bytes Received By Node
	2187  -  Total Bytes Sent By Node
	33711  -  Total Bytes Received By Node
...
015 (281843.000.006) 2025-01-26 15:09:54 Node 6 terminated.
	(1) Normal termination (return value 0)
		Usr 0 00:00:06, Sys 0 00:00:00  -  Run Remote Usage
		Usr 0 00:00:00, Sys 0 00:00:00  -  Run Local Usage
		Usr 0 00:00:06, Sys 0 00:00:00  -  Total Remote Usage
		Usr 0 00:00:00, Sys 0 00:00:00  -  Total Local Usage
	2165  -  Run Bytes Sent By Node
	33711  -  Run Bytes Received By Node
	2165  -  Total Bytes Sent By Node
	33711  -  Total Bytes Received By Node
...
015 (281843.000.000) 2025-01-26 15:09:54 Node 0 terminated.
	(1) Normal termination (return value 0)
		Usr 0 00:00:05, Sys 0 00:00:00  -  Run Remote Usage
		Usr 0 00:00:00, Sys 0 00:00:00  -  Run Local Usage
		Usr 0 00:00:05, Sys 0 00:00:00  -  Total Remote Usage
		Usr 0 00:00:00, Sys 0 00:00:00  -  Total Local Usage
	3262  -  Run Bytes Sent By Node
	33711  -  Run Bytes Received By Node
	3262  -  Total Bytes Sent By Node
	33711  -  Total Bytes Received By Node
...
005 (281843.000.000) 2025-01-26 15:09:54 Job terminated.
	(1) Normal termination (return value 0)
		Usr 0 00:00:47, Sys 0 00:00:00  -  Run Remote Usage
		Usr 0 00:00:00, Sys 0 00:00:00  -  Run Local Usage
		Usr 0 00:00:05, Sys 0 00:00:00  -  Total Remote Usage
		Usr 0 00:00:00, Sys 0 00:00:00  -  Total Local Usage
	16296  -  Run Bytes Sent By Job
	269688  -  Run Bytes Received By Job
	16296  -  Total Bytes Sent By Job
	269688  -  Total Bytes Received By Job
	Partitionable Resources :    Usage  Request Allocated 
	   Cpus                 :     0.95        1         1 
	   Disk (KB)            :    56          35    459874 
	   Memory (MB)          :   238         284     53248 

	Job terminated of its own accord at 2025-01-26T15:09:54Z with exit-code 0.
...
000 (282411.000.000) 2025-01-26 17:25:27 Job submitted from host: <192.168.0.102:9618?addrs=192.168.0.102-9618&alias=submitter&noUDP&sock=schedd_2032_5c88>
...
014 (282411.000.002) 2025-01-26 17:25:36 Node 2 executing on host: <192.168.0.151:9618?addrs=192.168.0.151-9618&alias=node151.di.rm1&noUDP&sock=startd_1528_a8cd>
...
014 (282411.000.005) 2025-01-26 17:25:36 Node 5 executing on host: <192.168.0.147:9618?addrs=192.168.0.147-9618&alias=node147.di.rm1&noUDP&sock=startd_1513_5ee1>
...
014 (282411.000.003) 2025-01-26 17:25:36 Node 3 executing on host: <192.168.0.106:9618?addrs=192.168.0.106-9618&alias=node106.di.rm1&noUDP&sock=startd_1970_d5a9>
...
014 (282411.000.001) 2025-01-26 17:25:36 Node 1 executing on host: <192.168.0.114:9618?addrs=192.168.0.114-9618&alias=node114.di.rm1&noUDP&sock=startd_2075_db1b>
...
014 (282411.000.000) 2025-01-26 17:25:36 Node 0 executing on host: <192.168.0.141:9618?addrs=192.168.0.141-9618&alias=node141.di.rm1&noUDP&sock=startd_2077_3a4b>
...
014 (282411.000.007) 2025-01-26 17:25:36 Node 7 executing on host: <192.168.0.112:9618?addrs=192.168.0.112-9618&alias=node112.di.rm1&noUDP&sock=startd_2169_5502>
...
014 (282411.000.004) 2025-01-26 17:25:36 Node 4 executing on host: <192.168.0.142:9618?addrs=192.168.0.142-9618&alias=node142.di.rm1&noUDP&sock=startd_1996_ab1f>
...
014 (282411.000.006) 2025-01-26 17:25:36 Node 6 executing on host: <192.168.0.142:9618?addrs=192.168.0.142-9618&alias=node142.di.rm1&noUDP&sock=startd_1996_ab1f>
...
001 (282411.000.000) 2025-01-26 17:25:36 Job executing on host: MPI_job
...
008 (282411.000.000) 2025-01-26 17:25:38 Launching orted on Node 5 of 8
...
008 (282411.000.000) 2025-01-26 17:25:38 Launching orted on Node 3 of 8
...
008 (282411.000.000) 2025-01-26 17:25:38 Launching orted on Node 2 of 8
...
008 (282411.000.000) 2025-01-26 17:25:38 Launching orted on Node 7 of 8
...
008 (282411.000.000) 2025-01-26 17:25:38 Launching orted on Node 1 of 8
...
008 (282411.000.000) 2025-01-26 17:25:39 Launching orted on Node 4 of 8
...
008 (282411.000.000) 2025-01-26 17:25:39 Launching orted on Node 6 of 8
...
008 (282411.000.000) 2025-01-26 17:25:39 Launching orted on Node 0 of 8
...
008 (282411.000.000) 2025-01-26 17:25:46 orted exited on Node 7 of 8
...
008 (282411.000.000) 2025-01-26 17:25:46 orted exited on Node 2 of 8
...
008 (282411.000.000) 2025-01-26 17:25:46 orted exited on Node 4 of 8
...
008 (282411.000.000) 2025-01-26 17:25:46 orted exited on Node 6 of 8
...
008 (282411.000.000) 2025-01-26 17:25:46 orted exited on Node 3 of 8
...
008 (282411.000.000) 2025-01-26 17:25:46 orted exited on Node 5 of 8
...
008 (282411.000.000) 2025-01-26 17:25:46 orted exited on Node 0 of 8
...
008 (282411.000.000) 2025-01-26 17:25:46 orted exited on Node 1 of 8
...
015 (282411.000.005) 2025-01-26 17:25:46 Node 5 terminated.
	(1) Normal termination (return value 0)
		Usr 0 00:00:07, Sys 0 00:00:00  -  Run Remote Usage
		Usr 0 00:00:00, Sys 0 00:00:00  -  Run Local Usage
		Usr 0 00:00:07, Sys 0 00:00:00  -  Total Remote Usage
		Usr 0 00:00:00, Sys 0 00:00:00  -  Total Local Usage
	2165  -  Run Bytes Sent By Node
	33711  -  Run Bytes Received By Node
	2165  -  Total Bytes Sent By Node
	33711  -  Total Bytes Received By Node
...
015 (282411.000.007) 2025-01-26 17:25:46 Node 7 terminated.
	(1) Normal termination (return value 0)
		Usr 0 00:00:07, Sys 0 00:00:01  -  Run Remote Usage
		Usr 0 00:00:00, Sys 0 00:00:00  -  Run Local Usage
		Usr 0 00:00:07, Sys 0 00:00:01  -  Total Remote Usage
		Usr 0 00:00:00, Sys 0 00:00:00  -  Total Local Usage
	2187  -  Run Bytes Sent By Node
	33711  -  Run Bytes Received By Node
	2187  -  Total Bytes Sent By Node
	33711  -  Total Bytes Received By Node
...
015 (282411.000.003) 2025-01-26 17:25:46 Node 3 terminated.
	(1) Normal termination (return value 0)
		Usr 0 00:00:06, Sys 0 00:00:01  -  Run Remote Usage
		Usr 0 00:00:00, Sys 0 00:00:00  -  Run Local Usage
		Usr 0 00:00:06, Sys 0 00:00:01  -  Total Remote Usage
		Usr 0 00:00:00, Sys 0 00:00:00  -  Total Local Usage
	2165  -  Run Bytes Sent By Node
	33711  -  Run Bytes Received By Node
	2165  -  Total Bytes Sent By Node
	33711  -  Total Bytes Received By Node
...
015 (282411.000.002) 2025-01-26 17:25:46 Node 2 terminated.
	(1) Normal termination (return value 0)
		Usr 0 00:00:06, Sys 0 00:00:00  -  Run Remote Usage
		Usr 0 00:00:00, Sys 0 00:00:00  -  Run Local Usage
		Usr 0 00:00:06, Sys 0 00:00:00  -  Total Remote Usage
		Usr 0 00:00:00, Sys 0 00:00:00  -  Total Local Usage
	2165  -  Run Bytes Sent By Node
	33711  -  Run Bytes Received By Node
	2165  -  Total Bytes Sent By Node
	33711  -  Total Bytes Received By Node
...
015 (282411.000.001) 2025-01-26 17:25:46 Node 1 terminated.
	(1) Normal termination (return value 0)
		Usr 0 00:00:07, Sys 0 00:00:01  -  Run Remote Usage
		Usr 0 00:00:00, Sys 0 00:00:00  -  Run Local Usage
		Usr 0 00:00:07, Sys 0 00:00:01  -  Total Remote Usage
		Usr 0 00:00:00, Sys 0 00:00:00  -  Total Local Usage
	2165  -  Run Bytes Sent By Node
	33711  -  Run Bytes Received By Node
	2165  -  Total Bytes Sent By Node
	33711  -  Total Bytes Received By Node
...
015 (282411.000.004) 2025-01-26 17:25:47 Node 4 terminated.
	(1) Normal termination (return value 0)
		Usr 0 00:00:06, Sys 0 00:00:00  -  Run Remote Usage
		Usr 0 00:00:00, Sys 0 00:00:00  -  Run Local Usage
		Usr 0 00:00:06, Sys 0 00:00:00  -  Total Remote Usage
		Usr 0 00:00:00, Sys 0 00:00:00  -  Total Local Usage
	2165  -  Run Bytes Sent By Node
	33711  -  Run Bytes Received By Node
	2165  -  Total Bytes Sent By Node
	33711  -  Total Bytes Received By Node
...
015 (282411.000.006) 2025-01-26 17:25:47 Node 6 terminated.
	(1) Normal termination (return value 0)
		Usr 0 00:00:07, Sys 0 00:00:00  -  Run Remote Usage
		Usr 0 00:00:00, Sys 0 00:00:00  -  Run Local Usage
		Usr 0 00:00:07, Sys 0 00:00:00  -  Total Remote Usage
		Usr 0 00:00:00, Sys 0 00:00:00  -  Total Local Usage
	2165  -  Run Bytes Sent By Node
	33711  -  Run Bytes Received By Node
	2165  -  Total Bytes Sent By Node
	33711  -  Total Bytes Received By Node
...
015 (282411.000.000) 2025-01-26 17:25:47 Node 0 terminated.
	(1) Normal termination (return value 0)
		Usr 0 00:00:00, Sys 0 00:00:00  -  Run Remote Usage
		Usr 0 00:00:00, Sys 0 00:00:00  -  Run Local Usage
		Usr 0 00:00:00, Sys 0 00:00:00  -  Total Remote Usage
		Usr 0 00:00:00, Sys 0 00:00:00  -  Total Local Usage
	3262  -  Run Bytes Sent By Node
	33711  -  Run Bytes Received By Node
	3262  -  Total Bytes Sent By Node
	33711  -  Total Bytes Received By Node
...
005 (282411.000.000) 2025-01-26 17:25:47 Job terminated.
	(1) Normal termination (return value 0)
		Usr 0 00:00:46, Sys 0 00:00:03  -  Run Remote Usage
		Usr 0 00:00:00, Sys 0 00:00:00  -  Run Local Usage
		Usr 0 00:00:00, Sys 0 00:00:00  -  Total Remote Usage
		Usr 0 00:00:00, Sys 0 00:00:00  -  Total Local Usage
	18439  -  Run Bytes Sent By Job
	269688  -  Run Bytes Received By Job
	18439  -  Total Bytes Sent By Job
	269688  -  Total Bytes Received By Job
	Partitionable Resources :    Usage  Request Allocated 
	   Cpus                 :                 1         1 
	   Disk (KB)            :       50       35    459831 
	   Memory (MB)          :      273      338     53248 

	Job terminated of its own accord at 2025-01-26T17:25:46Z with exit-code 0.
...
000 (289275.000.000) 2025-01-28 23:10:25 Job submitted from host: <192.168.0.102:9618?addrs=192.168.0.102-9618&alias=submitter&noUDP&sock=schedd_2032_5c88>
...
014 (289275.000.002) 2025-01-28 23:10:33 Node 2 executing on host: <192.168.0.147:9618?addrs=192.168.0.147-9618&alias=node147.di.rm1&noUDP&sock=startd_1513_5ee1>
...
014 (289275.000.000) 2025-01-28 23:10:33 Node 0 executing on host: <192.168.0.141:9618?addrs=192.168.0.141-9618&alias=node141.di.rm1&noUDP&sock=startd_2077_3a4b>
...
014 (289275.000.001) 2025-01-28 23:10:33 Node 1 executing on host: <192.168.0.108:9618?addrs=192.168.0.108-9618&alias=node108.di.rm1&noUDP&sock=startd_1979_0203>
...
014 (289275.000.007) 2025-01-28 23:10:33 Node 7 executing on host: <192.168.0.108:9618?addrs=192.168.0.108-9618&alias=node108.di.rm1&noUDP&sock=startd_1979_0203>
...
014 (289275.000.004) 2025-01-28 23:10:33 Node 4 executing on host: <192.168.0.142:9618?addrs=192.168.0.142-9618&alias=node142.di.rm1&noUDP&sock=startd_1996_ab1f>
...
014 (289275.000.006) 2025-01-28 23:10:33 Node 6 executing on host: <192.168.0.132:9618?addrs=192.168.0.132-9618&alias=node132.di.rm1&noUDP&sock=startd_1999_b9e8>
...
014 (289275.000.003) 2025-01-28 23:10:33 Node 3 executing on host: <192.168.0.112:9618?addrs=192.168.0.112-9618&alias=node112.di.rm1&noUDP&sock=startd_2169_5502>
...
014 (289275.000.005) 2025-01-28 23:10:33 Node 5 executing on host: <192.168.0.122:9618?addrs=192.168.0.122-9618&alias=node122.di.rm1&noUDP&sock=startd_2134_5331>
...
001 (289275.000.000) 2025-01-28 23:10:33 Job executing on host: MPI_job
...
008 (289275.000.000) 2025-01-28 23:10:35 Launching orted on Node 2 of 8
...
008 (289275.000.000) 2025-01-28 23:10:35 Launching orted on Node 0 of 8
...
008 (289275.000.000) 2025-01-28 23:10:35 Launching orted on Node 1 of 8
...
008 (289275.000.000) 2025-01-28 23:10:35 Launching orted on Node 7 of 8
...
008 (289275.000.000) 2025-01-28 23:10:35 Launching orted on Node 3 of 8
...
008 (289275.000.000) 2025-01-28 23:10:35 Launching orted on Node 5 of 8
...
008 (289275.000.000) 2025-01-28 23:10:35 Launching orted on Node 6 of 8
...
008 (289275.000.000) 2025-01-28 23:10:35 Launching orted on Node 4 of 8
...
008 (289275.000.000) 2025-01-28 23:10:42 orted exited on Node 6 of 8
...
008 (289275.000.000) 2025-01-28 23:10:42 orted exited on Node 0 of 8
...
008 (289275.000.000) 2025-01-28 23:10:42 orted exited on Node 1 of 8
...
008 (289275.000.000) 2025-01-28 23:10:42 orted exited on Node 2 of 8
...
008 (289275.000.000) 2025-01-28 23:10:42 orted exited on Node 3 of 8
...
008 (289275.000.000) 2025-01-28 23:10:42 orted exited on Node 4 of 8
...
008 (289275.000.000) 2025-01-28 23:10:42 orted exited on Node 5 of 8
...
008 (289275.000.000) 2025-01-28 23:10:42 orted exited on Node 7 of 8
...
015 (289275.000.002) 2025-01-28 23:10:42 Node 2 terminated.
	(1) Normal termination (return value 0)
		Usr 0 00:00:07, Sys 0 00:00:01  -  Run Remote Usage
		Usr 0 00:00:00, Sys 0 00:00:00  -  Run Local Usage
		Usr 0 00:00:07, Sys 0 00:00:01  -  Total Remote Usage
		Usr 0 00:00:00, Sys 0 00:00:00  -  Total Local Usage
	2165  -  Run Bytes Sent By Node
	33711  -  Run Bytes Received By Node
	2165  -  Total Bytes Sent By Node
	33711  -  Total Bytes Received By Node
...
015 (289275.000.001) 2025-01-28 23:10:42 Node 1 terminated.
	(1) Normal termination (return value 0)
		Usr 0 00:00:06, Sys 0 00:00:00  -  Run Remote Usage
		Usr 0 00:00:00, Sys 0 00:00:00  -  Run Local Usage
		Usr 0 00:00:06, Sys 0 00:00:00  -  Total Remote Usage
		Usr 0 00:00:00, Sys 0 00:00:00  -  Total Local Usage
	2165  -  Run Bytes Sent By Node
	33711  -  Run Bytes Received By Node
	2165  -  Total Bytes Sent By Node
	33711  -  Total Bytes Received By Node
...
015 (289275.000.003) 2025-01-28 23:10:42 Node 3 terminated.
	(1) Normal termination (return value 0)
		Usr 0 00:00:07, Sys 0 00:00:00  -  Run Remote Usage
		Usr 0 00:00:00, Sys 0 00:00:00  -  Run Local Usage
		Usr 0 00:00:07, Sys 0 00:00:00  -  Total Remote Usage
		Usr 0 00:00:00, Sys 0 00:00:00  -  Total Local Usage
	2187  -  Run Bytes Sent By Node
	33711  -  Run Bytes Received By Node
	2187  -  Total Bytes Sent By Node
	33711  -  Total Bytes Received By Node
...
015 (289275.000.004) 2025-01-28 23:10:42 Node 4 terminated.
	(1) Normal termination (return value 0)
		Usr 0 00:00:07, Sys 0 00:00:00  -  Run Remote Usage
		Usr 0 00:00:00, Sys 0 00:00:00  -  Run Local Usage
		Usr 0 00:00:07, Sys 0 00:00:00  -  Total Remote Usage
		Usr 0 00:00:00, Sys 0 00:00:00  -  Total Local Usage
	2165  -  Run Bytes Sent By Node
	33711  -  Run Bytes Received By Node
	2165  -  Total Bytes Sent By Node
	33711  -  Total Bytes Received By Node
...
015 (289275.000.006) 2025-01-28 23:10:43 Node 6 terminated.
	(1) Normal termination (return value 0)
		Usr 0 00:00:06, Sys 0 00:00:00  -  Run Remote Usage
		Usr 0 00:00:00, Sys 0 00:00:00  -  Run Local Usage
		Usr 0 00:00:06, Sys 0 00:00:00  -  Total Remote Usage
		Usr 0 00:00:00, Sys 0 00:00:00  -  Total Local Usage
	2165  -  Run Bytes Sent By Node
	33711  -  Run Bytes Received By Node
	2165  -  Total Bytes Sent By Node
	33711  -  Total Bytes Received By Node
...
015 (289275.000.005) 2025-01-28 23:10:43 Node 5 terminated.
	(1) Normal termination (return value 0)
		Usr 0 00:00:07, Sys 0 00:00:00  -  Run Remote Usage
		Usr 0 00:00:00, Sys 0 00:00:00  -  Run Local Usage
		Usr 0 00:00:07, Sys 0 00:00:00  -  Total Remote Usage
		Usr 0 00:00:00, Sys 0 00:00:00  -  Total Local Usage
	2187  -  Run Bytes Sent By Node
	33711  -  Run Bytes Received By Node
	2187  -  Total Bytes Sent By Node
	33711  -  Total Bytes Received By Node
...
015 (289275.000.007) 2025-01-28 23:10:43 Node 7 terminated.
	(1) Normal termination (return value 0)
		Usr 0 00:00:06, Sys 0 00:00:01  -  Run Remote Usage
		Usr 0 00:00:00, Sys 0 00:00:00  -  Run Local Usage
		Usr 0 00:00:06, Sys 0 00:00:01  -  Total Remote Usage
		Usr 0 00:00:00, Sys 0 00:00:00  -  Total Local Usage
	2165  -  Run Bytes Sent By Node
	33711  -  Run Bytes Received By Node
	2165  -  Total Bytes Sent By Node
	33711  -  Total Bytes Received By Node
...
015 (289275.000.000) 2025-01-28 23:10:43 Node 0 terminated.
	(1) Normal termination (return value 0)
		Usr 0 00:00:00, Sys 0 00:00:00  -  Run Remote Usage
		Usr 0 00:00:00, Sys 0 00:00:00  -  Run Local Usage
		Usr 0 00:00:00, Sys 0 00:00:00  -  Total Remote Usage
		Usr 0 00:00:00, Sys 0 00:00:00  -  Total Local Usage
	3259  -  Run Bytes Sent By Node
	33711  -  Run Bytes Received By Node
	3259  -  Total Bytes Sent By Node
	33711  -  Total Bytes Received By Node
...
005 (289275.000.000) 2025-01-28 23:10:43 Job terminated.
	(1) Normal termination (return value 0)
		Usr 0 00:00:46, Sys 0 00:00:02  -  Run Remote Usage
		Usr 0 00:00:00, Sys 0 00:00:00  -  Run Local Usage
		Usr 0 00:00:00, Sys 0 00:00:00  -  Total Remote Usage
		Usr 0 00:00:00, Sys 0 00:00:00  -  Total Local Usage
	18458  -  Run Bytes Sent By Job
	269688  -  Run Bytes Received By Job
	18458  -  Total Bytes Sent By Job
	269688  -  Total Bytes Received By Job
	Partitionable Resources :    Usage  Request Allocated 
	   Cpus                 :                 1         2 
	   Disk (KB)            :       51       35 103002119 
	   Memory (MB)          :      269     5126    100096 

	Job terminated of its own accord at 2025-01-28T23:10:42Z with exit-code 0.
...
