000 (280982.000.000) 2025-01-25 18:25:36 Job submitted from host: <192.168.0.102:9618?addrs=192.168.0.102-9618&alias=submitter&noUDP&sock=schedd_2032_5c88>
...
014 (280982.000.000) 2025-01-25 18:25:45 Node 0 executing on host: <192.168.0.146:9618?addrs=192.168.0.146-9618&alias=node146.di.rm1&noUDP&sock=startd_1984_6ffc>
...
014 (280982.000.001) 2025-01-25 18:25:45 Node 1 executing on host: <192.168.0.111:9618?addrs=192.168.0.111-9618&alias=node111.di.rm1&noUDP&sock=startd_2044_97ab>
...
014 (280982.000.003) 2025-01-25 18:25:45 Node 3 executing on host: <192.168.0.151:9618?addrs=192.168.0.151-9618&alias=node151.di.rm1&noUDP&sock=startd_1528_a8cd>
...
014 (280982.000.002) 2025-01-25 18:25:45 Node 2 executing on host: <192.168.0.112:9618?addrs=192.168.0.112-9618&alias=node112.di.rm1&noUDP&sock=startd_2169_5502>
...
001 (280982.000.000) 2025-01-25 18:25:45 Job executing on host: MPI_job
...
008 (280982.000.000) 2025-01-25 18:25:47 Launching orted on Node 0 of 4
...
008 (280982.000.000) 2025-01-25 18:25:47 Launching orted on Node 1 of 4
...
008 (280982.000.000) 2025-01-25 18:25:47 Launching orted on Node 3 of 4
...
008 (280982.000.000) 2025-01-25 18:25:47 Launching orted on Node 2 of 4
...
008 (280982.000.000) 2025-01-25 18:27:06 orted exited on Node 2 of 4
...
008 (280982.000.000) 2025-01-25 18:27:06 orted exited on Node 3 of 4
...
008 (280982.000.000) 2025-01-25 18:27:06 orted exited on Node 0 of 4
...
008 (280982.000.000) 2025-01-25 18:27:06 orted exited on Node 1 of 4
...
015 (280982.000.000) 2025-01-25 18:27:06 Node 0 terminated.
	(1) Normal termination (return value 0)
		Usr 0 00:00:05, Sys 0 00:00:00  -  Run Remote Usage
		Usr 0 00:00:00, Sys 0 00:00:00  -  Run Local Usage
		Usr 0 00:00:05, Sys 0 00:00:00  -  Total Remote Usage
		Usr 0 00:00:00, Sys 0 00:00:00  -  Total Local Usage
	3265  -  Run Bytes Sent By Node
	33639  -  Run Bytes Received By Node
	3265  -  Total Bytes Sent By Node
	33639  -  Total Bytes Received By Node
...
005 (280982.000.000) 2025-01-25 18:27:06 Job terminated.
	(1) Normal termination (return value 0)
		Usr 0 00:03:58, Sys 0 00:00:00  -  Run Remote Usage
		Usr 0 00:00:00, Sys 0 00:00:00  -  Run Local Usage
		Usr 0 00:00:05, Sys 0 00:00:00  -  Total Remote Usage
		Usr 0 00:00:00, Sys 0 00:00:00  -  Total Local Usage
	3265  -  Run Bytes Sent By Job
	134556  -  Run Bytes Received By Job
	3265  -  Total Bytes Sent By Job
	134556  -  Total Bytes Received By Job
	Partitionable Resources :    Usage  Request Allocated 
	   Cpus                 :                 1         2 
	   Disk (KB)            :       49       35 103077319 
	   Memory (MB)          :      288      220    100096 

	Job terminated of its own accord at 2025-01-25T18:27:06Z with exit-code 0.
...
000 (288191.000.000) 2025-01-28 18:50:36 Job submitted from host: <192.168.0.102:9618?addrs=192.168.0.102-9618&alias=submitter&noUDP&sock=schedd_2032_5c88>
...
014 (288191.000.000) 2025-01-28 18:50:45 Node 0 executing on host: <192.168.0.130:9618?addrs=192.168.0.130-9618&alias=node130.di.rm1&noUDP&sock=startd_2751195_838e>
...
014 (288191.000.003) 2025-01-28 18:50:45 Node 3 executing on host: <192.168.0.130:9618?addrs=192.168.0.130-9618&alias=node130.di.rm1&noUDP&sock=startd_2751195_838e>
...
014 (288191.000.002) 2025-01-28 18:50:45 Node 2 executing on host: <192.168.0.120:9618?addrs=192.168.0.120-9618&alias=node120.di.rm1&noUDP&sock=startd_2096_4298>
...
014 (288191.000.001) 2025-01-28 18:50:45 Node 1 executing on host: <192.168.0.110:9618?addrs=192.168.0.110-9618&alias=node110.di.rm1&noUDP&sock=startd_2185_4e86>
...
001 (288191.000.000) 2025-01-28 18:50:45 Job executing on host: MPI_job
...
008 (288191.000.000) 2025-01-28 18:50:47 Launching orted on Node 0 of 4
...
008 (288191.000.000) 2025-01-28 18:50:47 Launching orted on Node 3 of 4
...
008 (288191.000.000) 2025-01-28 18:50:47 Launching orted on Node 2 of 4
...
008 (288191.000.000) 2025-01-28 18:50:47 Launching orted on Node 1 of 4
...
008 (288191.000.000) 2025-01-28 18:52:05 orted exited on Node 1 of 4
...
008 (288191.000.000) 2025-01-28 18:52:05 orted exited on Node 2 of 4
...
008 (288191.000.000) 2025-01-28 18:52:05 orted exited on Node 0 of 4
...
008 (288191.000.000) 2025-01-28 18:52:05 orted exited on Node 3 of 4
...
015 (288191.000.001) 2025-01-28 18:52:05 Node 1 terminated.
	(1) Normal termination (return value 0)
		Usr 0 00:01:16, Sys 0 00:00:01  -  Run Remote Usage
		Usr 0 00:00:00, Sys 0 00:00:00  -  Run Local Usage
		Usr 0 00:01:16, Sys 0 00:00:01  -  Total Remote Usage
		Usr 0 00:00:00, Sys 0 00:00:00  -  Total Local Usage
	2187  -  Run Bytes Sent By Node
	33631  -  Run Bytes Received By Node
	2187  -  Total Bytes Sent By Node
	33631  -  Total Bytes Received By Node
...
015 (288191.000.002) 2025-01-28 18:52:05 Node 2 terminated.
	(1) Normal termination (return value 0)
		Usr 0 00:01:17, Sys 0 00:00:00  -  Run Remote Usage
		Usr 0 00:00:00, Sys 0 00:00:00  -  Run Local Usage
		Usr 0 00:01:17, Sys 0 00:00:00  -  Total Remote Usage
		Usr 0 00:00:00, Sys 0 00:00:00  -  Total Local Usage
	2187  -  Run Bytes Sent By Node
	33631  -  Run Bytes Received By Node
	2187  -  Total Bytes Sent By Node
	33631  -  Total Bytes Received By Node
...
015 (288191.000.003) 2025-01-28 18:52:05 Node 3 terminated.
	(1) Normal termination (return value 0)
		Usr 0 00:01:17, Sys 0 00:00:00  -  Run Remote Usage
		Usr 0 00:00:00, Sys 0 00:00:00  -  Run Local Usage
		Usr 0 00:01:17, Sys 0 00:00:00  -  Total Remote Usage
		Usr 0 00:00:00, Sys 0 00:00:00  -  Total Local Usage
	0  -  Run Bytes Sent By Node
	33631  -  Run Bytes Received By Node
	0  -  Total Bytes Sent By Node
	33631  -  Total Bytes Received By Node
...
015 (288191.000.000) 2025-01-28 18:52:05 Node 0 terminated.
	(1) Normal termination (return value 0)
		Usr 0 00:00:05, Sys 0 00:00:00  -  Run Remote Usage
		Usr 0 00:00:00, Sys 0 00:00:00  -  Run Local Usage
		Usr 0 00:00:05, Sys 0 00:00:00  -  Total Remote Usage
		Usr 0 00:00:00, Sys 0 00:00:00  -  Total Local Usage
	3262  -  Run Bytes Sent By Node
	33631  -  Run Bytes Received By Node
	3262  -  Total Bytes Sent By Node
	33631  -  Total Bytes Received By Node
...
005 (288191.000.000) 2025-01-28 18:52:05 Job terminated.
	(1) Normal termination (return value 0)
		Usr 0 00:03:55, Sys 0 00:00:01  -  Run Remote Usage
		Usr 0 00:00:00, Sys 0 00:00:00  -  Run Local Usage
		Usr 0 00:00:05, Sys 0 00:00:00  -  Total Remote Usage
		Usr 0 00:00:00, Sys 0 00:00:00  -  Total Local Usage
	7636  -  Run Bytes Sent By Job
	134524  -  Run Bytes Received By Job
	7636  -  Total Bytes Sent By Job
	134524  -  Total Bytes Received By Job
	Partitionable Resources :    Usage  Request Allocated 
	   Cpus                 :                 1         2 
	   Disk (KB)            :       50       35 102964203 
	   Memory (MB)          :      297      220    100096 

	Job terminated of its own accord at 2025-01-28T18:52:05Z with exit-code 0.
...
