000 (281358.000.000) 2025-01-25 19:55:05 Job submitted from host: <192.168.0.102:9618?addrs=192.168.0.102-9618&alias=submitter&noUDP&sock=schedd_2032_5c88>
...
014 (281358.000.001) 2025-01-25 19:55:08 Node 1 executing on host: <192.168.0.116:9618?addrs=192.168.0.116-9618&alias=node116.di.rm1&noUDP&sock=startd_1847_7783>
...
014 (281358.000.003) 2025-01-25 19:55:08 Node 3 executing on host: <192.168.0.141:9618?addrs=192.168.0.141-9618&alias=node141.di.rm1&noUDP&sock=startd_2077_3a4b>
...
014 (281358.000.002) 2025-01-25 19:55:08 Node 2 executing on host: <192.168.0.120:9618?addrs=192.168.0.120-9618&alias=node120.di.rm1&noUDP&sock=startd_2096_4298>
...
014 (281358.000.000) 2025-01-25 19:55:08 Node 0 executing on host: <192.168.0.143:9618?addrs=192.168.0.143-9618&alias=node143.di.rm1&noUDP&sock=startd_2061_40c7>
...
014 (281358.000.004) 2025-01-25 19:55:08 Node 4 executing on host: <192.168.0.114:9618?addrs=192.168.0.114-9618&alias=node114.di.rm1&noUDP&sock=startd_2075_db1b>
...
014 (281358.000.006) 2025-01-25 19:55:08 Node 6 executing on host: <192.168.0.130:9618?addrs=192.168.0.130-9618&alias=node130.di.rm1&noUDP&sock=startd_2751195_838e>
...
014 (281358.000.005) 2025-01-25 19:55:08 Node 5 executing on host: <192.168.0.143:9618?addrs=192.168.0.143-9618&alias=node143.di.rm1&noUDP&sock=startd_2061_40c7>
...
014 (281358.000.007) 2025-01-25 19:55:08 Node 7 executing on host: <192.168.0.143:9618?addrs=192.168.0.143-9618&alias=node143.di.rm1&noUDP&sock=startd_2061_40c7>
...
001 (281358.000.000) 2025-01-25 19:55:08 Job executing on host: MPI_job
...
008 (281358.000.000) 2025-01-25 19:55:10 Launching orted on Node 1 of 8
...
008 (281358.000.000) 2025-01-25 19:55:10 Launching orted on Node 4 of 8
...
008 (281358.000.000) 2025-01-25 19:55:10 Launching orted on Node 3 of 8
...
008 (281358.000.000) 2025-01-25 19:55:11 Launching orted on Node 6 of 8
...
008 (281358.000.000) 2025-01-25 19:55:11 Launching orted on Node 2 of 8
...
008 (281358.000.000) 2025-01-25 19:55:11 Launching orted on Node 0 of 8
...
008 (281358.000.000) 2025-01-25 19:55:11 Launching orted on Node 5 of 8
...
008 (281358.000.000) 2025-01-25 19:55:11 Launching orted on Node 7 of 8
...
008 (281358.000.000) 2025-01-25 19:55:13 orted exited on Node 6 of 8
...
008 (281358.000.000) 2025-01-25 19:55:13 orted exited on Node 1 of 8
...
008 (281358.000.000) 2025-01-25 19:55:13 orted exited on Node 2 of 8
...
008 (281358.000.000) 2025-01-25 19:55:13 orted exited on Node 3 of 8
...
008 (281358.000.000) 2025-01-25 19:55:13 orted exited on Node 5 of 8
...
008 (281358.000.000) 2025-01-25 19:55:13 orted exited on Node 0 of 8
...
008 (281358.000.000) 2025-01-25 19:55:13 orted exited on Node 4 of 8
...
008 (281358.000.000) 2025-01-25 19:55:13 orted exited on Node 7 of 8
...
015 (281358.000.001) 2025-01-25 19:55:13 Node 1 terminated.
	(1) Normal termination (return value 0)
		Usr 0 00:00:01, Sys 0 00:00:01  -  Run Remote Usage
		Usr 0 00:00:00, Sys 0 00:00:00  -  Run Local Usage
		Usr 0 00:00:01, Sys 0 00:00:01  -  Total Remote Usage
		Usr 0 00:00:00, Sys 0 00:00:00  -  Total Local Usage
	2165  -  Run Bytes Sent By Node
	33639  -  Run Bytes Received By Node
	2165  -  Total Bytes Sent By Node
	33639  -  Total Bytes Received By Node
...
015 (281358.000.003) 2025-01-25 19:55:13 Node 3 terminated.
	(1) Normal termination (return value 0)
		Usr 0 00:00:01, Sys 0 00:00:00  -  Run Remote Usage
		Usr 0 00:00:00, Sys 0 00:00:00  -  Run Local Usage
		Usr 0 00:00:01, Sys 0 00:00:00  -  Total Remote Usage
		Usr 0 00:00:00, Sys 0 00:00:00  -  Total Local Usage
	2165  -  Run Bytes Sent By Node
	33639  -  Run Bytes Received By Node
	2165  -  Total Bytes Sent By Node
	33639  -  Total Bytes Received By Node
...
015 (281358.000.004) 2025-01-25 19:55:13 Node 4 terminated.
	(1) Normal termination (return value 0)
		Usr 0 00:00:01, Sys 0 00:00:00  -  Run Remote Usage
		Usr 0 00:00:00, Sys 0 00:00:00  -  Run Local Usage
		Usr 0 00:00:01, Sys 0 00:00:00  -  Total Remote Usage
		Usr 0 00:00:00, Sys 0 00:00:00  -  Total Local Usage
	2165  -  Run Bytes Sent By Node
	33639  -  Run Bytes Received By Node
	2165  -  Total Bytes Sent By Node
	33639  -  Total Bytes Received By Node
...
015 (281358.000.006) 2025-01-25 19:55:13 Node 6 terminated.
	(1) Normal termination (return value 0)
		Usr 0 00:00:01, Sys 0 00:00:00  -  Run Remote Usage
		Usr 0 00:00:00, Sys 0 00:00:00  -  Run Local Usage
		Usr 0 00:00:01, Sys 0 00:00:00  -  Total Remote Usage
		Usr 0 00:00:00, Sys 0 00:00:00  -  Total Local Usage
	2165  -  Run Bytes Sent By Node
	33639  -  Run Bytes Received By Node
	2165  -  Total Bytes Sent By Node
	33639  -  Total Bytes Received By Node
...
015 (281358.000.002) 2025-01-25 19:55:13 Node 2 terminated.
	(1) Normal termination (return value 0)
		Usr 0 00:00:01, Sys 0 00:00:00  -  Run Remote Usage
		Usr 0 00:00:00, Sys 0 00:00:00  -  Run Local Usage
		Usr 0 00:00:01, Sys 0 00:00:00  -  Total Remote Usage
		Usr 0 00:00:00, Sys 0 00:00:00  -  Total Local Usage
	2187  -  Run Bytes Sent By Node
	33639  -  Run Bytes Received By Node
	2187  -  Total Bytes Sent By Node
	33639  -  Total Bytes Received By Node
...
015 (281358.000.005) 2025-01-25 19:55:13 Node 5 terminated.
	(1) Normal termination (return value 0)
		Usr 0 00:00:01, Sys 0 00:00:00  -  Run Remote Usage
		Usr 0 00:00:00, Sys 0 00:00:00  -  Run Local Usage
		Usr 0 00:00:01, Sys 0 00:00:00  -  Total Remote Usage
		Usr 0 00:00:00, Sys 0 00:00:00  -  Total Local Usage
	0  -  Run Bytes Sent By Node
	33639  -  Run Bytes Received By Node
	0  -  Total Bytes Sent By Node
	33639  -  Total Bytes Received By Node
...
015 (281358.000.007) 2025-01-25 19:55:13 Node 7 terminated.
	(1) Normal termination (return value 0)
		Usr 0 00:00:01, Sys 0 00:00:00  -  Run Remote Usage
		Usr 0 00:00:00, Sys 0 00:00:00  -  Run Local Usage
		Usr 0 00:00:01, Sys 0 00:00:00  -  Total Remote Usage
		Usr 0 00:00:00, Sys 0 00:00:00  -  Total Local Usage
	0  -  Run Bytes Sent By Node
	33639  -  Run Bytes Received By Node
	0  -  Total Bytes Sent By Node
	33639  -  Total Bytes Received By Node
...
015 (281358.000.000) 2025-01-25 19:55:13 Node 0 terminated.
	(1) Normal termination (return value 0)
		Usr 0 00:00:00, Sys 0 00:00:00  -  Run Remote Usage
		Usr 0 00:00:00, Sys 0 00:00:00  -  Run Local Usage
		Usr 0 00:00:00, Sys 0 00:00:00  -  Total Remote Usage
		Usr 0 00:00:00, Sys 0 00:00:00  -  Total Local Usage
	3262  -  Run Bytes Sent By Node
	33639  -  Run Bytes Received By Node
	3262  -  Total Bytes Sent By Node
	33639  -  Total Bytes Received By Node
...
005 (281358.000.000) 2025-01-25 19:55:13 Job terminated.
	(1) Normal termination (return value 0)
		Usr 0 00:00:07, Sys 0 00:00:01  -  Run Remote Usage
		Usr 0 00:00:00, Sys 0 00:00:00  -  Run Local Usage
		Usr 0 00:00:00, Sys 0 00:00:00  -  Total Remote Usage
		Usr 0 00:00:00, Sys 0 00:00:00  -  Total Local Usage
	14109  -  Run Bytes Sent By Job
	269112  -  Run Bytes Received By Job
	14109  -  Total Bytes Sent By Job
	269112  -  Total Bytes Received By Job
	Partitionable Resources :    Usage  Request Allocated 
	   Cpus                 :                 1         1 
	   Disk (KB)            :       50       35  31714669 
	   Memory (MB)          :        0        0     30720 

	Job terminated of its own accord at 2025-01-25T19:55:13Z with exit-code 0.
...
000 (288584.000.000) 2025-01-28 20:18:08 Job submitted from host: <192.168.0.102:9618?addrs=192.168.0.102-9618&alias=submitter&noUDP&sock=schedd_2032_5c88>
...
014 (288584.000.000) 2025-01-28 20:18:12 Node 0 executing on host: <192.168.0.149:9618?addrs=192.168.0.149-9618&alias=node149.di.rm1&noUDP&sock=startd_1551_6f7a>
...
014 (288584.000.001) 2025-01-28 20:18:12 Node 1 executing on host: <192.168.0.114:9618?addrs=192.168.0.114-9618&alias=node114.di.rm1&noUDP&sock=startd_2075_db1b>
...
014 (288584.000.006) 2025-01-28 20:18:12 Node 6 executing on host: <192.168.0.115:9618?addrs=192.168.0.115-9618&alias=node115.di.rm1&noUDP&sock=startd_1101621_f4a0>
...
014 (288584.000.004) 2025-01-28 20:18:12 Node 4 executing on host: <192.168.0.105:9618?addrs=192.168.0.105-9618&alias=node105.di.rm1&noUDP&sock=startd_1951_cd5c>
...
014 (288584.000.003) 2025-01-28 20:18:12 Node 3 executing on host: <192.168.0.143:9618?addrs=192.168.0.143-9618&alias=node143.di.rm1&noUDP&sock=startd_2061_40c7>
...
014 (288584.000.005) 2025-01-28 20:18:12 Node 5 executing on host: <192.168.0.135:9618?addrs=192.168.0.135-9618&alias=node135.di.rm1&noUDP&sock=startd_2000_6980>
...
014 (288584.000.002) 2025-01-28 20:18:12 Node 2 executing on host: <192.168.0.123:9618?addrs=192.168.0.123-9618&alias=node123.di.rm1&noUDP&sock=startd_2149_9d1d>
...
014 (288584.000.007) 2025-01-28 20:18:12 Node 7 executing on host: <192.168.0.145:9618?addrs=192.168.0.145-9618&alias=node145.di.rm1&noUDP&sock=startd_1869_8e98>
...
001 (288584.000.000) 2025-01-28 20:18:12 Job executing on host: MPI_job
...
008 (288584.000.000) 2025-01-28 20:18:14 Launching orted on Node 5 of 8
...
008 (288584.000.000) 2025-01-28 20:18:14 Launching orted on Node 1 of 8
...
008 (288584.000.000) 2025-01-28 20:18:14 Launching orted on Node 0 of 8
...
008 (288584.000.000) 2025-01-28 20:18:14 Launching orted on Node 6 of 8
...
008 (288584.000.000) 2025-01-28 20:18:14 Launching orted on Node 4 of 8
...
008 (288584.000.000) 2025-01-28 20:18:14 Launching orted on Node 2 of 8
...
008 (288584.000.000) 2025-01-28 20:18:14 Launching orted on Node 3 of 8
...
008 (288584.000.000) 2025-01-28 20:18:14 Launching orted on Node 7 of 8
...
008 (288584.000.000) 2025-01-28 20:18:16 orted exited on Node 5 of 8
...
008 (288584.000.000) 2025-01-28 20:18:16 orted exited on Node 2 of 8
...
008 (288584.000.000) 2025-01-28 20:18:16 orted exited on Node 6 of 8
...
008 (288584.000.000) 2025-01-28 20:18:16 orted exited on Node 0 of 8
...
008 (288584.000.000) 2025-01-28 20:18:16 orted exited on Node 1 of 8
...
008 (288584.000.000) 2025-01-28 20:18:16 orted exited on Node 3 of 8
...
008 (288584.000.000) 2025-01-28 20:18:16 orted exited on Node 7 of 8
...
008 (288584.000.000) 2025-01-28 20:18:16 orted exited on Node 4 of 8
...
015 (288584.000.001) 2025-01-28 20:18:16 Node 1 terminated.
	(1) Normal termination (return value 0)
		Usr 0 00:00:01, Sys 0 00:00:00  -  Run Remote Usage
		Usr 0 00:00:00, Sys 0 00:00:00  -  Run Local Usage
		Usr 0 00:00:01, Sys 0 00:00:00  -  Total Remote Usage
		Usr 0 00:00:00, Sys 0 00:00:00  -  Total Local Usage
	2165  -  Run Bytes Sent By Node
	33631  -  Run Bytes Received By Node
	2165  -  Total Bytes Sent By Node
	33631  -  Total Bytes Received By Node
...
015 (288584.000.005) 2025-01-28 20:18:16 Node 5 terminated.
	(1) Normal termination (return value 0)
		Usr 0 00:00:01, Sys 0 00:00:00  -  Run Remote Usage
		Usr 0 00:00:00, Sys 0 00:00:00  -  Run Local Usage
		Usr 0 00:00:01, Sys 0 00:00:00  -  Total Remote Usage
		Usr 0 00:00:00, Sys 0 00:00:00  -  Total Local Usage
	2165  -  Run Bytes Sent By Node
	33631  -  Run Bytes Received By Node
	2165  -  Total Bytes Sent By Node
	33631  -  Total Bytes Received By Node
...
015 (288584.000.006) 2025-01-28 20:18:16 Node 6 terminated.
	(1) Normal termination (return value 0)
		Usr 0 00:00:01, Sys 0 00:00:01  -  Run Remote Usage
		Usr 0 00:00:00, Sys 0 00:00:00  -  Run Local Usage
		Usr 0 00:00:01, Sys 0 00:00:01  -  Total Remote Usage
		Usr 0 00:00:00, Sys 0 00:00:00  -  Total Local Usage
	2165  -  Run Bytes Sent By Node
	33631  -  Run Bytes Received By Node
	2165  -  Total Bytes Sent By Node
	33631  -  Total Bytes Received By Node
...
015 (288584.000.004) 2025-01-28 20:18:16 Node 4 terminated.
	(1) Normal termination (return value 0)
		Usr 0 00:00:02, Sys 0 00:00:00  -  Run Remote Usage
		Usr 0 00:00:00, Sys 0 00:00:00  -  Run Local Usage
		Usr 0 00:00:02, Sys 0 00:00:00  -  Total Remote Usage
		Usr 0 00:00:00, Sys 0 00:00:00  -  Total Local Usage
	2165  -  Run Bytes Sent By Node
	33631  -  Run Bytes Received By Node
	2165  -  Total Bytes Sent By Node
	33631  -  Total Bytes Received By Node
...
015 (288584.000.000) 2025-01-28 20:18:16 Node 0 terminated.
	(1) Normal termination (return value 0)
		Usr 0 00:00:00, Sys 0 00:00:00  -  Run Remote Usage
		Usr 0 00:00:00, Sys 0 00:00:00  -  Run Local Usage
		Usr 0 00:00:00, Sys 0 00:00:00  -  Total Remote Usage
		Usr 0 00:00:00, Sys 0 00:00:00  -  Total Local Usage
	3262  -  Run Bytes Sent By Node
	33631  -  Run Bytes Received By Node
	3262  -  Total Bytes Sent By Node
	33631  -  Total Bytes Received By Node
...
005 (288584.000.000) 2025-01-28 20:18:16 Job terminated.
	(1) Normal termination (return value 0)
		Usr 0 00:00:07, Sys 0 00:00:02  -  Run Remote Usage
		Usr 0 00:00:00, Sys 0 00:00:00  -  Run Local Usage
		Usr 0 00:00:00, Sys 0 00:00:00  -  Total Remote Usage
		Usr 0 00:00:00, Sys 0 00:00:00  -  Total Local Usage
	11922  -  Run Bytes Sent By Job
	269048  -  Run Bytes Received By Job
	11922  -  Total Bytes Sent By Job
	269048  -  Total Bytes Received By Job
	Partitionable Resources :    Usage  Request Allocated 
	   Cpus                 :                 1         2 
	   Disk (KB)            :       51       35 102883670 
	   Memory (MB)          :        1        0    100096 

	Job terminated of its own accord at 2025-01-28T20:18:16Z with exit-code 0.
...
