000 (264596.000.000) 2025-01-17 11:21:27 Job submitted from host: <192.168.0.102:9618?addrs=192.168.0.102-9618&alias=submitter&noUDP&sock=schedd_2032_5c88>
...
001 (264596.000.000) 2025-01-17 11:21:34 Job executing on host: <192.168.0.111:9618?addrs=192.168.0.111-9618&alias=node111.di.rm1&noUDP&sock=startd_2044_97ab>
...
006 (264596.000.000) 2025-01-17 11:21:43 Image size of job updated: 322984
	265  -  MemoryUsage of job (MB)
	270996  -  ResidentSetSize of job (KB)
...
006 (264596.000.000) 2025-01-17 11:26:46 Image size of job updated: 322984
	277  -  MemoryUsage of job (MB)
	282884  -  ResidentSetSize of job (KB)
...
006 (264596.000.000) 2025-01-17 11:28:19 Image size of job updated: 322984
	277  -  MemoryUsage of job (MB)
	283280  -  ResidentSetSize of job (KB)
...
005 (264596.000.000) 2025-01-17 11:28:26 Job terminated.
	(1) Normal termination (return value 0)
		Usr 0 00:06:00, Sys 0 00:00:31  -  Run Remote Usage
		Usr 0 00:00:00, Sys 0 00:00:00  -  Run Local Usage
		Usr 0 00:06:00, Sys 0 00:00:31  -  Total Remote Usage
		Usr 0 00:00:00, Sys 0 00:00:00  -  Total Local Usage
	0  -  Run Bytes Sent By Job
	0  -  Run Bytes Received By Job
	0  -  Total Bytes Sent By Job
	0  -  Total Bytes Received By Job
	Partitionable Resources :    Usage  Request Allocated 
	   Cpus                 :     0.02        1         1 
	   Disk (KB)            :    27          27    468058 
	   Gpus (Average)       :                 0         0 
	   Memory (MB)          :   277           1       128 

	Job terminated of its own accord at 2025-01-17T11:28:18Z with exit-code 0.
...
