000 (272963.000.000) 2025-01-23 10:17:15 Job submitted from host: <192.168.0.102:9618?addrs=192.168.0.102-9618&alias=submitter&noUDP&sock=schedd_2032_5c88>
...
014 (272963.000.000) 2025-01-23 10:17:31 Node 0 executing on host: <192.168.0.116:9618?addrs=192.168.0.116-9618&alias=node116.di.rm1&noUDP&sock=startd_1847_7783>
...
014 (272963.000.001) 2025-01-23 10:17:31 Node 1 executing on host: <192.168.0.146:9618?addrs=192.168.0.146-9618&alias=node146.di.rm1&noUDP&sock=startd_1984_6ffc>
...
014 (272963.000.003) 2025-01-23 10:17:31 Node 3 executing on host: <192.168.0.137:9618?addrs=192.168.0.137-9618&alias=node137.di.rm1&noUDP&sock=startd_1934_2440>
...
014 (272963.000.005) 2025-01-23 10:17:31 Node 5 executing on host: <192.168.0.147:9618?addrs=192.168.0.147-9618&alias=node147.di.rm1&noUDP&sock=startd_1513_5ee1>
...
014 (272963.000.006) 2025-01-23 10:17:31 Node 6 executing on host: <192.168.0.112:9618?addrs=192.168.0.112-9618&alias=node112.di.rm1&noUDP&sock=startd_2169_5502>
...
014 (272963.000.002) 2025-01-23 10:17:31 Node 2 executing on host: <192.168.0.111:9618?addrs=192.168.0.111-9618&alias=node111.di.rm1&noUDP&sock=startd_2044_97ab>
...
014 (272963.000.007) 2025-01-23 10:17:31 Node 7 executing on host: <192.168.0.151:9618?addrs=192.168.0.151-9618&alias=node151.di.rm1&noUDP&sock=startd_1528_a8cd>
...
014 (272963.000.004) 2025-01-23 10:17:32 Node 4 executing on host: <192.168.0.141:9618?addrs=192.168.0.141-9618&alias=node141.di.rm1&noUDP&sock=startd_2077_3a4b>
...
001 (272963.000.000) 2025-01-23 10:17:32 Job executing on host: MPI_job
...
008 (272963.000.000) 2025-01-23 10:17:33 Launching orted on Node 0 of 8
...
008 (272963.000.000) 2025-01-23 10:17:33 Launching orted on Node 1 of 8
...
008 (272963.000.000) 2025-01-23 10:17:33 Launching orted on Node 3 of 8
...
008 (272963.000.000) 2025-01-23 10:17:34 Launching orted on Node 6 of 8
...
008 (272963.000.000) 2025-01-23 10:17:34 Launching orted on Node 2 of 8
...
008 (272963.000.000) 2025-01-23 10:17:34 Launching orted on Node 7 of 8
...
008 (272963.000.000) 2025-01-23 10:17:34 Launching orted on Node 5 of 8
...
008 (272963.000.000) 2025-01-23 10:17:34 Launching orted on Node 4 of 8
...
008 (272963.000.000) 2025-01-23 10:17:36 orted exited on Node 0 of 8
...
008 (272963.000.000) 2025-01-23 10:17:36 orted exited on Node 6 of 8
...
008 (272963.000.000) 2025-01-23 10:17:36 orted exited on Node 3 of 8
...
008 (272963.000.000) 2025-01-23 10:17:36 orted exited on Node 5 of 8
...
008 (272963.000.000) 2025-01-23 10:17:36 orted exited on Node 1 of 8
...
008 (272963.000.000) 2025-01-23 10:17:36 orted exited on Node 2 of 8
...
008 (272963.000.000) 2025-01-23 10:17:36 orted exited on Node 7 of 8
...
008 (272963.000.000) 2025-01-23 10:17:36 orted exited on Node 4 of 8
...
015 (272963.000.005) 2025-01-23 10:17:36 Node 5 terminated.
	(1) Normal termination (return value 0)
		Usr 0 00:00:01, Sys 0 00:00:00  -  Run Remote Usage
		Usr 0 00:00:00, Sys 0 00:00:00  -  Run Local Usage
		Usr 0 00:00:01, Sys 0 00:00:00  -  Total Remote Usage
		Usr 0 00:00:00, Sys 0 00:00:00  -  Total Local Usage
	2165  -  Run Bytes Sent By Node
	33639  -  Run Bytes Received By Node
	2165  -  Total Bytes Sent By Node
	33639  -  Total Bytes Received By Node
...
015 (272963.000.006) 2025-01-23 10:17:36 Node 6 terminated.
	(1) Normal termination (return value 0)
		Usr 0 00:00:01, Sys 0 00:00:00  -  Run Remote Usage
		Usr 0 00:00:00, Sys 0 00:00:00  -  Run Local Usage
		Usr 0 00:00:01, Sys 0 00:00:00  -  Total Remote Usage
		Usr 0 00:00:00, Sys 0 00:00:00  -  Total Local Usage
	2187  -  Run Bytes Sent By Node
	33639  -  Run Bytes Received By Node
	2187  -  Total Bytes Sent By Node
	33639  -  Total Bytes Received By Node
...
015 (272963.000.003) 2025-01-23 10:17:36 Node 3 terminated.
	(1) Normal termination (return value 0)
		Usr 0 00:00:02, Sys 0 00:00:00  -  Run Remote Usage
		Usr 0 00:00:00, Sys 0 00:00:00  -  Run Local Usage
		Usr 0 00:00:02, Sys 0 00:00:00  -  Total Remote Usage
		Usr 0 00:00:00, Sys 0 00:00:00  -  Total Local Usage
	2165  -  Run Bytes Sent By Node
	33639  -  Run Bytes Received By Node
	2165  -  Total Bytes Sent By Node
	33639  -  Total Bytes Received By Node
...
015 (272963.000.001) 2025-01-23 10:17:36 Node 1 terminated.
	(1) Normal termination (return value 0)
		Usr 0 00:00:02, Sys 0 00:00:00  -  Run Remote Usage
		Usr 0 00:00:00, Sys 0 00:00:00  -  Run Local Usage
		Usr 0 00:00:02, Sys 0 00:00:00  -  Total Remote Usage
		Usr 0 00:00:00, Sys 0 00:00:00  -  Total Local Usage
	2165  -  Run Bytes Sent By Node
	33639  -  Run Bytes Received By Node
	2165  -  Total Bytes Sent By Node
	33639  -  Total Bytes Received By Node
...
015 (272963.000.000) 2025-01-23 10:17:36 Node 0 terminated.
	(1) Normal termination (return value 0)
		Usr 0 00:00:02, Sys 0 00:00:00  -  Run Remote Usage
		Usr 0 00:00:00, Sys 0 00:00:00  -  Run Local Usage
		Usr 0 00:00:02, Sys 0 00:00:00  -  Total Remote Usage
		Usr 0 00:00:00, Sys 0 00:00:00  -  Total Local Usage
	3262  -  Run Bytes Sent By Node
	33639  -  Run Bytes Received By Node
	3262  -  Total Bytes Sent By Node
	33639  -  Total Bytes Received By Node
...
005 (272963.000.000) 2025-01-23 10:17:36 Job terminated.
	(1) Normal termination (return value 0)
		Usr 0 00:00:11, Sys 0 00:00:00  -  Run Remote Usage
		Usr 0 00:00:00, Sys 0 00:00:00  -  Run Local Usage
		Usr 0 00:00:01, Sys 0 00:00:00  -  Total Remote Usage
		Usr 0 00:00:00, Sys 0 00:00:00  -  Total Local Usage
	16296  -  Run Bytes Sent By Job
	269112  -  Run Bytes Received By Job
	16296  -  Total Bytes Sent By Job
	269112  -  Total Bytes Received By Job
	Partitionable Resources :    Usage  Request Allocated 
	   Cpus                 :                 1         2 
	   Disk (KB)            :       50       35 102978738 
	   Memory (MB)          :        0        1    100096 

	Job terminated of its own accord at 2025-01-23T10:17:36Z with exit-code 0.
...
000 (273071.000.000) 2025-01-23 10:24:53 Job submitted from host: <192.168.0.102:9618?addrs=192.168.0.102-9618&alias=submitter&noUDP&sock=schedd_2032_5c88>
...
014 (273071.000.000) 2025-01-23 10:25:08 Node 0 executing on host: <192.168.0.134:9618?addrs=192.168.0.134-9618&alias=node134.di.rm1&noUDP&sock=startd_2073_7bea>
...
014 (273071.000.001) 2025-01-23 10:25:08 Node 1 executing on host: <192.168.0.113:9618?addrs=192.168.0.113-9618&alias=node113.di.rm1&noUDP&sock=startd_3668932_c305>
...
014 (273071.000.003) 2025-01-23 10:25:08 Node 3 executing on host: <192.168.0.105:9618?addrs=192.168.0.105-9618&alias=node105.di.rm1&noUDP&sock=startd_1951_cd5c>
...
014 (273071.000.005) 2025-01-23 10:25:08 Node 5 executing on host: <192.168.0.105:9618?addrs=192.168.0.105-9618&alias=node105.di.rm1&noUDP&sock=startd_1951_cd5c>
...
014 (273071.000.004) 2025-01-23 10:25:08 Node 4 executing on host: <192.168.0.124:9618?addrs=192.168.0.124-9618&alias=node124.di.rm1&noUDP&sock=startd_2143_7f8b>
...
014 (273071.000.007) 2025-01-23 10:25:08 Node 7 executing on host: <192.168.0.135:9618?addrs=192.168.0.135-9618&alias=node135.di.rm1&noUDP&sock=startd_2000_6980>
...
014 (273071.000.002) 2025-01-23 10:25:08 Node 2 executing on host: <192.168.0.143:9618?addrs=192.168.0.143-9618&alias=node143.di.rm1&noUDP&sock=startd_2061_40c7>
...
014 (273071.000.006) 2025-01-23 10:25:08 Node 6 executing on host: <192.168.0.149:9618?addrs=192.168.0.149-9618&alias=node149.di.rm1&noUDP&sock=startd_1551_6f7a>
...
001 (273071.000.000) 2025-01-23 10:25:08 Job executing on host: MPI_job
...
008 (273071.000.000) 2025-01-23 10:25:10 Launching orted on Node 0 of 8
...
008 (273071.000.000) 2025-01-23 10:25:10 Launching orted on Node 1 of 8
...
008 (273071.000.000) 2025-01-23 10:25:10 Launching orted on Node 5 of 8
...
008 (273071.000.000) 2025-01-23 10:25:10 Launching orted on Node 3 of 8
...
008 (273071.000.000) 2025-01-23 10:25:10 Launching orted on Node 7 of 8
...
008 (273071.000.000) 2025-01-23 10:25:10 Launching orted on Node 4 of 8
...
008 (273071.000.000) 2025-01-23 10:25:10 Launching orted on Node 2 of 8
...
008 (273071.000.000) 2025-01-23 10:25:10 Launching orted on Node 6 of 8
...
008 (273071.000.000) 2025-01-23 10:25:12 orted exited on Node 1 of 8
...
008 (273071.000.000) 2025-01-23 10:25:12 orted exited on Node 6 of 8
...
008 (273071.000.000) 2025-01-23 10:25:12 orted exited on Node 7 of 8
...
008 (273071.000.000) 2025-01-23 10:25:12 orted exited on Node 0 of 8
...
008 (273071.000.000) 2025-01-23 10:25:12 orted exited on Node 4 of 8
...
008 (273071.000.000) 2025-01-23 10:25:12 orted exited on Node 2 of 8
...
008 (273071.000.000) 2025-01-23 10:25:12 orted exited on Node 3 of 8
...
008 (273071.000.000) 2025-01-23 10:25:12 orted exited on Node 5 of 8
...
015 (273071.000.007) 2025-01-23 10:25:12 Node 7 terminated.
	(1) Normal termination (return value 0)
		Usr 0 00:00:01, Sys 0 00:00:00  -  Run Remote Usage
		Usr 0 00:00:00, Sys 0 00:00:00  -  Run Local Usage
		Usr 0 00:00:01, Sys 0 00:00:00  -  Total Remote Usage
		Usr 0 00:00:00, Sys 0 00:00:00  -  Total Local Usage
	2165  -  Run Bytes Sent By Node
	33639  -  Run Bytes Received By Node
	2165  -  Total Bytes Sent By Node
	33639  -  Total Bytes Received By Node
...
015 (273071.000.000) 2025-01-23 10:25:12 Node 0 terminated.
	(1) Normal termination (return value 0)
		Usr 0 00:00:00, Sys 0 00:00:00  -  Run Remote Usage
		Usr 0 00:00:00, Sys 0 00:00:00  -  Run Local Usage
		Usr 0 00:00:00, Sys 0 00:00:00  -  Total Remote Usage
		Usr 0 00:00:00, Sys 0 00:00:00  -  Total Local Usage
	3262  -  Run Bytes Sent By Node
	33639  -  Run Bytes Received By Node
	3262  -  Total Bytes Sent By Node
	33639  -  Total Bytes Received By Node
...
015 (273071.000.001) 2025-01-23 10:25:12 Node 1 terminated.
	(1) Normal termination (return value 0)
		Usr 0 00:00:01, Sys 0 00:00:00  -  Run Remote Usage
		Usr 0 00:00:00, Sys 0 00:00:00  -  Run Local Usage
		Usr 0 00:00:01, Sys 0 00:00:00  -  Total Remote Usage
		Usr 0 00:00:00, Sys 0 00:00:00  -  Total Local Usage
	2187  -  Run Bytes Sent By Node
	33639  -  Run Bytes Received By Node
	2187  -  Total Bytes Sent By Node
	33639  -  Total Bytes Received By Node
...
005 (273071.000.000) 2025-01-23 10:25:12 Job terminated.
	(1) Normal termination (return value 0)
		Usr 0 00:00:08, Sys 0 00:00:01  -  Run Remote Usage
		Usr 0 00:00:00, Sys 0 00:00:00  -  Run Local Usage
		Usr 0 00:00:00, Sys 0 00:00:00  -  Total Remote Usage
		Usr 0 00:00:00, Sys 0 00:00:00  -  Total Local Usage
	9801  -  Run Bytes Sent By Job
	269112  -  Run Bytes Received By Job
	9801  -  Total Bytes Sent By Job
	269112  -  Total Bytes Received By Job
	Partitionable Resources :    Usage  Request Allocated 
	   Cpus                 :                 1         2 
	   Disk (KB)            :       50       35 102912899 
	   Memory (MB)          :        1        0    100096 

	Job terminated of its own accord at 2025-01-23T10:25:12Z with exit-code 0.
...
000 (279356.000.000) 2025-01-24 10:34:27 Job submitted from host: <192.168.0.102:9618?addrs=192.168.0.102-9618&alias=submitter&noUDP&sock=schedd_2032_5c88>
...
014 (279356.000.002) 2025-01-24 10:34:34 Node 2 executing on host: <192.168.0.141:9618?addrs=192.168.0.141-9618&alias=node141.di.rm1&noUDP&sock=startd_2077_3a4b>
...
014 (279356.000.003) 2025-01-24 10:34:34 Node 3 executing on host: <192.168.0.139:9618?addrs=192.168.0.139-9618&alias=node139.di.rm1&noUDP&sock=startd_1966_1748>
...
014 (279356.000.001) 2025-01-24 10:34:35 Node 1 executing on host: <192.168.0.149:9618?addrs=192.168.0.149-9618&alias=node149.di.rm1&noUDP&sock=startd_1551_6f7a>
...
014 (279356.000.000) 2025-01-24 10:34:35 Node 0 executing on host: <192.168.0.104:9618?addrs=192.168.0.104-9618&alias=node104.di.rm1&noUDP&sock=startd_1987_7ec5>
...
014 (279356.000.005) 2025-01-24 10:34:35 Node 5 executing on host: <192.168.0.149:9618?addrs=192.168.0.149-9618&alias=node149.di.rm1&noUDP&sock=startd_1551_6f7a>
...
014 (279356.000.006) 2025-01-24 10:34:35 Node 6 executing on host: <192.168.0.135:9618?addrs=192.168.0.135-9618&alias=node135.di.rm1&noUDP&sock=startd_2000_6980>
...
014 (279356.000.007) 2025-01-24 10:34:35 Node 7 executing on host: <192.168.0.110:9618?addrs=192.168.0.110-9618&alias=node110.di.rm1&noUDP&sock=startd_2185_4e86>
...
014 (279356.000.004) 2025-01-24 10:34:35 Node 4 executing on host: <192.168.0.104:9618?addrs=192.168.0.104-9618&alias=node104.di.rm1&noUDP&sock=startd_1987_7ec5>
...
001 (279356.000.000) 2025-01-24 10:34:35 Job executing on host: MPI_job
...
008 (279356.000.000) 2025-01-24 10:34:37 Launching orted on Node 2 of 8
...
008 (279356.000.000) 2025-01-24 10:34:37 Launching orted on Node 3 of 8
...
008 (279356.000.000) 2025-01-24 10:34:37 Launching orted on Node 5 of 8
...
008 (279356.000.000) 2025-01-24 10:34:37 Launching orted on Node 1 of 8
...
008 (279356.000.000) 2025-01-24 10:34:37 Launching orted on Node 0 of 8
...
008 (279356.000.000) 2025-01-24 10:34:37 Launching orted on Node 6 of 8
...
008 (279356.000.000) 2025-01-24 10:34:37 Launching orted on Node 7 of 8
...
008 (279356.000.000) 2025-01-24 10:34:37 Launching orted on Node 4 of 8
...
008 (279356.000.000) 2025-01-24 10:34:39 orted exited on Node 6 of 8
...
008 (279356.000.000) 2025-01-24 10:34:39 orted exited on Node 1 of 8
...
008 (279356.000.000) 2025-01-24 10:34:39 orted exited on Node 4 of 8
...
008 (279356.000.000) 2025-01-24 10:34:39 orted exited on Node 3 of 8
...
008 (279356.000.000) 2025-01-24 10:34:39 orted exited on Node 7 of 8
...
008 (279356.000.000) 2025-01-24 10:34:39 orted exited on Node 0 of 8
...
008 (279356.000.000) 2025-01-24 10:34:39 orted exited on Node 5 of 8
...
008 (279356.000.000) 2025-01-24 10:34:39 orted exited on Node 2 of 8
...
015 (279356.000.006) 2025-01-24 10:34:39 Node 6 terminated.
	(1) Normal termination (return value 0)
		Usr 0 00:00:02, Sys 0 00:00:01  -  Run Remote Usage
		Usr 0 00:00:00, Sys 0 00:00:00  -  Run Local Usage
		Usr 0 00:00:02, Sys 0 00:00:01  -  Total Remote Usage
		Usr 0 00:00:00, Sys 0 00:00:00  -  Total Local Usage
	2165  -  Run Bytes Sent By Node
	33639  -  Run Bytes Received By Node
	2165  -  Total Bytes Sent By Node
	33639  -  Total Bytes Received By Node
...
015 (279356.000.003) 2025-01-24 10:34:39 Node 3 terminated.
	(1) Normal termination (return value 0)
		Usr 0 00:00:01, Sys 0 00:00:00  -  Run Remote Usage
		Usr 0 00:00:00, Sys 0 00:00:00  -  Run Local Usage
		Usr 0 00:00:01, Sys 0 00:00:00  -  Total Remote Usage
		Usr 0 00:00:00, Sys 0 00:00:00  -  Total Local Usage
	2165  -  Run Bytes Sent By Node
	33639  -  Run Bytes Received By Node
	2165  -  Total Bytes Sent By Node
	33639  -  Total Bytes Received By Node
...
015 (279356.000.007) 2025-01-24 10:34:39 Node 7 terminated.
	(1) Normal termination (return value 0)
		Usr 0 00:00:01, Sys 0 00:00:00  -  Run Remote Usage
		Usr 0 00:00:00, Sys 0 00:00:00  -  Run Local Usage
		Usr 0 00:00:01, Sys 0 00:00:00  -  Total Remote Usage
		Usr 0 00:00:00, Sys 0 00:00:00  -  Total Local Usage
	2187  -  Run Bytes Sent By Node
	33639  -  Run Bytes Received By Node
	2187  -  Total Bytes Sent By Node
	33639  -  Total Bytes Received By Node
...
015 (279356.000.001) 2025-01-24 10:34:39 Node 1 terminated.
	(1) Normal termination (return value 0)
		Usr 0 00:00:01, Sys 0 00:00:00  -  Run Remote Usage
		Usr 0 00:00:00, Sys 0 00:00:00  -  Run Local Usage
		Usr 0 00:00:01, Sys 0 00:00:00  -  Total Remote Usage
		Usr 0 00:00:00, Sys 0 00:00:00  -  Total Local Usage
	2165  -  Run Bytes Sent By Node
	33639  -  Run Bytes Received By Node
	2165  -  Total Bytes Sent By Node
	33639  -  Total Bytes Received By Node
...
015 (279356.000.005) 2025-01-24 10:34:39 Node 5 terminated.
	(1) Normal termination (return value 0)
		Usr 0 00:00:02, Sys 0 00:00:00  -  Run Remote Usage
		Usr 0 00:00:00, Sys 0 00:00:00  -  Run Local Usage
		Usr 0 00:00:02, Sys 0 00:00:00  -  Total Remote Usage
		Usr 0 00:00:00, Sys 0 00:00:00  -  Total Local Usage
	2165  -  Run Bytes Sent By Node
	33639  -  Run Bytes Received By Node
	2165  -  Total Bytes Sent By Node
	33639  -  Total Bytes Received By Node
...
015 (279356.000.002) 2025-01-24 10:34:39 Node 2 terminated.
	(1) Normal termination (return value 0)
		Usr 0 00:00:01, Sys 0 00:00:00  -  Run Remote Usage
		Usr 0 00:00:00, Sys 0 00:00:00  -  Run Local Usage
		Usr 0 00:00:01, Sys 0 00:00:00  -  Total Remote Usage
		Usr 0 00:00:00, Sys 0 00:00:00  -  Total Local Usage
	2165  -  Run Bytes Sent By Node
	33639  -  Run Bytes Received By Node
	2165  -  Total Bytes Sent By Node
	33639  -  Total Bytes Received By Node
...
015 (279356.000.004) 2025-01-24 10:34:39 Node 4 terminated.
	(1) Normal termination (return value 0)
		Usr 0 00:00:01, Sys 0 00:00:00  -  Run Remote Usage
		Usr 0 00:00:00, Sys 0 00:00:00  -  Run Local Usage
		Usr 0 00:00:01, Sys 0 00:00:00  -  Total Remote Usage
		Usr 0 00:00:00, Sys 0 00:00:00  -  Total Local Usage
	0  -  Run Bytes Sent By Node
	33639  -  Run Bytes Received By Node
	0  -  Total Bytes Sent By Node
	33639  -  Total Bytes Received By Node
...
015 (279356.000.000) 2025-01-24 10:34:39 Node 0 terminated.
	(1) Normal termination (return value 0)
		Usr 0 00:00:00, Sys 0 00:00:00  -  Run Remote Usage
		Usr 0 00:00:00, Sys 0 00:00:00  -  Run Local Usage
		Usr 0 00:00:00, Sys 0 00:00:00  -  Total Remote Usage
		Usr 0 00:00:00, Sys 0 00:00:00  -  Total Local Usage
	3262  -  Run Bytes Sent By Node
	33639  -  Run Bytes Received By Node
	3262  -  Total Bytes Sent By Node
	33639  -  Total Bytes Received By Node
...
005 (279356.000.000) 2025-01-24 10:34:39 Job terminated.
	(1) Normal termination (return value 0)
		Usr 0 00:00:09, Sys 0 00:00:01  -  Run Remote Usage
		Usr 0 00:00:00, Sys 0 00:00:00  -  Run Local Usage
		Usr 0 00:00:00, Sys 0 00:00:00  -  Total Remote Usage
		Usr 0 00:00:00, Sys 0 00:00:00  -  Total Local Usage
	16274  -  Run Bytes Sent By Job
	269112  -  Run Bytes Received By Job
	16274  -  Total Bytes Sent By Job
	269112  -  Total Bytes Received By Job
	Partitionable Resources :    Usage  Request Allocated 
	   Cpus                 :                 1         2 
	   Disk (KB)            :       50       35 102792276 
	   Memory (MB)          :        0        0    100096 

	Job terminated of its own accord at 2025-01-24T10:34:39Z with exit-code 0.
...
000 (287677.000.000) 2025-01-28 17:32:33 Job submitted from host: <192.168.0.102:9618?addrs=192.168.0.102-9618&alias=submitter&noUDP&sock=schedd_2032_5c88>
...
014 (287677.000.000) 2025-01-28 17:32:41 Node 0 executing on host: <192.168.0.149:9618?addrs=192.168.0.149-9618&alias=node149.di.rm1&noUDP&sock=startd_1551_6f7a>
...
014 (287677.000.005) 2025-01-28 17:32:41 Node 5 executing on host: <192.168.0.134:9618?addrs=192.168.0.134-9618&alias=node134.di.rm1&noUDP&sock=startd_2073_7bea>
...
014 (287677.000.006) 2025-01-28 17:32:41 Node 6 executing on host: <192.168.0.143:9618?addrs=192.168.0.143-9618&alias=node143.di.rm1&noUDP&sock=startd_2061_40c7>
...
014 (287677.000.002) 2025-01-28 17:32:41 Node 2 executing on host: <192.168.0.124:9618?addrs=192.168.0.124-9618&alias=node124.di.rm1&noUDP&sock=startd_2143_7f8b>
...
014 (287677.000.003) 2025-01-28 17:32:41 Node 3 executing on host: <192.168.0.139:9618?addrs=192.168.0.139-9618&alias=node139.di.rm1&noUDP&sock=startd_1966_1748>
...
014 (287677.000.004) 2025-01-28 17:32:41 Node 4 executing on host: <192.168.0.104:9618?addrs=192.168.0.104-9618&alias=node104.di.rm1&noUDP&sock=startd_1987_7ec5>
...
014 (287677.000.007) 2025-01-28 17:32:41 Node 7 executing on host: <192.168.0.124:9618?addrs=192.168.0.124-9618&alias=node124.di.rm1&noUDP&sock=startd_2143_7f8b>
...
014 (287677.000.001) 2025-01-28 17:32:41 Node 1 executing on host: <192.168.0.123:9618?addrs=192.168.0.123-9618&alias=node123.di.rm1&noUDP&sock=startd_2149_9d1d>
...
001 (287677.000.000) 2025-01-28 17:32:41 Job executing on host: MPI_job
...
008 (287677.000.000) 2025-01-28 17:32:43 Launching orted on Node 0 of 8
...
008 (287677.000.000) 2025-01-28 17:32:43 Launching orted on Node 5 of 8
...
008 (287677.000.000) 2025-01-28 17:32:43 Launching orted on Node 6 of 8
...
008 (287677.000.000) 2025-01-28 17:32:43 Launching orted on Node 2 of 8
...
008 (287677.000.000) 2025-01-28 17:32:43 Launching orted on Node 7 of 8
...
008 (287677.000.000) 2025-01-28 17:32:43 Launching orted on Node 3 of 8
...
008 (287677.000.000) 2025-01-28 17:32:43 Launching orted on Node 4 of 8
...
008 (287677.000.000) 2025-01-28 17:32:43 Launching orted on Node 1 of 8
...
008 (287677.000.000) 2025-01-28 17:32:45 orted exited on Node 4 of 8
...
008 (287677.000.000) 2025-01-28 17:32:45 orted exited on Node 0 of 8
...
008 (287677.000.000) 2025-01-28 17:32:45 orted exited on Node 2 of 8
...
008 (287677.000.000) 2025-01-28 17:32:45 orted exited on Node 3 of 8
...
008 (287677.000.000) 2025-01-28 17:32:45 orted exited on Node 5 of 8
...
008 (287677.000.000) 2025-01-28 17:32:45 orted exited on Node 7 of 8
...
008 (287677.000.000) 2025-01-28 17:32:45 orted exited on Node 6 of 8
...
008 (287677.000.000) 2025-01-28 17:32:45 orted exited on Node 1 of 8
...
015 (287677.000.005) 2025-01-28 17:32:45 Node 5 terminated.
	(1) Normal termination (return value 0)
		Usr 0 00:00:02, Sys 0 00:00:00  -  Run Remote Usage
		Usr 0 00:00:00, Sys 0 00:00:00  -  Run Local Usage
		Usr 0 00:00:02, Sys 0 00:00:00  -  Total Remote Usage
		Usr 0 00:00:00, Sys 0 00:00:00  -  Total Local Usage
	2165  -  Run Bytes Sent By Node
	33591  -  Run Bytes Received By Node
	2165  -  Total Bytes Sent By Node
	33591  -  Total Bytes Received By Node
...
015 (287677.000.000) 2025-01-28 17:32:45 Node 0 terminated.
	(1) Normal termination (return value 0)
		Usr 0 00:00:00, Sys 0 00:00:00  -  Run Remote Usage
		Usr 0 00:00:00, Sys 0 00:00:00  -  Run Local Usage
		Usr 0 00:00:00, Sys 0 00:00:00  -  Total Remote Usage
		Usr 0 00:00:00, Sys 0 00:00:00  -  Total Local Usage
	3262  -  Run Bytes Sent By Node
	33591  -  Run Bytes Received By Node
	3262  -  Total Bytes Sent By Node
	33591  -  Total Bytes Received By Node
...
005 (287677.000.000) 2025-01-28 17:32:45 Job terminated.
	(1) Normal termination (return value 0)
		Usr 0 00:00:08, Sys 0 00:00:01  -  Run Remote Usage
		Usr 0 00:00:00, Sys 0 00:00:00  -  Run Local Usage
		Usr 0 00:00:00, Sys 0 00:00:00  -  Total Remote Usage
		Usr 0 00:00:00, Sys 0 00:00:00  -  Total Local Usage
	5427  -  Run Bytes Sent By Job
	268728  -  Run Bytes Received By Job
	5427  -  Total Bytes Sent By Job
	268728  -  Total Bytes Received By Job
	Partitionable Resources :    Usage  Request Allocated 
	   Cpus                 :                 1         2 
	   Disk (KB)            :       51       35 102883670 
	   Memory (MB)          :        1        1    100096 

	Job terminated of its own accord at 2025-01-28T17:32:45Z with exit-code 0.
...
