000 (269004.000.000) 2025-01-21 22:15:48 Job submitted from host: <192.168.0.102:9618?addrs=192.168.0.102-9618&alias=submitter&noUDP&sock=schedd_2032_5c88>
...
001 (269004.000.000) 2025-01-21 22:15:50 Job executing on host: <192.168.0.151:9618?addrs=192.168.0.151-9618&alias=node151.di.rm1&noUDP&sock=startd_1528_a8cd>
...
006 (269004.000.000) 2025-01-21 22:15:59 Image size of job updated: 777348
	760  -  MemoryUsage of job (MB)
	777348  -  ResidentSetSize of job (KB)
...
006 (269004.000.000) 2025-01-21 22:16:32 Image size of job updated: 3611916
	763  -  MemoryUsage of job (MB)
	780516  -  ResidentSetSize of job (KB)
...
004 (269004.000.000) 2025-01-21 22:16:32 Job was evicted.
	(0) CPU times
		Usr 0 00:00:39, Sys 0 00:00:01  -  Run Remote Usage
		Usr 0 00:00:00, Sys 0 00:00:00  -  Run Local Usage
	0  -  Run Bytes Sent By Job
	0  -  Run Bytes Received By Job
	Partitionable Resources :    Usage  Request Allocated 
	   Cpus                 :                 1         1 
	   Disk (KB)            :       27       27    474791 
	   Memory (MB)          :      763        1       128 
...
009 (269004.000.000) 2025-01-21 22:16:33 Job was aborted.
	via condor_rm (by user calzona_2046920)
...
000 (269156.000.000) 2025-01-21 22:23:42 Job submitted from host: <192.168.0.102:9618?addrs=192.168.0.102-9618&alias=submitter&noUDP&sock=schedd_2032_5c88>
...
001 (269156.000.000) 2025-01-21 22:23:44 Job executing on host: <192.168.0.120:9618?addrs=192.168.0.120-9618&alias=node120.di.rm1&noUDP&sock=startd_2096_4298>
...
006 (269156.000.000) 2025-01-21 22:23:53 Image size of job updated: 727568
	690  -  MemoryUsage of job (MB)
	705540  -  ResidentSetSize of job (KB)
...
006 (269156.000.000) 2025-01-21 22:24:01 Image size of job updated: 1031976
	691  -  MemoryUsage of job (MB)
	706860  -  ResidentSetSize of job (KB)
...
004 (269156.000.000) 2025-01-21 22:24:01 Job was evicted.
	(0) CPU times
		Usr 0 00:00:15, Sys 0 00:00:00  -  Run Remote Usage
		Usr 0 00:00:00, Sys 0 00:00:00  -  Run Local Usage
	0  -  Run Bytes Sent By Job
	0  -  Run Bytes Received By Job
	Partitionable Resources :    Usage  Request Allocated 
	   Cpus                 :                 1         1 
	   Disk (KB)            :       27       27    459052 
	   Gpus (Average)       :                 0         0 
	   Memory (MB)          :      691        1       128 
...
009 (269156.000.000) 2025-01-21 22:24:01 Job was aborted.
	via condor_rm (by user calzona_2046920)
...
000 (275356.000.000) 2025-01-24 02:19:45 Job submitted from host: <192.168.0.102:9618?addrs=192.168.0.102-9618&alias=submitter&noUDP&sock=schedd_2032_5c88>
...
001 (275356.000.000) 2025-01-24 02:19:46 Job executing on host: <192.168.0.147:9618?addrs=192.168.0.147-9618&alias=node147.di.rm1&noUDP&sock=startd_1513_5ee1>
...
006 (275356.000.000) 2025-01-24 02:19:54 Image size of job updated: 711876
	696  -  MemoryUsage of job (MB)
	711876  -  ResidentSetSize of job (KB)
...
006 (275356.000.000) 2025-01-24 02:21:47 Image size of job updated: 11130088
	697  -  MemoryUsage of job (MB)
	712800  -  ResidentSetSize of job (KB)
...
004 (275356.000.000) 2025-01-24 02:21:47 Job was evicted.
	(0) CPU times
		Usr 0 00:01:57, Sys 0 00:00:04  -  Run Remote Usage
		Usr 0 00:00:00, Sys 0 00:00:00  -  Run Local Usage
	0  -  Run Bytes Sent By Job
	0  -  Run Bytes Received By Job
	Partitionable Resources :    Usage  Request Allocated 
	   Cpus                 :                 1         1 
	   Disk (KB)            :       27       27    469805 
	   Memory (MB)          :      697        1       128 
...
009 (275356.000.000) 2025-01-24 02:21:47 Job was aborted.
	via condor_rm (by user calzona_2046920)
...
