000 (264018.000.000) 2025-01-17 11:21:10 Job submitted from host: <192.168.0.102:9618?addrs=192.168.0.102-9618&alias=submitter&noUDP&sock=schedd_2032_5c88>
...
001 (264018.000.000) 2025-01-17 11:21:11 Job executing on host: <192.168.0.116:9618?addrs=192.168.0.116-9618&alias=node116.di.rm1&noUDP&sock=startd_1847_7783>
...
006 (264018.000.000) 2025-01-17 11:21:21 Image size of job updated: 414036
	369  -  MemoryUsage of job (MB)
	377784  -  ResidentSetSize of job (KB)
...
006 (264018.000.000) 2025-01-17 11:27:36 Image size of job updated: 8423872
	7986  -  MemoryUsage of job (MB)
	8177152  -  ResidentSetSize of job (KB)
...
006 (264018.000.000) 2025-01-17 11:33:08 Image size of job updated: 9189996
	8793  -  MemoryUsage of job (MB)
	9003024  -  ResidentSetSize of job (KB)
...
006 (264018.000.000) 2025-01-17 11:33:20 Image size of job updated: 9609420
	8817  -  MemoryUsage of job (MB)
	9028296  -  ResidentSetSize of job (KB)
...
004 (264018.000.000) 2025-01-17 11:33:20 Job was evicted.
	(0) CPU times
		Usr 0 00:04:16, Sys 0 00:02:03  -  Run Remote Usage
		Usr 0 00:00:00, Sys 0 00:00:00  -  Run Local Usage
	0  -  Run Bytes Sent By Job
	0  -  Run Bytes Received By Job
	Partitionable Resources :    Usage  Request Allocated 
	   Cpus                 :     0.40        1         1 
	   Disk (KB)            :    27          27    474557 
	   Memory (MB)          :  8817           1       128 
...
009 (264018.000.000) 2025-01-17 11:33:20 Job was aborted.
	via condor_rm (by user calzona_2046920)
...
