000 (268461.000.000) 2025-01-21 21:49:03 Job submitted from host: <192.168.0.102:9618?addrs=192.168.0.102-9618&alias=submitter&noUDP&sock=schedd_2032_5c88>
...
001 (268461.000.000) 2025-01-21 21:49:05 Job executing on host: <192.168.0.130:9618?addrs=192.168.0.130-9618&alias=node130.di.rm1&noUDP&sock=startd_2751195_838e>
...
006 (268461.000.000) 2025-01-21 21:49:14 Image size of job updated: 313012
	302  -  MemoryUsage of job (MB)
	309144  -  ResidentSetSize of job (KB)
...
005 (268461.000.000) 2025-01-21 21:49:20 Job terminated.
	(1) Normal termination (return value 0)
		Usr 0 00:00:13, Sys 0 00:00:00  -  Run Remote Usage
		Usr 0 00:00:00, Sys 0 00:00:00  -  Run Local Usage
		Usr 0 00:00:13, Sys 0 00:00:00  -  Total Remote Usage
		Usr 0 00:00:00, Sys 0 00:00:00  -  Total Local Usage
	0  -  Run Bytes Sent By Job
	0  -  Run Bytes Received By Job
	0  -  Total Bytes Sent By Job
	0  -  Total Bytes Received By Job
	Partitionable Resources :    Usage  Request Allocated 
	   Cpus                 :                 1         1 
	   Disk (KB)            :       27       27    472313 
	   Memory (MB)          :      302        1       128 

	Job terminated of its own accord at 2025-01-21T21:49:19Z with exit-code 0.
...
000 (268614.000.000) 2025-01-21 21:56:31 Job submitted from host: <192.168.0.102:9618?addrs=192.168.0.102-9618&alias=submitter&noUDP&sock=schedd_2032_5c88>
...
009 (268614.000.000) 2025-01-21 21:56:36 Job was aborted.
	via condor_rm (by user calzona_2046920)
...
000 (275088.000.000) 2025-01-24 01:43:15 Job submitted from host: <192.168.0.102:9618?addrs=192.168.0.102-9618&alias=submitter&noUDP&sock=schedd_2032_5c88>
...
001 (275088.000.000) 2025-01-24 01:43:29 Job executing on host: <192.168.0.121:9618?addrs=192.168.0.121-9618&alias=node121.di.rm1&noUDP&sock=startd_2146_8e54>
...
006 (275088.000.000) 2025-01-24 01:43:37 Image size of job updated: 311540
	301  -  MemoryUsage of job (MB)
	307484  -  ResidentSetSize of job (KB)
...
005 (275088.000.000) 2025-01-24 01:43:39 Job terminated.
	(1) Normal termination (return value 0)
		Usr 0 00:00:10, Sys 0 00:00:00  -  Run Remote Usage
		Usr 0 00:00:00, Sys 0 00:00:00  -  Run Local Usage
		Usr 0 00:00:10, Sys 0 00:00:00  -  Total Remote Usage
		Usr 0 00:00:00, Sys 0 00:00:00  -  Total Local Usage
	0  -  Run Bytes Sent By Job
	0  -  Run Bytes Received By Job
	0  -  Total Bytes Sent By Job
	0  -  Total Bytes Received By Job
	Partitionable Resources :    Usage  Request Allocated 
	   Cpus                 :                 1         1 
	   Disk (KB)            :       27       27    467232 
	   Memory (MB)          :      301        1       128 

	Job terminated of its own accord at 2025-01-24T01:43:39Z with exit-code 0.
...
