000 (279213.000.000) 2025-01-24 10:21:23 Job submitted from host: <192.168.0.102:9618?addrs=192.168.0.102-9618&alias=submitter&noUDP&sock=schedd_2032_5c88>
...
014 (279213.000.000) 2025-01-24 10:21:32 Node 0 executing on host: <192.168.0.135:9618?addrs=192.168.0.135-9618&alias=node135.di.rm1&noUDP&sock=startd_2000_6980>
...
014 (279213.000.005) 2025-01-24 10:21:32 Node 5 executing on host: <192.168.0.148:9618?addrs=192.168.0.148-9618&alias=node148.di.rm1&noUDP&sock=startd_1547_b119>
...
014 (279213.000.001) 2025-01-24 10:21:32 Node 1 executing on host: <192.168.0.106:9618?addrs=192.168.0.106-9618&alias=node106.di.rm1&noUDP&sock=startd_1970_d5a9>
...
014 (279213.000.003) 2025-01-24 10:21:32 Node 3 executing on host: <192.168.0.140:9618?addrs=192.168.0.140-9618&alias=node140.di.rm1&noUDP&sock=startd_1890_f615>
...
014 (279213.000.004) 2025-01-24 10:21:32 Node 4 executing on host: <192.168.0.116:9618?addrs=192.168.0.116-9618&alias=node116.di.rm1&noUDP&sock=startd_1847_7783>
...
014 (279213.000.006) 2025-01-24 10:21:32 Node 6 executing on host: <192.168.0.151:9618?addrs=192.168.0.151-9618&alias=node151.di.rm1&noUDP&sock=startd_1528_a8cd>
...
014 (279213.000.002) 2025-01-24 10:21:32 Node 2 executing on host: <192.168.0.145:9618?addrs=192.168.0.145-9618&alias=node145.di.rm1&noUDP&sock=startd_1869_8e98>
...
014 (279213.000.007) 2025-01-24 10:21:32 Node 7 executing on host: <192.168.0.140:9618?addrs=192.168.0.140-9618&alias=node140.di.rm1&noUDP&sock=startd_1890_f615>
...
001 (279213.000.000) 2025-01-24 10:21:32 Job executing on host: MPI_job
...
008 (279213.000.000) 2025-01-24 10:21:34 Launching orted on Node 0 of 8
...
008 (279213.000.000) 2025-01-24 10:21:34 Launching orted on Node 5 of 8
...
008 (279213.000.000) 2025-01-24 10:21:34 Launching orted on Node 1 of 8
...
008 (279213.000.000) 2025-01-24 10:21:34 Launching orted on Node 3 of 8
...
008 (279213.000.000) 2025-01-24 10:21:34 Launching orted on Node 4 of 8
...
008 (279213.000.000) 2025-01-24 10:21:34 Launching orted on Node 7 of 8
...
008 (279213.000.000) 2025-01-24 10:21:34 Launching orted on Node 6 of 8
...
008 (279213.000.000) 2025-01-24 10:21:35 Launching orted on Node 2 of 8
...
008 (279213.000.000) 2025-01-24 10:21:47 orted exited on Node 4 of 8
...
008 (279213.000.000) 2025-01-24 10:21:47 orted exited on Node 6 of 8
...
008 (279213.000.000) 2025-01-24 10:21:47 orted exited on Node 0 of 8
...
008 (279213.000.000) 2025-01-24 10:21:47 orted exited on Node 1 of 8
...
008 (279213.000.000) 2025-01-24 10:21:47 orted exited on Node 3 of 8
...
008 (279213.000.000) 2025-01-24 10:21:47 orted exited on Node 7 of 8
...
008 (279213.000.000) 2025-01-24 10:21:47 orted exited on Node 2 of 8
...
008 (279213.000.000) 2025-01-24 10:21:47 orted exited on Node 5 of 8
...
015 (279213.000.004) 2025-01-24 10:21:48 Node 4 terminated.
	(1) Normal termination (return value 0)
		Usr 0 00:00:12, Sys 0 00:00:01  -  Run Remote Usage
		Usr 0 00:00:00, Sys 0 00:00:00  -  Run Local Usage
		Usr 0 00:00:12, Sys 0 00:00:01  -  Total Remote Usage
		Usr 0 00:00:00, Sys 0 00:00:00  -  Total Local Usage
	2165  -  Run Bytes Sent By Node
	33639  -  Run Bytes Received By Node
	2165  -  Total Bytes Sent By Node
	33639  -  Total Bytes Received By Node
...
015 (279213.000.000) 2025-01-24 10:21:48 Node 0 terminated.
	(1) Normal termination (return value 0)
		Usr 0 00:00:05, Sys 0 00:00:00  -  Run Remote Usage
		Usr 0 00:00:00, Sys 0 00:00:00  -  Run Local Usage
		Usr 0 00:00:05, Sys 0 00:00:00  -  Total Remote Usage
		Usr 0 00:00:00, Sys 0 00:00:00  -  Total Local Usage
	3264  -  Run Bytes Sent By Node
	33639  -  Run Bytes Received By Node
	3264  -  Total Bytes Sent By Node
	33639  -  Total Bytes Received By Node
...
015 (279213.000.001) 2025-01-24 10:21:48 Node 1 terminated.
	(1) Normal termination (return value 0)
		Usr 0 00:00:12, Sys 0 00:00:00  -  Run Remote Usage
		Usr 0 00:00:00, Sys 0 00:00:00  -  Run Local Usage
		Usr 0 00:00:12, Sys 0 00:00:00  -  Total Remote Usage
		Usr 0 00:00:00, Sys 0 00:00:00  -  Total Local Usage
	2165  -  Run Bytes Sent By Node
	33639  -  Run Bytes Received By Node
	2165  -  Total Bytes Sent By Node
	33639  -  Total Bytes Received By Node
...
015 (279213.000.005) 2025-01-24 10:21:48 Node 5 terminated.
	(1) Normal termination (return value 0)
		Usr 0 00:00:11, Sys 0 00:00:00  -  Run Remote Usage
		Usr 0 00:00:00, Sys 0 00:00:00  -  Run Local Usage
		Usr 0 00:00:11, Sys 0 00:00:00  -  Total Remote Usage
		Usr 0 00:00:00, Sys 0 00:00:00  -  Total Local Usage
	2165  -  Run Bytes Sent By Node
	33639  -  Run Bytes Received By Node
	2165  -  Total Bytes Sent By Node
	33639  -  Total Bytes Received By Node
...
005 (279213.000.000) 2025-01-24 10:21:48 Job terminated.
	(1) Normal termination (return value 0)
		Usr 0 00:01:27, Sys 0 00:00:04  -  Run Remote Usage
		Usr 0 00:00:00, Sys 0 00:00:00  -  Run Local Usage
		Usr 0 00:00:05, Sys 0 00:00:00  -  Total Remote Usage
		Usr 0 00:00:00, Sys 0 00:00:00  -  Total Local Usage
	16254  -  Run Bytes Sent By Job
	269112  -  Run Bytes Received By Job
	16254  -  Total Bytes Sent By Job
	269112  -  Total Bytes Received By Job
	Partitionable Resources :    Usage  Request Allocated 
	   Cpus                 :        0        1         2 
	   Disk (KB)            :       56       35 102650546 
	   Memory (MB)          :      278        0    100096 

	Job terminated of its own accord at 2025-01-24T10:21:47Z with exit-code 0.
...
