000 (270075.000.000) 2025-01-21 23:26:44 Job submitted from host: <192.168.0.102:9618?addrs=192.168.0.102-9618&alias=submitter&noUDP&sock=schedd_2032_5c88>
...
001 (270075.000.000) 2025-01-21 23:27:04 Job executing on host: <192.168.0.147:9618?addrs=192.168.0.147-9618&alias=node147.di.rm1&noUDP&sock=startd_1513_5ee1>
...
006 (270075.000.000) 2025-01-21 23:27:13 Image size of job updated: 1473720
	480  -  MemoryUsage of job (MB)
	491436  -  ResidentSetSize of job (KB)
...
006 (270075.000.000) 2025-01-21 23:27:45 Image size of job updated: 2992248
	481  -  MemoryUsage of job (MB)
	491964  -  ResidentSetSize of job (KB)
...
004 (270075.000.000) 2025-01-21 23:27:46 Job was evicted.
	(0) CPU times
		Usr 0 00:00:39, Sys 0 00:00:01  -  Run Remote Usage
		Usr 0 00:00:00, Sys 0 00:00:00  -  Run Local Usage
	0  -  Run Bytes Sent By Job
	0  -  Run Bytes Received By Job
	Partitionable Resources :    Usage  Request Allocated 
	   Cpus                 :                 1         1 
	   Disk (KB)            :       27       27    469805 
	   Memory (MB)          :      481        1       128 
...
009 (270075.000.000) 2025-01-21 23:27:46 Job was aborted.
	via condor_rm (by user calzona_2046920)
...
000 (276233.000.000) 2025-01-24 04:11:44 Job submitted from host: <192.168.0.102:9618?addrs=192.168.0.102-9618&alias=submitter&noUDP&sock=schedd_2032_5c88>
...
001 (276233.000.000) 2025-01-24 04:11:44 Job executing on host: <192.168.0.147:9618?addrs=192.168.0.147-9618&alias=node147.di.rm1&noUDP&sock=startd_1513_5ee1>
...
006 (276233.000.000) 2025-01-24 04:11:53 Image size of job updated: 1243776
	477  -  MemoryUsage of job (MB)
	488004  -  ResidentSetSize of job (KB)
...
006 (276233.000.000) 2025-01-24 04:13:45 Image size of job updated: 6622512
	477  -  MemoryUsage of job (MB)
	488004  -  ResidentSetSize of job (KB)
...
004 (276233.000.000) 2025-01-24 04:13:45 Job was evicted.
	(0) CPU times
		Usr 0 00:01:58, Sys 0 00:00:02  -  Run Remote Usage
		Usr 0 00:00:00, Sys 0 00:00:00  -  Run Local Usage
	0  -  Run Bytes Sent By Job
	0  -  Run Bytes Received By Job
	Partitionable Resources :    Usage  Request Allocated 
	   Cpus                 :     1.00        1         1 
	   Disk (KB)            :    27          27    469805 
	   Memory (MB)          :   477           1       128 
...
009 (276233.000.000) 2025-01-24 04:13:45 Job was aborted.
	via condor_rm (by user calzona_2046920)
...
