000 (262071.000.000) 2025-01-16 18:01:00 Job submitted from host: <192.168.0.102:9618?addrs=192.168.0.102-9618&alias=submitter&noUDP&sock=schedd_2032_5c88>
...
001 (262071.000.000) 2025-01-16 18:01:07 Job executing on host: <192.168.0.149:9618?addrs=192.168.0.149-9618&alias=node149.di.rm1&noUDP&sock=startd_1551_6f7a>
...
006 (262071.000.000) 2025-01-16 18:01:15 Image size of job updated: 557164
	540  -  MemoryUsage of job (MB)
	552860  -  ResidentSetSize of job (KB)
...
006 (262071.000.000) 2025-01-16 18:03:50 Image size of job updated: 6764356
	541  -  MemoryUsage of job (MB)
	553520  -  ResidentSetSize of job (KB)
...
005 (262071.000.000) 2025-01-16 18:03:50 Job terminated.
	(1) Normal termination (return value 0)
		Usr 0 00:05:46, Sys 0 00:00:12  -  Run Remote Usage
		Usr 0 00:00:00, Sys 0 00:00:00  -  Run Local Usage
		Usr 0 00:05:46, Sys 0 00:00:12  -  Total Remote Usage
		Usr 0 00:00:00, Sys 0 00:00:00  -  Total Local Usage
	0  -  Run Bytes Sent By Job
	0  -  Run Bytes Received By Job
	0  -  Total Bytes Sent By Job
	0  -  Total Bytes Received By Job
	Partitionable Resources :    Usage  Request Allocated 
	   Cpus                 :                 1         1 
	   Disk (KB)            :       27       27    471944 
	   Memory (MB)          :      541        1       128 

	Job terminated of its own accord at 2025-01-16T18:03:50Z with exit-code 0.
...
