000 (273831.000.000) 2025-01-23 11:21:31 Job submitted from host: <192.168.0.102:9618?addrs=192.168.0.102-9618&alias=submitter&noUDP&sock=schedd_2032_5c88>
...
014 (273831.000.000) 2025-01-23 11:21:38 Node 0 executing on host: <192.168.0.106:9618?addrs=192.168.0.106-9618&alias=node106.di.rm1&noUDP&sock=startd_1970_d5a9>
...
014 (273831.000.001) 2025-01-23 11:21:38 Node 1 executing on host: <192.168.0.147:9618?addrs=192.168.0.147-9618&alias=node147.di.rm1&noUDP&sock=startd_1513_5ee1>
...
014 (273831.000.002) 2025-01-23 11:21:38 Node 2 executing on host: <192.168.0.141:9618?addrs=192.168.0.141-9618&alias=node141.di.rm1&noUDP&sock=startd_2077_3a4b>
...
014 (273831.000.003) 2025-01-23 11:21:38 Node 3 executing on host: <192.168.0.112:9618?addrs=192.168.0.112-9618&alias=node112.di.rm1&noUDP&sock=startd_2169_5502>
...
001 (273831.000.000) 2025-01-23 11:21:38 Job executing on host: MPI_job
...
008 (273831.000.000) 2025-01-23 11:21:40 Launching orted on Node 0 of 4
...
008 (273831.000.000) 2025-01-23 11:21:40 Launching orted on Node 2 of 4
...
008 (273831.000.000) 2025-01-23 11:21:41 Launching orted on Node 1 of 4
...
008 (273831.000.000) 2025-01-23 11:21:41 Launching orted on Node 3 of 4
...
008 (273831.000.000) 2025-01-23 11:21:47 orted exited on Node 1 of 4
...
008 (273831.000.000) 2025-01-23 11:21:47 orted exited on Node 3 of 4
...
008 (273831.000.000) 2025-01-23 11:21:47 orted exited on Node 0 of 4
...
008 (273831.000.000) 2025-01-23 11:21:47 orted exited on Node 2 of 4
...
015 (273831.000.000) 2025-01-23 11:21:47 Node 0 terminated.
	(1) Normal termination (return value 0)
		Usr 0 00:00:00, Sys 0 00:00:00  -  Run Remote Usage
		Usr 0 00:00:00, Sys 0 00:00:00  -  Run Local Usage
		Usr 0 00:00:00, Sys 0 00:00:00  -  Total Remote Usage
		Usr 0 00:00:00, Sys 0 00:00:00  -  Total Local Usage
	3264  -  Run Bytes Sent By Node
	33639  -  Run Bytes Received By Node
	3264  -  Total Bytes Sent By Node
	33639  -  Total Bytes Received By Node
...
005 (273831.000.000) 2025-01-23 11:21:47 Job terminated.
	(1) Normal termination (return value 0)
		Usr 0 00:00:15, Sys 0 00:00:00  -  Run Remote Usage
		Usr 0 00:00:00, Sys 0 00:00:00  -  Run Local Usage
		Usr 0 00:00:00, Sys 0 00:00:00  -  Total Remote Usage
		Usr 0 00:00:00, Sys 0 00:00:00  -  Total Local Usage
	3264  -  Run Bytes Sent By Job
	134556  -  Run Bytes Received By Job
	3264  -  Total Bytes Sent By Job
	134556  -  Total Bytes Received By Job
	Partitionable Resources :    Usage  Request Allocated 
	   Cpus                 :                 1         1 
	   Disk (KB)            :       49       35    468979 
	   Memory (MB)          :        1      359     40960 

	Job terminated of its own accord at 2025-01-23T11:21:47Z with exit-code 0.
...
000 (278575.000.000) 2025-01-24 09:06:17 Job submitted from host: <192.168.0.102:9618?addrs=192.168.0.102-9618&alias=submitter&noUDP&sock=schedd_2032_5c88>
...
014 (278575.000.001) 2025-01-24 09:06:24 Node 1 executing on host: <192.168.0.109:9618?addrs=192.168.0.109-9618&alias=node109.di.rm1&noUDP&sock=startd_1627_90ad>
...
014 (278575.000.002) 2025-01-24 09:06:24 Node 2 executing on host: <192.168.0.139:9618?addrs=192.168.0.139-9618&alias=node139.di.rm1&noUDP&sock=startd_1966_1748>
...
014 (278575.000.000) 2025-01-24 09:06:24 Node 0 executing on host: <192.168.0.113:9618?addrs=192.168.0.113-9618&alias=node113.di.rm1&noUDP&sock=startd_3668932_c305>
...
014 (278575.000.003) 2025-01-24 09:06:24 Node 3 executing on host: <192.168.0.148:9618?addrs=192.168.0.148-9618&alias=node148.di.rm1&noUDP&sock=startd_1547_b119>
...
001 (278575.000.000) 2025-01-24 09:06:24 Job executing on host: MPI_job
...
008 (278575.000.000) 2025-01-24 09:06:26 Launching orted on Node 1 of 4
...
008 (278575.000.000) 2025-01-24 09:06:26 Launching orted on Node 2 of 4
...
008 (278575.000.000) 2025-01-24 09:06:26 Launching orted on Node 0 of 4
...
008 (278575.000.000) 2025-01-24 09:06:26 Launching orted on Node 3 of 4
...
008 (278575.000.000) 2025-01-24 09:06:33 orted exited on Node 1 of 4
...
008 (278575.000.000) 2025-01-24 09:06:33 orted exited on Node 2 of 4
...
008 (278575.000.000) 2025-01-24 09:06:33 orted exited on Node 3 of 4
...
008 (278575.000.000) 2025-01-24 09:06:33 orted exited on Node 0 of 4
...
015 (278575.000.000) 2025-01-24 09:06:33 Node 0 terminated.
	(1) Normal termination (return value 0)
		Usr 0 00:00:00, Sys 0 00:00:00  -  Run Remote Usage
		Usr 0 00:00:00, Sys 0 00:00:00  -  Run Local Usage
		Usr 0 00:00:00, Sys 0 00:00:00  -  Total Remote Usage
		Usr 0 00:00:00, Sys 0 00:00:00  -  Total Local Usage
	3305  -  Run Bytes Sent By Node
	33639  -  Run Bytes Received By Node
	3305  -  Total Bytes Sent By Node
	33639  -  Total Bytes Received By Node
...
005 (278575.000.000) 2025-01-24 09:06:33 Job terminated.
	(1) Normal termination (return value 0)
		Usr 0 00:00:17, Sys 0 00:00:03  -  Run Remote Usage
		Usr 0 00:00:00, Sys 0 00:00:00  -  Run Local Usage
		Usr 0 00:00:00, Sys 0 00:00:00  -  Total Remote Usage
		Usr 0 00:00:00, Sys 0 00:00:00  -  Total Local Usage
	3305  -  Run Bytes Sent By Job
	134556  -  Run Bytes Received By Job
	3305  -  Total Bytes Sent By Job
	134556  -  Total Bytes Received By Job
	Partitionable Resources :    Usage  Request Allocated 
	   Cpus                 :                 1         2 
	   Disk (KB)            :       50       35 102984791 
	   GPUs                 :                           0 
	   Memory (MB)          :        1      374    100096 

	Job terminated of its own accord at 2025-01-24T09:06:33Z with exit-code 0.
...
000 (286849.000.000) 2025-01-28 16:01:22 Job submitted from host: <192.168.0.102:9618?addrs=192.168.0.102-9618&alias=submitter&noUDP&sock=schedd_2032_5c88>
...
014 (286849.000.003) 2025-01-28 16:01:29 Node 3 executing on host: <192.168.0.130:9618?addrs=192.168.0.130-9618&alias=node130.di.rm1&noUDP&sock=startd_2751195_838e>
...
014 (286849.000.002) 2025-01-28 16:01:29 Node 2 executing on host: <192.168.0.135:9618?addrs=192.168.0.135-9618&alias=node135.di.rm1&noUDP&sock=startd_2000_6980>
...
014 (286849.000.001) 2025-01-28 16:01:29 Node 1 executing on host: <192.168.0.120:9618?addrs=192.168.0.120-9618&alias=node120.di.rm1&noUDP&sock=startd_2096_4298>
...
014 (286849.000.000) 2025-01-28 16:01:29 Node 0 executing on host: <192.168.0.124:9618?addrs=192.168.0.124-9618&alias=node124.di.rm1&noUDP&sock=startd_2143_7f8b>
...
001 (286849.000.000) 2025-01-28 16:01:29 Job executing on host: MPI_job
...
008 (286849.000.000) 2025-01-28 16:01:31 Launching orted on Node 2 of 4
...
008 (286849.000.000) 2025-01-28 16:01:31 Launching orted on Node 1 of 4
...
008 (286849.000.000) 2025-01-28 16:01:31 Launching orted on Node 3 of 4
...
008 (286849.000.000) 2025-01-28 16:01:32 Launching orted on Node 0 of 4
...
008 (286849.000.000) 2025-01-28 16:01:38 orted exited on Node 3 of 4
...
008 (286849.000.000) 2025-01-28 16:01:38 orted exited on Node 2 of 4
...
008 (286849.000.000) 2025-01-28 16:01:38 orted exited on Node 0 of 4
...
008 (286849.000.000) 2025-01-28 16:01:38 orted exited on Node 1 of 4
...
015 (286849.000.002) 2025-01-28 16:01:38 Node 2 terminated.
	(1) Normal termination (return value 0)
		Usr 0 00:00:05, Sys 0 00:00:00  -  Run Remote Usage
		Usr 0 00:00:00, Sys 0 00:00:00  -  Run Local Usage
		Usr 0 00:00:05, Sys 0 00:00:00  -  Total Remote Usage
		Usr 0 00:00:00, Sys 0 00:00:00  -  Total Local Usage
	2165  -  Run Bytes Sent By Node
	33591  -  Run Bytes Received By Node
	2165  -  Total Bytes Sent By Node
	33591  -  Total Bytes Received By Node
...
015 (286849.000.003) 2025-01-28 16:01:38 Node 3 terminated.
	(1) Normal termination (return value 0)
		Usr 0 00:00:05, Sys 0 00:00:00  -  Run Remote Usage
		Usr 0 00:00:00, Sys 0 00:00:00  -  Run Local Usage
		Usr 0 00:00:05, Sys 0 00:00:00  -  Total Remote Usage
		Usr 0 00:00:00, Sys 0 00:00:00  -  Total Local Usage
	2165  -  Run Bytes Sent By Node
	33591  -  Run Bytes Received By Node
	2165  -  Total Bytes Sent By Node
	33591  -  Total Bytes Received By Node
...
015 (286849.000.001) 2025-01-28 16:01:38 Node 1 terminated.
	(1) Normal termination (return value 0)
		Usr 0 00:00:05, Sys 0 00:00:00  -  Run Remote Usage
		Usr 0 00:00:00, Sys 0 00:00:00  -  Run Local Usage
		Usr 0 00:00:05, Sys 0 00:00:00  -  Total Remote Usage
		Usr 0 00:00:00, Sys 0 00:00:00  -  Total Local Usage
	2187  -  Run Bytes Sent By Node
	33591  -  Run Bytes Received By Node
	2187  -  Total Bytes Sent By Node
	33591  -  Total Bytes Received By Node
...
015 (286849.000.000) 2025-01-28 16:01:38 Node 0 terminated.
	(1) Normal termination (return value 0)
		Usr 0 00:00:04, Sys 0 00:00:00  -  Run Remote Usage
		Usr 0 00:00:00, Sys 0 00:00:00  -  Run Local Usage
		Usr 0 00:00:04, Sys 0 00:00:00  -  Total Remote Usage
		Usr 0 00:00:00, Sys 0 00:00:00  -  Total Local Usage
	3774  -  Run Bytes Sent By Node
	33591  -  Run Bytes Received By Node
	3774  -  Total Bytes Sent By Node
	33591  -  Total Bytes Received By Node
...
005 (286849.000.000) 2025-01-28 16:01:38 Job terminated.
	(1) Normal termination (return value 0)
		Usr 0 00:00:19, Sys 0 00:00:00  -  Run Remote Usage
		Usr 0 00:00:00, Sys 0 00:00:00  -  Run Local Usage
		Usr 0 00:00:04, Sys 0 00:00:00  -  Total Remote Usage
		Usr 0 00:00:00, Sys 0 00:00:00  -  Total Local Usage
	10291  -  Run Bytes Sent By Job
	134364  -  Run Bytes Received By Job
	10291  -  Total Bytes Sent By Job
	134364  -  Total Bytes Received By Job
	Partitionable Resources :    Usage  Request Allocated 
	   Cpus                 :                 1         1 
	   Disk (KB)            :       52       35  21469963 
	   GPUs                 :                           1 
	   Memory (MB)          :      223      374     20480 

	Job terminated of its own accord at 2025-01-28T16:01:38Z with exit-code 0.
...
