000 (270272.000.000) 2025-01-21 23:40:20 Job submitted from host: <192.168.0.102:9618?addrs=192.168.0.102-9618&alias=submitter&noUDP&sock=schedd_2032_5c88>
...
001 (270272.000.000) 2025-01-21 23:40:20 Job executing on host: <192.168.0.151:9618?addrs=192.168.0.151-9618&alias=node151.di.rm1&noUDP&sock=startd_1528_a8cd>
...
006 (270272.000.000) 2025-01-21 23:40:29 Image size of job updated: 425040
	416  -  MemoryUsage of job (MB)
	425040  -  ResidentSetSize of job (KB)
...
006 (270272.000.000) 2025-01-21 23:41:22 Image size of job updated: 3951628
	417  -  MemoryUsage of job (MB)
	426228  -  ResidentSetSize of job (KB)
...
004 (270272.000.000) 2025-01-21 23:41:22 Job was evicted.
	(0) CPU times
		Usr 0 00:00:59, Sys 0 00:00:01  -  Run Remote Usage
		Usr 0 00:00:00, Sys 0 00:00:00  -  Run Local Usage
	0  -  Run Bytes Sent By Job
	0  -  Run Bytes Received By Job
	Partitionable Resources :    Usage  Request Allocated 
	   Cpus                 :                 1         1 
	   Disk (KB)            :       27       27    474791 
	   Memory (MB)          :      417        1       128 
...
009 (270272.000.000) 2025-01-21 23:41:22 Job was aborted.
	via condor_rm (by user calzona_2046920)
...
000 (276429.000.000) 2025-01-24 04:34:06 Job submitted from host: <192.168.0.102:9618?addrs=192.168.0.102-9618&alias=submitter&noUDP&sock=schedd_2032_5c88>
...
001 (276429.000.000) 2025-01-24 04:34:06 Job executing on host: <192.168.0.147:9618?addrs=192.168.0.147-9618&alias=node147.di.rm1&noUDP&sock=startd_1513_5ee1>
...
006 (276429.000.000) 2025-01-24 04:34:15 Image size of job updated: 1252764
	417  -  MemoryUsage of job (MB)
	426360  -  ResidentSetSize of job (KB)
...
006 (276429.000.000) 2025-01-24 04:36:08 Image size of job updated: 6398168
	417  -  MemoryUsage of job (MB)
	426360  -  ResidentSetSize of job (KB)
...
004 (276429.000.000) 2025-01-24 04:36:08 Job was evicted.
	(0) CPU times
		Usr 0 00:01:58, Sys 0 00:00:02  -  Run Remote Usage
		Usr 0 00:00:00, Sys 0 00:00:00  -  Run Local Usage
	0  -  Run Bytes Sent By Job
	0  -  Run Bytes Received By Job
	Partitionable Resources :    Usage  Request Allocated 
	   Cpus                 :                 1         1 
	   Disk (KB)            :       27       27    469805 
	   Memory (MB)          :      417        1       128 
...
009 (276429.000.000) 2025-01-24 04:36:08 Job was aborted.
	via condor_rm (by user calzona_2046920)
...
