000 (290256.000.000) 2025-01-29 12:37:53 Job submitted from host: <192.168.0.102:9618?addrs=192.168.0.102-9618&alias=submitter&noUDP&sock=schedd_2032_5c88>
...
014 (290256.000.001) 2025-01-29 12:37:58 Node 1 executing on host: <192.168.0.114:9618?addrs=192.168.0.114-9618&alias=node114.di.rm1&noUDP&sock=startd_2075_db1b>
...
014 (290256.000.005) 2025-01-29 12:37:58 Node 5 executing on host: <192.168.0.145:9618?addrs=192.168.0.145-9618&alias=node145.di.rm1&noUDP&sock=startd_1869_8e98>
...
014 (290256.000.007) 2025-01-29 12:37:58 Node 7 executing on host: <192.168.0.139:9618?addrs=192.168.0.139-9618&alias=node139.di.rm1&noUDP&sock=startd_1966_1748>
...
014 (290256.000.006) 2025-01-29 12:37:58 Node 6 executing on host: <192.168.0.112:9618?addrs=192.168.0.112-9618&alias=node112.di.rm1&noUDP&sock=startd_2169_5502>
...
014 (290256.000.002) 2025-01-29 12:37:58 Node 2 executing on host: <192.168.0.123:9618?addrs=192.168.0.123-9618&alias=node123.di.rm1&noUDP&sock=startd_2149_9d1d>
...
014 (290256.000.000) 2025-01-29 12:37:58 Node 0 executing on host: <192.168.0.149:9618?addrs=192.168.0.149-9618&alias=node149.di.rm1&noUDP&sock=startd_1551_6f7a>
...
014 (290256.000.004) 2025-01-29 12:37:58 Node 4 executing on host: <192.168.0.143:9618?addrs=192.168.0.143-9618&alias=node143.di.rm1&noUDP&sock=startd_2061_40c7>
...
014 (290256.000.003) 2025-01-29 12:37:58 Node 3 executing on host: <192.168.0.142:9618?addrs=192.168.0.142-9618&alias=node142.di.rm1&noUDP&sock=startd_1996_ab1f>
...
001 (290256.000.000) 2025-01-29 12:37:58 Job executing on host: MPI_job
...
008 (290256.000.000) 2025-01-29 12:38:00 Launching orted on Node 1 of 8
...
008 (290256.000.000) 2025-01-29 12:38:00 Launching orted on Node 5 of 8
...
008 (290256.000.000) 2025-01-29 12:38:00 Launching orted on Node 7 of 8
...
008 (290256.000.000) 2025-01-29 12:38:00 Launching orted on Node 6 of 8
...
008 (290256.000.000) 2025-01-29 12:38:00 Launching orted on Node 2 of 8
...
008 (290256.000.000) 2025-01-29 12:38:00 Launching orted on Node 0 of 8
...
008 (290256.000.000) 2025-01-29 12:38:00 Launching orted on Node 4 of 8
...
008 (290256.000.000) 2025-01-29 12:38:00 Launching orted on Node 3 of 8
...
008 (290256.000.000) 2025-01-29 12:38:03 orted exited on Node 2 of 8
...
008 (290256.000.000) 2025-01-29 12:38:03 orted exited on Node 4 of 8
...
008 (290256.000.000) 2025-01-29 12:38:03 orted exited on Node 5 of 8
...
008 (290256.000.000) 2025-01-29 12:38:03 orted exited on Node 0 of 8
...
008 (290256.000.000) 2025-01-29 12:38:03 orted exited on Node 6 of 8
...
008 (290256.000.000) 2025-01-29 12:38:03 orted exited on Node 1 of 8
...
008 (290256.000.000) 2025-01-29 12:38:03 orted exited on Node 7 of 8
...
008 (290256.000.000) 2025-01-29 12:38:03 orted exited on Node 3 of 8
...
015 (290256.000.006) 2025-01-29 12:38:03 Node 6 terminated.
	(1) Normal termination (return value 0)
		Usr 0 00:00:11, Sys 0 00:00:05  -  Run Remote Usage
		Usr 0 00:00:00, Sys 0 00:00:00  -  Run Local Usage
		Usr 0 00:00:11, Sys 0 00:00:05  -  Total Remote Usage
		Usr 0 00:00:00, Sys 0 00:00:00  -  Total Local Usage
	2363  -  Run Bytes Sent By Node
	33791  -  Run Bytes Received By Node
	2363  -  Total Bytes Sent By Node
	33791  -  Total Bytes Received By Node
...
015 (290256.000.001) 2025-01-29 12:38:03 Node 1 terminated.
	(1) Normal termination (return value 0)
		Usr 0 00:00:11, Sys 0 00:00:05  -  Run Remote Usage
		Usr 0 00:00:00, Sys 0 00:00:00  -  Run Local Usage
		Usr 0 00:00:11, Sys 0 00:00:05  -  Total Remote Usage
		Usr 0 00:00:00, Sys 0 00:00:00  -  Total Local Usage
	2341  -  Run Bytes Sent By Node
	33791  -  Run Bytes Received By Node
	2341  -  Total Bytes Sent By Node
	33791  -  Total Bytes Received By Node
...
015 (290256.000.005) 2025-01-29 12:38:03 Node 5 terminated.
	(1) Normal termination (return value 0)
		Usr 0 00:00:11, Sys 0 00:00:06  -  Run Remote Usage
		Usr 0 00:00:00, Sys 0 00:00:00  -  Run Local Usage
		Usr 0 00:00:11, Sys 0 00:00:06  -  Total Remote Usage
		Usr 0 00:00:00, Sys 0 00:00:00  -  Total Local Usage
	2341  -  Run Bytes Sent By Node
	33791  -  Run Bytes Received By Node
	2341  -  Total Bytes Sent By Node
	33791  -  Total Bytes Received By Node
...
015 (290256.000.000) 2025-01-29 12:38:03 Node 0 terminated.
	(1) Normal termination (return value 0)
		Usr 0 00:00:00, Sys 0 00:00:00  -  Run Remote Usage
		Usr 0 00:00:00, Sys 0 00:00:00  -  Run Local Usage
		Usr 0 00:00:00, Sys 0 00:00:00  -  Total Remote Usage
		Usr 0 00:00:00, Sys 0 00:00:00  -  Total Local Usage
	3438  -  Run Bytes Sent By Node
	33791  -  Run Bytes Received By Node
	3438  -  Total Bytes Sent By Node
	33791  -  Total Bytes Received By Node
...
005 (290256.000.000) 2025-01-29 12:38:04 Job terminated.
	(1) Normal termination (return value 0)
		Usr 0 00:01:23, Sys 0 00:00:36  -  Run Remote Usage
		Usr 0 00:00:00, Sys 0 00:00:00  -  Run Local Usage
		Usr 0 00:00:00, Sys 0 00:00:00  -  Total Remote Usage
		Usr 0 00:00:00, Sys 0 00:00:00  -  Total Local Usage
	12824  -  Run Bytes Sent By Job
	270328  -  Run Bytes Received By Job
	12824  -  Total Bytes Sent By Job
	270328  -  Total Bytes Received By Job
	Partitionable Resources :    Usage  Request Allocated 
	   Cpus                 :                 8         8 
	   Disk (KB)            :       52       35    471944 
	   Memory (MB)          :        0        0       128 

	Job terminated of its own accord at 2025-01-29T12:38:03Z with exit-code 0.
...
