000 (273017.000.000) 2025-01-23 10:21:58 Job submitted from host: <192.168.0.102:9618?addrs=192.168.0.102-9618&alias=submitter&noUDP&sock=schedd_2032_5c88>
...
014 (273017.000.000) 2025-01-23 10:22:06 Node 0 executing on host: <192.168.0.146:9618?addrs=192.168.0.146-9618&alias=node146.di.rm1&noUDP&sock=startd_1984_6ffc>
...
014 (273017.000.003) 2025-01-23 10:22:06 Node 3 executing on host: <192.168.0.106:9618?addrs=192.168.0.106-9618&alias=node106.di.rm1&noUDP&sock=startd_1970_d5a9>
...
014 (273017.000.002) 2025-01-23 10:22:06 Node 2 executing on host: <192.168.0.151:9618?addrs=192.168.0.151-9618&alias=node151.di.rm1&noUDP&sock=startd_1528_a8cd>
...
014 (273017.000.001) 2025-01-23 10:22:06 Node 1 executing on host: <192.168.0.111:9618?addrs=192.168.0.111-9618&alias=node111.di.rm1&noUDP&sock=startd_2044_97ab>
...
001 (273017.000.000) 2025-01-23 10:22:06 Job executing on host: MPI_job
...
008 (273017.000.000) 2025-01-23 10:22:08 Launching orted on Node 0 of 4
...
008 (273017.000.000) 2025-01-23 10:22:08 Launching orted on Node 3 of 4
...
008 (273017.000.000) 2025-01-23 10:22:08 Launching orted on Node 2 of 4
...
008 (273017.000.000) 2025-01-23 10:22:08 Launching orted on Node 1 of 4
...
008 (273017.000.000) 2025-01-23 10:22:09 orted exited on Node 2 of 4
...
008 (273017.000.000) 2025-01-23 10:22:09 orted exited on Node 3 of 4
...
008 (273017.000.000) 2025-01-23 10:22:09 orted exited on Node 1 of 4
...
008 (273017.000.000) 2025-01-23 10:22:09 orted exited on Node 0 of 4
...
015 (273017.000.000) 2025-01-23 10:22:09 Node 0 terminated.
	(1) Normal termination (return value 0)
		Usr 0 00:00:00, Sys 0 00:00:01  -  Run Remote Usage
		Usr 0 00:00:00, Sys 0 00:00:00  -  Run Local Usage
		Usr 0 00:00:00, Sys 0 00:00:01  -  Total Remote Usage
		Usr 0 00:00:00, Sys 0 00:00:00  -  Total Local Usage
	3262  -  Run Bytes Sent By Node
	33639  -  Run Bytes Received By Node
	3262  -  Total Bytes Sent By Node
	33639  -  Total Bytes Received By Node
...
005 (273017.000.000) 2025-01-23 10:22:09 Job terminated.
	(1) Normal termination (return value 0)
		Usr 0 00:00:00, Sys 0 00:00:01  -  Run Remote Usage
		Usr 0 00:00:00, Sys 0 00:00:00  -  Run Local Usage
		Usr 0 00:00:00, Sys 0 00:00:01  -  Total Remote Usage
		Usr 0 00:00:00, Sys 0 00:00:00  -  Total Local Usage
	7614  -  Run Bytes Sent By Job
	134556  -  Run Bytes Received By Job
	7614  -  Total Bytes Sent By Job
	134556  -  Total Bytes Received By Job
	Partitionable Resources :    Usage  Request Allocated 
	   Cpus                 :                 1         2 
	   Disk (KB)            :       49       35 103077319 
	   Memory (MB)          :        0        1    100096 

	Job terminated of its own accord at 2025-01-23T10:22:09Z with exit-code 0.
...
000 (273928.000.000) 2025-01-23 11:27:00 Job submitted from host: <192.168.0.102:9618?addrs=192.168.0.102-9618&alias=submitter&noUDP&sock=schedd_2032_5c88>
...
014 (273928.000.000) 2025-01-23 11:27:08 Node 0 executing on host: <192.168.0.132:9618?addrs=192.168.0.132-9618&alias=node132.di.rm1&noUDP&sock=startd_1999_b9e8>
...
014 (273928.000.002) 2025-01-23 11:27:08 Node 2 executing on host: <192.168.0.113:9618?addrs=192.168.0.113-9618&alias=node113.di.rm1&noUDP&sock=startd_3668932_c305>
...
014 (273928.000.001) 2025-01-23 11:27:08 Node 1 executing on host: <192.168.0.108:9618?addrs=192.168.0.108-9618&alias=node108.di.rm1&noUDP&sock=startd_1979_0203>
...
014 (273928.000.003) 2025-01-23 11:27:08 Node 3 executing on host: <192.168.0.148:9618?addrs=192.168.0.148-9618&alias=node148.di.rm1&noUDP&sock=startd_1547_b119>
...
001 (273928.000.000) 2025-01-23 11:27:08 Job executing on host: MPI_job
...
008 (273928.000.000) 2025-01-23 11:27:10 Launching orted on Node 0 of 4
...
008 (273928.000.000) 2025-01-23 11:27:10 Launching orted on Node 2 of 4
...
008 (273928.000.000) 2025-01-23 11:27:10 Launching orted on Node 1 of 4
...
008 (273928.000.000) 2025-01-23 11:27:10 Launching orted on Node 3 of 4
...
008 (273928.000.000) 2025-01-23 11:27:11 orted exited on Node 3 of 4
...
008 (273928.000.000) 2025-01-23 11:27:11 orted exited on Node 0 of 4
...
008 (273928.000.000) 2025-01-23 11:27:11 orted exited on Node 1 of 4
...
008 (273928.000.000) 2025-01-23 11:27:11 orted exited on Node 2 of 4
...
015 (273928.000.000) 2025-01-23 11:27:11 Node 0 terminated.
	(1) Normal termination (return value 0)
		Usr 0 00:00:00, Sys 0 00:00:00  -  Run Remote Usage
		Usr 0 00:00:00, Sys 0 00:00:00  -  Run Local Usage
		Usr 0 00:00:00, Sys 0 00:00:00  -  Total Remote Usage
		Usr 0 00:00:00, Sys 0 00:00:00  -  Total Local Usage
	3262  -  Run Bytes Sent By Node
	33639  -  Run Bytes Received By Node
	3262  -  Total Bytes Sent By Node
	33639  -  Total Bytes Received By Node
...
005 (273928.000.000) 2025-01-23 11:27:11 Job terminated.
	(1) Normal termination (return value 0)
		Usr 0 00:00:01, Sys 0 00:00:00  -  Run Remote Usage
		Usr 0 00:00:00, Sys 0 00:00:00  -  Run Local Usage
		Usr 0 00:00:00, Sys 0 00:00:00  -  Total Remote Usage
		Usr 0 00:00:00, Sys 0 00:00:00  -  Total Local Usage
	3262  -  Run Bytes Sent By Job
	134556  -  Run Bytes Received By Job
	3262  -  Total Bytes Sent By Job
	134556  -  Total Bytes Received By Job
	Partitionable Resources :    Usage  Request Allocated 
	   Cpus                 :                 1         2 
	   Disk (KB)            :       49       35 103028807 
	   Memory (MB)          :        0        0    100096 

	Job terminated of its own accord at 2025-01-23T11:27:11Z with exit-code 0.
...
000 (278675.000.000) 2025-01-24 09:17:27 Job submitted from host: <192.168.0.102:9618?addrs=192.168.0.102-9618&alias=submitter&noUDP&sock=schedd_2032_5c88>
...
014 (278675.000.003) 2025-01-24 09:17:35 Node 3 executing on host: <192.168.0.115:9618?addrs=192.168.0.115-9618&alias=node115.di.rm1&noUDP&sock=startd_1101621_f4a0>
...
014 (278675.000.000) 2025-01-24 09:17:35 Node 0 executing on host: <192.168.0.134:9618?addrs=192.168.0.134-9618&alias=node134.di.rm1&noUDP&sock=startd_2073_7bea>
...
014 (278675.000.002) 2025-01-24 09:17:35 Node 2 executing on host: <192.168.0.135:9618?addrs=192.168.0.135-9618&alias=node135.di.rm1&noUDP&sock=startd_2000_6980>
...
014 (278675.000.001) 2025-01-24 09:17:35 Node 1 executing on host: <192.168.0.149:9618?addrs=192.168.0.149-9618&alias=node149.di.rm1&noUDP&sock=startd_1551_6f7a>
...
001 (278675.000.000) 2025-01-24 09:17:35 Job executing on host: MPI_job
...
008 (278675.000.000) 2025-01-24 09:17:37 Launching orted on Node 3 of 4
...
008 (278675.000.000) 2025-01-24 09:17:37 Launching orted on Node 0 of 4
...
008 (278675.000.000) 2025-01-24 09:17:37 Launching orted on Node 2 of 4
...
008 (278675.000.000) 2025-01-24 09:17:37 Launching orted on Node 1 of 4
...
008 (278675.000.000) 2025-01-24 09:17:38 orted exited on Node 2 of 4
...
008 (278675.000.000) 2025-01-24 09:17:38 orted exited on Node 3 of 4
...
008 (278675.000.000) 2025-01-24 09:17:38 orted exited on Node 0 of 4
...
008 (278675.000.000) 2025-01-24 09:17:38 orted exited on Node 1 of 4
...
015 (278675.000.003) 2025-01-24 09:17:38 Node 3 terminated.
	(1) Normal termination (return value 0)
		Usr 0 00:00:00, Sys 0 00:00:00  -  Run Remote Usage
		Usr 0 00:00:00, Sys 0 00:00:00  -  Run Local Usage
		Usr 0 00:00:00, Sys 0 00:00:00  -  Total Remote Usage
		Usr 0 00:00:00, Sys 0 00:00:00  -  Total Local Usage
	2165  -  Run Bytes Sent By Node
	33639  -  Run Bytes Received By Node
	2165  -  Total Bytes Sent By Node
	33639  -  Total Bytes Received By Node
...
015 (278675.000.000) 2025-01-24 09:17:38 Node 0 terminated.
	(1) Normal termination (return value 0)
		Usr 0 00:00:00, Sys 0 00:00:00  -  Run Remote Usage
		Usr 0 00:00:00, Sys 0 00:00:00  -  Run Local Usage
		Usr 0 00:00:00, Sys 0 00:00:00  -  Total Remote Usage
		Usr 0 00:00:00, Sys 0 00:00:00  -  Total Local Usage
	3256  -  Run Bytes Sent By Node
	33639  -  Run Bytes Received By Node
	3256  -  Total Bytes Sent By Node
	33639  -  Total Bytes Received By Node
...
005 (278675.000.000) 2025-01-24 09:17:38 Job terminated.
	(1) Normal termination (return value 0)
		Usr 0 00:00:00, Sys 0 00:00:00  -  Run Remote Usage
		Usr 0 00:00:00, Sys 0 00:00:00  -  Run Local Usage
		Usr 0 00:00:00, Sys 0 00:00:00  -  Total Remote Usage
		Usr 0 00:00:00, Sys 0 00:00:00  -  Total Local Usage
	5421  -  Run Bytes Sent By Job
	134556  -  Run Bytes Received By Job
	5421  -  Total Bytes Sent By Job
	134556  -  Total Bytes Received By Job
	Partitionable Resources :    Usage  Request Allocated 
	   Cpus                 :                 1         2 
	   Disk (KB)            :       49       35 102912899 
	   Memory (MB)          :        0        0    100096 

	Job terminated of its own accord at 2025-01-24T09:17:38Z with exit-code 0.
...
