000 (281061.000.000) 2025-01-25 18:47:07 Job submitted from host: <192.168.0.102:9618?addrs=192.168.0.102-9618&alias=submitter&noUDP&sock=schedd_2032_5c88>
...
014 (281061.000.000) 2025-01-25 18:47:14 Node 0 executing on host: <192.168.0.106:9618?addrs=192.168.0.106-9618&alias=node106.di.rm1&noUDP&sock=startd_1970_d5a9>
...
014 (281061.000.003) 2025-01-25 18:47:14 Node 3 executing on host: <192.168.0.106:9618?addrs=192.168.0.106-9618&alias=node106.di.rm1&noUDP&sock=startd_1970_d5a9>
...
014 (281061.000.002) 2025-01-25 18:47:14 Node 2 executing on host: <192.168.0.130:9618?addrs=192.168.0.130-9618&alias=node130.di.rm1&noUDP&sock=startd_2751195_838e>
...
014 (281061.000.001) 2025-01-25 18:47:14 Node 1 executing on host: <192.168.0.110:9618?addrs=192.168.0.110-9618&alias=node110.di.rm1&noUDP&sock=startd_2185_4e86>
...
001 (281061.000.000) 2025-01-25 18:47:14 Job executing on host: MPI_job
...
008 (281061.000.000) 2025-01-25 18:47:16 Launching orted on Node 2 of 4
...
008 (281061.000.000) 2025-01-25 18:47:16 Launching orted on Node 0 of 4
...
008 (281061.000.000) 2025-01-25 18:47:16 Launching orted on Node 3 of 4
...
008 (281061.000.000) 2025-01-25 18:47:17 Launching orted on Node 1 of 4
...
008 (281061.000.000) 2025-01-25 18:48:25 orted exited on Node 2 of 4
...
008 (281061.000.000) 2025-01-25 18:48:25 orted exited on Node 3 of 4
...
008 (281061.000.000) 2025-01-25 18:48:25 orted exited on Node 0 of 4
...
008 (281061.000.000) 2025-01-25 18:48:25 orted exited on Node 1 of 4
...
015 (281061.000.002) 2025-01-25 18:48:25 Node 2 terminated.
	(1) Normal termination (return value 0)
		Usr 0 00:01:07, Sys 0 00:00:01  -  Run Remote Usage
		Usr 0 00:00:00, Sys 0 00:00:00  -  Run Local Usage
		Usr 0 00:01:07, Sys 0 00:00:01  -  Total Remote Usage
		Usr 0 00:00:00, Sys 0 00:00:00  -  Total Local Usage
	2165  -  Run Bytes Sent By Node
	33639  -  Run Bytes Received By Node
	2165  -  Total Bytes Sent By Node
	33639  -  Total Bytes Received By Node
...
015 (281061.000.003) 2025-01-25 18:48:25 Node 3 terminated.
	(1) Normal termination (return value 0)
		Usr 0 00:01:08, Sys 0 00:00:01  -  Run Remote Usage
		Usr 0 00:00:00, Sys 0 00:00:00  -  Run Local Usage
		Usr 0 00:01:08, Sys 0 00:00:01  -  Total Remote Usage
		Usr 0 00:00:00, Sys 0 00:00:00  -  Total Local Usage
	0  -  Run Bytes Sent By Node
	33639  -  Run Bytes Received By Node
	0  -  Total Bytes Sent By Node
	33639  -  Total Bytes Received By Node
...
015 (281061.000.000) 2025-01-25 18:48:25 Node 0 terminated.
	(1) Normal termination (return value 0)
		Usr 0 00:00:00, Sys 0 00:00:00  -  Run Remote Usage
		Usr 0 00:00:00, Sys 0 00:00:00  -  Run Local Usage
		Usr 0 00:00:00, Sys 0 00:00:00  -  Total Remote Usage
		Usr 0 00:00:00, Sys 0 00:00:00  -  Total Local Usage
	3729  -  Run Bytes Sent By Node
	33639  -  Run Bytes Received By Node
	3729  -  Total Bytes Sent By Node
	33639  -  Total Bytes Received By Node
...
005 (281061.000.000) 2025-01-25 18:48:25 Job terminated.
	(1) Normal termination (return value 0)
		Usr 0 00:03:23, Sys 0 00:00:02  -  Run Remote Usage
		Usr 0 00:00:00, Sys 0 00:00:00  -  Run Local Usage
		Usr 0 00:00:00, Sys 0 00:00:00  -  Total Remote Usage
		Usr 0 00:00:00, Sys 0 00:00:00  -  Total Local Usage
	5894  -  Run Bytes Sent By Job
	134556  -  Run Bytes Received By Job
	5894  -  Total Bytes Sent By Job
	134556  -  Total Bytes Received By Job
	Partitionable Resources :    Usage  Request Allocated 
	   Cpus                 :                 1         2 
	   Disk (KB)            :       50       35 102706401 
	   Memory (MB)          :       36       24    100096 

	Job terminated of its own accord at 2025-01-25T18:48:25Z with exit-code 0.
...
000 (288273.000.000) 2025-01-28 19:13:12 Job submitted from host: <192.168.0.102:9618?addrs=192.168.0.102-9618&alias=submitter&noUDP&sock=schedd_2032_5c88>
...
014 (288273.000.002) 2025-01-28 19:13:23 Node 2 executing on host: <192.168.0.122:9618?addrs=192.168.0.122-9618&alias=node122.di.rm1&noUDP&sock=startd_2134_5331>
...
014 (288273.000.000) 2025-01-28 19:13:23 Node 0 executing on host: <192.168.0.112:9618?addrs=192.168.0.112-9618&alias=node112.di.rm1&noUDP&sock=startd_2169_5502>
...
014 (288273.000.003) 2025-01-28 19:13:23 Node 3 executing on host: <192.168.0.133:9618?addrs=192.168.0.133-9618&alias=node133.di.rm1&noUDP&sock=startd_1941_f16a>
...
014 (288273.000.001) 2025-01-28 19:13:23 Node 1 executing on host: <192.168.0.113:9618?addrs=192.168.0.113-9618&alias=node113.di.rm1&noUDP&sock=startd_3668932_c305>
...
001 (288273.000.000) 2025-01-28 19:13:23 Job executing on host: MPI_job
...
008 (288273.000.000) 2025-01-28 19:13:25 Launching orted on Node 2 of 4
...
008 (288273.000.000) 2025-01-28 19:13:25 Launching orted on Node 0 of 4
...
008 (288273.000.000) 2025-01-28 19:13:25 Launching orted on Node 1 of 4
...
008 (288273.000.000) 2025-01-28 19:13:25 Launching orted on Node 3 of 4
...
008 (288273.000.000) 2025-01-28 19:14:32 orted exited on Node 1 of 4
...
008 (288273.000.000) 2025-01-28 19:14:32 orted exited on Node 3 of 4
...
008 (288273.000.000) 2025-01-28 19:14:32 orted exited on Node 0 of 4
...
008 (288273.000.000) 2025-01-28 19:14:32 orted exited on Node 2 of 4
...
015 (288273.000.000) 2025-01-28 19:14:32 Node 0 terminated.
	(1) Normal termination (return value 0)
		Usr 0 00:00:00, Sys 0 00:00:01  -  Run Remote Usage
		Usr 0 00:00:00, Sys 0 00:00:00  -  Run Local Usage
		Usr 0 00:00:00, Sys 0 00:00:01  -  Total Remote Usage
		Usr 0 00:00:00, Sys 0 00:00:00  -  Total Local Usage
	3773  -  Run Bytes Sent By Node
	33631  -  Run Bytes Received By Node
	3773  -  Total Bytes Sent By Node
	33631  -  Total Bytes Received By Node
...
005 (288273.000.000) 2025-01-28 19:14:32 Job terminated.
	(1) Normal termination (return value 0)
		Usr 0 00:03:19, Sys 0 00:00:02  -  Run Remote Usage
		Usr 0 00:00:00, Sys 0 00:00:00  -  Run Local Usage
		Usr 0 00:00:00, Sys 0 00:00:01  -  Total Remote Usage
		Usr 0 00:00:00, Sys 0 00:00:00  -  Total Local Usage
	3773  -  Run Bytes Sent By Job
	134524  -  Run Bytes Received By Job
	3773  -  Total Bytes Sent By Job
	134524  -  Total Bytes Received By Job
	Partitionable Resources :    Usage  Request Allocated 
	   Cpus                 :     1.00        1         2 
	   Disk (KB)            :    59          35 102912356 
	   GPUs                 :                           0 
	   Memory (MB)          :    36          20    100096 

	Job terminated of its own accord at 2025-01-28T19:14:32Z with exit-code 0.
...
