000 (279217.000.000) 2025-01-24 10:22:54 Job submitted from host: <192.168.0.102:9618?addrs=192.168.0.102-9618&alias=submitter&noUDP&sock=schedd_2032_5c88>
...
014 (279217.000.000) 2025-01-24 10:22:56 Node 0 executing on host: <192.168.0.149:9618?addrs=192.168.0.149-9618&alias=node149.di.rm1&noUDP&sock=startd_1551_6f7a>
...
014 (279217.000.004) 2025-01-24 10:22:56 Node 4 executing on host: <192.168.0.133:9618?addrs=192.168.0.133-9618&alias=node133.di.rm1&noUDP&sock=startd_1941_f16a>
...
014 (279217.000.002) 2025-01-24 10:22:57 Node 2 executing on host: <192.168.0.141:9618?addrs=192.168.0.141-9618&alias=node141.di.rm1&noUDP&sock=startd_2077_3a4b>
...
014 (279217.000.001) 2025-01-24 10:22:57 Node 1 executing on host: <192.168.0.123:9618?addrs=192.168.0.123-9618&alias=node123.di.rm1&noUDP&sock=startd_2149_9d1d>
...
014 (279217.000.006) 2025-01-24 10:22:57 Node 6 executing on host: <192.168.0.139:9618?addrs=192.168.0.139-9618&alias=node139.di.rm1&noUDP&sock=startd_1966_1748>
...
014 (279217.000.003) 2025-01-24 10:22:57 Node 3 executing on host: <192.168.0.124:9618?addrs=192.168.0.124-9618&alias=node124.di.rm1&noUDP&sock=startd_2143_7f8b>
...
014 (279217.000.007) 2025-01-24 10:22:57 Node 7 executing on host: <192.168.0.104:9618?addrs=192.168.0.104-9618&alias=node104.di.rm1&noUDP&sock=startd_1987_7ec5>
...
014 (279217.000.005) 2025-01-24 10:22:57 Node 5 executing on host: <192.168.0.109:9618?addrs=192.168.0.109-9618&alias=node109.di.rm1&noUDP&sock=startd_1627_90ad>
...
001 (279217.000.000) 2025-01-24 10:22:57 Job executing on host: MPI_job
...
008 (279217.000.000) 2025-01-24 10:22:59 Launching orted on Node 0 of 8
...
008 (279217.000.000) 2025-01-24 10:22:59 Launching orted on Node 4 of 8
...
008 (279217.000.000) 2025-01-24 10:22:59 Launching orted on Node 2 of 8
...
008 (279217.000.000) 2025-01-24 10:22:59 Launching orted on Node 6 of 8
...
008 (279217.000.000) 2025-01-24 10:22:59 Launching orted on Node 1 of 8
...
008 (279217.000.000) 2025-01-24 10:22:59 Launching orted on Node 3 of 8
...
008 (279217.000.000) 2025-01-24 10:22:59 Launching orted on Node 7 of 8
...
008 (279217.000.000) 2025-01-24 10:22:59 Launching orted on Node 5 of 8
...
008 (279217.000.000) 2025-01-24 10:23:43 orted exited on Node 1 of 8
...
008 (279217.000.000) 2025-01-24 10:23:43 orted exited on Node 0 of 8
...
008 (279217.000.000) 2025-01-24 10:23:43 orted exited on Node 2 of 8
...
008 (279217.000.000) 2025-01-24 10:23:43 orted exited on Node 3 of 8
...
008 (279217.000.000) 2025-01-24 10:23:43 orted exited on Node 4 of 8
...
008 (279217.000.000) 2025-01-24 10:23:43 orted exited on Node 5 of 8
...
008 (279217.000.000) 2025-01-24 10:23:43 orted exited on Node 6 of 8
...
008 (279217.000.000) 2025-01-24 10:23:43 orted exited on Node 7 of 8
...
015 (279217.000.000) 2025-01-24 10:23:43 Node 0 terminated.
	(1) Normal termination (return value 0)
		Usr 0 00:00:06, Sys 0 00:00:00  -  Run Remote Usage
		Usr 0 00:00:00, Sys 0 00:00:00  -  Run Local Usage
		Usr 0 00:00:06, Sys 0 00:00:00  -  Total Remote Usage
		Usr 0 00:00:00, Sys 0 00:00:00  -  Total Local Usage
	3731  -  Run Bytes Sent By Node
	33639  -  Run Bytes Received By Node
	3731  -  Total Bytes Sent By Node
	33639  -  Total Bytes Received By Node
...
005 (279217.000.000) 2025-01-24 10:23:43 Job terminated.
	(1) Normal termination (return value 0)
		Usr 0 00:05:03, Sys 0 00:00:09  -  Run Remote Usage
		Usr 0 00:00:00, Sys 0 00:00:00  -  Run Local Usage
		Usr 0 00:00:06, Sys 0 00:00:00  -  Total Remote Usage
		Usr 0 00:00:00, Sys 0 00:00:00  -  Total Local Usage
	3731  -  Run Bytes Sent By Job
	269112  -  Run Bytes Received By Job
	3731  -  Total Bytes Sent By Job
	269112  -  Total Bytes Received By Job
	Partitionable Resources :    Usage  Request Allocated 
	   Cpus                 :                 1         2 
	   Disk (KB)            :       50       35 102883670 
	   Memory (MB)          :      286      357    100096 

	Job terminated of its own accord at 2025-01-24T10:23:43Z with exit-code 0.
...
000 (287535.000.000) 2025-01-28 17:20:44 Job submitted from host: <192.168.0.102:9618?addrs=192.168.0.102-9618&alias=submitter&noUDP&sock=schedd_2032_5c88>
...
014 (287535.000.002) 2025-01-28 17:20:47 Node 2 executing on host: <192.168.0.104:9618?addrs=192.168.0.104-9618&alias=node104.di.rm1&noUDP&sock=startd_1987_7ec5>
...
014 (287535.000.001) 2025-01-28 17:20:47 Node 1 executing on host: <192.168.0.139:9618?addrs=192.168.0.139-9618&alias=node139.di.rm1&noUDP&sock=startd_1966_1748>
...
014 (287535.000.003) 2025-01-28 17:20:47 Node 3 executing on host: <192.168.0.134:9618?addrs=192.168.0.134-9618&alias=node134.di.rm1&noUDP&sock=startd_2073_7bea>
...
014 (287535.000.004) 2025-01-28 17:20:47 Node 4 executing on host: <192.168.0.113:9618?addrs=192.168.0.113-9618&alias=node113.di.rm1&noUDP&sock=startd_3668932_c305>
...
014 (287535.000.000) 2025-01-28 17:20:47 Node 0 executing on host: <192.168.0.124:9618?addrs=192.168.0.124-9618&alias=node124.di.rm1&noUDP&sock=startd_2143_7f8b>
...
014 (287535.000.005) 2025-01-28 17:20:47 Node 5 executing on host: <192.168.0.143:9618?addrs=192.168.0.143-9618&alias=node143.di.rm1&noUDP&sock=startd_2061_40c7>
...
014 (287535.000.007) 2025-01-28 17:20:47 Node 7 executing on host: <192.168.0.148:9618?addrs=192.168.0.148-9618&alias=node148.di.rm1&noUDP&sock=startd_1547_b119>
...
014 (287535.000.006) 2025-01-28 17:20:47 Node 6 executing on host: <192.168.0.124:9618?addrs=192.168.0.124-9618&alias=node124.di.rm1&noUDP&sock=startd_2143_7f8b>
...
001 (287535.000.000) 2025-01-28 17:20:47 Job executing on host: MPI_job
...
008 (287535.000.000) 2025-01-28 17:20:49 Launching orted on Node 2 of 8
...
008 (287535.000.000) 2025-01-28 17:20:49 Launching orted on Node 1 of 8
...
008 (287535.000.000) 2025-01-28 17:20:49 Launching orted on Node 3 of 8
...
008 (287535.000.000) 2025-01-28 17:20:49 Launching orted on Node 7 of 8
...
008 (287535.000.000) 2025-01-28 17:20:49 Launching orted on Node 5 of 8
...
008 (287535.000.000) 2025-01-28 17:20:49 Launching orted on Node 0 of 8
...
008 (287535.000.000) 2025-01-28 17:20:49 Launching orted on Node 4 of 8
...
008 (287535.000.000) 2025-01-28 17:20:49 Launching orted on Node 6 of 8
...
008 (287535.000.000) 2025-01-28 17:21:33 orted exited on Node 2 of 8
...
008 (287535.000.000) 2025-01-28 17:21:33 orted exited on Node 7 of 8
...
008 (287535.000.000) 2025-01-28 17:21:33 orted exited on Node 1 of 8
...
008 (287535.000.000) 2025-01-28 17:21:33 orted exited on Node 3 of 8
...
008 (287535.000.000) 2025-01-28 17:21:33 orted exited on Node 5 of 8
...
008 (287535.000.000) 2025-01-28 17:21:33 orted exited on Node 4 of 8
...
008 (287535.000.000) 2025-01-28 17:21:33 orted exited on Node 0 of 8
...
008 (287535.000.000) 2025-01-28 17:21:33 orted exited on Node 6 of 8
...
015 (287535.000.002) 2025-01-28 17:21:33 Node 2 terminated.
	(1) Normal termination (return value 0)
		Usr 0 00:00:42, Sys 0 00:00:02  -  Run Remote Usage
		Usr 0 00:00:00, Sys 0 00:00:00  -  Run Local Usage
		Usr 0 00:00:42, Sys 0 00:00:02  -  Total Remote Usage
		Usr 0 00:00:00, Sys 0 00:00:00  -  Total Local Usage
	2165  -  Run Bytes Sent By Node
	33591  -  Run Bytes Received By Node
	2165  -  Total Bytes Sent By Node
	33591  -  Total Bytes Received By Node
...
015 (287535.000.007) 2025-01-28 17:21:33 Node 7 terminated.
	(1) Normal termination (return value 0)
		Usr 0 00:00:41, Sys 0 00:00:01  -  Run Remote Usage
		Usr 0 00:00:00, Sys 0 00:00:00  -  Run Local Usage
		Usr 0 00:00:41, Sys 0 00:00:01  -  Total Remote Usage
		Usr 0 00:00:00, Sys 0 00:00:00  -  Total Local Usage
	2165  -  Run Bytes Sent By Node
	33591  -  Run Bytes Received By Node
	2165  -  Total Bytes Sent By Node
	33591  -  Total Bytes Received By Node
...
015 (287535.000.001) 2025-01-28 17:21:33 Node 1 terminated.
	(1) Normal termination (return value 0)
		Usr 0 00:00:42, Sys 0 00:00:02  -  Run Remote Usage
		Usr 0 00:00:00, Sys 0 00:00:00  -  Run Local Usage
		Usr 0 00:00:42, Sys 0 00:00:02  -  Total Remote Usage
		Usr 0 00:00:00, Sys 0 00:00:00  -  Total Local Usage
	2165  -  Run Bytes Sent By Node
	33591  -  Run Bytes Received By Node
	2165  -  Total Bytes Sent By Node
	33591  -  Total Bytes Received By Node
...
015 (287535.000.003) 2025-01-28 17:21:33 Node 3 terminated.
	(1) Normal termination (return value 0)
		Usr 0 00:00:42, Sys 0 00:00:02  -  Run Remote Usage
		Usr 0 00:00:00, Sys 0 00:00:00  -  Run Local Usage
		Usr 0 00:00:42, Sys 0 00:00:02  -  Total Remote Usage
		Usr 0 00:00:00, Sys 0 00:00:00  -  Total Local Usage
	2165  -  Run Bytes Sent By Node
	33591  -  Run Bytes Received By Node
	2165  -  Total Bytes Sent By Node
	33591  -  Total Bytes Received By Node
...
015 (287535.000.005) 2025-01-28 17:21:33 Node 5 terminated.
	(1) Normal termination (return value 0)
		Usr 0 00:00:41, Sys 0 00:00:01  -  Run Remote Usage
		Usr 0 00:00:00, Sys 0 00:00:00  -  Run Local Usage
		Usr 0 00:00:41, Sys 0 00:00:01  -  Total Remote Usage
		Usr 0 00:00:00, Sys 0 00:00:00  -  Total Local Usage
	2165  -  Run Bytes Sent By Node
	33591  -  Run Bytes Received By Node
	2165  -  Total Bytes Sent By Node
	33591  -  Total Bytes Received By Node
...
015 (287535.000.004) 2025-01-28 17:21:33 Node 4 terminated.
	(1) Normal termination (return value 0)
		Usr 0 00:00:42, Sys 0 00:00:02  -  Run Remote Usage
		Usr 0 00:00:00, Sys 0 00:00:00  -  Run Local Usage
		Usr 0 00:00:42, Sys 0 00:00:02  -  Total Remote Usage
		Usr 0 00:00:00, Sys 0 00:00:00  -  Total Local Usage
	2187  -  Run Bytes Sent By Node
	33591  -  Run Bytes Received By Node
	2187  -  Total Bytes Sent By Node
	33591  -  Total Bytes Received By Node
...
015 (287535.000.000) 2025-01-28 17:21:33 Node 0 terminated.
	(1) Normal termination (return value 0)
		Usr 0 00:00:00, Sys 0 00:00:00  -  Run Remote Usage
		Usr 0 00:00:00, Sys 0 00:00:00  -  Run Local Usage
		Usr 0 00:00:00, Sys 0 00:00:00  -  Total Remote Usage
		Usr 0 00:00:00, Sys 0 00:00:00  -  Total Local Usage
	3306  -  Run Bytes Sent By Node
	33591  -  Run Bytes Received By Node
	3306  -  Total Bytes Sent By Node
	33591  -  Total Bytes Received By Node
...
005 (287535.000.000) 2025-01-28 17:21:33 Job terminated.
	(1) Normal termination (return value 0)
		Usr 0 00:04:51, Sys 0 00:00:11  -  Run Remote Usage
		Usr 0 00:00:00, Sys 0 00:00:00  -  Run Local Usage
		Usr 0 00:00:00, Sys 0 00:00:00  -  Total Remote Usage
		Usr 0 00:00:00, Sys 0 00:00:00  -  Total Local Usage
	16340  -  Run Bytes Sent By Job
	268728  -  Run Bytes Received By Job
	16340  -  Total Bytes Sent By Job
	268728  -  Total Bytes Received By Job
	Partitionable Resources :    Usage  Request Allocated 
	   Cpus                 :                 1         2 
	   Disk (KB)            :       52       35 102856100 
	   GPUs                 :                           0 
	   Memory (MB)          :      296      312    100096 

	Job terminated of its own accord at 2025-01-28T17:21:33Z with exit-code 0.
...
