000 (263467.000.000) 2025-01-17 11:20:54 Job submitted from host: <192.168.0.102:9618?addrs=192.168.0.102-9618&alias=submitter&noUDP&sock=schedd_2032_5c88>
...
001 (263467.000.000) 2025-01-17 11:20:55 Job executing on host: <192.168.0.123:9618?addrs=192.168.0.123-9618&alias=node123.di.rm1&noUDP&sock=startd_2149_9d1d>
...
006 (263467.000.000) 2025-01-17 11:21:04 Image size of job updated: 438812
	428  -  MemoryUsage of job (MB)
	438152  -  ResidentSetSize of job (KB)
...
006 (263467.000.000) 2025-01-17 11:26:05 Image size of job updated: 11900544
	11617  -  MemoryUsage of job (MB)
	11895016  -  ResidentSetSize of job (KB)
...
006 (263467.000.000) 2025-01-17 11:32:40 Image size of job updated: 17585852
	17020  -  MemoryUsage of job (MB)
	17428288  -  ResidentSetSize of job (KB)
...
006 (263467.000.000) 2025-01-17 11:33:22 Image size of job updated: 17786256
	17020  -  MemoryUsage of job (MB)
	17428288  -  ResidentSetSize of job (KB)
...
004 (263467.000.000) 2025-01-17 11:33:22 Job was evicted.
	(0) CPU times
		Usr 0 00:07:40, Sys 0 00:03:49  -  Run Remote Usage
		Usr 0 00:00:00, Sys 0 00:00:00  -  Run Local Usage
	0  -  Run Bytes Sent By Job
	0  -  Run Bytes Received By Job
	Partitionable Resources :    Usage  Request Allocated 
	   Cpus                 :     1.03        1         1 
	   Disk (KB)            :    27          27    499900 
	   Gpus (Average)       :                 0         0 
	   Memory (MB)          : 17020           1       128 
...
009 (263467.000.000) 2025-01-17 11:33:22 Job was aborted.
	via condor_rm (by user calzona_2046920)
...
