000 (262584.000.000) 2025-01-17 11:14:15 Job submitted from host: <192.168.0.102:9618?addrs=192.168.0.102-9618&alias=submitter&noUDP&sock=schedd_2032_5c88>
...
001 (262584.000.000) 2025-01-17 11:14:33 Job executing on host: <192.168.0.143:9618?addrs=192.168.0.143-9618&alias=node143.di.rm1&noUDP&sock=startd_2061_40c7>
...
006 (262584.000.000) 2025-01-17 11:14:42 Image size of job updated: 268632
	259  -  MemoryUsage of job (MB)
	264660  -  ResidentSetSize of job (KB)
...
005 (262584.000.000) 2025-01-17 11:14:44 Job terminated.
	(1) Normal termination (return value 0)
		Usr 0 00:00:10, Sys 0 00:00:00  -  Run Remote Usage
		Usr 0 00:00:00, Sys 0 00:00:00  -  Run Local Usage
		Usr 0 00:00:10, Sys 0 00:00:00  -  Total Remote Usage
		Usr 0 00:00:00, Sys 0 00:00:00  -  Total Local Usage
	0  -  Run Bytes Sent By Job
	0  -  Run Bytes Received By Job
	0  -  Total Bytes Sent By Job
	0  -  Total Bytes Received By Job
	Partitionable Resources :    Usage  Request Allocated 
	   Cpus                 :                 1         1 
	   Disk (KB)            :       27       27    459633 
	   Memory (MB)          :      259        1       128 

	Job terminated of its own accord at 2025-01-17T11:14:44Z with exit-code 0.
...
