000 (271716.000.000) 2025-01-22 01:26:32 Job submitted from host: <192.168.0.102:9618?addrs=192.168.0.102-9618&alias=submitter&noUDP&sock=schedd_2032_5c88>
...
001 (271716.000.000) 2025-01-22 01:26:33 Job executing on host: <192.168.0.147:9618?addrs=192.168.0.147-9618&alias=node147.di.rm1&noUDP&sock=startd_1513_5ee1>
...
006 (271716.000.000) 2025-01-22 01:26:42 Image size of job updated: 1388380
	422  -  MemoryUsage of job (MB)
	431904  -  ResidentSetSize of job (KB)
...
006 (271716.000.000) 2025-01-22 01:27:34 Image size of job updated: 3642152
	424  -  MemoryUsage of job (MB)
	433224  -  ResidentSetSize of job (KB)
...
004 (271716.000.000) 2025-01-22 01:27:34 Job was evicted.
	(0) CPU times
		Usr 0 00:00:58, Sys 0 00:00:01  -  Run Remote Usage
		Usr 0 00:00:00, Sys 0 00:00:00  -  Run Local Usage
	0  -  Run Bytes Sent By Job
	0  -  Run Bytes Received By Job
	Partitionable Resources :    Usage  Request Allocated 
	   Cpus                 :                 1         1 
	   Disk (KB)            :       27       27    469805 
	   Memory (MB)          :      424        1       128 
...
009 (271716.000.000) 2025-01-22 01:27:34 Job was aborted.
	via condor_rm (by user calzona_2046920)
...
000 (277870.000.000) 2025-01-24 07:26:30 Job submitted from host: <192.168.0.102:9618?addrs=192.168.0.102-9618&alias=submitter&noUDP&sock=schedd_2032_5c88>
...
001 (277870.000.000) 2025-01-24 07:26:30 Job executing on host: <192.168.0.147:9618?addrs=192.168.0.147-9618&alias=node147.di.rm1&noUDP&sock=startd_1513_5ee1>
...
006 (277870.000.000) 2025-01-24 07:26:39 Image size of job updated: 481272
	470  -  MemoryUsage of job (MB)
	481272  -  ResidentSetSize of job (KB)
...
006 (277870.000.000) 2025-01-24 07:28:31 Image size of job updated: 7083936
	470  -  MemoryUsage of job (MB)
	481272  -  ResidentSetSize of job (KB)
...
004 (277870.000.000) 2025-01-24 07:28:31 Job was evicted.
	(0) CPU times
		Usr 0 00:01:58, Sys 0 00:00:02  -  Run Remote Usage
		Usr 0 00:00:00, Sys 0 00:00:00  -  Run Local Usage
	0  -  Run Bytes Sent By Job
	0  -  Run Bytes Received By Job
	Partitionable Resources :    Usage  Request Allocated 
	   Cpus                 :     1.00        1         1 
	   Disk (KB)            :    27          27    469805 
	   Memory (MB)          :   470           1       128 
...
009 (277870.000.000) 2025-01-24 07:28:32 Job was aborted.
	via condor_rm (by user calzona_2046920)
...
