000 (295350.000.000) 2025-01-31 02:00:50 Job submitted from host: <192.168.0.102:9618?addrs=192.168.0.102-9618&alias=submitter&noUDP&sock=schedd_4045053_7bc0>
...
014 (295350.000.000) 2025-01-31 02:00:57 Node 0 executing on host: <192.168.0.146:9618?addrs=192.168.0.146-9618&alias=node146.di.rm1&noUDP&sock=startd_1984_6ffc>
...
014 (295350.000.001) 2025-01-31 02:00:57 Node 1 executing on host: <192.168.0.111:9618?addrs=192.168.0.111-9618&alias=node111.di.rm1&noUDP&sock=startd_2044_97ab>
...
014 (295350.000.002) 2025-01-31 02:00:57 Node 2 executing on host: <192.168.0.111:9618?addrs=192.168.0.111-9618&alias=node111.di.rm1&noUDP&sock=startd_2044_97ab>
...
014 (295350.000.003) 2025-01-31 02:00:58 Node 3 executing on host: <192.168.0.151:9618?addrs=192.168.0.151-9618&alias=node151.di.rm1&noUDP&sock=startd_1528_a8cd>
...
001 (295350.000.000) 2025-01-31 02:00:58 Job executing on host: MPI_job
...
008 (295350.000.000) 2025-01-31 02:01:00 Launching orted on Node 0 of 4
...
008 (295350.000.000) 2025-01-31 02:01:00 Launching orted on Node 2 of 4
...
008 (295350.000.000) 2025-01-31 02:01:00 Launching orted on Node 1 of 4
...
008 (295350.000.000) 2025-01-31 02:01:00 Launching orted on Node 3 of 4
...
008 (295350.000.000) 2025-01-31 02:01:06 orted exited on Node 3 of 4
...
008 (295350.000.000) 2025-01-31 02:01:06 orted exited on Node 0 of 4
...
008 (295350.000.000) 2025-01-31 02:01:06 orted exited on Node 1 of 4
...
008 (295350.000.000) 2025-01-31 02:01:06 orted exited on Node 2 of 4
...
015 (295350.000.001) 2025-01-31 02:01:07 Node 1 terminated.
	(1) Normal termination (return value 0)
		Usr 0 00:00:08, Sys 0 00:00:00  -  Run Remote Usage
		Usr 0 00:00:00, Sys 0 00:00:00  -  Run Local Usage
		Usr 0 00:00:08, Sys 0 00:00:00  -  Total Remote Usage
		Usr 0 00:00:00, Sys 0 00:00:00  -  Total Local Usage
	2355  -  Run Bytes Sent By Node
	33831  -  Run Bytes Received By Node
	2355  -  Total Bytes Sent By Node
	33831  -  Total Bytes Received By Node
...
015 (295350.000.002) 2025-01-31 02:01:07 Node 2 terminated.
	(1) Normal termination (return value 0)
		Usr 0 00:00:07, Sys 0 00:00:00  -  Run Remote Usage
		Usr 0 00:00:00, Sys 0 00:00:00  -  Run Local Usage
		Usr 0 00:00:07, Sys 0 00:00:00  -  Total Remote Usage
		Usr 0 00:00:00, Sys 0 00:00:00  -  Total Local Usage
	2355  -  Run Bytes Sent By Node
	33831  -  Run Bytes Received By Node
	2355  -  Total Bytes Sent By Node
	33831  -  Total Bytes Received By Node
...
015 (295350.000.000) 2025-01-31 02:01:07 Node 0 terminated.
	(1) Normal termination (return value 0)
		Usr 0 00:00:06, Sys 0 00:00:01  -  Run Remote Usage
		Usr 0 00:00:00, Sys 0 00:00:00  -  Run Local Usage
		Usr 0 00:00:06, Sys 0 00:00:01  -  Total Remote Usage
		Usr 0 00:00:00, Sys 0 00:00:00  -  Total Local Usage
	3426  -  Run Bytes Sent By Node
	33831  -  Run Bytes Received By Node
	3426  -  Total Bytes Sent By Node
	33831  -  Total Bytes Received By Node
...
005 (295350.000.000) 2025-01-31 02:01:07 Job terminated.
	(1) Normal termination (return value 0)
		Usr 0 00:00:28, Sys 0 00:00:01  -  Run Remote Usage
		Usr 0 00:00:00, Sys 0 00:00:00  -  Run Local Usage
		Usr 0 00:00:06, Sys 0 00:00:01  -  Total Remote Usage
		Usr 0 00:00:00, Sys 0 00:00:00  -  Total Local Usage
	10469  -  Run Bytes Sent By Job
	135324  -  Run Bytes Received By Job
	10469  -  Total Bytes Sent By Job
	135324  -  Total Bytes Received By Job
	Partitionable Resources :    Usage  Request Allocated 
	   Cpus                 :                 1         1 
	   Disk (KB)            :       51       35    466414 
	   Memory (MB)          :      272      295     40960 

	Job terminated of its own accord at 2025-01-31T02:01:06Z with exit-code 0.
...
