000 (274291.000.000) 2025-01-23 11:48:05 Job submitted from host: <192.168.0.102:9618?addrs=192.168.0.102-9618&alias=submitter&noUDP&sock=schedd_2032_5c88>
...
014 (274291.000.001) 2025-01-23 11:48:12 Node 1 executing on host: <192.168.0.130:9618?addrs=192.168.0.130-9618&alias=node130.di.rm1&noUDP&sock=startd_2751195_838e>
...
014 (274291.000.002) 2025-01-23 11:48:12 Node 2 executing on host: <192.168.0.106:9618?addrs=192.168.0.106-9618&alias=node106.di.rm1&noUDP&sock=startd_1970_d5a9>
...
014 (274291.000.004) 2025-01-23 11:48:12 Node 4 executing on host: <192.168.0.145:9618?addrs=192.168.0.145-9618&alias=node145.di.rm1&noUDP&sock=startd_1869_8e98>
...
014 (274291.000.000) 2025-01-23 11:48:12 Node 0 executing on host: <192.168.0.143:9618?addrs=192.168.0.143-9618&alias=node143.di.rm1&noUDP&sock=startd_2061_40c7>
...
014 (274291.000.003) 2025-01-23 11:48:12 Node 3 executing on host: <192.168.0.115:9618?addrs=192.168.0.115-9618&alias=node115.di.rm1&noUDP&sock=startd_1101621_f4a0>
...
014 (274291.000.005) 2025-01-23 11:48:12 Node 5 executing on host: <192.168.0.140:9618?addrs=192.168.0.140-9618&alias=node140.di.rm1&noUDP&sock=startd_1890_f615>
...
014 (274291.000.006) 2025-01-23 11:48:12 Node 6 executing on host: <192.168.0.146:9618?addrs=192.168.0.146-9618&alias=node146.di.rm1&noUDP&sock=startd_1984_6ffc>
...
014 (274291.000.007) 2025-01-23 11:48:12 Node 7 executing on host: <192.168.0.147:9618?addrs=192.168.0.147-9618&alias=node147.di.rm1&noUDP&sock=startd_1513_5ee1>
...
001 (274291.000.000) 2025-01-23 11:48:12 Job executing on host: MPI_job
...
008 (274291.000.000) 2025-01-23 11:48:14 Launching orted on Node 1 of 8
...
008 (274291.000.000) 2025-01-23 11:48:14 Launching orted on Node 2 of 8
...
008 (274291.000.000) 2025-01-23 11:48:14 Launching orted on Node 4 of 8
...
008 (274291.000.000) 2025-01-23 11:48:15 Launching orted on Node 5 of 8
...
008 (274291.000.000) 2025-01-23 11:48:15 Launching orted on Node 3 of 8
...
008 (274291.000.000) 2025-01-23 11:48:15 Launching orted on Node 0 of 8
...
008 (274291.000.000) 2025-01-23 11:48:15 Launching orted on Node 7 of 8
...
008 (274291.000.000) 2025-01-23 11:48:15 Launching orted on Node 6 of 8
...
008 (274291.000.000) 2025-01-23 11:48:45 Node 0 caught SIGTERM, cleaning up mpirun
...
004 (274291.000.000) 2025-01-23 11:48:45 Job was evicted.
	(0) CPU times
		Usr 0 00:01:03, Sys 0 00:00:00  -  Run Remote Usage
		Usr 0 00:00:00, Sys 0 00:00:00  -  Run Local Usage
	0  -  Run Bytes Sent By Job
	269112  -  Run Bytes Received By Job
	Partitionable Resources :    Usage  Request Allocated 
	   Cpus                 :                 1         1 
	   Disk (KB)            :     8569       35    459633 
	   Memory (MB)          :       84       32     40960 
...
009 (274291.000.000) 2025-01-23 11:48:45 Job was aborted.
	via condor_rm (by user calzona_2046920)
...
000 (279605.000.000) 2025-01-24 11:03:08 Job submitted from host: <192.168.0.102:9618?addrs=192.168.0.102-9618&alias=submitter&noUDP&sock=schedd_2032_5c88>
...
014 (279605.000.001) 2025-01-24 11:03:16 Node 1 executing on host: <192.168.0.146:9618?addrs=192.168.0.146-9618&alias=node146.di.rm1&noUDP&sock=startd_1984_6ffc>
...
014 (279605.000.002) 2025-01-24 11:03:16 Node 2 executing on host: <192.168.0.141:9618?addrs=192.168.0.141-9618&alias=node141.di.rm1&noUDP&sock=startd_2077_3a4b>
...
014 (279605.000.003) 2025-01-24 11:03:16 Node 3 executing on host: <192.168.0.120:9618?addrs=192.168.0.120-9618&alias=node120.di.rm1&noUDP&sock=startd_2096_4298>
...
014 (279605.000.000) 2025-01-24 11:03:16 Node 0 executing on host: <192.168.0.145:9618?addrs=192.168.0.145-9618&alias=node145.di.rm1&noUDP&sock=startd_1869_8e98>
...
014 (279605.000.006) 2025-01-24 11:03:16 Node 6 executing on host: <192.168.0.121:9618?addrs=192.168.0.121-9618&alias=node121.di.rm1&noUDP&sock=startd_2146_8e54>
...
014 (279605.000.005) 2025-01-24 11:03:16 Node 5 executing on host: <192.168.0.105:9618?addrs=192.168.0.105-9618&alias=node105.di.rm1&noUDP&sock=startd_1951_cd5c>
...
014 (279605.000.007) 2025-01-24 11:03:16 Node 7 executing on host: <192.168.0.151:9618?addrs=192.168.0.151-9618&alias=node151.di.rm1&noUDP&sock=startd_1528_a8cd>
...
014 (279605.000.004) 2025-01-24 11:03:16 Node 4 executing on host: <192.168.0.143:9618?addrs=192.168.0.143-9618&alias=node143.di.rm1&noUDP&sock=startd_2061_40c7>
...
001 (279605.000.000) 2025-01-24 11:03:16 Job executing on host: MPI_job
...
008 (279605.000.000) 2025-01-24 11:03:18 Launching orted on Node 1 of 8
...
008 (279605.000.000) 2025-01-24 11:03:18 Launching orted on Node 6 of 8
...
008 (279605.000.000) 2025-01-24 11:03:18 Launching orted on Node 3 of 8
...
008 (279605.000.000) 2025-01-24 11:03:18 Launching orted on Node 2 of 8
...
008 (279605.000.000) 2025-01-24 11:03:18 Launching orted on Node 5 of 8
...
008 (279605.000.000) 2025-01-24 11:03:19 Launching orted on Node 0 of 8
...
008 (279605.000.000) 2025-01-24 11:03:19 Launching orted on Node 4 of 8
...
008 (279605.000.000) 2025-01-24 11:03:20 Launching orted on Node 7 of 8
...
008 (279605.000.000) 2025-01-24 11:04:05 orted exited on Node 5 of 8
...
008 (279605.000.000) 2025-01-24 11:04:05 orted exited on Node 6 of 8
...
008 (279605.000.000) 2025-01-24 11:04:05 orted exited on Node 3 of 8
...
008 (279605.000.000) 2025-01-24 11:04:05 orted exited on Node 1 of 8
...
008 (279605.000.000) 2025-01-24 11:04:05 orted exited on Node 7 of 8
...
008 (279605.000.000) 2025-01-24 11:04:05 orted exited on Node 2 of 8
...
008 (279605.000.000) 2025-01-24 11:04:05 orted exited on Node 0 of 8
...
008 (279605.000.000) 2025-01-24 11:04:05 orted exited on Node 4 of 8
...
015 (279605.000.006) 2025-01-24 11:04:05 Node 6 terminated.
	(1) Normal termination (return value 0)
		Usr 0 00:00:36, Sys 0 00:00:09  -  Run Remote Usage
		Usr 0 00:00:00, Sys 0 00:00:00  -  Run Local Usage
		Usr 0 00:00:36, Sys 0 00:00:09  -  Total Remote Usage
		Usr 0 00:00:00, Sys 0 00:00:00  -  Total Local Usage
	2165  -  Run Bytes Sent By Node
	33639  -  Run Bytes Received By Node
	2165  -  Total Bytes Sent By Node
	33639  -  Total Bytes Received By Node
...
015 (279605.000.001) 2025-01-24 11:04:05 Node 1 terminated.
	(1) Normal termination (return value 0)
		Usr 0 00:00:36, Sys 0 00:00:10  -  Run Remote Usage
		Usr 0 00:00:00, Sys 0 00:00:00  -  Run Local Usage
		Usr 0 00:00:36, Sys 0 00:00:10  -  Total Remote Usage
		Usr 0 00:00:00, Sys 0 00:00:00  -  Total Local Usage
	2165  -  Run Bytes Sent By Node
	33639  -  Run Bytes Received By Node
	2165  -  Total Bytes Sent By Node
	33639  -  Total Bytes Received By Node
...
015 (279605.000.002) 2025-01-24 11:04:05 Node 2 terminated.
	(1) Normal termination (return value 0)
		Usr 0 00:00:38, Sys 0 00:00:08  -  Run Remote Usage
		Usr 0 00:00:00, Sys 0 00:00:00  -  Run Local Usage
		Usr 0 00:00:38, Sys 0 00:00:08  -  Total Remote Usage
		Usr 0 00:00:00, Sys 0 00:00:00  -  Total Local Usage
	2165  -  Run Bytes Sent By Node
	33639  -  Run Bytes Received By Node
	2165  -  Total Bytes Sent By Node
	33639  -  Total Bytes Received By Node
...
015 (279605.000.000) 2025-01-24 11:04:05 Node 0 terminated.
	(1) Normal termination (return value 0)
		Usr 0 00:00:00, Sys 0 00:00:00  -  Run Remote Usage
		Usr 0 00:00:00, Sys 0 00:00:00  -  Run Local Usage
		Usr 0 00:00:00, Sys 0 00:00:00  -  Total Remote Usage
		Usr 0 00:00:00, Sys 0 00:00:00  -  Total Local Usage
	3264  -  Run Bytes Sent By Node
	33639  -  Run Bytes Received By Node
	3264  -  Total Bytes Sent By Node
	33639  -  Total Bytes Received By Node
...
005 (279605.000.000) 2025-01-24 11:04:05 Job terminated.
	(1) Normal termination (return value 0)
		Usr 0 00:03:43, Sys 0 00:00:52  -  Run Remote Usage
		Usr 0 00:00:00, Sys 0 00:00:00  -  Run Local Usage
		Usr 0 00:00:00, Sys 0 00:00:00  -  Total Remote Usage
		Usr 0 00:00:00, Sys 0 00:00:00  -  Total Local Usage
	9759  -  Run Bytes Sent By Job
	269112  -  Run Bytes Received By Job
	9759  -  Total Bytes Sent By Job
	269112  -  Total Bytes Received By Job
	Partitionable Resources :    Usage  Request Allocated 
	   Cpus                 :     0.08        1         1 
	   Disk (KB)            :    56          35    462663 
	   Memory (MB)          :    85          33     20480 

	Job terminated of its own accord at 2025-01-24T11:04:05Z with exit-code 0.
...
000 (287932.000.000) 2025-01-28 17:59:11 Job submitted from host: <192.168.0.102:9618?addrs=192.168.0.102-9618&alias=submitter&noUDP&sock=schedd_2032_5c88>
...
014 (287932.000.000) 2025-01-28 17:59:20 Node 0 executing on host: <192.168.0.130:9618?addrs=192.168.0.130-9618&alias=node130.di.rm1&noUDP&sock=startd_2751195_838e>
...
014 (287932.000.001) 2025-01-28 17:59:20 Node 1 executing on host: <192.168.0.106:9618?addrs=192.168.0.106-9618&alias=node106.di.rm1&noUDP&sock=startd_1970_d5a9>
...
014 (287932.000.002) 2025-01-28 17:59:20 Node 2 executing on host: <192.168.0.145:9618?addrs=192.168.0.145-9618&alias=node145.di.rm1&noUDP&sock=startd_1869_8e98>
...
014 (287932.000.004) 2025-01-28 17:59:20 Node 4 executing on host: <192.168.0.140:9618?addrs=192.168.0.140-9618&alias=node140.di.rm1&noUDP&sock=startd_1890_f615>
...
014 (287932.000.007) 2025-01-28 17:59:20 Node 7 executing on host: <192.168.0.130:9618?addrs=192.168.0.130-9618&alias=node130.di.rm1&noUDP&sock=startd_2751195_838e>
...
014 (287932.000.005) 2025-01-28 17:59:20 Node 5 executing on host: <192.168.0.116:9618?addrs=192.168.0.116-9618&alias=node116.di.rm1&noUDP&sock=startd_1847_7783>
...
014 (287932.000.003) 2025-01-28 17:59:20 Node 3 executing on host: <192.168.0.110:9618?addrs=192.168.0.110-9618&alias=node110.di.rm1&noUDP&sock=startd_2185_4e86>
...
014 (287932.000.006) 2025-01-28 17:59:20 Node 6 executing on host: <192.168.0.120:9618?addrs=192.168.0.120-9618&alias=node120.di.rm1&noUDP&sock=startd_2096_4298>
...
001 (287932.000.000) 2025-01-28 17:59:20 Job executing on host: MPI_job
...
008 (287932.000.000) 2025-01-28 17:59:22 Launching orted on Node 0 of 8
...
008 (287932.000.000) 2025-01-28 17:59:22 Launching orted on Node 1 of 8
...
008 (287932.000.000) 2025-01-28 17:59:22 Launching orted on Node 2 of 8
...
008 (287932.000.000) 2025-01-28 17:59:22 Launching orted on Node 7 of 8
...
008 (287932.000.000) 2025-01-28 17:59:22 Launching orted on Node 4 of 8
...
008 (287932.000.000) 2025-01-28 17:59:22 Launching orted on Node 5 of 8
...
008 (287932.000.000) 2025-01-28 17:59:22 Launching orted on Node 3 of 8
...
008 (287932.000.000) 2025-01-28 17:59:22 Launching orted on Node 6 of 8
...
008 (287932.000.000) 2025-01-28 17:59:57 orted exited on Node 5 of 8
...
008 (287932.000.000) 2025-01-28 17:59:57 orted exited on Node 1 of 8
...
008 (287932.000.000) 2025-01-28 17:59:57 orted exited on Node 3 of 8
...
008 (287932.000.000) 2025-01-28 17:59:57 orted exited on Node 4 of 8
...
008 (287932.000.000) 2025-01-28 17:59:57 orted exited on Node 2 of 8
...
008 (287932.000.000) 2025-01-28 17:59:57 orted exited on Node 6 of 8
...
008 (287932.000.000) 2025-01-28 17:59:57 orted exited on Node 0 of 8
...
008 (287932.000.000) 2025-01-28 17:59:57 orted exited on Node 7 of 8
...
015 (287932.000.001) 2025-01-28 17:59:57 Node 1 terminated.
	(1) Normal termination (return value 0)
		Usr 0 00:00:33, Sys 0 00:00:00  -  Run Remote Usage
		Usr 0 00:00:00, Sys 0 00:00:00  -  Run Local Usage
		Usr 0 00:00:33, Sys 0 00:00:00  -  Total Remote Usage
		Usr 0 00:00:00, Sys 0 00:00:00  -  Total Local Usage
	2165  -  Run Bytes Sent By Node
	33591  -  Run Bytes Received By Node
	2165  -  Total Bytes Sent By Node
	33591  -  Total Bytes Received By Node
...
015 (287932.000.002) 2025-01-28 17:59:57 Node 2 terminated.
	(1) Normal termination (return value 0)
		Usr 0 00:00:33, Sys 0 00:00:00  -  Run Remote Usage
		Usr 0 00:00:00, Sys 0 00:00:00  -  Run Local Usage
		Usr 0 00:00:33, Sys 0 00:00:00  -  Total Remote Usage
		Usr 0 00:00:00, Sys 0 00:00:00  -  Total Local Usage
	2165  -  Run Bytes Sent By Node
	33591  -  Run Bytes Received By Node
	2165  -  Total Bytes Sent By Node
	33591  -  Total Bytes Received By Node
...
015 (287932.000.003) 2025-01-28 17:59:57 Node 3 terminated.
	(1) Normal termination (return value 0)
		Usr 0 00:00:34, Sys 0 00:00:00  -  Run Remote Usage
		Usr 0 00:00:00, Sys 0 00:00:00  -  Run Local Usage
		Usr 0 00:00:34, Sys 0 00:00:00  -  Total Remote Usage
		Usr 0 00:00:00, Sys 0 00:00:00  -  Total Local Usage
	2187  -  Run Bytes Sent By Node
	33591  -  Run Bytes Received By Node
	2187  -  Total Bytes Sent By Node
	33591  -  Total Bytes Received By Node
...
015 (287932.000.004) 2025-01-28 17:59:57 Node 4 terminated.
	(1) Normal termination (return value 0)
		Usr 0 00:00:34, Sys 0 00:00:00  -  Run Remote Usage
		Usr 0 00:00:00, Sys 0 00:00:00  -  Run Local Usage
		Usr 0 00:00:34, Sys 0 00:00:00  -  Total Remote Usage
		Usr 0 00:00:00, Sys 0 00:00:00  -  Total Local Usage
	2165  -  Run Bytes Sent By Node
	33591  -  Run Bytes Received By Node
	2165  -  Total Bytes Sent By Node
	33591  -  Total Bytes Received By Node
...
015 (287932.000.005) 2025-01-28 17:59:57 Node 5 terminated.
	(1) Normal termination (return value 0)
		Usr 0 00:00:34, Sys 0 00:00:00  -  Run Remote Usage
		Usr 0 00:00:00, Sys 0 00:00:00  -  Run Local Usage
		Usr 0 00:00:34, Sys 0 00:00:00  -  Total Remote Usage
		Usr 0 00:00:00, Sys 0 00:00:00  -  Total Local Usage
	2165  -  Run Bytes Sent By Node
	33591  -  Run Bytes Received By Node
	2165  -  Total Bytes Sent By Node
	33591  -  Total Bytes Received By Node
...
015 (287932.000.007) 2025-01-28 17:59:57 Node 7 terminated.
	(1) Normal termination (return value 0)
		Usr 0 00:00:33, Sys 0 00:00:00  -  Run Remote Usage
		Usr 0 00:00:00, Sys 0 00:00:00  -  Run Local Usage
		Usr 0 00:00:33, Sys 0 00:00:00  -  Total Remote Usage
		Usr 0 00:00:00, Sys 0 00:00:00  -  Total Local Usage
	0  -  Run Bytes Sent By Node
	33591  -  Run Bytes Received By Node
	0  -  Total Bytes Sent By Node
	33591  -  Total Bytes Received By Node
...
015 (287932.000.000) 2025-01-28 17:59:57 Node 0 terminated.
	(1) Normal termination (return value 0)
		Usr 0 00:00:05, Sys 0 00:00:01  -  Run Remote Usage
		Usr 0 00:00:00, Sys 0 00:00:00  -  Run Local Usage
		Usr 0 00:00:05, Sys 0 00:00:01  -  Total Remote Usage
		Usr 0 00:00:00, Sys 0 00:00:00  -  Total Local Usage
	3261  -  Run Bytes Sent By Node
	33591  -  Run Bytes Received By Node
	3261  -  Total Bytes Sent By Node
	33591  -  Total Bytes Received By Node
...
005 (287932.000.000) 2025-01-28 17:59:57 Job terminated.
	(1) Normal termination (return value 0)
		Usr 0 00:03:59, Sys 0 00:00:01  -  Run Remote Usage
		Usr 0 00:00:00, Sys 0 00:00:00  -  Run Local Usage
		Usr 0 00:00:05, Sys 0 00:00:01  -  Total Remote Usage
		Usr 0 00:00:00, Sys 0 00:00:00  -  Total Local Usage
	16295  -  Run Bytes Sent By Job
	268728  -  Run Bytes Received By Job
	16295  -  Total Bytes Sent By Job
	268728  -  Total Bytes Received By Job
	Partitionable Resources :    Usage  Request Allocated 
	   Cpus                 :                 1         2 
	   Disk (KB)            :       51       35 102964203 
	   Memory (MB)          :       83       32    100096 

	Job terminated of its own accord at 2025-01-28T17:59:57Z with exit-code 0.
...
