000 (271450.000.000) 2025-01-22 01:03:30 Job submitted from host: <192.168.0.102:9618?addrs=192.168.0.102-9618&alias=submitter&noUDP&sock=schedd_2032_5c88>
...
001 (271450.000.000) 2025-01-22 01:03:50 Job executing on host: <192.168.0.148:9618?addrs=192.168.0.148-9618&alias=node148.di.rm1&noUDP&sock=startd_1547_b119>
...
006 (271450.000.000) 2025-01-22 01:03:58 Image size of job updated: 546680
	533  -  MemoryUsage of job (MB)
	545096  -  ResidentSetSize of job (KB)
...
006 (271450.000.000) 2025-01-22 01:04:31 Image size of job updated: 2555016
	534  -  MemoryUsage of job (MB)
	546020  -  ResidentSetSize of job (KB)
...
004 (271450.000.000) 2025-01-22 01:04:31 Job was evicted.
	(0) CPU times
		Usr 0 00:00:40, Sys 0 00:00:01  -  Run Remote Usage
		Usr 0 00:00:00, Sys 0 00:00:00  -  Run Local Usage
	0  -  Run Bytes Sent By Job
	0  -  Run Bytes Received By Job
	Partitionable Resources :    Usage  Request Allocated 
	   Cpus                 :                 1         1 
	   Disk (KB)            :       27       27    467548 
	   Memory (MB)          :      534        1       128 
...
009 (271450.000.000) 2025-01-22 01:04:31 Job was aborted.
	via condor_rm (by user calzona_2046920)
...
