000 (268173.000.000) 2025-01-21 21:38:36 Job submitted from host: <192.168.0.102:9618?addrs=192.168.0.102-9618&alias=submitter&noUDP&sock=schedd_2032_5c88>
...
001 (268173.000.000) 2025-01-21 21:38:53 Job executing on host: <192.168.0.135:9618?addrs=192.168.0.135-9618&alias=node135.di.rm1&noUDP&sock=startd_2000_6980>
...
006 (268173.000.000) 2025-01-21 21:38:54 Image size of job updated: 27
	0  -  MemoryUsage of job (MB)
	0  -  ResidentSetSize of job (KB)
...
005 (268173.000.000) 2025-01-21 21:38:54 Job terminated.
	(1) Normal termination (return value 0)
		Usr 0 00:00:00, Sys 0 00:00:00  -  Run Remote Usage
		Usr 0 00:00:00, Sys 0 00:00:00  -  Run Local Usage
		Usr 0 00:00:00, Sys 0 00:00:00  -  Total Remote Usage
		Usr 0 00:00:00, Sys 0 00:00:00  -  Total Local Usage
	0  -  Run Bytes Sent By Job
	0  -  Run Bytes Received By Job
	0  -  Total Bytes Sent By Job
	0  -  Total Bytes Received By Job
	Partitionable Resources :    Usage  Request Allocated 
	   Cpus                 :                 1         1 
	   Disk (KB)            :       27       27    470875 
	   Memory (MB)          :        0        1       128 

	Job terminated of its own accord at 2025-01-21T21:38:54Z with exit-code 0.
...
000 (268343.000.000) 2025-01-21 21:44:23 Job submitted from host: <192.168.0.102:9618?addrs=192.168.0.102-9618&alias=submitter&noUDP&sock=schedd_2032_5c88>
...
001 (268343.000.000) 2025-01-21 21:44:26 Job executing on host: <192.168.0.151:9618?addrs=192.168.0.151-9618&alias=node151.di.rm1&noUDP&sock=startd_1528_a8cd>
...
006 (268343.000.000) 2025-01-21 21:44:27 Image size of job updated: 18476
	0  -  MemoryUsage of job (MB)
	0  -  ResidentSetSize of job (KB)
...
005 (268343.000.000) 2025-01-21 21:44:27 Job terminated.
	(1) Normal termination (return value 0)
		Usr 0 00:00:01, Sys 0 00:00:00  -  Run Remote Usage
		Usr 0 00:00:00, Sys 0 00:00:00  -  Run Local Usage
		Usr 0 00:00:01, Sys 0 00:00:00  -  Total Remote Usage
		Usr 0 00:00:00, Sys 0 00:00:00  -  Total Local Usage
	0  -  Run Bytes Sent By Job
	0  -  Run Bytes Received By Job
	0  -  Total Bytes Sent By Job
	0  -  Total Bytes Received By Job
	Partitionable Resources :    Usage  Request Allocated 
	   Cpus                 :                 1         1 
	   Disk (KB)            :       27       27    474791 
	   Memory (MB)          :        0        1       128 

	Job terminated of its own accord at 2025-01-21T21:44:27Z with exit-code 0.
...
000 (274951.000.000) 2025-01-24 01:31:33 Job submitted from host: <192.168.0.102:9618?addrs=192.168.0.102-9618&alias=submitter&noUDP&sock=schedd_2032_5c88>
...
001 (274951.000.000) 2025-01-24 01:31:49 Job executing on host: <192.168.0.124:9618?addrs=192.168.0.124-9618&alias=node124.di.rm1&noUDP&sock=startd_2143_7f8b>
...
006 (274951.000.000) 2025-01-24 01:31:50 Image size of job updated: 2112
	0  -  MemoryUsage of job (MB)
	0  -  ResidentSetSize of job (KB)
...
005 (274951.000.000) 2025-01-24 01:31:50 Job terminated.
	(1) Normal termination (return value 0)
		Usr 0 00:00:01, Sys 0 00:00:00  -  Run Remote Usage
		Usr 0 00:00:00, Sys 0 00:00:00  -  Run Local Usage
		Usr 0 00:00:01, Sys 0 00:00:00  -  Total Remote Usage
		Usr 0 00:00:00, Sys 0 00:00:00  -  Total Local Usage
	0  -  Run Bytes Sent By Job
	0  -  Run Bytes Received By Job
	0  -  Total Bytes Sent By Job
	0  -  Total Bytes Received By Job
	Partitionable Resources :    Usage  Request Allocated 
	   Cpus                 :                 1         1 
	   Disk (KB)            :       27       27    499302 
	   Gpus (Average)       :                 0         0 
	   Memory (MB)          :        0        1       128 

	Job terminated of its own accord at 2025-01-24T01:31:50Z with exit-code 0.
...
