000 (268699.000.000) 2025-01-21 22:00:42 Job submitted from host: <192.168.0.102:9618?addrs=192.168.0.102-9618&alias=submitter&noUDP&sock=schedd_2032_5c88>
...
001 (268699.000.000) 2025-01-21 22:00:43 Job executing on host: <192.168.0.151:9618?addrs=192.168.0.151-9618&alias=node151.di.rm1&noUDP&sock=startd_1528_a8cd>
...
006 (268699.000.000) 2025-01-21 22:00:52 Image size of job updated: 875292
	855  -  MemoryUsage of job (MB)
	875292  -  ResidentSetSize of job (KB)
...
006 (268699.000.000) 2025-01-21 22:01:40 Image size of job updated: 5419984
	857  -  MemoryUsage of job (MB)
	876612  -  ResidentSetSize of job (KB)
...
004 (268699.000.000) 2025-01-21 22:01:40 Job was evicted.
	(0) CPU times
		Usr 0 00:00:54, Sys 0 00:00:01  -  Run Remote Usage
		Usr 0 00:00:00, Sys 0 00:00:00  -  Run Local Usage
	0  -  Run Bytes Sent By Job
	0  -  Run Bytes Received By Job
	Partitionable Resources :    Usage  Request Allocated 
	   Cpus                 :                 1         1 
	   Disk (KB)            :       27       27    474791 
	   Memory (MB)          :      857        1       128 
...
009 (268699.000.000) 2025-01-21 22:01:40 Job was aborted.
	via condor_rm (by user calzona_2046920)
...
000 (268850.000.000) 2025-01-21 22:08:19 Job submitted from host: <192.168.0.102:9618?addrs=192.168.0.102-9618&alias=submitter&noUDP&sock=schedd_2032_5c88>
...
001 (268850.000.000) 2025-01-21 22:08:20 Job executing on host: <192.168.0.151:9618?addrs=192.168.0.151-9618&alias=node151.di.rm1&noUDP&sock=startd_1528_a8cd>
...
006 (268850.000.000) 2025-01-21 22:08:28 Image size of job updated: 1150576
	761  -  MemoryUsage of job (MB)
	778272  -  ResidentSetSize of job (KB)
...
006 (268850.000.000) 2025-01-21 22:08:57 Image size of job updated: 3411340
	761  -  MemoryUsage of job (MB)
	778800  -  ResidentSetSize of job (KB)
...
004 (268850.000.000) 2025-01-21 22:08:57 Job was evicted.
	(0) CPU times
		Usr 0 00:00:34, Sys 0 00:00:01  -  Run Remote Usage
		Usr 0 00:00:00, Sys 0 00:00:00  -  Run Local Usage
	0  -  Run Bytes Sent By Job
	0  -  Run Bytes Received By Job
	Partitionable Resources :    Usage  Request Allocated 
	   Cpus                 :     0.01        1         1 
	   Disk (KB)            :    27          27    474791 
	   Memory (MB)          :   761           1       128 
...
009 (268850.000.000) 2025-01-21 22:08:57 Job was aborted.
	via condor_rm (by user calzona_2046920)
...
000 (275203.000.000) 2025-01-24 01:59:18 Job submitted from host: <192.168.0.102:9618?addrs=192.168.0.102-9618&alias=submitter&noUDP&sock=schedd_2032_5c88>
...
001 (275203.000.000) 2025-01-24 01:59:18 Job executing on host: <192.168.0.148:9618?addrs=192.168.0.148-9618&alias=node148.di.rm1&noUDP&sock=startd_1547_b119>
...
006 (275203.000.000) 2025-01-24 01:59:27 Image size of job updated: 1188460
	766  -  MemoryUsage of job (MB)
	784212  -  ResidentSetSize of job (KB)
...
006 (275203.000.000) 2025-01-24 02:01:21 Image size of job updated: 11535084
	768  -  MemoryUsage of job (MB)
	785532  -  ResidentSetSize of job (KB)
...
004 (275203.000.000) 2025-01-24 02:01:21 Job was evicted.
	(0) CPU times
		Usr 0 00:01:57, Sys 0 00:00:04  -  Run Remote Usage
		Usr 0 00:00:00, Sys 0 00:00:00  -  Run Local Usage
	0  -  Run Bytes Sent By Job
	0  -  Run Bytes Received By Job
	Partitionable Resources :    Usage  Request Allocated 
	   Cpus                 :                 1         1 
	   Disk (KB)            :       27       27    467548 
	   Memory (MB)          :      768        1       128 
...
009 (275203.000.000) 2025-01-24 02:01:21 Job was aborted.
	via condor_rm (by user calzona_2046920)
...
