000 (282226.000.000) 2025-01-26 16:49:30 Job submitted from host: <192.168.0.102:9618?addrs=192.168.0.102-9618&alias=submitter&noUDP&sock=schedd_2032_5c88>
...
014 (282226.000.005) 2025-01-26 16:49:42 Node 5 executing on host: <192.168.0.147:9618?addrs=192.168.0.147-9618&alias=node147.di.rm1&noUDP&sock=startd_1513_5ee1>
...
014 (282226.000.000) 2025-01-26 16:49:42 Node 0 executing on host: <192.168.0.111:9618?addrs=192.168.0.111-9618&alias=node111.di.rm1&noUDP&sock=startd_2044_97ab>
...
014 (282226.000.003) 2025-01-26 16:49:42 Node 3 executing on host: <192.168.0.151:9618?addrs=192.168.0.151-9618&alias=node151.di.rm1&noUDP&sock=startd_1528_a8cd>
...
014 (282226.000.004) 2025-01-26 16:49:42 Node 4 executing on host: <192.168.0.122:9618?addrs=192.168.0.122-9618&alias=node122.di.rm1&noUDP&sock=startd_2134_5331>
...
014 (282226.000.006) 2025-01-26 16:49:42 Node 6 executing on host: <192.168.0.112:9618?addrs=192.168.0.112-9618&alias=node112.di.rm1&noUDP&sock=startd_2169_5502>
...
014 (282226.000.001) 2025-01-26 16:49:42 Node 1 executing on host: <192.168.0.141:9618?addrs=192.168.0.141-9618&alias=node141.di.rm1&noUDP&sock=startd_2077_3a4b>
...
014 (282226.000.002) 2025-01-26 16:49:42 Node 2 executing on host: <192.168.0.141:9618?addrs=192.168.0.141-9618&alias=node141.di.rm1&noUDP&sock=startd_2077_3a4b>
...
014 (282226.000.007) 2025-01-26 16:49:42 Node 7 executing on host: <192.168.0.142:9618?addrs=192.168.0.142-9618&alias=node142.di.rm1&noUDP&sock=startd_1996_ab1f>
...
001 (282226.000.000) 2025-01-26 16:49:42 Job executing on host: MPI_job
...
008 (282226.000.000) 2025-01-26 16:49:44 Launching orted on Node 5 of 8
...
008 (282226.000.000) 2025-01-26 16:49:44 Launching orted on Node 4 of 8
...
008 (282226.000.000) 2025-01-26 16:49:44 Launching orted on Node 6 of 8
...
008 (282226.000.000) 2025-01-26 16:49:44 Launching orted on Node 3 of 8
...
008 (282226.000.000) 2025-01-26 16:49:44 Launching orted on Node 0 of 8
...
008 (282226.000.000) 2025-01-26 16:49:45 Launching orted on Node 7 of 8
...
008 (282226.000.000) 2025-01-26 16:49:45 Launching orted on Node 2 of 8
...
008 (282226.000.000) 2025-01-26 16:49:45 Launching orted on Node 1 of 8
...
008 (282226.000.000) 2025-01-26 16:49:46 orted exited on Node 6 of 8
...
008 (282226.000.000) 2025-01-26 16:49:46 orted exited on Node 3 of 8
...
008 (282226.000.000) 2025-01-26 16:49:46 orted exited on Node 5 of 8
...
008 (282226.000.000) 2025-01-26 16:49:46 orted exited on Node 0 of 8
...
008 (282226.000.000) 2025-01-26 16:49:46 orted exited on Node 4 of 8
...
008 (282226.000.000) 2025-01-26 16:49:46 orted exited on Node 7 of 8
...
008 (282226.000.000) 2025-01-26 16:49:46 orted exited on Node 1 of 8
...
008 (282226.000.000) 2025-01-26 16:49:46 orted exited on Node 2 of 8
...
015 (282226.000.005) 2025-01-26 16:49:46 Node 5 terminated.
	(1) Normal termination (return value 0)
		Usr 0 00:00:00, Sys 0 00:00:00  -  Run Remote Usage
		Usr 0 00:00:00, Sys 0 00:00:00  -  Run Local Usage
		Usr 0 00:00:00, Sys 0 00:00:00  -  Total Remote Usage
		Usr 0 00:00:00, Sys 0 00:00:00  -  Total Local Usage
	2165  -  Run Bytes Sent By Node
	33711  -  Run Bytes Received By Node
	2165  -  Total Bytes Sent By Node
	33711  -  Total Bytes Received By Node
...
015 (282226.000.004) 2025-01-26 16:49:46 Node 4 terminated.
	(1) Normal termination (return value 0)
		Usr 0 00:00:00, Sys 0 00:00:00  -  Run Remote Usage
		Usr 0 00:00:00, Sys 0 00:00:00  -  Run Local Usage
		Usr 0 00:00:00, Sys 0 00:00:00  -  Total Remote Usage
		Usr 0 00:00:00, Sys 0 00:00:00  -  Total Local Usage
	2187  -  Run Bytes Sent By Node
	33711  -  Run Bytes Received By Node
	2187  -  Total Bytes Sent By Node
	33711  -  Total Bytes Received By Node
...
015 (282226.000.006) 2025-01-26 16:49:46 Node 6 terminated.
	(1) Normal termination (return value 0)
		Usr 0 00:00:00, Sys 0 00:00:00  -  Run Remote Usage
		Usr 0 00:00:00, Sys 0 00:00:00  -  Run Local Usage
		Usr 0 00:00:00, Sys 0 00:00:00  -  Total Remote Usage
		Usr 0 00:00:00, Sys 0 00:00:00  -  Total Local Usage
	2187  -  Run Bytes Sent By Node
	33711  -  Run Bytes Received By Node
	2187  -  Total Bytes Sent By Node
	33711  -  Total Bytes Received By Node
...
015 (282226.000.003) 2025-01-26 16:49:46 Node 3 terminated.
	(1) Normal termination (return value 0)
		Usr 0 00:00:00, Sys 0 00:00:00  -  Run Remote Usage
		Usr 0 00:00:00, Sys 0 00:00:00  -  Run Local Usage
		Usr 0 00:00:00, Sys 0 00:00:00  -  Total Remote Usage
		Usr 0 00:00:00, Sys 0 00:00:00  -  Total Local Usage
	2165  -  Run Bytes Sent By Node
	33711  -  Run Bytes Received By Node
	2165  -  Total Bytes Sent By Node
	33711  -  Total Bytes Received By Node
...
015 (282226.000.007) 2025-01-26 16:49:46 Node 7 terminated.
	(1) Normal termination (return value 0)
		Usr 0 00:00:00, Sys 0 00:00:00  -  Run Remote Usage
		Usr 0 00:00:00, Sys 0 00:00:00  -  Run Local Usage
		Usr 0 00:00:00, Sys 0 00:00:00  -  Total Remote Usage
		Usr 0 00:00:00, Sys 0 00:00:00  -  Total Local Usage
	2165  -  Run Bytes Sent By Node
	33711  -  Run Bytes Received By Node
	2165  -  Total Bytes Sent By Node
	33711  -  Total Bytes Received By Node
...
015 (282226.000.000) 2025-01-26 16:49:46 Node 0 terminated.
	(1) Normal termination (return value 0)
		Usr 0 00:00:00, Sys 0 00:00:01  -  Run Remote Usage
		Usr 0 00:00:00, Sys 0 00:00:00  -  Run Local Usage
		Usr 0 00:00:00, Sys 0 00:00:01  -  Total Remote Usage
		Usr 0 00:00:00, Sys 0 00:00:00  -  Total Local Usage
	3306  -  Run Bytes Sent By Node
	33711  -  Run Bytes Received By Node
	3306  -  Total Bytes Sent By Node
	33711  -  Total Bytes Received By Node
...
005 (282226.000.000) 2025-01-26 16:50:07 Job terminated.
	(1) Normal termination (return value 0)
		Usr 0 00:00:00, Sys 0 00:00:01  -  Run Remote Usage
		Usr 0 00:00:00, Sys 0 00:00:00  -  Run Local Usage
		Usr 0 00:00:00, Sys 0 00:00:01  -  Total Remote Usage
		Usr 0 00:00:00, Sys 0 00:00:00  -  Total Local Usage
	14175  -  Run Bytes Sent By Job
	269688  -  Run Bytes Received By Job
	14175  -  Total Bytes Sent By Job
	269688  -  Total Bytes Received By Job
	Partitionable Resources :    Usage  Request Allocated 
	   Cpus                 :                 1         1 
	   Disk (KB)            :       51       35    468058 
	   GPUs                 :                           0 
	   Memory (MB)          :        0        0     53248 

	Job terminated of its own accord at 2025-01-26T16:49:46Z with exit-code 0.
...
000 (289098.000.000) 2025-01-28 22:36:46 Job submitted from host: <192.168.0.102:9618?addrs=192.168.0.102-9618&alias=submitter&noUDP&sock=schedd_2032_5c88>
...
014 (289098.000.000) 2025-01-28 22:37:05 Node 0 executing on host: <192.168.0.106:9618?addrs=192.168.0.106-9618&alias=node106.di.rm1&noUDP&sock=startd_1970_d5a9>
...
014 (289098.000.001) 2025-01-28 22:37:05 Node 1 executing on host: <192.168.0.110:9618?addrs=192.168.0.110-9618&alias=node110.di.rm1&noUDP&sock=startd_2185_4e86>
...
014 (289098.000.002) 2025-01-28 22:37:05 Node 2 executing on host: <192.168.0.116:9618?addrs=192.168.0.116-9618&alias=node116.di.rm1&noUDP&sock=startd_1847_7783>
...
014 (289098.000.003) 2025-01-28 22:37:05 Node 3 executing on host: <192.168.0.146:9618?addrs=192.168.0.146-9618&alias=node146.di.rm1&noUDP&sock=startd_1984_6ffc>
...
014 (289098.000.004) 2025-01-28 22:37:05 Node 4 executing on host: <192.168.0.122:9618?addrs=192.168.0.122-9618&alias=node122.di.rm1&noUDP&sock=startd_2134_5331>
...
014 (289098.000.006) 2025-01-28 22:37:05 Node 6 executing on host: <192.168.0.133:9618?addrs=192.168.0.133-9618&alias=node133.di.rm1&noUDP&sock=startd_1941_f16a>
...
014 (289098.000.007) 2025-01-28 22:37:05 Node 7 executing on host: <192.168.0.148:9618?addrs=192.168.0.148-9618&alias=node148.di.rm1&noUDP&sock=startd_1547_b119>
...
014 (289098.000.005) 2025-01-28 22:37:05 Node 5 executing on host: <192.168.0.112:9618?addrs=192.168.0.112-9618&alias=node112.di.rm1&noUDP&sock=startd_2169_5502>
...
001 (289098.000.000) 2025-01-28 22:37:05 Job executing on host: MPI_job
...
008 (289098.000.000) 2025-01-28 22:37:07 Launching orted on Node 0 of 8
...
008 (289098.000.000) 2025-01-28 22:37:07 Launching orted on Node 1 of 8
...
008 (289098.000.000) 2025-01-28 22:37:07 Launching orted on Node 2 of 8
...
008 (289098.000.000) 2025-01-28 22:37:07 Launching orted on Node 3 of 8
...
008 (289098.000.000) 2025-01-28 22:37:07 Launching orted on Node 6 of 8
...
008 (289098.000.000) 2025-01-28 22:37:07 Launching orted on Node 4 of 8
...
008 (289098.000.000) 2025-01-28 22:37:07 Launching orted on Node 7 of 8
...
008 (289098.000.000) 2025-01-28 22:37:07 Launching orted on Node 5 of 8
...
008 (289098.000.000) 2025-01-28 22:37:08 orted exited on Node 5 of 8
...
008 (289098.000.000) 2025-01-28 22:37:08 orted exited on Node 0 of 8
...
008 (289098.000.000) 2025-01-28 22:37:08 orted exited on Node 1 of 8
...
008 (289098.000.000) 2025-01-28 22:37:08 orted exited on Node 2 of 8
...
008 (289098.000.000) 2025-01-28 22:37:08 orted exited on Node 3 of 8
...
008 (289098.000.000) 2025-01-28 22:37:08 orted exited on Node 4 of 8
...
008 (289098.000.000) 2025-01-28 22:37:08 orted exited on Node 6 of 8
...
008 (289098.000.000) 2025-01-28 22:37:08 orted exited on Node 7 of 8
...
015 (289098.000.003) 2025-01-28 22:37:08 Node 3 terminated.
	(1) Normal termination (return value 0)
		Usr 0 00:00:00, Sys 0 00:00:00  -  Run Remote Usage
		Usr 0 00:00:00, Sys 0 00:00:00  -  Run Local Usage
		Usr 0 00:00:00, Sys 0 00:00:00  -  Total Remote Usage
		Usr 0 00:00:00, Sys 0 00:00:00  -  Total Local Usage
	2165  -  Run Bytes Sent By Node
	33711  -  Run Bytes Received By Node
	2165  -  Total Bytes Sent By Node
	33711  -  Total Bytes Received By Node
...
015 (289098.000.006) 2025-01-28 22:37:08 Node 6 terminated.
	(1) Normal termination (return value 0)
		Usr 0 00:00:00, Sys 0 00:00:00  -  Run Remote Usage
		Usr 0 00:00:00, Sys 0 00:00:00  -  Run Local Usage
		Usr 0 00:00:00, Sys 0 00:00:00  -  Total Remote Usage
		Usr 0 00:00:00, Sys 0 00:00:00  -  Total Local Usage
	2165  -  Run Bytes Sent By Node
	33711  -  Run Bytes Received By Node
	2165  -  Total Bytes Sent By Node
	33711  -  Total Bytes Received By Node
...
015 (289098.000.001) 2025-01-28 22:37:08 Node 1 terminated.
	(1) Normal termination (return value 0)
		Usr 0 00:00:00, Sys 0 00:00:00  -  Run Remote Usage
		Usr 0 00:00:00, Sys 0 00:00:00  -  Run Local Usage
		Usr 0 00:00:00, Sys 0 00:00:00  -  Total Remote Usage
		Usr 0 00:00:00, Sys 0 00:00:00  -  Total Local Usage
	2187  -  Run Bytes Sent By Node
	33711  -  Run Bytes Received By Node
	2187  -  Total Bytes Sent By Node
	33711  -  Total Bytes Received By Node
...
015 (289098.000.000) 2025-01-28 22:37:08 Node 0 terminated.
	(1) Normal termination (return value 0)
		Usr 0 00:00:00, Sys 0 00:00:00  -  Run Remote Usage
		Usr 0 00:00:00, Sys 0 00:00:00  -  Run Local Usage
		Usr 0 00:00:00, Sys 0 00:00:00  -  Total Remote Usage
		Usr 0 00:00:00, Sys 0 00:00:00  -  Total Local Usage
	3262  -  Run Bytes Sent By Node
	33711  -  Run Bytes Received By Node
	3262  -  Total Bytes Sent By Node
	33711  -  Total Bytes Received By Node
...
005 (289098.000.000) 2025-01-28 22:37:08 Job terminated.
	(1) Normal termination (return value 0)
		Usr 0 00:00:01, Sys 0 00:00:00  -  Run Remote Usage
		Usr 0 00:00:00, Sys 0 00:00:00  -  Run Local Usage
		Usr 0 00:00:00, Sys 0 00:00:00  -  Total Remote Usage
		Usr 0 00:00:00, Sys 0 00:00:00  -  Total Local Usage
	9779  -  Run Bytes Sent By Job
	269688  -  Run Bytes Received By Job
	9779  -  Total Bytes Sent By Job
	269688  -  Total Bytes Received By Job
	Partitionable Resources :    Usage  Request Allocated 
	   Cpus                 :                 1         2 
	   Disk (KB)            :       51       35 102706401 
	   Memory (MB)          :        0        1    100096 

	Job terminated of its own accord at 2025-01-28T22:37:08Z with exit-code 0.
...
