000 (282050.000.000) 2025-01-26 15:53:25 Job submitted from host: <192.168.0.102:9618?addrs=192.168.0.102-9618&alias=submitter&noUDP&sock=schedd_2032_5c88>
...
014 (282050.000.001) 2025-01-26 15:53:35 Node 1 executing on host: <192.168.0.104:9618?addrs=192.168.0.104-9618&alias=node104.di.rm1&noUDP&sock=startd_1987_7ec5>
...
014 (282050.000.000) 2025-01-26 15:53:36 Node 0 executing on host: <192.168.0.145:9618?addrs=192.168.0.145-9618&alias=node145.di.rm1&noUDP&sock=startd_1869_8e98>
...
001 (282050.000.000) 2025-01-26 15:53:36 Job executing on host: MPI_job
...
008 (282050.000.000) 2025-01-26 15:53:38 Launching orted on Node 0 of 2
...
008 (282050.000.000) 2025-01-26 15:53:38 Launching orted on Node 1 of 2
...
008 (282050.000.000) 2025-01-26 15:53:43 orted exited on Node 0 of 2
...
008 (282050.000.000) 2025-01-26 15:53:43 orted exited on Node 1 of 2
...
015 (282050.000.001) 2025-01-26 15:53:43 Node 1 terminated.
	(1) Normal termination (return value 0)
		Usr 0 00:00:04, Sys 0 00:00:00  -  Run Remote Usage
		Usr 0 00:00:00, Sys 0 00:00:00  -  Run Local Usage
		Usr 0 00:00:04, Sys 0 00:00:00  -  Total Remote Usage
		Usr 0 00:00:00, Sys 0 00:00:00  -  Total Local Usage
	2165  -  Run Bytes Sent By Node
	33711  -  Run Bytes Received By Node
	2165  -  Total Bytes Sent By Node
	33711  -  Total Bytes Received By Node
...
015 (282050.000.000) 2025-01-26 15:53:44 Node 0 terminated.
	(1) Normal termination (return value 0)
		Usr 0 00:00:00, Sys 0 00:00:00  -  Run Remote Usage
		Usr 0 00:00:00, Sys 0 00:00:00  -  Run Local Usage
		Usr 0 00:00:00, Sys 0 00:00:00  -  Total Remote Usage
		Usr 0 00:00:00, Sys 0 00:00:00  -  Total Local Usage
	3253  -  Run Bytes Sent By Node
	33711  -  Run Bytes Received By Node
	3253  -  Total Bytes Sent By Node
	33711  -  Total Bytes Received By Node
...
005 (282050.000.000) 2025-01-26 15:53:44 Job terminated.
	(1) Normal termination (return value 0)
		Usr 0 00:00:04, Sys 0 00:00:00  -  Run Remote Usage
		Usr 0 00:00:00, Sys 0 00:00:00  -  Run Local Usage
		Usr 0 00:00:00, Sys 0 00:00:00  -  Total Remote Usage
		Usr 0 00:00:00, Sys 0 00:00:00  -  Total Local Usage
	5418  -  Run Bytes Sent By Job
	67422  -  Run Bytes Received By Job
	5418  -  Total Bytes Sent By Job
	67422  -  Total Bytes Received By Job
	Partitionable Resources :    Usage  Request Allocated 
	   Cpus                 :     0.01        1         1 
	   Disk (KB)            :    55          35    462663 
	   Memory (MB)          :     0           0     53248 

	Job terminated of its own accord at 2025-01-26T15:53:43Z with exit-code 0.
...
000 (288887.000.000) 2025-01-28 21:28:06 Job submitted from host: <192.168.0.102:9618?addrs=192.168.0.102-9618&alias=submitter&noUDP&sock=schedd_2032_5c88>
...
014 (288887.000.001) 2025-01-28 21:28:13 Node 1 executing on host: <192.168.0.132:9618?addrs=192.168.0.132-9618&alias=node132.di.rm1&noUDP&sock=startd_1999_b9e8>
...
014 (288887.000.000) 2025-01-28 21:28:13 Node 0 executing on host: <192.168.0.147:9618?addrs=192.168.0.147-9618&alias=node147.di.rm1&noUDP&sock=startd_1513_5ee1>
...
001 (288887.000.000) 2025-01-28 21:28:13 Job executing on host: MPI_job
...
008 (288887.000.000) 2025-01-28 21:28:15 Launching orted on Node 1 of 2
...
008 (288887.000.000) 2025-01-28 21:28:15 Launching orted on Node 0 of 2
...
008 (288887.000.000) 2025-01-28 21:28:20 orted exited on Node 0 of 2
...
008 (288887.000.000) 2025-01-28 21:28:20 orted exited on Node 1 of 2
...
015 (288887.000.001) 2025-01-28 21:28:20 Node 1 terminated.
	(1) Normal termination (return value 0)
		Usr 0 00:00:05, Sys 0 00:00:00  -  Run Remote Usage
		Usr 0 00:00:00, Sys 0 00:00:00  -  Run Local Usage
		Usr 0 00:00:05, Sys 0 00:00:00  -  Total Remote Usage
		Usr 0 00:00:00, Sys 0 00:00:00  -  Total Local Usage
	2165  -  Run Bytes Sent By Node
	33711  -  Run Bytes Received By Node
	2165  -  Total Bytes Sent By Node
	33711  -  Total Bytes Received By Node
...
015 (288887.000.000) 2025-01-28 21:28:20 Node 0 terminated.
	(1) Normal termination (return value 0)
		Usr 0 00:00:05, Sys 0 00:00:00  -  Run Remote Usage
		Usr 0 00:00:00, Sys 0 00:00:00  -  Run Local Usage
		Usr 0 00:00:05, Sys 0 00:00:00  -  Total Remote Usage
		Usr 0 00:00:00, Sys 0 00:00:00  -  Total Local Usage
	3256  -  Run Bytes Sent By Node
	33711  -  Run Bytes Received By Node
	3256  -  Total Bytes Sent By Node
	33711  -  Total Bytes Received By Node
...
005 (288887.000.000) 2025-01-28 21:28:20 Job terminated.
	(1) Normal termination (return value 0)
		Usr 0 00:00:10, Sys 0 00:00:00  -  Run Remote Usage
		Usr 0 00:00:00, Sys 0 00:00:00  -  Run Local Usage
		Usr 0 00:00:05, Sys 0 00:00:00  -  Total Remote Usage
		Usr 0 00:00:00, Sys 0 00:00:00  -  Total Local Usage
	5421  -  Run Bytes Sent By Job
	67422  -  Run Bytes Received By Job
	5421  -  Total Bytes Sent By Job
	67422  -  Total Bytes Received By Job
	Partitionable Resources :    Usage  Request Allocated 
	   Cpus                 :                 1         2 
	   Disk (KB)            :       50       35 102887082 
	   Memory (MB)          :        0        0    100096 

	Job terminated of its own accord at 2025-01-28T21:28:20Z with exit-code 0.
...
