000 (281952.000.000) 2025-01-26 15:28:23 Job submitted from host: <192.168.0.102:9618?addrs=192.168.0.102-9618&alias=submitter&noUDP&sock=schedd_2032_5c88>
...
014 (281952.000.000) 2025-01-26 15:28:32 Node 0 executing on host: <192.168.0.124:9618?addrs=192.168.0.124-9618&alias=node124.di.rm1&noUDP&sock=startd_2143_7f8b>
...
014 (281952.000.001) 2025-01-26 15:28:32 Node 1 executing on host: <192.168.0.142:9618?addrs=192.168.0.142-9618&alias=node142.di.rm1&noUDP&sock=startd_1996_ab1f>
...
001 (281952.000.000) 2025-01-26 15:28:32 Job executing on host: MPI_job
...
008 (281952.000.000) 2025-01-26 15:28:34 Launching orted on Node 0 of 2
...
008 (281952.000.000) 2025-01-26 15:28:35 Launching orted on Node 1 of 2
...
008 (281952.000.000) 2025-01-26 15:28:35 orted exited on Node 0 of 2
...
008 (281952.000.000) 2025-01-26 15:28:35 orted exited on Node 1 of 2
...
015 (281952.000.000) 2025-01-26 15:28:35 Node 0 terminated.
	(1) Normal termination (return value 0)
		Usr 0 00:00:01, Sys 0 00:00:01  -  Run Remote Usage
		Usr 0 00:00:00, Sys 0 00:00:00  -  Run Local Usage
		Usr 0 00:00:01, Sys 0 00:00:01  -  Total Remote Usage
		Usr 0 00:00:00, Sys 0 00:00:00  -  Total Local Usage
	3300  -  Run Bytes Sent By Node
	33711  -  Run Bytes Received By Node
	3300  -  Total Bytes Sent By Node
	33711  -  Total Bytes Received By Node
...
005 (281952.000.000) 2025-01-26 15:28:35 Job terminated.
	(1) Normal termination (return value 0)
		Usr 0 00:00:01, Sys 0 00:00:01  -  Run Remote Usage
		Usr 0 00:00:00, Sys 0 00:00:00  -  Run Local Usage
		Usr 0 00:00:01, Sys 0 00:00:01  -  Total Remote Usage
		Usr 0 00:00:00, Sys 0 00:00:00  -  Total Local Usage
	3300  -  Run Bytes Sent By Job
	67422  -  Run Bytes Received By Job
	3300  -  Total Bytes Sent By Job
	67422  -  Total Bytes Received By Job
	Partitionable Resources :    Usage  Request Allocated 
	   Cpus                 :                 1         1 
	   Disk (KB)            :       50       35    499302 
	   GPUs                 :                           0 
	   Memory (MB)          :        0        0     53248 

	Job terminated of its own accord at 2025-01-26T15:28:35Z with exit-code 0.
...
000 (288788.000.000) 2025-01-28 21:05:05 Job submitted from host: <192.168.0.102:9618?addrs=192.168.0.102-9618&alias=submitter&noUDP&sock=schedd_2032_5c88>
...
014 (288788.000.000) 2025-01-28 21:05:14 Node 0 executing on host: <192.168.0.123:9618?addrs=192.168.0.123-9618&alias=node123.di.rm1&noUDP&sock=startd_2149_9d1d>
...
014 (288788.000.001) 2025-01-28 21:05:14 Node 1 executing on host: <192.168.0.143:9618?addrs=192.168.0.143-9618&alias=node143.di.rm1&noUDP&sock=startd_2061_40c7>
...
001 (288788.000.000) 2025-01-28 21:05:14 Job executing on host: MPI_job
...
008 (288788.000.000) 2025-01-28 21:05:16 Launching orted on Node 0 of 2
...
008 (288788.000.000) 2025-01-28 21:05:16 Launching orted on Node 1 of 2
...
008 (288788.000.000) 2025-01-28 21:05:17 orted exited on Node 0 of 2
...
008 (288788.000.000) 2025-01-28 21:05:17 orted exited on Node 1 of 2
...
015 (288788.000.000) 2025-01-28 21:05:17 Node 0 terminated.
	(1) Normal termination (return value 0)
		Usr 0 00:00:00, Sys 0 00:00:00  -  Run Remote Usage
		Usr 0 00:00:00, Sys 0 00:00:00  -  Run Local Usage
		Usr 0 00:00:00, Sys 0 00:00:00  -  Total Remote Usage
		Usr 0 00:00:00, Sys 0 00:00:00  -  Total Local Usage
	3300  -  Run Bytes Sent By Node
	33711  -  Run Bytes Received By Node
	3300  -  Total Bytes Sent By Node
	33711  -  Total Bytes Received By Node
...
005 (288788.000.000) 2025-01-28 21:05:17 Job terminated.
	(1) Normal termination (return value 0)
		Usr 0 00:00:00, Sys 0 00:00:00  -  Run Remote Usage
		Usr 0 00:00:00, Sys 0 00:00:00  -  Run Local Usage
		Usr 0 00:00:00, Sys 0 00:00:00  -  Total Remote Usage
		Usr 0 00:00:00, Sys 0 00:00:00  -  Total Local Usage
	3300  -  Run Bytes Sent By Job
	67422  -  Run Bytes Received By Job
	3300  -  Total Bytes Sent By Job
	67422  -  Total Bytes Received By Job
	Partitionable Resources :    Usage  Request Allocated 
	   Cpus                 :                 1         2 
	   Disk (KB)            :       50       35 102979196 
	   GPUs                 :                           0 
	   Memory (MB)          :        0        0    100096 

	Job terminated of its own accord at 2025-01-28T21:05:17Z with exit-code 0.
...
