000 (282462.000.000) 2025-01-26 17:33:11 Job submitted from host: <192.168.0.102:9618?addrs=192.168.0.102-9618&alias=submitter&noUDP&sock=schedd_2032_5c88>
...
014 (282462.000.000) 2025-01-26 17:33:17 Node 0 executing on host: <192.168.0.111:9618?addrs=192.168.0.111-9618&alias=node111.di.rm1&noUDP&sock=startd_2044_97ab>
...
014 (282462.000.003) 2025-01-26 17:33:17 Node 3 executing on host: <192.168.0.137:9618?addrs=192.168.0.137-9618&alias=node137.di.rm1&noUDP&sock=startd_1934_2440>
...
014 (282462.000.001) 2025-01-26 17:33:17 Node 1 executing on host: <192.168.0.112:9618?addrs=192.168.0.112-9618&alias=node112.di.rm1&noUDP&sock=startd_2169_5502>
...
014 (282462.000.002) 2025-01-26 17:33:17 Node 2 executing on host: <192.168.0.122:9618?addrs=192.168.0.122-9618&alias=node122.di.rm1&noUDP&sock=startd_2134_5331>
...
014 (282462.000.006) 2025-01-26 17:33:17 Node 6 executing on host: <192.168.0.139:9618?addrs=192.168.0.139-9618&alias=node139.di.rm1&noUDP&sock=startd_1966_1748>
...
014 (282462.000.004) 2025-01-26 17:33:17 Node 4 executing on host: <192.168.0.141:9618?addrs=192.168.0.141-9618&alias=node141.di.rm1&noUDP&sock=startd_2077_3a4b>
...
014 (282462.000.005) 2025-01-26 17:33:17 Node 5 executing on host: <192.168.0.142:9618?addrs=192.168.0.142-9618&alias=node142.di.rm1&noUDP&sock=startd_1996_ab1f>
...
014 (282462.000.007) 2025-01-26 17:33:17 Node 7 executing on host: <192.168.0.143:9618?addrs=192.168.0.143-9618&alias=node143.di.rm1&noUDP&sock=startd_2061_40c7>
...
001 (282462.000.000) 2025-01-26 17:33:17 Job executing on host: MPI_job
...
008 (282462.000.000) 2025-01-26 17:33:19 Launching orted on Node 3 of 8
...
008 (282462.000.000) 2025-01-26 17:33:19 Launching orted on Node 1 of 8
...
008 (282462.000.000) 2025-01-26 17:33:19 Launching orted on Node 2 of 8
...
008 (282462.000.000) 2025-01-26 17:33:19 Launching orted on Node 6 of 8
...
008 (282462.000.000) 2025-01-26 17:33:19 Launching orted on Node 0 of 8
...
008 (282462.000.000) 2025-01-26 17:33:20 Launching orted on Node 4 of 8
...
008 (282462.000.000) 2025-01-26 17:33:20 Launching orted on Node 5 of 8
...
008 (282462.000.000) 2025-01-26 17:33:20 Launching orted on Node 7 of 8
...
008 (282462.000.000) 2025-01-26 17:34:10 orted exited on Node 3 of 8
...
008 (282462.000.000) 2025-01-26 17:34:10 orted exited on Node 2 of 8
...
008 (282462.000.000) 2025-01-26 17:34:10 orted exited on Node 6 of 8
...
008 (282462.000.000) 2025-01-26 17:34:10 orted exited on Node 1 of 8
...
008 (282462.000.000) 2025-01-26 17:34:10 orted exited on Node 5 of 8
...
008 (282462.000.000) 2025-01-26 17:34:10 orted exited on Node 4 of 8
...
008 (282462.000.000) 2025-01-26 17:34:10 orted exited on Node 7 of 8
...
008 (282462.000.000) 2025-01-26 17:34:10 orted exited on Node 0 of 8
...
015 (282462.000.003) 2025-01-26 17:34:10 Node 3 terminated.
	(1) Normal termination (return value 0)
		Usr 0 00:00:38, Sys 0 00:00:10  -  Run Remote Usage
		Usr 0 00:00:00, Sys 0 00:00:00  -  Run Local Usage
		Usr 0 00:00:38, Sys 0 00:00:10  -  Total Remote Usage
		Usr 0 00:00:00, Sys 0 00:00:00  -  Total Local Usage
	2165  -  Run Bytes Sent By Node
	33711  -  Run Bytes Received By Node
	2165  -  Total Bytes Sent By Node
	33711  -  Total Bytes Received By Node
...
015 (282462.000.006) 2025-01-26 17:34:10 Node 6 terminated.
	(1) Normal termination (return value 0)
		Usr 0 00:00:39, Sys 0 00:00:10  -  Run Remote Usage
		Usr 0 00:00:00, Sys 0 00:00:00  -  Run Local Usage
		Usr 0 00:00:39, Sys 0 00:00:10  -  Total Remote Usage
		Usr 0 00:00:00, Sys 0 00:00:00  -  Total Local Usage
	2165  -  Run Bytes Sent By Node
	33711  -  Run Bytes Received By Node
	2165  -  Total Bytes Sent By Node
	33711  -  Total Bytes Received By Node
...
015 (282462.000.001) 2025-01-26 17:34:10 Node 1 terminated.
	(1) Normal termination (return value 0)
		Usr 0 00:00:38, Sys 0 00:00:10  -  Run Remote Usage
		Usr 0 00:00:00, Sys 0 00:00:00  -  Run Local Usage
		Usr 0 00:00:38, Sys 0 00:00:10  -  Total Remote Usage
		Usr 0 00:00:00, Sys 0 00:00:00  -  Total Local Usage
	2187  -  Run Bytes Sent By Node
	33711  -  Run Bytes Received By Node
	2187  -  Total Bytes Sent By Node
	33711  -  Total Bytes Received By Node
...
015 (282462.000.002) 2025-01-26 17:34:10 Node 2 terminated.
	(1) Normal termination (return value 0)
		Usr 0 00:00:38, Sys 0 00:00:10  -  Run Remote Usage
		Usr 0 00:00:00, Sys 0 00:00:00  -  Run Local Usage
		Usr 0 00:00:38, Sys 0 00:00:10  -  Total Remote Usage
		Usr 0 00:00:00, Sys 0 00:00:00  -  Total Local Usage
	2187  -  Run Bytes Sent By Node
	33711  -  Run Bytes Received By Node
	2187  -  Total Bytes Sent By Node
	33711  -  Total Bytes Received By Node
...
015 (282462.000.005) 2025-01-26 17:34:10 Node 5 terminated.
	(1) Normal termination (return value 0)
		Usr 0 00:00:38, Sys 0 00:00:10  -  Run Remote Usage
		Usr 0 00:00:00, Sys 0 00:00:00  -  Run Local Usage
		Usr 0 00:00:38, Sys 0 00:00:10  -  Total Remote Usage
		Usr 0 00:00:00, Sys 0 00:00:00  -  Total Local Usage
	2165  -  Run Bytes Sent By Node
	33711  -  Run Bytes Received By Node
	2165  -  Total Bytes Sent By Node
	33711  -  Total Bytes Received By Node
...
015 (282462.000.004) 2025-01-26 17:34:10 Node 4 terminated.
	(1) Normal termination (return value 0)
		Usr 0 00:00:39, Sys 0 00:00:10  -  Run Remote Usage
		Usr 0 00:00:00, Sys 0 00:00:00  -  Run Local Usage
		Usr 0 00:00:39, Sys 0 00:00:10  -  Total Remote Usage
		Usr 0 00:00:00, Sys 0 00:00:00  -  Total Local Usage
	2165  -  Run Bytes Sent By Node
	33711  -  Run Bytes Received By Node
	2165  -  Total Bytes Sent By Node
	33711  -  Total Bytes Received By Node
...
015 (282462.000.000) 2025-01-26 17:34:10 Node 0 terminated.
	(1) Normal termination (return value 0)
		Usr 0 00:00:00, Sys 0 00:00:00  -  Run Remote Usage
		Usr 0 00:00:00, Sys 0 00:00:00  -  Run Local Usage
		Usr 0 00:00:00, Sys 0 00:00:00  -  Total Remote Usage
		Usr 0 00:00:00, Sys 0 00:00:00  -  Total Local Usage
	3308  -  Run Bytes Sent By Node
	33711  -  Run Bytes Received By Node
	3308  -  Total Bytes Sent By Node
	33711  -  Total Bytes Received By Node
...
005 (282462.000.000) 2025-01-26 17:34:10 Job terminated.
	(1) Normal termination (return value 0)
		Usr 0 00:04:38, Sys 0 00:01:00  -  Run Remote Usage
		Usr 0 00:00:00, Sys 0 00:00:00  -  Run Local Usage
		Usr 0 00:00:00, Sys 0 00:00:00  -  Total Remote Usage
		Usr 0 00:00:00, Sys 0 00:00:00  -  Total Local Usage
	16342  -  Run Bytes Sent By Job
	269688  -  Run Bytes Received By Job
	16342  -  Total Bytes Sent By Job
	269688  -  Total Bytes Received By Job
	Partitionable Resources :    Usage  Request Allocated 
	   Cpus                 :                 1        32 
	   Disk (KB)            :       51       35    468058 
	   GPUs                 :                           0 
	   Memory (MB)          :      211        1       128 

	Job terminated of its own accord at 2025-01-26T17:34:10Z with exit-code 0.
...
000 (289323.000.000) 2025-01-28 23:18:30 Job submitted from host: <192.168.0.102:9618?addrs=192.168.0.102-9618&alias=submitter&noUDP&sock=schedd_2032_5c88>
...
014 (289323.000.000) 2025-01-28 23:18:32 Node 0 executing on host: <192.168.0.114:9618?addrs=192.168.0.114-9618&alias=node114.di.rm1&noUDP&sock=startd_2075_db1b>
...
014 (289323.000.003) 2025-01-28 23:18:32 Node 3 executing on host: <192.168.0.135:9618?addrs=192.168.0.135-9618&alias=node135.di.rm1&noUDP&sock=startd_2000_6980>
...
014 (289323.000.007) 2025-01-28 23:18:32 Node 7 executing on host: <192.168.0.135:9618?addrs=192.168.0.135-9618&alias=node135.di.rm1&noUDP&sock=startd_2000_6980>
...
014 (289323.000.002) 2025-01-28 23:18:32 Node 2 executing on host: <192.168.0.105:9618?addrs=192.168.0.105-9618&alias=node105.di.rm1&noUDP&sock=startd_1951_cd5c>
...
014 (289323.000.004) 2025-01-28 23:18:32 Node 4 executing on host: <192.168.0.115:9618?addrs=192.168.0.115-9618&alias=node115.di.rm1&noUDP&sock=startd_1101621_f4a0>
...
014 (289323.000.006) 2025-01-28 23:18:32 Node 6 executing on host: <192.168.0.120:9618?addrs=192.168.0.120-9618&alias=node120.di.rm1&noUDP&sock=startd_2096_4298>
...
014 (289323.000.001) 2025-01-28 23:18:32 Node 1 executing on host: <192.168.0.123:9618?addrs=192.168.0.123-9618&alias=node123.di.rm1&noUDP&sock=startd_2149_9d1d>
...
014 (289323.000.005) 2025-01-28 23:18:32 Node 5 executing on host: <192.168.0.145:9618?addrs=192.168.0.145-9618&alias=node145.di.rm1&noUDP&sock=startd_1869_8e98>
...
001 (289323.000.000) 2025-01-28 23:18:32 Job executing on host: MPI_job
...
008 (289323.000.000) 2025-01-28 23:18:34 Launching orted on Node 0 of 8
...
008 (289323.000.000) 2025-01-28 23:18:34 Launching orted on Node 3 of 8
...
008 (289323.000.000) 2025-01-28 23:18:34 Launching orted on Node 7 of 8
...
008 (289323.000.000) 2025-01-28 23:18:34 Launching orted on Node 2 of 8
...
008 (289323.000.000) 2025-01-28 23:18:34 Launching orted on Node 6 of 8
...
008 (289323.000.000) 2025-01-28 23:18:34 Launching orted on Node 4 of 8
...
008 (289323.000.000) 2025-01-28 23:18:34 Launching orted on Node 1 of 8
...
008 (289323.000.000) 2025-01-28 23:18:35 Launching orted on Node 5 of 8
...
008 (289323.000.000) 2025-01-28 23:19:14 orted exited on Node 2 of 8
...
008 (289323.000.000) 2025-01-28 23:19:14 orted exited on Node 0 of 8
...
008 (289323.000.000) 2025-01-28 23:19:14 orted exited on Node 1 of 8
...
008 (289323.000.000) 2025-01-28 23:19:14 orted exited on Node 3 of 8
...
008 (289323.000.000) 2025-01-28 23:19:14 orted exited on Node 4 of 8
...
008 (289323.000.000) 2025-01-28 23:19:14 orted exited on Node 5 of 8
...
008 (289323.000.000) 2025-01-28 23:19:14 orted exited on Node 6 of 8
...
008 (289323.000.000) 2025-01-28 23:19:14 orted exited on Node 7 of 8
...
015 (289323.000.003) 2025-01-28 23:19:14 Node 3 terminated.
	(1) Normal termination (return value 0)
		Usr 0 00:00:38, Sys 0 00:00:01  -  Run Remote Usage
		Usr 0 00:00:00, Sys 0 00:00:00  -  Run Local Usage
		Usr 0 00:00:38, Sys 0 00:00:01  -  Total Remote Usage
		Usr 0 00:00:00, Sys 0 00:00:00  -  Total Local Usage
	2165  -  Run Bytes Sent By Node
	33711  -  Run Bytes Received By Node
	2165  -  Total Bytes Sent By Node
	33711  -  Total Bytes Received By Node
...
015 (289323.000.000) 2025-01-28 23:19:14 Node 0 terminated.
	(1) Normal termination (return value 0)
		Usr 0 00:00:06, Sys 0 00:00:00  -  Run Remote Usage
		Usr 0 00:00:00, Sys 0 00:00:00  -  Run Local Usage
		Usr 0 00:00:06, Sys 0 00:00:00  -  Total Remote Usage
		Usr 0 00:00:00, Sys 0 00:00:00  -  Total Local Usage
	3264  -  Run Bytes Sent By Node
	33711  -  Run Bytes Received By Node
	3264  -  Total Bytes Sent By Node
	33711  -  Total Bytes Received By Node
...
005 (289323.000.000) 2025-01-28 23:19:15 Job terminated.
	(1) Normal termination (return value 0)
		Usr 0 00:04:33, Sys 0 00:00:06  -  Run Remote Usage
		Usr 0 00:00:00, Sys 0 00:00:00  -  Run Local Usage
		Usr 0 00:00:01, Sys 0 00:00:00  -  Total Remote Usage
		Usr 0 00:00:00, Sys 0 00:00:00  -  Total Local Usage
	7616  -  Run Bytes Sent By Job
	269688  -  Run Bytes Received By Job
	7616  -  Total Bytes Sent By Job
	269688  -  Total Bytes Received By Job
	Partitionable Resources :    Usage  Request Allocated 
	   Cpus                 :     0.95        1         2 
	   Disk (KB)            :    57          35 102671250 
	   Memory (MB)          :   277          85    100096 

	Job terminated of its own accord at 2025-01-28T23:19:14Z with exit-code 0.
...
