000 (274277.000.000) 2025-01-23 11:47:23 Job submitted from host: <192.168.0.102:9618?addrs=192.168.0.102-9618&alias=submitter&noUDP&sock=schedd_2032_5c88>
...
014 (274277.000.000) 2025-01-23 11:47:27 Node 0 executing on host: <192.168.0.149:9618?addrs=192.168.0.149-9618&alias=node149.di.rm1&noUDP&sock=startd_1551_6f7a>
...
014 (274277.000.005) 2025-01-23 11:47:27 Node 5 executing on host: <192.168.0.149:9618?addrs=192.168.0.149-9618&alias=node149.di.rm1&noUDP&sock=startd_1551_6f7a>
...
014 (274277.000.001) 2025-01-23 11:47:27 Node 1 executing on host: <192.168.0.138:9618?addrs=192.168.0.138-9618&alias=node138.di.rm1&noUDP&sock=startd_2998744_89a3>
...
014 (274277.000.002) 2025-01-23 11:47:27 Node 2 executing on host: <192.168.0.142:9618?addrs=192.168.0.142-9618&alias=node142.di.rm1&noUDP&sock=startd_1996_ab1f>
...
014 (274277.000.003) 2025-01-23 11:47:27 Node 3 executing on host: <192.168.0.134:9618?addrs=192.168.0.134-9618&alias=node134.di.rm1&noUDP&sock=startd_2073_7bea>
...
014 (274277.000.006) 2025-01-23 11:47:27 Node 6 executing on host: <192.168.0.142:9618?addrs=192.168.0.142-9618&alias=node142.di.rm1&noUDP&sock=startd_1996_ab1f>
...
014 (274277.000.004) 2025-01-23 11:47:27 Node 4 executing on host: <192.168.0.143:9618?addrs=192.168.0.143-9618&alias=node143.di.rm1&noUDP&sock=startd_2061_40c7>
...
014 (274277.000.007) 2025-01-23 11:47:27 Node 7 executing on host: <192.168.0.104:9618?addrs=192.168.0.104-9618&alias=node104.di.rm1&noUDP&sock=startd_1987_7ec5>
...
001 (274277.000.000) 2025-01-23 11:47:27 Job executing on host: MPI_job
...
008 (274277.000.000) 2025-01-23 11:47:29 Launching orted on Node 0 of 8
...
008 (274277.000.000) 2025-01-23 11:47:29 Launching orted on Node 5 of 8
...
008 (274277.000.000) 2025-01-23 11:47:29 Launching orted on Node 1 of 8
...
008 (274277.000.000) 2025-01-23 11:47:29 Launching orted on Node 3 of 8
...
008 (274277.000.000) 2025-01-23 11:47:29 Launching orted on Node 6 of 8
...
008 (274277.000.000) 2025-01-23 11:47:29 Launching orted on Node 7 of 8
...
008 (274277.000.000) 2025-01-23 11:47:29 Launching orted on Node 4 of 8
...
008 (274277.000.000) 2025-01-23 11:47:29 Launching orted on Node 2 of 8
...
008 (274277.000.000) 2025-01-23 11:48:03 orted exited on Node 0 of 8
...
008 (274277.000.000) 2025-01-23 11:48:03 orted exited on Node 1 of 8
...
008 (274277.000.000) 2025-01-23 11:48:03 orted exited on Node 3 of 8
...
008 (274277.000.000) 2025-01-23 11:48:03 orted exited on Node 5 of 8
...
008 (274277.000.000) 2025-01-23 11:48:03 orted exited on Node 7 of 8
...
008 (274277.000.000) 2025-01-23 11:48:03 orted exited on Node 4 of 8
...
008 (274277.000.000) 2025-01-23 11:48:03 orted exited on Node 6 of 8
...
008 (274277.000.000) 2025-01-23 11:48:03 orted exited on Node 2 of 8
...
015 (274277.000.003) 2025-01-23 11:48:03 Node 3 terminated.
	(1) Normal termination (return value 0)
		Usr 0 00:00:34, Sys 0 00:00:00  -  Run Remote Usage
		Usr 0 00:00:00, Sys 0 00:00:00  -  Run Local Usage
		Usr 0 00:00:34, Sys 0 00:00:00  -  Total Remote Usage
		Usr 0 00:00:00, Sys 0 00:00:00  -  Total Local Usage
	2165  -  Run Bytes Sent By Node
	33639  -  Run Bytes Received By Node
	2165  -  Total Bytes Sent By Node
	33639  -  Total Bytes Received By Node
...
015 (274277.000.005) 2025-01-23 11:48:03 Node 5 terminated.
	(1) Normal termination (return value 0)
		Usr 0 00:00:34, Sys 0 00:00:01  -  Run Remote Usage
		Usr 0 00:00:00, Sys 0 00:00:00  -  Run Local Usage
		Usr 0 00:00:34, Sys 0 00:00:01  -  Total Remote Usage
		Usr 0 00:00:00, Sys 0 00:00:00  -  Total Local Usage
	0  -  Run Bytes Sent By Node
	33639  -  Run Bytes Received By Node
	0  -  Total Bytes Sent By Node
	33639  -  Total Bytes Received By Node
...
015 (274277.000.001) 2025-01-23 11:48:03 Node 1 terminated.
	(1) Normal termination (return value 0)
		Usr 0 00:00:33, Sys 0 00:00:00  -  Run Remote Usage
		Usr 0 00:00:00, Sys 0 00:00:00  -  Run Local Usage
		Usr 0 00:00:33, Sys 0 00:00:00  -  Total Remote Usage
		Usr 0 00:00:00, Sys 0 00:00:00  -  Total Local Usage
	2165  -  Run Bytes Sent By Node
	33639  -  Run Bytes Received By Node
	2165  -  Total Bytes Sent By Node
	33639  -  Total Bytes Received By Node
...
015 (274277.000.000) 2025-01-23 11:48:03 Node 0 terminated.
	(1) Normal termination (return value 0)
		Usr 0 00:00:05, Sys 0 00:00:00  -  Run Remote Usage
		Usr 0 00:00:00, Sys 0 00:00:00  -  Run Local Usage
		Usr 0 00:00:05, Sys 0 00:00:00  -  Total Remote Usage
		Usr 0 00:00:00, Sys 0 00:00:00  -  Total Local Usage
	3263  -  Run Bytes Sent By Node
	33639  -  Run Bytes Received By Node
	3263  -  Total Bytes Sent By Node
	33639  -  Total Bytes Received By Node
...
005 (274277.000.000) 2025-01-23 11:48:03 Job terminated.
	(1) Normal termination (return value 0)
		Usr 0 00:03:58, Sys 0 00:00:01  -  Run Remote Usage
		Usr 0 00:00:00, Sys 0 00:00:00  -  Run Local Usage
		Usr 0 00:00:05, Sys 0 00:00:00  -  Total Remote Usage
		Usr 0 00:00:00, Sys 0 00:00:00  -  Total Local Usage
	11923  -  Run Bytes Sent By Job
	269112  -  Run Bytes Received By Job
	11923  -  Total Bytes Sent By Job
	269112  -  Total Bytes Received By Job
	Partitionable Resources :    Usage  Request Allocated 
	   Cpus                 :                 1        10 
	   Disk (KB)            :       50       35  10854700 
	   Memory (MB)          :       37        1    131072 

	Job terminated of its own accord at 2025-01-23T11:48:03Z with exit-code 0.
...
000 (279582.000.000) 2025-01-24 11:02:07 Job submitted from host: <192.168.0.102:9618?addrs=192.168.0.102-9618&alias=submitter&noUDP&sock=schedd_2032_5c88>
...
014 (279582.000.000) 2025-01-24 11:02:09 Node 0 executing on host: <192.168.0.149:9618?addrs=192.168.0.149-9618&alias=node149.di.rm1&noUDP&sock=startd_1551_6f7a>
...
014 (279582.000.006) 2025-01-24 11:02:09 Node 6 executing on host: <192.168.0.110:9618?addrs=192.168.0.110-9618&alias=node110.di.rm1&noUDP&sock=startd_2185_4e86>
...
014 (279582.000.001) 2025-01-24 11:02:09 Node 1 executing on host: <192.168.0.114:9618?addrs=192.168.0.114-9618&alias=node114.di.rm1&noUDP&sock=startd_2075_db1b>
...
014 (279582.000.005) 2025-01-24 11:02:09 Node 5 executing on host: <192.168.0.145:9618?addrs=192.168.0.145-9618&alias=node145.di.rm1&noUDP&sock=startd_1869_8e98>
...
014 (279582.000.004) 2025-01-24 11:02:09 Node 4 executing on host: <192.168.0.133:9618?addrs=192.168.0.133-9618&alias=node133.di.rm1&noUDP&sock=startd_1941_f16a>
...
014 (279582.000.002) 2025-01-24 11:02:09 Node 2 executing on host: <192.168.0.123:9618?addrs=192.168.0.123-9618&alias=node123.di.rm1&noUDP&sock=startd_2149_9d1d>
...
014 (279582.000.007) 2025-01-24 11:02:09 Node 7 executing on host: <192.168.0.143:9618?addrs=192.168.0.143-9618&alias=node143.di.rm1&noUDP&sock=startd_2061_40c7>
...
014 (279582.000.003) 2025-01-24 11:02:09 Node 3 executing on host: <192.168.0.142:9618?addrs=192.168.0.142-9618&alias=node142.di.rm1&noUDP&sock=startd_1996_ab1f>
...
001 (279582.000.000) 2025-01-24 11:02:09 Job executing on host: MPI_job
...
008 (279582.000.000) 2025-01-24 11:02:11 Launching orted on Node 0 of 8
...
008 (279582.000.000) 2025-01-24 11:02:11 Launching orted on Node 6 of 8
...
008 (279582.000.000) 2025-01-24 11:02:11 Launching orted on Node 1 of 8
...
008 (279582.000.000) 2025-01-24 11:02:11 Launching orted on Node 5 of 8
...
008 (279582.000.000) 2025-01-24 11:02:11 Launching orted on Node 4 of 8
...
008 (279582.000.000) 2025-01-24 11:02:11 Launching orted on Node 2 of 8
...
008 (279582.000.000) 2025-01-24 11:02:12 Launching orted on Node 7 of 8
...
008 (279582.000.000) 2025-01-24 11:02:12 Launching orted on Node 3 of 8
...
008 (279582.000.000) 2025-01-24 11:02:52 orted exited on Node 1 of 8
...
008 (279582.000.000) 2025-01-24 11:02:52 orted exited on Node 6 of 8
...
008 (279582.000.000) 2025-01-24 11:02:52 orted exited on Node 0 of 8
...
008 (279582.000.000) 2025-01-24 11:02:52 orted exited on Node 3 of 8
...
008 (279582.000.000) 2025-01-24 11:02:52 orted exited on Node 2 of 8
...
008 (279582.000.000) 2025-01-24 11:02:52 orted exited on Node 4 of 8
...
008 (279582.000.000) 2025-01-24 11:02:52 orted exited on Node 5 of 8
...
008 (279582.000.000) 2025-01-24 11:02:52 orted exited on Node 7 of 8
...
015 (279582.000.000) 2025-01-24 11:02:52 Node 0 terminated.
	(1) Normal termination (return value 0)
		Usr 0 00:00:06, Sys 0 00:00:01  -  Run Remote Usage
		Usr 0 00:00:00, Sys 0 00:00:00  -  Run Local Usage
		Usr 0 00:00:06, Sys 0 00:00:01  -  Total Remote Usage
		Usr 0 00:00:00, Sys 0 00:00:00  -  Total Local Usage
	3263  -  Run Bytes Sent By Node
	33639  -  Run Bytes Received By Node
	3263  -  Total Bytes Sent By Node
	33639  -  Total Bytes Received By Node
...
005 (279582.000.000) 2025-01-24 11:02:52 Job terminated.
	(1) Normal termination (return value 0)
		Usr 0 00:04:13, Sys 0 00:00:25  -  Run Remote Usage
		Usr 0 00:00:00, Sys 0 00:00:00  -  Run Local Usage
		Usr 0 00:00:01, Sys 0 00:00:01  -  Total Remote Usage
		Usr 0 00:00:00, Sys 0 00:00:00  -  Total Local Usage
	3263  -  Run Bytes Sent By Job
	269112  -  Run Bytes Received By Job
	3263  -  Total Bytes Sent By Job
	269112  -  Total Bytes Received By Job
	Partitionable Resources :    Usage  Request Allocated 
	   Cpus                 :     1.00        1         1 
	   Disk (KB)            :    56          35    471944 
	   Memory (MB)          :    37          26     20480 

	Job terminated of its own accord at 2025-01-24T11:02:52Z with exit-code 0.
...
