000 (261972.000.000) 2025-01-16 18:00:53 Job submitted from host: <192.168.0.102:9618?addrs=192.168.0.102-9618&alias=submitter&noUDP&sock=schedd_2032_5c88>
...
001 (261972.000.000) 2025-01-16 18:00:58 Job executing on host: <192.168.0.143:9618?addrs=192.168.0.143-9618&alias=node143.di.rm1&noUDP&sock=startd_2061_40c7>
...
006 (261972.000.000) 2025-01-16 18:01:07 Image size of job updated: 1592116
	720  -  MemoryUsage of job (MB)
	737088  -  ResidentSetSize of job (KB)
...
006 (261972.000.000) 2025-01-16 18:06:07 Image size of job updated: 28544472
	27876  -  MemoryUsage of job (MB)
	28544472  -  ResidentSetSize of job (KB)
...
006 (261972.000.000) 2025-01-16 18:11:07 Image size of job updated: 56195436
	54879  -  MemoryUsage of job (MB)
	56195436  -  ResidentSetSize of job (KB)
...
006 (261972.000.000) 2025-01-16 18:16:08 Image size of job updated: 69668792
	68032  -  MemoryUsage of job (MB)
	69664220  -  ResidentSetSize of job (KB)
...
004 (261972.000.000) 2025-01-16 18:16:26 Job was evicted.
	(0) CPU times
		Usr 0 00:14:51, Sys 0 00:00:36  -  Run Remote Usage
		Usr 0 00:00:00, Sys 0 00:00:00  -  Run Local Usage
	0  -  Run Bytes Sent By Job
	0  -  Run Bytes Received By Job
	Partitionable Resources :    Usage  Request Allocated 
	   Cpus                 :     1.00        1         1 
	   Disk (KB)            :    27          27    459633 
	   Memory (MB)          : 68032           1       128 
...
009 (261972.000.000) 2025-01-16 18:16:26 Job was aborted.
	via condor_rm (by user calzona_2046920)
...
