000 (270870.000.000) 2025-01-22 00:22:47 Job submitted from host: <192.168.0.102:9618?addrs=192.168.0.102-9618&alias=submitter&noUDP&sock=schedd_2032_5c88>
...
001 (270870.000.000) 2025-01-22 00:23:07 Job executing on host: <192.168.0.147:9618?addrs=192.168.0.147-9618&alias=node147.di.rm1&noUDP&sock=startd_1513_5ee1>
...
006 (270870.000.000) 2025-01-22 00:23:15 Image size of job updated: 1239156
	434  -  MemoryUsage of job (MB)
	443520  -  ResidentSetSize of job (KB)
...
006 (270870.000.000) 2025-01-22 00:23:48 Image size of job updated: 2761512
	435  -  MemoryUsage of job (MB)
	444972  -  ResidentSetSize of job (KB)
...
004 (270870.000.000) 2025-01-22 00:23:48 Job was evicted.
	(0) CPU times
		Usr 0 00:00:40, Sys 0 00:00:00  -  Run Remote Usage
		Usr 0 00:00:00, Sys 0 00:00:00  -  Run Local Usage
	0  -  Run Bytes Sent By Job
	0  -  Run Bytes Received By Job
	Partitionable Resources :    Usage  Request Allocated 
	   Cpus                 :                 1         1 
	   Disk (KB)            :       27       27    469805 
	   Memory (MB)          :      435        1       128 
...
009 (270870.000.000) 2025-01-22 00:23:48 Job was aborted.
	via condor_rm (by user calzona_2046920)
...
