000 (271389.000.000) 2025-01-22 00:57:39 Job submitted from host: <192.168.0.102:9618?addrs=192.168.0.102-9618&alias=submitter&noUDP&sock=schedd_2032_5c88>
...
001 (271389.000.000) 2025-01-22 00:57:48 Job executing on host: <192.168.0.110:9618?addrs=192.168.0.110-9618&alias=node110.di.rm1&noUDP&sock=startd_2185_4e86>
...
006 (271389.000.000) 2025-01-22 00:57:57 Image size of job updated: 450516
	440  -  MemoryUsage of job (MB)
	450516  -  ResidentSetSize of job (KB)
...
006 (271389.000.000) 2025-01-22 00:58:40 Image size of job updated: 2435136
	442  -  MemoryUsage of job (MB)
	451704  -  ResidentSetSize of job (KB)
...
004 (271389.000.000) 2025-01-22 00:58:40 Job was evicted.
	(0) CPU times
		Usr 0 00:00:50, Sys 0 00:00:01  -  Run Remote Usage
		Usr 0 00:00:00, Sys 0 00:00:00  -  Run Local Usage
	0  -  Run Bytes Sent By Job
	0  -  Run Bytes Received By Job
	Partitionable Resources :    Usage  Request Allocated 
	   Cpus                 :                 1         1 
	   Disk (KB)            :       27       27    468087 
	   Gpus (Average)       :                 0         0 
	   Memory (MB)          :      442        1       128 
...
009 (271389.000.000) 2025-01-22 00:58:40 Job was aborted.
	via condor_rm (by user calzona_2046920)
...
000 (277543.000.000) 2025-01-24 06:38:03 Job submitted from host: <192.168.0.102:9618?addrs=192.168.0.102-9618&alias=submitter&noUDP&sock=schedd_2032_5c88>
...
001 (277543.000.000) 2025-01-24 06:38:15 Job executing on host: <192.168.0.121:9618?addrs=192.168.0.121-9618&alias=node121.di.rm1&noUDP&sock=startd_2146_8e54>
...
006 (277543.000.000) 2025-01-24 06:38:23 Image size of job updated: 401860
	388  -  MemoryUsage of job (MB)
	397144  -  ResidentSetSize of job (KB)
...
006 (277543.000.000) 2025-01-24 06:40:05 Image size of job updated: 5235832
	388  -  MemoryUsage of job (MB)
	397144  -  ResidentSetSize of job (KB)
...
004 (277543.000.000) 2025-01-24 06:40:05 Job was evicted.
	(0) CPU times
		Usr 0 00:01:48, Sys 0 00:00:02  -  Run Remote Usage
		Usr 0 00:00:00, Sys 0 00:00:00  -  Run Local Usage
	0  -  Run Bytes Sent By Job
	0  -  Run Bytes Received By Job
	Partitionable Resources :    Usage  Request Allocated 
	   Cpus                 :     1.00        1         1 
	   Disk (KB)            :    27          27    467232 
	   Memory (MB)          :   388           1       128 
...
009 (277543.000.000) 2025-01-24 06:40:05 Job was aborted.
	via condor_rm (by user calzona_2046920)
...
