000 (264048.000.000) 2025-01-17 11:21:12 Job submitted from host: <192.168.0.102:9618?addrs=192.168.0.102-9618&alias=submitter&noUDP&sock=schedd_2032_5c88>
...
001 (264048.000.000) 2025-01-17 11:21:13 Job executing on host: <192.168.0.124:9618?addrs=192.168.0.124-9618&alias=node124.di.rm1&noUDP&sock=startd_2143_7f8b>
...
006 (264048.000.000) 2025-01-17 11:21:22 Image size of job updated: 382412
	372  -  MemoryUsage of job (MB)
	380028  -  ResidentSetSize of job (KB)
...
006 (264048.000.000) 2025-01-17 11:29:48 Image size of job updated: 2210784
	2043  -  MemoryUsage of job (MB)
	2091628  -  ResidentSetSize of job (KB)
...
004 (264048.000.000) 2025-01-17 11:34:00 Job was evicted.
	(0) CPU times
		Usr 0 00:17:21, Sys 0 00:05:12  -  Run Remote Usage
		Usr 0 00:00:00, Sys 0 00:00:00  -  Run Local Usage
	0  -  Run Bytes Sent By Job
	0  -  Run Bytes Received By Job
	Partitionable Resources :    Usage  Request Allocated 
	   Cpus                 :     1.17        1         1 
	   Disk (KB)            :    27          27    499302 
	   Gpus (Average)       :                 0         0 
	   Memory (MB)          :  2043           1       128 
...
009 (264048.000.000) 2025-01-17 11:34:00 Job was aborted.
	via condor_rm (by user calzona_2046920)
...
