000 (273763.000.000) 2025-01-23 11:19:21 Job submitted from host: <192.168.0.102:9618?addrs=192.168.0.102-9618&alias=submitter&noUDP&sock=schedd_2032_5c88>
...
014 (273763.000.000) 2025-01-23 11:19:28 Node 0 executing on host: <192.168.0.113:9618?addrs=192.168.0.113-9618&alias=node113.di.rm1&noUDP&sock=startd_3668932_c305>
...
014 (273763.000.002) 2025-01-23 11:19:28 Node 2 executing on host: <192.168.0.113:9618?addrs=192.168.0.113-9618&alias=node113.di.rm1&noUDP&sock=startd_3668932_c305>
...
014 (273763.000.001) 2025-01-23 11:19:28 Node 1 executing on host: <192.168.0.141:9618?addrs=192.168.0.141-9618&alias=node141.di.rm1&noUDP&sock=startd_2077_3a4b>
...
014 (273763.000.003) 2025-01-23 11:19:28 Node 3 executing on host: <192.168.0.141:9618?addrs=192.168.0.141-9618&alias=node141.di.rm1&noUDP&sock=startd_2077_3a4b>
...
001 (273763.000.000) 2025-01-23 11:19:28 Job executing on host: MPI_job
...
008 (273763.000.000) 2025-01-23 11:19:30 Launching orted on Node 0 of 4
...
008 (273763.000.000) 2025-01-23 11:19:30 Launching orted on Node 2 of 4
...
008 (273763.000.000) 2025-01-23 11:19:30 Launching orted on Node 1 of 4
...
008 (273763.000.000) 2025-01-23 11:19:30 Launching orted on Node 3 of 4
...
008 (273763.000.000) 2025-01-23 11:19:31 orted exited on Node 1 of 4
...
008 (273763.000.000) 2025-01-23 11:19:31 orted exited on Node 2 of 4
...
008 (273763.000.000) 2025-01-23 11:19:31 orted exited on Node 3 of 4
...
008 (273763.000.000) 2025-01-23 11:19:31 orted exited on Node 0 of 4
...
015 (273763.000.001) 2025-01-23 11:19:31 Node 1 terminated.
	(1) Normal termination (return value 0)
		Usr 0 00:00:00, Sys 0 00:00:00  -  Run Remote Usage
		Usr 0 00:00:00, Sys 0 00:00:00  -  Run Local Usage
		Usr 0 00:00:00, Sys 0 00:00:00  -  Total Remote Usage
		Usr 0 00:00:00, Sys 0 00:00:00  -  Total Local Usage
	2165  -  Run Bytes Sent By Node
	33639  -  Run Bytes Received By Node
	2165  -  Total Bytes Sent By Node
	33639  -  Total Bytes Received By Node
...
015 (273763.000.002) 2025-01-23 11:19:31 Node 2 terminated.
	(1) Normal termination (return value 0)
		Usr 0 00:00:00, Sys 0 00:00:00  -  Run Remote Usage
		Usr 0 00:00:00, Sys 0 00:00:00  -  Run Local Usage
		Usr 0 00:00:00, Sys 0 00:00:00  -  Total Remote Usage
		Usr 0 00:00:00, Sys 0 00:00:00  -  Total Local Usage
	22  -  Run Bytes Sent By Node
	33639  -  Run Bytes Received By Node
	22  -  Total Bytes Sent By Node
	33639  -  Total Bytes Received By Node
...
015 (273763.000.000) 2025-01-23 11:19:31 Node 0 terminated.
	(1) Normal termination (return value 0)
		Usr 0 00:00:00, Sys 0 00:00:00  -  Run Remote Usage
		Usr 0 00:00:00, Sys 0 00:00:00  -  Run Local Usage
		Usr 0 00:00:00, Sys 0 00:00:00  -  Total Remote Usage
		Usr 0 00:00:00, Sys 0 00:00:00  -  Total Local Usage
	3305  -  Run Bytes Sent By Node
	33639  -  Run Bytes Received By Node
	3305  -  Total Bytes Sent By Node
	33639  -  Total Bytes Received By Node
...
005 (273763.000.000) 2025-01-23 11:19:31 Job terminated.
	(1) Normal termination (return value 0)
		Usr 0 00:00:00, Sys 0 00:00:00  -  Run Remote Usage
		Usr 0 00:00:00, Sys 0 00:00:00  -  Run Local Usage
		Usr 0 00:00:00, Sys 0 00:00:00  -  Total Remote Usage
		Usr 0 00:00:00, Sys 0 00:00:00  -  Total Local Usage
	5492  -  Run Bytes Sent By Job
	134556  -  Run Bytes Received By Job
	5492  -  Total Bytes Sent By Job
	134556  -  Total Bytes Received By Job
	Partitionable Resources :    Usage  Request Allocated 
	   Cpus                 :                 1         1 
	   Disk (KB)            :       51       35  21608416 
	   GPUs                 :                           1 
	   Memory (MB)          :        0        0     20480 

	Job terminated of its own accord at 2025-01-23T11:19:31Z with exit-code 0.
...
000 (278509.000.000) 2025-01-24 09:04:18 Job submitted from host: <192.168.0.102:9618?addrs=192.168.0.102-9618&alias=submitter&noUDP&sock=schedd_2032_5c88>
...
014 (278509.000.000) 2025-01-24 09:04:20 Node 0 executing on host: <192.168.0.149:9618?addrs=192.168.0.149-9618&alias=node149.di.rm1&noUDP&sock=startd_1551_6f7a>
...
014 (278509.000.003) 2025-01-24 09:04:20 Node 3 executing on host: <192.168.0.134:9618?addrs=192.168.0.134-9618&alias=node134.di.rm1&noUDP&sock=startd_2073_7bea>
...
014 (278509.000.001) 2025-01-24 09:04:20 Node 1 executing on host: <192.168.0.109:9618?addrs=192.168.0.109-9618&alias=node109.di.rm1&noUDP&sock=startd_1627_90ad>
...
014 (278509.000.002) 2025-01-24 09:04:20 Node 2 executing on host: <192.168.0.104:9618?addrs=192.168.0.104-9618&alias=node104.di.rm1&noUDP&sock=startd_1987_7ec5>
...
001 (278509.000.000) 2025-01-24 09:04:20 Job executing on host: MPI_job
...
008 (278509.000.000) 2025-01-24 09:04:22 Launching orted on Node 0 of 4
...
008 (278509.000.000) 2025-01-24 09:04:22 Launching orted on Node 3 of 4
...
008 (278509.000.000) 2025-01-24 09:04:22 Launching orted on Node 1 of 4
...
008 (278509.000.000) 2025-01-24 09:04:22 Launching orted on Node 2 of 4
...
008 (278509.000.000) 2025-01-24 09:04:23 orted exited on Node 3 of 4
...
008 (278509.000.000) 2025-01-24 09:04:23 orted exited on Node 1 of 4
...
008 (278509.000.000) 2025-01-24 09:04:23 orted exited on Node 0 of 4
...
008 (278509.000.000) 2025-01-24 09:04:23 orted exited on Node 2 of 4
...
015 (278509.000.000) 2025-01-24 09:04:23 Node 0 terminated.
	(1) Normal termination (return value 0)
		Usr 0 00:00:01, Sys 0 00:00:01  -  Run Remote Usage
		Usr 0 00:00:00, Sys 0 00:00:00  -  Run Local Usage
		Usr 0 00:00:01, Sys 0 00:00:01  -  Total Remote Usage
		Usr 0 00:00:00, Sys 0 00:00:00  -  Total Local Usage
	3261  -  Run Bytes Sent By Node
	33639  -  Run Bytes Received By Node
	3261  -  Total Bytes Sent By Node
	33639  -  Total Bytes Received By Node
...
005 (278509.000.000) 2025-01-24 09:04:23 Job terminated.
	(1) Normal termination (return value 0)
		Usr 0 00:00:01, Sys 0 00:00:01  -  Run Remote Usage
		Usr 0 00:00:00, Sys 0 00:00:00  -  Run Local Usage
		Usr 0 00:00:01, Sys 0 00:00:01  -  Total Remote Usage
		Usr 0 00:00:00, Sys 0 00:00:00  -  Total Local Usage
	5426  -  Run Bytes Sent By Job
	134556  -  Run Bytes Received By Job
	5426  -  Total Bytes Sent By Job
	134556  -  Total Bytes Received By Job
	Partitionable Resources :    Usage  Request Allocated 
	   Cpus                 :                 1         2 
	   Disk (KB)            :       49       35 102883670 
	   Memory (MB)          :        1        0    100096 

	Job terminated of its own accord at 2025-01-24T09:04:23Z with exit-code 0.
...
