000 (269870.000.000) 2025-01-21 23:14:03 Job submitted from host: <192.168.0.102:9618?addrs=192.168.0.102-9618&alias=submitter&noUDP&sock=schedd_2032_5c88>
...
001 (269870.000.000) 2025-01-21 23:14:03 Job executing on host: <192.168.0.147:9618?addrs=192.168.0.147-9618&alias=node147.di.rm1&noUDP&sock=startd_1513_5ee1>
...
006 (269870.000.000) 2025-01-21 23:14:11 Image size of job updated: 504108
	493  -  MemoryUsage of job (MB)
	504108  -  ResidentSetSize of job (KB)
...
006 (269870.000.000) 2025-01-21 23:15:04 Image size of job updated: 4212672
	494  -  MemoryUsage of job (MB)
	505428  -  ResidentSetSize of job (KB)
...
004 (269870.000.000) 2025-01-21 23:15:04 Job was evicted.
	(0) CPU times
		Usr 0 00:00:59, Sys 0 00:00:01  -  Run Remote Usage
		Usr 0 00:00:00, Sys 0 00:00:00  -  Run Local Usage
	0  -  Run Bytes Sent By Job
	0  -  Run Bytes Received By Job
	Partitionable Resources :    Usage  Request Allocated 
	   Cpus                 :                 1         1 
	   Disk (KB)            :       27       27    469805 
	   Memory (MB)          :      494        1       128 
...
009 (269870.000.000) 2025-01-21 23:15:04 Job was aborted.
	via condor_rm (by user calzona_2046920)
...
000 (276028.000.000) 2025-01-24 03:51:02 Job submitted from host: <192.168.0.102:9618?addrs=192.168.0.102-9618&alias=submitter&noUDP&sock=schedd_2032_5c88>
...
001 (276028.000.000) 2025-01-24 03:51:03 Job executing on host: <192.168.0.151:9618?addrs=192.168.0.151-9618&alias=node151.di.rm1&noUDP&sock=startd_1528_a8cd>
...
006 (276028.000.000) 2025-01-24 03:51:12 Image size of job updated: 1506088
	553  -  MemoryUsage of job (MB)
	565884  -  ResidentSetSize of job (KB)
...
006 (276028.000.000) 2025-01-24 03:53:04 Image size of job updated: 7174200
	553  -  MemoryUsage of job (MB)
	565884  -  ResidentSetSize of job (KB)
...
004 (276028.000.000) 2025-01-24 03:53:04 Job was evicted.
	(0) CPU times
		Usr 0 00:01:57, Sys 0 00:00:02  -  Run Remote Usage
		Usr 0 00:00:00, Sys 0 00:00:00  -  Run Local Usage
	0  -  Run Bytes Sent By Job
	0  -  Run Bytes Received By Job
	Partitionable Resources :    Usage  Request Allocated 
	   Cpus                 :     1.00        1         1 
	   Disk (KB)            :    27          27    474791 
	   Memory (MB)          :   553           1       128 
...
009 (276028.000.000) 2025-01-24 03:53:04 Job was aborted.
	via condor_rm (by user calzona_2046920)
...
