000 (270480.000.000) 2025-01-21 23:57:33 Job submitted from host: <192.168.0.102:9618?addrs=192.168.0.102-9618&alias=submitter&noUDP&sock=schedd_2032_5c88>
...
001 (270480.000.000) 2025-01-21 23:57:36 Job executing on host: <192.168.0.151:9618?addrs=192.168.0.151-9618&alias=node151.di.rm1&noUDP&sock=startd_1528_a8cd>
...
006 (270480.000.000) 2025-01-21 23:57:46 Image size of job updated: 554824
	542  -  MemoryUsage of job (MB)
	554824  -  ResidentSetSize of job (KB)
...
006 (270480.000.000) 2025-01-21 23:58:36 Image size of job updated: 3291728
	543  -  MemoryUsage of job (MB)
	555616  -  ResidentSetSize of job (KB)
...
004 (270480.000.000) 2025-01-21 23:58:36 Job was evicted.
	(0) CPU times
		Usr 0 00:00:56, Sys 0 00:00:01  -  Run Remote Usage
		Usr 0 00:00:00, Sys 0 00:00:00  -  Run Local Usage
	0  -  Run Bytes Sent By Job
	0  -  Run Bytes Received By Job
	Partitionable Resources :    Usage  Request Allocated 
	   Cpus                 :     1.00        1         1 
	   Disk (KB)            :    27          27    474791 
	   Memory (MB)          :   543           1       128 
...
009 (270480.000.000) 2025-01-21 23:58:36 Job was aborted.
	via condor_rm (by user calzona_2046920)
...
