000 (279288.000.000) 2025-01-24 10:32:29 Job submitted from host: <192.168.0.102:9618?addrs=192.168.0.102-9618&alias=submitter&noUDP&sock=schedd_2032_5c88>
...
014 (279288.000.001) 2025-01-24 10:32:36 Node 1 executing on host: <192.168.0.105:9618?addrs=192.168.0.105-9618&alias=node105.di.rm1&noUDP&sock=startd_1951_cd5c>
...
014 (279288.000.000) 2025-01-24 10:32:36 Node 0 executing on host: <192.168.0.148:9618?addrs=192.168.0.148-9618&alias=node148.di.rm1&noUDP&sock=startd_1547_b119>
...
014 (279288.000.002) 2025-01-24 10:32:36 Node 2 executing on host: <192.168.0.149:9618?addrs=192.168.0.149-9618&alias=node149.di.rm1&noUDP&sock=startd_1551_6f7a>
...
014 (279288.000.004) 2025-01-24 10:32:36 Node 4 executing on host: <192.168.0.106:9618?addrs=192.168.0.106-9618&alias=node106.di.rm1&noUDP&sock=startd_1970_d5a9>
...
014 (279288.000.003) 2025-01-24 10:32:36 Node 3 executing on host: <192.168.0.135:9618?addrs=192.168.0.135-9618&alias=node135.di.rm1&noUDP&sock=startd_2000_6980>
...
014 (279288.000.005) 2025-01-24 10:32:36 Node 5 executing on host: <192.168.0.115:9618?addrs=192.168.0.115-9618&alias=node115.di.rm1&noUDP&sock=startd_1101621_f4a0>
...
014 (279288.000.006) 2025-01-24 10:32:36 Node 6 executing on host: <192.168.0.145:9618?addrs=192.168.0.145-9618&alias=node145.di.rm1&noUDP&sock=startd_1869_8e98>
...
014 (279288.000.007) 2025-01-24 10:32:36 Node 7 executing on host: <192.168.0.124:9618?addrs=192.168.0.124-9618&alias=node124.di.rm1&noUDP&sock=startd_2143_7f8b>
...
001 (279288.000.000) 2025-01-24 10:32:36 Job executing on host: MPI_job
...
008 (279288.000.000) 2025-01-24 10:32:38 Launching orted on Node 0 of 8
...
008 (279288.000.000) 2025-01-24 10:32:38 Launching orted on Node 2 of 8
...
008 (279288.000.000) 2025-01-24 10:32:38 Launching orted on Node 4 of 8
...
008 (279288.000.000) 2025-01-24 10:32:38 Launching orted on Node 3 of 8
...
008 (279288.000.000) 2025-01-24 10:32:38 Launching orted on Node 1 of 8
...
008 (279288.000.000) 2025-01-24 10:32:39 Launching orted on Node 5 of 8
...
008 (279288.000.000) 2025-01-24 10:32:39 Launching orted on Node 7 of 8
...
008 (279288.000.000) 2025-01-24 10:32:39 Launching orted on Node 6 of 8
...
008 (279288.000.000) 2025-01-24 10:32:40 orted exited on Node 5 of 8
...
008 (279288.000.000) 2025-01-24 10:32:40 orted exited on Node 2 of 8
...
008 (279288.000.000) 2025-01-24 10:32:40 orted exited on Node 0 of 8
...
008 (279288.000.000) 2025-01-24 10:32:40 orted exited on Node 1 of 8
...
008 (279288.000.000) 2025-01-24 10:32:40 orted exited on Node 3 of 8
...
008 (279288.000.000) 2025-01-24 10:32:40 orted exited on Node 4 of 8
...
008 (279288.000.000) 2025-01-24 10:32:40 orted exited on Node 6 of 8
...
008 (279288.000.000) 2025-01-24 10:32:40 orted exited on Node 7 of 8
...
015 (279288.000.000) 2025-01-24 10:32:40 Node 0 terminated.
	(1) Normal termination (return value 0)
		Usr 0 00:00:00, Sys 0 00:00:00  -  Run Remote Usage
		Usr 0 00:00:00, Sys 0 00:00:00  -  Run Local Usage
		Usr 0 00:00:00, Sys 0 00:00:00  -  Total Remote Usage
		Usr 0 00:00:00, Sys 0 00:00:00  -  Total Local Usage
	3262  -  Run Bytes Sent By Node
	33639  -  Run Bytes Received By Node
	3262  -  Total Bytes Sent By Node
	33639  -  Total Bytes Received By Node
...
015 (279288.000.001) 2025-01-24 10:32:40 Node 1 terminated.
	(1) Normal termination (return value 0)
		Usr 0 00:00:00, Sys 0 00:00:00  -  Run Remote Usage
		Usr 0 00:00:00, Sys 0 00:00:00  -  Run Local Usage
		Usr 0 00:00:00, Sys 0 00:00:00  -  Total Remote Usage
		Usr 0 00:00:00, Sys 0 00:00:00  -  Total Local Usage
	2165  -  Run Bytes Sent By Node
	33639  -  Run Bytes Received By Node
	2165  -  Total Bytes Sent By Node
	33639  -  Total Bytes Received By Node
...
015 (279288.000.002) 2025-01-24 10:32:40 Node 2 terminated.
	(1) Normal termination (return value 0)
		Usr 0 00:00:00, Sys 0 00:00:00  -  Run Remote Usage
		Usr 0 00:00:00, Sys 0 00:00:00  -  Run Local Usage
		Usr 0 00:00:00, Sys 0 00:00:00  -  Total Remote Usage
		Usr 0 00:00:00, Sys 0 00:00:00  -  Total Local Usage
	2165  -  Run Bytes Sent By Node
	33639  -  Run Bytes Received By Node
	2165  -  Total Bytes Sent By Node
	33639  -  Total Bytes Received By Node
...
005 (279288.000.000) 2025-01-24 10:32:40 Job terminated.
	(1) Normal termination (return value 0)
		Usr 0 00:00:02, Sys 0 00:00:00  -  Run Remote Usage
		Usr 0 00:00:00, Sys 0 00:00:00  -  Run Local Usage
		Usr 0 00:00:00, Sys 0 00:00:00  -  Total Remote Usage
		Usr 0 00:00:00, Sys 0 00:00:00  -  Total Local Usage
	11944  -  Run Bytes Sent By Job
	269112  -  Run Bytes Received By Job
	11944  -  Total Bytes Sent By Job
	269112  -  Total Bytes Received By Job
	Partitionable Resources :    Usage  Request Allocated 
	   Cpus                 :                 1         1 
	   Disk (KB)            :       50       35    467548 
	   Memory (MB)          :        1        1     20480 

	Job terminated of its own accord at 2025-01-24T10:32:40Z with exit-code 0.
...
000 (287610.000.000) 2025-01-28 17:30:28 Job submitted from host: <192.168.0.102:9618?addrs=192.168.0.102-9618&alias=submitter&noUDP&sock=schedd_2032_5c88>
...
014 (287610.000.000) 2025-01-28 17:30:51 Node 0 executing on host: <192.168.0.130:9618?addrs=192.168.0.130-9618&alias=node130.di.rm1&noUDP&sock=startd_2751195_838e>
...
014 (287610.000.001) 2025-01-28 17:30:51 Node 1 executing on host: <192.168.0.106:9618?addrs=192.168.0.106-9618&alias=node106.di.rm1&noUDP&sock=startd_1970_d5a9>
...
014 (287610.000.007) 2025-01-28 17:30:51 Node 7 executing on host: <192.168.0.121:9618?addrs=192.168.0.121-9618&alias=node121.di.rm1&noUDP&sock=startd_2146_8e54>
...
014 (287610.000.004) 2025-01-28 17:30:51 Node 4 executing on host: <192.168.0.140:9618?addrs=192.168.0.140-9618&alias=node140.di.rm1&noUDP&sock=startd_1890_f615>
...
014 (287610.000.003) 2025-01-28 17:30:51 Node 3 executing on host: <192.168.0.110:9618?addrs=192.168.0.110-9618&alias=node110.di.rm1&noUDP&sock=startd_2185_4e86>
...
014 (287610.000.005) 2025-01-28 17:30:51 Node 5 executing on host: <192.168.0.116:9618?addrs=192.168.0.116-9618&alias=node116.di.rm1&noUDP&sock=startd_1847_7783>
...
014 (287610.000.006) 2025-01-28 17:30:51 Node 6 executing on host: <192.168.0.120:9618?addrs=192.168.0.120-9618&alias=node120.di.rm1&noUDP&sock=startd_2096_4298>
...
014 (287610.000.002) 2025-01-28 17:30:51 Node 2 executing on host: <192.168.0.145:9618?addrs=192.168.0.145-9618&alias=node145.di.rm1&noUDP&sock=startd_1869_8e98>
...
001 (287610.000.000) 2025-01-28 17:30:51 Job executing on host: MPI_job
...
008 (287610.000.000) 2025-01-28 17:30:53 Launching orted on Node 0 of 8
...
008 (287610.000.000) 2025-01-28 17:30:53 Launching orted on Node 7 of 8
...
008 (287610.000.000) 2025-01-28 17:30:53 Launching orted on Node 6 of 8
...
008 (287610.000.000) 2025-01-28 17:30:53 Launching orted on Node 1 of 8
...
008 (287610.000.000) 2025-01-28 17:30:53 Launching orted on Node 3 of 8
...
008 (287610.000.000) 2025-01-28 17:30:53 Launching orted on Node 4 of 8
...
008 (287610.000.000) 2025-01-28 17:30:53 Launching orted on Node 5 of 8
...
008 (287610.000.000) 2025-01-28 17:30:54 Launching orted on Node 2 of 8
...
008 (287610.000.000) 2025-01-28 17:30:54 orted exited on Node 5 of 8
...
008 (287610.000.000) 2025-01-28 17:30:54 orted exited on Node 6 of 8
...
008 (287610.000.000) 2025-01-28 17:30:54 orted exited on Node 2 of 8
...
008 (287610.000.000) 2025-01-28 17:30:54 orted exited on Node 3 of 8
...
008 (287610.000.000) 2025-01-28 17:30:54 orted exited on Node 0 of 8
...
008 (287610.000.000) 2025-01-28 17:30:54 orted exited on Node 1 of 8
...
008 (287610.000.000) 2025-01-28 17:30:54 orted exited on Node 4 of 8
...
008 (287610.000.000) 2025-01-28 17:30:54 orted exited on Node 7 of 8
...
015 (287610.000.000) 2025-01-28 17:30:54 Node 0 terminated.
	(1) Normal termination (return value 0)
		Usr 0 00:00:00, Sys 0 00:00:01  -  Run Remote Usage
		Usr 0 00:00:00, Sys 0 00:00:00  -  Run Local Usage
		Usr 0 00:00:00, Sys 0 00:00:01  -  Total Remote Usage
		Usr 0 00:00:00, Sys 0 00:00:00  -  Total Local Usage
	3259  -  Run Bytes Sent By Node
	33591  -  Run Bytes Received By Node
	3259  -  Total Bytes Sent By Node
	33591  -  Total Bytes Received By Node
...
005 (287610.000.000) 2025-01-28 17:30:54 Job terminated.
	(1) Normal termination (return value 0)
		Usr 0 00:00:00, Sys 0 00:00:02  -  Run Remote Usage
		Usr 0 00:00:00, Sys 0 00:00:00  -  Run Local Usage
		Usr 0 00:00:00, Sys 0 00:00:01  -  Total Remote Usage
		Usr 0 00:00:00, Sys 0 00:00:00  -  Total Local Usage
	3259  -  Run Bytes Sent By Job
	268728  -  Run Bytes Received By Job
	3259  -  Total Bytes Sent By Job
	268728  -  Total Bytes Received By Job
	Partitionable Resources :    Usage  Request Allocated 
	   Cpus                 :                 1         2 
	   Disk (KB)            :       51       35 102964203 
	   Memory (MB)          :        0        0    100096 

	Job terminated of its own accord at 2025-01-28T17:30:54Z with exit-code 0.
...
