000 (274151.000.000) 2025-01-23 11:38:54 Job submitted from host: <192.168.0.102:9618?addrs=192.168.0.102-9618&alias=submitter&noUDP&sock=schedd_2032_5c88>
...
014 (274151.000.001) 2025-01-23 11:39:01 Node 1 executing on host: <192.168.0.113:9618?addrs=192.168.0.113-9618&alias=node113.di.rm1&noUDP&sock=startd_3668932_c305>
...
014 (274151.000.003) 2025-01-23 11:39:02 Node 3 executing on host: <192.168.0.124:9618?addrs=192.168.0.124-9618&alias=node124.di.rm1&noUDP&sock=startd_2143_7f8b>
...
014 (274151.000.000) 2025-01-23 11:39:02 Node 0 executing on host: <192.168.0.142:9618?addrs=192.168.0.142-9618&alias=node142.di.rm1&noUDP&sock=startd_1996_ab1f>
...
014 (274151.000.002) 2025-01-23 11:39:02 Node 2 executing on host: <192.168.0.141:9618?addrs=192.168.0.141-9618&alias=node141.di.rm1&noUDP&sock=startd_2077_3a4b>
...
001 (274151.000.000) 2025-01-23 11:39:02 Job executing on host: MPI_job
...
008 (274151.000.000) 2025-01-23 11:39:04 Launching orted on Node 3 of 4
...
008 (274151.000.000) 2025-01-23 11:39:04 Launching orted on Node 2 of 4
...
008 (274151.000.000) 2025-01-23 11:39:04 Launching orted on Node 0 of 4
...
008 (274151.000.000) 2025-01-23 11:39:05 Launching orted on Node 1 of 4
...
008 (274151.000.000) 2025-01-23 11:39:08 orted exited on Node 3 of 4
...
008 (274151.000.000) 2025-01-23 11:39:08 orted exited on Node 1 of 4
...
008 (274151.000.000) 2025-01-23 11:39:08 orted exited on Node 2 of 4
...
008 (274151.000.000) 2025-01-23 11:39:08 orted exited on Node 0 of 4
...
015 (274151.000.001) 2025-01-23 11:39:08 Node 1 terminated.
	(1) Normal termination (return value 0)
		Usr 0 00:00:02, Sys 0 00:00:00  -  Run Remote Usage
		Usr 0 00:00:00, Sys 0 00:00:00  -  Run Local Usage
		Usr 0 00:00:02, Sys 0 00:00:00  -  Total Remote Usage
		Usr 0 00:00:00, Sys 0 00:00:00  -  Total Local Usage
	2187  -  Run Bytes Sent By Node
	33639  -  Run Bytes Received By Node
	2187  -  Total Bytes Sent By Node
	33639  -  Total Bytes Received By Node
...
015 (274151.000.003) 2025-01-23 11:39:08 Node 3 terminated.
	(1) Normal termination (return value 0)
		Usr 0 00:00:02, Sys 0 00:00:00  -  Run Remote Usage
		Usr 0 00:00:00, Sys 0 00:00:00  -  Run Local Usage
		Usr 0 00:00:02, Sys 0 00:00:00  -  Total Remote Usage
		Usr 0 00:00:00, Sys 0 00:00:00  -  Total Local Usage
	2187  -  Run Bytes Sent By Node
	33639  -  Run Bytes Received By Node
	2187  -  Total Bytes Sent By Node
	33639  -  Total Bytes Received By Node
...
015 (274151.000.002) 2025-01-23 11:39:08 Node 2 terminated.
	(1) Normal termination (return value 0)
		Usr 0 00:00:02, Sys 0 00:00:00  -  Run Remote Usage
		Usr 0 00:00:00, Sys 0 00:00:00  -  Run Local Usage
		Usr 0 00:00:02, Sys 0 00:00:00  -  Total Remote Usage
		Usr 0 00:00:00, Sys 0 00:00:00  -  Total Local Usage
	2165  -  Run Bytes Sent By Node
	33639  -  Run Bytes Received By Node
	2165  -  Total Bytes Sent By Node
	33639  -  Total Bytes Received By Node
...
015 (274151.000.000) 2025-01-23 11:39:08 Node 0 terminated.
	(1) Normal termination (return value 0)
		Usr 0 00:00:00, Sys 0 00:00:00  -  Run Remote Usage
		Usr 0 00:00:00, Sys 0 00:00:00  -  Run Local Usage
		Usr 0 00:00:00, Sys 0 00:00:00  -  Total Remote Usage
		Usr 0 00:00:00, Sys 0 00:00:00  -  Total Local Usage
	3262  -  Run Bytes Sent By Node
	33639  -  Run Bytes Received By Node
	3262  -  Total Bytes Sent By Node
	33639  -  Total Bytes Received By Node
...
005 (274151.000.000) 2025-01-23 11:39:08 Job terminated.
	(1) Normal termination (return value 0)
		Usr 0 00:00:06, Sys 0 00:00:00  -  Run Remote Usage
		Usr 0 00:00:00, Sys 0 00:00:00  -  Run Local Usage
		Usr 0 00:00:00, Sys 0 00:00:00  -  Total Remote Usage
		Usr 0 00:00:00, Sys 0 00:00:00  -  Total Local Usage
	9801  -  Run Bytes Sent By Job
	134556  -  Run Bytes Received By Job
	9801  -  Total Bytes Sent By Job
	134556  -  Total Bytes Received By Job
	Partitionable Resources :    Usage  Request Allocated 
	   Cpus                 :                 1         2 
	   Disk (KB)            :       50       35 103011620 
	   Memory (MB)          :        0        0    100096 

	Job terminated of its own accord at 2025-01-23T11:39:08Z with exit-code 0.
...
000 (278890.000.000) 2025-01-24 09:40:56 Job submitted from host: <192.168.0.102:9618?addrs=192.168.0.102-9618&alias=submitter&noUDP&sock=schedd_2032_5c88>
...
014 (278890.000.000) 2025-01-24 09:41:05 Node 0 executing on host: <192.168.0.135:9618?addrs=192.168.0.135-9618&alias=node135.di.rm1&noUDP&sock=startd_2000_6980>
...
014 (278890.000.001) 2025-01-24 09:41:05 Node 1 executing on host: <192.168.0.124:9618?addrs=192.168.0.124-9618&alias=node124.di.rm1&noUDP&sock=startd_2143_7f8b>
...
014 (278890.000.002) 2025-01-24 09:41:05 Node 2 executing on host: <192.168.0.105:9618?addrs=192.168.0.105-9618&alias=node105.di.rm1&noUDP&sock=startd_1951_cd5c>
...
014 (278890.000.003) 2025-01-24 09:41:05 Node 3 executing on host: <192.168.0.105:9618?addrs=192.168.0.105-9618&alias=node105.di.rm1&noUDP&sock=startd_1951_cd5c>
...
001 (278890.000.000) 2025-01-24 09:41:05 Job executing on host: MPI_job
...
008 (278890.000.000) 2025-01-24 09:41:07 Launching orted on Node 0 of 4
...
008 (278890.000.000) 2025-01-24 09:41:07 Launching orted on Node 1 of 4
...
008 (278890.000.000) 2025-01-24 09:41:07 Launching orted on Node 3 of 4
...
008 (278890.000.000) 2025-01-24 09:41:07 Launching orted on Node 2 of 4
...
008 (278890.000.000) 2025-01-24 09:41:10 orted exited on Node 2 of 4
...
008 (278890.000.000) 2025-01-24 09:41:10 orted exited on Node 0 of 4
...
008 (278890.000.000) 2025-01-24 09:41:10 orted exited on Node 1 of 4
...
008 (278890.000.000) 2025-01-24 09:41:10 orted exited on Node 3 of 4
...
015 (278890.000.000) 2025-01-24 09:41:10 Node 0 terminated.
	(1) Normal termination (return value 0)
		Usr 0 00:00:00, Sys 0 00:00:00  -  Run Remote Usage
		Usr 0 00:00:00, Sys 0 00:00:00  -  Run Local Usage
		Usr 0 00:00:00, Sys 0 00:00:00  -  Total Remote Usage
		Usr 0 00:00:00, Sys 0 00:00:00  -  Total Local Usage
	3262  -  Run Bytes Sent By Node
	33639  -  Run Bytes Received By Node
	3262  -  Total Bytes Sent By Node
	33639  -  Total Bytes Received By Node
...
005 (278890.000.000) 2025-01-24 09:41:10 Job terminated.
	(1) Normal termination (return value 0)
		Usr 0 00:00:06, Sys 0 00:00:00  -  Run Remote Usage
		Usr 0 00:00:00, Sys 0 00:00:00  -  Run Local Usage
		Usr 0 00:00:00, Sys 0 00:00:00  -  Total Remote Usage
		Usr 0 00:00:00, Sys 0 00:00:00  -  Total Local Usage
	3262  -  Run Bytes Sent By Job
	134556  -  Run Bytes Received By Job
	3262  -  Total Bytes Sent By Job
	134556  -  Total Bytes Received By Job
	Partitionable Resources :    Usage  Request Allocated 
	   Cpus                 :                 1         1 
	   Disk (KB)            :       49       35    470875 
	   Memory (MB)          :        0        0     20480 

	Job terminated of its own accord at 2025-01-24T09:41:10Z with exit-code 0.
...
000 (287187.000.000) 2025-01-28 16:36:42 Job submitted from host: <192.168.0.102:9618?addrs=192.168.0.102-9618&alias=submitter&noUDP&sock=schedd_2032_5c88>
...
014 (287187.000.000) 2025-01-28 16:36:46 Node 0 executing on host: <192.168.0.115:9618?addrs=192.168.0.115-9618&alias=node115.di.rm1&noUDP&sock=startd_1101621_f4a0>
...
014 (287187.000.001) 2025-01-28 16:36:46 Node 1 executing on host: <192.168.0.145:9618?addrs=192.168.0.145-9618&alias=node145.di.rm1&noUDP&sock=startd_1869_8e98>
...
014 (287187.000.003) 2025-01-28 16:36:46 Node 3 executing on host: <192.168.0.135:9618?addrs=192.168.0.135-9618&alias=node135.di.rm1&noUDP&sock=startd_2000_6980>
...
014 (287187.000.002) 2025-01-28 16:36:46 Node 2 executing on host: <192.168.0.120:9618?addrs=192.168.0.120-9618&alias=node120.di.rm1&noUDP&sock=startd_2096_4298>
...
001 (287187.000.000) 2025-01-28 16:36:46 Job executing on host: MPI_job
...
008 (287187.000.000) 2025-01-28 16:36:48 Launching orted on Node 0 of 4
...
008 (287187.000.000) 2025-01-28 16:36:48 Launching orted on Node 1 of 4
...
008 (287187.000.000) 2025-01-28 16:36:48 Launching orted on Node 3 of 4
...
008 (287187.000.000) 2025-01-28 16:36:48 Launching orted on Node 2 of 4
...
008 (287187.000.000) 2025-01-28 16:36:51 orted exited on Node 3 of 4
...
008 (287187.000.000) 2025-01-28 16:36:51 orted exited on Node 1 of 4
...
008 (287187.000.000) 2025-01-28 16:36:51 orted exited on Node 2 of 4
...
008 (287187.000.000) 2025-01-28 16:36:51 orted exited on Node 0 of 4
...
015 (287187.000.003) 2025-01-28 16:36:51 Node 3 terminated.
	(1) Normal termination (return value 0)
		Usr 0 00:00:02, Sys 0 00:00:00  -  Run Remote Usage
		Usr 0 00:00:00, Sys 0 00:00:00  -  Run Local Usage
		Usr 0 00:00:02, Sys 0 00:00:00  -  Total Remote Usage
		Usr 0 00:00:00, Sys 0 00:00:00  -  Total Local Usage
	2165  -  Run Bytes Sent By Node
	33591  -  Run Bytes Received By Node
	2165  -  Total Bytes Sent By Node
	33591  -  Total Bytes Received By Node
...
015 (287187.000.000) 2025-01-28 16:36:51 Node 0 terminated.
	(1) Normal termination (return value 0)
		Usr 0 00:00:00, Sys 0 00:00:00  -  Run Remote Usage
		Usr 0 00:00:00, Sys 0 00:00:00  -  Run Local Usage
		Usr 0 00:00:00, Sys 0 00:00:00  -  Total Remote Usage
		Usr 0 00:00:00, Sys 0 00:00:00  -  Total Local Usage
	3262  -  Run Bytes Sent By Node
	33591  -  Run Bytes Received By Node
	3262  -  Total Bytes Sent By Node
	33591  -  Total Bytes Received By Node
...
015 (287187.000.001) 2025-01-28 16:36:51 Node 1 terminated.
	(1) Normal termination (return value 0)
		Usr 0 00:00:02, Sys 0 00:00:01  -  Run Remote Usage
		Usr 0 00:00:00, Sys 0 00:00:00  -  Run Local Usage
		Usr 0 00:00:02, Sys 0 00:00:01  -  Total Remote Usage
		Usr 0 00:00:00, Sys 0 00:00:00  -  Total Local Usage
	2165  -  Run Bytes Sent By Node
	33591  -  Run Bytes Received By Node
	2165  -  Total Bytes Sent By Node
	33591  -  Total Bytes Received By Node
...
015 (287187.000.002) 2025-01-28 16:36:51 Node 2 terminated.
	(1) Normal termination (return value 0)
		Usr 0 00:00:02, Sys 0 00:00:00  -  Run Remote Usage
		Usr 0 00:00:00, Sys 0 00:00:00  -  Run Local Usage
		Usr 0 00:00:02, Sys 0 00:00:00  -  Total Remote Usage
		Usr 0 00:00:00, Sys 0 00:00:00  -  Total Local Usage
	2187  -  Run Bytes Sent By Node
	33591  -  Run Bytes Received By Node
	2187  -  Total Bytes Sent By Node
	33591  -  Total Bytes Received By Node
...
005 (287187.000.000) 2025-01-28 16:36:51 Job terminated.
	(1) Normal termination (return value 0)
		Usr 0 00:00:06, Sys 0 00:00:01  -  Run Remote Usage
		Usr 0 00:00:00, Sys 0 00:00:00  -  Run Local Usage
		Usr 0 00:00:00, Sys 0 00:00:00  -  Total Remote Usage
		Usr 0 00:00:00, Sys 0 00:00:00  -  Total Local Usage
	9779  -  Run Bytes Sent By Job
	134364  -  Run Bytes Received By Job
	9779  -  Total Bytes Sent By Job
	134364  -  Total Bytes Received By Job
	Partitionable Resources :    Usage  Request Allocated 
	   Cpus                 :                 1         2 
	   Disk (KB)            :       50       35 103010115 
	   Memory (MB)          :        0        0    100096 

	Job terminated of its own accord at 2025-01-28T16:36:51Z with exit-code 0.
...
