000 (264577.000.000) 2025-01-17 11:21:27 Job submitted from host: <192.168.0.102:9618?addrs=192.168.0.102-9618&alias=submitter&noUDP&sock=schedd_2032_5c88>
...
001 (264577.000.000) 2025-01-17 11:21:34 Job executing on host: <192.168.0.138:9618?addrs=192.168.0.138-9618&alias=node138.di.rm1&noUDP&sock=startd_2998744_89a3>
...
006 (264577.000.000) 2025-01-17 11:21:42 Image size of job updated: 77172
	22  -  MemoryUsage of job (MB)
	21648  -  ResidentSetSize of job (KB)
...
005 (264577.000.000) 2025-01-17 11:26:21 Job terminated.
	(1) Normal termination (return value 0)
		Usr 0 00:05:50, Sys 0 00:01:10  -  Run Remote Usage
		Usr 0 00:00:00, Sys 0 00:00:00  -  Run Local Usage
		Usr 0 00:05:50, Sys 0 00:01:10  -  Total Remote Usage
		Usr 0 00:00:00, Sys 0 00:00:00  -  Total Local Usage
	0  -  Run Bytes Sent By Job
	0  -  Run Bytes Received By Job
	0  -  Total Bytes Sent By Job
	0  -  Total Bytes Received By Job
	Partitionable Resources :    Usage  Request Allocated 
	   Cpus                 :     0.54        1         1 
	   Disk (KB)            :    27          27    474244 
	   Memory (MB)          :    22           1       128 

	Job terminated of its own accord at 2025-01-17T11:26:21Z with exit-code 0.
...
