000 (280883.000.000) 2025-01-25 18:09:13 Job submitted from host: <192.168.0.102:9618?addrs=192.168.0.102-9618&alias=submitter&noUDP&sock=schedd_2032_5c88>
...
014 (280883.000.002) 2025-01-25 18:09:20 Node 2 executing on host: <192.168.0.137:9618?addrs=192.168.0.137-9618&alias=node137.di.rm1&noUDP&sock=startd_1934_2440>
...
014 (280883.000.003) 2025-01-25 18:09:20 Node 3 executing on host: <192.168.0.147:9618?addrs=192.168.0.147-9618&alias=node147.di.rm1&noUDP&sock=startd_1513_5ee1>
...
014 (280883.000.000) 2025-01-25 18:09:20 Node 0 executing on host: <192.168.0.151:9618?addrs=192.168.0.151-9618&alias=node151.di.rm1&noUDP&sock=startd_1528_a8cd>
...
014 (280883.000.001) 2025-01-25 18:09:20 Node 1 executing on host: <192.168.0.122:9618?addrs=192.168.0.122-9618&alias=node122.di.rm1&noUDP&sock=startd_2134_5331>
...
001 (280883.000.000) 2025-01-25 18:09:20 Job executing on host: MPI_job
...
008 (280883.000.000) 2025-01-25 18:09:22 Launching orted on Node 3 of 4
...
008 (280883.000.000) 2025-01-25 18:09:22 Launching orted on Node 2 of 4
...
008 (280883.000.000) 2025-01-25 18:09:22 Launching orted on Node 0 of 4
...
008 (280883.000.000) 2025-01-25 18:09:22 Launching orted on Node 1 of 4
...
008 (280883.000.000) 2025-01-25 18:09:32 orted exited on Node 3 of 4
...
008 (280883.000.000) 2025-01-25 18:09:32 orted exited on Node 0 of 4
...
008 (280883.000.000) 2025-01-25 18:09:32 orted exited on Node 2 of 4
...
008 (280883.000.000) 2025-01-25 18:09:32 orted exited on Node 1 of 4
...
015 (280883.000.003) 2025-01-25 18:09:32 Node 3 terminated.
	(1) Normal termination (return value 0)
		Usr 0 00:00:09, Sys 0 00:00:00  -  Run Remote Usage
		Usr 0 00:00:00, Sys 0 00:00:00  -  Run Local Usage
		Usr 0 00:00:09, Sys 0 00:00:00  -  Total Remote Usage
		Usr 0 00:00:00, Sys 0 00:00:00  -  Total Local Usage
	2165  -  Run Bytes Sent By Node
	33639  -  Run Bytes Received By Node
	2165  -  Total Bytes Sent By Node
	33639  -  Total Bytes Received By Node
...
015 (280883.000.002) 2025-01-25 18:09:32 Node 2 terminated.
	(1) Normal termination (return value 0)
		Usr 0 00:00:09, Sys 0 00:00:00  -  Run Remote Usage
		Usr 0 00:00:00, Sys 0 00:00:00  -  Run Local Usage
		Usr 0 00:00:09, Sys 0 00:00:00  -  Total Remote Usage
		Usr 0 00:00:00, Sys 0 00:00:00  -  Total Local Usage
	2165  -  Run Bytes Sent By Node
	33639  -  Run Bytes Received By Node
	2165  -  Total Bytes Sent By Node
	33639  -  Total Bytes Received By Node
...
015 (280883.000.000) 2025-01-25 18:09:32 Node 0 terminated.
	(1) Normal termination (return value 0)
		Usr 0 00:00:00, Sys 0 00:00:00  -  Run Remote Usage
		Usr 0 00:00:00, Sys 0 00:00:00  -  Run Local Usage
		Usr 0 00:00:00, Sys 0 00:00:00  -  Total Remote Usage
		Usr 0 00:00:00, Sys 0 00:00:00  -  Total Local Usage
	3262  -  Run Bytes Sent By Node
	33639  -  Run Bytes Received By Node
	3262  -  Total Bytes Sent By Node
	33639  -  Total Bytes Received By Node
...
005 (280883.000.000) 2025-01-25 18:09:32 Job terminated.
	(1) Normal termination (return value 0)
		Usr 0 00:00:27, Sys 0 00:00:00  -  Run Remote Usage
		Usr 0 00:00:00, Sys 0 00:00:00  -  Run Local Usage
		Usr 0 00:00:00, Sys 0 00:00:00  -  Total Remote Usage
		Usr 0 00:00:00, Sys 0 00:00:00  -  Total Local Usage
	7592  -  Run Bytes Sent By Job
	134556  -  Run Bytes Received By Job
	7592  -  Total Bytes Sent By Job
	134556  -  Total Bytes Received By Job
	Partitionable Resources :    Usage  Request Allocated 
	   Cpus                 :                 1         2 
	   Disk (KB)            :       49       35 103029645 
	   Memory (MB)          :      363        0    100096 

	Job terminated of its own accord at 2025-01-25T18:09:32Z with exit-code 0.
...
000 (288087.000.000) 2025-01-28 18:32:56 Job submitted from host: <192.168.0.102:9618?addrs=192.168.0.102-9618&alias=submitter&noUDP&sock=schedd_2032_5c88>
...
014 (288087.000.001) 2025-01-28 18:33:03 Node 1 executing on host: <192.168.0.147:9618?addrs=192.168.0.147-9618&alias=node147.di.rm1&noUDP&sock=startd_1513_5ee1>
...
014 (288087.000.002) 2025-01-28 18:33:03 Node 2 executing on host: <192.168.0.151:9618?addrs=192.168.0.151-9618&alias=node151.di.rm1&noUDP&sock=startd_1528_a8cd>
...
014 (288087.000.003) 2025-01-28 18:33:03 Node 3 executing on host: <192.168.0.122:9618?addrs=192.168.0.122-9618&alias=node122.di.rm1&noUDP&sock=startd_2134_5331>
...
014 (288087.000.000) 2025-01-28 18:33:03 Node 0 executing on host: <192.168.0.141:9618?addrs=192.168.0.141-9618&alias=node141.di.rm1&noUDP&sock=startd_2077_3a4b>
...
001 (288087.000.000) 2025-01-28 18:33:03 Job executing on host: MPI_job
...
008 (288087.000.000) 2025-01-28 18:33:05 Launching orted on Node 1 of 4
...
008 (288087.000.000) 2025-01-28 18:33:05 Launching orted on Node 2 of 4
...
008 (288087.000.000) 2025-01-28 18:33:05 Launching orted on Node 3 of 4
...
008 (288087.000.000) 2025-01-28 18:33:06 Launching orted on Node 0 of 4
...
008 (288087.000.000) 2025-01-28 18:33:15 orted exited on Node 2 of 4
...
008 (288087.000.000) 2025-01-28 18:33:15 orted exited on Node 1 of 4
...
008 (288087.000.000) 2025-01-28 18:33:15 orted exited on Node 3 of 4
...
008 (288087.000.000) 2025-01-28 18:33:15 orted exited on Node 0 of 4
...
015 (288087.000.001) 2025-01-28 18:33:15 Node 1 terminated.
	(1) Normal termination (return value 0)
		Usr 0 00:00:08, Sys 0 00:00:00  -  Run Remote Usage
		Usr 0 00:00:00, Sys 0 00:00:00  -  Run Local Usage
		Usr 0 00:00:08, Sys 0 00:00:00  -  Total Remote Usage
		Usr 0 00:00:00, Sys 0 00:00:00  -  Total Local Usage
	2165  -  Run Bytes Sent By Node
	33631  -  Run Bytes Received By Node
	2165  -  Total Bytes Sent By Node
	33631  -  Total Bytes Received By Node
...
015 (288087.000.002) 2025-01-28 18:33:15 Node 2 terminated.
	(1) Normal termination (return value 0)
		Usr 0 00:00:09, Sys 0 00:00:01  -  Run Remote Usage
		Usr 0 00:00:00, Sys 0 00:00:00  -  Run Local Usage
		Usr 0 00:00:09, Sys 0 00:00:01  -  Total Remote Usage
		Usr 0 00:00:00, Sys 0 00:00:00  -  Total Local Usage
	2165  -  Run Bytes Sent By Node
	33631  -  Run Bytes Received By Node
	2165  -  Total Bytes Sent By Node
	33631  -  Total Bytes Received By Node
...
015 (288087.000.003) 2025-01-28 18:33:15 Node 3 terminated.
	(1) Normal termination (return value 0)
		Usr 0 00:00:08, Sys 0 00:00:00  -  Run Remote Usage
		Usr 0 00:00:00, Sys 0 00:00:00  -  Run Local Usage
		Usr 0 00:00:08, Sys 0 00:00:00  -  Total Remote Usage
		Usr 0 00:00:00, Sys 0 00:00:00  -  Total Local Usage
	2187  -  Run Bytes Sent By Node
	33631  -  Run Bytes Received By Node
	2187  -  Total Bytes Sent By Node
	33631  -  Total Bytes Received By Node
...
015 (288087.000.000) 2025-01-28 18:33:15 Node 0 terminated.
	(1) Normal termination (return value 0)
		Usr 0 00:00:00, Sys 0 00:00:00  -  Run Remote Usage
		Usr 0 00:00:00, Sys 0 00:00:00  -  Run Local Usage
		Usr 0 00:00:00, Sys 0 00:00:00  -  Total Remote Usage
		Usr 0 00:00:00, Sys 0 00:00:00  -  Total Local Usage
	3265  -  Run Bytes Sent By Node
	33631  -  Run Bytes Received By Node
	3265  -  Total Bytes Sent By Node
	33631  -  Total Bytes Received By Node
...
005 (288087.000.000) 2025-01-28 18:33:15 Job terminated.
	(1) Normal termination (return value 0)
		Usr 0 00:00:25, Sys 0 00:00:01  -  Run Remote Usage
		Usr 0 00:00:00, Sys 0 00:00:00  -  Run Local Usage
		Usr 0 00:00:00, Sys 0 00:00:00  -  Total Remote Usage
		Usr 0 00:00:00, Sys 0 00:00:00  -  Total Local Usage
	9782  -  Run Bytes Sent By Job
	134524  -  Run Bytes Received By Job
	9782  -  Total Bytes Sent By Job
	134524  -  Total Bytes Received By Job
	Partitionable Resources :    Usage  Request Allocated 
	   Cpus                 :        0        1         2 
	   Disk (KB)            :       56       35 103002119 
	   Memory (MB)          :      323        0    100096 

	Job terminated of its own accord at 2025-01-28T18:33:15Z with exit-code 0.
...
