000 (273361.000.000) 2025-01-23 10:55:50 Job submitted from host: <192.168.0.102:9618?addrs=192.168.0.102-9618&alias=submitter&noUDP&sock=schedd_2032_5c88>
...
014 (273361.000.001) 2025-01-23 10:55:53 Node 1 executing on host: <192.168.0.112:9618?addrs=192.168.0.112-9618&alias=node112.di.rm1&noUDP&sock=startd_2169_5502>
...
014 (273361.000.000) 2025-01-23 10:55:54 Node 0 executing on host: <192.168.0.141:9618?addrs=192.168.0.141-9618&alias=node141.di.rm1&noUDP&sock=startd_2077_3a4b>
...
001 (273361.000.000) 2025-01-23 10:55:54 Job executing on host: MPI_job
...
008 (273361.000.000) 2025-01-23 10:55:56 Launching orted on Node 1 of 2
...
008 (273361.000.000) 2025-01-23 10:55:56 Launching orted on Node 0 of 2
...
008 (273361.000.000) 2025-01-23 10:56:10 orted exited on Node 1 of 2
...
008 (273361.000.000) 2025-01-23 10:56:10 orted exited on Node 0 of 2
...
015 (273361.000.000) 2025-01-23 10:56:10 Node 0 terminated.
	(1) Normal termination (return value 0)
		Usr 0 00:00:06, Sys 0 00:00:00  -  Run Remote Usage
		Usr 0 00:00:00, Sys 0 00:00:00  -  Run Local Usage
		Usr 0 00:00:06, Sys 0 00:00:00  -  Total Remote Usage
		Usr 0 00:00:00, Sys 0 00:00:00  -  Total Local Usage
	3257  -  Run Bytes Sent By Node
	33639  -  Run Bytes Received By Node
	3257  -  Total Bytes Sent By Node
	33639  -  Total Bytes Received By Node
...
005 (273361.000.000) 2025-01-23 10:56:10 Job terminated.
	(1) Normal termination (return value 0)
		Usr 0 00:00:15, Sys 0 00:00:03  -  Run Remote Usage
		Usr 0 00:00:00, Sys 0 00:00:00  -  Run Local Usage
		Usr 0 00:00:01, Sys 0 00:00:00  -  Total Remote Usage
		Usr 0 00:00:00, Sys 0 00:00:00  -  Total Local Usage
	5444  -  Run Bytes Sent By Job
	67278  -  Run Bytes Received By Job
	5444  -  Total Bytes Sent By Job
	67278  -  Total Bytes Received By Job
	Partitionable Resources :    Usage  Request Allocated 
	   Cpus                 :                 1         2 
	   Disk (KB)            :       49       35 103002119 
	   Memory (MB)          :      238       79    100096 

	Job terminated of its own accord at 2025-01-23T10:56:10Z with exit-code 0.
...
000 (278135.000.000) 2025-01-24 07:44:06 Job submitted from host: <192.168.0.102:9618?addrs=192.168.0.102-9618&alias=submitter&noUDP&sock=schedd_2032_5c88>
...
014 (278135.000.001) 2025-01-24 07:44:13 Node 1 executing on host: <192.168.0.149:9618?addrs=192.168.0.149-9618&alias=node149.di.rm1&noUDP&sock=startd_1551_6f7a>
...
014 (278135.000.000) 2025-01-24 07:44:13 Node 0 executing on host: <192.168.0.124:9618?addrs=192.168.0.124-9618&alias=node124.di.rm1&noUDP&sock=startd_2143_7f8b>
...
001 (278135.000.000) 2025-01-24 07:44:13 Job executing on host: MPI_job
...
008 (278135.000.000) 2025-01-24 07:44:15 Launching orted on Node 1 of 2
...
008 (278135.000.000) 2025-01-24 07:44:16 Launching orted on Node 0 of 2
...
008 (278135.000.000) 2025-01-24 07:44:25 orted exited on Node 0 of 2
...
008 (278135.000.000) 2025-01-24 07:44:25 orted exited on Node 1 of 2
...
015 (278135.000.001) 2025-01-24 07:44:25 Node 1 terminated.
	(1) Normal termination (return value 0)
		Usr 0 00:00:09, Sys 0 00:00:00  -  Run Remote Usage
		Usr 0 00:00:00, Sys 0 00:00:00  -  Run Local Usage
		Usr 0 00:00:09, Sys 0 00:00:00  -  Total Remote Usage
		Usr 0 00:00:00, Sys 0 00:00:00  -  Total Local Usage
	2165  -  Run Bytes Sent By Node
	33639  -  Run Bytes Received By Node
	2165  -  Total Bytes Sent By Node
	33639  -  Total Bytes Received By Node
...
015 (278135.000.000) 2025-01-24 07:44:25 Node 0 terminated.
	(1) Normal termination (return value 0)
		Usr 0 00:00:05, Sys 0 00:00:00  -  Run Remote Usage
		Usr 0 00:00:00, Sys 0 00:00:00  -  Run Local Usage
		Usr 0 00:00:05, Sys 0 00:00:00  -  Total Remote Usage
		Usr 0 00:00:00, Sys 0 00:00:00  -  Total Local Usage
	3301  -  Run Bytes Sent By Node
	33639  -  Run Bytes Received By Node
	3301  -  Total Bytes Sent By Node
	33639  -  Total Bytes Received By Node
...
005 (278135.000.000) 2025-01-24 07:44:26 Job terminated.
	(1) Normal termination (return value 0)
		Usr 0 00:00:14, Sys 0 00:00:00  -  Run Remote Usage
		Usr 0 00:00:00, Sys 0 00:00:00  -  Run Local Usage
		Usr 0 00:00:05, Sys 0 00:00:00  -  Total Remote Usage
		Usr 0 00:00:00, Sys 0 00:00:00  -  Total Local Usage
	5466  -  Run Bytes Sent By Job
	67278  -  Run Bytes Received By Job
	5466  -  Total Bytes Sent By Job
	67278  -  Total Bytes Received By Job
	Partitionable Resources :    Usage  Request Allocated 
	   Cpus                 :                 1         2 
	   Disk (KB)            :       50       35 102856100 
	   GPUs                 :                           0 
	   Memory (MB)          :      274       83    100096 

	Job terminated of its own accord at 2025-01-24T07:44:25Z with exit-code 0.
...
