000 (273786.000.000) 2025-01-23 11:20:03 Job submitted from host: <192.168.0.102:9618?addrs=192.168.0.102-9618&alias=submitter&noUDP&sock=schedd_2032_5c88>
...
014 (273786.000.001) 2025-01-23 11:20:10 Node 1 executing on host: <192.168.0.141:9618?addrs=192.168.0.141-9618&alias=node141.di.rm1&noUDP&sock=startd_2077_3a4b>
...
014 (273786.000.003) 2025-01-23 11:20:10 Node 3 executing on host: <192.168.0.130:9618?addrs=192.168.0.130-9618&alias=node130.di.rm1&noUDP&sock=startd_2751195_838e>
...
014 (273786.000.002) 2025-01-23 11:20:10 Node 2 executing on host: <192.168.0.135:9618?addrs=192.168.0.135-9618&alias=node135.di.rm1&noUDP&sock=startd_2000_6980>
...
014 (273786.000.000) 2025-01-23 11:20:11 Node 0 executing on host: <192.168.0.143:9618?addrs=192.168.0.143-9618&alias=node143.di.rm1&noUDP&sock=startd_2061_40c7>
...
001 (273786.000.000) 2025-01-23 11:20:11 Job executing on host: MPI_job
...
008 (273786.000.000) 2025-01-23 11:20:13 Launching orted on Node 2 of 4
...
008 (273786.000.000) 2025-01-23 11:20:13 Launching orted on Node 0 of 4
...
008 (273786.000.000) 2025-01-23 11:20:13 Launching orted on Node 3 of 4
...
008 (273786.000.000) 2025-01-23 11:20:13 Launching orted on Node 1 of 4
...
008 (273786.000.000) 2025-01-23 11:20:14 orted exited on Node 3 of 4
...
008 (273786.000.000) 2025-01-23 11:20:14 orted exited on Node 2 of 4
...
008 (273786.000.000) 2025-01-23 11:20:14 orted exited on Node 1 of 4
...
008 (273786.000.000) 2025-01-23 11:20:14 orted exited on Node 0 of 4
...
015 (273786.000.003) 2025-01-23 11:20:14 Node 3 terminated.
	(1) Normal termination (return value 0)
		Usr 0 00:00:01, Sys 0 00:00:01  -  Run Remote Usage
		Usr 0 00:00:00, Sys 0 00:00:00  -  Run Local Usage
		Usr 0 00:00:01, Sys 0 00:00:01  -  Total Remote Usage
		Usr 0 00:00:00, Sys 0 00:00:00  -  Total Local Usage
	2165  -  Run Bytes Sent By Node
	33639  -  Run Bytes Received By Node
	2165  -  Total Bytes Sent By Node
	33639  -  Total Bytes Received By Node
...
015 (273786.000.001) 2025-01-23 11:20:14 Node 1 terminated.
	(1) Normal termination (return value 0)
		Usr 0 00:00:00, Sys 0 00:00:00  -  Run Remote Usage
		Usr 0 00:00:00, Sys 0 00:00:00  -  Run Local Usage
		Usr 0 00:00:00, Sys 0 00:00:00  -  Total Remote Usage
		Usr 0 00:00:00, Sys 0 00:00:00  -  Total Local Usage
	2165  -  Run Bytes Sent By Node
	33639  -  Run Bytes Received By Node
	2165  -  Total Bytes Sent By Node
	33639  -  Total Bytes Received By Node
...
015 (273786.000.002) 2025-01-23 11:20:14 Node 2 terminated.
	(1) Normal termination (return value 0)
		Usr 0 00:00:00, Sys 0 00:00:00  -  Run Remote Usage
		Usr 0 00:00:00, Sys 0 00:00:00  -  Run Local Usage
		Usr 0 00:00:00, Sys 0 00:00:00  -  Total Remote Usage
		Usr 0 00:00:00, Sys 0 00:00:00  -  Total Local Usage
	2165  -  Run Bytes Sent By Node
	33639  -  Run Bytes Received By Node
	2165  -  Total Bytes Sent By Node
	33639  -  Total Bytes Received By Node
...
015 (273786.000.000) 2025-01-23 11:20:15 Node 0 terminated.
	(1) Normal termination (return value 0)
		Usr 0 00:00:00, Sys 0 00:00:00  -  Run Remote Usage
		Usr 0 00:00:00, Sys 0 00:00:00  -  Run Local Usage
		Usr 0 00:00:00, Sys 0 00:00:00  -  Total Remote Usage
		Usr 0 00:00:00, Sys 0 00:00:00  -  Total Local Usage
	3263  -  Run Bytes Sent By Node
	33639  -  Run Bytes Received By Node
	3263  -  Total Bytes Sent By Node
	33639  -  Total Bytes Received By Node
...
005 (273786.000.000) 2025-01-23 11:20:15 Job terminated.
	(1) Normal termination (return value 0)
		Usr 0 00:00:01, Sys 0 00:00:01  -  Run Remote Usage
		Usr 0 00:00:00, Sys 0 00:00:00  -  Run Local Usage
		Usr 0 00:00:00, Sys 0 00:00:00  -  Total Remote Usage
		Usr 0 00:00:00, Sys 0 00:00:00  -  Total Local Usage
	9758  -  Run Bytes Sent By Job
	134556  -  Run Bytes Received By Job
	9758  -  Total Bytes Sent By Job
	134556  -  Total Bytes Received By Job
	Partitionable Resources :    Usage  Request Allocated 
	   Cpus                 :                 1         1 
	   Disk (KB)            :       49       35    459633 
	   Memory (MB)          :        0        0     40960 

	Job terminated of its own accord at 2025-01-23T11:20:14Z with exit-code 0.
...
000 (278532.000.000) 2025-01-24 09:04:49 Job submitted from host: <192.168.0.102:9618?addrs=192.168.0.102-9618&alias=submitter&noUDP&sock=schedd_2032_5c88>
...
014 (278532.000.000) 2025-01-24 09:04:56 Node 0 executing on host: <192.168.0.147:9618?addrs=192.168.0.147-9618&alias=node147.di.rm1&noUDP&sock=startd_1513_5ee1>
...
014 (278532.000.003) 2025-01-24 09:04:56 Node 3 executing on host: <192.168.0.113:9618?addrs=192.168.0.113-9618&alias=node113.di.rm1&noUDP&sock=startd_3668932_c305>
...
014 (278532.000.002) 2025-01-24 09:04:56 Node 2 executing on host: <192.168.0.148:9618?addrs=192.168.0.148-9618&alias=node148.di.rm1&noUDP&sock=startd_1547_b119>
...
014 (278532.000.001) 2025-01-24 09:04:56 Node 1 executing on host: <192.168.0.151:9618?addrs=192.168.0.151-9618&alias=node151.di.rm1&noUDP&sock=startd_1528_a8cd>
...
001 (278532.000.000) 2025-01-24 09:04:56 Job executing on host: MPI_job
...
008 (278532.000.000) 2025-01-24 09:04:58 Launching orted on Node 0 of 4
...
008 (278532.000.000) 2025-01-24 09:04:59 Launching orted on Node 3 of 4
...
008 (278532.000.000) 2025-01-24 09:04:59 Launching orted on Node 1 of 4
...
008 (278532.000.000) 2025-01-24 09:04:59 Launching orted on Node 2 of 4
...
008 (278532.000.000) 2025-01-24 09:04:59 orted exited on Node 3 of 4
...
008 (278532.000.000) 2025-01-24 09:04:59 orted exited on Node 1 of 4
...
008 (278532.000.000) 2025-01-24 09:04:59 orted exited on Node 2 of 4
...
008 (278532.000.000) 2025-01-24 09:04:59 orted exited on Node 0 of 4
...
015 (278532.000.003) 2025-01-24 09:04:59 Node 3 terminated.
	(1) Normal termination (return value 0)
		Usr 0 00:00:00, Sys 0 00:00:00  -  Run Remote Usage
		Usr 0 00:00:00, Sys 0 00:00:00  -  Run Local Usage
		Usr 0 00:00:00, Sys 0 00:00:00  -  Total Remote Usage
		Usr 0 00:00:00, Sys 0 00:00:00  -  Total Local Usage
	2187  -  Run Bytes Sent By Node
	33639  -  Run Bytes Received By Node
	2187  -  Total Bytes Sent By Node
	33639  -  Total Bytes Received By Node
...
015 (278532.000.001) 2025-01-24 09:05:00 Node 1 terminated.
	(1) Normal termination (return value 0)
		Usr 0 00:00:00, Sys 0 00:00:00  -  Run Remote Usage
		Usr 0 00:00:00, Sys 0 00:00:00  -  Run Local Usage
		Usr 0 00:00:00, Sys 0 00:00:00  -  Total Remote Usage
		Usr 0 00:00:00, Sys 0 00:00:00  -  Total Local Usage
	2165  -  Run Bytes Sent By Node
	33639  -  Run Bytes Received By Node
	2165  -  Total Bytes Sent By Node
	33639  -  Total Bytes Received By Node
...
015 (278532.000.002) 2025-01-24 09:05:00 Node 2 terminated.
	(1) Normal termination (return value 0)
		Usr 0 00:00:00, Sys 0 00:00:00  -  Run Remote Usage
		Usr 0 00:00:00, Sys 0 00:00:00  -  Run Local Usage
		Usr 0 00:00:00, Sys 0 00:00:00  -  Total Remote Usage
		Usr 0 00:00:00, Sys 0 00:00:00  -  Total Local Usage
	2165  -  Run Bytes Sent By Node
	33639  -  Run Bytes Received By Node
	2165  -  Total Bytes Sent By Node
	33639  -  Total Bytes Received By Node
...
015 (278532.000.000) 2025-01-24 09:05:00 Node 0 terminated.
	(1) Normal termination (return value 0)
		Usr 0 00:00:00, Sys 0 00:00:00  -  Run Remote Usage
		Usr 0 00:00:00, Sys 0 00:00:00  -  Run Local Usage
		Usr 0 00:00:00, Sys 0 00:00:00  -  Total Remote Usage
		Usr 0 00:00:00, Sys 0 00:00:00  -  Total Local Usage
	3260  -  Run Bytes Sent By Node
	33639  -  Run Bytes Received By Node
	3260  -  Total Bytes Sent By Node
	33639  -  Total Bytes Received By Node
...
005 (278532.000.000) 2025-01-24 09:05:00 Job terminated.
	(1) Normal termination (return value 0)
		Usr 0 00:00:00, Sys 0 00:00:00  -  Run Remote Usage
		Usr 0 00:00:00, Sys 0 00:00:00  -  Run Local Usage
		Usr 0 00:00:00, Sys 0 00:00:00  -  Total Remote Usage
		Usr 0 00:00:00, Sys 0 00:00:00  -  Total Local Usage
	9777  -  Run Bytes Sent By Job
	134556  -  Run Bytes Received By Job
	9777  -  Total Bytes Sent By Job
	134556  -  Total Bytes Received By Job
	Partitionable Resources :    Usage  Request Allocated 
	   Cpus                 :                 1         2 
	   Disk (KB)            :       49       35 102887082 
	   Memory (MB)          :        1        0    100096 

	Job terminated of its own accord at 2025-01-24T09:04:59Z with exit-code 0.
...
000 (286804.000.000) 2025-01-28 15:59:44 Job submitted from host: <192.168.0.102:9618?addrs=192.168.0.102-9618&alias=submitter&noUDP&sock=schedd_2032_5c88>
...
014 (286804.000.000) 2025-01-28 15:59:48 Node 0 executing on host: <192.168.0.139:9618?addrs=192.168.0.139-9618&alias=node139.di.rm1&noUDP&sock=startd_1966_1748>
...
014 (286804.000.002) 2025-01-28 15:59:48 Node 2 executing on host: <192.168.0.135:9618?addrs=192.168.0.135-9618&alias=node135.di.rm1&noUDP&sock=startd_2000_6980>
...
014 (286804.000.001) 2025-01-28 15:59:48 Node 1 executing on host: <192.168.0.134:9618?addrs=192.168.0.134-9618&alias=node134.di.rm1&noUDP&sock=startd_2073_7bea>
...
014 (286804.000.003) 2025-01-28 15:59:48 Node 3 executing on host: <192.168.0.124:9618?addrs=192.168.0.124-9618&alias=node124.di.rm1&noUDP&sock=startd_2143_7f8b>
...
001 (286804.000.000) 2025-01-28 15:59:48 Job executing on host: MPI_job
...
008 (286804.000.000) 2025-01-28 15:59:50 Launching orted on Node 0 of 4
...
008 (286804.000.000) 2025-01-28 15:59:50 Launching orted on Node 2 of 4
...
008 (286804.000.000) 2025-01-28 15:59:50 Launching orted on Node 1 of 4
...
008 (286804.000.000) 2025-01-28 15:59:50 Launching orted on Node 3 of 4
...
008 (286804.000.000) 2025-01-28 15:59:51 orted exited on Node 2 of 4
...
008 (286804.000.000) 2025-01-28 15:59:51 orted exited on Node 1 of 4
...
008 (286804.000.000) 2025-01-28 15:59:51 orted exited on Node 0 of 4
...
008 (286804.000.000) 2025-01-28 15:59:51 orted exited on Node 3 of 4
...
015 (286804.000.000) 2025-01-28 15:59:51 Node 0 terminated.
	(1) Normal termination (return value 0)
		Usr 0 00:00:00, Sys 0 00:00:01  -  Run Remote Usage
		Usr 0 00:00:00, Sys 0 00:00:00  -  Run Local Usage
		Usr 0 00:00:00, Sys 0 00:00:01  -  Total Remote Usage
		Usr 0 00:00:00, Sys 0 00:00:00  -  Total Local Usage
	3263  -  Run Bytes Sent By Node
	33591  -  Run Bytes Received By Node
	3263  -  Total Bytes Sent By Node
	33591  -  Total Bytes Received By Node
...
005 (286804.000.000) 2025-01-28 15:59:51 Job terminated.
	(1) Normal termination (return value 0)
		Usr 0 00:00:00, Sys 0 00:00:01  -  Run Remote Usage
		Usr 0 00:00:00, Sys 0 00:00:00  -  Run Local Usage
		Usr 0 00:00:00, Sys 0 00:00:01  -  Total Remote Usage
		Usr 0 00:00:00, Sys 0 00:00:00  -  Total Local Usage
	7593  -  Run Bytes Sent By Job
	134364  -  Run Bytes Received By Job
	7593  -  Total Bytes Sent By Job
	134364  -  Total Bytes Received By Job
	Partitionable Resources :    Usage  Request Allocated 
	   Cpus                 :                 1         2 
	   Disk (KB)            :       50       35 102721985 
	   Memory (MB)          :        0        0    100096 

	Job terminated of its own accord at 2025-01-28T15:59:51Z with exit-code 0.
...
