000 (273330.000.000) 2025-01-23 10:54:02 Job submitted from host: <192.168.0.102:9618?addrs=192.168.0.102-9618&alias=submitter&noUDP&sock=schedd_2032_5c88>
...
014 (273330.000.000) 2025-01-23 10:54:16 Node 0 executing on host: <192.168.0.149:9618?addrs=192.168.0.149-9618&alias=node149.di.rm1&noUDP&sock=startd_1551_6f7a>
...
014 (273330.000.001) 2025-01-23 10:54:16 Node 1 executing on host: <192.168.0.141:9618?addrs=192.168.0.141-9618&alias=node141.di.rm1&noUDP&sock=startd_2077_3a4b>
...
001 (273330.000.000) 2025-01-23 10:54:16 Job executing on host: MPI_job
...
008 (273330.000.000) 2025-01-23 10:54:18 Launching orted on Node 0 of 2
...
008 (273330.000.000) 2025-01-23 10:54:18 Launching orted on Node 1 of 2
...
008 (273330.000.000) 2025-01-23 10:54:23 orted exited on Node 1 of 2
...
008 (273330.000.000) 2025-01-23 10:54:23 orted exited on Node 0 of 2
...
015 (273330.000.000) 2025-01-23 10:54:24 Node 0 terminated.
	(1) Normal termination (return value 0)
		Usr 0 00:00:05, Sys 0 00:00:00  -  Run Remote Usage
		Usr 0 00:00:00, Sys 0 00:00:00  -  Run Local Usage
		Usr 0 00:00:05, Sys 0 00:00:00  -  Total Remote Usage
		Usr 0 00:00:00, Sys 0 00:00:00  -  Total Local Usage
	3257  -  Run Bytes Sent By Node
	33639  -  Run Bytes Received By Node
	3257  -  Total Bytes Sent By Node
	33639  -  Total Bytes Received By Node
...
005 (273330.000.000) 2025-01-23 10:54:24 Job terminated.
	(1) Normal termination (return value 0)
		Usr 0 00:00:09, Sys 0 00:00:00  -  Run Remote Usage
		Usr 0 00:00:00, Sys 0 00:00:00  -  Run Local Usage
		Usr 0 00:00:01, Sys 0 00:00:00  -  Total Remote Usage
		Usr 0 00:00:00, Sys 0 00:00:00  -  Total Local Usage
	3257  -  Run Bytes Sent By Job
	67278  -  Run Bytes Received By Job
	3257  -  Total Bytes Sent By Job
	67278  -  Total Bytes Received By Job
	Partitionable Resources :    Usage  Request Allocated 
	   Cpus                 :                 1         2 
	   Disk (KB)            :       49       35 102883670 
	   Memory (MB)          :        1        0    100096 

	Job terminated of its own accord at 2025-01-23T10:54:23Z with exit-code 0.
...
000 (278106.000.000) 2025-01-24 07:43:04 Job submitted from host: <192.168.0.102:9618?addrs=192.168.0.102-9618&alias=submitter&noUDP&sock=schedd_2032_5c88>
...
014 (278106.000.001) 2025-01-24 07:43:11 Node 1 executing on host: <192.168.0.149:9618?addrs=192.168.0.149-9618&alias=node149.di.rm1&noUDP&sock=startd_1551_6f7a>
...
014 (278106.000.000) 2025-01-24 07:43:11 Node 0 executing on host: <192.168.0.104:9618?addrs=192.168.0.104-9618&alias=node104.di.rm1&noUDP&sock=startd_1987_7ec5>
...
001 (278106.000.000) 2025-01-24 07:43:11 Job executing on host: MPI_job
...
008 (278106.000.000) 2025-01-24 07:43:13 Launching orted on Node 1 of 2
...
008 (278106.000.000) 2025-01-24 07:43:13 Launching orted on Node 0 of 2
...
008 (278106.000.000) 2025-01-24 07:43:18 orted exited on Node 0 of 2
...
008 (278106.000.000) 2025-01-24 07:43:18 orted exited on Node 1 of 2
...
015 (278106.000.001) 2025-01-24 07:43:18 Node 1 terminated.
	(1) Normal termination (return value 0)
		Usr 0 00:00:04, Sys 0 00:00:00  -  Run Remote Usage
		Usr 0 00:00:00, Sys 0 00:00:00  -  Run Local Usage
		Usr 0 00:00:04, Sys 0 00:00:00  -  Total Remote Usage
		Usr 0 00:00:00, Sys 0 00:00:00  -  Total Local Usage
	2165  -  Run Bytes Sent By Node
	33639  -  Run Bytes Received By Node
	2165  -  Total Bytes Sent By Node
	33639  -  Total Bytes Received By Node
...
015 (278106.000.000) 2025-01-24 07:43:18 Node 0 terminated.
	(1) Normal termination (return value 0)
		Usr 0 00:00:04, Sys 0 00:00:00  -  Run Remote Usage
		Usr 0 00:00:00, Sys 0 00:00:00  -  Run Local Usage
		Usr 0 00:00:04, Sys 0 00:00:00  -  Total Remote Usage
		Usr 0 00:00:00, Sys 0 00:00:00  -  Total Local Usage
	3257  -  Run Bytes Sent By Node
	33639  -  Run Bytes Received By Node
	3257  -  Total Bytes Sent By Node
	33639  -  Total Bytes Received By Node
...
005 (278106.000.000) 2025-01-24 07:43:18 Job terminated.
	(1) Normal termination (return value 0)
		Usr 0 00:00:08, Sys 0 00:00:00  -  Run Remote Usage
		Usr 0 00:00:00, Sys 0 00:00:00  -  Run Local Usage
		Usr 0 00:00:04, Sys 0 00:00:00  -  Total Remote Usage
		Usr 0 00:00:00, Sys 0 00:00:00  -  Total Local Usage
	5422  -  Run Bytes Sent By Job
	67278  -  Run Bytes Received By Job
	5422  -  Total Bytes Sent By Job
	67278  -  Total Bytes Received By Job
	Partitionable Resources :    Usage  Request Allocated 
	   Cpus                 :                 1         2 
	   Disk (KB)            :       49       35 102792276 
	   Memory (MB)          :        0      279    100096 

	Job terminated of its own accord at 2025-01-24T07:43:18Z with exit-code 0.
...
000 (286236.000.000) 2025-01-28 14:57:21 Job submitted from host: <192.168.0.102:9618?addrs=192.168.0.102-9618&alias=submitter&noUDP&sock=schedd_2032_5c88>
...
014 (286236.000.000) 2025-01-28 14:57:28 Node 0 executing on host: <192.168.0.147:9618?addrs=192.168.0.147-9618&alias=node147.di.rm1&noUDP&sock=startd_1513_5ee1>
...
014 (286236.000.001) 2025-01-28 14:57:28 Node 1 executing on host: <192.168.0.111:9618?addrs=192.168.0.111-9618&alias=node111.di.rm1&noUDP&sock=startd_2044_97ab>
...
001 (286236.000.000) 2025-01-28 14:57:28 Job executing on host: MPI_job
...
008 (286236.000.000) 2025-01-28 14:57:30 Launching orted on Node 0 of 2
...
008 (286236.000.000) 2025-01-28 14:57:30 Launching orted on Node 1 of 2
...
008 (286236.000.000) 2025-01-28 14:57:35 orted exited on Node 0 of 2
...
008 (286236.000.000) 2025-01-28 14:57:35 orted exited on Node 1 of 2
...
015 (286236.000.000) 2025-01-28 14:57:35 Node 0 terminated.
	(1) Normal termination (return value 0)
		Usr 0 00:00:00, Sys 0 00:00:00  -  Run Remote Usage
		Usr 0 00:00:00, Sys 0 00:00:00  -  Run Local Usage
		Usr 0 00:00:00, Sys 0 00:00:00  -  Total Remote Usage
		Usr 0 00:00:00, Sys 0 00:00:00  -  Total Local Usage
	3254  -  Run Bytes Sent By Node
	33591  -  Run Bytes Received By Node
	3254  -  Total Bytes Sent By Node
	33591  -  Total Bytes Received By Node
...
005 (286236.000.000) 2025-01-28 14:57:35 Job terminated.
	(1) Normal termination (return value 0)
		Usr 0 00:00:04, Sys 0 00:00:00  -  Run Remote Usage
		Usr 0 00:00:00, Sys 0 00:00:00  -  Run Local Usage
		Usr 0 00:00:00, Sys 0 00:00:00  -  Total Remote Usage
		Usr 0 00:00:00, Sys 0 00:00:00  -  Total Local Usage
	3254  -  Run Bytes Sent By Job
	67182  -  Run Bytes Received By Job
	3254  -  Total Bytes Sent By Job
	67182  -  Total Bytes Received By Job
	Partitionable Resources :    Usage  Request Allocated 
	   Cpus                 :                 1         2 
	   Disk (KB)            :       50       35 102887082 
	   Memory (MB)          :        0      308    100096 

	Job terminated of its own accord at 2025-01-28T14:57:35Z with exit-code 0.
...
