000 (261980.000.000) 2025-01-16 18:00:53 Job submitted from host: <192.168.0.102:9618?addrs=192.168.0.102-9618&alias=submitter&noUDP&sock=schedd_2032_5c88>
...
001 (261980.000.000) 2025-01-16 18:00:59 Job executing on host: <192.168.0.115:9618?addrs=192.168.0.115-9618&alias=node115.di.rm1&noUDP&sock=startd_1101621_f4a0>
...
006 (261980.000.000) 2025-01-16 18:01:07 Image size of job updated: 677472
	662  -  MemoryUsage of job (MB)
	677472  -  ResidentSetSize of job (KB)
...
006 (261980.000.000) 2025-01-16 18:05:45 Image size of job updated: 9726208
	662  -  MemoryUsage of job (MB)
	677604  -  ResidentSetSize of job (KB)
...
005 (261980.000.000) 2025-01-16 18:05:45 Job terminated.
	(1) Normal termination (return value 0)
		Usr 0 00:04:41, Sys 0 00:00:06  -  Run Remote Usage
		Usr 0 00:00:00, Sys 0 00:00:00  -  Run Local Usage
		Usr 0 00:04:41, Sys 0 00:00:06  -  Total Remote Usage
		Usr 0 00:00:00, Sys 0 00:00:00  -  Total Local Usage
	0  -  Run Bytes Sent By Job
	0  -  Run Bytes Received By Job
	0  -  Total Bytes Sent By Job
	0  -  Total Bytes Received By Job
	Partitionable Resources :    Usage  Request Allocated 
	   Cpus                 :     1.00        1         1 
	   Disk (KB)            :    27          27    472524 
	   Memory (MB)          :   662           1       128 

	Job terminated of its own accord at 2025-01-16T18:05:45Z with exit-code 0.
...
