000 (271004.000.000) 2025-01-22 00:33:29 Job submitted from host: <192.168.0.102:9618?addrs=192.168.0.102-9618&alias=submitter&noUDP&sock=schedd_2032_5c88>
...
001 (271004.000.000) 2025-01-22 00:33:30 Job executing on host: <192.168.0.147:9618?addrs=192.168.0.147-9618&alias=node147.di.rm1&noUDP&sock=startd_1513_5ee1>
...
006 (271004.000.000) 2025-01-22 00:33:39 Image size of job updated: 455136
	445  -  MemoryUsage of job (MB)
	455136  -  ResidentSetSize of job (KB)
...
006 (271004.000.000) 2025-01-22 00:34:31 Image size of job updated: 2971200
	446  -  MemoryUsage of job (MB)
	455796  -  ResidentSetSize of job (KB)
...
004 (271004.000.000) 2025-01-22 00:34:31 Job was evicted.
	(0) CPU times
		Usr 0 00:00:59, Sys 0 00:00:01  -  Run Remote Usage
		Usr 0 00:00:00, Sys 0 00:00:00  -  Run Local Usage
	0  -  Run Bytes Sent By Job
	0  -  Run Bytes Received By Job
	Partitionable Resources :    Usage  Request Allocated 
	   Cpus                 :                 1         1 
	   Disk (KB)            :       27       27    469805 
	   Memory (MB)          :      446        1       128 
...
009 (271004.000.000) 2025-01-22 00:34:32 Job was aborted.
	via condor_rm (by user calzona_2046920)
...
000 (277158.000.000) 2025-01-24 05:56:22 Job submitted from host: <192.168.0.102:9618?addrs=192.168.0.102-9618&alias=submitter&noUDP&sock=schedd_2032_5c88>
...
001 (277158.000.000) 2025-01-24 05:56:23 Job executing on host: <192.168.0.149:9618?addrs=192.168.0.149-9618&alias=node149.di.rm1&noUDP&sock=startd_1551_6f7a>
...
006 (277158.000.000) 2025-01-24 05:56:31 Image size of job updated: 405372
	396  -  MemoryUsage of job (MB)
	405372  -  ResidentSetSize of job (KB)
...
006 (277158.000.000) 2025-01-24 05:58:24 Image size of job updated: 5891952
	396  -  MemoryUsage of job (MB)
	405372  -  ResidentSetSize of job (KB)
...
004 (277158.000.000) 2025-01-24 05:58:24 Job was evicted.
	(0) CPU times
		Usr 0 00:01:58, Sys 0 00:00:02  -  Run Remote Usage
		Usr 0 00:00:00, Sys 0 00:00:00  -  Run Local Usage
	0  -  Run Bytes Sent By Job
	0  -  Run Bytes Received By Job
	Partitionable Resources :    Usage  Request Allocated 
	   Cpus                 :     1.00        1         1 
	   Disk (KB)            :    27          27    471944 
	   Memory (MB)          :   396           1       128 
...
009 (277158.000.000) 2025-01-24 05:58:24 Job was aborted.
	via condor_rm (by user calzona_2046920)
...
