000 (262808.000.000) 2025-01-17 11:14:21 Job submitted from host: <192.168.0.102:9618?addrs=192.168.0.102-9618&alias=submitter&noUDP&sock=schedd_2032_5c88>
...
001 (262808.000.000) 2025-01-17 11:14:33 Job executing on host: <192.168.0.108:9618?addrs=192.168.0.108-9618&alias=node108.di.rm1&noUDP&sock=startd_1979_0203>
...
006 (262808.000.000) 2025-01-17 11:14:42 Image size of job updated: 790020
	772  -  MemoryUsage of job (MB)
	790020  -  ResidentSetSize of job (KB)
...
006 (262808.000.000) 2025-01-17 11:19:43 Image size of job updated: 27229356
	26592  -  MemoryUsage of job (MB)
	27229356  -  ResidentSetSize of job (KB)
...
006 (262808.000.000) 2025-01-17 11:20:13 Image size of job updated: 29480748
	26592  -  MemoryUsage of job (MB)
	27229488  -  ResidentSetSize of job (KB)
...
004 (262808.000.000) 2025-01-17 11:20:13 Job was evicted.
	(0) CPU times
		Usr 0 00:05:24, Sys 0 00:00:14  -  Run Remote Usage
		Usr 0 00:00:00, Sys 0 00:00:00  -  Run Local Usage
	0  -  Run Bytes Sent By Job
	0  -  Run Bytes Received By Job
	Partitionable Resources :    Usage  Request Allocated 
	   Cpus                 :     1.00        1         1 
	   Disk (KB)            :    27          27    474134 
	   Memory (MB)          : 26592           1       128 
...
009 (262808.000.000) 2025-01-17 11:20:13 Job was aborted.
	via condor_rm (by user calzona_2046920)
...
