000 (279331.000.000) 2025-01-24 10:33:51 Job submitted from host: <192.168.0.102:9618?addrs=192.168.0.102-9618&alias=submitter&noUDP&sock=schedd_2032_5c88>
...
014 (279331.000.002) 2025-01-24 10:33:59 Node 2 executing on host: <192.168.0.121:9618?addrs=192.168.0.121-9618&alias=node121.di.rm1&noUDP&sock=startd_2146_8e54>
...
014 (279331.000.000) 2025-01-24 10:33:59 Node 0 executing on host: <192.168.0.112:9618?addrs=192.168.0.112-9618&alias=node112.di.rm1&noUDP&sock=startd_2169_5502>
...
014 (279331.000.001) 2025-01-24 10:33:59 Node 1 executing on host: <192.168.0.141:9618?addrs=192.168.0.141-9618&alias=node141.di.rm1&noUDP&sock=startd_2077_3a4b>
...
014 (279331.000.003) 2025-01-24 10:33:59 Node 3 executing on host: <192.168.0.151:9618?addrs=192.168.0.151-9618&alias=node151.di.rm1&noUDP&sock=startd_1528_a8cd>
...
014 (279331.000.005) 2025-01-24 10:33:59 Node 5 executing on host: <192.168.0.122:9618?addrs=192.168.0.122-9618&alias=node122.di.rm1&noUDP&sock=startd_2134_5331>
...
014 (279331.000.007) 2025-01-24 10:33:59 Node 7 executing on host: <192.168.0.107:9618?addrs=192.168.0.107-9618&alias=node107.di.rm1&noUDP&sock=startd_1981_6134>
...
014 (279331.000.004) 2025-01-24 10:33:59 Node 4 executing on host: <192.168.0.142:9618?addrs=192.168.0.142-9618&alias=node142.di.rm1&noUDP&sock=startd_1996_ab1f>
...
014 (279331.000.006) 2025-01-24 10:33:59 Node 6 executing on host: <192.168.0.145:9618?addrs=192.168.0.145-9618&alias=node145.di.rm1&noUDP&sock=startd_1869_8e98>
...
001 (279331.000.000) 2025-01-24 10:33:59 Job executing on host: MPI_job
...
008 (279331.000.000) 2025-01-24 10:34:01 Launching orted on Node 2 of 8
...
008 (279331.000.000) 2025-01-24 10:34:01 Launching orted on Node 7 of 8
...
008 (279331.000.000) 2025-01-24 10:34:01 Launching orted on Node 1 of 8
...
008 (279331.000.000) 2025-01-24 10:34:01 Launching orted on Node 5 of 8
...
008 (279331.000.000) 2025-01-24 10:34:01 Launching orted on Node 0 of 8
...
008 (279331.000.000) 2025-01-24 10:34:01 Launching orted on Node 6 of 8
...
008 (279331.000.000) 2025-01-24 10:34:01 Launching orted on Node 3 of 8
...
008 (279331.000.000) 2025-01-24 10:34:01 Launching orted on Node 4 of 8
...
008 (279331.000.000) 2025-01-24 10:34:09 orted exited on Node 1 of 8
...
008 (279331.000.000) 2025-01-24 10:34:09 orted exited on Node 5 of 8
...
008 (279331.000.000) 2025-01-24 10:34:09 orted exited on Node 7 of 8
...
008 (279331.000.000) 2025-01-24 10:34:09 orted exited on Node 0 of 8
...
008 (279331.000.000) 2025-01-24 10:34:09 orted exited on Node 2 of 8
...
008 (279331.000.000) 2025-01-24 10:34:09 orted exited on Node 3 of 8
...
008 (279331.000.000) 2025-01-24 10:34:09 orted exited on Node 4 of 8
...
008 (279331.000.000) 2025-01-24 10:34:09 orted exited on Node 6 of 8
...
015 (279331.000.007) 2025-01-24 10:34:10 Node 7 terminated.
	(1) Normal termination (return value 0)
		Usr 0 00:00:07, Sys 0 00:00:00  -  Run Remote Usage
		Usr 0 00:00:00, Sys 0 00:00:00  -  Run Local Usage
		Usr 0 00:00:07, Sys 0 00:00:00  -  Total Remote Usage
		Usr 0 00:00:00, Sys 0 00:00:00  -  Total Local Usage
	2165  -  Run Bytes Sent By Node
	33639  -  Run Bytes Received By Node
	2165  -  Total Bytes Sent By Node
	33639  -  Total Bytes Received By Node
...
015 (279331.000.002) 2025-01-24 10:34:10 Node 2 terminated.
	(1) Normal termination (return value 0)
		Usr 0 00:00:07, Sys 0 00:00:00  -  Run Remote Usage
		Usr 0 00:00:00, Sys 0 00:00:00  -  Run Local Usage
		Usr 0 00:00:07, Sys 0 00:00:00  -  Total Remote Usage
		Usr 0 00:00:00, Sys 0 00:00:00  -  Total Local Usage
	2165  -  Run Bytes Sent By Node
	33639  -  Run Bytes Received By Node
	2165  -  Total Bytes Sent By Node
	33639  -  Total Bytes Received By Node
...
015 (279331.000.001) 2025-01-24 10:34:10 Node 1 terminated.
	(1) Normal termination (return value 0)
		Usr 0 00:00:07, Sys 0 00:00:01  -  Run Remote Usage
		Usr 0 00:00:00, Sys 0 00:00:00  -  Run Local Usage
		Usr 0 00:00:07, Sys 0 00:00:01  -  Total Remote Usage
		Usr 0 00:00:00, Sys 0 00:00:00  -  Total Local Usage
	2165  -  Run Bytes Sent By Node
	33639  -  Run Bytes Received By Node
	2165  -  Total Bytes Sent By Node
	33639  -  Total Bytes Received By Node
...
015 (279331.000.000) 2025-01-24 10:34:10 Node 0 terminated.
	(1) Normal termination (return value 0)
		Usr 0 00:00:00, Sys 0 00:00:00  -  Run Remote Usage
		Usr 0 00:00:00, Sys 0 00:00:00  -  Run Local Usage
		Usr 0 00:00:00, Sys 0 00:00:00  -  Total Remote Usage
		Usr 0 00:00:00, Sys 0 00:00:00  -  Total Local Usage
	3307  -  Run Bytes Sent By Node
	33639  -  Run Bytes Received By Node
	3307  -  Total Bytes Sent By Node
	33639  -  Total Bytes Received By Node
...
005 (279331.000.000) 2025-01-24 10:34:10 Job terminated.
	(1) Normal termination (return value 0)
		Usr 0 00:00:49, Sys 0 00:00:02  -  Run Remote Usage
		Usr 0 00:00:00, Sys 0 00:00:00  -  Run Local Usage
		Usr 0 00:00:00, Sys 0 00:00:00  -  Total Remote Usage
		Usr 0 00:00:00, Sys 0 00:00:00  -  Total Local Usage
	9802  -  Run Bytes Sent By Job
	269112  -  Run Bytes Received By Job
	9802  -  Total Bytes Sent By Job
	269112  -  Total Bytes Received By Job
	Partitionable Resources :    Usage  Request Allocated 
	   Cpus                 :                 1         2 
	   Disk (KB)            :       51       35 102912356 
	   GPUs                 :                           0 
	   Memory (MB)          :      315        0    100096 

	Job terminated of its own accord at 2025-01-24T10:34:09Z with exit-code 0.
...
000 (287652.000.000) 2025-01-28 17:31:57 Job submitted from host: <192.168.0.102:9618?addrs=192.168.0.102-9618&alias=submitter&noUDP&sock=schedd_2032_5c88>
...
014 (287652.000.000) 2025-01-28 17:32:01 Node 0 executing on host: <192.168.0.132:9618?addrs=192.168.0.132-9618&alias=node132.di.rm1&noUDP&sock=startd_1999_b9e8>
...
014 (287652.000.002) 2025-01-28 17:32:01 Node 2 executing on host: <192.168.0.108:9618?addrs=192.168.0.108-9618&alias=node108.di.rm1&noUDP&sock=startd_1979_0203>
...
014 (287652.000.003) 2025-01-28 17:32:01 Node 3 executing on host: <192.168.0.142:9618?addrs=192.168.0.142-9618&alias=node142.di.rm1&noUDP&sock=startd_1996_ab1f>
...
014 (287652.000.004) 2025-01-28 17:32:01 Node 4 executing on host: <192.168.0.148:9618?addrs=192.168.0.148-9618&alias=node148.di.rm1&noUDP&sock=startd_1547_b119>
...
014 (287652.000.007) 2025-01-28 17:32:01 Node 7 executing on host: <192.168.0.147:9618?addrs=192.168.0.147-9618&alias=node147.di.rm1&noUDP&sock=startd_1513_5ee1>
...
014 (287652.000.001) 2025-01-28 17:32:01 Node 1 executing on host: <192.168.0.111:9618?addrs=192.168.0.111-9618&alias=node111.di.rm1&noUDP&sock=startd_2044_97ab>
...
014 (287652.000.006) 2025-01-28 17:32:01 Node 6 executing on host: <192.168.0.122:9618?addrs=192.168.0.122-9618&alias=node122.di.rm1&noUDP&sock=startd_2134_5331>
...
014 (287652.000.005) 2025-01-28 17:32:01 Node 5 executing on host: <192.168.0.113:9618?addrs=192.168.0.113-9618&alias=node113.di.rm1&noUDP&sock=startd_3668932_c305>
...
001 (287652.000.000) 2025-01-28 17:32:01 Job executing on host: MPI_job
...
008 (287652.000.000) 2025-01-28 17:32:03 Launching orted on Node 0 of 8
...
008 (287652.000.000) 2025-01-28 17:32:03 Launching orted on Node 2 of 8
...
008 (287652.000.000) 2025-01-28 17:32:03 Launching orted on Node 3 of 8
...
008 (287652.000.000) 2025-01-28 17:32:03 Launching orted on Node 4 of 8
...
008 (287652.000.000) 2025-01-28 17:32:03 Launching orted on Node 7 of 8
...
008 (287652.000.000) 2025-01-28 17:32:03 Launching orted on Node 6 of 8
...
008 (287652.000.000) 2025-01-28 17:32:03 Launching orted on Node 5 of 8
...
008 (287652.000.000) 2025-01-28 17:32:03 Launching orted on Node 1 of 8
...
008 (287652.000.000) 2025-01-28 17:32:11 orted exited on Node 7 of 8
...
008 (287652.000.000) 2025-01-28 17:32:11 orted exited on Node 0 of 8
...
008 (287652.000.000) 2025-01-28 17:32:11 orted exited on Node 4 of 8
...
008 (287652.000.000) 2025-01-28 17:32:11 orted exited on Node 5 of 8
...
008 (287652.000.000) 2025-01-28 17:32:11 orted exited on Node 2 of 8
...
008 (287652.000.000) 2025-01-28 17:32:11 orted exited on Node 1 of 8
...
008 (287652.000.000) 2025-01-28 17:32:11 orted exited on Node 6 of 8
...
008 (287652.000.000) 2025-01-28 17:32:11 orted exited on Node 3 of 8
...
015 (287652.000.000) 2025-01-28 17:32:11 Node 0 terminated.
	(1) Normal termination (return value 0)
		Usr 0 00:00:05, Sys 0 00:00:00  -  Run Remote Usage
		Usr 0 00:00:00, Sys 0 00:00:00  -  Run Local Usage
		Usr 0 00:00:05, Sys 0 00:00:00  -  Total Remote Usage
		Usr 0 00:00:00, Sys 0 00:00:00  -  Total Local Usage
	3260  -  Run Bytes Sent By Node
	33591  -  Run Bytes Received By Node
	3260  -  Total Bytes Sent By Node
	33591  -  Total Bytes Received By Node
...
015 (287652.000.007) 2025-01-28 17:32:11 Node 7 terminated.
	(1) Normal termination (return value 0)
		Usr 0 00:00:07, Sys 0 00:00:00  -  Run Remote Usage
		Usr 0 00:00:00, Sys 0 00:00:00  -  Run Local Usage
		Usr 0 00:00:07, Sys 0 00:00:00  -  Total Remote Usage
		Usr 0 00:00:00, Sys 0 00:00:00  -  Total Local Usage
	2165  -  Run Bytes Sent By Node
	33591  -  Run Bytes Received By Node
	2165  -  Total Bytes Sent By Node
	33591  -  Total Bytes Received By Node
...
005 (287652.000.000) 2025-01-28 17:32:11 Job terminated.
	(1) Normal termination (return value 0)
		Usr 0 00:00:54, Sys 0 00:00:02  -  Run Remote Usage
		Usr 0 00:00:00, Sys 0 00:00:00  -  Run Local Usage
		Usr 0 00:00:05, Sys 0 00:00:00  -  Total Remote Usage
		Usr 0 00:00:00, Sys 0 00:00:00  -  Total Local Usage
	9777  -  Run Bytes Sent By Job
	268728  -  Run Bytes Received By Job
	9777  -  Total Bytes Sent By Job
	268728  -  Total Bytes Received By Job
	Partitionable Resources :    Usage  Request Allocated 
	   Cpus                 :                 1         2 
	   Disk (KB)            :       51       35 103028807 
	   Memory (MB)          :      267        0    100096 

	Job terminated of its own accord at 2025-01-28T17:32:11Z with exit-code 0.
...
