000 (268746.000.000) 2025-01-21 22:02:46 Job submitted from host: <192.168.0.102:9618?addrs=192.168.0.102-9618&alias=submitter&noUDP&sock=schedd_2032_5c88>
...
001 (268746.000.000) 2025-01-21 22:03:01 Job executing on host: <192.168.0.107:9618?addrs=192.168.0.107-9618&alias=node107.di.rm1&noUDP&sock=startd_1981_6134>
...
006 (268746.000.000) 2025-01-21 22:03:09 Image size of job updated: 1352692
	596  -  MemoryUsage of job (MB)
	609708  -  ResidentSetSize of job (KB)
...
006 (268746.000.000) 2025-01-21 22:03:42 Image size of job updated: 3590896
	596  -  MemoryUsage of job (MB)
	610236  -  ResidentSetSize of job (KB)
...
004 (268746.000.000) 2025-01-21 22:03:42 Job was evicted.
	(0) CPU times
		Usr 0 00:00:39, Sys 0 00:00:01  -  Run Remote Usage
		Usr 0 00:00:00, Sys 0 00:00:00  -  Run Local Usage
	0  -  Run Bytes Sent By Job
	0  -  Run Bytes Received By Job
	Partitionable Resources :    Usage  Request Allocated 
	   Cpus                 :                 1         1 
	   Disk (KB)            :       27       27    471963 
	   Memory (MB)          :      596        1       128 
...
009 (268746.000.000) 2025-01-21 22:03:43 Job was aborted.
	via condor_rm (by user calzona_2046920)
...
000 (268898.000.000) 2025-01-21 22:10:23 Job submitted from host: <192.168.0.102:9618?addrs=192.168.0.102-9618&alias=submitter&noUDP&sock=schedd_2032_5c88>
...
001 (268898.000.000) 2025-01-21 22:10:38 Job executing on host: <192.168.0.130:9618?addrs=192.168.0.130-9618&alias=node130.di.rm1&noUDP&sock=startd_2751195_838e>
...
006 (268898.000.000) 2025-01-21 22:10:47 Image size of job updated: 839388
	820  -  MemoryUsage of job (MB)
	839388  -  ResidentSetSize of job (KB)
...
006 (268898.000.000) 2025-01-21 22:11:00 Image size of job updated: 2265340
	821  -  MemoryUsage of job (MB)
	840312  -  ResidentSetSize of job (KB)
...
004 (268898.000.000) 2025-01-21 22:11:00 Job was evicted.
	(0) CPU times
		Usr 0 00:00:20, Sys 0 00:00:00  -  Run Remote Usage
		Usr 0 00:00:00, Sys 0 00:00:00  -  Run Local Usage
	0  -  Run Bytes Sent By Job
	0  -  Run Bytes Received By Job
	Partitionable Resources :    Usage  Request Allocated 
	   Cpus                 :                 1         1 
	   Disk (KB)            :       27       27    472313 
	   Memory (MB)          :      821        1       128 
...
009 (268898.000.000) 2025-01-21 22:11:00 Job was aborted.
	via condor_rm (by user calzona_2046920)
...
000 (275230.000.000) 2025-01-24 02:03:23 Job submitted from host: <192.168.0.102:9618?addrs=192.168.0.102-9618&alias=submitter&noUDP&sock=schedd_2032_5c88>
...
001 (275230.000.000) 2025-01-24 02:03:25 Job executing on host: <192.168.0.148:9618?addrs=192.168.0.148-9618&alias=node148.di.rm1&noUDP&sock=startd_1547_b119>
...
006 (275230.000.000) 2025-01-24 02:03:34 Image size of job updated: 745800
	729  -  MemoryUsage of job (MB)
	745800  -  ResidentSetSize of job (KB)
...
006 (275230.000.000) 2025-01-24 02:05:25 Image size of job updated: 11074088
	731  -  MemoryUsage of job (MB)
	747648  -  ResidentSetSize of job (KB)
...
004 (275230.000.000) 2025-01-24 02:05:25 Job was evicted.
	(0) CPU times
		Usr 0 00:01:54, Sys 0 00:00:04  -  Run Remote Usage
		Usr 0 00:00:00, Sys 0 00:00:00  -  Run Local Usage
	0  -  Run Bytes Sent By Job
	0  -  Run Bytes Received By Job
	Partitionable Resources :    Usage  Request Allocated 
	   Cpus                 :                 1         1 
	   Disk (KB)            :       27       27    467548 
	   Memory (MB)          :      731        1       128 
...
009 (275230.000.000) 2025-01-24 02:05:25 Job was aborted.
	via condor_rm (by user calzona_2046920)
...
