000 (273959.000.000) 2025-01-23 11:28:32 Job submitted from host: <192.168.0.102:9618?addrs=192.168.0.102-9618&alias=submitter&noUDP&sock=schedd_2032_5c88>
...
014 (273959.000.001) 2025-01-23 11:28:40 Node 1 executing on host: <192.168.0.112:9618?addrs=192.168.0.112-9618&alias=node112.di.rm1&noUDP&sock=startd_2169_5502>
...
014 (273959.000.002) 2025-01-23 11:28:40 Node 2 executing on host: <192.168.0.142:9618?addrs=192.168.0.142-9618&alias=node142.di.rm1&noUDP&sock=startd_1996_ab1f>
...
014 (273959.000.000) 2025-01-23 11:28:40 Node 0 executing on host: <192.168.0.141:9618?addrs=192.168.0.141-9618&alias=node141.di.rm1&noUDP&sock=startd_2077_3a4b>
...
014 (273959.000.003) 2025-01-23 11:28:40 Node 3 executing on host: <192.168.0.143:9618?addrs=192.168.0.143-9618&alias=node143.di.rm1&noUDP&sock=startd_2061_40c7>
...
001 (273959.000.000) 2025-01-23 11:28:40 Job executing on host: MPI_job
...
008 (273959.000.000) 2025-01-23 11:28:42 Launching orted on Node 1 of 4
...
008 (273959.000.000) 2025-01-23 11:28:42 Launching orted on Node 0 of 4
...
008 (273959.000.000) 2025-01-23 11:28:42 Launching orted on Node 2 of 4
...
008 (273959.000.000) 2025-01-23 11:28:43 Launching orted on Node 3 of 4
...
008 (273959.000.000) 2025-01-23 11:28:53 orted exited on Node 1 of 4
...
008 (273959.000.000) 2025-01-23 11:28:53 orted exited on Node 0 of 4
...
008 (273959.000.000) 2025-01-23 11:28:53 orted exited on Node 3 of 4
...
008 (273959.000.000) 2025-01-23 11:28:53 orted exited on Node 2 of 4
...
015 (273959.000.000) 2025-01-23 11:28:53 Node 0 terminated.
	(1) Normal termination (return value 0)
		Usr 0 00:00:00, Sys 0 00:00:00  -  Run Remote Usage
		Usr 0 00:00:00, Sys 0 00:00:00  -  Run Local Usage
		Usr 0 00:00:00, Sys 0 00:00:00  -  Total Remote Usage
		Usr 0 00:00:00, Sys 0 00:00:00  -  Total Local Usage
	3263  -  Run Bytes Sent By Node
	33639  -  Run Bytes Received By Node
	3263  -  Total Bytes Sent By Node
	33639  -  Total Bytes Received By Node
...
005 (273959.000.000) 2025-01-23 11:28:53 Job terminated.
	(1) Normal termination (return value 0)
		Usr 0 00:00:22, Sys 0 00:00:03  -  Run Remote Usage
		Usr 0 00:00:00, Sys 0 00:00:00  -  Run Local Usage
		Usr 0 00:00:00, Sys 0 00:00:00  -  Total Remote Usage
		Usr 0 00:00:00, Sys 0 00:00:00  -  Total Local Usage
	3263  -  Run Bytes Sent By Job
	134556  -  Run Bytes Received By Job
	3263  -  Total Bytes Sent By Job
	134556  -  Total Bytes Received By Job
	Partitionable Resources :    Usage  Request Allocated 
	   Cpus                 :                 1         1 
	   Disk (KB)            :       49       35    459831 
	   Memory (MB)          :      235        0     40960 

	Job terminated of its own accord at 2025-01-23T11:28:53Z with exit-code 0.
...
000 (278705.000.000) 2025-01-24 09:18:29 Job submitted from host: <192.168.0.102:9618?addrs=192.168.0.102-9618&alias=submitter&noUDP&sock=schedd_2032_5c88>
...
014 (278705.000.002) 2025-01-24 09:18:33 Node 2 executing on host: <192.168.0.130:9618?addrs=192.168.0.130-9618&alias=node130.di.rm1&noUDP&sock=startd_2751195_838e>
...
014 (278705.000.000) 2025-01-24 09:18:33 Node 0 executing on host: <192.168.0.130:9618?addrs=192.168.0.130-9618&alias=node130.di.rm1&noUDP&sock=startd_2751195_838e>
...
014 (278705.000.001) 2025-01-24 09:18:33 Node 1 executing on host: <192.168.0.116:9618?addrs=192.168.0.116-9618&alias=node116.di.rm1&noUDP&sock=startd_1847_7783>
...
014 (278705.000.003) 2025-01-24 09:18:33 Node 3 executing on host: <192.168.0.111:9618?addrs=192.168.0.111-9618&alias=node111.di.rm1&noUDP&sock=startd_2044_97ab>
...
001 (278705.000.000) 2025-01-24 09:18:33 Job executing on host: MPI_job
...
008 (278705.000.000) 2025-01-24 09:18:35 Launching orted on Node 0 of 4
...
008 (278705.000.000) 2025-01-24 09:18:35 Launching orted on Node 2 of 4
...
008 (278705.000.000) 2025-01-24 09:18:35 Launching orted on Node 1 of 4
...
008 (278705.000.000) 2025-01-24 09:18:35 Launching orted on Node 3 of 4
...
008 (278705.000.000) 2025-01-24 09:18:44 orted exited on Node 1 of 4
...
008 (278705.000.000) 2025-01-24 09:18:44 orted exited on Node 3 of 4
...
008 (278705.000.000) 2025-01-24 09:18:44 orted exited on Node 0 of 4
...
008 (278705.000.000) 2025-01-24 09:18:44 orted exited on Node 2 of 4
...
015 (278705.000.002) 2025-01-24 09:18:44 Node 2 terminated.
	(1) Normal termination (return value 0)
		Usr 0 00:00:08, Sys 0 00:00:00  -  Run Remote Usage
		Usr 0 00:00:00, Sys 0 00:00:00  -  Run Local Usage
		Usr 0 00:00:08, Sys 0 00:00:00  -  Total Remote Usage
		Usr 0 00:00:00, Sys 0 00:00:00  -  Total Local Usage
	0  -  Run Bytes Sent By Node
	33639  -  Run Bytes Received By Node
	0  -  Total Bytes Sent By Node
	33639  -  Total Bytes Received By Node
...
015 (278705.000.000) 2025-01-24 09:18:44 Node 0 terminated.
	(1) Normal termination (return value 0)
		Usr 0 00:00:06, Sys 0 00:00:00  -  Run Remote Usage
		Usr 0 00:00:00, Sys 0 00:00:00  -  Run Local Usage
		Usr 0 00:00:06, Sys 0 00:00:00  -  Total Remote Usage
		Usr 0 00:00:00, Sys 0 00:00:00  -  Total Local Usage
	3263  -  Run Bytes Sent By Node
	33639  -  Run Bytes Received By Node
	3263  -  Total Bytes Sent By Node
	33639  -  Total Bytes Received By Node
...
005 (278705.000.000) 2025-01-24 09:18:44 Job terminated.
	(1) Normal termination (return value 0)
		Usr 0 00:00:29, Sys 0 00:00:00  -  Run Remote Usage
		Usr 0 00:00:00, Sys 0 00:00:00  -  Run Local Usage
		Usr 0 00:00:06, Sys 0 00:00:00  -  Total Remote Usage
		Usr 0 00:00:00, Sys 0 00:00:00  -  Total Local Usage
	3263  -  Run Bytes Sent By Job
	134556  -  Run Bytes Received By Job
	3263  -  Total Bytes Sent By Job
	134556  -  Total Bytes Received By Job
	Partitionable Resources :    Usage  Request Allocated 
	   Cpus                 :                 1         2 
	   Disk (KB)            :       49       35 102964203 
	   Memory (MB)          :      266        0    100096 

	Job terminated of its own accord at 2025-01-24T09:18:44Z with exit-code 0.
...
