000 (270476.000.000) 2025-01-21 23:57:33 Job submitted from host: <192.168.0.102:9618?addrs=192.168.0.102-9618&alias=submitter&noUDP&sock=schedd_2032_5c88>
...
001 (270476.000.000) 2025-01-21 23:57:35 Job executing on host: <192.168.0.120:9618?addrs=192.168.0.120-9618&alias=node120.di.rm1&noUDP&sock=startd_2096_4298>
...
006 (270476.000.000) 2025-01-21 23:57:44 Image size of job updated: 1247424
	489  -  MemoryUsage of job (MB)
	500016  -  ResidentSetSize of job (KB)
...
006 (270476.000.000) 2025-01-21 23:58:35 Image size of job updated: 3597480
	489  -  MemoryUsage of job (MB)
	500676  -  ResidentSetSize of job (KB)
...
004 (270476.000.000) 2025-01-21 23:58:35 Job was evicted.
	(0) CPU times
		Usr 0 00:00:57, Sys 0 00:00:01  -  Run Remote Usage
		Usr 0 00:00:00, Sys 0 00:00:00  -  Run Local Usage
	0  -  Run Bytes Sent By Job
	0  -  Run Bytes Received By Job
	Partitionable Resources :    Usage  Request Allocated 
	   Cpus                 :     1.00        1         1 
	   Disk (KB)            :    27          27    459052 
	   Gpus (Average)       :                 0         0 
	   Memory (MB)          :   489           1       128 
...
009 (270476.000.000) 2025-01-21 23:58:35 Job was aborted.
	via condor_rm (by user calzona_2046920)
...
000 (276630.000.000) 2025-01-24 05:02:22 Job submitted from host: <192.168.0.102:9618?addrs=192.168.0.102-9618&alias=submitter&noUDP&sock=schedd_2032_5c88>
...
001 (276630.000.000) 2025-01-24 05:02:23 Job executing on host: <192.168.0.149:9618?addrs=192.168.0.149-9618&alias=node149.di.rm1&noUDP&sock=startd_1551_6f7a>
...
006 (276630.000.000) 2025-01-24 05:02:32 Image size of job updated: 1120488
	553  -  MemoryUsage of job (MB)
	565884  -  ResidentSetSize of job (KB)
...
006 (276630.000.000) 2025-01-24 05:04:24 Image size of job updated: 7230000
	553  -  MemoryUsage of job (MB)
	566016  -  ResidentSetSize of job (KB)
...
004 (276630.000.000) 2025-01-24 05:04:24 Job was evicted.
	(0) CPU times
		Usr 0 00:01:57, Sys 0 00:00:03  -  Run Remote Usage
		Usr 0 00:00:00, Sys 0 00:00:00  -  Run Local Usage
	0  -  Run Bytes Sent By Job
	0  -  Run Bytes Received By Job
	Partitionable Resources :    Usage  Request Allocated 
	   Cpus                 :     0.01        1         1 
	   Disk (KB)            :    27          27    471944 
	   Memory (MB)          :   553           1       128 
...
009 (276630.000.000) 2025-01-24 05:04:24 Job was aborted.
	via condor_rm (by user calzona_2046920)
...
