000 (273274.000.000) 2025-01-23 10:50:58 Job submitted from host: <192.168.0.102:9618?addrs=192.168.0.102-9618&alias=submitter&noUDP&sock=schedd_2032_5c88>
...
014 (273274.000.000) 2025-01-23 10:51:05 Node 0 executing on host: <192.168.0.116:9618?addrs=192.168.0.116-9618&alias=node116.di.rm1&noUDP&sock=startd_1847_7783>
...
014 (273274.000.001) 2025-01-23 10:51:05 Node 1 executing on host: <192.168.0.111:9618?addrs=192.168.0.111-9618&alias=node111.di.rm1&noUDP&sock=startd_2044_97ab>
...
001 (273274.000.000) 2025-01-23 10:51:05 Job executing on host: MPI_job
...
008 (273274.000.000) 2025-01-23 10:51:07 Launching orted on Node 0 of 2
...
008 (273274.000.000) 2025-01-23 10:51:08 Launching orted on Node 1 of 2
...
008 (273274.000.000) 2025-01-23 10:51:08 orted exited on Node 0 of 2
...
008 (273274.000.000) 2025-01-23 10:51:08 orted exited on Node 1 of 2
...
015 (273274.000.000) 2025-01-23 10:51:08 Node 0 terminated.
	(1) Normal termination (return value 0)
		Usr 0 00:00:01, Sys 0 00:00:00  -  Run Remote Usage
		Usr 0 00:00:00, Sys 0 00:00:00  -  Run Local Usage
		Usr 0 00:00:01, Sys 0 00:00:00  -  Total Remote Usage
		Usr 0 00:00:00, Sys 0 00:00:00  -  Total Local Usage
	3620  -  Run Bytes Sent By Node
	33639  -  Run Bytes Received By Node
	3620  -  Total Bytes Sent By Node
	33639  -  Total Bytes Received By Node
...
005 (273274.000.000) 2025-01-23 10:51:08 Job terminated.
	(1) Normal termination (return value 0)
		Usr 0 00:00:01, Sys 0 00:00:00  -  Run Remote Usage
		Usr 0 00:00:00, Sys 0 00:00:00  -  Run Local Usage
		Usr 0 00:00:01, Sys 0 00:00:00  -  Total Remote Usage
		Usr 0 00:00:00, Sys 0 00:00:00  -  Total Local Usage
	3620  -  Run Bytes Sent By Job
	67278  -  Run Bytes Received By Job
	3620  -  Total Bytes Sent By Job
	67278  -  Total Bytes Received By Job
	Partitionable Resources :    Usage  Request Allocated 
	   Cpus                 :                 1         2 
	   Disk (KB)            :       49       35 102978738 
	   Memory (MB)          :        0        0    100096 

	Job terminated of its own accord at 2025-01-23T10:51:08Z with exit-code 0.
...
