000 (264021.000.000) 2025-01-17 11:21:10 Job submitted from host: <192.168.0.102:9618?addrs=192.168.0.102-9618&alias=submitter&noUDP&sock=schedd_2032_5c88>
...
001 (264021.000.000) 2025-01-17 11:21:13 Job executing on host: <192.168.0.143:9618?addrs=192.168.0.143-9618&alias=node143.di.rm1&noUDP&sock=startd_2061_40c7>
...
006 (264021.000.000) 2025-01-17 11:21:22 Image size of job updated: 299152
	264  -  MemoryUsage of job (MB)
	269612  -  ResidentSetSize of job (KB)
...
006 (264021.000.000) 2025-01-17 11:26:22 Image size of job updated: 299152
	276  -  MemoryUsage of job (MB)
	281888  -  ResidentSetSize of job (KB)
...
006 (264021.000.000) 2025-01-17 11:31:22 Image size of job updated: 299152
	276  -  MemoryUsage of job (MB)
	282020  -  ResidentSetSize of job (KB)
...
004 (264021.000.000) 2025-01-17 11:33:16 Job was evicted.
	(0) CPU times
		Usr 0 00:13:48, Sys 0 00:00:00  -  Run Remote Usage
		Usr 0 00:00:00, Sys 0 00:00:00  -  Run Local Usage
	0  -  Run Bytes Sent By Job
	0  -  Run Bytes Received By Job
	Partitionable Resources :    Usage  Request Allocated 
	   Cpus                 :     0.97        1         1 
	   Disk (KB)            :    27          27    459633 
	   Memory (MB)          :   276           1       128 
...
009 (264021.000.000) 2025-01-17 11:33:16 Job was aborted.
	via condor_rm (by user calzona_2046920)
...
