000 (264673.000.000) 2025-01-17 11:21:29 Job submitted from host: <192.168.0.102:9618?addrs=192.168.0.102-9618&alias=submitter&noUDP&sock=schedd_2032_5c88>
...
001 (264673.000.000) 2025-01-17 11:21:36 Job executing on host: <192.168.0.141:9618?addrs=192.168.0.141-9618&alias=node141.di.rm1&noUDP&sock=startd_2077_3a4b>
...
006 (264673.000.000) 2025-01-17 11:21:44 Image size of job updated: 1409036
	349  -  MemoryUsage of job (MB)
	356400  -  ResidentSetSize of job (KB)
...
006 (264673.000.000) 2025-01-17 11:26:44 Image size of job updated: 12202328
	11121  -  MemoryUsage of job (MB)
	11386980  -  ResidentSetSize of job (KB)
...
006 (264673.000.000) 2025-01-17 11:31:45 Image size of job updated: 23459380
	21803  -  MemoryUsage of job (MB)
	22326024  -  ResidentSetSize of job (KB)
...
006 (264673.000.000) 2025-01-17 11:33:18 Image size of job updated: 26948044
	21803  -  MemoryUsage of job (MB)
	22326156  -  ResidentSetSize of job (KB)
...
004 (264673.000.000) 2025-01-17 11:33:18 Job was evicted.
	(0) CPU times
		Usr 0 00:11:10, Sys 0 00:00:19  -  Run Remote Usage
		Usr 0 00:00:00, Sys 0 00:00:00  -  Run Local Usage
	0  -  Run Bytes Sent By Job
	0  -  Run Bytes Received By Job
	Partitionable Resources :    Usage  Request Allocated 
	   Cpus                 :     0.98        1         1 
	   Disk (KB)            :    27          27    459831 
	   Memory (MB)          : 21803           1       128 
...
009 (264673.000.000) 2025-01-17 11:33:18 Job was aborted.
	via condor_rm (by user calzona_2046920)
...
