000 (290004.000.000) 2025-01-29 12:06:20 Job submitted from host: <192.168.0.102:9618?addrs=192.168.0.102-9618&alias=submitter&noUDP&sock=schedd_2032_5c88>
...
014 (290004.000.000) 2025-01-29 12:06:23 Node 0 executing on host: <192.168.0.133:9618?addrs=192.168.0.133-9618&alias=node133.di.rm1&noUDP&sock=startd_1941_f16a>
...
014 (290004.000.006) 2025-01-29 12:06:23 Node 6 executing on host: <192.168.0.135:9618?addrs=192.168.0.135-9618&alias=node135.di.rm1&noUDP&sock=startd_2000_6980>
...
014 (290004.000.002) 2025-01-29 12:06:23 Node 2 executing on host: <192.168.0.109:9618?addrs=192.168.0.109-9618&alias=node109.di.rm1&noUDP&sock=startd_1627_90ad>
...
014 (290004.000.004) 2025-01-29 12:06:23 Node 4 executing on host: <192.168.0.114:9618?addrs=192.168.0.114-9618&alias=node114.di.rm1&noUDP&sock=startd_2075_db1b>
...
014 (290004.000.005) 2025-01-29 12:06:23 Node 5 executing on host: <192.168.0.123:9618?addrs=192.168.0.123-9618&alias=node123.di.rm1&noUDP&sock=startd_2149_9d1d>
...
014 (290004.000.003) 2025-01-29 12:06:23 Node 3 executing on host: <192.168.0.149:9618?addrs=192.168.0.149-9618&alias=node149.di.rm1&noUDP&sock=startd_1551_6f7a>
...
014 (290004.000.001) 2025-01-29 12:06:23 Node 1 executing on host: <192.168.0.148:9618?addrs=192.168.0.148-9618&alias=node148.di.rm1&noUDP&sock=startd_1547_b119>
...
014 (290004.000.007) 2025-01-29 12:06:23 Node 7 executing on host: <192.168.0.143:9618?addrs=192.168.0.143-9618&alias=node143.di.rm1&noUDP&sock=startd_2061_40c7>
...
001 (290004.000.000) 2025-01-29 12:06:23 Job executing on host: MPI_job
...
008 (290004.000.000) 2025-01-29 12:06:25 Launching orted on Node 6 of 8
...
008 (290004.000.000) 2025-01-29 12:06:25 Launching orted on Node 0 of 8
...
008 (290004.000.000) 2025-01-29 12:06:25 Launching orted on Node 2 of 8
...
008 (290004.000.000) 2025-01-29 12:06:25 Launching orted on Node 4 of 8
...
008 (290004.000.000) 2025-01-29 12:06:25 Launching orted on Node 5 of 8
...
008 (290004.000.000) 2025-01-29 12:06:25 Launching orted on Node 3 of 8
...
008 (290004.000.000) 2025-01-29 12:06:25 Launching orted on Node 1 of 8
...
008 (290004.000.000) 2025-01-29 12:06:25 Launching orted on Node 7 of 8
...
008 (290004.000.000) 2025-01-29 12:06:26 orted exited on Node 2 of 8
...
008 (290004.000.000) 2025-01-29 12:06:26 orted exited on Node 5 of 8
...
008 (290004.000.000) 2025-01-29 12:06:26 orted exited on Node 6 of 8
...
008 (290004.000.000) 2025-01-29 12:06:26 orted exited on Node 4 of 8
...
008 (290004.000.000) 2025-01-29 12:06:26 orted exited on Node 0 of 8
...
008 (290004.000.000) 2025-01-29 12:06:26 orted exited on Node 1 of 8
...
008 (290004.000.000) 2025-01-29 12:06:26 orted exited on Node 3 of 8
...
008 (290004.000.000) 2025-01-29 12:06:27 orted exited on Node 7 of 8
...
015 (290004.000.006) 2025-01-29 12:06:27 Node 6 terminated.
	(1) Normal termination (return value 0)
		Usr 0 00:00:00, Sys 0 00:00:00  -  Run Remote Usage
		Usr 0 00:00:00, Sys 0 00:00:00  -  Run Local Usage
		Usr 0 00:00:00, Sys 0 00:00:00  -  Total Remote Usage
		Usr 0 00:00:00, Sys 0 00:00:00  -  Total Local Usage
	2341  -  Run Bytes Sent By Node
	33791  -  Run Bytes Received By Node
	2341  -  Total Bytes Sent By Node
	33791  -  Total Bytes Received By Node
...
015 (290004.000.000) 2025-01-29 12:06:27 Node 0 terminated.
	(1) Normal termination (return value 0)
		Usr 0 00:00:00, Sys 0 00:00:00  -  Run Remote Usage
		Usr 0 00:00:00, Sys 0 00:00:00  -  Run Local Usage
		Usr 0 00:00:00, Sys 0 00:00:00  -  Total Remote Usage
		Usr 0 00:00:00, Sys 0 00:00:00  -  Total Local Usage
	3441  -  Run Bytes Sent By Node
	33791  -  Run Bytes Received By Node
	3441  -  Total Bytes Sent By Node
	33791  -  Total Bytes Received By Node
...
005 (290004.000.000) 2025-01-29 12:06:27 Job terminated.
	(1) Normal termination (return value 0)
		Usr 0 00:00:01, Sys 0 00:00:01  -  Run Remote Usage
		Usr 0 00:00:00, Sys 0 00:00:00  -  Run Local Usage
		Usr 0 00:00:00, Sys 0 00:00:00  -  Total Remote Usage
		Usr 0 00:00:00, Sys 0 00:00:00  -  Total Local Usage
	5782  -  Run Bytes Sent By Job
	270328  -  Run Bytes Received By Job
	5782  -  Total Bytes Sent By Job
	270328  -  Total Bytes Received By Job
	Partitionable Resources :    Usage  Request Allocated 
	   Cpus                 :                 2         8 
	   Disk (KB)            :       51       35    473452 
	   Memory (MB)          :        0        0       128 

	Job terminated of its own accord at 2025-01-29T12:06:26Z with exit-code 0.
...
