000 (261951.000.000) 2025-01-16 18:00:53 Job submitted from host: <192.168.0.102:9618?addrs=192.168.0.102-9618&alias=submitter&noUDP&sock=schedd_2032_5c88>
...
001 (261951.000.000) 2025-01-16 18:00:58 Job executing on host: <192.168.0.105:9618?addrs=192.168.0.105-9618&alias=node105.di.rm1&noUDP&sock=startd_1951_cd5c>
...
006 (261951.000.000) 2025-01-16 18:01:07 Image size of job updated: 1837240
	988  -  MemoryUsage of job (MB)
	1011120  -  ResidentSetSize of job (KB)
...
006 (261951.000.000) 2025-01-16 18:06:08 Image size of job updated: 6755876
	6594  -  MemoryUsage of job (MB)
	6751540  -  ResidentSetSize of job (KB)
...
005 (261951.000.000) 2025-01-16 18:06:16 Job terminated.
	(1) Normal termination (return value 0)
		Usr 0 00:05:13, Sys 0 00:00:04  -  Run Remote Usage
		Usr 0 00:00:00, Sys 0 00:00:00  -  Run Local Usage
		Usr 0 00:05:13, Sys 0 00:00:04  -  Total Remote Usage
		Usr 0 00:00:00, Sys 0 00:00:00  -  Total Local Usage
	0  -  Run Bytes Sent By Job
	0  -  Run Bytes Received By Job
	0  -  Total Bytes Sent By Job
	0  -  Total Bytes Received By Job
	Partitionable Resources :    Usage  Request Allocated 
	   Cpus                 :     1.00        1         1 
	   Disk (KB)            :    27          27    472026 
	   Memory (MB)          :  6594           1       128 

	Job terminated of its own accord at 2025-01-16T18:06:16Z with exit-code 0.
...
