000 (269433.000.000) 2025-01-21 22:39:03 Job submitted from host: <192.168.0.102:9618?addrs=192.168.0.102-9618&alias=submitter&noUDP&sock=schedd_2032_5c88>
...
001 (269433.000.000) 2025-01-21 22:39:22 Job executing on host: <192.168.0.109:9618?addrs=192.168.0.109-9618&alias=node109.di.rm1&noUDP&sock=startd_1627_90ad>
...
006 (269433.000.000) 2025-01-21 22:39:30 Image size of job updated: 412096
	402  -  MemoryUsage of job (MB)
	410908  -  ResidentSetSize of job (KB)
...
006 (269433.000.000) 2025-01-21 22:40:03 Image size of job updated: 2045992
	403  -  MemoryUsage of job (MB)
	411700  -  ResidentSetSize of job (KB)
...
004 (269433.000.000) 2025-01-21 22:40:03 Job was evicted.
	(0) CPU times
		Usr 0 00:00:41, Sys 0 00:00:01  -  Run Remote Usage
		Usr 0 00:00:00, Sys 0 00:00:00  -  Run Local Usage
	0  -  Run Bytes Sent By Job
	0  -  Run Bytes Received By Job
	Partitionable Resources :    Usage  Request Allocated 
	   Cpus                 :                 1         1 
	   Disk (KB)            :       27       27    468160 
	   Memory (MB)          :      403        1       128 
...
009 (269433.000.000) 2025-01-21 22:40:04 Job was aborted.
	via condor_rm (by user calzona_2046920)
...
000 (275588.000.000) 2025-01-24 02:49:32 Job submitted from host: <192.168.0.102:9618?addrs=192.168.0.102-9618&alias=submitter&noUDP&sock=schedd_2032_5c88>
...
001 (275588.000.000) 2025-01-24 02:49:33 Job executing on host: <192.168.0.121:9618?addrs=192.168.0.121-9618&alias=node121.di.rm1&noUDP&sock=startd_2146_8e54>
...
006 (275588.000.000) 2025-01-24 02:49:42 Image size of job updated: 456096
	442  -  MemoryUsage of job (MB)
	452172  -  ResidentSetSize of job (KB)
...
006 (275588.000.000) 2025-01-24 02:50:17 Image size of job updated: 2167632
	442  -  MemoryUsage of job (MB)
	452172  -  ResidentSetSize of job (KB)
...
005 (275588.000.000) 2025-01-24 02:50:17 Job terminated.
	(1) Normal termination (return value 0)
		Usr 0 00:00:43, Sys 0 00:00:01  -  Run Remote Usage
		Usr 0 00:00:00, Sys 0 00:00:00  -  Run Local Usage
		Usr 0 00:00:43, Sys 0 00:00:01  -  Total Remote Usage
		Usr 0 00:00:00, Sys 0 00:00:00  -  Total Local Usage
	0  -  Run Bytes Sent By Job
	0  -  Run Bytes Received By Job
	0  -  Total Bytes Sent By Job
	0  -  Total Bytes Received By Job
	Partitionable Resources :    Usage  Request Allocated 
	   Cpus                 :                 1         1 
	   Disk (KB)            :       27       27    467232 
	   Memory (MB)          :      442        1       128 

	Job terminated of its own accord at 2025-01-24T02:50:17Z with exit-code 0.
...
