000 (295097.000.000) 2025-01-31 01:25:00 Job submitted from host: <192.168.0.102:9618?addrs=192.168.0.102-9618&alias=submitter&noUDP&sock=schedd_4045053_7bc0>
...
014 (295097.000.000) 2025-01-31 01:25:07 Node 0 executing on host: <192.168.0.120:9618?addrs=192.168.0.120-9618&alias=node120.di.rm1&noUDP&sock=startd_2096_4298>
...
014 (295097.000.001) 2025-01-31 01:25:08 Node 1 executing on host: <192.168.0.120:9618?addrs=192.168.0.120-9618&alias=node120.di.rm1&noUDP&sock=startd_2096_4298>
...
014 (295097.000.002) 2025-01-31 01:25:08 Node 2 executing on host: <192.168.0.111:9618?addrs=192.168.0.111-9618&alias=node111.di.rm1&noUDP&sock=startd_2044_97ab>
...
014 (295097.000.003) 2025-01-31 01:25:08 Node 3 executing on host: <192.168.0.111:9618?addrs=192.168.0.111-9618&alias=node111.di.rm1&noUDP&sock=startd_2044_97ab>
...
001 (295097.000.000) 2025-01-31 01:25:08 Job executing on host: MPI_job
...
008 (295097.000.000) 2025-01-31 01:25:10 Launching orted on Node 2 of 4
...
008 (295097.000.000) 2025-01-31 01:25:10 Launching orted on Node 1 of 4
...
008 (295097.000.000) 2025-01-31 01:25:10 Launching orted on Node 0 of 4
...
008 (295097.000.000) 2025-01-31 01:25:10 Launching orted on Node 3 of 4
...
008 (295097.000.000) 2025-01-31 01:25:26 orted exited on Node 3 of 4
...
008 (295097.000.000) 2025-01-31 01:25:27 orted exited on Node 0 of 4
...
008 (295097.000.000) 2025-01-31 01:25:27 orted exited on Node 1 of 4
...
008 (295097.000.000) 2025-01-31 01:25:27 orted exited on Node 2 of 4
...
015 (295097.000.001) 2025-01-31 01:25:27 Node 1 terminated.
	(1) Normal termination (return value 0)
		Usr 0 00:00:57, Sys 0 00:00:00  -  Run Remote Usage
		Usr 0 00:00:00, Sys 0 00:00:00  -  Run Local Usage
		Usr 0 00:00:57, Sys 0 00:00:00  -  Total Remote Usage
		Usr 0 00:00:00, Sys 0 00:00:00  -  Total Local Usage
	22  -  Run Bytes Sent By Node
	33831  -  Run Bytes Received By Node
	22  -  Total Bytes Sent By Node
	33831  -  Total Bytes Received By Node
...
015 (295097.000.002) 2025-01-31 01:25:27 Node 2 terminated.
	(1) Normal termination (return value 0)
		Usr 0 00:00:59, Sys 0 00:00:00  -  Run Remote Usage
		Usr 0 00:00:00, Sys 0 00:00:00  -  Run Local Usage
		Usr 0 00:00:59, Sys 0 00:00:00  -  Total Remote Usage
		Usr 0 00:00:00, Sys 0 00:00:00  -  Total Local Usage
	2355  -  Run Bytes Sent By Node
	33831  -  Run Bytes Received By Node
	2355  -  Total Bytes Sent By Node
	33831  -  Total Bytes Received By Node
...
015 (295097.000.003) 2025-01-31 01:25:27 Node 3 terminated.
	(1) Normal termination (return value 0)
		Usr 0 00:00:59, Sys 0 00:00:00  -  Run Remote Usage
		Usr 0 00:00:00, Sys 0 00:00:00  -  Run Local Usage
		Usr 0 00:00:59, Sys 0 00:00:00  -  Total Remote Usage
		Usr 0 00:00:00, Sys 0 00:00:00  -  Total Local Usage
	2355  -  Run Bytes Sent By Node
	33831  -  Run Bytes Received By Node
	2355  -  Total Bytes Sent By Node
	33831  -  Total Bytes Received By Node
...
015 (295097.000.000) 2025-01-31 01:25:27 Node 0 terminated.
	(1) Normal termination (return value 0)
		Usr 0 00:00:00, Sys 0 00:00:00  -  Run Remote Usage
		Usr 0 00:00:00, Sys 0 00:00:00  -  Run Local Usage
		Usr 0 00:00:00, Sys 0 00:00:00  -  Total Remote Usage
		Usr 0 00:00:00, Sys 0 00:00:00  -  Total Local Usage
	4042  -  Run Bytes Sent By Node
	33831  -  Run Bytes Received By Node
	4042  -  Total Bytes Sent By Node
	33831  -  Total Bytes Received By Node
...
005 (295097.000.000) 2025-01-31 01:25:27 Job terminated.
	(1) Normal termination (return value 0)
		Usr 0 00:02:55, Sys 0 00:00:00  -  Run Remote Usage
		Usr 0 00:00:00, Sys 0 00:00:00  -  Run Local Usage
		Usr 0 00:00:00, Sys 0 00:00:00  -  Total Remote Usage
		Usr 0 00:00:00, Sys 0 00:00:00  -  Total Local Usage
	8774  -  Run Bytes Sent By Job
	135324  -  Run Bytes Received By Job
	8774  -  Total Bytes Sent By Job
	135324  -  Total Bytes Received By Job
	Partitionable Resources :    Usage  Request Allocated 
	   Cpus                 :                 1         1 
	   Disk (KB)            :       52       35  21575424 
	   GPUs                 :                           1 
	   Memory (MB)          :       91       43     65536 

	Job terminated of its own accord at 2025-01-31T01:25:26Z with exit-code 0.
...
