000 (269892.000.000) 2025-01-21 23:16:06 Job submitted from host: <192.168.0.102:9618?addrs=192.168.0.102-9618&alias=submitter&noUDP&sock=schedd_2032_5c88>
...
001 (269892.000.000) 2025-01-21 23:16:10 Job executing on host: <192.168.0.151:9618?addrs=192.168.0.151-9618&alias=node151.di.rm1&noUDP&sock=startd_1528_a8cd>
...
006 (269892.000.000) 2025-01-21 23:16:19 Image size of job updated: 1518468
	464  -  MemoryUsage of job (MB)
	474276  -  ResidentSetSize of job (KB)
...
006 (269892.000.000) 2025-01-21 23:17:09 Image size of job updated: 3660300
	464  -  MemoryUsage of job (MB)
	475068  -  ResidentSetSize of job (KB)
...
004 (269892.000.000) 2025-01-21 23:17:09 Job was evicted.
	(0) CPU times
		Usr 0 00:00:55, Sys 0 00:00:01  -  Run Remote Usage
		Usr 0 00:00:00, Sys 0 00:00:00  -  Run Local Usage
	0  -  Run Bytes Sent By Job
	0  -  Run Bytes Received By Job
	Partitionable Resources :    Usage  Request Allocated 
	   Cpus                 :                 1         1 
	   Disk (KB)            :       27       27    474791 
	   Memory (MB)          :      464        1       128 
...
009 (269892.000.000) 2025-01-21 23:17:09 Job was aborted.
	via condor_rm (by user calzona_2046920)
...
000 (276050.000.000) 2025-01-24 03:55:05 Job submitted from host: <192.168.0.102:9618?addrs=192.168.0.102-9618&alias=submitter&noUDP&sock=schedd_2032_5c88>
...
001 (276050.000.000) 2025-01-24 03:55:05 Job executing on host: <192.168.0.147:9618?addrs=192.168.0.147-9618&alias=node147.di.rm1&noUDP&sock=startd_1513_5ee1>
...
006 (276050.000.000) 2025-01-24 03:55:14 Image size of job updated: 481668
	471  -  MemoryUsage of job (MB)
	481668  -  ResidentSetSize of job (KB)
...
006 (276050.000.000) 2025-01-24 03:57:06 Image size of job updated: 6268224
	471  -  MemoryUsage of job (MB)
	481800  -  ResidentSetSize of job (KB)
...
004 (276050.000.000) 2025-01-24 03:57:06 Job was evicted.
	(0) CPU times
		Usr 0 00:01:57, Sys 0 00:00:03  -  Run Remote Usage
		Usr 0 00:00:00, Sys 0 00:00:00  -  Run Local Usage
	0  -  Run Bytes Sent By Job
	0  -  Run Bytes Received By Job
	Partitionable Resources :    Usage  Request Allocated 
	   Cpus                 :     1.00        1         1 
	   Disk (KB)            :    27          27    469805 
	   Memory (MB)          :   471           1       128 
...
009 (276050.000.000) 2025-01-24 03:57:06 Job was aborted.
	via condor_rm (by user calzona_2046920)
...
