000 (272966.000.000) 2025-01-23 10:19:24 Job submitted from host: <192.168.0.102:9618?addrs=192.168.0.102-9618&alias=submitter&noUDP&sock=schedd_2032_5c88>
...
014 (272966.000.000) 2025-01-23 10:19:32 Node 0 executing on host: <192.168.0.113:9618?addrs=192.168.0.113-9618&alias=node113.di.rm1&noUDP&sock=startd_3668932_c305>
...
014 (272966.000.001) 2025-01-23 10:19:32 Node 1 executing on host: <192.168.0.143:9618?addrs=192.168.0.143-9618&alias=node143.di.rm1&noUDP&sock=startd_2061_40c7>
...
001 (272966.000.000) 2025-01-23 10:19:32 Job executing on host: MPI_job
...
008 (272966.000.000) 2025-01-23 10:19:34 Launching orted on Node 0 of 2
...
008 (272966.000.000) 2025-01-23 10:19:35 Launching orted on Node 1 of 2
...
008 (272966.000.000) 2025-01-23 10:19:35 orted exited on Node 0 of 2
...
008 (272966.000.000) 2025-01-23 10:19:35 orted exited on Node 1 of 2
...
015 (272966.000.000) 2025-01-23 10:19:35 Node 0 terminated.
	(1) Normal termination (return value 0)
		Usr 0 00:00:00, Sys 0 00:00:00  -  Run Remote Usage
		Usr 0 00:00:00, Sys 0 00:00:00  -  Run Local Usage
		Usr 0 00:00:00, Sys 0 00:00:00  -  Total Remote Usage
		Usr 0 00:00:00, Sys 0 00:00:00  -  Total Local Usage
	3300  -  Run Bytes Sent By Node
	33639  -  Run Bytes Received By Node
	3300  -  Total Bytes Sent By Node
	33639  -  Total Bytes Received By Node
...
005 (272966.000.000) 2025-01-23 10:19:35 Job terminated.
	(1) Normal termination (return value 0)
		Usr 0 00:00:00, Sys 0 00:00:00  -  Run Remote Usage
		Usr 0 00:00:00, Sys 0 00:00:00  -  Run Local Usage
		Usr 0 00:00:00, Sys 0 00:00:00  -  Total Remote Usage
		Usr 0 00:00:00, Sys 0 00:00:00  -  Total Local Usage
	3300  -  Run Bytes Sent By Job
	67278  -  Run Bytes Received By Job
	3300  -  Total Bytes Sent By Job
	67278  -  Total Bytes Received By Job
	Partitionable Resources :    Usage  Request Allocated 
	   Cpus                 :                 1         1 
	   Disk (KB)            :       50       35    459754 
	   GPUs                 :                           0 
	   Memory (MB)          :        0        0       128 

	Job terminated of its own accord at 2025-01-23T10:19:35Z with exit-code 0.
...
000 (273283.000.000) 2025-01-23 10:51:39 Job submitted from host: <192.168.0.102:9618?addrs=192.168.0.102-9618&alias=submitter&noUDP&sock=schedd_2032_5c88>
...
014 (273283.000.001) 2025-01-23 10:51:46 Node 1 executing on host: <192.168.0.140:9618?addrs=192.168.0.140-9618&alias=node140.di.rm1&noUDP&sock=startd_1890_f615>
...
014 (273283.000.000) 2025-01-23 10:51:46 Node 0 executing on host: <192.168.0.120:9618?addrs=192.168.0.120-9618&alias=node120.di.rm1&noUDP&sock=startd_2096_4298>
...
001 (273283.000.000) 2025-01-23 10:51:46 Job executing on host: MPI_job
...
008 (273283.000.000) 2025-01-23 10:51:48 Launching orted on Node 1 of 2
...
008 (273283.000.000) 2025-01-23 10:51:48 Launching orted on Node 0 of 2
...
008 (273283.000.000) 2025-01-23 10:51:49 orted exited on Node 1 of 2
...
008 (273283.000.000) 2025-01-23 10:51:49 orted exited on Node 0 of 2
...
015 (273283.000.001) 2025-01-23 10:51:49 Node 1 terminated.
	(1) Normal termination (return value 0)
		Usr 0 00:00:00, Sys 0 00:00:00  -  Run Remote Usage
		Usr 0 00:00:00, Sys 0 00:00:00  -  Run Local Usage
		Usr 0 00:00:00, Sys 0 00:00:00  -  Total Remote Usage
		Usr 0 00:00:00, Sys 0 00:00:00  -  Total Local Usage
	2165  -  Run Bytes Sent By Node
	33639  -  Run Bytes Received By Node
	2165  -  Total Bytes Sent By Node
	33639  -  Total Bytes Received By Node
...
015 (273283.000.000) 2025-01-23 10:51:49 Node 0 terminated.
	(1) Normal termination (return value 0)
		Usr 0 00:00:00, Sys 0 00:00:00  -  Run Remote Usage
		Usr 0 00:00:00, Sys 0 00:00:00  -  Run Local Usage
		Usr 0 00:00:00, Sys 0 00:00:00  -  Total Remote Usage
		Usr 0 00:00:00, Sys 0 00:00:00  -  Total Local Usage
	3662  -  Run Bytes Sent By Node
	33639  -  Run Bytes Received By Node
	3662  -  Total Bytes Sent By Node
	33639  -  Total Bytes Received By Node
...
005 (273283.000.000) 2025-01-23 10:51:49 Job terminated.
	(1) Normal termination (return value 0)
		Usr 0 00:00:00, Sys 0 00:00:00  -  Run Remote Usage
		Usr 0 00:00:00, Sys 0 00:00:00  -  Run Local Usage
		Usr 0 00:00:00, Sys 0 00:00:00  -  Total Remote Usage
		Usr 0 00:00:00, Sys 0 00:00:00  -  Total Local Usage
	5827  -  Run Bytes Sent By Job
	67278  -  Run Bytes Received By Job
	5827  -  Total Bytes Sent By Job
	67278  -  Total Bytes Received By Job
	Partitionable Resources :    Usage  Request Allocated 
	   Cpus                 :                 1         1 
	   Disk (KB)            :       51       35  21575424 
	   GPUs                 :                           1 
	   Memory (MB)          :        0        1     20480 

	Job terminated of its own accord at 2025-01-23T10:51:49Z with exit-code 0.
...
000 (278059.000.000) 2025-01-24 07:41:51 Job submitted from host: <192.168.0.102:9618?addrs=192.168.0.102-9618&alias=submitter&noUDP&sock=schedd_2032_5c88>
...
014 (278059.000.001) 2025-01-24 07:42:00 Node 1 executing on host: <192.168.0.151:9618?addrs=192.168.0.151-9618&alias=node151.di.rm1&noUDP&sock=startd_1528_a8cd>
...
014 (278059.000.000) 2025-01-24 07:42:00 Node 0 executing on host: <192.168.0.141:9618?addrs=192.168.0.141-9618&alias=node141.di.rm1&noUDP&sock=startd_2077_3a4b>
...
001 (278059.000.000) 2025-01-24 07:42:00 Job executing on host: MPI_job
...
008 (278059.000.000) 2025-01-24 07:42:02 Launching orted on Node 1 of 2
...
008 (278059.000.000) 2025-01-24 07:42:03 Launching orted on Node 0 of 2
...
008 (278059.000.000) 2025-01-24 07:42:03 orted exited on Node 1 of 2
...
008 (278059.000.000) 2025-01-24 07:42:03 orted exited on Node 0 of 2
...
015 (278059.000.001) 2025-01-24 07:42:03 Node 1 terminated.
	(1) Normal termination (return value 0)
		Usr 0 00:00:00, Sys 0 00:00:00  -  Run Remote Usage
		Usr 0 00:00:00, Sys 0 00:00:00  -  Run Local Usage
		Usr 0 00:00:00, Sys 0 00:00:00  -  Total Remote Usage
		Usr 0 00:00:00, Sys 0 00:00:00  -  Total Local Usage
	2165  -  Run Bytes Sent By Node
	33639  -  Run Bytes Received By Node
	2165  -  Total Bytes Sent By Node
	33639  -  Total Bytes Received By Node
...
015 (278059.000.000) 2025-01-24 07:42:03 Node 0 terminated.
	(1) Normal termination (return value 0)
		Usr 0 00:00:00, Sys 0 00:00:00  -  Run Remote Usage
		Usr 0 00:00:00, Sys 0 00:00:00  -  Run Local Usage
		Usr 0 00:00:00, Sys 0 00:00:00  -  Total Remote Usage
		Usr 0 00:00:00, Sys 0 00:00:00  -  Total Local Usage
	3256  -  Run Bytes Sent By Node
	33639  -  Run Bytes Received By Node
	3256  -  Total Bytes Sent By Node
	33639  -  Total Bytes Received By Node
...
005 (278059.000.000) 2025-01-24 07:42:03 Job terminated.
	(1) Normal termination (return value 0)
		Usr 0 00:00:00, Sys 0 00:00:00  -  Run Remote Usage
		Usr 0 00:00:00, Sys 0 00:00:00  -  Run Local Usage
		Usr 0 00:00:00, Sys 0 00:00:00  -  Total Remote Usage
		Usr 0 00:00:00, Sys 0 00:00:00  -  Total Local Usage
	5421  -  Run Bytes Sent By Job
	67278  -  Run Bytes Received By Job
	5421  -  Total Bytes Sent By Job
	67278  -  Total Bytes Received By Job
	Partitionable Resources :    Usage  Request Allocated 
	   Cpus                 :                 1         2 
	   Disk (KB)            :       49       35 103002119 
	   Memory (MB)          :        0        0    100096 

	Job terminated of its own accord at 2025-01-24T07:42:03Z with exit-code 0.
...
000 (285975.000.000) 2025-01-28 14:41:11 Job submitted from host: <192.168.0.102:9618?addrs=192.168.0.102-9618&alias=submitter&noUDP&sock=schedd_2032_5c88>
...
014 (285975.000.001) 2025-01-28 14:41:27 Node 1 executing on host: <192.168.0.112:9618?addrs=192.168.0.112-9618&alias=node112.di.rm1&noUDP&sock=startd_2169_5502>
...
014 (285975.000.000) 2025-01-28 14:41:27 Node 0 executing on host: <192.168.0.123:9618?addrs=192.168.0.123-9618&alias=node123.di.rm1&noUDP&sock=startd_2149_9d1d>
...
001 (285975.000.000) 2025-01-28 14:41:27 Job executing on host: MPI_job
...
008 (285975.000.000) 2025-01-28 14:41:29 Launching orted on Node 1 of 2
...
008 (285975.000.000) 2025-01-28 14:41:29 Launching orted on Node 0 of 2
...
008 (285975.000.000) 2025-01-28 14:41:30 orted exited on Node 1 of 2
...
008 (285975.000.000) 2025-01-28 14:41:30 orted exited on Node 0 of 2
...
015 (285975.000.001) 2025-01-28 14:41:30 Node 1 terminated.
	(1) Normal termination (return value 0)
		Usr 0 00:00:00, Sys 0 00:00:00  -  Run Remote Usage
		Usr 0 00:00:00, Sys 0 00:00:00  -  Run Local Usage
		Usr 0 00:00:00, Sys 0 00:00:00  -  Total Remote Usage
		Usr 0 00:00:00, Sys 0 00:00:00  -  Total Local Usage
	2187  -  Run Bytes Sent By Node
	33591  -  Run Bytes Received By Node
	2187  -  Total Bytes Sent By Node
	33591  -  Total Bytes Received By Node
...
015 (285975.000.000) 2025-01-28 14:41:30 Node 0 terminated.
	(1) Normal termination (return value 0)
		Usr 0 00:00:00, Sys 0 00:00:00  -  Run Remote Usage
		Usr 0 00:00:00, Sys 0 00:00:00  -  Run Local Usage
		Usr 0 00:00:00, Sys 0 00:00:00  -  Total Remote Usage
		Usr 0 00:00:00, Sys 0 00:00:00  -  Total Local Usage
	3300  -  Run Bytes Sent By Node
	33591  -  Run Bytes Received By Node
	3300  -  Total Bytes Sent By Node
	33591  -  Total Bytes Received By Node
...
005 (285975.000.000) 2025-01-28 14:41:30 Job terminated.
	(1) Normal termination (return value 0)
		Usr 0 00:00:00, Sys 0 00:00:00  -  Run Remote Usage
		Usr 0 00:00:00, Sys 0 00:00:00  -  Run Local Usage
		Usr 0 00:00:00, Sys 0 00:00:00  -  Total Remote Usage
		Usr 0 00:00:00, Sys 0 00:00:00  -  Total Local Usage
	5487  -  Run Bytes Sent By Job
	67182  -  Run Bytes Received By Job
	5487  -  Total Bytes Sent By Job
	67182  -  Total Bytes Received By Job
	Partitionable Resources :    Usage  Request Allocated 
	   Cpus                 :                 1         1 
	   Disk (KB)            :       51       35  21495658 
	   GPUs                 :                           1 
	   Memory (MB)          :        0        0     20480 

	Job terminated of its own accord at 2025-01-28T14:41:30Z with exit-code 0.
...
000 (286187.000.000) 2025-01-28 14:56:14 Job submitted from host: <192.168.0.102:9618?addrs=192.168.0.102-9618&alias=submitter&noUDP&sock=schedd_2032_5c88>
...
014 (286187.000.000) 2025-01-28 14:56:21 Node 0 executing on host: <192.168.0.147:9618?addrs=192.168.0.147-9618&alias=node147.di.rm1&noUDP&sock=startd_1513_5ee1>
...
014 (286187.000.001) 2025-01-28 14:56:21 Node 1 executing on host: <192.168.0.111:9618?addrs=192.168.0.111-9618&alias=node111.di.rm1&noUDP&sock=startd_2044_97ab>
...
001 (286187.000.000) 2025-01-28 14:56:21 Job executing on host: MPI_job
...
008 (286187.000.000) 2025-01-28 14:56:23 Launching orted on Node 0 of 2
...
008 (286187.000.000) 2025-01-28 14:56:24 Launching orted on Node 1 of 2
...
008 (286187.000.000) 2025-01-28 14:56:24 orted exited on Node 0 of 2
...
008 (286187.000.000) 2025-01-28 14:56:24 orted exited on Node 1 of 2
...
015 (286187.000.000) 2025-01-28 14:56:24 Node 0 terminated.
	(1) Normal termination (return value 0)
		Usr 0 00:00:00, Sys 0 00:00:00  -  Run Remote Usage
		Usr 0 00:00:00, Sys 0 00:00:00  -  Run Local Usage
		Usr 0 00:00:00, Sys 0 00:00:00  -  Total Remote Usage
		Usr 0 00:00:00, Sys 0 00:00:00  -  Total Local Usage
	3253  -  Run Bytes Sent By Node
	33591  -  Run Bytes Received By Node
	3253  -  Total Bytes Sent By Node
	33591  -  Total Bytes Received By Node
...
005 (286187.000.000) 2025-01-28 14:56:24 Job terminated.
	(1) Normal termination (return value 0)
		Usr 0 00:00:00, Sys 0 00:00:00  -  Run Remote Usage
		Usr 0 00:00:00, Sys 0 00:00:00  -  Run Local Usage
		Usr 0 00:00:00, Sys 0 00:00:00  -  Total Remote Usage
		Usr 0 00:00:00, Sys 0 00:00:00  -  Total Local Usage
	3253  -  Run Bytes Sent By Job
	67182  -  Run Bytes Received By Job
	3253  -  Total Bytes Sent By Job
	67182  -  Total Bytes Received By Job
	Partitionable Resources :    Usage  Request Allocated 
	   Cpus                 :                 1         2 
	   Disk (KB)            :       50       35 102887082 
	   Memory (MB)          :        1        0    100096 

	Job terminated of its own accord at 2025-01-28T14:56:24Z with exit-code 0.
...
