000 (273508.000.000) 2025-01-23 11:04:37 Job submitted from host: <192.168.0.102:9618?addrs=192.168.0.102-9618&alias=submitter&noUDP&sock=schedd_2032_5c88>
...
014 (273508.000.000) 2025-01-23 11:04:43 Node 0 executing on host: <192.168.0.120:9618?addrs=192.168.0.120-9618&alias=node120.di.rm1&noUDP&sock=startd_2096_4298>
...
014 (273508.000.001) 2025-01-23 11:04:43 Node 1 executing on host: <192.168.0.143:9618?addrs=192.168.0.143-9618&alias=node143.di.rm1&noUDP&sock=startd_2061_40c7>
...
001 (273508.000.000) 2025-01-23 11:04:43 Job executing on host: MPI_job
...
008 (273508.000.000) 2025-01-23 11:04:45 Launching orted on Node 0 of 2
...
008 (273508.000.000) 2025-01-23 11:04:46 Launching orted on Node 1 of 2
...
008 (273508.000.000) 2025-01-23 11:04:51 orted exited on Node 0 of 2
...
008 (273508.000.000) 2025-01-23 11:04:51 orted exited on Node 1 of 2
...
015 (273508.000.000) 2025-01-23 11:04:52 Node 0 terminated.
	(1) Normal termination (return value 0)
		Usr 0 00:00:04, Sys 0 00:00:00  -  Run Remote Usage
		Usr 0 00:00:00, Sys 0 00:00:00  -  Run Local Usage
		Usr 0 00:00:04, Sys 0 00:00:00  -  Total Remote Usage
		Usr 0 00:00:00, Sys 0 00:00:00  -  Total Local Usage
	3664  -  Run Bytes Sent By Node
	33639  -  Run Bytes Received By Node
	3664  -  Total Bytes Sent By Node
	33639  -  Total Bytes Received By Node
...
005 (273508.000.000) 2025-01-23 11:04:52 Job terminated.
	(1) Normal termination (return value 0)
		Usr 0 00:00:09, Sys 0 00:00:00  -  Run Remote Usage
		Usr 0 00:00:00, Sys 0 00:00:00  -  Run Local Usage
		Usr 0 00:00:04, Sys 0 00:00:00  -  Total Remote Usage
		Usr 0 00:00:00, Sys 0 00:00:00  -  Total Local Usage
	3664  -  Run Bytes Sent By Job
	67278  -  Run Bytes Received By Job
	3664  -  Total Bytes Sent By Job
	67278  -  Total Bytes Received By Job
	Partitionable Resources :    Usage  Request Allocated 
	   Cpus                 :                 1         1 
	   Disk (KB)            :       50       35  21575424 
	   GPUs                 :                           1 
	   Memory (MB)          :        0        1     20480 

	Job terminated of its own accord at 2025-01-23T11:04:51Z with exit-code 0.
...
000 (278269.000.000) 2025-01-24 08:15:32 Job submitted from host: <192.168.0.102:9618?addrs=192.168.0.102-9618&alias=submitter&noUDP&sock=schedd_2032_5c88>
...
014 (278269.000.000) 2025-01-24 08:15:45 Node 0 executing on host: <192.168.0.149:9618?addrs=192.168.0.149-9618&alias=node149.di.rm1&noUDP&sock=startd_1551_6f7a>
...
014 (278269.000.001) 2025-01-24 08:15:45 Node 1 executing on host: <192.168.0.104:9618?addrs=192.168.0.104-9618&alias=node104.di.rm1&noUDP&sock=startd_1987_7ec5>
...
001 (278269.000.000) 2025-01-24 08:15:45 Job executing on host: MPI_job
...
008 (278269.000.000) 2025-01-24 08:15:47 Launching orted on Node 0 of 2
...
008 (278269.000.000) 2025-01-24 08:15:47 Launching orted on Node 1 of 2
...
008 (278269.000.000) 2025-01-24 08:15:52 orted exited on Node 1 of 2
...
008 (278269.000.000) 2025-01-24 08:15:52 orted exited on Node 0 of 2
...
015 (278269.000.000) 2025-01-24 08:15:52 Node 0 terminated.
	(1) Normal termination (return value 0)
		Usr 0 00:00:00, Sys 0 00:00:00  -  Run Remote Usage
		Usr 0 00:00:00, Sys 0 00:00:00  -  Run Local Usage
		Usr 0 00:00:00, Sys 0 00:00:00  -  Total Remote Usage
		Usr 0 00:00:00, Sys 0 00:00:00  -  Total Local Usage
	3256  -  Run Bytes Sent By Node
	33639  -  Run Bytes Received By Node
	3256  -  Total Bytes Sent By Node
	33639  -  Total Bytes Received By Node
...
005 (278269.000.000) 2025-01-24 08:15:52 Job terminated.
	(1) Normal termination (return value 0)
		Usr 0 00:00:04, Sys 0 00:00:00  -  Run Remote Usage
		Usr 0 00:00:00, Sys 0 00:00:00  -  Run Local Usage
		Usr 0 00:00:00, Sys 0 00:00:00  -  Total Remote Usage
		Usr 0 00:00:00, Sys 0 00:00:00  -  Total Local Usage
	3256  -  Run Bytes Sent By Job
	67278  -  Run Bytes Received By Job
	3256  -  Total Bytes Sent By Job
	67278  -  Total Bytes Received By Job
	Partitionable Resources :    Usage  Request Allocated 
	   Cpus                 :                 1         2 
	   Disk (KB)            :       49       35 102883670 
	   Memory (MB)          :        1        1    100096 

	Job terminated of its own accord at 2025-01-24T08:15:52Z with exit-code 0.
...
