000 (273913.000.000) 2025-01-23 11:26:18 Job submitted from host: <192.168.0.102:9618?addrs=192.168.0.102-9618&alias=submitter&noUDP&sock=schedd_2032_5c88>
...
014 (273913.000.001) 2025-01-23 11:26:28 Node 1 executing on host: <192.168.0.135:9618?addrs=192.168.0.135-9618&alias=node135.di.rm1&noUDP&sock=startd_2000_6980>
...
014 (273913.000.003) 2025-01-23 11:26:28 Node 3 executing on host: <192.168.0.105:9618?addrs=192.168.0.105-9618&alias=node105.di.rm1&noUDP&sock=startd_1951_cd5c>
...
014 (273913.000.002) 2025-01-23 11:26:28 Node 2 executing on host: <192.168.0.143:9618?addrs=192.168.0.143-9618&alias=node143.di.rm1&noUDP&sock=startd_2061_40c7>
...
004 (273913.000.000) 2025-01-23 11:27:24 Job was evicted.
	(0) CPU times
		Usr 0 00:00:00, Sys 0 00:00:01  -  Run Remote Usage
		Usr 0 00:00:00, Sys 0 00:00:00  -  Run Local Usage
	0  -  Run Bytes Sent By Job
	100917  -  Run Bytes Received By Job
	Partitionable Resources :    Usage  Request Allocated 
	   Cpus                 :                 1         2 
	   Disk (KB)            :       46       35 102827553 
	   GPUs                 :                           0 
	   Memory (MB)          :                 0    100096 
...
009 (273913.000.000) 2025-01-23 11:27:24 Job was aborted.
	via condor_rm (by user calzona_2046920)
...
000 (278660.000.000) 2025-01-24 09:17:07 Job submitted from host: <192.168.0.102:9618?addrs=192.168.0.102-9618&alias=submitter&noUDP&sock=schedd_2032_5c88>
...
014 (278660.000.000) 2025-01-24 09:17:14 Node 0 executing on host: <192.168.0.142:9618?addrs=192.168.0.142-9618&alias=node142.di.rm1&noUDP&sock=startd_1996_ab1f>
...
014 (278660.000.003) 2025-01-24 09:17:14 Node 3 executing on host: <192.168.0.147:9618?addrs=192.168.0.147-9618&alias=node147.di.rm1&noUDP&sock=startd_1513_5ee1>
...
014 (278660.000.002) 2025-01-24 09:17:14 Node 2 executing on host: <192.168.0.132:9618?addrs=192.168.0.132-9618&alias=node132.di.rm1&noUDP&sock=startd_1999_b9e8>
...
014 (278660.000.001) 2025-01-24 09:17:14 Node 1 executing on host: <192.168.0.151:9618?addrs=192.168.0.151-9618&alias=node151.di.rm1&noUDP&sock=startd_1528_a8cd>
...
001 (278660.000.000) 2025-01-24 09:17:14 Job executing on host: MPI_job
...
008 (278660.000.000) 2025-01-24 09:17:16 Launching orted on Node 0 of 4
...
008 (278660.000.000) 2025-01-24 09:17:16 Launching orted on Node 3 of 4
...
008 (278660.000.000) 2025-01-24 09:17:16 Launching orted on Node 2 of 4
...
008 (278660.000.000) 2025-01-24 09:17:16 Launching orted on Node 1 of 4
...
008 (278660.000.000) 2025-01-24 09:17:17 orted exited on Node 2 of 4
...
008 (278660.000.000) 2025-01-24 09:17:17 orted exited on Node 1 of 4
...
008 (278660.000.000) 2025-01-24 09:17:17 orted exited on Node 3 of 4
...
008 (278660.000.000) 2025-01-24 09:17:17 orted exited on Node 0 of 4
...
015 (278660.000.002) 2025-01-24 09:17:17 Node 2 terminated.
	(1) Normal termination (return value 0)
		Usr 0 00:00:00, Sys 0 00:00:00  -  Run Remote Usage
		Usr 0 00:00:00, Sys 0 00:00:00  -  Run Local Usage
		Usr 0 00:00:00, Sys 0 00:00:00  -  Total Remote Usage
		Usr 0 00:00:00, Sys 0 00:00:00  -  Total Local Usage
	2165  -  Run Bytes Sent By Node
	33639  -  Run Bytes Received By Node
	2165  -  Total Bytes Sent By Node
	33639  -  Total Bytes Received By Node
...
015 (278660.000.003) 2025-01-24 09:17:17 Node 3 terminated.
	(1) Normal termination (return value 0)
		Usr 0 00:00:00, Sys 0 00:00:00  -  Run Remote Usage
		Usr 0 00:00:00, Sys 0 00:00:00  -  Run Local Usage
		Usr 0 00:00:00, Sys 0 00:00:00  -  Total Remote Usage
		Usr 0 00:00:00, Sys 0 00:00:00  -  Total Local Usage
	2165  -  Run Bytes Sent By Node
	33639  -  Run Bytes Received By Node
	2165  -  Total Bytes Sent By Node
	33639  -  Total Bytes Received By Node
...
015 (278660.000.000) 2025-01-24 09:17:17 Node 0 terminated.
	(1) Normal termination (return value 0)
		Usr 0 00:00:00, Sys 0 00:00:00  -  Run Remote Usage
		Usr 0 00:00:00, Sys 0 00:00:00  -  Run Local Usage
		Usr 0 00:00:00, Sys 0 00:00:00  -  Total Remote Usage
		Usr 0 00:00:00, Sys 0 00:00:00  -  Total Local Usage
	3262  -  Run Bytes Sent By Node
	33639  -  Run Bytes Received By Node
	3262  -  Total Bytes Sent By Node
	33639  -  Total Bytes Received By Node
...
005 (278660.000.000) 2025-01-24 09:17:17 Job terminated.
	(1) Normal termination (return value 0)
		Usr 0 00:00:00, Sys 0 00:00:00  -  Run Remote Usage
		Usr 0 00:00:00, Sys 0 00:00:00  -  Run Local Usage
		Usr 0 00:00:00, Sys 0 00:00:00  -  Total Remote Usage
		Usr 0 00:00:00, Sys 0 00:00:00  -  Total Local Usage
	7592  -  Run Bytes Sent By Job
	134556  -  Run Bytes Received By Job
	7592  -  Total Bytes Sent By Job
	134556  -  Total Bytes Received By Job
	Partitionable Resources :    Usage  Request Allocated 
	   Cpus                 :                 1         2 
	   Disk (KB)            :       49       35 103011620 
	   Memory (MB)          :        0        0    100096 

	Job terminated of its own accord at 2025-01-24T09:17:17Z with exit-code 0.
...
