000 (270861.000.000) 2025-01-22 00:21:45 Job submitted from host: <192.168.0.102:9618?addrs=192.168.0.102-9618&alias=submitter&noUDP&sock=schedd_2032_5c88>
...
001 (270861.000.000) 2025-01-22 00:22:05 Job executing on host: <192.168.0.147:9618?addrs=192.168.0.147-9618&alias=node147.di.rm1&noUDP&sock=startd_1513_5ee1>
...
006 (270861.000.000) 2025-01-22 00:22:13 Image size of job updated: 1285356
	457  -  MemoryUsage of job (MB)
	467016  -  ResidentSetSize of job (KB)
...
006 (270861.000.000) 2025-01-22 00:22:46 Image size of job updated: 2847840
	458  -  MemoryUsage of job (MB)
	468864  -  ResidentSetSize of job (KB)
...
004 (270861.000.000) 2025-01-22 00:22:46 Job was evicted.
	(0) CPU times
		Usr 0 00:00:40, Sys 0 00:00:00  -  Run Remote Usage
		Usr 0 00:00:00, Sys 0 00:00:00  -  Run Local Usage
	0  -  Run Bytes Sent By Job
	0  -  Run Bytes Received By Job
	Partitionable Resources :    Usage  Request Allocated 
	   Cpus                 :                 1         1 
	   Disk (KB)            :       27       27    469805 
	   Memory (MB)          :      458        1       128 
...
009 (270861.000.000) 2025-01-22 00:22:46 Job was aborted.
	via condor_rm (by user calzona_2046920)
...
000 (277015.000.000) 2025-01-24 05:39:53 Job submitted from host: <192.168.0.102:9618?addrs=192.168.0.102-9618&alias=submitter&noUDP&sock=schedd_2032_5c88>
...
001 (277015.000.000) 2025-01-24 05:39:55 Job executing on host: <192.168.0.149:9618?addrs=192.168.0.149-9618&alias=node149.di.rm1&noUDP&sock=startd_1551_6f7a>
...
006 (277015.000.000) 2025-01-24 05:40:04 Image size of job updated: 1340004
	511  -  MemoryUsage of job (MB)
	522324  -  ResidentSetSize of job (KB)
...
006 (277015.000.000) 2025-01-24 05:41:55 Image size of job updated: 6771144
	511  -  MemoryUsage of job (MB)
	522456  -  ResidentSetSize of job (KB)
...
004 (277015.000.000) 2025-01-24 05:41:55 Job was evicted.
	(0) CPU times
		Usr 0 00:01:57, Sys 0 00:00:02  -  Run Remote Usage
		Usr 0 00:00:00, Sys 0 00:00:00  -  Run Local Usage
	0  -  Run Bytes Sent By Job
	0  -  Run Bytes Received By Job
	Partitionable Resources :    Usage  Request Allocated 
	   Cpus                 :                 1         1 
	   Disk (KB)            :       27       27    471944 
	   Memory (MB)          :      511        1       128 
...
009 (277015.000.000) 2025-01-24 05:41:55 Job was aborted.
	via condor_rm (by user calzona_2046920)
...
