000 (271432.000.000) 2025-01-22 01:01:26 Job submitted from host: <192.168.0.102:9618?addrs=192.168.0.102-9618&alias=submitter&noUDP&sock=schedd_2032_5c88>
...
001 (271432.000.000) 2025-01-22 01:01:46 Job executing on host: <192.168.0.120:9618?addrs=192.168.0.120-9618&alias=node120.di.rm1&noUDP&sock=startd_2096_4298>
...
006 (271432.000.000) 2025-01-22 01:01:54 Image size of job updated: 397716
	389  -  MemoryUsage of job (MB)
	397716  -  ResidentSetSize of job (KB)
...
006 (271432.000.000) 2025-01-22 01:02:28 Image size of job updated: 1985280
	389  -  MemoryUsage of job (MB)
	397980  -  ResidentSetSize of job (KB)
...
004 (271432.000.000) 2025-01-22 01:02:28 Job was evicted.
	(0) CPU times
		Usr 0 00:00:40, Sys 0 00:00:00  -  Run Remote Usage
		Usr 0 00:00:00, Sys 0 00:00:00  -  Run Local Usage
	0  -  Run Bytes Sent By Job
	0  -  Run Bytes Received By Job
	Partitionable Resources :    Usage  Request Allocated 
	   Cpus                 :                 1         1 
	   Disk (KB)            :       27       27    459052 
	   Gpus (Average)       :                 0         0 
	   Memory (MB)          :      389        1       128 
...
009 (271432.000.000) 2025-01-22 01:02:28 Job was aborted.
	via condor_rm (by user calzona_2046920)
...
000 (277586.000.000) 2025-01-24 06:42:52 Job submitted from host: <192.168.0.102:9618?addrs=192.168.0.102-9618&alias=submitter&noUDP&sock=schedd_2032_5c88>
...
001 (277586.000.000) 2025-01-24 06:43:03 Job executing on host: <192.168.0.124:9618?addrs=192.168.0.124-9618&alias=node124.di.rm1&noUDP&sock=startd_2143_7f8b>
...
006 (277586.000.000) 2025-01-24 06:43:12 Image size of job updated: 449136
	437  -  MemoryUsage of job (MB)
	446760  -  ResidentSetSize of job (KB)
...
006 (277586.000.000) 2025-01-24 06:44:54 Image size of job updated: 5280600
	437  -  MemoryUsage of job (MB)
	446760  -  ResidentSetSize of job (KB)
...
004 (277586.000.000) 2025-01-24 06:44:54 Job was evicted.
	(0) CPU times
		Usr 0 00:01:48, Sys 0 00:00:02  -  Run Remote Usage
		Usr 0 00:00:00, Sys 0 00:00:00  -  Run Local Usage
	0  -  Run Bytes Sent By Job
	0  -  Run Bytes Received By Job
	Partitionable Resources :    Usage  Request Allocated 
	   Cpus                 :     1.00        1         1 
	   Disk (KB)            :    27          27    499302 
	   Gpus (Average)       :                 0         0 
	   Memory (MB)          :   437           1       128 
...
009 (277586.000.000) 2025-01-24 06:44:54 Job was aborted.
	via condor_rm (by user calzona_2046920)
...
