000 (289909.000.000) 2025-01-29 11:54:33 Job submitted from host: <192.168.0.102:9618?addrs=192.168.0.102-9618&alias=submitter&noUDP&sock=schedd_2032_5c88>
...
014 (289909.000.001) 2025-01-29 11:54:36 Node 1 executing on host: <192.168.0.130:9618?addrs=192.168.0.130-9618&alias=node130.di.rm1&noUDP&sock=startd_2751195_838e>
...
014 (289909.000.000) 2025-01-29 11:54:36 Node 0 executing on host: <192.168.0.134:9618?addrs=192.168.0.134-9618&alias=node134.di.rm1&noUDP&sock=startd_2073_7bea>
...
014 (289909.000.002) 2025-01-29 11:54:36 Node 2 executing on host: <192.168.0.123:9618?addrs=192.168.0.123-9618&alias=node123.di.rm1&noUDP&sock=startd_2149_9d1d>
...
014 (289909.000.003) 2025-01-29 11:54:36 Node 3 executing on host: <192.168.0.123:9618?addrs=192.168.0.123-9618&alias=node123.di.rm1&noUDP&sock=startd_2149_9d1d>
...
001 (289909.000.000) 2025-01-29 11:54:36 Job executing on host: MPI_job
...
008 (289909.000.000) 2025-01-29 11:54:38 Launching orted on Node 1 of 4
...
008 (289909.000.000) 2025-01-29 11:54:38 Launching orted on Node 0 of 4
...
008 (289909.000.000) 2025-01-29 11:54:38 Launching orted on Node 3 of 4
...
008 (289909.000.000) 2025-01-29 11:54:38 Launching orted on Node 2 of 4
...
008 (289909.000.000) 2025-01-29 11:54:39 orted exited on Node 1 of 4
...
008 (289909.000.000) 2025-01-29 11:54:39 orted exited on Node 2 of 4
...
008 (289909.000.000) 2025-01-29 11:54:39 orted exited on Node 0 of 4
...
008 (289909.000.000) 2025-01-29 11:54:39 orted exited on Node 3 of 4
...
015 (289909.000.001) 2025-01-29 11:54:39 Node 1 terminated.
	(1) Normal termination (return value 0)
		Usr 0 00:00:01, Sys 0 00:00:01  -  Run Remote Usage
		Usr 0 00:00:00, Sys 0 00:00:00  -  Run Local Usage
		Usr 0 00:00:01, Sys 0 00:00:01  -  Total Remote Usage
		Usr 0 00:00:00, Sys 0 00:00:00  -  Total Local Usage
	2341  -  Run Bytes Sent By Node
	33791  -  Run Bytes Received By Node
	2341  -  Total Bytes Sent By Node
	33791  -  Total Bytes Received By Node
...
015 (289909.000.000) 2025-01-29 11:54:39 Node 0 terminated.
	(1) Normal termination (return value 0)
		Usr 0 00:00:00, Sys 0 00:00:00  -  Run Remote Usage
		Usr 0 00:00:00, Sys 0 00:00:00  -  Run Local Usage
		Usr 0 00:00:00, Sys 0 00:00:00  -  Total Remote Usage
		Usr 0 00:00:00, Sys 0 00:00:00  -  Total Local Usage
	3437  -  Run Bytes Sent By Node
	33791  -  Run Bytes Received By Node
	3437  -  Total Bytes Sent By Node
	33791  -  Total Bytes Received By Node
...
005 (289909.000.000) 2025-01-29 11:54:39 Job terminated.
	(1) Normal termination (return value 0)
		Usr 0 00:00:02, Sys 0 00:00:03  -  Run Remote Usage
		Usr 0 00:00:00, Sys 0 00:00:00  -  Run Local Usage
		Usr 0 00:00:00, Sys 0 00:00:00  -  Total Remote Usage
		Usr 0 00:00:00, Sys 0 00:00:00  -  Total Local Usage
	5778  -  Run Bytes Sent By Job
	135164  -  Run Bytes Received By Job
	5778  -  Total Bytes Sent By Job
	135164  -  Total Bytes Received By Job
	Partitionable Resources :    Usage  Request Allocated 
	   Cpus                 :                 8         8 
	   Disk (KB)            :       51       35    474253 
	   Memory (MB)          :        0        0       128 

	Job terminated of its own accord at 2025-01-29T11:54:39Z with exit-code 0.
...
