000 (270678.000.000) 2025-01-22 00:10:17 Job submitted from host: <192.168.0.102:9618?addrs=192.168.0.102-9618&alias=submitter&noUDP&sock=schedd_2032_5c88>
...
001 (270678.000.000) 2025-01-22 00:10:21 Job executing on host: <192.168.0.120:9618?addrs=192.168.0.120-9618&alias=node120.di.rm1&noUDP&sock=startd_2096_4298>
...
006 (270678.000.000) 2025-01-22 00:10:31 Image size of job updated: 486684
	476  -  MemoryUsage of job (MB)
	486684  -  ResidentSetSize of job (KB)
...
006 (270678.000.000) 2025-01-22 00:11:20 Image size of job updated: 3208068
	477  -  MemoryUsage of job (MB)
	487476  -  ResidentSetSize of job (KB)
...
004 (270678.000.000) 2025-01-22 00:11:20 Job was evicted.
	(0) CPU times
		Usr 0 00:00:55, Sys 0 00:00:01  -  Run Remote Usage
		Usr 0 00:00:00, Sys 0 00:00:00  -  Run Local Usage
	0  -  Run Bytes Sent By Job
	0  -  Run Bytes Received By Job
	Partitionable Resources :    Usage  Request Allocated 
	   Cpus                 :                 1         1 
	   Disk (KB)            :       27       27    459052 
	   Gpus (Average)       :                 0         0 
	   Memory (MB)          :      477        1       128 
...
009 (270678.000.000) 2025-01-22 00:11:20 Job was aborted.
	via condor_rm (by user calzona_2046920)
...
000 (276832.000.000) 2025-01-24 05:22:59 Job submitted from host: <192.168.0.102:9618?addrs=192.168.0.102-9618&alias=submitter&noUDP&sock=schedd_2032_5c88>
...
001 (276832.000.000) 2025-01-24 05:22:59 Job executing on host: <192.168.0.147:9618?addrs=192.168.0.147-9618&alias=node147.di.rm1&noUDP&sock=startd_1513_5ee1>
...
006 (276832.000.000) 2025-01-24 05:23:08 Image size of job updated: 1342512
	439  -  MemoryUsage of job (MB)
	449064  -  ResidentSetSize of job (KB)
...
006 (276832.000.000) 2025-01-24 05:25:01 Image size of job updated: 6729300
	439  -  MemoryUsage of job (MB)
	449064  -  ResidentSetSize of job (KB)
...
004 (276832.000.000) 2025-01-24 05:25:01 Job was evicted.
	(0) CPU times
		Usr 0 00:01:57, Sys 0 00:00:02  -  Run Remote Usage
		Usr 0 00:00:00, Sys 0 00:00:00  -  Run Local Usage
	0  -  Run Bytes Sent By Job
	0  -  Run Bytes Received By Job
	Partitionable Resources :    Usage  Request Allocated 
	   Cpus                 :                 1         1 
	   Disk (KB)            :       27       27    469805 
	   Memory (MB)          :      439        1       128 
...
009 (276832.000.000) 2025-01-24 05:25:01 Job was aborted.
	via condor_rm (by user calzona_2046920)
...
