000 (281957.000.000) 2025-01-26 15:28:39 Job submitted from host: <192.168.0.102:9618?addrs=192.168.0.102-9618&alias=submitter&noUDP&sock=schedd_2032_5c88>
...
014 (281957.000.000) 2025-01-26 15:28:43 Node 0 executing on host: <192.168.0.142:9618?addrs=192.168.0.142-9618&alias=node142.di.rm1&noUDP&sock=startd_1996_ab1f>
...
014 (281957.000.001) 2025-01-26 15:28:43 Node 1 executing on host: <192.168.0.145:9618?addrs=192.168.0.145-9618&alias=node145.di.rm1&noUDP&sock=startd_1869_8e98>
...
001 (281957.000.000) 2025-01-26 15:28:43 Job executing on host: MPI_job
...
008 (281957.000.000) 2025-01-26 15:28:46 Launching orted on Node 0 of 2
...
008 (281957.000.000) 2025-01-26 15:28:46 Launching orted on Node 1 of 2
...
008 (281957.000.000) 2025-01-26 15:28:47 orted exited on Node 1 of 2
...
008 (281957.000.000) 2025-01-26 15:28:47 orted exited on Node 0 of 2
...
015 (281957.000.001) 2025-01-26 15:28:47 Node 1 terminated.
	(1) Normal termination (return value 0)
		Usr 0 00:00:00, Sys 0 00:00:00  -  Run Remote Usage
		Usr 0 00:00:00, Sys 0 00:00:00  -  Run Local Usage
		Usr 0 00:00:00, Sys 0 00:00:00  -  Total Remote Usage
		Usr 0 00:00:00, Sys 0 00:00:00  -  Total Local Usage
	2165  -  Run Bytes Sent By Node
	33711  -  Run Bytes Received By Node
	2165  -  Total Bytes Sent By Node
	33711  -  Total Bytes Received By Node
...
015 (281957.000.000) 2025-01-26 15:28:47 Node 0 terminated.
	(1) Normal termination (return value 0)
		Usr 0 00:00:00, Sys 0 00:00:00  -  Run Remote Usage
		Usr 0 00:00:00, Sys 0 00:00:00  -  Run Local Usage
		Usr 0 00:00:00, Sys 0 00:00:00  -  Total Remote Usage
		Usr 0 00:00:00, Sys 0 00:00:00  -  Total Local Usage
	3258  -  Run Bytes Sent By Node
	33711  -  Run Bytes Received By Node
	3258  -  Total Bytes Sent By Node
	33711  -  Total Bytes Received By Node
...
005 (281957.000.000) 2025-01-26 15:28:48 Job terminated.
	(1) Normal termination (return value 0)
		Usr 0 00:00:00, Sys 0 00:00:00  -  Run Remote Usage
		Usr 0 00:00:00, Sys 0 00:00:00  -  Run Local Usage
		Usr 0 00:00:00, Sys 0 00:00:00  -  Total Remote Usage
		Usr 0 00:00:00, Sys 0 00:00:00  -  Total Local Usage
	5423  -  Run Bytes Sent By Job
	67422  -  Run Bytes Received By Job
	5423  -  Total Bytes Sent By Job
	67422  -  Total Bytes Received By Job
	Partitionable Resources :    Usage  Request Allocated 
	   Cpus                 :                 1         1 
	   Disk (KB)            :       49       35    459874 
	   Memory (MB)          :        0        1     53248 

	Job terminated of its own accord at 2025-01-26T15:28:47Z with exit-code 0.
...
000 (288793.000.000) 2025-01-28 21:05:21 Job submitted from host: <192.168.0.102:9618?addrs=192.168.0.102-9618&alias=submitter&noUDP&sock=schedd_2032_5c88>
...
014 (288793.000.001) 2025-01-28 21:05:28 Node 1 executing on host: <192.168.0.120:9618?addrs=192.168.0.120-9618&alias=node120.di.rm1&noUDP&sock=startd_2096_4298>
...
014 (288793.000.000) 2025-01-28 21:05:28 Node 0 executing on host: <192.168.0.145:9618?addrs=192.168.0.145-9618&alias=node145.di.rm1&noUDP&sock=startd_1869_8e98>
...
001 (288793.000.000) 2025-01-28 21:05:28 Job executing on host: MPI_job
...
008 (288793.000.000) 2025-01-28 21:05:30 Launching orted on Node 1 of 2
...
008 (288793.000.000) 2025-01-28 21:05:30 Launching orted on Node 0 of 2
...
008 (288793.000.000) 2025-01-28 21:05:31 orted exited on Node 1 of 2
...
008 (288793.000.000) 2025-01-28 21:05:31 orted exited on Node 0 of 2
...
015 (288793.000.001) 2025-01-28 21:05:31 Node 1 terminated.
	(1) Normal termination (return value 0)
		Usr 0 00:00:00, Sys 0 00:00:00  -  Run Remote Usage
		Usr 0 00:00:00, Sys 0 00:00:00  -  Run Local Usage
		Usr 0 00:00:00, Sys 0 00:00:00  -  Total Remote Usage
		Usr 0 00:00:00, Sys 0 00:00:00  -  Total Local Usage
	2187  -  Run Bytes Sent By Node
	33711  -  Run Bytes Received By Node
	2187  -  Total Bytes Sent By Node
	33711  -  Total Bytes Received By Node
...
015 (288793.000.000) 2025-01-28 21:05:31 Node 0 terminated.
	(1) Normal termination (return value 0)
		Usr 0 00:00:01, Sys 0 00:00:00  -  Run Remote Usage
		Usr 0 00:00:00, Sys 0 00:00:00  -  Run Local Usage
		Usr 0 00:00:01, Sys 0 00:00:00  -  Total Remote Usage
		Usr 0 00:00:00, Sys 0 00:00:00  -  Total Local Usage
	3254  -  Run Bytes Sent By Node
	33711  -  Run Bytes Received By Node
	3254  -  Total Bytes Sent By Node
	33711  -  Total Bytes Received By Node
...
005 (288793.000.000) 2025-01-28 21:05:31 Job terminated.
	(1) Normal termination (return value 0)
		Usr 0 00:00:01, Sys 0 00:00:00  -  Run Remote Usage
		Usr 0 00:00:00, Sys 0 00:00:00  -  Run Local Usage
		Usr 0 00:00:01, Sys 0 00:00:00  -  Total Remote Usage
		Usr 0 00:00:00, Sys 0 00:00:00  -  Total Local Usage
	5441  -  Run Bytes Sent By Job
	67422  -  Run Bytes Received By Job
	5441  -  Total Bytes Sent By Job
	67422  -  Total Bytes Received By Job
	Partitionable Resources :    Usage  Request Allocated 
	   Cpus                 :                 1         2 
	   Disk (KB)            :       50       35 102711052 
	   Memory (MB)          :        0        0    100096 

	Job terminated of its own accord at 2025-01-28T21:05:31Z with exit-code 0.
...
