000 (262662.000.000) 2025-01-17 11:14:17 Job submitted from host: <192.168.0.102:9618?addrs=192.168.0.102-9618&alias=submitter&noUDP&sock=schedd_2032_5c88>
...
001 (262662.000.000) 2025-01-17 11:14:34 Job executing on host: <192.168.0.113:9618?addrs=192.168.0.113-9618&alias=node113.di.rm1&noUDP&sock=startd_3668932_c305>
...
006 (262662.000.000) 2025-01-17 11:14:43 Image size of job updated: 1749064
	752  -  MemoryUsage of job (MB)
	769032  -  ResidentSetSize of job (KB)
...
006 (262662.000.000) 2025-01-17 11:19:43 Image size of job updated: 19337060
	18878  -  MemoryUsage of job (MB)
	19330552  -  ResidentSetSize of job (KB)
...
004 (262662.000.000) 2025-01-17 11:20:12 Job was evicted.
	(0) CPU times
		Usr 0 00:05:28, Sys 0 00:00:08  -  Run Remote Usage
		Usr 0 00:00:00, Sys 0 00:00:00  -  Run Local Usage
	0  -  Run Bytes Sent By Job
	0  -  Run Bytes Received By Job
	Partitionable Resources :    Usage  Request Allocated 
	   Cpus                 :     1.00        1         1 
	   Disk (KB)            :    27          27    459754 
	   Gpus (Average)       :                 0         0 
	   Memory (MB)          : 18878           1       128 
...
009 (262662.000.000) 2025-01-17 11:20:12 Job was aborted.
	via condor_rm (by user calzona_2046920)
...
